This script was generated by crab (version 2.10.5_patch1).
Running /home/cms040/home_cream_284552487/CREAM284552487/glide_PaMJaL/execute/dir_3882/condor_exec.exe with 2 positional parameters: 5 1
Today is Tue Jun 17 23:14:58 CEST 2014 - Tue Jun 17 21:14:58 UTC 2014
Job submitted on host alicegrid98.ba.infn.it
Linux alicegrid98.ba.infn.it 2.6.32-358.23.2.el6.x86_64 #1 SMP Thu Oct 17 10:27:22 CEST 2013 x86_64 x86_64 x86_64 GNU/Linux
>>> current directory (RUNTIME_AREA): /home/cms040/home_cream_284552487/CREAM284552487/glide_PaMJaL/execute/dir_3882
>>> current user: uid=18598(cms040) gid=1399(cms) groups=1399(cms)
>>> directory permission set to 0700
>>> umask set to:  u=rwx,g=,o=
>>> stdout stderr permission set to 0704
>>> voms proxy information:
subject   : /C=IT/O=INFN/OU=Personal Certificate/L=Bari/CN=Cesare Calabria/CN=477126703/CN=322576890
issuer    : /C=IT/O=INFN/OU=Personal Certificate/L=Bari/CN=Cesare Calabria/CN=477126703
identity  : /C=IT/O=INFN/OU=Personal Certificate/L=Bari/CN=Cesare Calabria
type      : RFC3820 compliant limited proxy
strength  : 1024
path      : /home/cms040/home_cream_284552487/CREAM284552487/glide_PaMJaL/execute/dir_3882/x509up_u50707
timeleft  : 23:58:46
key usage : Digital Signature, Key Encipherment, Data Encipherment
=== VO cms extension information ===
VO        : cms
subject   : /C=IT/O=INFN/OU=Personal Certificate/L=Bari/CN=Cesare Calabria
issuer    : /DC=ch/DC=cern/OU=computers/CN=voms.cern.ch
attribute : /cms/Role=NULL/Capability=NULL
attribute : /cms/itcms/Role=NULL/Capability=NULL
timeleft  : 156:09:16
uri       : voms.cern.ch:15002

WNHostName=alicegrid98.ba.infn.it
>>> tar --no-same-permissions -xf /home/cms040/home_cream_284552487/CREAM284552487/glide_PaMJaL/execute/dir_3882/default.tgz :
Successful untar
>>> Include /home/cms040/home_cream_284552487/CREAM284552487/glide_PaMJaL/execute/dir_3882 in PYTHONPATH:
strip arguments
env var CRAB_UNIQUE_JOB_ID set to: calabria_MuMinus1000_Case1_ReReco_a18y2p_5_1_O4s
out_files_5
>>> list of expected files on output sandbox
output files: crab_fjr_5.xml CMSSW_5.stdout CMSSW_5.stderr Watchdog_5.log.gz
>>> GridFlavour discovery: 
GridFlavour=LCG
>>> SyncSite discovery: 
SyncSite=T2_IT_Bari
>>> SyncCE discovery: 
getting SyncCE from CE_ID
SyncCE=cream-ce-2.ba.infn.it:8443/cream-pbs-cms
>>> info for dashboard:
***** Cat /home/cms040/home_cream_284552487/CREAM284552487/glide_PaMJaL/execute/dir_3882/jobreport.txt *****
WNHostName=alicegrid98.ba.infn.it
MonitorJobID=5_https://submit-4.t2.ucsd.edu//140616//222476.4
SyncGridJobId=https://submit-4.t2.ucsd.edu//140616//222476.4
MonitorID=calabria_MuMinus1000_Case1_ReReco_a18y2p
GridFlavour=LCG
SyncSite=T2_IT_Bari
SyncCE=cream-ce-2.ba.infn.it:8443/cream-pbs-cms
***** End Cat jobreport *****
Parameters sent to Dashboard.
>>> setup environment
set SCRAM ARCH to slc5_amd64_gcc472
SCRAM_ARCH = slc5_amd64_gcc472
>>> setup CMS LCG environment:
set SCRAM ARCH and BUILD_ARCH to slc5_amd64_gcc472 ###
Sourcing environment... 
sourcing /cvmfs/cms.cern.ch/cmsset_default.sh
==> setup cms environment ok
>>> specific cmssw setup environment:
CMSSW_VERSION =  CMSSW_6_2_0_SLHC12
>>> current directory (SOFTWARE_DIR): /home/cms040/home_cream_284552487/CREAM284552487/glide_PaMJaL/execute/dir_3882/CMSSW_6_2_0_SLHC12
PreserveSeeds: <>
IncrementSeeds:<>
>>> info for dashboard:
***** Cat /home/cms040/home_cream_284552487/CREAM284552487/glide_PaMJaL/execute/dir_3882/jobreport.txt *****
MonitorJobID=5_https://submit-4.t2.ucsd.edu//140616//222476.4
MonitorID=calabria_MuMinus1000_Case1_ReReco_a18y2p
***** End Cat jobreport *****
Parameters sent to Dashboard.
crabWatchdog started as process 4565
>>> moving CMSSW software directories in /home/cms040/home_cream_284552487/CREAM284552487/glide_PaMJaL/execute/dir_3882/CMSSW_6_2_0_SLHC12
mv: cannot stat `/home/cms040/home_cream_284552487/CREAM284552487/glide_PaMJaL/execute/dir_3882/module/': No such file or directory
>>> Include /home/cms040/home_cream_284552487/CREAM284552487/glide_PaMJaL/execute/dir_3882 in PYTHONPATH:
PYTHONPATH=/home/cms040/home_cream_284552487/CREAM284552487/glide_PaMJaL/execute/dir_3882/:/home/cms040/home_cream_284552487/CREAM284552487/glide_PaMJaL/execute/dir_3882/CMSSW_6_2_0_SLHC12/python:/home/cms040/home_cream_284552487/CREAM284552487/glide_PaMJaL/execute/dir_3882/CMSSW_6_2_0_SLHC12/lib/slc5_amd64_gcc472:/cvmfs/cms.cern.ch/slc5_amd64_gcc472/cms/cmssw/CMSSW_6_2_0_SLHC12/python:/cvmfs/cms.cern.ch/slc5_amd64_gcc472/cms/cmssw/CMSSW_6_2_0_SLHC12/lib/slc5_amd64_gcc472:/cvmfs/cms.cern.ch/slc5_amd64_gcc472/cms/coral/CORAL_2_3_21-cms36/slc5_amd64_gcc472/python:/cvmfs/cms.cern.ch/slc5_amd64_gcc472/cms/coral/CORAL_2_3_21-cms36/slc5_amd64_gcc472/lib:/cvmfs/cms.cern.ch/slc5_amd64_gcc472/external/pyqt/4.8.1-cms6/lib/python2.7/site-packages:/cvmfs/cms.cern.ch/slc5_amd64_gcc472/external/py2-scipy/0.8.0-cms8/lib/python2.7/site-packages:/cvmfs/cms.cern.ch/slc5_amd64_gcc472/external/py2-matplotlib/1.0.1-cms8/lib/python2.7/site-packages:/cvmfs/cms.cern.ch/slc5_amd64_gcc472/external/python-ldap/2.3.5-cms6/lib/python2.7/site-packages:/cvmfs/cms.cern.ch/slc5_amd64_gcc472/external/sip/4.11.2-cms6/lib/python2.7/site-packages:/cvmfs/cms.cern.ch/slc5_amd64_gcc472/external/py2-pycurl/7.19.0-cms8/lib/python2.7/site-packages:/cvmfs/cms.cern.ch/slc5_amd64_gcc472/external/py2-numpy/1.6.1-cms8/lib/python2.7/site-packages:/cvmfs/cms.cern.ch/slc5_amd64_gcc472/external/py2-lint/0.25.1-cms6/lib/python2.7/site-packages:/cvmfs/cms.cern.ch/slc5_amd64_gcc472/external/py2-ipython/0.10-cms6/lib/python2.7/site-packages:/cvmfs/cms.cern.ch/slc5_amd64_gcc472/external/py2-cx-oracle/5.1-cms7/lib/python2.7/site-packages:/cvmfs/cms.cern.ch/slc5_amd64_gcc472/external/py2-cjson/1.0.5-cms6/lib/python2.7/site-packages:/cvmfs/cms.cern.ch/slc5_amd64_gcc472/cms/das-client/1.11.7/bin:/cvmfs/cms.cern.ch/slc5_amd64_gcc472/external/elementtree/1.2.6-cms6/share/lib/python2.7/site-packages:/cvmfs/cms.cern.ch/slc5_amd64_gcc472/external/rivet/1.8.2-cms8/lib/python2.7/site-packages:/cvmfs/cms.cern.ch/slc5_amd64_gcc472/external/pyminuit2/0.0.1-cms19/lib/python2.7/site-packages:/cvmfs/cms.cern.ch/slc5_amd64_gcc472/external/py2-pygithub/1.23.0/lib/python2.7/site-packages:/cvmfs/cms.cern.ch/slc5_amd64_gcc472/external/professor/1.0.0-cms19/lib/python2.7/site-packages:/cvmfs/cms.cern.ch/slc5_amd64_gcc472/lcg/root/5.34.07-cms/lib:/cvmfs/cms.cern.ch/slc5_amd64_gcc472/cms/dbs-client/DBS_2_1_9-cms5/lib:/cvmfs/cms.cern.ch/slc5_amd64_gcc472/cms/dbs-client/DBS_2_1_9-cms5/lib/DBSAPI:/cvmfs/cms.cern.ch/slc5_amd64_gcc472/external/cvs2git/5419-cms/lib:/home/cms040/home_cream_284552487/CREAM284552487/glide_PaMJaL/execute/dir_3882/
 
# LIMITS USED BY CRAB WATCHDOG:
# RSS  (KBytes)   : 2300000
# VSZ  (KBytes)   : 100000000
# DISK (MBytes)   : 19000
# CPU TIME        : 720h:0m:0s
# WALL CLOCK TIME : 21h:50m:0s
 
5854dd31cbd3cdec44c48628cc181cf0
PSETHASH = 5854dd31cbd3cdec44c48628cc181cf0
/home/cms040/home_cream_284552487/CREAM284552487/glide_PaMJaL/execute/dir_3882/writeCfg.py pset.py pset.py
Importing .py file
Setting parameters
RandomNumberGeneratorService found, will attempt to change seeds
inputBlocks=/calabria_SingleMuPt1000_GEN-SIM-DIGI-RECO_CMSSW_6_2_0_SLHC12_2023Scenario_Case1/calabria-calabria_SingleMuPt1000_GEN-SIM-DIGI-RECO_CMSSW_6_2_0_SLHC12_2023Scenario_Case1-fa5ffd20b461790f8466430606d05ce8/USER#21ff40e4-8e60-4967-9f13-befa18759774
inputFiles=/store/user/calabria/calabria_SingleMuPt1000_GEN-SIM-DIGI-RECO_CMSSW_6_2_0_SLHC12_2023Scenario_Case1/calabria_SingleMuPt1000_GEN-SIM-DIGI-RECO_CMSSW_6_2_0_SLHC12_2023Scenario_Case1/fa5ffd20b461790f8466430606d05ce8/out_reco_257_1_Du7.root;/store/user/calabria/calabria_SingleMuPt1000_GEN-SIM-DIGI-RECO_CMSSW_6_2_0_SLHC12_2023Scenario_Case1/calabria_SingleMuPt1000_GEN-SIM-DIGI-RECO_CMSSW_6_2_0_SLHC12_2023Scenario_Case1/fa5ffd20b461790f8466430606d05ce8/out_reco_258_1_Vlv.root;/store/user/calabria/calabria_SingleMuPt1000_GEN-SIM-DIGI-RECO_CMSSW_6_2_0_SLHC12_2023Scenario_Case1/calabria_SingleMuPt1000_GEN-SIM-DIGI-RECO_CMSSW_6_2_0_SLHC12_2023Scenario_Case1/fa5ffd20b461790f8466430606d05ce8/out_reco_259_1_Vsy.root;/store/user/calabria/calabria_SingleMuPt1000_GEN-SIM-DIGI-RECO_CMSSW_6_2_0_SLHC12_2023Scenario_Case1/calabria_SingleMuPt1000_GEN-SIM-DIGI-RECO_CMSSW_6_2_0_SLHC12_2023Scenario_Case1/fa5ffd20b461790f8466430606d05ce8/out_reco_261_2_enZ.root;/store/user/calabria/calabria_SingleMuPt1000_GEN-SIM-DIGI-RECO_CMSSW_6_2_0_SLHC12_2023Scenario_Case1/calabria_SingleMuPt1000_GEN-SIM-DIGI-RECO_CMSSW_6_2_0_SLHC12_2023Scenario_Case1/fa5ffd20b461790f8466430606d05ce8/out_reco_264_2_7Yq.root;/store/user/calabria/calabria_SingleMuPt1000_GEN-SIM-DIGI-RECO_CMSSW_6_2_0_SLHC12_2023Scenario_Case1/calabria_SingleMuPt1000_GEN-SIM-DIGI-RECO_CMSSW_6_2_0_SLHC12_2023Scenario_Case1/fa5ffd20b461790f8466430606d05ce8/out_reco_265_2_JcK.root;/store/user/calabria/calabria_SingleMuPt1000_GEN-SIM-DIGI-RECO_CMSSW_6_2_0_SLHC12_2023Scenario_Case1/calabria_SingleMuPt1000_GEN-SIM-DIGI-RECO_CMSSW_6_2_0_SLHC12_2023Scenario_Case1/fa5ffd20b461790f8466430606d05ce8/out_reco_267_2_CMG.root;/store/user/calabria/calabria_SingleMuPt1000_GEN-SIM-DIGI-RECO_CMSSW_6_2_0_SLHC12_2023Scenario_Case1/calabria_SingleMuPt1000_GEN-SIM-DIGI-RECO_CMSSW_6_2_0_SLHC12_2023Scenario_Case1/fa5ffd20b461790f8466430606d05ce8/out_reco_268_2_EAn.root;/store/user/calabria/calabria_SingleMuPt1000_GEN-SIM-DIGI-RECO_CMSSW_6_2_0_SLHC12_2023Scenario_Case1/calabria_SingleMuPt1000_GEN-SIM-DIGI-RECO_CMSSW_6_2_0_SLHC12_2023Scenario_Case1/fa5ffd20b461790f8466430606d05ce8/out_reco_269_1_9Rb.root;/store/user/calabria/calabria_SingleMuPt1000_GEN-SIM-DIGI-RECO_CMSSW_6_2_0_SLHC12_2023Scenario_Case1/calabria_SingleMuPt1000_GEN-SIM-DIGI-RECO_CMSSW_6_2_0_SLHC12_2023Scenario_Case1/fa5ffd20b461790f8466430606d05ce8/out_reco_270_1_NAu.root
parentFiles=
lumisRange=
>>> Executable cmsRun
/cvmfs/cms.cern.ch/slc5_amd64_gcc472/cms/cmssw/CMSSW_6_2_0_SLHC12/bin/slc5_amd64_gcc472/cmsRun
ok executable found
>>> info for dashboard:
***** Cat /home/cms040/home_cream_284552487/CREAM284552487/glide_PaMJaL/execute/dir_3882/jobreport.txt *****
MonitorJobID=5_https://submit-4.t2.ucsd.edu//140616//222476.4
MonitorID=calabria_MuMinus1000_Case1_ReReco_a18y2p
ExeStart=cmsRun
***** End Cat jobreport *****
Parameters sent to Dashboard.
>>> cmsRun started at Tue Jun 17 21:15:27 UTC 2014
>>> cmsRun ended at Tue Jun 17 21:23:13 UTC 2014
>>> crab_fjr_*.xml  permission set to 0704
>>> info for dashboard:
***** Cat /home/cms040/home_cream_284552487/CREAM284552487/glide_PaMJaL/execute/dir_3882/jobreport.txt *****
MonitorJobID=5_https://submit-4.t2.ucsd.edu//140616//222476.4
MonitorID=calabria_MuMinus1000_Case1_ReReco_a18y2p
ExeEnd=cmsRun
***** End Cat jobreport *****
Parameters sent to Dashboard.
TIME_EXE = 466 sec
>>> cmsRun wrote 50 lines of stdout+stderr
>>> START OF printout of 50 lines from stdout+stderr
271 DQMStore::DQMStore 
HcalTopologyIdealEP::HcalTopologyIdealEP
17-Jun-2014 23:15:44 CEST  Initiating request to open file file:/lustre/cms//store/user/calabria/calabria_SingleMuPt1000_GEN-SIM-DIGI-RECO_CMSSW_6_2_0_SLHC12_2023Scenario_Case1/calabria_SingleMuPt1000_GEN-SIM-DIGI-RECO_CMSSW_6_2_0_SLHC12_2023Scenario_Case1/fa5ffd20b461790f8466430606d05ce8/out_reco_257_1_Du7.root
17-Jun-2014 23:15:47 CEST  Successfully opened file file:/lustre/cms//store/user/calabria/calabria_SingleMuPt1000_GEN-SIM-DIGI-RECO_CMSSW_6_2_0_SLHC12_2023Scenario_Case1/calabria_SingleMuPt1000_GEN-SIM-DIGI-RECO_CMSSW_6_2_0_SLHC12_2023Scenario_Case1/fa5ffd20b461790f8466430606d05ce8/out_reco_257_1_Du7.root
17-Jun-2014 23:16:29 CEST  Closed file file:/lustre/cms//store/user/calabria/calabria_SingleMuPt1000_GEN-SIM-DIGI-RECO_CMSSW_6_2_0_SLHC12_2023Scenario_Case1/calabria_SingleMuPt1000_GEN-SIM-DIGI-RECO_CMSSW_6_2_0_SLHC12_2023Scenario_Case1/fa5ffd20b461790f8466430606d05ce8/out_reco_257_1_Du7.root
17-Jun-2014 23:16:29 CEST  Initiating request to open file file:/lustre/cms//store/user/calabria/calabria_SingleMuPt1000_GEN-SIM-DIGI-RECO_CMSSW_6_2_0_SLHC12_2023Scenario_Case1/calabria_SingleMuPt1000_GEN-SIM-DIGI-RECO_CMSSW_6_2_0_SLHC12_2023Scenario_Case1/fa5ffd20b461790f8466430606d05ce8/out_reco_258_1_Vlv.root
17-Jun-2014 23:16:29 CEST  Successfully opened file file:/lustre/cms//store/user/calabria/calabria_SingleMuPt1000_GEN-SIM-DIGI-RECO_CMSSW_6_2_0_SLHC12_2023Scenario_Case1/calabria_SingleMuPt1000_GEN-SIM-DIGI-RECO_CMSSW_6_2_0_SLHC12_2023Scenario_Case1/fa5ffd20b461790f8466430606d05ce8/out_reco_258_1_Vlv.root
17-Jun-2014 23:16:59 CEST  Closed file file:/lustre/cms//store/user/calabria/calabria_SingleMuPt1000_GEN-SIM-DIGI-RECO_CMSSW_6_2_0_SLHC12_2023Scenario_Case1/calabria_SingleMuPt1000_GEN-SIM-DIGI-RECO_CMSSW_6_2_0_SLHC12_2023Scenario_Case1/fa5ffd20b461790f8466430606d05ce8/out_reco_258_1_Vlv.root
17-Jun-2014 23:16:59 CEST  Initiating request to open file file:/lustre/cms//store/user/calabria/calabria_SingleMuPt1000_GEN-SIM-DIGI-RECO_CMSSW_6_2_0_SLHC12_2023Scenario_Case1/calabria_SingleMuPt1000_GEN-SIM-DIGI-RECO_CMSSW_6_2_0_SLHC12_2023Scenario_Case1/fa5ffd20b461790f8466430606d05ce8/out_reco_259_1_Vsy.root
17-Jun-2014 23:16:59 CEST  Successfully opened file file:/lustre/cms//store/user/calabria/calabria_SingleMuPt1000_GEN-SIM-DIGI-RECO_CMSSW_6_2_0_SLHC12_2023Scenario_Case1/calabria_SingleMuPt1000_GEN-SIM-DIGI-RECO_CMSSW_6_2_0_SLHC12_2023Scenario_Case1/fa5ffd20b461790f8466430606d05ce8/out_reco_259_1_Vsy.root
17-Jun-2014 23:17:39 CEST  Closed file file:/lustre/cms//store/user/calabria/calabria_SingleMuPt1000_GEN-SIM-DIGI-RECO_CMSSW_6_2_0_SLHC12_2023Scenario_Case1/calabria_SingleMuPt1000_GEN-SIM-DIGI-RECO_CMSSW_6_2_0_SLHC12_2023Scenario_Case1/fa5ffd20b461790f8466430606d05ce8/out_reco_259_1_Vsy.root
17-Jun-2014 23:17:39 CEST  Initiating request to open file file:/lustre/cms//store/user/calabria/calabria_SingleMuPt1000_GEN-SIM-DIGI-RECO_CMSSW_6_2_0_SLHC12_2023Scenario_Case1/calabria_SingleMuPt1000_GEN-SIM-DIGI-RECO_CMSSW_6_2_0_SLHC12_2023Scenario_Case1/fa5ffd20b461790f8466430606d05ce8/out_reco_261_2_enZ.root
17-Jun-2014 23:17:39 CEST  Successfully opened file file:/lustre/cms//store/user/calabria/calabria_SingleMuPt1000_GEN-SIM-DIGI-RECO_CMSSW_6_2_0_SLHC12_2023Scenario_Case1/calabria_SingleMuPt1000_GEN-SIM-DIGI-RECO_CMSSW_6_2_0_SLHC12_2023Scenario_Case1/fa5ffd20b461790f8466430606d05ce8/out_reco_261_2_enZ.root
17-Jun-2014 23:18:16 CEST  Closed file file:/lustre/cms//store/user/calabria/calabria_SingleMuPt1000_GEN-SIM-DIGI-RECO_CMSSW_6_2_0_SLHC12_2023Scenario_Case1/calabria_SingleMuPt1000_GEN-SIM-DIGI-RECO_CMSSW_6_2_0_SLHC12_2023Scenario_Case1/fa5ffd20b461790f8466430606d05ce8/out_reco_261_2_enZ.root
17-Jun-2014 23:18:16 CEST  Initiating request to open file file:/lustre/cms//store/user/calabria/calabria_SingleMuPt1000_GEN-SIM-DIGI-RECO_CMSSW_6_2_0_SLHC12_2023Scenario_Case1/calabria_SingleMuPt1000_GEN-SIM-DIGI-RECO_CMSSW_6_2_0_SLHC12_2023Scenario_Case1/fa5ffd20b461790f8466430606d05ce8/out_reco_264_2_7Yq.root
17-Jun-2014 23:18:16 CEST  Successfully opened file file:/lustre/cms//store/user/calabria/calabria_SingleMuPt1000_GEN-SIM-DIGI-RECO_CMSSW_6_2_0_SLHC12_2023Scenario_Case1/calabria_SingleMuPt1000_GEN-SIM-DIGI-RECO_CMSSW_6_2_0_SLHC12_2023Scenario_Case1/fa5ffd20b461790f8466430606d05ce8/out_reco_264_2_7Yq.root
17-Jun-2014 23:18:52 CEST  Closed file file:/lustre/cms//store/user/calabria/calabria_SingleMuPt1000_GEN-SIM-DIGI-RECO_CMSSW_6_2_0_SLHC12_2023Scenario_Case1/calabria_SingleMuPt1000_GEN-SIM-DIGI-RECO_CMSSW_6_2_0_SLHC12_2023Scenario_Case1/fa5ffd20b461790f8466430606d05ce8/out_reco_264_2_7Yq.root
17-Jun-2014 23:18:52 CEST  Initiating request to open file file:/lustre/cms//store/user/calabria/calabria_SingleMuPt1000_GEN-SIM-DIGI-RECO_CMSSW_6_2_0_SLHC12_2023Scenario_Case1/calabria_SingleMuPt1000_GEN-SIM-DIGI-RECO_CMSSW_6_2_0_SLHC12_2023Scenario_Case1/fa5ffd20b461790f8466430606d05ce8/out_reco_265_2_JcK.root
17-Jun-2014 23:18:52 CEST  Successfully opened file file:/lustre/cms//store/user/calabria/calabria_SingleMuPt1000_GEN-SIM-DIGI-RECO_CMSSW_6_2_0_SLHC12_2023Scenario_Case1/calabria_SingleMuPt1000_GEN-SIM-DIGI-RECO_CMSSW_6_2_0_SLHC12_2023Scenario_Case1/fa5ffd20b461790f8466430606d05ce8/out_reco_265_2_JcK.root
17-Jun-2014 23:19:29 CEST  Closed file file:/lustre/cms//store/user/calabria/calabria_SingleMuPt1000_GEN-SIM-DIGI-RECO_CMSSW_6_2_0_SLHC12_2023Scenario_Case1/calabria_SingleMuPt1000_GEN-SIM-DIGI-RECO_CMSSW_6_2_0_SLHC12_2023Scenario_Case1/fa5ffd20b461790f8466430606d05ce8/out_reco_265_2_JcK.root
17-Jun-2014 23:19:29 CEST  Initiating request to open file file:/lustre/cms//store/user/calabria/calabria_SingleMuPt1000_GEN-SIM-DIGI-RECO_CMSSW_6_2_0_SLHC12_2023Scenario_Case1/calabria_SingleMuPt1000_GEN-SIM-DIGI-RECO_CMSSW_6_2_0_SLHC12_2023Scenario_Case1/fa5ffd20b461790f8466430606d05ce8/out_reco_267_2_CMG.root
17-Jun-2014 23:19:29 CEST  Successfully opened file file:/lustre/cms//store/user/calabria/calabria_SingleMuPt1000_GEN-SIM-DIGI-RECO_CMSSW_6_2_0_SLHC12_2023Scenario_Case1/calabria_SingleMuPt1000_GEN-SIM-DIGI-RECO_CMSSW_6_2_0_SLHC12_2023Scenario_Case1/fa5ffd20b461790f8466430606d05ce8/out_reco_267_2_CMG.root
17-Jun-2014 23:20:06 CEST  Closed file file:/lustre/cms//store/user/calabria/calabria_SingleMuPt1000_GEN-SIM-DIGI-RECO_CMSSW_6_2_0_SLHC12_2023Scenario_Case1/calabria_SingleMuPt1000_GEN-SIM-DIGI-RECO_CMSSW_6_2_0_SLHC12_2023Scenario_Case1/fa5ffd20b461790f8466430606d05ce8/out_reco_267_2_CMG.root
17-Jun-2014 23:20:06 CEST  Initiating request to open file file:/lustre/cms//store/user/calabria/calabria_SingleMuPt1000_GEN-SIM-DIGI-RECO_CMSSW_6_2_0_SLHC12_2023Scenario_Case1/calabria_SingleMuPt1000_GEN-SIM-DIGI-RECO_CMSSW_6_2_0_SLHC12_2023Scenario_Case1/fa5ffd20b461790f8466430606d05ce8/out_reco_268_2_EAn.root
17-Jun-2014 23:20:06 CEST  Successfully opened file file:/lustre/cms//store/user/calabria/calabria_SingleMuPt1000_GEN-SIM-DIGI-RECO_CMSSW_6_2_0_SLHC12_2023Scenario_Case1/calabria_SingleMuPt1000_GEN-SIM-DIGI-RECO_CMSSW_6_2_0_SLHC12_2023Scenario_Case1/fa5ffd20b461790f8466430606d05ce8/out_reco_268_2_EAn.root
17-Jun-2014 23:20:57 CEST  Closed file file:/lustre/cms//store/user/calabria/calabria_SingleMuPt1000_GEN-SIM-DIGI-RECO_CMSSW_6_2_0_SLHC12_2023Scenario_Case1/calabria_SingleMuPt1000_GEN-SIM-DIGI-RECO_CMSSW_6_2_0_SLHC12_2023Scenario_Case1/fa5ffd20b461790f8466430606d05ce8/out_reco_268_2_EAn.root
17-Jun-2014 23:20:57 CEST  Initiating request to open file file:/lustre/cms//store/user/calabria/calabria_SingleMuPt1000_GEN-SIM-DIGI-RECO_CMSSW_6_2_0_SLHC12_2023Scenario_Case1/calabria_SingleMuPt1000_GEN-SIM-DIGI-RECO_CMSSW_6_2_0_SLHC12_2023Scenario_Case1/fa5ffd20b461790f8466430606d05ce8/out_reco_269_1_9Rb.root
17-Jun-2014 23:20:57 CEST  Successfully opened file file:/lustre/cms//store/user/calabria/calabria_SingleMuPt1000_GEN-SIM-DIGI-RECO_CMSSW_6_2_0_SLHC12_2023Scenario_Case1/calabria_SingleMuPt1000_GEN-SIM-DIGI-RECO_CMSSW_6_2_0_SLHC12_2023Scenario_Case1/fa5ffd20b461790f8466430606d05ce8/out_reco_269_1_9Rb.root
17-Jun-2014 23:21:29 CEST  Closed file file:/lustre/cms//store/user/calabria/calabria_SingleMuPt1000_GEN-SIM-DIGI-RECO_CMSSW_6_2_0_SLHC12_2023Scenario_Case1/calabria_SingleMuPt1000_GEN-SIM-DIGI-RECO_CMSSW_6_2_0_SLHC12_2023Scenario_Case1/fa5ffd20b461790f8466430606d05ce8/out_reco_269_1_9Rb.root
17-Jun-2014 23:21:29 CEST  Initiating request to open file file:/lustre/cms//store/user/calabria/calabria_SingleMuPt1000_GEN-SIM-DIGI-RECO_CMSSW_6_2_0_SLHC12_2023Scenario_Case1/calabria_SingleMuPt1000_GEN-SIM-DIGI-RECO_CMSSW_6_2_0_SLHC12_2023Scenario_Case1/fa5ffd20b461790f8466430606d05ce8/out_reco_270_1_NAu.root
17-Jun-2014 23:21:29 CEST  Successfully opened file file:/lustre/cms//store/user/calabria/calabria_SingleMuPt1000_GEN-SIM-DIGI-RECO_CMSSW_6_2_0_SLHC12_2023Scenario_Case1/calabria_SingleMuPt1000_GEN-SIM-DIGI-RECO_CMSSW_6_2_0_SLHC12_2023Scenario_Case1/fa5ffd20b461790f8466430606d05ce8/out_reco_270_1_NAu.root
17-Jun-2014 23:23:12 CEST  Closed file file:/lustre/cms//store/user/calabria/calabria_SingleMuPt1000_GEN-SIM-DIGI-RECO_CMSSW_6_2_0_SLHC12_2023Scenario_Case1/calabria_SingleMuPt1000_GEN-SIM-DIGI-RECO_CMSSW_6_2_0_SLHC12_2023Scenario_Case1/fa5ffd20b461790f8466430606d05ce8/out_reco_270_1_NAu.root

=============================================

MessageLogger Summary

 type     category        sev    module        subroutine        count    total
 ---- -------------------- -- ---------------- ----------------  -----    -----
    1 fileAction           -s file_close                            10       10
    2 fileAction           -s file_open                             20       20

 type    category    Examples: run/evt        run/evt          run/evt
 ---- -------------------- ---------------- ---------------- ----------------
    1 fileAction           PostProcessEvent PostProcessEvent PostEndRun
    2 fileAction           pre-events       pre-events       PostProcessEvent

Severity    # Occurrences   Total Occurrences
--------    -------------   -----------------
System                 30                  30
>>> END OF printout of 50 lines from stdout+stderr
>>> Parse FrameworkJobReport crab_fjr.xml
Result of parsing the FrameworkJobReport crab_fjr.xml: Popularity start
lumisRange : 1::::1;1::::2;1::::3;1::::4;1::::5;1::::6;1::::7;1::::8;1::::9;1::::10;
lumisParentRange : 
Basename : /store/user/calabria/calabria_SingleMuPt1000_GEN-SIM-DIGI-RECO_CMSSW_6_2_0_SLHC12_2023Scenario_Case1/calabria_SingleMuPt1000_GEN-SIM-DIGI-RECO_CMSSW_6_2_0_SLHC12_2023Scenario_Case1/fa5ffd20b461790f8466430606d05ce8/out_reco_2
BasenameParent : 
parentFiles : 
inputBlocks : /calabria_SingleMuPt1000_GEN-SIM-DIGI-RECO_CMSSW_6_2_0_SLHC12_2023Scenario_Case1/calabria-calabria_SingleMuPt1000_GEN-SIM-DIGI-RECO_CMSSW_6_2_0_SLHC12_2023Scenario_Case1-fa5ffd20b461790f8466430606d05ce8/USER#21ff40e4-8e60-4967-9f13-befa18759774
inputFiles : 65_2_JcK.root::1::EDM::Local::1;61_2_enZ.root::1::EDM::Local::2;70_1_NAu.root::1::EDM::Local::3;57_1_Du7.root::1::EDM::Local::4;64_2_7Yq.root::1::EDM::Local::5;69_1_9Rb.root::1::EDM::Local::6;67_2_CMG.root::1::EDM::Local::7;59_1_Vsy.root::1::EDM::Local::8;58_1_Vlv.root::1::EDM::Local::9;68_2_EAn.root::1::EDM::Local::10;
Popularity stop
Extracted ExitStatus from FrameworkJobReport parsing output: 0
>>> Executable succeded  0
ExeExitCode=0
EXECUTABLE_EXIT_STATUS = 0
>>> current directory /home/cms040/home_cream_284552487/CREAM284552487/glide_PaMJaL/execute/dir_3882/CMSSW_6_2_0_SLHC12
>>>  (SOFTWARE_DIR): /home/cms040/home_cream_284552487/CREAM284552487/glide_PaMJaL/execute/dir_3882/CMSSW_6_2_0_SLHC12
>>> (WORKING_DIR): 
>>> current directory content:
total 11368
drwxr-xr-x 3 cms040 cms    4096 Jun 17 23:15 .SCRAM
-rw------- 1 cms040 cms 3740429 Jun 17 23:15 CMSSW.py.pkl
drwxr-xr-x 3 cms040 cms    4096 Jun 17 23:15 bin
drwxr-xr-x 3 cms040 cms    4096 Jun 17 23:15 cfipython
drwxr-xr-x 4 cms040 cms    4096 Jun 17 23:15 config
-rw------- 1 cms040 cms      17 Jun 17 23:23 cpu_timing.txt
drwxr-xr-x 2 cms040 cms    4096 Jun 17 23:15 doc
-rw------- 1 cms040 cms   10045 Jun 17 23:23 executable.out
drwxr-xr-x 2 cms040 cms    4096 Jun 17 23:15 include
drwx------ 3 cms040 cms    4096 Apr 28 18:12 lib
drwxr-xr-x 3 cms040 cms    4096 Jun 17 23:15 logs
drwxr-xr-x 3 cms040 cms    4096 Jun 17 23:15 objs
-rw------- 1 cms040 cms     104 Jun 17 23:15 pset.py
-rw------- 1 cms040 cms 3712349 Jun 17 23:15 pset.py.pkl
-rw------- 1 cms040 cms     289 Jun 17 23:15 pset.pyc
drwxr-xr-x 2 cms040 cms    4096 Jun 17 23:15 python
-rw------- 1 cms040 cms     410 Jun 17 23:23 report.log
drwx------ 6 cms040 cms    4096 Jun 17 23:15 src
drwxr-xr-x 3 cms040 cms    4096 Jun 17 23:15 test
drwxr-xr-x 3 cms040 cms    4096 Jun 17 23:15 tmp
-rw------- 1 cms040 cms 4084043 Jun 17 23:23 validationEDM.root
>>> current directory /home/cms040/home_cream_284552487/CREAM284552487/glide_PaMJaL/execute/dir_3882/CMSSW_6_2_0_SLHC12
>>> (SOFTWARE_DIR): /home/cms040/home_cream_284552487/CREAM284552487/glide_PaMJaL/execute/dir_3882/CMSSW_6_2_0_SLHC12
>>> (WORKING_DIR): 
>>> current directory content:
total 11368
drwxr-xr-x 3 cms040 cms    4096 Jun 17 23:15 .SCRAM
-rw------- 1 cms040 cms 3740429 Jun 17 23:15 CMSSW.py.pkl
drwxr-xr-x 3 cms040 cms    4096 Jun 17 23:15 bin
drwxr-xr-x 3 cms040 cms    4096 Jun 17 23:15 cfipython
drwxr-xr-x 4 cms040 cms    4096 Jun 17 23:15 config
-rw------- 1 cms040 cms      17 Jun 17 23:23 cpu_timing.txt
drwxr-xr-x 2 cms040 cms    4096 Jun 17 23:15 doc
-rw------- 1 cms040 cms   10045 Jun 17 23:23 executable.out
drwxr-xr-x 2 cms040 cms    4096 Jun 17 23:15 include
drwx------ 3 cms040 cms    4096 Apr 28 18:12 lib
drwxr-xr-x 3 cms040 cms    4096 Jun 17 23:15 logs
drwxr-xr-x 3 cms040 cms    4096 Jun 17 23:15 objs
-rw------- 1 cms040 cms     104 Jun 17 23:15 pset.py
-rw------- 1 cms040 cms 3712349 Jun 17 23:15 pset.py.pkl
-rw------- 1 cms040 cms     289 Jun 17 23:15 pset.pyc
drwxr-xr-x 2 cms040 cms    4096 Jun 17 23:15 python
-rw------- 1 cms040 cms     410 Jun 17 23:23 report.log
drwx------ 6 cms040 cms    4096 Jun 17 23:15 src
drwxr-xr-x 3 cms040 cms    4096 Jun 17 23:15 test
drwxr-xr-x 3 cms040 cms    4096 Jun 17 23:15 tmp
-rw------- 1 cms040 cms 4084043 Jun 17 23:23 validationEDM_5_1_O4s.root
>>> current directory (RUNTIME_AREA):  /home/cms040/home_cream_284552487/CREAM284552487/glide_PaMJaL/execute/dir_3882
SE = storm-se-01.ba.infn.it
SE_PATH = /srm/managerv2?SFN=//cms/store/user/calabria/calabria_SingleMuPt1000_GEN-SIM-DIGI-RECO_CMSSW_6_2_0_SLHC12_2023Scenario_Case1/calabria_MuMinus1000_GEN-SIM-DIGI-RECO_CMSSW_6_2_0_SLHC12_2023Scenario_VALNOPU2_Case1/5854dd31cbd3cdec44c48628cc181cf0/
LFNBaseName = /store/user/calabria/calabria_SingleMuPt1000_GEN-SIM-DIGI-RECO_CMSSW_6_2_0_SLHC12_2023Scenario_Case1/calabria_MuMinus1000_GEN-SIM-DIGI-RECO_CMSSW_6_2_0_SLHC12_2023Scenario_VALNOPU2_Case1/5854dd31cbd3cdec44c48628cc181cf0/
USER = calabria
endpoint = srm://storm-se-01.ba.infn.it:8444/srm/managerv2?SFN=//cms/store/user/calabria/calabria_SingleMuPt1000_GEN-SIM-DIGI-RECO_CMSSW_6_2_0_SLHC12_2023Scenario_Case1/calabria_MuMinus1000_GEN-SIM-DIGI-RECO_CMSSW_6_2_0_SLHC12_2023Scenario_VALNOPU2_Case1/5854dd31cbd3cdec44c48628cc181cf0/
>>> Copy output files from WN = alicegrid98.ba.infn.it to /srm/managerv2?SFN=//cms/store/user/calabria/calabria_SingleMuPt1000_GEN-SIM-DIGI-RECO_CMSSW_6_2_0_SLHC12_2023Scenario_Case1/calabria_MuMinus1000_GEN-SIM-DIGI-RECO_CMSSW_6_2_0_SLHC12_2023Scenario_VALNOPU2_Case1/5854dd31cbd3cdec44c48628cc181cf0/ :
python cmscp.py  --destination srm://storm-se-01.ba.infn.it:8444/srm/managerv2?SFN=//cms/store/user/calabria/calabria_SingleMuPt1000_GEN-SIM-DIGI-RECO_CMSSW_6_2_0_SLHC12_2023Scenario_Case1/calabria_MuMinus1000_GEN-SIM-DIGI-RECO_CMSSW_6_2_0_SLHC12_2023Scenario_VALNOPU2_Case1/5854dd31cbd3cdec44c48628cc181cf0/ --inputFileList /home/cms040/home_cream_284552487/CREAM284552487/glide_PaMJaL/execute/dir_3882/CMSSW_6_2_0_SLHC12/validationEDM_5_1_O4s.root --middleware LCG --se_name storm-se-01.ba.infn.it --for_lfn /store/user/calabria/calabria_SingleMuPt1000_GEN-SIM-DIGI-RECO_CMSSW_6_2_0_SLHC12_2023Scenario_Case1/calabria_MuMinus1000_GEN-SIM-DIGI-RECO_CMSSW_6_2_0_SLHC12_2023Scenario_VALNOPU2_Case1/5854dd31cbd3cdec44c48628cc181cf0/    
******************************************************
localSeName  =  storm-se-01.ba.infn.it
remoteSeName =  storm-se-01.ba.infn.it
******************************************************
{"/home/cms040/home_cream_284552487/CREAM284552487/glide_PaMJaL/execute/dir_3882/CMSSW_6_2_0_SLHC12/validationEDM_5_1_O4s.root": {"endpoint": "srm://storm-se-01.ba.infn.it:8444/srm/managerv2?SFN=//cms/store/user/calabria/calabria_SingleMuPt1000_GEN-SIM-DIGI-RECO_CMSSW_6_2_0_SLHC12_2023Scenario_Case1/calabria_MuMinus1000_GEN-SIM-DIGI-RECO_CMSSW_6_2_0_SLHC12_2023Scenario_VALNOPU2_Case1/5854dd31cbd3cdec44c48628cc181cf0/", "surl_for_grid": "", "reason": "Copy succedeed with srm-lcg utils", "erCode": "0", "se_name": "storm-se-01.ba.infn.it", "for_lfn": "/store/user/calabria/calabria_SingleMuPt1000_GEN-SIM-DIGI-RECO_CMSSW_6_2_0_SLHC12_2023Scenario_Case1/calabria_MuMinus1000_GEN-SIM-DIGI-RECO_CMSSW_6_2_0_SLHC12_2023Scenario_VALNOPU2_Case1/5854dd31cbd3cdec44c48628cc181cf0/"}}/home/cms040/home_cream_284552487/CREAM284552487/glide_PaMJaL/execute/dir_3882
-------- cat /home/cms040/home_cream_284552487/CREAM284552487/glide_PaMJaL/execute/dir_3882/cmscpReport.sh 
#!/bin/bash
echo "Report for File: /home/cms040/home_cream_284552487/CREAM284552487/glide_PaMJaL/execute/dir_3882/CMSSW_6_2_0_SLHC12/validationEDM_5_1_O4s.root"
echo "LFN: /store/user/calabria/calabria_SingleMuPt1000_GEN-SIM-DIGI-RECO_CMSSW_6_2_0_SLHC12_2023Scenario_Case1/calabria_MuMinus1000_GEN-SIM-DIGI-RECO_CMSSW_6_2_0_SLHC12_2023Scenario_VALNOPU2_Case1/5854dd31cbd3cdec44c48628cc181cf0/validationEDM_5_1_O4s.root"
echo "StorageElement: storm-se-01.ba.infn.it"
echo "StageOutExitStatusReason = 'Copy succedeed with srm-lcg utils'" | tee -a $RUNTIME_AREA/$repo
echo "StageOutSE = storm-se-01.ba.infn.it" >> $RUNTIME_AREA/$repo

export StageOutExitStatus=0
echo "StageOutExitStatus = 0" | tee -a $RUNTIME_AREA/$repo
-------- end of /home/cms040/home_cream_284552487/CREAM284552487/glide_PaMJaL/execute/dir_3882/cmscpReport.sh 
Report for File: /home/cms040/home_cream_284552487/CREAM284552487/glide_PaMJaL/execute/dir_3882/CMSSW_6_2_0_SLHC12/validationEDM_5_1_O4s.root
LFN: /store/user/calabria/calabria_SingleMuPt1000_GEN-SIM-DIGI-RECO_CMSSW_6_2_0_SLHC12_2023Scenario_Case1/calabria_MuMinus1000_GEN-SIM-DIGI-RECO_CMSSW_6_2_0_SLHC12_2023Scenario_VALNOPU2_Case1/5854dd31cbd3cdec44c48628cc181cf0/validationEDM_5_1_O4s.root
StorageElement: storm-se-01.ba.infn.it
StageOutExitStatusReason = 'Copy succedeed with srm-lcg utils'
StageOutExitStatus = 0
>>> current dir: /home/cms040/home_cream_284552487/CREAM284552487/glide_PaMJaL/execute/dir_3882
>>> current dir content:
total 28080
-rw-------  1 cms040 cms     2787 Jun 17 23:24 .SEinteraction.log
-rwx------  1 cms040 cms     6896 Jun 17 23:14 .job.ad
-rwx------  1 cms040 cms     9471 Jun 17 23:14 .machine.ad
-rw-------  1 cms040 cms      105 Jun 16 20:52 CMSSW.py
-rw-------  1 cms040 cms  3740429 Jun 16 20:52 CMSSW.py.pkl
-rwx------  1 cms040 cms    29582 Jun 17 23:14 CMSSW.sh
drwxr-xr-x 15 cms040 cms     4096 Jun 17 23:23 CMSSW_6_2_0_SLHC12
-rw-------  1 cms040 cms      219 Jun 17 23:15 CacheEnv.sh
-rw-------  1 cms040 cms     7291 Apr  4 11:04 DashboardAPI.py
-rw-------  1 cms040 cms     6800 Jun 17 23:15 DashboardAPI.pyc
drwx------  2 cms040 cms     4096 Jun 17 23:23 IMProv
-rw-------  1 cms040 cms     2748 Apr  4 11:04 Logger.py
-rw-------  1 cms040 cms     3342 Jun 17 23:15 Logger.pyc
-rw-------  1 cms040 cms    24524 Apr  4 11:04 ProcInfo.py
-rw-------  1 cms040 cms    23173 Jun 17 23:15 ProcInfo.pyc
drwx------  7 cms040 cms     4096 Jun 17 23:15 ProdCommon
drwx------  3 cms040 cms     4096 Jun 17 23:15 WMCore
-rw-------  1 cms040 cms     2688 Jun 17 23:23 Watchdog_5.log
-rwx------  1 cms040 cms        0 Jun 17 23:14 _condor_stderr
-rwx---r--  1 cms040 cms    29599 Jun 17 23:24 _condor_stdout
-rw-------  1 cms040 cms    32895 Apr  4 11:04 apmon.py
-rw-------  1 cms040 cms    28596 Jun 17 23:15 apmon.pyc
-rwx------  1 cms040 cms    54677 Jun 17 23:14 arguments.xml
-rwx------  1 cms040 cms    38515 Apr  4 11:04 cmscp.py
-rw-------  1 cms040 cms      719 Jun 17 23:24 cmscpReport.sh
-rwx------  1 cms040 cms    29582 Jun 17 23:14 condor_exec.exe
-rw-------  1 cms040 cms      968 Jun 16 20:52 crab.cfg
-rwx------  1 cms040 cms     8610 Apr  4 11:04 crabWatchdog.sh
-rwx---r--  1 cms040 cms   523450 Jun 17 23:23 crab_fjr_5.xml
-rwx------  1 cms040 cms 23960019 Jun 17 23:14 default.tgz
-rwx------  1 cms040 cms     4488 Apr  4 11:04 fillCrabFjr.py
-rw-------  1 cms040 cms     2673 Jun 17 23:15 inputsReport.txt
-rw-------  1 cms040 cms      261 Jun 17 23:24 jobreport.txt
-rw-------  1 cms040 cms    17352 Apr  4 11:04 parseCrabFjr.py
-rw-------  1 cms040 cms      331 Jun 17 23:15 report.log
-rwx--x--x  1 cms040 cms     1497 Apr  4 11:04 report.py
-rw-------  1 cms040 cms      778 Jun 17 23:24 resultCopyFile
lrwxrwxrwx  1 cms040 cms      124 Jun 17 23:23 validationEDM.root -> /home/cms040/home_cream_284552487/CREAM284552487/glide_PaMJaL/execute/dir_3882/CMSSW_6_2_0_SLHC12/validationEDM_5_1_O4s.root
-rwx------  1 cms040 cms     8387 Apr  4 11:04 writeCfg.py
-rw-------  1 cms040 cms     8010 Jun 17 23:14 x509up_u50707
>>> Modify Job Report:
CMSSW_VERSION = CMSSW_6_2_0_SLHC12
ProcessedDataset = calabria_MuMinus1000_GEN-SIM-DIGI-RECO_CMSSW_6_2_0_SLHC12_2023Scenario_VALNOPU2_Case1
/home/cms040/home_cream_284552487/CREAM284552487/glide_PaMJaL/execute/dir_3882/ProdCommon/FwkJobRep/ModifyJobReport.py fjr /home/cms040/home_cream_284552487/CREAM284552487/glide_PaMJaL/execute/dir_3882/crab_fjr_5.xml json /home/cms040/home_cream_284552487/CREAM284552487/glide_PaMJaL/execute/dir_3882/resultCopyFile n_job 5_1_O4s PrimaryDataset calabria_SingleMuPt1000_GEN-SIM-DIGI-RECO_CMSSW_6_2_0_SLHC12_2023Scenario_Case1  ApplicationFamily cmsRun ApplicationName cmsRun cmssw_version CMSSW_6_2_0_SLHC12 psethash 5854dd31cbd3cdec44c48628cc181cf0 UserProcessedDataset calabria-calabria_MuMinus1000_GEN-SIM-DIGI-RECO_CMSSW_6_2_0_SLHC12_2023Scenario_VALNOPU2_Case1-5854dd31cbd3cdec44c48628cc181cf0
inputDict =  {u'/home/cms040/home_cream_284552487/CREAM284552487/glide_PaMJaL/execute/dir_3882/CMSSW_6_2_0_SLHC12/validationEDM_5_1_O4s.root': {u'endpoint': u'srm://storm-se-01.ba.infn.it:8444/srm/managerv2?SFN=//cms/store/user/calabria/calabria_SingleMuPt1000_GEN-SIM-DIGI-RECO_CMSSW_6_2_0_SLHC12_2023Scenario_Case1/calabria_MuMinus1000_GEN-SIM-DIGI-RECO_CMSSW_6_2_0_SLHC12_2023Scenario_VALNOPU2_Case1/5854dd31cbd3cdec44c48628cc181cf0/', u'surl_for_grid': u'', u'reason': u'Copy succedeed with srm-lcg utils', u'erCode': u'0', u'se_name': u'storm-se-01.ba.infn.it', u'for_lfn': u'/store/user/calabria/calabria_SingleMuPt1000_GEN-SIM-DIGI-RECO_CMSSW_6_2_0_SLHC12_2023Scenario_Case1/calabria_MuMinus1000_GEN-SIM-DIGI-RECO_CMSSW_6_2_0_SLHC12_2023Scenario_VALNOPU2_Case1/5854dd31cbd3cdec44c48628cc181cf0/'}}
UserProcessedDataset =  calabria-calabria_MuMinus1000_GEN-SIM-DIGI-RECO_CMSSW_6_2_0_SLHC12_2023Scenario_VALNOPU2_Case1-5854dd31cbd3cdec44c48628cc181cf0
file_name in inputDict =  /home/cms040/home_cream_284552487/CREAM284552487/glide_PaMJaL/execute/dir_3882/CMSSW_6_2_0_SLHC12/validationEDM_5_1_O4s.root
(size) os.stat(filename)[6] =  4084043
checksum =  130949103
    file =  validationEDM_5_1_O4s.root
    newPfn =  srm://storm-se-01.ba.infn.it:8444/srm/managerv2?SFN=//cms/store/user/calabria/calabria_SingleMuPt1000_GEN-SIM-DIGI-RECO_CMSSW_6_2_0_SLHC12_2023Scenario_Case1/calabria_MuMinus1000_GEN-SIM-DIGI-RECO_CMSSW_6_2_0_SLHC12_2023Scenario_VALNOPU2_Case1/5854dd31cbd3cdec44c48628cc181cf0/validationEDM_5_1_O4s.root
    newLfn =  /store/user/calabria/calabria_SingleMuPt1000_GEN-SIM-DIGI-RECO_CMSSW_6_2_0_SLHC12_2023Scenario_Case1/calabria_MuMinus1000_GEN-SIM-DIGI-RECO_CMSSW_6_2_0_SLHC12_2023Scenario_VALNOPU2_Case1/5854dd31cbd3cdec44c48628cc181cf0/validationEDM_5_1_O4s.root
>>> crab_fjr_*.xml  permission set to 0704
CrabWrapper EXIT_FUNC entered at Tue Jun 17 23:24:09 CEST 2014   -  Tue Jun 17 21:24:09 UTC 2014
Checking output files:  
will tar file crab_fjr_5.xml in  out_files_5
WARNING: output file CMSSW_5.stdout not found!
WARNING: output file CMSSW_5.stderr not found!
WARNING: output file Watchdog_5.log.gz not found!
>>> padding time: Sleeping the wrapper for 55 seconds
STOPPING WATCHDOG. CrabWatchdog PID is 4565
********** LAST 50 LINES OF WATCHDOG LOG
# RESOURCE USAGE SUMMARY FOR PROCESS ID  3934
USER       PID %CPU %MEM    VSZ   RSS TTY      STAT START   TIME COMMAND
cms040    3934  0.2  0.0   9496  1592 ?        S    23:14   0:00 /bin/sh /home/cms040/home_cream_284552487/CREAM284552487/glide_PaMJaL/execute/dir_3882/condor_exec.exe 5 1
 
# LIMITS USED BY CRAB WATCHDOG:
# RSS  (KBytes)   : 2300000
# VSZ  (KBytes)   : 100000000
# DISK (MBytes)   : 19000
# CPU TIME        : 720h:0m:0s
# WALL CLOCK TIME : 21h:50m:0s
 
# FOLLOWING PRINTOUT TRACKS MAXIMUM VALUES OF RESOURCES USE
# ONE LINE IS PRINTED EACH TIME A MAXIMUM CHANGES
# IF CHANGE WAS IN RSS OR VSZ ALSO PROCID AND COMMAND ARE PRINTED
# THERE IS NO PRINTOUT FOR CPU/WALL TIME INCREASE
 
# TIME			PID	RSS(KB)	VSZ(KB)	Dsk(MB)	tCPU(s)	tWALL(s)	COMMAND
 Jun 17 23:15:10 CEST	2763	1396	9364	0	0	0	/bin/bash /home/cms040/home_cream_284552487/CREAM284552487/glide_PaMJaL/main/condor_startup.sh glidein_config        
 Jun 17 23:15:10 CEST	3882	8428	93580	0	0	0	condor_starter -f submit-4.t2.ucsd.edu        
 Jun 17 23:15:10 CEST	4225	8712	93780	0	1	0	condor_startd -f         
 Jun 17 23:15:10 CEST	4577	32788	97680	0	0	0	edmConfigHash pset.py         
 Jun 17 23:15:10 CEST	26222	32788	106092	0	0	1	sh -c "./glidein_startup.sh" -v std -name v1_3 -entry CMS_T2_IT_Bari_ce2 -clientname UCSD-v1_0.main
 Jun 17 23:15:10 CEST	26228	32788	106492	0	0	1	/bin/bash ./glidein_startup.sh -v std -name v1_3 -entry CMS_T2_IT_Bari_ce2 -clientname UCSD-v1_0.main -schedd
 Jun 17 23:15:10 CEST	---	32788	106492	171	----	----	----
 Jun 17 23:16:11 CEST	5086	764496	979516	171	34	61	cmsRun -j /home/cms040/home_cream_284552487/CREAM284552487/glide_PaMJaL/execute/dir_3882/crab_fjr_5.xml -p pset.py      
 Jun 17 23:16:11 CEST	---	764496	979516	175	----	----	----
 Jun 17 23:17:12 CEST	5086	791128	1011472	175	88	122	cmsRun -j /home/cms040/home_cream_284552487/CREAM284552487/glide_PaMJaL/execute/dir_3882/crab_fjr_5.xml -p pset.py      
 Jun 17 23:18:13 CEST	5086	794616	1014800	175	146	183	cmsRun -j /home/cms040/home_cream_284552487/CREAM284552487/glide_PaMJaL/execute/dir_3882/crab_fjr_5.xml -p pset.py      
 Jun 17 23:19:14 CEST	5086	800592	1026832	175	192	244	cmsRun -j /home/cms040/home_cream_284552487/CREAM284552487/glide_PaMJaL/execute/dir_3882/crab_fjr_5.xml -p pset.py      
 Jun 17 23:21:16 CEST	5086	809340	1034284	175	304	368	cmsRun -j /home/cms040/home_cream_284552487/CREAM284552487/glide_PaMJaL/execute/dir_3882/crab_fjr_5.xml -p pset.py      
 Jun 17 23:22:18 CEST	5086	908444	1139312	175	363	430	cmsRun -j /home/cms040/home_cream_284552487/CREAM284552487/glide_PaMJaL/execute/dir_3882/crab_fjr_5.xml -p pset.py      
 Jun 17 23:23:20 CEST	---	908444	1139312	179	----	----	----
********** WATCHDOG LOG ENDED
ZIPPING WATCHDOG LOG
Disk space used:
du -sh /home/cms040/home_cream_284552487/CREAM284552487/glide_PaMJaL/execute/dir_3882
179M	/home/cms040/home_cream_284552487/CREAM284552487/glide_PaMJaL/execute/dir_3882
Found unusual stdout, rename for OSB
`/home/cms040/home_cream_284552487/CREAM284552487/glide_PaMJaL/execute/dir_3882/_condor_stdout' -> `CMSSW_5.stdout'
Found unusual stderr, rename for OSB
`/home/cms040/home_cream_284552487/CREAM284552487/glide_PaMJaL/execute/dir_3882/_condor_stdout' -> `CMSSW_5.stderr'
crab_fjr_5.xml
CMSSW_5.stdout
CMSSW_5.stderr
Watchdog_5.log.gz
Total Output dimension: 70171
WARNING: output files size limit is set to: 50000000
Total Output dimension 70171 is fine.
JOB_EXIT_STATUS = 0
>>> info for dashboard:
***** Cat /home/cms040/home_cream_284552487/CREAM284552487/glide_PaMJaL/execute/dir_3882/jobreport.txt *****
MonitorJobID=5_https://submit-4.t2.ucsd.edu//140616//222476.4
MonitorID=calabria_MuMinus1000_Case1_ReReco_a18y2p
ExeTime=466
ExeExitCode=0
StageOutExitStatusReason = 'Copy succedeed with srm-lcg utils'
StageOutSE = storm-se-01.ba.infn.it
StageOutExitStatus = 0
CrabUserCpuTime=317.41
CrabSysCpuTime=99.21
CrabCpuPercentage=89%
CrabWrapperTime=600
CrabStageoutTime=48
JobExitCode=0
***** End Cat jobreport *****
Parameters sent to Dashboard.
EXITING at Tue Jun 17 23:25:09 CEST 2014  -  Tue Jun 17 21:25:09 UTC 2014
