This script was generated by crab (version 2.10.5_patch1).
Running /home/cms037/home_cream_881744514/CREAM881744514/glide_pyKc0v/execute/dir_8536/condor_exec.exe with 2 positional parameters: 1 1
Today is Tue Jun 17 23:13:45 CEST 2014 - Tue Jun 17 21:13:45 UTC 2014
Job submitted on host alicegrid50.ba.infn.it
Linux alicegrid50.ba.infn.it 2.6.32-358.23.2.el6.x86_64 #1 SMP Thu Oct 17 10:27:22 CEST 2013 x86_64 x86_64 x86_64 GNU/Linux
>>> current directory (RUNTIME_AREA): /home/cms037/home_cream_881744514/CREAM881744514/glide_pyKc0v/execute/dir_8536
>>> current user: uid=18594(cms037) gid=1399(cms) groups=1399(cms)
>>> directory permission set to 0700
>>> umask set to:  u=rwx,g=,o=
>>> stdout stderr permission set to 0704
>>> voms proxy information:
subject   : /C=IT/O=INFN/OU=Personal Certificate/L=Bari/CN=Cesare Calabria/CN=477126703/CN=603087935
issuer    : /C=IT/O=INFN/OU=Personal Certificate/L=Bari/CN=Cesare Calabria/CN=477126703
identity  : /C=IT/O=INFN/OU=Personal Certificate/L=Bari/CN=Cesare Calabria
type      : RFC3820 compliant limited proxy
strength  : 1024
path      : /home/cms037/home_cream_881744514/CREAM881744514/glide_pyKc0v/execute/dir_8536/x509up_u50707
timeleft  : 23:58:48
key usage : Digital Signature, Key Encipherment, Data Encipherment
=== VO cms extension information ===
VO        : cms
subject   : /C=IT/O=INFN/OU=Personal Certificate/L=Bari/CN=Cesare Calabria
issuer    : /DC=ch/DC=cern/OU=computers/CN=voms.cern.ch
attribute : /cms/Role=NULL/Capability=NULL
attribute : /cms/itcms/Role=NULL/Capability=NULL
timeleft  : 156:10:34
uri       : voms.cern.ch:15002

WNHostName=alicegrid50.ba.infn.it
>>> tar --no-same-permissions -xf /home/cms037/home_cream_881744514/CREAM881744514/glide_pyKc0v/execute/dir_8536/default.tgz :
Successful untar
>>> Include /home/cms037/home_cream_881744514/CREAM881744514/glide_pyKc0v/execute/dir_8536 in PYTHONPATH:
strip arguments
env var CRAB_UNIQUE_JOB_ID set to: calabria_MuMinus1000_Case1_ReReco_a18y2p_1_1_iG9
out_files_1
>>> list of expected files on output sandbox
output files: crab_fjr_1.xml CMSSW_1.stdout CMSSW_1.stderr Watchdog_1.log.gz
>>> GridFlavour discovery: 
GridFlavour=LCG
>>> SyncSite discovery: 
SyncSite=T2_IT_Bari
>>> SyncCE discovery: 
getting SyncCE from CE_ID
SyncCE=cream-ce-2.ba.infn.it:8443/cream-pbs-cms
>>> info for dashboard:
***** Cat /home/cms037/home_cream_881744514/CREAM881744514/glide_pyKc0v/execute/dir_8536/jobreport.txt *****
WNHostName=alicegrid50.ba.infn.it
MonitorJobID=1_https://submit-4.t2.ucsd.edu//140616//222476.0
SyncGridJobId=https://submit-4.t2.ucsd.edu//140616//222476.0
MonitorID=calabria_MuMinus1000_Case1_ReReco_a18y2p
GridFlavour=LCG
SyncSite=T2_IT_Bari
SyncCE=cream-ce-2.ba.infn.it:8443/cream-pbs-cms
***** End Cat jobreport *****
Parameters sent to Dashboard.
>>> setup environment
set SCRAM ARCH to slc5_amd64_gcc472
SCRAM_ARCH = slc5_amd64_gcc472
>>> setup CMS LCG environment:
set SCRAM ARCH and BUILD_ARCH to slc5_amd64_gcc472 ###
Sourcing environment... 
sourcing /cvmfs/cms.cern.ch/cmsset_default.sh
==> setup cms environment ok
>>> specific cmssw setup environment:
CMSSW_VERSION =  CMSSW_6_2_0_SLHC12
>>> current directory (SOFTWARE_DIR): /home/cms037/home_cream_881744514/CREAM881744514/glide_pyKc0v/execute/dir_8536/CMSSW_6_2_0_SLHC12
PreserveSeeds: <>
IncrementSeeds:<>
>>> info for dashboard:
***** Cat /home/cms037/home_cream_881744514/CREAM881744514/glide_pyKc0v/execute/dir_8536/jobreport.txt *****
MonitorJobID=1_https://submit-4.t2.ucsd.edu//140616//222476.0
MonitorID=calabria_MuMinus1000_Case1_ReReco_a18y2p
***** End Cat jobreport *****
Parameters sent to Dashboard.
crabWatchdog started as process 9727
>>> moving CMSSW software directories in /home/cms037/home_cream_881744514/CREAM881744514/glide_pyKc0v/execute/dir_8536/CMSSW_6_2_0_SLHC12
mv: cannot stat `/home/cms037/home_cream_881744514/CREAM881744514/glide_pyKc0v/execute/dir_8536/module/': No such file or directory
>>> Include /home/cms037/home_cream_881744514/CREAM881744514/glide_pyKc0v/execute/dir_8536 in PYTHONPATH:
PYTHONPATH=/home/cms037/home_cream_881744514/CREAM881744514/glide_pyKc0v/execute/dir_8536/:/home/cms037/home_cream_881744514/CREAM881744514/glide_pyKc0v/execute/dir_8536/CMSSW_6_2_0_SLHC12/python:/home/cms037/home_cream_881744514/CREAM881744514/glide_pyKc0v/execute/dir_8536/CMSSW_6_2_0_SLHC12/lib/slc5_amd64_gcc472:/cvmfs/cms.cern.ch/slc5_amd64_gcc472/cms/cmssw/CMSSW_6_2_0_SLHC12/python:/cvmfs/cms.cern.ch/slc5_amd64_gcc472/cms/cmssw/CMSSW_6_2_0_SLHC12/lib/slc5_amd64_gcc472:/cvmfs/cms.cern.ch/slc5_amd64_gcc472/cms/coral/CORAL_2_3_21-cms36/slc5_amd64_gcc472/python:/cvmfs/cms.cern.ch/slc5_amd64_gcc472/cms/coral/CORAL_2_3_21-cms36/slc5_amd64_gcc472/lib:/cvmfs/cms.cern.ch/slc5_amd64_gcc472/external/pyqt/4.8.1-cms6/lib/python2.7/site-packages:/cvmfs/cms.cern.ch/slc5_amd64_gcc472/external/py2-scipy/0.8.0-cms8/lib/python2.7/site-packages:/cvmfs/cms.cern.ch/slc5_amd64_gcc472/external/py2-matplotlib/1.0.1-cms8/lib/python2.7/site-packages:/cvmfs/cms.cern.ch/slc5_amd64_gcc472/external/python-ldap/2.3.5-cms6/lib/python2.7/site-packages:/cvmfs/cms.cern.ch/slc5_amd64_gcc472/external/sip/4.11.2-cms6/lib/python2.7/site-packages:/cvmfs/cms.cern.ch/slc5_amd64_gcc472/external/py2-pycurl/7.19.0-cms8/lib/python2.7/site-packages:/cvmfs/cms.cern.ch/slc5_amd64_gcc472/external/py2-numpy/1.6.1-cms8/lib/python2.7/site-packages:/cvmfs/cms.cern.ch/slc5_amd64_gcc472/external/py2-lint/0.25.1-cms6/lib/python2.7/site-packages:/cvmfs/cms.cern.ch/slc5_amd64_gcc472/external/py2-ipython/0.10-cms6/lib/python2.7/site-packages:/cvmfs/cms.cern.ch/slc5_amd64_gcc472/external/py2-cx-oracle/5.1-cms7/lib/python2.7/site-packages:/cvmfs/cms.cern.ch/slc5_amd64_gcc472/external/py2-cjson/1.0.5-cms6/lib/python2.7/site-packages:/cvmfs/cms.cern.ch/slc5_amd64_gcc472/cms/das-client/1.11.7/bin:/cvmfs/cms.cern.ch/slc5_amd64_gcc472/external/elementtree/1.2.6-cms6/share/lib/python2.7/site-packages:/cvmfs/cms.cern.ch/slc5_amd64_gcc472/external/rivet/1.8.2-cms8/lib/python2.7/site-packages:/cvmfs/cms.cern.ch/slc5_amd64_gcc472/external/pyminuit2/0.0.1-cms19/lib/python2.7/site-packages:/cvmfs/cms.cern.ch/slc5_amd64_gcc472/external/py2-pygithub/1.23.0/lib/python2.7/site-packages:/cvmfs/cms.cern.ch/slc5_amd64_gcc472/external/professor/1.0.0-cms19/lib/python2.7/site-packages:/cvmfs/cms.cern.ch/slc5_amd64_gcc472/lcg/root/5.34.07-cms/lib:/cvmfs/cms.cern.ch/slc5_amd64_gcc472/cms/dbs-client/DBS_2_1_9-cms5/lib:/cvmfs/cms.cern.ch/slc5_amd64_gcc472/cms/dbs-client/DBS_2_1_9-cms5/lib/DBSAPI:/cvmfs/cms.cern.ch/slc5_amd64_gcc472/external/cvs2git/5419-cms/lib:/home/cms037/home_cream_881744514/CREAM881744514/glide_pyKc0v/execute/dir_8536/
 
# LIMITS USED BY CRAB WATCHDOG:
# RSS  (KBytes)   : 2300000
# VSZ  (KBytes)   : 100000000
# DISK (MBytes)   : 19000
# CPU TIME        : 720h:0m:0s
# WALL CLOCK TIME : 21h:50m:0s
 
5854dd31cbd3cdec44c48628cc181cf0
PSETHASH = 5854dd31cbd3cdec44c48628cc181cf0
/home/cms037/home_cream_881744514/CREAM881744514/glide_pyKc0v/execute/dir_8536/writeCfg.py pset.py pset.py
Importing .py file
Setting parameters
RandomNumberGeneratorService found, will attempt to change seeds
inputBlocks=/calabria_SingleMuPt1000_GEN-SIM-DIGI-RECO_CMSSW_6_2_0_SLHC12_2023Scenario_Case1/calabria-calabria_SingleMuPt1000_GEN-SIM-DIGI-RECO_CMSSW_6_2_0_SLHC12_2023Scenario_Case1-fa5ffd20b461790f8466430606d05ce8/USER#89ceba43-2926-4177-8401-61ae143077e3
inputFiles=/store/user/calabria/calabria_SingleMuPt1000_GEN-SIM-DIGI-RECO_CMSSW_6_2_0_SLHC12_2023Scenario_Case1/calabria_SingleMuPt1000_GEN-SIM-DIGI-RECO_CMSSW_6_2_0_SLHC12_2023Scenario_Case1/fa5ffd20b461790f8466430606d05ce8/out_reco_172_2_o9K.root;/store/user/calabria/calabria_SingleMuPt1000_GEN-SIM-DIGI-RECO_CMSSW_6_2_0_SLHC12_2023Scenario_Case1/calabria_SingleMuPt1000_GEN-SIM-DIGI-RECO_CMSSW_6_2_0_SLHC12_2023Scenario_Case1/fa5ffd20b461790f8466430606d05ce8/out_reco_411_2_4xZ.root
parentFiles=
lumisRange=
>>> Executable cmsRun
/cvmfs/cms.cern.ch/slc5_amd64_gcc472/cms/cmssw/CMSSW_6_2_0_SLHC12/bin/slc5_amd64_gcc472/cmsRun
ok executable found
>>> info for dashboard:
***** Cat /home/cms037/home_cream_881744514/CREAM881744514/glide_pyKc0v/execute/dir_8536/jobreport.txt *****
MonitorJobID=1_https://submit-4.t2.ucsd.edu//140616//222476.0
MonitorID=calabria_MuMinus1000_Case1_ReReco_a18y2p
ExeStart=cmsRun
***** End Cat jobreport *****
Parameters sent to Dashboard.
>>> cmsRun started at Tue Jun 17 21:14:09 UTC 2014
>>> cmsRun ended at Tue Jun 17 21:15:56 UTC 2014
>>> crab_fjr_*.xml  permission set to 0704
>>> info for dashboard:
***** Cat /home/cms037/home_cream_881744514/CREAM881744514/glide_pyKc0v/execute/dir_8536/jobreport.txt *****
MonitorJobID=1_https://submit-4.t2.ucsd.edu//140616//222476.0
MonitorID=calabria_MuMinus1000_Case1_ReReco_a18y2p
ExeEnd=cmsRun
***** End Cat jobreport *****
Parameters sent to Dashboard.
TIME_EXE = 107 sec
>>> cmsRun wrote 26 lines of stdout+stderr
>>> START OF printout of 26 lines from stdout+stderr
271 DQMStore::DQMStore 
HcalTopologyIdealEP::HcalTopologyIdealEP
17-Jun-2014 23:14:37 CEST  Initiating request to open file file:/lustre/cms//store/user/calabria/calabria_SingleMuPt1000_GEN-SIM-DIGI-RECO_CMSSW_6_2_0_SLHC12_2023Scenario_Case1/calabria_SingleMuPt1000_GEN-SIM-DIGI-RECO_CMSSW_6_2_0_SLHC12_2023Scenario_Case1/fa5ffd20b461790f8466430606d05ce8/out_reco_172_2_o9K.root
17-Jun-2014 23:14:39 CEST  Successfully opened file file:/lustre/cms//store/user/calabria/calabria_SingleMuPt1000_GEN-SIM-DIGI-RECO_CMSSW_6_2_0_SLHC12_2023Scenario_Case1/calabria_SingleMuPt1000_GEN-SIM-DIGI-RECO_CMSSW_6_2_0_SLHC12_2023Scenario_Case1/fa5ffd20b461790f8466430606d05ce8/out_reco_172_2_o9K.root
17-Jun-2014 23:15:10 CEST  Closed file file:/lustre/cms//store/user/calabria/calabria_SingleMuPt1000_GEN-SIM-DIGI-RECO_CMSSW_6_2_0_SLHC12_2023Scenario_Case1/calabria_SingleMuPt1000_GEN-SIM-DIGI-RECO_CMSSW_6_2_0_SLHC12_2023Scenario_Case1/fa5ffd20b461790f8466430606d05ce8/out_reco_172_2_o9K.root
17-Jun-2014 23:15:10 CEST  Initiating request to open file file:/lustre/cms//store/user/calabria/calabria_SingleMuPt1000_GEN-SIM-DIGI-RECO_CMSSW_6_2_0_SLHC12_2023Scenario_Case1/calabria_SingleMuPt1000_GEN-SIM-DIGI-RECO_CMSSW_6_2_0_SLHC12_2023Scenario_Case1/fa5ffd20b461790f8466430606d05ce8/out_reco_411_2_4xZ.root
17-Jun-2014 23:15:10 CEST  Successfully opened file file:/lustre/cms//store/user/calabria/calabria_SingleMuPt1000_GEN-SIM-DIGI-RECO_CMSSW_6_2_0_SLHC12_2023Scenario_Case1/calabria_SingleMuPt1000_GEN-SIM-DIGI-RECO_CMSSW_6_2_0_SLHC12_2023Scenario_Case1/fa5ffd20b461790f8466430606d05ce8/out_reco_411_2_4xZ.root
17-Jun-2014 23:15:55 CEST  Closed file file:/lustre/cms//store/user/calabria/calabria_SingleMuPt1000_GEN-SIM-DIGI-RECO_CMSSW_6_2_0_SLHC12_2023Scenario_Case1/calabria_SingleMuPt1000_GEN-SIM-DIGI-RECO_CMSSW_6_2_0_SLHC12_2023Scenario_Case1/fa5ffd20b461790f8466430606d05ce8/out_reco_411_2_4xZ.root

=============================================

MessageLogger Summary

 type     category        sev    module        subroutine        count    total
 ---- -------------------- -- ---------------- ----------------  -----    -----
    1 fileAction           -s file_close                             2        2
    2 fileAction           -s file_open                              4        4

 type    category    Examples: run/evt        run/evt          run/evt
 ---- -------------------- ---------------- ---------------- ----------------
    1 fileAction           PostProcessEvent PostEndRun       
    2 fileAction           pre-events       pre-events       PostProcessEvent

Severity    # Occurrences   Total Occurrences
--------    -------------   -----------------
System                  6                   6
>>> END OF printout of 26 lines from stdout+stderr
>>> Parse FrameworkJobReport crab_fjr.xml
Result of parsing the FrameworkJobReport crab_fjr.xml: Popularity start
lumisRange : 1::::1;1::::2;
lumisParentRange : 
Basename : /store/user/calabria/calabria_SingleMuPt1000_GEN-SIM-DIGI-RECO_CMSSW_6_2_0_SLHC12_2023Scenario_Case1/calabria_SingleMuPt1000_GEN-SIM-DIGI-RECO_CMSSW_6_2_0_SLHC12_2023Scenario_Case1/fa5ffd20b461790f8466430606d05ce8/out_reco_
BasenameParent : 
parentFiles : 
inputBlocks : /calabria_SingleMuPt1000_GEN-SIM-DIGI-RECO_CMSSW_6_2_0_SLHC12_2023Scenario_Case1/calabria-calabria_SingleMuPt1000_GEN-SIM-DIGI-RECO_CMSSW_6_2_0_SLHC12_2023Scenario_Case1-fa5ffd20b461790f8466430606d05ce8/USER#89ceba43-2926-4177-8401-61ae143077e3
inputFiles : 411_2_4xZ.root::1::EDM::Local::1;172_2_o9K.root::1::EDM::Local::2;
Popularity stop
Extracted ExitStatus from FrameworkJobReport parsing output: 0
>>> Executable succeded  0
ExeExitCode=0
EXECUTABLE_EXIT_STATUS = 0
>>> current directory /home/cms037/home_cream_881744514/CREAM881744514/glide_pyKc0v/execute/dir_8536/CMSSW_6_2_0_SLHC12
>>>  (SOFTWARE_DIR): /home/cms037/home_cream_881744514/CREAM881744514/glide_pyKc0v/execute/dir_8536/CMSSW_6_2_0_SLHC12
>>> (WORKING_DIR): 
>>> current directory content:
total 9976
drwxr-xr-x 3 cms037 cms    4096 Jun 17 23:13 .SCRAM
-rw------- 1 cms037 cms 3740429 Jun 17 23:13 CMSSW.py.pkl
drwxr-xr-x 3 cms037 cms    4096 Jun 17 23:13 bin
drwxr-xr-x 3 cms037 cms    4096 Jun 17 23:13 cfipython
drwxr-xr-x 4 cms037 cms    4096 Jun 17 23:13 config
-rw------- 1 cms037 cms      16 Jun 17 23:15 cpu_timing.txt
drwxr-xr-x 2 cms037 cms    4096 Jun 17 23:13 doc
-rw------- 1 cms037 cms    2715 Jun 17 23:15 executable.out
drwxr-xr-x 2 cms037 cms    4096 Jun 17 23:13 include
drwx------ 3 cms037 cms    4096 Apr 28 18:12 lib
drwxr-xr-x 3 cms037 cms    4096 Jun 17 23:13 logs
drwxr-xr-x 3 cms037 cms    4096 Jun 17 23:13 objs
-rw------- 1 cms037 cms     104 Jun 17 23:14 pset.py
-rw------- 1 cms037 cms 3710347 Jun 17 23:14 pset.py.pkl
-rw------- 1 cms037 cms     289 Jun 17 23:14 pset.pyc
drwxr-xr-x 2 cms037 cms    4096 Jun 17 23:13 python
-rw------- 1 cms037 cms     410 Jun 17 23:15 report.log
drwx------ 6 cms037 cms    4096 Jun 17 23:13 src
drwxr-xr-x 3 cms037 cms    4096 Jun 17 23:13 test
drwxr-xr-x 3 cms037 cms    4096 Jun 17 23:13 tmp
-rw------- 1 cms037 cms 2671922 Jun 17 23:15 validationEDM.root
>>> current directory /home/cms037/home_cream_881744514/CREAM881744514/glide_pyKc0v/execute/dir_8536/CMSSW_6_2_0_SLHC12
>>> (SOFTWARE_DIR): /home/cms037/home_cream_881744514/CREAM881744514/glide_pyKc0v/execute/dir_8536/CMSSW_6_2_0_SLHC12
>>> (WORKING_DIR): 
>>> current directory content:
total 9976
drwxr-xr-x 3 cms037 cms    4096 Jun 17 23:13 .SCRAM
-rw------- 1 cms037 cms 3740429 Jun 17 23:13 CMSSW.py.pkl
drwxr-xr-x 3 cms037 cms    4096 Jun 17 23:13 bin
drwxr-xr-x 3 cms037 cms    4096 Jun 17 23:13 cfipython
drwxr-xr-x 4 cms037 cms    4096 Jun 17 23:13 config
-rw------- 1 cms037 cms      16 Jun 17 23:15 cpu_timing.txt
drwxr-xr-x 2 cms037 cms    4096 Jun 17 23:13 doc
-rw------- 1 cms037 cms    2715 Jun 17 23:15 executable.out
drwxr-xr-x 2 cms037 cms    4096 Jun 17 23:13 include
drwx------ 3 cms037 cms    4096 Apr 28 18:12 lib
drwxr-xr-x 3 cms037 cms    4096 Jun 17 23:13 logs
drwxr-xr-x 3 cms037 cms    4096 Jun 17 23:13 objs
-rw------- 1 cms037 cms     104 Jun 17 23:14 pset.py
-rw------- 1 cms037 cms 3710347 Jun 17 23:14 pset.py.pkl
-rw------- 1 cms037 cms     289 Jun 17 23:14 pset.pyc
drwxr-xr-x 2 cms037 cms    4096 Jun 17 23:13 python
-rw------- 1 cms037 cms     410 Jun 17 23:15 report.log
drwx------ 6 cms037 cms    4096 Jun 17 23:13 src
drwxr-xr-x 3 cms037 cms    4096 Jun 17 23:13 test
drwxr-xr-x 3 cms037 cms    4096 Jun 17 23:13 tmp
-rw------- 1 cms037 cms 2671922 Jun 17 23:15 validationEDM_1_1_iG9.root
>>> current directory (RUNTIME_AREA):  /home/cms037/home_cream_881744514/CREAM881744514/glide_pyKc0v/execute/dir_8536
SE = storm-se-01.ba.infn.it
SE_PATH = /srm/managerv2?SFN=//cms/store/user/calabria/calabria_SingleMuPt1000_GEN-SIM-DIGI-RECO_CMSSW_6_2_0_SLHC12_2023Scenario_Case1/calabria_MuMinus1000_GEN-SIM-DIGI-RECO_CMSSW_6_2_0_SLHC12_2023Scenario_VALNOPU2_Case1/5854dd31cbd3cdec44c48628cc181cf0/
LFNBaseName = /store/user/calabria/calabria_SingleMuPt1000_GEN-SIM-DIGI-RECO_CMSSW_6_2_0_SLHC12_2023Scenario_Case1/calabria_MuMinus1000_GEN-SIM-DIGI-RECO_CMSSW_6_2_0_SLHC12_2023Scenario_VALNOPU2_Case1/5854dd31cbd3cdec44c48628cc181cf0/
USER = calabria
endpoint = srm://storm-se-01.ba.infn.it:8444/srm/managerv2?SFN=//cms/store/user/calabria/calabria_SingleMuPt1000_GEN-SIM-DIGI-RECO_CMSSW_6_2_0_SLHC12_2023Scenario_Case1/calabria_MuMinus1000_GEN-SIM-DIGI-RECO_CMSSW_6_2_0_SLHC12_2023Scenario_VALNOPU2_Case1/5854dd31cbd3cdec44c48628cc181cf0/
>>> Copy output files from WN = alicegrid50.ba.infn.it to /srm/managerv2?SFN=//cms/store/user/calabria/calabria_SingleMuPt1000_GEN-SIM-DIGI-RECO_CMSSW_6_2_0_SLHC12_2023Scenario_Case1/calabria_MuMinus1000_GEN-SIM-DIGI-RECO_CMSSW_6_2_0_SLHC12_2023Scenario_VALNOPU2_Case1/5854dd31cbd3cdec44c48628cc181cf0/ :
python cmscp.py  --destination srm://storm-se-01.ba.infn.it:8444/srm/managerv2?SFN=//cms/store/user/calabria/calabria_SingleMuPt1000_GEN-SIM-DIGI-RECO_CMSSW_6_2_0_SLHC12_2023Scenario_Case1/calabria_MuMinus1000_GEN-SIM-DIGI-RECO_CMSSW_6_2_0_SLHC12_2023Scenario_VALNOPU2_Case1/5854dd31cbd3cdec44c48628cc181cf0/ --inputFileList /home/cms037/home_cream_881744514/CREAM881744514/glide_pyKc0v/execute/dir_8536/CMSSW_6_2_0_SLHC12/validationEDM_1_1_iG9.root --middleware LCG --se_name storm-se-01.ba.infn.it --for_lfn /store/user/calabria/calabria_SingleMuPt1000_GEN-SIM-DIGI-RECO_CMSSW_6_2_0_SLHC12_2023Scenario_Case1/calabria_MuMinus1000_GEN-SIM-DIGI-RECO_CMSSW_6_2_0_SLHC12_2023Scenario_VALNOPU2_Case1/5854dd31cbd3cdec44c48628cc181cf0/    
******************************************************
localSeName  =  storm-se-01.ba.infn.it
remoteSeName =  storm-se-01.ba.infn.it
******************************************************
{"/home/cms037/home_cream_881744514/CREAM881744514/glide_pyKc0v/execute/dir_8536/CMSSW_6_2_0_SLHC12/validationEDM_1_1_iG9.root": {"endpoint": "srm://storm-se-01.ba.infn.it:8444/srm/managerv2?SFN=//cms/store/user/calabria/calabria_SingleMuPt1000_GEN-SIM-DIGI-RECO_CMSSW_6_2_0_SLHC12_2023Scenario_Case1/calabria_MuMinus1000_GEN-SIM-DIGI-RECO_CMSSW_6_2_0_SLHC12_2023Scenario_VALNOPU2_Case1/5854dd31cbd3cdec44c48628cc181cf0/", "surl_for_grid": "", "reason": "Copy succedeed with srm-lcg utils", "erCode": "0", "se_name": "storm-se-01.ba.infn.it", "for_lfn": "/store/user/calabria/calabria_SingleMuPt1000_GEN-SIM-DIGI-RECO_CMSSW_6_2_0_SLHC12_2023Scenario_Case1/calabria_MuMinus1000_GEN-SIM-DIGI-RECO_CMSSW_6_2_0_SLHC12_2023Scenario_VALNOPU2_Case1/5854dd31cbd3cdec44c48628cc181cf0/"}}/home/cms037/home_cream_881744514/CREAM881744514/glide_pyKc0v/execute/dir_8536
-------- cat /home/cms037/home_cream_881744514/CREAM881744514/glide_pyKc0v/execute/dir_8536/cmscpReport.sh 
#!/bin/bash
echo "Report for File: /home/cms037/home_cream_881744514/CREAM881744514/glide_pyKc0v/execute/dir_8536/CMSSW_6_2_0_SLHC12/validationEDM_1_1_iG9.root"
echo "LFN: /store/user/calabria/calabria_SingleMuPt1000_GEN-SIM-DIGI-RECO_CMSSW_6_2_0_SLHC12_2023Scenario_Case1/calabria_MuMinus1000_GEN-SIM-DIGI-RECO_CMSSW_6_2_0_SLHC12_2023Scenario_VALNOPU2_Case1/5854dd31cbd3cdec44c48628cc181cf0/validationEDM_1_1_iG9.root"
echo "StorageElement: storm-se-01.ba.infn.it"
echo "StageOutExitStatusReason = 'Copy succedeed with srm-lcg utils'" | tee -a $RUNTIME_AREA/$repo
echo "StageOutSE = storm-se-01.ba.infn.it" >> $RUNTIME_AREA/$repo

export StageOutExitStatus=0
echo "StageOutExitStatus = 0" | tee -a $RUNTIME_AREA/$repo
-------- end of /home/cms037/home_cream_881744514/CREAM881744514/glide_pyKc0v/execute/dir_8536/cmscpReport.sh 
Report for File: /home/cms037/home_cream_881744514/CREAM881744514/glide_pyKc0v/execute/dir_8536/CMSSW_6_2_0_SLHC12/validationEDM_1_1_iG9.root
LFN: /store/user/calabria/calabria_SingleMuPt1000_GEN-SIM-DIGI-RECO_CMSSW_6_2_0_SLHC12_2023Scenario_Case1/calabria_MuMinus1000_GEN-SIM-DIGI-RECO_CMSSW_6_2_0_SLHC12_2023Scenario_VALNOPU2_Case1/5854dd31cbd3cdec44c48628cc181cf0/validationEDM_1_1_iG9.root
StorageElement: storm-se-01.ba.infn.it
StageOutExitStatusReason = 'Copy succedeed with srm-lcg utils'
StageOutExitStatus = 0
>>> current dir: /home/cms037/home_cream_881744514/CREAM881744514/glide_pyKc0v/execute/dir_8536
>>> current dir content:
total 27668
-rw-------  1 cms037 cms     2787 Jun 17 23:16 .SEinteraction.log
-rwx------  1 cms037 cms     6822 Jun 17 23:13 .job.ad
-rwx------  1 cms037 cms     9456 Jun 17 23:13 .machine.ad
-rw-------  1 cms037 cms      105 Jun 16 20:52 CMSSW.py
-rw-------  1 cms037 cms  3740429 Jun 16 20:52 CMSSW.py.pkl
-rwx------  1 cms037 cms    29582 Jun 17 23:13 CMSSW.sh
drwxr-xr-x 15 cms037 cms     4096 Jun 17 23:16 CMSSW_6_2_0_SLHC12
-rw-------  1 cms037 cms      219 Jun 17 23:13 CacheEnv.sh
-rw-------  1 cms037 cms     7291 Apr  4 11:04 DashboardAPI.py
-rw-------  1 cms037 cms     6800 Jun 17 23:13 DashboardAPI.pyc
drwx------  2 cms037 cms     4096 Jun 17 23:15 IMProv
-rw-------  1 cms037 cms     2748 Apr  4 11:04 Logger.py
-rw-------  1 cms037 cms     3342 Jun 17 23:13 Logger.pyc
-rw-------  1 cms037 cms    24524 Apr  4 11:04 ProcInfo.py
-rw-------  1 cms037 cms    23173 Jun 17 23:13 ProcInfo.pyc
drwx------  7 cms037 cms     4096 Jun 17 23:14 ProdCommon
drwx------  3 cms037 cms     4096 Jun 17 23:13 WMCore
-rw-------  1 cms037 cms     1280 Jun 17 23:16 Watchdog_1.log
-rwx------  1 cms037 cms        0 Jun 17 23:13 _condor_stderr
-rwx---r--  1 cms037 cms    20050 Jun 17 23:16 _condor_stdout
-rw-------  1 cms037 cms    32895 Apr  4 11:04 apmon.py
-rw-------  1 cms037 cms    28596 Jun 17 23:13 apmon.pyc
-rwx------  1 cms037 cms    54677 Jun 17 23:13 arguments.xml
-rwx------  1 cms037 cms    38515 Apr  4 11:04 cmscp.py
-rw-------  1 cms037 cms      719 Jun 17 23:16 cmscpReport.sh
-rwx------  1 cms037 cms    29582 Jun 17 23:13 condor_exec.exe
-rw-------  1 cms037 cms      968 Jun 16 20:52 crab.cfg
-rwx------  1 cms037 cms     8610 Apr  4 11:04 crabWatchdog.sh
-rwx---r--  1 cms037 cms   114516 Jun 17 23:15 crab_fjr_1.xml
-rwx------  1 cms037 cms 23960019 Jun 17 23:13 default.tgz
-rwx------  1 cms037 cms     4488 Apr  4 11:04 fillCrabFjr.py
-rw-------  1 cms037 cms      769 Jun 17 23:14 inputsReport.txt
-rw-------  1 cms037 cms      261 Jun 17 23:16 jobreport.txt
-rw-------  1 cms037 cms    17352 Apr  4 11:04 parseCrabFjr.py
-rw-------  1 cms037 cms      331 Jun 17 23:13 report.log
-rwx--x--x  1 cms037 cms     1497 Apr  4 11:04 report.py
-rw-------  1 cms037 cms      778 Jun 17 23:16 resultCopyFile
lrwxrwxrwx  1 cms037 cms      124 Jun 17 23:16 validationEDM.root -> /home/cms037/home_cream_881744514/CREAM881744514/glide_pyKc0v/execute/dir_8536/CMSSW_6_2_0_SLHC12/validationEDM_1_1_iG9.root
-rwx------  1 cms037 cms     8387 Apr  4 11:04 writeCfg.py
-rw-------  1 cms037 cms     8010 Jun 17 23:13 x509up_u50707
>>> Modify Job Report:
CMSSW_VERSION = CMSSW_6_2_0_SLHC12
ProcessedDataset = calabria_MuMinus1000_GEN-SIM-DIGI-RECO_CMSSW_6_2_0_SLHC12_2023Scenario_VALNOPU2_Case1
/home/cms037/home_cream_881744514/CREAM881744514/glide_pyKc0v/execute/dir_8536/ProdCommon/FwkJobRep/ModifyJobReport.py fjr /home/cms037/home_cream_881744514/CREAM881744514/glide_pyKc0v/execute/dir_8536/crab_fjr_1.xml json /home/cms037/home_cream_881744514/CREAM881744514/glide_pyKc0v/execute/dir_8536/resultCopyFile n_job 1_1_iG9 PrimaryDataset calabria_SingleMuPt1000_GEN-SIM-DIGI-RECO_CMSSW_6_2_0_SLHC12_2023Scenario_Case1  ApplicationFamily cmsRun ApplicationName cmsRun cmssw_version CMSSW_6_2_0_SLHC12 psethash 5854dd31cbd3cdec44c48628cc181cf0 UserProcessedDataset calabria-calabria_MuMinus1000_GEN-SIM-DIGI-RECO_CMSSW_6_2_0_SLHC12_2023Scenario_VALNOPU2_Case1-5854dd31cbd3cdec44c48628cc181cf0
inputDict =  {u'/home/cms037/home_cream_881744514/CREAM881744514/glide_pyKc0v/execute/dir_8536/CMSSW_6_2_0_SLHC12/validationEDM_1_1_iG9.root': {u'endpoint': u'srm://storm-se-01.ba.infn.it:8444/srm/managerv2?SFN=//cms/store/user/calabria/calabria_SingleMuPt1000_GEN-SIM-DIGI-RECO_CMSSW_6_2_0_SLHC12_2023Scenario_Case1/calabria_MuMinus1000_GEN-SIM-DIGI-RECO_CMSSW_6_2_0_SLHC12_2023Scenario_VALNOPU2_Case1/5854dd31cbd3cdec44c48628cc181cf0/', u'surl_for_grid': u'', u'reason': u'Copy succedeed with srm-lcg utils', u'erCode': u'0', u'se_name': u'storm-se-01.ba.infn.it', u'for_lfn': u'/store/user/calabria/calabria_SingleMuPt1000_GEN-SIM-DIGI-RECO_CMSSW_6_2_0_SLHC12_2023Scenario_Case1/calabria_MuMinus1000_GEN-SIM-DIGI-RECO_CMSSW_6_2_0_SLHC12_2023Scenario_VALNOPU2_Case1/5854dd31cbd3cdec44c48628cc181cf0/'}}
UserProcessedDataset =  calabria-calabria_MuMinus1000_GEN-SIM-DIGI-RECO_CMSSW_6_2_0_SLHC12_2023Scenario_VALNOPU2_Case1-5854dd31cbd3cdec44c48628cc181cf0
file_name in inputDict =  /home/cms037/home_cream_881744514/CREAM881744514/glide_pyKc0v/execute/dir_8536/CMSSW_6_2_0_SLHC12/validationEDM_1_1_iG9.root
(size) os.stat(filename)[6] =  2671922
checksum =  192890443
    file =  validationEDM_1_1_iG9.root
    newPfn =  srm://storm-se-01.ba.infn.it:8444/srm/managerv2?SFN=//cms/store/user/calabria/calabria_SingleMuPt1000_GEN-SIM-DIGI-RECO_CMSSW_6_2_0_SLHC12_2023Scenario_Case1/calabria_MuMinus1000_GEN-SIM-DIGI-RECO_CMSSW_6_2_0_SLHC12_2023Scenario_VALNOPU2_Case1/5854dd31cbd3cdec44c48628cc181cf0/validationEDM_1_1_iG9.root
    newLfn =  /store/user/calabria/calabria_SingleMuPt1000_GEN-SIM-DIGI-RECO_CMSSW_6_2_0_SLHC12_2023Scenario_Case1/calabria_MuMinus1000_GEN-SIM-DIGI-RECO_CMSSW_6_2_0_SLHC12_2023Scenario_VALNOPU2_Case1/5854dd31cbd3cdec44c48628cc181cf0/validationEDM_1_1_iG9.root
>>> crab_fjr_*.xml  permission set to 0704
CrabWrapper EXIT_FUNC entered at Tue Jun 17 23:16:49 CEST 2014   -  Tue Jun 17 21:16:49 UTC 2014
Checking output files:  
will tar file crab_fjr_1.xml in  out_files_1
WARNING: output file CMSSW_1.stdout not found!
WARNING: output file CMSSW_1.stderr not found!
WARNING: output file Watchdog_1.log.gz not found!
>>> padding time: Sleeping the wrapper for 418 seconds
STOPPING WATCHDOG. CrabWatchdog PID is 9727
********** LAST 50 LINES OF WATCHDOG LOG
# RESOURCE USAGE SUMMARY FOR PROCESS ID  9189
USER       PID %CPU %MEM    VSZ   RSS TTY      STAT START   TIME COMMAND
cms037    9189  0.3  0.0   9496  1600 ?        S    23:13   0:00 /bin/sh /home/cms037/home_cream_881744514/CREAM881744514/glide_pyKc0v/execute/dir_8536/condor_exec.exe 1 1
 
# LIMITS USED BY CRAB WATCHDOG:
# RSS  (KBytes)   : 2300000
# VSZ  (KBytes)   : 100000000
# DISK (MBytes)   : 19000
# CPU TIME        : 720h:0m:0s
# WALL CLOCK TIME : 21h:50m:0s
 
# FOLLOWING PRINTOUT TRACKS MAXIMUM VALUES OF RESOURCES USE
# ONE LINE IS PRINTED EACH TIME A MAXIMUM CHANGES
# IF CHANGE WAS IN RSS OR VSZ ALSO PROCID AND COMMAND ARE PRINTED
# THERE IS NO PRINTOUT FOR CPU/WALL TIME INCREASE
 
# TIME			PID	RSS(KB)	VSZ(KB)	Dsk(MB)	tCPU(s)	tWALL(s)	COMMAND
 Jun 17 23:13:52 CEST	8536	8420	93612	0	0	0	condor_starter -f submit-4.t2.ucsd.edu        
 Jun 17 23:13:52 CEST	9740	49336	115468	0	1	1	edmConfigHash pset.py         
 Jun 17 23:13:52 CEST	---	49336	115468	171	----	----	----
 Jun 17 23:14:56 CEST	10096	771152	987216	171	32	65	cmsRun -j /home/cms037/home_cream_881744514/CREAM881744514/glide_pyKc0v/execute/dir_8536/crab_fjr_1.xml -p pset.py      
 Jun 17 23:14:56 CEST	---	771152	987216	175	----	----	----
 Jun 17 23:15:59 CEST	---	771152	987216	177	----	----	----
 Jun 17 23:17:00 CEST	---	771152	987216	178	----	----	----
********** WATCHDOG LOG ENDED
ZIPPING WATCHDOG LOG
Disk space used:
du -sh /home/cms037/home_cream_881744514/CREAM881744514/glide_pyKc0v/execute/dir_8536
178M	/home/cms037/home_cream_881744514/CREAM881744514/glide_pyKc0v/execute/dir_8536
Found unusual stdout, rename for OSB
`/home/cms037/home_cream_881744514/CREAM881744514/glide_pyKc0v/execute/dir_8536/_condor_stdout' -> `CMSSW_1.stdout'
Found unusual stderr, rename for OSB
`/home/cms037/home_cream_881744514/CREAM881744514/glide_pyKc0v/execute/dir_8536/_condor_stdout' -> `CMSSW_1.stderr'
crab_fjr_1.xml
CMSSW_1.stdout
CMSSW_1.stderr
Watchdog_1.log.gz
Total Output dimension: 20175
WARNING: output files size limit is set to: 50000000
Total Output dimension 20175 is fine.
JOB_EXIT_STATUS = 0
>>> info for dashboard:
***** Cat /home/cms037/home_cream_881744514/CREAM881744514/glide_pyKc0v/execute/dir_8536/jobreport.txt *****
MonitorJobID=1_https://submit-4.t2.ucsd.edu//140616//222476.0
MonitorID=calabria_MuMinus1000_Case1_ReReco_a18y2p
ExeTime=107
ExeExitCode=0
StageOutExitStatusReason = 'Copy succedeed with srm-lcg utils'
StageOutSE = storm-se-01.ba.infn.it
StageOutExitStatus = 0
CrabUserCpuTime=76.61
CrabSysCpuTime=10.17
CrabCpuPercentage=81%
CrabWrapperTime=600
CrabStageoutTime=48
JobExitCode=0
***** End Cat jobreport *****
Parameters sent to Dashboard.
EXITING at Tue Jun 17 23:23:49 CEST 2014  -  Tue Jun 17 21:23:49 UTC 2014
