This script was generated by crab (version 2.10.5_patch1).
Running /home/cms040/home_cream_682359883/CREAM682359883/glide_iF6QwV/execute/dir_2586/condor_exec.exe with 2 positional parameters: 4 1
Today is Tue Jun 17 23:13:58 CEST 2014 - Tue Jun 17 21:13:58 UTC 2014
Job submitted on host alicegrid98.ba.infn.it
Linux alicegrid98.ba.infn.it 2.6.32-358.23.2.el6.x86_64 #1 SMP Thu Oct 17 10:27:22 CEST 2013 x86_64 x86_64 x86_64 GNU/Linux
>>> current directory (RUNTIME_AREA): /home/cms040/home_cream_682359883/CREAM682359883/glide_iF6QwV/execute/dir_2586
>>> current user: uid=18598(cms040) gid=1399(cms) groups=1399(cms)
>>> directory permission set to 0700
>>> umask set to:  u=rwx,g=,o=
>>> stdout stderr permission set to 0704
>>> voms proxy information:
subject   : /C=IT/O=INFN/OU=Personal Certificate/L=Bari/CN=Cesare Calabria/CN=477126703/CN=2139437451
issuer    : /C=IT/O=INFN/OU=Personal Certificate/L=Bari/CN=Cesare Calabria/CN=477126703
identity  : /C=IT/O=INFN/OU=Personal Certificate/L=Bari/CN=Cesare Calabria
type      : RFC3820 compliant limited proxy
strength  : 1024
path      : /home/cms040/home_cream_682359883/CREAM682359883/glide_iF6QwV/execute/dir_2586/x509up_u50707
timeleft  : 23:59:47
key usage : Digital Signature, Key Encipherment, Data Encipherment
=== VO cms extension information ===
VO        : cms
subject   : /C=IT/O=INFN/OU=Personal Certificate/L=Bari/CN=Cesare Calabria
issuer    : /DC=ch/DC=cern/OU=computers/CN=voms.cern.ch
attribute : /cms/Role=NULL/Capability=NULL
attribute : /cms/itcms/Role=NULL/Capability=NULL
timeleft  : 156:10:20
uri       : voms.cern.ch:15002

WNHostName=alicegrid98.ba.infn.it
>>> tar --no-same-permissions -xf /home/cms040/home_cream_682359883/CREAM682359883/glide_iF6QwV/execute/dir_2586/default.tgz :
Successful untar
>>> Include /home/cms040/home_cream_682359883/CREAM682359883/glide_iF6QwV/execute/dir_2586 in PYTHONPATH:
strip arguments
env var CRAB_UNIQUE_JOB_ID set to: calabria_MuMinus1000_Case1_ReReco_a18y2p_4_1_X0p
out_files_4
>>> list of expected files on output sandbox
output files: crab_fjr_4.xml CMSSW_4.stdout CMSSW_4.stderr Watchdog_4.log.gz
>>> GridFlavour discovery: 
GridFlavour=LCG
>>> SyncSite discovery: 
SyncSite=T2_IT_Bari
>>> SyncCE discovery: 
getting SyncCE from CE_ID
SyncCE=cream-ce-2.ba.infn.it:8443/cream-pbs-cms
>>> info for dashboard:
***** Cat /home/cms040/home_cream_682359883/CREAM682359883/glide_iF6QwV/execute/dir_2586/jobreport.txt *****
WNHostName=alicegrid98.ba.infn.it
MonitorJobID=4_https://submit-4.t2.ucsd.edu//140616//222476.3
SyncGridJobId=https://submit-4.t2.ucsd.edu//140616//222476.3
MonitorID=calabria_MuMinus1000_Case1_ReReco_a18y2p
GridFlavour=LCG
SyncSite=T2_IT_Bari
SyncCE=cream-ce-2.ba.infn.it:8443/cream-pbs-cms
***** End Cat jobreport *****
Parameters sent to Dashboard.
>>> setup environment
set SCRAM ARCH to slc5_amd64_gcc472
SCRAM_ARCH = slc5_amd64_gcc472
>>> setup CMS LCG environment:
set SCRAM ARCH and BUILD_ARCH to slc5_amd64_gcc472 ###
Sourcing environment... 
sourcing /cvmfs/cms.cern.ch/cmsset_default.sh
==> setup cms environment ok
>>> specific cmssw setup environment:
CMSSW_VERSION =  CMSSW_6_2_0_SLHC12
>>> current directory (SOFTWARE_DIR): /home/cms040/home_cream_682359883/CREAM682359883/glide_iF6QwV/execute/dir_2586/CMSSW_6_2_0_SLHC12
PreserveSeeds: <>
IncrementSeeds:<>
>>> info for dashboard:
***** Cat /home/cms040/home_cream_682359883/CREAM682359883/glide_iF6QwV/execute/dir_2586/jobreport.txt *****
MonitorJobID=4_https://submit-4.t2.ucsd.edu//140616//222476.3
MonitorID=calabria_MuMinus1000_Case1_ReReco_a18y2p
***** End Cat jobreport *****
Parameters sent to Dashboard.
crabWatchdog started as process 2950
>>> moving CMSSW software directories in /home/cms040/home_cream_682359883/CREAM682359883/glide_iF6QwV/execute/dir_2586/CMSSW_6_2_0_SLHC12
mv: cannot stat `/home/cms040/home_cream_682359883/CREAM682359883/glide_iF6QwV/execute/dir_2586/module/': No such file or directory
>>> Include /home/cms040/home_cream_682359883/CREAM682359883/glide_iF6QwV/execute/dir_2586 in PYTHONPATH:
PYTHONPATH=/home/cms040/home_cream_682359883/CREAM682359883/glide_iF6QwV/execute/dir_2586/:/home/cms040/home_cream_682359883/CREAM682359883/glide_iF6QwV/execute/dir_2586/CMSSW_6_2_0_SLHC12/python:/home/cms040/home_cream_682359883/CREAM682359883/glide_iF6QwV/execute/dir_2586/CMSSW_6_2_0_SLHC12/lib/slc5_amd64_gcc472:/cvmfs/cms.cern.ch/slc5_amd64_gcc472/cms/cmssw/CMSSW_6_2_0_SLHC12/python:/cvmfs/cms.cern.ch/slc5_amd64_gcc472/cms/cmssw/CMSSW_6_2_0_SLHC12/lib/slc5_amd64_gcc472:/cvmfs/cms.cern.ch/slc5_amd64_gcc472/cms/coral/CORAL_2_3_21-cms36/slc5_amd64_gcc472/python:/cvmfs/cms.cern.ch/slc5_amd64_gcc472/cms/coral/CORAL_2_3_21-cms36/slc5_amd64_gcc472/lib:/cvmfs/cms.cern.ch/slc5_amd64_gcc472/external/pyqt/4.8.1-cms6/lib/python2.7/site-packages:/cvmfs/cms.cern.ch/slc5_amd64_gcc472/external/py2-scipy/0.8.0-cms8/lib/python2.7/site-packages:/cvmfs/cms.cern.ch/slc5_amd64_gcc472/external/py2-matplotlib/1.0.1-cms8/lib/python2.7/site-packages:/cvmfs/cms.cern.ch/slc5_amd64_gcc472/external/python-ldap/2.3.5-cms6/lib/python2.7/site-packages:/cvmfs/cms.cern.ch/slc5_amd64_gcc472/external/sip/4.11.2-cms6/lib/python2.7/site-packages:/cvmfs/cms.cern.ch/slc5_amd64_gcc472/external/py2-pycurl/7.19.0-cms8/lib/python2.7/site-packages:/cvmfs/cms.cern.ch/slc5_amd64_gcc472/external/py2-numpy/1.6.1-cms8/lib/python2.7/site-packages:/cvmfs/cms.cern.ch/slc5_amd64_gcc472/external/py2-lint/0.25.1-cms6/lib/python2.7/site-packages:/cvmfs/cms.cern.ch/slc5_amd64_gcc472/external/py2-ipython/0.10-cms6/lib/python2.7/site-packages:/cvmfs/cms.cern.ch/slc5_amd64_gcc472/external/py2-cx-oracle/5.1-cms7/lib/python2.7/site-packages:/cvmfs/cms.cern.ch/slc5_amd64_gcc472/external/py2-cjson/1.0.5-cms6/lib/python2.7/site-packages:/cvmfs/cms.cern.ch/slc5_amd64_gcc472/cms/das-client/1.11.7/bin:/cvmfs/cms.cern.ch/slc5_amd64_gcc472/external/elementtree/1.2.6-cms6/share/lib/python2.7/site-packages:/cvmfs/cms.cern.ch/slc5_amd64_gcc472/external/rivet/1.8.2-cms8/lib/python2.7/site-packages:/cvmfs/cms.cern.ch/slc5_amd64_gcc472/external/pyminuit2/0.0.1-cms19/lib/python2.7/site-packages:/cvmfs/cms.cern.ch/slc5_amd64_gcc472/external/py2-pygithub/1.23.0/lib/python2.7/site-packages:/cvmfs/cms.cern.ch/slc5_amd64_gcc472/external/professor/1.0.0-cms19/lib/python2.7/site-packages:/cvmfs/cms.cern.ch/slc5_amd64_gcc472/lcg/root/5.34.07-cms/lib:/cvmfs/cms.cern.ch/slc5_amd64_gcc472/cms/dbs-client/DBS_2_1_9-cms5/lib:/cvmfs/cms.cern.ch/slc5_amd64_gcc472/cms/dbs-client/DBS_2_1_9-cms5/lib/DBSAPI:/cvmfs/cms.cern.ch/slc5_amd64_gcc472/external/cvs2git/5419-cms/lib:/home/cms040/home_cream_682359883/CREAM682359883/glide_iF6QwV/execute/dir_2586/
 
# LIMITS USED BY CRAB WATCHDOG:
# RSS  (KBytes)   : 2300000
# VSZ  (KBytes)   : 100000000
# DISK (MBytes)   : 19000
# CPU TIME        : 720h:0m:0s
# WALL CLOCK TIME : 21h:50m:0s
 
5854dd31cbd3cdec44c48628cc181cf0
PSETHASH = 5854dd31cbd3cdec44c48628cc181cf0
/home/cms040/home_cream_682359883/CREAM682359883/glide_iF6QwV/execute/dir_2586/writeCfg.py pset.py pset.py
Importing .py file
Setting parameters
RandomNumberGeneratorService found, will attempt to change seeds
inputBlocks=/calabria_SingleMuPt1000_GEN-SIM-DIGI-RECO_CMSSW_6_2_0_SLHC12_2023Scenario_Case1/calabria-calabria_SingleMuPt1000_GEN-SIM-DIGI-RECO_CMSSW_6_2_0_SLHC12_2023Scenario_Case1-fa5ffd20b461790f8466430606d05ce8/USER#21ff40e4-8e60-4967-9f13-befa18759774
inputFiles=/store/user/calabria/calabria_SingleMuPt1000_GEN-SIM-DIGI-RECO_CMSSW_6_2_0_SLHC12_2023Scenario_Case1/calabria_SingleMuPt1000_GEN-SIM-DIGI-RECO_CMSSW_6_2_0_SLHC12_2023Scenario_Case1/fa5ffd20b461790f8466430606d05ce8/out_reco_245_1_Kj5.root;/store/user/calabria/calabria_SingleMuPt1000_GEN-SIM-DIGI-RECO_CMSSW_6_2_0_SLHC12_2023Scenario_Case1/calabria_SingleMuPt1000_GEN-SIM-DIGI-RECO_CMSSW_6_2_0_SLHC12_2023Scenario_Case1/fa5ffd20b461790f8466430606d05ce8/out_reco_246_1_jKz.root;/store/user/calabria/calabria_SingleMuPt1000_GEN-SIM-DIGI-RECO_CMSSW_6_2_0_SLHC12_2023Scenario_Case1/calabria_SingleMuPt1000_GEN-SIM-DIGI-RECO_CMSSW_6_2_0_SLHC12_2023Scenario_Case1/fa5ffd20b461790f8466430606d05ce8/out_reco_247_2_BSQ.root;/store/user/calabria/calabria_SingleMuPt1000_GEN-SIM-DIGI-RECO_CMSSW_6_2_0_SLHC12_2023Scenario_Case1/calabria_SingleMuPt1000_GEN-SIM-DIGI-RECO_CMSSW_6_2_0_SLHC12_2023Scenario_Case1/fa5ffd20b461790f8466430606d05ce8/out_reco_248_1_1Vq.root;/store/user/calabria/calabria_SingleMuPt1000_GEN-SIM-DIGI-RECO_CMSSW_6_2_0_SLHC12_2023Scenario_Case1/calabria_SingleMuPt1000_GEN-SIM-DIGI-RECO_CMSSW_6_2_0_SLHC12_2023Scenario_Case1/fa5ffd20b461790f8466430606d05ce8/out_reco_249_1_AeB.root;/store/user/calabria/calabria_SingleMuPt1000_GEN-SIM-DIGI-RECO_CMSSW_6_2_0_SLHC12_2023Scenario_Case1/calabria_SingleMuPt1000_GEN-SIM-DIGI-RECO_CMSSW_6_2_0_SLHC12_2023Scenario_Case1/fa5ffd20b461790f8466430606d05ce8/out_reco_250_2_VHN.root;/store/user/calabria/calabria_SingleMuPt1000_GEN-SIM-DIGI-RECO_CMSSW_6_2_0_SLHC12_2023Scenario_Case1/calabria_SingleMuPt1000_GEN-SIM-DIGI-RECO_CMSSW_6_2_0_SLHC12_2023Scenario_Case1/fa5ffd20b461790f8466430606d05ce8/out_reco_252_2_apV.root;/store/user/calabria/calabria_SingleMuPt1000_GEN-SIM-DIGI-RECO_CMSSW_6_2_0_SLHC12_2023Scenario_Case1/calabria_SingleMuPt1000_GEN-SIM-DIGI-RECO_CMSSW_6_2_0_SLHC12_2023Scenario_Case1/fa5ffd20b461790f8466430606d05ce8/out_reco_253_2_c2U.root;/store/user/calabria/calabria_SingleMuPt1000_GEN-SIM-DIGI-RECO_CMSSW_6_2_0_SLHC12_2023Scenario_Case1/calabria_SingleMuPt1000_GEN-SIM-DIGI-RECO_CMSSW_6_2_0_SLHC12_2023Scenario_Case1/fa5ffd20b461790f8466430606d05ce8/out_reco_254_2_0JF.root;/store/user/calabria/calabria_SingleMuPt1000_GEN-SIM-DIGI-RECO_CMSSW_6_2_0_SLHC12_2023Scenario_Case1/calabria_SingleMuPt1000_GEN-SIM-DIGI-RECO_CMSSW_6_2_0_SLHC12_2023Scenario_Case1/fa5ffd20b461790f8466430606d05ce8/out_reco_256_1_HAv.root
parentFiles=
lumisRange=
>>> Executable cmsRun
/cvmfs/cms.cern.ch/slc5_amd64_gcc472/cms/cmssw/CMSSW_6_2_0_SLHC12/bin/slc5_amd64_gcc472/cmsRun
ok executable found
>>> info for dashboard:
***** Cat /home/cms040/home_cream_682359883/CREAM682359883/glide_iF6QwV/execute/dir_2586/jobreport.txt *****
MonitorJobID=4_https://submit-4.t2.ucsd.edu//140616//222476.3
MonitorID=calabria_MuMinus1000_Case1_ReReco_a18y2p
ExeStart=cmsRun
***** End Cat jobreport *****
Parameters sent to Dashboard.
>>> cmsRun started at Tue Jun 17 21:14:21 UTC 2014
>>> cmsRun ended at Tue Jun 17 21:22:26 UTC 2014
>>> crab_fjr_*.xml  permission set to 0704
>>> info for dashboard:
***** Cat /home/cms040/home_cream_682359883/CREAM682359883/glide_iF6QwV/execute/dir_2586/jobreport.txt *****
MonitorJobID=4_https://submit-4.t2.ucsd.edu//140616//222476.3
MonitorID=calabria_MuMinus1000_Case1_ReReco_a18y2p
ExeEnd=cmsRun
***** End Cat jobreport *****
Parameters sent to Dashboard.
TIME_EXE = 485 sec
>>> cmsRun wrote 50 lines of stdout+stderr
>>> START OF printout of 50 lines from stdout+stderr
271 DQMStore::DQMStore 
HcalTopologyIdealEP::HcalTopologyIdealEP
17-Jun-2014 23:14:38 CEST  Initiating request to open file file:/lustre/cms//store/user/calabria/calabria_SingleMuPt1000_GEN-SIM-DIGI-RECO_CMSSW_6_2_0_SLHC12_2023Scenario_Case1/calabria_SingleMuPt1000_GEN-SIM-DIGI-RECO_CMSSW_6_2_0_SLHC12_2023Scenario_Case1/fa5ffd20b461790f8466430606d05ce8/out_reco_245_1_Kj5.root
17-Jun-2014 23:14:40 CEST  Successfully opened file file:/lustre/cms//store/user/calabria/calabria_SingleMuPt1000_GEN-SIM-DIGI-RECO_CMSSW_6_2_0_SLHC12_2023Scenario_Case1/calabria_SingleMuPt1000_GEN-SIM-DIGI-RECO_CMSSW_6_2_0_SLHC12_2023Scenario_Case1/fa5ffd20b461790f8466430606d05ce8/out_reco_245_1_Kj5.root
17-Jun-2014 23:15:21 CEST  Closed file file:/lustre/cms//store/user/calabria/calabria_SingleMuPt1000_GEN-SIM-DIGI-RECO_CMSSW_6_2_0_SLHC12_2023Scenario_Case1/calabria_SingleMuPt1000_GEN-SIM-DIGI-RECO_CMSSW_6_2_0_SLHC12_2023Scenario_Case1/fa5ffd20b461790f8466430606d05ce8/out_reco_245_1_Kj5.root
17-Jun-2014 23:15:21 CEST  Initiating request to open file file:/lustre/cms//store/user/calabria/calabria_SingleMuPt1000_GEN-SIM-DIGI-RECO_CMSSW_6_2_0_SLHC12_2023Scenario_Case1/calabria_SingleMuPt1000_GEN-SIM-DIGI-RECO_CMSSW_6_2_0_SLHC12_2023Scenario_Case1/fa5ffd20b461790f8466430606d05ce8/out_reco_246_1_jKz.root
17-Jun-2014 23:15:21 CEST  Successfully opened file file:/lustre/cms//store/user/calabria/calabria_SingleMuPt1000_GEN-SIM-DIGI-RECO_CMSSW_6_2_0_SLHC12_2023Scenario_Case1/calabria_SingleMuPt1000_GEN-SIM-DIGI-RECO_CMSSW_6_2_0_SLHC12_2023Scenario_Case1/fa5ffd20b461790f8466430606d05ce8/out_reco_246_1_jKz.root
17-Jun-2014 23:15:55 CEST  Closed file file:/lustre/cms//store/user/calabria/calabria_SingleMuPt1000_GEN-SIM-DIGI-RECO_CMSSW_6_2_0_SLHC12_2023Scenario_Case1/calabria_SingleMuPt1000_GEN-SIM-DIGI-RECO_CMSSW_6_2_0_SLHC12_2023Scenario_Case1/fa5ffd20b461790f8466430606d05ce8/out_reco_246_1_jKz.root
17-Jun-2014 23:15:55 CEST  Initiating request to open file file:/lustre/cms//store/user/calabria/calabria_SingleMuPt1000_GEN-SIM-DIGI-RECO_CMSSW_6_2_0_SLHC12_2023Scenario_Case1/calabria_SingleMuPt1000_GEN-SIM-DIGI-RECO_CMSSW_6_2_0_SLHC12_2023Scenario_Case1/fa5ffd20b461790f8466430606d05ce8/out_reco_247_2_BSQ.root
17-Jun-2014 23:15:56 CEST  Successfully opened file file:/lustre/cms//store/user/calabria/calabria_SingleMuPt1000_GEN-SIM-DIGI-RECO_CMSSW_6_2_0_SLHC12_2023Scenario_Case1/calabria_SingleMuPt1000_GEN-SIM-DIGI-RECO_CMSSW_6_2_0_SLHC12_2023Scenario_Case1/fa5ffd20b461790f8466430606d05ce8/out_reco_247_2_BSQ.root
17-Jun-2014 23:16:44 CEST  Closed file file:/lustre/cms//store/user/calabria/calabria_SingleMuPt1000_GEN-SIM-DIGI-RECO_CMSSW_6_2_0_SLHC12_2023Scenario_Case1/calabria_SingleMuPt1000_GEN-SIM-DIGI-RECO_CMSSW_6_2_0_SLHC12_2023Scenario_Case1/fa5ffd20b461790f8466430606d05ce8/out_reco_247_2_BSQ.root
17-Jun-2014 23:16:44 CEST  Initiating request to open file file:/lustre/cms//store/user/calabria/calabria_SingleMuPt1000_GEN-SIM-DIGI-RECO_CMSSW_6_2_0_SLHC12_2023Scenario_Case1/calabria_SingleMuPt1000_GEN-SIM-DIGI-RECO_CMSSW_6_2_0_SLHC12_2023Scenario_Case1/fa5ffd20b461790f8466430606d05ce8/out_reco_248_1_1Vq.root
17-Jun-2014 23:16:44 CEST  Successfully opened file file:/lustre/cms//store/user/calabria/calabria_SingleMuPt1000_GEN-SIM-DIGI-RECO_CMSSW_6_2_0_SLHC12_2023Scenario_Case1/calabria_SingleMuPt1000_GEN-SIM-DIGI-RECO_CMSSW_6_2_0_SLHC12_2023Scenario_Case1/fa5ffd20b461790f8466430606d05ce8/out_reco_248_1_1Vq.root
17-Jun-2014 23:17:15 CEST  Closed file file:/lustre/cms//store/user/calabria/calabria_SingleMuPt1000_GEN-SIM-DIGI-RECO_CMSSW_6_2_0_SLHC12_2023Scenario_Case1/calabria_SingleMuPt1000_GEN-SIM-DIGI-RECO_CMSSW_6_2_0_SLHC12_2023Scenario_Case1/fa5ffd20b461790f8466430606d05ce8/out_reco_248_1_1Vq.root
17-Jun-2014 23:17:15 CEST  Initiating request to open file file:/lustre/cms//store/user/calabria/calabria_SingleMuPt1000_GEN-SIM-DIGI-RECO_CMSSW_6_2_0_SLHC12_2023Scenario_Case1/calabria_SingleMuPt1000_GEN-SIM-DIGI-RECO_CMSSW_6_2_0_SLHC12_2023Scenario_Case1/fa5ffd20b461790f8466430606d05ce8/out_reco_249_1_AeB.root
17-Jun-2014 23:17:15 CEST  Successfully opened file file:/lustre/cms//store/user/calabria/calabria_SingleMuPt1000_GEN-SIM-DIGI-RECO_CMSSW_6_2_0_SLHC12_2023Scenario_Case1/calabria_SingleMuPt1000_GEN-SIM-DIGI-RECO_CMSSW_6_2_0_SLHC12_2023Scenario_Case1/fa5ffd20b461790f8466430606d05ce8/out_reco_249_1_AeB.root
17-Jun-2014 23:17:57 CEST  Closed file file:/lustre/cms//store/user/calabria/calabria_SingleMuPt1000_GEN-SIM-DIGI-RECO_CMSSW_6_2_0_SLHC12_2023Scenario_Case1/calabria_SingleMuPt1000_GEN-SIM-DIGI-RECO_CMSSW_6_2_0_SLHC12_2023Scenario_Case1/fa5ffd20b461790f8466430606d05ce8/out_reco_249_1_AeB.root
17-Jun-2014 23:17:57 CEST  Initiating request to open file file:/lustre/cms//store/user/calabria/calabria_SingleMuPt1000_GEN-SIM-DIGI-RECO_CMSSW_6_2_0_SLHC12_2023Scenario_Case1/calabria_SingleMuPt1000_GEN-SIM-DIGI-RECO_CMSSW_6_2_0_SLHC12_2023Scenario_Case1/fa5ffd20b461790f8466430606d05ce8/out_reco_250_2_VHN.root
17-Jun-2014 23:17:57 CEST  Successfully opened file file:/lustre/cms//store/user/calabria/calabria_SingleMuPt1000_GEN-SIM-DIGI-RECO_CMSSW_6_2_0_SLHC12_2023Scenario_Case1/calabria_SingleMuPt1000_GEN-SIM-DIGI-RECO_CMSSW_6_2_0_SLHC12_2023Scenario_Case1/fa5ffd20b461790f8466430606d05ce8/out_reco_250_2_VHN.root
17-Jun-2014 23:18:33 CEST  Closed file file:/lustre/cms//store/user/calabria/calabria_SingleMuPt1000_GEN-SIM-DIGI-RECO_CMSSW_6_2_0_SLHC12_2023Scenario_Case1/calabria_SingleMuPt1000_GEN-SIM-DIGI-RECO_CMSSW_6_2_0_SLHC12_2023Scenario_Case1/fa5ffd20b461790f8466430606d05ce8/out_reco_250_2_VHN.root
17-Jun-2014 23:18:33 CEST  Initiating request to open file file:/lustre/cms//store/user/calabria/calabria_SingleMuPt1000_GEN-SIM-DIGI-RECO_CMSSW_6_2_0_SLHC12_2023Scenario_Case1/calabria_SingleMuPt1000_GEN-SIM-DIGI-RECO_CMSSW_6_2_0_SLHC12_2023Scenario_Case1/fa5ffd20b461790f8466430606d05ce8/out_reco_252_2_apV.root
17-Jun-2014 23:18:34 CEST  Successfully opened file file:/lustre/cms//store/user/calabria/calabria_SingleMuPt1000_GEN-SIM-DIGI-RECO_CMSSW_6_2_0_SLHC12_2023Scenario_Case1/calabria_SingleMuPt1000_GEN-SIM-DIGI-RECO_CMSSW_6_2_0_SLHC12_2023Scenario_Case1/fa5ffd20b461790f8466430606d05ce8/out_reco_252_2_apV.root
17-Jun-2014 23:19:05 CEST  Closed file file:/lustre/cms//store/user/calabria/calabria_SingleMuPt1000_GEN-SIM-DIGI-RECO_CMSSW_6_2_0_SLHC12_2023Scenario_Case1/calabria_SingleMuPt1000_GEN-SIM-DIGI-RECO_CMSSW_6_2_0_SLHC12_2023Scenario_Case1/fa5ffd20b461790f8466430606d05ce8/out_reco_252_2_apV.root
17-Jun-2014 23:19:05 CEST  Initiating request to open file file:/lustre/cms//store/user/calabria/calabria_SingleMuPt1000_GEN-SIM-DIGI-RECO_CMSSW_6_2_0_SLHC12_2023Scenario_Case1/calabria_SingleMuPt1000_GEN-SIM-DIGI-RECO_CMSSW_6_2_0_SLHC12_2023Scenario_Case1/fa5ffd20b461790f8466430606d05ce8/out_reco_253_2_c2U.root
17-Jun-2014 23:19:05 CEST  Successfully opened file file:/lustre/cms//store/user/calabria/calabria_SingleMuPt1000_GEN-SIM-DIGI-RECO_CMSSW_6_2_0_SLHC12_2023Scenario_Case1/calabria_SingleMuPt1000_GEN-SIM-DIGI-RECO_CMSSW_6_2_0_SLHC12_2023Scenario_Case1/fa5ffd20b461790f8466430606d05ce8/out_reco_253_2_c2U.root
17-Jun-2014 23:19:37 CEST  Closed file file:/lustre/cms//store/user/calabria/calabria_SingleMuPt1000_GEN-SIM-DIGI-RECO_CMSSW_6_2_0_SLHC12_2023Scenario_Case1/calabria_SingleMuPt1000_GEN-SIM-DIGI-RECO_CMSSW_6_2_0_SLHC12_2023Scenario_Case1/fa5ffd20b461790f8466430606d05ce8/out_reco_253_2_c2U.root
17-Jun-2014 23:19:37 CEST  Initiating request to open file file:/lustre/cms//store/user/calabria/calabria_SingleMuPt1000_GEN-SIM-DIGI-RECO_CMSSW_6_2_0_SLHC12_2023Scenario_Case1/calabria_SingleMuPt1000_GEN-SIM-DIGI-RECO_CMSSW_6_2_0_SLHC12_2023Scenario_Case1/fa5ffd20b461790f8466430606d05ce8/out_reco_254_2_0JF.root
17-Jun-2014 23:19:37 CEST  Successfully opened file file:/lustre/cms//store/user/calabria/calabria_SingleMuPt1000_GEN-SIM-DIGI-RECO_CMSSW_6_2_0_SLHC12_2023Scenario_Case1/calabria_SingleMuPt1000_GEN-SIM-DIGI-RECO_CMSSW_6_2_0_SLHC12_2023Scenario_Case1/fa5ffd20b461790f8466430606d05ce8/out_reco_254_2_0JF.root
17-Jun-2014 23:20:11 CEST  Closed file file:/lustre/cms//store/user/calabria/calabria_SingleMuPt1000_GEN-SIM-DIGI-RECO_CMSSW_6_2_0_SLHC12_2023Scenario_Case1/calabria_SingleMuPt1000_GEN-SIM-DIGI-RECO_CMSSW_6_2_0_SLHC12_2023Scenario_Case1/fa5ffd20b461790f8466430606d05ce8/out_reco_254_2_0JF.root
17-Jun-2014 23:20:11 CEST  Initiating request to open file file:/lustre/cms//store/user/calabria/calabria_SingleMuPt1000_GEN-SIM-DIGI-RECO_CMSSW_6_2_0_SLHC12_2023Scenario_Case1/calabria_SingleMuPt1000_GEN-SIM-DIGI-RECO_CMSSW_6_2_0_SLHC12_2023Scenario_Case1/fa5ffd20b461790f8466430606d05ce8/out_reco_256_1_HAv.root
17-Jun-2014 23:20:11 CEST  Successfully opened file file:/lustre/cms//store/user/calabria/calabria_SingleMuPt1000_GEN-SIM-DIGI-RECO_CMSSW_6_2_0_SLHC12_2023Scenario_Case1/calabria_SingleMuPt1000_GEN-SIM-DIGI-RECO_CMSSW_6_2_0_SLHC12_2023Scenario_Case1/fa5ffd20b461790f8466430606d05ce8/out_reco_256_1_HAv.root
17-Jun-2014 23:22:25 CEST  Closed file file:/lustre/cms//store/user/calabria/calabria_SingleMuPt1000_GEN-SIM-DIGI-RECO_CMSSW_6_2_0_SLHC12_2023Scenario_Case1/calabria_SingleMuPt1000_GEN-SIM-DIGI-RECO_CMSSW_6_2_0_SLHC12_2023Scenario_Case1/fa5ffd20b461790f8466430606d05ce8/out_reco_256_1_HAv.root

=============================================

MessageLogger Summary

 type     category        sev    module        subroutine        count    total
 ---- -------------------- -- ---------------- ----------------  -----    -----
    1 fileAction           -s file_close                            10       10
    2 fileAction           -s file_open                             20       20

 type    category    Examples: run/evt        run/evt          run/evt
 ---- -------------------- ---------------- ---------------- ----------------
    1 fileAction           PostProcessEvent PostProcessEvent PostEndRun
    2 fileAction           pre-events       pre-events       PostProcessEvent

Severity    # Occurrences   Total Occurrences
--------    -------------   -----------------
System                 30                  30
>>> END OF printout of 50 lines from stdout+stderr
>>> Parse FrameworkJobReport crab_fjr.xml
Result of parsing the FrameworkJobReport crab_fjr.xml: Popularity start
lumisRange : 1::::1;1::::2;1::::3;1::::4;1::::5;1::::6;1::::7;1::::8;1::::9;1::::10;
lumisParentRange : 
Basename : /store/user/calabria/calabria_SingleMuPt1000_GEN-SIM-DIGI-RECO_CMSSW_6_2_0_SLHC12_2023Scenario_Case1/calabria_SingleMuPt1000_GEN-SIM-DIGI-RECO_CMSSW_6_2_0_SLHC12_2023Scenario_Case1/fa5ffd20b461790f8466430606d05ce8/out_reco_2
BasenameParent : 
parentFiles : 
inputBlocks : /calabria_SingleMuPt1000_GEN-SIM-DIGI-RECO_CMSSW_6_2_0_SLHC12_2023Scenario_Case1/calabria-calabria_SingleMuPt1000_GEN-SIM-DIGI-RECO_CMSSW_6_2_0_SLHC12_2023Scenario_Case1-fa5ffd20b461790f8466430606d05ce8/USER#21ff40e4-8e60-4967-9f13-befa18759774
inputFiles : 50_2_VHN.root::1::EDM::Local::1;56_1_HAv.root::1::EDM::Local::2;47_2_BSQ.root::1::EDM::Local::3;53_2_c2U.root::1::EDM::Local::4;49_1_AeB.root::1::EDM::Local::5;45_1_Kj5.root::1::EDM::Local::6;48_1_1Vq.root::1::EDM::Local::7;52_2_apV.root::1::EDM::Local::8;54_2_0JF.root::1::EDM::Local::9;46_1_jKz.root::1::EDM::Local::10;
Popularity stop
Extracted ExitStatus from FrameworkJobReport parsing output: 0
>>> Executable succeded  0
ExeExitCode=0
EXECUTABLE_EXIT_STATUS = 0
>>> current directory /home/cms040/home_cream_682359883/CREAM682359883/glide_iF6QwV/execute/dir_2586/CMSSW_6_2_0_SLHC12
>>>  (SOFTWARE_DIR): /home/cms040/home_cream_682359883/CREAM682359883/glide_iF6QwV/execute/dir_2586/CMSSW_6_2_0_SLHC12
>>> (WORKING_DIR): 
>>> current directory content:
total 11356
drwxr-xr-x 3 cms040 cms    4096 Jun 17 23:14 .SCRAM
-rw------- 1 cms040 cms 3740429 Jun 17 23:14 CMSSW.py.pkl
drwxr-xr-x 3 cms040 cms    4096 Jun 17 23:14 bin
drwxr-xr-x 3 cms040 cms    4096 Jun 17 23:14 cfipython
drwxr-xr-x 4 cms040 cms    4096 Jun 17 23:14 config
-rw------- 1 cms040 cms      18 Jun 17 23:22 cpu_timing.txt
drwxr-xr-x 2 cms040 cms    4096 Jun 17 23:14 doc
-rw------- 1 cms040 cms   10045 Jun 17 23:22 executable.out
drwxr-xr-x 2 cms040 cms    4096 Jun 17 23:14 include
drwx------ 3 cms040 cms    4096 Apr 28 18:12 lib
drwxr-xr-x 3 cms040 cms    4096 Jun 17 23:14 logs
drwxr-xr-x 3 cms040 cms    4096 Jun 17 23:14 objs
-rw------- 1 cms040 cms     104 Jun 17 23:14 pset.py
-rw------- 1 cms040 cms 3712350 Jun 17 23:14 pset.py.pkl
-rw------- 1 cms040 cms     289 Jun 17 23:14 pset.pyc
drwxr-xr-x 2 cms040 cms    4096 Jun 17 23:14 python
-rw------- 1 cms040 cms     410 Jun 17 23:22 report.log
drwx------ 6 cms040 cms    4096 Jun 17 23:14 src
drwxr-xr-x 3 cms040 cms    4096 Jun 17 23:14 test
drwxr-xr-x 3 cms040 cms    4096 Jun 17 23:14 tmp
-rw------- 1 cms040 cms 4071566 Jun 17 23:22 validationEDM.root
>>> current directory /home/cms040/home_cream_682359883/CREAM682359883/glide_iF6QwV/execute/dir_2586/CMSSW_6_2_0_SLHC12
>>> (SOFTWARE_DIR): /home/cms040/home_cream_682359883/CREAM682359883/glide_iF6QwV/execute/dir_2586/CMSSW_6_2_0_SLHC12
>>> (WORKING_DIR): 
>>> current directory content:
total 11356
drwxr-xr-x 3 cms040 cms    4096 Jun 17 23:14 .SCRAM
-rw------- 1 cms040 cms 3740429 Jun 17 23:14 CMSSW.py.pkl
drwxr-xr-x 3 cms040 cms    4096 Jun 17 23:14 bin
drwxr-xr-x 3 cms040 cms    4096 Jun 17 23:14 cfipython
drwxr-xr-x 4 cms040 cms    4096 Jun 17 23:14 config
-rw------- 1 cms040 cms      18 Jun 17 23:22 cpu_timing.txt
drwxr-xr-x 2 cms040 cms    4096 Jun 17 23:14 doc
-rw------- 1 cms040 cms   10045 Jun 17 23:22 executable.out
drwxr-xr-x 2 cms040 cms    4096 Jun 17 23:14 include
drwx------ 3 cms040 cms    4096 Apr 28 18:12 lib
drwxr-xr-x 3 cms040 cms    4096 Jun 17 23:14 logs
drwxr-xr-x 3 cms040 cms    4096 Jun 17 23:14 objs
-rw------- 1 cms040 cms     104 Jun 17 23:14 pset.py
-rw------- 1 cms040 cms 3712350 Jun 17 23:14 pset.py.pkl
-rw------- 1 cms040 cms     289 Jun 17 23:14 pset.pyc
drwxr-xr-x 2 cms040 cms    4096 Jun 17 23:14 python
-rw------- 1 cms040 cms     410 Jun 17 23:22 report.log
drwx------ 6 cms040 cms    4096 Jun 17 23:14 src
drwxr-xr-x 3 cms040 cms    4096 Jun 17 23:14 test
drwxr-xr-x 3 cms040 cms    4096 Jun 17 23:14 tmp
-rw------- 1 cms040 cms 4071566 Jun 17 23:22 validationEDM_4_1_X0p.root
>>> current directory (RUNTIME_AREA):  /home/cms040/home_cream_682359883/CREAM682359883/glide_iF6QwV/execute/dir_2586
SE = storm-se-01.ba.infn.it
SE_PATH = /srm/managerv2?SFN=//cms/store/user/calabria/calabria_SingleMuPt1000_GEN-SIM-DIGI-RECO_CMSSW_6_2_0_SLHC12_2023Scenario_Case1/calabria_MuMinus1000_GEN-SIM-DIGI-RECO_CMSSW_6_2_0_SLHC12_2023Scenario_VALNOPU2_Case1/5854dd31cbd3cdec44c48628cc181cf0/
LFNBaseName = /store/user/calabria/calabria_SingleMuPt1000_GEN-SIM-DIGI-RECO_CMSSW_6_2_0_SLHC12_2023Scenario_Case1/calabria_MuMinus1000_GEN-SIM-DIGI-RECO_CMSSW_6_2_0_SLHC12_2023Scenario_VALNOPU2_Case1/5854dd31cbd3cdec44c48628cc181cf0/
USER = calabria
endpoint = srm://storm-se-01.ba.infn.it:8444/srm/managerv2?SFN=//cms/store/user/calabria/calabria_SingleMuPt1000_GEN-SIM-DIGI-RECO_CMSSW_6_2_0_SLHC12_2023Scenario_Case1/calabria_MuMinus1000_GEN-SIM-DIGI-RECO_CMSSW_6_2_0_SLHC12_2023Scenario_VALNOPU2_Case1/5854dd31cbd3cdec44c48628cc181cf0/
>>> Copy output files from WN = alicegrid98.ba.infn.it to /srm/managerv2?SFN=//cms/store/user/calabria/calabria_SingleMuPt1000_GEN-SIM-DIGI-RECO_CMSSW_6_2_0_SLHC12_2023Scenario_Case1/calabria_MuMinus1000_GEN-SIM-DIGI-RECO_CMSSW_6_2_0_SLHC12_2023Scenario_VALNOPU2_Case1/5854dd31cbd3cdec44c48628cc181cf0/ :
python cmscp.py  --destination srm://storm-se-01.ba.infn.it:8444/srm/managerv2?SFN=//cms/store/user/calabria/calabria_SingleMuPt1000_GEN-SIM-DIGI-RECO_CMSSW_6_2_0_SLHC12_2023Scenario_Case1/calabria_MuMinus1000_GEN-SIM-DIGI-RECO_CMSSW_6_2_0_SLHC12_2023Scenario_VALNOPU2_Case1/5854dd31cbd3cdec44c48628cc181cf0/ --inputFileList /home/cms040/home_cream_682359883/CREAM682359883/glide_iF6QwV/execute/dir_2586/CMSSW_6_2_0_SLHC12/validationEDM_4_1_X0p.root --middleware LCG --se_name storm-se-01.ba.infn.it --for_lfn /store/user/calabria/calabria_SingleMuPt1000_GEN-SIM-DIGI-RECO_CMSSW_6_2_0_SLHC12_2023Scenario_Case1/calabria_MuMinus1000_GEN-SIM-DIGI-RECO_CMSSW_6_2_0_SLHC12_2023Scenario_VALNOPU2_Case1/5854dd31cbd3cdec44c48628cc181cf0/    
******************************************************
localSeName  =  storm-se-01.ba.infn.it
remoteSeName =  storm-se-01.ba.infn.it
******************************************************
{"/home/cms040/home_cream_682359883/CREAM682359883/glide_iF6QwV/execute/dir_2586/CMSSW_6_2_0_SLHC12/validationEDM_4_1_X0p.root": {"endpoint": "srm://storm-se-01.ba.infn.it:8444/srm/managerv2?SFN=//cms/store/user/calabria/calabria_SingleMuPt1000_GEN-SIM-DIGI-RECO_CMSSW_6_2_0_SLHC12_2023Scenario_Case1/calabria_MuMinus1000_GEN-SIM-DIGI-RECO_CMSSW_6_2_0_SLHC12_2023Scenario_VALNOPU2_Case1/5854dd31cbd3cdec44c48628cc181cf0/", "surl_for_grid": "", "reason": "Copy succedeed with srm-lcg utils", "erCode": "0", "se_name": "storm-se-01.ba.infn.it", "for_lfn": "/store/user/calabria/calabria_SingleMuPt1000_GEN-SIM-DIGI-RECO_CMSSW_6_2_0_SLHC12_2023Scenario_Case1/calabria_MuMinus1000_GEN-SIM-DIGI-RECO_CMSSW_6_2_0_SLHC12_2023Scenario_VALNOPU2_Case1/5854dd31cbd3cdec44c48628cc181cf0/"}}/home/cms040/home_cream_682359883/CREAM682359883/glide_iF6QwV/execute/dir_2586
-------- cat /home/cms040/home_cream_682359883/CREAM682359883/glide_iF6QwV/execute/dir_2586/cmscpReport.sh 
#!/bin/bash
echo "Report for File: /home/cms040/home_cream_682359883/CREAM682359883/glide_iF6QwV/execute/dir_2586/CMSSW_6_2_0_SLHC12/validationEDM_4_1_X0p.root"
echo "LFN: /store/user/calabria/calabria_SingleMuPt1000_GEN-SIM-DIGI-RECO_CMSSW_6_2_0_SLHC12_2023Scenario_Case1/calabria_MuMinus1000_GEN-SIM-DIGI-RECO_CMSSW_6_2_0_SLHC12_2023Scenario_VALNOPU2_Case1/5854dd31cbd3cdec44c48628cc181cf0/validationEDM_4_1_X0p.root"
echo "StorageElement: storm-se-01.ba.infn.it"
echo "StageOutExitStatusReason = 'Copy succedeed with srm-lcg utils'" | tee -a $RUNTIME_AREA/$repo
echo "StageOutSE = storm-se-01.ba.infn.it" >> $RUNTIME_AREA/$repo

export StageOutExitStatus=0
echo "StageOutExitStatus = 0" | tee -a $RUNTIME_AREA/$repo
-------- end of /home/cms040/home_cream_682359883/CREAM682359883/glide_iF6QwV/execute/dir_2586/cmscpReport.sh 
Report for File: /home/cms040/home_cream_682359883/CREAM682359883/glide_iF6QwV/execute/dir_2586/CMSSW_6_2_0_SLHC12/validationEDM_4_1_X0p.root
LFN: /store/user/calabria/calabria_SingleMuPt1000_GEN-SIM-DIGI-RECO_CMSSW_6_2_0_SLHC12_2023Scenario_Case1/calabria_MuMinus1000_GEN-SIM-DIGI-RECO_CMSSW_6_2_0_SLHC12_2023Scenario_VALNOPU2_Case1/5854dd31cbd3cdec44c48628cc181cf0/validationEDM_4_1_X0p.root
StorageElement: storm-se-01.ba.infn.it
StageOutExitStatusReason = 'Copy succedeed with srm-lcg utils'
StageOutExitStatus = 0
>>> current dir: /home/cms040/home_cream_682359883/CREAM682359883/glide_iF6QwV/execute/dir_2586
>>> current dir content:
total 28080
-rw-------  1 cms040 cms     2787 Jun 17 23:23 .SEinteraction.log
-rwx------  1 cms040 cms     6828 Jun 17 23:13 .job.ad
-rwx------  1 cms040 cms     9471 Jun 17 23:13 .machine.ad
-rw-------  1 cms040 cms      105 Jun 16 20:52 CMSSW.py
-rw-------  1 cms040 cms  3740429 Jun 16 20:52 CMSSW.py.pkl
-rwx------  1 cms040 cms    29582 Jun 17 23:13 CMSSW.sh
drwxr-xr-x 15 cms040 cms     4096 Jun 17 23:22 CMSSW_6_2_0_SLHC12
-rw-------  1 cms040 cms      219 Jun 17 23:14 CacheEnv.sh
-rw-------  1 cms040 cms     7291 Apr  4 11:04 DashboardAPI.py
-rw-------  1 cms040 cms     6800 Jun 17 23:14 DashboardAPI.pyc
drwx------  2 cms040 cms     4096 Jun 17 23:22 IMProv
-rw-------  1 cms040 cms     2748 Apr  4 11:04 Logger.py
-rw-------  1 cms040 cms     3342 Jun 17 23:14 Logger.pyc
-rw-------  1 cms040 cms    24524 Apr  4 11:04 ProcInfo.py
-rw-------  1 cms040 cms    23173 Jun 17 23:14 ProcInfo.pyc
drwx------  7 cms040 cms     4096 Jun 17 23:14 ProdCommon
drwx------  3 cms040 cms     4096 Jun 17 23:14 WMCore
-rw-------  1 cms040 cms     2519 Jun 17 23:23 Watchdog_4.log
-rwx------  1 cms040 cms        0 Jun 17 23:13 _condor_stderr
-rwx---r--  1 cms040 cms    29600 Jun 17 23:23 _condor_stdout
-rw-------  1 cms040 cms    32895 Apr  4 11:04 apmon.py
-rw-------  1 cms040 cms    28596 Jun 17 23:14 apmon.pyc
-rwx------  1 cms040 cms    54677 Jun 17 23:13 arguments.xml
-rwx------  1 cms040 cms    38515 Apr  4 11:04 cmscp.py
-rw-------  1 cms040 cms      719 Jun 17 23:23 cmscpReport.sh
-rwx------  1 cms040 cms    29582 Jun 17 23:13 condor_exec.exe
-rw-------  1 cms040 cms      968 Jun 16 20:52 crab.cfg
-rwx------  1 cms040 cms     8610 Apr  4 11:04 crabWatchdog.sh
-rwx---r--  1 cms040 cms   523443 Jun 17 23:22 crab_fjr_4.xml
-rwx------  1 cms040 cms 23960019 Jun 17 23:13 default.tgz
-rwx------  1 cms040 cms     4488 Apr  4 11:04 fillCrabFjr.py
-rw-------  1 cms040 cms     2673 Jun 17 23:14 inputsReport.txt
-rw-------  1 cms040 cms      261 Jun 17 23:23 jobreport.txt
-rw-------  1 cms040 cms    17352 Apr  4 11:04 parseCrabFjr.py
-rw-------  1 cms040 cms      331 Jun 17 23:14 report.log
-rwx--x--x  1 cms040 cms     1497 Apr  4 11:04 report.py
-rw-------  1 cms040 cms      778 Jun 17 23:23 resultCopyFile
lrwxrwxrwx  1 cms040 cms      124 Jun 17 23:22 validationEDM.root -> /home/cms040/home_cream_682359883/CREAM682359883/glide_iF6QwV/execute/dir_2586/CMSSW_6_2_0_SLHC12/validationEDM_4_1_X0p.root
-rwx------  1 cms040 cms     8387 Apr  4 11:04 writeCfg.py
-rw-------  1 cms040 cms     8010 Jun 17 23:13 x509up_u50707
>>> Modify Job Report:
CMSSW_VERSION = CMSSW_6_2_0_SLHC12
ProcessedDataset = calabria_MuMinus1000_GEN-SIM-DIGI-RECO_CMSSW_6_2_0_SLHC12_2023Scenario_VALNOPU2_Case1
/home/cms040/home_cream_682359883/CREAM682359883/glide_iF6QwV/execute/dir_2586/ProdCommon/FwkJobRep/ModifyJobReport.py fjr /home/cms040/home_cream_682359883/CREAM682359883/glide_iF6QwV/execute/dir_2586/crab_fjr_4.xml json /home/cms040/home_cream_682359883/CREAM682359883/glide_iF6QwV/execute/dir_2586/resultCopyFile n_job 4_1_X0p PrimaryDataset calabria_SingleMuPt1000_GEN-SIM-DIGI-RECO_CMSSW_6_2_0_SLHC12_2023Scenario_Case1  ApplicationFamily cmsRun ApplicationName cmsRun cmssw_version CMSSW_6_2_0_SLHC12 psethash 5854dd31cbd3cdec44c48628cc181cf0 UserProcessedDataset calabria-calabria_MuMinus1000_GEN-SIM-DIGI-RECO_CMSSW_6_2_0_SLHC12_2023Scenario_VALNOPU2_Case1-5854dd31cbd3cdec44c48628cc181cf0
inputDict =  {u'/home/cms040/home_cream_682359883/CREAM682359883/glide_iF6QwV/execute/dir_2586/CMSSW_6_2_0_SLHC12/validationEDM_4_1_X0p.root': {u'endpoint': u'srm://storm-se-01.ba.infn.it:8444/srm/managerv2?SFN=//cms/store/user/calabria/calabria_SingleMuPt1000_GEN-SIM-DIGI-RECO_CMSSW_6_2_0_SLHC12_2023Scenario_Case1/calabria_MuMinus1000_GEN-SIM-DIGI-RECO_CMSSW_6_2_0_SLHC12_2023Scenario_VALNOPU2_Case1/5854dd31cbd3cdec44c48628cc181cf0/', u'surl_for_grid': u'', u'reason': u'Copy succedeed with srm-lcg utils', u'erCode': u'0', u'se_name': u'storm-se-01.ba.infn.it', u'for_lfn': u'/store/user/calabria/calabria_SingleMuPt1000_GEN-SIM-DIGI-RECO_CMSSW_6_2_0_SLHC12_2023Scenario_Case1/calabria_MuMinus1000_GEN-SIM-DIGI-RECO_CMSSW_6_2_0_SLHC12_2023Scenario_VALNOPU2_Case1/5854dd31cbd3cdec44c48628cc181cf0/'}}
UserProcessedDataset =  calabria-calabria_MuMinus1000_GEN-SIM-DIGI-RECO_CMSSW_6_2_0_SLHC12_2023Scenario_VALNOPU2_Case1-5854dd31cbd3cdec44c48628cc181cf0
file_name in inputDict =  /home/cms040/home_cream_682359883/CREAM682359883/glide_iF6QwV/execute/dir_2586/CMSSW_6_2_0_SLHC12/validationEDM_4_1_X0p.root
(size) os.stat(filename)[6] =  4071566
checksum =  1308582189
    file =  validationEDM_4_1_X0p.root
    newPfn =  srm://storm-se-01.ba.infn.it:8444/srm/managerv2?SFN=//cms/store/user/calabria/calabria_SingleMuPt1000_GEN-SIM-DIGI-RECO_CMSSW_6_2_0_SLHC12_2023Scenario_Case1/calabria_MuMinus1000_GEN-SIM-DIGI-RECO_CMSSW_6_2_0_SLHC12_2023Scenario_VALNOPU2_Case1/5854dd31cbd3cdec44c48628cc181cf0/validationEDM_4_1_X0p.root
    newLfn =  /store/user/calabria/calabria_SingleMuPt1000_GEN-SIM-DIGI-RECO_CMSSW_6_2_0_SLHC12_2023Scenario_Case1/calabria_MuMinus1000_GEN-SIM-DIGI-RECO_CMSSW_6_2_0_SLHC12_2023Scenario_VALNOPU2_Case1/5854dd31cbd3cdec44c48628cc181cf0/validationEDM_4_1_X0p.root
>>> crab_fjr_*.xml  permission set to 0704
CrabWrapper EXIT_FUNC entered at Tue Jun 17 23:23:23 CEST 2014   -  Tue Jun 17 21:23:23 UTC 2014
Checking output files:  
will tar file crab_fjr_4.xml in  out_files_4
WARNING: output file CMSSW_4.stdout not found!
WARNING: output file CMSSW_4.stderr not found!
WARNING: output file Watchdog_4.log.gz not found!
>>> padding time: Sleeping the wrapper for 35 seconds
STOPPING WATCHDOG. CrabWatchdog PID is 2950
********** LAST 50 LINES OF WATCHDOG LOG
# RESOURCE USAGE SUMMARY FOR PROCESS ID  2682
USER       PID %CPU %MEM    VSZ   RSS TTY      STAT START   TIME COMMAND
cms040    2682  0.3  0.0   9496  1592 ?        S    23:13   0:00 /bin/sh /home/cms040/home_cream_682359883/CREAM682359883/glide_iF6QwV/execute/dir_2586/condor_exec.exe 4 1
 
# LIMITS USED BY CRAB WATCHDOG:
# RSS  (KBytes)   : 2300000
# VSZ  (KBytes)   : 100000000
# DISK (MBytes)   : 19000
# CPU TIME        : 720h:0m:0s
# WALL CLOCK TIME : 21h:50m:0s
 
# FOLLOWING PRINTOUT TRACKS MAXIMUM VALUES OF RESOURCES USE
# ONE LINE IS PRINTED EACH TIME A MAXIMUM CHANGES
# IF CHANGE WAS IN RSS OR VSZ ALSO PROCID AND COMMAND ARE PRINTED
# THERE IS NO PRINTOUT FOR CPU/WALL TIME INCREASE
 
# TIME			PID	RSS(KB)	VSZ(KB)	Dsk(MB)	tCPU(s)	tWALL(s)	COMMAND
 Jun 17 23:14:05 CEST	2586	8416	93608	0	0	0	condor_starter -f submit-4.t2.ucsd.edu        
 Jun 17 23:14:05 CEST	2963	30496	95528	0	0	1	edmConfigHash pset.py         
 Jun 17 23:14:05 CEST	26138	30496	106092	0	0	1	sh -c "./glidein_startup.sh" -v std -name v1_3 -entry CMS_T2_IT_Bari_ce2 -clientname UCSD-v1_0.main
 Jun 17 23:14:05 CEST	26141	30496	106492	0	0	1	/bin/bash ./glidein_startup.sh -v std -name v1_3 -entry CMS_T2_IT_Bari_ce2 -clientname UCSD-v1_0.main -schedd
 Jun 17 23:14:05 CEST	---	30496	106492	171	----	----	----
 Jun 17 23:15:06 CEST	3696	764932	980496	171	39	62	cmsRun -j /home/cms040/home_cream_682359883/CREAM682359883/glide_iF6QwV/execute/dir_2586/crab_fjr_4.xml -p pset.py      
 Jun 17 23:15:06 CEST	---	764932	980496	175	----	----	----
 Jun 17 23:16:07 CEST	3696	764932	1007120	175	87	123	cmsRun -j /home/cms040/home_cream_682359883/CREAM682359883/glide_iF6QwV/execute/dir_2586/crab_fjr_4.xml -p pset.py      
 Jun 17 23:17:09 CEST	3696	764932	1014032	175	145	184	cmsRun -j /home/cms040/home_cream_682359883/CREAM682359883/glide_iF6QwV/execute/dir_2586/crab_fjr_4.xml -p pset.py      
 Jun 17 23:18:10 CEST	3696	764932	1028368	175	195	246	cmsRun -j /home/cms040/home_cream_682359883/CREAM682359883/glide_iF6QwV/execute/dir_2586/crab_fjr_4.xml -p pset.py      
 Jun 17 23:21:15 CEST	3696	939460	1429008	175	362	432	cmsRun -j /home/cms040/home_cream_682359883/CREAM682359883/glide_iF6QwV/execute/dir_2586/crab_fjr_4.xml -p pset.py      
 Jun 17 23:21:15 CEST	---	939460	1429008	176	----	----	----
 Jun 17 23:22:18 CEST	3696	1447656	1766672	176	424	494	cmsRun -j /home/cms040/home_cream_682359883/CREAM682359883/glide_iF6QwV/execute/dir_2586/crab_fjr_4.xml -p pset.py      
 Jun 17 23:23:20 CEST	---	1447656	1766672	179	----	----	----
********** WATCHDOG LOG ENDED
ZIPPING WATCHDOG LOG
Disk space used:
du -sh /home/cms040/home_cream_682359883/CREAM682359883/glide_iF6QwV/execute/dir_2586
179M	/home/cms040/home_cream_682359883/CREAM682359883/glide_iF6QwV/execute/dir_2586
Found unusual stdout, rename for OSB
`/home/cms040/home_cream_682359883/CREAM682359883/glide_iF6QwV/execute/dir_2586/_condor_stdout' -> `CMSSW_4.stdout'
Found unusual stderr, rename for OSB
`/home/cms040/home_cream_682359883/CREAM682359883/glide_iF6QwV/execute/dir_2586/_condor_stdout' -> `CMSSW_4.stderr'
crab_fjr_4.xml
CMSSW_4.stdout
CMSSW_4.stderr
Watchdog_4.log.gz
Total Output dimension: 70041
WARNING: output files size limit is set to: 50000000
Total Output dimension 70041 is fine.
JOB_EXIT_STATUS = 0
>>> info for dashboard:
***** Cat /home/cms040/home_cream_682359883/CREAM682359883/glide_iF6QwV/execute/dir_2586/jobreport.txt *****
MonitorJobID=4_https://submit-4.t2.ucsd.edu//140616//222476.3
MonitorID=calabria_MuMinus1000_Case1_ReReco_a18y2p
ExeTime=485
ExeExitCode=0
StageOutExitStatusReason = 'Copy succedeed with srm-lcg utils'
StageOutSE = storm-se-01.ba.infn.it
StageOutExitStatus = 0
CrabUserCpuTime=318.09
CrabSysCpuTime=113.39
CrabCpuPercentage=88%
CrabWrapperTime=600
CrabStageoutTime=48
JobExitCode=0
***** End Cat jobreport *****
Parameters sent to Dashboard.
EXITING at Tue Jun 17 23:24:04 CEST 2014  -  Tue Jun 17 21:24:04 UTC 2014
