This script was generated by crab (version 2.10.5_patch1).
Running /home/cms040/home_cream_155058975/CREAM155058975/glide_vdCJe6/execute/dir_7990/condor_exec.exe with 2 positional parameters: 19 1
Today is Tue Jun 17 23:34:26 CEST 2014 - Tue Jun 17 21:34:26 UTC 2014
Job submitted on host alicegrid45.ba.infn.it
Linux alicegrid45.ba.infn.it 2.6.32-358.23.2.el6.x86_64 #1 SMP Thu Oct 17 10:27:22 CEST 2013 x86_64 x86_64 x86_64 GNU/Linux
>>> current directory (RUNTIME_AREA): /home/cms040/home_cream_155058975/CREAM155058975/glide_vdCJe6/execute/dir_7990
>>> current user: uid=18598(cms040) gid=1399(cms) groups=1399(cms)
>>> directory permission set to 0700
>>> umask set to:  u=rwx,g=,o=
>>> stdout stderr permission set to 0704
>>> voms proxy information:
subject   : /C=IT/O=INFN/OU=Personal Certificate/L=Bari/CN=Cesare Calabria/CN=477126703/CN=826910077
issuer    : /C=IT/O=INFN/OU=Personal Certificate/L=Bari/CN=Cesare Calabria/CN=477126703
identity  : /C=IT/O=INFN/OU=Personal Certificate/L=Bari/CN=Cesare Calabria
type      : RFC3820 compliant limited proxy
strength  : 1024
path      : /home/cms040/home_cream_155058975/CREAM155058975/glide_vdCJe6/execute/dir_7990/x509up_u50707
timeleft  : 23:59:46
key usage : Digital Signature, Key Encipherment, Data Encipherment
=== VO cms extension information ===
VO        : cms
subject   : /C=IT/O=INFN/OU=Personal Certificate/L=Bari/CN=Cesare Calabria
issuer    : /DC=ch/DC=cern/OU=computers/CN=voms.cern.ch
attribute : /cms/Role=NULL/Capability=NULL
attribute : /cms/itcms/Role=NULL/Capability=NULL
timeleft  : 155:49:53
uri       : voms.cern.ch:15002

WNHostName=alicegrid45.ba.infn.it
>>> tar --no-same-permissions -xf /home/cms040/home_cream_155058975/CREAM155058975/glide_vdCJe6/execute/dir_7990/default.tgz :
Successful untar
>>> Include /home/cms040/home_cream_155058975/CREAM155058975/glide_vdCJe6/execute/dir_7990 in PYTHONPATH:
strip arguments
env var CRAB_UNIQUE_JOB_ID set to: calabria_MuMinus1000_Case1_ReReco_a18y2p_19_1_Qy3
out_files_19
>>> list of expected files on output sandbox
output files: crab_fjr_19.xml CMSSW_19.stdout CMSSW_19.stderr Watchdog_19.log.gz
>>> GridFlavour discovery: 
GridFlavour=LCG
>>> SyncSite discovery: 
SyncSite=T2_IT_Bari
>>> SyncCE discovery: 
getting SyncCE from CE_ID
SyncCE=cream-ce-2.ba.infn.it:8443/cream-pbs-cms
>>> info for dashboard:
***** Cat /home/cms040/home_cream_155058975/CREAM155058975/glide_vdCJe6/execute/dir_7990/jobreport.txt *****
WNHostName=alicegrid45.ba.infn.it
MonitorJobID=19_https://submit-4.t2.ucsd.edu//140616//222476.18
SyncGridJobId=https://submit-4.t2.ucsd.edu//140616//222476.18
MonitorID=calabria_MuMinus1000_Case1_ReReco_a18y2p
GridFlavour=LCG
SyncSite=T2_IT_Bari
SyncCE=cream-ce-2.ba.infn.it:8443/cream-pbs-cms
***** End Cat jobreport *****
Parameters sent to Dashboard.
>>> setup environment
set SCRAM ARCH to slc5_amd64_gcc472
SCRAM_ARCH = slc5_amd64_gcc472
>>> setup CMS LCG environment:
set SCRAM ARCH and BUILD_ARCH to slc5_amd64_gcc472 ###
Sourcing environment... 
sourcing /cvmfs/cms.cern.ch/cmsset_default.sh
==> setup cms environment ok
>>> specific cmssw setup environment:
CMSSW_VERSION =  CMSSW_6_2_0_SLHC12
>>> current directory (SOFTWARE_DIR): /home/cms040/home_cream_155058975/CREAM155058975/glide_vdCJe6/execute/dir_7990/CMSSW_6_2_0_SLHC12
PreserveSeeds: <>
IncrementSeeds:<>
>>> info for dashboard:
***** Cat /home/cms040/home_cream_155058975/CREAM155058975/glide_vdCJe6/execute/dir_7990/jobreport.txt *****
MonitorJobID=19_https://submit-4.t2.ucsd.edu//140616//222476.18
MonitorID=calabria_MuMinus1000_Case1_ReReco_a18y2p
***** End Cat jobreport *****
Parameters sent to Dashboard.
crabWatchdog started as process 8991
>>> moving CMSSW software directories in /home/cms040/home_cream_155058975/CREAM155058975/glide_vdCJe6/execute/dir_7990/CMSSW_6_2_0_SLHC12
mv: cannot stat `/home/cms040/home_cream_155058975/CREAM155058975/glide_vdCJe6/execute/dir_7990/module/': No such file or directory
>>> Include /home/cms040/home_cream_155058975/CREAM155058975/glide_vdCJe6/execute/dir_7990 in PYTHONPATH:
PYTHONPATH=/home/cms040/home_cream_155058975/CREAM155058975/glide_vdCJe6/execute/dir_7990/:/home/cms040/home_cream_155058975/CREAM155058975/glide_vdCJe6/execute/dir_7990/CMSSW_6_2_0_SLHC12/python:/home/cms040/home_cream_155058975/CREAM155058975/glide_vdCJe6/execute/dir_7990/CMSSW_6_2_0_SLHC12/lib/slc5_amd64_gcc472:/cvmfs/cms.cern.ch/slc5_amd64_gcc472/cms/cmssw/CMSSW_6_2_0_SLHC12/python:/cvmfs/cms.cern.ch/slc5_amd64_gcc472/cms/cmssw/CMSSW_6_2_0_SLHC12/lib/slc5_amd64_gcc472:/cvmfs/cms.cern.ch/slc5_amd64_gcc472/cms/coral/CORAL_2_3_21-cms36/slc5_amd64_gcc472/python:/cvmfs/cms.cern.ch/slc5_amd64_gcc472/cms/coral/CORAL_2_3_21-cms36/slc5_amd64_gcc472/lib:/cvmfs/cms.cern.ch/slc5_amd64_gcc472/external/pyqt/4.8.1-cms6/lib/python2.7/site-packages:/cvmfs/cms.cern.ch/slc5_amd64_gcc472/external/py2-scipy/0.8.0-cms8/lib/python2.7/site-packages:/cvmfs/cms.cern.ch/slc5_amd64_gcc472/external/py2-matplotlib/1.0.1-cms8/lib/python2.7/site-packages:/cvmfs/cms.cern.ch/slc5_amd64_gcc472/external/python-ldap/2.3.5-cms6/lib/python2.7/site-packages:/cvmfs/cms.cern.ch/slc5_amd64_gcc472/external/sip/4.11.2-cms6/lib/python2.7/site-packages:/cvmfs/cms.cern.ch/slc5_amd64_gcc472/external/py2-pycurl/7.19.0-cms8/lib/python2.7/site-packages:/cvmfs/cms.cern.ch/slc5_amd64_gcc472/external/py2-numpy/1.6.1-cms8/lib/python2.7/site-packages:/cvmfs/cms.cern.ch/slc5_amd64_gcc472/external/py2-lint/0.25.1-cms6/lib/python2.7/site-packages:/cvmfs/cms.cern.ch/slc5_amd64_gcc472/external/py2-ipython/0.10-cms6/lib/python2.7/site-packages:/cvmfs/cms.cern.ch/slc5_amd64_gcc472/external/py2-cx-oracle/5.1-cms7/lib/python2.7/site-packages:/cvmfs/cms.cern.ch/slc5_amd64_gcc472/external/py2-cjson/1.0.5-cms6/lib/python2.7/site-packages:/cvmfs/cms.cern.ch/slc5_amd64_gcc472/cms/das-client/1.11.7/bin:/cvmfs/cms.cern.ch/slc5_amd64_gcc472/external/elementtree/1.2.6-cms6/share/lib/python2.7/site-packages:/cvmfs/cms.cern.ch/slc5_amd64_gcc472/external/rivet/1.8.2-cms8/lib/python2.7/site-packages:/cvmfs/cms.cern.ch/slc5_amd64_gcc472/external/pyminuit2/0.0.1-cms19/lib/python2.7/site-packages:/cvmfs/cms.cern.ch/slc5_amd64_gcc472/external/py2-pygithub/1.23.0/lib/python2.7/site-packages:/cvmfs/cms.cern.ch/slc5_amd64_gcc472/external/professor/1.0.0-cms19/lib/python2.7/site-packages:/cvmfs/cms.cern.ch/slc5_amd64_gcc472/lcg/root/5.34.07-cms/lib:/cvmfs/cms.cern.ch/slc5_amd64_gcc472/cms/dbs-client/DBS_2_1_9-cms5/lib:/cvmfs/cms.cern.ch/slc5_amd64_gcc472/cms/dbs-client/DBS_2_1_9-cms5/lib/DBSAPI:/cvmfs/cms.cern.ch/slc5_amd64_gcc472/external/cvs2git/5419-cms/lib:/home/cms040/home_cream_155058975/CREAM155058975/glide_vdCJe6/execute/dir_7990/
 
# LIMITS USED BY CRAB WATCHDOG:
# RSS  (KBytes)   : 2300000
# VSZ  (KBytes)   : 100000000
# DISK (MBytes)   : 19000
# CPU TIME        : 720h:0m:0s
# WALL CLOCK TIME : 21h:50m:0s
 
5854dd31cbd3cdec44c48628cc181cf0
PSETHASH = 5854dd31cbd3cdec44c48628cc181cf0
/home/cms040/home_cream_155058975/CREAM155058975/glide_vdCJe6/execute/dir_7990/writeCfg.py pset.py pset.py
Importing .py file
Setting parameters
RandomNumberGeneratorService found, will attempt to change seeds
inputBlocks=/calabria_SingleMuPt1000_GEN-SIM-DIGI-RECO_CMSSW_6_2_0_SLHC12_2023Scenario_Case1/calabria-calabria_SingleMuPt1000_GEN-SIM-DIGI-RECO_CMSSW_6_2_0_SLHC12_2023Scenario_Case1-fa5ffd20b461790f8466430606d05ce8/USER#21ff40e4-8e60-4967-9f13-befa18759774
inputFiles=/store/user/calabria/calabria_SingleMuPt1000_GEN-SIM-DIGI-RECO_CMSSW_6_2_0_SLHC12_2023Scenario_Case1/calabria_SingleMuPt1000_GEN-SIM-DIGI-RECO_CMSSW_6_2_0_SLHC12_2023Scenario_Case1/fa5ffd20b461790f8466430606d05ce8/out_reco_469_2_pCu.root;/store/user/calabria/calabria_SingleMuPt1000_GEN-SIM-DIGI-RECO_CMSSW_6_2_0_SLHC12_2023Scenario_Case1/calabria_SingleMuPt1000_GEN-SIM-DIGI-RECO_CMSSW_6_2_0_SLHC12_2023Scenario_Case1/fa5ffd20b461790f8466430606d05ce8/out_reco_1_1_BF8.root;/store/user/calabria/calabria_SingleMuPt1000_GEN-SIM-DIGI-RECO_CMSSW_6_2_0_SLHC12_2023Scenario_Case1/calabria_SingleMuPt1000_GEN-SIM-DIGI-RECO_CMSSW_6_2_0_SLHC12_2023Scenario_Case1/fa5ffd20b461790f8466430606d05ce8/out_reco_2_1_jUb.root;/store/user/calabria/calabria_SingleMuPt1000_GEN-SIM-DIGI-RECO_CMSSW_6_2_0_SLHC12_2023Scenario_Case1/calabria_SingleMuPt1000_GEN-SIM-DIGI-RECO_CMSSW_6_2_0_SLHC12_2023Scenario_Case1/fa5ffd20b461790f8466430606d05ce8/out_reco_3_1_r6w.root;/store/user/calabria/calabria_SingleMuPt1000_GEN-SIM-DIGI-RECO_CMSSW_6_2_0_SLHC12_2023Scenario_Case1/calabria_SingleMuPt1000_GEN-SIM-DIGI-RECO_CMSSW_6_2_0_SLHC12_2023Scenario_Case1/fa5ffd20b461790f8466430606d05ce8/out_reco_4_2_7MU.root;/store/user/calabria/calabria_SingleMuPt1000_GEN-SIM-DIGI-RECO_CMSSW_6_2_0_SLHC12_2023Scenario_Case1/calabria_SingleMuPt1000_GEN-SIM-DIGI-RECO_CMSSW_6_2_0_SLHC12_2023Scenario_Case1/fa5ffd20b461790f8466430606d05ce8/out_reco_5_1_AGl.root;/store/user/calabria/calabria_SingleMuPt1000_GEN-SIM-DIGI-RECO_CMSSW_6_2_0_SLHC12_2023Scenario_Case1/calabria_SingleMuPt1000_GEN-SIM-DIGI-RECO_CMSSW_6_2_0_SLHC12_2023Scenario_Case1/fa5ffd20b461790f8466430606d05ce8/out_reco_6_2_9Rd.root;/store/user/calabria/calabria_SingleMuPt1000_GEN-SIM-DIGI-RECO_CMSSW_6_2_0_SLHC12_2023Scenario_Case1/calabria_SingleMuPt1000_GEN-SIM-DIGI-RECO_CMSSW_6_2_0_SLHC12_2023Scenario_Case1/fa5ffd20b461790f8466430606d05ce8/out_reco_10_2_QhT.root;/store/user/calabria/calabria_SingleMuPt1000_GEN-SIM-DIGI-RECO_CMSSW_6_2_0_SLHC12_2023Scenario_Case1/calabria_SingleMuPt1000_GEN-SIM-DIGI-RECO_CMSSW_6_2_0_SLHC12_2023Scenario_Case1/fa5ffd20b461790f8466430606d05ce8/out_reco_11_1_cxi.root;/store/user/calabria/calabria_SingleMuPt1000_GEN-SIM-DIGI-RECO_CMSSW_6_2_0_SLHC12_2023Scenario_Case1/calabria_SingleMuPt1000_GEN-SIM-DIGI-RECO_CMSSW_6_2_0_SLHC12_2023Scenario_Case1/fa5ffd20b461790f8466430606d05ce8/out_reco_12_1_fxF.root
parentFiles=
lumisRange=
>>> Executable cmsRun
/cvmfs/cms.cern.ch/slc5_amd64_gcc472/cms/cmssw/CMSSW_6_2_0_SLHC12/bin/slc5_amd64_gcc472/cmsRun
ok executable found
>>> info for dashboard:
***** Cat /home/cms040/home_cream_155058975/CREAM155058975/glide_vdCJe6/execute/dir_7990/jobreport.txt *****
MonitorJobID=19_https://submit-4.t2.ucsd.edu//140616//222476.18
MonitorID=calabria_MuMinus1000_Case1_ReReco_a18y2p
ExeStart=cmsRun
***** End Cat jobreport *****
Parameters sent to Dashboard.
>>> cmsRun started at Tue Jun 17 21:34:48 UTC 2014
>>> cmsRun ended at Tue Jun 17 21:40:09 UTC 2014
>>> crab_fjr_*.xml  permission set to 0704
>>> info for dashboard:
***** Cat /home/cms040/home_cream_155058975/CREAM155058975/glide_vdCJe6/execute/dir_7990/jobreport.txt *****
MonitorJobID=19_https://submit-4.t2.ucsd.edu//140616//222476.18
MonitorID=calabria_MuMinus1000_Case1_ReReco_a18y2p
ExeEnd=cmsRun
***** End Cat jobreport *****
Parameters sent to Dashboard.
TIME_EXE = 321 sec
>>> cmsRun wrote 50 lines of stdout+stderr
>>> START OF printout of 50 lines from stdout+stderr
271 DQMStore::DQMStore 
HcalTopologyIdealEP::HcalTopologyIdealEP
17-Jun-2014 23:35:08 CEST  Initiating request to open file file:/lustre/cms//store/user/calabria/calabria_SingleMuPt1000_GEN-SIM-DIGI-RECO_CMSSW_6_2_0_SLHC12_2023Scenario_Case1/calabria_SingleMuPt1000_GEN-SIM-DIGI-RECO_CMSSW_6_2_0_SLHC12_2023Scenario_Case1/fa5ffd20b461790f8466430606d05ce8/out_reco_469_2_pCu.root
17-Jun-2014 23:35:11 CEST  Successfully opened file file:/lustre/cms//store/user/calabria/calabria_SingleMuPt1000_GEN-SIM-DIGI-RECO_CMSSW_6_2_0_SLHC12_2023Scenario_Case1/calabria_SingleMuPt1000_GEN-SIM-DIGI-RECO_CMSSW_6_2_0_SLHC12_2023Scenario_Case1/fa5ffd20b461790f8466430606d05ce8/out_reco_469_2_pCu.root
17-Jun-2014 23:35:44 CEST  Closed file file:/lustre/cms//store/user/calabria/calabria_SingleMuPt1000_GEN-SIM-DIGI-RECO_CMSSW_6_2_0_SLHC12_2023Scenario_Case1/calabria_SingleMuPt1000_GEN-SIM-DIGI-RECO_CMSSW_6_2_0_SLHC12_2023Scenario_Case1/fa5ffd20b461790f8466430606d05ce8/out_reco_469_2_pCu.root
17-Jun-2014 23:35:44 CEST  Initiating request to open file file:/lustre/cms//store/user/calabria/calabria_SingleMuPt1000_GEN-SIM-DIGI-RECO_CMSSW_6_2_0_SLHC12_2023Scenario_Case1/calabria_SingleMuPt1000_GEN-SIM-DIGI-RECO_CMSSW_6_2_0_SLHC12_2023Scenario_Case1/fa5ffd20b461790f8466430606d05ce8/out_reco_1_1_BF8.root
17-Jun-2014 23:35:44 CEST  Successfully opened file file:/lustre/cms//store/user/calabria/calabria_SingleMuPt1000_GEN-SIM-DIGI-RECO_CMSSW_6_2_0_SLHC12_2023Scenario_Case1/calabria_SingleMuPt1000_GEN-SIM-DIGI-RECO_CMSSW_6_2_0_SLHC12_2023Scenario_Case1/fa5ffd20b461790f8466430606d05ce8/out_reco_1_1_BF8.root
17-Jun-2014 23:36:11 CEST  Closed file file:/lustre/cms//store/user/calabria/calabria_SingleMuPt1000_GEN-SIM-DIGI-RECO_CMSSW_6_2_0_SLHC12_2023Scenario_Case1/calabria_SingleMuPt1000_GEN-SIM-DIGI-RECO_CMSSW_6_2_0_SLHC12_2023Scenario_Case1/fa5ffd20b461790f8466430606d05ce8/out_reco_1_1_BF8.root
17-Jun-2014 23:36:11 CEST  Initiating request to open file file:/lustre/cms//store/user/calabria/calabria_SingleMuPt1000_GEN-SIM-DIGI-RECO_CMSSW_6_2_0_SLHC12_2023Scenario_Case1/calabria_SingleMuPt1000_GEN-SIM-DIGI-RECO_CMSSW_6_2_0_SLHC12_2023Scenario_Case1/fa5ffd20b461790f8466430606d05ce8/out_reco_2_1_jUb.root
17-Jun-2014 23:36:11 CEST  Successfully opened file file:/lustre/cms//store/user/calabria/calabria_SingleMuPt1000_GEN-SIM-DIGI-RECO_CMSSW_6_2_0_SLHC12_2023Scenario_Case1/calabria_SingleMuPt1000_GEN-SIM-DIGI-RECO_CMSSW_6_2_0_SLHC12_2023Scenario_Case1/fa5ffd20b461790f8466430606d05ce8/out_reco_2_1_jUb.root
17-Jun-2014 23:36:39 CEST  Closed file file:/lustre/cms//store/user/calabria/calabria_SingleMuPt1000_GEN-SIM-DIGI-RECO_CMSSW_6_2_0_SLHC12_2023Scenario_Case1/calabria_SingleMuPt1000_GEN-SIM-DIGI-RECO_CMSSW_6_2_0_SLHC12_2023Scenario_Case1/fa5ffd20b461790f8466430606d05ce8/out_reco_2_1_jUb.root
17-Jun-2014 23:36:39 CEST  Initiating request to open file file:/lustre/cms//store/user/calabria/calabria_SingleMuPt1000_GEN-SIM-DIGI-RECO_CMSSW_6_2_0_SLHC12_2023Scenario_Case1/calabria_SingleMuPt1000_GEN-SIM-DIGI-RECO_CMSSW_6_2_0_SLHC12_2023Scenario_Case1/fa5ffd20b461790f8466430606d05ce8/out_reco_3_1_r6w.root
17-Jun-2014 23:36:39 CEST  Successfully opened file file:/lustre/cms//store/user/calabria/calabria_SingleMuPt1000_GEN-SIM-DIGI-RECO_CMSSW_6_2_0_SLHC12_2023Scenario_Case1/calabria_SingleMuPt1000_GEN-SIM-DIGI-RECO_CMSSW_6_2_0_SLHC12_2023Scenario_Case1/fa5ffd20b461790f8466430606d05ce8/out_reco_3_1_r6w.root
17-Jun-2014 23:37:06 CEST  Closed file file:/lustre/cms//store/user/calabria/calabria_SingleMuPt1000_GEN-SIM-DIGI-RECO_CMSSW_6_2_0_SLHC12_2023Scenario_Case1/calabria_SingleMuPt1000_GEN-SIM-DIGI-RECO_CMSSW_6_2_0_SLHC12_2023Scenario_Case1/fa5ffd20b461790f8466430606d05ce8/out_reco_3_1_r6w.root
17-Jun-2014 23:37:06 CEST  Initiating request to open file file:/lustre/cms//store/user/calabria/calabria_SingleMuPt1000_GEN-SIM-DIGI-RECO_CMSSW_6_2_0_SLHC12_2023Scenario_Case1/calabria_SingleMuPt1000_GEN-SIM-DIGI-RECO_CMSSW_6_2_0_SLHC12_2023Scenario_Case1/fa5ffd20b461790f8466430606d05ce8/out_reco_4_2_7MU.root
17-Jun-2014 23:37:06 CEST  Successfully opened file file:/lustre/cms//store/user/calabria/calabria_SingleMuPt1000_GEN-SIM-DIGI-RECO_CMSSW_6_2_0_SLHC12_2023Scenario_Case1/calabria_SingleMuPt1000_GEN-SIM-DIGI-RECO_CMSSW_6_2_0_SLHC12_2023Scenario_Case1/fa5ffd20b461790f8466430606d05ce8/out_reco_4_2_7MU.root
17-Jun-2014 23:37:34 CEST  Closed file file:/lustre/cms//store/user/calabria/calabria_SingleMuPt1000_GEN-SIM-DIGI-RECO_CMSSW_6_2_0_SLHC12_2023Scenario_Case1/calabria_SingleMuPt1000_GEN-SIM-DIGI-RECO_CMSSW_6_2_0_SLHC12_2023Scenario_Case1/fa5ffd20b461790f8466430606d05ce8/out_reco_4_2_7MU.root
17-Jun-2014 23:37:34 CEST  Initiating request to open file file:/lustre/cms//store/user/calabria/calabria_SingleMuPt1000_GEN-SIM-DIGI-RECO_CMSSW_6_2_0_SLHC12_2023Scenario_Case1/calabria_SingleMuPt1000_GEN-SIM-DIGI-RECO_CMSSW_6_2_0_SLHC12_2023Scenario_Case1/fa5ffd20b461790f8466430606d05ce8/out_reco_5_1_AGl.root
17-Jun-2014 23:37:34 CEST  Successfully opened file file:/lustre/cms//store/user/calabria/calabria_SingleMuPt1000_GEN-SIM-DIGI-RECO_CMSSW_6_2_0_SLHC12_2023Scenario_Case1/calabria_SingleMuPt1000_GEN-SIM-DIGI-RECO_CMSSW_6_2_0_SLHC12_2023Scenario_Case1/fa5ffd20b461790f8466430606d05ce8/out_reco_5_1_AGl.root
17-Jun-2014 23:38:04 CEST  Closed file file:/lustre/cms//store/user/calabria/calabria_SingleMuPt1000_GEN-SIM-DIGI-RECO_CMSSW_6_2_0_SLHC12_2023Scenario_Case1/calabria_SingleMuPt1000_GEN-SIM-DIGI-RECO_CMSSW_6_2_0_SLHC12_2023Scenario_Case1/fa5ffd20b461790f8466430606d05ce8/out_reco_5_1_AGl.root
17-Jun-2014 23:38:04 CEST  Initiating request to open file file:/lustre/cms//store/user/calabria/calabria_SingleMuPt1000_GEN-SIM-DIGI-RECO_CMSSW_6_2_0_SLHC12_2023Scenario_Case1/calabria_SingleMuPt1000_GEN-SIM-DIGI-RECO_CMSSW_6_2_0_SLHC12_2023Scenario_Case1/fa5ffd20b461790f8466430606d05ce8/out_reco_6_2_9Rd.root
17-Jun-2014 23:38:04 CEST  Successfully opened file file:/lustre/cms//store/user/calabria/calabria_SingleMuPt1000_GEN-SIM-DIGI-RECO_CMSSW_6_2_0_SLHC12_2023Scenario_Case1/calabria_SingleMuPt1000_GEN-SIM-DIGI-RECO_CMSSW_6_2_0_SLHC12_2023Scenario_Case1/fa5ffd20b461790f8466430606d05ce8/out_reco_6_2_9Rd.root
17-Jun-2014 23:38:31 CEST  Closed file file:/lustre/cms//store/user/calabria/calabria_SingleMuPt1000_GEN-SIM-DIGI-RECO_CMSSW_6_2_0_SLHC12_2023Scenario_Case1/calabria_SingleMuPt1000_GEN-SIM-DIGI-RECO_CMSSW_6_2_0_SLHC12_2023Scenario_Case1/fa5ffd20b461790f8466430606d05ce8/out_reco_6_2_9Rd.root
17-Jun-2014 23:38:31 CEST  Initiating request to open file file:/lustre/cms//store/user/calabria/calabria_SingleMuPt1000_GEN-SIM-DIGI-RECO_CMSSW_6_2_0_SLHC12_2023Scenario_Case1/calabria_SingleMuPt1000_GEN-SIM-DIGI-RECO_CMSSW_6_2_0_SLHC12_2023Scenario_Case1/fa5ffd20b461790f8466430606d05ce8/out_reco_10_2_QhT.root
17-Jun-2014 23:38:32 CEST  Successfully opened file file:/lustre/cms//store/user/calabria/calabria_SingleMuPt1000_GEN-SIM-DIGI-RECO_CMSSW_6_2_0_SLHC12_2023Scenario_Case1/calabria_SingleMuPt1000_GEN-SIM-DIGI-RECO_CMSSW_6_2_0_SLHC12_2023Scenario_Case1/fa5ffd20b461790f8466430606d05ce8/out_reco_10_2_QhT.root
17-Jun-2014 23:39:03 CEST  Closed file file:/lustre/cms//store/user/calabria/calabria_SingleMuPt1000_GEN-SIM-DIGI-RECO_CMSSW_6_2_0_SLHC12_2023Scenario_Case1/calabria_SingleMuPt1000_GEN-SIM-DIGI-RECO_CMSSW_6_2_0_SLHC12_2023Scenario_Case1/fa5ffd20b461790f8466430606d05ce8/out_reco_10_2_QhT.root
17-Jun-2014 23:39:03 CEST  Initiating request to open file file:/lustre/cms//store/user/calabria/calabria_SingleMuPt1000_GEN-SIM-DIGI-RECO_CMSSW_6_2_0_SLHC12_2023Scenario_Case1/calabria_SingleMuPt1000_GEN-SIM-DIGI-RECO_CMSSW_6_2_0_SLHC12_2023Scenario_Case1/fa5ffd20b461790f8466430606d05ce8/out_reco_11_1_cxi.root
17-Jun-2014 23:39:03 CEST  Successfully opened file file:/lustre/cms//store/user/calabria/calabria_SingleMuPt1000_GEN-SIM-DIGI-RECO_CMSSW_6_2_0_SLHC12_2023Scenario_Case1/calabria_SingleMuPt1000_GEN-SIM-DIGI-RECO_CMSSW_6_2_0_SLHC12_2023Scenario_Case1/fa5ffd20b461790f8466430606d05ce8/out_reco_11_1_cxi.root
17-Jun-2014 23:39:30 CEST  Closed file file:/lustre/cms//store/user/calabria/calabria_SingleMuPt1000_GEN-SIM-DIGI-RECO_CMSSW_6_2_0_SLHC12_2023Scenario_Case1/calabria_SingleMuPt1000_GEN-SIM-DIGI-RECO_CMSSW_6_2_0_SLHC12_2023Scenario_Case1/fa5ffd20b461790f8466430606d05ce8/out_reco_11_1_cxi.root
17-Jun-2014 23:39:30 CEST  Initiating request to open file file:/lustre/cms//store/user/calabria/calabria_SingleMuPt1000_GEN-SIM-DIGI-RECO_CMSSW_6_2_0_SLHC12_2023Scenario_Case1/calabria_SingleMuPt1000_GEN-SIM-DIGI-RECO_CMSSW_6_2_0_SLHC12_2023Scenario_Case1/fa5ffd20b461790f8466430606d05ce8/out_reco_12_1_fxF.root
17-Jun-2014 23:39:30 CEST  Successfully opened file file:/lustre/cms//store/user/calabria/calabria_SingleMuPt1000_GEN-SIM-DIGI-RECO_CMSSW_6_2_0_SLHC12_2023Scenario_Case1/calabria_SingleMuPt1000_GEN-SIM-DIGI-RECO_CMSSW_6_2_0_SLHC12_2023Scenario_Case1/fa5ffd20b461790f8466430606d05ce8/out_reco_12_1_fxF.root
17-Jun-2014 23:40:08 CEST  Closed file file:/lustre/cms//store/user/calabria/calabria_SingleMuPt1000_GEN-SIM-DIGI-RECO_CMSSW_6_2_0_SLHC12_2023Scenario_Case1/calabria_SingleMuPt1000_GEN-SIM-DIGI-RECO_CMSSW_6_2_0_SLHC12_2023Scenario_Case1/fa5ffd20b461790f8466430606d05ce8/out_reco_12_1_fxF.root

=============================================

MessageLogger Summary

 type     category        sev    module        subroutine        count    total
 ---- -------------------- -- ---------------- ----------------  -----    -----
    1 fileAction           -s file_close                            10       10
    2 fileAction           -s file_open                             20       20

 type    category    Examples: run/evt        run/evt          run/evt
 ---- -------------------- ---------------- ---------------- ----------------
    1 fileAction           PostProcessEvent PostProcessEvent PostEndRun
    2 fileAction           pre-events       pre-events       PostProcessEvent

Severity    # Occurrences   Total Occurrences
--------    -------------   -----------------
System                 30                  30
>>> END OF printout of 50 lines from stdout+stderr
>>> Parse FrameworkJobReport crab_fjr.xml
Result of parsing the FrameworkJobReport crab_fjr.xml: Popularity start
lumisRange : 1::::1;1::::2;1::::3;1::::4;1::::5;1::::6;1::::7;1::::8;1::::9;1::::10;
lumisParentRange : 
Basename : /store/user/calabria/calabria_SingleMuPt1000_GEN-SIM-DIGI-RECO_CMSSW_6_2_0_SLHC12_2023Scenario_Case1/calabria_SingleMuPt1000_GEN-SIM-DIGI-RECO_CMSSW_6_2_0_SLHC12_2023Scenario_Case1/fa5ffd20b461790f8466430606d05ce8/out_reco_
BasenameParent : 
parentFiles : 
inputBlocks : /calabria_SingleMuPt1000_GEN-SIM-DIGI-RECO_CMSSW_6_2_0_SLHC12_2023Scenario_Case1/calabria-calabria_SingleMuPt1000_GEN-SIM-DIGI-RECO_CMSSW_6_2_0_SLHC12_2023Scenario_Case1-fa5ffd20b461790f8466430606d05ce8/USER#21ff40e4-8e60-4967-9f13-befa18759774
inputFiles : 4_2_7MU.root::1::EDM::Local::1;3_1_r6w.root::1::EDM::Local::2;5_1_AGl.root::1::EDM::Local::3;10_2_QhT.root::1::EDM::Local::4;2_1_jUb.root::1::EDM::Local::5;12_1_fxF.root::1::EDM::Local::6;11_1_cxi.root::1::EDM::Local::7;6_2_9Rd.root::1::EDM::Local::8;469_2_pCu.root::1::EDM::Local::9;1_1_BF8.root::1::EDM::Local::10;
Popularity stop
Extracted ExitStatus from FrameworkJobReport parsing output: 0
>>> Executable succeded  0
ExeExitCode=0
EXECUTABLE_EXIT_STATUS = 0
>>> current directory /home/cms040/home_cream_155058975/CREAM155058975/glide_vdCJe6/execute/dir_7990/CMSSW_6_2_0_SLHC12
>>>  (SOFTWARE_DIR): /home/cms040/home_cream_155058975/CREAM155058975/glide_vdCJe6/execute/dir_7990/CMSSW_6_2_0_SLHC12
>>> (WORKING_DIR): 
>>> current directory content:
total 11360
drwxr-xr-x 3 cms040 cms    4096 Jun 17 23:34 .SCRAM
-rw------- 1 cms040 cms 3740429 Jun 17 23:34 CMSSW.py.pkl
drwxr-xr-x 3 cms040 cms    4096 Jun 17 23:34 bin
drwxr-xr-x 3 cms040 cms    4096 Jun 17 23:34 cfipython
drwxr-xr-x 4 cms040 cms    4096 Jun 17 23:34 config
-rw------- 1 cms040 cms      16 Jun 17 23:40 cpu_timing.txt
drwxr-xr-x 2 cms040 cms    4096 Jun 17 23:34 doc
-rw------- 1 cms040 cms   10000 Jun 17 23:40 executable.out
drwxr-xr-x 2 cms040 cms    4096 Jun 17 23:34 include
drwx------ 3 cms040 cms    4096 Apr 28 18:12 lib
drwxr-xr-x 3 cms040 cms    4096 Jun 17 23:34 logs
drwxr-xr-x 3 cms040 cms    4096 Jun 17 23:34 objs
-rw------- 1 cms040 cms     104 Jun 17 23:34 pset.py
-rw------- 1 cms040 cms 3712336 Jun 17 23:34 pset.py.pkl
-rw------- 1 cms040 cms     289 Jun 17 23:34 pset.pyc
drwxr-xr-x 2 cms040 cms    4096 Jun 17 23:34 python
-rw------- 1 cms040 cms     416 Jun 17 23:40 report.log
drwx------ 6 cms040 cms    4096 Jun 17 23:34 src
drwxr-xr-x 3 cms040 cms    4096 Jun 17 23:34 test
drwxr-xr-x 3 cms040 cms    4096 Jun 17 23:34 tmp
-rw------- 1 cms040 cms 4076923 Jun 17 23:40 validationEDM.root
>>> current directory /home/cms040/home_cream_155058975/CREAM155058975/glide_vdCJe6/execute/dir_7990/CMSSW_6_2_0_SLHC12
>>> (SOFTWARE_DIR): /home/cms040/home_cream_155058975/CREAM155058975/glide_vdCJe6/execute/dir_7990/CMSSW_6_2_0_SLHC12
>>> (WORKING_DIR): 
>>> current directory content:
total 11360
drwxr-xr-x 3 cms040 cms    4096 Jun 17 23:34 .SCRAM
-rw------- 1 cms040 cms 3740429 Jun 17 23:34 CMSSW.py.pkl
drwxr-xr-x 3 cms040 cms    4096 Jun 17 23:34 bin
drwxr-xr-x 3 cms040 cms    4096 Jun 17 23:34 cfipython
drwxr-xr-x 4 cms040 cms    4096 Jun 17 23:34 config
-rw------- 1 cms040 cms      16 Jun 17 23:40 cpu_timing.txt
drwxr-xr-x 2 cms040 cms    4096 Jun 17 23:34 doc
-rw------- 1 cms040 cms   10000 Jun 17 23:40 executable.out
drwxr-xr-x 2 cms040 cms    4096 Jun 17 23:34 include
drwx------ 3 cms040 cms    4096 Apr 28 18:12 lib
drwxr-xr-x 3 cms040 cms    4096 Jun 17 23:34 logs
drwxr-xr-x 3 cms040 cms    4096 Jun 17 23:34 objs
-rw------- 1 cms040 cms     104 Jun 17 23:34 pset.py
-rw------- 1 cms040 cms 3712336 Jun 17 23:34 pset.py.pkl
-rw------- 1 cms040 cms     289 Jun 17 23:34 pset.pyc
drwxr-xr-x 2 cms040 cms    4096 Jun 17 23:34 python
-rw------- 1 cms040 cms     416 Jun 17 23:40 report.log
drwx------ 6 cms040 cms    4096 Jun 17 23:34 src
drwxr-xr-x 3 cms040 cms    4096 Jun 17 23:34 test
drwxr-xr-x 3 cms040 cms    4096 Jun 17 23:34 tmp
-rw------- 1 cms040 cms 4076923 Jun 17 23:40 validationEDM_19_1_Qy3.root
>>> current directory (RUNTIME_AREA):  /home/cms040/home_cream_155058975/CREAM155058975/glide_vdCJe6/execute/dir_7990
SE = storm-se-01.ba.infn.it
SE_PATH = /srm/managerv2?SFN=//cms/store/user/calabria/calabria_SingleMuPt1000_GEN-SIM-DIGI-RECO_CMSSW_6_2_0_SLHC12_2023Scenario_Case1/calabria_MuMinus1000_GEN-SIM-DIGI-RECO_CMSSW_6_2_0_SLHC12_2023Scenario_VALNOPU2_Case1/5854dd31cbd3cdec44c48628cc181cf0/
LFNBaseName = /store/user/calabria/calabria_SingleMuPt1000_GEN-SIM-DIGI-RECO_CMSSW_6_2_0_SLHC12_2023Scenario_Case1/calabria_MuMinus1000_GEN-SIM-DIGI-RECO_CMSSW_6_2_0_SLHC12_2023Scenario_VALNOPU2_Case1/5854dd31cbd3cdec44c48628cc181cf0/
USER = calabria
endpoint = srm://storm-se-01.ba.infn.it:8444/srm/managerv2?SFN=//cms/store/user/calabria/calabria_SingleMuPt1000_GEN-SIM-DIGI-RECO_CMSSW_6_2_0_SLHC12_2023Scenario_Case1/calabria_MuMinus1000_GEN-SIM-DIGI-RECO_CMSSW_6_2_0_SLHC12_2023Scenario_VALNOPU2_Case1/5854dd31cbd3cdec44c48628cc181cf0/
>>> Copy output files from WN = alicegrid45.ba.infn.it to /srm/managerv2?SFN=//cms/store/user/calabria/calabria_SingleMuPt1000_GEN-SIM-DIGI-RECO_CMSSW_6_2_0_SLHC12_2023Scenario_Case1/calabria_MuMinus1000_GEN-SIM-DIGI-RECO_CMSSW_6_2_0_SLHC12_2023Scenario_VALNOPU2_Case1/5854dd31cbd3cdec44c48628cc181cf0/ :
python cmscp.py  --destination srm://storm-se-01.ba.infn.it:8444/srm/managerv2?SFN=//cms/store/user/calabria/calabria_SingleMuPt1000_GEN-SIM-DIGI-RECO_CMSSW_6_2_0_SLHC12_2023Scenario_Case1/calabria_MuMinus1000_GEN-SIM-DIGI-RECO_CMSSW_6_2_0_SLHC12_2023Scenario_VALNOPU2_Case1/5854dd31cbd3cdec44c48628cc181cf0/ --inputFileList /home/cms040/home_cream_155058975/CREAM155058975/glide_vdCJe6/execute/dir_7990/CMSSW_6_2_0_SLHC12/validationEDM_19_1_Qy3.root --middleware LCG --se_name storm-se-01.ba.infn.it --for_lfn /store/user/calabria/calabria_SingleMuPt1000_GEN-SIM-DIGI-RECO_CMSSW_6_2_0_SLHC12_2023Scenario_Case1/calabria_MuMinus1000_GEN-SIM-DIGI-RECO_CMSSW_6_2_0_SLHC12_2023Scenario_VALNOPU2_Case1/5854dd31cbd3cdec44c48628cc181cf0/    
******************************************************
localSeName  =  storm-se-01.ba.infn.it
remoteSeName =  storm-se-01.ba.infn.it
******************************************************
{"/home/cms040/home_cream_155058975/CREAM155058975/glide_vdCJe6/execute/dir_7990/CMSSW_6_2_0_SLHC12/validationEDM_19_1_Qy3.root": {"endpoint": "srm://storm-se-01.ba.infn.it:8444/srm/managerv2?SFN=//cms/store/user/calabria/calabria_SingleMuPt1000_GEN-SIM-DIGI-RECO_CMSSW_6_2_0_SLHC12_2023Scenario_Case1/calabria_MuMinus1000_GEN-SIM-DIGI-RECO_CMSSW_6_2_0_SLHC12_2023Scenario_VALNOPU2_Case1/5854dd31cbd3cdec44c48628cc181cf0/", "surl_for_grid": "", "reason": "Copy succedeed with srm-lcg utils", "erCode": "0", "se_name": "storm-se-01.ba.infn.it", "for_lfn": "/store/user/calabria/calabria_SingleMuPt1000_GEN-SIM-DIGI-RECO_CMSSW_6_2_0_SLHC12_2023Scenario_Case1/calabria_MuMinus1000_GEN-SIM-DIGI-RECO_CMSSW_6_2_0_SLHC12_2023Scenario_VALNOPU2_Case1/5854dd31cbd3cdec44c48628cc181cf0/"}}/home/cms040/home_cream_155058975/CREAM155058975/glide_vdCJe6/execute/dir_7990
-------- cat /home/cms040/home_cream_155058975/CREAM155058975/glide_vdCJe6/execute/dir_7990/cmscpReport.sh 
#!/bin/bash
echo "Report for File: /home/cms040/home_cream_155058975/CREAM155058975/glide_vdCJe6/execute/dir_7990/CMSSW_6_2_0_SLHC12/validationEDM_19_1_Qy3.root"
echo "LFN: /store/user/calabria/calabria_SingleMuPt1000_GEN-SIM-DIGI-RECO_CMSSW_6_2_0_SLHC12_2023Scenario_Case1/calabria_MuMinus1000_GEN-SIM-DIGI-RECO_CMSSW_6_2_0_SLHC12_2023Scenario_VALNOPU2_Case1/5854dd31cbd3cdec44c48628cc181cf0/validationEDM_19_1_Qy3.root"
echo "StorageElement: storm-se-01.ba.infn.it"
echo "StageOutExitStatusReason = 'Copy succedeed with srm-lcg utils'" | tee -a $RUNTIME_AREA/$repo
echo "StageOutSE = storm-se-01.ba.infn.it" >> $RUNTIME_AREA/$repo

export StageOutExitStatus=0
echo "StageOutExitStatus = 0" | tee -a $RUNTIME_AREA/$repo
-------- end of /home/cms040/home_cream_155058975/CREAM155058975/glide_vdCJe6/execute/dir_7990/cmscpReport.sh 
Report for File: /home/cms040/home_cream_155058975/CREAM155058975/glide_vdCJe6/execute/dir_7990/CMSSW_6_2_0_SLHC12/validationEDM_19_1_Qy3.root
LFN: /store/user/calabria/calabria_SingleMuPt1000_GEN-SIM-DIGI-RECO_CMSSW_6_2_0_SLHC12_2023Scenario_Case1/calabria_MuMinus1000_GEN-SIM-DIGI-RECO_CMSSW_6_2_0_SLHC12_2023Scenario_VALNOPU2_Case1/5854dd31cbd3cdec44c48628cc181cf0/validationEDM_19_1_Qy3.root
StorageElement: storm-se-01.ba.infn.it
StageOutExitStatusReason = 'Copy succedeed with srm-lcg utils'
StageOutExitStatus = 0
>>> current dir: /home/cms040/home_cream_155058975/CREAM155058975/glide_vdCJe6/execute/dir_7990
>>> current dir content:
total 28080
-rw-------  1 cms040 cms     2794 Jun 17 23:41 .SEinteraction.log
-rwx------  1 cms040 cms     6838 Jun 17 23:34 .job.ad
-rwx------  1 cms040 cms     9413 Jun 17 23:34 .machine.ad
-rw-------  1 cms040 cms      105 Jun 16 20:52 CMSSW.py
-rw-------  1 cms040 cms  3740429 Jun 16 20:52 CMSSW.py.pkl
-rwx------  1 cms040 cms    29582 Jun 17 23:34 CMSSW.sh
drwxr-xr-x 15 cms040 cms     4096 Jun 17 23:40 CMSSW_6_2_0_SLHC12
-rw-------  1 cms040 cms      219 Jun 17 23:34 CacheEnv.sh
-rw-------  1 cms040 cms     7291 Apr  4 11:04 DashboardAPI.py
-rw-------  1 cms040 cms     6800 Jun 17 23:34 DashboardAPI.pyc
drwx------  2 cms040 cms     4096 Jun 17 23:40 IMProv
-rw-------  1 cms040 cms     2748 Apr  4 11:04 Logger.py
-rw-------  1 cms040 cms     3342 Jun 17 23:34 Logger.pyc
-rw-------  1 cms040 cms    24524 Apr  4 11:04 ProcInfo.py
-rw-------  1 cms040 cms    23173 Jun 17 23:34 ProcInfo.pyc
drwx------  7 cms040 cms     4096 Jun 17 23:34 ProdCommon
drwx------  3 cms040 cms     4096 Jun 17 23:34 WMCore
-rw-------  1 cms040 cms     2112 Jun 17 23:40 Watchdog_19.log
-rwx------  1 cms040 cms        0 Jun 17 23:34 _condor_stderr
-rwx---r--  1 cms040 cms    29556 Jun 17 23:41 _condor_stdout
-rw-------  1 cms040 cms    32895 Apr  4 11:04 apmon.py
-rw-------  1 cms040 cms    28596 Jun 17 23:34 apmon.pyc
-rwx------  1 cms040 cms    54677 Jun 17 23:34 arguments.xml
-rwx------  1 cms040 cms    38515 Apr  4 11:04 cmscp.py
-rw-------  1 cms040 cms      721 Jun 17 23:41 cmscpReport.sh
-rwx------  1 cms040 cms    29582 Jun 17 23:34 condor_exec.exe
-rw-------  1 cms040 cms      968 Jun 16 20:52 crab.cfg
-rwx------  1 cms040 cms     8610 Apr  4 11:04 crabWatchdog.sh
-rwx---r--  1 cms040 cms   523355 Jun 17 23:40 crab_fjr_19.xml
-rwx------  1 cms040 cms 23960019 Jun 17 23:34 default.tgz
-rwx------  1 cms040 cms     4488 Apr  4 11:04 fillCrabFjr.py
-rw-------  1 cms040 cms     2658 Jun 17 23:34 inputsReport.txt
-rw-------  1 cms040 cms      263 Jun 17 23:41 jobreport.txt
-rw-------  1 cms040 cms    17352 Apr  4 11:04 parseCrabFjr.py
-rw-------  1 cms040 cms      334 Jun 17 23:34 report.log
-rwx--x--x  1 cms040 cms     1497 Apr  4 11:04 report.py
-rw-------  1 cms040 cms      779 Jun 17 23:41 resultCopyFile
lrwxrwxrwx  1 cms040 cms      125 Jun 17 23:40 validationEDM.root -> /home/cms040/home_cream_155058975/CREAM155058975/glide_vdCJe6/execute/dir_7990/CMSSW_6_2_0_SLHC12/validationEDM_19_1_Qy3.root
-rwx------  1 cms040 cms     8387 Apr  4 11:04 writeCfg.py
-rw-------  1 cms040 cms     8010 Jun 17 23:34 x509up_u50707
>>> Modify Job Report:
CMSSW_VERSION = CMSSW_6_2_0_SLHC12
ProcessedDataset = calabria_MuMinus1000_GEN-SIM-DIGI-RECO_CMSSW_6_2_0_SLHC12_2023Scenario_VALNOPU2_Case1
/home/cms040/home_cream_155058975/CREAM155058975/glide_vdCJe6/execute/dir_7990/ProdCommon/FwkJobRep/ModifyJobReport.py fjr /home/cms040/home_cream_155058975/CREAM155058975/glide_vdCJe6/execute/dir_7990/crab_fjr_19.xml json /home/cms040/home_cream_155058975/CREAM155058975/glide_vdCJe6/execute/dir_7990/resultCopyFile n_job 19_1_Qy3 PrimaryDataset calabria_SingleMuPt1000_GEN-SIM-DIGI-RECO_CMSSW_6_2_0_SLHC12_2023Scenario_Case1  ApplicationFamily cmsRun ApplicationName cmsRun cmssw_version CMSSW_6_2_0_SLHC12 psethash 5854dd31cbd3cdec44c48628cc181cf0 UserProcessedDataset calabria-calabria_MuMinus1000_GEN-SIM-DIGI-RECO_CMSSW_6_2_0_SLHC12_2023Scenario_VALNOPU2_Case1-5854dd31cbd3cdec44c48628cc181cf0
inputDict =  {u'/home/cms040/home_cream_155058975/CREAM155058975/glide_vdCJe6/execute/dir_7990/CMSSW_6_2_0_SLHC12/validationEDM_19_1_Qy3.root': {u'endpoint': u'srm://storm-se-01.ba.infn.it:8444/srm/managerv2?SFN=//cms/store/user/calabria/calabria_SingleMuPt1000_GEN-SIM-DIGI-RECO_CMSSW_6_2_0_SLHC12_2023Scenario_Case1/calabria_MuMinus1000_GEN-SIM-DIGI-RECO_CMSSW_6_2_0_SLHC12_2023Scenario_VALNOPU2_Case1/5854dd31cbd3cdec44c48628cc181cf0/', u'surl_for_grid': u'', u'reason': u'Copy succedeed with srm-lcg utils', u'erCode': u'0', u'se_name': u'storm-se-01.ba.infn.it', u'for_lfn': u'/store/user/calabria/calabria_SingleMuPt1000_GEN-SIM-DIGI-RECO_CMSSW_6_2_0_SLHC12_2023Scenario_Case1/calabria_MuMinus1000_GEN-SIM-DIGI-RECO_CMSSW_6_2_0_SLHC12_2023Scenario_VALNOPU2_Case1/5854dd31cbd3cdec44c48628cc181cf0/'}}
UserProcessedDataset =  calabria-calabria_MuMinus1000_GEN-SIM-DIGI-RECO_CMSSW_6_2_0_SLHC12_2023Scenario_VALNOPU2_Case1-5854dd31cbd3cdec44c48628cc181cf0
file_name in inputDict =  /home/cms040/home_cream_155058975/CREAM155058975/glide_vdCJe6/execute/dir_7990/CMSSW_6_2_0_SLHC12/validationEDM_19_1_Qy3.root
(size) os.stat(filename)[6] =  4076923
checksum =  2498081467
    file =  validationEDM_19_1_Qy3.root
    newPfn =  srm://storm-se-01.ba.infn.it:8444/srm/managerv2?SFN=//cms/store/user/calabria/calabria_SingleMuPt1000_GEN-SIM-DIGI-RECO_CMSSW_6_2_0_SLHC12_2023Scenario_Case1/calabria_MuMinus1000_GEN-SIM-DIGI-RECO_CMSSW_6_2_0_SLHC12_2023Scenario_VALNOPU2_Case1/5854dd31cbd3cdec44c48628cc181cf0/validationEDM_19_1_Qy3.root
    newLfn =  /store/user/calabria/calabria_SingleMuPt1000_GEN-SIM-DIGI-RECO_CMSSW_6_2_0_SLHC12_2023Scenario_Case1/calabria_MuMinus1000_GEN-SIM-DIGI-RECO_CMSSW_6_2_0_SLHC12_2023Scenario_VALNOPU2_Case1/5854dd31cbd3cdec44c48628cc181cf0/validationEDM_19_1_Qy3.root
>>> crab_fjr_*.xml  permission set to 0704
CrabWrapper EXIT_FUNC entered at Tue Jun 17 23:41:05 CEST 2014   -  Tue Jun 17 21:41:05 UTC 2014
Checking output files:  
will tar file crab_fjr_19.xml in  out_files_19
WARNING: output file CMSSW_19.stdout not found!
WARNING: output file CMSSW_19.stderr not found!
WARNING: output file Watchdog_19.log.gz not found!
>>> padding time: Sleeping the wrapper for 200 seconds
STOPPING WATCHDOG. CrabWatchdog PID is 8991
********** LAST 50 LINES OF WATCHDOG LOG
# RESOURCE USAGE SUMMARY FOR PROCESS ID  8807
USER       PID %CPU %MEM    VSZ   RSS TTY      STAT START   TIME COMMAND
cms040    8807  0.7  0.0   9496  1568 ?        S    23:34   0:00 /bin/sh /home/cms040/home_cream_155058975/CREAM155058975/glide_vdCJe6/execute/dir_7990/condor_exec.exe 19 1
 
# LIMITS USED BY CRAB WATCHDOG:
# RSS  (KBytes)   : 2300000
# VSZ  (KBytes)   : 100000000
# DISK (MBytes)   : 19000
# CPU TIME        : 720h:0m:0s
# WALL CLOCK TIME : 21h:50m:0s
 
# FOLLOWING PRINTOUT TRACKS MAXIMUM VALUES OF RESOURCES USE
# ONE LINE IS PRINTED EACH TIME A MAXIMUM CHANGES
# IF CHANGE WAS IN RSS OR VSZ ALSO PROCID AND COMMAND ARE PRINTED
# THERE IS NO PRINTOUT FOR CPU/WALL TIME INCREASE
 
# TIME			PID	RSS(KB)	VSZ(KB)	Dsk(MB)	tCPU(s)	tWALL(s)	COMMAND
 Jun 17 23:34:33 CEST	7990	8360	93616	0	0	0	condor_starter -f submit-4.t2.ucsd.edu        
 Jun 17 23:34:33 CEST	9003	30544	93616	0	0	0	edmConfigHash pset.py         
 Jun 17 23:34:33 CEST	21492	30544	106092	0	0	0	sh -c "./glidein_startup.sh" -v std -name v1_3 -entry CMS_T2_IT_Bari_ce2 -clientname UCSD-v1_0.main
 Jun 17 23:34:33 CEST	21496	30544	106492	0	1	0	/bin/bash ./glidein_startup.sh -v std -name v1_3 -entry CMS_T2_IT_Bari_ce2 -clientname UCSD-v1_0.main -schedd
 Jun 17 23:34:33 CEST	---	30544	106492	171	----	----	----
 Jun 17 23:35:34 CEST	9324	770020	980540	171	37	61	cmsRun -j /home/cms040/home_cream_155058975/CREAM155058975/glide_vdCJe6/execute/dir_7990/crab_fjr_19.xml -p pset.py      
 Jun 17 23:35:34 CEST	---	770020	980540	175	----	----	----
 Jun 17 23:36:35 CEST	9324	793656	1006352	175	92	122	cmsRun -j /home/cms040/home_cream_155058975/CREAM155058975/glide_vdCJe6/execute/dir_7990/crab_fjr_19.xml -p pset.py      
 Jun 17 23:38:37 CEST	9324	799844	1022736	175	195	244	cmsRun -j /home/cms040/home_cream_155058975/CREAM155058975/glide_vdCJe6/execute/dir_7990/crab_fjr_19.xml -p pset.py      
 Jun 17 23:39:38 CEST	9324	809420	1036304	175	244	305	cmsRun -j /home/cms040/home_cream_155058975/CREAM155058975/glide_vdCJe6/execute/dir_7990/crab_fjr_19.xml -p pset.py      
 Jun 17 23:40:39 CEST	---	809420	1036304	179	----	----	----
********** WATCHDOG LOG ENDED
ZIPPING WATCHDOG LOG
Disk space used:
du -sh /home/cms040/home_cream_155058975/CREAM155058975/glide_vdCJe6/execute/dir_7990
179M	/home/cms040/home_cream_155058975/CREAM155058975/glide_vdCJe6/execute/dir_7990
Found unusual stdout, rename for OSB
`/home/cms040/home_cream_155058975/CREAM155058975/glide_vdCJe6/execute/dir_7990/_condor_stdout' -> `CMSSW_19.stdout'
Found unusual stderr, rename for OSB
`/home/cms040/home_cream_155058975/CREAM155058975/glide_vdCJe6/execute/dir_7990/_condor_stdout' -> `CMSSW_19.stderr'
crab_fjr_19.xml
CMSSW_19.stdout
CMSSW_19.stderr
Watchdog_19.log.gz
Total Output dimension: 69843
WARNING: output files size limit is set to: 50000000
Total Output dimension 69843 is fine.
JOB_EXIT_STATUS = 0
>>> info for dashboard:
***** Cat /home/cms040/home_cream_155058975/CREAM155058975/glide_vdCJe6/execute/dir_7990/jobreport.txt *****
MonitorJobID=19_https://submit-4.t2.ucsd.edu//140616//222476.18
MonitorID=calabria_MuMinus1000_Case1_ReReco_a18y2p
ExeTime=321
ExeExitCode=0
StageOutExitStatusReason = 'Copy succedeed with srm-lcg utils'
StageOutSE = storm-se-01.ba.infn.it
StageOutExitStatus = 0
CrabUserCpuTime=268.22
CrabSysCpuTime=6.76
CrabCpuPercentage=85%
CrabWrapperTime=600
CrabStageoutTime=49
JobExitCode=0
***** End Cat jobreport *****
Parameters sent to Dashboard.
EXITING at Tue Jun 17 23:44:31 CEST 2014  -  Tue Jun 17 21:44:31 UTC 2014
