This script was generated by crab (version 2.10.5_patch1).
Running /home/cms017/home_cream_877751844/CREAM877751844/glide_2qv9Dc/execute/dir_21985/condor_exec.exe with 2 positional parameters: 4 1
Today is Wed Jun 18 01:19:36 CEST 2014 - Tue Jun 17 23:19:36 UTC 2014
Job submitted on host pccms115.ba.infn.it
Linux pccms115.ba.infn.it 2.6.32-358.23.2.el6.x86_64 #1 SMP Thu Oct 17 10:27:22 CEST 2013 x86_64 x86_64 x86_64 GNU/Linux
>>> current directory (RUNTIME_AREA): /home/cms017/home_cream_877751844/CREAM877751844/glide_2qv9Dc/execute/dir_21985
>>> current user: uid=11830(cms017) gid=1399(cms) groups=1399(cms)
>>> directory permission set to 0700
>>> umask set to:  u=rwx,g=,o=
>>> stdout stderr permission set to 0704
>>> voms proxy information:
subject   : /C=IT/O=INFN/OU=Personal Certificate/L=Bari/CN=Cesare Calabria/CN=477126703/CN=326829771
issuer    : /C=IT/O=INFN/OU=Personal Certificate/L=Bari/CN=Cesare Calabria/CN=477126703
identity  : /C=IT/O=INFN/OU=Personal Certificate/L=Bari/CN=Cesare Calabria
type      : RFC3820 compliant limited proxy
strength  : 1024
path      : /home/cms017/home_cream_877751844/CREAM877751844/glide_2qv9Dc/execute/dir_21985/x509up_u50707
timeleft  : 23:59:27
key usage : Digital Signature, Key Encipherment, Data Encipherment
=== VO cms extension information ===
VO        : cms
subject   : /C=IT/O=INFN/OU=Personal Certificate/L=Bari/CN=Cesare Calabria
issuer    : /DC=ch/DC=cern/OU=computers/CN=voms.cern.ch
attribute : /cms/Role=NULL/Capability=NULL
attribute : /cms/itcms/Role=NULL/Capability=NULL
timeleft  : 154:04:42
uri       : voms.cern.ch:15002

WNHostName=pccms115.ba.infn.it
>>> tar --no-same-permissions -xf /home/cms017/home_cream_877751844/CREAM877751844/glide_2qv9Dc/execute/dir_21985/default.tgz :
Successful untar
>>> Include /home/cms017/home_cream_877751844/CREAM877751844/glide_2qv9Dc/execute/dir_21985 in PYTHONPATH:
strip arguments
env var CRAB_UNIQUE_JOB_ID set to: calabria_MuMinus100_Case1_ReReco_8e5c3i_4_1_tKw
out_files_4
>>> list of expected files on output sandbox
output files: crab_fjr_4.xml CMSSW_4.stdout CMSSW_4.stderr Watchdog_4.log.gz
>>> GridFlavour discovery: 
GridFlavour=LCG
>>> SyncSite discovery: 
SyncSite=T2_IT_Bari
>>> SyncCE discovery: 
getting SyncCE from CE_ID
SyncCE=cream-ce-4.ba.infn.it:8443/cream-pbs-cms
>>> info for dashboard:
***** Cat /home/cms017/home_cream_877751844/CREAM877751844/glide_2qv9Dc/execute/dir_21985/jobreport.txt *****
WNHostName=pccms115.ba.infn.it
MonitorJobID=4_https://submit-6.t2.ucsd.edu//140616//168553.3
SyncGridJobId=https://submit-6.t2.ucsd.edu//140616//168553.3
MonitorID=calabria_MuMinus100_Case1_ReReco_8e5c3i
GridFlavour=LCG
SyncSite=T2_IT_Bari
SyncCE=cream-ce-4.ba.infn.it:8443/cream-pbs-cms
***** End Cat jobreport *****
Parameters sent to Dashboard.
>>> setup environment
set SCRAM ARCH to slc5_amd64_gcc472
SCRAM_ARCH = slc5_amd64_gcc472
>>> setup CMS LCG environment:
set SCRAM ARCH and BUILD_ARCH to slc5_amd64_gcc472 ###
Sourcing environment... 
sourcing /cvmfs/cms.cern.ch/cmsset_default.sh
==> setup cms environment ok
>>> specific cmssw setup environment:
CMSSW_VERSION =  CMSSW_6_2_0_SLHC12
>>> current directory (SOFTWARE_DIR): /home/cms017/home_cream_877751844/CREAM877751844/glide_2qv9Dc/execute/dir_21985/CMSSW_6_2_0_SLHC12
PreserveSeeds: <>
IncrementSeeds:<>
>>> info for dashboard:
***** Cat /home/cms017/home_cream_877751844/CREAM877751844/glide_2qv9Dc/execute/dir_21985/jobreport.txt *****
MonitorJobID=4_https://submit-6.t2.ucsd.edu//140616//168553.3
MonitorID=calabria_MuMinus100_Case1_ReReco_8e5c3i
***** End Cat jobreport *****
Parameters sent to Dashboard.
crabWatchdog started as process 23317
>>> moving CMSSW software directories in /home/cms017/home_cream_877751844/CREAM877751844/glide_2qv9Dc/execute/dir_21985/CMSSW_6_2_0_SLHC12
mv: cannot stat `/home/cms017/home_cream_877751844/CREAM877751844/glide_2qv9Dc/execute/dir_21985/module/': No such file or directory
>>> Include /home/cms017/home_cream_877751844/CREAM877751844/glide_2qv9Dc/execute/dir_21985 in PYTHONPATH:
PYTHONPATH=/home/cms017/home_cream_877751844/CREAM877751844/glide_2qv9Dc/execute/dir_21985/:/home/cms017/home_cream_877751844/CREAM877751844/glide_2qv9Dc/execute/dir_21985/CMSSW_6_2_0_SLHC12/python:/home/cms017/home_cream_877751844/CREAM877751844/glide_2qv9Dc/execute/dir_21985/CMSSW_6_2_0_SLHC12/lib/slc5_amd64_gcc472:/cvmfs/cms.cern.ch/slc5_amd64_gcc472/cms/cmssw/CMSSW_6_2_0_SLHC12/python:/cvmfs/cms.cern.ch/slc5_amd64_gcc472/cms/cmssw/CMSSW_6_2_0_SLHC12/lib/slc5_amd64_gcc472:/cvmfs/cms.cern.ch/slc5_amd64_gcc472/cms/coral/CORAL_2_3_21-cms36/slc5_amd64_gcc472/python:/cvmfs/cms.cern.ch/slc5_amd64_gcc472/cms/coral/CORAL_2_3_21-cms36/slc5_amd64_gcc472/lib:/cvmfs/cms.cern.ch/slc5_amd64_gcc472/external/pyqt/4.8.1-cms6/lib/python2.7/site-packages:/cvmfs/cms.cern.ch/slc5_amd64_gcc472/external/py2-scipy/0.8.0-cms8/lib/python2.7/site-packages:/cvmfs/cms.cern.ch/slc5_amd64_gcc472/external/py2-matplotlib/1.0.1-cms8/lib/python2.7/site-packages:/cvmfs/cms.cern.ch/slc5_amd64_gcc472/external/python-ldap/2.3.5-cms6/lib/python2.7/site-packages:/cvmfs/cms.cern.ch/slc5_amd64_gcc472/external/sip/4.11.2-cms6/lib/python2.7/site-packages:/cvmfs/cms.cern.ch/slc5_amd64_gcc472/external/py2-pycurl/7.19.0-cms8/lib/python2.7/site-packages:/cvmfs/cms.cern.ch/slc5_amd64_gcc472/external/py2-numpy/1.6.1-cms8/lib/python2.7/site-packages:/cvmfs/cms.cern.ch/slc5_amd64_gcc472/external/py2-lint/0.25.1-cms6/lib/python2.7/site-packages:/cvmfs/cms.cern.ch/slc5_amd64_gcc472/external/py2-ipython/0.10-cms6/lib/python2.7/site-packages:/cvmfs/cms.cern.ch/slc5_amd64_gcc472/external/py2-cx-oracle/5.1-cms7/lib/python2.7/site-packages:/cvmfs/cms.cern.ch/slc5_amd64_gcc472/external/py2-cjson/1.0.5-cms6/lib/python2.7/site-packages:/cvmfs/cms.cern.ch/slc5_amd64_gcc472/cms/das-client/1.11.7/bin:/cvmfs/cms.cern.ch/slc5_amd64_gcc472/external/elementtree/1.2.6-cms6/share/lib/python2.7/site-packages:/cvmfs/cms.cern.ch/slc5_amd64_gcc472/external/rivet/1.8.2-cms8/lib/python2.7/site-packages:/cvmfs/cms.cern.ch/slc5_amd64_gcc472/external/pyminuit2/0.0.1-cms19/lib/python2.7/site-packages:/cvmfs/cms.cern.ch/slc5_amd64_gcc472/external/py2-pygithub/1.23.0/lib/python2.7/site-packages:/cvmfs/cms.cern.ch/slc5_amd64_gcc472/external/professor/1.0.0-cms19/lib/python2.7/site-packages:/cvmfs/cms.cern.ch/slc5_amd64_gcc472/lcg/root/5.34.07-cms/lib:/cvmfs/cms.cern.ch/slc5_amd64_gcc472/cms/dbs-client/DBS_2_1_9-cms5/lib:/cvmfs/cms.cern.ch/slc5_amd64_gcc472/cms/dbs-client/DBS_2_1_9-cms5/lib/DBSAPI:/cvmfs/cms.cern.ch/slc5_amd64_gcc472/external/cvs2git/5419-cms/lib:/home/cms017/home_cream_877751844/CREAM877751844/glide_2qv9Dc/execute/dir_21985/
 
# LIMITS USED BY CRAB WATCHDOG:
# RSS  (KBytes)   : 2300000
# VSZ  (KBytes)   : 100000000
# DISK (MBytes)   : 19000
# CPU TIME        : 720h:0m:0s
# WALL CLOCK TIME : 21h:50m:0s
 
5854dd31cbd3cdec44c48628cc181cf0
PSETHASH = 5854dd31cbd3cdec44c48628cc181cf0
/home/cms017/home_cream_877751844/CREAM877751844/glide_2qv9Dc/execute/dir_21985/writeCfg.py pset.py pset.py
Importing .py file
Setting parameters
RandomNumberGeneratorService found, will attempt to change seeds
inputBlocks=/calabria_SingleMuPt100_GEN-SIM-DIGI-RECO_CMSSW_6_2_0_SLHC12_2023Scenario_Case1/calabria-calabria_SingleMuPt100_GEN-SIM-DIGI-RECO_CMSSW_6_2_0_SLHC12_2023Scenario_Case1-7828650cf335f3b092f375624d26bb6d/USER#8e923215-f6a9-4274-8c58-85e2fd058bad
inputFiles=/store/user/calabria/calabria_SingleMuPt100_GEN-SIM-DIGI-RECO_CMSSW_6_2_0_SLHC12_2023Scenario_Case1/calabria_SingleMuPt100_GEN-SIM-DIGI-RECO_CMSSW_6_2_0_SLHC12_2023Scenario_Case1/7828650cf335f3b092f375624d26bb6d/out_reco_305_1_koj.root;/store/user/calabria/calabria_SingleMuPt100_GEN-SIM-DIGI-RECO_CMSSW_6_2_0_SLHC12_2023Scenario_Case1/calabria_SingleMuPt100_GEN-SIM-DIGI-RECO_CMSSW_6_2_0_SLHC12_2023Scenario_Case1/7828650cf335f3b092f375624d26bb6d/out_reco_306_1_3iH.root;/store/user/calabria/calabria_SingleMuPt100_GEN-SIM-DIGI-RECO_CMSSW_6_2_0_SLHC12_2023Scenario_Case1/calabria_SingleMuPt100_GEN-SIM-DIGI-RECO_CMSSW_6_2_0_SLHC12_2023Scenario_Case1/7828650cf335f3b092f375624d26bb6d/out_reco_307_1_Hdb.root;/store/user/calabria/calabria_SingleMuPt100_GEN-SIM-DIGI-RECO_CMSSW_6_2_0_SLHC12_2023Scenario_Case1/calabria_SingleMuPt100_GEN-SIM-DIGI-RECO_CMSSW_6_2_0_SLHC12_2023Scenario_Case1/7828650cf335f3b092f375624d26bb6d/out_reco_308_1_1M4.root;/store/user/calabria/calabria_SingleMuPt100_GEN-SIM-DIGI-RECO_CMSSW_6_2_0_SLHC12_2023Scenario_Case1/calabria_SingleMuPt100_GEN-SIM-DIGI-RECO_CMSSW_6_2_0_SLHC12_2023Scenario_Case1/7828650cf335f3b092f375624d26bb6d/out_reco_309_1_1VK.root;/store/user/calabria/calabria_SingleMuPt100_GEN-SIM-DIGI-RECO_CMSSW_6_2_0_SLHC12_2023Scenario_Case1/calabria_SingleMuPt100_GEN-SIM-DIGI-RECO_CMSSW_6_2_0_SLHC12_2023Scenario_Case1/7828650cf335f3b092f375624d26bb6d/out_reco_310_1_cKq.root;/store/user/calabria/calabria_SingleMuPt100_GEN-SIM-DIGI-RECO_CMSSW_6_2_0_SLHC12_2023Scenario_Case1/calabria_SingleMuPt100_GEN-SIM-DIGI-RECO_CMSSW_6_2_0_SLHC12_2023Scenario_Case1/7828650cf335f3b092f375624d26bb6d/out_reco_311_1_mEZ.root;/store/user/calabria/calabria_SingleMuPt100_GEN-SIM-DIGI-RECO_CMSSW_6_2_0_SLHC12_2023Scenario_Case1/calabria_SingleMuPt100_GEN-SIM-DIGI-RECO_CMSSW_6_2_0_SLHC12_2023Scenario_Case1/7828650cf335f3b092f375624d26bb6d/out_reco_313_1_gMG.root;/store/user/calabria/calabria_SingleMuPt100_GEN-SIM-DIGI-RECO_CMSSW_6_2_0_SLHC12_2023Scenario_Case1/calabria_SingleMuPt100_GEN-SIM-DIGI-RECO_CMSSW_6_2_0_SLHC12_2023Scenario_Case1/7828650cf335f3b092f375624d26bb6d/out_reco_314_1_3lU.root;/store/user/calabria/calabria_SingleMuPt100_GEN-SIM-DIGI-RECO_CMSSW_6_2_0_SLHC12_2023Scenario_Case1/calabria_SingleMuPt100_GEN-SIM-DIGI-RECO_CMSSW_6_2_0_SLHC12_2023Scenario_Case1/7828650cf335f3b092f375624d26bb6d/out_reco_315_1_ceG.root
parentFiles=
lumisRange=
>>> Executable cmsRun
/cvmfs/cms.cern.ch/slc5_amd64_gcc472/cms/cmssw/CMSSW_6_2_0_SLHC12/bin/slc5_amd64_gcc472/cmsRun
ok executable found
>>> info for dashboard:
***** Cat /home/cms017/home_cream_877751844/CREAM877751844/glide_2qv9Dc/execute/dir_21985/jobreport.txt *****
MonitorJobID=4_https://submit-6.t2.ucsd.edu//140616//168553.3
MonitorID=calabria_MuMinus100_Case1_ReReco_8e5c3i
ExeStart=cmsRun
***** End Cat jobreport *****
Parameters sent to Dashboard.
>>> cmsRun started at Tue Jun 17 23:20:00 UTC 2014
>>> cmsRun ended at Tue Jun 17 23:27:24 UTC 2014
>>> crab_fjr_*.xml  permission set to 0704
>>> info for dashboard:
***** Cat /home/cms017/home_cream_877751844/CREAM877751844/glide_2qv9Dc/execute/dir_21985/jobreport.txt *****
MonitorJobID=4_https://submit-6.t2.ucsd.edu//140616//168553.3
MonitorID=calabria_MuMinus100_Case1_ReReco_8e5c3i
ExeEnd=cmsRun
***** End Cat jobreport *****
Parameters sent to Dashboard.
TIME_EXE = 444 sec
>>> cmsRun wrote 50 lines of stdout+stderr
>>> START OF printout of 50 lines from stdout+stderr
271 DQMStore::DQMStore 
HcalTopologyIdealEP::HcalTopologyIdealEP
18-Jun-2014 01:20:26 CEST  Initiating request to open file file:/lustre/cms//store/user/calabria/calabria_SingleMuPt100_GEN-SIM-DIGI-RECO_CMSSW_6_2_0_SLHC12_2023Scenario_Case1/calabria_SingleMuPt100_GEN-SIM-DIGI-RECO_CMSSW_6_2_0_SLHC12_2023Scenario_Case1/7828650cf335f3b092f375624d26bb6d/out_reco_305_1_koj.root
18-Jun-2014 01:20:29 CEST  Successfully opened file file:/lustre/cms//store/user/calabria/calabria_SingleMuPt100_GEN-SIM-DIGI-RECO_CMSSW_6_2_0_SLHC12_2023Scenario_Case1/calabria_SingleMuPt100_GEN-SIM-DIGI-RECO_CMSSW_6_2_0_SLHC12_2023Scenario_Case1/7828650cf335f3b092f375624d26bb6d/out_reco_305_1_koj.root
18-Jun-2014 01:21:28 CEST  Closed file file:/lustre/cms//store/user/calabria/calabria_SingleMuPt100_GEN-SIM-DIGI-RECO_CMSSW_6_2_0_SLHC12_2023Scenario_Case1/calabria_SingleMuPt100_GEN-SIM-DIGI-RECO_CMSSW_6_2_0_SLHC12_2023Scenario_Case1/7828650cf335f3b092f375624d26bb6d/out_reco_305_1_koj.root
18-Jun-2014 01:21:28 CEST  Initiating request to open file file:/lustre/cms//store/user/calabria/calabria_SingleMuPt100_GEN-SIM-DIGI-RECO_CMSSW_6_2_0_SLHC12_2023Scenario_Case1/calabria_SingleMuPt100_GEN-SIM-DIGI-RECO_CMSSW_6_2_0_SLHC12_2023Scenario_Case1/7828650cf335f3b092f375624d26bb6d/out_reco_306_1_3iH.root
18-Jun-2014 01:21:28 CEST  Successfully opened file file:/lustre/cms//store/user/calabria/calabria_SingleMuPt100_GEN-SIM-DIGI-RECO_CMSSW_6_2_0_SLHC12_2023Scenario_Case1/calabria_SingleMuPt100_GEN-SIM-DIGI-RECO_CMSSW_6_2_0_SLHC12_2023Scenario_Case1/7828650cf335f3b092f375624d26bb6d/out_reco_306_1_3iH.root
18-Jun-2014 01:22:02 CEST  Closed file file:/lustre/cms//store/user/calabria/calabria_SingleMuPt100_GEN-SIM-DIGI-RECO_CMSSW_6_2_0_SLHC12_2023Scenario_Case1/calabria_SingleMuPt100_GEN-SIM-DIGI-RECO_CMSSW_6_2_0_SLHC12_2023Scenario_Case1/7828650cf335f3b092f375624d26bb6d/out_reco_306_1_3iH.root
18-Jun-2014 01:22:02 CEST  Initiating request to open file file:/lustre/cms//store/user/calabria/calabria_SingleMuPt100_GEN-SIM-DIGI-RECO_CMSSW_6_2_0_SLHC12_2023Scenario_Case1/calabria_SingleMuPt100_GEN-SIM-DIGI-RECO_CMSSW_6_2_0_SLHC12_2023Scenario_Case1/7828650cf335f3b092f375624d26bb6d/out_reco_307_1_Hdb.root
18-Jun-2014 01:22:02 CEST  Successfully opened file file:/lustre/cms//store/user/calabria/calabria_SingleMuPt100_GEN-SIM-DIGI-RECO_CMSSW_6_2_0_SLHC12_2023Scenario_Case1/calabria_SingleMuPt100_GEN-SIM-DIGI-RECO_CMSSW_6_2_0_SLHC12_2023Scenario_Case1/7828650cf335f3b092f375624d26bb6d/out_reco_307_1_Hdb.root
18-Jun-2014 01:22:40 CEST  Closed file file:/lustre/cms//store/user/calabria/calabria_SingleMuPt100_GEN-SIM-DIGI-RECO_CMSSW_6_2_0_SLHC12_2023Scenario_Case1/calabria_SingleMuPt100_GEN-SIM-DIGI-RECO_CMSSW_6_2_0_SLHC12_2023Scenario_Case1/7828650cf335f3b092f375624d26bb6d/out_reco_307_1_Hdb.root
18-Jun-2014 01:22:40 CEST  Initiating request to open file file:/lustre/cms//store/user/calabria/calabria_SingleMuPt100_GEN-SIM-DIGI-RECO_CMSSW_6_2_0_SLHC12_2023Scenario_Case1/calabria_SingleMuPt100_GEN-SIM-DIGI-RECO_CMSSW_6_2_0_SLHC12_2023Scenario_Case1/7828650cf335f3b092f375624d26bb6d/out_reco_308_1_1M4.root
18-Jun-2014 01:22:41 CEST  Successfully opened file file:/lustre/cms//store/user/calabria/calabria_SingleMuPt100_GEN-SIM-DIGI-RECO_CMSSW_6_2_0_SLHC12_2023Scenario_Case1/calabria_SingleMuPt100_GEN-SIM-DIGI-RECO_CMSSW_6_2_0_SLHC12_2023Scenario_Case1/7828650cf335f3b092f375624d26bb6d/out_reco_308_1_1M4.root
18-Jun-2014 01:23:17 CEST  Closed file file:/lustre/cms//store/user/calabria/calabria_SingleMuPt100_GEN-SIM-DIGI-RECO_CMSSW_6_2_0_SLHC12_2023Scenario_Case1/calabria_SingleMuPt100_GEN-SIM-DIGI-RECO_CMSSW_6_2_0_SLHC12_2023Scenario_Case1/7828650cf335f3b092f375624d26bb6d/out_reco_308_1_1M4.root
18-Jun-2014 01:23:17 CEST  Initiating request to open file file:/lustre/cms//store/user/calabria/calabria_SingleMuPt100_GEN-SIM-DIGI-RECO_CMSSW_6_2_0_SLHC12_2023Scenario_Case1/calabria_SingleMuPt100_GEN-SIM-DIGI-RECO_CMSSW_6_2_0_SLHC12_2023Scenario_Case1/7828650cf335f3b092f375624d26bb6d/out_reco_309_1_1VK.root
18-Jun-2014 01:23:18 CEST  Successfully opened file file:/lustre/cms//store/user/calabria/calabria_SingleMuPt100_GEN-SIM-DIGI-RECO_CMSSW_6_2_0_SLHC12_2023Scenario_Case1/calabria_SingleMuPt100_GEN-SIM-DIGI-RECO_CMSSW_6_2_0_SLHC12_2023Scenario_Case1/7828650cf335f3b092f375624d26bb6d/out_reco_309_1_1VK.root
18-Jun-2014 01:24:12 CEST  Closed file file:/lustre/cms//store/user/calabria/calabria_SingleMuPt100_GEN-SIM-DIGI-RECO_CMSSW_6_2_0_SLHC12_2023Scenario_Case1/calabria_SingleMuPt100_GEN-SIM-DIGI-RECO_CMSSW_6_2_0_SLHC12_2023Scenario_Case1/7828650cf335f3b092f375624d26bb6d/out_reco_309_1_1VK.root
18-Jun-2014 01:24:12 CEST  Initiating request to open file file:/lustre/cms//store/user/calabria/calabria_SingleMuPt100_GEN-SIM-DIGI-RECO_CMSSW_6_2_0_SLHC12_2023Scenario_Case1/calabria_SingleMuPt100_GEN-SIM-DIGI-RECO_CMSSW_6_2_0_SLHC12_2023Scenario_Case1/7828650cf335f3b092f375624d26bb6d/out_reco_310_1_cKq.root
18-Jun-2014 01:24:12 CEST  Successfully opened file file:/lustre/cms//store/user/calabria/calabria_SingleMuPt100_GEN-SIM-DIGI-RECO_CMSSW_6_2_0_SLHC12_2023Scenario_Case1/calabria_SingleMuPt100_GEN-SIM-DIGI-RECO_CMSSW_6_2_0_SLHC12_2023Scenario_Case1/7828650cf335f3b092f375624d26bb6d/out_reco_310_1_cKq.root
18-Jun-2014 01:24:53 CEST  Closed file file:/lustre/cms//store/user/calabria/calabria_SingleMuPt100_GEN-SIM-DIGI-RECO_CMSSW_6_2_0_SLHC12_2023Scenario_Case1/calabria_SingleMuPt100_GEN-SIM-DIGI-RECO_CMSSW_6_2_0_SLHC12_2023Scenario_Case1/7828650cf335f3b092f375624d26bb6d/out_reco_310_1_cKq.root
18-Jun-2014 01:24:53 CEST  Initiating request to open file file:/lustre/cms//store/user/calabria/calabria_SingleMuPt100_GEN-SIM-DIGI-RECO_CMSSW_6_2_0_SLHC12_2023Scenario_Case1/calabria_SingleMuPt100_GEN-SIM-DIGI-RECO_CMSSW_6_2_0_SLHC12_2023Scenario_Case1/7828650cf335f3b092f375624d26bb6d/out_reco_311_1_mEZ.root
18-Jun-2014 01:24:53 CEST  Successfully opened file file:/lustre/cms//store/user/calabria/calabria_SingleMuPt100_GEN-SIM-DIGI-RECO_CMSSW_6_2_0_SLHC12_2023Scenario_Case1/calabria_SingleMuPt100_GEN-SIM-DIGI-RECO_CMSSW_6_2_0_SLHC12_2023Scenario_Case1/7828650cf335f3b092f375624d26bb6d/out_reco_311_1_mEZ.root
18-Jun-2014 01:25:31 CEST  Closed file file:/lustre/cms//store/user/calabria/calabria_SingleMuPt100_GEN-SIM-DIGI-RECO_CMSSW_6_2_0_SLHC12_2023Scenario_Case1/calabria_SingleMuPt100_GEN-SIM-DIGI-RECO_CMSSW_6_2_0_SLHC12_2023Scenario_Case1/7828650cf335f3b092f375624d26bb6d/out_reco_311_1_mEZ.root
18-Jun-2014 01:25:31 CEST  Initiating request to open file file:/lustre/cms//store/user/calabria/calabria_SingleMuPt100_GEN-SIM-DIGI-RECO_CMSSW_6_2_0_SLHC12_2023Scenario_Case1/calabria_SingleMuPt100_GEN-SIM-DIGI-RECO_CMSSW_6_2_0_SLHC12_2023Scenario_Case1/7828650cf335f3b092f375624d26bb6d/out_reco_313_1_gMG.root
18-Jun-2014 01:25:31 CEST  Successfully opened file file:/lustre/cms//store/user/calabria/calabria_SingleMuPt100_GEN-SIM-DIGI-RECO_CMSSW_6_2_0_SLHC12_2023Scenario_Case1/calabria_SingleMuPt100_GEN-SIM-DIGI-RECO_CMSSW_6_2_0_SLHC12_2023Scenario_Case1/7828650cf335f3b092f375624d26bb6d/out_reco_313_1_gMG.root
18-Jun-2014 01:26:05 CEST  Closed file file:/lustre/cms//store/user/calabria/calabria_SingleMuPt100_GEN-SIM-DIGI-RECO_CMSSW_6_2_0_SLHC12_2023Scenario_Case1/calabria_SingleMuPt100_GEN-SIM-DIGI-RECO_CMSSW_6_2_0_SLHC12_2023Scenario_Case1/7828650cf335f3b092f375624d26bb6d/out_reco_313_1_gMG.root
18-Jun-2014 01:26:05 CEST  Initiating request to open file file:/lustre/cms//store/user/calabria/calabria_SingleMuPt100_GEN-SIM-DIGI-RECO_CMSSW_6_2_0_SLHC12_2023Scenario_Case1/calabria_SingleMuPt100_GEN-SIM-DIGI-RECO_CMSSW_6_2_0_SLHC12_2023Scenario_Case1/7828650cf335f3b092f375624d26bb6d/out_reco_314_1_3lU.root
18-Jun-2014 01:26:06 CEST  Successfully opened file file:/lustre/cms//store/user/calabria/calabria_SingleMuPt100_GEN-SIM-DIGI-RECO_CMSSW_6_2_0_SLHC12_2023Scenario_Case1/calabria_SingleMuPt100_GEN-SIM-DIGI-RECO_CMSSW_6_2_0_SLHC12_2023Scenario_Case1/7828650cf335f3b092f375624d26bb6d/out_reco_314_1_3lU.root
18-Jun-2014 01:26:40 CEST  Closed file file:/lustre/cms//store/user/calabria/calabria_SingleMuPt100_GEN-SIM-DIGI-RECO_CMSSW_6_2_0_SLHC12_2023Scenario_Case1/calabria_SingleMuPt100_GEN-SIM-DIGI-RECO_CMSSW_6_2_0_SLHC12_2023Scenario_Case1/7828650cf335f3b092f375624d26bb6d/out_reco_314_1_3lU.root
18-Jun-2014 01:26:40 CEST  Initiating request to open file file:/lustre/cms//store/user/calabria/calabria_SingleMuPt100_GEN-SIM-DIGI-RECO_CMSSW_6_2_0_SLHC12_2023Scenario_Case1/calabria_SingleMuPt100_GEN-SIM-DIGI-RECO_CMSSW_6_2_0_SLHC12_2023Scenario_Case1/7828650cf335f3b092f375624d26bb6d/out_reco_315_1_ceG.root
18-Jun-2014 01:26:40 CEST  Successfully opened file file:/lustre/cms//store/user/calabria/calabria_SingleMuPt100_GEN-SIM-DIGI-RECO_CMSSW_6_2_0_SLHC12_2023Scenario_Case1/calabria_SingleMuPt100_GEN-SIM-DIGI-RECO_CMSSW_6_2_0_SLHC12_2023Scenario_Case1/7828650cf335f3b092f375624d26bb6d/out_reco_315_1_ceG.root
18-Jun-2014 01:27:23 CEST  Closed file file:/lustre/cms//store/user/calabria/calabria_SingleMuPt100_GEN-SIM-DIGI-RECO_CMSSW_6_2_0_SLHC12_2023Scenario_Case1/calabria_SingleMuPt100_GEN-SIM-DIGI-RECO_CMSSW_6_2_0_SLHC12_2023Scenario_Case1/7828650cf335f3b092f375624d26bb6d/out_reco_315_1_ceG.root

=============================================

MessageLogger Summary

 type     category        sev    module        subroutine        count    total
 ---- -------------------- -- ---------------- ----------------  -----    -----
    1 fileAction           -s file_close                            10       10
    2 fileAction           -s file_open                             20       20

 type    category    Examples: run/evt        run/evt          run/evt
 ---- -------------------- ---------------- ---------------- ----------------
    1 fileAction           PostProcessEvent PostProcessEvent PostEndRun
    2 fileAction           pre-events       pre-events       PostProcessEvent

Severity    # Occurrences   Total Occurrences
--------    -------------   -----------------
System                 30                  30
>>> END OF printout of 50 lines from stdout+stderr
>>> Parse FrameworkJobReport crab_fjr.xml
Result of parsing the FrameworkJobReport crab_fjr.xml: Popularity start
lumisRange : 1::::1;1::::2;1::::3;1::::4;1::::5;1::::6;1::::7;1::::8;1::::9;1::::10;
lumisParentRange : 
Basename : /store/user/calabria/calabria_SingleMuPt100_GEN-SIM-DIGI-RECO_CMSSW_6_2_0_SLHC12_2023Scenario_Case1/calabria_SingleMuPt100_GEN-SIM-DIGI-RECO_CMSSW_6_2_0_SLHC12_2023Scenario_Case1/7828650cf335f3b092f375624d26bb6d/out_reco_3
BasenameParent : 
parentFiles : 
inputBlocks : /calabria_SingleMuPt100_GEN-SIM-DIGI-RECO_CMSSW_6_2_0_SLHC12_2023Scenario_Case1/calabria-calabria_SingleMuPt100_GEN-SIM-DIGI-RECO_CMSSW_6_2_0_SLHC12_2023Scenario_Case1-7828650cf335f3b092f375624d26bb6d/USER#8e923215-f6a9-4274-8c58-85e2fd058bad
inputFiles : 14_1_3lU.root::1::EDM::Local::1;05_1_koj.root::1::EDM::Local::2;13_1_gMG.root::1::EDM::Local::3;10_1_cKq.root::1::EDM::Local::4;06_1_3iH.root::1::EDM::Local::5;15_1_ceG.root::1::EDM::Local::6;08_1_1M4.root::1::EDM::Local::7;09_1_1VK.root::1::EDM::Local::8;11_1_mEZ.root::1::EDM::Local::9;07_1_Hdb.root::1::EDM::Local::10;
Popularity stop
Extracted ExitStatus from FrameworkJobReport parsing output: 0
>>> Executable succeded  0
ExeExitCode=0
EXECUTABLE_EXIT_STATUS = 0
>>> current directory /home/cms017/home_cream_877751844/CREAM877751844/glide_2qv9Dc/execute/dir_21985/CMSSW_6_2_0_SLHC12
>>>  (SOFTWARE_DIR): /home/cms017/home_cream_877751844/CREAM877751844/glide_2qv9Dc/execute/dir_21985/CMSSW_6_2_0_SLHC12
>>> (WORKING_DIR): 
>>> current directory content:
total 10676
drwxr-xr-x 3 cms017 cms    4096 Jun 18 01:19 .SCRAM
-rw------- 1 cms017 cms 3739601 Jun 18 01:19 CMSSW.py.pkl
drwxr-xr-x 3 cms017 cms    4096 Jun 18 01:19 bin
drwxr-xr-x 3 cms017 cms    4096 Jun 18 01:19 cfipython
drwxr-xr-x 4 cms017 cms    4096 Jun 18 01:19 config
-rw------- 1 cms017 cms      16 Jun 18 01:27 cpu_timing.txt
drwxr-xr-x 2 cms017 cms    4096 Jun 18 01:19 doc
-rw------- 1 cms017 cms    9985 Jun 18 01:27 executable.out
drwxr-xr-x 2 cms017 cms    4096 Jun 18 01:19 include
drwx------ 3 cms017 cms    4096 Apr 28 18:12 lib
drwxr-xr-x 3 cms017 cms    4096 Jun 18 01:19 logs
drwxr-xr-x 3 cms017 cms    4096 Jun 18 01:19 objs
-rw------- 1 cms017 cms     104 Jun 18 01:19 pset.py
-rw------- 1 cms017 cms 3712333 Jun 18 01:19 pset.py.pkl
-rw------- 1 cms017 cms     289 Jun 18 01:19 pset.pyc
drwxr-xr-x 2 cms017 cms    4096 Jun 18 01:19 python
-rw------- 1 cms017 cms     407 Jun 18 01:27 report.log
drwx------ 6 cms017 cms    4096 Jun 18 01:19 src
drwxr-xr-x 3 cms017 cms    4096 Jun 18 01:19 test
drwxr-xr-x 3 cms017 cms    4096 Jun 18 01:19 tmp
-rw------- 1 cms017 cms 3382721 Jun 18 01:27 validationEDM.root
>>> current directory /home/cms017/home_cream_877751844/CREAM877751844/glide_2qv9Dc/execute/dir_21985/CMSSW_6_2_0_SLHC12
>>> (SOFTWARE_DIR): /home/cms017/home_cream_877751844/CREAM877751844/glide_2qv9Dc/execute/dir_21985/CMSSW_6_2_0_SLHC12
>>> (WORKING_DIR): 
>>> current directory content:
total 10676
drwxr-xr-x 3 cms017 cms    4096 Jun 18 01:19 .SCRAM
-rw------- 1 cms017 cms 3739601 Jun 18 01:19 CMSSW.py.pkl
drwxr-xr-x 3 cms017 cms    4096 Jun 18 01:19 bin
drwxr-xr-x 3 cms017 cms    4096 Jun 18 01:19 cfipython
drwxr-xr-x 4 cms017 cms    4096 Jun 18 01:19 config
-rw------- 1 cms017 cms      16 Jun 18 01:27 cpu_timing.txt
drwxr-xr-x 2 cms017 cms    4096 Jun 18 01:19 doc
-rw------- 1 cms017 cms    9985 Jun 18 01:27 executable.out
drwxr-xr-x 2 cms017 cms    4096 Jun 18 01:19 include
drwx------ 3 cms017 cms    4096 Apr 28 18:12 lib
drwxr-xr-x 3 cms017 cms    4096 Jun 18 01:19 logs
drwxr-xr-x 3 cms017 cms    4096 Jun 18 01:19 objs
-rw------- 1 cms017 cms     104 Jun 18 01:19 pset.py
-rw------- 1 cms017 cms 3712333 Jun 18 01:19 pset.py.pkl
-rw------- 1 cms017 cms     289 Jun 18 01:19 pset.pyc
drwxr-xr-x 2 cms017 cms    4096 Jun 18 01:19 python
-rw------- 1 cms017 cms     407 Jun 18 01:27 report.log
drwx------ 6 cms017 cms    4096 Jun 18 01:19 src
drwxr-xr-x 3 cms017 cms    4096 Jun 18 01:19 test
drwxr-xr-x 3 cms017 cms    4096 Jun 18 01:19 tmp
-rw------- 1 cms017 cms 3382721 Jun 18 01:27 validationEDM_4_1_tKw.root
>>> current directory (RUNTIME_AREA):  /home/cms017/home_cream_877751844/CREAM877751844/glide_2qv9Dc/execute/dir_21985
SE = storm-se-01.ba.infn.it
SE_PATH = /srm/managerv2?SFN=//cms/store/user/calabria/calabria_SingleMuPt100_GEN-SIM-DIGI-RECO_CMSSW_6_2_0_SLHC12_2023Scenario_Case1/calabria_MuMinus100_GEN-SIM-DIGI-RECO_CMSSW_6_2_0_SLHC12_2023Scenario_VALNOPU2_Case1/5854dd31cbd3cdec44c48628cc181cf0/
LFNBaseName = /store/user/calabria/calabria_SingleMuPt100_GEN-SIM-DIGI-RECO_CMSSW_6_2_0_SLHC12_2023Scenario_Case1/calabria_MuMinus100_GEN-SIM-DIGI-RECO_CMSSW_6_2_0_SLHC12_2023Scenario_VALNOPU2_Case1/5854dd31cbd3cdec44c48628cc181cf0/
USER = calabria
endpoint = srm://storm-se-01.ba.infn.it:8444/srm/managerv2?SFN=//cms/store/user/calabria/calabria_SingleMuPt100_GEN-SIM-DIGI-RECO_CMSSW_6_2_0_SLHC12_2023Scenario_Case1/calabria_MuMinus100_GEN-SIM-DIGI-RECO_CMSSW_6_2_0_SLHC12_2023Scenario_VALNOPU2_Case1/5854dd31cbd3cdec44c48628cc181cf0/
>>> Copy output files from WN = pccms115.ba.infn.it to /srm/managerv2?SFN=//cms/store/user/calabria/calabria_SingleMuPt100_GEN-SIM-DIGI-RECO_CMSSW_6_2_0_SLHC12_2023Scenario_Case1/calabria_MuMinus100_GEN-SIM-DIGI-RECO_CMSSW_6_2_0_SLHC12_2023Scenario_VALNOPU2_Case1/5854dd31cbd3cdec44c48628cc181cf0/ :
python cmscp.py  --destination srm://storm-se-01.ba.infn.it:8444/srm/managerv2?SFN=//cms/store/user/calabria/calabria_SingleMuPt100_GEN-SIM-DIGI-RECO_CMSSW_6_2_0_SLHC12_2023Scenario_Case1/calabria_MuMinus100_GEN-SIM-DIGI-RECO_CMSSW_6_2_0_SLHC12_2023Scenario_VALNOPU2_Case1/5854dd31cbd3cdec44c48628cc181cf0/ --inputFileList /home/cms017/home_cream_877751844/CREAM877751844/glide_2qv9Dc/execute/dir_21985/CMSSW_6_2_0_SLHC12/validationEDM_4_1_tKw.root --middleware LCG --se_name storm-se-01.ba.infn.it --for_lfn /store/user/calabria/calabria_SingleMuPt100_GEN-SIM-DIGI-RECO_CMSSW_6_2_0_SLHC12_2023Scenario_Case1/calabria_MuMinus100_GEN-SIM-DIGI-RECO_CMSSW_6_2_0_SLHC12_2023Scenario_VALNOPU2_Case1/5854dd31cbd3cdec44c48628cc181cf0/    
******************************************************
localSeName  =  storm-se-01.ba.infn.it
remoteSeName =  storm-se-01.ba.infn.it
******************************************************
{"/home/cms017/home_cream_877751844/CREAM877751844/glide_2qv9Dc/execute/dir_21985/CMSSW_6_2_0_SLHC12/validationEDM_4_1_tKw.root": {"endpoint": "srm://storm-se-01.ba.infn.it:8444/srm/managerv2?SFN=//cms/store/user/calabria/calabria_SingleMuPt100_GEN-SIM-DIGI-RECO_CMSSW_6_2_0_SLHC12_2023Scenario_Case1/calabria_MuMinus100_GEN-SIM-DIGI-RECO_CMSSW_6_2_0_SLHC12_2023Scenario_VALNOPU2_Case1/5854dd31cbd3cdec44c48628cc181cf0/", "surl_for_grid": "", "reason": "Copy succedeed with srm-lcg utils", "erCode": "0", "se_name": "storm-se-01.ba.infn.it", "for_lfn": "/store/user/calabria/calabria_SingleMuPt100_GEN-SIM-DIGI-RECO_CMSSW_6_2_0_SLHC12_2023Scenario_Case1/calabria_MuMinus100_GEN-SIM-DIGI-RECO_CMSSW_6_2_0_SLHC12_2023Scenario_VALNOPU2_Case1/5854dd31cbd3cdec44c48628cc181cf0/"}}/home/cms017/home_cream_877751844/CREAM877751844/glide_2qv9Dc/execute/dir_21985
-------- cat /home/cms017/home_cream_877751844/CREAM877751844/glide_2qv9Dc/execute/dir_21985/cmscpReport.sh 
#!/bin/bash
echo "Report for File: /home/cms017/home_cream_877751844/CREAM877751844/glide_2qv9Dc/execute/dir_21985/CMSSW_6_2_0_SLHC12/validationEDM_4_1_tKw.root"
echo "LFN: /store/user/calabria/calabria_SingleMuPt100_GEN-SIM-DIGI-RECO_CMSSW_6_2_0_SLHC12_2023Scenario_Case1/calabria_MuMinus100_GEN-SIM-DIGI-RECO_CMSSW_6_2_0_SLHC12_2023Scenario_VALNOPU2_Case1/5854dd31cbd3cdec44c48628cc181cf0/validationEDM_4_1_tKw.root"
echo "StorageElement: storm-se-01.ba.infn.it"
echo "StageOutExitStatusReason = 'Copy succedeed with srm-lcg utils'" | tee -a $RUNTIME_AREA/$repo
echo "StageOutSE = storm-se-01.ba.infn.it" >> $RUNTIME_AREA/$repo

export StageOutExitStatus=0
echo "StageOutExitStatus = 0" | tee -a $RUNTIME_AREA/$repo
-------- end of /home/cms017/home_cream_877751844/CREAM877751844/glide_2qv9Dc/execute/dir_21985/cmscpReport.sh 
Report for File: /home/cms017/home_cream_877751844/CREAM877751844/glide_2qv9Dc/execute/dir_21985/CMSSW_6_2_0_SLHC12/validationEDM_4_1_tKw.root
LFN: /store/user/calabria/calabria_SingleMuPt100_GEN-SIM-DIGI-RECO_CMSSW_6_2_0_SLHC12_2023Scenario_Case1/calabria_MuMinus100_GEN-SIM-DIGI-RECO_CMSSW_6_2_0_SLHC12_2023Scenario_VALNOPU2_Case1/5854dd31cbd3cdec44c48628cc181cf0/validationEDM_4_1_tKw.root
StorageElement: storm-se-01.ba.infn.it
StageOutExitStatusReason = 'Copy succedeed with srm-lcg utils'
StageOutExitStatus = 0
>>> current dir: /home/cms017/home_cream_877751844/CREAM877751844/glide_2qv9Dc/execute/dir_21985
>>> current dir content:
total 28076
-rw-------  1 cms017 cms     2784 Jun 18 01:28 .SEinteraction.log
-rwx------  1 cms017 cms     6813 Jun 18 01:19 .job.ad
-rwx------  1 cms017 cms     9441 Jun 18 01:19 .machine.ad
-rw-------  1 cms017 cms      105 Jun 16 20:49 CMSSW.py
-rw-------  1 cms017 cms  3739601 Jun 16 20:49 CMSSW.py.pkl
-rwx------  1 cms017 cms    29569 Jun 18 01:19 CMSSW.sh
drwxr-xr-x 15 cms017 cms     4096 Jun 18 01:27 CMSSW_6_2_0_SLHC12
-rw-------  1 cms017 cms      220 Jun 18 01:19 CacheEnv.sh
-rw-------  1 cms017 cms     7291 Apr  4 11:04 DashboardAPI.py
-rw-------  1 cms017 cms     6815 Jun 18 01:19 DashboardAPI.pyc
drwx------  2 cms017 cms     4096 Jun 18 01:27 IMProv
-rw-------  1 cms017 cms     2748 Apr  4 11:04 Logger.py
-rw-------  1 cms017 cms     3347 Jun 18 01:19 Logger.pyc
-rw-------  1 cms017 cms    24524 Apr  4 11:04 ProcInfo.py
-rw-------  1 cms017 cms    23197 Jun 18 01:19 ProcInfo.pyc
drwx------  7 cms017 cms     4096 Jun 18 01:19 ProdCommon
drwx------  3 cms017 cms     4096 Jun 18 01:19 WMCore
-rw-------  1 cms017 cms     2852 Jun 18 01:27 Watchdog_4.log
-rwx------  1 cms017 cms        0 Jun 18 01:19 _condor_stderr
-rwx---r--  1 cms017 cms    29505 Jun 18 01:28 _condor_stdout
-rw-------  1 cms017 cms    32895 Apr  4 11:04 apmon.py
-rw-------  1 cms017 cms    28625 Jun 18 01:19 apmon.pyc
-rwx------  1 cms017 cms    53905 Jun 18 01:19 arguments.xml
-rwx------  1 cms017 cms    38515 Apr  4 11:04 cmscp.py
-rw-------  1 cms017 cms      718 Jun 18 01:28 cmscpReport.sh
-rwx------  1 cms017 cms    29569 Jun 18 01:19 condor_exec.exe
-rw-------  1 cms017 cms      963 Jun 16 20:49 crab.cfg
-rwx------  1 cms017 cms     8610 Apr  4 11:04 crabWatchdog.sh
-rwx---r--  1 cms017 cms   523341 Jun 18 01:27 crab_fjr_4.xml
-rwx------  1 cms017 cms 23960128 Jun 18 01:19 default.tgz
-rwx------  1 cms017 cms     4488 Apr  4 11:04 fillCrabFjr.py
-rw-------  1 cms017 cms     2651 Jun 18 01:19 inputsReport.txt
-rw-------  1 cms017 cms      260 Jun 18 01:28 jobreport.txt
-rw-------  1 cms017 cms    17352 Apr  4 11:04 parseCrabFjr.py
-rw-------  1 cms017 cms      327 Jun 18 01:19 report.log
-rwx--x--x  1 cms017 cms     1497 Apr  4 11:04 report.py
-rw-------  1 cms017 cms      775 Jun 18 01:28 resultCopyFile
lrwxrwxrwx  1 cms017 cms      125 Jun 18 01:27 validationEDM.root -> /home/cms017/home_cream_877751844/CREAM877751844/glide_2qv9Dc/execute/dir_21985/CMSSW_6_2_0_SLHC12/validationEDM_4_1_tKw.root
-rwx------  1 cms017 cms     8387 Apr  4 11:04 writeCfg.py
-rw-------  1 cms017 cms     8010 Jun 18 01:19 x509up_u50707
>>> Modify Job Report:
CMSSW_VERSION = CMSSW_6_2_0_SLHC12
ProcessedDataset = calabria_MuMinus100_GEN-SIM-DIGI-RECO_CMSSW_6_2_0_SLHC12_2023Scenario_VALNOPU2_Case1
/home/cms017/home_cream_877751844/CREAM877751844/glide_2qv9Dc/execute/dir_21985/ProdCommon/FwkJobRep/ModifyJobReport.py fjr /home/cms017/home_cream_877751844/CREAM877751844/glide_2qv9Dc/execute/dir_21985/crab_fjr_4.xml json /home/cms017/home_cream_877751844/CREAM877751844/glide_2qv9Dc/execute/dir_21985/resultCopyFile n_job 4_1_tKw PrimaryDataset calabria_SingleMuPt100_GEN-SIM-DIGI-RECO_CMSSW_6_2_0_SLHC12_2023Scenario_Case1  ApplicationFamily cmsRun ApplicationName cmsRun cmssw_version CMSSW_6_2_0_SLHC12 psethash 5854dd31cbd3cdec44c48628cc181cf0 UserProcessedDataset calabria-calabria_MuMinus100_GEN-SIM-DIGI-RECO_CMSSW_6_2_0_SLHC12_2023Scenario_VALNOPU2_Case1-5854dd31cbd3cdec44c48628cc181cf0
inputDict =  {u'/home/cms017/home_cream_877751844/CREAM877751844/glide_2qv9Dc/execute/dir_21985/CMSSW_6_2_0_SLHC12/validationEDM_4_1_tKw.root': {u'endpoint': u'srm://storm-se-01.ba.infn.it:8444/srm/managerv2?SFN=//cms/store/user/calabria/calabria_SingleMuPt100_GEN-SIM-DIGI-RECO_CMSSW_6_2_0_SLHC12_2023Scenario_Case1/calabria_MuMinus100_GEN-SIM-DIGI-RECO_CMSSW_6_2_0_SLHC12_2023Scenario_VALNOPU2_Case1/5854dd31cbd3cdec44c48628cc181cf0/', u'surl_for_grid': u'', u'reason': u'Copy succedeed with srm-lcg utils', u'erCode': u'0', u'se_name': u'storm-se-01.ba.infn.it', u'for_lfn': u'/store/user/calabria/calabria_SingleMuPt100_GEN-SIM-DIGI-RECO_CMSSW_6_2_0_SLHC12_2023Scenario_Case1/calabria_MuMinus100_GEN-SIM-DIGI-RECO_CMSSW_6_2_0_SLHC12_2023Scenario_VALNOPU2_Case1/5854dd31cbd3cdec44c48628cc181cf0/'}}
UserProcessedDataset =  calabria-calabria_MuMinus100_GEN-SIM-DIGI-RECO_CMSSW_6_2_0_SLHC12_2023Scenario_VALNOPU2_Case1-5854dd31cbd3cdec44c48628cc181cf0
file_name in inputDict =  /home/cms017/home_cream_877751844/CREAM877751844/glide_2qv9Dc/execute/dir_21985/CMSSW_6_2_0_SLHC12/validationEDM_4_1_tKw.root
(size) os.stat(filename)[6] =  3382721
checksum =  3938960730
    file =  validationEDM_4_1_tKw.root
    newPfn =  srm://storm-se-01.ba.infn.it:8444/srm/managerv2?SFN=//cms/store/user/calabria/calabria_SingleMuPt100_GEN-SIM-DIGI-RECO_CMSSW_6_2_0_SLHC12_2023Scenario_Case1/calabria_MuMinus100_GEN-SIM-DIGI-RECO_CMSSW_6_2_0_SLHC12_2023Scenario_VALNOPU2_Case1/5854dd31cbd3cdec44c48628cc181cf0/validationEDM_4_1_tKw.root
    newLfn =  /store/user/calabria/calabria_SingleMuPt100_GEN-SIM-DIGI-RECO_CMSSW_6_2_0_SLHC12_2023Scenario_Case1/calabria_MuMinus100_GEN-SIM-DIGI-RECO_CMSSW_6_2_0_SLHC12_2023Scenario_VALNOPU2_Case1/5854dd31cbd3cdec44c48628cc181cf0/validationEDM_4_1_tKw.root
>>> crab_fjr_*.xml  permission set to 0704
CrabWrapper EXIT_FUNC entered at Wed Jun 18 01:28:19 CEST 2014   -  Tue Jun 17 23:28:19 UTC 2014
Checking output files:  
will tar file crab_fjr_4.xml in  out_files_4
WARNING: output file CMSSW_4.stdout not found!
WARNING: output file CMSSW_4.stderr not found!
WARNING: output file Watchdog_4.log.gz not found!
>>> padding time: Sleeping the wrapper for 78 seconds
STOPPING WATCHDOG. CrabWatchdog PID is 23317
********** LAST 50 LINES OF WATCHDOG LOG
# RESOURCE USAGE SUMMARY FOR PROCESS ID 23132
USER       PID %CPU %MEM    VSZ   RSS TTY      STAT START   TIME COMMAND
cms017   23132  0.4  0.0   9496  1596 ?        S    01:19   0:00 /bin/sh /home/cms017/home_cream_877751844/CREAM877751844/glide_2qv9Dc/execute/dir_21985/condor_exec.exe 4 1
 
# LIMITS USED BY CRAB WATCHDOG:
# RSS  (KBytes)   : 2300000
# VSZ  (KBytes)   : 100000000
# DISK (MBytes)   : 19000
# CPU TIME        : 720h:0m:0s
# WALL CLOCK TIME : 21h:50m:0s
 
# FOLLOWING PRINTOUT TRACKS MAXIMUM VALUES OF RESOURCES USE
# ONE LINE IS PRINTED EACH TIME A MAXIMUM CHANGES
# IF CHANGE WAS IN RSS OR VSZ ALSO PROCID AND COMMAND ARE PRINTED
# THERE IS NO PRINTOUT FOR CPU/WALL TIME INCREASE
 
# TIME			PID	RSS(KB)	VSZ(KB)	Dsk(MB)	tCPU(s)	tWALL(s)	COMMAND
 Jun 18 01:19:43 CEST	14141	1392	9364	0	0	0	/bin/bash /home/cms017/home_cream_877751844/CREAM877751844/glide_2qv9Dc/main/condor_startup.sh glidein_config        
 Jun 18 01:19:43 CEST	14889	8008	93340	0	0	0	/home/cms017/home_cream_877751844/CREAM877751844/glide_2qv9Dc/main/condor/sbin/condor_master -f -pidfile /home/cms017/home_cream_877751844/CREAM877751844/glide_2qv9Dc/condor_master2.pid       
 Jun 18 01:19:43 CEST	14918	8700	93808	0	1	0	condor_startd -f         
 Jun 18 01:19:43 CEST	23329	43708	104964	0	0	0	edmConfigHash pset.py         
 Jun 18 01:19:43 CEST	25913	43708	106092	0	0	0	sh -c "./glidein_startup.sh" -v std -name v3_0 -entry CMS_T2_IT_Bari_ce4 -clientname UCSD-v1_0.main
 Jun 18 01:19:43 CEST	25923	43708	106492	0	0	0	/bin/bash ./glidein_startup.sh -v std -name v3_0 -entry CMS_T2_IT_Bari_ce4 -clientname UCSD-v1_0.main -schedd
 Jun 18 01:19:43 CEST	---	43708	106492	171	----	----	----
 Jun 18 01:20:44 CEST	24127	768100	981004	171	20	61	cmsRun -j /home/cms017/home_cream_877751844/CREAM877751844/glide_2qv9Dc/execute/dir_21985/crab_fjr_4.xml -p pset.py      
 Jun 18 01:20:44 CEST	---	768100	981004	175	----	----	----
 Jun 18 01:21:44 CEST	24127	789700	1001740	175	50	122	cmsRun -j /home/cms017/home_cream_877751844/CREAM877751844/glide_2qv9Dc/execute/dir_21985/crab_fjr_4.xml -p pset.py      
 Jun 18 01:23:46 CEST	24127	806232	1014284	175	108	244	cmsRun -j /home/cms017/home_cream_877751844/CREAM877751844/glide_2qv9Dc/execute/dir_21985/crab_fjr_4.xml -p pset.py      
 Jun 18 01:24:47 CEST	24127	825664	1022760	175	143	304	cmsRun -j /home/cms017/home_cream_877751844/CREAM877751844/glide_2qv9Dc/execute/dir_21985/crab_fjr_4.xml -p pset.py      
 Jun 18 01:25:48 CEST	24127	834820	1022760	175	186	365	cmsRun -j /home/cms017/home_cream_877751844/CREAM877751844/glide_2qv9Dc/execute/dir_21985/crab_fjr_4.xml -p pset.py      
 Jun 18 01:26:48 CEST	24127	834820	1030952	175	230	426	cmsRun -j /home/cms017/home_cream_877751844/CREAM877751844/glide_2qv9Dc/execute/dir_21985/crab_fjr_4.xml -p pset.py      
 Jun 18 01:27:49 CEST	---	834820	1030952	179	----	----	----
********** WATCHDOG LOG ENDED
ZIPPING WATCHDOG LOG
Disk space used:
du -sh /home/cms017/home_cream_877751844/CREAM877751844/glide_2qv9Dc/execute/dir_21985
179M	/home/cms017/home_cream_877751844/CREAM877751844/glide_2qv9Dc/execute/dir_21985
Found unusual stdout, rename for OSB
`/home/cms017/home_cream_877751844/CREAM877751844/glide_2qv9Dc/execute/dir_21985/_condor_stdout' -> `CMSSW_4.stdout'
Found unusual stderr, rename for OSB
`/home/cms017/home_cream_877751844/CREAM877751844/glide_2qv9Dc/execute/dir_21985/_condor_stdout' -> `CMSSW_4.stderr'
crab_fjr_4.xml
CMSSW_4.stdout
CMSSW_4.stderr
Watchdog_4.log.gz
Total Output dimension: 70195
WARNING: output files size limit is set to: 50000000
Total Output dimension 70195 is fine.
JOB_EXIT_STATUS = 0
>>> info for dashboard:
***** Cat /home/cms017/home_cream_877751844/CREAM877751844/glide_2qv9Dc/execute/dir_21985/jobreport.txt *****
MonitorJobID=4_https://submit-6.t2.ucsd.edu//140616//168553.3
MonitorID=calabria_MuMinus100_Case1_ReReco_8e5c3i
ExeTime=444
ExeExitCode=0
StageOutExitStatusReason = 'Copy succedeed with srm-lcg utils'
StageOutSE = storm-se-01.ba.infn.it
StageOutExitStatus = 0
CrabUserCpuTime=254.55
CrabSysCpuTime=3.80
CrabCpuPercentage=58%
CrabWrapperTime=600
CrabStageoutTime=48
JobExitCode=0
***** End Cat jobreport *****
Parameters sent to Dashboard.
EXITING at Wed Jun 18 01:29:42 CEST 2014  -  Tue Jun 17 23:29:42 UTC 2014
