This script was generated by crab (version 2.10.5_patch1).
Running /home/cms021/home_cream_125194917/CREAM125194917/glide_8s2gC0/execute/dir_20648/condor_exec.exe with 2 positional parameters: 8 1
Today is Wed Jun 18 01:20:52 CEST 2014 - Tue Jun 17 23:20:52 UTC 2014
Job submitted on host pccms141.ba.infn.it
Linux pccms141.ba.infn.it 2.6.32-358.23.2.el6.x86_64 #1 SMP Thu Oct 17 10:27:22 CEST 2013 x86_64 x86_64 x86_64 GNU/Linux
>>> current directory (RUNTIME_AREA): /home/cms021/home_cream_125194917/CREAM125194917/glide_8s2gC0/execute/dir_20648
>>> current user: uid=18547(cms021) gid=1399(cms) groups=1399(cms)
>>> directory permission set to 0700
>>> umask set to:  u=rwx,g=,o=
>>> stdout stderr permission set to 0704
>>> voms proxy information:
subject   : /C=IT/O=INFN/OU=Personal Certificate/L=Bari/CN=Cesare Calabria/CN=477126703/CN=109435228
issuer    : /C=IT/O=INFN/OU=Personal Certificate/L=Bari/CN=Cesare Calabria/CN=477126703
identity  : /C=IT/O=INFN/OU=Personal Certificate/L=Bari/CN=Cesare Calabria
type      : RFC3820 compliant limited proxy
strength  : 1024
path      : /home/cms021/home_cream_125194917/CREAM125194917/glide_8s2gC0/execute/dir_20648/x509up_u50707
timeleft  : 23:59:48
key usage : Digital Signature, Key Encipherment, Data Encipherment
=== VO cms extension information ===
VO        : cms
subject   : /C=IT/O=INFN/OU=Personal Certificate/L=Bari/CN=Cesare Calabria
issuer    : /DC=ch/DC=cern/OU=computers/CN=voms.cern.ch
attribute : /cms/Role=NULL/Capability=NULL
attribute : /cms/itcms/Role=NULL/Capability=NULL
timeleft  : 154:03:27
uri       : voms.cern.ch:15002

WNHostName=pccms141.ba.infn.it
>>> tar --no-same-permissions -xf /home/cms021/home_cream_125194917/CREAM125194917/glide_8s2gC0/execute/dir_20648/default.tgz :
Successful untar
>>> Include /home/cms021/home_cream_125194917/CREAM125194917/glide_8s2gC0/execute/dir_20648 in PYTHONPATH:
strip arguments
env var CRAB_UNIQUE_JOB_ID set to: calabria_MuMinus100_Case1_ReReco_8e5c3i_8_1_vyQ
out_files_8
>>> list of expected files on output sandbox
output files: crab_fjr_8.xml CMSSW_8.stdout CMSSW_8.stderr Watchdog_8.log.gz
>>> GridFlavour discovery: 
GridFlavour=LCG
>>> SyncSite discovery: 
SyncSite=T2_IT_Bari
>>> SyncCE discovery: 
getting SyncCE from CE_ID
SyncCE=cream-ce-4.ba.infn.it:8443/cream-pbs-cms
>>> info for dashboard:
***** Cat /home/cms021/home_cream_125194917/CREAM125194917/glide_8s2gC0/execute/dir_20648/jobreport.txt *****
WNHostName=pccms141.ba.infn.it
MonitorJobID=8_https://submit-6.t2.ucsd.edu//140616//168553.7
SyncGridJobId=https://submit-6.t2.ucsd.edu//140616//168553.7
MonitorID=calabria_MuMinus100_Case1_ReReco_8e5c3i
GridFlavour=LCG
SyncSite=T2_IT_Bari
SyncCE=cream-ce-4.ba.infn.it:8443/cream-pbs-cms
***** End Cat jobreport *****
Parameters sent to Dashboard.
>>> setup environment
set SCRAM ARCH to slc5_amd64_gcc472
SCRAM_ARCH = slc5_amd64_gcc472
>>> setup CMS LCG environment:
set SCRAM ARCH and BUILD_ARCH to slc5_amd64_gcc472 ###
Sourcing environment... 
sourcing /cvmfs/cms.cern.ch/cmsset_default.sh
==> setup cms environment ok
>>> specific cmssw setup environment:
CMSSW_VERSION =  CMSSW_6_2_0_SLHC12
>>> current directory (SOFTWARE_DIR): /home/cms021/home_cream_125194917/CREAM125194917/glide_8s2gC0/execute/dir_20648/CMSSW_6_2_0_SLHC12
PreserveSeeds: <>
IncrementSeeds:<>
>>> info for dashboard:
***** Cat /home/cms021/home_cream_125194917/CREAM125194917/glide_8s2gC0/execute/dir_20648/jobreport.txt *****
MonitorJobID=8_https://submit-6.t2.ucsd.edu//140616//168553.7
MonitorID=calabria_MuMinus100_Case1_ReReco_8e5c3i
***** End Cat jobreport *****
Parameters sent to Dashboard.
crabWatchdog started as process 21524
>>> moving CMSSW software directories in /home/cms021/home_cream_125194917/CREAM125194917/glide_8s2gC0/execute/dir_20648/CMSSW_6_2_0_SLHC12
mv: cannot stat `/home/cms021/home_cream_125194917/CREAM125194917/glide_8s2gC0/execute/dir_20648/module/': No such file or directory
>>> Include /home/cms021/home_cream_125194917/CREAM125194917/glide_8s2gC0/execute/dir_20648 in PYTHONPATH:
PYTHONPATH=/home/cms021/home_cream_125194917/CREAM125194917/glide_8s2gC0/execute/dir_20648/:/home/cms021/home_cream_125194917/CREAM125194917/glide_8s2gC0/execute/dir_20648/CMSSW_6_2_0_SLHC12/python:/home/cms021/home_cream_125194917/CREAM125194917/glide_8s2gC0/execute/dir_20648/CMSSW_6_2_0_SLHC12/lib/slc5_amd64_gcc472:/cvmfs/cms.cern.ch/slc5_amd64_gcc472/cms/cmssw/CMSSW_6_2_0_SLHC12/python:/cvmfs/cms.cern.ch/slc5_amd64_gcc472/cms/cmssw/CMSSW_6_2_0_SLHC12/lib/slc5_amd64_gcc472:/cvmfs/cms.cern.ch/slc5_amd64_gcc472/cms/coral/CORAL_2_3_21-cms36/slc5_amd64_gcc472/python:/cvmfs/cms.cern.ch/slc5_amd64_gcc472/cms/coral/CORAL_2_3_21-cms36/slc5_amd64_gcc472/lib:/cvmfs/cms.cern.ch/slc5_amd64_gcc472/external/pyqt/4.8.1-cms6/lib/python2.7/site-packages:/cvmfs/cms.cern.ch/slc5_amd64_gcc472/external/py2-scipy/0.8.0-cms8/lib/python2.7/site-packages:/cvmfs/cms.cern.ch/slc5_amd64_gcc472/external/py2-matplotlib/1.0.1-cms8/lib/python2.7/site-packages:/cvmfs/cms.cern.ch/slc5_amd64_gcc472/external/python-ldap/2.3.5-cms6/lib/python2.7/site-packages:/cvmfs/cms.cern.ch/slc5_amd64_gcc472/external/sip/4.11.2-cms6/lib/python2.7/site-packages:/cvmfs/cms.cern.ch/slc5_amd64_gcc472/external/py2-pycurl/7.19.0-cms8/lib/python2.7/site-packages:/cvmfs/cms.cern.ch/slc5_amd64_gcc472/external/py2-numpy/1.6.1-cms8/lib/python2.7/site-packages:/cvmfs/cms.cern.ch/slc5_amd64_gcc472/external/py2-lint/0.25.1-cms6/lib/python2.7/site-packages:/cvmfs/cms.cern.ch/slc5_amd64_gcc472/external/py2-ipython/0.10-cms6/lib/python2.7/site-packages:/cvmfs/cms.cern.ch/slc5_amd64_gcc472/external/py2-cx-oracle/5.1-cms7/lib/python2.7/site-packages:/cvmfs/cms.cern.ch/slc5_amd64_gcc472/external/py2-cjson/1.0.5-cms6/lib/python2.7/site-packages:/cvmfs/cms.cern.ch/slc5_amd64_gcc472/cms/das-client/1.11.7/bin:/cvmfs/cms.cern.ch/slc5_amd64_gcc472/external/elementtree/1.2.6-cms6/share/lib/python2.7/site-packages:/cvmfs/cms.cern.ch/slc5_amd64_gcc472/external/rivet/1.8.2-cms8/lib/python2.7/site-packages:/cvmfs/cms.cern.ch/slc5_amd64_gcc472/external/pyminuit2/0.0.1-cms19/lib/python2.7/site-packages:/cvmfs/cms.cern.ch/slc5_amd64_gcc472/external/py2-pygithub/1.23.0/lib/python2.7/site-packages:/cvmfs/cms.cern.ch/slc5_amd64_gcc472/external/professor/1.0.0-cms19/lib/python2.7/site-packages:/cvmfs/cms.cern.ch/slc5_amd64_gcc472/lcg/root/5.34.07-cms/lib:/cvmfs/cms.cern.ch/slc5_amd64_gcc472/cms/dbs-client/DBS_2_1_9-cms5/lib:/cvmfs/cms.cern.ch/slc5_amd64_gcc472/cms/dbs-client/DBS_2_1_9-cms5/lib/DBSAPI:/cvmfs/cms.cern.ch/slc5_amd64_gcc472/external/cvs2git/5419-cms/lib:/home/cms021/home_cream_125194917/CREAM125194917/glide_8s2gC0/execute/dir_20648/
 
# LIMITS USED BY CRAB WATCHDOG:
# RSS  (KBytes)   : 2300000
# VSZ  (KBytes)   : 100000000
# DISK (MBytes)   : 19000
# CPU TIME        : 720h:0m:0s
# WALL CLOCK TIME : 21h:50m:0s
 
5854dd31cbd3cdec44c48628cc181cf0
PSETHASH = 5854dd31cbd3cdec44c48628cc181cf0
/home/cms021/home_cream_125194917/CREAM125194917/glide_8s2gC0/execute/dir_20648/writeCfg.py pset.py pset.py
Importing .py file
Setting parameters
RandomNumberGeneratorService found, will attempt to change seeds
inputBlocks=/calabria_SingleMuPt100_GEN-SIM-DIGI-RECO_CMSSW_6_2_0_SLHC12_2023Scenario_Case1/calabria-calabria_SingleMuPt100_GEN-SIM-DIGI-RECO_CMSSW_6_2_0_SLHC12_2023Scenario_Case1-7828650cf335f3b092f375624d26bb6d/USER#8e923215-f6a9-4274-8c58-85e2fd058bad
inputFiles=/store/user/calabria/calabria_SingleMuPt100_GEN-SIM-DIGI-RECO_CMSSW_6_2_0_SLHC12_2023Scenario_Case1/calabria_SingleMuPt100_GEN-SIM-DIGI-RECO_CMSSW_6_2_0_SLHC12_2023Scenario_Case1/7828650cf335f3b092f375624d26bb6d/out_reco_352_1_7eA.root;/store/user/calabria/calabria_SingleMuPt100_GEN-SIM-DIGI-RECO_CMSSW_6_2_0_SLHC12_2023Scenario_Case1/calabria_SingleMuPt100_GEN-SIM-DIGI-RECO_CMSSW_6_2_0_SLHC12_2023Scenario_Case1/7828650cf335f3b092f375624d26bb6d/out_reco_353_1_NiH.root;/store/user/calabria/calabria_SingleMuPt100_GEN-SIM-DIGI-RECO_CMSSW_6_2_0_SLHC12_2023Scenario_Case1/calabria_SingleMuPt100_GEN-SIM-DIGI-RECO_CMSSW_6_2_0_SLHC12_2023Scenario_Case1/7828650cf335f3b092f375624d26bb6d/out_reco_354_1_Abz.root;/store/user/calabria/calabria_SingleMuPt100_GEN-SIM-DIGI-RECO_CMSSW_6_2_0_SLHC12_2023Scenario_Case1/calabria_SingleMuPt100_GEN-SIM-DIGI-RECO_CMSSW_6_2_0_SLHC12_2023Scenario_Case1/7828650cf335f3b092f375624d26bb6d/out_reco_355_1_PVc.root;/store/user/calabria/calabria_SingleMuPt100_GEN-SIM-DIGI-RECO_CMSSW_6_2_0_SLHC12_2023Scenario_Case1/calabria_SingleMuPt100_GEN-SIM-DIGI-RECO_CMSSW_6_2_0_SLHC12_2023Scenario_Case1/7828650cf335f3b092f375624d26bb6d/out_reco_356_1_Tty.root;/store/user/calabria/calabria_SingleMuPt100_GEN-SIM-DIGI-RECO_CMSSW_6_2_0_SLHC12_2023Scenario_Case1/calabria_SingleMuPt100_GEN-SIM-DIGI-RECO_CMSSW_6_2_0_SLHC12_2023Scenario_Case1/7828650cf335f3b092f375624d26bb6d/out_reco_357_1_LIG.root;/store/user/calabria/calabria_SingleMuPt100_GEN-SIM-DIGI-RECO_CMSSW_6_2_0_SLHC12_2023Scenario_Case1/calabria_SingleMuPt100_GEN-SIM-DIGI-RECO_CMSSW_6_2_0_SLHC12_2023Scenario_Case1/7828650cf335f3b092f375624d26bb6d/out_reco_358_1_KZ1.root;/store/user/calabria/calabria_SingleMuPt100_GEN-SIM-DIGI-RECO_CMSSW_6_2_0_SLHC12_2023Scenario_Case1/calabria_SingleMuPt100_GEN-SIM-DIGI-RECO_CMSSW_6_2_0_SLHC12_2023Scenario_Case1/7828650cf335f3b092f375624d26bb6d/out_reco_361_1_9d1.root;/store/user/calabria/calabria_SingleMuPt100_GEN-SIM-DIGI-RECO_CMSSW_6_2_0_SLHC12_2023Scenario_Case1/calabria_SingleMuPt100_GEN-SIM-DIGI-RECO_CMSSW_6_2_0_SLHC12_2023Scenario_Case1/7828650cf335f3b092f375624d26bb6d/out_reco_363_1_oEC.root;/store/user/calabria/calabria_SingleMuPt100_GEN-SIM-DIGI-RECO_CMSSW_6_2_0_SLHC12_2023Scenario_Case1/calabria_SingleMuPt100_GEN-SIM-DIGI-RECO_CMSSW_6_2_0_SLHC12_2023Scenario_Case1/7828650cf335f3b092f375624d26bb6d/out_reco_364_1_aqv.root
parentFiles=
lumisRange=
>>> Executable cmsRun
/cvmfs/cms.cern.ch/slc5_amd64_gcc472/cms/cmssw/CMSSW_6_2_0_SLHC12/bin/slc5_amd64_gcc472/cmsRun
ok executable found
>>> info for dashboard:
***** Cat /home/cms021/home_cream_125194917/CREAM125194917/glide_8s2gC0/execute/dir_20648/jobreport.txt *****
MonitorJobID=8_https://submit-6.t2.ucsd.edu//140616//168553.7
MonitorID=calabria_MuMinus100_Case1_ReReco_8e5c3i
ExeStart=cmsRun
***** End Cat jobreport *****
Parameters sent to Dashboard.
>>> cmsRun started at Tue Jun 17 23:21:15 UTC 2014
>>> cmsRun ended at Tue Jun 17 23:25:51 UTC 2014
>>> crab_fjr_*.xml  permission set to 0704
>>> info for dashboard:
***** Cat /home/cms021/home_cream_125194917/CREAM125194917/glide_8s2gC0/execute/dir_20648/jobreport.txt *****
MonitorJobID=8_https://submit-6.t2.ucsd.edu//140616//168553.7
MonitorID=calabria_MuMinus100_Case1_ReReco_8e5c3i
ExeEnd=cmsRun
***** End Cat jobreport *****
Parameters sent to Dashboard.
TIME_EXE = 276 sec
>>> cmsRun wrote 50 lines of stdout+stderr
>>> START OF printout of 50 lines from stdout+stderr
271 DQMStore::DQMStore 
HcalTopologyIdealEP::HcalTopologyIdealEP
18-Jun-2014 01:21:29 CEST  Initiating request to open file file:/lustre/cms//store/user/calabria/calabria_SingleMuPt100_GEN-SIM-DIGI-RECO_CMSSW_6_2_0_SLHC12_2023Scenario_Case1/calabria_SingleMuPt100_GEN-SIM-DIGI-RECO_CMSSW_6_2_0_SLHC12_2023Scenario_Case1/7828650cf335f3b092f375624d26bb6d/out_reco_352_1_7eA.root
18-Jun-2014 01:21:31 CEST  Successfully opened file file:/lustre/cms//store/user/calabria/calabria_SingleMuPt100_GEN-SIM-DIGI-RECO_CMSSW_6_2_0_SLHC12_2023Scenario_Case1/calabria_SingleMuPt100_GEN-SIM-DIGI-RECO_CMSSW_6_2_0_SLHC12_2023Scenario_Case1/7828650cf335f3b092f375624d26bb6d/out_reco_352_1_7eA.root
18-Jun-2014 01:21:59 CEST  Closed file file:/lustre/cms//store/user/calabria/calabria_SingleMuPt100_GEN-SIM-DIGI-RECO_CMSSW_6_2_0_SLHC12_2023Scenario_Case1/calabria_SingleMuPt100_GEN-SIM-DIGI-RECO_CMSSW_6_2_0_SLHC12_2023Scenario_Case1/7828650cf335f3b092f375624d26bb6d/out_reco_352_1_7eA.root
18-Jun-2014 01:21:59 CEST  Initiating request to open file file:/lustre/cms//store/user/calabria/calabria_SingleMuPt100_GEN-SIM-DIGI-RECO_CMSSW_6_2_0_SLHC12_2023Scenario_Case1/calabria_SingleMuPt100_GEN-SIM-DIGI-RECO_CMSSW_6_2_0_SLHC12_2023Scenario_Case1/7828650cf335f3b092f375624d26bb6d/out_reco_353_1_NiH.root
18-Jun-2014 01:21:59 CEST  Successfully opened file file:/lustre/cms//store/user/calabria/calabria_SingleMuPt100_GEN-SIM-DIGI-RECO_CMSSW_6_2_0_SLHC12_2023Scenario_Case1/calabria_SingleMuPt100_GEN-SIM-DIGI-RECO_CMSSW_6_2_0_SLHC12_2023Scenario_Case1/7828650cf335f3b092f375624d26bb6d/out_reco_353_1_NiH.root
18-Jun-2014 01:22:25 CEST  Closed file file:/lustre/cms//store/user/calabria/calabria_SingleMuPt100_GEN-SIM-DIGI-RECO_CMSSW_6_2_0_SLHC12_2023Scenario_Case1/calabria_SingleMuPt100_GEN-SIM-DIGI-RECO_CMSSW_6_2_0_SLHC12_2023Scenario_Case1/7828650cf335f3b092f375624d26bb6d/out_reco_353_1_NiH.root
18-Jun-2014 01:22:25 CEST  Initiating request to open file file:/lustre/cms//store/user/calabria/calabria_SingleMuPt100_GEN-SIM-DIGI-RECO_CMSSW_6_2_0_SLHC12_2023Scenario_Case1/calabria_SingleMuPt100_GEN-SIM-DIGI-RECO_CMSSW_6_2_0_SLHC12_2023Scenario_Case1/7828650cf335f3b092f375624d26bb6d/out_reco_354_1_Abz.root
18-Jun-2014 01:22:25 CEST  Successfully opened file file:/lustre/cms//store/user/calabria/calabria_SingleMuPt100_GEN-SIM-DIGI-RECO_CMSSW_6_2_0_SLHC12_2023Scenario_Case1/calabria_SingleMuPt100_GEN-SIM-DIGI-RECO_CMSSW_6_2_0_SLHC12_2023Scenario_Case1/7828650cf335f3b092f375624d26bb6d/out_reco_354_1_Abz.root
18-Jun-2014 01:22:52 CEST  Closed file file:/lustre/cms//store/user/calabria/calabria_SingleMuPt100_GEN-SIM-DIGI-RECO_CMSSW_6_2_0_SLHC12_2023Scenario_Case1/calabria_SingleMuPt100_GEN-SIM-DIGI-RECO_CMSSW_6_2_0_SLHC12_2023Scenario_Case1/7828650cf335f3b092f375624d26bb6d/out_reco_354_1_Abz.root
18-Jun-2014 01:22:52 CEST  Initiating request to open file file:/lustre/cms//store/user/calabria/calabria_SingleMuPt100_GEN-SIM-DIGI-RECO_CMSSW_6_2_0_SLHC12_2023Scenario_Case1/calabria_SingleMuPt100_GEN-SIM-DIGI-RECO_CMSSW_6_2_0_SLHC12_2023Scenario_Case1/7828650cf335f3b092f375624d26bb6d/out_reco_355_1_PVc.root
18-Jun-2014 01:22:52 CEST  Successfully opened file file:/lustre/cms//store/user/calabria/calabria_SingleMuPt100_GEN-SIM-DIGI-RECO_CMSSW_6_2_0_SLHC12_2023Scenario_Case1/calabria_SingleMuPt100_GEN-SIM-DIGI-RECO_CMSSW_6_2_0_SLHC12_2023Scenario_Case1/7828650cf335f3b092f375624d26bb6d/out_reco_355_1_PVc.root
18-Jun-2014 01:23:16 CEST  Closed file file:/lustre/cms//store/user/calabria/calabria_SingleMuPt100_GEN-SIM-DIGI-RECO_CMSSW_6_2_0_SLHC12_2023Scenario_Case1/calabria_SingleMuPt100_GEN-SIM-DIGI-RECO_CMSSW_6_2_0_SLHC12_2023Scenario_Case1/7828650cf335f3b092f375624d26bb6d/out_reco_355_1_PVc.root
18-Jun-2014 01:23:16 CEST  Initiating request to open file file:/lustre/cms//store/user/calabria/calabria_SingleMuPt100_GEN-SIM-DIGI-RECO_CMSSW_6_2_0_SLHC12_2023Scenario_Case1/calabria_SingleMuPt100_GEN-SIM-DIGI-RECO_CMSSW_6_2_0_SLHC12_2023Scenario_Case1/7828650cf335f3b092f375624d26bb6d/out_reco_356_1_Tty.root
18-Jun-2014 01:23:16 CEST  Successfully opened file file:/lustre/cms//store/user/calabria/calabria_SingleMuPt100_GEN-SIM-DIGI-RECO_CMSSW_6_2_0_SLHC12_2023Scenario_Case1/calabria_SingleMuPt100_GEN-SIM-DIGI-RECO_CMSSW_6_2_0_SLHC12_2023Scenario_Case1/7828650cf335f3b092f375624d26bb6d/out_reco_356_1_Tty.root
18-Jun-2014 01:23:40 CEST  Closed file file:/lustre/cms//store/user/calabria/calabria_SingleMuPt100_GEN-SIM-DIGI-RECO_CMSSW_6_2_0_SLHC12_2023Scenario_Case1/calabria_SingleMuPt100_GEN-SIM-DIGI-RECO_CMSSW_6_2_0_SLHC12_2023Scenario_Case1/7828650cf335f3b092f375624d26bb6d/out_reco_356_1_Tty.root
18-Jun-2014 01:23:40 CEST  Initiating request to open file file:/lustre/cms//store/user/calabria/calabria_SingleMuPt100_GEN-SIM-DIGI-RECO_CMSSW_6_2_0_SLHC12_2023Scenario_Case1/calabria_SingleMuPt100_GEN-SIM-DIGI-RECO_CMSSW_6_2_0_SLHC12_2023Scenario_Case1/7828650cf335f3b092f375624d26bb6d/out_reco_357_1_LIG.root
18-Jun-2014 01:23:40 CEST  Successfully opened file file:/lustre/cms//store/user/calabria/calabria_SingleMuPt100_GEN-SIM-DIGI-RECO_CMSSW_6_2_0_SLHC12_2023Scenario_Case1/calabria_SingleMuPt100_GEN-SIM-DIGI-RECO_CMSSW_6_2_0_SLHC12_2023Scenario_Case1/7828650cf335f3b092f375624d26bb6d/out_reco_357_1_LIG.root
18-Jun-2014 01:24:06 CEST  Closed file file:/lustre/cms//store/user/calabria/calabria_SingleMuPt100_GEN-SIM-DIGI-RECO_CMSSW_6_2_0_SLHC12_2023Scenario_Case1/calabria_SingleMuPt100_GEN-SIM-DIGI-RECO_CMSSW_6_2_0_SLHC12_2023Scenario_Case1/7828650cf335f3b092f375624d26bb6d/out_reco_357_1_LIG.root
18-Jun-2014 01:24:06 CEST  Initiating request to open file file:/lustre/cms//store/user/calabria/calabria_SingleMuPt100_GEN-SIM-DIGI-RECO_CMSSW_6_2_0_SLHC12_2023Scenario_Case1/calabria_SingleMuPt100_GEN-SIM-DIGI-RECO_CMSSW_6_2_0_SLHC12_2023Scenario_Case1/7828650cf335f3b092f375624d26bb6d/out_reco_358_1_KZ1.root
18-Jun-2014 01:24:06 CEST  Successfully opened file file:/lustre/cms//store/user/calabria/calabria_SingleMuPt100_GEN-SIM-DIGI-RECO_CMSSW_6_2_0_SLHC12_2023Scenario_Case1/calabria_SingleMuPt100_GEN-SIM-DIGI-RECO_CMSSW_6_2_0_SLHC12_2023Scenario_Case1/7828650cf335f3b092f375624d26bb6d/out_reco_358_1_KZ1.root
18-Jun-2014 01:24:31 CEST  Closed file file:/lustre/cms//store/user/calabria/calabria_SingleMuPt100_GEN-SIM-DIGI-RECO_CMSSW_6_2_0_SLHC12_2023Scenario_Case1/calabria_SingleMuPt100_GEN-SIM-DIGI-RECO_CMSSW_6_2_0_SLHC12_2023Scenario_Case1/7828650cf335f3b092f375624d26bb6d/out_reco_358_1_KZ1.root
18-Jun-2014 01:24:31 CEST  Initiating request to open file file:/lustre/cms//store/user/calabria/calabria_SingleMuPt100_GEN-SIM-DIGI-RECO_CMSSW_6_2_0_SLHC12_2023Scenario_Case1/calabria_SingleMuPt100_GEN-SIM-DIGI-RECO_CMSSW_6_2_0_SLHC12_2023Scenario_Case1/7828650cf335f3b092f375624d26bb6d/out_reco_361_1_9d1.root
18-Jun-2014 01:24:31 CEST  Successfully opened file file:/lustre/cms//store/user/calabria/calabria_SingleMuPt100_GEN-SIM-DIGI-RECO_CMSSW_6_2_0_SLHC12_2023Scenario_Case1/calabria_SingleMuPt100_GEN-SIM-DIGI-RECO_CMSSW_6_2_0_SLHC12_2023Scenario_Case1/7828650cf335f3b092f375624d26bb6d/out_reco_361_1_9d1.root
18-Jun-2014 01:24:55 CEST  Closed file file:/lustre/cms//store/user/calabria/calabria_SingleMuPt100_GEN-SIM-DIGI-RECO_CMSSW_6_2_0_SLHC12_2023Scenario_Case1/calabria_SingleMuPt100_GEN-SIM-DIGI-RECO_CMSSW_6_2_0_SLHC12_2023Scenario_Case1/7828650cf335f3b092f375624d26bb6d/out_reco_361_1_9d1.root
18-Jun-2014 01:24:55 CEST  Initiating request to open file file:/lustre/cms//store/user/calabria/calabria_SingleMuPt100_GEN-SIM-DIGI-RECO_CMSSW_6_2_0_SLHC12_2023Scenario_Case1/calabria_SingleMuPt100_GEN-SIM-DIGI-RECO_CMSSW_6_2_0_SLHC12_2023Scenario_Case1/7828650cf335f3b092f375624d26bb6d/out_reco_363_1_oEC.root
18-Jun-2014 01:24:55 CEST  Successfully opened file file:/lustre/cms//store/user/calabria/calabria_SingleMuPt100_GEN-SIM-DIGI-RECO_CMSSW_6_2_0_SLHC12_2023Scenario_Case1/calabria_SingleMuPt100_GEN-SIM-DIGI-RECO_CMSSW_6_2_0_SLHC12_2023Scenario_Case1/7828650cf335f3b092f375624d26bb6d/out_reco_363_1_oEC.root
18-Jun-2014 01:25:20 CEST  Closed file file:/lustre/cms//store/user/calabria/calabria_SingleMuPt100_GEN-SIM-DIGI-RECO_CMSSW_6_2_0_SLHC12_2023Scenario_Case1/calabria_SingleMuPt100_GEN-SIM-DIGI-RECO_CMSSW_6_2_0_SLHC12_2023Scenario_Case1/7828650cf335f3b092f375624d26bb6d/out_reco_363_1_oEC.root
18-Jun-2014 01:25:20 CEST  Initiating request to open file file:/lustre/cms//store/user/calabria/calabria_SingleMuPt100_GEN-SIM-DIGI-RECO_CMSSW_6_2_0_SLHC12_2023Scenario_Case1/calabria_SingleMuPt100_GEN-SIM-DIGI-RECO_CMSSW_6_2_0_SLHC12_2023Scenario_Case1/7828650cf335f3b092f375624d26bb6d/out_reco_364_1_aqv.root
18-Jun-2014 01:25:20 CEST  Successfully opened file file:/lustre/cms//store/user/calabria/calabria_SingleMuPt100_GEN-SIM-DIGI-RECO_CMSSW_6_2_0_SLHC12_2023Scenario_Case1/calabria_SingleMuPt100_GEN-SIM-DIGI-RECO_CMSSW_6_2_0_SLHC12_2023Scenario_Case1/7828650cf335f3b092f375624d26bb6d/out_reco_364_1_aqv.root
18-Jun-2014 01:25:51 CEST  Closed file file:/lustre/cms//store/user/calabria/calabria_SingleMuPt100_GEN-SIM-DIGI-RECO_CMSSW_6_2_0_SLHC12_2023Scenario_Case1/calabria_SingleMuPt100_GEN-SIM-DIGI-RECO_CMSSW_6_2_0_SLHC12_2023Scenario_Case1/7828650cf335f3b092f375624d26bb6d/out_reco_364_1_aqv.root

=============================================

MessageLogger Summary

 type     category        sev    module        subroutine        count    total
 ---- -------------------- -- ---------------- ----------------  -----    -----
    1 fileAction           -s file_close                            10       10
    2 fileAction           -s file_open                             20       20

 type    category    Examples: run/evt        run/evt          run/evt
 ---- -------------------- ---------------- ---------------- ----------------
    1 fileAction           PostProcessEvent PostProcessEvent PostEndRun
    2 fileAction           pre-events       pre-events       PostProcessEvent

Severity    # Occurrences   Total Occurrences
--------    -------------   -----------------
System                 30                  30
>>> END OF printout of 50 lines from stdout+stderr
>>> Parse FrameworkJobReport crab_fjr.xml
Result of parsing the FrameworkJobReport crab_fjr.xml: Popularity start
lumisRange : 1::::1;1::::2;1::::3;1::::4;1::::5;1::::6;1::::7;1::::8;1::::9;1::::10;
lumisParentRange : 
Basename : /store/user/calabria/calabria_SingleMuPt100_GEN-SIM-DIGI-RECO_CMSSW_6_2_0_SLHC12_2023Scenario_Case1/calabria_SingleMuPt100_GEN-SIM-DIGI-RECO_CMSSW_6_2_0_SLHC12_2023Scenario_Case1/7828650cf335f3b092f375624d26bb6d/out_reco_3
BasenameParent : 
parentFiles : 
inputBlocks : /calabria_SingleMuPt100_GEN-SIM-DIGI-RECO_CMSSW_6_2_0_SLHC12_2023Scenario_Case1/calabria-calabria_SingleMuPt100_GEN-SIM-DIGI-RECO_CMSSW_6_2_0_SLHC12_2023Scenario_Case1-7828650cf335f3b092f375624d26bb6d/USER#8e923215-f6a9-4274-8c58-85e2fd058bad
inputFiles : 52_1_7eA.root::1::EDM::Local::1;58_1_KZ1.root::1::EDM::Local::2;63_1_oEC.root::1::EDM::Local::3;57_1_LIG.root::1::EDM::Local::4;61_1_9d1.root::1::EDM::Local::5;55_1_PVc.root::1::EDM::Local::6;64_1_aqv.root::1::EDM::Local::7;54_1_Abz.root::1::EDM::Local::8;56_1_Tty.root::1::EDM::Local::9;53_1_NiH.root::1::EDM::Local::10;
Popularity stop
Extracted ExitStatus from FrameworkJobReport parsing output: 0
>>> Executable succeded  0
ExeExitCode=0
EXECUTABLE_EXIT_STATUS = 0
>>> current directory /home/cms021/home_cream_125194917/CREAM125194917/glide_8s2gC0/execute/dir_20648/CMSSW_6_2_0_SLHC12
>>>  (SOFTWARE_DIR): /home/cms021/home_cream_125194917/CREAM125194917/glide_8s2gC0/execute/dir_20648/CMSSW_6_2_0_SLHC12
>>> (WORKING_DIR): 
>>> current directory content:
total 10692
drwxr-xr-x 3 cms021 cms    4096 Jun 18 01:20 .SCRAM
-rw------- 1 cms021 cms 3739601 Jun 18 01:20 CMSSW.py.pkl
drwxr-xr-x 3 cms021 cms    4096 Jun 18 01:20 bin
drwxr-xr-x 3 cms021 cms    4096 Jun 18 01:20 cfipython
drwxr-xr-x 4 cms021 cms    4096 Jun 18 01:20 config
-rw------- 1 cms021 cms      16 Jun 18 01:25 cpu_timing.txt
drwxr-xr-x 2 cms021 cms    4096 Jun 18 01:20 doc
-rw------- 1 cms021 cms    9985 Jun 18 01:25 executable.out
drwxr-xr-x 2 cms021 cms    4096 Jun 18 01:20 include
drwx------ 3 cms021 cms    4096 Apr 28 18:12 lib
drwxr-xr-x 3 cms021 cms    4096 Jun 18 01:20 logs
drwxr-xr-x 3 cms021 cms    4096 Jun 18 01:20 objs
-rw------- 1 cms021 cms     104 Jun 18 01:21 pset.py
-rw------- 1 cms021 cms 3712333 Jun 18 01:21 pset.py.pkl
-rw------- 1 cms021 cms     289 Jun 18 01:21 pset.pyc
drwxr-xr-x 2 cms021 cms    4096 Jun 18 01:20 python
-rw------- 1 cms021 cms     407 Jun 18 01:25 report.log
drwx------ 6 cms021 cms    4096 Jun 18 01:20 src
drwxr-xr-x 3 cms021 cms    4096 Jun 18 01:20 test
drwxr-xr-x 3 cms021 cms    4096 Jun 18 01:20 tmp
-rw------- 1 cms021 cms 3398248 Jun 18 01:25 validationEDM.root
>>> current directory /home/cms021/home_cream_125194917/CREAM125194917/glide_8s2gC0/execute/dir_20648/CMSSW_6_2_0_SLHC12
>>> (SOFTWARE_DIR): /home/cms021/home_cream_125194917/CREAM125194917/glide_8s2gC0/execute/dir_20648/CMSSW_6_2_0_SLHC12
>>> (WORKING_DIR): 
>>> current directory content:
total 10692
drwxr-xr-x 3 cms021 cms    4096 Jun 18 01:20 .SCRAM
-rw------- 1 cms021 cms 3739601 Jun 18 01:20 CMSSW.py.pkl
drwxr-xr-x 3 cms021 cms    4096 Jun 18 01:20 bin
drwxr-xr-x 3 cms021 cms    4096 Jun 18 01:20 cfipython
drwxr-xr-x 4 cms021 cms    4096 Jun 18 01:20 config
-rw------- 1 cms021 cms      16 Jun 18 01:25 cpu_timing.txt
drwxr-xr-x 2 cms021 cms    4096 Jun 18 01:20 doc
-rw------- 1 cms021 cms    9985 Jun 18 01:25 executable.out
drwxr-xr-x 2 cms021 cms    4096 Jun 18 01:20 include
drwx------ 3 cms021 cms    4096 Apr 28 18:12 lib
drwxr-xr-x 3 cms021 cms    4096 Jun 18 01:20 logs
drwxr-xr-x 3 cms021 cms    4096 Jun 18 01:20 objs
-rw------- 1 cms021 cms     104 Jun 18 01:21 pset.py
-rw------- 1 cms021 cms 3712333 Jun 18 01:21 pset.py.pkl
-rw------- 1 cms021 cms     289 Jun 18 01:21 pset.pyc
drwxr-xr-x 2 cms021 cms    4096 Jun 18 01:20 python
-rw------- 1 cms021 cms     407 Jun 18 01:25 report.log
drwx------ 6 cms021 cms    4096 Jun 18 01:20 src
drwxr-xr-x 3 cms021 cms    4096 Jun 18 01:20 test
drwxr-xr-x 3 cms021 cms    4096 Jun 18 01:20 tmp
-rw------- 1 cms021 cms 3398248 Jun 18 01:25 validationEDM_8_1_vyQ.root
>>> current directory (RUNTIME_AREA):  /home/cms021/home_cream_125194917/CREAM125194917/glide_8s2gC0/execute/dir_20648
SE = storm-se-01.ba.infn.it
SE_PATH = /srm/managerv2?SFN=//cms/store/user/calabria/calabria_SingleMuPt100_GEN-SIM-DIGI-RECO_CMSSW_6_2_0_SLHC12_2023Scenario_Case1/calabria_MuMinus100_GEN-SIM-DIGI-RECO_CMSSW_6_2_0_SLHC12_2023Scenario_VALNOPU2_Case1/5854dd31cbd3cdec44c48628cc181cf0/
LFNBaseName = /store/user/calabria/calabria_SingleMuPt100_GEN-SIM-DIGI-RECO_CMSSW_6_2_0_SLHC12_2023Scenario_Case1/calabria_MuMinus100_GEN-SIM-DIGI-RECO_CMSSW_6_2_0_SLHC12_2023Scenario_VALNOPU2_Case1/5854dd31cbd3cdec44c48628cc181cf0/
USER = calabria
endpoint = srm://storm-se-01.ba.infn.it:8444/srm/managerv2?SFN=//cms/store/user/calabria/calabria_SingleMuPt100_GEN-SIM-DIGI-RECO_CMSSW_6_2_0_SLHC12_2023Scenario_Case1/calabria_MuMinus100_GEN-SIM-DIGI-RECO_CMSSW_6_2_0_SLHC12_2023Scenario_VALNOPU2_Case1/5854dd31cbd3cdec44c48628cc181cf0/
>>> Copy output files from WN = pccms141.ba.infn.it to /srm/managerv2?SFN=//cms/store/user/calabria/calabria_SingleMuPt100_GEN-SIM-DIGI-RECO_CMSSW_6_2_0_SLHC12_2023Scenario_Case1/calabria_MuMinus100_GEN-SIM-DIGI-RECO_CMSSW_6_2_0_SLHC12_2023Scenario_VALNOPU2_Case1/5854dd31cbd3cdec44c48628cc181cf0/ :
python cmscp.py  --destination srm://storm-se-01.ba.infn.it:8444/srm/managerv2?SFN=//cms/store/user/calabria/calabria_SingleMuPt100_GEN-SIM-DIGI-RECO_CMSSW_6_2_0_SLHC12_2023Scenario_Case1/calabria_MuMinus100_GEN-SIM-DIGI-RECO_CMSSW_6_2_0_SLHC12_2023Scenario_VALNOPU2_Case1/5854dd31cbd3cdec44c48628cc181cf0/ --inputFileList /home/cms021/home_cream_125194917/CREAM125194917/glide_8s2gC0/execute/dir_20648/CMSSW_6_2_0_SLHC12/validationEDM_8_1_vyQ.root --middleware LCG --se_name storm-se-01.ba.infn.it --for_lfn /store/user/calabria/calabria_SingleMuPt100_GEN-SIM-DIGI-RECO_CMSSW_6_2_0_SLHC12_2023Scenario_Case1/calabria_MuMinus100_GEN-SIM-DIGI-RECO_CMSSW_6_2_0_SLHC12_2023Scenario_VALNOPU2_Case1/5854dd31cbd3cdec44c48628cc181cf0/    
******************************************************
localSeName  =  storm-se-01.ba.infn.it
remoteSeName =  storm-se-01.ba.infn.it
******************************************************
{"/home/cms021/home_cream_125194917/CREAM125194917/glide_8s2gC0/execute/dir_20648/CMSSW_6_2_0_SLHC12/validationEDM_8_1_vyQ.root": {"endpoint": "srm://storm-se-01.ba.infn.it:8444/srm/managerv2?SFN=//cms/store/user/calabria/calabria_SingleMuPt100_GEN-SIM-DIGI-RECO_CMSSW_6_2_0_SLHC12_2023Scenario_Case1/calabria_MuMinus100_GEN-SIM-DIGI-RECO_CMSSW_6_2_0_SLHC12_2023Scenario_VALNOPU2_Case1/5854dd31cbd3cdec44c48628cc181cf0/", "surl_for_grid": "", "reason": "Copy succedeed with srm-lcg utils", "erCode": "0", "se_name": "storm-se-01.ba.infn.it", "for_lfn": "/store/user/calabria/calabria_SingleMuPt100_GEN-SIM-DIGI-RECO_CMSSW_6_2_0_SLHC12_2023Scenario_Case1/calabria_MuMinus100_GEN-SIM-DIGI-RECO_CMSSW_6_2_0_SLHC12_2023Scenario_VALNOPU2_Case1/5854dd31cbd3cdec44c48628cc181cf0/"}}/home/cms021/home_cream_125194917/CREAM125194917/glide_8s2gC0/execute/dir_20648
-------- cat /home/cms021/home_cream_125194917/CREAM125194917/glide_8s2gC0/execute/dir_20648/cmscpReport.sh 
#!/bin/bash
echo "Report for File: /home/cms021/home_cream_125194917/CREAM125194917/glide_8s2gC0/execute/dir_20648/CMSSW_6_2_0_SLHC12/validationEDM_8_1_vyQ.root"
echo "LFN: /store/user/calabria/calabria_SingleMuPt100_GEN-SIM-DIGI-RECO_CMSSW_6_2_0_SLHC12_2023Scenario_Case1/calabria_MuMinus100_GEN-SIM-DIGI-RECO_CMSSW_6_2_0_SLHC12_2023Scenario_VALNOPU2_Case1/5854dd31cbd3cdec44c48628cc181cf0/validationEDM_8_1_vyQ.root"
echo "StorageElement: storm-se-01.ba.infn.it"
echo "StageOutExitStatusReason = 'Copy succedeed with srm-lcg utils'" | tee -a $RUNTIME_AREA/$repo
echo "StageOutSE = storm-se-01.ba.infn.it" >> $RUNTIME_AREA/$repo

export StageOutExitStatus=0
echo "StageOutExitStatus = 0" | tee -a $RUNTIME_AREA/$repo
-------- end of /home/cms021/home_cream_125194917/CREAM125194917/glide_8s2gC0/execute/dir_20648/cmscpReport.sh 
Report for File: /home/cms021/home_cream_125194917/CREAM125194917/glide_8s2gC0/execute/dir_20648/CMSSW_6_2_0_SLHC12/validationEDM_8_1_vyQ.root
LFN: /store/user/calabria/calabria_SingleMuPt100_GEN-SIM-DIGI-RECO_CMSSW_6_2_0_SLHC12_2023Scenario_Case1/calabria_MuMinus100_GEN-SIM-DIGI-RECO_CMSSW_6_2_0_SLHC12_2023Scenario_VALNOPU2_Case1/5854dd31cbd3cdec44c48628cc181cf0/validationEDM_8_1_vyQ.root
StorageElement: storm-se-01.ba.infn.it
StageOutExitStatusReason = 'Copy succedeed with srm-lcg utils'
StageOutExitStatus = 0
>>> current dir: /home/cms021/home_cream_125194917/CREAM125194917/glide_8s2gC0/execute/dir_20648
>>> current dir content:
total 28076
-rw-------  1 cms021 cms     2784 Jun 18 01:26 .SEinteraction.log
-rwx------  1 cms021 cms     6795 Jun 18 01:20 .job.ad
-rwx------  1 cms021 cms     9296 Jun 18 01:20 .machine.ad
-rw-------  1 cms021 cms      105 Jun 16 20:49 CMSSW.py
-rw-------  1 cms021 cms  3739601 Jun 16 20:49 CMSSW.py.pkl
-rwx------  1 cms021 cms    29569 Jun 18 01:20 CMSSW.sh
drwxr-xr-x 15 cms021 cms     4096 Jun 18 01:25 CMSSW_6_2_0_SLHC12
-rw-------  1 cms021 cms      220 Jun 18 01:20 CacheEnv.sh
-rw-------  1 cms021 cms     7291 Apr  4 11:04 DashboardAPI.py
-rw-------  1 cms021 cms     6815 Jun 18 01:20 DashboardAPI.pyc
drwx------  2 cms021 cms     4096 Jun 18 01:25 IMProv
-rw-------  1 cms021 cms     2748 Apr  4 11:04 Logger.py
-rw-------  1 cms021 cms     3347 Jun 18 01:21 Logger.pyc
-rw-------  1 cms021 cms    24524 Apr  4 11:04 ProcInfo.py
-rw-------  1 cms021 cms    23197 Jun 18 01:21 ProcInfo.pyc
drwx------  7 cms021 cms     4096 Jun 18 01:21 ProdCommon
drwx------  3 cms021 cms     4096 Jun 18 01:20 WMCore
-rw-------  1 cms021 cms     2493 Jun 18 01:26 Watchdog_8.log
-rwx------  1 cms021 cms        0 Jun 18 01:20 _condor_stderr
-rwx---r--  1 cms021 cms    29505 Jun 18 01:26 _condor_stdout
-rw-------  1 cms021 cms    32895 Apr  4 11:04 apmon.py
-rw-------  1 cms021 cms    28625 Jun 18 01:20 apmon.pyc
-rwx------  1 cms021 cms    53905 Jun 18 01:20 arguments.xml
-rwx------  1 cms021 cms    38515 Apr  4 11:04 cmscp.py
-rw-------  1 cms021 cms      718 Jun 18 01:26 cmscpReport.sh
-rwx------  1 cms021 cms    29569 Jun 18 01:20 condor_exec.exe
-rw-------  1 cms021 cms      963 Jun 16 20:49 crab.cfg
-rwx------  1 cms021 cms     8610 Apr  4 11:04 crabWatchdog.sh
-rwx---r--  1 cms021 cms   523362 Jun 18 01:25 crab_fjr_8.xml
-rwx------  1 cms021 cms 23960128 Jun 18 01:20 default.tgz
-rwx------  1 cms021 cms     4488 Apr  4 11:04 fillCrabFjr.py
-rw-------  1 cms021 cms     2651 Jun 18 01:21 inputsReport.txt
-rw-------  1 cms021 cms      260 Jun 18 01:26 jobreport.txt
-rw-------  1 cms021 cms    17352 Apr  4 11:04 parseCrabFjr.py
-rw-------  1 cms021 cms      327 Jun 18 01:20 report.log
-rwx--x--x  1 cms021 cms     1497 Apr  4 11:04 report.py
-rw-------  1 cms021 cms      775 Jun 18 01:26 resultCopyFile
lrwxrwxrwx  1 cms021 cms      125 Jun 18 01:25 validationEDM.root -> /home/cms021/home_cream_125194917/CREAM125194917/glide_8s2gC0/execute/dir_20648/CMSSW_6_2_0_SLHC12/validationEDM_8_1_vyQ.root
-rwx------  1 cms021 cms     8387 Apr  4 11:04 writeCfg.py
-rw-------  1 cms021 cms     8010 Jun 18 01:20 x509up_u50707
>>> Modify Job Report:
CMSSW_VERSION = CMSSW_6_2_0_SLHC12
ProcessedDataset = calabria_MuMinus100_GEN-SIM-DIGI-RECO_CMSSW_6_2_0_SLHC12_2023Scenario_VALNOPU2_Case1
/home/cms021/home_cream_125194917/CREAM125194917/glide_8s2gC0/execute/dir_20648/ProdCommon/FwkJobRep/ModifyJobReport.py fjr /home/cms021/home_cream_125194917/CREAM125194917/glide_8s2gC0/execute/dir_20648/crab_fjr_8.xml json /home/cms021/home_cream_125194917/CREAM125194917/glide_8s2gC0/execute/dir_20648/resultCopyFile n_job 8_1_vyQ PrimaryDataset calabria_SingleMuPt100_GEN-SIM-DIGI-RECO_CMSSW_6_2_0_SLHC12_2023Scenario_Case1  ApplicationFamily cmsRun ApplicationName cmsRun cmssw_version CMSSW_6_2_0_SLHC12 psethash 5854dd31cbd3cdec44c48628cc181cf0 UserProcessedDataset calabria-calabria_MuMinus100_GEN-SIM-DIGI-RECO_CMSSW_6_2_0_SLHC12_2023Scenario_VALNOPU2_Case1-5854dd31cbd3cdec44c48628cc181cf0
inputDict =  {u'/home/cms021/home_cream_125194917/CREAM125194917/glide_8s2gC0/execute/dir_20648/CMSSW_6_2_0_SLHC12/validationEDM_8_1_vyQ.root': {u'endpoint': u'srm://storm-se-01.ba.infn.it:8444/srm/managerv2?SFN=//cms/store/user/calabria/calabria_SingleMuPt100_GEN-SIM-DIGI-RECO_CMSSW_6_2_0_SLHC12_2023Scenario_Case1/calabria_MuMinus100_GEN-SIM-DIGI-RECO_CMSSW_6_2_0_SLHC12_2023Scenario_VALNOPU2_Case1/5854dd31cbd3cdec44c48628cc181cf0/', u'surl_for_grid': u'', u'reason': u'Copy succedeed with srm-lcg utils', u'erCode': u'0', u'se_name': u'storm-se-01.ba.infn.it', u'for_lfn': u'/store/user/calabria/calabria_SingleMuPt100_GEN-SIM-DIGI-RECO_CMSSW_6_2_0_SLHC12_2023Scenario_Case1/calabria_MuMinus100_GEN-SIM-DIGI-RECO_CMSSW_6_2_0_SLHC12_2023Scenario_VALNOPU2_Case1/5854dd31cbd3cdec44c48628cc181cf0/'}}
UserProcessedDataset =  calabria-calabria_MuMinus100_GEN-SIM-DIGI-RECO_CMSSW_6_2_0_SLHC12_2023Scenario_VALNOPU2_Case1-5854dd31cbd3cdec44c48628cc181cf0
file_name in inputDict =  /home/cms021/home_cream_125194917/CREAM125194917/glide_8s2gC0/execute/dir_20648/CMSSW_6_2_0_SLHC12/validationEDM_8_1_vyQ.root
(size) os.stat(filename)[6] =  3398248
checksum =  3764969118
    file =  validationEDM_8_1_vyQ.root
    newPfn =  srm://storm-se-01.ba.infn.it:8444/srm/managerv2?SFN=//cms/store/user/calabria/calabria_SingleMuPt100_GEN-SIM-DIGI-RECO_CMSSW_6_2_0_SLHC12_2023Scenario_Case1/calabria_MuMinus100_GEN-SIM-DIGI-RECO_CMSSW_6_2_0_SLHC12_2023Scenario_VALNOPU2_Case1/5854dd31cbd3cdec44c48628cc181cf0/validationEDM_8_1_vyQ.root
    newLfn =  /store/user/calabria/calabria_SingleMuPt100_GEN-SIM-DIGI-RECO_CMSSW_6_2_0_SLHC12_2023Scenario_Case1/calabria_MuMinus100_GEN-SIM-DIGI-RECO_CMSSW_6_2_0_SLHC12_2023Scenario_VALNOPU2_Case1/5854dd31cbd3cdec44c48628cc181cf0/validationEDM_8_1_vyQ.root
>>> crab_fjr_*.xml  permission set to 0704
CrabWrapper EXIT_FUNC entered at Wed Jun 18 01:26:46 CEST 2014   -  Tue Jun 17 23:26:46 UTC 2014
Checking output files:  
will tar file crab_fjr_8.xml in  out_files_8
WARNING: output file CMSSW_8.stdout not found!
WARNING: output file CMSSW_8.stderr not found!
WARNING: output file Watchdog_8.log.gz not found!
>>> padding time: Sleeping the wrapper for 249 seconds
STOPPING WATCHDOG. CrabWatchdog PID is 21524
********** LAST 50 LINES OF WATCHDOG LOG
# RESOURCE USAGE SUMMARY FOR PROCESS ID 20889
USER       PID %CPU %MEM    VSZ   RSS TTY      STAT START   TIME COMMAND
cms021   20889  0.6  0.0   9496  1592 ?        S    01:20   0:00 /bin/sh /home/cms021/home_cream_125194917/CREAM125194917/glide_8s2gC0/execute/dir_20648/condor_exec.exe 8 1
 
# LIMITS USED BY CRAB WATCHDOG:
# RSS  (KBytes)   : 2300000
# VSZ  (KBytes)   : 100000000
# DISK (MBytes)   : 19000
# CPU TIME        : 720h:0m:0s
# WALL CLOCK TIME : 21h:50m:0s
 
# FOLLOWING PRINTOUT TRACKS MAXIMUM VALUES OF RESOURCES USE
# ONE LINE IS PRINTED EACH TIME A MAXIMUM CHANGES
# IF CHANGE WAS IN RSS OR VSZ ALSO PROCID AND COMMAND ARE PRINTED
# THERE IS NO PRINTOUT FOR CPU/WALL TIME INCREASE
 
# TIME			PID	RSS(KB)	VSZ(KB)	Dsk(MB)	tCPU(s)	tWALL(s)	COMMAND
 Jun 18 01:21:01 CEST	5294	1392	9364	0	0	0	/bin/bash /home/cms021/home_cream_125194917/CREAM125194917/glide_8s2gC0/main/condor_startup.sh glidein_config        
 Jun 18 01:21:01 CEST	8317	8012	93336	0	0	0	/home/cms021/home_cream_125194917/CREAM125194917/glide_8s2gC0/main/condor/sbin/condor_master -f -pidfile /home/cms021/home_cream_125194917/CREAM125194917/glide_8s2gC0/condor_master2.pid       
 Jun 18 01:21:01 CEST	8430	8728	93916	0	4	0	condor_startd -f         
 Jun 18 01:21:01 CEST	20745	8728	106092	0	0	0	sh -c "./glidein_startup.sh" -v std -name v3_0 -entry CMS_T2_IT_Bari_ce4 -clientname UCSD-v1_0.main
 Jun 18 01:21:01 CEST	20763	8728	106492	0	1	1	/bin/bash ./glidein_startup.sh -v std -name v3_0 -entry CMS_T2_IT_Bari_ce4 -clientname UCSD-v1_0.main -schedd
 Jun 18 01:21:01 CEST	21536	30640	106492	0	0	1	edmConfigHash pset.py         
 Jun 18 01:21:01 CEST	---	30640	106492	171	----	----	----
 Jun 18 01:22:02 CEST	22168	775020	995192	171	36	62	cmsRun -j /home/cms021/home_cream_125194917/CREAM125194917/glide_8s2gC0/execute/dir_20648/crab_fjr_8.xml -p pset.py      
 Jun 18 01:22:02 CEST	---	775020	995192	175	----	----	----
 Jun 18 01:23:03 CEST	22168	795108	1014136	175	79	123	cmsRun -j /home/cms021/home_cream_125194917/CREAM125194917/glide_8s2gC0/execute/dir_20648/crab_fjr_8.xml -p pset.py      
 Jun 18 01:24:04 CEST	22168	802556	1021888	175	126	184	cmsRun -j /home/cms021/home_cream_125194917/CREAM125194917/glide_8s2gC0/execute/dir_20648/crab_fjr_8.xml -p pset.py      
 Jun 18 01:25:05 CEST	22168	802556	1030488	175	168	244	cmsRun -j /home/cms021/home_cream_125194917/CREAM125194917/glide_8s2gC0/execute/dir_20648/crab_fjr_8.xml -p pset.py      
 Jun 18 01:26:05 CEST	---	802556	1030488	179	----	----	----
********** WATCHDOG LOG ENDED
ZIPPING WATCHDOG LOG
Disk space used:
du -sh /home/cms021/home_cream_125194917/CREAM125194917/glide_8s2gC0/execute/dir_20648
179M	/home/cms021/home_cream_125194917/CREAM125194917/glide_8s2gC0/execute/dir_20648
Found unusual stdout, rename for OSB
`/home/cms021/home_cream_125194917/CREAM125194917/glide_8s2gC0/execute/dir_20648/_condor_stdout' -> `CMSSW_8.stdout'
Found unusual stderr, rename for OSB
`/home/cms021/home_cream_125194917/CREAM125194917/glide_8s2gC0/execute/dir_20648/_condor_stdout' -> `CMSSW_8.stderr'
crab_fjr_8.xml
CMSSW_8.stdout
CMSSW_8.stderr
Watchdog_8.log.gz
Total Output dimension: 70064
WARNING: output files size limit is set to: 50000000
Total Output dimension 70064 is fine.
JOB_EXIT_STATUS = 0
>>> info for dashboard:
***** Cat /home/cms021/home_cream_125194917/CREAM125194917/glide_8s2gC0/execute/dir_20648/jobreport.txt *****
MonitorJobID=8_https://submit-6.t2.ucsd.edu//140616//168553.7
MonitorID=calabria_MuMinus100_Case1_ReReco_8e5c3i
ExeTime=276
ExeExitCode=0
StageOutExitStatusReason = 'Copy succedeed with srm-lcg utils'
StageOutSE = storm-se-01.ba.infn.it
StageOutExitStatus = 0
CrabUserCpuTime=201.76
CrabSysCpuTime=6.47
CrabCpuPercentage=75%
CrabWrapperTime=600
CrabStageoutTime=49
JobExitCode=0
***** End Cat jobreport *****
Parameters sent to Dashboard.
EXITING at Wed Jun 18 01:31:01 CEST 2014  -  Tue Jun 17 23:31:01 UTC 2014
