This script was generated by crab (version 2.10.5_patch1).
Running /home/cms040/home_cream_155058975/CREAM155058975/glide_vdCJe6/execute/dir_26037/condor_exec.exe with 2 positional parameters: 17 1
Today is Wed Jun 18 01:22:08 CEST 2014 - Tue Jun 17 23:22:08 UTC 2014
Job submitted on host alicegrid45.ba.infn.it
Linux alicegrid45.ba.infn.it 2.6.32-358.23.2.el6.x86_64 #1 SMP Thu Oct 17 10:27:22 CEST 2013 x86_64 x86_64 x86_64 GNU/Linux
>>> current directory (RUNTIME_AREA): /home/cms040/home_cream_155058975/CREAM155058975/glide_vdCJe6/execute/dir_26037
>>> current user: uid=18598(cms040) gid=1399(cms) groups=1399(cms)
>>> directory permission set to 0700
>>> umask set to:  u=rwx,g=,o=
>>> stdout stderr permission set to 0704
>>> voms proxy information:
subject   : /C=IT/O=INFN/OU=Personal Certificate/L=Bari/CN=Cesare Calabria/CN=477126703/CN=1775524051
issuer    : /C=IT/O=INFN/OU=Personal Certificate/L=Bari/CN=Cesare Calabria/CN=477126703
identity  : /C=IT/O=INFN/OU=Personal Certificate/L=Bari/CN=Cesare Calabria
type      : RFC3820 compliant limited proxy
strength  : 1024
path      : /home/cms040/home_cream_155058975/CREAM155058975/glide_vdCJe6/execute/dir_26037/x509up_u50707
timeleft  : 23:59:50
key usage : Digital Signature, Key Encipherment, Data Encipherment
=== VO cms extension information ===
VO        : cms
subject   : /C=IT/O=INFN/OU=Personal Certificate/L=Bari/CN=Cesare Calabria
issuer    : /DC=ch/DC=cern/OU=computers/CN=voms.cern.ch
attribute : /cms/Role=NULL/Capability=NULL
attribute : /cms/itcms/Role=NULL/Capability=NULL
timeleft  : 154:02:11
uri       : voms.cern.ch:15002

WNHostName=alicegrid45.ba.infn.it
>>> tar --no-same-permissions -xf /home/cms040/home_cream_155058975/CREAM155058975/glide_vdCJe6/execute/dir_26037/default.tgz :
Successful untar
>>> Include /home/cms040/home_cream_155058975/CREAM155058975/glide_vdCJe6/execute/dir_26037 in PYTHONPATH:
strip arguments
env var CRAB_UNIQUE_JOB_ID set to: calabria_MuMinus100_Case1_ReReco_8e5c3i_17_1_Q2f
out_files_17
>>> list of expected files on output sandbox
output files: crab_fjr_17.xml CMSSW_17.stdout CMSSW_17.stderr Watchdog_17.log.gz
>>> GridFlavour discovery: 
GridFlavour=LCG
>>> SyncSite discovery: 
SyncSite=T2_IT_Bari
>>> SyncCE discovery: 
getting SyncCE from CE_ID
SyncCE=cream-ce-2.ba.infn.it:8443/cream-pbs-cms
>>> info for dashboard:
***** Cat /home/cms040/home_cream_155058975/CREAM155058975/glide_vdCJe6/execute/dir_26037/jobreport.txt *****
WNHostName=alicegrid45.ba.infn.it
MonitorJobID=17_https://submit-6.t2.ucsd.edu//140616//168553.16
SyncGridJobId=https://submit-6.t2.ucsd.edu//140616//168553.16
MonitorID=calabria_MuMinus100_Case1_ReReco_8e5c3i
GridFlavour=LCG
SyncSite=T2_IT_Bari
SyncCE=cream-ce-2.ba.infn.it:8443/cream-pbs-cms
***** End Cat jobreport *****
Parameters sent to Dashboard.
>>> setup environment
set SCRAM ARCH to slc5_amd64_gcc472
SCRAM_ARCH = slc5_amd64_gcc472
>>> setup CMS LCG environment:
set SCRAM ARCH and BUILD_ARCH to slc5_amd64_gcc472 ###
Sourcing environment... 
sourcing /cvmfs/cms.cern.ch/cmsset_default.sh
==> setup cms environment ok
>>> specific cmssw setup environment:
CMSSW_VERSION =  CMSSW_6_2_0_SLHC12
>>> current directory (SOFTWARE_DIR): /home/cms040/home_cream_155058975/CREAM155058975/glide_vdCJe6/execute/dir_26037/CMSSW_6_2_0_SLHC12
PreserveSeeds: <>
IncrementSeeds:<>
>>> info for dashboard:
***** Cat /home/cms040/home_cream_155058975/CREAM155058975/glide_vdCJe6/execute/dir_26037/jobreport.txt *****
MonitorJobID=17_https://submit-6.t2.ucsd.edu//140616//168553.16
MonitorID=calabria_MuMinus100_Case1_ReReco_8e5c3i
***** End Cat jobreport *****
Parameters sent to Dashboard.
crabWatchdog started as process 26927
>>> moving CMSSW software directories in /home/cms040/home_cream_155058975/CREAM155058975/glide_vdCJe6/execute/dir_26037/CMSSW_6_2_0_SLHC12
mv: cannot stat `/home/cms040/home_cream_155058975/CREAM155058975/glide_vdCJe6/execute/dir_26037/module/': No such file or directory
>>> Include /home/cms040/home_cream_155058975/CREAM155058975/glide_vdCJe6/execute/dir_26037 in PYTHONPATH:
PYTHONPATH=/home/cms040/home_cream_155058975/CREAM155058975/glide_vdCJe6/execute/dir_26037/:/home/cms040/home_cream_155058975/CREAM155058975/glide_vdCJe6/execute/dir_26037/CMSSW_6_2_0_SLHC12/python:/home/cms040/home_cream_155058975/CREAM155058975/glide_vdCJe6/execute/dir_26037/CMSSW_6_2_0_SLHC12/lib/slc5_amd64_gcc472:/cvmfs/cms.cern.ch/slc5_amd64_gcc472/cms/cmssw/CMSSW_6_2_0_SLHC12/python:/cvmfs/cms.cern.ch/slc5_amd64_gcc472/cms/cmssw/CMSSW_6_2_0_SLHC12/lib/slc5_amd64_gcc472:/cvmfs/cms.cern.ch/slc5_amd64_gcc472/cms/coral/CORAL_2_3_21-cms36/slc5_amd64_gcc472/python:/cvmfs/cms.cern.ch/slc5_amd64_gcc472/cms/coral/CORAL_2_3_21-cms36/slc5_amd64_gcc472/lib:/cvmfs/cms.cern.ch/slc5_amd64_gcc472/external/pyqt/4.8.1-cms6/lib/python2.7/site-packages:/cvmfs/cms.cern.ch/slc5_amd64_gcc472/external/py2-scipy/0.8.0-cms8/lib/python2.7/site-packages:/cvmfs/cms.cern.ch/slc5_amd64_gcc472/external/py2-matplotlib/1.0.1-cms8/lib/python2.7/site-packages:/cvmfs/cms.cern.ch/slc5_amd64_gcc472/external/python-ldap/2.3.5-cms6/lib/python2.7/site-packages:/cvmfs/cms.cern.ch/slc5_amd64_gcc472/external/sip/4.11.2-cms6/lib/python2.7/site-packages:/cvmfs/cms.cern.ch/slc5_amd64_gcc472/external/py2-pycurl/7.19.0-cms8/lib/python2.7/site-packages:/cvmfs/cms.cern.ch/slc5_amd64_gcc472/external/py2-numpy/1.6.1-cms8/lib/python2.7/site-packages:/cvmfs/cms.cern.ch/slc5_amd64_gcc472/external/py2-lint/0.25.1-cms6/lib/python2.7/site-packages:/cvmfs/cms.cern.ch/slc5_amd64_gcc472/external/py2-ipython/0.10-cms6/lib/python2.7/site-packages:/cvmfs/cms.cern.ch/slc5_amd64_gcc472/external/py2-cx-oracle/5.1-cms7/lib/python2.7/site-packages:/cvmfs/cms.cern.ch/slc5_amd64_gcc472/external/py2-cjson/1.0.5-cms6/lib/python2.7/site-packages:/cvmfs/cms.cern.ch/slc5_amd64_gcc472/cms/das-client/1.11.7/bin:/cvmfs/cms.cern.ch/slc5_amd64_gcc472/external/elementtree/1.2.6-cms6/share/lib/python2.7/site-packages:/cvmfs/cms.cern.ch/slc5_amd64_gcc472/external/rivet/1.8.2-cms8/lib/python2.7/site-packages:/cvmfs/cms.cern.ch/slc5_amd64_gcc472/external/pyminuit2/0.0.1-cms19/lib/python2.7/site-packages:/cvmfs/cms.cern.ch/slc5_amd64_gcc472/external/py2-pygithub/1.23.0/lib/python2.7/site-packages:/cvmfs/cms.cern.ch/slc5_amd64_gcc472/external/professor/1.0.0-cms19/lib/python2.7/site-packages:/cvmfs/cms.cern.ch/slc5_amd64_gcc472/lcg/root/5.34.07-cms/lib:/cvmfs/cms.cern.ch/slc5_amd64_gcc472/cms/dbs-client/DBS_2_1_9-cms5/lib:/cvmfs/cms.cern.ch/slc5_amd64_gcc472/cms/dbs-client/DBS_2_1_9-cms5/lib/DBSAPI:/cvmfs/cms.cern.ch/slc5_amd64_gcc472/external/cvs2git/5419-cms/lib:/home/cms040/home_cream_155058975/CREAM155058975/glide_vdCJe6/execute/dir_26037/
 
# LIMITS USED BY CRAB WATCHDOG:
# RSS  (KBytes)   : 2300000
# VSZ  (KBytes)   : 100000000
# DISK (MBytes)   : 19000
# CPU TIME        : 720h:0m:0s
# WALL CLOCK TIME : 21h:50m:0s
 
5854dd31cbd3cdec44c48628cc181cf0
PSETHASH = 5854dd31cbd3cdec44c48628cc181cf0
/home/cms040/home_cream_155058975/CREAM155058975/glide_vdCJe6/execute/dir_26037/writeCfg.py pset.py pset.py
Importing .py file
Setting parameters
RandomNumberGeneratorService found, will attempt to change seeds
inputBlocks=/calabria_SingleMuPt100_GEN-SIM-DIGI-RECO_CMSSW_6_2_0_SLHC12_2023Scenario_Case1/calabria-calabria_SingleMuPt100_GEN-SIM-DIGI-RECO_CMSSW_6_2_0_SLHC12_2023Scenario_Case1-7828650cf335f3b092f375624d26bb6d/USER#8e923215-f6a9-4274-8c58-85e2fd058bad
inputFiles=/store/user/calabria/calabria_SingleMuPt100_GEN-SIM-DIGI-RECO_CMSSW_6_2_0_SLHC12_2023Scenario_Case1/calabria_SingleMuPt100_GEN-SIM-DIGI-RECO_CMSSW_6_2_0_SLHC12_2023Scenario_Case1/7828650cf335f3b092f375624d26bb6d/out_reco_484_1_SSj.root;/store/user/calabria/calabria_SingleMuPt100_GEN-SIM-DIGI-RECO_CMSSW_6_2_0_SLHC12_2023Scenario_Case1/calabria_SingleMuPt100_GEN-SIM-DIGI-RECO_CMSSW_6_2_0_SLHC12_2023Scenario_Case1/7828650cf335f3b092f375624d26bb6d/out_reco_485_1_2gB.root;/store/user/calabria/calabria_SingleMuPt100_GEN-SIM-DIGI-RECO_CMSSW_6_2_0_SLHC12_2023Scenario_Case1/calabria_SingleMuPt100_GEN-SIM-DIGI-RECO_CMSSW_6_2_0_SLHC12_2023Scenario_Case1/7828650cf335f3b092f375624d26bb6d/out_reco_486_1_h6O.root;/store/user/calabria/calabria_SingleMuPt100_GEN-SIM-DIGI-RECO_CMSSW_6_2_0_SLHC12_2023Scenario_Case1/calabria_SingleMuPt100_GEN-SIM-DIGI-RECO_CMSSW_6_2_0_SLHC12_2023Scenario_Case1/7828650cf335f3b092f375624d26bb6d/out_reco_487_1_qdA.root;/store/user/calabria/calabria_SingleMuPt100_GEN-SIM-DIGI-RECO_CMSSW_6_2_0_SLHC12_2023Scenario_Case1/calabria_SingleMuPt100_GEN-SIM-DIGI-RECO_CMSSW_6_2_0_SLHC12_2023Scenario_Case1/7828650cf335f3b092f375624d26bb6d/out_reco_488_1_dag.root;/store/user/calabria/calabria_SingleMuPt100_GEN-SIM-DIGI-RECO_CMSSW_6_2_0_SLHC12_2023Scenario_Case1/calabria_SingleMuPt100_GEN-SIM-DIGI-RECO_CMSSW_6_2_0_SLHC12_2023Scenario_Case1/7828650cf335f3b092f375624d26bb6d/out_reco_489_1_TGz.root;/store/user/calabria/calabria_SingleMuPt100_GEN-SIM-DIGI-RECO_CMSSW_6_2_0_SLHC12_2023Scenario_Case1/calabria_SingleMuPt100_GEN-SIM-DIGI-RECO_CMSSW_6_2_0_SLHC12_2023Scenario_Case1/7828650cf335f3b092f375624d26bb6d/out_reco_490_1_Zwr.root;/store/user/calabria/calabria_SingleMuPt100_GEN-SIM-DIGI-RECO_CMSSW_6_2_0_SLHC12_2023Scenario_Case1/calabria_SingleMuPt100_GEN-SIM-DIGI-RECO_CMSSW_6_2_0_SLHC12_2023Scenario_Case1/7828650cf335f3b092f375624d26bb6d/out_reco_491_1_p4d.root;/store/user/calabria/calabria_SingleMuPt100_GEN-SIM-DIGI-RECO_CMSSW_6_2_0_SLHC12_2023Scenario_Case1/calabria_SingleMuPt100_GEN-SIM-DIGI-RECO_CMSSW_6_2_0_SLHC12_2023Scenario_Case1/7828650cf335f3b092f375624d26bb6d/out_reco_492_1_7i6.root;/store/user/calabria/calabria_SingleMuPt100_GEN-SIM-DIGI-RECO_CMSSW_6_2_0_SLHC12_2023Scenario_Case1/calabria_SingleMuPt100_GEN-SIM-DIGI-RECO_CMSSW_6_2_0_SLHC12_2023Scenario_Case1/7828650cf335f3b092f375624d26bb6d/out_reco_493_1_W2R.root
parentFiles=
lumisRange=
>>> Executable cmsRun
/cvmfs/cms.cern.ch/slc5_amd64_gcc472/cms/cmssw/CMSSW_6_2_0_SLHC12/bin/slc5_amd64_gcc472/cmsRun
ok executable found
>>> info for dashboard:
***** Cat /home/cms040/home_cream_155058975/CREAM155058975/glide_vdCJe6/execute/dir_26037/jobreport.txt *****
MonitorJobID=17_https://submit-6.t2.ucsd.edu//140616//168553.16
MonitorID=calabria_MuMinus100_Case1_ReReco_8e5c3i
ExeStart=cmsRun
***** End Cat jobreport *****
Parameters sent to Dashboard.
>>> cmsRun started at Tue Jun 17 23:22:38 UTC 2014
>>> cmsRun ended at Tue Jun 17 23:28:07 UTC 2014
>>> crab_fjr_*.xml  permission set to 0704
>>> info for dashboard:
***** Cat /home/cms040/home_cream_155058975/CREAM155058975/glide_vdCJe6/execute/dir_26037/jobreport.txt *****
MonitorJobID=17_https://submit-6.t2.ucsd.edu//140616//168553.16
MonitorID=calabria_MuMinus100_Case1_ReReco_8e5c3i
ExeEnd=cmsRun
***** End Cat jobreport *****
Parameters sent to Dashboard.
TIME_EXE = 329 sec
>>> cmsRun wrote 50 lines of stdout+stderr
>>> START OF printout of 50 lines from stdout+stderr
271 DQMStore::DQMStore 
HcalTopologyIdealEP::HcalTopologyIdealEP
18-Jun-2014 01:23:00 CEST  Initiating request to open file file:/lustre/cms//store/user/calabria/calabria_SingleMuPt100_GEN-SIM-DIGI-RECO_CMSSW_6_2_0_SLHC12_2023Scenario_Case1/calabria_SingleMuPt100_GEN-SIM-DIGI-RECO_CMSSW_6_2_0_SLHC12_2023Scenario_Case1/7828650cf335f3b092f375624d26bb6d/out_reco_484_1_SSj.root
18-Jun-2014 01:23:03 CEST  Successfully opened file file:/lustre/cms//store/user/calabria/calabria_SingleMuPt100_GEN-SIM-DIGI-RECO_CMSSW_6_2_0_SLHC12_2023Scenario_Case1/calabria_SingleMuPt100_GEN-SIM-DIGI-RECO_CMSSW_6_2_0_SLHC12_2023Scenario_Case1/7828650cf335f3b092f375624d26bb6d/out_reco_484_1_SSj.root
18-Jun-2014 01:23:36 CEST  Closed file file:/lustre/cms//store/user/calabria/calabria_SingleMuPt100_GEN-SIM-DIGI-RECO_CMSSW_6_2_0_SLHC12_2023Scenario_Case1/calabria_SingleMuPt100_GEN-SIM-DIGI-RECO_CMSSW_6_2_0_SLHC12_2023Scenario_Case1/7828650cf335f3b092f375624d26bb6d/out_reco_484_1_SSj.root
18-Jun-2014 01:23:36 CEST  Initiating request to open file file:/lustre/cms//store/user/calabria/calabria_SingleMuPt100_GEN-SIM-DIGI-RECO_CMSSW_6_2_0_SLHC12_2023Scenario_Case1/calabria_SingleMuPt100_GEN-SIM-DIGI-RECO_CMSSW_6_2_0_SLHC12_2023Scenario_Case1/7828650cf335f3b092f375624d26bb6d/out_reco_485_1_2gB.root
18-Jun-2014 01:23:36 CEST  Successfully opened file file:/lustre/cms//store/user/calabria/calabria_SingleMuPt100_GEN-SIM-DIGI-RECO_CMSSW_6_2_0_SLHC12_2023Scenario_Case1/calabria_SingleMuPt100_GEN-SIM-DIGI-RECO_CMSSW_6_2_0_SLHC12_2023Scenario_Case1/7828650cf335f3b092f375624d26bb6d/out_reco_485_1_2gB.root
18-Jun-2014 01:24:06 CEST  Closed file file:/lustre/cms//store/user/calabria/calabria_SingleMuPt100_GEN-SIM-DIGI-RECO_CMSSW_6_2_0_SLHC12_2023Scenario_Case1/calabria_SingleMuPt100_GEN-SIM-DIGI-RECO_CMSSW_6_2_0_SLHC12_2023Scenario_Case1/7828650cf335f3b092f375624d26bb6d/out_reco_485_1_2gB.root
18-Jun-2014 01:24:06 CEST  Initiating request to open file file:/lustre/cms//store/user/calabria/calabria_SingleMuPt100_GEN-SIM-DIGI-RECO_CMSSW_6_2_0_SLHC12_2023Scenario_Case1/calabria_SingleMuPt100_GEN-SIM-DIGI-RECO_CMSSW_6_2_0_SLHC12_2023Scenario_Case1/7828650cf335f3b092f375624d26bb6d/out_reco_486_1_h6O.root
18-Jun-2014 01:24:06 CEST  Successfully opened file file:/lustre/cms//store/user/calabria/calabria_SingleMuPt100_GEN-SIM-DIGI-RECO_CMSSW_6_2_0_SLHC12_2023Scenario_Case1/calabria_SingleMuPt100_GEN-SIM-DIGI-RECO_CMSSW_6_2_0_SLHC12_2023Scenario_Case1/7828650cf335f3b092f375624d26bb6d/out_reco_486_1_h6O.root
18-Jun-2014 01:24:35 CEST  Closed file file:/lustre/cms//store/user/calabria/calabria_SingleMuPt100_GEN-SIM-DIGI-RECO_CMSSW_6_2_0_SLHC12_2023Scenario_Case1/calabria_SingleMuPt100_GEN-SIM-DIGI-RECO_CMSSW_6_2_0_SLHC12_2023Scenario_Case1/7828650cf335f3b092f375624d26bb6d/out_reco_486_1_h6O.root
18-Jun-2014 01:24:35 CEST  Initiating request to open file file:/lustre/cms//store/user/calabria/calabria_SingleMuPt100_GEN-SIM-DIGI-RECO_CMSSW_6_2_0_SLHC12_2023Scenario_Case1/calabria_SingleMuPt100_GEN-SIM-DIGI-RECO_CMSSW_6_2_0_SLHC12_2023Scenario_Case1/7828650cf335f3b092f375624d26bb6d/out_reco_487_1_qdA.root
18-Jun-2014 01:24:35 CEST  Successfully opened file file:/lustre/cms//store/user/calabria/calabria_SingleMuPt100_GEN-SIM-DIGI-RECO_CMSSW_6_2_0_SLHC12_2023Scenario_Case1/calabria_SingleMuPt100_GEN-SIM-DIGI-RECO_CMSSW_6_2_0_SLHC12_2023Scenario_Case1/7828650cf335f3b092f375624d26bb6d/out_reco_487_1_qdA.root
18-Jun-2014 01:25:03 CEST  Closed file file:/lustre/cms//store/user/calabria/calabria_SingleMuPt100_GEN-SIM-DIGI-RECO_CMSSW_6_2_0_SLHC12_2023Scenario_Case1/calabria_SingleMuPt100_GEN-SIM-DIGI-RECO_CMSSW_6_2_0_SLHC12_2023Scenario_Case1/7828650cf335f3b092f375624d26bb6d/out_reco_487_1_qdA.root
18-Jun-2014 01:25:03 CEST  Initiating request to open file file:/lustre/cms//store/user/calabria/calabria_SingleMuPt100_GEN-SIM-DIGI-RECO_CMSSW_6_2_0_SLHC12_2023Scenario_Case1/calabria_SingleMuPt100_GEN-SIM-DIGI-RECO_CMSSW_6_2_0_SLHC12_2023Scenario_Case1/7828650cf335f3b092f375624d26bb6d/out_reco_488_1_dag.root
18-Jun-2014 01:25:04 CEST  Successfully opened file file:/lustre/cms//store/user/calabria/calabria_SingleMuPt100_GEN-SIM-DIGI-RECO_CMSSW_6_2_0_SLHC12_2023Scenario_Case1/calabria_SingleMuPt100_GEN-SIM-DIGI-RECO_CMSSW_6_2_0_SLHC12_2023Scenario_Case1/7828650cf335f3b092f375624d26bb6d/out_reco_488_1_dag.root
18-Jun-2014 01:25:32 CEST  Closed file file:/lustre/cms//store/user/calabria/calabria_SingleMuPt100_GEN-SIM-DIGI-RECO_CMSSW_6_2_0_SLHC12_2023Scenario_Case1/calabria_SingleMuPt100_GEN-SIM-DIGI-RECO_CMSSW_6_2_0_SLHC12_2023Scenario_Case1/7828650cf335f3b092f375624d26bb6d/out_reco_488_1_dag.root
18-Jun-2014 01:25:32 CEST  Initiating request to open file file:/lustre/cms//store/user/calabria/calabria_SingleMuPt100_GEN-SIM-DIGI-RECO_CMSSW_6_2_0_SLHC12_2023Scenario_Case1/calabria_SingleMuPt100_GEN-SIM-DIGI-RECO_CMSSW_6_2_0_SLHC12_2023Scenario_Case1/7828650cf335f3b092f375624d26bb6d/out_reco_489_1_TGz.root
18-Jun-2014 01:25:32 CEST  Successfully opened file file:/lustre/cms//store/user/calabria/calabria_SingleMuPt100_GEN-SIM-DIGI-RECO_CMSSW_6_2_0_SLHC12_2023Scenario_Case1/calabria_SingleMuPt100_GEN-SIM-DIGI-RECO_CMSSW_6_2_0_SLHC12_2023Scenario_Case1/7828650cf335f3b092f375624d26bb6d/out_reco_489_1_TGz.root
18-Jun-2014 01:26:01 CEST  Closed file file:/lustre/cms//store/user/calabria/calabria_SingleMuPt100_GEN-SIM-DIGI-RECO_CMSSW_6_2_0_SLHC12_2023Scenario_Case1/calabria_SingleMuPt100_GEN-SIM-DIGI-RECO_CMSSW_6_2_0_SLHC12_2023Scenario_Case1/7828650cf335f3b092f375624d26bb6d/out_reco_489_1_TGz.root
18-Jun-2014 01:26:01 CEST  Initiating request to open file file:/lustre/cms//store/user/calabria/calabria_SingleMuPt100_GEN-SIM-DIGI-RECO_CMSSW_6_2_0_SLHC12_2023Scenario_Case1/calabria_SingleMuPt100_GEN-SIM-DIGI-RECO_CMSSW_6_2_0_SLHC12_2023Scenario_Case1/7828650cf335f3b092f375624d26bb6d/out_reco_490_1_Zwr.root
18-Jun-2014 01:26:01 CEST  Successfully opened file file:/lustre/cms//store/user/calabria/calabria_SingleMuPt100_GEN-SIM-DIGI-RECO_CMSSW_6_2_0_SLHC12_2023Scenario_Case1/calabria_SingleMuPt100_GEN-SIM-DIGI-RECO_CMSSW_6_2_0_SLHC12_2023Scenario_Case1/7828650cf335f3b092f375624d26bb6d/out_reco_490_1_Zwr.root
18-Jun-2014 01:26:29 CEST  Closed file file:/lustre/cms//store/user/calabria/calabria_SingleMuPt100_GEN-SIM-DIGI-RECO_CMSSW_6_2_0_SLHC12_2023Scenario_Case1/calabria_SingleMuPt100_GEN-SIM-DIGI-RECO_CMSSW_6_2_0_SLHC12_2023Scenario_Case1/7828650cf335f3b092f375624d26bb6d/out_reco_490_1_Zwr.root
18-Jun-2014 01:26:29 CEST  Initiating request to open file file:/lustre/cms//store/user/calabria/calabria_SingleMuPt100_GEN-SIM-DIGI-RECO_CMSSW_6_2_0_SLHC12_2023Scenario_Case1/calabria_SingleMuPt100_GEN-SIM-DIGI-RECO_CMSSW_6_2_0_SLHC12_2023Scenario_Case1/7828650cf335f3b092f375624d26bb6d/out_reco_491_1_p4d.root
18-Jun-2014 01:26:31 CEST  Successfully opened file file:/lustre/cms//store/user/calabria/calabria_SingleMuPt100_GEN-SIM-DIGI-RECO_CMSSW_6_2_0_SLHC12_2023Scenario_Case1/calabria_SingleMuPt100_GEN-SIM-DIGI-RECO_CMSSW_6_2_0_SLHC12_2023Scenario_Case1/7828650cf335f3b092f375624d26bb6d/out_reco_491_1_p4d.root
18-Jun-2014 01:26:59 CEST  Closed file file:/lustre/cms//store/user/calabria/calabria_SingleMuPt100_GEN-SIM-DIGI-RECO_CMSSW_6_2_0_SLHC12_2023Scenario_Case1/calabria_SingleMuPt100_GEN-SIM-DIGI-RECO_CMSSW_6_2_0_SLHC12_2023Scenario_Case1/7828650cf335f3b092f375624d26bb6d/out_reco_491_1_p4d.root
18-Jun-2014 01:26:59 CEST  Initiating request to open file file:/lustre/cms//store/user/calabria/calabria_SingleMuPt100_GEN-SIM-DIGI-RECO_CMSSW_6_2_0_SLHC12_2023Scenario_Case1/calabria_SingleMuPt100_GEN-SIM-DIGI-RECO_CMSSW_6_2_0_SLHC12_2023Scenario_Case1/7828650cf335f3b092f375624d26bb6d/out_reco_492_1_7i6.root
18-Jun-2014 01:26:59 CEST  Successfully opened file file:/lustre/cms//store/user/calabria/calabria_SingleMuPt100_GEN-SIM-DIGI-RECO_CMSSW_6_2_0_SLHC12_2023Scenario_Case1/calabria_SingleMuPt100_GEN-SIM-DIGI-RECO_CMSSW_6_2_0_SLHC12_2023Scenario_Case1/7828650cf335f3b092f375624d26bb6d/out_reco_492_1_7i6.root
18-Jun-2014 01:27:28 CEST  Closed file file:/lustre/cms//store/user/calabria/calabria_SingleMuPt100_GEN-SIM-DIGI-RECO_CMSSW_6_2_0_SLHC12_2023Scenario_Case1/calabria_SingleMuPt100_GEN-SIM-DIGI-RECO_CMSSW_6_2_0_SLHC12_2023Scenario_Case1/7828650cf335f3b092f375624d26bb6d/out_reco_492_1_7i6.root
18-Jun-2014 01:27:28 CEST  Initiating request to open file file:/lustre/cms//store/user/calabria/calabria_SingleMuPt100_GEN-SIM-DIGI-RECO_CMSSW_6_2_0_SLHC12_2023Scenario_Case1/calabria_SingleMuPt100_GEN-SIM-DIGI-RECO_CMSSW_6_2_0_SLHC12_2023Scenario_Case1/7828650cf335f3b092f375624d26bb6d/out_reco_493_1_W2R.root
18-Jun-2014 01:27:29 CEST  Successfully opened file file:/lustre/cms//store/user/calabria/calabria_SingleMuPt100_GEN-SIM-DIGI-RECO_CMSSW_6_2_0_SLHC12_2023Scenario_Case1/calabria_SingleMuPt100_GEN-SIM-DIGI-RECO_CMSSW_6_2_0_SLHC12_2023Scenario_Case1/7828650cf335f3b092f375624d26bb6d/out_reco_493_1_W2R.root
18-Jun-2014 01:28:06 CEST  Closed file file:/lustre/cms//store/user/calabria/calabria_SingleMuPt100_GEN-SIM-DIGI-RECO_CMSSW_6_2_0_SLHC12_2023Scenario_Case1/calabria_SingleMuPt100_GEN-SIM-DIGI-RECO_CMSSW_6_2_0_SLHC12_2023Scenario_Case1/7828650cf335f3b092f375624d26bb6d/out_reco_493_1_W2R.root

=============================================

MessageLogger Summary

 type     category        sev    module        subroutine        count    total
 ---- -------------------- -- ---------------- ----------------  -----    -----
    1 fileAction           -s file_close                            10       10
    2 fileAction           -s file_open                             20       20

 type    category    Examples: run/evt        run/evt          run/evt
 ---- -------------------- ---------------- ---------------- ----------------
    1 fileAction           PostProcessEvent PostProcessEvent PostEndRun
    2 fileAction           pre-events       pre-events       PostProcessEvent

Severity    # Occurrences   Total Occurrences
--------    -------------   -----------------
System                 30                  30
>>> END OF printout of 50 lines from stdout+stderr
>>> Parse FrameworkJobReport crab_fjr.xml
Result of parsing the FrameworkJobReport crab_fjr.xml: Popularity start
lumisRange : 1::::1;1::::2;1::::3;1::::4;1::::5;1::::6;1::::7;1::::8;1::::9;1::::10;
lumisParentRange : 
Basename : /store/user/calabria/calabria_SingleMuPt100_GEN-SIM-DIGI-RECO_CMSSW_6_2_0_SLHC12_2023Scenario_Case1/calabria_SingleMuPt100_GEN-SIM-DIGI-RECO_CMSSW_6_2_0_SLHC12_2023Scenario_Case1/7828650cf335f3b092f375624d26bb6d/out_reco_4
BasenameParent : 
parentFiles : 
inputBlocks : /calabria_SingleMuPt100_GEN-SIM-DIGI-RECO_CMSSW_6_2_0_SLHC12_2023Scenario_Case1/calabria-calabria_SingleMuPt100_GEN-SIM-DIGI-RECO_CMSSW_6_2_0_SLHC12_2023Scenario_Case1-7828650cf335f3b092f375624d26bb6d/USER#8e923215-f6a9-4274-8c58-85e2fd058bad
inputFiles : 88_1_dag.root::1::EDM::Local::1;93_1_W2R.root::1::EDM::Local::2;87_1_qdA.root::1::EDM::Local::3;91_1_p4d.root::1::EDM::Local::4;90_1_Zwr.root::1::EDM::Local::5;86_1_h6O.root::1::EDM::Local::6;89_1_TGz.root::1::EDM::Local::7;84_1_SSj.root::1::EDM::Local::8;85_1_2gB.root::1::EDM::Local::9;92_1_7i6.root::1::EDM::Local::10;
Popularity stop
Extracted ExitStatus from FrameworkJobReport parsing output: 0
>>> Executable succeded  0
ExeExitCode=0
EXECUTABLE_EXIT_STATUS = 0
>>> current directory /home/cms040/home_cream_155058975/CREAM155058975/glide_vdCJe6/execute/dir_26037/CMSSW_6_2_0_SLHC12
>>>  (SOFTWARE_DIR): /home/cms040/home_cream_155058975/CREAM155058975/glide_vdCJe6/execute/dir_26037/CMSSW_6_2_0_SLHC12
>>> (WORKING_DIR): 
>>> current directory content:
total 10680
drwxr-xr-x 3 cms040 cms    4096 Jun 18 01:22 .SCRAM
-rw------- 1 cms040 cms 3739601 Jun 18 01:22 CMSSW.py.pkl
drwxr-xr-x 3 cms040 cms    4096 Jun 18 01:22 bin
drwxr-xr-x 3 cms040 cms    4096 Jun 18 01:22 cfipython
drwxr-xr-x 4 cms040 cms    4096 Jun 18 01:22 config
-rw------- 1 cms040 cms      16 Jun 18 01:28 cpu_timing.txt
drwxr-xr-x 2 cms040 cms    4096 Jun 18 01:22 doc
-rw------- 1 cms040 cms    9985 Jun 18 01:28 executable.out
drwxr-xr-x 2 cms040 cms    4096 Jun 18 01:22 include
drwx------ 3 cms040 cms    4096 Apr 28 18:12 lib
drwxr-xr-x 3 cms040 cms    4096 Jun 18 01:22 logs
drwxr-xr-x 3 cms040 cms    4096 Jun 18 01:22 objs
-rw------- 1 cms040 cms     104 Jun 18 01:22 pset.py
-rw------- 1 cms040 cms 3712334 Jun 18 01:22 pset.py.pkl
-rw------- 1 cms040 cms     289 Jun 18 01:22 pset.pyc
drwxr-xr-x 2 cms040 cms    4096 Jun 18 01:22 python
-rw------- 1 cms040 cms     413 Jun 18 01:28 report.log
drwx------ 6 cms040 cms    4096 Jun 18 01:22 src
drwxr-xr-x 3 cms040 cms    4096 Jun 18 01:22 test
drwxr-xr-x 3 cms040 cms    4096 Jun 18 01:22 tmp
-rw------- 1 cms040 cms 3383774 Jun 18 01:28 validationEDM.root
>>> current directory /home/cms040/home_cream_155058975/CREAM155058975/glide_vdCJe6/execute/dir_26037/CMSSW_6_2_0_SLHC12
>>> (SOFTWARE_DIR): /home/cms040/home_cream_155058975/CREAM155058975/glide_vdCJe6/execute/dir_26037/CMSSW_6_2_0_SLHC12
>>> (WORKING_DIR): 
>>> current directory content:
total 10680
drwxr-xr-x 3 cms040 cms    4096 Jun 18 01:22 .SCRAM
-rw------- 1 cms040 cms 3739601 Jun 18 01:22 CMSSW.py.pkl
drwxr-xr-x 3 cms040 cms    4096 Jun 18 01:22 bin
drwxr-xr-x 3 cms040 cms    4096 Jun 18 01:22 cfipython
drwxr-xr-x 4 cms040 cms    4096 Jun 18 01:22 config
-rw------- 1 cms040 cms      16 Jun 18 01:28 cpu_timing.txt
drwxr-xr-x 2 cms040 cms    4096 Jun 18 01:22 doc
-rw------- 1 cms040 cms    9985 Jun 18 01:28 executable.out
drwxr-xr-x 2 cms040 cms    4096 Jun 18 01:22 include
drwx------ 3 cms040 cms    4096 Apr 28 18:12 lib
drwxr-xr-x 3 cms040 cms    4096 Jun 18 01:22 logs
drwxr-xr-x 3 cms040 cms    4096 Jun 18 01:22 objs
-rw------- 1 cms040 cms     104 Jun 18 01:22 pset.py
-rw------- 1 cms040 cms 3712334 Jun 18 01:22 pset.py.pkl
-rw------- 1 cms040 cms     289 Jun 18 01:22 pset.pyc
drwxr-xr-x 2 cms040 cms    4096 Jun 18 01:22 python
-rw------- 1 cms040 cms     413 Jun 18 01:28 report.log
drwx------ 6 cms040 cms    4096 Jun 18 01:22 src
drwxr-xr-x 3 cms040 cms    4096 Jun 18 01:22 test
drwxr-xr-x 3 cms040 cms    4096 Jun 18 01:22 tmp
-rw------- 1 cms040 cms 3383774 Jun 18 01:28 validationEDM_17_1_Q2f.root
>>> current directory (RUNTIME_AREA):  /home/cms040/home_cream_155058975/CREAM155058975/glide_vdCJe6/execute/dir_26037
SE = storm-se-01.ba.infn.it
SE_PATH = /srm/managerv2?SFN=//cms/store/user/calabria/calabria_SingleMuPt100_GEN-SIM-DIGI-RECO_CMSSW_6_2_0_SLHC12_2023Scenario_Case1/calabria_MuMinus100_GEN-SIM-DIGI-RECO_CMSSW_6_2_0_SLHC12_2023Scenario_VALNOPU2_Case1/5854dd31cbd3cdec44c48628cc181cf0/
LFNBaseName = /store/user/calabria/calabria_SingleMuPt100_GEN-SIM-DIGI-RECO_CMSSW_6_2_0_SLHC12_2023Scenario_Case1/calabria_MuMinus100_GEN-SIM-DIGI-RECO_CMSSW_6_2_0_SLHC12_2023Scenario_VALNOPU2_Case1/5854dd31cbd3cdec44c48628cc181cf0/
USER = calabria
endpoint = srm://storm-se-01.ba.infn.it:8444/srm/managerv2?SFN=//cms/store/user/calabria/calabria_SingleMuPt100_GEN-SIM-DIGI-RECO_CMSSW_6_2_0_SLHC12_2023Scenario_Case1/calabria_MuMinus100_GEN-SIM-DIGI-RECO_CMSSW_6_2_0_SLHC12_2023Scenario_VALNOPU2_Case1/5854dd31cbd3cdec44c48628cc181cf0/
>>> Copy output files from WN = alicegrid45.ba.infn.it to /srm/managerv2?SFN=//cms/store/user/calabria/calabria_SingleMuPt100_GEN-SIM-DIGI-RECO_CMSSW_6_2_0_SLHC12_2023Scenario_Case1/calabria_MuMinus100_GEN-SIM-DIGI-RECO_CMSSW_6_2_0_SLHC12_2023Scenario_VALNOPU2_Case1/5854dd31cbd3cdec44c48628cc181cf0/ :
python cmscp.py  --destination srm://storm-se-01.ba.infn.it:8444/srm/managerv2?SFN=//cms/store/user/calabria/calabria_SingleMuPt100_GEN-SIM-DIGI-RECO_CMSSW_6_2_0_SLHC12_2023Scenario_Case1/calabria_MuMinus100_GEN-SIM-DIGI-RECO_CMSSW_6_2_0_SLHC12_2023Scenario_VALNOPU2_Case1/5854dd31cbd3cdec44c48628cc181cf0/ --inputFileList /home/cms040/home_cream_155058975/CREAM155058975/glide_vdCJe6/execute/dir_26037/CMSSW_6_2_0_SLHC12/validationEDM_17_1_Q2f.root --middleware LCG --se_name storm-se-01.ba.infn.it --for_lfn /store/user/calabria/calabria_SingleMuPt100_GEN-SIM-DIGI-RECO_CMSSW_6_2_0_SLHC12_2023Scenario_Case1/calabria_MuMinus100_GEN-SIM-DIGI-RECO_CMSSW_6_2_0_SLHC12_2023Scenario_VALNOPU2_Case1/5854dd31cbd3cdec44c48628cc181cf0/    
******************************************************
localSeName  =  storm-se-01.ba.infn.it
remoteSeName =  storm-se-01.ba.infn.it
******************************************************
{"/home/cms040/home_cream_155058975/CREAM155058975/glide_vdCJe6/execute/dir_26037/CMSSW_6_2_0_SLHC12/validationEDM_17_1_Q2f.root": {"endpoint": "srm://storm-se-01.ba.infn.it:8444/srm/managerv2?SFN=//cms/store/user/calabria/calabria_SingleMuPt100_GEN-SIM-DIGI-RECO_CMSSW_6_2_0_SLHC12_2023Scenario_Case1/calabria_MuMinus100_GEN-SIM-DIGI-RECO_CMSSW_6_2_0_SLHC12_2023Scenario_VALNOPU2_Case1/5854dd31cbd3cdec44c48628cc181cf0/", "surl_for_grid": "", "reason": "Copy succedeed with srm-lcg utils", "erCode": "0", "se_name": "storm-se-01.ba.infn.it", "for_lfn": "/store/user/calabria/calabria_SingleMuPt100_GEN-SIM-DIGI-RECO_CMSSW_6_2_0_SLHC12_2023Scenario_Case1/calabria_MuMinus100_GEN-SIM-DIGI-RECO_CMSSW_6_2_0_SLHC12_2023Scenario_VALNOPU2_Case1/5854dd31cbd3cdec44c48628cc181cf0/"}}/home/cms040/home_cream_155058975/CREAM155058975/glide_vdCJe6/execute/dir_26037
-------- cat /home/cms040/home_cream_155058975/CREAM155058975/glide_vdCJe6/execute/dir_26037/cmscpReport.sh 
#!/bin/bash
echo "Report for File: /home/cms040/home_cream_155058975/CREAM155058975/glide_vdCJe6/execute/dir_26037/CMSSW_6_2_0_SLHC12/validationEDM_17_1_Q2f.root"
echo "LFN: /store/user/calabria/calabria_SingleMuPt100_GEN-SIM-DIGI-RECO_CMSSW_6_2_0_SLHC12_2023Scenario_Case1/calabria_MuMinus100_GEN-SIM-DIGI-RECO_CMSSW_6_2_0_SLHC12_2023Scenario_VALNOPU2_Case1/5854dd31cbd3cdec44c48628cc181cf0/validationEDM_17_1_Q2f.root"
echo "StorageElement: storm-se-01.ba.infn.it"
echo "StageOutExitStatusReason = 'Copy succedeed with srm-lcg utils'" | tee -a $RUNTIME_AREA/$repo
echo "StageOutSE = storm-se-01.ba.infn.it" >> $RUNTIME_AREA/$repo

export StageOutExitStatus=0
echo "StageOutExitStatus = 0" | tee -a $RUNTIME_AREA/$repo
-------- end of /home/cms040/home_cream_155058975/CREAM155058975/glide_vdCJe6/execute/dir_26037/cmscpReport.sh 
Report for File: /home/cms040/home_cream_155058975/CREAM155058975/glide_vdCJe6/execute/dir_26037/CMSSW_6_2_0_SLHC12/validationEDM_17_1_Q2f.root
LFN: /store/user/calabria/calabria_SingleMuPt100_GEN-SIM-DIGI-RECO_CMSSW_6_2_0_SLHC12_2023Scenario_Case1/calabria_MuMinus100_GEN-SIM-DIGI-RECO_CMSSW_6_2_0_SLHC12_2023Scenario_VALNOPU2_Case1/5854dd31cbd3cdec44c48628cc181cf0/validationEDM_17_1_Q2f.root
StorageElement: storm-se-01.ba.infn.it
StageOutExitStatusReason = 'Copy succedeed with srm-lcg utils'
StageOutExitStatus = 0
>>> current dir: /home/cms040/home_cream_155058975/CREAM155058975/glide_vdCJe6/execute/dir_26037
>>> current dir content:
total 28076
-rw-------  1 cms040 cms     2791 Jun 18 01:29 .SEinteraction.log
-rwx------  1 cms040 cms     6831 Jun 18 01:21 .job.ad
-rwx------  1 cms040 cms     9412 Jun 18 01:21 .machine.ad
-rw-------  1 cms040 cms      105 Jun 16 20:49 CMSSW.py
-rw-------  1 cms040 cms  3739601 Jun 16 20:49 CMSSW.py.pkl
-rwx------  1 cms040 cms    29569 Jun 18 01:22 CMSSW.sh
drwxr-xr-x 15 cms040 cms     4096 Jun 18 01:28 CMSSW_6_2_0_SLHC12
-rw-------  1 cms040 cms      220 Jun 18 01:22 CacheEnv.sh
-rw-------  1 cms040 cms     7291 Apr  4 11:04 DashboardAPI.py
-rw-------  1 cms040 cms     6815 Jun 18 01:22 DashboardAPI.pyc
drwx------  2 cms040 cms     4096 Jun 18 01:28 IMProv
-rw-------  1 cms040 cms     2748 Apr  4 11:04 Logger.py
-rw-------  1 cms040 cms     3347 Jun 18 01:22 Logger.pyc
-rw-------  1 cms040 cms    24524 Apr  4 11:04 ProcInfo.py
-rw-------  1 cms040 cms    23197 Jun 18 01:22 ProcInfo.pyc
drwx------  7 cms040 cms     4096 Jun 18 01:22 ProdCommon
drwx------  3 cms040 cms     4096 Jun 18 01:22 WMCore
-rw-------  1 cms040 cms     2373 Jun 18 01:28 Watchdog_17.log
-rwx------  1 cms040 cms        0 Jun 18 01:22 _condor_stderr
-rwx---r--  1 cms040 cms    29544 Jun 18 01:29 _condor_stdout
-rw-------  1 cms040 cms    32895 Apr  4 11:04 apmon.py
-rw-------  1 cms040 cms    28625 Jun 18 01:22 apmon.pyc
-rwx------  1 cms040 cms    53905 Jun 18 01:22 arguments.xml
-rwx------  1 cms040 cms    38515 Apr  4 11:04 cmscp.py
-rw-------  1 cms040 cms      720 Jun 18 01:29 cmscpReport.sh
-rwx------  1 cms040 cms    29569 Jun 18 01:22 condor_exec.exe
-rw-------  1 cms040 cms      963 Jun 16 20:49 crab.cfg
-rwx------  1 cms040 cms     8610 Apr  4 11:04 crabWatchdog.sh
-rwx---r--  1 cms040 cms   523366 Jun 18 01:28 crab_fjr_17.xml
-rwx------  1 cms040 cms 23960128 Jun 18 01:22 default.tgz
-rwx------  1 cms040 cms     4488 Apr  4 11:04 fillCrabFjr.py
-rw-------  1 cms040 cms     2651 Jun 18 01:22 inputsReport.txt
-rw-------  1 cms040 cms      262 Jun 18 01:29 jobreport.txt
-rw-------  1 cms040 cms    17352 Apr  4 11:04 parseCrabFjr.py
-rw-------  1 cms040 cms      333 Jun 18 01:22 report.log
-rwx--x--x  1 cms040 cms     1497 Apr  4 11:04 report.py
-rw-------  1 cms040 cms      776 Jun 18 01:29 resultCopyFile
lrwxrwxrwx  1 cms040 cms      126 Jun 18 01:28 validationEDM.root -> /home/cms040/home_cream_155058975/CREAM155058975/glide_vdCJe6/execute/dir_26037/CMSSW_6_2_0_SLHC12/validationEDM_17_1_Q2f.root
-rwx------  1 cms040 cms     8387 Apr  4 11:04 writeCfg.py
-rw-------  1 cms040 cms     8010 Jun 18 01:22 x509up_u50707
>>> Modify Job Report:
CMSSW_VERSION = CMSSW_6_2_0_SLHC12
ProcessedDataset = calabria_MuMinus100_GEN-SIM-DIGI-RECO_CMSSW_6_2_0_SLHC12_2023Scenario_VALNOPU2_Case1
/home/cms040/home_cream_155058975/CREAM155058975/glide_vdCJe6/execute/dir_26037/ProdCommon/FwkJobRep/ModifyJobReport.py fjr /home/cms040/home_cream_155058975/CREAM155058975/glide_vdCJe6/execute/dir_26037/crab_fjr_17.xml json /home/cms040/home_cream_155058975/CREAM155058975/glide_vdCJe6/execute/dir_26037/resultCopyFile n_job 17_1_Q2f PrimaryDataset calabria_SingleMuPt100_GEN-SIM-DIGI-RECO_CMSSW_6_2_0_SLHC12_2023Scenario_Case1  ApplicationFamily cmsRun ApplicationName cmsRun cmssw_version CMSSW_6_2_0_SLHC12 psethash 5854dd31cbd3cdec44c48628cc181cf0 UserProcessedDataset calabria-calabria_MuMinus100_GEN-SIM-DIGI-RECO_CMSSW_6_2_0_SLHC12_2023Scenario_VALNOPU2_Case1-5854dd31cbd3cdec44c48628cc181cf0
inputDict =  {u'/home/cms040/home_cream_155058975/CREAM155058975/glide_vdCJe6/execute/dir_26037/CMSSW_6_2_0_SLHC12/validationEDM_17_1_Q2f.root': {u'endpoint': u'srm://storm-se-01.ba.infn.it:8444/srm/managerv2?SFN=//cms/store/user/calabria/calabria_SingleMuPt100_GEN-SIM-DIGI-RECO_CMSSW_6_2_0_SLHC12_2023Scenario_Case1/calabria_MuMinus100_GEN-SIM-DIGI-RECO_CMSSW_6_2_0_SLHC12_2023Scenario_VALNOPU2_Case1/5854dd31cbd3cdec44c48628cc181cf0/', u'surl_for_grid': u'', u'reason': u'Copy succedeed with srm-lcg utils', u'erCode': u'0', u'se_name': u'storm-se-01.ba.infn.it', u'for_lfn': u'/store/user/calabria/calabria_SingleMuPt100_GEN-SIM-DIGI-RECO_CMSSW_6_2_0_SLHC12_2023Scenario_Case1/calabria_MuMinus100_GEN-SIM-DIGI-RECO_CMSSW_6_2_0_SLHC12_2023Scenario_VALNOPU2_Case1/5854dd31cbd3cdec44c48628cc181cf0/'}}
UserProcessedDataset =  calabria-calabria_MuMinus100_GEN-SIM-DIGI-RECO_CMSSW_6_2_0_SLHC12_2023Scenario_VALNOPU2_Case1-5854dd31cbd3cdec44c48628cc181cf0
file_name in inputDict =  /home/cms040/home_cream_155058975/CREAM155058975/glide_vdCJe6/execute/dir_26037/CMSSW_6_2_0_SLHC12/validationEDM_17_1_Q2f.root
(size) os.stat(filename)[6] =  3383774
checksum =  23930169
    file =  validationEDM_17_1_Q2f.root
    newPfn =  srm://storm-se-01.ba.infn.it:8444/srm/managerv2?SFN=//cms/store/user/calabria/calabria_SingleMuPt100_GEN-SIM-DIGI-RECO_CMSSW_6_2_0_SLHC12_2023Scenario_Case1/calabria_MuMinus100_GEN-SIM-DIGI-RECO_CMSSW_6_2_0_SLHC12_2023Scenario_VALNOPU2_Case1/5854dd31cbd3cdec44c48628cc181cf0/validationEDM_17_1_Q2f.root
    newLfn =  /store/user/calabria/calabria_SingleMuPt100_GEN-SIM-DIGI-RECO_CMSSW_6_2_0_SLHC12_2023Scenario_Case1/calabria_MuMinus100_GEN-SIM-DIGI-RECO_CMSSW_6_2_0_SLHC12_2023Scenario_VALNOPU2_Case1/5854dd31cbd3cdec44c48628cc181cf0/validationEDM_17_1_Q2f.root
>>> crab_fjr_*.xml  permission set to 0704
CrabWrapper EXIT_FUNC entered at Wed Jun 18 01:29:04 CEST 2014   -  Tue Jun 17 23:29:04 UTC 2014
Checking output files:  
will tar file crab_fjr_17.xml in  out_files_17
WARNING: output file CMSSW_17.stdout not found!
WARNING: output file CMSSW_17.stderr not found!
WARNING: output file Watchdog_17.log.gz not found!
>>> padding time: Sleeping the wrapper for 188 seconds
STOPPING WATCHDOG. CrabWatchdog PID is 26927
********** LAST 50 LINES OF WATCHDOG LOG
# RESOURCE USAGE SUMMARY FOR PROCESS ID 26324
USER       PID %CPU %MEM    VSZ   RSS TTY      STAT START   TIME COMMAND
cms040   26324  0.4  0.0   9496  1568 ?        S    01:22   0:00 /bin/sh /home/cms040/home_cream_155058975/CREAM155058975/glide_vdCJe6/execute/dir_26037/condor_exec.exe 17 1
 
# LIMITS USED BY CRAB WATCHDOG:
# RSS  (KBytes)   : 2300000
# VSZ  (KBytes)   : 100000000
# DISK (MBytes)   : 19000
# CPU TIME        : 720h:0m:0s
# WALL CLOCK TIME : 21h:50m:0s
 
# FOLLOWING PRINTOUT TRACKS MAXIMUM VALUES OF RESOURCES USE
# ONE LINE IS PRINTED EACH TIME A MAXIMUM CHANGES
# IF CHANGE WAS IN RSS OR VSZ ALSO PROCID AND COMMAND ARE PRINTED
# THERE IS NO PRINTOUT FOR CPU/WALL TIME INCREASE
 
# TIME			PID	RSS(KB)	VSZ(KB)	Dsk(MB)	tCPU(s)	tWALL(s)	COMMAND
 Jun 18 01:22:21 CEST	21492	1232	106092	0	0	1	sh -c "./glidein_startup.sh" -v std -name v1_3 -entry CMS_T2_IT_Bari_ce2 -clientname UCSD-v1_0.main
 Jun 18 01:22:21 CEST	21496	1744	106492	0	1	1	/bin/bash ./glidein_startup.sh -v std -name v1_3 -entry CMS_T2_IT_Bari_ce2 -clientname UCSD-v1_0.main -schedd
 Jun 18 01:22:21 CEST	26037	8364	106492	0	0	1	condor_starter -f submit-6.t2.ucsd.edu        
 Jun 18 01:22:21 CEST	26683	8660	106492	0	9	1	condor_startd -f         
 Jun 18 01:22:21 CEST	26939	41884	106492	0	0	1	edmConfigHash pset.py         
 Jun 18 01:22:21 CEST	---	41884	106492	171	----	----	----
 Jun 18 01:23:22 CEST	27669	769048	980088	171	35	62	cmsRun -j /home/cms040/home_cream_155058975/CREAM155058975/glide_vdCJe6/execute/dir_26037/crab_fjr_17.xml -p pset.py      
 Jun 18 01:23:22 CEST	---	769048	980088	175	----	----	----
 Jun 18 01:24:23 CEST	27669	793484	1005656	175	85	123	cmsRun -j /home/cms040/home_cream_155058975/CREAM155058975/glide_vdCJe6/execute/dir_26037/crab_fjr_17.xml -p pset.py      
 Jun 18 01:25:24 CEST	27669	797508	1014616	175	136	184	cmsRun -j /home/cms040/home_cream_155058975/CREAM155058975/glide_vdCJe6/execute/dir_26037/crab_fjr_17.xml -p pset.py      
 Jun 18 01:26:25 CEST	27669	804076	1022296	175	186	245	cmsRun -j /home/cms040/home_cream_155058975/CREAM155058975/glide_vdCJe6/execute/dir_26037/crab_fjr_17.xml -p pset.py      
 Jun 18 01:27:26 CEST	27669	828296	1036120	175	234	306	cmsRun -j /home/cms040/home_cream_155058975/CREAM155058975/glide_vdCJe6/execute/dir_26037/crab_fjr_17.xml -p pset.py      
 Jun 18 01:28:27 CEST	---	828296	1036120	179	----	----	----
********** WATCHDOG LOG ENDED
ZIPPING WATCHDOG LOG
Disk space used:
du -sh /home/cms040/home_cream_155058975/CREAM155058975/glide_vdCJe6/execute/dir_26037
179M	/home/cms040/home_cream_155058975/CREAM155058975/glide_vdCJe6/execute/dir_26037
Found unusual stdout, rename for OSB
`/home/cms040/home_cream_155058975/CREAM155058975/glide_vdCJe6/execute/dir_26037/_condor_stdout' -> `CMSSW_17.stdout'
Found unusual stderr, rename for OSB
`/home/cms040/home_cream_155058975/CREAM155058975/glide_vdCJe6/execute/dir_26037/_condor_stdout' -> `CMSSW_17.stderr'
crab_fjr_17.xml
CMSSW_17.stdout
CMSSW_17.stderr
Watchdog_17.log.gz
Total Output dimension: 70006
WARNING: output files size limit is set to: 50000000
Total Output dimension 70006 is fine.
JOB_EXIT_STATUS = 0
>>> info for dashboard:
***** Cat /home/cms040/home_cream_155058975/CREAM155058975/glide_vdCJe6/execute/dir_26037/jobreport.txt *****
MonitorJobID=17_https://submit-6.t2.ucsd.edu//140616//168553.16
MonitorID=calabria_MuMinus100_Case1_ReReco_8e5c3i
ExeTime=329
ExeExitCode=0
StageOutExitStatusReason = 'Copy succedeed with srm-lcg utils'
StageOutSE = storm-se-01.ba.infn.it
StageOutExitStatus = 0
CrabUserCpuTime=261.91
CrabSysCpuTime=6.28
CrabCpuPercentage=81%
CrabWrapperTime=600
CrabStageoutTime=48
JobExitCode=0
***** End Cat jobreport *****
Parameters sent to Dashboard.
EXITING at Wed Jun 18 01:32:18 CEST 2014  -  Tue Jun 17 23:32:18 UTC 2014
