This script was generated by crab (version 2.10.5_patch1).
Running /home/cms049/home_cream_968993350/CREAM968993350/glide_QujfpU/execute/dir_12686/condor_exec.exe with 2 positional parameters: 19 1
Today is Wed Jun 18 01:22:59 CEST 2014 - Tue Jun 17 23:22:59 UTC 2014
Job submitted on host pccms62.ba.infn.it
Linux pccms62.ba.infn.it 2.6.32-358.23.2.el6.x86_64 #1 SMP Thu Oct 17 10:27:22 CEST 2013 x86_64 x86_64 x86_64 GNU/Linux
>>> current directory (RUNTIME_AREA): /home/cms049/home_cream_968993350/CREAM968993350/glide_QujfpU/execute/dir_12686
>>> current user: uid=18671(cms049) gid=1399(cms) groups=1399(cms)
>>> directory permission set to 0700
>>> umask set to:  u=rwx,g=,o=
>>> stdout stderr permission set to 0704
>>> voms proxy information:
subject   : /C=IT/O=INFN/OU=Personal Certificate/L=Bari/CN=Cesare Calabria/CN=477126703/CN=530828653
issuer    : /C=IT/O=INFN/OU=Personal Certificate/L=Bari/CN=Cesare Calabria/CN=477126703
identity  : /C=IT/O=INFN/OU=Personal Certificate/L=Bari/CN=Cesare Calabria
type      : RFC3820 compliant limited proxy
strength  : 1024
path      : /home/cms049/home_cream_968993350/CREAM968993350/glide_QujfpU/execute/dir_12686/x509up_u50707
timeleft  : 23:59:49
key usage : Digital Signature, Key Encipherment, Data Encipherment
=== VO cms extension information ===
VO        : cms
subject   : /C=IT/O=INFN/OU=Personal Certificate/L=Bari/CN=Cesare Calabria
issuer    : /DC=ch/DC=cern/OU=computers/CN=voms.cern.ch
attribute : /cms/Role=NULL/Capability=NULL
attribute : /cms/itcms/Role=NULL/Capability=NULL
timeleft  : 154:01:18
uri       : voms.cern.ch:15002

WNHostName=pccms62.ba.infn.it
>>> tar --no-same-permissions -xf /home/cms049/home_cream_968993350/CREAM968993350/glide_QujfpU/execute/dir_12686/default.tgz :
Successful untar
>>> Include /home/cms049/home_cream_968993350/CREAM968993350/glide_QujfpU/execute/dir_12686 in PYTHONPATH:
strip arguments
env var CRAB_UNIQUE_JOB_ID set to: calabria_MuMinus100_Case1_ReReco_8e5c3i_19_1_vEh
out_files_19
>>> list of expected files on output sandbox
output files: crab_fjr_19.xml CMSSW_19.stdout CMSSW_19.stderr Watchdog_19.log.gz
>>> GridFlavour discovery: 
GridFlavour=LCG
>>> SyncSite discovery: 
SyncSite=T2_IT_Bari
>>> SyncCE discovery: 
getting SyncCE from CE_ID
SyncCE=cream-ce-2.ba.infn.it:8443/cream-pbs-long
>>> info for dashboard:
***** Cat /home/cms049/home_cream_968993350/CREAM968993350/glide_QujfpU/execute/dir_12686/jobreport.txt *****
WNHostName=pccms62.ba.infn.it
MonitorJobID=19_https://submit-6.t2.ucsd.edu//140616//168553.18
SyncGridJobId=https://submit-6.t2.ucsd.edu//140616//168553.18
MonitorID=calabria_MuMinus100_Case1_ReReco_8e5c3i
GridFlavour=LCG
SyncSite=T2_IT_Bari
SyncCE=cream-ce-2.ba.infn.it:8443/cream-pbs-long
***** End Cat jobreport *****
Parameters sent to Dashboard.
>>> setup environment
set SCRAM ARCH to slc5_amd64_gcc472
SCRAM_ARCH = slc5_amd64_gcc472
>>> setup CMS LCG environment:
set SCRAM ARCH and BUILD_ARCH to slc5_amd64_gcc472 ###
Sourcing environment... 
sourcing /cvmfs/cms.cern.ch/cmsset_default.sh
==> setup cms environment ok
>>> specific cmssw setup environment:
CMSSW_VERSION =  CMSSW_6_2_0_SLHC12
>>> current directory (SOFTWARE_DIR): /home/cms049/home_cream_968993350/CREAM968993350/glide_QujfpU/execute/dir_12686/CMSSW_6_2_0_SLHC12
PreserveSeeds: <>
IncrementSeeds:<>
>>> info for dashboard:
***** Cat /home/cms049/home_cream_968993350/CREAM968993350/glide_QujfpU/execute/dir_12686/jobreport.txt *****
MonitorJobID=19_https://submit-6.t2.ucsd.edu//140616//168553.18
MonitorID=calabria_MuMinus100_Case1_ReReco_8e5c3i
***** End Cat jobreport *****
Parameters sent to Dashboard.
crabWatchdog started as process 13402
>>> moving CMSSW software directories in /home/cms049/home_cream_968993350/CREAM968993350/glide_QujfpU/execute/dir_12686/CMSSW_6_2_0_SLHC12
mv: cannot stat `/home/cms049/home_cream_968993350/CREAM968993350/glide_QujfpU/execute/dir_12686/module/': No such file or directory
>>> Include /home/cms049/home_cream_968993350/CREAM968993350/glide_QujfpU/execute/dir_12686 in PYTHONPATH:
PYTHONPATH=/home/cms049/home_cream_968993350/CREAM968993350/glide_QujfpU/execute/dir_12686/:/home/cms049/home_cream_968993350/CREAM968993350/glide_QujfpU/execute/dir_12686/CMSSW_6_2_0_SLHC12/python:/home/cms049/home_cream_968993350/CREAM968993350/glide_QujfpU/execute/dir_12686/CMSSW_6_2_0_SLHC12/lib/slc5_amd64_gcc472:/cvmfs/cms.cern.ch/slc5_amd64_gcc472/cms/cmssw/CMSSW_6_2_0_SLHC12/python:/cvmfs/cms.cern.ch/slc5_amd64_gcc472/cms/cmssw/CMSSW_6_2_0_SLHC12/lib/slc5_amd64_gcc472:/cvmfs/cms.cern.ch/slc5_amd64_gcc472/cms/coral/CORAL_2_3_21-cms36/slc5_amd64_gcc472/python:/cvmfs/cms.cern.ch/slc5_amd64_gcc472/cms/coral/CORAL_2_3_21-cms36/slc5_amd64_gcc472/lib:/cvmfs/cms.cern.ch/slc5_amd64_gcc472/external/pyqt/4.8.1-cms6/lib/python2.7/site-packages:/cvmfs/cms.cern.ch/slc5_amd64_gcc472/external/py2-scipy/0.8.0-cms8/lib/python2.7/site-packages:/cvmfs/cms.cern.ch/slc5_amd64_gcc472/external/py2-matplotlib/1.0.1-cms8/lib/python2.7/site-packages:/cvmfs/cms.cern.ch/slc5_amd64_gcc472/external/python-ldap/2.3.5-cms6/lib/python2.7/site-packages:/cvmfs/cms.cern.ch/slc5_amd64_gcc472/external/sip/4.11.2-cms6/lib/python2.7/site-packages:/cvmfs/cms.cern.ch/slc5_amd64_gcc472/external/py2-pycurl/7.19.0-cms8/lib/python2.7/site-packages:/cvmfs/cms.cern.ch/slc5_amd64_gcc472/external/py2-numpy/1.6.1-cms8/lib/python2.7/site-packages:/cvmfs/cms.cern.ch/slc5_amd64_gcc472/external/py2-lint/0.25.1-cms6/lib/python2.7/site-packages:/cvmfs/cms.cern.ch/slc5_amd64_gcc472/external/py2-ipython/0.10-cms6/lib/python2.7/site-packages:/cvmfs/cms.cern.ch/slc5_amd64_gcc472/external/py2-cx-oracle/5.1-cms7/lib/python2.7/site-packages:/cvmfs/cms.cern.ch/slc5_amd64_gcc472/external/py2-cjson/1.0.5-cms6/lib/python2.7/site-packages:/cvmfs/cms.cern.ch/slc5_amd64_gcc472/cms/das-client/1.11.7/bin:/cvmfs/cms.cern.ch/slc5_amd64_gcc472/external/elementtree/1.2.6-cms6/share/lib/python2.7/site-packages:/cvmfs/cms.cern.ch/slc5_amd64_gcc472/external/rivet/1.8.2-cms8/lib/python2.7/site-packages:/cvmfs/cms.cern.ch/slc5_amd64_gcc472/external/pyminuit2/0.0.1-cms19/lib/python2.7/site-packages:/cvmfs/cms.cern.ch/slc5_amd64_gcc472/external/py2-pygithub/1.23.0/lib/python2.7/site-packages:/cvmfs/cms.cern.ch/slc5_amd64_gcc472/external/professor/1.0.0-cms19/lib/python2.7/site-packages:/cvmfs/cms.cern.ch/slc5_amd64_gcc472/lcg/root/5.34.07-cms/lib:/cvmfs/cms.cern.ch/slc5_amd64_gcc472/cms/dbs-client/DBS_2_1_9-cms5/lib:/cvmfs/cms.cern.ch/slc5_amd64_gcc472/cms/dbs-client/DBS_2_1_9-cms5/lib/DBSAPI:/cvmfs/cms.cern.ch/slc5_amd64_gcc472/external/cvs2git/5419-cms/lib:/home/cms049/home_cream_968993350/CREAM968993350/glide_QujfpU/execute/dir_12686/
 
# LIMITS USED BY CRAB WATCHDOG:
# RSS  (KBytes)   : 2300000
# VSZ  (KBytes)   : 100000000
# DISK (MBytes)   : 19000
# CPU TIME        : 720h:0m:0s
# WALL CLOCK TIME : 21h:50m:0s
 
5854dd31cbd3cdec44c48628cc181cf0
PSETHASH = 5854dd31cbd3cdec44c48628cc181cf0
/home/cms049/home_cream_968993350/CREAM968993350/glide_QujfpU/execute/dir_12686/writeCfg.py pset.py pset.py
Importing .py file
Setting parameters
RandomNumberGeneratorService found, will attempt to change seeds
inputBlocks=/calabria_SingleMuPt100_GEN-SIM-DIGI-RECO_CMSSW_6_2_0_SLHC12_2023Scenario_Case1/calabria-calabria_SingleMuPt100_GEN-SIM-DIGI-RECO_CMSSW_6_2_0_SLHC12_2023Scenario_Case1-7828650cf335f3b092f375624d26bb6d/USER#8e923215-f6a9-4274-8c58-85e2fd058bad
inputFiles=/store/user/calabria/calabria_SingleMuPt100_GEN-SIM-DIGI-RECO_CMSSW_6_2_0_SLHC12_2023Scenario_Case1/calabria_SingleMuPt100_GEN-SIM-DIGI-RECO_CMSSW_6_2_0_SLHC12_2023Scenario_Case1/7828650cf335f3b092f375624d26bb6d/out_reco_17_1_pO7.root;/store/user/calabria/calabria_SingleMuPt100_GEN-SIM-DIGI-RECO_CMSSW_6_2_0_SLHC12_2023Scenario_Case1/calabria_SingleMuPt100_GEN-SIM-DIGI-RECO_CMSSW_6_2_0_SLHC12_2023Scenario_Case1/7828650cf335f3b092f375624d26bb6d/out_reco_19_1_g5c.root;/store/user/calabria/calabria_SingleMuPt100_GEN-SIM-DIGI-RECO_CMSSW_6_2_0_SLHC12_2023Scenario_Case1/calabria_SingleMuPt100_GEN-SIM-DIGI-RECO_CMSSW_6_2_0_SLHC12_2023Scenario_Case1/7828650cf335f3b092f375624d26bb6d/out_reco_20_1_PpG.root;/store/user/calabria/calabria_SingleMuPt100_GEN-SIM-DIGI-RECO_CMSSW_6_2_0_SLHC12_2023Scenario_Case1/calabria_SingleMuPt100_GEN-SIM-DIGI-RECO_CMSSW_6_2_0_SLHC12_2023Scenario_Case1/7828650cf335f3b092f375624d26bb6d/out_reco_22_1_hUr.root;/store/user/calabria/calabria_SingleMuPt100_GEN-SIM-DIGI-RECO_CMSSW_6_2_0_SLHC12_2023Scenario_Case1/calabria_SingleMuPt100_GEN-SIM-DIGI-RECO_CMSSW_6_2_0_SLHC12_2023Scenario_Case1/7828650cf335f3b092f375624d26bb6d/out_reco_23_1_o7r.root;/store/user/calabria/calabria_SingleMuPt100_GEN-SIM-DIGI-RECO_CMSSW_6_2_0_SLHC12_2023Scenario_Case1/calabria_SingleMuPt100_GEN-SIM-DIGI-RECO_CMSSW_6_2_0_SLHC12_2023Scenario_Case1/7828650cf335f3b092f375624d26bb6d/out_reco_24_1_tK8.root;/store/user/calabria/calabria_SingleMuPt100_GEN-SIM-DIGI-RECO_CMSSW_6_2_0_SLHC12_2023Scenario_Case1/calabria_SingleMuPt100_GEN-SIM-DIGI-RECO_CMSSW_6_2_0_SLHC12_2023Scenario_Case1/7828650cf335f3b092f375624d26bb6d/out_reco_25_1_fNA.root;/store/user/calabria/calabria_SingleMuPt100_GEN-SIM-DIGI-RECO_CMSSW_6_2_0_SLHC12_2023Scenario_Case1/calabria_SingleMuPt100_GEN-SIM-DIGI-RECO_CMSSW_6_2_0_SLHC12_2023Scenario_Case1/7828650cf335f3b092f375624d26bb6d/out_reco_27_1_74M.root;/store/user/calabria/calabria_SingleMuPt100_GEN-SIM-DIGI-RECO_CMSSW_6_2_0_SLHC12_2023Scenario_Case1/calabria_SingleMuPt100_GEN-SIM-DIGI-RECO_CMSSW_6_2_0_SLHC12_2023Scenario_Case1/7828650cf335f3b092f375624d26bb6d/out_reco_28_1_PcB.root;/store/user/calabria/calabria_SingleMuPt100_GEN-SIM-DIGI-RECO_CMSSW_6_2_0_SLHC12_2023Scenario_Case1/calabria_SingleMuPt100_GEN-SIM-DIGI-RECO_CMSSW_6_2_0_SLHC12_2023Scenario_Case1/7828650cf335f3b092f375624d26bb6d/out_reco_29_1_M17.root
parentFiles=
lumisRange=
>>> Executable cmsRun
/cvmfs/cms.cern.ch/slc5_amd64_gcc472/cms/cmssw/CMSSW_6_2_0_SLHC12/bin/slc5_amd64_gcc472/cmsRun
ok executable found
>>> info for dashboard:
***** Cat /home/cms049/home_cream_968993350/CREAM968993350/glide_QujfpU/execute/dir_12686/jobreport.txt *****
MonitorJobID=19_https://submit-6.t2.ucsd.edu//140616//168553.18
MonitorID=calabria_MuMinus100_Case1_ReReco_8e5c3i
ExeStart=cmsRun
***** End Cat jobreport *****
Parameters sent to Dashboard.
>>> cmsRun started at Tue Jun 17 23:23:45 UTC 2014
>>> cmsRun ended at Tue Jun 17 23:31:26 UTC 2014
>>> crab_fjr_*.xml  permission set to 0704
>>> info for dashboard:
***** Cat /home/cms049/home_cream_968993350/CREAM968993350/glide_QujfpU/execute/dir_12686/jobreport.txt *****
MonitorJobID=19_https://submit-6.t2.ucsd.edu//140616//168553.18
MonitorID=calabria_MuMinus100_Case1_ReReco_8e5c3i
ExeEnd=cmsRun
***** End Cat jobreport *****
Parameters sent to Dashboard.
TIME_EXE = 461 sec
>>> cmsRun wrote 50 lines of stdout+stderr
>>> START OF printout of 50 lines from stdout+stderr
271 DQMStore::DQMStore 
HcalTopologyIdealEP::HcalTopologyIdealEP
18-Jun-2014 01:24:06 CEST  Initiating request to open file file:/lustre/cms//store/user/calabria/calabria_SingleMuPt100_GEN-SIM-DIGI-RECO_CMSSW_6_2_0_SLHC12_2023Scenario_Case1/calabria_SingleMuPt100_GEN-SIM-DIGI-RECO_CMSSW_6_2_0_SLHC12_2023Scenario_Case1/7828650cf335f3b092f375624d26bb6d/out_reco_17_1_pO7.root
18-Jun-2014 01:24:09 CEST  Successfully opened file file:/lustre/cms//store/user/calabria/calabria_SingleMuPt100_GEN-SIM-DIGI-RECO_CMSSW_6_2_0_SLHC12_2023Scenario_Case1/calabria_SingleMuPt100_GEN-SIM-DIGI-RECO_CMSSW_6_2_0_SLHC12_2023Scenario_Case1/7828650cf335f3b092f375624d26bb6d/out_reco_17_1_pO7.root
18-Jun-2014 01:24:50 CEST  Closed file file:/lustre/cms//store/user/calabria/calabria_SingleMuPt100_GEN-SIM-DIGI-RECO_CMSSW_6_2_0_SLHC12_2023Scenario_Case1/calabria_SingleMuPt100_GEN-SIM-DIGI-RECO_CMSSW_6_2_0_SLHC12_2023Scenario_Case1/7828650cf335f3b092f375624d26bb6d/out_reco_17_1_pO7.root
18-Jun-2014 01:24:50 CEST  Initiating request to open file file:/lustre/cms//store/user/calabria/calabria_SingleMuPt100_GEN-SIM-DIGI-RECO_CMSSW_6_2_0_SLHC12_2023Scenario_Case1/calabria_SingleMuPt100_GEN-SIM-DIGI-RECO_CMSSW_6_2_0_SLHC12_2023Scenario_Case1/7828650cf335f3b092f375624d26bb6d/out_reco_19_1_g5c.root
18-Jun-2014 01:24:50 CEST  Successfully opened file file:/lustre/cms//store/user/calabria/calabria_SingleMuPt100_GEN-SIM-DIGI-RECO_CMSSW_6_2_0_SLHC12_2023Scenario_Case1/calabria_SingleMuPt100_GEN-SIM-DIGI-RECO_CMSSW_6_2_0_SLHC12_2023Scenario_Case1/7828650cf335f3b092f375624d26bb6d/out_reco_19_1_g5c.root
18-Jun-2014 01:25:31 CEST  Closed file file:/lustre/cms//store/user/calabria/calabria_SingleMuPt100_GEN-SIM-DIGI-RECO_CMSSW_6_2_0_SLHC12_2023Scenario_Case1/calabria_SingleMuPt100_GEN-SIM-DIGI-RECO_CMSSW_6_2_0_SLHC12_2023Scenario_Case1/7828650cf335f3b092f375624d26bb6d/out_reco_19_1_g5c.root
18-Jun-2014 01:25:31 CEST  Initiating request to open file file:/lustre/cms//store/user/calabria/calabria_SingleMuPt100_GEN-SIM-DIGI-RECO_CMSSW_6_2_0_SLHC12_2023Scenario_Case1/calabria_SingleMuPt100_GEN-SIM-DIGI-RECO_CMSSW_6_2_0_SLHC12_2023Scenario_Case1/7828650cf335f3b092f375624d26bb6d/out_reco_20_1_PpG.root
18-Jun-2014 01:25:31 CEST  Successfully opened file file:/lustre/cms//store/user/calabria/calabria_SingleMuPt100_GEN-SIM-DIGI-RECO_CMSSW_6_2_0_SLHC12_2023Scenario_Case1/calabria_SingleMuPt100_GEN-SIM-DIGI-RECO_CMSSW_6_2_0_SLHC12_2023Scenario_Case1/7828650cf335f3b092f375624d26bb6d/out_reco_20_1_PpG.root
18-Jun-2014 01:26:15 CEST  Closed file file:/lustre/cms//store/user/calabria/calabria_SingleMuPt100_GEN-SIM-DIGI-RECO_CMSSW_6_2_0_SLHC12_2023Scenario_Case1/calabria_SingleMuPt100_GEN-SIM-DIGI-RECO_CMSSW_6_2_0_SLHC12_2023Scenario_Case1/7828650cf335f3b092f375624d26bb6d/out_reco_20_1_PpG.root
18-Jun-2014 01:26:15 CEST  Initiating request to open file file:/lustre/cms//store/user/calabria/calabria_SingleMuPt100_GEN-SIM-DIGI-RECO_CMSSW_6_2_0_SLHC12_2023Scenario_Case1/calabria_SingleMuPt100_GEN-SIM-DIGI-RECO_CMSSW_6_2_0_SLHC12_2023Scenario_Case1/7828650cf335f3b092f375624d26bb6d/out_reco_22_1_hUr.root
18-Jun-2014 01:26:15 CEST  Successfully opened file file:/lustre/cms//store/user/calabria/calabria_SingleMuPt100_GEN-SIM-DIGI-RECO_CMSSW_6_2_0_SLHC12_2023Scenario_Case1/calabria_SingleMuPt100_GEN-SIM-DIGI-RECO_CMSSW_6_2_0_SLHC12_2023Scenario_Case1/7828650cf335f3b092f375624d26bb6d/out_reco_22_1_hUr.root
18-Jun-2014 01:26:58 CEST  Closed file file:/lustre/cms//store/user/calabria/calabria_SingleMuPt100_GEN-SIM-DIGI-RECO_CMSSW_6_2_0_SLHC12_2023Scenario_Case1/calabria_SingleMuPt100_GEN-SIM-DIGI-RECO_CMSSW_6_2_0_SLHC12_2023Scenario_Case1/7828650cf335f3b092f375624d26bb6d/out_reco_22_1_hUr.root
18-Jun-2014 01:26:58 CEST  Initiating request to open file file:/lustre/cms//store/user/calabria/calabria_SingleMuPt100_GEN-SIM-DIGI-RECO_CMSSW_6_2_0_SLHC12_2023Scenario_Case1/calabria_SingleMuPt100_GEN-SIM-DIGI-RECO_CMSSW_6_2_0_SLHC12_2023Scenario_Case1/7828650cf335f3b092f375624d26bb6d/out_reco_23_1_o7r.root
18-Jun-2014 01:26:58 CEST  Successfully opened file file:/lustre/cms//store/user/calabria/calabria_SingleMuPt100_GEN-SIM-DIGI-RECO_CMSSW_6_2_0_SLHC12_2023Scenario_Case1/calabria_SingleMuPt100_GEN-SIM-DIGI-RECO_CMSSW_6_2_0_SLHC12_2023Scenario_Case1/7828650cf335f3b092f375624d26bb6d/out_reco_23_1_o7r.root
18-Jun-2014 01:27:40 CEST  Closed file file:/lustre/cms//store/user/calabria/calabria_SingleMuPt100_GEN-SIM-DIGI-RECO_CMSSW_6_2_0_SLHC12_2023Scenario_Case1/calabria_SingleMuPt100_GEN-SIM-DIGI-RECO_CMSSW_6_2_0_SLHC12_2023Scenario_Case1/7828650cf335f3b092f375624d26bb6d/out_reco_23_1_o7r.root
18-Jun-2014 01:27:40 CEST  Initiating request to open file file:/lustre/cms//store/user/calabria/calabria_SingleMuPt100_GEN-SIM-DIGI-RECO_CMSSW_6_2_0_SLHC12_2023Scenario_Case1/calabria_SingleMuPt100_GEN-SIM-DIGI-RECO_CMSSW_6_2_0_SLHC12_2023Scenario_Case1/7828650cf335f3b092f375624d26bb6d/out_reco_24_1_tK8.root
18-Jun-2014 01:27:41 CEST  Successfully opened file file:/lustre/cms//store/user/calabria/calabria_SingleMuPt100_GEN-SIM-DIGI-RECO_CMSSW_6_2_0_SLHC12_2023Scenario_Case1/calabria_SingleMuPt100_GEN-SIM-DIGI-RECO_CMSSW_6_2_0_SLHC12_2023Scenario_Case1/7828650cf335f3b092f375624d26bb6d/out_reco_24_1_tK8.root
18-Jun-2014 01:28:23 CEST  Closed file file:/lustre/cms//store/user/calabria/calabria_SingleMuPt100_GEN-SIM-DIGI-RECO_CMSSW_6_2_0_SLHC12_2023Scenario_Case1/calabria_SingleMuPt100_GEN-SIM-DIGI-RECO_CMSSW_6_2_0_SLHC12_2023Scenario_Case1/7828650cf335f3b092f375624d26bb6d/out_reco_24_1_tK8.root
18-Jun-2014 01:28:23 CEST  Initiating request to open file file:/lustre/cms//store/user/calabria/calabria_SingleMuPt100_GEN-SIM-DIGI-RECO_CMSSW_6_2_0_SLHC12_2023Scenario_Case1/calabria_SingleMuPt100_GEN-SIM-DIGI-RECO_CMSSW_6_2_0_SLHC12_2023Scenario_Case1/7828650cf335f3b092f375624d26bb6d/out_reco_25_1_fNA.root
18-Jun-2014 01:28:24 CEST  Successfully opened file file:/lustre/cms//store/user/calabria/calabria_SingleMuPt100_GEN-SIM-DIGI-RECO_CMSSW_6_2_0_SLHC12_2023Scenario_Case1/calabria_SingleMuPt100_GEN-SIM-DIGI-RECO_CMSSW_6_2_0_SLHC12_2023Scenario_Case1/7828650cf335f3b092f375624d26bb6d/out_reco_25_1_fNA.root
18-Jun-2014 01:29:07 CEST  Closed file file:/lustre/cms//store/user/calabria/calabria_SingleMuPt100_GEN-SIM-DIGI-RECO_CMSSW_6_2_0_SLHC12_2023Scenario_Case1/calabria_SingleMuPt100_GEN-SIM-DIGI-RECO_CMSSW_6_2_0_SLHC12_2023Scenario_Case1/7828650cf335f3b092f375624d26bb6d/out_reco_25_1_fNA.root
18-Jun-2014 01:29:07 CEST  Initiating request to open file file:/lustre/cms//store/user/calabria/calabria_SingleMuPt100_GEN-SIM-DIGI-RECO_CMSSW_6_2_0_SLHC12_2023Scenario_Case1/calabria_SingleMuPt100_GEN-SIM-DIGI-RECO_CMSSW_6_2_0_SLHC12_2023Scenario_Case1/7828650cf335f3b092f375624d26bb6d/out_reco_27_1_74M.root
18-Jun-2014 01:29:07 CEST  Successfully opened file file:/lustre/cms//store/user/calabria/calabria_SingleMuPt100_GEN-SIM-DIGI-RECO_CMSSW_6_2_0_SLHC12_2023Scenario_Case1/calabria_SingleMuPt100_GEN-SIM-DIGI-RECO_CMSSW_6_2_0_SLHC12_2023Scenario_Case1/7828650cf335f3b092f375624d26bb6d/out_reco_27_1_74M.root
18-Jun-2014 01:29:50 CEST  Closed file file:/lustre/cms//store/user/calabria/calabria_SingleMuPt100_GEN-SIM-DIGI-RECO_CMSSW_6_2_0_SLHC12_2023Scenario_Case1/calabria_SingleMuPt100_GEN-SIM-DIGI-RECO_CMSSW_6_2_0_SLHC12_2023Scenario_Case1/7828650cf335f3b092f375624d26bb6d/out_reco_27_1_74M.root
18-Jun-2014 01:29:50 CEST  Initiating request to open file file:/lustre/cms//store/user/calabria/calabria_SingleMuPt100_GEN-SIM-DIGI-RECO_CMSSW_6_2_0_SLHC12_2023Scenario_Case1/calabria_SingleMuPt100_GEN-SIM-DIGI-RECO_CMSSW_6_2_0_SLHC12_2023Scenario_Case1/7828650cf335f3b092f375624d26bb6d/out_reco_28_1_PcB.root
18-Jun-2014 01:29:50 CEST  Successfully opened file file:/lustre/cms//store/user/calabria/calabria_SingleMuPt100_GEN-SIM-DIGI-RECO_CMSSW_6_2_0_SLHC12_2023Scenario_Case1/calabria_SingleMuPt100_GEN-SIM-DIGI-RECO_CMSSW_6_2_0_SLHC12_2023Scenario_Case1/7828650cf335f3b092f375624d26bb6d/out_reco_28_1_PcB.root
18-Jun-2014 01:30:31 CEST  Closed file file:/lustre/cms//store/user/calabria/calabria_SingleMuPt100_GEN-SIM-DIGI-RECO_CMSSW_6_2_0_SLHC12_2023Scenario_Case1/calabria_SingleMuPt100_GEN-SIM-DIGI-RECO_CMSSW_6_2_0_SLHC12_2023Scenario_Case1/7828650cf335f3b092f375624d26bb6d/out_reco_28_1_PcB.root
18-Jun-2014 01:30:31 CEST  Initiating request to open file file:/lustre/cms//store/user/calabria/calabria_SingleMuPt100_GEN-SIM-DIGI-RECO_CMSSW_6_2_0_SLHC12_2023Scenario_Case1/calabria_SingleMuPt100_GEN-SIM-DIGI-RECO_CMSSW_6_2_0_SLHC12_2023Scenario_Case1/7828650cf335f3b092f375624d26bb6d/out_reco_29_1_M17.root
18-Jun-2014 01:30:31 CEST  Successfully opened file file:/lustre/cms//store/user/calabria/calabria_SingleMuPt100_GEN-SIM-DIGI-RECO_CMSSW_6_2_0_SLHC12_2023Scenario_Case1/calabria_SingleMuPt100_GEN-SIM-DIGI-RECO_CMSSW_6_2_0_SLHC12_2023Scenario_Case1/7828650cf335f3b092f375624d26bb6d/out_reco_29_1_M17.root
18-Jun-2014 01:31:25 CEST  Closed file file:/lustre/cms//store/user/calabria/calabria_SingleMuPt100_GEN-SIM-DIGI-RECO_CMSSW_6_2_0_SLHC12_2023Scenario_Case1/calabria_SingleMuPt100_GEN-SIM-DIGI-RECO_CMSSW_6_2_0_SLHC12_2023Scenario_Case1/7828650cf335f3b092f375624d26bb6d/out_reco_29_1_M17.root

=============================================

MessageLogger Summary

 type     category        sev    module        subroutine        count    total
 ---- -------------------- -- ---------------- ----------------  -----    -----
    1 fileAction           -s file_close                            10       10
    2 fileAction           -s file_open                             20       20

 type    category    Examples: run/evt        run/evt          run/evt
 ---- -------------------- ---------------- ---------------- ----------------
    1 fileAction           PostProcessEvent PostProcessEvent PostEndRun
    2 fileAction           pre-events       pre-events       PostProcessEvent

Severity    # Occurrences   Total Occurrences
--------    -------------   -----------------
System                 30                  30
>>> END OF printout of 50 lines from stdout+stderr
>>> Parse FrameworkJobReport crab_fjr.xml
Result of parsing the FrameworkJobReport crab_fjr.xml: Popularity start
lumisRange : 1::::1;1::::2;1::::3;1::::4;1::::5;1::::6;1::::7;1::::8;1::::9;1::::10;
lumisParentRange : 
Basename : /store/user/calabria/calabria_SingleMuPt100_GEN-SIM-DIGI-RECO_CMSSW_6_2_0_SLHC12_2023Scenario_Case1/calabria_SingleMuPt100_GEN-SIM-DIGI-RECO_CMSSW_6_2_0_SLHC12_2023Scenario_Case1/7828650cf335f3b092f375624d26bb6d/out_reco_
BasenameParent : 
parentFiles : 
inputBlocks : /calabria_SingleMuPt100_GEN-SIM-DIGI-RECO_CMSSW_6_2_0_SLHC12_2023Scenario_Case1/calabria-calabria_SingleMuPt100_GEN-SIM-DIGI-RECO_CMSSW_6_2_0_SLHC12_2023Scenario_Case1-7828650cf335f3b092f375624d26bb6d/USER#8e923215-f6a9-4274-8c58-85e2fd058bad
inputFiles : 19_1_g5c.root::1::EDM::Local::1;29_1_M17.root::1::EDM::Local::2;27_1_74M.root::1::EDM::Local::3;22_1_hUr.root::1::EDM::Local::4;24_1_tK8.root::1::EDM::Local::5;20_1_PpG.root::1::EDM::Local::6;25_1_fNA.root::1::EDM::Local::7;23_1_o7r.root::1::EDM::Local::8;28_1_PcB.root::1::EDM::Local::9;17_1_pO7.root::1::EDM::Local::10;
Popularity stop
Extracted ExitStatus from FrameworkJobReport parsing output: 0
>>> Executable succeded  0
ExeExitCode=0
EXECUTABLE_EXIT_STATUS = 0
>>> current directory /home/cms049/home_cream_968993350/CREAM968993350/glide_QujfpU/execute/dir_12686/CMSSW_6_2_0_SLHC12
>>>  (SOFTWARE_DIR): /home/cms049/home_cream_968993350/CREAM968993350/glide_QujfpU/execute/dir_12686/CMSSW_6_2_0_SLHC12
>>> (WORKING_DIR): 
>>> current directory content:
total 10680
drwxr-xr-x 3 cms049 cms    4096 Jun 18 01:23 .SCRAM
-rw------- 1 cms049 cms 3739601 Jun 18 01:23 CMSSW.py.pkl
drwxr-xr-x 3 cms049 cms    4096 Jun 18 01:23 bin
drwxr-xr-x 3 cms049 cms    4096 Jun 18 01:23 cfipython
drwxr-xr-x 4 cms049 cms    4096 Jun 18 01:23 config
-rw------- 1 cms049 cms      16 Jun 18 01:31 cpu_timing.txt
drwxr-xr-x 2 cms049 cms    4096 Jun 18 01:23 doc
-rw------- 1 cms049 cms    9955 Jun 18 01:31 executable.out
drwxr-xr-x 2 cms049 cms    4096 Jun 18 01:23 include
drwx------ 3 cms049 cms    4096 Apr 28 18:12 lib
drwxr-xr-x 3 cms049 cms    4096 Jun 18 01:23 logs
drwxr-xr-x 3 cms049 cms    4096 Jun 18 01:23 objs
-rw------- 1 cms049 cms     104 Jun 18 01:23 pset.py
-rw------- 1 cms049 cms 3712323 Jun 18 01:23 pset.py.pkl
-rw------- 1 cms049 cms     289 Jun 18 01:23 pset.pyc
drwxr-xr-x 2 cms049 cms    4096 Jun 18 01:23 python
-rw------- 1 cms049 cms     413 Jun 18 01:31 report.log
drwx------ 6 cms049 cms    4096 Jun 18 01:23 src
drwxr-xr-x 3 cms049 cms    4096 Jun 18 01:23 test
drwxr-xr-x 3 cms049 cms    4096 Jun 18 01:23 tmp
-rw------- 1 cms049 cms 3385765 Jun 18 01:31 validationEDM.root
>>> current directory /home/cms049/home_cream_968993350/CREAM968993350/glide_QujfpU/execute/dir_12686/CMSSW_6_2_0_SLHC12
>>> (SOFTWARE_DIR): /home/cms049/home_cream_968993350/CREAM968993350/glide_QujfpU/execute/dir_12686/CMSSW_6_2_0_SLHC12
>>> (WORKING_DIR): 
>>> current directory content:
total 10680
drwxr-xr-x 3 cms049 cms    4096 Jun 18 01:23 .SCRAM
-rw------- 1 cms049 cms 3739601 Jun 18 01:23 CMSSW.py.pkl
drwxr-xr-x 3 cms049 cms    4096 Jun 18 01:23 bin
drwxr-xr-x 3 cms049 cms    4096 Jun 18 01:23 cfipython
drwxr-xr-x 4 cms049 cms    4096 Jun 18 01:23 config
-rw------- 1 cms049 cms      16 Jun 18 01:31 cpu_timing.txt
drwxr-xr-x 2 cms049 cms    4096 Jun 18 01:23 doc
-rw------- 1 cms049 cms    9955 Jun 18 01:31 executable.out
drwxr-xr-x 2 cms049 cms    4096 Jun 18 01:23 include
drwx------ 3 cms049 cms    4096 Apr 28 18:12 lib
drwxr-xr-x 3 cms049 cms    4096 Jun 18 01:23 logs
drwxr-xr-x 3 cms049 cms    4096 Jun 18 01:23 objs
-rw------- 1 cms049 cms     104 Jun 18 01:23 pset.py
-rw------- 1 cms049 cms 3712323 Jun 18 01:23 pset.py.pkl
-rw------- 1 cms049 cms     289 Jun 18 01:23 pset.pyc
drwxr-xr-x 2 cms049 cms    4096 Jun 18 01:23 python
-rw------- 1 cms049 cms     413 Jun 18 01:31 report.log
drwx------ 6 cms049 cms    4096 Jun 18 01:23 src
drwxr-xr-x 3 cms049 cms    4096 Jun 18 01:23 test
drwxr-xr-x 3 cms049 cms    4096 Jun 18 01:23 tmp
-rw------- 1 cms049 cms 3385765 Jun 18 01:31 validationEDM_19_1_vEh.root
>>> current directory (RUNTIME_AREA):  /home/cms049/home_cream_968993350/CREAM968993350/glide_QujfpU/execute/dir_12686
SE = storm-se-01.ba.infn.it
SE_PATH = /srm/managerv2?SFN=//cms/store/user/calabria/calabria_SingleMuPt100_GEN-SIM-DIGI-RECO_CMSSW_6_2_0_SLHC12_2023Scenario_Case1/calabria_MuMinus100_GEN-SIM-DIGI-RECO_CMSSW_6_2_0_SLHC12_2023Scenario_VALNOPU2_Case1/5854dd31cbd3cdec44c48628cc181cf0/
LFNBaseName = /store/user/calabria/calabria_SingleMuPt100_GEN-SIM-DIGI-RECO_CMSSW_6_2_0_SLHC12_2023Scenario_Case1/calabria_MuMinus100_GEN-SIM-DIGI-RECO_CMSSW_6_2_0_SLHC12_2023Scenario_VALNOPU2_Case1/5854dd31cbd3cdec44c48628cc181cf0/
USER = calabria
endpoint = srm://storm-se-01.ba.infn.it:8444/srm/managerv2?SFN=//cms/store/user/calabria/calabria_SingleMuPt100_GEN-SIM-DIGI-RECO_CMSSW_6_2_0_SLHC12_2023Scenario_Case1/calabria_MuMinus100_GEN-SIM-DIGI-RECO_CMSSW_6_2_0_SLHC12_2023Scenario_VALNOPU2_Case1/5854dd31cbd3cdec44c48628cc181cf0/
>>> Copy output files from WN = pccms62.ba.infn.it to /srm/managerv2?SFN=//cms/store/user/calabria/calabria_SingleMuPt100_GEN-SIM-DIGI-RECO_CMSSW_6_2_0_SLHC12_2023Scenario_Case1/calabria_MuMinus100_GEN-SIM-DIGI-RECO_CMSSW_6_2_0_SLHC12_2023Scenario_VALNOPU2_Case1/5854dd31cbd3cdec44c48628cc181cf0/ :
python cmscp.py  --destination srm://storm-se-01.ba.infn.it:8444/srm/managerv2?SFN=//cms/store/user/calabria/calabria_SingleMuPt100_GEN-SIM-DIGI-RECO_CMSSW_6_2_0_SLHC12_2023Scenario_Case1/calabria_MuMinus100_GEN-SIM-DIGI-RECO_CMSSW_6_2_0_SLHC12_2023Scenario_VALNOPU2_Case1/5854dd31cbd3cdec44c48628cc181cf0/ --inputFileList /home/cms049/home_cream_968993350/CREAM968993350/glide_QujfpU/execute/dir_12686/CMSSW_6_2_0_SLHC12/validationEDM_19_1_vEh.root --middleware LCG --se_name storm-se-01.ba.infn.it --for_lfn /store/user/calabria/calabria_SingleMuPt100_GEN-SIM-DIGI-RECO_CMSSW_6_2_0_SLHC12_2023Scenario_Case1/calabria_MuMinus100_GEN-SIM-DIGI-RECO_CMSSW_6_2_0_SLHC12_2023Scenario_VALNOPU2_Case1/5854dd31cbd3cdec44c48628cc181cf0/    
******************************************************
localSeName  =  storm-se-01.ba.infn.it
remoteSeName =  storm-se-01.ba.infn.it
******************************************************
{"/home/cms049/home_cream_968993350/CREAM968993350/glide_QujfpU/execute/dir_12686/CMSSW_6_2_0_SLHC12/validationEDM_19_1_vEh.root": {"endpoint": "srm://storm-se-01.ba.infn.it:8444/srm/managerv2?SFN=//cms/store/user/calabria/calabria_SingleMuPt100_GEN-SIM-DIGI-RECO_CMSSW_6_2_0_SLHC12_2023Scenario_Case1/calabria_MuMinus100_GEN-SIM-DIGI-RECO_CMSSW_6_2_0_SLHC12_2023Scenario_VALNOPU2_Case1/5854dd31cbd3cdec44c48628cc181cf0/", "surl_for_grid": "", "reason": "Copy succedeed with srm-lcg utils", "erCode": "0", "se_name": "storm-se-01.ba.infn.it", "for_lfn": "/store/user/calabria/calabria_SingleMuPt100_GEN-SIM-DIGI-RECO_CMSSW_6_2_0_SLHC12_2023Scenario_Case1/calabria_MuMinus100_GEN-SIM-DIGI-RECO_CMSSW_6_2_0_SLHC12_2023Scenario_VALNOPU2_Case1/5854dd31cbd3cdec44c48628cc181cf0/"}}/home/cms049/home_cream_968993350/CREAM968993350/glide_QujfpU/execute/dir_12686
-------- cat /home/cms049/home_cream_968993350/CREAM968993350/glide_QujfpU/execute/dir_12686/cmscpReport.sh 
#!/bin/bash
echo "Report for File: /home/cms049/home_cream_968993350/CREAM968993350/glide_QujfpU/execute/dir_12686/CMSSW_6_2_0_SLHC12/validationEDM_19_1_vEh.root"
echo "LFN: /store/user/calabria/calabria_SingleMuPt100_GEN-SIM-DIGI-RECO_CMSSW_6_2_0_SLHC12_2023Scenario_Case1/calabria_MuMinus100_GEN-SIM-DIGI-RECO_CMSSW_6_2_0_SLHC12_2023Scenario_VALNOPU2_Case1/5854dd31cbd3cdec44c48628cc181cf0/validationEDM_19_1_vEh.root"
echo "StorageElement: storm-se-01.ba.infn.it"
echo "StageOutExitStatusReason = 'Copy succedeed with srm-lcg utils'" | tee -a $RUNTIME_AREA/$repo
echo "StageOutSE = storm-se-01.ba.infn.it" >> $RUNTIME_AREA/$repo

export StageOutExitStatus=0
echo "StageOutExitStatus = 0" | tee -a $RUNTIME_AREA/$repo
-------- end of /home/cms049/home_cream_968993350/CREAM968993350/glide_QujfpU/execute/dir_12686/cmscpReport.sh 
Report for File: /home/cms049/home_cream_968993350/CREAM968993350/glide_QujfpU/execute/dir_12686/CMSSW_6_2_0_SLHC12/validationEDM_19_1_vEh.root
LFN: /store/user/calabria/calabria_SingleMuPt100_GEN-SIM-DIGI-RECO_CMSSW_6_2_0_SLHC12_2023Scenario_Case1/calabria_MuMinus100_GEN-SIM-DIGI-RECO_CMSSW_6_2_0_SLHC12_2023Scenario_VALNOPU2_Case1/5854dd31cbd3cdec44c48628cc181cf0/validationEDM_19_1_vEh.root
StorageElement: storm-se-01.ba.infn.it
StageOutExitStatusReason = 'Copy succedeed with srm-lcg utils'
StageOutExitStatus = 0
>>> current dir: /home/cms049/home_cream_968993350/CREAM968993350/glide_QujfpU/execute/dir_12686
>>> current dir content:
total 28076
-rw-------  1 cms049 cms     2791 Jun 18 01:32 .SEinteraction.log
-rwx------  1 cms049 cms     6820 Jun 18 01:22 .job.ad
-rwx------  1 cms049 cms     9436 Jun 18 01:22 .machine.ad
-rw-------  1 cms049 cms      105 Jun 16 20:49 CMSSW.py
-rw-------  1 cms049 cms  3739601 Jun 16 20:49 CMSSW.py.pkl
-rwx------  1 cms049 cms    29569 Jun 18 01:22 CMSSW.sh
drwxr-xr-x 15 cms049 cms     4096 Jun 18 01:31 CMSSW_6_2_0_SLHC12
-rw-------  1 cms049 cms      220 Jun 18 01:23 CacheEnv.sh
-rw-------  1 cms049 cms     7291 Apr  4 11:04 DashboardAPI.py
-rw-------  1 cms049 cms     6815 Jun 18 01:23 DashboardAPI.pyc
drwx------  2 cms049 cms     4096 Jun 18 01:31 IMProv
-rw-------  1 cms049 cms     2748 Apr  4 11:04 Logger.py
-rw-------  1 cms049 cms     3347 Jun 18 01:23 Logger.pyc
-rw-------  1 cms049 cms    24524 Apr  4 11:04 ProcInfo.py
-rw-------  1 cms049 cms    23197 Jun 18 01:23 ProcInfo.pyc
drwx------  7 cms049 cms     4096 Jun 18 01:23 ProdCommon
drwx------  3 cms049 cms     4096 Jun 18 01:23 WMCore
-rw-------  1 cms049 cms     2510 Jun 18 01:31 Watchdog_19.log
-rwx------  1 cms049 cms        0 Jun 18 01:22 _condor_stderr
-rwx---r--  1 cms049 cms    29484 Jun 18 01:32 _condor_stdout
-rw-------  1 cms049 cms    32895 Apr  4 11:04 apmon.py
-rw-------  1 cms049 cms    28625 Jun 18 01:23 apmon.pyc
-rwx------  1 cms049 cms    53905 Jun 18 01:22 arguments.xml
-rwx------  1 cms049 cms    38515 Apr  4 11:04 cmscp.py
-rw-------  1 cms049 cms      720 Jun 18 01:32 cmscpReport.sh
-rwx------  1 cms049 cms    29569 Jun 18 01:22 condor_exec.exe
-rw-------  1 cms049 cms      963 Jun 16 20:49 crab.cfg
-rwx------  1 cms049 cms     8610 Apr  4 11:04 crabWatchdog.sh
-rwx---r--  1 cms049 cms   523213 Jun 18 01:31 crab_fjr_19.xml
-rwx------  1 cms049 cms 23960128 Jun 18 01:22 default.tgz
-rwx------  1 cms049 cms     4488 Apr  4 11:04 fillCrabFjr.py
-rw-------  1 cms049 cms     2641 Jun 18 01:23 inputsReport.txt
-rw-------  1 cms049 cms      262 Jun 18 01:32 jobreport.txt
-rw-------  1 cms049 cms    17352 Apr  4 11:04 parseCrabFjr.py
-rw-------  1 cms049 cms      330 Jun 18 01:23 report.log
-rwx--x--x  1 cms049 cms     1497 Apr  4 11:04 report.py
-rw-------  1 cms049 cms      776 Jun 18 01:32 resultCopyFile
lrwxrwxrwx  1 cms049 cms      126 Jun 18 01:31 validationEDM.root -> /home/cms049/home_cream_968993350/CREAM968993350/glide_QujfpU/execute/dir_12686/CMSSW_6_2_0_SLHC12/validationEDM_19_1_vEh.root
-rwx------  1 cms049 cms     8387 Apr  4 11:04 writeCfg.py
-rw-------  1 cms049 cms     8014 Jun 18 01:22 x509up_u50707
>>> Modify Job Report:
CMSSW_VERSION = CMSSW_6_2_0_SLHC12
ProcessedDataset = calabria_MuMinus100_GEN-SIM-DIGI-RECO_CMSSW_6_2_0_SLHC12_2023Scenario_VALNOPU2_Case1
/home/cms049/home_cream_968993350/CREAM968993350/glide_QujfpU/execute/dir_12686/ProdCommon/FwkJobRep/ModifyJobReport.py fjr /home/cms049/home_cream_968993350/CREAM968993350/glide_QujfpU/execute/dir_12686/crab_fjr_19.xml json /home/cms049/home_cream_968993350/CREAM968993350/glide_QujfpU/execute/dir_12686/resultCopyFile n_job 19_1_vEh PrimaryDataset calabria_SingleMuPt100_GEN-SIM-DIGI-RECO_CMSSW_6_2_0_SLHC12_2023Scenario_Case1  ApplicationFamily cmsRun ApplicationName cmsRun cmssw_version CMSSW_6_2_0_SLHC12 psethash 5854dd31cbd3cdec44c48628cc181cf0 UserProcessedDataset calabria-calabria_MuMinus100_GEN-SIM-DIGI-RECO_CMSSW_6_2_0_SLHC12_2023Scenario_VALNOPU2_Case1-5854dd31cbd3cdec44c48628cc181cf0
inputDict =  {u'/home/cms049/home_cream_968993350/CREAM968993350/glide_QujfpU/execute/dir_12686/CMSSW_6_2_0_SLHC12/validationEDM_19_1_vEh.root': {u'endpoint': u'srm://storm-se-01.ba.infn.it:8444/srm/managerv2?SFN=//cms/store/user/calabria/calabria_SingleMuPt100_GEN-SIM-DIGI-RECO_CMSSW_6_2_0_SLHC12_2023Scenario_Case1/calabria_MuMinus100_GEN-SIM-DIGI-RECO_CMSSW_6_2_0_SLHC12_2023Scenario_VALNOPU2_Case1/5854dd31cbd3cdec44c48628cc181cf0/', u'surl_for_grid': u'', u'reason': u'Copy succedeed with srm-lcg utils', u'erCode': u'0', u'se_name': u'storm-se-01.ba.infn.it', u'for_lfn': u'/store/user/calabria/calabria_SingleMuPt100_GEN-SIM-DIGI-RECO_CMSSW_6_2_0_SLHC12_2023Scenario_Case1/calabria_MuMinus100_GEN-SIM-DIGI-RECO_CMSSW_6_2_0_SLHC12_2023Scenario_VALNOPU2_Case1/5854dd31cbd3cdec44c48628cc181cf0/'}}
UserProcessedDataset =  calabria-calabria_MuMinus100_GEN-SIM-DIGI-RECO_CMSSW_6_2_0_SLHC12_2023Scenario_VALNOPU2_Case1-5854dd31cbd3cdec44c48628cc181cf0
file_name in inputDict =  /home/cms049/home_cream_968993350/CREAM968993350/glide_QujfpU/execute/dir_12686/CMSSW_6_2_0_SLHC12/validationEDM_19_1_vEh.root
(size) os.stat(filename)[6] =  3385765
checksum =  77424298
    file =  validationEDM_19_1_vEh.root
    newPfn =  srm://storm-se-01.ba.infn.it:8444/srm/managerv2?SFN=//cms/store/user/calabria/calabria_SingleMuPt100_GEN-SIM-DIGI-RECO_CMSSW_6_2_0_SLHC12_2023Scenario_Case1/calabria_MuMinus100_GEN-SIM-DIGI-RECO_CMSSW_6_2_0_SLHC12_2023Scenario_VALNOPU2_Case1/5854dd31cbd3cdec44c48628cc181cf0/validationEDM_19_1_vEh.root
    newLfn =  /store/user/calabria/calabria_SingleMuPt100_GEN-SIM-DIGI-RECO_CMSSW_6_2_0_SLHC12_2023Scenario_Case1/calabria_MuMinus100_GEN-SIM-DIGI-RECO_CMSSW_6_2_0_SLHC12_2023Scenario_VALNOPU2_Case1/5854dd31cbd3cdec44c48628cc181cf0/validationEDM_19_1_vEh.root
>>> crab_fjr_*.xml  permission set to 0704
CrabWrapper EXIT_FUNC entered at Wed Jun 18 01:32:26 CEST 2014   -  Tue Jun 17 23:32:26 UTC 2014
Checking output files:  
will tar file crab_fjr_19.xml in  out_files_19
WARNING: output file CMSSW_19.stdout not found!
WARNING: output file CMSSW_19.stderr not found!
WARNING: output file Watchdog_19.log.gz not found!
>>> padding time: Sleeping the wrapper for 33 seconds
STOPPING WATCHDOG. CrabWatchdog PID is 13402
********** LAST 50 LINES OF WATCHDOG LOG
# RESOURCE USAGE SUMMARY FOR PROCESS ID 12832
USER       PID %CPU %MEM    VSZ   RSS TTY      STAT START   TIME COMMAND
cms049   12832  0.1  0.0   9496  1596 ?        S    01:22   0:00 /bin/sh /home/cms049/home_cream_968993350/CREAM968993350/glide_QujfpU/execute/dir_12686/condor_exec.exe 19 1
 
# LIMITS USED BY CRAB WATCHDOG:
# RSS  (KBytes)   : 2300000
# VSZ  (KBytes)   : 100000000
# DISK (MBytes)   : 19000
# CPU TIME        : 720h:0m:0s
# WALL CLOCK TIME : 21h:50m:0s
 
# FOLLOWING PRINTOUT TRACKS MAXIMUM VALUES OF RESOURCES USE
# ONE LINE IS PRINTED EACH TIME A MAXIMUM CHANGES
# IF CHANGE WAS IN RSS OR VSZ ALSO PROCID AND COMMAND ARE PRINTED
# THERE IS NO PRINTOUT FOR CPU/WALL TIME INCREASE
 
# TIME			PID	RSS(KB)	VSZ(KB)	Dsk(MB)	tCPU(s)	tWALL(s)	COMMAND
 Jun 18 01:23:23 CEST	1140	1256	106092	0	0	0	sh -c "./glidein_startup.sh" -v std -name v1_3 -entry CDF_IT_Bari_ce2 -clientname UCSD-v1_0.main
 Jun 18 01:23:23 CEST	1143	1772	106492	0	0	0	/bin/bash ./glidein_startup.sh -v std -name v1_3 -entry CDF_IT_Bari_ce2 -clientname UCSD-v1_0.main -schedd
 Jun 18 01:23:23 CEST	7957	8068	106492	0	0	1	/home/cms049/home_cream_968993350/CREAM968993350/glide_QujfpU/main/condor/sbin/condor_master -f -pidfile /home/cms049/home_cream_968993350/CREAM968993350/glide_QujfpU/condor_master2.pid       
 Jun 18 01:23:23 CEST	7966	8716	106492	0	4	2	condor_startd -f         
 Jun 18 01:23:23 CEST	13414	76324	139036	0	2	3	edmConfigHash pset.py         
 Jun 18 01:23:23 CEST	---	76324	139036	171	----	----	----
 Jun 18 01:24:27 CEST	14010	768180	978320	171	32	67	cmsRun -j /home/cms049/home_cream_968993350/CREAM968993350/glide_QujfpU/execute/dir_12686/crab_fjr_19.xml -p pset.py      
 Jun 18 01:24:27 CEST	---	768180	978320	175	----	----	----
 Jun 18 01:26:33 CEST	14010	795860	1013820	175	124	192	cmsRun -j /home/cms049/home_cream_968993350/CREAM968993350/glide_QujfpU/execute/dir_12686/crab_fjr_19.xml -p pset.py      
 Jun 18 01:28:39 CEST	14010	799084	1022296	175	216	320	cmsRun -j /home/cms049/home_cream_968993350/CREAM968993350/glide_QujfpU/execute/dir_12686/crab_fjr_19.xml -p pset.py      
 Jun 18 01:29:43 CEST	14010	803136	1022296	175	264	384	cmsRun -j /home/cms049/home_cream_968993350/CREAM968993350/glide_QujfpU/execute/dir_12686/crab_fjr_19.xml -p pset.py      
 Jun 18 01:30:47 CEST	14010	807072	1031768	175	307	448	cmsRun -j /home/cms049/home_cream_968993350/CREAM968993350/glide_QujfpU/execute/dir_12686/crab_fjr_19.xml -p pset.py      
 Jun 18 01:31:51 CEST	---	807072	1031768	179	----	----	----
********** WATCHDOG LOG ENDED
ZIPPING WATCHDOG LOG
Disk space used:
du -sh /home/cms049/home_cream_968993350/CREAM968993350/glide_QujfpU/execute/dir_12686
179M	/home/cms049/home_cream_968993350/CREAM968993350/glide_QujfpU/execute/dir_12686
Found unusual stdout, rename for OSB
`/home/cms049/home_cream_968993350/CREAM968993350/glide_QujfpU/execute/dir_12686/_condor_stdout' -> `CMSSW_19.stdout'
Found unusual stderr, rename for OSB
`/home/cms049/home_cream_968993350/CREAM968993350/glide_QujfpU/execute/dir_12686/_condor_stdout' -> `CMSSW_19.stderr'
crab_fjr_19.xml
CMSSW_19.stdout
CMSSW_19.stderr
Watchdog_19.log.gz
Total Output dimension: 70097
WARNING: output files size limit is set to: 50000000
Total Output dimension 70097 is fine.
JOB_EXIT_STATUS = 0
>>> info for dashboard:
***** Cat /home/cms049/home_cream_968993350/CREAM968993350/glide_QujfpU/execute/dir_12686/jobreport.txt *****
MonitorJobID=19_https://submit-6.t2.ucsd.edu//140616//168553.18
MonitorID=calabria_MuMinus100_Case1_ReReco_8e5c3i
ExeTime=461
ExeExitCode=0
StageOutExitStatusReason = 'Copy succedeed with srm-lcg utils'
StageOutSE = storm-se-01.ba.infn.it
StageOutExitStatus = 0
CrabUserCpuTime=331.62
CrabSysCpuTime=6.03
CrabCpuPercentage=73%
CrabWrapperTime=600
CrabStageoutTime=51
JobExitCode=0
***** End Cat jobreport *****
Parameters sent to Dashboard.
EXITING at Wed Jun 18 01:33:08 CEST 2014  -  Tue Jun 17 23:33:08 UTC 2014
