This script was generated by crab (version 2.10.5_patch1).
Running /home/cms036/home_cream_832198111/CREAM832198111/glide_T7HHGw/execute/dir_31615/condor_exec.exe with 2 positional parameters: 9 1
Today is Wed Jun 18 00:51:11 CEST 2014 - Tue Jun 17 22:51:11 UTC 2014
Job submitted on host pccms115.ba.infn.it
Linux pccms115.ba.infn.it 2.6.32-358.23.2.el6.x86_64 #1 SMP Thu Oct 17 10:27:22 CEST 2013 x86_64 x86_64 x86_64 GNU/Linux
>>> current directory (RUNTIME_AREA): /home/cms036/home_cream_832198111/CREAM832198111/glide_T7HHGw/execute/dir_31615
>>> current user: uid=18592(cms036) gid=1399(cms) groups=1399(cms)
>>> directory permission set to 0700
>>> umask set to:  u=rwx,g=,o=
>>> stdout stderr permission set to 0704
>>> voms proxy information:
subject   : /C=IT/O=INFN/OU=Personal Certificate/L=Bari/CN=Cesare Calabria/CN=477126703/CN=79434295
issuer    : /C=IT/O=INFN/OU=Personal Certificate/L=Bari/CN=Cesare Calabria/CN=477126703
identity  : /C=IT/O=INFN/OU=Personal Certificate/L=Bari/CN=Cesare Calabria
type      : RFC3820 compliant limited proxy
strength  : 1024
path      : /home/cms036/home_cream_832198111/CREAM832198111/glide_T7HHGw/execute/dir_31615/x509up_u50707
timeleft  : 23:59:24
key usage : Digital Signature, Key Encipherment, Data Encipherment
=== VO cms extension information ===
VO        : cms
subject   : /C=IT/O=INFN/OU=Personal Certificate/L=Bari/CN=Cesare Calabria
issuer    : /DC=ch/DC=cern/OU=computers/CN=voms.cern.ch
attribute : /cms/Role=NULL/Capability=NULL
attribute : /cms/itcms/Role=NULL/Capability=NULL
timeleft  : 154:33:08
uri       : voms.cern.ch:15002

WNHostName=pccms115.ba.infn.it
>>> tar --no-same-permissions -xf /home/cms036/home_cream_832198111/CREAM832198111/glide_T7HHGw/execute/dir_31615/default.tgz :
Successful untar
>>> Include /home/cms036/home_cream_832198111/CREAM832198111/glide_T7HHGw/execute/dir_31615 in PYTHONPATH:
strip arguments
env var CRAB_UNIQUE_JOB_ID set to: calabria_MuMinus50_Case5_ReReco_5k2yt6_9_1_4B6
out_files_9
>>> list of expected files on output sandbox
output files: crab_fjr_9.xml CMSSW_9.stdout CMSSW_9.stderr Watchdog_9.log.gz
>>> GridFlavour discovery: 
GridFlavour=LCG
>>> SyncSite discovery: 
SyncSite=T2_IT_Bari
>>> SyncCE discovery: 
getting SyncCE from CE_ID
SyncCE=cream-ce-2.ba.infn.it:8443/cream-pbs-cms
>>> info for dashboard:
***** Cat /home/cms036/home_cream_832198111/CREAM832198111/glide_T7HHGw/execute/dir_31615/jobreport.txt *****
WNHostName=pccms115.ba.infn.it
MonitorJobID=9_https://submit-4.t2.ucsd.edu//140616//222486.8
SyncGridJobId=https://submit-4.t2.ucsd.edu//140616//222486.8
MonitorID=calabria_MuMinus50_Case5_ReReco_5k2yt6
GridFlavour=LCG
SyncSite=T2_IT_Bari
SyncCE=cream-ce-2.ba.infn.it:8443/cream-pbs-cms
***** End Cat jobreport *****
Parameters sent to Dashboard.
>>> setup environment
set SCRAM ARCH to slc5_amd64_gcc472
SCRAM_ARCH = slc5_amd64_gcc472
>>> setup CMS LCG environment:
set SCRAM ARCH and BUILD_ARCH to slc5_amd64_gcc472 ###
Sourcing environment... 
sourcing /cvmfs/cms.cern.ch/cmsset_default.sh
==> setup cms environment ok
>>> specific cmssw setup environment:
CMSSW_VERSION =  CMSSW_6_2_0_SLHC12
>>> current directory (SOFTWARE_DIR): /home/cms036/home_cream_832198111/CREAM832198111/glide_T7HHGw/execute/dir_31615/CMSSW_6_2_0_SLHC12
PreserveSeeds: <>
IncrementSeeds:<>
>>> info for dashboard:
***** Cat /home/cms036/home_cream_832198111/CREAM832198111/glide_T7HHGw/execute/dir_31615/jobreport.txt *****
MonitorJobID=9_https://submit-4.t2.ucsd.edu//140616//222486.8
MonitorID=calabria_MuMinus50_Case5_ReReco_5k2yt6
***** End Cat jobreport *****
Parameters sent to Dashboard.
crabWatchdog started as process 3265
>>> moving CMSSW software directories in /home/cms036/home_cream_832198111/CREAM832198111/glide_T7HHGw/execute/dir_31615/CMSSW_6_2_0_SLHC12
mv: cannot stat `/home/cms036/home_cream_832198111/CREAM832198111/glide_T7HHGw/execute/dir_31615/module/': No such file or directory
>>> Include /home/cms036/home_cream_832198111/CREAM832198111/glide_T7HHGw/execute/dir_31615 in PYTHONPATH:
PYTHONPATH=/home/cms036/home_cream_832198111/CREAM832198111/glide_T7HHGw/execute/dir_31615/:/home/cms036/home_cream_832198111/CREAM832198111/glide_T7HHGw/execute/dir_31615/CMSSW_6_2_0_SLHC12/python:/home/cms036/home_cream_832198111/CREAM832198111/glide_T7HHGw/execute/dir_31615/CMSSW_6_2_0_SLHC12/lib/slc5_amd64_gcc472:/cvmfs/cms.cern.ch/slc5_amd64_gcc472/cms/cmssw/CMSSW_6_2_0_SLHC12/python:/cvmfs/cms.cern.ch/slc5_amd64_gcc472/cms/cmssw/CMSSW_6_2_0_SLHC12/lib/slc5_amd64_gcc472:/cvmfs/cms.cern.ch/slc5_amd64_gcc472/cms/coral/CORAL_2_3_21-cms36/slc5_amd64_gcc472/python:/cvmfs/cms.cern.ch/slc5_amd64_gcc472/cms/coral/CORAL_2_3_21-cms36/slc5_amd64_gcc472/lib:/cvmfs/cms.cern.ch/slc5_amd64_gcc472/external/pyqt/4.8.1-cms6/lib/python2.7/site-packages:/cvmfs/cms.cern.ch/slc5_amd64_gcc472/external/py2-scipy/0.8.0-cms8/lib/python2.7/site-packages:/cvmfs/cms.cern.ch/slc5_amd64_gcc472/external/py2-matplotlib/1.0.1-cms8/lib/python2.7/site-packages:/cvmfs/cms.cern.ch/slc5_amd64_gcc472/external/python-ldap/2.3.5-cms6/lib/python2.7/site-packages:/cvmfs/cms.cern.ch/slc5_amd64_gcc472/external/sip/4.11.2-cms6/lib/python2.7/site-packages:/cvmfs/cms.cern.ch/slc5_amd64_gcc472/external/py2-pycurl/7.19.0-cms8/lib/python2.7/site-packages:/cvmfs/cms.cern.ch/slc5_amd64_gcc472/external/py2-numpy/1.6.1-cms8/lib/python2.7/site-packages:/cvmfs/cms.cern.ch/slc5_amd64_gcc472/external/py2-lint/0.25.1-cms6/lib/python2.7/site-packages:/cvmfs/cms.cern.ch/slc5_amd64_gcc472/external/py2-ipython/0.10-cms6/lib/python2.7/site-packages:/cvmfs/cms.cern.ch/slc5_amd64_gcc472/external/py2-cx-oracle/5.1-cms7/lib/python2.7/site-packages:/cvmfs/cms.cern.ch/slc5_amd64_gcc472/external/py2-cjson/1.0.5-cms6/lib/python2.7/site-packages:/cvmfs/cms.cern.ch/slc5_amd64_gcc472/cms/das-client/1.11.7/bin:/cvmfs/cms.cern.ch/slc5_amd64_gcc472/external/elementtree/1.2.6-cms6/share/lib/python2.7/site-packages:/cvmfs/cms.cern.ch/slc5_amd64_gcc472/external/rivet/1.8.2-cms8/lib/python2.7/site-packages:/cvmfs/cms.cern.ch/slc5_amd64_gcc472/external/pyminuit2/0.0.1-cms19/lib/python2.7/site-packages:/cvmfs/cms.cern.ch/slc5_amd64_gcc472/external/py2-pygithub/1.23.0/lib/python2.7/site-packages:/cvmfs/cms.cern.ch/slc5_amd64_gcc472/external/professor/1.0.0-cms19/lib/python2.7/site-packages:/cvmfs/cms.cern.ch/slc5_amd64_gcc472/lcg/root/5.34.07-cms/lib:/cvmfs/cms.cern.ch/slc5_amd64_gcc472/cms/dbs-client/DBS_2_1_9-cms5/lib:/cvmfs/cms.cern.ch/slc5_amd64_gcc472/cms/dbs-client/DBS_2_1_9-cms5/lib/DBSAPI:/cvmfs/cms.cern.ch/slc5_amd64_gcc472/external/cvs2git/5419-cms/lib:/home/cms036/home_cream_832198111/CREAM832198111/glide_T7HHGw/execute/dir_31615/
 
# LIMITS USED BY CRAB WATCHDOG:
# RSS  (KBytes)   : 2300000
# VSZ  (KBytes)   : 100000000
# DISK (MBytes)   : 19000
# CPU TIME        : 720h:0m:0s
# WALL CLOCK TIME : 21h:50m:0s
 
5854dd31cbd3cdec44c48628cc181cf0
PSETHASH = 5854dd31cbd3cdec44c48628cc181cf0
/home/cms036/home_cream_832198111/CREAM832198111/glide_T7HHGw/execute/dir_31615/writeCfg.py pset.py pset.py
Importing .py file
Setting parameters
RandomNumberGeneratorService found, will attempt to change seeds
inputBlocks=/calabria_SingleMuPt50_GEN-SIM-DIGI-RECO_CMSSW_6_2_0_SLHC12_2023Scenario_Case5/calabria-calabria_SingleMuPt50_GEN-SIM-DIGI-RECO_CMSSW_6_2_0_SLHC12_2023Scenario_Case5-b751428e425b1090114480565dd0c2b6/USER#626531c3-8bc9-4012-8de4-e4bf69a7d0b3
inputFiles=/store/user/calabria/calabria_SingleMuPt50_GEN-SIM-DIGI-RECO_CMSSW_6_2_0_SLHC12_2023Scenario_Case5/calabria_SingleMuPt50_GEN-SIM-DIGI-RECO_CMSSW_6_2_0_SLHC12_2023Scenario_Case5/b751428e425b1090114480565dd0c2b6/out_reco_324_1_yOF.root;/store/user/calabria/calabria_SingleMuPt50_GEN-SIM-DIGI-RECO_CMSSW_6_2_0_SLHC12_2023Scenario_Case5/calabria_SingleMuPt50_GEN-SIM-DIGI-RECO_CMSSW_6_2_0_SLHC12_2023Scenario_Case5/b751428e425b1090114480565dd0c2b6/out_reco_325_1_kXn.root;/store/user/calabria/calabria_SingleMuPt50_GEN-SIM-DIGI-RECO_CMSSW_6_2_0_SLHC12_2023Scenario_Case5/calabria_SingleMuPt50_GEN-SIM-DIGI-RECO_CMSSW_6_2_0_SLHC12_2023Scenario_Case5/b751428e425b1090114480565dd0c2b6/out_reco_326_1_6qn.root;/store/user/calabria/calabria_SingleMuPt50_GEN-SIM-DIGI-RECO_CMSSW_6_2_0_SLHC12_2023Scenario_Case5/calabria_SingleMuPt50_GEN-SIM-DIGI-RECO_CMSSW_6_2_0_SLHC12_2023Scenario_Case5/b751428e425b1090114480565dd0c2b6/out_reco_327_1_JS4.root;/store/user/calabria/calabria_SingleMuPt50_GEN-SIM-DIGI-RECO_CMSSW_6_2_0_SLHC12_2023Scenario_Case5/calabria_SingleMuPt50_GEN-SIM-DIGI-RECO_CMSSW_6_2_0_SLHC12_2023Scenario_Case5/b751428e425b1090114480565dd0c2b6/out_reco_328_1_C9D.root;/store/user/calabria/calabria_SingleMuPt50_GEN-SIM-DIGI-RECO_CMSSW_6_2_0_SLHC12_2023Scenario_Case5/calabria_SingleMuPt50_GEN-SIM-DIGI-RECO_CMSSW_6_2_0_SLHC12_2023Scenario_Case5/b751428e425b1090114480565dd0c2b6/out_reco_331_1_GNp.root;/store/user/calabria/calabria_SingleMuPt50_GEN-SIM-DIGI-RECO_CMSSW_6_2_0_SLHC12_2023Scenario_Case5/calabria_SingleMuPt50_GEN-SIM-DIGI-RECO_CMSSW_6_2_0_SLHC12_2023Scenario_Case5/b751428e425b1090114480565dd0c2b6/out_reco_332_1_6Py.root;/store/user/calabria/calabria_SingleMuPt50_GEN-SIM-DIGI-RECO_CMSSW_6_2_0_SLHC12_2023Scenario_Case5/calabria_SingleMuPt50_GEN-SIM-DIGI-RECO_CMSSW_6_2_0_SLHC12_2023Scenario_Case5/b751428e425b1090114480565dd0c2b6/out_reco_333_1_ikB.root;/store/user/calabria/calabria_SingleMuPt50_GEN-SIM-DIGI-RECO_CMSSW_6_2_0_SLHC12_2023Scenario_Case5/calabria_SingleMuPt50_GEN-SIM-DIGI-RECO_CMSSW_6_2_0_SLHC12_2023Scenario_Case5/b751428e425b1090114480565dd0c2b6/out_reco_334_1_8kP.root;/store/user/calabria/calabria_SingleMuPt50_GEN-SIM-DIGI-RECO_CMSSW_6_2_0_SLHC12_2023Scenario_Case5/calabria_SingleMuPt50_GEN-SIM-DIGI-RECO_CMSSW_6_2_0_SLHC12_2023Scenario_Case5/b751428e425b1090114480565dd0c2b6/out_reco_335_1_ef4.root
parentFiles=
lumisRange=
>>> Executable cmsRun
/cvmfs/cms.cern.ch/slc5_amd64_gcc472/cms/cmssw/CMSSW_6_2_0_SLHC12/bin/slc5_amd64_gcc472/cmsRun
ok executable found
>>> info for dashboard:
***** Cat /home/cms036/home_cream_832198111/CREAM832198111/glide_T7HHGw/execute/dir_31615/jobreport.txt *****
MonitorJobID=9_https://submit-4.t2.ucsd.edu//140616//222486.8
MonitorID=calabria_MuMinus50_Case5_ReReco_5k2yt6
ExeStart=cmsRun
***** End Cat jobreport *****
Parameters sent to Dashboard.
>>> cmsRun started at Tue Jun 17 22:51:39 UTC 2014
>>> cmsRun ended at Tue Jun 17 22:59:37 UTC 2014
>>> crab_fjr_*.xml  permission set to 0704
>>> info for dashboard:
***** Cat /home/cms036/home_cream_832198111/CREAM832198111/glide_T7HHGw/execute/dir_31615/jobreport.txt *****
MonitorJobID=9_https://submit-4.t2.ucsd.edu//140616//222486.8
MonitorID=calabria_MuMinus50_Case5_ReReco_5k2yt6
ExeEnd=cmsRun
***** End Cat jobreport *****
Parameters sent to Dashboard.
TIME_EXE = 478 sec
>>> cmsRun wrote 50 lines of stdout+stderr
>>> START OF printout of 50 lines from stdout+stderr
271 DQMStore::DQMStore 
HcalTopologyIdealEP::HcalTopologyIdealEP
18-Jun-2014 00:52:13 CEST  Initiating request to open file file:/lustre/cms//store/user/calabria/calabria_SingleMuPt50_GEN-SIM-DIGI-RECO_CMSSW_6_2_0_SLHC12_2023Scenario_Case5/calabria_SingleMuPt50_GEN-SIM-DIGI-RECO_CMSSW_6_2_0_SLHC12_2023Scenario_Case5/b751428e425b1090114480565dd0c2b6/out_reco_324_1_yOF.root
18-Jun-2014 00:52:15 CEST  Successfully opened file file:/lustre/cms//store/user/calabria/calabria_SingleMuPt50_GEN-SIM-DIGI-RECO_CMSSW_6_2_0_SLHC12_2023Scenario_Case5/calabria_SingleMuPt50_GEN-SIM-DIGI-RECO_CMSSW_6_2_0_SLHC12_2023Scenario_Case5/b751428e425b1090114480565dd0c2b6/out_reco_324_1_yOF.root
18-Jun-2014 00:53:07 CEST  Closed file file:/lustre/cms//store/user/calabria/calabria_SingleMuPt50_GEN-SIM-DIGI-RECO_CMSSW_6_2_0_SLHC12_2023Scenario_Case5/calabria_SingleMuPt50_GEN-SIM-DIGI-RECO_CMSSW_6_2_0_SLHC12_2023Scenario_Case5/b751428e425b1090114480565dd0c2b6/out_reco_324_1_yOF.root
18-Jun-2014 00:53:07 CEST  Initiating request to open file file:/lustre/cms//store/user/calabria/calabria_SingleMuPt50_GEN-SIM-DIGI-RECO_CMSSW_6_2_0_SLHC12_2023Scenario_Case5/calabria_SingleMuPt50_GEN-SIM-DIGI-RECO_CMSSW_6_2_0_SLHC12_2023Scenario_Case5/b751428e425b1090114480565dd0c2b6/out_reco_325_1_kXn.root
18-Jun-2014 00:53:08 CEST  Successfully opened file file:/lustre/cms//store/user/calabria/calabria_SingleMuPt50_GEN-SIM-DIGI-RECO_CMSSW_6_2_0_SLHC12_2023Scenario_Case5/calabria_SingleMuPt50_GEN-SIM-DIGI-RECO_CMSSW_6_2_0_SLHC12_2023Scenario_Case5/b751428e425b1090114480565dd0c2b6/out_reco_325_1_kXn.root
18-Jun-2014 00:53:34 CEST  Closed file file:/lustre/cms//store/user/calabria/calabria_SingleMuPt50_GEN-SIM-DIGI-RECO_CMSSW_6_2_0_SLHC12_2023Scenario_Case5/calabria_SingleMuPt50_GEN-SIM-DIGI-RECO_CMSSW_6_2_0_SLHC12_2023Scenario_Case5/b751428e425b1090114480565dd0c2b6/out_reco_325_1_kXn.root
18-Jun-2014 00:53:34 CEST  Initiating request to open file file:/lustre/cms//store/user/calabria/calabria_SingleMuPt50_GEN-SIM-DIGI-RECO_CMSSW_6_2_0_SLHC12_2023Scenario_Case5/calabria_SingleMuPt50_GEN-SIM-DIGI-RECO_CMSSW_6_2_0_SLHC12_2023Scenario_Case5/b751428e425b1090114480565dd0c2b6/out_reco_326_1_6qn.root
18-Jun-2014 00:53:35 CEST  Successfully opened file file:/lustre/cms//store/user/calabria/calabria_SingleMuPt50_GEN-SIM-DIGI-RECO_CMSSW_6_2_0_SLHC12_2023Scenario_Case5/calabria_SingleMuPt50_GEN-SIM-DIGI-RECO_CMSSW_6_2_0_SLHC12_2023Scenario_Case5/b751428e425b1090114480565dd0c2b6/out_reco_326_1_6qn.root
18-Jun-2014 00:54:27 CEST  Closed file file:/lustre/cms//store/user/calabria/calabria_SingleMuPt50_GEN-SIM-DIGI-RECO_CMSSW_6_2_0_SLHC12_2023Scenario_Case5/calabria_SingleMuPt50_GEN-SIM-DIGI-RECO_CMSSW_6_2_0_SLHC12_2023Scenario_Case5/b751428e425b1090114480565dd0c2b6/out_reco_326_1_6qn.root
18-Jun-2014 00:54:27 CEST  Initiating request to open file file:/lustre/cms//store/user/calabria/calabria_SingleMuPt50_GEN-SIM-DIGI-RECO_CMSSW_6_2_0_SLHC12_2023Scenario_Case5/calabria_SingleMuPt50_GEN-SIM-DIGI-RECO_CMSSW_6_2_0_SLHC12_2023Scenario_Case5/b751428e425b1090114480565dd0c2b6/out_reco_327_1_JS4.root
18-Jun-2014 00:54:28 CEST  Successfully opened file file:/lustre/cms//store/user/calabria/calabria_SingleMuPt50_GEN-SIM-DIGI-RECO_CMSSW_6_2_0_SLHC12_2023Scenario_Case5/calabria_SingleMuPt50_GEN-SIM-DIGI-RECO_CMSSW_6_2_0_SLHC12_2023Scenario_Case5/b751428e425b1090114480565dd0c2b6/out_reco_327_1_JS4.root
18-Jun-2014 00:55:21 CEST  Closed file file:/lustre/cms//store/user/calabria/calabria_SingleMuPt50_GEN-SIM-DIGI-RECO_CMSSW_6_2_0_SLHC12_2023Scenario_Case5/calabria_SingleMuPt50_GEN-SIM-DIGI-RECO_CMSSW_6_2_0_SLHC12_2023Scenario_Case5/b751428e425b1090114480565dd0c2b6/out_reco_327_1_JS4.root
18-Jun-2014 00:55:21 CEST  Initiating request to open file file:/lustre/cms//store/user/calabria/calabria_SingleMuPt50_GEN-SIM-DIGI-RECO_CMSSW_6_2_0_SLHC12_2023Scenario_Case5/calabria_SingleMuPt50_GEN-SIM-DIGI-RECO_CMSSW_6_2_0_SLHC12_2023Scenario_Case5/b751428e425b1090114480565dd0c2b6/out_reco_328_1_C9D.root
18-Jun-2014 00:55:21 CEST  Successfully opened file file:/lustre/cms//store/user/calabria/calabria_SingleMuPt50_GEN-SIM-DIGI-RECO_CMSSW_6_2_0_SLHC12_2023Scenario_Case5/calabria_SingleMuPt50_GEN-SIM-DIGI-RECO_CMSSW_6_2_0_SLHC12_2023Scenario_Case5/b751428e425b1090114480565dd0c2b6/out_reco_328_1_C9D.root
18-Jun-2014 00:56:02 CEST  Closed file file:/lustre/cms//store/user/calabria/calabria_SingleMuPt50_GEN-SIM-DIGI-RECO_CMSSW_6_2_0_SLHC12_2023Scenario_Case5/calabria_SingleMuPt50_GEN-SIM-DIGI-RECO_CMSSW_6_2_0_SLHC12_2023Scenario_Case5/b751428e425b1090114480565dd0c2b6/out_reco_328_1_C9D.root
18-Jun-2014 00:56:02 CEST  Initiating request to open file file:/lustre/cms//store/user/calabria/calabria_SingleMuPt50_GEN-SIM-DIGI-RECO_CMSSW_6_2_0_SLHC12_2023Scenario_Case5/calabria_SingleMuPt50_GEN-SIM-DIGI-RECO_CMSSW_6_2_0_SLHC12_2023Scenario_Case5/b751428e425b1090114480565dd0c2b6/out_reco_331_1_GNp.root
18-Jun-2014 00:56:03 CEST  Successfully opened file file:/lustre/cms//store/user/calabria/calabria_SingleMuPt50_GEN-SIM-DIGI-RECO_CMSSW_6_2_0_SLHC12_2023Scenario_Case5/calabria_SingleMuPt50_GEN-SIM-DIGI-RECO_CMSSW_6_2_0_SLHC12_2023Scenario_Case5/b751428e425b1090114480565dd0c2b6/out_reco_331_1_GNp.root
18-Jun-2014 00:57:24 CEST  Closed file file:/lustre/cms//store/user/calabria/calabria_SingleMuPt50_GEN-SIM-DIGI-RECO_CMSSW_6_2_0_SLHC12_2023Scenario_Case5/calabria_SingleMuPt50_GEN-SIM-DIGI-RECO_CMSSW_6_2_0_SLHC12_2023Scenario_Case5/b751428e425b1090114480565dd0c2b6/out_reco_331_1_GNp.root
18-Jun-2014 00:57:24 CEST  Initiating request to open file file:/lustre/cms//store/user/calabria/calabria_SingleMuPt50_GEN-SIM-DIGI-RECO_CMSSW_6_2_0_SLHC12_2023Scenario_Case5/calabria_SingleMuPt50_GEN-SIM-DIGI-RECO_CMSSW_6_2_0_SLHC12_2023Scenario_Case5/b751428e425b1090114480565dd0c2b6/out_reco_332_1_6Py.root
18-Jun-2014 00:57:25 CEST  Successfully opened file file:/lustre/cms//store/user/calabria/calabria_SingleMuPt50_GEN-SIM-DIGI-RECO_CMSSW_6_2_0_SLHC12_2023Scenario_Case5/calabria_SingleMuPt50_GEN-SIM-DIGI-RECO_CMSSW_6_2_0_SLHC12_2023Scenario_Case5/b751428e425b1090114480565dd0c2b6/out_reco_332_1_6Py.root
18-Jun-2014 00:58:04 CEST  Closed file file:/lustre/cms//store/user/calabria/calabria_SingleMuPt50_GEN-SIM-DIGI-RECO_CMSSW_6_2_0_SLHC12_2023Scenario_Case5/calabria_SingleMuPt50_GEN-SIM-DIGI-RECO_CMSSW_6_2_0_SLHC12_2023Scenario_Case5/b751428e425b1090114480565dd0c2b6/out_reco_332_1_6Py.root
18-Jun-2014 00:58:04 CEST  Initiating request to open file file:/lustre/cms//store/user/calabria/calabria_SingleMuPt50_GEN-SIM-DIGI-RECO_CMSSW_6_2_0_SLHC12_2023Scenario_Case5/calabria_SingleMuPt50_GEN-SIM-DIGI-RECO_CMSSW_6_2_0_SLHC12_2023Scenario_Case5/b751428e425b1090114480565dd0c2b6/out_reco_333_1_ikB.root
18-Jun-2014 00:58:04 CEST  Successfully opened file file:/lustre/cms//store/user/calabria/calabria_SingleMuPt50_GEN-SIM-DIGI-RECO_CMSSW_6_2_0_SLHC12_2023Scenario_Case5/calabria_SingleMuPt50_GEN-SIM-DIGI-RECO_CMSSW_6_2_0_SLHC12_2023Scenario_Case5/b751428e425b1090114480565dd0c2b6/out_reco_333_1_ikB.root
18-Jun-2014 00:58:26 CEST  Closed file file:/lustre/cms//store/user/calabria/calabria_SingleMuPt50_GEN-SIM-DIGI-RECO_CMSSW_6_2_0_SLHC12_2023Scenario_Case5/calabria_SingleMuPt50_GEN-SIM-DIGI-RECO_CMSSW_6_2_0_SLHC12_2023Scenario_Case5/b751428e425b1090114480565dd0c2b6/out_reco_333_1_ikB.root
18-Jun-2014 00:58:26 CEST  Initiating request to open file file:/lustre/cms//store/user/calabria/calabria_SingleMuPt50_GEN-SIM-DIGI-RECO_CMSSW_6_2_0_SLHC12_2023Scenario_Case5/calabria_SingleMuPt50_GEN-SIM-DIGI-RECO_CMSSW_6_2_0_SLHC12_2023Scenario_Case5/b751428e425b1090114480565dd0c2b6/out_reco_334_1_8kP.root
18-Jun-2014 00:58:26 CEST  Successfully opened file file:/lustre/cms//store/user/calabria/calabria_SingleMuPt50_GEN-SIM-DIGI-RECO_CMSSW_6_2_0_SLHC12_2023Scenario_Case5/calabria_SingleMuPt50_GEN-SIM-DIGI-RECO_CMSSW_6_2_0_SLHC12_2023Scenario_Case5/b751428e425b1090114480565dd0c2b6/out_reco_334_1_8kP.root
18-Jun-2014 00:59:00 CEST  Closed file file:/lustre/cms//store/user/calabria/calabria_SingleMuPt50_GEN-SIM-DIGI-RECO_CMSSW_6_2_0_SLHC12_2023Scenario_Case5/calabria_SingleMuPt50_GEN-SIM-DIGI-RECO_CMSSW_6_2_0_SLHC12_2023Scenario_Case5/b751428e425b1090114480565dd0c2b6/out_reco_334_1_8kP.root
18-Jun-2014 00:59:00 CEST  Initiating request to open file file:/lustre/cms//store/user/calabria/calabria_SingleMuPt50_GEN-SIM-DIGI-RECO_CMSSW_6_2_0_SLHC12_2023Scenario_Case5/calabria_SingleMuPt50_GEN-SIM-DIGI-RECO_CMSSW_6_2_0_SLHC12_2023Scenario_Case5/b751428e425b1090114480565dd0c2b6/out_reco_335_1_ef4.root
18-Jun-2014 00:59:00 CEST  Successfully opened file file:/lustre/cms//store/user/calabria/calabria_SingleMuPt50_GEN-SIM-DIGI-RECO_CMSSW_6_2_0_SLHC12_2023Scenario_Case5/calabria_SingleMuPt50_GEN-SIM-DIGI-RECO_CMSSW_6_2_0_SLHC12_2023Scenario_Case5/b751428e425b1090114480565dd0c2b6/out_reco_335_1_ef4.root
18-Jun-2014 00:59:37 CEST  Closed file file:/lustre/cms//store/user/calabria/calabria_SingleMuPt50_GEN-SIM-DIGI-RECO_CMSSW_6_2_0_SLHC12_2023Scenario_Case5/calabria_SingleMuPt50_GEN-SIM-DIGI-RECO_CMSSW_6_2_0_SLHC12_2023Scenario_Case5/b751428e425b1090114480565dd0c2b6/out_reco_335_1_ef4.root

=============================================

MessageLogger Summary

 type     category        sev    module        subroutine        count    total
 ---- -------------------- -- ---------------- ----------------  -----    -----
    1 fileAction           -s file_close                            10       10
    2 fileAction           -s file_open                             20       20

 type    category    Examples: run/evt        run/evt          run/evt
 ---- -------------------- ---------------- ---------------- ----------------
    1 fileAction           PostProcessEvent PostProcessEvent PostEndRun
    2 fileAction           pre-events       pre-events       PostProcessEvent

Severity    # Occurrences   Total Occurrences
--------    -------------   -----------------
System                 30                  30
>>> END OF printout of 50 lines from stdout+stderr
>>> Parse FrameworkJobReport crab_fjr.xml
Result of parsing the FrameworkJobReport crab_fjr.xml: Popularity start
lumisRange : 1::::1;1::::2;1::::3;1::::4;1::::5;1::::6;1::::7;1::::8;1::::9;1::::10;
lumisParentRange : 
Basename : /store/user/calabria/calabria_SingleMuPt50_GEN-SIM-DIGI-RECO_CMSSW_6_2_0_SLHC12_2023Scenario_Case5/calabria_SingleMuPt50_GEN-SIM-DIGI-RECO_CMSSW_6_2_0_SLHC12_2023Scenario_Case5/b751428e425b1090114480565dd0c2b6/out_reco_3
BasenameParent : 
parentFiles : 
inputBlocks : /calabria_SingleMuPt50_GEN-SIM-DIGI-RECO_CMSSW_6_2_0_SLHC12_2023Scenario_Case5/calabria-calabria_SingleMuPt50_GEN-SIM-DIGI-RECO_CMSSW_6_2_0_SLHC12_2023Scenario_Case5-b751428e425b1090114480565dd0c2b6/USER#626531c3-8bc9-4012-8de4-e4bf69a7d0b3
inputFiles : 34_1_8kP.root::1::EDM::Local::1;32_1_6Py.root::1::EDM::Local::2;26_1_6qn.root::1::EDM::Local::3;33_1_ikB.root::1::EDM::Local::4;31_1_GNp.root::1::EDM::Local::5;24_1_yOF.root::1::EDM::Local::6;35_1_ef4.root::1::EDM::Local::7;28_1_C9D.root::1::EDM::Local::8;27_1_JS4.root::1::EDM::Local::9;25_1_kXn.root::1::EDM::Local::10;
Popularity stop
Extracted ExitStatus from FrameworkJobReport parsing output: 0
>>> Executable succeded  0
ExeExitCode=0
EXECUTABLE_EXIT_STATUS = 0
>>> current directory /home/cms036/home_cream_832198111/CREAM832198111/glide_T7HHGw/execute/dir_31615/CMSSW_6_2_0_SLHC12
>>>  (SOFTWARE_DIR): /home/cms036/home_cream_832198111/CREAM832198111/glide_T7HHGw/execute/dir_31615/CMSSW_6_2_0_SLHC12
>>> (WORKING_DIR): 
>>> current directory content:
total 10108
drwxr-xr-x 3 cms036 cms    4096 Jun 18 00:51 .SCRAM
-rw------- 1 cms036 cms 3739306 Jun 18 00:51 CMSSW.py.pkl
drwxr-xr-x 3 cms036 cms    4096 Jun 18 00:51 bin
drwxr-xr-x 3 cms036 cms    4096 Jun 18 00:51 cfipython
drwxr-xr-x 4 cms036 cms    4096 Jun 18 00:51 config
-rw------- 1 cms036 cms      16 Jun 18 00:59 cpu_timing.txt
drwxr-xr-x 2 cms036 cms    4096 Jun 18 00:51 doc
-rw------- 1 cms036 cms    9925 Jun 18 00:59 executable.out
drwxr-xr-x 2 cms036 cms    4096 Jun 18 00:51 include
drwx------ 3 cms036 cms    4096 Apr 28 18:12 lib
drwxr-xr-x 3 cms036 cms    4096 Jun 18 00:51 logs
drwxr-xr-x 3 cms036 cms    4096 Jun 18 00:51 objs
-rw------- 1 cms036 cms     104 Jun 18 00:51 pset.py
-rw------- 1 cms036 cms 3712309 Jun 18 00:51 pset.py.pkl
-rw------- 1 cms036 cms     289 Jun 18 00:51 pset.pyc
drwxr-xr-x 2 cms036 cms    4096 Jun 18 00:51 python
-rw------- 1 cms036 cms     404 Jun 18 00:59 report.log
drwx------ 6 cms036 cms    4096 Jun 18 00:51 src
drwxr-xr-x 3 cms036 cms    4096 Jun 18 00:51 test
drwxr-xr-x 3 cms036 cms    4096 Jun 18 00:51 tmp
-rw------- 1 cms036 cms 2801163 Jun 18 00:59 validationEDM.root
>>> current directory /home/cms036/home_cream_832198111/CREAM832198111/glide_T7HHGw/execute/dir_31615/CMSSW_6_2_0_SLHC12
>>> (SOFTWARE_DIR): /home/cms036/home_cream_832198111/CREAM832198111/glide_T7HHGw/execute/dir_31615/CMSSW_6_2_0_SLHC12
>>> (WORKING_DIR): 
>>> current directory content:
total 10108
drwxr-xr-x 3 cms036 cms    4096 Jun 18 00:51 .SCRAM
-rw------- 1 cms036 cms 3739306 Jun 18 00:51 CMSSW.py.pkl
drwxr-xr-x 3 cms036 cms    4096 Jun 18 00:51 bin
drwxr-xr-x 3 cms036 cms    4096 Jun 18 00:51 cfipython
drwxr-xr-x 4 cms036 cms    4096 Jun 18 00:51 config
-rw------- 1 cms036 cms      16 Jun 18 00:59 cpu_timing.txt
drwxr-xr-x 2 cms036 cms    4096 Jun 18 00:51 doc
-rw------- 1 cms036 cms    9925 Jun 18 00:59 executable.out
drwxr-xr-x 2 cms036 cms    4096 Jun 18 00:51 include
drwx------ 3 cms036 cms    4096 Apr 28 18:12 lib
drwxr-xr-x 3 cms036 cms    4096 Jun 18 00:51 logs
drwxr-xr-x 3 cms036 cms    4096 Jun 18 00:51 objs
-rw------- 1 cms036 cms     104 Jun 18 00:51 pset.py
-rw------- 1 cms036 cms 3712309 Jun 18 00:51 pset.py.pkl
-rw------- 1 cms036 cms     289 Jun 18 00:51 pset.pyc
drwxr-xr-x 2 cms036 cms    4096 Jun 18 00:51 python
-rw------- 1 cms036 cms     404 Jun 18 00:59 report.log
drwx------ 6 cms036 cms    4096 Jun 18 00:51 src
drwxr-xr-x 3 cms036 cms    4096 Jun 18 00:51 test
drwxr-xr-x 3 cms036 cms    4096 Jun 18 00:51 tmp
-rw------- 1 cms036 cms 2801163 Jun 18 00:59 validationEDM_9_1_4B6.root
>>> current directory (RUNTIME_AREA):  /home/cms036/home_cream_832198111/CREAM832198111/glide_T7HHGw/execute/dir_31615
SE = storm-se-01.ba.infn.it
SE_PATH = /srm/managerv2?SFN=//cms/store/user/calabria/calabria_SingleMuPt50_GEN-SIM-DIGI-RECO_CMSSW_6_2_0_SLHC12_2023Scenario_Case5/calabria_MuMinus50_GEN-SIM-DIGI-RECO_CMSSW_6_2_0_SLHC12_2023Scenario_VALNOPU2_Case5/5854dd31cbd3cdec44c48628cc181cf0/
LFNBaseName = /store/user/calabria/calabria_SingleMuPt50_GEN-SIM-DIGI-RECO_CMSSW_6_2_0_SLHC12_2023Scenario_Case5/calabria_MuMinus50_GEN-SIM-DIGI-RECO_CMSSW_6_2_0_SLHC12_2023Scenario_VALNOPU2_Case5/5854dd31cbd3cdec44c48628cc181cf0/
USER = calabria
endpoint = srm://storm-se-01.ba.infn.it:8444/srm/managerv2?SFN=//cms/store/user/calabria/calabria_SingleMuPt50_GEN-SIM-DIGI-RECO_CMSSW_6_2_0_SLHC12_2023Scenario_Case5/calabria_MuMinus50_GEN-SIM-DIGI-RECO_CMSSW_6_2_0_SLHC12_2023Scenario_VALNOPU2_Case5/5854dd31cbd3cdec44c48628cc181cf0/
>>> Copy output files from WN = pccms115.ba.infn.it to /srm/managerv2?SFN=//cms/store/user/calabria/calabria_SingleMuPt50_GEN-SIM-DIGI-RECO_CMSSW_6_2_0_SLHC12_2023Scenario_Case5/calabria_MuMinus50_GEN-SIM-DIGI-RECO_CMSSW_6_2_0_SLHC12_2023Scenario_VALNOPU2_Case5/5854dd31cbd3cdec44c48628cc181cf0/ :
python cmscp.py  --destination srm://storm-se-01.ba.infn.it:8444/srm/managerv2?SFN=//cms/store/user/calabria/calabria_SingleMuPt50_GEN-SIM-DIGI-RECO_CMSSW_6_2_0_SLHC12_2023Scenario_Case5/calabria_MuMinus50_GEN-SIM-DIGI-RECO_CMSSW_6_2_0_SLHC12_2023Scenario_VALNOPU2_Case5/5854dd31cbd3cdec44c48628cc181cf0/ --inputFileList /home/cms036/home_cream_832198111/CREAM832198111/glide_T7HHGw/execute/dir_31615/CMSSW_6_2_0_SLHC12/validationEDM_9_1_4B6.root --middleware LCG --se_name storm-se-01.ba.infn.it --for_lfn /store/user/calabria/calabria_SingleMuPt50_GEN-SIM-DIGI-RECO_CMSSW_6_2_0_SLHC12_2023Scenario_Case5/calabria_MuMinus50_GEN-SIM-DIGI-RECO_CMSSW_6_2_0_SLHC12_2023Scenario_VALNOPU2_Case5/5854dd31cbd3cdec44c48628cc181cf0/    
******************************************************
localSeName  =  storm-se-01.ba.infn.it
remoteSeName =  storm-se-01.ba.infn.it
******************************************************
{"/home/cms036/home_cream_832198111/CREAM832198111/glide_T7HHGw/execute/dir_31615/CMSSW_6_2_0_SLHC12/validationEDM_9_1_4B6.root": {"endpoint": "srm://storm-se-01.ba.infn.it:8444/srm/managerv2?SFN=//cms/store/user/calabria/calabria_SingleMuPt50_GEN-SIM-DIGI-RECO_CMSSW_6_2_0_SLHC12_2023Scenario_Case5/calabria_MuMinus50_GEN-SIM-DIGI-RECO_CMSSW_6_2_0_SLHC12_2023Scenario_VALNOPU2_Case5/5854dd31cbd3cdec44c48628cc181cf0/", "surl_for_grid": "", "reason": "Copy succedeed with srm-lcg utils", "erCode": "0", "se_name": "storm-se-01.ba.infn.it", "for_lfn": "/store/user/calabria/calabria_SingleMuPt50_GEN-SIM-DIGI-RECO_CMSSW_6_2_0_SLHC12_2023Scenario_Case5/calabria_MuMinus50_GEN-SIM-DIGI-RECO_CMSSW_6_2_0_SLHC12_2023Scenario_VALNOPU2_Case5/5854dd31cbd3cdec44c48628cc181cf0/"}}/home/cms036/home_cream_832198111/CREAM832198111/glide_T7HHGw/execute/dir_31615
-------- cat /home/cms036/home_cream_832198111/CREAM832198111/glide_T7HHGw/execute/dir_31615/cmscpReport.sh 
#!/bin/bash
echo "Report for File: /home/cms036/home_cream_832198111/CREAM832198111/glide_T7HHGw/execute/dir_31615/CMSSW_6_2_0_SLHC12/validationEDM_9_1_4B6.root"
echo "LFN: /store/user/calabria/calabria_SingleMuPt50_GEN-SIM-DIGI-RECO_CMSSW_6_2_0_SLHC12_2023Scenario_Case5/calabria_MuMinus50_GEN-SIM-DIGI-RECO_CMSSW_6_2_0_SLHC12_2023Scenario_VALNOPU2_Case5/5854dd31cbd3cdec44c48628cc181cf0/validationEDM_9_1_4B6.root"
echo "StorageElement: storm-se-01.ba.infn.it"
echo "StageOutExitStatusReason = 'Copy succedeed with srm-lcg utils'" | tee -a $RUNTIME_AREA/$repo
echo "StageOutSE = storm-se-01.ba.infn.it" >> $RUNTIME_AREA/$repo

export StageOutExitStatus=0
echo "StageOutExitStatus = 0" | tee -a $RUNTIME_AREA/$repo
-------- end of /home/cms036/home_cream_832198111/CREAM832198111/glide_T7HHGw/execute/dir_31615/cmscpReport.sh 
Report for File: /home/cms036/home_cream_832198111/CREAM832198111/glide_T7HHGw/execute/dir_31615/CMSSW_6_2_0_SLHC12/validationEDM_9_1_4B6.root
LFN: /store/user/calabria/calabria_SingleMuPt50_GEN-SIM-DIGI-RECO_CMSSW_6_2_0_SLHC12_2023Scenario_Case5/calabria_MuMinus50_GEN-SIM-DIGI-RECO_CMSSW_6_2_0_SLHC12_2023Scenario_VALNOPU2_Case5/5854dd31cbd3cdec44c48628cc181cf0/validationEDM_9_1_4B6.root
StorageElement: storm-se-01.ba.infn.it
StageOutExitStatusReason = 'Copy succedeed with srm-lcg utils'
StageOutExitStatus = 0
>>> current dir: /home/cms036/home_cream_832198111/CREAM832198111/glide_T7HHGw/execute/dir_31615
>>> current dir content:
total 28076
-rw-------  1 cms036 cms     2776 Jun 18 01:00 .SEinteraction.log
-rwx------  1 cms036 cms     6780 Jun 18 00:50 .job.ad
-rwx------  1 cms036 cms     9288 Jun 18 00:50 .machine.ad
-rw-------  1 cms036 cms      105 Jun 16 20:44 CMSSW.py
-rw-------  1 cms036 cms  3739306 Jun 16 20:44 CMSSW.py.pkl
-rwx------  1 cms036 cms    29556 Jun 18 00:51 CMSSW.sh
drwxr-xr-x 15 cms036 cms     4096 Jun 18 00:59 CMSSW_6_2_0_SLHC12
-rw-------  1 cms036 cms      220 Jun 18 00:51 CacheEnv.sh
-rw-------  1 cms036 cms     7291 Apr  4 11:04 DashboardAPI.py
-rw-------  1 cms036 cms     6815 Jun 18 00:51 DashboardAPI.pyc
drwx------  2 cms036 cms     4096 Jun 18 00:59 IMProv
-rw-------  1 cms036 cms     2748 Apr  4 11:04 Logger.py
-rw-------  1 cms036 cms     3347 Jun 18 00:51 Logger.pyc
-rw-------  1 cms036 cms    24524 Apr  4 11:04 ProcInfo.py
-rw-------  1 cms036 cms    23197 Jun 18 00:51 ProcInfo.pyc
drwx------  7 cms036 cms     4096 Jun 18 00:51 ProdCommon
drwx------  3 cms036 cms     4096 Jun 18 00:51 WMCore
-rw-------  1 cms036 cms     2175 Jun 18 01:00 Watchdog_9.log
-rwx------  1 cms036 cms        0 Jun 18 00:51 _condor_stderr
-rwx---r--  1 cms036 cms    29392 Jun 18 01:00 _condor_stdout
-rw-------  1 cms036 cms    32895 Apr  4 11:04 apmon.py
-rw-------  1 cms036 cms    28625 Jun 18 00:51 apmon.pyc
-rwx------  1 cms036 cms    53483 Jun 18 00:51 arguments.xml
-rwx------  1 cms036 cms    38515 Apr  4 11:04 cmscp.py
-rw-------  1 cms036 cms      716 Jun 18 01:00 cmscpReport.sh
-rwx------  1 cms036 cms    29556 Jun 18 00:51 condor_exec.exe
-rw-------  1 cms036 cms      958 Jun 16 20:44 crab.cfg
-rwx------  1 cms036 cms     8610 Apr  4 11:04 crabWatchdog.sh
-rwx---r--  1 cms036 cms   523199 Jun 18 00:59 crab_fjr_9.xml
-rwx------  1 cms036 cms 23959710 Jun 18 00:51 default.tgz
-rwx------  1 cms036 cms     4488 Apr  4 11:04 fillCrabFjr.py
-rw-------  1 cms036 cms     2629 Jun 18 00:51 inputsReport.txt
-rw-------  1 cms036 cms      259 Jun 18 01:00 jobreport.txt
-rw-------  1 cms036 cms    17352 Apr  4 11:04 parseCrabFjr.py
-rw-------  1 cms036 cms      326 Jun 18 00:51 report.log
-rwx--x--x  1 cms036 cms     1497 Apr  4 11:04 report.py
-rw-------  1 cms036 cms      771 Jun 18 01:00 resultCopyFile
lrwxrwxrwx  1 cms036 cms      125 Jun 18 00:59 validationEDM.root -> /home/cms036/home_cream_832198111/CREAM832198111/glide_T7HHGw/execute/dir_31615/CMSSW_6_2_0_SLHC12/validationEDM_9_1_4B6.root
-rwx------  1 cms036 cms     8387 Apr  4 11:04 writeCfg.py
-rw-------  1 cms036 cms     8010 Jun 18 00:50 x509up_u50707
>>> Modify Job Report:
CMSSW_VERSION = CMSSW_6_2_0_SLHC12
ProcessedDataset = calabria_MuMinus50_GEN-SIM-DIGI-RECO_CMSSW_6_2_0_SLHC12_2023Scenario_VALNOPU2_Case5
/home/cms036/home_cream_832198111/CREAM832198111/glide_T7HHGw/execute/dir_31615/ProdCommon/FwkJobRep/ModifyJobReport.py fjr /home/cms036/home_cream_832198111/CREAM832198111/glide_T7HHGw/execute/dir_31615/crab_fjr_9.xml json /home/cms036/home_cream_832198111/CREAM832198111/glide_T7HHGw/execute/dir_31615/resultCopyFile n_job 9_1_4B6 PrimaryDataset calabria_SingleMuPt50_GEN-SIM-DIGI-RECO_CMSSW_6_2_0_SLHC12_2023Scenario_Case5  ApplicationFamily cmsRun ApplicationName cmsRun cmssw_version CMSSW_6_2_0_SLHC12 psethash 5854dd31cbd3cdec44c48628cc181cf0 UserProcessedDataset calabria-calabria_MuMinus50_GEN-SIM-DIGI-RECO_CMSSW_6_2_0_SLHC12_2023Scenario_VALNOPU2_Case5-5854dd31cbd3cdec44c48628cc181cf0
inputDict =  {u'/home/cms036/home_cream_832198111/CREAM832198111/glide_T7HHGw/execute/dir_31615/CMSSW_6_2_0_SLHC12/validationEDM_9_1_4B6.root': {u'endpoint': u'srm://storm-se-01.ba.infn.it:8444/srm/managerv2?SFN=//cms/store/user/calabria/calabria_SingleMuPt50_GEN-SIM-DIGI-RECO_CMSSW_6_2_0_SLHC12_2023Scenario_Case5/calabria_MuMinus50_GEN-SIM-DIGI-RECO_CMSSW_6_2_0_SLHC12_2023Scenario_VALNOPU2_Case5/5854dd31cbd3cdec44c48628cc181cf0/', u'surl_for_grid': u'', u'reason': u'Copy succedeed with srm-lcg utils', u'erCode': u'0', u'se_name': u'storm-se-01.ba.infn.it', u'for_lfn': u'/store/user/calabria/calabria_SingleMuPt50_GEN-SIM-DIGI-RECO_CMSSW_6_2_0_SLHC12_2023Scenario_Case5/calabria_MuMinus50_GEN-SIM-DIGI-RECO_CMSSW_6_2_0_SLHC12_2023Scenario_VALNOPU2_Case5/5854dd31cbd3cdec44c48628cc181cf0/'}}
UserProcessedDataset =  calabria-calabria_MuMinus50_GEN-SIM-DIGI-RECO_CMSSW_6_2_0_SLHC12_2023Scenario_VALNOPU2_Case5-5854dd31cbd3cdec44c48628cc181cf0
file_name in inputDict =  /home/cms036/home_cream_832198111/CREAM832198111/glide_T7HHGw/execute/dir_31615/CMSSW_6_2_0_SLHC12/validationEDM_9_1_4B6.root
(size) os.stat(filename)[6] =  2801163
checksum =  3640087532
    file =  validationEDM_9_1_4B6.root
    newPfn =  srm://storm-se-01.ba.infn.it:8444/srm/managerv2?SFN=//cms/store/user/calabria/calabria_SingleMuPt50_GEN-SIM-DIGI-RECO_CMSSW_6_2_0_SLHC12_2023Scenario_Case5/calabria_MuMinus50_GEN-SIM-DIGI-RECO_CMSSW_6_2_0_SLHC12_2023Scenario_VALNOPU2_Case5/5854dd31cbd3cdec44c48628cc181cf0/validationEDM_9_1_4B6.root
    newLfn =  /store/user/calabria/calabria_SingleMuPt50_GEN-SIM-DIGI-RECO_CMSSW_6_2_0_SLHC12_2023Scenario_Case5/calabria_MuMinus50_GEN-SIM-DIGI-RECO_CMSSW_6_2_0_SLHC12_2023Scenario_VALNOPU2_Case5/5854dd31cbd3cdec44c48628cc181cf0/validationEDM_9_1_4B6.root
>>> crab_fjr_*.xml  permission set to 0704
CrabWrapper EXIT_FUNC entered at Wed Jun 18 01:00:33 CEST 2014   -  Tue Jun 17 23:00:33 UTC 2014
Checking output files:  
will tar file crab_fjr_9.xml in  out_files_9
WARNING: output file CMSSW_9.stdout not found!
WARNING: output file CMSSW_9.stderr not found!
WARNING: output file Watchdog_9.log.gz not found!
>>> padding time: Sleeping the wrapper for 38 seconds
STOPPING WATCHDOG. CrabWatchdog PID is 3265
********** LAST 50 LINES OF WATCHDOG LOG
# RESOURCE USAGE SUMMARY FOR PROCESS ID  1725
USER       PID %CPU %MEM    VSZ   RSS TTY      STAT START   TIME COMMAND
cms036    1725  0.2  0.0   9500  1600 ?        S    00:51   0:00 /bin/sh /home/cms036/home_cream_832198111/CREAM832198111/glide_T7HHGw/execute/dir_31615/condor_exec.exe 9 1
 
# LIMITS USED BY CRAB WATCHDOG:
# RSS  (KBytes)   : 2300000
# VSZ  (KBytes)   : 100000000
# DISK (MBytes)   : 19000
# CPU TIME        : 720h:0m:0s
# WALL CLOCK TIME : 21h:50m:0s
 
# FOLLOWING PRINTOUT TRACKS MAXIMUM VALUES OF RESOURCES USE
# ONE LINE IS PRINTED EACH TIME A MAXIMUM CHANGES
# IF CHANGE WAS IN RSS OR VSZ ALSO PROCID AND COMMAND ARE PRINTED
# THERE IS NO PRINTOUT FOR CPU/WALL TIME INCREASE
 
# TIME			PID	RSS(KB)	VSZ(KB)	Dsk(MB)	tCPU(s)	tWALL(s)	COMMAND
 Jun 18 00:51:22 CEST	1725	1600	9500	0	0	0	/bin/sh /home/cms036/home_cream_832198111/CREAM832198111/glide_T7HHGw/execute/dir_31615/condor_exec.exe 9 1       
 Jun 18 00:51:22 CEST	3277	29932	96760	0	0	0	edmConfigHash pset.py         
 Jun 18 00:51:22 CEST	9001	29932	106092	0	0	0	sh -c "./glidein_startup.sh" -v std -name v3_0 -entry CMS_T2_IT_Bari_ce2 -clientname UCSD-v1_0.main
 Jun 18 00:51:22 CEST	9005	29932	106492	0	0	0	/bin/bash ./glidein_startup.sh -v std -name v3_0 -entry CMS_T2_IT_Bari_ce2 -clientname UCSD-v1_0.main -schedd
 Jun 18 00:51:22 CEST	---	29932	106492	171	----	----	----
 Jun 18 00:52:23 CEST	5602	329244	565396	171	17	61	cmsRun -j /home/cms036/home_cream_832198111/CREAM832198111/glide_T7HHGw/execute/dir_31615/crab_fjr_9.xml -p pset.py      
 Jun 18 00:52:23 CEST	---	329244	565396	175	----	----	----
 Jun 18 00:53:24 CEST	5602	724168	992744	175	36	122	cmsRun -j /home/cms036/home_cream_832198111/CREAM832198111/glide_T7HHGw/execute/dir_31615/crab_fjr_9.xml -p pset.py      
 Jun 18 00:54:24 CEST	5602	724168	1001704	175	56	183	cmsRun -j /home/cms036/home_cream_832198111/CREAM832198111/glide_T7HHGw/execute/dir_31615/crab_fjr_9.xml -p pset.py      
 Jun 18 00:59:28 CEST	5602	724168	1024580	175	144	487	cmsRun -j /home/cms036/home_cream_832198111/CREAM832198111/glide_T7HHGw/execute/dir_31615/crab_fjr_9.xml -p pset.py      
 Jun 18 01:00:29 CEST	---	724168	1024580	178	----	----	----
********** WATCHDOG LOG ENDED
ZIPPING WATCHDOG LOG
Disk space used:
du -sh /home/cms036/home_cream_832198111/CREAM832198111/glide_T7HHGw/execute/dir_31615
178M	/home/cms036/home_cream_832198111/CREAM832198111/glide_T7HHGw/execute/dir_31615
Found unusual stdout, rename for OSB
`/home/cms036/home_cream_832198111/CREAM832198111/glide_T7HHGw/execute/dir_31615/_condor_stdout' -> `CMSSW_9.stdout'
Found unusual stderr, rename for OSB
`/home/cms036/home_cream_832198111/CREAM832198111/glide_T7HHGw/execute/dir_31615/_condor_stdout' -> `CMSSW_9.stderr'
crab_fjr_9.xml
CMSSW_9.stdout
CMSSW_9.stderr
Watchdog_9.log.gz
Total Output dimension: 69789
WARNING: output files size limit is set to: 50000000
Total Output dimension 69789 is fine.
JOB_EXIT_STATUS = 0
>>> info for dashboard:
***** Cat /home/cms036/home_cream_832198111/CREAM832198111/glide_T7HHGw/execute/dir_31615/jobreport.txt *****
MonitorJobID=9_https://submit-4.t2.ucsd.edu//140616//222486.8
MonitorID=calabria_MuMinus50_Case5_ReReco_5k2yt6
ExeTime=478
ExeExitCode=0
StageOutExitStatusReason = 'Copy succedeed with srm-lcg utils'
StageOutSE = storm-se-01.ba.infn.it
StageOutExitStatus = 0
CrabUserCpuTime=148.12
CrabSysCpuTime=4.75
CrabCpuPercentage=31%
CrabWrapperTime=600
CrabStageoutTime=48
JobExitCode=0
***** End Cat jobreport *****
Parameters sent to Dashboard.
EXITING at Wed Jun 18 01:01:17 CEST 2014  -  Tue Jun 17 23:01:17 UTC 2014
