This script was generated by crab (version 2.10.5_patch1).
Running /home/cms040/home_cream_682359883/CREAM682359883/glide_iF6QwV/execute/dir_27474/condor_exec.exe with 2 positional parameters: 19 1
Today is Wed Jun 18 00:50:56 CEST 2014 - Tue Jun 17 22:50:56 UTC 2014
Job submitted on host alicegrid98.ba.infn.it
Linux alicegrid98.ba.infn.it 2.6.32-358.23.2.el6.x86_64 #1 SMP Thu Oct 17 10:27:22 CEST 2013 x86_64 x86_64 x86_64 GNU/Linux
>>> current directory (RUNTIME_AREA): /home/cms040/home_cream_682359883/CREAM682359883/glide_iF6QwV/execute/dir_27474
>>> current user: uid=18598(cms040) gid=1399(cms) groups=1399(cms)
>>> directory permission set to 0700
>>> umask set to:  u=rwx,g=,o=
>>> stdout stderr permission set to 0704
>>> voms proxy information:
subject   : /C=IT/O=INFN/OU=Personal Certificate/L=Bari/CN=Cesare Calabria/CN=477126703/CN=717510902
issuer    : /C=IT/O=INFN/OU=Personal Certificate/L=Bari/CN=Cesare Calabria/CN=477126703
identity  : /C=IT/O=INFN/OU=Personal Certificate/L=Bari/CN=Cesare Calabria
type      : RFC3820 compliant limited proxy
strength  : 1024
path      : /home/cms040/home_cream_682359883/CREAM682359883/glide_iF6QwV/execute/dir_27474/x509up_u50707
timeleft  : 23:59:50
key usage : Digital Signature, Key Encipherment, Data Encipherment
=== VO cms extension information ===
VO        : cms
subject   : /C=IT/O=INFN/OU=Personal Certificate/L=Bari/CN=Cesare Calabria
issuer    : /DC=ch/DC=cern/OU=computers/CN=voms.cern.ch
attribute : /cms/Role=NULL/Capability=NULL
attribute : /cms/itcms/Role=NULL/Capability=NULL
timeleft  : 154:33:23
uri       : voms.cern.ch:15002

WNHostName=alicegrid98.ba.infn.it
>>> tar --no-same-permissions -xf /home/cms040/home_cream_682359883/CREAM682359883/glide_iF6QwV/execute/dir_27474/default.tgz :
Successful untar
>>> Include /home/cms040/home_cream_682359883/CREAM682359883/glide_iF6QwV/execute/dir_27474 in PYTHONPATH:
strip arguments
env var CRAB_UNIQUE_JOB_ID set to: calabria_MuMinus50_Case5_ReReco_5k2yt6_19_1_GPb
out_files_19
>>> list of expected files on output sandbox
output files: crab_fjr_19.xml CMSSW_19.stdout CMSSW_19.stderr Watchdog_19.log.gz
>>> GridFlavour discovery: 
GridFlavour=LCG
>>> SyncSite discovery: 
SyncSite=T2_IT_Bari
>>> SyncCE discovery: 
getting SyncCE from CE_ID
SyncCE=cream-ce-2.ba.infn.it:8443/cream-pbs-cms
>>> info for dashboard:
***** Cat /home/cms040/home_cream_682359883/CREAM682359883/glide_iF6QwV/execute/dir_27474/jobreport.txt *****
WNHostName=alicegrid98.ba.infn.it
MonitorJobID=19_https://submit-4.t2.ucsd.edu//140616//222486.18
SyncGridJobId=https://submit-4.t2.ucsd.edu//140616//222486.18
MonitorID=calabria_MuMinus50_Case5_ReReco_5k2yt6
GridFlavour=LCG
SyncSite=T2_IT_Bari
SyncCE=cream-ce-2.ba.infn.it:8443/cream-pbs-cms
***** End Cat jobreport *****
Parameters sent to Dashboard.
>>> setup environment
set SCRAM ARCH to slc5_amd64_gcc472
SCRAM_ARCH = slc5_amd64_gcc472
>>> setup CMS LCG environment:
set SCRAM ARCH and BUILD_ARCH to slc5_amd64_gcc472 ###
Sourcing environment... 
sourcing /cvmfs/cms.cern.ch/cmsset_default.sh
==> setup cms environment ok
>>> specific cmssw setup environment:
CMSSW_VERSION =  CMSSW_6_2_0_SLHC12
>>> current directory (SOFTWARE_DIR): /home/cms040/home_cream_682359883/CREAM682359883/glide_iF6QwV/execute/dir_27474/CMSSW_6_2_0_SLHC12
PreserveSeeds: <>
IncrementSeeds:<>
>>> info for dashboard:
***** Cat /home/cms040/home_cream_682359883/CREAM682359883/glide_iF6QwV/execute/dir_27474/jobreport.txt *****
MonitorJobID=19_https://submit-4.t2.ucsd.edu//140616//222486.18
MonitorID=calabria_MuMinus50_Case5_ReReco_5k2yt6
***** End Cat jobreport *****
Parameters sent to Dashboard.
crabWatchdog started as process 28457
>>> moving CMSSW software directories in /home/cms040/home_cream_682359883/CREAM682359883/glide_iF6QwV/execute/dir_27474/CMSSW_6_2_0_SLHC12
mv: cannot stat `/home/cms040/home_cream_682359883/CREAM682359883/glide_iF6QwV/execute/dir_27474/module/': No such file or directory
>>> Include /home/cms040/home_cream_682359883/CREAM682359883/glide_iF6QwV/execute/dir_27474 in PYTHONPATH:
PYTHONPATH=/home/cms040/home_cream_682359883/CREAM682359883/glide_iF6QwV/execute/dir_27474/:/home/cms040/home_cream_682359883/CREAM682359883/glide_iF6QwV/execute/dir_27474/CMSSW_6_2_0_SLHC12/python:/home/cms040/home_cream_682359883/CREAM682359883/glide_iF6QwV/execute/dir_27474/CMSSW_6_2_0_SLHC12/lib/slc5_amd64_gcc472:/cvmfs/cms.cern.ch/slc5_amd64_gcc472/cms/cmssw/CMSSW_6_2_0_SLHC12/python:/cvmfs/cms.cern.ch/slc5_amd64_gcc472/cms/cmssw/CMSSW_6_2_0_SLHC12/lib/slc5_amd64_gcc472:/cvmfs/cms.cern.ch/slc5_amd64_gcc472/cms/coral/CORAL_2_3_21-cms36/slc5_amd64_gcc472/python:/cvmfs/cms.cern.ch/slc5_amd64_gcc472/cms/coral/CORAL_2_3_21-cms36/slc5_amd64_gcc472/lib:/cvmfs/cms.cern.ch/slc5_amd64_gcc472/external/pyqt/4.8.1-cms6/lib/python2.7/site-packages:/cvmfs/cms.cern.ch/slc5_amd64_gcc472/external/py2-scipy/0.8.0-cms8/lib/python2.7/site-packages:/cvmfs/cms.cern.ch/slc5_amd64_gcc472/external/py2-matplotlib/1.0.1-cms8/lib/python2.7/site-packages:/cvmfs/cms.cern.ch/slc5_amd64_gcc472/external/python-ldap/2.3.5-cms6/lib/python2.7/site-packages:/cvmfs/cms.cern.ch/slc5_amd64_gcc472/external/sip/4.11.2-cms6/lib/python2.7/site-packages:/cvmfs/cms.cern.ch/slc5_amd64_gcc472/external/py2-pycurl/7.19.0-cms8/lib/python2.7/site-packages:/cvmfs/cms.cern.ch/slc5_amd64_gcc472/external/py2-numpy/1.6.1-cms8/lib/python2.7/site-packages:/cvmfs/cms.cern.ch/slc5_amd64_gcc472/external/py2-lint/0.25.1-cms6/lib/python2.7/site-packages:/cvmfs/cms.cern.ch/slc5_amd64_gcc472/external/py2-ipython/0.10-cms6/lib/python2.7/site-packages:/cvmfs/cms.cern.ch/slc5_amd64_gcc472/external/py2-cx-oracle/5.1-cms7/lib/python2.7/site-packages:/cvmfs/cms.cern.ch/slc5_amd64_gcc472/external/py2-cjson/1.0.5-cms6/lib/python2.7/site-packages:/cvmfs/cms.cern.ch/slc5_amd64_gcc472/cms/das-client/1.11.7/bin:/cvmfs/cms.cern.ch/slc5_amd64_gcc472/external/elementtree/1.2.6-cms6/share/lib/python2.7/site-packages:/cvmfs/cms.cern.ch/slc5_amd64_gcc472/external/rivet/1.8.2-cms8/lib/python2.7/site-packages:/cvmfs/cms.cern.ch/slc5_amd64_gcc472/external/pyminuit2/0.0.1-cms19/lib/python2.7/site-packages:/cvmfs/cms.cern.ch/slc5_amd64_gcc472/external/py2-pygithub/1.23.0/lib/python2.7/site-packages:/cvmfs/cms.cern.ch/slc5_amd64_gcc472/external/professor/1.0.0-cms19/lib/python2.7/site-packages:/cvmfs/cms.cern.ch/slc5_amd64_gcc472/lcg/root/5.34.07-cms/lib:/cvmfs/cms.cern.ch/slc5_amd64_gcc472/cms/dbs-client/DBS_2_1_9-cms5/lib:/cvmfs/cms.cern.ch/slc5_amd64_gcc472/cms/dbs-client/DBS_2_1_9-cms5/lib/DBSAPI:/cvmfs/cms.cern.ch/slc5_amd64_gcc472/external/cvs2git/5419-cms/lib:/home/cms040/home_cream_682359883/CREAM682359883/glide_iF6QwV/execute/dir_27474/
 
# LIMITS USED BY CRAB WATCHDOG:
# RSS  (KBytes)   : 2300000
# VSZ  (KBytes)   : 100000000
# DISK (MBytes)   : 19000
# CPU TIME        : 720h:0m:0s
# WALL CLOCK TIME : 21h:50m:0s
 
5854dd31cbd3cdec44c48628cc181cf0
PSETHASH = 5854dd31cbd3cdec44c48628cc181cf0
/home/cms040/home_cream_682359883/CREAM682359883/glide_iF6QwV/execute/dir_27474/writeCfg.py pset.py pset.py
Importing .py file
Setting parameters
RandomNumberGeneratorService found, will attempt to change seeds
inputBlocks=/calabria_SingleMuPt50_GEN-SIM-DIGI-RECO_CMSSW_6_2_0_SLHC12_2023Scenario_Case5/calabria-calabria_SingleMuPt50_GEN-SIM-DIGI-RECO_CMSSW_6_2_0_SLHC12_2023Scenario_Case5-b751428e425b1090114480565dd0c2b6/USER#626531c3-8bc9-4012-8de4-e4bf69a7d0b3
inputFiles=/store/user/calabria/calabria_SingleMuPt50_GEN-SIM-DIGI-RECO_CMSSW_6_2_0_SLHC12_2023Scenario_Case5/calabria_SingleMuPt50_GEN-SIM-DIGI-RECO_CMSSW_6_2_0_SLHC12_2023Scenario_Case5/b751428e425b1090114480565dd0c2b6/out_reco_471_1_3hj.root;/store/user/calabria/calabria_SingleMuPt50_GEN-SIM-DIGI-RECO_CMSSW_6_2_0_SLHC12_2023Scenario_Case5/calabria_SingleMuPt50_GEN-SIM-DIGI-RECO_CMSSW_6_2_0_SLHC12_2023Scenario_Case5/b751428e425b1090114480565dd0c2b6/out_reco_482_1_EHe.root;/store/user/calabria/calabria_SingleMuPt50_GEN-SIM-DIGI-RECO_CMSSW_6_2_0_SLHC12_2023Scenario_Case5/calabria_SingleMuPt50_GEN-SIM-DIGI-RECO_CMSSW_6_2_0_SLHC12_2023Scenario_Case5/b751428e425b1090114480565dd0c2b6/out_reco_485_1_oh2.root;/store/user/calabria/calabria_SingleMuPt50_GEN-SIM-DIGI-RECO_CMSSW_6_2_0_SLHC12_2023Scenario_Case5/calabria_SingleMuPt50_GEN-SIM-DIGI-RECO_CMSSW_6_2_0_SLHC12_2023Scenario_Case5/b751428e425b1090114480565dd0c2b6/out_reco_487_1_CdS.root;/store/user/calabria/calabria_SingleMuPt50_GEN-SIM-DIGI-RECO_CMSSW_6_2_0_SLHC12_2023Scenario_Case5/calabria_SingleMuPt50_GEN-SIM-DIGI-RECO_CMSSW_6_2_0_SLHC12_2023Scenario_Case5/b751428e425b1090114480565dd0c2b6/out_reco_489_1_Iqf.root;/store/user/calabria/calabria_SingleMuPt50_GEN-SIM-DIGI-RECO_CMSSW_6_2_0_SLHC12_2023Scenario_Case5/calabria_SingleMuPt50_GEN-SIM-DIGI-RECO_CMSSW_6_2_0_SLHC12_2023Scenario_Case5/b751428e425b1090114480565dd0c2b6/out_reco_490_1_ZA6.root;/store/user/calabria/calabria_SingleMuPt50_GEN-SIM-DIGI-RECO_CMSSW_6_2_0_SLHC12_2023Scenario_Case5/calabria_SingleMuPt50_GEN-SIM-DIGI-RECO_CMSSW_6_2_0_SLHC12_2023Scenario_Case5/b751428e425b1090114480565dd0c2b6/out_reco_491_1_Y9j.root;/store/user/calabria/calabria_SingleMuPt50_GEN-SIM-DIGI-RECO_CMSSW_6_2_0_SLHC12_2023Scenario_Case5/calabria_SingleMuPt50_GEN-SIM-DIGI-RECO_CMSSW_6_2_0_SLHC12_2023Scenario_Case5/b751428e425b1090114480565dd0c2b6/out_reco_496_1_oID.root;/store/user/calabria/calabria_SingleMuPt50_GEN-SIM-DIGI-RECO_CMSSW_6_2_0_SLHC12_2023Scenario_Case5/calabria_SingleMuPt50_GEN-SIM-DIGI-RECO_CMSSW_6_2_0_SLHC12_2023Scenario_Case5/b751428e425b1090114480565dd0c2b6/out_reco_498_1_c0i.root;/store/user/calabria/calabria_SingleMuPt50_GEN-SIM-DIGI-RECO_CMSSW_6_2_0_SLHC12_2023Scenario_Case5/calabria_SingleMuPt50_GEN-SIM-DIGI-RECO_CMSSW_6_2_0_SLHC12_2023Scenario_Case5/b751428e425b1090114480565dd0c2b6/out_reco_499_1_lek.root
parentFiles=
lumisRange=
>>> Executable cmsRun
/cvmfs/cms.cern.ch/slc5_amd64_gcc472/cms/cmssw/CMSSW_6_2_0_SLHC12/bin/slc5_amd64_gcc472/cmsRun
ok executable found
>>> info for dashboard:
***** Cat /home/cms040/home_cream_682359883/CREAM682359883/glide_iF6QwV/execute/dir_27474/jobreport.txt *****
MonitorJobID=19_https://submit-4.t2.ucsd.edu//140616//222486.18
MonitorID=calabria_MuMinus50_Case5_ReReco_5k2yt6
ExeStart=cmsRun
***** End Cat jobreport *****
Parameters sent to Dashboard.
>>> cmsRun started at Tue Jun 17 22:51:27 UTC 2014
>>> cmsRun ended at Tue Jun 17 22:57:37 UTC 2014
>>> crab_fjr_*.xml  permission set to 0704
>>> info for dashboard:
***** Cat /home/cms040/home_cream_682359883/CREAM682359883/glide_iF6QwV/execute/dir_27474/jobreport.txt *****
MonitorJobID=19_https://submit-4.t2.ucsd.edu//140616//222486.18
MonitorID=calabria_MuMinus50_Case5_ReReco_5k2yt6
ExeEnd=cmsRun
***** End Cat jobreport *****
Parameters sent to Dashboard.
TIME_EXE = 370 sec
>>> cmsRun wrote 50 lines of stdout+stderr
>>> START OF printout of 50 lines from stdout+stderr
271 DQMStore::DQMStore 
HcalTopologyIdealEP::HcalTopologyIdealEP
18-Jun-2014 00:51:48 CEST  Initiating request to open file file:/lustre/cms//store/user/calabria/calabria_SingleMuPt50_GEN-SIM-DIGI-RECO_CMSSW_6_2_0_SLHC12_2023Scenario_Case5/calabria_SingleMuPt50_GEN-SIM-DIGI-RECO_CMSSW_6_2_0_SLHC12_2023Scenario_Case5/b751428e425b1090114480565dd0c2b6/out_reco_471_1_3hj.root
18-Jun-2014 00:51:52 CEST  Successfully opened file file:/lustre/cms//store/user/calabria/calabria_SingleMuPt50_GEN-SIM-DIGI-RECO_CMSSW_6_2_0_SLHC12_2023Scenario_Case5/calabria_SingleMuPt50_GEN-SIM-DIGI-RECO_CMSSW_6_2_0_SLHC12_2023Scenario_Case5/b751428e425b1090114480565dd0c2b6/out_reco_471_1_3hj.root
18-Jun-2014 00:52:26 CEST  Closed file file:/lustre/cms//store/user/calabria/calabria_SingleMuPt50_GEN-SIM-DIGI-RECO_CMSSW_6_2_0_SLHC12_2023Scenario_Case5/calabria_SingleMuPt50_GEN-SIM-DIGI-RECO_CMSSW_6_2_0_SLHC12_2023Scenario_Case5/b751428e425b1090114480565dd0c2b6/out_reco_471_1_3hj.root
18-Jun-2014 00:52:26 CEST  Initiating request to open file file:/lustre/cms//store/user/calabria/calabria_SingleMuPt50_GEN-SIM-DIGI-RECO_CMSSW_6_2_0_SLHC12_2023Scenario_Case5/calabria_SingleMuPt50_GEN-SIM-DIGI-RECO_CMSSW_6_2_0_SLHC12_2023Scenario_Case5/b751428e425b1090114480565dd0c2b6/out_reco_482_1_EHe.root
18-Jun-2014 00:52:26 CEST  Successfully opened file file:/lustre/cms//store/user/calabria/calabria_SingleMuPt50_GEN-SIM-DIGI-RECO_CMSSW_6_2_0_SLHC12_2023Scenario_Case5/calabria_SingleMuPt50_GEN-SIM-DIGI-RECO_CMSSW_6_2_0_SLHC12_2023Scenario_Case5/b751428e425b1090114480565dd0c2b6/out_reco_482_1_EHe.root
18-Jun-2014 00:52:48 CEST  Closed file file:/lustre/cms//store/user/calabria/calabria_SingleMuPt50_GEN-SIM-DIGI-RECO_CMSSW_6_2_0_SLHC12_2023Scenario_Case5/calabria_SingleMuPt50_GEN-SIM-DIGI-RECO_CMSSW_6_2_0_SLHC12_2023Scenario_Case5/b751428e425b1090114480565dd0c2b6/out_reco_482_1_EHe.root
18-Jun-2014 00:52:48 CEST  Initiating request to open file file:/lustre/cms//store/user/calabria/calabria_SingleMuPt50_GEN-SIM-DIGI-RECO_CMSSW_6_2_0_SLHC12_2023Scenario_Case5/calabria_SingleMuPt50_GEN-SIM-DIGI-RECO_CMSSW_6_2_0_SLHC12_2023Scenario_Case5/b751428e425b1090114480565dd0c2b6/out_reco_485_1_oh2.root
18-Jun-2014 00:52:48 CEST  Successfully opened file file:/lustre/cms//store/user/calabria/calabria_SingleMuPt50_GEN-SIM-DIGI-RECO_CMSSW_6_2_0_SLHC12_2023Scenario_Case5/calabria_SingleMuPt50_GEN-SIM-DIGI-RECO_CMSSW_6_2_0_SLHC12_2023Scenario_Case5/b751428e425b1090114480565dd0c2b6/out_reco_485_1_oh2.root
18-Jun-2014 00:53:11 CEST  Closed file file:/lustre/cms//store/user/calabria/calabria_SingleMuPt50_GEN-SIM-DIGI-RECO_CMSSW_6_2_0_SLHC12_2023Scenario_Case5/calabria_SingleMuPt50_GEN-SIM-DIGI-RECO_CMSSW_6_2_0_SLHC12_2023Scenario_Case5/b751428e425b1090114480565dd0c2b6/out_reco_485_1_oh2.root
18-Jun-2014 00:53:11 CEST  Initiating request to open file file:/lustre/cms//store/user/calabria/calabria_SingleMuPt50_GEN-SIM-DIGI-RECO_CMSSW_6_2_0_SLHC12_2023Scenario_Case5/calabria_SingleMuPt50_GEN-SIM-DIGI-RECO_CMSSW_6_2_0_SLHC12_2023Scenario_Case5/b751428e425b1090114480565dd0c2b6/out_reco_487_1_CdS.root
18-Jun-2014 00:53:12 CEST  Successfully opened file file:/lustre/cms//store/user/calabria/calabria_SingleMuPt50_GEN-SIM-DIGI-RECO_CMSSW_6_2_0_SLHC12_2023Scenario_Case5/calabria_SingleMuPt50_GEN-SIM-DIGI-RECO_CMSSW_6_2_0_SLHC12_2023Scenario_Case5/b751428e425b1090114480565dd0c2b6/out_reco_487_1_CdS.root
18-Jun-2014 00:53:31 CEST  Closed file file:/lustre/cms//store/user/calabria/calabria_SingleMuPt50_GEN-SIM-DIGI-RECO_CMSSW_6_2_0_SLHC12_2023Scenario_Case5/calabria_SingleMuPt50_GEN-SIM-DIGI-RECO_CMSSW_6_2_0_SLHC12_2023Scenario_Case5/b751428e425b1090114480565dd0c2b6/out_reco_487_1_CdS.root
18-Jun-2014 00:53:31 CEST  Initiating request to open file file:/lustre/cms//store/user/calabria/calabria_SingleMuPt50_GEN-SIM-DIGI-RECO_CMSSW_6_2_0_SLHC12_2023Scenario_Case5/calabria_SingleMuPt50_GEN-SIM-DIGI-RECO_CMSSW_6_2_0_SLHC12_2023Scenario_Case5/b751428e425b1090114480565dd0c2b6/out_reco_489_1_Iqf.root
18-Jun-2014 00:53:31 CEST  Successfully opened file file:/lustre/cms//store/user/calabria/calabria_SingleMuPt50_GEN-SIM-DIGI-RECO_CMSSW_6_2_0_SLHC12_2023Scenario_Case5/calabria_SingleMuPt50_GEN-SIM-DIGI-RECO_CMSSW_6_2_0_SLHC12_2023Scenario_Case5/b751428e425b1090114480565dd0c2b6/out_reco_489_1_Iqf.root
18-Jun-2014 00:53:50 CEST  Closed file file:/lustre/cms//store/user/calabria/calabria_SingleMuPt50_GEN-SIM-DIGI-RECO_CMSSW_6_2_0_SLHC12_2023Scenario_Case5/calabria_SingleMuPt50_GEN-SIM-DIGI-RECO_CMSSW_6_2_0_SLHC12_2023Scenario_Case5/b751428e425b1090114480565dd0c2b6/out_reco_489_1_Iqf.root
18-Jun-2014 00:53:50 CEST  Initiating request to open file file:/lustre/cms//store/user/calabria/calabria_SingleMuPt50_GEN-SIM-DIGI-RECO_CMSSW_6_2_0_SLHC12_2023Scenario_Case5/calabria_SingleMuPt50_GEN-SIM-DIGI-RECO_CMSSW_6_2_0_SLHC12_2023Scenario_Case5/b751428e425b1090114480565dd0c2b6/out_reco_490_1_ZA6.root
18-Jun-2014 00:53:50 CEST  Successfully opened file file:/lustre/cms//store/user/calabria/calabria_SingleMuPt50_GEN-SIM-DIGI-RECO_CMSSW_6_2_0_SLHC12_2023Scenario_Case5/calabria_SingleMuPt50_GEN-SIM-DIGI-RECO_CMSSW_6_2_0_SLHC12_2023Scenario_Case5/b751428e425b1090114480565dd0c2b6/out_reco_490_1_ZA6.root
18-Jun-2014 00:54:10 CEST  Closed file file:/lustre/cms//store/user/calabria/calabria_SingleMuPt50_GEN-SIM-DIGI-RECO_CMSSW_6_2_0_SLHC12_2023Scenario_Case5/calabria_SingleMuPt50_GEN-SIM-DIGI-RECO_CMSSW_6_2_0_SLHC12_2023Scenario_Case5/b751428e425b1090114480565dd0c2b6/out_reco_490_1_ZA6.root
18-Jun-2014 00:54:10 CEST  Initiating request to open file file:/lustre/cms//store/user/calabria/calabria_SingleMuPt50_GEN-SIM-DIGI-RECO_CMSSW_6_2_0_SLHC12_2023Scenario_Case5/calabria_SingleMuPt50_GEN-SIM-DIGI-RECO_CMSSW_6_2_0_SLHC12_2023Scenario_Case5/b751428e425b1090114480565dd0c2b6/out_reco_491_1_Y9j.root
18-Jun-2014 00:54:10 CEST  Successfully opened file file:/lustre/cms//store/user/calabria/calabria_SingleMuPt50_GEN-SIM-DIGI-RECO_CMSSW_6_2_0_SLHC12_2023Scenario_Case5/calabria_SingleMuPt50_GEN-SIM-DIGI-RECO_CMSSW_6_2_0_SLHC12_2023Scenario_Case5/b751428e425b1090114480565dd0c2b6/out_reco_491_1_Y9j.root
18-Jun-2014 00:54:30 CEST  Closed file file:/lustre/cms//store/user/calabria/calabria_SingleMuPt50_GEN-SIM-DIGI-RECO_CMSSW_6_2_0_SLHC12_2023Scenario_Case5/calabria_SingleMuPt50_GEN-SIM-DIGI-RECO_CMSSW_6_2_0_SLHC12_2023Scenario_Case5/b751428e425b1090114480565dd0c2b6/out_reco_491_1_Y9j.root
18-Jun-2014 00:54:30 CEST  Initiating request to open file file:/lustre/cms//store/user/calabria/calabria_SingleMuPt50_GEN-SIM-DIGI-RECO_CMSSW_6_2_0_SLHC12_2023Scenario_Case5/calabria_SingleMuPt50_GEN-SIM-DIGI-RECO_CMSSW_6_2_0_SLHC12_2023Scenario_Case5/b751428e425b1090114480565dd0c2b6/out_reco_496_1_oID.root
18-Jun-2014 00:54:30 CEST  Successfully opened file file:/lustre/cms//store/user/calabria/calabria_SingleMuPt50_GEN-SIM-DIGI-RECO_CMSSW_6_2_0_SLHC12_2023Scenario_Case5/calabria_SingleMuPt50_GEN-SIM-DIGI-RECO_CMSSW_6_2_0_SLHC12_2023Scenario_Case5/b751428e425b1090114480565dd0c2b6/out_reco_496_1_oID.root
18-Jun-2014 00:54:53 CEST  Closed file file:/lustre/cms//store/user/calabria/calabria_SingleMuPt50_GEN-SIM-DIGI-RECO_CMSSW_6_2_0_SLHC12_2023Scenario_Case5/calabria_SingleMuPt50_GEN-SIM-DIGI-RECO_CMSSW_6_2_0_SLHC12_2023Scenario_Case5/b751428e425b1090114480565dd0c2b6/out_reco_496_1_oID.root
18-Jun-2014 00:54:53 CEST  Initiating request to open file file:/lustre/cms//store/user/calabria/calabria_SingleMuPt50_GEN-SIM-DIGI-RECO_CMSSW_6_2_0_SLHC12_2023Scenario_Case5/calabria_SingleMuPt50_GEN-SIM-DIGI-RECO_CMSSW_6_2_0_SLHC12_2023Scenario_Case5/b751428e425b1090114480565dd0c2b6/out_reco_498_1_c0i.root
18-Jun-2014 00:54:53 CEST  Successfully opened file file:/lustre/cms//store/user/calabria/calabria_SingleMuPt50_GEN-SIM-DIGI-RECO_CMSSW_6_2_0_SLHC12_2023Scenario_Case5/calabria_SingleMuPt50_GEN-SIM-DIGI-RECO_CMSSW_6_2_0_SLHC12_2023Scenario_Case5/b751428e425b1090114480565dd0c2b6/out_reco_498_1_c0i.root
18-Jun-2014 00:55:20 CEST  Closed file file:/lustre/cms//store/user/calabria/calabria_SingleMuPt50_GEN-SIM-DIGI-RECO_CMSSW_6_2_0_SLHC12_2023Scenario_Case5/calabria_SingleMuPt50_GEN-SIM-DIGI-RECO_CMSSW_6_2_0_SLHC12_2023Scenario_Case5/b751428e425b1090114480565dd0c2b6/out_reco_498_1_c0i.root
18-Jun-2014 00:55:20 CEST  Initiating request to open file file:/lustre/cms//store/user/calabria/calabria_SingleMuPt50_GEN-SIM-DIGI-RECO_CMSSW_6_2_0_SLHC12_2023Scenario_Case5/calabria_SingleMuPt50_GEN-SIM-DIGI-RECO_CMSSW_6_2_0_SLHC12_2023Scenario_Case5/b751428e425b1090114480565dd0c2b6/out_reco_499_1_lek.root
18-Jun-2014 00:55:20 CEST  Successfully opened file file:/lustre/cms//store/user/calabria/calabria_SingleMuPt50_GEN-SIM-DIGI-RECO_CMSSW_6_2_0_SLHC12_2023Scenario_Case5/calabria_SingleMuPt50_GEN-SIM-DIGI-RECO_CMSSW_6_2_0_SLHC12_2023Scenario_Case5/b751428e425b1090114480565dd0c2b6/out_reco_499_1_lek.root
18-Jun-2014 00:57:35 CEST  Closed file file:/lustre/cms//store/user/calabria/calabria_SingleMuPt50_GEN-SIM-DIGI-RECO_CMSSW_6_2_0_SLHC12_2023Scenario_Case5/calabria_SingleMuPt50_GEN-SIM-DIGI-RECO_CMSSW_6_2_0_SLHC12_2023Scenario_Case5/b751428e425b1090114480565dd0c2b6/out_reco_499_1_lek.root

=============================================

MessageLogger Summary

 type     category        sev    module        subroutine        count    total
 ---- -------------------- -- ---------------- ----------------  -----    -----
    1 fileAction           -s file_close                            10       10
    2 fileAction           -s file_open                             20       20

 type    category    Examples: run/evt        run/evt          run/evt
 ---- -------------------- ---------------- ---------------- ----------------
    1 fileAction           PostProcessEvent PostProcessEvent PostEndRun
    2 fileAction           pre-events       pre-events       PostProcessEvent

Severity    # Occurrences   Total Occurrences
--------    -------------   -----------------
System                 30                  30
>>> END OF printout of 50 lines from stdout+stderr
>>> Parse FrameworkJobReport crab_fjr.xml
Result of parsing the FrameworkJobReport crab_fjr.xml: Popularity start
lumisRange : 1::::1;1::::2;1::::3;1::::4;1::::5;1::::6;1::::7;1::::8;1::::9;1::::10;
lumisParentRange : 
Basename : /store/user/calabria/calabria_SingleMuPt50_GEN-SIM-DIGI-RECO_CMSSW_6_2_0_SLHC12_2023Scenario_Case5/calabria_SingleMuPt50_GEN-SIM-DIGI-RECO_CMSSW_6_2_0_SLHC12_2023Scenario_Case5/b751428e425b1090114480565dd0c2b6/out_reco_4
BasenameParent : 
parentFiles : 
inputBlocks : /calabria_SingleMuPt50_GEN-SIM-DIGI-RECO_CMSSW_6_2_0_SLHC12_2023Scenario_Case5/calabria-calabria_SingleMuPt50_GEN-SIM-DIGI-RECO_CMSSW_6_2_0_SLHC12_2023Scenario_Case5-b751428e425b1090114480565dd0c2b6/USER#626531c3-8bc9-4012-8de4-e4bf69a7d0b3
inputFiles : 98_1_c0i.root::1::EDM::Local::1;90_1_ZA6.root::1::EDM::Local::2;99_1_lek.root::1::EDM::Local::3;71_1_3hj.root::1::EDM::Local::4;91_1_Y9j.root::1::EDM::Local::5;85_1_oh2.root::1::EDM::Local::6;87_1_CdS.root::1::EDM::Local::7;82_1_EHe.root::1::EDM::Local::8;96_1_oID.root::1::EDM::Local::9;89_1_Iqf.root::1::EDM::Local::10;
Popularity stop
Extracted ExitStatus from FrameworkJobReport parsing output: 0
>>> Executable succeded  0
ExeExitCode=0
EXECUTABLE_EXIT_STATUS = 0
>>> current directory /home/cms040/home_cream_682359883/CREAM682359883/glide_iF6QwV/execute/dir_27474/CMSSW_6_2_0_SLHC12
>>>  (SOFTWARE_DIR): /home/cms040/home_cream_682359883/CREAM682359883/glide_iF6QwV/execute/dir_27474/CMSSW_6_2_0_SLHC12
>>> (WORKING_DIR): 
>>> current directory content:
total 10116
drwxr-xr-x 3 cms040 cms    4096 Jun 18 00:51 .SCRAM
-rw------- 1 cms040 cms 3739306 Jun 18 00:51 CMSSW.py.pkl
drwxr-xr-x 3 cms040 cms    4096 Jun 18 00:51 bin
drwxr-xr-x 3 cms040 cms    4096 Jun 18 00:51 cfipython
drwxr-xr-x 4 cms040 cms    4096 Jun 18 00:51 config
-rw------- 1 cms040 cms      18 Jun 18 00:57 cpu_timing.txt
drwxr-xr-x 2 cms040 cms    4096 Jun 18 00:51 doc
-rw------- 1 cms040 cms    9925 Jun 18 00:57 executable.out
drwxr-xr-x 2 cms040 cms    4096 Jun 18 00:51 include
drwx------ 3 cms040 cms    4096 Apr 28 18:12 lib
drwxr-xr-x 3 cms040 cms    4096 Jun 18 00:51 logs
drwxr-xr-x 3 cms040 cms    4096 Jun 18 00:51 objs
-rw------- 1 cms040 cms     104 Jun 18 00:51 pset.py
-rw------- 1 cms040 cms 3712312 Jun 18 00:51 pset.py.pkl
-rw------- 1 cms040 cms     289 Jun 18 00:51 pset.pyc
drwxr-xr-x 2 cms040 cms    4096 Jun 18 00:51 python
-rw------- 1 cms040 cms     410 Jun 18 00:57 report.log
drwx------ 6 cms040 cms    4096 Jun 18 00:51 src
drwxr-xr-x 3 cms040 cms    4096 Jun 18 00:51 test
drwxr-xr-x 3 cms040 cms    4096 Jun 18 00:51 tmp
-rw------- 1 cms040 cms 2809644 Jun 18 00:57 validationEDM.root
>>> current directory /home/cms040/home_cream_682359883/CREAM682359883/glide_iF6QwV/execute/dir_27474/CMSSW_6_2_0_SLHC12
>>> (SOFTWARE_DIR): /home/cms040/home_cream_682359883/CREAM682359883/glide_iF6QwV/execute/dir_27474/CMSSW_6_2_0_SLHC12
>>> (WORKING_DIR): 
>>> current directory content:
total 10116
drwxr-xr-x 3 cms040 cms    4096 Jun 18 00:51 .SCRAM
-rw------- 1 cms040 cms 3739306 Jun 18 00:51 CMSSW.py.pkl
drwxr-xr-x 3 cms040 cms    4096 Jun 18 00:51 bin
drwxr-xr-x 3 cms040 cms    4096 Jun 18 00:51 cfipython
drwxr-xr-x 4 cms040 cms    4096 Jun 18 00:51 config
-rw------- 1 cms040 cms      18 Jun 18 00:57 cpu_timing.txt
drwxr-xr-x 2 cms040 cms    4096 Jun 18 00:51 doc
-rw------- 1 cms040 cms    9925 Jun 18 00:57 executable.out
drwxr-xr-x 2 cms040 cms    4096 Jun 18 00:51 include
drwx------ 3 cms040 cms    4096 Apr 28 18:12 lib
drwxr-xr-x 3 cms040 cms    4096 Jun 18 00:51 logs
drwxr-xr-x 3 cms040 cms    4096 Jun 18 00:51 objs
-rw------- 1 cms040 cms     104 Jun 18 00:51 pset.py
-rw------- 1 cms040 cms 3712312 Jun 18 00:51 pset.py.pkl
-rw------- 1 cms040 cms     289 Jun 18 00:51 pset.pyc
drwxr-xr-x 2 cms040 cms    4096 Jun 18 00:51 python
-rw------- 1 cms040 cms     410 Jun 18 00:57 report.log
drwx------ 6 cms040 cms    4096 Jun 18 00:51 src
drwxr-xr-x 3 cms040 cms    4096 Jun 18 00:51 test
drwxr-xr-x 3 cms040 cms    4096 Jun 18 00:51 tmp
-rw------- 1 cms040 cms 2809644 Jun 18 00:57 validationEDM_19_1_GPb.root
>>> current directory (RUNTIME_AREA):  /home/cms040/home_cream_682359883/CREAM682359883/glide_iF6QwV/execute/dir_27474
SE = storm-se-01.ba.infn.it
SE_PATH = /srm/managerv2?SFN=//cms/store/user/calabria/calabria_SingleMuPt50_GEN-SIM-DIGI-RECO_CMSSW_6_2_0_SLHC12_2023Scenario_Case5/calabria_MuMinus50_GEN-SIM-DIGI-RECO_CMSSW_6_2_0_SLHC12_2023Scenario_VALNOPU2_Case5/5854dd31cbd3cdec44c48628cc181cf0/
LFNBaseName = /store/user/calabria/calabria_SingleMuPt50_GEN-SIM-DIGI-RECO_CMSSW_6_2_0_SLHC12_2023Scenario_Case5/calabria_MuMinus50_GEN-SIM-DIGI-RECO_CMSSW_6_2_0_SLHC12_2023Scenario_VALNOPU2_Case5/5854dd31cbd3cdec44c48628cc181cf0/
USER = calabria
endpoint = srm://storm-se-01.ba.infn.it:8444/srm/managerv2?SFN=//cms/store/user/calabria/calabria_SingleMuPt50_GEN-SIM-DIGI-RECO_CMSSW_6_2_0_SLHC12_2023Scenario_Case5/calabria_MuMinus50_GEN-SIM-DIGI-RECO_CMSSW_6_2_0_SLHC12_2023Scenario_VALNOPU2_Case5/5854dd31cbd3cdec44c48628cc181cf0/
>>> Copy output files from WN = alicegrid98.ba.infn.it to /srm/managerv2?SFN=//cms/store/user/calabria/calabria_SingleMuPt50_GEN-SIM-DIGI-RECO_CMSSW_6_2_0_SLHC12_2023Scenario_Case5/calabria_MuMinus50_GEN-SIM-DIGI-RECO_CMSSW_6_2_0_SLHC12_2023Scenario_VALNOPU2_Case5/5854dd31cbd3cdec44c48628cc181cf0/ :
python cmscp.py  --destination srm://storm-se-01.ba.infn.it:8444/srm/managerv2?SFN=//cms/store/user/calabria/calabria_SingleMuPt50_GEN-SIM-DIGI-RECO_CMSSW_6_2_0_SLHC12_2023Scenario_Case5/calabria_MuMinus50_GEN-SIM-DIGI-RECO_CMSSW_6_2_0_SLHC12_2023Scenario_VALNOPU2_Case5/5854dd31cbd3cdec44c48628cc181cf0/ --inputFileList /home/cms040/home_cream_682359883/CREAM682359883/glide_iF6QwV/execute/dir_27474/CMSSW_6_2_0_SLHC12/validationEDM_19_1_GPb.root --middleware LCG --se_name storm-se-01.ba.infn.it --for_lfn /store/user/calabria/calabria_SingleMuPt50_GEN-SIM-DIGI-RECO_CMSSW_6_2_0_SLHC12_2023Scenario_Case5/calabria_MuMinus50_GEN-SIM-DIGI-RECO_CMSSW_6_2_0_SLHC12_2023Scenario_VALNOPU2_Case5/5854dd31cbd3cdec44c48628cc181cf0/    
******************************************************
localSeName  =  storm-se-01.ba.infn.it
remoteSeName =  storm-se-01.ba.infn.it
******************************************************
{"/home/cms040/home_cream_682359883/CREAM682359883/glide_iF6QwV/execute/dir_27474/CMSSW_6_2_0_SLHC12/validationEDM_19_1_GPb.root": {"endpoint": "srm://storm-se-01.ba.infn.it:8444/srm/managerv2?SFN=//cms/store/user/calabria/calabria_SingleMuPt50_GEN-SIM-DIGI-RECO_CMSSW_6_2_0_SLHC12_2023Scenario_Case5/calabria_MuMinus50_GEN-SIM-DIGI-RECO_CMSSW_6_2_0_SLHC12_2023Scenario_VALNOPU2_Case5/5854dd31cbd3cdec44c48628cc181cf0/", "surl_for_grid": "", "reason": "Copy succedeed with srm-lcg utils", "erCode": "0", "se_name": "storm-se-01.ba.infn.it", "for_lfn": "/store/user/calabria/calabria_SingleMuPt50_GEN-SIM-DIGI-RECO_CMSSW_6_2_0_SLHC12_2023Scenario_Case5/calabria_MuMinus50_GEN-SIM-DIGI-RECO_CMSSW_6_2_0_SLHC12_2023Scenario_VALNOPU2_Case5/5854dd31cbd3cdec44c48628cc181cf0/"}}/home/cms040/home_cream_682359883/CREAM682359883/glide_iF6QwV/execute/dir_27474
-------- cat /home/cms040/home_cream_682359883/CREAM682359883/glide_iF6QwV/execute/dir_27474/cmscpReport.sh 
#!/bin/bash
echo "Report for File: /home/cms040/home_cream_682359883/CREAM682359883/glide_iF6QwV/execute/dir_27474/CMSSW_6_2_0_SLHC12/validationEDM_19_1_GPb.root"
echo "LFN: /store/user/calabria/calabria_SingleMuPt50_GEN-SIM-DIGI-RECO_CMSSW_6_2_0_SLHC12_2023Scenario_Case5/calabria_MuMinus50_GEN-SIM-DIGI-RECO_CMSSW_6_2_0_SLHC12_2023Scenario_VALNOPU2_Case5/5854dd31cbd3cdec44c48628cc181cf0/validationEDM_19_1_GPb.root"
echo "StorageElement: storm-se-01.ba.infn.it"
echo "StageOutExitStatusReason = 'Copy succedeed with srm-lcg utils'" | tee -a $RUNTIME_AREA/$repo
echo "StageOutSE = storm-se-01.ba.infn.it" >> $RUNTIME_AREA/$repo

export StageOutExitStatus=0
echo "StageOutExitStatus = 0" | tee -a $RUNTIME_AREA/$repo
-------- end of /home/cms040/home_cream_682359883/CREAM682359883/glide_iF6QwV/execute/dir_27474/cmscpReport.sh 
Report for File: /home/cms040/home_cream_682359883/CREAM682359883/glide_iF6QwV/execute/dir_27474/CMSSW_6_2_0_SLHC12/validationEDM_19_1_GPb.root
LFN: /store/user/calabria/calabria_SingleMuPt50_GEN-SIM-DIGI-RECO_CMSSW_6_2_0_SLHC12_2023Scenario_Case5/calabria_MuMinus50_GEN-SIM-DIGI-RECO_CMSSW_6_2_0_SLHC12_2023Scenario_VALNOPU2_Case5/5854dd31cbd3cdec44c48628cc181cf0/validationEDM_19_1_GPb.root
StorageElement: storm-se-01.ba.infn.it
StageOutExitStatusReason = 'Copy succedeed with srm-lcg utils'
StageOutExitStatus = 0
>>> current dir: /home/cms040/home_cream_682359883/CREAM682359883/glide_iF6QwV/execute/dir_27474
>>> current dir content:
total 28076
-rw-------  1 cms040 cms     2783 Jun 18 00:58 .SEinteraction.log
-rwx------  1 cms040 cms     6822 Jun 18 00:50 .job.ad
-rwx------  1 cms040 cms     9469 Jun 18 00:50 .machine.ad
-rw-------  1 cms040 cms      105 Jun 16 20:44 CMSSW.py
-rw-------  1 cms040 cms  3739306 Jun 16 20:44 CMSSW.py.pkl
-rwx------  1 cms040 cms    29556 Jun 18 00:50 CMSSW.sh
drwxr-xr-x 15 cms040 cms     4096 Jun 18 00:57 CMSSW_6_2_0_SLHC12
-rw-------  1 cms040 cms      220 Jun 18 00:51 CacheEnv.sh
-rw-------  1 cms040 cms     7291 Apr  4 11:04 DashboardAPI.py
-rw-------  1 cms040 cms     6815 Jun 18 00:51 DashboardAPI.pyc
drwx------  2 cms040 cms     4096 Jun 18 00:57 IMProv
-rw-------  1 cms040 cms     2748 Apr  4 11:04 Logger.py
-rw-------  1 cms040 cms     3347 Jun 18 00:51 Logger.pyc
-rw-------  1 cms040 cms    24524 Apr  4 11:04 ProcInfo.py
-rw-------  1 cms040 cms    23197 Jun 18 00:51 ProcInfo.pyc
drwx------  7 cms040 cms     4096 Jun 18 00:51 ProdCommon
drwx------  3 cms040 cms     4096 Jun 18 00:51 WMCore
-rw-------  1 cms040 cms     2739 Jun 18 00:58 Watchdog_19.log
-rwx------  1 cms040 cms        0 Jun 18 00:50 _condor_stderr
-rwx---r--  1 cms040 cms    29432 Jun 18 00:58 _condor_stdout
-rw-------  1 cms040 cms    32895 Apr  4 11:04 apmon.py
-rw-------  1 cms040 cms    28625 Jun 18 00:51 apmon.pyc
-rwx------  1 cms040 cms    53483 Jun 18 00:50 arguments.xml
-rwx------  1 cms040 cms    38515 Apr  4 11:04 cmscp.py
-rw-------  1 cms040 cms      718 Jun 18 00:58 cmscpReport.sh
-rwx------  1 cms040 cms    29556 Jun 18 00:50 condor_exec.exe
-rw-------  1 cms040 cms      958 Jun 16 20:44 crab.cfg
-rwx------  1 cms040 cms     8610 Apr  4 11:04 crabWatchdog.sh
-rwx---r--  1 cms040 cms   523286 Jun 18 00:57 crab_fjr_19.xml
-rwx------  1 cms040 cms 23959710 Jun 18 00:50 default.tgz
-rwx------  1 cms040 cms     4488 Apr  4 11:04 fillCrabFjr.py
-rw-------  1 cms040 cms     2629 Jun 18 00:51 inputsReport.txt
-rw-------  1 cms040 cms      261 Jun 18 00:58 jobreport.txt
-rw-------  1 cms040 cms    17352 Apr  4 11:04 parseCrabFjr.py
-rw-------  1 cms040 cms      332 Jun 18 00:51 report.log
-rwx--x--x  1 cms040 cms     1497 Apr  4 11:04 report.py
-rw-------  1 cms040 cms      772 Jun 18 00:58 resultCopyFile
lrwxrwxrwx  1 cms040 cms      126 Jun 18 00:57 validationEDM.root -> /home/cms040/home_cream_682359883/CREAM682359883/glide_iF6QwV/execute/dir_27474/CMSSW_6_2_0_SLHC12/validationEDM_19_1_GPb.root
-rwx------  1 cms040 cms     8387 Apr  4 11:04 writeCfg.py
-rw-------  1 cms040 cms     8014 Jun 18 00:50 x509up_u50707
>>> Modify Job Report:
CMSSW_VERSION = CMSSW_6_2_0_SLHC12
ProcessedDataset = calabria_MuMinus50_GEN-SIM-DIGI-RECO_CMSSW_6_2_0_SLHC12_2023Scenario_VALNOPU2_Case5
/home/cms040/home_cream_682359883/CREAM682359883/glide_iF6QwV/execute/dir_27474/ProdCommon/FwkJobRep/ModifyJobReport.py fjr /home/cms040/home_cream_682359883/CREAM682359883/glide_iF6QwV/execute/dir_27474/crab_fjr_19.xml json /home/cms040/home_cream_682359883/CREAM682359883/glide_iF6QwV/execute/dir_27474/resultCopyFile n_job 19_1_GPb PrimaryDataset calabria_SingleMuPt50_GEN-SIM-DIGI-RECO_CMSSW_6_2_0_SLHC12_2023Scenario_Case5  ApplicationFamily cmsRun ApplicationName cmsRun cmssw_version CMSSW_6_2_0_SLHC12 psethash 5854dd31cbd3cdec44c48628cc181cf0 UserProcessedDataset calabria-calabria_MuMinus50_GEN-SIM-DIGI-RECO_CMSSW_6_2_0_SLHC12_2023Scenario_VALNOPU2_Case5-5854dd31cbd3cdec44c48628cc181cf0
inputDict =  {u'/home/cms040/home_cream_682359883/CREAM682359883/glide_iF6QwV/execute/dir_27474/CMSSW_6_2_0_SLHC12/validationEDM_19_1_GPb.root': {u'endpoint': u'srm://storm-se-01.ba.infn.it:8444/srm/managerv2?SFN=//cms/store/user/calabria/calabria_SingleMuPt50_GEN-SIM-DIGI-RECO_CMSSW_6_2_0_SLHC12_2023Scenario_Case5/calabria_MuMinus50_GEN-SIM-DIGI-RECO_CMSSW_6_2_0_SLHC12_2023Scenario_VALNOPU2_Case5/5854dd31cbd3cdec44c48628cc181cf0/', u'surl_for_grid': u'', u'reason': u'Copy succedeed with srm-lcg utils', u'erCode': u'0', u'se_name': u'storm-se-01.ba.infn.it', u'for_lfn': u'/store/user/calabria/calabria_SingleMuPt50_GEN-SIM-DIGI-RECO_CMSSW_6_2_0_SLHC12_2023Scenario_Case5/calabria_MuMinus50_GEN-SIM-DIGI-RECO_CMSSW_6_2_0_SLHC12_2023Scenario_VALNOPU2_Case5/5854dd31cbd3cdec44c48628cc181cf0/'}}
UserProcessedDataset =  calabria-calabria_MuMinus50_GEN-SIM-DIGI-RECO_CMSSW_6_2_0_SLHC12_2023Scenario_VALNOPU2_Case5-5854dd31cbd3cdec44c48628cc181cf0
file_name in inputDict =  /home/cms040/home_cream_682359883/CREAM682359883/glide_iF6QwV/execute/dir_27474/CMSSW_6_2_0_SLHC12/validationEDM_19_1_GPb.root
(size) os.stat(filename)[6] =  2809644
checksum =  3856547163
    file =  validationEDM_19_1_GPb.root
    newPfn =  srm://storm-se-01.ba.infn.it:8444/srm/managerv2?SFN=//cms/store/user/calabria/calabria_SingleMuPt50_GEN-SIM-DIGI-RECO_CMSSW_6_2_0_SLHC12_2023Scenario_Case5/calabria_MuMinus50_GEN-SIM-DIGI-RECO_CMSSW_6_2_0_SLHC12_2023Scenario_VALNOPU2_Case5/5854dd31cbd3cdec44c48628cc181cf0/validationEDM_19_1_GPb.root
    newLfn =  /store/user/calabria/calabria_SingleMuPt50_GEN-SIM-DIGI-RECO_CMSSW_6_2_0_SLHC12_2023Scenario_Case5/calabria_MuMinus50_GEN-SIM-DIGI-RECO_CMSSW_6_2_0_SLHC12_2023Scenario_VALNOPU2_Case5/5854dd31cbd3cdec44c48628cc181cf0/validationEDM_19_1_GPb.root
>>> crab_fjr_*.xml  permission set to 0704
CrabWrapper EXIT_FUNC entered at Wed Jun 18 00:58:34 CEST 2014   -  Tue Jun 17 22:58:34 UTC 2014
Checking output files:  
will tar file crab_fjr_19.xml in  out_files_19
WARNING: output file CMSSW_19.stdout not found!
WARNING: output file CMSSW_19.stderr not found!
WARNING: output file Watchdog_19.log.gz not found!
>>> padding time: Sleeping the wrapper for 144 seconds
STOPPING WATCHDOG. CrabWatchdog PID is 28457
********** LAST 50 LINES OF WATCHDOG LOG
# RESOURCE USAGE SUMMARY FOR PROCESS ID 28051
USER       PID %CPU %MEM    VSZ   RSS TTY      STAT START   TIME COMMAND
cms040   28051  0.5  0.0   9496  1592 ?        S    00:50   0:00 /bin/sh /home/cms040/home_cream_682359883/CREAM682359883/glide_iF6QwV/execute/dir_27474/condor_exec.exe 19 1
 
# LIMITS USED BY CRAB WATCHDOG:
# RSS  (KBytes)   : 2300000
# VSZ  (KBytes)   : 100000000
# DISK (MBytes)   : 19000
# CPU TIME        : 720h:0m:0s
# WALL CLOCK TIME : 21h:50m:0s
 
# FOLLOWING PRINTOUT TRACKS MAXIMUM VALUES OF RESOURCES USE
# ONE LINE IS PRINTED EACH TIME A MAXIMUM CHANGES
# IF CHANGE WAS IN RSS OR VSZ ALSO PROCID AND COMMAND ARE PRINTED
# THERE IS NO PRINTOUT FOR CPU/WALL TIME INCREASE
 
# TIME			PID	RSS(KB)	VSZ(KB)	Dsk(MB)	tCPU(s)	tWALL(s)	COMMAND
 Jun 18 00:51:04 CEST	2609	1392	9364	0	0	1	/bin/bash /home/cms040/home_cream_682359883/CREAM682359883/glide_iF6QwV/main/condor_startup.sh glidein_config        
 Jun 18 00:51:04 CEST	4078	8004	93336	0	0	1	/home/cms040/home_cream_682359883/CREAM682359883/glide_iF6QwV/main/condor/sbin/condor_master -f -pidfile /home/cms040/home_cream_682359883/CREAM682359883/glide_iF6QwV/condor_master2.pid       
 Jun 18 00:51:04 CEST	4227	8728	93784	0	4	1	condor_startd -f         
 Jun 18 00:51:04 CEST	26138	8728	106092	0	0	1	sh -c "./glidein_startup.sh" -v std -name v1_3 -entry CMS_T2_IT_Bari_ce2 -clientname UCSD-v1_0.main
 Jun 18 00:51:04 CEST	26141	8728	106492	0	0	1	/bin/bash ./glidein_startup.sh -v std -name v1_3 -entry CMS_T2_IT_Bari_ce2 -clientname UCSD-v1_0.main -schedd
 Jun 18 00:51:04 CEST	28469	54968	119792	0	1	2	edmConfigHash pset.py         
 Jun 18 00:51:04 CEST	---	54968	119792	171	----	----	----
 Jun 18 00:52:06 CEST	29284	757232	978812	171	35	64	cmsRun -j /home/cms040/home_cream_682359883/CREAM682359883/glide_iF6QwV/execute/dir_27474/crab_fjr_19.xml -p pset.py      
 Jun 18 00:52:06 CEST	---	757232	978812	175	----	----	----
 Jun 18 00:53:08 CEST	29284	775596	1001796	175	84	126	cmsRun -j /home/cms040/home_cream_682359883/CREAM682359883/glide_iF6QwV/execute/dir_27474/crab_fjr_19.xml -p pset.py      
 Jun 18 00:55:11 CEST	29284	775596	1025348	175	172	248	cmsRun -j /home/cms040/home_cream_682359883/CREAM682359883/glide_iF6QwV/execute/dir_27474/crab_fjr_19.xml -p pset.py      
 Jun 18 00:56:12 CEST	29284	775596	1031492	175	227	309	cmsRun -j /home/cms040/home_cream_682359883/CREAM682359883/glide_iF6QwV/execute/dir_27474/crab_fjr_19.xml -p pset.py      
 Jun 18 00:57:13 CEST	29284	1195104	1753924	175	288	370	cmsRun -j /home/cms040/home_cream_682359883/CREAM682359883/glide_iF6QwV/execute/dir_27474/crab_fjr_19.xml -p pset.py      
 Jun 18 00:57:13 CEST	---	1195104	1753924	176	----	----	----
 Jun 18 00:58:15 CEST	---	1195104	1753924	178	----	----	----
********** WATCHDOG LOG ENDED
ZIPPING WATCHDOG LOG
Disk space used:
du -sh /home/cms040/home_cream_682359883/CREAM682359883/glide_iF6QwV/execute/dir_27474
178M	/home/cms040/home_cream_682359883/CREAM682359883/glide_iF6QwV/execute/dir_27474
Found unusual stdout, rename for OSB
`/home/cms040/home_cream_682359883/CREAM682359883/glide_iF6QwV/execute/dir_27474/_condor_stdout' -> `CMSSW_19.stdout'
Found unusual stderr, rename for OSB
`/home/cms040/home_cream_682359883/CREAM682359883/glide_iF6QwV/execute/dir_27474/_condor_stdout' -> `CMSSW_19.stderr'
crab_fjr_19.xml
CMSSW_19.stdout
CMSSW_19.stderr
Watchdog_19.log.gz
Total Output dimension: 70188
WARNING: output files size limit is set to: 50000000
Total Output dimension 70188 is fine.
JOB_EXIT_STATUS = 0
>>> info for dashboard:
***** Cat /home/cms040/home_cream_682359883/CREAM682359883/glide_iF6QwV/execute/dir_27474/jobreport.txt *****
MonitorJobID=19_https://submit-4.t2.ucsd.edu//140616//222486.18
MonitorID=calabria_MuMinus50_Case5_ReReco_5k2yt6
ExeTime=370
ExeExitCode=0
StageOutExitStatusReason = 'Copy succedeed with srm-lcg utils'
StageOutSE = storm-se-01.ba.infn.it
StageOutExitStatus = 0
CrabUserCpuTime=205.14
CrabSysCpuTime=105.46
CrabCpuPercentage=83%
CrabWrapperTime=600
CrabStageoutTime=48
JobExitCode=0
***** End Cat jobreport *****
Parameters sent to Dashboard.
EXITING at Wed Jun 18 01:01:04 CEST 2014  -  Tue Jun 17 23:01:04 UTC 2014
