This script was generated by crab (version 2.10.5_patch1).
Running /home/cms017/home_cream_334186649/CREAM334186649/glide_HenILc/execute/dir_12249/condor_exec.exe with 2 positional parameters: 9 1
Today is Tue Jun 17 23:39:00 CEST 2014 - Tue Jun 17 21:39:00 UTC 2014
Job submitted on host pccms152.ba.infn.it
Linux pccms152.ba.infn.it 2.6.32-358.23.2.el6.x86_64 #1 SMP Thu Oct 17 10:27:22 CEST 2013 x86_64 x86_64 x86_64 GNU/Linux
>>> current directory (RUNTIME_AREA): /home/cms017/home_cream_334186649/CREAM334186649/glide_HenILc/execute/dir_12249
>>> current user: uid=11830(cms017) gid=1399(cms) groups=1399(cms)
>>> directory permission set to 0700
>>> umask set to:  u=rwx,g=,o=
>>> stdout stderr permission set to 0704
>>> voms proxy information:
subject   : /C=IT/O=INFN/OU=Personal Certificate/L=Bari/CN=Cesare Calabria/CN=477126703/CN=78956575
issuer    : /C=IT/O=INFN/OU=Personal Certificate/L=Bari/CN=Cesare Calabria/CN=477126703
identity  : /C=IT/O=INFN/OU=Personal Certificate/L=Bari/CN=Cesare Calabria
type      : RFC3820 compliant limited proxy
strength  : 1024
path      : /home/cms017/home_cream_334186649/CREAM334186649/glide_HenILc/execute/dir_12249/x509up_u50707
timeleft  : 23:59:56
key usage : Digital Signature, Key Encipherment, Data Encipherment
=== VO cms extension information ===
VO        : cms
subject   : /C=IT/O=INFN/OU=Personal Certificate/L=Bari/CN=Cesare Calabria
issuer    : /DC=ch/DC=cern/OU=computers/CN=voms.cern.ch
attribute : /cms/Role=NULL/Capability=NULL
attribute : /cms/itcms/Role=NULL/Capability=NULL
timeleft  : 155:45:18
uri       : voms.cern.ch:15002

WNHostName=pccms152.ba.infn.it
>>> tar --no-same-permissions -xf /home/cms017/home_cream_334186649/CREAM334186649/glide_HenILc/execute/dir_12249/default.tgz :
Successful untar
>>> Include /home/cms017/home_cream_334186649/CREAM334186649/glide_HenILc/execute/dir_12249 in PYTHONPATH:
strip arguments
env var CRAB_UNIQUE_JOB_ID set to: calabria_MuMinus500_Case5_ReReco_a7j0g2_9_1_q9v
out_files_9
>>> list of expected files on output sandbox
output files: crab_fjr_9.xml CMSSW_9.stdout CMSSW_9.stderr Watchdog_9.log.gz
>>> GridFlavour discovery: 
GridFlavour=LCG
>>> SyncSite discovery: 
SyncSite=T2_IT_Bari
>>> SyncCE discovery: 
getting SyncCE from CE_ID
SyncCE=cream-ce-4.ba.infn.it:8443/cream-pbs-cms
>>> info for dashboard:
***** Cat /home/cms017/home_cream_334186649/CREAM334186649/glide_HenILc/execute/dir_12249/jobreport.txt *****
WNHostName=pccms152.ba.infn.it
MonitorJobID=9_https://vocms83.cern.ch//140616//86810.8
SyncGridJobId=https://vocms83.cern.ch//140616//86810.8
MonitorID=calabria_MuMinus500_Case5_ReReco_a7j0g2
GridFlavour=LCG
SyncSite=T2_IT_Bari
SyncCE=cream-ce-4.ba.infn.it:8443/cream-pbs-cms
***** End Cat jobreport *****
Parameters sent to Dashboard.
>>> setup environment
set SCRAM ARCH to slc5_amd64_gcc472
SCRAM_ARCH = slc5_amd64_gcc472
>>> setup CMS LCG environment:
set SCRAM ARCH and BUILD_ARCH to slc5_amd64_gcc472 ###
Sourcing environment... 
sourcing /cvmfs/cms.cern.ch/cmsset_default.sh
==> setup cms environment ok
>>> specific cmssw setup environment:
CMSSW_VERSION =  CMSSW_6_2_0_SLHC12
>>> current directory (SOFTWARE_DIR): /home/cms017/home_cream_334186649/CREAM334186649/glide_HenILc/execute/dir_12249/CMSSW_6_2_0_SLHC12
PreserveSeeds: <>
IncrementSeeds:<>
>>> info for dashboard:
***** Cat /home/cms017/home_cream_334186649/CREAM334186649/glide_HenILc/execute/dir_12249/jobreport.txt *****
MonitorJobID=9_https://vocms83.cern.ch//140616//86810.8
MonitorID=calabria_MuMinus500_Case5_ReReco_a7j0g2
***** End Cat jobreport *****
Parameters sent to Dashboard.
crabWatchdog started as process 12986
>>> moving CMSSW software directories in /home/cms017/home_cream_334186649/CREAM334186649/glide_HenILc/execute/dir_12249/CMSSW_6_2_0_SLHC12
mv: cannot stat `/home/cms017/home_cream_334186649/CREAM334186649/glide_HenILc/execute/dir_12249/module/': No such file or directory
>>> Include /home/cms017/home_cream_334186649/CREAM334186649/glide_HenILc/execute/dir_12249 in PYTHONPATH:
PYTHONPATH=/home/cms017/home_cream_334186649/CREAM334186649/glide_HenILc/execute/dir_12249/:/home/cms017/home_cream_334186649/CREAM334186649/glide_HenILc/execute/dir_12249/CMSSW_6_2_0_SLHC12/python:/home/cms017/home_cream_334186649/CREAM334186649/glide_HenILc/execute/dir_12249/CMSSW_6_2_0_SLHC12/lib/slc5_amd64_gcc472:/cvmfs/cms.cern.ch/slc5_amd64_gcc472/cms/cmssw/CMSSW_6_2_0_SLHC12/python:/cvmfs/cms.cern.ch/slc5_amd64_gcc472/cms/cmssw/CMSSW_6_2_0_SLHC12/lib/slc5_amd64_gcc472:/cvmfs/cms.cern.ch/slc5_amd64_gcc472/cms/coral/CORAL_2_3_21-cms36/slc5_amd64_gcc472/python:/cvmfs/cms.cern.ch/slc5_amd64_gcc472/cms/coral/CORAL_2_3_21-cms36/slc5_amd64_gcc472/lib:/cvmfs/cms.cern.ch/slc5_amd64_gcc472/external/pyqt/4.8.1-cms6/lib/python2.7/site-packages:/cvmfs/cms.cern.ch/slc5_amd64_gcc472/external/py2-scipy/0.8.0-cms8/lib/python2.7/site-packages:/cvmfs/cms.cern.ch/slc5_amd64_gcc472/external/py2-matplotlib/1.0.1-cms8/lib/python2.7/site-packages:/cvmfs/cms.cern.ch/slc5_amd64_gcc472/external/python-ldap/2.3.5-cms6/lib/python2.7/site-packages:/cvmfs/cms.cern.ch/slc5_amd64_gcc472/external/sip/4.11.2-cms6/lib/python2.7/site-packages:/cvmfs/cms.cern.ch/slc5_amd64_gcc472/external/py2-pycurl/7.19.0-cms8/lib/python2.7/site-packages:/cvmfs/cms.cern.ch/slc5_amd64_gcc472/external/py2-numpy/1.6.1-cms8/lib/python2.7/site-packages:/cvmfs/cms.cern.ch/slc5_amd64_gcc472/external/py2-lint/0.25.1-cms6/lib/python2.7/site-packages:/cvmfs/cms.cern.ch/slc5_amd64_gcc472/external/py2-ipython/0.10-cms6/lib/python2.7/site-packages:/cvmfs/cms.cern.ch/slc5_amd64_gcc472/external/py2-cx-oracle/5.1-cms7/lib/python2.7/site-packages:/cvmfs/cms.cern.ch/slc5_amd64_gcc472/external/py2-cjson/1.0.5-cms6/lib/python2.7/site-packages:/cvmfs/cms.cern.ch/slc5_amd64_gcc472/cms/das-client/1.11.7/bin:/cvmfs/cms.cern.ch/slc5_amd64_gcc472/external/elementtree/1.2.6-cms6/share/lib/python2.7/site-packages:/cvmfs/cms.cern.ch/slc5_amd64_gcc472/external/rivet/1.8.2-cms8/lib/python2.7/site-packages:/cvmfs/cms.cern.ch/slc5_amd64_gcc472/external/pyminuit2/0.0.1-cms19/lib/python2.7/site-packages:/cvmfs/cms.cern.ch/slc5_amd64_gcc472/external/py2-pygithub/1.23.0/lib/python2.7/site-packages:/cvmfs/cms.cern.ch/slc5_amd64_gcc472/external/professor/1.0.0-cms19/lib/python2.7/site-packages:/cvmfs/cms.cern.ch/slc5_amd64_gcc472/lcg/root/5.34.07-cms/lib:/cvmfs/cms.cern.ch/slc5_amd64_gcc472/cms/dbs-client/DBS_2_1_9-cms5/lib:/cvmfs/cms.cern.ch/slc5_amd64_gcc472/cms/dbs-client/DBS_2_1_9-cms5/lib/DBSAPI:/cvmfs/cms.cern.ch/slc5_amd64_gcc472/external/cvs2git/5419-cms/lib:/home/cms017/home_cream_334186649/CREAM334186649/glide_HenILc/execute/dir_12249/
 
# LIMITS USED BY CRAB WATCHDOG:
# RSS  (KBytes)   : 2300000
# VSZ  (KBytes)   : 100000000
# DISK (MBytes)   : 19000
# CPU TIME        : 720h:0m:0s
# WALL CLOCK TIME : 21h:50m:0s
 
5854dd31cbd3cdec44c48628cc181cf0
PSETHASH = 5854dd31cbd3cdec44c48628cc181cf0
/home/cms017/home_cream_334186649/CREAM334186649/glide_HenILc/execute/dir_12249/writeCfg.py pset.py pset.py
Importing .py file
Setting parameters
RandomNumberGeneratorService found, will attempt to change seeds
inputBlocks=/calabria_SingleMuPt500_GEN-SIM-DIGI-RECO_CMSSW_6_2_0_SLHC12_2023Scenario_Case5/calabria-calabria_SingleMuPt500_GEN-SIM-DIGI-RECO_CMSSW_6_2_0_SLHC12_2023Scenario_Case5-66d2d5e75e30402dce10e8955fc10c87/USER#f956fb8d-47d3-4379-9ce9-a4461d5c4ac5
inputFiles=/store/user/calabria/calabria_SingleMuPt500_GEN-SIM-DIGI-RECO_CMSSW_6_2_0_SLHC12_2023Scenario_Case5/calabria_SingleMuPt500_GEN-SIM-DIGI-RECO_CMSSW_6_2_0_SLHC12_2023Scenario_Case5/66d2d5e75e30402dce10e8955fc10c87/out_reco_203_2_n3M.root;/store/user/calabria/calabria_SingleMuPt500_GEN-SIM-DIGI-RECO_CMSSW_6_2_0_SLHC12_2023Scenario_Case5/calabria_SingleMuPt500_GEN-SIM-DIGI-RECO_CMSSW_6_2_0_SLHC12_2023Scenario_Case5/66d2d5e75e30402dce10e8955fc10c87/out_reco_204_2_PDi.root;/store/user/calabria/calabria_SingleMuPt500_GEN-SIM-DIGI-RECO_CMSSW_6_2_0_SLHC12_2023Scenario_Case5/calabria_SingleMuPt500_GEN-SIM-DIGI-RECO_CMSSW_6_2_0_SLHC12_2023Scenario_Case5/66d2d5e75e30402dce10e8955fc10c87/out_reco_205_2_Waj.root;/store/user/calabria/calabria_SingleMuPt500_GEN-SIM-DIGI-RECO_CMSSW_6_2_0_SLHC12_2023Scenario_Case5/calabria_SingleMuPt500_GEN-SIM-DIGI-RECO_CMSSW_6_2_0_SLHC12_2023Scenario_Case5/66d2d5e75e30402dce10e8955fc10c87/out_reco_207_2_ZZJ.root;/store/user/calabria/calabria_SingleMuPt500_GEN-SIM-DIGI-RECO_CMSSW_6_2_0_SLHC12_2023Scenario_Case5/calabria_SingleMuPt500_GEN-SIM-DIGI-RECO_CMSSW_6_2_0_SLHC12_2023Scenario_Case5/66d2d5e75e30402dce10e8955fc10c87/out_reco_208_2_vmD.root;/store/user/calabria/calabria_SingleMuPt500_GEN-SIM-DIGI-RECO_CMSSW_6_2_0_SLHC12_2023Scenario_Case5/calabria_SingleMuPt500_GEN-SIM-DIGI-RECO_CMSSW_6_2_0_SLHC12_2023Scenario_Case5/66d2d5e75e30402dce10e8955fc10c87/out_reco_209_2_bFC.root;/store/user/calabria/calabria_SingleMuPt500_GEN-SIM-DIGI-RECO_CMSSW_6_2_0_SLHC12_2023Scenario_Case5/calabria_SingleMuPt500_GEN-SIM-DIGI-RECO_CMSSW_6_2_0_SLHC12_2023Scenario_Case5/66d2d5e75e30402dce10e8955fc10c87/out_reco_211_2_zNV.root;/store/user/calabria/calabria_SingleMuPt500_GEN-SIM-DIGI-RECO_CMSSW_6_2_0_SLHC12_2023Scenario_Case5/calabria_SingleMuPt500_GEN-SIM-DIGI-RECO_CMSSW_6_2_0_SLHC12_2023Scenario_Case5/66d2d5e75e30402dce10e8955fc10c87/out_reco_212_2_GY2.root;/store/user/calabria/calabria_SingleMuPt500_GEN-SIM-DIGI-RECO_CMSSW_6_2_0_SLHC12_2023Scenario_Case5/calabria_SingleMuPt500_GEN-SIM-DIGI-RECO_CMSSW_6_2_0_SLHC12_2023Scenario_Case5/66d2d5e75e30402dce10e8955fc10c87/out_reco_214_2_GZ5.root;/store/user/calabria/calabria_SingleMuPt500_GEN-SIM-DIGI-RECO_CMSSW_6_2_0_SLHC12_2023Scenario_Case5/calabria_SingleMuPt500_GEN-SIM-DIGI-RECO_CMSSW_6_2_0_SLHC12_2023Scenario_Case5/66d2d5e75e30402dce10e8955fc10c87/out_reco_218_2_q8C.root
parentFiles=
lumisRange=
>>> Executable cmsRun
/cvmfs/cms.cern.ch/slc5_amd64_gcc472/cms/cmssw/CMSSW_6_2_0_SLHC12/bin/slc5_amd64_gcc472/cmsRun
ok executable found
>>> info for dashboard:
***** Cat /home/cms017/home_cream_334186649/CREAM334186649/glide_HenILc/execute/dir_12249/jobreport.txt *****
MonitorJobID=9_https://vocms83.cern.ch//140616//86810.8
MonitorID=calabria_MuMinus500_Case5_ReReco_a7j0g2
ExeStart=cmsRun
***** End Cat jobreport *****
Parameters sent to Dashboard.
>>> cmsRun started at Tue Jun 17 21:39:24 UTC 2014
>>> cmsRun ended at Tue Jun 17 21:44:38 UTC 2014
>>> crab_fjr_*.xml  permission set to 0704
>>> info for dashboard:
***** Cat /home/cms017/home_cream_334186649/CREAM334186649/glide_HenILc/execute/dir_12249/jobreport.txt *****
MonitorJobID=9_https://vocms83.cern.ch//140616//86810.8
MonitorID=calabria_MuMinus500_Case5_ReReco_a7j0g2
ExeEnd=cmsRun
***** End Cat jobreport *****
Parameters sent to Dashboard.
TIME_EXE = 314 sec
>>> cmsRun wrote 50 lines of stdout+stderr
>>> START OF printout of 50 lines from stdout+stderr
271 DQMStore::DQMStore 
HcalTopologyIdealEP::HcalTopologyIdealEP
17-Jun-2014 23:39:49 CEST  Initiating request to open file file:/lustre/cms//store/user/calabria/calabria_SingleMuPt500_GEN-SIM-DIGI-RECO_CMSSW_6_2_0_SLHC12_2023Scenario_Case5/calabria_SingleMuPt500_GEN-SIM-DIGI-RECO_CMSSW_6_2_0_SLHC12_2023Scenario_Case5/66d2d5e75e30402dce10e8955fc10c87/out_reco_203_2_n3M.root
17-Jun-2014 23:39:53 CEST  Successfully opened file file:/lustre/cms//store/user/calabria/calabria_SingleMuPt500_GEN-SIM-DIGI-RECO_CMSSW_6_2_0_SLHC12_2023Scenario_Case5/calabria_SingleMuPt500_GEN-SIM-DIGI-RECO_CMSSW_6_2_0_SLHC12_2023Scenario_Case5/66d2d5e75e30402dce10e8955fc10c87/out_reco_203_2_n3M.root
17-Jun-2014 23:40:17 CEST  Closed file file:/lustre/cms//store/user/calabria/calabria_SingleMuPt500_GEN-SIM-DIGI-RECO_CMSSW_6_2_0_SLHC12_2023Scenario_Case5/calabria_SingleMuPt500_GEN-SIM-DIGI-RECO_CMSSW_6_2_0_SLHC12_2023Scenario_Case5/66d2d5e75e30402dce10e8955fc10c87/out_reco_203_2_n3M.root
17-Jun-2014 23:40:17 CEST  Initiating request to open file file:/lustre/cms//store/user/calabria/calabria_SingleMuPt500_GEN-SIM-DIGI-RECO_CMSSW_6_2_0_SLHC12_2023Scenario_Case5/calabria_SingleMuPt500_GEN-SIM-DIGI-RECO_CMSSW_6_2_0_SLHC12_2023Scenario_Case5/66d2d5e75e30402dce10e8955fc10c87/out_reco_204_2_PDi.root
17-Jun-2014 23:40:17 CEST  Successfully opened file file:/lustre/cms//store/user/calabria/calabria_SingleMuPt500_GEN-SIM-DIGI-RECO_CMSSW_6_2_0_SLHC12_2023Scenario_Case5/calabria_SingleMuPt500_GEN-SIM-DIGI-RECO_CMSSW_6_2_0_SLHC12_2023Scenario_Case5/66d2d5e75e30402dce10e8955fc10c87/out_reco_204_2_PDi.root
17-Jun-2014 23:40:38 CEST  Closed file file:/lustre/cms//store/user/calabria/calabria_SingleMuPt500_GEN-SIM-DIGI-RECO_CMSSW_6_2_0_SLHC12_2023Scenario_Case5/calabria_SingleMuPt500_GEN-SIM-DIGI-RECO_CMSSW_6_2_0_SLHC12_2023Scenario_Case5/66d2d5e75e30402dce10e8955fc10c87/out_reco_204_2_PDi.root
17-Jun-2014 23:40:38 CEST  Initiating request to open file file:/lustre/cms//store/user/calabria/calabria_SingleMuPt500_GEN-SIM-DIGI-RECO_CMSSW_6_2_0_SLHC12_2023Scenario_Case5/calabria_SingleMuPt500_GEN-SIM-DIGI-RECO_CMSSW_6_2_0_SLHC12_2023Scenario_Case5/66d2d5e75e30402dce10e8955fc10c87/out_reco_205_2_Waj.root
17-Jun-2014 23:40:38 CEST  Successfully opened file file:/lustre/cms//store/user/calabria/calabria_SingleMuPt500_GEN-SIM-DIGI-RECO_CMSSW_6_2_0_SLHC12_2023Scenario_Case5/calabria_SingleMuPt500_GEN-SIM-DIGI-RECO_CMSSW_6_2_0_SLHC12_2023Scenario_Case5/66d2d5e75e30402dce10e8955fc10c87/out_reco_205_2_Waj.root
17-Jun-2014 23:41:07 CEST  Closed file file:/lustre/cms//store/user/calabria/calabria_SingleMuPt500_GEN-SIM-DIGI-RECO_CMSSW_6_2_0_SLHC12_2023Scenario_Case5/calabria_SingleMuPt500_GEN-SIM-DIGI-RECO_CMSSW_6_2_0_SLHC12_2023Scenario_Case5/66d2d5e75e30402dce10e8955fc10c87/out_reco_205_2_Waj.root
17-Jun-2014 23:41:07 CEST  Initiating request to open file file:/lustre/cms//store/user/calabria/calabria_SingleMuPt500_GEN-SIM-DIGI-RECO_CMSSW_6_2_0_SLHC12_2023Scenario_Case5/calabria_SingleMuPt500_GEN-SIM-DIGI-RECO_CMSSW_6_2_0_SLHC12_2023Scenario_Case5/66d2d5e75e30402dce10e8955fc10c87/out_reco_207_2_ZZJ.root
17-Jun-2014 23:41:07 CEST  Successfully opened file file:/lustre/cms//store/user/calabria/calabria_SingleMuPt500_GEN-SIM-DIGI-RECO_CMSSW_6_2_0_SLHC12_2023Scenario_Case5/calabria_SingleMuPt500_GEN-SIM-DIGI-RECO_CMSSW_6_2_0_SLHC12_2023Scenario_Case5/66d2d5e75e30402dce10e8955fc10c87/out_reco_207_2_ZZJ.root
17-Jun-2014 23:41:32 CEST  Closed file file:/lustre/cms//store/user/calabria/calabria_SingleMuPt500_GEN-SIM-DIGI-RECO_CMSSW_6_2_0_SLHC12_2023Scenario_Case5/calabria_SingleMuPt500_GEN-SIM-DIGI-RECO_CMSSW_6_2_0_SLHC12_2023Scenario_Case5/66d2d5e75e30402dce10e8955fc10c87/out_reco_207_2_ZZJ.root
17-Jun-2014 23:41:33 CEST  Initiating request to open file file:/lustre/cms//store/user/calabria/calabria_SingleMuPt500_GEN-SIM-DIGI-RECO_CMSSW_6_2_0_SLHC12_2023Scenario_Case5/calabria_SingleMuPt500_GEN-SIM-DIGI-RECO_CMSSW_6_2_0_SLHC12_2023Scenario_Case5/66d2d5e75e30402dce10e8955fc10c87/out_reco_208_2_vmD.root
17-Jun-2014 23:41:33 CEST  Successfully opened file file:/lustre/cms//store/user/calabria/calabria_SingleMuPt500_GEN-SIM-DIGI-RECO_CMSSW_6_2_0_SLHC12_2023Scenario_Case5/calabria_SingleMuPt500_GEN-SIM-DIGI-RECO_CMSSW_6_2_0_SLHC12_2023Scenario_Case5/66d2d5e75e30402dce10e8955fc10c87/out_reco_208_2_vmD.root
17-Jun-2014 23:42:06 CEST  Closed file file:/lustre/cms//store/user/calabria/calabria_SingleMuPt500_GEN-SIM-DIGI-RECO_CMSSW_6_2_0_SLHC12_2023Scenario_Case5/calabria_SingleMuPt500_GEN-SIM-DIGI-RECO_CMSSW_6_2_0_SLHC12_2023Scenario_Case5/66d2d5e75e30402dce10e8955fc10c87/out_reco_208_2_vmD.root
17-Jun-2014 23:42:06 CEST  Initiating request to open file file:/lustre/cms//store/user/calabria/calabria_SingleMuPt500_GEN-SIM-DIGI-RECO_CMSSW_6_2_0_SLHC12_2023Scenario_Case5/calabria_SingleMuPt500_GEN-SIM-DIGI-RECO_CMSSW_6_2_0_SLHC12_2023Scenario_Case5/66d2d5e75e30402dce10e8955fc10c87/out_reco_209_2_bFC.root
17-Jun-2014 23:42:06 CEST  Successfully opened file file:/lustre/cms//store/user/calabria/calabria_SingleMuPt500_GEN-SIM-DIGI-RECO_CMSSW_6_2_0_SLHC12_2023Scenario_Case5/calabria_SingleMuPt500_GEN-SIM-DIGI-RECO_CMSSW_6_2_0_SLHC12_2023Scenario_Case5/66d2d5e75e30402dce10e8955fc10c87/out_reco_209_2_bFC.root
17-Jun-2014 23:42:28 CEST  Closed file file:/lustre/cms//store/user/calabria/calabria_SingleMuPt500_GEN-SIM-DIGI-RECO_CMSSW_6_2_0_SLHC12_2023Scenario_Case5/calabria_SingleMuPt500_GEN-SIM-DIGI-RECO_CMSSW_6_2_0_SLHC12_2023Scenario_Case5/66d2d5e75e30402dce10e8955fc10c87/out_reco_209_2_bFC.root
17-Jun-2014 23:42:28 CEST  Initiating request to open file file:/lustre/cms//store/user/calabria/calabria_SingleMuPt500_GEN-SIM-DIGI-RECO_CMSSW_6_2_0_SLHC12_2023Scenario_Case5/calabria_SingleMuPt500_GEN-SIM-DIGI-RECO_CMSSW_6_2_0_SLHC12_2023Scenario_Case5/66d2d5e75e30402dce10e8955fc10c87/out_reco_211_2_zNV.root
17-Jun-2014 23:42:28 CEST  Successfully opened file file:/lustre/cms//store/user/calabria/calabria_SingleMuPt500_GEN-SIM-DIGI-RECO_CMSSW_6_2_0_SLHC12_2023Scenario_Case5/calabria_SingleMuPt500_GEN-SIM-DIGI-RECO_CMSSW_6_2_0_SLHC12_2023Scenario_Case5/66d2d5e75e30402dce10e8955fc10c87/out_reco_211_2_zNV.root
17-Jun-2014 23:42:56 CEST  Closed file file:/lustre/cms//store/user/calabria/calabria_SingleMuPt500_GEN-SIM-DIGI-RECO_CMSSW_6_2_0_SLHC12_2023Scenario_Case5/calabria_SingleMuPt500_GEN-SIM-DIGI-RECO_CMSSW_6_2_0_SLHC12_2023Scenario_Case5/66d2d5e75e30402dce10e8955fc10c87/out_reco_211_2_zNV.root
17-Jun-2014 23:42:56 CEST  Initiating request to open file file:/lustre/cms//store/user/calabria/calabria_SingleMuPt500_GEN-SIM-DIGI-RECO_CMSSW_6_2_0_SLHC12_2023Scenario_Case5/calabria_SingleMuPt500_GEN-SIM-DIGI-RECO_CMSSW_6_2_0_SLHC12_2023Scenario_Case5/66d2d5e75e30402dce10e8955fc10c87/out_reco_212_2_GY2.root
17-Jun-2014 23:42:56 CEST  Successfully opened file file:/lustre/cms//store/user/calabria/calabria_SingleMuPt500_GEN-SIM-DIGI-RECO_CMSSW_6_2_0_SLHC12_2023Scenario_Case5/calabria_SingleMuPt500_GEN-SIM-DIGI-RECO_CMSSW_6_2_0_SLHC12_2023Scenario_Case5/66d2d5e75e30402dce10e8955fc10c87/out_reco_212_2_GY2.root
17-Jun-2014 23:43:20 CEST  Closed file file:/lustre/cms//store/user/calabria/calabria_SingleMuPt500_GEN-SIM-DIGI-RECO_CMSSW_6_2_0_SLHC12_2023Scenario_Case5/calabria_SingleMuPt500_GEN-SIM-DIGI-RECO_CMSSW_6_2_0_SLHC12_2023Scenario_Case5/66d2d5e75e30402dce10e8955fc10c87/out_reco_212_2_GY2.root
17-Jun-2014 23:43:20 CEST  Initiating request to open file file:/lustre/cms//store/user/calabria/calabria_SingleMuPt500_GEN-SIM-DIGI-RECO_CMSSW_6_2_0_SLHC12_2023Scenario_Case5/calabria_SingleMuPt500_GEN-SIM-DIGI-RECO_CMSSW_6_2_0_SLHC12_2023Scenario_Case5/66d2d5e75e30402dce10e8955fc10c87/out_reco_214_2_GZ5.root
17-Jun-2014 23:43:20 CEST  Successfully opened file file:/lustre/cms//store/user/calabria/calabria_SingleMuPt500_GEN-SIM-DIGI-RECO_CMSSW_6_2_0_SLHC12_2023Scenario_Case5/calabria_SingleMuPt500_GEN-SIM-DIGI-RECO_CMSSW_6_2_0_SLHC12_2023Scenario_Case5/66d2d5e75e30402dce10e8955fc10c87/out_reco_214_2_GZ5.root
17-Jun-2014 23:43:50 CEST  Closed file file:/lustre/cms//store/user/calabria/calabria_SingleMuPt500_GEN-SIM-DIGI-RECO_CMSSW_6_2_0_SLHC12_2023Scenario_Case5/calabria_SingleMuPt500_GEN-SIM-DIGI-RECO_CMSSW_6_2_0_SLHC12_2023Scenario_Case5/66d2d5e75e30402dce10e8955fc10c87/out_reco_214_2_GZ5.root
17-Jun-2014 23:43:50 CEST  Initiating request to open file file:/lustre/cms//store/user/calabria/calabria_SingleMuPt500_GEN-SIM-DIGI-RECO_CMSSW_6_2_0_SLHC12_2023Scenario_Case5/calabria_SingleMuPt500_GEN-SIM-DIGI-RECO_CMSSW_6_2_0_SLHC12_2023Scenario_Case5/66d2d5e75e30402dce10e8955fc10c87/out_reco_218_2_q8C.root
17-Jun-2014 23:43:50 CEST  Successfully opened file file:/lustre/cms//store/user/calabria/calabria_SingleMuPt500_GEN-SIM-DIGI-RECO_CMSSW_6_2_0_SLHC12_2023Scenario_Case5/calabria_SingleMuPt500_GEN-SIM-DIGI-RECO_CMSSW_6_2_0_SLHC12_2023Scenario_Case5/66d2d5e75e30402dce10e8955fc10c87/out_reco_218_2_q8C.root
17-Jun-2014 23:44:37 CEST  Closed file file:/lustre/cms//store/user/calabria/calabria_SingleMuPt500_GEN-SIM-DIGI-RECO_CMSSW_6_2_0_SLHC12_2023Scenario_Case5/calabria_SingleMuPt500_GEN-SIM-DIGI-RECO_CMSSW_6_2_0_SLHC12_2023Scenario_Case5/66d2d5e75e30402dce10e8955fc10c87/out_reco_218_2_q8C.root

=============================================

MessageLogger Summary

 type     category        sev    module        subroutine        count    total
 ---- -------------------- -- ---------------- ----------------  -----    -----
    1 fileAction           -s file_close                            10       10
    2 fileAction           -s file_open                             20       20

 type    category    Examples: run/evt        run/evt          run/evt
 ---- -------------------- ---------------- ---------------- ----------------
    1 fileAction           PostProcessEvent PostProcessEvent PostEndRun
    2 fileAction           pre-events       pre-events       PostProcessEvent

Severity    # Occurrences   Total Occurrences
--------    -------------   -----------------
System                 30                  30
>>> END OF printout of 50 lines from stdout+stderr
>>> Parse FrameworkJobReport crab_fjr.xml
Result of parsing the FrameworkJobReport crab_fjr.xml: Popularity start
lumisRange : 1::::1;1::::2;1::::3;1::::4;1::::5;1::::6;1::::7;1::::8;1::::9;1::::10;
lumisParentRange : 
Basename : /store/user/calabria/calabria_SingleMuPt500_GEN-SIM-DIGI-RECO_CMSSW_6_2_0_SLHC12_2023Scenario_Case5/calabria_SingleMuPt500_GEN-SIM-DIGI-RECO_CMSSW_6_2_0_SLHC12_2023Scenario_Case5/66d2d5e75e30402dce10e8955fc10c87/out_reco_2
BasenameParent : 
parentFiles : 
inputBlocks : /calabria_SingleMuPt500_GEN-SIM-DIGI-RECO_CMSSW_6_2_0_SLHC12_2023Scenario_Case5/calabria-calabria_SingleMuPt500_GEN-SIM-DIGI-RECO_CMSSW_6_2_0_SLHC12_2023Scenario_Case5-66d2d5e75e30402dce10e8955fc10c87/USER#f956fb8d-47d3-4379-9ce9-a4461d5c4ac5
inputFiles : 08_2_vmD.root::1::EDM::Local::1;12_2_GY2.root::1::EDM::Local::2;07_2_ZZJ.root::1::EDM::Local::3;04_2_PDi.root::1::EDM::Local::4;11_2_zNV.root::1::EDM::Local::5;14_2_GZ5.root::1::EDM::Local::6;18_2_q8C.root::1::EDM::Local::7;09_2_bFC.root::1::EDM::Local::8;05_2_Waj.root::1::EDM::Local::9;03_2_n3M.root::1::EDM::Local::10;
Popularity stop
Extracted ExitStatus from FrameworkJobReport parsing output: 0
>>> Executable succeded  0
ExeExitCode=0
EXECUTABLE_EXIT_STATUS = 0
>>> current directory /home/cms017/home_cream_334186649/CREAM334186649/glide_HenILc/execute/dir_12249/CMSSW_6_2_0_SLHC12
>>>  (SOFTWARE_DIR): /home/cms017/home_cream_334186649/CREAM334186649/glide_HenILc/execute/dir_12249/CMSSW_6_2_0_SLHC12
>>> (WORKING_DIR): 
>>> current directory content:
total 10548
drwxr-xr-x 3 cms017 cms    4096 Jun 17 23:39 .SCRAM
-rw------- 1 cms017 cms 3740367 Jun 17 23:39 CMSSW.py.pkl
drwxr-xr-x 3 cms017 cms    4096 Jun 17 23:39 bin
drwxr-xr-x 3 cms017 cms    4096 Jun 17 23:39 cfipython
drwxr-xr-x 4 cms017 cms    4096 Jun 17 23:39 config
-rw------- 1 cms017 cms      17 Jun 17 23:44 cpu_timing.txt
drwxr-xr-x 2 cms017 cms    4096 Jun 17 23:39 doc
-rw------- 1 cms017 cms    9985 Jun 17 23:44 executable.out
drwxr-xr-x 2 cms017 cms    4096 Jun 17 23:39 include
drwx------ 3 cms017 cms    4096 Apr 28 18:12 lib
drwxr-xr-x 3 cms017 cms    4096 Jun 17 23:39 logs
drwxr-xr-x 3 cms017 cms    4096 Jun 17 23:39 objs
-rw------- 1 cms017 cms     104 Jun 17 23:39 pset.py
-rw------- 1 cms017 cms 3712334 Jun 17 23:39 pset.py.pkl
-rw------- 1 cms017 cms     289 Jun 17 23:39 pset.pyc
drwxr-xr-x 2 cms017 cms    4096 Jun 17 23:39 python
-rw------- 1 cms017 cms     389 Jun 17 23:44 report.log
drwx------ 6 cms017 cms    4096 Jun 17 23:39 src
drwxr-xr-x 3 cms017 cms    4096 Jun 17 23:39 test
drwxr-xr-x 3 cms017 cms    4096 Jun 17 23:39 tmp
-rw------- 1 cms017 cms 3245753 Jun 17 23:44 validationEDM.root
>>> current directory /home/cms017/home_cream_334186649/CREAM334186649/glide_HenILc/execute/dir_12249/CMSSW_6_2_0_SLHC12
>>> (SOFTWARE_DIR): /home/cms017/home_cream_334186649/CREAM334186649/glide_HenILc/execute/dir_12249/CMSSW_6_2_0_SLHC12
>>> (WORKING_DIR): 
>>> current directory content:
total 10548
drwxr-xr-x 3 cms017 cms    4096 Jun 17 23:39 .SCRAM
-rw------- 1 cms017 cms 3740367 Jun 17 23:39 CMSSW.py.pkl
drwxr-xr-x 3 cms017 cms    4096 Jun 17 23:39 bin
drwxr-xr-x 3 cms017 cms    4096 Jun 17 23:39 cfipython
drwxr-xr-x 4 cms017 cms    4096 Jun 17 23:39 config
-rw------- 1 cms017 cms      17 Jun 17 23:44 cpu_timing.txt
drwxr-xr-x 2 cms017 cms    4096 Jun 17 23:39 doc
-rw------- 1 cms017 cms    9985 Jun 17 23:44 executable.out
drwxr-xr-x 2 cms017 cms    4096 Jun 17 23:39 include
drwx------ 3 cms017 cms    4096 Apr 28 18:12 lib
drwxr-xr-x 3 cms017 cms    4096 Jun 17 23:39 logs
drwxr-xr-x 3 cms017 cms    4096 Jun 17 23:39 objs
-rw------- 1 cms017 cms     104 Jun 17 23:39 pset.py
-rw------- 1 cms017 cms 3712334 Jun 17 23:39 pset.py.pkl
-rw------- 1 cms017 cms     289 Jun 17 23:39 pset.pyc
drwxr-xr-x 2 cms017 cms    4096 Jun 17 23:39 python
-rw------- 1 cms017 cms     389 Jun 17 23:44 report.log
drwx------ 6 cms017 cms    4096 Jun 17 23:39 src
drwxr-xr-x 3 cms017 cms    4096 Jun 17 23:39 test
drwxr-xr-x 3 cms017 cms    4096 Jun 17 23:39 tmp
-rw------- 1 cms017 cms 3245753 Jun 17 23:44 validationEDM_9_1_q9v.root
>>> current directory (RUNTIME_AREA):  /home/cms017/home_cream_334186649/CREAM334186649/glide_HenILc/execute/dir_12249
SE = storm-se-01.ba.infn.it
SE_PATH = /srm/managerv2?SFN=//cms/store/user/calabria/calabria_SingleMuPt500_GEN-SIM-DIGI-RECO_CMSSW_6_2_0_SLHC12_2023Scenario_Case5/calabria_MuMinus500_GEN-SIM-DIGI-RECO_CMSSW_6_2_0_SLHC12_2023Scenario_VALNOPU2_Case5/5854dd31cbd3cdec44c48628cc181cf0/
LFNBaseName = /store/user/calabria/calabria_SingleMuPt500_GEN-SIM-DIGI-RECO_CMSSW_6_2_0_SLHC12_2023Scenario_Case5/calabria_MuMinus500_GEN-SIM-DIGI-RECO_CMSSW_6_2_0_SLHC12_2023Scenario_VALNOPU2_Case5/5854dd31cbd3cdec44c48628cc181cf0/
USER = calabria
endpoint = srm://storm-se-01.ba.infn.it:8444/srm/managerv2?SFN=//cms/store/user/calabria/calabria_SingleMuPt500_GEN-SIM-DIGI-RECO_CMSSW_6_2_0_SLHC12_2023Scenario_Case5/calabria_MuMinus500_GEN-SIM-DIGI-RECO_CMSSW_6_2_0_SLHC12_2023Scenario_VALNOPU2_Case5/5854dd31cbd3cdec44c48628cc181cf0/
>>> Copy output files from WN = pccms152.ba.infn.it to /srm/managerv2?SFN=//cms/store/user/calabria/calabria_SingleMuPt500_GEN-SIM-DIGI-RECO_CMSSW_6_2_0_SLHC12_2023Scenario_Case5/calabria_MuMinus500_GEN-SIM-DIGI-RECO_CMSSW_6_2_0_SLHC12_2023Scenario_VALNOPU2_Case5/5854dd31cbd3cdec44c48628cc181cf0/ :
python cmscp.py  --destination srm://storm-se-01.ba.infn.it:8444/srm/managerv2?SFN=//cms/store/user/calabria/calabria_SingleMuPt500_GEN-SIM-DIGI-RECO_CMSSW_6_2_0_SLHC12_2023Scenario_Case5/calabria_MuMinus500_GEN-SIM-DIGI-RECO_CMSSW_6_2_0_SLHC12_2023Scenario_VALNOPU2_Case5/5854dd31cbd3cdec44c48628cc181cf0/ --inputFileList /home/cms017/home_cream_334186649/CREAM334186649/glide_HenILc/execute/dir_12249/CMSSW_6_2_0_SLHC12/validationEDM_9_1_q9v.root --middleware LCG --se_name storm-se-01.ba.infn.it --for_lfn /store/user/calabria/calabria_SingleMuPt500_GEN-SIM-DIGI-RECO_CMSSW_6_2_0_SLHC12_2023Scenario_Case5/calabria_MuMinus500_GEN-SIM-DIGI-RECO_CMSSW_6_2_0_SLHC12_2023Scenario_VALNOPU2_Case5/5854dd31cbd3cdec44c48628cc181cf0/    
******************************************************
localSeName  =  storm-se-01.ba.infn.it
remoteSeName =  storm-se-01.ba.infn.it
******************************************************
{"/home/cms017/home_cream_334186649/CREAM334186649/glide_HenILc/execute/dir_12249/CMSSW_6_2_0_SLHC12/validationEDM_9_1_q9v.root": {"endpoint": "srm://storm-se-01.ba.infn.it:8444/srm/managerv2?SFN=//cms/store/user/calabria/calabria_SingleMuPt500_GEN-SIM-DIGI-RECO_CMSSW_6_2_0_SLHC12_2023Scenario_Case5/calabria_MuMinus500_GEN-SIM-DIGI-RECO_CMSSW_6_2_0_SLHC12_2023Scenario_VALNOPU2_Case5/5854dd31cbd3cdec44c48628cc181cf0/", "surl_for_grid": "", "reason": "Copy succedeed with srm-lcg utils", "erCode": "0", "se_name": "storm-se-01.ba.infn.it", "for_lfn": "/store/user/calabria/calabria_SingleMuPt500_GEN-SIM-DIGI-RECO_CMSSW_6_2_0_SLHC12_2023Scenario_Case5/calabria_MuMinus500_GEN-SIM-DIGI-RECO_CMSSW_6_2_0_SLHC12_2023Scenario_VALNOPU2_Case5/5854dd31cbd3cdec44c48628cc181cf0/"}}/home/cms017/home_cream_334186649/CREAM334186649/glide_HenILc/execute/dir_12249
-------- cat /home/cms017/home_cream_334186649/CREAM334186649/glide_HenILc/execute/dir_12249/cmscpReport.sh 
#!/bin/bash
echo "Report for File: /home/cms017/home_cream_334186649/CREAM334186649/glide_HenILc/execute/dir_12249/CMSSW_6_2_0_SLHC12/validationEDM_9_1_q9v.root"
echo "LFN: /store/user/calabria/calabria_SingleMuPt500_GEN-SIM-DIGI-RECO_CMSSW_6_2_0_SLHC12_2023Scenario_Case5/calabria_MuMinus500_GEN-SIM-DIGI-RECO_CMSSW_6_2_0_SLHC12_2023Scenario_VALNOPU2_Case5/5854dd31cbd3cdec44c48628cc181cf0/validationEDM_9_1_q9v.root"
echo "StorageElement: storm-se-01.ba.infn.it"
echo "StageOutExitStatusReason = 'Copy succedeed with srm-lcg utils'" | tee -a $RUNTIME_AREA/$repo
echo "StageOutSE = storm-se-01.ba.infn.it" >> $RUNTIME_AREA/$repo

export StageOutExitStatus=0
echo "StageOutExitStatus = 0" | tee -a $RUNTIME_AREA/$repo
-------- end of /home/cms017/home_cream_334186649/CREAM334186649/glide_HenILc/execute/dir_12249/cmscpReport.sh 
Report for File: /home/cms017/home_cream_334186649/CREAM334186649/glide_HenILc/execute/dir_12249/CMSSW_6_2_0_SLHC12/validationEDM_9_1_q9v.root
LFN: /store/user/calabria/calabria_SingleMuPt500_GEN-SIM-DIGI-RECO_CMSSW_6_2_0_SLHC12_2023Scenario_Case5/calabria_MuMinus500_GEN-SIM-DIGI-RECO_CMSSW_6_2_0_SLHC12_2023Scenario_VALNOPU2_Case5/5854dd31cbd3cdec44c48628cc181cf0/validationEDM_9_1_q9v.root
StorageElement: storm-se-01.ba.infn.it
StageOutExitStatusReason = 'Copy succedeed with srm-lcg utils'
StageOutExitStatus = 0
>>> current dir: /home/cms017/home_cream_334186649/CREAM334186649/glide_HenILc/execute/dir_12249
>>> current dir content:
total 28080
-rw-------  1 cms017 cms     2784 Jun 17 23:45 .SEinteraction.log
-rwx------  1 cms017 cms     6725 Jun 17 23:38 .job.ad
-rwx------  1 cms017 cms     9426 Jun 17 23:38 .machine.ad
-rw-------  1 cms017 cms      105 Jun 16 20:38 CMSSW.py
-rw-------  1 cms017 cms  3740367 Jun 16 20:38 CMSSW.py.pkl
-rwx------  1 cms017 cms    29569 Jun 17 23:39 CMSSW.sh
drwxr-xr-x 15 cms017 cms     4096 Jun 17 23:44 CMSSW_6_2_0_SLHC12
-rw-------  1 cms017 cms      220 Jun 17 23:39 CacheEnv.sh
-rw-------  1 cms017 cms     7291 Apr  4 11:04 DashboardAPI.py
-rw-------  1 cms017 cms     6815 Jun 17 23:39 DashboardAPI.pyc
drwx------  2 cms017 cms     4096 Jun 17 23:44 IMProv
-rw-------  1 cms017 cms     2748 Apr  4 11:04 Logger.py
-rw-------  1 cms017 cms     3347 Jun 17 23:39 Logger.pyc
-rw-------  1 cms017 cms    24524 Apr  4 11:04 ProcInfo.py
-rw-------  1 cms017 cms    23197 Jun 17 23:39 ProcInfo.pyc
drwx------  7 cms017 cms     4096 Jun 17 23:39 ProdCommon
drwx------  3 cms017 cms     4096 Jun 17 23:39 WMCore
-rw-------  1 cms017 cms     2513 Jun 17 23:45 Watchdog_9.log
-rwx------  1 cms017 cms        0 Jun 17 23:39 _condor_stderr
-rwx---r--  1 cms017 cms    29474 Jun 17 23:45 _condor_stdout
-rw-------  1 cms017 cms    32895 Apr  4 11:04 apmon.py
-rw-------  1 cms017 cms    28625 Jun 17 23:39 apmon.pyc
-rwx------  1 cms017 cms    53903 Jun 17 23:39 arguments.xml
-rwx------  1 cms017 cms    38515 Apr  4 11:04 cmscp.py
-rw-------  1 cms017 cms      718 Jun 17 23:45 cmscpReport.sh
-rwx------  1 cms017 cms    29569 Jun 17 23:39 condor_exec.exe
-rw-------  1 cms017 cms      963 Jun 16 20:38 crab.cfg
-rwx------  1 cms017 cms     8610 Apr  4 11:04 crabWatchdog.sh
-rwx---r--  1 cms017 cms   523370 Jun 17 23:44 crab_fjr_9.xml
-rwx------  1 cms017 cms 23960264 Jun 17 23:39 default.tgz
-rwx------  1 cms017 cms     4488 Apr  4 11:04 fillCrabFjr.py
-rw-------  1 cms017 cms     2651 Jun 17 23:39 inputsReport.txt
-rw-------  1 cms017 cms      254 Jun 17 23:45 jobreport.txt
-rw-------  1 cms017 cms    17352 Apr  4 11:04 parseCrabFjr.py
-rw-------  1 cms017 cms      315 Jun 17 23:39 report.log
-rwx--x--x  1 cms017 cms     1497 Apr  4 11:04 report.py
-rw-------  1 cms017 cms      775 Jun 17 23:45 resultCopyFile
lrwxrwxrwx  1 cms017 cms      125 Jun 17 23:44 validationEDM.root -> /home/cms017/home_cream_334186649/CREAM334186649/glide_HenILc/execute/dir_12249/CMSSW_6_2_0_SLHC12/validationEDM_9_1_q9v.root
-rwx------  1 cms017 cms     8387 Apr  4 11:04 writeCfg.py
-rw-------  1 cms017 cms     8010 Jun 17 23:38 x509up_u50707
>>> Modify Job Report:
CMSSW_VERSION = CMSSW_6_2_0_SLHC12
ProcessedDataset = calabria_MuMinus500_GEN-SIM-DIGI-RECO_CMSSW_6_2_0_SLHC12_2023Scenario_VALNOPU2_Case5
/home/cms017/home_cream_334186649/CREAM334186649/glide_HenILc/execute/dir_12249/ProdCommon/FwkJobRep/ModifyJobReport.py fjr /home/cms017/home_cream_334186649/CREAM334186649/glide_HenILc/execute/dir_12249/crab_fjr_9.xml json /home/cms017/home_cream_334186649/CREAM334186649/glide_HenILc/execute/dir_12249/resultCopyFile n_job 9_1_q9v PrimaryDataset calabria_SingleMuPt500_GEN-SIM-DIGI-RECO_CMSSW_6_2_0_SLHC12_2023Scenario_Case5  ApplicationFamily cmsRun ApplicationName cmsRun cmssw_version CMSSW_6_2_0_SLHC12 psethash 5854dd31cbd3cdec44c48628cc181cf0 UserProcessedDataset calabria-calabria_MuMinus500_GEN-SIM-DIGI-RECO_CMSSW_6_2_0_SLHC12_2023Scenario_VALNOPU2_Case5-5854dd31cbd3cdec44c48628cc181cf0
inputDict =  {u'/home/cms017/home_cream_334186649/CREAM334186649/glide_HenILc/execute/dir_12249/CMSSW_6_2_0_SLHC12/validationEDM_9_1_q9v.root': {u'endpoint': u'srm://storm-se-01.ba.infn.it:8444/srm/managerv2?SFN=//cms/store/user/calabria/calabria_SingleMuPt500_GEN-SIM-DIGI-RECO_CMSSW_6_2_0_SLHC12_2023Scenario_Case5/calabria_MuMinus500_GEN-SIM-DIGI-RECO_CMSSW_6_2_0_SLHC12_2023Scenario_VALNOPU2_Case5/5854dd31cbd3cdec44c48628cc181cf0/', u'surl_for_grid': u'', u'reason': u'Copy succedeed with srm-lcg utils', u'erCode': u'0', u'se_name': u'storm-se-01.ba.infn.it', u'for_lfn': u'/store/user/calabria/calabria_SingleMuPt500_GEN-SIM-DIGI-RECO_CMSSW_6_2_0_SLHC12_2023Scenario_Case5/calabria_MuMinus500_GEN-SIM-DIGI-RECO_CMSSW_6_2_0_SLHC12_2023Scenario_VALNOPU2_Case5/5854dd31cbd3cdec44c48628cc181cf0/'}}
UserProcessedDataset =  calabria-calabria_MuMinus500_GEN-SIM-DIGI-RECO_CMSSW_6_2_0_SLHC12_2023Scenario_VALNOPU2_Case5-5854dd31cbd3cdec44c48628cc181cf0
file_name in inputDict =  /home/cms017/home_cream_334186649/CREAM334186649/glide_HenILc/execute/dir_12249/CMSSW_6_2_0_SLHC12/validationEDM_9_1_q9v.root
(size) os.stat(filename)[6] =  3245753
checksum =  3131347722
    file =  validationEDM_9_1_q9v.root
    newPfn =  srm://storm-se-01.ba.infn.it:8444/srm/managerv2?SFN=//cms/store/user/calabria/calabria_SingleMuPt500_GEN-SIM-DIGI-RECO_CMSSW_6_2_0_SLHC12_2023Scenario_Case5/calabria_MuMinus500_GEN-SIM-DIGI-RECO_CMSSW_6_2_0_SLHC12_2023Scenario_VALNOPU2_Case5/5854dd31cbd3cdec44c48628cc181cf0/validationEDM_9_1_q9v.root
    newLfn =  /store/user/calabria/calabria_SingleMuPt500_GEN-SIM-DIGI-RECO_CMSSW_6_2_0_SLHC12_2023Scenario_Case5/calabria_MuMinus500_GEN-SIM-DIGI-RECO_CMSSW_6_2_0_SLHC12_2023Scenario_VALNOPU2_Case5/5854dd31cbd3cdec44c48628cc181cf0/validationEDM_9_1_q9v.root
>>> crab_fjr_*.xml  permission set to 0704
CrabWrapper EXIT_FUNC entered at Tue Jun 17 23:45:34 CEST 2014   -  Tue Jun 17 21:45:34 UTC 2014
Checking output files:  
will tar file crab_fjr_9.xml in  out_files_9
WARNING: output file CMSSW_9.stdout not found!
WARNING: output file CMSSW_9.stderr not found!
WARNING: output file Watchdog_9.log.gz not found!
>>> padding time: Sleeping the wrapper for 207 seconds
STOPPING WATCHDOG. CrabWatchdog PID is 12986
********** LAST 50 LINES OF WATCHDOG LOG
# RESOURCE USAGE SUMMARY FOR PROCESS ID 12254
USER       PID %CPU %MEM    VSZ   RSS TTY      STAT START   TIME COMMAND
cms017   12254  0.4  0.0   9500  1596 ?        S    23:39   0:00 /bin/sh /home/cms017/home_cream_334186649/CREAM334186649/glide_HenILc/execute/dir_12249/condor_exec.exe 9 1
 
# LIMITS USED BY CRAB WATCHDOG:
# RSS  (KBytes)   : 2300000
# VSZ  (KBytes)   : 100000000
# DISK (MBytes)   : 19000
# CPU TIME        : 720h:0m:0s
# WALL CLOCK TIME : 21h:50m:0s
 
# FOLLOWING PRINTOUT TRACKS MAXIMUM VALUES OF RESOURCES USE
# ONE LINE IS PRINTED EACH TIME A MAXIMUM CHANGES
# IF CHANGE WAS IN RSS OR VSZ ALSO PROCID AND COMMAND ARE PRINTED
# THERE IS NO PRINTOUT FOR CPU/WALL TIME INCREASE
 
# TIME			PID	RSS(KB)	VSZ(KB)	Dsk(MB)	tCPU(s)	tWALL(s)	COMMAND
 Jun 17 23:39:08 CEST	8659	1392	9364	0	0	0	/bin/bash /home/cms017/home_cream_334186649/CREAM334186649/glide_HenILc/main/condor_startup.sh glidein_config        
 Jun 17 23:39:08 CEST	12249	8416	93612	0	0	0	condor_starter -f vocms83.cern.ch        
 Jun 17 23:39:08 CEST	13005	29984	94904	0	0	0	edmConfigHash pset.py         
 Jun 17 23:39:08 CEST	16847	29984	106092	0	0	1	sh -c "./glidein_startup.sh" -v std -name v1_3 -entry CMS_T2_IT_Bari_ce4 -clientname UCSD-v1_0.main
 Jun 17 23:39:08 CEST	16854	29984	106492	0	0	1	/bin/bash ./glidein_startup.sh -v std -name v1_3 -entry CMS_T2_IT_Bari_ce4 -clientname UCSD-v1_0.main -schedd
 Jun 17 23:39:08 CEST	---	29984	106492	171	----	----	----
 Jun 17 23:40:09 CEST	13526	761596	985124	171	37	62	cmsRun -j /home/cms017/home_cream_334186649/CREAM334186649/glide_HenILc/execute/dir_12249/crab_fjr_9.xml -p pset.py      
 Jun 17 23:40:09 CEST	---	761596	985124	175	----	----	----
 Jun 17 23:41:11 CEST	13526	761872	985124	175	85	125	cmsRun -j /home/cms017/home_cream_334186649/CREAM334186649/glide_HenILc/execute/dir_12249/crab_fjr_9.xml -p pset.py      
 Jun 17 23:42:14 CEST	13526	790608	1016384	175	132	187	cmsRun -j /home/cms017/home_cream_334186649/CREAM334186649/glide_HenILc/execute/dir_12249/crab_fjr_9.xml -p pset.py      
 Jun 17 23:43:17 CEST	13526	790608	1019668	175	182	251	cmsRun -j /home/cms017/home_cream_334186649/CREAM334186649/glide_HenILc/execute/dir_12249/crab_fjr_9.xml -p pset.py      
 Jun 17 23:44:20 CEST	13526	1010596	1276180	175	232	313	cmsRun -j /home/cms017/home_cream_334186649/CREAM334186649/glide_HenILc/execute/dir_12249/crab_fjr_9.xml -p pset.py      
 Jun 17 23:44:20 CEST	---	1010596	1276180	176	----	----	----
 Jun 17 23:45:22 CEST	---	1010596	1276180	179	----	----	----
********** WATCHDOG LOG ENDED
ZIPPING WATCHDOG LOG
Disk space used:
du -sh /home/cms017/home_cream_334186649/CREAM334186649/glide_HenILc/execute/dir_12249
179M	/home/cms017/home_cream_334186649/CREAM334186649/glide_HenILc/execute/dir_12249
Found unusual stdout, rename for OSB
`/home/cms017/home_cream_334186649/CREAM334186649/glide_HenILc/execute/dir_12249/_condor_stdout' -> `CMSSW_9.stdout'
Found unusual stderr, rename for OSB
`/home/cms017/home_cream_334186649/CREAM334186649/glide_HenILc/execute/dir_12249/_condor_stdout' -> `CMSSW_9.stderr'
crab_fjr_9.xml
CMSSW_9.stdout
CMSSW_9.stderr
Watchdog_9.log.gz
Total Output dimension: 70010
WARNING: output files size limit is set to: 50000000
Total Output dimension 70010 is fine.
JOB_EXIT_STATUS = 0
>>> info for dashboard:
***** Cat /home/cms017/home_cream_334186649/CREAM334186649/glide_HenILc/execute/dir_12249/jobreport.txt *****
MonitorJobID=9_https://vocms83.cern.ch//140616//86810.8
MonitorID=calabria_MuMinus500_Case5_ReReco_a7j0g2
ExeTime=314
ExeExitCode=0
StageOutExitStatusReason = 'Copy succedeed with srm-lcg utils'
StageOutSE = storm-se-01.ba.infn.it
StageOutExitStatus = 0
CrabUserCpuTime=198.99
CrabSysCpuTime=50.15
CrabCpuPercentage=79%
CrabWrapperTime=600
CrabStageoutTime=49
JobExitCode=0
***** End Cat jobreport *****
Parameters sent to Dashboard.
EXITING at Tue Jun 17 23:49:07 CEST 2014  -  Tue Jun 17 21:49:07 UTC 2014
