This script was generated by crab (version 2.10.5_patch1).
Running /home/cms017/home_cream_334186649/CREAM334186649/glide_HenILc/execute/dir_10356/condor_exec.exe with 2 positional parameters: 3 1
Today is Tue Jun 17 23:28:46 CEST 2014 - Tue Jun 17 21:28:46 UTC 2014
Job submitted on host pccms152.ba.infn.it
Linux pccms152.ba.infn.it 2.6.32-358.23.2.el6.x86_64 #1 SMP Thu Oct 17 10:27:22 CEST 2013 x86_64 x86_64 x86_64 GNU/Linux
>>> current directory (RUNTIME_AREA): /home/cms017/home_cream_334186649/CREAM334186649/glide_HenILc/execute/dir_10356
>>> current user: uid=11830(cms017) gid=1399(cms) groups=1399(cms)
>>> directory permission set to 0700
>>> umask set to:  u=rwx,g=,o=
>>> stdout stderr permission set to 0704
>>> voms proxy information:
subject   : /C=IT/O=INFN/OU=Personal Certificate/L=Bari/CN=Cesare Calabria/CN=477126703/CN=1158040443
issuer    : /C=IT/O=INFN/OU=Personal Certificate/L=Bari/CN=Cesare Calabria/CN=477126703
identity  : /C=IT/O=INFN/OU=Personal Certificate/L=Bari/CN=Cesare Calabria
type      : RFC3820 compliant limited proxy
strength  : 1024
path      : /home/cms017/home_cream_334186649/CREAM334186649/glide_HenILc/execute/dir_10356/x509up_u50707
timeleft  : 23:59:55
key usage : Digital Signature, Key Encipherment, Data Encipherment
=== VO cms extension information ===
VO        : cms
subject   : /C=IT/O=INFN/OU=Personal Certificate/L=Bari/CN=Cesare Calabria
issuer    : /DC=ch/DC=cern/OU=computers/CN=voms.cern.ch
attribute : /cms/Role=NULL/Capability=NULL
attribute : /cms/itcms/Role=NULL/Capability=NULL
timeleft  : 155:55:32
uri       : voms.cern.ch:15002

WNHostName=pccms152.ba.infn.it
>>> tar --no-same-permissions -xf /home/cms017/home_cream_334186649/CREAM334186649/glide_HenILc/execute/dir_10356/default.tgz :
Successful untar
>>> Include /home/cms017/home_cream_334186649/CREAM334186649/glide_HenILc/execute/dir_10356 in PYTHONPATH:
strip arguments
env var CRAB_UNIQUE_JOB_ID set to: calabria_MuMinus500_Case5_ReReco_a7j0g2_3_1_4tx
out_files_3
>>> list of expected files on output sandbox
output files: crab_fjr_3.xml CMSSW_3.stdout CMSSW_3.stderr Watchdog_3.log.gz
>>> GridFlavour discovery: 
GridFlavour=LCG
>>> SyncSite discovery: 
SyncSite=T2_IT_Bari
>>> SyncCE discovery: 
getting SyncCE from CE_ID
SyncCE=cream-ce-4.ba.infn.it:8443/cream-pbs-cms
>>> info for dashboard:
***** Cat /home/cms017/home_cream_334186649/CREAM334186649/glide_HenILc/execute/dir_10356/jobreport.txt *****
WNHostName=pccms152.ba.infn.it
MonitorJobID=3_https://vocms83.cern.ch//140616//86810.2
SyncGridJobId=https://vocms83.cern.ch//140616//86810.2
MonitorID=calabria_MuMinus500_Case5_ReReco_a7j0g2
GridFlavour=LCG
SyncSite=T2_IT_Bari
SyncCE=cream-ce-4.ba.infn.it:8443/cream-pbs-cms
***** End Cat jobreport *****
Parameters sent to Dashboard.
>>> setup environment
set SCRAM ARCH to slc5_amd64_gcc472
SCRAM_ARCH = slc5_amd64_gcc472
>>> setup CMS LCG environment:
set SCRAM ARCH and BUILD_ARCH to slc5_amd64_gcc472 ###
Sourcing environment... 
sourcing /cvmfs/cms.cern.ch/cmsset_default.sh
==> setup cms environment ok
>>> specific cmssw setup environment:
CMSSW_VERSION =  CMSSW_6_2_0_SLHC12
>>> current directory (SOFTWARE_DIR): /home/cms017/home_cream_334186649/CREAM334186649/glide_HenILc/execute/dir_10356/CMSSW_6_2_0_SLHC12
PreserveSeeds: <>
IncrementSeeds:<>
>>> info for dashboard:
***** Cat /home/cms017/home_cream_334186649/CREAM334186649/glide_HenILc/execute/dir_10356/jobreport.txt *****
MonitorJobID=3_https://vocms83.cern.ch//140616//86810.2
MonitorID=calabria_MuMinus500_Case5_ReReco_a7j0g2
***** End Cat jobreport *****
Parameters sent to Dashboard.
crabWatchdog started as process 11314
>>> moving CMSSW software directories in /home/cms017/home_cream_334186649/CREAM334186649/glide_HenILc/execute/dir_10356/CMSSW_6_2_0_SLHC12
mv: cannot stat `/home/cms017/home_cream_334186649/CREAM334186649/glide_HenILc/execute/dir_10356/module/': No such file or directory
>>> Include /home/cms017/home_cream_334186649/CREAM334186649/glide_HenILc/execute/dir_10356 in PYTHONPATH:
PYTHONPATH=/home/cms017/home_cream_334186649/CREAM334186649/glide_HenILc/execute/dir_10356/:/home/cms017/home_cream_334186649/CREAM334186649/glide_HenILc/execute/dir_10356/CMSSW_6_2_0_SLHC12/python:/home/cms017/home_cream_334186649/CREAM334186649/glide_HenILc/execute/dir_10356/CMSSW_6_2_0_SLHC12/lib/slc5_amd64_gcc472:/cvmfs/cms.cern.ch/slc5_amd64_gcc472/cms/cmssw/CMSSW_6_2_0_SLHC12/python:/cvmfs/cms.cern.ch/slc5_amd64_gcc472/cms/cmssw/CMSSW_6_2_0_SLHC12/lib/slc5_amd64_gcc472:/cvmfs/cms.cern.ch/slc5_amd64_gcc472/cms/coral/CORAL_2_3_21-cms36/slc5_amd64_gcc472/python:/cvmfs/cms.cern.ch/slc5_amd64_gcc472/cms/coral/CORAL_2_3_21-cms36/slc5_amd64_gcc472/lib:/cvmfs/cms.cern.ch/slc5_amd64_gcc472/external/pyqt/4.8.1-cms6/lib/python2.7/site-packages:/cvmfs/cms.cern.ch/slc5_amd64_gcc472/external/py2-scipy/0.8.0-cms8/lib/python2.7/site-packages:/cvmfs/cms.cern.ch/slc5_amd64_gcc472/external/py2-matplotlib/1.0.1-cms8/lib/python2.7/site-packages:/cvmfs/cms.cern.ch/slc5_amd64_gcc472/external/python-ldap/2.3.5-cms6/lib/python2.7/site-packages:/cvmfs/cms.cern.ch/slc5_amd64_gcc472/external/sip/4.11.2-cms6/lib/python2.7/site-packages:/cvmfs/cms.cern.ch/slc5_amd64_gcc472/external/py2-pycurl/7.19.0-cms8/lib/python2.7/site-packages:/cvmfs/cms.cern.ch/slc5_amd64_gcc472/external/py2-numpy/1.6.1-cms8/lib/python2.7/site-packages:/cvmfs/cms.cern.ch/slc5_amd64_gcc472/external/py2-lint/0.25.1-cms6/lib/python2.7/site-packages:/cvmfs/cms.cern.ch/slc5_amd64_gcc472/external/py2-ipython/0.10-cms6/lib/python2.7/site-packages:/cvmfs/cms.cern.ch/slc5_amd64_gcc472/external/py2-cx-oracle/5.1-cms7/lib/python2.7/site-packages:/cvmfs/cms.cern.ch/slc5_amd64_gcc472/external/py2-cjson/1.0.5-cms6/lib/python2.7/site-packages:/cvmfs/cms.cern.ch/slc5_amd64_gcc472/cms/das-client/1.11.7/bin:/cvmfs/cms.cern.ch/slc5_amd64_gcc472/external/elementtree/1.2.6-cms6/share/lib/python2.7/site-packages:/cvmfs/cms.cern.ch/slc5_amd64_gcc472/external/rivet/1.8.2-cms8/lib/python2.7/site-packages:/cvmfs/cms.cern.ch/slc5_amd64_gcc472/external/pyminuit2/0.0.1-cms19/lib/python2.7/site-packages:/cvmfs/cms.cern.ch/slc5_amd64_gcc472/external/py2-pygithub/1.23.0/lib/python2.7/site-packages:/cvmfs/cms.cern.ch/slc5_amd64_gcc472/external/professor/1.0.0-cms19/lib/python2.7/site-packages:/cvmfs/cms.cern.ch/slc5_amd64_gcc472/lcg/root/5.34.07-cms/lib:/cvmfs/cms.cern.ch/slc5_amd64_gcc472/cms/dbs-client/DBS_2_1_9-cms5/lib:/cvmfs/cms.cern.ch/slc5_amd64_gcc472/cms/dbs-client/DBS_2_1_9-cms5/lib/DBSAPI:/cvmfs/cms.cern.ch/slc5_amd64_gcc472/external/cvs2git/5419-cms/lib:/home/cms017/home_cream_334186649/CREAM334186649/glide_HenILc/execute/dir_10356/
 
# LIMITS USED BY CRAB WATCHDOG:
# RSS  (KBytes)   : 2300000
# VSZ  (KBytes)   : 100000000
# DISK (MBytes)   : 19000
# CPU TIME        : 720h:0m:0s
# WALL CLOCK TIME : 21h:50m:0s
 
5854dd31cbd3cdec44c48628cc181cf0
PSETHASH = 5854dd31cbd3cdec44c48628cc181cf0
/home/cms017/home_cream_334186649/CREAM334186649/glide_HenILc/execute/dir_10356/writeCfg.py pset.py pset.py
Importing .py file
Setting parameters
RandomNumberGeneratorService found, will attempt to change seeds
inputBlocks=/calabria_SingleMuPt500_GEN-SIM-DIGI-RECO_CMSSW_6_2_0_SLHC12_2023Scenario_Case5/calabria-calabria_SingleMuPt500_GEN-SIM-DIGI-RECO_CMSSW_6_2_0_SLHC12_2023Scenario_Case5-66d2d5e75e30402dce10e8955fc10c87/USER#f956fb8d-47d3-4379-9ce9-a4461d5c4ac5
inputFiles=/store/user/calabria/calabria_SingleMuPt500_GEN-SIM-DIGI-RECO_CMSSW_6_2_0_SLHC12_2023Scenario_Case5/calabria_SingleMuPt500_GEN-SIM-DIGI-RECO_CMSSW_6_2_0_SLHC12_2023Scenario_Case5/66d2d5e75e30402dce10e8955fc10c87/out_reco_76_2_SXd.root;/store/user/calabria/calabria_SingleMuPt500_GEN-SIM-DIGI-RECO_CMSSW_6_2_0_SLHC12_2023Scenario_Case5/calabria_SingleMuPt500_GEN-SIM-DIGI-RECO_CMSSW_6_2_0_SLHC12_2023Scenario_Case5/66d2d5e75e30402dce10e8955fc10c87/out_reco_78_2_HgP.root;/store/user/calabria/calabria_SingleMuPt500_GEN-SIM-DIGI-RECO_CMSSW_6_2_0_SLHC12_2023Scenario_Case5/calabria_SingleMuPt500_GEN-SIM-DIGI-RECO_CMSSW_6_2_0_SLHC12_2023Scenario_Case5/66d2d5e75e30402dce10e8955fc10c87/out_reco_79_2_oG5.root;/store/user/calabria/calabria_SingleMuPt500_GEN-SIM-DIGI-RECO_CMSSW_6_2_0_SLHC12_2023Scenario_Case5/calabria_SingleMuPt500_GEN-SIM-DIGI-RECO_CMSSW_6_2_0_SLHC12_2023Scenario_Case5/66d2d5e75e30402dce10e8955fc10c87/out_reco_80_2_RlK.root;/store/user/calabria/calabria_SingleMuPt500_GEN-SIM-DIGI-RECO_CMSSW_6_2_0_SLHC12_2023Scenario_Case5/calabria_SingleMuPt500_GEN-SIM-DIGI-RECO_CMSSW_6_2_0_SLHC12_2023Scenario_Case5/66d2d5e75e30402dce10e8955fc10c87/out_reco_82_2_YBn.root;/store/user/calabria/calabria_SingleMuPt500_GEN-SIM-DIGI-RECO_CMSSW_6_2_0_SLHC12_2023Scenario_Case5/calabria_SingleMuPt500_GEN-SIM-DIGI-RECO_CMSSW_6_2_0_SLHC12_2023Scenario_Case5/66d2d5e75e30402dce10e8955fc10c87/out_reco_83_2_yqg.root;/store/user/calabria/calabria_SingleMuPt500_GEN-SIM-DIGI-RECO_CMSSW_6_2_0_SLHC12_2023Scenario_Case5/calabria_SingleMuPt500_GEN-SIM-DIGI-RECO_CMSSW_6_2_0_SLHC12_2023Scenario_Case5/66d2d5e75e30402dce10e8955fc10c87/out_reco_86_2_gT4.root;/store/user/calabria/calabria_SingleMuPt500_GEN-SIM-DIGI-RECO_CMSSW_6_2_0_SLHC12_2023Scenario_Case5/calabria_SingleMuPt500_GEN-SIM-DIGI-RECO_CMSSW_6_2_0_SLHC12_2023Scenario_Case5/66d2d5e75e30402dce10e8955fc10c87/out_reco_88_2_85k.root;/store/user/calabria/calabria_SingleMuPt500_GEN-SIM-DIGI-RECO_CMSSW_6_2_0_SLHC12_2023Scenario_Case5/calabria_SingleMuPt500_GEN-SIM-DIGI-RECO_CMSSW_6_2_0_SLHC12_2023Scenario_Case5/66d2d5e75e30402dce10e8955fc10c87/out_reco_89_2_RWk.root;/store/user/calabria/calabria_SingleMuPt500_GEN-SIM-DIGI-RECO_CMSSW_6_2_0_SLHC12_2023Scenario_Case5/calabria_SingleMuPt500_GEN-SIM-DIGI-RECO_CMSSW_6_2_0_SLHC12_2023Scenario_Case5/66d2d5e75e30402dce10e8955fc10c87/out_reco_94_2_cbN.root
parentFiles=
lumisRange=
>>> Executable cmsRun
/cvmfs/cms.cern.ch/slc5_amd64_gcc472/cms/cmssw/CMSSW_6_2_0_SLHC12/bin/slc5_amd64_gcc472/cmsRun
ok executable found
>>> info for dashboard:
***** Cat /home/cms017/home_cream_334186649/CREAM334186649/glide_HenILc/execute/dir_10356/jobreport.txt *****
MonitorJobID=3_https://vocms83.cern.ch//140616//86810.2
MonitorID=calabria_MuMinus500_Case5_ReReco_a7j0g2
ExeStart=cmsRun
***** End Cat jobreport *****
Parameters sent to Dashboard.
>>> cmsRun started at Tue Jun 17 21:29:08 UTC 2014
>>> cmsRun ended at Tue Jun 17 21:33:56 UTC 2014
>>> crab_fjr_*.xml  permission set to 0704
>>> info for dashboard:
***** Cat /home/cms017/home_cream_334186649/CREAM334186649/glide_HenILc/execute/dir_10356/jobreport.txt *****
MonitorJobID=3_https://vocms83.cern.ch//140616//86810.2
MonitorID=calabria_MuMinus500_Case5_ReReco_a7j0g2
ExeEnd=cmsRun
***** End Cat jobreport *****
Parameters sent to Dashboard.
TIME_EXE = 288 sec
>>> cmsRun wrote 50 lines of stdout+stderr
>>> START OF printout of 50 lines from stdout+stderr
271 DQMStore::DQMStore 
HcalTopologyIdealEP::HcalTopologyIdealEP
17-Jun-2014 23:29:28 CEST  Initiating request to open file file:/lustre/cms//store/user/calabria/calabria_SingleMuPt500_GEN-SIM-DIGI-RECO_CMSSW_6_2_0_SLHC12_2023Scenario_Case5/calabria_SingleMuPt500_GEN-SIM-DIGI-RECO_CMSSW_6_2_0_SLHC12_2023Scenario_Case5/66d2d5e75e30402dce10e8955fc10c87/out_reco_76_2_SXd.root
17-Jun-2014 23:29:31 CEST  Successfully opened file file:/lustre/cms//store/user/calabria/calabria_SingleMuPt500_GEN-SIM-DIGI-RECO_CMSSW_6_2_0_SLHC12_2023Scenario_Case5/calabria_SingleMuPt500_GEN-SIM-DIGI-RECO_CMSSW_6_2_0_SLHC12_2023Scenario_Case5/66d2d5e75e30402dce10e8955fc10c87/out_reco_76_2_SXd.root
17-Jun-2014 23:29:54 CEST  Closed file file:/lustre/cms//store/user/calabria/calabria_SingleMuPt500_GEN-SIM-DIGI-RECO_CMSSW_6_2_0_SLHC12_2023Scenario_Case5/calabria_SingleMuPt500_GEN-SIM-DIGI-RECO_CMSSW_6_2_0_SLHC12_2023Scenario_Case5/66d2d5e75e30402dce10e8955fc10c87/out_reco_76_2_SXd.root
17-Jun-2014 23:29:54 CEST  Initiating request to open file file:/lustre/cms//store/user/calabria/calabria_SingleMuPt500_GEN-SIM-DIGI-RECO_CMSSW_6_2_0_SLHC12_2023Scenario_Case5/calabria_SingleMuPt500_GEN-SIM-DIGI-RECO_CMSSW_6_2_0_SLHC12_2023Scenario_Case5/66d2d5e75e30402dce10e8955fc10c87/out_reco_78_2_HgP.root
17-Jun-2014 23:29:54 CEST  Successfully opened file file:/lustre/cms//store/user/calabria/calabria_SingleMuPt500_GEN-SIM-DIGI-RECO_CMSSW_6_2_0_SLHC12_2023Scenario_Case5/calabria_SingleMuPt500_GEN-SIM-DIGI-RECO_CMSSW_6_2_0_SLHC12_2023Scenario_Case5/66d2d5e75e30402dce10e8955fc10c87/out_reco_78_2_HgP.root
17-Jun-2014 23:30:12 CEST  Closed file file:/lustre/cms//store/user/calabria/calabria_SingleMuPt500_GEN-SIM-DIGI-RECO_CMSSW_6_2_0_SLHC12_2023Scenario_Case5/calabria_SingleMuPt500_GEN-SIM-DIGI-RECO_CMSSW_6_2_0_SLHC12_2023Scenario_Case5/66d2d5e75e30402dce10e8955fc10c87/out_reco_78_2_HgP.root
17-Jun-2014 23:30:12 CEST  Initiating request to open file file:/lustre/cms//store/user/calabria/calabria_SingleMuPt500_GEN-SIM-DIGI-RECO_CMSSW_6_2_0_SLHC12_2023Scenario_Case5/calabria_SingleMuPt500_GEN-SIM-DIGI-RECO_CMSSW_6_2_0_SLHC12_2023Scenario_Case5/66d2d5e75e30402dce10e8955fc10c87/out_reco_79_2_oG5.root
17-Jun-2014 23:30:12 CEST  Successfully opened file file:/lustre/cms//store/user/calabria/calabria_SingleMuPt500_GEN-SIM-DIGI-RECO_CMSSW_6_2_0_SLHC12_2023Scenario_Case5/calabria_SingleMuPt500_GEN-SIM-DIGI-RECO_CMSSW_6_2_0_SLHC12_2023Scenario_Case5/66d2d5e75e30402dce10e8955fc10c87/out_reco_79_2_oG5.root
17-Jun-2014 23:30:31 CEST  Closed file file:/lustre/cms//store/user/calabria/calabria_SingleMuPt500_GEN-SIM-DIGI-RECO_CMSSW_6_2_0_SLHC12_2023Scenario_Case5/calabria_SingleMuPt500_GEN-SIM-DIGI-RECO_CMSSW_6_2_0_SLHC12_2023Scenario_Case5/66d2d5e75e30402dce10e8955fc10c87/out_reco_79_2_oG5.root
17-Jun-2014 23:30:31 CEST  Initiating request to open file file:/lustre/cms//store/user/calabria/calabria_SingleMuPt500_GEN-SIM-DIGI-RECO_CMSSW_6_2_0_SLHC12_2023Scenario_Case5/calabria_SingleMuPt500_GEN-SIM-DIGI-RECO_CMSSW_6_2_0_SLHC12_2023Scenario_Case5/66d2d5e75e30402dce10e8955fc10c87/out_reco_80_2_RlK.root
17-Jun-2014 23:30:31 CEST  Successfully opened file file:/lustre/cms//store/user/calabria/calabria_SingleMuPt500_GEN-SIM-DIGI-RECO_CMSSW_6_2_0_SLHC12_2023Scenario_Case5/calabria_SingleMuPt500_GEN-SIM-DIGI-RECO_CMSSW_6_2_0_SLHC12_2023Scenario_Case5/66d2d5e75e30402dce10e8955fc10c87/out_reco_80_2_RlK.root
17-Jun-2014 23:30:53 CEST  Closed file file:/lustre/cms//store/user/calabria/calabria_SingleMuPt500_GEN-SIM-DIGI-RECO_CMSSW_6_2_0_SLHC12_2023Scenario_Case5/calabria_SingleMuPt500_GEN-SIM-DIGI-RECO_CMSSW_6_2_0_SLHC12_2023Scenario_Case5/66d2d5e75e30402dce10e8955fc10c87/out_reco_80_2_RlK.root
17-Jun-2014 23:30:53 CEST  Initiating request to open file file:/lustre/cms//store/user/calabria/calabria_SingleMuPt500_GEN-SIM-DIGI-RECO_CMSSW_6_2_0_SLHC12_2023Scenario_Case5/calabria_SingleMuPt500_GEN-SIM-DIGI-RECO_CMSSW_6_2_0_SLHC12_2023Scenario_Case5/66d2d5e75e30402dce10e8955fc10c87/out_reco_82_2_YBn.root
17-Jun-2014 23:30:53 CEST  Successfully opened file file:/lustre/cms//store/user/calabria/calabria_SingleMuPt500_GEN-SIM-DIGI-RECO_CMSSW_6_2_0_SLHC12_2023Scenario_Case5/calabria_SingleMuPt500_GEN-SIM-DIGI-RECO_CMSSW_6_2_0_SLHC12_2023Scenario_Case5/66d2d5e75e30402dce10e8955fc10c87/out_reco_82_2_YBn.root
17-Jun-2014 23:31:14 CEST  Closed file file:/lustre/cms//store/user/calabria/calabria_SingleMuPt500_GEN-SIM-DIGI-RECO_CMSSW_6_2_0_SLHC12_2023Scenario_Case5/calabria_SingleMuPt500_GEN-SIM-DIGI-RECO_CMSSW_6_2_0_SLHC12_2023Scenario_Case5/66d2d5e75e30402dce10e8955fc10c87/out_reco_82_2_YBn.root
17-Jun-2014 23:31:14 CEST  Initiating request to open file file:/lustre/cms//store/user/calabria/calabria_SingleMuPt500_GEN-SIM-DIGI-RECO_CMSSW_6_2_0_SLHC12_2023Scenario_Case5/calabria_SingleMuPt500_GEN-SIM-DIGI-RECO_CMSSW_6_2_0_SLHC12_2023Scenario_Case5/66d2d5e75e30402dce10e8955fc10c87/out_reco_83_2_yqg.root
17-Jun-2014 23:31:14 CEST  Successfully opened file file:/lustre/cms//store/user/calabria/calabria_SingleMuPt500_GEN-SIM-DIGI-RECO_CMSSW_6_2_0_SLHC12_2023Scenario_Case5/calabria_SingleMuPt500_GEN-SIM-DIGI-RECO_CMSSW_6_2_0_SLHC12_2023Scenario_Case5/66d2d5e75e30402dce10e8955fc10c87/out_reco_83_2_yqg.root
17-Jun-2014 23:31:38 CEST  Closed file file:/lustre/cms//store/user/calabria/calabria_SingleMuPt500_GEN-SIM-DIGI-RECO_CMSSW_6_2_0_SLHC12_2023Scenario_Case5/calabria_SingleMuPt500_GEN-SIM-DIGI-RECO_CMSSW_6_2_0_SLHC12_2023Scenario_Case5/66d2d5e75e30402dce10e8955fc10c87/out_reco_83_2_yqg.root
17-Jun-2014 23:31:38 CEST  Initiating request to open file file:/lustre/cms//store/user/calabria/calabria_SingleMuPt500_GEN-SIM-DIGI-RECO_CMSSW_6_2_0_SLHC12_2023Scenario_Case5/calabria_SingleMuPt500_GEN-SIM-DIGI-RECO_CMSSW_6_2_0_SLHC12_2023Scenario_Case5/66d2d5e75e30402dce10e8955fc10c87/out_reco_86_2_gT4.root
17-Jun-2014 23:31:39 CEST  Successfully opened file file:/lustre/cms//store/user/calabria/calabria_SingleMuPt500_GEN-SIM-DIGI-RECO_CMSSW_6_2_0_SLHC12_2023Scenario_Case5/calabria_SingleMuPt500_GEN-SIM-DIGI-RECO_CMSSW_6_2_0_SLHC12_2023Scenario_Case5/66d2d5e75e30402dce10e8955fc10c87/out_reco_86_2_gT4.root
17-Jun-2014 23:32:20 CEST  Closed file file:/lustre/cms//store/user/calabria/calabria_SingleMuPt500_GEN-SIM-DIGI-RECO_CMSSW_6_2_0_SLHC12_2023Scenario_Case5/calabria_SingleMuPt500_GEN-SIM-DIGI-RECO_CMSSW_6_2_0_SLHC12_2023Scenario_Case5/66d2d5e75e30402dce10e8955fc10c87/out_reco_86_2_gT4.root
17-Jun-2014 23:32:20 CEST  Initiating request to open file file:/lustre/cms//store/user/calabria/calabria_SingleMuPt500_GEN-SIM-DIGI-RECO_CMSSW_6_2_0_SLHC12_2023Scenario_Case5/calabria_SingleMuPt500_GEN-SIM-DIGI-RECO_CMSSW_6_2_0_SLHC12_2023Scenario_Case5/66d2d5e75e30402dce10e8955fc10c87/out_reco_88_2_85k.root
17-Jun-2014 23:32:20 CEST  Successfully opened file file:/lustre/cms//store/user/calabria/calabria_SingleMuPt500_GEN-SIM-DIGI-RECO_CMSSW_6_2_0_SLHC12_2023Scenario_Case5/calabria_SingleMuPt500_GEN-SIM-DIGI-RECO_CMSSW_6_2_0_SLHC12_2023Scenario_Case5/66d2d5e75e30402dce10e8955fc10c87/out_reco_88_2_85k.root
17-Jun-2014 23:32:38 CEST  Closed file file:/lustre/cms//store/user/calabria/calabria_SingleMuPt500_GEN-SIM-DIGI-RECO_CMSSW_6_2_0_SLHC12_2023Scenario_Case5/calabria_SingleMuPt500_GEN-SIM-DIGI-RECO_CMSSW_6_2_0_SLHC12_2023Scenario_Case5/66d2d5e75e30402dce10e8955fc10c87/out_reco_88_2_85k.root
17-Jun-2014 23:32:38 CEST  Initiating request to open file file:/lustre/cms//store/user/calabria/calabria_SingleMuPt500_GEN-SIM-DIGI-RECO_CMSSW_6_2_0_SLHC12_2023Scenario_Case5/calabria_SingleMuPt500_GEN-SIM-DIGI-RECO_CMSSW_6_2_0_SLHC12_2023Scenario_Case5/66d2d5e75e30402dce10e8955fc10c87/out_reco_89_2_RWk.root
17-Jun-2014 23:32:38 CEST  Successfully opened file file:/lustre/cms//store/user/calabria/calabria_SingleMuPt500_GEN-SIM-DIGI-RECO_CMSSW_6_2_0_SLHC12_2023Scenario_Case5/calabria_SingleMuPt500_GEN-SIM-DIGI-RECO_CMSSW_6_2_0_SLHC12_2023Scenario_Case5/66d2d5e75e30402dce10e8955fc10c87/out_reco_89_2_RWk.root
17-Jun-2014 23:32:56 CEST  Closed file file:/lustre/cms//store/user/calabria/calabria_SingleMuPt500_GEN-SIM-DIGI-RECO_CMSSW_6_2_0_SLHC12_2023Scenario_Case5/calabria_SingleMuPt500_GEN-SIM-DIGI-RECO_CMSSW_6_2_0_SLHC12_2023Scenario_Case5/66d2d5e75e30402dce10e8955fc10c87/out_reco_89_2_RWk.root
17-Jun-2014 23:32:56 CEST  Initiating request to open file file:/lustre/cms//store/user/calabria/calabria_SingleMuPt500_GEN-SIM-DIGI-RECO_CMSSW_6_2_0_SLHC12_2023Scenario_Case5/calabria_SingleMuPt500_GEN-SIM-DIGI-RECO_CMSSW_6_2_0_SLHC12_2023Scenario_Case5/66d2d5e75e30402dce10e8955fc10c87/out_reco_94_2_cbN.root
17-Jun-2014 23:32:56 CEST  Successfully opened file file:/lustre/cms//store/user/calabria/calabria_SingleMuPt500_GEN-SIM-DIGI-RECO_CMSSW_6_2_0_SLHC12_2023Scenario_Case5/calabria_SingleMuPt500_GEN-SIM-DIGI-RECO_CMSSW_6_2_0_SLHC12_2023Scenario_Case5/66d2d5e75e30402dce10e8955fc10c87/out_reco_94_2_cbN.root
17-Jun-2014 23:33:56 CEST  Closed file file:/lustre/cms//store/user/calabria/calabria_SingleMuPt500_GEN-SIM-DIGI-RECO_CMSSW_6_2_0_SLHC12_2023Scenario_Case5/calabria_SingleMuPt500_GEN-SIM-DIGI-RECO_CMSSW_6_2_0_SLHC12_2023Scenario_Case5/66d2d5e75e30402dce10e8955fc10c87/out_reco_94_2_cbN.root

=============================================

MessageLogger Summary

 type     category        sev    module        subroutine        count    total
 ---- -------------------- -- ---------------- ----------------  -----    -----
    1 fileAction           -s file_close                            10       10
    2 fileAction           -s file_open                             20       20

 type    category    Examples: run/evt        run/evt          run/evt
 ---- -------------------- ---------------- ---------------- ----------------
    1 fileAction           PostProcessEvent PostProcessEvent PostEndRun
    2 fileAction           pre-events       pre-events       PostProcessEvent

Severity    # Occurrences   Total Occurrences
--------    -------------   -----------------
System                 30                  30
>>> END OF printout of 50 lines from stdout+stderr
>>> Parse FrameworkJobReport crab_fjr.xml
Result of parsing the FrameworkJobReport crab_fjr.xml: Popularity start
lumisRange : 1::::1;1::::2;1::::3;1::::4;1::::5;1::::6;1::::7;1::::8;1::::9;1::::10;
lumisParentRange : 
Basename : /store/user/calabria/calabria_SingleMuPt500_GEN-SIM-DIGI-RECO_CMSSW_6_2_0_SLHC12_2023Scenario_Case5/calabria_SingleMuPt500_GEN-SIM-DIGI-RECO_CMSSW_6_2_0_SLHC12_2023Scenario_Case5/66d2d5e75e30402dce10e8955fc10c87/out_reco_
BasenameParent : 
parentFiles : 
inputBlocks : /calabria_SingleMuPt500_GEN-SIM-DIGI-RECO_CMSSW_6_2_0_SLHC12_2023Scenario_Case5/calabria-calabria_SingleMuPt500_GEN-SIM-DIGI-RECO_CMSSW_6_2_0_SLHC12_2023Scenario_Case5-66d2d5e75e30402dce10e8955fc10c87/USER#f956fb8d-47d3-4379-9ce9-a4461d5c4ac5
inputFiles : 82_2_YBn.root::1::EDM::Local::1;86_2_gT4.root::1::EDM::Local::2;79_2_oG5.root::1::EDM::Local::3;78_2_HgP.root::1::EDM::Local::4;83_2_yqg.root::1::EDM::Local::5;88_2_85k.root::1::EDM::Local::6;94_2_cbN.root::1::EDM::Local::7;80_2_RlK.root::1::EDM::Local::8;76_2_SXd.root::1::EDM::Local::9;89_2_RWk.root::1::EDM::Local::10;
Popularity stop
Extracted ExitStatus from FrameworkJobReport parsing output: 0
>>> Executable succeded  0
ExeExitCode=0
EXECUTABLE_EXIT_STATUS = 0
>>> current directory /home/cms017/home_cream_334186649/CREAM334186649/glide_HenILc/execute/dir_10356/CMSSW_6_2_0_SLHC12
>>>  (SOFTWARE_DIR): /home/cms017/home_cream_334186649/CREAM334186649/glide_HenILc/execute/dir_10356/CMSSW_6_2_0_SLHC12
>>> (WORKING_DIR): 
>>> current directory content:
total 10556
drwxr-xr-x 3 cms017 cms    4096 Jun 17 23:28 .SCRAM
-rw------- 1 cms017 cms 3740367 Jun 17 23:28 CMSSW.py.pkl
drwxr-xr-x 3 cms017 cms    4096 Jun 17 23:28 bin
drwxr-xr-x 3 cms017 cms    4096 Jun 17 23:28 cfipython
drwxr-xr-x 4 cms017 cms    4096 Jun 17 23:28 config
-rw------- 1 cms017 cms      17 Jun 17 23:33 cpu_timing.txt
drwxr-xr-x 2 cms017 cms    4096 Jun 17 23:28 doc
-rw------- 1 cms017 cms    9955 Jun 17 23:33 executable.out
drwxr-xr-x 2 cms017 cms    4096 Jun 17 23:28 include
drwx------ 3 cms017 cms    4096 Apr 28 18:12 lib
drwxr-xr-x 3 cms017 cms    4096 Jun 17 23:28 logs
drwxr-xr-x 3 cms017 cms    4096 Jun 17 23:28 objs
-rw------- 1 cms017 cms     104 Jun 17 23:29 pset.py
-rw------- 1 cms017 cms 3712321 Jun 17 23:29 pset.py.pkl
-rw------- 1 cms017 cms     289 Jun 17 23:29 pset.pyc
drwxr-xr-x 2 cms017 cms    4096 Jun 17 23:28 python
-rw------- 1 cms017 cms     389 Jun 17 23:33 report.log
drwx------ 6 cms017 cms    4096 Jun 17 23:28 src
drwxr-xr-x 3 cms017 cms    4096 Jun 17 23:28 test
drwxr-xr-x 3 cms017 cms    4096 Jun 17 23:28 tmp
-rw------- 1 cms017 cms 3255354 Jun 17 23:33 validationEDM.root
>>> current directory /home/cms017/home_cream_334186649/CREAM334186649/glide_HenILc/execute/dir_10356/CMSSW_6_2_0_SLHC12
>>> (SOFTWARE_DIR): /home/cms017/home_cream_334186649/CREAM334186649/glide_HenILc/execute/dir_10356/CMSSW_6_2_0_SLHC12
>>> (WORKING_DIR): 
>>> current directory content:
total 10556
drwxr-xr-x 3 cms017 cms    4096 Jun 17 23:28 .SCRAM
-rw------- 1 cms017 cms 3740367 Jun 17 23:28 CMSSW.py.pkl
drwxr-xr-x 3 cms017 cms    4096 Jun 17 23:28 bin
drwxr-xr-x 3 cms017 cms    4096 Jun 17 23:28 cfipython
drwxr-xr-x 4 cms017 cms    4096 Jun 17 23:28 config
-rw------- 1 cms017 cms      17 Jun 17 23:33 cpu_timing.txt
drwxr-xr-x 2 cms017 cms    4096 Jun 17 23:28 doc
-rw------- 1 cms017 cms    9955 Jun 17 23:33 executable.out
drwxr-xr-x 2 cms017 cms    4096 Jun 17 23:28 include
drwx------ 3 cms017 cms    4096 Apr 28 18:12 lib
drwxr-xr-x 3 cms017 cms    4096 Jun 17 23:28 logs
drwxr-xr-x 3 cms017 cms    4096 Jun 17 23:28 objs
-rw------- 1 cms017 cms     104 Jun 17 23:29 pset.py
-rw------- 1 cms017 cms 3712321 Jun 17 23:29 pset.py.pkl
-rw------- 1 cms017 cms     289 Jun 17 23:29 pset.pyc
drwxr-xr-x 2 cms017 cms    4096 Jun 17 23:28 python
-rw------- 1 cms017 cms     389 Jun 17 23:33 report.log
drwx------ 6 cms017 cms    4096 Jun 17 23:28 src
drwxr-xr-x 3 cms017 cms    4096 Jun 17 23:28 test
drwxr-xr-x 3 cms017 cms    4096 Jun 17 23:28 tmp
-rw------- 1 cms017 cms 3255354 Jun 17 23:33 validationEDM_3_1_4tx.root
>>> current directory (RUNTIME_AREA):  /home/cms017/home_cream_334186649/CREAM334186649/glide_HenILc/execute/dir_10356
SE = storm-se-01.ba.infn.it
SE_PATH = /srm/managerv2?SFN=//cms/store/user/calabria/calabria_SingleMuPt500_GEN-SIM-DIGI-RECO_CMSSW_6_2_0_SLHC12_2023Scenario_Case5/calabria_MuMinus500_GEN-SIM-DIGI-RECO_CMSSW_6_2_0_SLHC12_2023Scenario_VALNOPU2_Case5/5854dd31cbd3cdec44c48628cc181cf0/
LFNBaseName = /store/user/calabria/calabria_SingleMuPt500_GEN-SIM-DIGI-RECO_CMSSW_6_2_0_SLHC12_2023Scenario_Case5/calabria_MuMinus500_GEN-SIM-DIGI-RECO_CMSSW_6_2_0_SLHC12_2023Scenario_VALNOPU2_Case5/5854dd31cbd3cdec44c48628cc181cf0/
USER = calabria
endpoint = srm://storm-se-01.ba.infn.it:8444/srm/managerv2?SFN=//cms/store/user/calabria/calabria_SingleMuPt500_GEN-SIM-DIGI-RECO_CMSSW_6_2_0_SLHC12_2023Scenario_Case5/calabria_MuMinus500_GEN-SIM-DIGI-RECO_CMSSW_6_2_0_SLHC12_2023Scenario_VALNOPU2_Case5/5854dd31cbd3cdec44c48628cc181cf0/
>>> Copy output files from WN = pccms152.ba.infn.it to /srm/managerv2?SFN=//cms/store/user/calabria/calabria_SingleMuPt500_GEN-SIM-DIGI-RECO_CMSSW_6_2_0_SLHC12_2023Scenario_Case5/calabria_MuMinus500_GEN-SIM-DIGI-RECO_CMSSW_6_2_0_SLHC12_2023Scenario_VALNOPU2_Case5/5854dd31cbd3cdec44c48628cc181cf0/ :
python cmscp.py  --destination srm://storm-se-01.ba.infn.it:8444/srm/managerv2?SFN=//cms/store/user/calabria/calabria_SingleMuPt500_GEN-SIM-DIGI-RECO_CMSSW_6_2_0_SLHC12_2023Scenario_Case5/calabria_MuMinus500_GEN-SIM-DIGI-RECO_CMSSW_6_2_0_SLHC12_2023Scenario_VALNOPU2_Case5/5854dd31cbd3cdec44c48628cc181cf0/ --inputFileList /home/cms017/home_cream_334186649/CREAM334186649/glide_HenILc/execute/dir_10356/CMSSW_6_2_0_SLHC12/validationEDM_3_1_4tx.root --middleware LCG --se_name storm-se-01.ba.infn.it --for_lfn /store/user/calabria/calabria_SingleMuPt500_GEN-SIM-DIGI-RECO_CMSSW_6_2_0_SLHC12_2023Scenario_Case5/calabria_MuMinus500_GEN-SIM-DIGI-RECO_CMSSW_6_2_0_SLHC12_2023Scenario_VALNOPU2_Case5/5854dd31cbd3cdec44c48628cc181cf0/    
******************************************************
localSeName  =  storm-se-01.ba.infn.it
remoteSeName =  storm-se-01.ba.infn.it
******************************************************
{"/home/cms017/home_cream_334186649/CREAM334186649/glide_HenILc/execute/dir_10356/CMSSW_6_2_0_SLHC12/validationEDM_3_1_4tx.root": {"endpoint": "srm://storm-se-01.ba.infn.it:8444/srm/managerv2?SFN=//cms/store/user/calabria/calabria_SingleMuPt500_GEN-SIM-DIGI-RECO_CMSSW_6_2_0_SLHC12_2023Scenario_Case5/calabria_MuMinus500_GEN-SIM-DIGI-RECO_CMSSW_6_2_0_SLHC12_2023Scenario_VALNOPU2_Case5/5854dd31cbd3cdec44c48628cc181cf0/", "surl_for_grid": "", "reason": "Copy succedeed with srm-lcg utils", "erCode": "0", "se_name": "storm-se-01.ba.infn.it", "for_lfn": "/store/user/calabria/calabria_SingleMuPt500_GEN-SIM-DIGI-RECO_CMSSW_6_2_0_SLHC12_2023Scenario_Case5/calabria_MuMinus500_GEN-SIM-DIGI-RECO_CMSSW_6_2_0_SLHC12_2023Scenario_VALNOPU2_Case5/5854dd31cbd3cdec44c48628cc181cf0/"}}/home/cms017/home_cream_334186649/CREAM334186649/glide_HenILc/execute/dir_10356
-------- cat /home/cms017/home_cream_334186649/CREAM334186649/glide_HenILc/execute/dir_10356/cmscpReport.sh 
#!/bin/bash
echo "Report for File: /home/cms017/home_cream_334186649/CREAM334186649/glide_HenILc/execute/dir_10356/CMSSW_6_2_0_SLHC12/validationEDM_3_1_4tx.root"
echo "LFN: /store/user/calabria/calabria_SingleMuPt500_GEN-SIM-DIGI-RECO_CMSSW_6_2_0_SLHC12_2023Scenario_Case5/calabria_MuMinus500_GEN-SIM-DIGI-RECO_CMSSW_6_2_0_SLHC12_2023Scenario_VALNOPU2_Case5/5854dd31cbd3cdec44c48628cc181cf0/validationEDM_3_1_4tx.root"
echo "StorageElement: storm-se-01.ba.infn.it"
echo "StageOutExitStatusReason = 'Copy succedeed with srm-lcg utils'" | tee -a $RUNTIME_AREA/$repo
echo "StageOutSE = storm-se-01.ba.infn.it" >> $RUNTIME_AREA/$repo

export StageOutExitStatus=0
echo "StageOutExitStatus = 0" | tee -a $RUNTIME_AREA/$repo
-------- end of /home/cms017/home_cream_334186649/CREAM334186649/glide_HenILc/execute/dir_10356/cmscpReport.sh 
Report for File: /home/cms017/home_cream_334186649/CREAM334186649/glide_HenILc/execute/dir_10356/CMSSW_6_2_0_SLHC12/validationEDM_3_1_4tx.root
LFN: /store/user/calabria/calabria_SingleMuPt500_GEN-SIM-DIGI-RECO_CMSSW_6_2_0_SLHC12_2023Scenario_Case5/calabria_MuMinus500_GEN-SIM-DIGI-RECO_CMSSW_6_2_0_SLHC12_2023Scenario_VALNOPU2_Case5/5854dd31cbd3cdec44c48628cc181cf0/validationEDM_3_1_4tx.root
StorageElement: storm-se-01.ba.infn.it
StageOutExitStatusReason = 'Copy succedeed with srm-lcg utils'
StageOutExitStatus = 0
>>> current dir: /home/cms017/home_cream_334186649/CREAM334186649/glide_HenILc/execute/dir_10356
>>> current dir content:
total 28080
-rw-------  1 cms017 cms     2784 Jun 17 23:34 .SEinteraction.log
-rwx------  1 cms017 cms     6725 Jun 17 23:28 .job.ad
-rwx------  1 cms017 cms     9428 Jun 17 23:28 .machine.ad
-rw-------  1 cms017 cms      105 Jun 16 20:38 CMSSW.py
-rw-------  1 cms017 cms  3740367 Jun 16 20:38 CMSSW.py.pkl
-rwx------  1 cms017 cms    29569 Jun 17 23:28 CMSSW.sh
drwxr-xr-x 15 cms017 cms     4096 Jun 17 23:34 CMSSW_6_2_0_SLHC12
-rw-------  1 cms017 cms      220 Jun 17 23:28 CacheEnv.sh
-rw-------  1 cms017 cms     7291 Apr  4 11:04 DashboardAPI.py
-rw-------  1 cms017 cms     6815 Jun 17 23:28 DashboardAPI.pyc
drwx------  2 cms017 cms     4096 Jun 17 23:33 IMProv
-rw-------  1 cms017 cms     2748 Apr  4 11:04 Logger.py
-rw-------  1 cms017 cms     3347 Jun 17 23:28 Logger.pyc
-rw-------  1 cms017 cms    24524 Apr  4 11:04 ProcInfo.py
-rw-------  1 cms017 cms    23197 Jun 17 23:28 ProcInfo.pyc
drwx------  7 cms017 cms     4096 Jun 17 23:29 ProdCommon
drwx------  3 cms017 cms     4096 Jun 17 23:28 WMCore
-rw-------  1 cms017 cms     1793 Jun 17 23:34 Watchdog_3.log
-rwx------  1 cms017 cms        0 Jun 17 23:28 _condor_stderr
-rwx---r--  1 cms017 cms    29435 Jun 17 23:34 _condor_stdout
-rw-------  1 cms017 cms    32895 Apr  4 11:04 apmon.py
-rw-------  1 cms017 cms    28625 Jun 17 23:28 apmon.pyc
-rwx------  1 cms017 cms    53903 Jun 17 23:28 arguments.xml
-rwx------  1 cms017 cms    38515 Apr  4 11:04 cmscp.py
-rw-------  1 cms017 cms      718 Jun 17 23:34 cmscpReport.sh
-rwx------  1 cms017 cms    29569 Jun 17 23:28 condor_exec.exe
-rw-------  1 cms017 cms      963 Jun 16 20:38 crab.cfg
-rwx------  1 cms017 cms     8610 Apr  4 11:04 crabWatchdog.sh
-rwx---r--  1 cms017 cms   523309 Jun 17 23:33 crab_fjr_3.xml
-rwx------  1 cms017 cms 23960264 Jun 17 23:28 default.tgz
-rwx------  1 cms017 cms     4488 Apr  4 11:04 fillCrabFjr.py
-rw-------  1 cms017 cms     2641 Jun 17 23:29 inputsReport.txt
-rw-------  1 cms017 cms      254 Jun 17 23:34 jobreport.txt
-rw-------  1 cms017 cms    17352 Apr  4 11:04 parseCrabFjr.py
-rw-------  1 cms017 cms      315 Jun 17 23:28 report.log
-rwx--x--x  1 cms017 cms     1497 Apr  4 11:04 report.py
-rw-------  1 cms017 cms      775 Jun 17 23:34 resultCopyFile
lrwxrwxrwx  1 cms017 cms      125 Jun 17 23:34 validationEDM.root -> /home/cms017/home_cream_334186649/CREAM334186649/glide_HenILc/execute/dir_10356/CMSSW_6_2_0_SLHC12/validationEDM_3_1_4tx.root
-rwx------  1 cms017 cms     8387 Apr  4 11:04 writeCfg.py
-rw-------  1 cms017 cms     8010 Jun 17 23:28 x509up_u50707
>>> Modify Job Report:
CMSSW_VERSION = CMSSW_6_2_0_SLHC12
ProcessedDataset = calabria_MuMinus500_GEN-SIM-DIGI-RECO_CMSSW_6_2_0_SLHC12_2023Scenario_VALNOPU2_Case5
/home/cms017/home_cream_334186649/CREAM334186649/glide_HenILc/execute/dir_10356/ProdCommon/FwkJobRep/ModifyJobReport.py fjr /home/cms017/home_cream_334186649/CREAM334186649/glide_HenILc/execute/dir_10356/crab_fjr_3.xml json /home/cms017/home_cream_334186649/CREAM334186649/glide_HenILc/execute/dir_10356/resultCopyFile n_job 3_1_4tx PrimaryDataset calabria_SingleMuPt500_GEN-SIM-DIGI-RECO_CMSSW_6_2_0_SLHC12_2023Scenario_Case5  ApplicationFamily cmsRun ApplicationName cmsRun cmssw_version CMSSW_6_2_0_SLHC12 psethash 5854dd31cbd3cdec44c48628cc181cf0 UserProcessedDataset calabria-calabria_MuMinus500_GEN-SIM-DIGI-RECO_CMSSW_6_2_0_SLHC12_2023Scenario_VALNOPU2_Case5-5854dd31cbd3cdec44c48628cc181cf0
inputDict =  {u'/home/cms017/home_cream_334186649/CREAM334186649/glide_HenILc/execute/dir_10356/CMSSW_6_2_0_SLHC12/validationEDM_3_1_4tx.root': {u'endpoint': u'srm://storm-se-01.ba.infn.it:8444/srm/managerv2?SFN=//cms/store/user/calabria/calabria_SingleMuPt500_GEN-SIM-DIGI-RECO_CMSSW_6_2_0_SLHC12_2023Scenario_Case5/calabria_MuMinus500_GEN-SIM-DIGI-RECO_CMSSW_6_2_0_SLHC12_2023Scenario_VALNOPU2_Case5/5854dd31cbd3cdec44c48628cc181cf0/', u'surl_for_grid': u'', u'reason': u'Copy succedeed with srm-lcg utils', u'erCode': u'0', u'se_name': u'storm-se-01.ba.infn.it', u'for_lfn': u'/store/user/calabria/calabria_SingleMuPt500_GEN-SIM-DIGI-RECO_CMSSW_6_2_0_SLHC12_2023Scenario_Case5/calabria_MuMinus500_GEN-SIM-DIGI-RECO_CMSSW_6_2_0_SLHC12_2023Scenario_VALNOPU2_Case5/5854dd31cbd3cdec44c48628cc181cf0/'}}
UserProcessedDataset =  calabria-calabria_MuMinus500_GEN-SIM-DIGI-RECO_CMSSW_6_2_0_SLHC12_2023Scenario_VALNOPU2_Case5-5854dd31cbd3cdec44c48628cc181cf0
file_name in inputDict =  /home/cms017/home_cream_334186649/CREAM334186649/glide_HenILc/execute/dir_10356/CMSSW_6_2_0_SLHC12/validationEDM_3_1_4tx.root
(size) os.stat(filename)[6] =  3255354
checksum =  1096574065
    file =  validationEDM_3_1_4tx.root
    newPfn =  srm://storm-se-01.ba.infn.it:8444/srm/managerv2?SFN=//cms/store/user/calabria/calabria_SingleMuPt500_GEN-SIM-DIGI-RECO_CMSSW_6_2_0_SLHC12_2023Scenario_Case5/calabria_MuMinus500_GEN-SIM-DIGI-RECO_CMSSW_6_2_0_SLHC12_2023Scenario_VALNOPU2_Case5/5854dd31cbd3cdec44c48628cc181cf0/validationEDM_3_1_4tx.root
    newLfn =  /store/user/calabria/calabria_SingleMuPt500_GEN-SIM-DIGI-RECO_CMSSW_6_2_0_SLHC12_2023Scenario_Case5/calabria_MuMinus500_GEN-SIM-DIGI-RECO_CMSSW_6_2_0_SLHC12_2023Scenario_VALNOPU2_Case5/5854dd31cbd3cdec44c48628cc181cf0/validationEDM_3_1_4tx.root
>>> crab_fjr_*.xml  permission set to 0704
CrabWrapper EXIT_FUNC entered at Tue Jun 17 23:34:52 CEST 2014   -  Tue Jun 17 21:34:52 UTC 2014
Checking output files:  
will tar file crab_fjr_3.xml in  out_files_3
WARNING: output file CMSSW_3.stdout not found!
WARNING: output file CMSSW_3.stderr not found!
WARNING: output file Watchdog_3.log.gz not found!
>>> padding time: Sleeping the wrapper for 235 seconds
STOPPING WATCHDOG. CrabWatchdog PID is 11314
********** LAST 50 LINES OF WATCHDOG LOG
# RESOURCE USAGE SUMMARY FOR PROCESS ID 10557
USER       PID %CPU %MEM    VSZ   RSS TTY      STAT START   TIME COMMAND
cms017   10557  0.4  0.0   9496  1596 ?        S    23:28   0:00 /bin/sh /home/cms017/home_cream_334186649/CREAM334186649/glide_HenILc/execute/dir_10356/condor_exec.exe 3 1
 
# LIMITS USED BY CRAB WATCHDOG:
# RSS  (KBytes)   : 2300000
# VSZ  (KBytes)   : 100000000
# DISK (MBytes)   : 19000
# CPU TIME        : 720h:0m:0s
# WALL CLOCK TIME : 21h:50m:0s
 
# FOLLOWING PRINTOUT TRACKS MAXIMUM VALUES OF RESOURCES USE
# ONE LINE IS PRINTED EACH TIME A MAXIMUM CHANGES
# IF CHANGE WAS IN RSS OR VSZ ALSO PROCID AND COMMAND ARE PRINTED
# THERE IS NO PRINTOUT FOR CPU/WALL TIME INCREASE
 
# TIME			PID	RSS(KB)	VSZ(KB)	Dsk(MB)	tCPU(s)	tWALL(s)	COMMAND
 Jun 17 23:28:54 CEST	8659	1392	9364	0	0	0	/bin/bash /home/cms017/home_cream_334186649/CREAM334186649/glide_HenILc/main/condor_startup.sh glidein_config        
 Jun 17 23:28:54 CEST	10356	8424	93612	0	0	0	condor_starter -f vocms83.cern.ch        
 Jun 17 23:28:54 CEST	11323	47964	112788	0	1	1	edmConfigHash pset.py         
 Jun 17 23:28:54 CEST	---	47964	112788	171	----	----	----
 Jun 17 23:29:55 CEST	12036	745404	943424	171	38	62	cmsRun -j /home/cms017/home_cream_334186649/CREAM334186649/glide_HenILc/execute/dir_10356/crab_fjr_3.xml -p pset.py      
 Jun 17 23:29:55 CEST	---	745404	943424	175	----	----	----
 Jun 17 23:30:56 CEST	12036	763612	978752	175	78	123	cmsRun -j /home/cms017/home_cream_334186649/CREAM334186649/glide_HenILc/execute/dir_10356/crab_fjr_3.xml -p pset.py      
 Jun 17 23:31:58 CEST	12036	788760	1020504	175	124	186	cmsRun -j /home/cms017/home_cream_334186649/CREAM334186649/glide_HenILc/execute/dir_10356/crab_fjr_3.xml -p pset.py      
 Jun 17 23:34:03 CEST	---	788760	1020504	179	----	----	----
********** WATCHDOG LOG ENDED
ZIPPING WATCHDOG LOG
Disk space used:
du -sh /home/cms017/home_cream_334186649/CREAM334186649/glide_HenILc/execute/dir_10356
179M	/home/cms017/home_cream_334186649/CREAM334186649/glide_HenILc/execute/dir_10356
Found unusual stdout, rename for OSB
`/home/cms017/home_cream_334186649/CREAM334186649/glide_HenILc/execute/dir_10356/_condor_stdout' -> `CMSSW_3.stdout'
Found unusual stderr, rename for OSB
`/home/cms017/home_cream_334186649/CREAM334186649/glide_HenILc/execute/dir_10356/_condor_stdout' -> `CMSSW_3.stderr'
crab_fjr_3.xml
CMSSW_3.stdout
CMSSW_3.stderr
Watchdog_3.log.gz
Total Output dimension: 69505
WARNING: output files size limit is set to: 50000000
Total Output dimension 69505 is fine.
JOB_EXIT_STATUS = 0
>>> info for dashboard:
***** Cat /home/cms017/home_cream_334186649/CREAM334186649/glide_HenILc/execute/dir_10356/jobreport.txt *****
MonitorJobID=3_https://vocms83.cern.ch//140616//86810.2
MonitorID=calabria_MuMinus500_Case5_ReReco_a7j0g2
ExeTime=288
ExeExitCode=0
StageOutExitStatusReason = 'Copy succedeed with srm-lcg utils'
StageOutSE = storm-se-01.ba.infn.it
StageOutExitStatus = 0
CrabUserCpuTime=176.27
CrabSysCpuTime=45.95
CrabCpuPercentage=77%
CrabWrapperTime=600
CrabStageoutTime=49
JobExitCode=0
***** End Cat jobreport *****
Parameters sent to Dashboard.
EXITING at Tue Jun 17 23:38:53 CEST 2014  -  Tue Jun 17 21:38:53 UTC 2014
