This script was generated by crab (version 2.10.5_patch1).
Running /home/cms015/home_cream_555205907/CREAM555205907/glide_IoxR1V/execute/dir_6830/condor_exec.exe with 2 positional parameters: 4 1
Today is Tue Jun 17 23:29:51 CEST 2014 - Tue Jun 17 21:29:51 UTC 2014
Job submitted on host pccms109.ba.infn.it
Linux pccms109.ba.infn.it 2.6.32-431.5.1.el6.x86_64 #1 SMP Wed Feb 12 09:03:27 CET 2014 x86_64 x86_64 x86_64 GNU/Linux
>>> current directory (RUNTIME_AREA): /home/cms015/home_cream_555205907/CREAM555205907/glide_IoxR1V/execute/dir_6830
>>> current user: uid=11815(cms015) gid=1399(cms) groups=1399(cms)
>>> directory permission set to 0700
>>> umask set to:  u=rwx,g=,o=
>>> stdout stderr permission set to 0704
>>> voms proxy information:
subject   : /C=IT/O=INFN/OU=Personal Certificate/L=Bari/CN=Cesare Calabria/CN=477126703/CN=1653355750
issuer    : /C=IT/O=INFN/OU=Personal Certificate/L=Bari/CN=Cesare Calabria/CN=477126703
identity  : /C=IT/O=INFN/OU=Personal Certificate/L=Bari/CN=Cesare Calabria
type      : RFC3820 compliant limited proxy
strength  : 1024
path      : /home/cms015/home_cream_555205907/CREAM555205907/glide_IoxR1V/execute/dir_6830/x509up_u50707
timeleft  : 23:59:54
key usage : Digital Signature, Key Encipherment, Data Encipherment
=== VO cms extension information ===
VO        : cms
subject   : /C=IT/O=INFN/OU=Personal Certificate/L=Bari/CN=Cesare Calabria
issuer    : /DC=ch/DC=cern/OU=computers/CN=voms.cern.ch
attribute : /cms/Role=NULL/Capability=NULL
attribute : /cms/itcms/Role=NULL/Capability=NULL
timeleft  : 155:54:27
uri       : voms.cern.ch:15002

WNHostName=pccms109.ba.infn.it
>>> tar --no-same-permissions -xf /home/cms015/home_cream_555205907/CREAM555205907/glide_IoxR1V/execute/dir_6830/default.tgz :
Successful untar
>>> Include /home/cms015/home_cream_555205907/CREAM555205907/glide_IoxR1V/execute/dir_6830 in PYTHONPATH:
strip arguments
env var CRAB_UNIQUE_JOB_ID set to: calabria_MuMinus500_Case5_ReReco_a7j0g2_4_1_p0h
out_files_4
>>> list of expected files on output sandbox
output files: crab_fjr_4.xml CMSSW_4.stdout CMSSW_4.stderr Watchdog_4.log.gz
>>> GridFlavour discovery: 
GridFlavour=LCG
>>> SyncSite discovery: 
SyncSite=T2_IT_Bari
>>> SyncCE discovery: 
getting SyncCE from CE_ID
SyncCE=cream-ce-4.ba.infn.it:8443/cream-pbs-cms
>>> info for dashboard:
***** Cat /home/cms015/home_cream_555205907/CREAM555205907/glide_IoxR1V/execute/dir_6830/jobreport.txt *****
WNHostName=pccms109.ba.infn.it
MonitorJobID=4_https://vocms83.cern.ch//140616//86810.3
SyncGridJobId=https://vocms83.cern.ch//140616//86810.3
MonitorID=calabria_MuMinus500_Case5_ReReco_a7j0g2
GridFlavour=LCG
SyncSite=T2_IT_Bari
SyncCE=cream-ce-4.ba.infn.it:8443/cream-pbs-cms
***** End Cat jobreport *****
Parameters sent to Dashboard.
>>> setup environment
set SCRAM ARCH to slc5_amd64_gcc472
SCRAM_ARCH = slc5_amd64_gcc472
>>> setup CMS LCG environment:
set SCRAM ARCH and BUILD_ARCH to slc5_amd64_gcc472 ###
Sourcing environment... 
sourcing /cvmfs/cms.cern.ch/cmsset_default.sh
==> setup cms environment ok
>>> specific cmssw setup environment:
CMSSW_VERSION =  CMSSW_6_2_0_SLHC12
>>> current directory (SOFTWARE_DIR): /home/cms015/home_cream_555205907/CREAM555205907/glide_IoxR1V/execute/dir_6830/CMSSW_6_2_0_SLHC12
PreserveSeeds: <>
IncrementSeeds:<>
>>> info for dashboard:
***** Cat /home/cms015/home_cream_555205907/CREAM555205907/glide_IoxR1V/execute/dir_6830/jobreport.txt *****
MonitorJobID=4_https://vocms83.cern.ch//140616//86810.3
MonitorID=calabria_MuMinus500_Case5_ReReco_a7j0g2
***** End Cat jobreport *****
Parameters sent to Dashboard.
crabWatchdog started as process 7679
>>> moving CMSSW software directories in /home/cms015/home_cream_555205907/CREAM555205907/glide_IoxR1V/execute/dir_6830/CMSSW_6_2_0_SLHC12
mv: cannot stat `/home/cms015/home_cream_555205907/CREAM555205907/glide_IoxR1V/execute/dir_6830/module/': No such file or directory
>>> Include /home/cms015/home_cream_555205907/CREAM555205907/glide_IoxR1V/execute/dir_6830 in PYTHONPATH:
PYTHONPATH=/home/cms015/home_cream_555205907/CREAM555205907/glide_IoxR1V/execute/dir_6830/:/home/cms015/home_cream_555205907/CREAM555205907/glide_IoxR1V/execute/dir_6830/CMSSW_6_2_0_SLHC12/python:/home/cms015/home_cream_555205907/CREAM555205907/glide_IoxR1V/execute/dir_6830/CMSSW_6_2_0_SLHC12/lib/slc5_amd64_gcc472:/cvmfs/cms.cern.ch/slc5_amd64_gcc472/cms/cmssw/CMSSW_6_2_0_SLHC12/python:/cvmfs/cms.cern.ch/slc5_amd64_gcc472/cms/cmssw/CMSSW_6_2_0_SLHC12/lib/slc5_amd64_gcc472:/cvmfs/cms.cern.ch/slc5_amd64_gcc472/cms/coral/CORAL_2_3_21-cms36/slc5_amd64_gcc472/python:/cvmfs/cms.cern.ch/slc5_amd64_gcc472/cms/coral/CORAL_2_3_21-cms36/slc5_amd64_gcc472/lib:/cvmfs/cms.cern.ch/slc5_amd64_gcc472/external/pyqt/4.8.1-cms6/lib/python2.7/site-packages:/cvmfs/cms.cern.ch/slc5_amd64_gcc472/external/py2-scipy/0.8.0-cms8/lib/python2.7/site-packages:/cvmfs/cms.cern.ch/slc5_amd64_gcc472/external/py2-matplotlib/1.0.1-cms8/lib/python2.7/site-packages:/cvmfs/cms.cern.ch/slc5_amd64_gcc472/external/python-ldap/2.3.5-cms6/lib/python2.7/site-packages:/cvmfs/cms.cern.ch/slc5_amd64_gcc472/external/sip/4.11.2-cms6/lib/python2.7/site-packages:/cvmfs/cms.cern.ch/slc5_amd64_gcc472/external/py2-pycurl/7.19.0-cms8/lib/python2.7/site-packages:/cvmfs/cms.cern.ch/slc5_amd64_gcc472/external/py2-numpy/1.6.1-cms8/lib/python2.7/site-packages:/cvmfs/cms.cern.ch/slc5_amd64_gcc472/external/py2-lint/0.25.1-cms6/lib/python2.7/site-packages:/cvmfs/cms.cern.ch/slc5_amd64_gcc472/external/py2-ipython/0.10-cms6/lib/python2.7/site-packages:/cvmfs/cms.cern.ch/slc5_amd64_gcc472/external/py2-cx-oracle/5.1-cms7/lib/python2.7/site-packages:/cvmfs/cms.cern.ch/slc5_amd64_gcc472/external/py2-cjson/1.0.5-cms6/lib/python2.7/site-packages:/cvmfs/cms.cern.ch/slc5_amd64_gcc472/cms/das-client/1.11.7/bin:/cvmfs/cms.cern.ch/slc5_amd64_gcc472/external/elementtree/1.2.6-cms6/share/lib/python2.7/site-packages:/cvmfs/cms.cern.ch/slc5_amd64_gcc472/external/rivet/1.8.2-cms8/lib/python2.7/site-packages:/cvmfs/cms.cern.ch/slc5_amd64_gcc472/external/pyminuit2/0.0.1-cms19/lib/python2.7/site-packages:/cvmfs/cms.cern.ch/slc5_amd64_gcc472/external/py2-pygithub/1.23.0/lib/python2.7/site-packages:/cvmfs/cms.cern.ch/slc5_amd64_gcc472/external/professor/1.0.0-cms19/lib/python2.7/site-packages:/cvmfs/cms.cern.ch/slc5_amd64_gcc472/lcg/root/5.34.07-cms/lib:/cvmfs/cms.cern.ch/slc5_amd64_gcc472/cms/dbs-client/DBS_2_1_9-cms5/lib:/cvmfs/cms.cern.ch/slc5_amd64_gcc472/cms/dbs-client/DBS_2_1_9-cms5/lib/DBSAPI:/cvmfs/cms.cern.ch/slc5_amd64_gcc472/external/cvs2git/5419-cms/lib:/home/cms015/home_cream_555205907/CREAM555205907/glide_IoxR1V/execute/dir_6830/
 
# LIMITS USED BY CRAB WATCHDOG:
# RSS  (KBytes)   : 2300000
# VSZ  (KBytes)   : 100000000
# DISK (MBytes)   : 19000
# CPU TIME        : 720h:0m:0s
# WALL CLOCK TIME : 21h:50m:0s
 
5854dd31cbd3cdec44c48628cc181cf0
PSETHASH = 5854dd31cbd3cdec44c48628cc181cf0
/home/cms015/home_cream_555205907/CREAM555205907/glide_IoxR1V/execute/dir_6830/writeCfg.py pset.py pset.py
Importing .py file
Setting parameters
RandomNumberGeneratorService found, will attempt to change seeds
inputBlocks=/calabria_SingleMuPt500_GEN-SIM-DIGI-RECO_CMSSW_6_2_0_SLHC12_2023Scenario_Case5/calabria-calabria_SingleMuPt500_GEN-SIM-DIGI-RECO_CMSSW_6_2_0_SLHC12_2023Scenario_Case5-66d2d5e75e30402dce10e8955fc10c87/USER#f956fb8d-47d3-4379-9ce9-a4461d5c4ac5
inputFiles=/store/user/calabria/calabria_SingleMuPt500_GEN-SIM-DIGI-RECO_CMSSW_6_2_0_SLHC12_2023Scenario_Case5/calabria_SingleMuPt500_GEN-SIM-DIGI-RECO_CMSSW_6_2_0_SLHC12_2023Scenario_Case5/66d2d5e75e30402dce10e8955fc10c87/out_reco_97_2_PEj.root;/store/user/calabria/calabria_SingleMuPt500_GEN-SIM-DIGI-RECO_CMSSW_6_2_0_SLHC12_2023Scenario_Case5/calabria_SingleMuPt500_GEN-SIM-DIGI-RECO_CMSSW_6_2_0_SLHC12_2023Scenario_Case5/66d2d5e75e30402dce10e8955fc10c87/out_reco_98_2_ssD.root;/store/user/calabria/calabria_SingleMuPt500_GEN-SIM-DIGI-RECO_CMSSW_6_2_0_SLHC12_2023Scenario_Case5/calabria_SingleMuPt500_GEN-SIM-DIGI-RECO_CMSSW_6_2_0_SLHC12_2023Scenario_Case5/66d2d5e75e30402dce10e8955fc10c87/out_reco_99_2_5hr.root;/store/user/calabria/calabria_SingleMuPt500_GEN-SIM-DIGI-RECO_CMSSW_6_2_0_SLHC12_2023Scenario_Case5/calabria_SingleMuPt500_GEN-SIM-DIGI-RECO_CMSSW_6_2_0_SLHC12_2023Scenario_Case5/66d2d5e75e30402dce10e8955fc10c87/out_reco_101_2_R0O.root;/store/user/calabria/calabria_SingleMuPt500_GEN-SIM-DIGI-RECO_CMSSW_6_2_0_SLHC12_2023Scenario_Case5/calabria_SingleMuPt500_GEN-SIM-DIGI-RECO_CMSSW_6_2_0_SLHC12_2023Scenario_Case5/66d2d5e75e30402dce10e8955fc10c87/out_reco_102_2_Mg6.root;/store/user/calabria/calabria_SingleMuPt500_GEN-SIM-DIGI-RECO_CMSSW_6_2_0_SLHC12_2023Scenario_Case5/calabria_SingleMuPt500_GEN-SIM-DIGI-RECO_CMSSW_6_2_0_SLHC12_2023Scenario_Case5/66d2d5e75e30402dce10e8955fc10c87/out_reco_106_2_FJ0.root;/store/user/calabria/calabria_SingleMuPt500_GEN-SIM-DIGI-RECO_CMSSW_6_2_0_SLHC12_2023Scenario_Case5/calabria_SingleMuPt500_GEN-SIM-DIGI-RECO_CMSSW_6_2_0_SLHC12_2023Scenario_Case5/66d2d5e75e30402dce10e8955fc10c87/out_reco_107_2_Yjv.root;/store/user/calabria/calabria_SingleMuPt500_GEN-SIM-DIGI-RECO_CMSSW_6_2_0_SLHC12_2023Scenario_Case5/calabria_SingleMuPt500_GEN-SIM-DIGI-RECO_CMSSW_6_2_0_SLHC12_2023Scenario_Case5/66d2d5e75e30402dce10e8955fc10c87/out_reco_109_2_06O.root;/store/user/calabria/calabria_SingleMuPt500_GEN-SIM-DIGI-RECO_CMSSW_6_2_0_SLHC12_2023Scenario_Case5/calabria_SingleMuPt500_GEN-SIM-DIGI-RECO_CMSSW_6_2_0_SLHC12_2023Scenario_Case5/66d2d5e75e30402dce10e8955fc10c87/out_reco_110_2_1mX.root;/store/user/calabria/calabria_SingleMuPt500_GEN-SIM-DIGI-RECO_CMSSW_6_2_0_SLHC12_2023Scenario_Case5/calabria_SingleMuPt500_GEN-SIM-DIGI-RECO_CMSSW_6_2_0_SLHC12_2023Scenario_Case5/66d2d5e75e30402dce10e8955fc10c87/out_reco_114_2_XAj.root
parentFiles=
lumisRange=
>>> Executable cmsRun
/cvmfs/cms.cern.ch/slc5_amd64_gcc472/cms/cmssw/CMSSW_6_2_0_SLHC12/bin/slc5_amd64_gcc472/cmsRun
ok executable found
>>> info for dashboard:
***** Cat /home/cms015/home_cream_555205907/CREAM555205907/glide_IoxR1V/execute/dir_6830/jobreport.txt *****
MonitorJobID=4_https://vocms83.cern.ch//140616//86810.3
MonitorID=calabria_MuMinus500_Case5_ReReco_a7j0g2
ExeStart=cmsRun
***** End Cat jobreport *****
Parameters sent to Dashboard.
>>> cmsRun started at Tue Jun 17 21:30:20 UTC 2014
>>> cmsRun ended at Tue Jun 17 21:36:00 UTC 2014
>>> crab_fjr_*.xml  permission set to 0704
>>> info for dashboard:
***** Cat /home/cms015/home_cream_555205907/CREAM555205907/glide_IoxR1V/execute/dir_6830/jobreport.txt *****
MonitorJobID=4_https://vocms83.cern.ch//140616//86810.3
MonitorID=calabria_MuMinus500_Case5_ReReco_a7j0g2
ExeEnd=cmsRun
***** End Cat jobreport *****
Parameters sent to Dashboard.
TIME_EXE = 340 sec
>>> cmsRun wrote 50 lines of stdout+stderr
>>> START OF printout of 50 lines from stdout+stderr
271 DQMStore::DQMStore 
HcalTopologyIdealEP::HcalTopologyIdealEP
17-Jun-2014 23:30:45 CEST  Initiating request to open file file:/lustre/cms//store/user/calabria/calabria_SingleMuPt500_GEN-SIM-DIGI-RECO_CMSSW_6_2_0_SLHC12_2023Scenario_Case5/calabria_SingleMuPt500_GEN-SIM-DIGI-RECO_CMSSW_6_2_0_SLHC12_2023Scenario_Case5/66d2d5e75e30402dce10e8955fc10c87/out_reco_97_2_PEj.root
17-Jun-2014 23:30:48 CEST  Successfully opened file file:/lustre/cms//store/user/calabria/calabria_SingleMuPt500_GEN-SIM-DIGI-RECO_CMSSW_6_2_0_SLHC12_2023Scenario_Case5/calabria_SingleMuPt500_GEN-SIM-DIGI-RECO_CMSSW_6_2_0_SLHC12_2023Scenario_Case5/66d2d5e75e30402dce10e8955fc10c87/out_reco_97_2_PEj.root
17-Jun-2014 23:31:17 CEST  Closed file file:/lustre/cms//store/user/calabria/calabria_SingleMuPt500_GEN-SIM-DIGI-RECO_CMSSW_6_2_0_SLHC12_2023Scenario_Case5/calabria_SingleMuPt500_GEN-SIM-DIGI-RECO_CMSSW_6_2_0_SLHC12_2023Scenario_Case5/66d2d5e75e30402dce10e8955fc10c87/out_reco_97_2_PEj.root
17-Jun-2014 23:31:17 CEST  Initiating request to open file file:/lustre/cms//store/user/calabria/calabria_SingleMuPt500_GEN-SIM-DIGI-RECO_CMSSW_6_2_0_SLHC12_2023Scenario_Case5/calabria_SingleMuPt500_GEN-SIM-DIGI-RECO_CMSSW_6_2_0_SLHC12_2023Scenario_Case5/66d2d5e75e30402dce10e8955fc10c87/out_reco_98_2_ssD.root
17-Jun-2014 23:31:17 CEST  Successfully opened file file:/lustre/cms//store/user/calabria/calabria_SingleMuPt500_GEN-SIM-DIGI-RECO_CMSSW_6_2_0_SLHC12_2023Scenario_Case5/calabria_SingleMuPt500_GEN-SIM-DIGI-RECO_CMSSW_6_2_0_SLHC12_2023Scenario_Case5/66d2d5e75e30402dce10e8955fc10c87/out_reco_98_2_ssD.root
17-Jun-2014 23:31:44 CEST  Closed file file:/lustre/cms//store/user/calabria/calabria_SingleMuPt500_GEN-SIM-DIGI-RECO_CMSSW_6_2_0_SLHC12_2023Scenario_Case5/calabria_SingleMuPt500_GEN-SIM-DIGI-RECO_CMSSW_6_2_0_SLHC12_2023Scenario_Case5/66d2d5e75e30402dce10e8955fc10c87/out_reco_98_2_ssD.root
17-Jun-2014 23:31:44 CEST  Initiating request to open file file:/lustre/cms//store/user/calabria/calabria_SingleMuPt500_GEN-SIM-DIGI-RECO_CMSSW_6_2_0_SLHC12_2023Scenario_Case5/calabria_SingleMuPt500_GEN-SIM-DIGI-RECO_CMSSW_6_2_0_SLHC12_2023Scenario_Case5/66d2d5e75e30402dce10e8955fc10c87/out_reco_99_2_5hr.root
17-Jun-2014 23:31:44 CEST  Successfully opened file file:/lustre/cms//store/user/calabria/calabria_SingleMuPt500_GEN-SIM-DIGI-RECO_CMSSW_6_2_0_SLHC12_2023Scenario_Case5/calabria_SingleMuPt500_GEN-SIM-DIGI-RECO_CMSSW_6_2_0_SLHC12_2023Scenario_Case5/66d2d5e75e30402dce10e8955fc10c87/out_reco_99_2_5hr.root
17-Jun-2014 23:32:12 CEST  Closed file file:/lustre/cms//store/user/calabria/calabria_SingleMuPt500_GEN-SIM-DIGI-RECO_CMSSW_6_2_0_SLHC12_2023Scenario_Case5/calabria_SingleMuPt500_GEN-SIM-DIGI-RECO_CMSSW_6_2_0_SLHC12_2023Scenario_Case5/66d2d5e75e30402dce10e8955fc10c87/out_reco_99_2_5hr.root
17-Jun-2014 23:32:12 CEST  Initiating request to open file file:/lustre/cms//store/user/calabria/calabria_SingleMuPt500_GEN-SIM-DIGI-RECO_CMSSW_6_2_0_SLHC12_2023Scenario_Case5/calabria_SingleMuPt500_GEN-SIM-DIGI-RECO_CMSSW_6_2_0_SLHC12_2023Scenario_Case5/66d2d5e75e30402dce10e8955fc10c87/out_reco_101_2_R0O.root
17-Jun-2014 23:32:12 CEST  Successfully opened file file:/lustre/cms//store/user/calabria/calabria_SingleMuPt500_GEN-SIM-DIGI-RECO_CMSSW_6_2_0_SLHC12_2023Scenario_Case5/calabria_SingleMuPt500_GEN-SIM-DIGI-RECO_CMSSW_6_2_0_SLHC12_2023Scenario_Case5/66d2d5e75e30402dce10e8955fc10c87/out_reco_101_2_R0O.root
17-Jun-2014 23:32:37 CEST  Closed file file:/lustre/cms//store/user/calabria/calabria_SingleMuPt500_GEN-SIM-DIGI-RECO_CMSSW_6_2_0_SLHC12_2023Scenario_Case5/calabria_SingleMuPt500_GEN-SIM-DIGI-RECO_CMSSW_6_2_0_SLHC12_2023Scenario_Case5/66d2d5e75e30402dce10e8955fc10c87/out_reco_101_2_R0O.root
17-Jun-2014 23:32:37 CEST  Initiating request to open file file:/lustre/cms//store/user/calabria/calabria_SingleMuPt500_GEN-SIM-DIGI-RECO_CMSSW_6_2_0_SLHC12_2023Scenario_Case5/calabria_SingleMuPt500_GEN-SIM-DIGI-RECO_CMSSW_6_2_0_SLHC12_2023Scenario_Case5/66d2d5e75e30402dce10e8955fc10c87/out_reco_102_2_Mg6.root
17-Jun-2014 23:32:38 CEST  Successfully opened file file:/lustre/cms//store/user/calabria/calabria_SingleMuPt500_GEN-SIM-DIGI-RECO_CMSSW_6_2_0_SLHC12_2023Scenario_Case5/calabria_SingleMuPt500_GEN-SIM-DIGI-RECO_CMSSW_6_2_0_SLHC12_2023Scenario_Case5/66d2d5e75e30402dce10e8955fc10c87/out_reco_102_2_Mg6.root
17-Jun-2014 23:33:17 CEST  Closed file file:/lustre/cms//store/user/calabria/calabria_SingleMuPt500_GEN-SIM-DIGI-RECO_CMSSW_6_2_0_SLHC12_2023Scenario_Case5/calabria_SingleMuPt500_GEN-SIM-DIGI-RECO_CMSSW_6_2_0_SLHC12_2023Scenario_Case5/66d2d5e75e30402dce10e8955fc10c87/out_reco_102_2_Mg6.root
17-Jun-2014 23:33:17 CEST  Initiating request to open file file:/lustre/cms//store/user/calabria/calabria_SingleMuPt500_GEN-SIM-DIGI-RECO_CMSSW_6_2_0_SLHC12_2023Scenario_Case5/calabria_SingleMuPt500_GEN-SIM-DIGI-RECO_CMSSW_6_2_0_SLHC12_2023Scenario_Case5/66d2d5e75e30402dce10e8955fc10c87/out_reco_106_2_FJ0.root
17-Jun-2014 23:33:17 CEST  Successfully opened file file:/lustre/cms//store/user/calabria/calabria_SingleMuPt500_GEN-SIM-DIGI-RECO_CMSSW_6_2_0_SLHC12_2023Scenario_Case5/calabria_SingleMuPt500_GEN-SIM-DIGI-RECO_CMSSW_6_2_0_SLHC12_2023Scenario_Case5/66d2d5e75e30402dce10e8955fc10c87/out_reco_106_2_FJ0.root
17-Jun-2014 23:33:42 CEST  Closed file file:/lustre/cms//store/user/calabria/calabria_SingleMuPt500_GEN-SIM-DIGI-RECO_CMSSW_6_2_0_SLHC12_2023Scenario_Case5/calabria_SingleMuPt500_GEN-SIM-DIGI-RECO_CMSSW_6_2_0_SLHC12_2023Scenario_Case5/66d2d5e75e30402dce10e8955fc10c87/out_reco_106_2_FJ0.root
17-Jun-2014 23:33:42 CEST  Initiating request to open file file:/lustre/cms//store/user/calabria/calabria_SingleMuPt500_GEN-SIM-DIGI-RECO_CMSSW_6_2_0_SLHC12_2023Scenario_Case5/calabria_SingleMuPt500_GEN-SIM-DIGI-RECO_CMSSW_6_2_0_SLHC12_2023Scenario_Case5/66d2d5e75e30402dce10e8955fc10c87/out_reco_107_2_Yjv.root
17-Jun-2014 23:33:43 CEST  Successfully opened file file:/lustre/cms//store/user/calabria/calabria_SingleMuPt500_GEN-SIM-DIGI-RECO_CMSSW_6_2_0_SLHC12_2023Scenario_Case5/calabria_SingleMuPt500_GEN-SIM-DIGI-RECO_CMSSW_6_2_0_SLHC12_2023Scenario_Case5/66d2d5e75e30402dce10e8955fc10c87/out_reco_107_2_Yjv.root
17-Jun-2014 23:34:24 CEST  Closed file file:/lustre/cms//store/user/calabria/calabria_SingleMuPt500_GEN-SIM-DIGI-RECO_CMSSW_6_2_0_SLHC12_2023Scenario_Case5/calabria_SingleMuPt500_GEN-SIM-DIGI-RECO_CMSSW_6_2_0_SLHC12_2023Scenario_Case5/66d2d5e75e30402dce10e8955fc10c87/out_reco_107_2_Yjv.root
17-Jun-2014 23:34:24 CEST  Initiating request to open file file:/lustre/cms//store/user/calabria/calabria_SingleMuPt500_GEN-SIM-DIGI-RECO_CMSSW_6_2_0_SLHC12_2023Scenario_Case5/calabria_SingleMuPt500_GEN-SIM-DIGI-RECO_CMSSW_6_2_0_SLHC12_2023Scenario_Case5/66d2d5e75e30402dce10e8955fc10c87/out_reco_109_2_06O.root
17-Jun-2014 23:34:25 CEST  Successfully opened file file:/lustre/cms//store/user/calabria/calabria_SingleMuPt500_GEN-SIM-DIGI-RECO_CMSSW_6_2_0_SLHC12_2023Scenario_Case5/calabria_SingleMuPt500_GEN-SIM-DIGI-RECO_CMSSW_6_2_0_SLHC12_2023Scenario_Case5/66d2d5e75e30402dce10e8955fc10c87/out_reco_109_2_06O.root
17-Jun-2014 23:34:47 CEST  Closed file file:/lustre/cms//store/user/calabria/calabria_SingleMuPt500_GEN-SIM-DIGI-RECO_CMSSW_6_2_0_SLHC12_2023Scenario_Case5/calabria_SingleMuPt500_GEN-SIM-DIGI-RECO_CMSSW_6_2_0_SLHC12_2023Scenario_Case5/66d2d5e75e30402dce10e8955fc10c87/out_reco_109_2_06O.root
17-Jun-2014 23:34:47 CEST  Initiating request to open file file:/lustre/cms//store/user/calabria/calabria_SingleMuPt500_GEN-SIM-DIGI-RECO_CMSSW_6_2_0_SLHC12_2023Scenario_Case5/calabria_SingleMuPt500_GEN-SIM-DIGI-RECO_CMSSW_6_2_0_SLHC12_2023Scenario_Case5/66d2d5e75e30402dce10e8955fc10c87/out_reco_110_2_1mX.root
17-Jun-2014 23:34:48 CEST  Successfully opened file file:/lustre/cms//store/user/calabria/calabria_SingleMuPt500_GEN-SIM-DIGI-RECO_CMSSW_6_2_0_SLHC12_2023Scenario_Case5/calabria_SingleMuPt500_GEN-SIM-DIGI-RECO_CMSSW_6_2_0_SLHC12_2023Scenario_Case5/66d2d5e75e30402dce10e8955fc10c87/out_reco_110_2_1mX.root
17-Jun-2014 23:35:12 CEST  Closed file file:/lustre/cms//store/user/calabria/calabria_SingleMuPt500_GEN-SIM-DIGI-RECO_CMSSW_6_2_0_SLHC12_2023Scenario_Case5/calabria_SingleMuPt500_GEN-SIM-DIGI-RECO_CMSSW_6_2_0_SLHC12_2023Scenario_Case5/66d2d5e75e30402dce10e8955fc10c87/out_reco_110_2_1mX.root
17-Jun-2014 23:35:12 CEST  Initiating request to open file file:/lustre/cms//store/user/calabria/calabria_SingleMuPt500_GEN-SIM-DIGI-RECO_CMSSW_6_2_0_SLHC12_2023Scenario_Case5/calabria_SingleMuPt500_GEN-SIM-DIGI-RECO_CMSSW_6_2_0_SLHC12_2023Scenario_Case5/66d2d5e75e30402dce10e8955fc10c87/out_reco_114_2_XAj.root
17-Jun-2014 23:35:13 CEST  Successfully opened file file:/lustre/cms//store/user/calabria/calabria_SingleMuPt500_GEN-SIM-DIGI-RECO_CMSSW_6_2_0_SLHC12_2023Scenario_Case5/calabria_SingleMuPt500_GEN-SIM-DIGI-RECO_CMSSW_6_2_0_SLHC12_2023Scenario_Case5/66d2d5e75e30402dce10e8955fc10c87/out_reco_114_2_XAj.root
17-Jun-2014 23:35:59 CEST  Closed file file:/lustre/cms//store/user/calabria/calabria_SingleMuPt500_GEN-SIM-DIGI-RECO_CMSSW_6_2_0_SLHC12_2023Scenario_Case5/calabria_SingleMuPt500_GEN-SIM-DIGI-RECO_CMSSW_6_2_0_SLHC12_2023Scenario_Case5/66d2d5e75e30402dce10e8955fc10c87/out_reco_114_2_XAj.root

=============================================

MessageLogger Summary

 type     category        sev    module        subroutine        count    total
 ---- -------------------- -- ---------------- ----------------  -----    -----
    1 fileAction           -s file_close                            10       10
    2 fileAction           -s file_open                             20       20

 type    category    Examples: run/evt        run/evt          run/evt
 ---- -------------------- ---------------- ---------------- ----------------
    1 fileAction           PostProcessEvent PostProcessEvent PostEndRun
    2 fileAction           pre-events       pre-events       PostProcessEvent

Severity    # Occurrences   Total Occurrences
--------    -------------   -----------------
System                 30                  30
>>> END OF printout of 50 lines from stdout+stderr
>>> Parse FrameworkJobReport crab_fjr.xml
Result of parsing the FrameworkJobReport crab_fjr.xml: Popularity start
lumisRange : 1::::1;1::::2;1::::3;1::::4;1::::5;1::::6;1::::7;1::::8;1::::9;1::::10;
lumisParentRange : 
Basename : /store/user/calabria/calabria_SingleMuPt500_GEN-SIM-DIGI-RECO_CMSSW_6_2_0_SLHC12_2023Scenario_Case5/calabria_SingleMuPt500_GEN-SIM-DIGI-RECO_CMSSW_6_2_0_SLHC12_2023Scenario_Case5/66d2d5e75e30402dce10e8955fc10c87/out_reco_
BasenameParent : 
parentFiles : 
inputBlocks : /calabria_SingleMuPt500_GEN-SIM-DIGI-RECO_CMSSW_6_2_0_SLHC12_2023Scenario_Case5/calabria-calabria_SingleMuPt500_GEN-SIM-DIGI-RECO_CMSSW_6_2_0_SLHC12_2023Scenario_Case5-66d2d5e75e30402dce10e8955fc10c87/USER#f956fb8d-47d3-4379-9ce9-a4461d5c4ac5
inputFiles : 99_2_5hr.root::1::EDM::Local::1;107_2_Yjv.root::1::EDM::Local::2;98_2_ssD.root::1::EDM::Local::3;109_2_06O.root::1::EDM::Local::4;106_2_FJ0.root::1::EDM::Local::5;102_2_Mg6.root::1::EDM::Local::6;114_2_XAj.root::1::EDM::Local::7;101_2_R0O.root::1::EDM::Local::8;97_2_PEj.root::1::EDM::Local::9;110_2_1mX.root::1::EDM::Local::10;
Popularity stop
Extracted ExitStatus from FrameworkJobReport parsing output: 0
>>> Executable succeded  0
ExeExitCode=0
EXECUTABLE_EXIT_STATUS = 0
>>> current directory /home/cms015/home_cream_555205907/CREAM555205907/glide_IoxR1V/execute/dir_6830/CMSSW_6_2_0_SLHC12
>>>  (SOFTWARE_DIR): /home/cms015/home_cream_555205907/CREAM555205907/glide_IoxR1V/execute/dir_6830/CMSSW_6_2_0_SLHC12
>>> (WORKING_DIR): 
>>> current directory content:
total 10564
drwxr-xr-x 3 cms015 cms    4096 Jun 17 23:29 .SCRAM
-rw------- 1 cms015 cms 3740367 Jun 17 23:29 CMSSW.py.pkl
drwxr-xr-x 3 cms015 cms    4096 Jun 17 23:29 bin
drwxr-xr-x 3 cms015 cms    4096 Jun 17 23:29 cfipython
drwxr-xr-x 4 cms015 cms    4096 Jun 17 23:29 config
-rw------- 1 cms015 cms      17 Jun 17 23:36 cpu_timing.txt
drwxr-xr-x 2 cms015 cms    4096 Jun 17 23:29 doc
-rw------- 1 cms015 cms    9976 Jun 17 23:36 executable.out
drwxr-xr-x 2 cms015 cms    4096 Jun 17 23:29 include
drwx------ 3 cms015 cms    4096 Apr 28 18:12 lib
drwxr-xr-x 3 cms015 cms    4096 Jun 17 23:29 logs
drwxr-xr-x 3 cms015 cms    4096 Jun 17 23:29 objs
-rw------- 1 cms015 cms     104 Jun 17 23:30 pset.py
-rw------- 1 cms015 cms 3712328 Jun 17 23:30 pset.py.pkl
-rw------- 1 cms015 cms     289 Jun 17 23:30 pset.pyc
drwxr-xr-x 2 cms015 cms    4096 Jun 17 23:29 python
-rw------- 1 cms015 cms     389 Jun 17 23:36 report.log
drwx------ 6 cms015 cms    4096 Jun 17 23:29 src
drwxr-xr-x 3 cms015 cms    4096 Jun 17 23:29 test
drwxr-xr-x 3 cms015 cms    4096 Jun 17 23:29 tmp
-rw------- 1 cms015 cms 3260698 Jun 17 23:36 validationEDM.root
>>> current directory /home/cms015/home_cream_555205907/CREAM555205907/glide_IoxR1V/execute/dir_6830/CMSSW_6_2_0_SLHC12
>>> (SOFTWARE_DIR): /home/cms015/home_cream_555205907/CREAM555205907/glide_IoxR1V/execute/dir_6830/CMSSW_6_2_0_SLHC12
>>> (WORKING_DIR): 
>>> current directory content:
total 10564
drwxr-xr-x 3 cms015 cms    4096 Jun 17 23:29 .SCRAM
-rw------- 1 cms015 cms 3740367 Jun 17 23:29 CMSSW.py.pkl
drwxr-xr-x 3 cms015 cms    4096 Jun 17 23:29 bin
drwxr-xr-x 3 cms015 cms    4096 Jun 17 23:29 cfipython
drwxr-xr-x 4 cms015 cms    4096 Jun 17 23:29 config
-rw------- 1 cms015 cms      17 Jun 17 23:36 cpu_timing.txt
drwxr-xr-x 2 cms015 cms    4096 Jun 17 23:29 doc
-rw------- 1 cms015 cms    9976 Jun 17 23:36 executable.out
drwxr-xr-x 2 cms015 cms    4096 Jun 17 23:29 include
drwx------ 3 cms015 cms    4096 Apr 28 18:12 lib
drwxr-xr-x 3 cms015 cms    4096 Jun 17 23:29 logs
drwxr-xr-x 3 cms015 cms    4096 Jun 17 23:29 objs
-rw------- 1 cms015 cms     104 Jun 17 23:30 pset.py
-rw------- 1 cms015 cms 3712328 Jun 17 23:30 pset.py.pkl
-rw------- 1 cms015 cms     289 Jun 17 23:30 pset.pyc
drwxr-xr-x 2 cms015 cms    4096 Jun 17 23:29 python
-rw------- 1 cms015 cms     389 Jun 17 23:36 report.log
drwx------ 6 cms015 cms    4096 Jun 17 23:29 src
drwxr-xr-x 3 cms015 cms    4096 Jun 17 23:29 test
drwxr-xr-x 3 cms015 cms    4096 Jun 17 23:29 tmp
-rw------- 1 cms015 cms 3260698 Jun 17 23:36 validationEDM_4_1_p0h.root
>>> current directory (RUNTIME_AREA):  /home/cms015/home_cream_555205907/CREAM555205907/glide_IoxR1V/execute/dir_6830
SE = storm-se-01.ba.infn.it
SE_PATH = /srm/managerv2?SFN=//cms/store/user/calabria/calabria_SingleMuPt500_GEN-SIM-DIGI-RECO_CMSSW_6_2_0_SLHC12_2023Scenario_Case5/calabria_MuMinus500_GEN-SIM-DIGI-RECO_CMSSW_6_2_0_SLHC12_2023Scenario_VALNOPU2_Case5/5854dd31cbd3cdec44c48628cc181cf0/
LFNBaseName = /store/user/calabria/calabria_SingleMuPt500_GEN-SIM-DIGI-RECO_CMSSW_6_2_0_SLHC12_2023Scenario_Case5/calabria_MuMinus500_GEN-SIM-DIGI-RECO_CMSSW_6_2_0_SLHC12_2023Scenario_VALNOPU2_Case5/5854dd31cbd3cdec44c48628cc181cf0/
USER = calabria
endpoint = srm://storm-se-01.ba.infn.it:8444/srm/managerv2?SFN=//cms/store/user/calabria/calabria_SingleMuPt500_GEN-SIM-DIGI-RECO_CMSSW_6_2_0_SLHC12_2023Scenario_Case5/calabria_MuMinus500_GEN-SIM-DIGI-RECO_CMSSW_6_2_0_SLHC12_2023Scenario_VALNOPU2_Case5/5854dd31cbd3cdec44c48628cc181cf0/
>>> Copy output files from WN = pccms109.ba.infn.it to /srm/managerv2?SFN=//cms/store/user/calabria/calabria_SingleMuPt500_GEN-SIM-DIGI-RECO_CMSSW_6_2_0_SLHC12_2023Scenario_Case5/calabria_MuMinus500_GEN-SIM-DIGI-RECO_CMSSW_6_2_0_SLHC12_2023Scenario_VALNOPU2_Case5/5854dd31cbd3cdec44c48628cc181cf0/ :
python cmscp.py  --destination srm://storm-se-01.ba.infn.it:8444/srm/managerv2?SFN=//cms/store/user/calabria/calabria_SingleMuPt500_GEN-SIM-DIGI-RECO_CMSSW_6_2_0_SLHC12_2023Scenario_Case5/calabria_MuMinus500_GEN-SIM-DIGI-RECO_CMSSW_6_2_0_SLHC12_2023Scenario_VALNOPU2_Case5/5854dd31cbd3cdec44c48628cc181cf0/ --inputFileList /home/cms015/home_cream_555205907/CREAM555205907/glide_IoxR1V/execute/dir_6830/CMSSW_6_2_0_SLHC12/validationEDM_4_1_p0h.root --middleware LCG --se_name storm-se-01.ba.infn.it --for_lfn /store/user/calabria/calabria_SingleMuPt500_GEN-SIM-DIGI-RECO_CMSSW_6_2_0_SLHC12_2023Scenario_Case5/calabria_MuMinus500_GEN-SIM-DIGI-RECO_CMSSW_6_2_0_SLHC12_2023Scenario_VALNOPU2_Case5/5854dd31cbd3cdec44c48628cc181cf0/    
******************************************************
localSeName  =  storm-se-01.ba.infn.it
remoteSeName =  storm-se-01.ba.infn.it
******************************************************
{"/home/cms015/home_cream_555205907/CREAM555205907/glide_IoxR1V/execute/dir_6830/CMSSW_6_2_0_SLHC12/validationEDM_4_1_p0h.root": {"endpoint": "srm://storm-se-01.ba.infn.it:8444/srm/managerv2?SFN=//cms/store/user/calabria/calabria_SingleMuPt500_GEN-SIM-DIGI-RECO_CMSSW_6_2_0_SLHC12_2023Scenario_Case5/calabria_MuMinus500_GEN-SIM-DIGI-RECO_CMSSW_6_2_0_SLHC12_2023Scenario_VALNOPU2_Case5/5854dd31cbd3cdec44c48628cc181cf0/", "surl_for_grid": "", "reason": "Copy succedeed with srm-lcg utils", "erCode": "0", "se_name": "storm-se-01.ba.infn.it", "for_lfn": "/store/user/calabria/calabria_SingleMuPt500_GEN-SIM-DIGI-RECO_CMSSW_6_2_0_SLHC12_2023Scenario_Case5/calabria_MuMinus500_GEN-SIM-DIGI-RECO_CMSSW_6_2_0_SLHC12_2023Scenario_VALNOPU2_Case5/5854dd31cbd3cdec44c48628cc181cf0/"}}/home/cms015/home_cream_555205907/CREAM555205907/glide_IoxR1V/execute/dir_6830
-------- cat /home/cms015/home_cream_555205907/CREAM555205907/glide_IoxR1V/execute/dir_6830/cmscpReport.sh 
#!/bin/bash
echo "Report for File: /home/cms015/home_cream_555205907/CREAM555205907/glide_IoxR1V/execute/dir_6830/CMSSW_6_2_0_SLHC12/validationEDM_4_1_p0h.root"
echo "LFN: /store/user/calabria/calabria_SingleMuPt500_GEN-SIM-DIGI-RECO_CMSSW_6_2_0_SLHC12_2023Scenario_Case5/calabria_MuMinus500_GEN-SIM-DIGI-RECO_CMSSW_6_2_0_SLHC12_2023Scenario_VALNOPU2_Case5/5854dd31cbd3cdec44c48628cc181cf0/validationEDM_4_1_p0h.root"
echo "StorageElement: storm-se-01.ba.infn.it"
echo "StageOutExitStatusReason = 'Copy succedeed with srm-lcg utils'" | tee -a $RUNTIME_AREA/$repo
echo "StageOutSE = storm-se-01.ba.infn.it" >> $RUNTIME_AREA/$repo

export StageOutExitStatus=0
echo "StageOutExitStatus = 0" | tee -a $RUNTIME_AREA/$repo
-------- end of /home/cms015/home_cream_555205907/CREAM555205907/glide_IoxR1V/execute/dir_6830/cmscpReport.sh 
Report for File: /home/cms015/home_cream_555205907/CREAM555205907/glide_IoxR1V/execute/dir_6830/CMSSW_6_2_0_SLHC12/validationEDM_4_1_p0h.root
LFN: /store/user/calabria/calabria_SingleMuPt500_GEN-SIM-DIGI-RECO_CMSSW_6_2_0_SLHC12_2023Scenario_Case5/calabria_MuMinus500_GEN-SIM-DIGI-RECO_CMSSW_6_2_0_SLHC12_2023Scenario_VALNOPU2_Case5/5854dd31cbd3cdec44c48628cc181cf0/validationEDM_4_1_p0h.root
StorageElement: storm-se-01.ba.infn.it
StageOutExitStatusReason = 'Copy succedeed with srm-lcg utils'
StageOutExitStatus = 0
>>> current dir: /home/cms015/home_cream_555205907/CREAM555205907/glide_IoxR1V/execute/dir_6830
>>> current dir content:
total 28080
-rw-------  1 cms015 cms     2779 Jun 17 23:36 .SEinteraction.log
-rwx------  1 cms015 cms     6725 Jun 17 23:29 .job.ad
-rwx------  1 cms015 cms     9441 Jun 17 23:29 .machine.ad
-rw-------  1 cms015 cms      105 Jun 16 20:38 CMSSW.py
-rw-------  1 cms015 cms  3740367 Jun 16 20:38 CMSSW.py.pkl
-rwx------  1 cms015 cms    29569 Jun 17 23:29 CMSSW.sh
drwxr-xr-x 15 cms015 cms     4096 Jun 17 23:36 CMSSW_6_2_0_SLHC12
-rw-------  1 cms015 cms      219 Jun 17 23:29 CacheEnv.sh
-rw-------  1 cms015 cms     7291 Apr  4 11:04 DashboardAPI.py
-rw-------  1 cms015 cms     6800 Jun 17 23:29 DashboardAPI.pyc
drwx------  2 cms015 cms     4096 Jun 17 23:36 IMProv
-rw-------  1 cms015 cms     2748 Apr  4 11:04 Logger.py
-rw-------  1 cms015 cms     3342 Jun 17 23:29 Logger.pyc
-rw-------  1 cms015 cms    24524 Apr  4 11:04 ProcInfo.py
-rw-------  1 cms015 cms    23173 Jun 17 23:29 ProcInfo.pyc
drwx------  7 cms015 cms     4096 Jun 17 23:30 ProdCommon
drwx------  3 cms015 cms     4096 Jun 17 23:29 WMCore
-rw-------  1 cms015 cms     1974 Jun 17 23:36 Watchdog_4.log
-rwx------  1 cms015 cms        0 Jun 17 23:29 _condor_stderr
-rwx---r--  1 cms015 cms    29436 Jun 17 23:36 _condor_stdout
-rw-------  1 cms015 cms    32895 Apr  4 11:04 apmon.py
-rw-------  1 cms015 cms    28596 Jun 17 23:29 apmon.pyc
-rwx------  1 cms015 cms    53903 Jun 17 23:29 arguments.xml
-rwx------  1 cms015 cms    38515 Apr  4 11:04 cmscp.py
-rw-------  1 cms015 cms      717 Jun 17 23:36 cmscpReport.sh
-rwx------  1 cms015 cms    29569 Jun 17 23:29 condor_exec.exe
-rw-------  1 cms015 cms      963 Jun 16 20:38 crab.cfg
-rwx------  1 cms015 cms     8610 Apr  4 11:04 crabWatchdog.sh
-rwx---r--  1 cms015 cms   523336 Jun 17 23:36 crab_fjr_4.xml
-rwx------  1 cms015 cms 23960264 Jun 17 23:29 default.tgz
-rwx------  1 cms015 cms     4488 Apr  4 11:04 fillCrabFjr.py
-rw-------  1 cms015 cms     2648 Jun 17 23:30 inputsReport.txt
-rw-------  1 cms015 cms      254 Jun 17 23:36 jobreport.txt
-rw-------  1 cms015 cms    17352 Apr  4 11:04 parseCrabFjr.py
-rw-------  1 cms015 cms      315 Jun 17 23:29 report.log
-rwx--x--x  1 cms015 cms     1497 Apr  4 11:04 report.py
-rw-------  1 cms015 cms      774 Jun 17 23:36 resultCopyFile
lrwxrwxrwx  1 cms015 cms      124 Jun 17 23:36 validationEDM.root -> /home/cms015/home_cream_555205907/CREAM555205907/glide_IoxR1V/execute/dir_6830/CMSSW_6_2_0_SLHC12/validationEDM_4_1_p0h.root
-rwx------  1 cms015 cms     8387 Apr  4 11:04 writeCfg.py
-rw-------  1 cms015 cms     8014 Jun 17 23:29 x509up_u50707
>>> Modify Job Report:
CMSSW_VERSION = CMSSW_6_2_0_SLHC12
ProcessedDataset = calabria_MuMinus500_GEN-SIM-DIGI-RECO_CMSSW_6_2_0_SLHC12_2023Scenario_VALNOPU2_Case5
/home/cms015/home_cream_555205907/CREAM555205907/glide_IoxR1V/execute/dir_6830/ProdCommon/FwkJobRep/ModifyJobReport.py fjr /home/cms015/home_cream_555205907/CREAM555205907/glide_IoxR1V/execute/dir_6830/crab_fjr_4.xml json /home/cms015/home_cream_555205907/CREAM555205907/glide_IoxR1V/execute/dir_6830/resultCopyFile n_job 4_1_p0h PrimaryDataset calabria_SingleMuPt500_GEN-SIM-DIGI-RECO_CMSSW_6_2_0_SLHC12_2023Scenario_Case5  ApplicationFamily cmsRun ApplicationName cmsRun cmssw_version CMSSW_6_2_0_SLHC12 psethash 5854dd31cbd3cdec44c48628cc181cf0 UserProcessedDataset calabria-calabria_MuMinus500_GEN-SIM-DIGI-RECO_CMSSW_6_2_0_SLHC12_2023Scenario_VALNOPU2_Case5-5854dd31cbd3cdec44c48628cc181cf0
inputDict =  {u'/home/cms015/home_cream_555205907/CREAM555205907/glide_IoxR1V/execute/dir_6830/CMSSW_6_2_0_SLHC12/validationEDM_4_1_p0h.root': {u'endpoint': u'srm://storm-se-01.ba.infn.it:8444/srm/managerv2?SFN=//cms/store/user/calabria/calabria_SingleMuPt500_GEN-SIM-DIGI-RECO_CMSSW_6_2_0_SLHC12_2023Scenario_Case5/calabria_MuMinus500_GEN-SIM-DIGI-RECO_CMSSW_6_2_0_SLHC12_2023Scenario_VALNOPU2_Case5/5854dd31cbd3cdec44c48628cc181cf0/', u'surl_for_grid': u'', u'reason': u'Copy succedeed with srm-lcg utils', u'erCode': u'0', u'se_name': u'storm-se-01.ba.infn.it', u'for_lfn': u'/store/user/calabria/calabria_SingleMuPt500_GEN-SIM-DIGI-RECO_CMSSW_6_2_0_SLHC12_2023Scenario_Case5/calabria_MuMinus500_GEN-SIM-DIGI-RECO_CMSSW_6_2_0_SLHC12_2023Scenario_VALNOPU2_Case5/5854dd31cbd3cdec44c48628cc181cf0/'}}
UserProcessedDataset =  calabria-calabria_MuMinus500_GEN-SIM-DIGI-RECO_CMSSW_6_2_0_SLHC12_2023Scenario_VALNOPU2_Case5-5854dd31cbd3cdec44c48628cc181cf0
file_name in inputDict =  /home/cms015/home_cream_555205907/CREAM555205907/glide_IoxR1V/execute/dir_6830/CMSSW_6_2_0_SLHC12/validationEDM_4_1_p0h.root
(size) os.stat(filename)[6] =  3260698
checksum =  3085343139
    file =  validationEDM_4_1_p0h.root
    newPfn =  srm://storm-se-01.ba.infn.it:8444/srm/managerv2?SFN=//cms/store/user/calabria/calabria_SingleMuPt500_GEN-SIM-DIGI-RECO_CMSSW_6_2_0_SLHC12_2023Scenario_Case5/calabria_MuMinus500_GEN-SIM-DIGI-RECO_CMSSW_6_2_0_SLHC12_2023Scenario_VALNOPU2_Case5/5854dd31cbd3cdec44c48628cc181cf0/validationEDM_4_1_p0h.root
    newLfn =  /store/user/calabria/calabria_SingleMuPt500_GEN-SIM-DIGI-RECO_CMSSW_6_2_0_SLHC12_2023Scenario_Case5/calabria_MuMinus500_GEN-SIM-DIGI-RECO_CMSSW_6_2_0_SLHC12_2023Scenario_VALNOPU2_Case5/5854dd31cbd3cdec44c48628cc181cf0/validationEDM_4_1_p0h.root
>>> crab_fjr_*.xml  permission set to 0704
CrabWrapper EXIT_FUNC entered at Tue Jun 17 23:36:56 CEST 2014   -  Tue Jun 17 21:36:56 UTC 2014
Checking output files:  
will tar file crab_fjr_4.xml in  out_files_4
WARNING: output file CMSSW_4.stdout not found!
WARNING: output file CMSSW_4.stderr not found!
WARNING: output file Watchdog_4.log.gz not found!
>>> padding time: Sleeping the wrapper for 176 seconds
STOPPING WATCHDOG. CrabWatchdog PID is 7679
********** LAST 50 LINES OF WATCHDOG LOG
# RESOURCE USAGE SUMMARY FOR PROCESS ID  6885
USER       PID %CPU %MEM    VSZ   RSS TTY      STAT START   TIME COMMAND
cms015    6885  0.3  0.0   9500  1600 ?        S    23:29   0:00 /bin/sh /home/cms015/home_cream_555205907/CREAM555205907/glide_IoxR1V/execute/dir_6830/condor_exec.exe 4 1
 
# LIMITS USED BY CRAB WATCHDOG:
# RSS  (KBytes)   : 2300000
# VSZ  (KBytes)   : 100000000
# DISK (MBytes)   : 19000
# CPU TIME        : 720h:0m:0s
# WALL CLOCK TIME : 21h:50m:0s
 
# FOLLOWING PRINTOUT TRACKS MAXIMUM VALUES OF RESOURCES USE
# ONE LINE IS PRINTED EACH TIME A MAXIMUM CHANGES
# IF CHANGE WAS IN RSS OR VSZ ALSO PROCID AND COMMAND ARE PRINTED
# THERE IS NO PRINTOUT FOR CPU/WALL TIME INCREASE
 
# TIME			PID	RSS(KB)	VSZ(KB)	Dsk(MB)	tCPU(s)	tWALL(s)	COMMAND
 Jun 17 23:30:00 CEST	6830	8420	93616	0	0	1	condor_starter -f vocms83.cern.ch        
 Jun 17 23:30:00 CEST	7719	50968	120640	0	1	2	edmConfigHash pset.py         
 Jun 17 23:30:00 CEST	---	50968	120640	171	----	----	----
 Jun 17 23:31:03 CEST	8663	761548	984948	171	33	66	cmsRun -j /home/cms015/home_cream_555205907/CREAM555205907/glide_IoxR1V/execute/dir_6830/crab_fjr_4.xml -p pset.py      
 Jun 17 23:31:03 CEST	---	761548	984948	175	----	----	----
 Jun 17 23:32:07 CEST	8663	785440	1007476	175	79	130	cmsRun -j /home/cms015/home_cream_555205907/CREAM555205907/glide_IoxR1V/execute/dir_6830/crab_fjr_4.xml -p pset.py      
 Jun 17 23:33:11 CEST	8663	785440	1015880	175	115	193	cmsRun -j /home/cms015/home_cream_555205907/CREAM555205907/glide_IoxR1V/execute/dir_6830/crab_fjr_4.xml -p pset.py      
 Jun 17 23:34:14 CEST	8663	786648	1021512	175	149	256	cmsRun -j /home/cms015/home_cream_555205907/CREAM555205907/glide_IoxR1V/execute/dir_6830/crab_fjr_4.xml -p pset.py      
 Jun 17 23:35:18 CEST	8663	788600	1021512	175	192	319	cmsRun -j /home/cms015/home_cream_555205907/CREAM555205907/glide_IoxR1V/execute/dir_6830/crab_fjr_4.xml -p pset.py      
 Jun 17 23:36:19 CEST	---	788600	1021512	179	----	----	----
********** WATCHDOG LOG ENDED
ZIPPING WATCHDOG LOG
Disk space used:
du -sh /home/cms015/home_cream_555205907/CREAM555205907/glide_IoxR1V/execute/dir_6830
179M	/home/cms015/home_cream_555205907/CREAM555205907/glide_IoxR1V/execute/dir_6830
Found unusual stdout, rename for OSB
`/home/cms015/home_cream_555205907/CREAM555205907/glide_IoxR1V/execute/dir_6830/_condor_stdout' -> `CMSSW_4.stdout'
Found unusual stderr, rename for OSB
`/home/cms015/home_cream_555205907/CREAM555205907/glide_IoxR1V/execute/dir_6830/_condor_stdout' -> `CMSSW_4.stderr'
crab_fjr_4.xml
CMSSW_4.stdout
CMSSW_4.stderr
Watchdog_4.log.gz
Total Output dimension: 69525
WARNING: output files size limit is set to: 50000000
Total Output dimension 69525 is fine.
JOB_EXIT_STATUS = 0
>>> info for dashboard:
***** Cat /home/cms015/home_cream_555205907/CREAM555205907/glide_IoxR1V/execute/dir_6830/jobreport.txt *****
MonitorJobID=4_https://vocms83.cern.ch//140616//86810.3
MonitorID=calabria_MuMinus500_Case5_ReReco_a7j0g2
ExeTime=340
ExeExitCode=0
StageOutExitStatusReason = 'Copy succedeed with srm-lcg utils'
StageOutSE = storm-se-01.ba.infn.it
StageOutExitStatus = 0
CrabUserCpuTime=194.74
CrabSysCpuTime=36.65
CrabCpuPercentage=68%
CrabWrapperTime=600
CrabStageoutTime=49
JobExitCode=0
***** End Cat jobreport *****
Parameters sent to Dashboard.
EXITING at Tue Jun 17 23:39:59 CEST 2014  -  Tue Jun 17 21:39:59 UTC 2014
