This script was generated by crab (version 2.10.5_patch1).
Running /home/cms036/home_cream_684096214/CREAM684096214/glide_pttsKW/execute/dir_4065/condor_exec.exe with 2 positional parameters: 13 1
Today is Tue Jun 17 23:49:02 CEST 2014 - Tue Jun 17 21:49:02 UTC 2014
Job submitted on host wizard05.ba.infn.it
Linux wizard05.ba.infn.it 2.6.32-358.23.2.el6.x86_64 #1 SMP Thu Oct 17 10:27:22 CEST 2013 x86_64 x86_64 x86_64 GNU/Linux
>>> current directory (RUNTIME_AREA): /home/cms036/home_cream_684096214/CREAM684096214/glide_pttsKW/execute/dir_4065
>>> current user: uid=18592(cms036) gid=1399(cms) groups=1399(cms)
>>> directory permission set to 0700
>>> umask set to:  u=rwx,g=,o=
>>> stdout stderr permission set to 0704
>>> voms proxy information:
subject   : /C=IT/O=INFN/OU=Personal Certificate/L=Bari/CN=Cesare Calabria/CN=477126703/CN=1813387225
issuer    : /C=IT/O=INFN/OU=Personal Certificate/L=Bari/CN=Cesare Calabria/CN=477126703
identity  : /C=IT/O=INFN/OU=Personal Certificate/L=Bari/CN=Cesare Calabria
type      : RFC3820 compliant limited proxy
strength  : 1024
path      : /home/cms036/home_cream_684096214/CREAM684096214/glide_pttsKW/execute/dir_4065/x509up_u50707
timeleft  : 23:59:56
key usage : Digital Signature, Key Encipherment, Data Encipherment
=== VO cms extension information ===
VO        : cms
subject   : /C=IT/O=INFN/OU=Personal Certificate/L=Bari/CN=Cesare Calabria
issuer    : /DC=ch/DC=cern/OU=computers/CN=voms.cern.ch
attribute : /cms/Role=NULL/Capability=NULL
attribute : /cms/itcms/Role=NULL/Capability=NULL
timeleft  : 155:35:16
uri       : voms.cern.ch:15002

WNHostName=wizard05.ba.infn.it
>>> tar --no-same-permissions -xf /home/cms036/home_cream_684096214/CREAM684096214/glide_pttsKW/execute/dir_4065/default.tgz :
Successful untar
>>> Include /home/cms036/home_cream_684096214/CREAM684096214/glide_pttsKW/execute/dir_4065 in PYTHONPATH:
strip arguments
env var CRAB_UNIQUE_JOB_ID set to: calabria_MuMinus500_Case5_ReReco_a7j0g2_13_1_ZP2
out_files_13
>>> list of expected files on output sandbox
output files: crab_fjr_13.xml CMSSW_13.stdout CMSSW_13.stderr Watchdog_13.log.gz
>>> GridFlavour discovery: 
GridFlavour=LCG
>>> SyncSite discovery: 
SyncSite=T2_IT_Bari
>>> SyncCE discovery: 
getting SyncCE from CE_ID
SyncCE=cream-ce-4.ba.infn.it:8443/cream-pbs-cms
>>> info for dashboard:
***** Cat /home/cms036/home_cream_684096214/CREAM684096214/glide_pttsKW/execute/dir_4065/jobreport.txt *****
WNHostName=wizard05.ba.infn.it
MonitorJobID=13_https://vocms83.cern.ch//140616//86810.12
SyncGridJobId=https://vocms83.cern.ch//140616//86810.12
MonitorID=calabria_MuMinus500_Case5_ReReco_a7j0g2
GridFlavour=LCG
SyncSite=T2_IT_Bari
SyncCE=cream-ce-4.ba.infn.it:8443/cream-pbs-cms
***** End Cat jobreport *****
Parameters sent to Dashboard.
>>> setup environment
set SCRAM ARCH to slc5_amd64_gcc472
SCRAM_ARCH = slc5_amd64_gcc472
>>> setup CMS LCG environment:
set SCRAM ARCH and BUILD_ARCH to slc5_amd64_gcc472 ###
Sourcing environment... 
sourcing /cvmfs/cms.cern.ch/cmsset_default.sh
==> setup cms environment ok
>>> specific cmssw setup environment:
CMSSW_VERSION =  CMSSW_6_2_0_SLHC12
>>> current directory (SOFTWARE_DIR): /home/cms036/home_cream_684096214/CREAM684096214/glide_pttsKW/execute/dir_4065/CMSSW_6_2_0_SLHC12
PreserveSeeds: <>
IncrementSeeds:<>
>>> info for dashboard:
***** Cat /home/cms036/home_cream_684096214/CREAM684096214/glide_pttsKW/execute/dir_4065/jobreport.txt *****
MonitorJobID=13_https://vocms83.cern.ch//140616//86810.12
MonitorID=calabria_MuMinus500_Case5_ReReco_a7j0g2
***** End Cat jobreport *****
Parameters sent to Dashboard.
crabWatchdog started as process 5313
>>> moving CMSSW software directories in /home/cms036/home_cream_684096214/CREAM684096214/glide_pttsKW/execute/dir_4065/CMSSW_6_2_0_SLHC12
mv: cannot stat `/home/cms036/home_cream_684096214/CREAM684096214/glide_pttsKW/execute/dir_4065/module/': No such file or directory
>>> Include /home/cms036/home_cream_684096214/CREAM684096214/glide_pttsKW/execute/dir_4065 in PYTHONPATH:
PYTHONPATH=/home/cms036/home_cream_684096214/CREAM684096214/glide_pttsKW/execute/dir_4065/:/home/cms036/home_cream_684096214/CREAM684096214/glide_pttsKW/execute/dir_4065/CMSSW_6_2_0_SLHC12/python:/home/cms036/home_cream_684096214/CREAM684096214/glide_pttsKW/execute/dir_4065/CMSSW_6_2_0_SLHC12/lib/slc5_amd64_gcc472:/cvmfs/cms.cern.ch/slc5_amd64_gcc472/cms/cmssw/CMSSW_6_2_0_SLHC12/python:/cvmfs/cms.cern.ch/slc5_amd64_gcc472/cms/cmssw/CMSSW_6_2_0_SLHC12/lib/slc5_amd64_gcc472:/cvmfs/cms.cern.ch/slc5_amd64_gcc472/cms/coral/CORAL_2_3_21-cms36/slc5_amd64_gcc472/python:/cvmfs/cms.cern.ch/slc5_amd64_gcc472/cms/coral/CORAL_2_3_21-cms36/slc5_amd64_gcc472/lib:/cvmfs/cms.cern.ch/slc5_amd64_gcc472/external/pyqt/4.8.1-cms6/lib/python2.7/site-packages:/cvmfs/cms.cern.ch/slc5_amd64_gcc472/external/py2-scipy/0.8.0-cms8/lib/python2.7/site-packages:/cvmfs/cms.cern.ch/slc5_amd64_gcc472/external/py2-matplotlib/1.0.1-cms8/lib/python2.7/site-packages:/cvmfs/cms.cern.ch/slc5_amd64_gcc472/external/python-ldap/2.3.5-cms6/lib/python2.7/site-packages:/cvmfs/cms.cern.ch/slc5_amd64_gcc472/external/sip/4.11.2-cms6/lib/python2.7/site-packages:/cvmfs/cms.cern.ch/slc5_amd64_gcc472/external/py2-pycurl/7.19.0-cms8/lib/python2.7/site-packages:/cvmfs/cms.cern.ch/slc5_amd64_gcc472/external/py2-numpy/1.6.1-cms8/lib/python2.7/site-packages:/cvmfs/cms.cern.ch/slc5_amd64_gcc472/external/py2-lint/0.25.1-cms6/lib/python2.7/site-packages:/cvmfs/cms.cern.ch/slc5_amd64_gcc472/external/py2-ipython/0.10-cms6/lib/python2.7/site-packages:/cvmfs/cms.cern.ch/slc5_amd64_gcc472/external/py2-cx-oracle/5.1-cms7/lib/python2.7/site-packages:/cvmfs/cms.cern.ch/slc5_amd64_gcc472/external/py2-cjson/1.0.5-cms6/lib/python2.7/site-packages:/cvmfs/cms.cern.ch/slc5_amd64_gcc472/cms/das-client/1.11.7/bin:/cvmfs/cms.cern.ch/slc5_amd64_gcc472/external/elementtree/1.2.6-cms6/share/lib/python2.7/site-packages:/cvmfs/cms.cern.ch/slc5_amd64_gcc472/external/rivet/1.8.2-cms8/lib/python2.7/site-packages:/cvmfs/cms.cern.ch/slc5_amd64_gcc472/external/pyminuit2/0.0.1-cms19/lib/python2.7/site-packages:/cvmfs/cms.cern.ch/slc5_amd64_gcc472/external/py2-pygithub/1.23.0/lib/python2.7/site-packages:/cvmfs/cms.cern.ch/slc5_amd64_gcc472/external/professor/1.0.0-cms19/lib/python2.7/site-packages:/cvmfs/cms.cern.ch/slc5_amd64_gcc472/lcg/root/5.34.07-cms/lib:/cvmfs/cms.cern.ch/slc5_amd64_gcc472/cms/dbs-client/DBS_2_1_9-cms5/lib:/cvmfs/cms.cern.ch/slc5_amd64_gcc472/cms/dbs-client/DBS_2_1_9-cms5/lib/DBSAPI:/cvmfs/cms.cern.ch/slc5_amd64_gcc472/external/cvs2git/5419-cms/lib:/home/cms036/home_cream_684096214/CREAM684096214/glide_pttsKW/execute/dir_4065/
 
# LIMITS USED BY CRAB WATCHDOG:
# RSS  (KBytes)   : 2300000
# VSZ  (KBytes)   : 100000000
# DISK (MBytes)   : 19000
# CPU TIME        : 720h:0m:0s
# WALL CLOCK TIME : 21h:50m:0s
 
5854dd31cbd3cdec44c48628cc181cf0
PSETHASH = 5854dd31cbd3cdec44c48628cc181cf0
/home/cms036/home_cream_684096214/CREAM684096214/glide_pttsKW/execute/dir_4065/writeCfg.py pset.py pset.py
Importing .py file
Setting parameters
RandomNumberGeneratorService found, will attempt to change seeds
inputBlocks=/calabria_SingleMuPt500_GEN-SIM-DIGI-RECO_CMSSW_6_2_0_SLHC12_2023Scenario_Case5/calabria-calabria_SingleMuPt500_GEN-SIM-DIGI-RECO_CMSSW_6_2_0_SLHC12_2023Scenario_Case5-66d2d5e75e30402dce10e8955fc10c87/USER#f956fb8d-47d3-4379-9ce9-a4461d5c4ac5
inputFiles=/store/user/calabria/calabria_SingleMuPt500_GEN-SIM-DIGI-RECO_CMSSW_6_2_0_SLHC12_2023Scenario_Case5/calabria_SingleMuPt500_GEN-SIM-DIGI-RECO_CMSSW_6_2_0_SLHC12_2023Scenario_Case5/66d2d5e75e30402dce10e8955fc10c87/out_reco_310_2_mSY.root;/store/user/calabria/calabria_SingleMuPt500_GEN-SIM-DIGI-RECO_CMSSW_6_2_0_SLHC12_2023Scenario_Case5/calabria_SingleMuPt500_GEN-SIM-DIGI-RECO_CMSSW_6_2_0_SLHC12_2023Scenario_Case5/66d2d5e75e30402dce10e8955fc10c87/out_reco_314_2_QOM.root;/store/user/calabria/calabria_SingleMuPt500_GEN-SIM-DIGI-RECO_CMSSW_6_2_0_SLHC12_2023Scenario_Case5/calabria_SingleMuPt500_GEN-SIM-DIGI-RECO_CMSSW_6_2_0_SLHC12_2023Scenario_Case5/66d2d5e75e30402dce10e8955fc10c87/out_reco_315_2_XcH.root;/store/user/calabria/calabria_SingleMuPt500_GEN-SIM-DIGI-RECO_CMSSW_6_2_0_SLHC12_2023Scenario_Case5/calabria_SingleMuPt500_GEN-SIM-DIGI-RECO_CMSSW_6_2_0_SLHC12_2023Scenario_Case5/66d2d5e75e30402dce10e8955fc10c87/out_reco_316_2_FkP.root;/store/user/calabria/calabria_SingleMuPt500_GEN-SIM-DIGI-RECO_CMSSW_6_2_0_SLHC12_2023Scenario_Case5/calabria_SingleMuPt500_GEN-SIM-DIGI-RECO_CMSSW_6_2_0_SLHC12_2023Scenario_Case5/66d2d5e75e30402dce10e8955fc10c87/out_reco_317_2_AyQ.root;/store/user/calabria/calabria_SingleMuPt500_GEN-SIM-DIGI-RECO_CMSSW_6_2_0_SLHC12_2023Scenario_Case5/calabria_SingleMuPt500_GEN-SIM-DIGI-RECO_CMSSW_6_2_0_SLHC12_2023Scenario_Case5/66d2d5e75e30402dce10e8955fc10c87/out_reco_318_2_u6H.root;/store/user/calabria/calabria_SingleMuPt500_GEN-SIM-DIGI-RECO_CMSSW_6_2_0_SLHC12_2023Scenario_Case5/calabria_SingleMuPt500_GEN-SIM-DIGI-RECO_CMSSW_6_2_0_SLHC12_2023Scenario_Case5/66d2d5e75e30402dce10e8955fc10c87/out_reco_320_2_Wmo.root;/store/user/calabria/calabria_SingleMuPt500_GEN-SIM-DIGI-RECO_CMSSW_6_2_0_SLHC12_2023Scenario_Case5/calabria_SingleMuPt500_GEN-SIM-DIGI-RECO_CMSSW_6_2_0_SLHC12_2023Scenario_Case5/66d2d5e75e30402dce10e8955fc10c87/out_reco_322_2_iQ2.root;/store/user/calabria/calabria_SingleMuPt500_GEN-SIM-DIGI-RECO_CMSSW_6_2_0_SLHC12_2023Scenario_Case5/calabria_SingleMuPt500_GEN-SIM-DIGI-RECO_CMSSW_6_2_0_SLHC12_2023Scenario_Case5/66d2d5e75e30402dce10e8955fc10c87/out_reco_323_2_Gin.root;/store/user/calabria/calabria_SingleMuPt500_GEN-SIM-DIGI-RECO_CMSSW_6_2_0_SLHC12_2023Scenario_Case5/calabria_SingleMuPt500_GEN-SIM-DIGI-RECO_CMSSW_6_2_0_SLHC12_2023Scenario_Case5/66d2d5e75e30402dce10e8955fc10c87/out_reco_325_2_nuz.root
parentFiles=
lumisRange=
>>> Executable cmsRun
/cvmfs/cms.cern.ch/slc5_amd64_gcc472/cms/cmssw/CMSSW_6_2_0_SLHC12/bin/slc5_amd64_gcc472/cmsRun
ok executable found
>>> info for dashboard:
***** Cat /home/cms036/home_cream_684096214/CREAM684096214/glide_pttsKW/execute/dir_4065/jobreport.txt *****
MonitorJobID=13_https://vocms83.cern.ch//140616//86810.12
MonitorID=calabria_MuMinus500_Case5_ReReco_a7j0g2
ExeStart=cmsRun
***** End Cat jobreport *****
Parameters sent to Dashboard.
>>> cmsRun started at Tue Jun 17 21:49:27 UTC 2014
>>> cmsRun ended at Tue Jun 17 21:53:41 UTC 2014
>>> crab_fjr_*.xml  permission set to 0704
>>> info for dashboard:
***** Cat /home/cms036/home_cream_684096214/CREAM684096214/glide_pttsKW/execute/dir_4065/jobreport.txt *****
MonitorJobID=13_https://vocms83.cern.ch//140616//86810.12
MonitorID=calabria_MuMinus500_Case5_ReReco_a7j0g2
ExeEnd=cmsRun
***** End Cat jobreport *****
Parameters sent to Dashboard.
TIME_EXE = 254 sec
>>> cmsRun wrote 50 lines of stdout+stderr
>>> START OF printout of 50 lines from stdout+stderr
271 DQMStore::DQMStore 
HcalTopologyIdealEP::HcalTopologyIdealEP
17-Jun-2014 23:49:54 CEST  Initiating request to open file file:/lustre/cms//store/user/calabria/calabria_SingleMuPt500_GEN-SIM-DIGI-RECO_CMSSW_6_2_0_SLHC12_2023Scenario_Case5/calabria_SingleMuPt500_GEN-SIM-DIGI-RECO_CMSSW_6_2_0_SLHC12_2023Scenario_Case5/66d2d5e75e30402dce10e8955fc10c87/out_reco_310_2_mSY.root
17-Jun-2014 23:49:57 CEST  Successfully opened file file:/lustre/cms//store/user/calabria/calabria_SingleMuPt500_GEN-SIM-DIGI-RECO_CMSSW_6_2_0_SLHC12_2023Scenario_Case5/calabria_SingleMuPt500_GEN-SIM-DIGI-RECO_CMSSW_6_2_0_SLHC12_2023Scenario_Case5/66d2d5e75e30402dce10e8955fc10c87/out_reco_310_2_mSY.root
17-Jun-2014 23:50:19 CEST  Closed file file:/lustre/cms//store/user/calabria/calabria_SingleMuPt500_GEN-SIM-DIGI-RECO_CMSSW_6_2_0_SLHC12_2023Scenario_Case5/calabria_SingleMuPt500_GEN-SIM-DIGI-RECO_CMSSW_6_2_0_SLHC12_2023Scenario_Case5/66d2d5e75e30402dce10e8955fc10c87/out_reco_310_2_mSY.root
17-Jun-2014 23:50:19 CEST  Initiating request to open file file:/lustre/cms//store/user/calabria/calabria_SingleMuPt500_GEN-SIM-DIGI-RECO_CMSSW_6_2_0_SLHC12_2023Scenario_Case5/calabria_SingleMuPt500_GEN-SIM-DIGI-RECO_CMSSW_6_2_0_SLHC12_2023Scenario_Case5/66d2d5e75e30402dce10e8955fc10c87/out_reco_314_2_QOM.root
17-Jun-2014 23:50:19 CEST  Successfully opened file file:/lustre/cms//store/user/calabria/calabria_SingleMuPt500_GEN-SIM-DIGI-RECO_CMSSW_6_2_0_SLHC12_2023Scenario_Case5/calabria_SingleMuPt500_GEN-SIM-DIGI-RECO_CMSSW_6_2_0_SLHC12_2023Scenario_Case5/66d2d5e75e30402dce10e8955fc10c87/out_reco_314_2_QOM.root
17-Jun-2014 23:50:39 CEST  Closed file file:/lustre/cms//store/user/calabria/calabria_SingleMuPt500_GEN-SIM-DIGI-RECO_CMSSW_6_2_0_SLHC12_2023Scenario_Case5/calabria_SingleMuPt500_GEN-SIM-DIGI-RECO_CMSSW_6_2_0_SLHC12_2023Scenario_Case5/66d2d5e75e30402dce10e8955fc10c87/out_reco_314_2_QOM.root
17-Jun-2014 23:50:39 CEST  Initiating request to open file file:/lustre/cms//store/user/calabria/calabria_SingleMuPt500_GEN-SIM-DIGI-RECO_CMSSW_6_2_0_SLHC12_2023Scenario_Case5/calabria_SingleMuPt500_GEN-SIM-DIGI-RECO_CMSSW_6_2_0_SLHC12_2023Scenario_Case5/66d2d5e75e30402dce10e8955fc10c87/out_reco_315_2_XcH.root
17-Jun-2014 23:50:40 CEST  Successfully opened file file:/lustre/cms//store/user/calabria/calabria_SingleMuPt500_GEN-SIM-DIGI-RECO_CMSSW_6_2_0_SLHC12_2023Scenario_Case5/calabria_SingleMuPt500_GEN-SIM-DIGI-RECO_CMSSW_6_2_0_SLHC12_2023Scenario_Case5/66d2d5e75e30402dce10e8955fc10c87/out_reco_315_2_XcH.root
17-Jun-2014 23:51:02 CEST  Closed file file:/lustre/cms//store/user/calabria/calabria_SingleMuPt500_GEN-SIM-DIGI-RECO_CMSSW_6_2_0_SLHC12_2023Scenario_Case5/calabria_SingleMuPt500_GEN-SIM-DIGI-RECO_CMSSW_6_2_0_SLHC12_2023Scenario_Case5/66d2d5e75e30402dce10e8955fc10c87/out_reco_315_2_XcH.root
17-Jun-2014 23:51:02 CEST  Initiating request to open file file:/lustre/cms//store/user/calabria/calabria_SingleMuPt500_GEN-SIM-DIGI-RECO_CMSSW_6_2_0_SLHC12_2023Scenario_Case5/calabria_SingleMuPt500_GEN-SIM-DIGI-RECO_CMSSW_6_2_0_SLHC12_2023Scenario_Case5/66d2d5e75e30402dce10e8955fc10c87/out_reco_316_2_FkP.root
17-Jun-2014 23:51:03 CEST  Successfully opened file file:/lustre/cms//store/user/calabria/calabria_SingleMuPt500_GEN-SIM-DIGI-RECO_CMSSW_6_2_0_SLHC12_2023Scenario_Case5/calabria_SingleMuPt500_GEN-SIM-DIGI-RECO_CMSSW_6_2_0_SLHC12_2023Scenario_Case5/66d2d5e75e30402dce10e8955fc10c87/out_reco_316_2_FkP.root
17-Jun-2014 23:51:25 CEST  Closed file file:/lustre/cms//store/user/calabria/calabria_SingleMuPt500_GEN-SIM-DIGI-RECO_CMSSW_6_2_0_SLHC12_2023Scenario_Case5/calabria_SingleMuPt500_GEN-SIM-DIGI-RECO_CMSSW_6_2_0_SLHC12_2023Scenario_Case5/66d2d5e75e30402dce10e8955fc10c87/out_reco_316_2_FkP.root
17-Jun-2014 23:51:25 CEST  Initiating request to open file file:/lustre/cms//store/user/calabria/calabria_SingleMuPt500_GEN-SIM-DIGI-RECO_CMSSW_6_2_0_SLHC12_2023Scenario_Case5/calabria_SingleMuPt500_GEN-SIM-DIGI-RECO_CMSSW_6_2_0_SLHC12_2023Scenario_Case5/66d2d5e75e30402dce10e8955fc10c87/out_reco_317_2_AyQ.root
17-Jun-2014 23:51:25 CEST  Successfully opened file file:/lustre/cms//store/user/calabria/calabria_SingleMuPt500_GEN-SIM-DIGI-RECO_CMSSW_6_2_0_SLHC12_2023Scenario_Case5/calabria_SingleMuPt500_GEN-SIM-DIGI-RECO_CMSSW_6_2_0_SLHC12_2023Scenario_Case5/66d2d5e75e30402dce10e8955fc10c87/out_reco_317_2_AyQ.root
17-Jun-2014 23:51:44 CEST  Closed file file:/lustre/cms//store/user/calabria/calabria_SingleMuPt500_GEN-SIM-DIGI-RECO_CMSSW_6_2_0_SLHC12_2023Scenario_Case5/calabria_SingleMuPt500_GEN-SIM-DIGI-RECO_CMSSW_6_2_0_SLHC12_2023Scenario_Case5/66d2d5e75e30402dce10e8955fc10c87/out_reco_317_2_AyQ.root
17-Jun-2014 23:51:44 CEST  Initiating request to open file file:/lustre/cms//store/user/calabria/calabria_SingleMuPt500_GEN-SIM-DIGI-RECO_CMSSW_6_2_0_SLHC12_2023Scenario_Case5/calabria_SingleMuPt500_GEN-SIM-DIGI-RECO_CMSSW_6_2_0_SLHC12_2023Scenario_Case5/66d2d5e75e30402dce10e8955fc10c87/out_reco_318_2_u6H.root
17-Jun-2014 23:51:44 CEST  Successfully opened file file:/lustre/cms//store/user/calabria/calabria_SingleMuPt500_GEN-SIM-DIGI-RECO_CMSSW_6_2_0_SLHC12_2023Scenario_Case5/calabria_SingleMuPt500_GEN-SIM-DIGI-RECO_CMSSW_6_2_0_SLHC12_2023Scenario_Case5/66d2d5e75e30402dce10e8955fc10c87/out_reco_318_2_u6H.root
17-Jun-2014 23:52:05 CEST  Closed file file:/lustre/cms//store/user/calabria/calabria_SingleMuPt500_GEN-SIM-DIGI-RECO_CMSSW_6_2_0_SLHC12_2023Scenario_Case5/calabria_SingleMuPt500_GEN-SIM-DIGI-RECO_CMSSW_6_2_0_SLHC12_2023Scenario_Case5/66d2d5e75e30402dce10e8955fc10c87/out_reco_318_2_u6H.root
17-Jun-2014 23:52:05 CEST  Initiating request to open file file:/lustre/cms//store/user/calabria/calabria_SingleMuPt500_GEN-SIM-DIGI-RECO_CMSSW_6_2_0_SLHC12_2023Scenario_Case5/calabria_SingleMuPt500_GEN-SIM-DIGI-RECO_CMSSW_6_2_0_SLHC12_2023Scenario_Case5/66d2d5e75e30402dce10e8955fc10c87/out_reco_320_2_Wmo.root
17-Jun-2014 23:52:05 CEST  Successfully opened file file:/lustre/cms//store/user/calabria/calabria_SingleMuPt500_GEN-SIM-DIGI-RECO_CMSSW_6_2_0_SLHC12_2023Scenario_Case5/calabria_SingleMuPt500_GEN-SIM-DIGI-RECO_CMSSW_6_2_0_SLHC12_2023Scenario_Case5/66d2d5e75e30402dce10e8955fc10c87/out_reco_320_2_Wmo.root
17-Jun-2014 23:52:26 CEST  Closed file file:/lustre/cms//store/user/calabria/calabria_SingleMuPt500_GEN-SIM-DIGI-RECO_CMSSW_6_2_0_SLHC12_2023Scenario_Case5/calabria_SingleMuPt500_GEN-SIM-DIGI-RECO_CMSSW_6_2_0_SLHC12_2023Scenario_Case5/66d2d5e75e30402dce10e8955fc10c87/out_reco_320_2_Wmo.root
17-Jun-2014 23:52:26 CEST  Initiating request to open file file:/lustre/cms//store/user/calabria/calabria_SingleMuPt500_GEN-SIM-DIGI-RECO_CMSSW_6_2_0_SLHC12_2023Scenario_Case5/calabria_SingleMuPt500_GEN-SIM-DIGI-RECO_CMSSW_6_2_0_SLHC12_2023Scenario_Case5/66d2d5e75e30402dce10e8955fc10c87/out_reco_322_2_iQ2.root
17-Jun-2014 23:52:26 CEST  Successfully opened file file:/lustre/cms//store/user/calabria/calabria_SingleMuPt500_GEN-SIM-DIGI-RECO_CMSSW_6_2_0_SLHC12_2023Scenario_Case5/calabria_SingleMuPt500_GEN-SIM-DIGI-RECO_CMSSW_6_2_0_SLHC12_2023Scenario_Case5/66d2d5e75e30402dce10e8955fc10c87/out_reco_322_2_iQ2.root
17-Jun-2014 23:52:49 CEST  Closed file file:/lustre/cms//store/user/calabria/calabria_SingleMuPt500_GEN-SIM-DIGI-RECO_CMSSW_6_2_0_SLHC12_2023Scenario_Case5/calabria_SingleMuPt500_GEN-SIM-DIGI-RECO_CMSSW_6_2_0_SLHC12_2023Scenario_Case5/66d2d5e75e30402dce10e8955fc10c87/out_reco_322_2_iQ2.root
17-Jun-2014 23:52:49 CEST  Initiating request to open file file:/lustre/cms//store/user/calabria/calabria_SingleMuPt500_GEN-SIM-DIGI-RECO_CMSSW_6_2_0_SLHC12_2023Scenario_Case5/calabria_SingleMuPt500_GEN-SIM-DIGI-RECO_CMSSW_6_2_0_SLHC12_2023Scenario_Case5/66d2d5e75e30402dce10e8955fc10c87/out_reco_323_2_Gin.root
17-Jun-2014 23:52:49 CEST  Successfully opened file file:/lustre/cms//store/user/calabria/calabria_SingleMuPt500_GEN-SIM-DIGI-RECO_CMSSW_6_2_0_SLHC12_2023Scenario_Case5/calabria_SingleMuPt500_GEN-SIM-DIGI-RECO_CMSSW_6_2_0_SLHC12_2023Scenario_Case5/66d2d5e75e30402dce10e8955fc10c87/out_reco_323_2_Gin.root
17-Jun-2014 23:53:13 CEST  Closed file file:/lustre/cms//store/user/calabria/calabria_SingleMuPt500_GEN-SIM-DIGI-RECO_CMSSW_6_2_0_SLHC12_2023Scenario_Case5/calabria_SingleMuPt500_GEN-SIM-DIGI-RECO_CMSSW_6_2_0_SLHC12_2023Scenario_Case5/66d2d5e75e30402dce10e8955fc10c87/out_reco_323_2_Gin.root
17-Jun-2014 23:53:13 CEST  Initiating request to open file file:/lustre/cms//store/user/calabria/calabria_SingleMuPt500_GEN-SIM-DIGI-RECO_CMSSW_6_2_0_SLHC12_2023Scenario_Case5/calabria_SingleMuPt500_GEN-SIM-DIGI-RECO_CMSSW_6_2_0_SLHC12_2023Scenario_Case5/66d2d5e75e30402dce10e8955fc10c87/out_reco_325_2_nuz.root
17-Jun-2014 23:53:13 CEST  Successfully opened file file:/lustre/cms//store/user/calabria/calabria_SingleMuPt500_GEN-SIM-DIGI-RECO_CMSSW_6_2_0_SLHC12_2023Scenario_Case5/calabria_SingleMuPt500_GEN-SIM-DIGI-RECO_CMSSW_6_2_0_SLHC12_2023Scenario_Case5/66d2d5e75e30402dce10e8955fc10c87/out_reco_325_2_nuz.root
17-Jun-2014 23:53:40 CEST  Closed file file:/lustre/cms//store/user/calabria/calabria_SingleMuPt500_GEN-SIM-DIGI-RECO_CMSSW_6_2_0_SLHC12_2023Scenario_Case5/calabria_SingleMuPt500_GEN-SIM-DIGI-RECO_CMSSW_6_2_0_SLHC12_2023Scenario_Case5/66d2d5e75e30402dce10e8955fc10c87/out_reco_325_2_nuz.root

=============================================

MessageLogger Summary

 type     category        sev    module        subroutine        count    total
 ---- -------------------- -- ---------------- ----------------  -----    -----
    1 fileAction           -s file_close                            10       10
    2 fileAction           -s file_open                             20       20

 type    category    Examples: run/evt        run/evt          run/evt
 ---- -------------------- ---------------- ---------------- ----------------
    1 fileAction           PostProcessEvent PostProcessEvent PostEndRun
    2 fileAction           pre-events       pre-events       PostProcessEvent

Severity    # Occurrences   Total Occurrences
--------    -------------   -----------------
System                 30                  30
>>> END OF printout of 50 lines from stdout+stderr
>>> Parse FrameworkJobReport crab_fjr.xml
Result of parsing the FrameworkJobReport crab_fjr.xml: Popularity start
lumisRange : 1::::1;1::::2;1::::3;1::::4;1::::5;1::::6;1::::7;1::::8;1::::9;1::::10;
lumisParentRange : 
Basename : /store/user/calabria/calabria_SingleMuPt500_GEN-SIM-DIGI-RECO_CMSSW_6_2_0_SLHC12_2023Scenario_Case5/calabria_SingleMuPt500_GEN-SIM-DIGI-RECO_CMSSW_6_2_0_SLHC12_2023Scenario_Case5/66d2d5e75e30402dce10e8955fc10c87/out_reco_3
BasenameParent : 
parentFiles : 
inputBlocks : /calabria_SingleMuPt500_GEN-SIM-DIGI-RECO_CMSSW_6_2_0_SLHC12_2023Scenario_Case5/calabria-calabria_SingleMuPt500_GEN-SIM-DIGI-RECO_CMSSW_6_2_0_SLHC12_2023Scenario_Case5-66d2d5e75e30402dce10e8955fc10c87/USER#f956fb8d-47d3-4379-9ce9-a4461d5c4ac5
inputFiles : 18_2_u6H.root::1::EDM::Local::1;10_2_mSY.root::1::EDM::Local::2;15_2_XcH.root::1::EDM::Local::3;16_2_FkP.root::1::EDM::Local::4;25_2_nuz.root::1::EDM::Local::5;23_2_Gin.root::1::EDM::Local::6;14_2_QOM.root::1::EDM::Local::7;17_2_AyQ.root::1::EDM::Local::8;20_2_Wmo.root::1::EDM::Local::9;22_2_iQ2.root::1::EDM::Local::10;
Popularity stop
Extracted ExitStatus from FrameworkJobReport parsing output: 0
>>> Executable succeded  0
ExeExitCode=0
EXECUTABLE_EXIT_STATUS = 0
>>> current directory /home/cms036/home_cream_684096214/CREAM684096214/glide_pttsKW/execute/dir_4065/CMSSW_6_2_0_SLHC12
>>>  (SOFTWARE_DIR): /home/cms036/home_cream_684096214/CREAM684096214/glide_pttsKW/execute/dir_4065/CMSSW_6_2_0_SLHC12
>>> (WORKING_DIR): 
>>> current directory content:
total 10572
drwxr-xr-x 3 cms036 cms    4096 Jun 17 23:49 .SCRAM
-rw------- 1 cms036 cms 3740367 Jun 17 23:49 CMSSW.py.pkl
drwxr-xr-x 3 cms036 cms    4096 Jun 17 23:49 bin
drwxr-xr-x 3 cms036 cms    4096 Jun 17 23:49 cfipython
drwxr-xr-x 4 cms036 cms    4096 Jun 17 23:49 config
-rw------- 1 cms036 cms      16 Jun 17 23:53 cpu_timing.txt
drwxr-xr-x 2 cms036 cms    4096 Jun 17 23:49 doc
-rw------- 1 cms036 cms    9985 Jun 17 23:53 executable.out
drwxr-xr-x 2 cms036 cms    4096 Jun 17 23:49 include
drwx------ 3 cms036 cms    4096 Apr 28 18:12 lib
drwxr-xr-x 3 cms036 cms    4096 Jun 17 23:49 logs
drwxr-xr-x 3 cms036 cms    4096 Jun 17 23:49 objs
-rw------- 1 cms036 cms     104 Jun 17 23:49 pset.py
-rw------- 1 cms036 cms 3712332 Jun 17 23:49 pset.py.pkl
-rw------- 1 cms036 cms     289 Jun 17 23:49 pset.pyc
drwxr-xr-x 2 cms036 cms    4096 Jun 17 23:49 python
-rw------- 1 cms036 cms     395 Jun 17 23:53 report.log
drwx------ 6 cms036 cms    4096 Jun 17 23:49 src
drwxr-xr-x 3 cms036 cms    4096 Jun 17 23:49 test
drwxr-xr-x 3 cms036 cms    4096 Jun 17 23:49 tmp
-rw------- 1 cms036 cms 3271117 Jun 17 23:53 validationEDM.root
>>> current directory /home/cms036/home_cream_684096214/CREAM684096214/glide_pttsKW/execute/dir_4065/CMSSW_6_2_0_SLHC12
>>> (SOFTWARE_DIR): /home/cms036/home_cream_684096214/CREAM684096214/glide_pttsKW/execute/dir_4065/CMSSW_6_2_0_SLHC12
>>> (WORKING_DIR): 
>>> current directory content:
total 10572
drwxr-xr-x 3 cms036 cms    4096 Jun 17 23:49 .SCRAM
-rw------- 1 cms036 cms 3740367 Jun 17 23:49 CMSSW.py.pkl
drwxr-xr-x 3 cms036 cms    4096 Jun 17 23:49 bin
drwxr-xr-x 3 cms036 cms    4096 Jun 17 23:49 cfipython
drwxr-xr-x 4 cms036 cms    4096 Jun 17 23:49 config
-rw------- 1 cms036 cms      16 Jun 17 23:53 cpu_timing.txt
drwxr-xr-x 2 cms036 cms    4096 Jun 17 23:49 doc
-rw------- 1 cms036 cms    9985 Jun 17 23:53 executable.out
drwxr-xr-x 2 cms036 cms    4096 Jun 17 23:49 include
drwx------ 3 cms036 cms    4096 Apr 28 18:12 lib
drwxr-xr-x 3 cms036 cms    4096 Jun 17 23:49 logs
drwxr-xr-x 3 cms036 cms    4096 Jun 17 23:49 objs
-rw------- 1 cms036 cms     104 Jun 17 23:49 pset.py
-rw------- 1 cms036 cms 3712332 Jun 17 23:49 pset.py.pkl
-rw------- 1 cms036 cms     289 Jun 17 23:49 pset.pyc
drwxr-xr-x 2 cms036 cms    4096 Jun 17 23:49 python
-rw------- 1 cms036 cms     395 Jun 17 23:53 report.log
drwx------ 6 cms036 cms    4096 Jun 17 23:49 src
drwxr-xr-x 3 cms036 cms    4096 Jun 17 23:49 test
drwxr-xr-x 3 cms036 cms    4096 Jun 17 23:49 tmp
-rw------- 1 cms036 cms 3271117 Jun 17 23:53 validationEDM_13_1_ZP2.root
>>> current directory (RUNTIME_AREA):  /home/cms036/home_cream_684096214/CREAM684096214/glide_pttsKW/execute/dir_4065
SE = storm-se-01.ba.infn.it
SE_PATH = /srm/managerv2?SFN=//cms/store/user/calabria/calabria_SingleMuPt500_GEN-SIM-DIGI-RECO_CMSSW_6_2_0_SLHC12_2023Scenario_Case5/calabria_MuMinus500_GEN-SIM-DIGI-RECO_CMSSW_6_2_0_SLHC12_2023Scenario_VALNOPU2_Case5/5854dd31cbd3cdec44c48628cc181cf0/
LFNBaseName = /store/user/calabria/calabria_SingleMuPt500_GEN-SIM-DIGI-RECO_CMSSW_6_2_0_SLHC12_2023Scenario_Case5/calabria_MuMinus500_GEN-SIM-DIGI-RECO_CMSSW_6_2_0_SLHC12_2023Scenario_VALNOPU2_Case5/5854dd31cbd3cdec44c48628cc181cf0/
USER = calabria
endpoint = srm://storm-se-01.ba.infn.it:8444/srm/managerv2?SFN=//cms/store/user/calabria/calabria_SingleMuPt500_GEN-SIM-DIGI-RECO_CMSSW_6_2_0_SLHC12_2023Scenario_Case5/calabria_MuMinus500_GEN-SIM-DIGI-RECO_CMSSW_6_2_0_SLHC12_2023Scenario_VALNOPU2_Case5/5854dd31cbd3cdec44c48628cc181cf0/
>>> Copy output files from WN = wizard05.ba.infn.it to /srm/managerv2?SFN=//cms/store/user/calabria/calabria_SingleMuPt500_GEN-SIM-DIGI-RECO_CMSSW_6_2_0_SLHC12_2023Scenario_Case5/calabria_MuMinus500_GEN-SIM-DIGI-RECO_CMSSW_6_2_0_SLHC12_2023Scenario_VALNOPU2_Case5/5854dd31cbd3cdec44c48628cc181cf0/ :
python cmscp.py  --destination srm://storm-se-01.ba.infn.it:8444/srm/managerv2?SFN=//cms/store/user/calabria/calabria_SingleMuPt500_GEN-SIM-DIGI-RECO_CMSSW_6_2_0_SLHC12_2023Scenario_Case5/calabria_MuMinus500_GEN-SIM-DIGI-RECO_CMSSW_6_2_0_SLHC12_2023Scenario_VALNOPU2_Case5/5854dd31cbd3cdec44c48628cc181cf0/ --inputFileList /home/cms036/home_cream_684096214/CREAM684096214/glide_pttsKW/execute/dir_4065/CMSSW_6_2_0_SLHC12/validationEDM_13_1_ZP2.root --middleware LCG --se_name storm-se-01.ba.infn.it --for_lfn /store/user/calabria/calabria_SingleMuPt500_GEN-SIM-DIGI-RECO_CMSSW_6_2_0_SLHC12_2023Scenario_Case5/calabria_MuMinus500_GEN-SIM-DIGI-RECO_CMSSW_6_2_0_SLHC12_2023Scenario_VALNOPU2_Case5/5854dd31cbd3cdec44c48628cc181cf0/    
******************************************************
localSeName  =  storm-se-01.ba.infn.it
remoteSeName =  storm-se-01.ba.infn.it
******************************************************
{"/home/cms036/home_cream_684096214/CREAM684096214/glide_pttsKW/execute/dir_4065/CMSSW_6_2_0_SLHC12/validationEDM_13_1_ZP2.root": {"endpoint": "srm://storm-se-01.ba.infn.it:8444/srm/managerv2?SFN=//cms/store/user/calabria/calabria_SingleMuPt500_GEN-SIM-DIGI-RECO_CMSSW_6_2_0_SLHC12_2023Scenario_Case5/calabria_MuMinus500_GEN-SIM-DIGI-RECO_CMSSW_6_2_0_SLHC12_2023Scenario_VALNOPU2_Case5/5854dd31cbd3cdec44c48628cc181cf0/", "surl_for_grid": "", "reason": "Copy succedeed with srm-lcg utils", "erCode": "0", "se_name": "storm-se-01.ba.infn.it", "for_lfn": "/store/user/calabria/calabria_SingleMuPt500_GEN-SIM-DIGI-RECO_CMSSW_6_2_0_SLHC12_2023Scenario_Case5/calabria_MuMinus500_GEN-SIM-DIGI-RECO_CMSSW_6_2_0_SLHC12_2023Scenario_VALNOPU2_Case5/5854dd31cbd3cdec44c48628cc181cf0/"}}/home/cms036/home_cream_684096214/CREAM684096214/glide_pttsKW/execute/dir_4065
-------- cat /home/cms036/home_cream_684096214/CREAM684096214/glide_pttsKW/execute/dir_4065/cmscpReport.sh 
#!/bin/bash
echo "Report for File: /home/cms036/home_cream_684096214/CREAM684096214/glide_pttsKW/execute/dir_4065/CMSSW_6_2_0_SLHC12/validationEDM_13_1_ZP2.root"
echo "LFN: /store/user/calabria/calabria_SingleMuPt500_GEN-SIM-DIGI-RECO_CMSSW_6_2_0_SLHC12_2023Scenario_Case5/calabria_MuMinus500_GEN-SIM-DIGI-RECO_CMSSW_6_2_0_SLHC12_2023Scenario_VALNOPU2_Case5/5854dd31cbd3cdec44c48628cc181cf0/validationEDM_13_1_ZP2.root"
echo "StorageElement: storm-se-01.ba.infn.it"
echo "StageOutExitStatusReason = 'Copy succedeed with srm-lcg utils'" | tee -a $RUNTIME_AREA/$repo
echo "StageOutSE = storm-se-01.ba.infn.it" >> $RUNTIME_AREA/$repo

export StageOutExitStatus=0
echo "StageOutExitStatus = 0" | tee -a $RUNTIME_AREA/$repo
-------- end of /home/cms036/home_cream_684096214/CREAM684096214/glide_pttsKW/execute/dir_4065/cmscpReport.sh 
Report for File: /home/cms036/home_cream_684096214/CREAM684096214/glide_pttsKW/execute/dir_4065/CMSSW_6_2_0_SLHC12/validationEDM_13_1_ZP2.root
LFN: /store/user/calabria/calabria_SingleMuPt500_GEN-SIM-DIGI-RECO_CMSSW_6_2_0_SLHC12_2023Scenario_Case5/calabria_MuMinus500_GEN-SIM-DIGI-RECO_CMSSW_6_2_0_SLHC12_2023Scenario_VALNOPU2_Case5/5854dd31cbd3cdec44c48628cc181cf0/validationEDM_13_1_ZP2.root
StorageElement: storm-se-01.ba.infn.it
StageOutExitStatusReason = 'Copy succedeed with srm-lcg utils'
StageOutExitStatus = 0
>>> current dir: /home/cms036/home_cream_684096214/CREAM684096214/glide_pttsKW/execute/dir_4065
>>> current dir content:
total 28080
-rw-------  1 cms036 cms     2786 Jun 17 23:54 .SEinteraction.log
-rwx------  1 cms036 cms     6735 Jun 17 23:49 .job.ad
-rwx------  1 cms036 cms     9434 Jun 17 23:49 .machine.ad
-rw-------  1 cms036 cms      105 Jun 16 20:38 CMSSW.py
-rw-------  1 cms036 cms  3740367 Jun 16 20:38 CMSSW.py.pkl
-rwx------  1 cms036 cms    29569 Jun 17 23:49 CMSSW.sh
drwxr-xr-x 15 cms036 cms     4096 Jun 17 23:53 CMSSW_6_2_0_SLHC12
-rw-------  1 cms036 cms      219 Jun 17 23:49 CacheEnv.sh
-rw-------  1 cms036 cms     7291 Apr  4 11:04 DashboardAPI.py
-rw-------  1 cms036 cms     6800 Jun 17 23:49 DashboardAPI.pyc
drwx------  2 cms036 cms     4096 Jun 17 23:53 IMProv
-rw-------  1 cms036 cms     2748 Apr  4 11:04 Logger.py
-rw-------  1 cms036 cms     3342 Jun 17 23:49 Logger.pyc
-rw-------  1 cms036 cms    24524 Apr  4 11:04 ProcInfo.py
-rw-------  1 cms036 cms    23173 Jun 17 23:49 ProcInfo.pyc
drwx------  7 cms036 cms     4096 Jun 17 23:49 ProdCommon
drwx------  3 cms036 cms     4096 Jun 17 23:49 WMCore
-rw-------  1 cms036 cms     1804 Jun 17 23:54 Watchdog_13.log
-rwx------  1 cms036 cms        0 Jun 17 23:49 _condor_stderr
-rwx---r--  1 cms036 cms    29467 Jun 17 23:54 _condor_stdout
-rw-------  1 cms036 cms    32895 Apr  4 11:04 apmon.py
-rw-------  1 cms036 cms    28596 Jun 17 23:49 apmon.pyc
-rwx------  1 cms036 cms    53903 Jun 17 23:49 arguments.xml
-rwx------  1 cms036 cms    38515 Apr  4 11:04 cmscp.py
-rw-------  1 cms036 cms      719 Jun 17 23:54 cmscpReport.sh
-rwx------  1 cms036 cms    29569 Jun 17 23:49 condor_exec.exe
-rw-------  1 cms036 cms      963 Jun 16 20:38 crab.cfg
-rwx------  1 cms036 cms     8610 Apr  4 11:04 crabWatchdog.sh
-rwx---r--  1 cms036 cms   523365 Jun 17 23:53 crab_fjr_13.xml
-rwx------  1 cms036 cms 23960264 Jun 17 23:49 default.tgz
-rwx------  1 cms036 cms     4488 Apr  4 11:04 fillCrabFjr.py
-rw-------  1 cms036 cms     2651 Jun 17 23:49 inputsReport.txt
-rw-------  1 cms036 cms      256 Jun 17 23:54 jobreport.txt
-rw-------  1 cms036 cms    17352 Apr  4 11:04 parseCrabFjr.py
-rw-------  1 cms036 cms      318 Jun 17 23:49 report.log
-rwx--x--x  1 cms036 cms     1497 Apr  4 11:04 report.py
-rw-------  1 cms036 cms      775 Jun 17 23:54 resultCopyFile
lrwxrwxrwx  1 cms036 cms      125 Jun 17 23:53 validationEDM.root -> /home/cms036/home_cream_684096214/CREAM684096214/glide_pttsKW/execute/dir_4065/CMSSW_6_2_0_SLHC12/validationEDM_13_1_ZP2.root
-rwx------  1 cms036 cms     8387 Apr  4 11:04 writeCfg.py
-rw-------  1 cms036 cms     8014 Jun 17 23:49 x509up_u50707
>>> Modify Job Report:
CMSSW_VERSION = CMSSW_6_2_0_SLHC12
ProcessedDataset = calabria_MuMinus500_GEN-SIM-DIGI-RECO_CMSSW_6_2_0_SLHC12_2023Scenario_VALNOPU2_Case5
/home/cms036/home_cream_684096214/CREAM684096214/glide_pttsKW/execute/dir_4065/ProdCommon/FwkJobRep/ModifyJobReport.py fjr /home/cms036/home_cream_684096214/CREAM684096214/glide_pttsKW/execute/dir_4065/crab_fjr_13.xml json /home/cms036/home_cream_684096214/CREAM684096214/glide_pttsKW/execute/dir_4065/resultCopyFile n_job 13_1_ZP2 PrimaryDataset calabria_SingleMuPt500_GEN-SIM-DIGI-RECO_CMSSW_6_2_0_SLHC12_2023Scenario_Case5  ApplicationFamily cmsRun ApplicationName cmsRun cmssw_version CMSSW_6_2_0_SLHC12 psethash 5854dd31cbd3cdec44c48628cc181cf0 UserProcessedDataset calabria-calabria_MuMinus500_GEN-SIM-DIGI-RECO_CMSSW_6_2_0_SLHC12_2023Scenario_VALNOPU2_Case5-5854dd31cbd3cdec44c48628cc181cf0
inputDict =  {u'/home/cms036/home_cream_684096214/CREAM684096214/glide_pttsKW/execute/dir_4065/CMSSW_6_2_0_SLHC12/validationEDM_13_1_ZP2.root': {u'endpoint': u'srm://storm-se-01.ba.infn.it:8444/srm/managerv2?SFN=//cms/store/user/calabria/calabria_SingleMuPt500_GEN-SIM-DIGI-RECO_CMSSW_6_2_0_SLHC12_2023Scenario_Case5/calabria_MuMinus500_GEN-SIM-DIGI-RECO_CMSSW_6_2_0_SLHC12_2023Scenario_VALNOPU2_Case5/5854dd31cbd3cdec44c48628cc181cf0/', u'surl_for_grid': u'', u'reason': u'Copy succedeed with srm-lcg utils', u'erCode': u'0', u'se_name': u'storm-se-01.ba.infn.it', u'for_lfn': u'/store/user/calabria/calabria_SingleMuPt500_GEN-SIM-DIGI-RECO_CMSSW_6_2_0_SLHC12_2023Scenario_Case5/calabria_MuMinus500_GEN-SIM-DIGI-RECO_CMSSW_6_2_0_SLHC12_2023Scenario_VALNOPU2_Case5/5854dd31cbd3cdec44c48628cc181cf0/'}}
UserProcessedDataset =  calabria-calabria_MuMinus500_GEN-SIM-DIGI-RECO_CMSSW_6_2_0_SLHC12_2023Scenario_VALNOPU2_Case5-5854dd31cbd3cdec44c48628cc181cf0
file_name in inputDict =  /home/cms036/home_cream_684096214/CREAM684096214/glide_pttsKW/execute/dir_4065/CMSSW_6_2_0_SLHC12/validationEDM_13_1_ZP2.root
(size) os.stat(filename)[6] =  3271117
checksum =  1644989675
    file =  validationEDM_13_1_ZP2.root
    newPfn =  srm://storm-se-01.ba.infn.it:8444/srm/managerv2?SFN=//cms/store/user/calabria/calabria_SingleMuPt500_GEN-SIM-DIGI-RECO_CMSSW_6_2_0_SLHC12_2023Scenario_Case5/calabria_MuMinus500_GEN-SIM-DIGI-RECO_CMSSW_6_2_0_SLHC12_2023Scenario_VALNOPU2_Case5/5854dd31cbd3cdec44c48628cc181cf0/validationEDM_13_1_ZP2.root
    newLfn =  /store/user/calabria/calabria_SingleMuPt500_GEN-SIM-DIGI-RECO_CMSSW_6_2_0_SLHC12_2023Scenario_Case5/calabria_MuMinus500_GEN-SIM-DIGI-RECO_CMSSW_6_2_0_SLHC12_2023Scenario_VALNOPU2_Case5/5854dd31cbd3cdec44c48628cc181cf0/validationEDM_13_1_ZP2.root
>>> crab_fjr_*.xml  permission set to 0704
CrabWrapper EXIT_FUNC entered at Tue Jun 17 23:54:37 CEST 2014   -  Tue Jun 17 21:54:37 UTC 2014
Checking output files:  
will tar file crab_fjr_13.xml in  out_files_13
WARNING: output file CMSSW_13.stdout not found!
WARNING: output file CMSSW_13.stderr not found!
WARNING: output file Watchdog_13.log.gz not found!
>>> padding time: Sleeping the wrapper for 266 seconds
STOPPING WATCHDOG. CrabWatchdog PID is 5313
********** LAST 50 LINES OF WATCHDOG LOG
# RESOURCE USAGE SUMMARY FOR PROCESS ID  4196
USER       PID %CPU %MEM    VSZ   RSS TTY      STAT START   TIME COMMAND
cms036    4196  0.2  0.0   9496  1592 ?        S    23:49   0:00 /bin/sh /home/cms036/home_cream_684096214/CREAM684096214/glide_pttsKW/execute/dir_4065/condor_exec.exe 13 1
 
# LIMITS USED BY CRAB WATCHDOG:
# RSS  (KBytes)   : 2300000
# VSZ  (KBytes)   : 100000000
# DISK (MBytes)   : 19000
# CPU TIME        : 720h:0m:0s
# WALL CLOCK TIME : 21h:50m:0s
 
# FOLLOWING PRINTOUT TRACKS MAXIMUM VALUES OF RESOURCES USE
# ONE LINE IS PRINTED EACH TIME A MAXIMUM CHANGES
# IF CHANGE WAS IN RSS OR VSZ ALSO PROCID AND COMMAND ARE PRINTED
# THERE IS NO PRINTOUT FOR CPU/WALL TIME INCREASE
 
# TIME			PID	RSS(KB)	VSZ(KB)	Dsk(MB)	tCPU(s)	tWALL(s)	COMMAND
 Jun 17 23:49:10 CEST	4065	8420	93612	0	0	0	condor_starter -f vocms83.cern.ch        
 Jun 17 23:49:10 CEST	5363	45508	110344	0	0	1	edmConfigHash pset.py         
 Jun 17 23:49:10 CEST	---	45508	110344	171	----	----	----
 Jun 17 23:50:12 CEST	7644	772996	986284	171	26	63	cmsRun -j /home/cms036/home_cream_684096214/CREAM684096214/glide_pttsKW/execute/dir_4065/crab_fjr_13.xml -p pset.py      
 Jun 17 23:50:12 CEST	---	772996	986284	175	----	----	----
 Jun 17 23:51:15 CEST	7644	794180	1017668	175	68	126	cmsRun -j /home/cms036/home_cream_684096214/CREAM684096214/glide_pttsKW/execute/dir_4065/crab_fjr_13.xml -p pset.py      
 Jun 17 23:52:19 CEST	7644	794180	1023044	175	115	191	cmsRun -j /home/cms036/home_cream_684096214/CREAM684096214/glide_pttsKW/execute/dir_4065/crab_fjr_13.xml -p pset.py      
 Jun 17 23:53:23 CEST	7644	794692	1027396	175	157	255	cmsRun -j /home/cms036/home_cream_684096214/CREAM684096214/glide_pttsKW/execute/dir_4065/crab_fjr_13.xml -p pset.py      
 Jun 17 23:54:27 CEST	---	794692	1027396	179	----	----	----
********** WATCHDOG LOG ENDED
ZIPPING WATCHDOG LOG
Disk space used:
du -sh /home/cms036/home_cream_684096214/CREAM684096214/glide_pttsKW/execute/dir_4065
179M	/home/cms036/home_cream_684096214/CREAM684096214/glide_pttsKW/execute/dir_4065
Found unusual stdout, rename for OSB
`/home/cms036/home_cream_684096214/CREAM684096214/glide_pttsKW/execute/dir_4065/_condor_stdout' -> `CMSSW_13.stdout'
Found unusual stderr, rename for OSB
`/home/cms036/home_cream_684096214/CREAM684096214/glide_pttsKW/execute/dir_4065/_condor_stdout' -> `CMSSW_13.stderr'
crab_fjr_13.xml
CMSSW_13.stdout
CMSSW_13.stderr
Watchdog_13.log.gz
Total Output dimension: 69176
WARNING: output files size limit is set to: 50000000
Total Output dimension 69176 is fine.
JOB_EXIT_STATUS = 0
>>> info for dashboard:
***** Cat /home/cms036/home_cream_684096214/CREAM684096214/glide_pttsKW/execute/dir_4065/jobreport.txt *****
MonitorJobID=13_https://vocms83.cern.ch//140616//86810.12
MonitorID=calabria_MuMinus500_Case5_ReReco_a7j0g2
ExeTime=254
ExeExitCode=0
StageOutExitStatusReason = 'Copy succedeed with srm-lcg utils'
StageOutSE = storm-se-01.ba.infn.it
StageOutExitStatus = 0
CrabUserCpuTime=167.64
CrabSysCpuTime=4.91
CrabCpuPercentage=67%
CrabWrapperTime=600
CrabStageoutTime=48
JobExitCode=0
***** End Cat jobreport *****
Parameters sent to Dashboard.
EXITING at Tue Jun 17 23:59:09 CEST 2014  -  Tue Jun 17 21:59:09 UTC 2014
