This script was generated by crab (version 2.10.5_patch1).
Running /home/cms021/home_cream_721084150/CREAM721084150/glide_Iesb9H/execute/dir_24147/condor_exec.exe with 2 positional parameters: 3 1
Today is Wed Jun 18 00:58:38 CEST 2014 - Tue Jun 17 22:58:38 UTC 2014
Job submitted on host alicegrid64.ba.infn.it
Linux alicegrid64.ba.infn.it 2.6.32-358.23.2.el6.x86_64 #1 SMP Thu Oct 17 10:27:22 CEST 2013 x86_64 x86_64 x86_64 GNU/Linux
>>> current directory (RUNTIME_AREA): /home/cms021/home_cream_721084150/CREAM721084150/glide_Iesb9H/execute/dir_24147
>>> current user: uid=18547(cms021) gid=1399(cms) groups=1399(cms)
>>> directory permission set to 0700
>>> umask set to:  u=rwx,g=,o=
>>> stdout stderr permission set to 0704
>>> voms proxy information:
subject   : /C=IT/O=INFN/OU=Personal Certificate/L=Bari/CN=Cesare Calabria/CN=477126703/CN=383910504
issuer    : /C=IT/O=INFN/OU=Personal Certificate/L=Bari/CN=Cesare Calabria/CN=477126703
identity  : /C=IT/O=INFN/OU=Personal Certificate/L=Bari/CN=Cesare Calabria
type      : RFC3820 compliant limited proxy
strength  : 1024
path      : /home/cms021/home_cream_721084150/CREAM721084150/glide_Iesb9H/execute/dir_24147/x509up_u50707
timeleft  : 23:59:34
key usage : Digital Signature, Key Encipherment, Data Encipherment
=== VO cms extension information ===
VO        : cms
subject   : /C=IT/O=INFN/OU=Personal Certificate/L=Bari/CN=Cesare Calabria
issuer    : /DC=ch/DC=cern/OU=computers/CN=voms.cern.ch
attribute : /cms/Role=NULL/Capability=NULL
attribute : /cms/itcms/Role=NULL/Capability=NULL
timeleft  : 154:25:41
uri       : voms.cern.ch:15002

WNHostName=alicegrid64.ba.infn.it
>>> tar --no-same-permissions -xf /home/cms021/home_cream_721084150/CREAM721084150/glide_Iesb9H/execute/dir_24147/default.tgz :
Successful untar
>>> Include /home/cms021/home_cream_721084150/CREAM721084150/glide_Iesb9H/execute/dir_24147 in PYTHONPATH:
strip arguments
env var CRAB_UNIQUE_JOB_ID set to: calabria_MuMinus5_Case4_ReReco_r2bu19_3_1_qjH
out_files_3
>>> list of expected files on output sandbox
output files: crab_fjr_3.xml CMSSW_3.stdout CMSSW_3.stderr Watchdog_3.log.gz
>>> GridFlavour discovery: 
GridFlavour=LCG
>>> SyncSite discovery: 
SyncSite=T2_IT_Bari
>>> SyncCE discovery: 
getting SyncCE from CE_ID
SyncCE=cream-ce-2.ba.infn.it:8443/cream-pbs-cms
>>> info for dashboard:
***** Cat /home/cms021/home_cream_721084150/CREAM721084150/glide_Iesb9H/execute/dir_24147/jobreport.txt *****
WNHostName=alicegrid64.ba.infn.it
MonitorJobID=3_https://submit-4.t2.ucsd.edu//140616//222489.2
SyncGridJobId=https://submit-4.t2.ucsd.edu//140616//222489.2
MonitorID=calabria_MuMinus5_Case4_ReReco_r2bu19
GridFlavour=LCG
SyncSite=T2_IT_Bari
SyncCE=cream-ce-2.ba.infn.it:8443/cream-pbs-cms
***** End Cat jobreport *****
Parameters sent to Dashboard.
>>> setup environment
set SCRAM ARCH to slc5_amd64_gcc472
SCRAM_ARCH = slc5_amd64_gcc472
>>> setup CMS LCG environment:
set SCRAM ARCH and BUILD_ARCH to slc5_amd64_gcc472 ###
Sourcing environment... 
sourcing /cvmfs/cms.cern.ch/cmsset_default.sh
==> setup cms environment ok
>>> specific cmssw setup environment:
CMSSW_VERSION =  CMSSW_6_2_0_SLHC12
>>> current directory (SOFTWARE_DIR): /home/cms021/home_cream_721084150/CREAM721084150/glide_Iesb9H/execute/dir_24147/CMSSW_6_2_0_SLHC12
PreserveSeeds: <>
IncrementSeeds:<>
>>> info for dashboard:
***** Cat /home/cms021/home_cream_721084150/CREAM721084150/glide_Iesb9H/execute/dir_24147/jobreport.txt *****
MonitorJobID=3_https://submit-4.t2.ucsd.edu//140616//222489.2
MonitorID=calabria_MuMinus5_Case4_ReReco_r2bu19
***** End Cat jobreport *****
Parameters sent to Dashboard.
crabWatchdog started as process 26567
>>> moving CMSSW software directories in /home/cms021/home_cream_721084150/CREAM721084150/glide_Iesb9H/execute/dir_24147/CMSSW_6_2_0_SLHC12
mv: cannot stat `/home/cms021/home_cream_721084150/CREAM721084150/glide_Iesb9H/execute/dir_24147/module/': No such file or directory
>>> Include /home/cms021/home_cream_721084150/CREAM721084150/glide_Iesb9H/execute/dir_24147 in PYTHONPATH:
PYTHONPATH=/home/cms021/home_cream_721084150/CREAM721084150/glide_Iesb9H/execute/dir_24147/:/home/cms021/home_cream_721084150/CREAM721084150/glide_Iesb9H/execute/dir_24147/CMSSW_6_2_0_SLHC12/python:/home/cms021/home_cream_721084150/CREAM721084150/glide_Iesb9H/execute/dir_24147/CMSSW_6_2_0_SLHC12/lib/slc5_amd64_gcc472:/cvmfs/cms.cern.ch/slc5_amd64_gcc472/cms/cmssw/CMSSW_6_2_0_SLHC12/python:/cvmfs/cms.cern.ch/slc5_amd64_gcc472/cms/cmssw/CMSSW_6_2_0_SLHC12/lib/slc5_amd64_gcc472:/cvmfs/cms.cern.ch/slc5_amd64_gcc472/cms/coral/CORAL_2_3_21-cms36/slc5_amd64_gcc472/python:/cvmfs/cms.cern.ch/slc5_amd64_gcc472/cms/coral/CORAL_2_3_21-cms36/slc5_amd64_gcc472/lib:/cvmfs/cms.cern.ch/slc5_amd64_gcc472/external/pyqt/4.8.1-cms6/lib/python2.7/site-packages:/cvmfs/cms.cern.ch/slc5_amd64_gcc472/external/py2-scipy/0.8.0-cms8/lib/python2.7/site-packages:/cvmfs/cms.cern.ch/slc5_amd64_gcc472/external/py2-matplotlib/1.0.1-cms8/lib/python2.7/site-packages:/cvmfs/cms.cern.ch/slc5_amd64_gcc472/external/python-ldap/2.3.5-cms6/lib/python2.7/site-packages:/cvmfs/cms.cern.ch/slc5_amd64_gcc472/external/sip/4.11.2-cms6/lib/python2.7/site-packages:/cvmfs/cms.cern.ch/slc5_amd64_gcc472/external/py2-pycurl/7.19.0-cms8/lib/python2.7/site-packages:/cvmfs/cms.cern.ch/slc5_amd64_gcc472/external/py2-numpy/1.6.1-cms8/lib/python2.7/site-packages:/cvmfs/cms.cern.ch/slc5_amd64_gcc472/external/py2-lint/0.25.1-cms6/lib/python2.7/site-packages:/cvmfs/cms.cern.ch/slc5_amd64_gcc472/external/py2-ipython/0.10-cms6/lib/python2.7/site-packages:/cvmfs/cms.cern.ch/slc5_amd64_gcc472/external/py2-cx-oracle/5.1-cms7/lib/python2.7/site-packages:/cvmfs/cms.cern.ch/slc5_amd64_gcc472/external/py2-cjson/1.0.5-cms6/lib/python2.7/site-packages:/cvmfs/cms.cern.ch/slc5_amd64_gcc472/cms/das-client/1.11.7/bin:/cvmfs/cms.cern.ch/slc5_amd64_gcc472/external/elementtree/1.2.6-cms6/share/lib/python2.7/site-packages:/cvmfs/cms.cern.ch/slc5_amd64_gcc472/external/rivet/1.8.2-cms8/lib/python2.7/site-packages:/cvmfs/cms.cern.ch/slc5_amd64_gcc472/external/pyminuit2/0.0.1-cms19/lib/python2.7/site-packages:/cvmfs/cms.cern.ch/slc5_amd64_gcc472/external/py2-pygithub/1.23.0/lib/python2.7/site-packages:/cvmfs/cms.cern.ch/slc5_amd64_gcc472/external/professor/1.0.0-cms19/lib/python2.7/site-packages:/cvmfs/cms.cern.ch/slc5_amd64_gcc472/lcg/root/5.34.07-cms/lib:/cvmfs/cms.cern.ch/slc5_amd64_gcc472/cms/dbs-client/DBS_2_1_9-cms5/lib:/cvmfs/cms.cern.ch/slc5_amd64_gcc472/cms/dbs-client/DBS_2_1_9-cms5/lib/DBSAPI:/cvmfs/cms.cern.ch/slc5_amd64_gcc472/external/cvs2git/5419-cms/lib:/home/cms021/home_cream_721084150/CREAM721084150/glide_Iesb9H/execute/dir_24147/
 
# LIMITS USED BY CRAB WATCHDOG:
# RSS  (KBytes)   : 2300000
# VSZ  (KBytes)   : 100000000
# DISK (MBytes)   : 19000
# CPU TIME        : 720h:0m:0s
# WALL CLOCK TIME : 21h:50m:0s
 
5854dd31cbd3cdec44c48628cc181cf0
PSETHASH = 5854dd31cbd3cdec44c48628cc181cf0
/home/cms021/home_cream_721084150/CREAM721084150/glide_Iesb9H/execute/dir_24147/writeCfg.py pset.py pset.py
Importing .py file
Setting parameters
RandomNumberGeneratorService found, will attempt to change seeds
inputBlocks=/calabria_SingleMuPt5_GEN-SIM-DIGI-RECO_CMSSW_6_2_0_SLHC12_2023Scenario_Case4/calabria-calabria_SingleMuPt5_GEN-SIM-DIGI-RECO_CMSSW_6_2_0_SLHC12_2023Scenario_Case4-01e8787d2102816c4c34c374fc192ef2/USER#1562c90a-7f0a-496e-be24-a0d81bae10fc
inputFiles=/store/user/calabria/calabria_SingleMuPt5_GEN-SIM-DIGI-RECO_CMSSW_6_2_0_SLHC12_2023Scenario_Case4/calabria_SingleMuPt5_GEN-SIM-DIGI-RECO_CMSSW_6_2_0_SLHC12_2023Scenario_Case4/01e8787d2102816c4c34c374fc192ef2/out_reco_425_1_Bv7.root;/store/user/calabria/calabria_SingleMuPt5_GEN-SIM-DIGI-RECO_CMSSW_6_2_0_SLHC12_2023Scenario_Case4/calabria_SingleMuPt5_GEN-SIM-DIGI-RECO_CMSSW_6_2_0_SLHC12_2023Scenario_Case4/01e8787d2102816c4c34c374fc192ef2/out_reco_426_1_5se.root;/store/user/calabria/calabria_SingleMuPt5_GEN-SIM-DIGI-RECO_CMSSW_6_2_0_SLHC12_2023Scenario_Case4/calabria_SingleMuPt5_GEN-SIM-DIGI-RECO_CMSSW_6_2_0_SLHC12_2023Scenario_Case4/01e8787d2102816c4c34c374fc192ef2/out_reco_427_1_NXd.root;/store/user/calabria/calabria_SingleMuPt5_GEN-SIM-DIGI-RECO_CMSSW_6_2_0_SLHC12_2023Scenario_Case4/calabria_SingleMuPt5_GEN-SIM-DIGI-RECO_CMSSW_6_2_0_SLHC12_2023Scenario_Case4/01e8787d2102816c4c34c374fc192ef2/out_reco_428_1_rRD.root;/store/user/calabria/calabria_SingleMuPt5_GEN-SIM-DIGI-RECO_CMSSW_6_2_0_SLHC12_2023Scenario_Case4/calabria_SingleMuPt5_GEN-SIM-DIGI-RECO_CMSSW_6_2_0_SLHC12_2023Scenario_Case4/01e8787d2102816c4c34c374fc192ef2/out_reco_429_1_pdS.root;/store/user/calabria/calabria_SingleMuPt5_GEN-SIM-DIGI-RECO_CMSSW_6_2_0_SLHC12_2023Scenario_Case4/calabria_SingleMuPt5_GEN-SIM-DIGI-RECO_CMSSW_6_2_0_SLHC12_2023Scenario_Case4/01e8787d2102816c4c34c374fc192ef2/out_reco_431_1_N56.root;/store/user/calabria/calabria_SingleMuPt5_GEN-SIM-DIGI-RECO_CMSSW_6_2_0_SLHC12_2023Scenario_Case4/calabria_SingleMuPt5_GEN-SIM-DIGI-RECO_CMSSW_6_2_0_SLHC12_2023Scenario_Case4/01e8787d2102816c4c34c374fc192ef2/out_reco_432_1_sYx.root;/store/user/calabria/calabria_SingleMuPt5_GEN-SIM-DIGI-RECO_CMSSW_6_2_0_SLHC12_2023Scenario_Case4/calabria_SingleMuPt5_GEN-SIM-DIGI-RECO_CMSSW_6_2_0_SLHC12_2023Scenario_Case4/01e8787d2102816c4c34c374fc192ef2/out_reco_433_1_Wcb.root;/store/user/calabria/calabria_SingleMuPt5_GEN-SIM-DIGI-RECO_CMSSW_6_2_0_SLHC12_2023Scenario_Case4/calabria_SingleMuPt5_GEN-SIM-DIGI-RECO_CMSSW_6_2_0_SLHC12_2023Scenario_Case4/01e8787d2102816c4c34c374fc192ef2/out_reco_434_1_gxR.root;/store/user/calabria/calabria_SingleMuPt5_GEN-SIM-DIGI-RECO_CMSSW_6_2_0_SLHC12_2023Scenario_Case4/calabria_SingleMuPt5_GEN-SIM-DIGI-RECO_CMSSW_6_2_0_SLHC12_2023Scenario_Case4/01e8787d2102816c4c34c374fc192ef2/out_reco_436_1_Bib.root
parentFiles=
lumisRange=
>>> Executable cmsRun
/cvmfs/cms.cern.ch/slc5_amd64_gcc472/cms/cmssw/CMSSW_6_2_0_SLHC12/bin/slc5_amd64_gcc472/cmsRun
ok executable found
>>> info for dashboard:
***** Cat /home/cms021/home_cream_721084150/CREAM721084150/glide_Iesb9H/execute/dir_24147/jobreport.txt *****
MonitorJobID=3_https://submit-4.t2.ucsd.edu//140616//222489.2
MonitorID=calabria_MuMinus5_Case4_ReReco_r2bu19
ExeStart=cmsRun
***** End Cat jobreport *****
Parameters sent to Dashboard.
>>> cmsRun started at Tue Jun 17 22:59:00 UTC 2014
>>> cmsRun ended at Tue Jun 17 23:04:49 UTC 2014
>>> crab_fjr_*.xml  permission set to 0704
>>> info for dashboard:
***** Cat /home/cms021/home_cream_721084150/CREAM721084150/glide_Iesb9H/execute/dir_24147/jobreport.txt *****
MonitorJobID=3_https://submit-4.t2.ucsd.edu//140616//222489.2
MonitorID=calabria_MuMinus5_Case4_ReReco_r2bu19
ExeEnd=cmsRun
***** End Cat jobreport *****
Parameters sent to Dashboard.
TIME_EXE = 349 sec
>>> cmsRun wrote 50 lines of stdout+stderr
>>> START OF printout of 50 lines from stdout+stderr
271 DQMStore::DQMStore 
HcalTopologyIdealEP::HcalTopologyIdealEP
18-Jun-2014 00:59:17 CEST  Initiating request to open file file:/lustre/cms//store/user/calabria/calabria_SingleMuPt5_GEN-SIM-DIGI-RECO_CMSSW_6_2_0_SLHC12_2023Scenario_Case4/calabria_SingleMuPt5_GEN-SIM-DIGI-RECO_CMSSW_6_2_0_SLHC12_2023Scenario_Case4/01e8787d2102816c4c34c374fc192ef2/out_reco_425_1_Bv7.root
18-Jun-2014 00:59:20 CEST  Successfully opened file file:/lustre/cms//store/user/calabria/calabria_SingleMuPt5_GEN-SIM-DIGI-RECO_CMSSW_6_2_0_SLHC12_2023Scenario_Case4/calabria_SingleMuPt5_GEN-SIM-DIGI-RECO_CMSSW_6_2_0_SLHC12_2023Scenario_Case4/01e8787d2102816c4c34c374fc192ef2/out_reco_425_1_Bv7.root
18-Jun-2014 00:59:54 CEST  Closed file file:/lustre/cms//store/user/calabria/calabria_SingleMuPt5_GEN-SIM-DIGI-RECO_CMSSW_6_2_0_SLHC12_2023Scenario_Case4/calabria_SingleMuPt5_GEN-SIM-DIGI-RECO_CMSSW_6_2_0_SLHC12_2023Scenario_Case4/01e8787d2102816c4c34c374fc192ef2/out_reco_425_1_Bv7.root
18-Jun-2014 00:59:54 CEST  Initiating request to open file file:/lustre/cms//store/user/calabria/calabria_SingleMuPt5_GEN-SIM-DIGI-RECO_CMSSW_6_2_0_SLHC12_2023Scenario_Case4/calabria_SingleMuPt5_GEN-SIM-DIGI-RECO_CMSSW_6_2_0_SLHC12_2023Scenario_Case4/01e8787d2102816c4c34c374fc192ef2/out_reco_426_1_5se.root
18-Jun-2014 00:59:54 CEST  Successfully opened file file:/lustre/cms//store/user/calabria/calabria_SingleMuPt5_GEN-SIM-DIGI-RECO_CMSSW_6_2_0_SLHC12_2023Scenario_Case4/calabria_SingleMuPt5_GEN-SIM-DIGI-RECO_CMSSW_6_2_0_SLHC12_2023Scenario_Case4/01e8787d2102816c4c34c374fc192ef2/out_reco_426_1_5se.root
18-Jun-2014 01:00:28 CEST  Closed file file:/lustre/cms//store/user/calabria/calabria_SingleMuPt5_GEN-SIM-DIGI-RECO_CMSSW_6_2_0_SLHC12_2023Scenario_Case4/calabria_SingleMuPt5_GEN-SIM-DIGI-RECO_CMSSW_6_2_0_SLHC12_2023Scenario_Case4/01e8787d2102816c4c34c374fc192ef2/out_reco_426_1_5se.root
18-Jun-2014 01:00:28 CEST  Initiating request to open file file:/lustre/cms//store/user/calabria/calabria_SingleMuPt5_GEN-SIM-DIGI-RECO_CMSSW_6_2_0_SLHC12_2023Scenario_Case4/calabria_SingleMuPt5_GEN-SIM-DIGI-RECO_CMSSW_6_2_0_SLHC12_2023Scenario_Case4/01e8787d2102816c4c34c374fc192ef2/out_reco_427_1_NXd.root
18-Jun-2014 01:00:28 CEST  Successfully opened file file:/lustre/cms//store/user/calabria/calabria_SingleMuPt5_GEN-SIM-DIGI-RECO_CMSSW_6_2_0_SLHC12_2023Scenario_Case4/calabria_SingleMuPt5_GEN-SIM-DIGI-RECO_CMSSW_6_2_0_SLHC12_2023Scenario_Case4/01e8787d2102816c4c34c374fc192ef2/out_reco_427_1_NXd.root
18-Jun-2014 01:00:52 CEST  Closed file file:/lustre/cms//store/user/calabria/calabria_SingleMuPt5_GEN-SIM-DIGI-RECO_CMSSW_6_2_0_SLHC12_2023Scenario_Case4/calabria_SingleMuPt5_GEN-SIM-DIGI-RECO_CMSSW_6_2_0_SLHC12_2023Scenario_Case4/01e8787d2102816c4c34c374fc192ef2/out_reco_427_1_NXd.root
18-Jun-2014 01:00:52 CEST  Initiating request to open file file:/lustre/cms//store/user/calabria/calabria_SingleMuPt5_GEN-SIM-DIGI-RECO_CMSSW_6_2_0_SLHC12_2023Scenario_Case4/calabria_SingleMuPt5_GEN-SIM-DIGI-RECO_CMSSW_6_2_0_SLHC12_2023Scenario_Case4/01e8787d2102816c4c34c374fc192ef2/out_reco_428_1_rRD.root
18-Jun-2014 01:00:53 CEST  Successfully opened file file:/lustre/cms//store/user/calabria/calabria_SingleMuPt5_GEN-SIM-DIGI-RECO_CMSSW_6_2_0_SLHC12_2023Scenario_Case4/calabria_SingleMuPt5_GEN-SIM-DIGI-RECO_CMSSW_6_2_0_SLHC12_2023Scenario_Case4/01e8787d2102816c4c34c374fc192ef2/out_reco_428_1_rRD.root
18-Jun-2014 01:01:27 CEST  Closed file file:/lustre/cms//store/user/calabria/calabria_SingleMuPt5_GEN-SIM-DIGI-RECO_CMSSW_6_2_0_SLHC12_2023Scenario_Case4/calabria_SingleMuPt5_GEN-SIM-DIGI-RECO_CMSSW_6_2_0_SLHC12_2023Scenario_Case4/01e8787d2102816c4c34c374fc192ef2/out_reco_428_1_rRD.root
18-Jun-2014 01:01:27 CEST  Initiating request to open file file:/lustre/cms//store/user/calabria/calabria_SingleMuPt5_GEN-SIM-DIGI-RECO_CMSSW_6_2_0_SLHC12_2023Scenario_Case4/calabria_SingleMuPt5_GEN-SIM-DIGI-RECO_CMSSW_6_2_0_SLHC12_2023Scenario_Case4/01e8787d2102816c4c34c374fc192ef2/out_reco_429_1_pdS.root
18-Jun-2014 01:01:27 CEST  Successfully opened file file:/lustre/cms//store/user/calabria/calabria_SingleMuPt5_GEN-SIM-DIGI-RECO_CMSSW_6_2_0_SLHC12_2023Scenario_Case4/calabria_SingleMuPt5_GEN-SIM-DIGI-RECO_CMSSW_6_2_0_SLHC12_2023Scenario_Case4/01e8787d2102816c4c34c374fc192ef2/out_reco_429_1_pdS.root
18-Jun-2014 01:02:02 CEST  Closed file file:/lustre/cms//store/user/calabria/calabria_SingleMuPt5_GEN-SIM-DIGI-RECO_CMSSW_6_2_0_SLHC12_2023Scenario_Case4/calabria_SingleMuPt5_GEN-SIM-DIGI-RECO_CMSSW_6_2_0_SLHC12_2023Scenario_Case4/01e8787d2102816c4c34c374fc192ef2/out_reco_429_1_pdS.root
18-Jun-2014 01:02:02 CEST  Initiating request to open file file:/lustre/cms//store/user/calabria/calabria_SingleMuPt5_GEN-SIM-DIGI-RECO_CMSSW_6_2_0_SLHC12_2023Scenario_Case4/calabria_SingleMuPt5_GEN-SIM-DIGI-RECO_CMSSW_6_2_0_SLHC12_2023Scenario_Case4/01e8787d2102816c4c34c374fc192ef2/out_reco_431_1_N56.root
18-Jun-2014 01:02:02 CEST  Successfully opened file file:/lustre/cms//store/user/calabria/calabria_SingleMuPt5_GEN-SIM-DIGI-RECO_CMSSW_6_2_0_SLHC12_2023Scenario_Case4/calabria_SingleMuPt5_GEN-SIM-DIGI-RECO_CMSSW_6_2_0_SLHC12_2023Scenario_Case4/01e8787d2102816c4c34c374fc192ef2/out_reco_431_1_N56.root
18-Jun-2014 01:02:35 CEST  Closed file file:/lustre/cms//store/user/calabria/calabria_SingleMuPt5_GEN-SIM-DIGI-RECO_CMSSW_6_2_0_SLHC12_2023Scenario_Case4/calabria_SingleMuPt5_GEN-SIM-DIGI-RECO_CMSSW_6_2_0_SLHC12_2023Scenario_Case4/01e8787d2102816c4c34c374fc192ef2/out_reco_431_1_N56.root
18-Jun-2014 01:02:35 CEST  Initiating request to open file file:/lustre/cms//store/user/calabria/calabria_SingleMuPt5_GEN-SIM-DIGI-RECO_CMSSW_6_2_0_SLHC12_2023Scenario_Case4/calabria_SingleMuPt5_GEN-SIM-DIGI-RECO_CMSSW_6_2_0_SLHC12_2023Scenario_Case4/01e8787d2102816c4c34c374fc192ef2/out_reco_432_1_sYx.root
18-Jun-2014 01:02:35 CEST  Successfully opened file file:/lustre/cms//store/user/calabria/calabria_SingleMuPt5_GEN-SIM-DIGI-RECO_CMSSW_6_2_0_SLHC12_2023Scenario_Case4/calabria_SingleMuPt5_GEN-SIM-DIGI-RECO_CMSSW_6_2_0_SLHC12_2023Scenario_Case4/01e8787d2102816c4c34c374fc192ef2/out_reco_432_1_sYx.root
18-Jun-2014 01:03:03 CEST  Closed file file:/lustre/cms//store/user/calabria/calabria_SingleMuPt5_GEN-SIM-DIGI-RECO_CMSSW_6_2_0_SLHC12_2023Scenario_Case4/calabria_SingleMuPt5_GEN-SIM-DIGI-RECO_CMSSW_6_2_0_SLHC12_2023Scenario_Case4/01e8787d2102816c4c34c374fc192ef2/out_reco_432_1_sYx.root
18-Jun-2014 01:03:03 CEST  Initiating request to open file file:/lustre/cms//store/user/calabria/calabria_SingleMuPt5_GEN-SIM-DIGI-RECO_CMSSW_6_2_0_SLHC12_2023Scenario_Case4/calabria_SingleMuPt5_GEN-SIM-DIGI-RECO_CMSSW_6_2_0_SLHC12_2023Scenario_Case4/01e8787d2102816c4c34c374fc192ef2/out_reco_433_1_Wcb.root
18-Jun-2014 01:03:03 CEST  Successfully opened file file:/lustre/cms//store/user/calabria/calabria_SingleMuPt5_GEN-SIM-DIGI-RECO_CMSSW_6_2_0_SLHC12_2023Scenario_Case4/calabria_SingleMuPt5_GEN-SIM-DIGI-RECO_CMSSW_6_2_0_SLHC12_2023Scenario_Case4/01e8787d2102816c4c34c374fc192ef2/out_reco_433_1_Wcb.root
18-Jun-2014 01:03:37 CEST  Closed file file:/lustre/cms//store/user/calabria/calabria_SingleMuPt5_GEN-SIM-DIGI-RECO_CMSSW_6_2_0_SLHC12_2023Scenario_Case4/calabria_SingleMuPt5_GEN-SIM-DIGI-RECO_CMSSW_6_2_0_SLHC12_2023Scenario_Case4/01e8787d2102816c4c34c374fc192ef2/out_reco_433_1_Wcb.root
18-Jun-2014 01:03:37 CEST  Initiating request to open file file:/lustre/cms//store/user/calabria/calabria_SingleMuPt5_GEN-SIM-DIGI-RECO_CMSSW_6_2_0_SLHC12_2023Scenario_Case4/calabria_SingleMuPt5_GEN-SIM-DIGI-RECO_CMSSW_6_2_0_SLHC12_2023Scenario_Case4/01e8787d2102816c4c34c374fc192ef2/out_reco_434_1_gxR.root
18-Jun-2014 01:03:38 CEST  Successfully opened file file:/lustre/cms//store/user/calabria/calabria_SingleMuPt5_GEN-SIM-DIGI-RECO_CMSSW_6_2_0_SLHC12_2023Scenario_Case4/calabria_SingleMuPt5_GEN-SIM-DIGI-RECO_CMSSW_6_2_0_SLHC12_2023Scenario_Case4/01e8787d2102816c4c34c374fc192ef2/out_reco_434_1_gxR.root
18-Jun-2014 01:04:09 CEST  Closed file file:/lustre/cms//store/user/calabria/calabria_SingleMuPt5_GEN-SIM-DIGI-RECO_CMSSW_6_2_0_SLHC12_2023Scenario_Case4/calabria_SingleMuPt5_GEN-SIM-DIGI-RECO_CMSSW_6_2_0_SLHC12_2023Scenario_Case4/01e8787d2102816c4c34c374fc192ef2/out_reco_434_1_gxR.root
18-Jun-2014 01:04:09 CEST  Initiating request to open file file:/lustre/cms//store/user/calabria/calabria_SingleMuPt5_GEN-SIM-DIGI-RECO_CMSSW_6_2_0_SLHC12_2023Scenario_Case4/calabria_SingleMuPt5_GEN-SIM-DIGI-RECO_CMSSW_6_2_0_SLHC12_2023Scenario_Case4/01e8787d2102816c4c34c374fc192ef2/out_reco_436_1_Bib.root
18-Jun-2014 01:04:09 CEST  Successfully opened file file:/lustre/cms//store/user/calabria/calabria_SingleMuPt5_GEN-SIM-DIGI-RECO_CMSSW_6_2_0_SLHC12_2023Scenario_Case4/calabria_SingleMuPt5_GEN-SIM-DIGI-RECO_CMSSW_6_2_0_SLHC12_2023Scenario_Case4/01e8787d2102816c4c34c374fc192ef2/out_reco_436_1_Bib.root
18-Jun-2014 01:04:48 CEST  Closed file file:/lustre/cms//store/user/calabria/calabria_SingleMuPt5_GEN-SIM-DIGI-RECO_CMSSW_6_2_0_SLHC12_2023Scenario_Case4/calabria_SingleMuPt5_GEN-SIM-DIGI-RECO_CMSSW_6_2_0_SLHC12_2023Scenario_Case4/01e8787d2102816c4c34c374fc192ef2/out_reco_436_1_Bib.root

=============================================

MessageLogger Summary

 type     category        sev    module        subroutine        count    total
 ---- -------------------- -- ---------------- ----------------  -----    -----
    1 fileAction           -s file_close                            10       10
    2 fileAction           -s file_open                             20       20

 type    category    Examples: run/evt        run/evt          run/evt
 ---- -------------------- ---------------- ---------------- ----------------
    1 fileAction           PostProcessEvent PostProcessEvent PostEndRun
    2 fileAction           pre-events       pre-events       PostProcessEvent

Severity    # Occurrences   Total Occurrences
--------    -------------   -----------------
System                 30                  30
>>> END OF printout of 50 lines from stdout+stderr
>>> Parse FrameworkJobReport crab_fjr.xml
Result of parsing the FrameworkJobReport crab_fjr.xml: Popularity start
lumisRange : 1::::1;1::::2;1::::3;1::::4;1::::5;1::::6;1::::7;1::::8;1::::9;1::::10;
lumisParentRange : 
Basename : /store/user/calabria/calabria_SingleMuPt5_GEN-SIM-DIGI-RECO_CMSSW_6_2_0_SLHC12_2023Scenario_Case4/calabria_SingleMuPt5_GEN-SIM-DIGI-RECO_CMSSW_6_2_0_SLHC12_2023Scenario_Case4/01e8787d2102816c4c34c374fc192ef2/out_reco_4
BasenameParent : 
parentFiles : 
inputBlocks : /calabria_SingleMuPt5_GEN-SIM-DIGI-RECO_CMSSW_6_2_0_SLHC12_2023Scenario_Case4/calabria-calabria_SingleMuPt5_GEN-SIM-DIGI-RECO_CMSSW_6_2_0_SLHC12_2023Scenario_Case4-01e8787d2102816c4c34c374fc192ef2/USER#1562c90a-7f0a-496e-be24-a0d81bae10fc
inputFiles : 28_1_rRD.root::1::EDM::Local::1;25_1_Bv7.root::1::EDM::Local::2;29_1_pdS.root::1::EDM::Local::3;27_1_NXd.root::1::EDM::Local::4;31_1_N56.root::1::EDM::Local::5;36_1_Bib.root::1::EDM::Local::6;32_1_sYx.root::1::EDM::Local::7;34_1_gxR.root::1::EDM::Local::8;33_1_Wcb.root::1::EDM::Local::9;26_1_5se.root::1::EDM::Local::10;
Popularity stop
Extracted ExitStatus from FrameworkJobReport parsing output: 0
>>> Executable succeded  0
ExeExitCode=0
EXECUTABLE_EXIT_STATUS = 0
>>> current directory /home/cms021/home_cream_721084150/CREAM721084150/glide_Iesb9H/execute/dir_24147/CMSSW_6_2_0_SLHC12
>>>  (SOFTWARE_DIR): /home/cms021/home_cream_721084150/CREAM721084150/glide_Iesb9H/execute/dir_24147/CMSSW_6_2_0_SLHC12
>>> (WORKING_DIR): 
>>> current directory content:
total 10472
drwxr-xr-x 3 cms021 cms    4096 Jun 18 00:58 .SCRAM
-rw------- 1 cms021 cms 3740310 Jun 18 00:58 CMSSW.py.pkl
drwxr-xr-x 3 cms021 cms    4096 Jun 18 00:58 bin
drwxr-xr-x 3 cms021 cms    4096 Jun 18 00:58 cfipython
drwxr-xr-x 4 cms021 cms    4096 Jun 18 00:58 config
-rw------- 1 cms021 cms      16 Jun 18 01:04 cpu_timing.txt
drwxr-xr-x 2 cms021 cms    4096 Jun 18 00:58 doc
-rw------- 1 cms021 cms    9865 Jun 18 01:04 executable.out
drwxr-xr-x 2 cms021 cms    4096 Jun 18 00:58 include
drwx------ 3 cms021 cms    4096 Apr 28 18:12 lib
drwxr-xr-x 3 cms021 cms    4096 Jun 18 00:58 logs
drwxr-xr-x 3 cms021 cms    4096 Jun 18 00:58 objs
-rw------- 1 cms021 cms     104 Jun 18 00:58 pset.py
-rw------- 1 cms021 cms 3712240 Jun 18 00:58 pset.py.pkl
-rw------- 1 cms021 cms     289 Jun 18 00:58 pset.pyc
drwxr-xr-x 2 cms021 cms    4096 Jun 18 00:58 python
-rw------- 1 cms021 cms     401 Jun 18 01:04 report.log
drwx------ 6 cms021 cms    4096 Jun 18 00:58 src
drwxr-xr-x 3 cms021 cms    4096 Jun 18 00:58 test
drwxr-xr-x 3 cms021 cms    4096 Jun 18 00:58 tmp
-rw------- 1 cms021 cms 3168376 Jun 18 01:04 validationEDM.root
>>> current directory /home/cms021/home_cream_721084150/CREAM721084150/glide_Iesb9H/execute/dir_24147/CMSSW_6_2_0_SLHC12
>>> (SOFTWARE_DIR): /home/cms021/home_cream_721084150/CREAM721084150/glide_Iesb9H/execute/dir_24147/CMSSW_6_2_0_SLHC12
>>> (WORKING_DIR): 
>>> current directory content:
total 10472
drwxr-xr-x 3 cms021 cms    4096 Jun 18 00:58 .SCRAM
-rw------- 1 cms021 cms 3740310 Jun 18 00:58 CMSSW.py.pkl
drwxr-xr-x 3 cms021 cms    4096 Jun 18 00:58 bin
drwxr-xr-x 3 cms021 cms    4096 Jun 18 00:58 cfipython
drwxr-xr-x 4 cms021 cms    4096 Jun 18 00:58 config
-rw------- 1 cms021 cms      16 Jun 18 01:04 cpu_timing.txt
drwxr-xr-x 2 cms021 cms    4096 Jun 18 00:58 doc
-rw------- 1 cms021 cms    9865 Jun 18 01:04 executable.out
drwxr-xr-x 2 cms021 cms    4096 Jun 18 00:58 include
drwx------ 3 cms021 cms    4096 Apr 28 18:12 lib
drwxr-xr-x 3 cms021 cms    4096 Jun 18 00:58 logs
drwxr-xr-x 3 cms021 cms    4096 Jun 18 00:58 objs
-rw------- 1 cms021 cms     104 Jun 18 00:58 pset.py
-rw------- 1 cms021 cms 3712240 Jun 18 00:58 pset.py.pkl
-rw------- 1 cms021 cms     289 Jun 18 00:58 pset.pyc
drwxr-xr-x 2 cms021 cms    4096 Jun 18 00:58 python
-rw------- 1 cms021 cms     401 Jun 18 01:04 report.log
drwx------ 6 cms021 cms    4096 Jun 18 00:58 src
drwxr-xr-x 3 cms021 cms    4096 Jun 18 00:58 test
drwxr-xr-x 3 cms021 cms    4096 Jun 18 00:58 tmp
-rw------- 1 cms021 cms 3168376 Jun 18 01:04 validationEDM_3_1_qjH.root
>>> current directory (RUNTIME_AREA):  /home/cms021/home_cream_721084150/CREAM721084150/glide_Iesb9H/execute/dir_24147
SE = storm-se-01.ba.infn.it
SE_PATH = /srm/managerv2?SFN=//cms/store/user/calabria/calabria_SingleMuPt5_GEN-SIM-DIGI-RECO_CMSSW_6_2_0_SLHC12_2023Scenario_Case4/calabria_MuMinus5_GEN-SIM-DIGI-RECO_CMSSW_6_2_0_SLHC12_2023Scenario_VALNOPU2_Case4/5854dd31cbd3cdec44c48628cc181cf0/
LFNBaseName = /store/user/calabria/calabria_SingleMuPt5_GEN-SIM-DIGI-RECO_CMSSW_6_2_0_SLHC12_2023Scenario_Case4/calabria_MuMinus5_GEN-SIM-DIGI-RECO_CMSSW_6_2_0_SLHC12_2023Scenario_VALNOPU2_Case4/5854dd31cbd3cdec44c48628cc181cf0/
USER = calabria
endpoint = srm://storm-se-01.ba.infn.it:8444/srm/managerv2?SFN=//cms/store/user/calabria/calabria_SingleMuPt5_GEN-SIM-DIGI-RECO_CMSSW_6_2_0_SLHC12_2023Scenario_Case4/calabria_MuMinus5_GEN-SIM-DIGI-RECO_CMSSW_6_2_0_SLHC12_2023Scenario_VALNOPU2_Case4/5854dd31cbd3cdec44c48628cc181cf0/
>>> Copy output files from WN = alicegrid64.ba.infn.it to /srm/managerv2?SFN=//cms/store/user/calabria/calabria_SingleMuPt5_GEN-SIM-DIGI-RECO_CMSSW_6_2_0_SLHC12_2023Scenario_Case4/calabria_MuMinus5_GEN-SIM-DIGI-RECO_CMSSW_6_2_0_SLHC12_2023Scenario_VALNOPU2_Case4/5854dd31cbd3cdec44c48628cc181cf0/ :
python cmscp.py  --destination srm://storm-se-01.ba.infn.it:8444/srm/managerv2?SFN=//cms/store/user/calabria/calabria_SingleMuPt5_GEN-SIM-DIGI-RECO_CMSSW_6_2_0_SLHC12_2023Scenario_Case4/calabria_MuMinus5_GEN-SIM-DIGI-RECO_CMSSW_6_2_0_SLHC12_2023Scenario_VALNOPU2_Case4/5854dd31cbd3cdec44c48628cc181cf0/ --inputFileList /home/cms021/home_cream_721084150/CREAM721084150/glide_Iesb9H/execute/dir_24147/CMSSW_6_2_0_SLHC12/validationEDM_3_1_qjH.root --middleware LCG --se_name storm-se-01.ba.infn.it --for_lfn /store/user/calabria/calabria_SingleMuPt5_GEN-SIM-DIGI-RECO_CMSSW_6_2_0_SLHC12_2023Scenario_Case4/calabria_MuMinus5_GEN-SIM-DIGI-RECO_CMSSW_6_2_0_SLHC12_2023Scenario_VALNOPU2_Case4/5854dd31cbd3cdec44c48628cc181cf0/    
******************************************************
localSeName  =  storm-se-01.ba.infn.it
remoteSeName =  storm-se-01.ba.infn.it
******************************************************
{"/home/cms021/home_cream_721084150/CREAM721084150/glide_Iesb9H/execute/dir_24147/CMSSW_6_2_0_SLHC12/validationEDM_3_1_qjH.root": {"endpoint": "srm://storm-se-01.ba.infn.it:8444/srm/managerv2?SFN=//cms/store/user/calabria/calabria_SingleMuPt5_GEN-SIM-DIGI-RECO_CMSSW_6_2_0_SLHC12_2023Scenario_Case4/calabria_MuMinus5_GEN-SIM-DIGI-RECO_CMSSW_6_2_0_SLHC12_2023Scenario_VALNOPU2_Case4/5854dd31cbd3cdec44c48628cc181cf0/", "surl_for_grid": "", "reason": "Copy succedeed with srm-lcg utils", "erCode": "0", "se_name": "storm-se-01.ba.infn.it", "for_lfn": "/store/user/calabria/calabria_SingleMuPt5_GEN-SIM-DIGI-RECO_CMSSW_6_2_0_SLHC12_2023Scenario_Case4/calabria_MuMinus5_GEN-SIM-DIGI-RECO_CMSSW_6_2_0_SLHC12_2023Scenario_VALNOPU2_Case4/5854dd31cbd3cdec44c48628cc181cf0/"}}/home/cms021/home_cream_721084150/CREAM721084150/glide_Iesb9H/execute/dir_24147
-------- cat /home/cms021/home_cream_721084150/CREAM721084150/glide_Iesb9H/execute/dir_24147/cmscpReport.sh 
#!/bin/bash
echo "Report for File: /home/cms021/home_cream_721084150/CREAM721084150/glide_Iesb9H/execute/dir_24147/CMSSW_6_2_0_SLHC12/validationEDM_3_1_qjH.root"
echo "LFN: /store/user/calabria/calabria_SingleMuPt5_GEN-SIM-DIGI-RECO_CMSSW_6_2_0_SLHC12_2023Scenario_Case4/calabria_MuMinus5_GEN-SIM-DIGI-RECO_CMSSW_6_2_0_SLHC12_2023Scenario_VALNOPU2_Case4/5854dd31cbd3cdec44c48628cc181cf0/validationEDM_3_1_qjH.root"
echo "StorageElement: storm-se-01.ba.infn.it"
echo "StageOutExitStatusReason = 'Copy succedeed with srm-lcg utils'" | tee -a $RUNTIME_AREA/$repo
echo "StageOutSE = storm-se-01.ba.infn.it" >> $RUNTIME_AREA/$repo

export StageOutExitStatus=0
echo "StageOutExitStatus = 0" | tee -a $RUNTIME_AREA/$repo
-------- end of /home/cms021/home_cream_721084150/CREAM721084150/glide_Iesb9H/execute/dir_24147/cmscpReport.sh 
Report for File: /home/cms021/home_cream_721084150/CREAM721084150/glide_Iesb9H/execute/dir_24147/CMSSW_6_2_0_SLHC12/validationEDM_3_1_qjH.root
LFN: /store/user/calabria/calabria_SingleMuPt5_GEN-SIM-DIGI-RECO_CMSSW_6_2_0_SLHC12_2023Scenario_Case4/calabria_MuMinus5_GEN-SIM-DIGI-RECO_CMSSW_6_2_0_SLHC12_2023Scenario_VALNOPU2_Case4/5854dd31cbd3cdec44c48628cc181cf0/validationEDM_3_1_qjH.root
StorageElement: storm-se-01.ba.infn.it
StageOutExitStatusReason = 'Copy succedeed with srm-lcg utils'
StageOutExitStatus = 0
>>> current dir: /home/cms021/home_cream_721084150/CREAM721084150/glide_Iesb9H/execute/dir_24147
>>> current dir content:
total 28076
-rw-------  1 cms021 cms     2768 Jun 18 01:05 .SEinteraction.log
-rwx------  1 cms021 cms     6802 Jun 18 00:58 .job.ad
-rwx------  1 cms021 cms     9465 Jun 18 00:58 .machine.ad
-rw-------  1 cms021 cms      105 Jun 16 20:48 CMSSW.py
-rw-------  1 cms021 cms  3740310 Jun 16 20:48 CMSSW.py.pkl
-rwx------  1 cms021 cms    29543 Jun 18 00:58 CMSSW.sh
drwxr-xr-x 15 cms021 cms     4096 Jun 18 01:04 CMSSW_6_2_0_SLHC12
-rw-------  1 cms021 cms      220 Jun 18 00:58 CacheEnv.sh
-rw-------  1 cms021 cms     7291 Apr  4 11:04 DashboardAPI.py
-rw-------  1 cms021 cms     6815 Jun 18 00:58 DashboardAPI.pyc
drwx------  2 cms021 cms     4096 Jun 18 01:04 IMProv
-rw-------  1 cms021 cms     2748 Apr  4 11:04 Logger.py
-rw-------  1 cms021 cms     3347 Jun 18 00:58 Logger.pyc
-rw-------  1 cms021 cms    24524 Apr  4 11:04 ProcInfo.py
-rw-------  1 cms021 cms    23197 Jun 18 00:58 ProcInfo.pyc
drwx------  7 cms021 cms     4096 Jun 18 00:58 ProdCommon
drwx------  3 cms021 cms     4096 Jun 18 00:58 WMCore
-rw-------  1 cms021 cms     2513 Jun 18 01:04 Watchdog_3.log
-rwx------  1 cms021 cms        0 Jun 18 00:58 _condor_stderr
-rwx---r--  1 cms021 cms    29298 Jun 18 01:05 _condor_stdout
-rw-------  1 cms021 cms    32895 Apr  4 11:04 apmon.py
-rw-------  1 cms021 cms    28625 Jun 18 00:58 apmon.pyc
-rwx------  1 cms021 cms    52997 Jun 18 00:58 arguments.xml
-rwx------  1 cms021 cms    38515 Apr  4 11:04 cmscp.py
-rw-------  1 cms021 cms      714 Jun 18 01:05 cmscpReport.sh
-rwx------  1 cms021 cms    29543 Jun 18 00:58 condor_exec.exe
-rw-------  1 cms021 cms      953 Jun 16 20:48 crab.cfg
-rwx------  1 cms021 cms     8610 Apr  4 11:04 crabWatchdog.sh
-rwx---r--  1 cms021 cms   523199 Jun 18 01:04 crab_fjr_3.xml
-rwx------  1 cms021 cms 23959181 Jun 18 00:58 default.tgz
-rwx------  1 cms021 cms     4488 Apr  4 11:04 fillCrabFjr.py
-rw-------  1 cms021 cms     2607 Jun 18 00:58 inputsReport.txt
-rw-------  1 cms021 cms      258 Jun 18 01:05 jobreport.txt
-rw-------  1 cms021 cms    17352 Apr  4 11:04 parseCrabFjr.py
-rw-------  1 cms021 cms      328 Jun 18 00:58 report.log
-rwx--x--x  1 cms021 cms     1497 Apr  4 11:04 report.py
-rw-------  1 cms021 cms      767 Jun 18 01:05 resultCopyFile
lrwxrwxrwx  1 cms021 cms      125 Jun 18 01:04 validationEDM.root -> /home/cms021/home_cream_721084150/CREAM721084150/glide_Iesb9H/execute/dir_24147/CMSSW_6_2_0_SLHC12/validationEDM_3_1_qjH.root
-rwx------  1 cms021 cms     8387 Apr  4 11:04 writeCfg.py
-rw-------  1 cms021 cms     8010 Jun 18 00:58 x509up_u50707
>>> Modify Job Report:
CMSSW_VERSION = CMSSW_6_2_0_SLHC12
ProcessedDataset = calabria_MuMinus5_GEN-SIM-DIGI-RECO_CMSSW_6_2_0_SLHC12_2023Scenario_VALNOPU2_Case4
/home/cms021/home_cream_721084150/CREAM721084150/glide_Iesb9H/execute/dir_24147/ProdCommon/FwkJobRep/ModifyJobReport.py fjr /home/cms021/home_cream_721084150/CREAM721084150/glide_Iesb9H/execute/dir_24147/crab_fjr_3.xml json /home/cms021/home_cream_721084150/CREAM721084150/glide_Iesb9H/execute/dir_24147/resultCopyFile n_job 3_1_qjH PrimaryDataset calabria_SingleMuPt5_GEN-SIM-DIGI-RECO_CMSSW_6_2_0_SLHC12_2023Scenario_Case4  ApplicationFamily cmsRun ApplicationName cmsRun cmssw_version CMSSW_6_2_0_SLHC12 psethash 5854dd31cbd3cdec44c48628cc181cf0 UserProcessedDataset calabria-calabria_MuMinus5_GEN-SIM-DIGI-RECO_CMSSW_6_2_0_SLHC12_2023Scenario_VALNOPU2_Case4-5854dd31cbd3cdec44c48628cc181cf0
inputDict =  {u'/home/cms021/home_cream_721084150/CREAM721084150/glide_Iesb9H/execute/dir_24147/CMSSW_6_2_0_SLHC12/validationEDM_3_1_qjH.root': {u'endpoint': u'srm://storm-se-01.ba.infn.it:8444/srm/managerv2?SFN=//cms/store/user/calabria/calabria_SingleMuPt5_GEN-SIM-DIGI-RECO_CMSSW_6_2_0_SLHC12_2023Scenario_Case4/calabria_MuMinus5_GEN-SIM-DIGI-RECO_CMSSW_6_2_0_SLHC12_2023Scenario_VALNOPU2_Case4/5854dd31cbd3cdec44c48628cc181cf0/', u'surl_for_grid': u'', u'reason': u'Copy succedeed with srm-lcg utils', u'erCode': u'0', u'se_name': u'storm-se-01.ba.infn.it', u'for_lfn': u'/store/user/calabria/calabria_SingleMuPt5_GEN-SIM-DIGI-RECO_CMSSW_6_2_0_SLHC12_2023Scenario_Case4/calabria_MuMinus5_GEN-SIM-DIGI-RECO_CMSSW_6_2_0_SLHC12_2023Scenario_VALNOPU2_Case4/5854dd31cbd3cdec44c48628cc181cf0/'}}
UserProcessedDataset =  calabria-calabria_MuMinus5_GEN-SIM-DIGI-RECO_CMSSW_6_2_0_SLHC12_2023Scenario_VALNOPU2_Case4-5854dd31cbd3cdec44c48628cc181cf0
file_name in inputDict =  /home/cms021/home_cream_721084150/CREAM721084150/glide_Iesb9H/execute/dir_24147/CMSSW_6_2_0_SLHC12/validationEDM_3_1_qjH.root
(size) os.stat(filename)[6] =  3168376
checksum =  3485524527
    file =  validationEDM_3_1_qjH.root
    newPfn =  srm://storm-se-01.ba.infn.it:8444/srm/managerv2?SFN=//cms/store/user/calabria/calabria_SingleMuPt5_GEN-SIM-DIGI-RECO_CMSSW_6_2_0_SLHC12_2023Scenario_Case4/calabria_MuMinus5_GEN-SIM-DIGI-RECO_CMSSW_6_2_0_SLHC12_2023Scenario_VALNOPU2_Case4/5854dd31cbd3cdec44c48628cc181cf0/validationEDM_3_1_qjH.root
    newLfn =  /store/user/calabria/calabria_SingleMuPt5_GEN-SIM-DIGI-RECO_CMSSW_6_2_0_SLHC12_2023Scenario_Case4/calabria_MuMinus5_GEN-SIM-DIGI-RECO_CMSSW_6_2_0_SLHC12_2023Scenario_VALNOPU2_Case4/5854dd31cbd3cdec44c48628cc181cf0/validationEDM_3_1_qjH.root
>>> crab_fjr_*.xml  permission set to 0704
CrabWrapper EXIT_FUNC entered at Wed Jun 18 01:05:44 CEST 2014   -  Tue Jun 17 23:05:44 UTC 2014
Checking output files:  
will tar file crab_fjr_3.xml in  out_files_3
WARNING: output file CMSSW_3.stdout not found!
WARNING: output file CMSSW_3.stderr not found!
WARNING: output file Watchdog_3.log.gz not found!
>>> padding time: Sleeping the wrapper for 173 seconds
STOPPING WATCHDOG. CrabWatchdog PID is 26567
********** LAST 50 LINES OF WATCHDOG LOG
# RESOURCE USAGE SUMMARY FOR PROCESS ID 25976
USER       PID %CPU %MEM    VSZ   RSS TTY      STAT START   TIME COMMAND
cms021   25976  0.5  0.0   9496  1596 ?        S    00:58   0:00 /bin/sh /home/cms021/home_cream_721084150/CREAM721084150/glide_Iesb9H/execute/dir_24147/condor_exec.exe 3 1
 
# LIMITS USED BY CRAB WATCHDOG:
# RSS  (KBytes)   : 2300000
# VSZ  (KBytes)   : 100000000
# DISK (MBytes)   : 19000
# CPU TIME        : 720h:0m:0s
# WALL CLOCK TIME : 21h:50m:0s
 
# FOLLOWING PRINTOUT TRACKS MAXIMUM VALUES OF RESOURCES USE
# ONE LINE IS PRINTED EACH TIME A MAXIMUM CHANGES
# IF CHANGE WAS IN RSS OR VSZ ALSO PROCID AND COMMAND ARE PRINTED
# THERE IS NO PRINTOUT FOR CPU/WALL TIME INCREASE
 
# TIME			PID	RSS(KB)	VSZ(KB)	Dsk(MB)	tCPU(s)	tWALL(s)	COMMAND
 Jun 18 00:58:44 CEST	11542	1256	106092	0	0	0	sh -c "./glidein_startup.sh" -v std -name v3_0 -entry CMS_T2_IT_Bari_ce2 -clientname UCSD-v1_0.main
 Jun 18 00:58:44 CEST	11547	1772	106492	0	0	0	/bin/bash ./glidein_startup.sh -v std -name v3_0 -entry CMS_T2_IT_Bari_ce2 -clientname UCSD-v1_0.main -schedd
 Jun 18 00:58:44 CEST	21693	8012	106492	0	0	0	/home/cms021/home_cream_721084150/CREAM721084150/glide_Iesb9H/main/condor/sbin/condor_master -f -pidfile /home/cms021/home_cream_721084150/CREAM721084150/glide_Iesb9H/condor_master2.pid       
 Jun 18 00:58:44 CEST	21699	8700	106492	0	0	1	condor_startd -f         
 Jun 18 00:58:44 CEST	26579	45248	110340	0	1	1	edmConfigHash pset.py         
 Jun 18 00:58:44 CEST	---	45248	110340	171	----	----	----
 Jun 18 00:59:45 CEST	27317	769380	982200	171	38	62	cmsRun -j /home/cms021/home_cream_721084150/CREAM721084150/glide_Iesb9H/execute/dir_24147/crab_fjr_3.xml -p pset.py      
 Jun 18 00:59:45 CEST	---	769380	982200	175	----	----	----
 Jun 18 01:00:46 CEST	27317	790184	1006356	175	88	123	cmsRun -j /home/cms021/home_cream_721084150/CREAM721084150/glide_Iesb9H/execute/dir_24147/crab_fjr_3.xml -p pset.py      
 Jun 18 01:01:47 CEST	27317	790184	1014548	175	137	183	cmsRun -j /home/cms021/home_cream_721084150/CREAM721084150/glide_Iesb9H/execute/dir_24147/crab_fjr_3.xml -p pset.py      
 Jun 18 01:02:47 CEST	27317	790184	1023004	175	183	244	cmsRun -j /home/cms021/home_cream_721084150/CREAM721084150/glide_Iesb9H/execute/dir_24147/crab_fjr_3.xml -p pset.py      
 Jun 18 01:03:48 CEST	27317	790184	1026784	175	234	305	cmsRun -j /home/cms021/home_cream_721084150/CREAM721084150/glide_Iesb9H/execute/dir_24147/crab_fjr_3.xml -p pset.py      
 Jun 18 01:04:49 CEST	---	790184	1026784	178	----	----	----
 Jun 18 01:05:50 CEST	---	790184	1026784	179	----	----	----
********** WATCHDOG LOG ENDED
ZIPPING WATCHDOG LOG
Disk space used:
du -sh /home/cms021/home_cream_721084150/CREAM721084150/glide_Iesb9H/execute/dir_24147
179M	/home/cms021/home_cream_721084150/CREAM721084150/glide_Iesb9H/execute/dir_24147
Found unusual stdout, rename for OSB
`/home/cms021/home_cream_721084150/CREAM721084150/glide_Iesb9H/execute/dir_24147/_condor_stdout' -> `CMSSW_3.stdout'
Found unusual stderr, rename for OSB
`/home/cms021/home_cream_721084150/CREAM721084150/glide_Iesb9H/execute/dir_24147/_condor_stdout' -> `CMSSW_3.stderr'
crab_fjr_3.xml
CMSSW_3.stdout
CMSSW_3.stderr
Watchdog_3.log.gz
Total Output dimension: 69750
WARNING: output files size limit is set to: 50000000
Total Output dimension 69750 is fine.
JOB_EXIT_STATUS = 0
>>> info for dashboard:
***** Cat /home/cms021/home_cream_721084150/CREAM721084150/glide_Iesb9H/execute/dir_24147/jobreport.txt *****
MonitorJobID=3_https://submit-4.t2.ucsd.edu//140616//222489.2
MonitorID=calabria_MuMinus5_Case4_ReReco_r2bu19
ExeTime=349
ExeExitCode=0
StageOutExitStatusReason = 'Copy succedeed with srm-lcg utils'
StageOutSE = storm-se-01.ba.infn.it
StageOutExitStatus = 0
CrabUserCpuTime=282.74
CrabSysCpuTime=5.48
CrabCpuPercentage=82%
CrabWrapperTime=600
CrabStageoutTime=48
JobExitCode=0
***** End Cat jobreport *****
Parameters sent to Dashboard.
EXITING at Wed Jun 18 01:08:43 CEST 2014  -  Tue Jun 17 23:08:43 UTC 2014
