This script was generated by crab (version 2.10.5_patch1).
Running /home/cms010/home_cream_801061526/CREAM801061526/glide_abmb3h/execute/dir_30241/condor_exec.exe with 2 positional parameters: 18 1
Today is Wed Jun 18 01:01:15 CEST 2014 - Tue Jun 17 23:01:15 UTC 2014
Job submitted on host alicegrid61.ba.infn.it
Linux alicegrid61.ba.infn.it 2.6.32-358.23.2.el6.x86_64 #1 SMP Thu Oct 17 10:27:22 CEST 2013 x86_64 x86_64 x86_64 GNU/Linux
>>> current directory (RUNTIME_AREA): /home/cms010/home_cream_801061526/CREAM801061526/glide_abmb3h/execute/dir_30241
>>> current user: uid=11704(cms010) gid=1399(cms) groups=1399(cms)
>>> directory permission set to 0700
>>> umask set to:  u=rwx,g=,o=
>>> stdout stderr permission set to 0704
>>> voms proxy information:
subject   : /C=IT/O=INFN/OU=Personal Certificate/L=Bari/CN=Cesare Calabria/CN=477126703/CN=560132366
issuer    : /C=IT/O=INFN/OU=Personal Certificate/L=Bari/CN=Cesare Calabria/CN=477126703
identity  : /C=IT/O=INFN/OU=Personal Certificate/L=Bari/CN=Cesare Calabria
type      : RFC3820 compliant limited proxy
strength  : 1024
path      : /home/cms010/home_cream_801061526/CREAM801061526/glide_abmb3h/execute/dir_30241/x509up_u50707
timeleft  : 23:59:49
key usage : Digital Signature, Key Encipherment, Data Encipherment
=== VO cms extension information ===
VO        : cms
subject   : /C=IT/O=INFN/OU=Personal Certificate/L=Bari/CN=Cesare Calabria
issuer    : /DC=ch/DC=cern/OU=computers/CN=voms.cern.ch
attribute : /cms/Role=NULL/Capability=NULL
attribute : /cms/itcms/Role=NULL/Capability=NULL
timeleft  : 154:23:04
uri       : voms.cern.ch:15002

WNHostName=alicegrid61.ba.infn.it
>>> tar --no-same-permissions -xf /home/cms010/home_cream_801061526/CREAM801061526/glide_abmb3h/execute/dir_30241/default.tgz :
Successful untar
>>> Include /home/cms010/home_cream_801061526/CREAM801061526/glide_abmb3h/execute/dir_30241 in PYTHONPATH:
strip arguments
env var CRAB_UNIQUE_JOB_ID set to: calabria_MuMinus5_Case4_ReReco_r2bu19_18_1_Mwz
out_files_18
>>> list of expected files on output sandbox
output files: crab_fjr_18.xml CMSSW_18.stdout CMSSW_18.stderr Watchdog_18.log.gz
>>> GridFlavour discovery: 
GridFlavour=LCG
>>> SyncSite discovery: 
SyncSite=T2_IT_Bari
>>> SyncCE discovery: 
getting SyncCE from CE_ID
SyncCE=cream-ce-4.ba.infn.it:8443/cream-pbs-cms
>>> info for dashboard:
***** Cat /home/cms010/home_cream_801061526/CREAM801061526/glide_abmb3h/execute/dir_30241/jobreport.txt *****
WNHostName=alicegrid61.ba.infn.it
MonitorJobID=18_https://submit-4.t2.ucsd.edu//140616//222489.17
SyncGridJobId=https://submit-4.t2.ucsd.edu//140616//222489.17
MonitorID=calabria_MuMinus5_Case4_ReReco_r2bu19
GridFlavour=LCG
SyncSite=T2_IT_Bari
SyncCE=cream-ce-4.ba.infn.it:8443/cream-pbs-cms
***** End Cat jobreport *****
Parameters sent to Dashboard.
>>> setup environment
set SCRAM ARCH to slc5_amd64_gcc472
SCRAM_ARCH = slc5_amd64_gcc472
>>> setup CMS LCG environment:
set SCRAM ARCH and BUILD_ARCH to slc5_amd64_gcc472 ###
Sourcing environment... 
sourcing /cvmfs/cms.cern.ch/cmsset_default.sh
==> setup cms environment ok
>>> specific cmssw setup environment:
CMSSW_VERSION =  CMSSW_6_2_0_SLHC12
>>> current directory (SOFTWARE_DIR): /home/cms010/home_cream_801061526/CREAM801061526/glide_abmb3h/execute/dir_30241/CMSSW_6_2_0_SLHC12
PreserveSeeds: <>
IncrementSeeds:<>
>>> info for dashboard:
***** Cat /home/cms010/home_cream_801061526/CREAM801061526/glide_abmb3h/execute/dir_30241/jobreport.txt *****
MonitorJobID=18_https://submit-4.t2.ucsd.edu//140616//222489.17
MonitorID=calabria_MuMinus5_Case4_ReReco_r2bu19
***** End Cat jobreport *****
Parameters sent to Dashboard.
crabWatchdog started as process 31122
>>> moving CMSSW software directories in /home/cms010/home_cream_801061526/CREAM801061526/glide_abmb3h/execute/dir_30241/CMSSW_6_2_0_SLHC12
mv: cannot stat `/home/cms010/home_cream_801061526/CREAM801061526/glide_abmb3h/execute/dir_30241/module/': No such file or directory
>>> Include /home/cms010/home_cream_801061526/CREAM801061526/glide_abmb3h/execute/dir_30241 in PYTHONPATH:
PYTHONPATH=/home/cms010/home_cream_801061526/CREAM801061526/glide_abmb3h/execute/dir_30241/:/home/cms010/home_cream_801061526/CREAM801061526/glide_abmb3h/execute/dir_30241/CMSSW_6_2_0_SLHC12/python:/home/cms010/home_cream_801061526/CREAM801061526/glide_abmb3h/execute/dir_30241/CMSSW_6_2_0_SLHC12/lib/slc5_amd64_gcc472:/cvmfs/cms.cern.ch/slc5_amd64_gcc472/cms/cmssw/CMSSW_6_2_0_SLHC12/python:/cvmfs/cms.cern.ch/slc5_amd64_gcc472/cms/cmssw/CMSSW_6_2_0_SLHC12/lib/slc5_amd64_gcc472:/cvmfs/cms.cern.ch/slc5_amd64_gcc472/cms/coral/CORAL_2_3_21-cms36/slc5_amd64_gcc472/python:/cvmfs/cms.cern.ch/slc5_amd64_gcc472/cms/coral/CORAL_2_3_21-cms36/slc5_amd64_gcc472/lib:/cvmfs/cms.cern.ch/slc5_amd64_gcc472/external/pyqt/4.8.1-cms6/lib/python2.7/site-packages:/cvmfs/cms.cern.ch/slc5_amd64_gcc472/external/py2-scipy/0.8.0-cms8/lib/python2.7/site-packages:/cvmfs/cms.cern.ch/slc5_amd64_gcc472/external/py2-matplotlib/1.0.1-cms8/lib/python2.7/site-packages:/cvmfs/cms.cern.ch/slc5_amd64_gcc472/external/python-ldap/2.3.5-cms6/lib/python2.7/site-packages:/cvmfs/cms.cern.ch/slc5_amd64_gcc472/external/sip/4.11.2-cms6/lib/python2.7/site-packages:/cvmfs/cms.cern.ch/slc5_amd64_gcc472/external/py2-pycurl/7.19.0-cms8/lib/python2.7/site-packages:/cvmfs/cms.cern.ch/slc5_amd64_gcc472/external/py2-numpy/1.6.1-cms8/lib/python2.7/site-packages:/cvmfs/cms.cern.ch/slc5_amd64_gcc472/external/py2-lint/0.25.1-cms6/lib/python2.7/site-packages:/cvmfs/cms.cern.ch/slc5_amd64_gcc472/external/py2-ipython/0.10-cms6/lib/python2.7/site-packages:/cvmfs/cms.cern.ch/slc5_amd64_gcc472/external/py2-cx-oracle/5.1-cms7/lib/python2.7/site-packages:/cvmfs/cms.cern.ch/slc5_amd64_gcc472/external/py2-cjson/1.0.5-cms6/lib/python2.7/site-packages:/cvmfs/cms.cern.ch/slc5_amd64_gcc472/cms/das-client/1.11.7/bin:/cvmfs/cms.cern.ch/slc5_amd64_gcc472/external/elementtree/1.2.6-cms6/share/lib/python2.7/site-packages:/cvmfs/cms.cern.ch/slc5_amd64_gcc472/external/rivet/1.8.2-cms8/lib/python2.7/site-packages:/cvmfs/cms.cern.ch/slc5_amd64_gcc472/external/pyminuit2/0.0.1-cms19/lib/python2.7/site-packages:/cvmfs/cms.cern.ch/slc5_amd64_gcc472/external/py2-pygithub/1.23.0/lib/python2.7/site-packages:/cvmfs/cms.cern.ch/slc5_amd64_gcc472/external/professor/1.0.0-cms19/lib/python2.7/site-packages:/cvmfs/cms.cern.ch/slc5_amd64_gcc472/lcg/root/5.34.07-cms/lib:/cvmfs/cms.cern.ch/slc5_amd64_gcc472/cms/dbs-client/DBS_2_1_9-cms5/lib:/cvmfs/cms.cern.ch/slc5_amd64_gcc472/cms/dbs-client/DBS_2_1_9-cms5/lib/DBSAPI:/cvmfs/cms.cern.ch/slc5_amd64_gcc472/external/cvs2git/5419-cms/lib:/home/cms010/home_cream_801061526/CREAM801061526/glide_abmb3h/execute/dir_30241/
 
# LIMITS USED BY CRAB WATCHDOG:
# RSS  (KBytes)   : 2300000
# VSZ  (KBytes)   : 100000000
# DISK (MBytes)   : 19000
# CPU TIME        : 720h:0m:0s
# WALL CLOCK TIME : 21h:50m:0s
 
5854dd31cbd3cdec44c48628cc181cf0
PSETHASH = 5854dd31cbd3cdec44c48628cc181cf0
/home/cms010/home_cream_801061526/CREAM801061526/glide_abmb3h/execute/dir_30241/writeCfg.py pset.py pset.py
Importing .py file
Setting parameters
RandomNumberGeneratorService found, will attempt to change seeds
inputBlocks=/calabria_SingleMuPt5_GEN-SIM-DIGI-RECO_CMSSW_6_2_0_SLHC12_2023Scenario_Case4/calabria-calabria_SingleMuPt5_GEN-SIM-DIGI-RECO_CMSSW_6_2_0_SLHC12_2023Scenario_Case4-01e8787d2102816c4c34c374fc192ef2/USER#1562c90a-7f0a-496e-be24-a0d81bae10fc
inputFiles=/store/user/calabria/calabria_SingleMuPt5_GEN-SIM-DIGI-RECO_CMSSW_6_2_0_SLHC12_2023Scenario_Case4/calabria_SingleMuPt5_GEN-SIM-DIGI-RECO_CMSSW_6_2_0_SLHC12_2023Scenario_Case4/01e8787d2102816c4c34c374fc192ef2/out_reco_173_1_DSM.root;/store/user/calabria/calabria_SingleMuPt5_GEN-SIM-DIGI-RECO_CMSSW_6_2_0_SLHC12_2023Scenario_Case4/calabria_SingleMuPt5_GEN-SIM-DIGI-RECO_CMSSW_6_2_0_SLHC12_2023Scenario_Case4/01e8787d2102816c4c34c374fc192ef2/out_reco_174_1_inm.root;/store/user/calabria/calabria_SingleMuPt5_GEN-SIM-DIGI-RECO_CMSSW_6_2_0_SLHC12_2023Scenario_Case4/calabria_SingleMuPt5_GEN-SIM-DIGI-RECO_CMSSW_6_2_0_SLHC12_2023Scenario_Case4/01e8787d2102816c4c34c374fc192ef2/out_reco_175_1_j4J.root;/store/user/calabria/calabria_SingleMuPt5_GEN-SIM-DIGI-RECO_CMSSW_6_2_0_SLHC12_2023Scenario_Case4/calabria_SingleMuPt5_GEN-SIM-DIGI-RECO_CMSSW_6_2_0_SLHC12_2023Scenario_Case4/01e8787d2102816c4c34c374fc192ef2/out_reco_176_1_49j.root;/store/user/calabria/calabria_SingleMuPt5_GEN-SIM-DIGI-RECO_CMSSW_6_2_0_SLHC12_2023Scenario_Case4/calabria_SingleMuPt5_GEN-SIM-DIGI-RECO_CMSSW_6_2_0_SLHC12_2023Scenario_Case4/01e8787d2102816c4c34c374fc192ef2/out_reco_178_1_ZWU.root;/store/user/calabria/calabria_SingleMuPt5_GEN-SIM-DIGI-RECO_CMSSW_6_2_0_SLHC12_2023Scenario_Case4/calabria_SingleMuPt5_GEN-SIM-DIGI-RECO_CMSSW_6_2_0_SLHC12_2023Scenario_Case4/01e8787d2102816c4c34c374fc192ef2/out_reco_180_1_bM8.root;/store/user/calabria/calabria_SingleMuPt5_GEN-SIM-DIGI-RECO_CMSSW_6_2_0_SLHC12_2023Scenario_Case4/calabria_SingleMuPt5_GEN-SIM-DIGI-RECO_CMSSW_6_2_0_SLHC12_2023Scenario_Case4/01e8787d2102816c4c34c374fc192ef2/out_reco_184_1_R6e.root;/store/user/calabria/calabria_SingleMuPt5_GEN-SIM-DIGI-RECO_CMSSW_6_2_0_SLHC12_2023Scenario_Case4/calabria_SingleMuPt5_GEN-SIM-DIGI-RECO_CMSSW_6_2_0_SLHC12_2023Scenario_Case4/01e8787d2102816c4c34c374fc192ef2/out_reco_187_1_Tyd.root;/store/user/calabria/calabria_SingleMuPt5_GEN-SIM-DIGI-RECO_CMSSW_6_2_0_SLHC12_2023Scenario_Case4/calabria_SingleMuPt5_GEN-SIM-DIGI-RECO_CMSSW_6_2_0_SLHC12_2023Scenario_Case4/01e8787d2102816c4c34c374fc192ef2/out_reco_189_1_GdC.root;/store/user/calabria/calabria_SingleMuPt5_GEN-SIM-DIGI-RECO_CMSSW_6_2_0_SLHC12_2023Scenario_Case4/calabria_SingleMuPt5_GEN-SIM-DIGI-RECO_CMSSW_6_2_0_SLHC12_2023Scenario_Case4/01e8787d2102816c4c34c374fc192ef2/out_reco_194_1_elD.root
parentFiles=
lumisRange=
>>> Executable cmsRun
/cvmfs/cms.cern.ch/slc5_amd64_gcc472/cms/cmssw/CMSSW_6_2_0_SLHC12/bin/slc5_amd64_gcc472/cmsRun
ok executable found
>>> info for dashboard:
***** Cat /home/cms010/home_cream_801061526/CREAM801061526/glide_abmb3h/execute/dir_30241/jobreport.txt *****
MonitorJobID=18_https://submit-4.t2.ucsd.edu//140616//222489.17
MonitorID=calabria_MuMinus5_Case4_ReReco_r2bu19
ExeStart=cmsRun
***** End Cat jobreport *****
Parameters sent to Dashboard.
>>> cmsRun started at Tue Jun 17 23:01:40 UTC 2014
>>> cmsRun ended at Tue Jun 17 23:07:33 UTC 2014
>>> crab_fjr_*.xml  permission set to 0704
>>> info for dashboard:
***** Cat /home/cms010/home_cream_801061526/CREAM801061526/glide_abmb3h/execute/dir_30241/jobreport.txt *****
MonitorJobID=18_https://submit-4.t2.ucsd.edu//140616//222489.17
MonitorID=calabria_MuMinus5_Case4_ReReco_r2bu19
ExeEnd=cmsRun
***** End Cat jobreport *****
Parameters sent to Dashboard.
TIME_EXE = 353 sec
>>> cmsRun wrote 50 lines of stdout+stderr
>>> START OF printout of 50 lines from stdout+stderr
271 DQMStore::DQMStore 
HcalTopologyIdealEP::HcalTopologyIdealEP
18-Jun-2014 01:01:57 CEST  Initiating request to open file file:/lustre/cms//store/user/calabria/calabria_SingleMuPt5_GEN-SIM-DIGI-RECO_CMSSW_6_2_0_SLHC12_2023Scenario_Case4/calabria_SingleMuPt5_GEN-SIM-DIGI-RECO_CMSSW_6_2_0_SLHC12_2023Scenario_Case4/01e8787d2102816c4c34c374fc192ef2/out_reco_173_1_DSM.root
18-Jun-2014 01:02:00 CEST  Successfully opened file file:/lustre/cms//store/user/calabria/calabria_SingleMuPt5_GEN-SIM-DIGI-RECO_CMSSW_6_2_0_SLHC12_2023Scenario_Case4/calabria_SingleMuPt5_GEN-SIM-DIGI-RECO_CMSSW_6_2_0_SLHC12_2023Scenario_Case4/01e8787d2102816c4c34c374fc192ef2/out_reco_173_1_DSM.root
18-Jun-2014 01:02:33 CEST  Closed file file:/lustre/cms//store/user/calabria/calabria_SingleMuPt5_GEN-SIM-DIGI-RECO_CMSSW_6_2_0_SLHC12_2023Scenario_Case4/calabria_SingleMuPt5_GEN-SIM-DIGI-RECO_CMSSW_6_2_0_SLHC12_2023Scenario_Case4/01e8787d2102816c4c34c374fc192ef2/out_reco_173_1_DSM.root
18-Jun-2014 01:02:33 CEST  Initiating request to open file file:/lustre/cms//store/user/calabria/calabria_SingleMuPt5_GEN-SIM-DIGI-RECO_CMSSW_6_2_0_SLHC12_2023Scenario_Case4/calabria_SingleMuPt5_GEN-SIM-DIGI-RECO_CMSSW_6_2_0_SLHC12_2023Scenario_Case4/01e8787d2102816c4c34c374fc192ef2/out_reco_174_1_inm.root
18-Jun-2014 01:02:33 CEST  Successfully opened file file:/lustre/cms//store/user/calabria/calabria_SingleMuPt5_GEN-SIM-DIGI-RECO_CMSSW_6_2_0_SLHC12_2023Scenario_Case4/calabria_SingleMuPt5_GEN-SIM-DIGI-RECO_CMSSW_6_2_0_SLHC12_2023Scenario_Case4/01e8787d2102816c4c34c374fc192ef2/out_reco_174_1_inm.root
18-Jun-2014 01:03:04 CEST  Closed file file:/lustre/cms//store/user/calabria/calabria_SingleMuPt5_GEN-SIM-DIGI-RECO_CMSSW_6_2_0_SLHC12_2023Scenario_Case4/calabria_SingleMuPt5_GEN-SIM-DIGI-RECO_CMSSW_6_2_0_SLHC12_2023Scenario_Case4/01e8787d2102816c4c34c374fc192ef2/out_reco_174_1_inm.root
18-Jun-2014 01:03:04 CEST  Initiating request to open file file:/lustre/cms//store/user/calabria/calabria_SingleMuPt5_GEN-SIM-DIGI-RECO_CMSSW_6_2_0_SLHC12_2023Scenario_Case4/calabria_SingleMuPt5_GEN-SIM-DIGI-RECO_CMSSW_6_2_0_SLHC12_2023Scenario_Case4/01e8787d2102816c4c34c374fc192ef2/out_reco_175_1_j4J.root
18-Jun-2014 01:03:04 CEST  Successfully opened file file:/lustre/cms//store/user/calabria/calabria_SingleMuPt5_GEN-SIM-DIGI-RECO_CMSSW_6_2_0_SLHC12_2023Scenario_Case4/calabria_SingleMuPt5_GEN-SIM-DIGI-RECO_CMSSW_6_2_0_SLHC12_2023Scenario_Case4/01e8787d2102816c4c34c374fc192ef2/out_reco_175_1_j4J.root
18-Jun-2014 01:03:43 CEST  Closed file file:/lustre/cms//store/user/calabria/calabria_SingleMuPt5_GEN-SIM-DIGI-RECO_CMSSW_6_2_0_SLHC12_2023Scenario_Case4/calabria_SingleMuPt5_GEN-SIM-DIGI-RECO_CMSSW_6_2_0_SLHC12_2023Scenario_Case4/01e8787d2102816c4c34c374fc192ef2/out_reco_175_1_j4J.root
18-Jun-2014 01:03:43 CEST  Initiating request to open file file:/lustre/cms//store/user/calabria/calabria_SingleMuPt5_GEN-SIM-DIGI-RECO_CMSSW_6_2_0_SLHC12_2023Scenario_Case4/calabria_SingleMuPt5_GEN-SIM-DIGI-RECO_CMSSW_6_2_0_SLHC12_2023Scenario_Case4/01e8787d2102816c4c34c374fc192ef2/out_reco_176_1_49j.root
18-Jun-2014 01:03:43 CEST  Successfully opened file file:/lustre/cms//store/user/calabria/calabria_SingleMuPt5_GEN-SIM-DIGI-RECO_CMSSW_6_2_0_SLHC12_2023Scenario_Case4/calabria_SingleMuPt5_GEN-SIM-DIGI-RECO_CMSSW_6_2_0_SLHC12_2023Scenario_Case4/01e8787d2102816c4c34c374fc192ef2/out_reco_176_1_49j.root
18-Jun-2014 01:04:18 CEST  Closed file file:/lustre/cms//store/user/calabria/calabria_SingleMuPt5_GEN-SIM-DIGI-RECO_CMSSW_6_2_0_SLHC12_2023Scenario_Case4/calabria_SingleMuPt5_GEN-SIM-DIGI-RECO_CMSSW_6_2_0_SLHC12_2023Scenario_Case4/01e8787d2102816c4c34c374fc192ef2/out_reco_176_1_49j.root
18-Jun-2014 01:04:18 CEST  Initiating request to open file file:/lustre/cms//store/user/calabria/calabria_SingleMuPt5_GEN-SIM-DIGI-RECO_CMSSW_6_2_0_SLHC12_2023Scenario_Case4/calabria_SingleMuPt5_GEN-SIM-DIGI-RECO_CMSSW_6_2_0_SLHC12_2023Scenario_Case4/01e8787d2102816c4c34c374fc192ef2/out_reco_178_1_ZWU.root
18-Jun-2014 01:04:19 CEST  Successfully opened file file:/lustre/cms//store/user/calabria/calabria_SingleMuPt5_GEN-SIM-DIGI-RECO_CMSSW_6_2_0_SLHC12_2023Scenario_Case4/calabria_SingleMuPt5_GEN-SIM-DIGI-RECO_CMSSW_6_2_0_SLHC12_2023Scenario_Case4/01e8787d2102816c4c34c374fc192ef2/out_reco_178_1_ZWU.root
18-Jun-2014 01:04:46 CEST  Closed file file:/lustre/cms//store/user/calabria/calabria_SingleMuPt5_GEN-SIM-DIGI-RECO_CMSSW_6_2_0_SLHC12_2023Scenario_Case4/calabria_SingleMuPt5_GEN-SIM-DIGI-RECO_CMSSW_6_2_0_SLHC12_2023Scenario_Case4/01e8787d2102816c4c34c374fc192ef2/out_reco_178_1_ZWU.root
18-Jun-2014 01:04:46 CEST  Initiating request to open file file:/lustre/cms//store/user/calabria/calabria_SingleMuPt5_GEN-SIM-DIGI-RECO_CMSSW_6_2_0_SLHC12_2023Scenario_Case4/calabria_SingleMuPt5_GEN-SIM-DIGI-RECO_CMSSW_6_2_0_SLHC12_2023Scenario_Case4/01e8787d2102816c4c34c374fc192ef2/out_reco_180_1_bM8.root
18-Jun-2014 01:04:46 CEST  Successfully opened file file:/lustre/cms//store/user/calabria/calabria_SingleMuPt5_GEN-SIM-DIGI-RECO_CMSSW_6_2_0_SLHC12_2023Scenario_Case4/calabria_SingleMuPt5_GEN-SIM-DIGI-RECO_CMSSW_6_2_0_SLHC12_2023Scenario_Case4/01e8787d2102816c4c34c374fc192ef2/out_reco_180_1_bM8.root
18-Jun-2014 01:05:13 CEST  Closed file file:/lustre/cms//store/user/calabria/calabria_SingleMuPt5_GEN-SIM-DIGI-RECO_CMSSW_6_2_0_SLHC12_2023Scenario_Case4/calabria_SingleMuPt5_GEN-SIM-DIGI-RECO_CMSSW_6_2_0_SLHC12_2023Scenario_Case4/01e8787d2102816c4c34c374fc192ef2/out_reco_180_1_bM8.root
18-Jun-2014 01:05:13 CEST  Initiating request to open file file:/lustre/cms//store/user/calabria/calabria_SingleMuPt5_GEN-SIM-DIGI-RECO_CMSSW_6_2_0_SLHC12_2023Scenario_Case4/calabria_SingleMuPt5_GEN-SIM-DIGI-RECO_CMSSW_6_2_0_SLHC12_2023Scenario_Case4/01e8787d2102816c4c34c374fc192ef2/out_reco_184_1_R6e.root
18-Jun-2014 01:05:14 CEST  Successfully opened file file:/lustre/cms//store/user/calabria/calabria_SingleMuPt5_GEN-SIM-DIGI-RECO_CMSSW_6_2_0_SLHC12_2023Scenario_Case4/calabria_SingleMuPt5_GEN-SIM-DIGI-RECO_CMSSW_6_2_0_SLHC12_2023Scenario_Case4/01e8787d2102816c4c34c374fc192ef2/out_reco_184_1_R6e.root
18-Jun-2014 01:05:46 CEST  Closed file file:/lustre/cms//store/user/calabria/calabria_SingleMuPt5_GEN-SIM-DIGI-RECO_CMSSW_6_2_0_SLHC12_2023Scenario_Case4/calabria_SingleMuPt5_GEN-SIM-DIGI-RECO_CMSSW_6_2_0_SLHC12_2023Scenario_Case4/01e8787d2102816c4c34c374fc192ef2/out_reco_184_1_R6e.root
18-Jun-2014 01:05:46 CEST  Initiating request to open file file:/lustre/cms//store/user/calabria/calabria_SingleMuPt5_GEN-SIM-DIGI-RECO_CMSSW_6_2_0_SLHC12_2023Scenario_Case4/calabria_SingleMuPt5_GEN-SIM-DIGI-RECO_CMSSW_6_2_0_SLHC12_2023Scenario_Case4/01e8787d2102816c4c34c374fc192ef2/out_reco_187_1_Tyd.root
18-Jun-2014 01:05:46 CEST  Successfully opened file file:/lustre/cms//store/user/calabria/calabria_SingleMuPt5_GEN-SIM-DIGI-RECO_CMSSW_6_2_0_SLHC12_2023Scenario_Case4/calabria_SingleMuPt5_GEN-SIM-DIGI-RECO_CMSSW_6_2_0_SLHC12_2023Scenario_Case4/01e8787d2102816c4c34c374fc192ef2/out_reco_187_1_Tyd.root
18-Jun-2014 01:06:18 CEST  Closed file file:/lustre/cms//store/user/calabria/calabria_SingleMuPt5_GEN-SIM-DIGI-RECO_CMSSW_6_2_0_SLHC12_2023Scenario_Case4/calabria_SingleMuPt5_GEN-SIM-DIGI-RECO_CMSSW_6_2_0_SLHC12_2023Scenario_Case4/01e8787d2102816c4c34c374fc192ef2/out_reco_187_1_Tyd.root
18-Jun-2014 01:06:18 CEST  Initiating request to open file file:/lustre/cms//store/user/calabria/calabria_SingleMuPt5_GEN-SIM-DIGI-RECO_CMSSW_6_2_0_SLHC12_2023Scenario_Case4/calabria_SingleMuPt5_GEN-SIM-DIGI-RECO_CMSSW_6_2_0_SLHC12_2023Scenario_Case4/01e8787d2102816c4c34c374fc192ef2/out_reco_189_1_GdC.root
18-Jun-2014 01:06:18 CEST  Successfully opened file file:/lustre/cms//store/user/calabria/calabria_SingleMuPt5_GEN-SIM-DIGI-RECO_CMSSW_6_2_0_SLHC12_2023Scenario_Case4/calabria_SingleMuPt5_GEN-SIM-DIGI-RECO_CMSSW_6_2_0_SLHC12_2023Scenario_Case4/01e8787d2102816c4c34c374fc192ef2/out_reco_189_1_GdC.root
18-Jun-2014 01:06:50 CEST  Closed file file:/lustre/cms//store/user/calabria/calabria_SingleMuPt5_GEN-SIM-DIGI-RECO_CMSSW_6_2_0_SLHC12_2023Scenario_Case4/calabria_SingleMuPt5_GEN-SIM-DIGI-RECO_CMSSW_6_2_0_SLHC12_2023Scenario_Case4/01e8787d2102816c4c34c374fc192ef2/out_reco_189_1_GdC.root
18-Jun-2014 01:06:50 CEST  Initiating request to open file file:/lustre/cms//store/user/calabria/calabria_SingleMuPt5_GEN-SIM-DIGI-RECO_CMSSW_6_2_0_SLHC12_2023Scenario_Case4/calabria_SingleMuPt5_GEN-SIM-DIGI-RECO_CMSSW_6_2_0_SLHC12_2023Scenario_Case4/01e8787d2102816c4c34c374fc192ef2/out_reco_194_1_elD.root
18-Jun-2014 01:06:50 CEST  Successfully opened file file:/lustre/cms//store/user/calabria/calabria_SingleMuPt5_GEN-SIM-DIGI-RECO_CMSSW_6_2_0_SLHC12_2023Scenario_Case4/calabria_SingleMuPt5_GEN-SIM-DIGI-RECO_CMSSW_6_2_0_SLHC12_2023Scenario_Case4/01e8787d2102816c4c34c374fc192ef2/out_reco_194_1_elD.root
18-Jun-2014 01:07:33 CEST  Closed file file:/lustre/cms//store/user/calabria/calabria_SingleMuPt5_GEN-SIM-DIGI-RECO_CMSSW_6_2_0_SLHC12_2023Scenario_Case4/calabria_SingleMuPt5_GEN-SIM-DIGI-RECO_CMSSW_6_2_0_SLHC12_2023Scenario_Case4/01e8787d2102816c4c34c374fc192ef2/out_reco_194_1_elD.root

=============================================

MessageLogger Summary

 type     category        sev    module        subroutine        count    total
 ---- -------------------- -- ---------------- ----------------  -----    -----
    1 fileAction           -s file_close                            10       10
    2 fileAction           -s file_open                             20       20

 type    category    Examples: run/evt        run/evt          run/evt
 ---- -------------------- ---------------- ---------------- ----------------
    1 fileAction           PostProcessEvent PostProcessEvent PostEndRun
    2 fileAction           pre-events       pre-events       PostProcessEvent

Severity    # Occurrences   Total Occurrences
--------    -------------   -----------------
System                 30                  30
>>> END OF printout of 50 lines from stdout+stderr
>>> Parse FrameworkJobReport crab_fjr.xml
Result of parsing the FrameworkJobReport crab_fjr.xml: Popularity start
lumisRange : 1::::1;1::::2;1::::3;1::::4;1::::5;1::::6;1::::7;1::::8;1::::9;1::::10;
lumisParentRange : 
Basename : /store/user/calabria/calabria_SingleMuPt5_GEN-SIM-DIGI-RECO_CMSSW_6_2_0_SLHC12_2023Scenario_Case4/calabria_SingleMuPt5_GEN-SIM-DIGI-RECO_CMSSW_6_2_0_SLHC12_2023Scenario_Case4/01e8787d2102816c4c34c374fc192ef2/out_reco_1
BasenameParent : 
parentFiles : 
inputBlocks : /calabria_SingleMuPt5_GEN-SIM-DIGI-RECO_CMSSW_6_2_0_SLHC12_2023Scenario_Case4/calabria-calabria_SingleMuPt5_GEN-SIM-DIGI-RECO_CMSSW_6_2_0_SLHC12_2023Scenario_Case4-01e8787d2102816c4c34c374fc192ef2/USER#1562c90a-7f0a-496e-be24-a0d81bae10fc
inputFiles : 76_1_49j.root::1::EDM::Local::1;80_1_bM8.root::1::EDM::Local::2;87_1_Tyd.root::1::EDM::Local::3;78_1_ZWU.root::1::EDM::Local::4;89_1_GdC.root::1::EDM::Local::5;94_1_elD.root::1::EDM::Local::6;75_1_j4J.root::1::EDM::Local::7;73_1_DSM.root::1::EDM::Local::8;84_1_R6e.root::1::EDM::Local::9;74_1_inm.root::1::EDM::Local::10;
Popularity stop
Extracted ExitStatus from FrameworkJobReport parsing output: 0
>>> Executable succeded  0
ExeExitCode=0
EXECUTABLE_EXIT_STATUS = 0
>>> current directory /home/cms010/home_cream_801061526/CREAM801061526/glide_abmb3h/execute/dir_30241/CMSSW_6_2_0_SLHC12
>>>  (SOFTWARE_DIR): /home/cms010/home_cream_801061526/CREAM801061526/glide_abmb3h/execute/dir_30241/CMSSW_6_2_0_SLHC12
>>> (WORKING_DIR): 
>>> current directory content:
total 10468
drwxr-xr-x 3 cms010 cms    4096 Jun 18 01:01 .SCRAM
-rw------- 1 cms010 cms 3740310 Jun 18 01:01 CMSSW.py.pkl
drwxr-xr-x 3 cms010 cms    4096 Jun 18 01:01 bin
drwxr-xr-x 3 cms010 cms    4096 Jun 18 01:01 cfipython
drwxr-xr-x 4 cms010 cms    4096 Jun 18 01:01 config
-rw------- 1 cms010 cms      16 Jun 18 01:07 cpu_timing.txt
drwxr-xr-x 2 cms010 cms    4096 Jun 18 01:01 doc
-rw------- 1 cms010 cms    9865 Jun 18 01:07 executable.out
drwxr-xr-x 2 cms010 cms    4096 Jun 18 01:01 include
drwx------ 3 cms010 cms    4096 Apr 28 18:12 lib
drwxr-xr-x 3 cms010 cms    4096 Jun 18 01:01 logs
drwxr-xr-x 3 cms010 cms    4096 Jun 18 01:01 objs
-rw------- 1 cms010 cms     104 Jun 18 01:01 pset.py
-rw------- 1 cms010 cms 3712288 Jun 18 01:01 pset.py.pkl
-rw------- 1 cms010 cms     289 Jun 18 01:01 pset.pyc
drwxr-xr-x 2 cms010 cms    4096 Jun 18 01:01 python
-rw------- 1 cms010 cms     407 Jun 18 01:07 report.log
drwx------ 6 cms010 cms    4096 Jun 18 01:01 src
drwxr-xr-x 3 cms010 cms    4096 Jun 18 01:01 test
drwxr-xr-x 3 cms010 cms    4096 Jun 18 01:01 tmp
-rw------- 1 cms010 cms 3162742 Jun 18 01:07 validationEDM.root
>>> current directory /home/cms010/home_cream_801061526/CREAM801061526/glide_abmb3h/execute/dir_30241/CMSSW_6_2_0_SLHC12
>>> (SOFTWARE_DIR): /home/cms010/home_cream_801061526/CREAM801061526/glide_abmb3h/execute/dir_30241/CMSSW_6_2_0_SLHC12
>>> (WORKING_DIR): 
>>> current directory content:
total 10468
drwxr-xr-x 3 cms010 cms    4096 Jun 18 01:01 .SCRAM
-rw------- 1 cms010 cms 3740310 Jun 18 01:01 CMSSW.py.pkl
drwxr-xr-x 3 cms010 cms    4096 Jun 18 01:01 bin
drwxr-xr-x 3 cms010 cms    4096 Jun 18 01:01 cfipython
drwxr-xr-x 4 cms010 cms    4096 Jun 18 01:01 config
-rw------- 1 cms010 cms      16 Jun 18 01:07 cpu_timing.txt
drwxr-xr-x 2 cms010 cms    4096 Jun 18 01:01 doc
-rw------- 1 cms010 cms    9865 Jun 18 01:07 executable.out
drwxr-xr-x 2 cms010 cms    4096 Jun 18 01:01 include
drwx------ 3 cms010 cms    4096 Apr 28 18:12 lib
drwxr-xr-x 3 cms010 cms    4096 Jun 18 01:01 logs
drwxr-xr-x 3 cms010 cms    4096 Jun 18 01:01 objs
-rw------- 1 cms010 cms     104 Jun 18 01:01 pset.py
-rw------- 1 cms010 cms 3712288 Jun 18 01:01 pset.py.pkl
-rw------- 1 cms010 cms     289 Jun 18 01:01 pset.pyc
drwxr-xr-x 2 cms010 cms    4096 Jun 18 01:01 python
-rw------- 1 cms010 cms     407 Jun 18 01:07 report.log
drwx------ 6 cms010 cms    4096 Jun 18 01:01 src
drwxr-xr-x 3 cms010 cms    4096 Jun 18 01:01 test
drwxr-xr-x 3 cms010 cms    4096 Jun 18 01:01 tmp
-rw------- 1 cms010 cms 3162742 Jun 18 01:07 validationEDM_18_1_Mwz.root
>>> current directory (RUNTIME_AREA):  /home/cms010/home_cream_801061526/CREAM801061526/glide_abmb3h/execute/dir_30241
SE = storm-se-01.ba.infn.it
SE_PATH = /srm/managerv2?SFN=//cms/store/user/calabria/calabria_SingleMuPt5_GEN-SIM-DIGI-RECO_CMSSW_6_2_0_SLHC12_2023Scenario_Case4/calabria_MuMinus5_GEN-SIM-DIGI-RECO_CMSSW_6_2_0_SLHC12_2023Scenario_VALNOPU2_Case4/5854dd31cbd3cdec44c48628cc181cf0/
LFNBaseName = /store/user/calabria/calabria_SingleMuPt5_GEN-SIM-DIGI-RECO_CMSSW_6_2_0_SLHC12_2023Scenario_Case4/calabria_MuMinus5_GEN-SIM-DIGI-RECO_CMSSW_6_2_0_SLHC12_2023Scenario_VALNOPU2_Case4/5854dd31cbd3cdec44c48628cc181cf0/
USER = calabria
endpoint = srm://storm-se-01.ba.infn.it:8444/srm/managerv2?SFN=//cms/store/user/calabria/calabria_SingleMuPt5_GEN-SIM-DIGI-RECO_CMSSW_6_2_0_SLHC12_2023Scenario_Case4/calabria_MuMinus5_GEN-SIM-DIGI-RECO_CMSSW_6_2_0_SLHC12_2023Scenario_VALNOPU2_Case4/5854dd31cbd3cdec44c48628cc181cf0/
>>> Copy output files from WN = alicegrid61.ba.infn.it to /srm/managerv2?SFN=//cms/store/user/calabria/calabria_SingleMuPt5_GEN-SIM-DIGI-RECO_CMSSW_6_2_0_SLHC12_2023Scenario_Case4/calabria_MuMinus5_GEN-SIM-DIGI-RECO_CMSSW_6_2_0_SLHC12_2023Scenario_VALNOPU2_Case4/5854dd31cbd3cdec44c48628cc181cf0/ :
python cmscp.py  --destination srm://storm-se-01.ba.infn.it:8444/srm/managerv2?SFN=//cms/store/user/calabria/calabria_SingleMuPt5_GEN-SIM-DIGI-RECO_CMSSW_6_2_0_SLHC12_2023Scenario_Case4/calabria_MuMinus5_GEN-SIM-DIGI-RECO_CMSSW_6_2_0_SLHC12_2023Scenario_VALNOPU2_Case4/5854dd31cbd3cdec44c48628cc181cf0/ --inputFileList /home/cms010/home_cream_801061526/CREAM801061526/glide_abmb3h/execute/dir_30241/CMSSW_6_2_0_SLHC12/validationEDM_18_1_Mwz.root --middleware LCG --se_name storm-se-01.ba.infn.it --for_lfn /store/user/calabria/calabria_SingleMuPt5_GEN-SIM-DIGI-RECO_CMSSW_6_2_0_SLHC12_2023Scenario_Case4/calabria_MuMinus5_GEN-SIM-DIGI-RECO_CMSSW_6_2_0_SLHC12_2023Scenario_VALNOPU2_Case4/5854dd31cbd3cdec44c48628cc181cf0/    
******************************************************
localSeName  =  storm-se-01.ba.infn.it
remoteSeName =  storm-se-01.ba.infn.it
******************************************************
{"/home/cms010/home_cream_801061526/CREAM801061526/glide_abmb3h/execute/dir_30241/CMSSW_6_2_0_SLHC12/validationEDM_18_1_Mwz.root": {"endpoint": "srm://storm-se-01.ba.infn.it:8444/srm/managerv2?SFN=//cms/store/user/calabria/calabria_SingleMuPt5_GEN-SIM-DIGI-RECO_CMSSW_6_2_0_SLHC12_2023Scenario_Case4/calabria_MuMinus5_GEN-SIM-DIGI-RECO_CMSSW_6_2_0_SLHC12_2023Scenario_VALNOPU2_Case4/5854dd31cbd3cdec44c48628cc181cf0/", "surl_for_grid": "", "reason": "Copy succedeed with srm-lcg utils", "erCode": "0", "se_name": "storm-se-01.ba.infn.it", "for_lfn": "/store/user/calabria/calabria_SingleMuPt5_GEN-SIM-DIGI-RECO_CMSSW_6_2_0_SLHC12_2023Scenario_Case4/calabria_MuMinus5_GEN-SIM-DIGI-RECO_CMSSW_6_2_0_SLHC12_2023Scenario_VALNOPU2_Case4/5854dd31cbd3cdec44c48628cc181cf0/"}}/home/cms010/home_cream_801061526/CREAM801061526/glide_abmb3h/execute/dir_30241
-------- cat /home/cms010/home_cream_801061526/CREAM801061526/glide_abmb3h/execute/dir_30241/cmscpReport.sh 
#!/bin/bash
echo "Report for File: /home/cms010/home_cream_801061526/CREAM801061526/glide_abmb3h/execute/dir_30241/CMSSW_6_2_0_SLHC12/validationEDM_18_1_Mwz.root"
echo "LFN: /store/user/calabria/calabria_SingleMuPt5_GEN-SIM-DIGI-RECO_CMSSW_6_2_0_SLHC12_2023Scenario_Case4/calabria_MuMinus5_GEN-SIM-DIGI-RECO_CMSSW_6_2_0_SLHC12_2023Scenario_VALNOPU2_Case4/5854dd31cbd3cdec44c48628cc181cf0/validationEDM_18_1_Mwz.root"
echo "StorageElement: storm-se-01.ba.infn.it"
echo "StageOutExitStatusReason = 'Copy succedeed with srm-lcg utils'" | tee -a $RUNTIME_AREA/$repo
echo "StageOutSE = storm-se-01.ba.infn.it" >> $RUNTIME_AREA/$repo

export StageOutExitStatus=0
echo "StageOutExitStatus = 0" | tee -a $RUNTIME_AREA/$repo
-------- end of /home/cms010/home_cream_801061526/CREAM801061526/glide_abmb3h/execute/dir_30241/cmscpReport.sh 
Report for File: /home/cms010/home_cream_801061526/CREAM801061526/glide_abmb3h/execute/dir_30241/CMSSW_6_2_0_SLHC12/validationEDM_18_1_Mwz.root
LFN: /store/user/calabria/calabria_SingleMuPt5_GEN-SIM-DIGI-RECO_CMSSW_6_2_0_SLHC12_2023Scenario_Case4/calabria_MuMinus5_GEN-SIM-DIGI-RECO_CMSSW_6_2_0_SLHC12_2023Scenario_VALNOPU2_Case4/5854dd31cbd3cdec44c48628cc181cf0/validationEDM_18_1_Mwz.root
StorageElement: storm-se-01.ba.infn.it
StageOutExitStatusReason = 'Copy succedeed with srm-lcg utils'
StageOutExitStatus = 0
>>> current dir: /home/cms010/home_cream_801061526/CREAM801061526/glide_abmb3h/execute/dir_30241
>>> current dir content:
total 28076
-rw-------  1 cms010 cms     2775 Jun 18 01:08 .SEinteraction.log
-rwx------  1 cms010 cms     6809 Jun 18 01:01 .job.ad
-rwx------  1 cms010 cms     9458 Jun 18 01:01 .machine.ad
-rw-------  1 cms010 cms      105 Jun 16 20:48 CMSSW.py
-rw-------  1 cms010 cms  3740310 Jun 16 20:48 CMSSW.py.pkl
-rwx------  1 cms010 cms    29543 Jun 18 01:01 CMSSW.sh
drwxr-xr-x 15 cms010 cms     4096 Jun 18 01:07 CMSSW_6_2_0_SLHC12
-rw-------  1 cms010 cms      220 Jun 18 01:01 CacheEnv.sh
-rw-------  1 cms010 cms     7291 Apr  4 11:04 DashboardAPI.py
-rw-------  1 cms010 cms     6815 Jun 18 01:01 DashboardAPI.pyc
drwx------  2 cms010 cms     4096 Jun 18 01:07 IMProv
-rw-------  1 cms010 cms     2748 Apr  4 11:04 Logger.py
-rw-------  1 cms010 cms     3347 Jun 18 01:01 Logger.pyc
-rw-------  1 cms010 cms    24524 Apr  4 11:04 ProcInfo.py
-rw-------  1 cms010 cms    23197 Jun 18 01:01 ProcInfo.pyc
drwx------  7 cms010 cms     4096 Jun 18 01:01 ProdCommon
drwx------  3 cms010 cms     4096 Jun 18 01:01 WMCore
-rw-------  1 cms010 cms     2848 Jun 18 01:07 Watchdog_18.log
-rwx------  1 cms010 cms        0 Jun 18 01:01 _condor_stderr
-rwx---r--  1 cms010 cms    29321 Jun 18 01:08 _condor_stdout
-rw-------  1 cms010 cms    32895 Apr  4 11:04 apmon.py
-rw-------  1 cms010 cms    28625 Jun 18 01:01 apmon.pyc
-rwx------  1 cms010 cms    52997 Jun 18 01:01 arguments.xml
-rwx------  1 cms010 cms    38515 Apr  4 11:04 cmscp.py
-rw-------  1 cms010 cms      716 Jun 18 01:08 cmscpReport.sh
-rwx------  1 cms010 cms    29543 Jun 18 01:01 condor_exec.exe
-rw-------  1 cms010 cms      953 Jun 16 20:48 crab.cfg
-rwx------  1 cms010 cms     8610 Apr  4 11:04 crabWatchdog.sh
-rwx---r--  1 cms010 cms   523185 Jun 18 01:07 crab_fjr_18.xml
-rwx------  1 cms010 cms 23959181 Jun 18 01:01 default.tgz
-rwx------  1 cms010 cms     4488 Apr  4 11:04 fillCrabFjr.py
-rw-------  1 cms010 cms     2607 Jun 18 01:01 inputsReport.txt
-rw-------  1 cms010 cms      260 Jun 18 01:08 jobreport.txt
-rw-------  1 cms010 cms    17352 Apr  4 11:04 parseCrabFjr.py
-rw-------  1 cms010 cms      331 Jun 18 01:01 report.log
-rwx--x--x  1 cms010 cms     1497 Apr  4 11:04 report.py
-rw-------  1 cms010 cms      768 Jun 18 01:08 resultCopyFile
lrwxrwxrwx  1 cms010 cms      126 Jun 18 01:07 validationEDM.root -> /home/cms010/home_cream_801061526/CREAM801061526/glide_abmb3h/execute/dir_30241/CMSSW_6_2_0_SLHC12/validationEDM_18_1_Mwz.root
-rwx------  1 cms010 cms     8387 Apr  4 11:04 writeCfg.py
-rw-------  1 cms010 cms     8010 Jun 18 01:01 x509up_u50707
>>> Modify Job Report:
CMSSW_VERSION = CMSSW_6_2_0_SLHC12
ProcessedDataset = calabria_MuMinus5_GEN-SIM-DIGI-RECO_CMSSW_6_2_0_SLHC12_2023Scenario_VALNOPU2_Case4
/home/cms010/home_cream_801061526/CREAM801061526/glide_abmb3h/execute/dir_30241/ProdCommon/FwkJobRep/ModifyJobReport.py fjr /home/cms010/home_cream_801061526/CREAM801061526/glide_abmb3h/execute/dir_30241/crab_fjr_18.xml json /home/cms010/home_cream_801061526/CREAM801061526/glide_abmb3h/execute/dir_30241/resultCopyFile n_job 18_1_Mwz PrimaryDataset calabria_SingleMuPt5_GEN-SIM-DIGI-RECO_CMSSW_6_2_0_SLHC12_2023Scenario_Case4  ApplicationFamily cmsRun ApplicationName cmsRun cmssw_version CMSSW_6_2_0_SLHC12 psethash 5854dd31cbd3cdec44c48628cc181cf0 UserProcessedDataset calabria-calabria_MuMinus5_GEN-SIM-DIGI-RECO_CMSSW_6_2_0_SLHC12_2023Scenario_VALNOPU2_Case4-5854dd31cbd3cdec44c48628cc181cf0
inputDict =  {u'/home/cms010/home_cream_801061526/CREAM801061526/glide_abmb3h/execute/dir_30241/CMSSW_6_2_0_SLHC12/validationEDM_18_1_Mwz.root': {u'endpoint': u'srm://storm-se-01.ba.infn.it:8444/srm/managerv2?SFN=//cms/store/user/calabria/calabria_SingleMuPt5_GEN-SIM-DIGI-RECO_CMSSW_6_2_0_SLHC12_2023Scenario_Case4/calabria_MuMinus5_GEN-SIM-DIGI-RECO_CMSSW_6_2_0_SLHC12_2023Scenario_VALNOPU2_Case4/5854dd31cbd3cdec44c48628cc181cf0/', u'surl_for_grid': u'', u'reason': u'Copy succedeed with srm-lcg utils', u'erCode': u'0', u'se_name': u'storm-se-01.ba.infn.it', u'for_lfn': u'/store/user/calabria/calabria_SingleMuPt5_GEN-SIM-DIGI-RECO_CMSSW_6_2_0_SLHC12_2023Scenario_Case4/calabria_MuMinus5_GEN-SIM-DIGI-RECO_CMSSW_6_2_0_SLHC12_2023Scenario_VALNOPU2_Case4/5854dd31cbd3cdec44c48628cc181cf0/'}}
UserProcessedDataset =  calabria-calabria_MuMinus5_GEN-SIM-DIGI-RECO_CMSSW_6_2_0_SLHC12_2023Scenario_VALNOPU2_Case4-5854dd31cbd3cdec44c48628cc181cf0
file_name in inputDict =  /home/cms010/home_cream_801061526/CREAM801061526/glide_abmb3h/execute/dir_30241/CMSSW_6_2_0_SLHC12/validationEDM_18_1_Mwz.root
(size) os.stat(filename)[6] =  3162742
checksum =  3425800276
    file =  validationEDM_18_1_Mwz.root
    newPfn =  srm://storm-se-01.ba.infn.it:8444/srm/managerv2?SFN=//cms/store/user/calabria/calabria_SingleMuPt5_GEN-SIM-DIGI-RECO_CMSSW_6_2_0_SLHC12_2023Scenario_Case4/calabria_MuMinus5_GEN-SIM-DIGI-RECO_CMSSW_6_2_0_SLHC12_2023Scenario_VALNOPU2_Case4/5854dd31cbd3cdec44c48628cc181cf0/validationEDM_18_1_Mwz.root
    newLfn =  /store/user/calabria/calabria_SingleMuPt5_GEN-SIM-DIGI-RECO_CMSSW_6_2_0_SLHC12_2023Scenario_Case4/calabria_MuMinus5_GEN-SIM-DIGI-RECO_CMSSW_6_2_0_SLHC12_2023Scenario_VALNOPU2_Case4/5854dd31cbd3cdec44c48628cc181cf0/validationEDM_18_1_Mwz.root
>>> crab_fjr_*.xml  permission set to 0704
CrabWrapper EXIT_FUNC entered at Wed Jun 18 01:08:29 CEST 2014   -  Tue Jun 17 23:08:29 UTC 2014
Checking output files:  
will tar file crab_fjr_18.xml in  out_files_18
WARNING: output file CMSSW_18.stdout not found!
WARNING: output file CMSSW_18.stderr not found!
WARNING: output file Watchdog_18.log.gz not found!
>>> padding time: Sleeping the wrapper for 166 seconds
STOPPING WATCHDOG. CrabWatchdog PID is 31122
********** LAST 50 LINES OF WATCHDOG LOG
# RESOURCE USAGE SUMMARY FOR PROCESS ID 30361
USER       PID %CPU %MEM    VSZ   RSS TTY      STAT START   TIME COMMAND
cms010   30361  0.4  0.0   9496  1596 ?        S    01:01   0:00 /bin/sh /home/cms010/home_cream_801061526/CREAM801061526/glide_abmb3h/execute/dir_30241/condor_exec.exe 18 1
 
# LIMITS USED BY CRAB WATCHDOG:
# RSS  (KBytes)   : 2300000
# VSZ  (KBytes)   : 100000000
# DISK (MBytes)   : 19000
# CPU TIME        : 720h:0m:0s
# WALL CLOCK TIME : 21h:50m:0s
 
# FOLLOWING PRINTOUT TRACKS MAXIMUM VALUES OF RESOURCES USE
# ONE LINE IS PRINTED EACH TIME A MAXIMUM CHANGES
# IF CHANGE WAS IN RSS OR VSZ ALSO PROCID AND COMMAND ARE PRINTED
# THERE IS NO PRINTOUT FOR CPU/WALL TIME INCREASE
 
# TIME			PID	RSS(KB)	VSZ(KB)	Dsk(MB)	tCPU(s)	tWALL(s)	COMMAND
 Jun 18 01:01:21 CEST	5158	1392	9364	0	0	1	/bin/bash /home/cms010/home_cream_801061526/CREAM801061526/glide_abmb3h/main/condor_startup.sh glidein_config        
 Jun 18 01:01:21 CEST	5913	8012	93336	0	0	1	/home/cms010/home_cream_801061526/CREAM801061526/glide_abmb3h/main/condor/sbin/condor_master -f -pidfile /home/cms010/home_cream_801061526/CREAM801061526/glide_abmb3h/condor_master2.pid       
 Jun 18 01:01:21 CEST	6718	8708	93780	0	1	1	condor_startd -f         
 Jun 18 01:01:21 CEST	28231	8708	106092	0	0	1	sh -c "./glidein_startup.sh" -v std -name v3_0 -entry CMS_T2_IT_Bari_ce4 -clientname UCSD-v1_0.main
 Jun 18 01:01:21 CEST	28235	8708	106492	0	0	1	/bin/bash ./glidein_startup.sh -v std -name v3_0 -entry CMS_T2_IT_Bari_ce4 -clientname UCSD-v1_0.main -schedd
 Jun 18 01:01:21 CEST	31134	47440	110344	0	0	1	edmConfigHash pset.py         
 Jun 18 01:01:21 CEST	---	47440	110344	171	----	----	----
 Jun 18 01:02:22 CEST	1021	763348	981436	171	34	62	cmsRun -j /home/cms010/home_cream_801061526/CREAM801061526/glide_abmb3h/execute/dir_30241/crab_fjr_18.xml -p pset.py      
 Jun 18 01:02:22 CEST	---	763348	981436	175	----	----	----
 Jun 18 01:03:23 CEST	1021	794036	1006308	175	83	122	cmsRun -j /home/cms010/home_cream_801061526/CREAM801061526/glide_abmb3h/execute/dir_30241/crab_fjr_18.xml -p pset.py      
 Jun 18 01:04:24 CEST	1021	794036	1010148	175	133	183	cmsRun -j /home/cms010/home_cream_801061526/CREAM801061526/glide_abmb3h/execute/dir_30241/crab_fjr_18.xml -p pset.py      
 Jun 18 01:05:25 CEST	1021	794036	1023716	175	184	244	cmsRun -j /home/cms010/home_cream_801061526/CREAM801061526/glide_abmb3h/execute/dir_30241/crab_fjr_18.xml -p pset.py      
 Jun 18 01:06:26 CEST	1021	794036	1026788	175	235	305	cmsRun -j /home/cms010/home_cream_801061526/CREAM801061526/glide_abmb3h/execute/dir_30241/crab_fjr_18.xml -p pset.py      
 Jun 18 01:07:27 CEST	1021	838260	1145316	175	291	366	cmsRun -j /home/cms010/home_cream_801061526/CREAM801061526/glide_abmb3h/execute/dir_30241/crab_fjr_18.xml -p pset.py      
 Jun 18 01:07:27 CEST	---	838260	1145316	176	----	----	----
 Jun 18 01:08:28 CEST	---	838260	1145316	179	----	----	----
********** WATCHDOG LOG ENDED
ZIPPING WATCHDOG LOG
Disk space used:
du -sh /home/cms010/home_cream_801061526/CREAM801061526/glide_abmb3h/execute/dir_30241
179M	/home/cms010/home_cream_801061526/CREAM801061526/glide_abmb3h/execute/dir_30241
Found unusual stdout, rename for OSB
`/home/cms010/home_cream_801061526/CREAM801061526/glide_abmb3h/execute/dir_30241/_condor_stdout' -> `CMSSW_18.stdout'
Found unusual stderr, rename for OSB
`/home/cms010/home_cream_801061526/CREAM801061526/glide_abmb3h/execute/dir_30241/_condor_stdout' -> `CMSSW_18.stderr'
crab_fjr_18.xml
CMSSW_18.stdout
CMSSW_18.stderr
Watchdog_18.log.gz
Total Output dimension: 70147
WARNING: output files size limit is set to: 50000000
Total Output dimension 70147 is fine.
JOB_EXIT_STATUS = 0
>>> info for dashboard:
***** Cat /home/cms010/home_cream_801061526/CREAM801061526/glide_abmb3h/execute/dir_30241/jobreport.txt *****
MonitorJobID=18_https://submit-4.t2.ucsd.edu//140616//222489.17
MonitorID=calabria_MuMinus5_Case4_ReReco_r2bu19
ExeTime=353
ExeExitCode=0
StageOutExitStatusReason = 'Copy succedeed with srm-lcg utils'
StageOutSE = storm-se-01.ba.infn.it
StageOutExitStatus = 0
CrabUserCpuTime=293.27
CrabSysCpuTime=4.32
CrabCpuPercentage=84%
CrabWrapperTime=600
CrabStageoutTime=49
JobExitCode=0
***** End Cat jobreport *****
Parameters sent to Dashboard.
EXITING at Wed Jun 18 01:11:21 CEST 2014  -  Tue Jun 17 23:11:21 UTC 2014
