This script was generated by crab (version 2.10.5_patch1).
Running /home/cms040/home_cream_571549127/CREAM571549127/glide_YUYNtE/execute/dir_27848/condor_exec.exe with 2 positional parameters: 13 1
Today is Wed Jun 18 01:06:22 CEST 2014 - Tue Jun 17 23:06:22 UTC 2014
Job submitted on host alicegrid56.ba.infn.it
Linux alicegrid56.ba.infn.it 2.6.32-358.23.2.el6.x86_64 #1 SMP Thu Oct 17 10:27:22 CEST 2013 x86_64 x86_64 x86_64 GNU/Linux
>>> current directory (RUNTIME_AREA): /home/cms040/home_cream_571549127/CREAM571549127/glide_YUYNtE/execute/dir_27848
>>> current user: uid=18598(cms040) gid=1399(cms) groups=1399(cms)
>>> directory permission set to 0700
>>> umask set to:  u=rwx,g=,o=
>>> stdout stderr permission set to 0704
>>> voms proxy information:
subject   : /C=IT/O=INFN/OU=Personal Certificate/L=Bari/CN=Cesare Calabria/CN=477126703/CN=1846683178
issuer    : /C=IT/O=INFN/OU=Personal Certificate/L=Bari/CN=Cesare Calabria/CN=477126703
identity  : /C=IT/O=INFN/OU=Personal Certificate/L=Bari/CN=Cesare Calabria
type      : RFC3820 compliant limited proxy
strength  : 1024
path      : /home/cms040/home_cream_571549127/CREAM571549127/glide_YUYNtE/execute/dir_27848/x509up_u50707
timeleft  : 23:59:30
key usage : Digital Signature, Key Encipherment, Data Encipherment
=== VO cms extension information ===
VO        : cms
subject   : /C=IT/O=INFN/OU=Personal Certificate/L=Bari/CN=Cesare Calabria
issuer    : /DC=ch/DC=cern/OU=computers/CN=voms.cern.ch
attribute : /cms/Role=NULL/Capability=NULL
attribute : /cms/itcms/Role=NULL/Capability=NULL
timeleft  : 154:17:57
uri       : voms.cern.ch:15002

WNHostName=alicegrid56.ba.infn.it
>>> tar --no-same-permissions -xf /home/cms040/home_cream_571549127/CREAM571549127/glide_YUYNtE/execute/dir_27848/default.tgz :
Successful untar
>>> Include /home/cms040/home_cream_571549127/CREAM571549127/glide_YUYNtE/execute/dir_27848 in PYTHONPATH:
strip arguments
env var CRAB_UNIQUE_JOB_ID set to: calabria_MuMinus5_Case4_ReReco_r2bu19_13_1_0lq
out_files_13
>>> list of expected files on output sandbox
output files: crab_fjr_13.xml CMSSW_13.stdout CMSSW_13.stderr Watchdog_13.log.gz
>>> GridFlavour discovery: 
GridFlavour=LCG
>>> SyncSite discovery: 
SyncSite=T2_IT_Bari
>>> SyncCE discovery: 
getting SyncCE from CE_ID
SyncCE=cream-ce-2.ba.infn.it:8443/cream-pbs-cms
>>> info for dashboard:
***** Cat /home/cms040/home_cream_571549127/CREAM571549127/glide_YUYNtE/execute/dir_27848/jobreport.txt *****
WNHostName=alicegrid56.ba.infn.it
MonitorJobID=13_https://submit-4.t2.ucsd.edu//140616//222489.12
SyncGridJobId=https://submit-4.t2.ucsd.edu//140616//222489.12
MonitorID=calabria_MuMinus5_Case4_ReReco_r2bu19
GridFlavour=LCG
SyncSite=T2_IT_Bari
SyncCE=cream-ce-2.ba.infn.it:8443/cream-pbs-cms
***** End Cat jobreport *****
Parameters sent to Dashboard.
>>> setup environment
set SCRAM ARCH to slc5_amd64_gcc472
SCRAM_ARCH = slc5_amd64_gcc472
>>> setup CMS LCG environment:
set SCRAM ARCH and BUILD_ARCH to slc5_amd64_gcc472 ###
Sourcing environment... 
sourcing /cvmfs/cms.cern.ch/cmsset_default.sh
==> setup cms environment ok
>>> specific cmssw setup environment:
CMSSW_VERSION =  CMSSW_6_2_0_SLHC12
>>> current directory (SOFTWARE_DIR): /home/cms040/home_cream_571549127/CREAM571549127/glide_YUYNtE/execute/dir_27848/CMSSW_6_2_0_SLHC12
PreserveSeeds: <>
IncrementSeeds:<>
>>> info for dashboard:
***** Cat /home/cms040/home_cream_571549127/CREAM571549127/glide_YUYNtE/execute/dir_27848/jobreport.txt *****
MonitorJobID=13_https://submit-4.t2.ucsd.edu//140616//222489.12
MonitorID=calabria_MuMinus5_Case4_ReReco_r2bu19
***** End Cat jobreport *****
Parameters sent to Dashboard.
crabWatchdog started as process 28168
>>> moving CMSSW software directories in /home/cms040/home_cream_571549127/CREAM571549127/glide_YUYNtE/execute/dir_27848/CMSSW_6_2_0_SLHC12
mv: cannot stat `/home/cms040/home_cream_571549127/CREAM571549127/glide_YUYNtE/execute/dir_27848/module/': No such file or directory
>>> Include /home/cms040/home_cream_571549127/CREAM571549127/glide_YUYNtE/execute/dir_27848 in PYTHONPATH:
PYTHONPATH=/home/cms040/home_cream_571549127/CREAM571549127/glide_YUYNtE/execute/dir_27848/:/home/cms040/home_cream_571549127/CREAM571549127/glide_YUYNtE/execute/dir_27848/CMSSW_6_2_0_SLHC12/python:/home/cms040/home_cream_571549127/CREAM571549127/glide_YUYNtE/execute/dir_27848/CMSSW_6_2_0_SLHC12/lib/slc5_amd64_gcc472:/cvmfs/cms.cern.ch/slc5_amd64_gcc472/cms/cmssw/CMSSW_6_2_0_SLHC12/python:/cvmfs/cms.cern.ch/slc5_amd64_gcc472/cms/cmssw/CMSSW_6_2_0_SLHC12/lib/slc5_amd64_gcc472:/cvmfs/cms.cern.ch/slc5_amd64_gcc472/cms/coral/CORAL_2_3_21-cms36/slc5_amd64_gcc472/python:/cvmfs/cms.cern.ch/slc5_amd64_gcc472/cms/coral/CORAL_2_3_21-cms36/slc5_amd64_gcc472/lib:/cvmfs/cms.cern.ch/slc5_amd64_gcc472/external/pyqt/4.8.1-cms6/lib/python2.7/site-packages:/cvmfs/cms.cern.ch/slc5_amd64_gcc472/external/py2-scipy/0.8.0-cms8/lib/python2.7/site-packages:/cvmfs/cms.cern.ch/slc5_amd64_gcc472/external/py2-matplotlib/1.0.1-cms8/lib/python2.7/site-packages:/cvmfs/cms.cern.ch/slc5_amd64_gcc472/external/python-ldap/2.3.5-cms6/lib/python2.7/site-packages:/cvmfs/cms.cern.ch/slc5_amd64_gcc472/external/sip/4.11.2-cms6/lib/python2.7/site-packages:/cvmfs/cms.cern.ch/slc5_amd64_gcc472/external/py2-pycurl/7.19.0-cms8/lib/python2.7/site-packages:/cvmfs/cms.cern.ch/slc5_amd64_gcc472/external/py2-numpy/1.6.1-cms8/lib/python2.7/site-packages:/cvmfs/cms.cern.ch/slc5_amd64_gcc472/external/py2-lint/0.25.1-cms6/lib/python2.7/site-packages:/cvmfs/cms.cern.ch/slc5_amd64_gcc472/external/py2-ipython/0.10-cms6/lib/python2.7/site-packages:/cvmfs/cms.cern.ch/slc5_amd64_gcc472/external/py2-cx-oracle/5.1-cms7/lib/python2.7/site-packages:/cvmfs/cms.cern.ch/slc5_amd64_gcc472/external/py2-cjson/1.0.5-cms6/lib/python2.7/site-packages:/cvmfs/cms.cern.ch/slc5_amd64_gcc472/cms/das-client/1.11.7/bin:/cvmfs/cms.cern.ch/slc5_amd64_gcc472/external/elementtree/1.2.6-cms6/share/lib/python2.7/site-packages:/cvmfs/cms.cern.ch/slc5_amd64_gcc472/external/rivet/1.8.2-cms8/lib/python2.7/site-packages:/cvmfs/cms.cern.ch/slc5_amd64_gcc472/external/pyminuit2/0.0.1-cms19/lib/python2.7/site-packages:/cvmfs/cms.cern.ch/slc5_amd64_gcc472/external/py2-pygithub/1.23.0/lib/python2.7/site-packages:/cvmfs/cms.cern.ch/slc5_amd64_gcc472/external/professor/1.0.0-cms19/lib/python2.7/site-packages:/cvmfs/cms.cern.ch/slc5_amd64_gcc472/lcg/root/5.34.07-cms/lib:/cvmfs/cms.cern.ch/slc5_amd64_gcc472/cms/dbs-client/DBS_2_1_9-cms5/lib:/cvmfs/cms.cern.ch/slc5_amd64_gcc472/cms/dbs-client/DBS_2_1_9-cms5/lib/DBSAPI:/cvmfs/cms.cern.ch/slc5_amd64_gcc472/external/cvs2git/5419-cms/lib:/home/cms040/home_cream_571549127/CREAM571549127/glide_YUYNtE/execute/dir_27848/
 
# LIMITS USED BY CRAB WATCHDOG:
# RSS  (KBytes)   : 2300000
# VSZ  (KBytes)   : 100000000
# DISK (MBytes)   : 19000
# CPU TIME        : 720h:0m:0s
# WALL CLOCK TIME : 21h:50m:0s
 
5854dd31cbd3cdec44c48628cc181cf0
PSETHASH = 5854dd31cbd3cdec44c48628cc181cf0
/home/cms040/home_cream_571549127/CREAM571549127/glide_YUYNtE/execute/dir_27848/writeCfg.py pset.py pset.py
Importing .py file
Setting parameters
RandomNumberGeneratorService found, will attempt to change seeds
inputBlocks=/calabria_SingleMuPt5_GEN-SIM-DIGI-RECO_CMSSW_6_2_0_SLHC12_2023Scenario_Case4/calabria-calabria_SingleMuPt5_GEN-SIM-DIGI-RECO_CMSSW_6_2_0_SLHC12_2023Scenario_Case4-01e8787d2102816c4c34c374fc192ef2/USER#1562c90a-7f0a-496e-be24-a0d81bae10fc
inputFiles=/store/user/calabria/calabria_SingleMuPt5_GEN-SIM-DIGI-RECO_CMSSW_6_2_0_SLHC12_2023Scenario_Case4/calabria_SingleMuPt5_GEN-SIM-DIGI-RECO_CMSSW_6_2_0_SLHC12_2023Scenario_Case4/01e8787d2102816c4c34c374fc192ef2/out_reco_101_1_Yr3.root;/store/user/calabria/calabria_SingleMuPt5_GEN-SIM-DIGI-RECO_CMSSW_6_2_0_SLHC12_2023Scenario_Case4/calabria_SingleMuPt5_GEN-SIM-DIGI-RECO_CMSSW_6_2_0_SLHC12_2023Scenario_Case4/01e8787d2102816c4c34c374fc192ef2/out_reco_102_1_4VK.root;/store/user/calabria/calabria_SingleMuPt5_GEN-SIM-DIGI-RECO_CMSSW_6_2_0_SLHC12_2023Scenario_Case4/calabria_SingleMuPt5_GEN-SIM-DIGI-RECO_CMSSW_6_2_0_SLHC12_2023Scenario_Case4/01e8787d2102816c4c34c374fc192ef2/out_reco_103_1_Ig8.root;/store/user/calabria/calabria_SingleMuPt5_GEN-SIM-DIGI-RECO_CMSSW_6_2_0_SLHC12_2023Scenario_Case4/calabria_SingleMuPt5_GEN-SIM-DIGI-RECO_CMSSW_6_2_0_SLHC12_2023Scenario_Case4/01e8787d2102816c4c34c374fc192ef2/out_reco_104_1_27w.root;/store/user/calabria/calabria_SingleMuPt5_GEN-SIM-DIGI-RECO_CMSSW_6_2_0_SLHC12_2023Scenario_Case4/calabria_SingleMuPt5_GEN-SIM-DIGI-RECO_CMSSW_6_2_0_SLHC12_2023Scenario_Case4/01e8787d2102816c4c34c374fc192ef2/out_reco_105_1_gFG.root;/store/user/calabria/calabria_SingleMuPt5_GEN-SIM-DIGI-RECO_CMSSW_6_2_0_SLHC12_2023Scenario_Case4/calabria_SingleMuPt5_GEN-SIM-DIGI-RECO_CMSSW_6_2_0_SLHC12_2023Scenario_Case4/01e8787d2102816c4c34c374fc192ef2/out_reco_107_1_Fmk.root;/store/user/calabria/calabria_SingleMuPt5_GEN-SIM-DIGI-RECO_CMSSW_6_2_0_SLHC12_2023Scenario_Case4/calabria_SingleMuPt5_GEN-SIM-DIGI-RECO_CMSSW_6_2_0_SLHC12_2023Scenario_Case4/01e8787d2102816c4c34c374fc192ef2/out_reco_109_1_JGm.root;/store/user/calabria/calabria_SingleMuPt5_GEN-SIM-DIGI-RECO_CMSSW_6_2_0_SLHC12_2023Scenario_Case4/calabria_SingleMuPt5_GEN-SIM-DIGI-RECO_CMSSW_6_2_0_SLHC12_2023Scenario_Case4/01e8787d2102816c4c34c374fc192ef2/out_reco_110_1_kem.root;/store/user/calabria/calabria_SingleMuPt5_GEN-SIM-DIGI-RECO_CMSSW_6_2_0_SLHC12_2023Scenario_Case4/calabria_SingleMuPt5_GEN-SIM-DIGI-RECO_CMSSW_6_2_0_SLHC12_2023Scenario_Case4/01e8787d2102816c4c34c374fc192ef2/out_reco_112_1_r1f.root;/store/user/calabria/calabria_SingleMuPt5_GEN-SIM-DIGI-RECO_CMSSW_6_2_0_SLHC12_2023Scenario_Case4/calabria_SingleMuPt5_GEN-SIM-DIGI-RECO_CMSSW_6_2_0_SLHC12_2023Scenario_Case4/01e8787d2102816c4c34c374fc192ef2/out_reco_114_1_gqt.root
parentFiles=
lumisRange=
>>> Executable cmsRun
/cvmfs/cms.cern.ch/slc5_amd64_gcc472/cms/cmssw/CMSSW_6_2_0_SLHC12/bin/slc5_amd64_gcc472/cmsRun
ok executable found
>>> info for dashboard:
***** Cat /home/cms040/home_cream_571549127/CREAM571549127/glide_YUYNtE/execute/dir_27848/jobreport.txt *****
MonitorJobID=13_https://submit-4.t2.ucsd.edu//140616//222489.12
MonitorID=calabria_MuMinus5_Case4_ReReco_r2bu19
ExeStart=cmsRun
***** End Cat jobreport *****
Parameters sent to Dashboard.
>>> cmsRun started at Tue Jun 17 23:06:49 UTC 2014
>>> cmsRun ended at Tue Jun 17 23:13:08 UTC 2014
>>> crab_fjr_*.xml  permission set to 0704
>>> info for dashboard:
***** Cat /home/cms040/home_cream_571549127/CREAM571549127/glide_YUYNtE/execute/dir_27848/jobreport.txt *****
MonitorJobID=13_https://submit-4.t2.ucsd.edu//140616//222489.12
MonitorID=calabria_MuMinus5_Case4_ReReco_r2bu19
ExeEnd=cmsRun
***** End Cat jobreport *****
Parameters sent to Dashboard.
TIME_EXE = 379 sec
>>> cmsRun wrote 50 lines of stdout+stderr
>>> START OF printout of 50 lines from stdout+stderr
271 DQMStore::DQMStore 
HcalTopologyIdealEP::HcalTopologyIdealEP
18-Jun-2014 01:07:06 CEST  Initiating request to open file file:/lustre/cms//store/user/calabria/calabria_SingleMuPt5_GEN-SIM-DIGI-RECO_CMSSW_6_2_0_SLHC12_2023Scenario_Case4/calabria_SingleMuPt5_GEN-SIM-DIGI-RECO_CMSSW_6_2_0_SLHC12_2023Scenario_Case4/01e8787d2102816c4c34c374fc192ef2/out_reco_101_1_Yr3.root
18-Jun-2014 01:07:09 CEST  Successfully opened file file:/lustre/cms//store/user/calabria/calabria_SingleMuPt5_GEN-SIM-DIGI-RECO_CMSSW_6_2_0_SLHC12_2023Scenario_Case4/calabria_SingleMuPt5_GEN-SIM-DIGI-RECO_CMSSW_6_2_0_SLHC12_2023Scenario_Case4/01e8787d2102816c4c34c374fc192ef2/out_reco_101_1_Yr3.root
18-Jun-2014 01:07:44 CEST  Closed file file:/lustre/cms//store/user/calabria/calabria_SingleMuPt5_GEN-SIM-DIGI-RECO_CMSSW_6_2_0_SLHC12_2023Scenario_Case4/calabria_SingleMuPt5_GEN-SIM-DIGI-RECO_CMSSW_6_2_0_SLHC12_2023Scenario_Case4/01e8787d2102816c4c34c374fc192ef2/out_reco_101_1_Yr3.root
18-Jun-2014 01:07:44 CEST  Initiating request to open file file:/lustre/cms//store/user/calabria/calabria_SingleMuPt5_GEN-SIM-DIGI-RECO_CMSSW_6_2_0_SLHC12_2023Scenario_Case4/calabria_SingleMuPt5_GEN-SIM-DIGI-RECO_CMSSW_6_2_0_SLHC12_2023Scenario_Case4/01e8787d2102816c4c34c374fc192ef2/out_reco_102_1_4VK.root
18-Jun-2014 01:07:44 CEST  Successfully opened file file:/lustre/cms//store/user/calabria/calabria_SingleMuPt5_GEN-SIM-DIGI-RECO_CMSSW_6_2_0_SLHC12_2023Scenario_Case4/calabria_SingleMuPt5_GEN-SIM-DIGI-RECO_CMSSW_6_2_0_SLHC12_2023Scenario_Case4/01e8787d2102816c4c34c374fc192ef2/out_reco_102_1_4VK.root
18-Jun-2014 01:08:21 CEST  Closed file file:/lustre/cms//store/user/calabria/calabria_SingleMuPt5_GEN-SIM-DIGI-RECO_CMSSW_6_2_0_SLHC12_2023Scenario_Case4/calabria_SingleMuPt5_GEN-SIM-DIGI-RECO_CMSSW_6_2_0_SLHC12_2023Scenario_Case4/01e8787d2102816c4c34c374fc192ef2/out_reco_102_1_4VK.root
18-Jun-2014 01:08:21 CEST  Initiating request to open file file:/lustre/cms//store/user/calabria/calabria_SingleMuPt5_GEN-SIM-DIGI-RECO_CMSSW_6_2_0_SLHC12_2023Scenario_Case4/calabria_SingleMuPt5_GEN-SIM-DIGI-RECO_CMSSW_6_2_0_SLHC12_2023Scenario_Case4/01e8787d2102816c4c34c374fc192ef2/out_reco_103_1_Ig8.root
18-Jun-2014 01:08:21 CEST  Successfully opened file file:/lustre/cms//store/user/calabria/calabria_SingleMuPt5_GEN-SIM-DIGI-RECO_CMSSW_6_2_0_SLHC12_2023Scenario_Case4/calabria_SingleMuPt5_GEN-SIM-DIGI-RECO_CMSSW_6_2_0_SLHC12_2023Scenario_Case4/01e8787d2102816c4c34c374fc192ef2/out_reco_103_1_Ig8.root
18-Jun-2014 01:08:57 CEST  Closed file file:/lustre/cms//store/user/calabria/calabria_SingleMuPt5_GEN-SIM-DIGI-RECO_CMSSW_6_2_0_SLHC12_2023Scenario_Case4/calabria_SingleMuPt5_GEN-SIM-DIGI-RECO_CMSSW_6_2_0_SLHC12_2023Scenario_Case4/01e8787d2102816c4c34c374fc192ef2/out_reco_103_1_Ig8.root
18-Jun-2014 01:08:57 CEST  Initiating request to open file file:/lustre/cms//store/user/calabria/calabria_SingleMuPt5_GEN-SIM-DIGI-RECO_CMSSW_6_2_0_SLHC12_2023Scenario_Case4/calabria_SingleMuPt5_GEN-SIM-DIGI-RECO_CMSSW_6_2_0_SLHC12_2023Scenario_Case4/01e8787d2102816c4c34c374fc192ef2/out_reco_104_1_27w.root
18-Jun-2014 01:08:58 CEST  Successfully opened file file:/lustre/cms//store/user/calabria/calabria_SingleMuPt5_GEN-SIM-DIGI-RECO_CMSSW_6_2_0_SLHC12_2023Scenario_Case4/calabria_SingleMuPt5_GEN-SIM-DIGI-RECO_CMSSW_6_2_0_SLHC12_2023Scenario_Case4/01e8787d2102816c4c34c374fc192ef2/out_reco_104_1_27w.root
18-Jun-2014 01:09:47 CEST  Closed file file:/lustre/cms//store/user/calabria/calabria_SingleMuPt5_GEN-SIM-DIGI-RECO_CMSSW_6_2_0_SLHC12_2023Scenario_Case4/calabria_SingleMuPt5_GEN-SIM-DIGI-RECO_CMSSW_6_2_0_SLHC12_2023Scenario_Case4/01e8787d2102816c4c34c374fc192ef2/out_reco_104_1_27w.root
18-Jun-2014 01:09:47 CEST  Initiating request to open file file:/lustre/cms//store/user/calabria/calabria_SingleMuPt5_GEN-SIM-DIGI-RECO_CMSSW_6_2_0_SLHC12_2023Scenario_Case4/calabria_SingleMuPt5_GEN-SIM-DIGI-RECO_CMSSW_6_2_0_SLHC12_2023Scenario_Case4/01e8787d2102816c4c34c374fc192ef2/out_reco_105_1_gFG.root
18-Jun-2014 01:09:47 CEST  Successfully opened file file:/lustre/cms//store/user/calabria/calabria_SingleMuPt5_GEN-SIM-DIGI-RECO_CMSSW_6_2_0_SLHC12_2023Scenario_Case4/calabria_SingleMuPt5_GEN-SIM-DIGI-RECO_CMSSW_6_2_0_SLHC12_2023Scenario_Case4/01e8787d2102816c4c34c374fc192ef2/out_reco_105_1_gFG.root
18-Jun-2014 01:10:25 CEST  Closed file file:/lustre/cms//store/user/calabria/calabria_SingleMuPt5_GEN-SIM-DIGI-RECO_CMSSW_6_2_0_SLHC12_2023Scenario_Case4/calabria_SingleMuPt5_GEN-SIM-DIGI-RECO_CMSSW_6_2_0_SLHC12_2023Scenario_Case4/01e8787d2102816c4c34c374fc192ef2/out_reco_105_1_gFG.root
18-Jun-2014 01:10:25 CEST  Initiating request to open file file:/lustre/cms//store/user/calabria/calabria_SingleMuPt5_GEN-SIM-DIGI-RECO_CMSSW_6_2_0_SLHC12_2023Scenario_Case4/calabria_SingleMuPt5_GEN-SIM-DIGI-RECO_CMSSW_6_2_0_SLHC12_2023Scenario_Case4/01e8787d2102816c4c34c374fc192ef2/out_reco_107_1_Fmk.root
18-Jun-2014 01:10:25 CEST  Successfully opened file file:/lustre/cms//store/user/calabria/calabria_SingleMuPt5_GEN-SIM-DIGI-RECO_CMSSW_6_2_0_SLHC12_2023Scenario_Case4/calabria_SingleMuPt5_GEN-SIM-DIGI-RECO_CMSSW_6_2_0_SLHC12_2023Scenario_Case4/01e8787d2102816c4c34c374fc192ef2/out_reco_107_1_Fmk.root
18-Jun-2014 01:10:58 CEST  Closed file file:/lustre/cms//store/user/calabria/calabria_SingleMuPt5_GEN-SIM-DIGI-RECO_CMSSW_6_2_0_SLHC12_2023Scenario_Case4/calabria_SingleMuPt5_GEN-SIM-DIGI-RECO_CMSSW_6_2_0_SLHC12_2023Scenario_Case4/01e8787d2102816c4c34c374fc192ef2/out_reco_107_1_Fmk.root
18-Jun-2014 01:10:58 CEST  Initiating request to open file file:/lustre/cms//store/user/calabria/calabria_SingleMuPt5_GEN-SIM-DIGI-RECO_CMSSW_6_2_0_SLHC12_2023Scenario_Case4/calabria_SingleMuPt5_GEN-SIM-DIGI-RECO_CMSSW_6_2_0_SLHC12_2023Scenario_Case4/01e8787d2102816c4c34c374fc192ef2/out_reco_109_1_JGm.root
18-Jun-2014 01:10:58 CEST  Successfully opened file file:/lustre/cms//store/user/calabria/calabria_SingleMuPt5_GEN-SIM-DIGI-RECO_CMSSW_6_2_0_SLHC12_2023Scenario_Case4/calabria_SingleMuPt5_GEN-SIM-DIGI-RECO_CMSSW_6_2_0_SLHC12_2023Scenario_Case4/01e8787d2102816c4c34c374fc192ef2/out_reco_109_1_JGm.root
18-Jun-2014 01:11:20 CEST  Closed file file:/lustre/cms//store/user/calabria/calabria_SingleMuPt5_GEN-SIM-DIGI-RECO_CMSSW_6_2_0_SLHC12_2023Scenario_Case4/calabria_SingleMuPt5_GEN-SIM-DIGI-RECO_CMSSW_6_2_0_SLHC12_2023Scenario_Case4/01e8787d2102816c4c34c374fc192ef2/out_reco_109_1_JGm.root
18-Jun-2014 01:11:20 CEST  Initiating request to open file file:/lustre/cms//store/user/calabria/calabria_SingleMuPt5_GEN-SIM-DIGI-RECO_CMSSW_6_2_0_SLHC12_2023Scenario_Case4/calabria_SingleMuPt5_GEN-SIM-DIGI-RECO_CMSSW_6_2_0_SLHC12_2023Scenario_Case4/01e8787d2102816c4c34c374fc192ef2/out_reco_110_1_kem.root
18-Jun-2014 01:11:20 CEST  Successfully opened file file:/lustre/cms//store/user/calabria/calabria_SingleMuPt5_GEN-SIM-DIGI-RECO_CMSSW_6_2_0_SLHC12_2023Scenario_Case4/calabria_SingleMuPt5_GEN-SIM-DIGI-RECO_CMSSW_6_2_0_SLHC12_2023Scenario_Case4/01e8787d2102816c4c34c374fc192ef2/out_reco_110_1_kem.root
18-Jun-2014 01:11:45 CEST  Closed file file:/lustre/cms//store/user/calabria/calabria_SingleMuPt5_GEN-SIM-DIGI-RECO_CMSSW_6_2_0_SLHC12_2023Scenario_Case4/calabria_SingleMuPt5_GEN-SIM-DIGI-RECO_CMSSW_6_2_0_SLHC12_2023Scenario_Case4/01e8787d2102816c4c34c374fc192ef2/out_reco_110_1_kem.root
18-Jun-2014 01:11:45 CEST  Initiating request to open file file:/lustre/cms//store/user/calabria/calabria_SingleMuPt5_GEN-SIM-DIGI-RECO_CMSSW_6_2_0_SLHC12_2023Scenario_Case4/calabria_SingleMuPt5_GEN-SIM-DIGI-RECO_CMSSW_6_2_0_SLHC12_2023Scenario_Case4/01e8787d2102816c4c34c374fc192ef2/out_reco_112_1_r1f.root
18-Jun-2014 01:11:45 CEST  Successfully opened file file:/lustre/cms//store/user/calabria/calabria_SingleMuPt5_GEN-SIM-DIGI-RECO_CMSSW_6_2_0_SLHC12_2023Scenario_Case4/calabria_SingleMuPt5_GEN-SIM-DIGI-RECO_CMSSW_6_2_0_SLHC12_2023Scenario_Case4/01e8787d2102816c4c34c374fc192ef2/out_reco_112_1_r1f.root
18-Jun-2014 01:12:17 CEST  Closed file file:/lustre/cms//store/user/calabria/calabria_SingleMuPt5_GEN-SIM-DIGI-RECO_CMSSW_6_2_0_SLHC12_2023Scenario_Case4/calabria_SingleMuPt5_GEN-SIM-DIGI-RECO_CMSSW_6_2_0_SLHC12_2023Scenario_Case4/01e8787d2102816c4c34c374fc192ef2/out_reco_112_1_r1f.root
18-Jun-2014 01:12:17 CEST  Initiating request to open file file:/lustre/cms//store/user/calabria/calabria_SingleMuPt5_GEN-SIM-DIGI-RECO_CMSSW_6_2_0_SLHC12_2023Scenario_Case4/calabria_SingleMuPt5_GEN-SIM-DIGI-RECO_CMSSW_6_2_0_SLHC12_2023Scenario_Case4/01e8787d2102816c4c34c374fc192ef2/out_reco_114_1_gqt.root
18-Jun-2014 01:12:18 CEST  Successfully opened file file:/lustre/cms//store/user/calabria/calabria_SingleMuPt5_GEN-SIM-DIGI-RECO_CMSSW_6_2_0_SLHC12_2023Scenario_Case4/calabria_SingleMuPt5_GEN-SIM-DIGI-RECO_CMSSW_6_2_0_SLHC12_2023Scenario_Case4/01e8787d2102816c4c34c374fc192ef2/out_reco_114_1_gqt.root
18-Jun-2014 01:13:07 CEST  Closed file file:/lustre/cms//store/user/calabria/calabria_SingleMuPt5_GEN-SIM-DIGI-RECO_CMSSW_6_2_0_SLHC12_2023Scenario_Case4/calabria_SingleMuPt5_GEN-SIM-DIGI-RECO_CMSSW_6_2_0_SLHC12_2023Scenario_Case4/01e8787d2102816c4c34c374fc192ef2/out_reco_114_1_gqt.root

=============================================

MessageLogger Summary

 type     category        sev    module        subroutine        count    total
 ---- -------------------- -- ---------------- ----------------  -----    -----
    1 fileAction           -s file_close                            10       10
    2 fileAction           -s file_open                             20       20

 type    category    Examples: run/evt        run/evt          run/evt
 ---- -------------------- ---------------- ---------------- ----------------
    1 fileAction           PostProcessEvent PostProcessEvent PostEndRun
    2 fileAction           pre-events       pre-events       PostProcessEvent

Severity    # Occurrences   Total Occurrences
--------    -------------   -----------------
System                 30                  30
>>> END OF printout of 50 lines from stdout+stderr
>>> Parse FrameworkJobReport crab_fjr.xml
Result of parsing the FrameworkJobReport crab_fjr.xml: Popularity start
lumisRange : 1::::1;1::::2;1::::3;1::::4;1::::5;1::::6;1::::7;1::::8;1::::9;1::::10;
lumisParentRange : 
Basename : /store/user/calabria/calabria_SingleMuPt5_GEN-SIM-DIGI-RECO_CMSSW_6_2_0_SLHC12_2023Scenario_Case4/calabria_SingleMuPt5_GEN-SIM-DIGI-RECO_CMSSW_6_2_0_SLHC12_2023Scenario_Case4/01e8787d2102816c4c34c374fc192ef2/out_reco_1
BasenameParent : 
parentFiles : 
inputBlocks : /calabria_SingleMuPt5_GEN-SIM-DIGI-RECO_CMSSW_6_2_0_SLHC12_2023Scenario_Case4/calabria-calabria_SingleMuPt5_GEN-SIM-DIGI-RECO_CMSSW_6_2_0_SLHC12_2023Scenario_Case4-01e8787d2102816c4c34c374fc192ef2/USER#1562c90a-7f0a-496e-be24-a0d81bae10fc
inputFiles : 07_1_Fmk.root::1::EDM::Local::1;02_1_4VK.root::1::EDM::Local::2;10_1_kem.root::1::EDM::Local::3;01_1_Yr3.root::1::EDM::Local::4;04_1_27w.root::1::EDM::Local::5;05_1_gFG.root::1::EDM::Local::6;09_1_JGm.root::1::EDM::Local::7;12_1_r1f.root::1::EDM::Local::8;14_1_gqt.root::1::EDM::Local::9;03_1_Ig8.root::1::EDM::Local::10;
Popularity stop
Extracted ExitStatus from FrameworkJobReport parsing output: 0
>>> Executable succeded  0
ExeExitCode=0
EXECUTABLE_EXIT_STATUS = 0
>>> current directory /home/cms040/home_cream_571549127/CREAM571549127/glide_YUYNtE/execute/dir_27848/CMSSW_6_2_0_SLHC12
>>>  (SOFTWARE_DIR): /home/cms040/home_cream_571549127/CREAM571549127/glide_YUYNtE/execute/dir_27848/CMSSW_6_2_0_SLHC12
>>> (WORKING_DIR): 
>>> current directory content:
total 10456
drwxr-xr-x 3 cms040 cms    4096 Jun 18 01:06 .SCRAM
-rw------- 1 cms040 cms 3740310 Jun 18 01:06 CMSSW.py.pkl
drwxr-xr-x 3 cms040 cms    4096 Jun 18 01:06 bin
drwxr-xr-x 3 cms040 cms    4096 Jun 18 01:06 cfipython
drwxr-xr-x 4 cms040 cms    4096 Jun 18 01:06 config
-rw------- 1 cms040 cms      17 Jun 18 01:13 cpu_timing.txt
drwxr-xr-x 2 cms040 cms    4096 Jun 18 01:06 doc
-rw------- 1 cms040 cms    9865 Jun 18 01:13 executable.out
drwxr-xr-x 2 cms040 cms    4096 Jun 18 01:06 include
drwx------ 3 cms040 cms    4096 Apr 28 18:12 lib
drwxr-xr-x 3 cms040 cms    4096 Jun 18 01:06 logs
drwxr-xr-x 3 cms040 cms    4096 Jun 18 01:06 objs
-rw------- 1 cms040 cms     104 Jun 18 01:06 pset.py
-rw------- 1 cms040 cms 3712286 Jun 18 01:06 pset.py.pkl
-rw------- 1 cms040 cms     289 Jun 18 01:06 pset.pyc
drwxr-xr-x 2 cms040 cms    4096 Jun 18 01:06 python
-rw------- 1 cms040 cms     407 Jun 18 01:13 report.log
drwx------ 6 cms040 cms    4096 Jun 18 01:06 src
drwxr-xr-x 3 cms040 cms    4096 Jun 18 01:06 test
drwxr-xr-x 3 cms040 cms    4096 Jun 18 01:06 tmp
-rw------- 1 cms040 cms 3151496 Jun 18 01:13 validationEDM.root
>>> current directory /home/cms040/home_cream_571549127/CREAM571549127/glide_YUYNtE/execute/dir_27848/CMSSW_6_2_0_SLHC12
>>> (SOFTWARE_DIR): /home/cms040/home_cream_571549127/CREAM571549127/glide_YUYNtE/execute/dir_27848/CMSSW_6_2_0_SLHC12
>>> (WORKING_DIR): 
>>> current directory content:
total 10456
drwxr-xr-x 3 cms040 cms    4096 Jun 18 01:06 .SCRAM
-rw------- 1 cms040 cms 3740310 Jun 18 01:06 CMSSW.py.pkl
drwxr-xr-x 3 cms040 cms    4096 Jun 18 01:06 bin
drwxr-xr-x 3 cms040 cms    4096 Jun 18 01:06 cfipython
drwxr-xr-x 4 cms040 cms    4096 Jun 18 01:06 config
-rw------- 1 cms040 cms      17 Jun 18 01:13 cpu_timing.txt
drwxr-xr-x 2 cms040 cms    4096 Jun 18 01:06 doc
-rw------- 1 cms040 cms    9865 Jun 18 01:13 executable.out
drwxr-xr-x 2 cms040 cms    4096 Jun 18 01:06 include
drwx------ 3 cms040 cms    4096 Apr 28 18:12 lib
drwxr-xr-x 3 cms040 cms    4096 Jun 18 01:06 logs
drwxr-xr-x 3 cms040 cms    4096 Jun 18 01:06 objs
-rw------- 1 cms040 cms     104 Jun 18 01:06 pset.py
-rw------- 1 cms040 cms 3712286 Jun 18 01:06 pset.py.pkl
-rw------- 1 cms040 cms     289 Jun 18 01:06 pset.pyc
drwxr-xr-x 2 cms040 cms    4096 Jun 18 01:06 python
-rw------- 1 cms040 cms     407 Jun 18 01:13 report.log
drwx------ 6 cms040 cms    4096 Jun 18 01:06 src
drwxr-xr-x 3 cms040 cms    4096 Jun 18 01:06 test
drwxr-xr-x 3 cms040 cms    4096 Jun 18 01:06 tmp
-rw------- 1 cms040 cms 3151496 Jun 18 01:13 validationEDM_13_1_0lq.root
>>> current directory (RUNTIME_AREA):  /home/cms040/home_cream_571549127/CREAM571549127/glide_YUYNtE/execute/dir_27848
SE = storm-se-01.ba.infn.it
SE_PATH = /srm/managerv2?SFN=//cms/store/user/calabria/calabria_SingleMuPt5_GEN-SIM-DIGI-RECO_CMSSW_6_2_0_SLHC12_2023Scenario_Case4/calabria_MuMinus5_GEN-SIM-DIGI-RECO_CMSSW_6_2_0_SLHC12_2023Scenario_VALNOPU2_Case4/5854dd31cbd3cdec44c48628cc181cf0/
LFNBaseName = /store/user/calabria/calabria_SingleMuPt5_GEN-SIM-DIGI-RECO_CMSSW_6_2_0_SLHC12_2023Scenario_Case4/calabria_MuMinus5_GEN-SIM-DIGI-RECO_CMSSW_6_2_0_SLHC12_2023Scenario_VALNOPU2_Case4/5854dd31cbd3cdec44c48628cc181cf0/
USER = calabria
endpoint = srm://storm-se-01.ba.infn.it:8444/srm/managerv2?SFN=//cms/store/user/calabria/calabria_SingleMuPt5_GEN-SIM-DIGI-RECO_CMSSW_6_2_0_SLHC12_2023Scenario_Case4/calabria_MuMinus5_GEN-SIM-DIGI-RECO_CMSSW_6_2_0_SLHC12_2023Scenario_VALNOPU2_Case4/5854dd31cbd3cdec44c48628cc181cf0/
>>> Copy output files from WN = alicegrid56.ba.infn.it to /srm/managerv2?SFN=//cms/store/user/calabria/calabria_SingleMuPt5_GEN-SIM-DIGI-RECO_CMSSW_6_2_0_SLHC12_2023Scenario_Case4/calabria_MuMinus5_GEN-SIM-DIGI-RECO_CMSSW_6_2_0_SLHC12_2023Scenario_VALNOPU2_Case4/5854dd31cbd3cdec44c48628cc181cf0/ :
python cmscp.py  --destination srm://storm-se-01.ba.infn.it:8444/srm/managerv2?SFN=//cms/store/user/calabria/calabria_SingleMuPt5_GEN-SIM-DIGI-RECO_CMSSW_6_2_0_SLHC12_2023Scenario_Case4/calabria_MuMinus5_GEN-SIM-DIGI-RECO_CMSSW_6_2_0_SLHC12_2023Scenario_VALNOPU2_Case4/5854dd31cbd3cdec44c48628cc181cf0/ --inputFileList /home/cms040/home_cream_571549127/CREAM571549127/glide_YUYNtE/execute/dir_27848/CMSSW_6_2_0_SLHC12/validationEDM_13_1_0lq.root --middleware LCG --se_name storm-se-01.ba.infn.it --for_lfn /store/user/calabria/calabria_SingleMuPt5_GEN-SIM-DIGI-RECO_CMSSW_6_2_0_SLHC12_2023Scenario_Case4/calabria_MuMinus5_GEN-SIM-DIGI-RECO_CMSSW_6_2_0_SLHC12_2023Scenario_VALNOPU2_Case4/5854dd31cbd3cdec44c48628cc181cf0/    
******************************************************
localSeName  =  storm-se-01.ba.infn.it
remoteSeName =  storm-se-01.ba.infn.it
******************************************************
{"/home/cms040/home_cream_571549127/CREAM571549127/glide_YUYNtE/execute/dir_27848/CMSSW_6_2_0_SLHC12/validationEDM_13_1_0lq.root": {"endpoint": "srm://storm-se-01.ba.infn.it:8444/srm/managerv2?SFN=//cms/store/user/calabria/calabria_SingleMuPt5_GEN-SIM-DIGI-RECO_CMSSW_6_2_0_SLHC12_2023Scenario_Case4/calabria_MuMinus5_GEN-SIM-DIGI-RECO_CMSSW_6_2_0_SLHC12_2023Scenario_VALNOPU2_Case4/5854dd31cbd3cdec44c48628cc181cf0/", "surl_for_grid": "", "reason": "Copy succedeed with srm-lcg utils", "erCode": "0", "se_name": "storm-se-01.ba.infn.it", "for_lfn": "/store/user/calabria/calabria_SingleMuPt5_GEN-SIM-DIGI-RECO_CMSSW_6_2_0_SLHC12_2023Scenario_Case4/calabria_MuMinus5_GEN-SIM-DIGI-RECO_CMSSW_6_2_0_SLHC12_2023Scenario_VALNOPU2_Case4/5854dd31cbd3cdec44c48628cc181cf0/"}}/home/cms040/home_cream_571549127/CREAM571549127/glide_YUYNtE/execute/dir_27848
-------- cat /home/cms040/home_cream_571549127/CREAM571549127/glide_YUYNtE/execute/dir_27848/cmscpReport.sh 
#!/bin/bash
echo "Report for File: /home/cms040/home_cream_571549127/CREAM571549127/glide_YUYNtE/execute/dir_27848/CMSSW_6_2_0_SLHC12/validationEDM_13_1_0lq.root"
echo "LFN: /store/user/calabria/calabria_SingleMuPt5_GEN-SIM-DIGI-RECO_CMSSW_6_2_0_SLHC12_2023Scenario_Case4/calabria_MuMinus5_GEN-SIM-DIGI-RECO_CMSSW_6_2_0_SLHC12_2023Scenario_VALNOPU2_Case4/5854dd31cbd3cdec44c48628cc181cf0/validationEDM_13_1_0lq.root"
echo "StorageElement: storm-se-01.ba.infn.it"
echo "StageOutExitStatusReason = 'Copy succedeed with srm-lcg utils'" | tee -a $RUNTIME_AREA/$repo
echo "StageOutSE = storm-se-01.ba.infn.it" >> $RUNTIME_AREA/$repo

export StageOutExitStatus=0
echo "StageOutExitStatus = 0" | tee -a $RUNTIME_AREA/$repo
-------- end of /home/cms040/home_cream_571549127/CREAM571549127/glide_YUYNtE/execute/dir_27848/cmscpReport.sh 
Report for File: /home/cms040/home_cream_571549127/CREAM571549127/glide_YUYNtE/execute/dir_27848/CMSSW_6_2_0_SLHC12/validationEDM_13_1_0lq.root
LFN: /store/user/calabria/calabria_SingleMuPt5_GEN-SIM-DIGI-RECO_CMSSW_6_2_0_SLHC12_2023Scenario_Case4/calabria_MuMinus5_GEN-SIM-DIGI-RECO_CMSSW_6_2_0_SLHC12_2023Scenario_VALNOPU2_Case4/5854dd31cbd3cdec44c48628cc181cf0/validationEDM_13_1_0lq.root
StorageElement: storm-se-01.ba.infn.it
StageOutExitStatusReason = 'Copy succedeed with srm-lcg utils'
StageOutExitStatus = 0
>>> current dir: /home/cms040/home_cream_571549127/CREAM571549127/glide_YUYNtE/execute/dir_27848
>>> current dir content:
total 28080
-rw-------  1 cms040 cms     2775 Jun 18 01:14 .SEinteraction.log
-rwx------  1 cms040 cms     8626 Jun 18 01:05 .job.ad
-rwx------  1 cms040 cms     9466 Jun 18 01:05 .machine.ad
-rw-------  1 cms040 cms      105 Jun 16 20:48 CMSSW.py
-rw-------  1 cms040 cms  3740310 Jun 16 20:48 CMSSW.py.pkl
-rwx------  1 cms040 cms    29543 Jun 18 01:06 CMSSW.sh
drwxr-xr-x 15 cms040 cms     4096 Jun 18 01:13 CMSSW_6_2_0_SLHC12
-rw-------  1 cms040 cms      220 Jun 18 01:06 CacheEnv.sh
-rw-------  1 cms040 cms     7291 Apr  4 11:04 DashboardAPI.py
-rw-------  1 cms040 cms     6815 Jun 18 01:06 DashboardAPI.pyc
drwx------  2 cms040 cms     4096 Jun 18 01:13 IMProv
-rw-------  1 cms040 cms     2748 Apr  4 11:04 Logger.py
-rw-------  1 cms040 cms     3347 Jun 18 01:06 Logger.pyc
-rw-------  1 cms040 cms    24524 Apr  4 11:04 ProcInfo.py
-rw-------  1 cms040 cms    23197 Jun 18 01:06 ProcInfo.pyc
drwx------  7 cms040 cms     4096 Jun 18 01:06 ProdCommon
drwx------  3 cms040 cms     4096 Jun 18 01:06 WMCore
-rw-------  1 cms040 cms     2675 Jun 18 01:13 Watchdog_13.log
-rwx------  1 cms040 cms        0 Jun 18 01:06 _condor_stderr
-rwx---r--  1 cms040 cms    29322 Jun 18 01:14 _condor_stdout
-rw-------  1 cms040 cms    32895 Apr  4 11:04 apmon.py
-rw-------  1 cms040 cms    28625 Jun 18 01:06 apmon.pyc
-rwx------  1 cms040 cms    52997 Jun 18 01:06 arguments.xml
-rwx------  1 cms040 cms    38515 Apr  4 11:04 cmscp.py
-rw-------  1 cms040 cms      716 Jun 18 01:14 cmscpReport.sh
-rwx------  1 cms040 cms    29543 Jun 18 01:06 condor_exec.exe
-rw-------  1 cms040 cms      953 Jun 16 20:48 crab.cfg
-rwx------  1 cms040 cms     8610 Apr  4 11:04 crabWatchdog.sh
-rwx---r--  1 cms040 cms   523176 Jun 18 01:13 crab_fjr_13.xml
-rwx------  1 cms040 cms 23959181 Jun 18 01:06 default.tgz
-rwx------  1 cms040 cms     4488 Apr  4 11:04 fillCrabFjr.py
-rw-------  1 cms040 cms     2607 Jun 18 01:06 inputsReport.txt
-rw-------  1 cms040 cms      260 Jun 18 01:14 jobreport.txt
-rw-------  1 cms040 cms    17352 Apr  4 11:04 parseCrabFjr.py
-rw-------  1 cms040 cms      331 Jun 18 01:06 report.log
-rwx--x--x  1 cms040 cms     1497 Apr  4 11:04 report.py
-rw-------  1 cms040 cms      768 Jun 18 01:14 resultCopyFile
lrwxrwxrwx  1 cms040 cms      126 Jun 18 01:13 validationEDM.root -> /home/cms040/home_cream_571549127/CREAM571549127/glide_YUYNtE/execute/dir_27848/CMSSW_6_2_0_SLHC12/validationEDM_13_1_0lq.root
-rwx------  1 cms040 cms     8387 Apr  4 11:04 writeCfg.py
-rw-------  1 cms040 cms     8010 Jun 18 01:05 x509up_u50707
>>> Modify Job Report:
CMSSW_VERSION = CMSSW_6_2_0_SLHC12
ProcessedDataset = calabria_MuMinus5_GEN-SIM-DIGI-RECO_CMSSW_6_2_0_SLHC12_2023Scenario_VALNOPU2_Case4
/home/cms040/home_cream_571549127/CREAM571549127/glide_YUYNtE/execute/dir_27848/ProdCommon/FwkJobRep/ModifyJobReport.py fjr /home/cms040/home_cream_571549127/CREAM571549127/glide_YUYNtE/execute/dir_27848/crab_fjr_13.xml json /home/cms040/home_cream_571549127/CREAM571549127/glide_YUYNtE/execute/dir_27848/resultCopyFile n_job 13_1_0lq PrimaryDataset calabria_SingleMuPt5_GEN-SIM-DIGI-RECO_CMSSW_6_2_0_SLHC12_2023Scenario_Case4  ApplicationFamily cmsRun ApplicationName cmsRun cmssw_version CMSSW_6_2_0_SLHC12 psethash 5854dd31cbd3cdec44c48628cc181cf0 UserProcessedDataset calabria-calabria_MuMinus5_GEN-SIM-DIGI-RECO_CMSSW_6_2_0_SLHC12_2023Scenario_VALNOPU2_Case4-5854dd31cbd3cdec44c48628cc181cf0
inputDict =  {u'/home/cms040/home_cream_571549127/CREAM571549127/glide_YUYNtE/execute/dir_27848/CMSSW_6_2_0_SLHC12/validationEDM_13_1_0lq.root': {u'endpoint': u'srm://storm-se-01.ba.infn.it:8444/srm/managerv2?SFN=//cms/store/user/calabria/calabria_SingleMuPt5_GEN-SIM-DIGI-RECO_CMSSW_6_2_0_SLHC12_2023Scenario_Case4/calabria_MuMinus5_GEN-SIM-DIGI-RECO_CMSSW_6_2_0_SLHC12_2023Scenario_VALNOPU2_Case4/5854dd31cbd3cdec44c48628cc181cf0/', u'surl_for_grid': u'', u'reason': u'Copy succedeed with srm-lcg utils', u'erCode': u'0', u'se_name': u'storm-se-01.ba.infn.it', u'for_lfn': u'/store/user/calabria/calabria_SingleMuPt5_GEN-SIM-DIGI-RECO_CMSSW_6_2_0_SLHC12_2023Scenario_Case4/calabria_MuMinus5_GEN-SIM-DIGI-RECO_CMSSW_6_2_0_SLHC12_2023Scenario_VALNOPU2_Case4/5854dd31cbd3cdec44c48628cc181cf0/'}}
UserProcessedDataset =  calabria-calabria_MuMinus5_GEN-SIM-DIGI-RECO_CMSSW_6_2_0_SLHC12_2023Scenario_VALNOPU2_Case4-5854dd31cbd3cdec44c48628cc181cf0
file_name in inputDict =  /home/cms040/home_cream_571549127/CREAM571549127/glide_YUYNtE/execute/dir_27848/CMSSW_6_2_0_SLHC12/validationEDM_13_1_0lq.root
(size) os.stat(filename)[6] =  3151496
checksum =  2606149152
    file =  validationEDM_13_1_0lq.root
    newPfn =  srm://storm-se-01.ba.infn.it:8444/srm/managerv2?SFN=//cms/store/user/calabria/calabria_SingleMuPt5_GEN-SIM-DIGI-RECO_CMSSW_6_2_0_SLHC12_2023Scenario_Case4/calabria_MuMinus5_GEN-SIM-DIGI-RECO_CMSSW_6_2_0_SLHC12_2023Scenario_VALNOPU2_Case4/5854dd31cbd3cdec44c48628cc181cf0/validationEDM_13_1_0lq.root
    newLfn =  /store/user/calabria/calabria_SingleMuPt5_GEN-SIM-DIGI-RECO_CMSSW_6_2_0_SLHC12_2023Scenario_Case4/calabria_MuMinus5_GEN-SIM-DIGI-RECO_CMSSW_6_2_0_SLHC12_2023Scenario_VALNOPU2_Case4/5854dd31cbd3cdec44c48628cc181cf0/validationEDM_13_1_0lq.root
>>> crab_fjr_*.xml  permission set to 0704
CrabWrapper EXIT_FUNC entered at Wed Jun 18 01:14:03 CEST 2014   -  Tue Jun 17 23:14:03 UTC 2014
Checking output files:  
will tar file crab_fjr_13.xml in  out_files_13
WARNING: output file CMSSW_13.stdout not found!
WARNING: output file CMSSW_13.stderr not found!
WARNING: output file Watchdog_13.log.gz not found!
>>> padding time: Sleeping the wrapper for 139 seconds
STOPPING WATCHDOG. CrabWatchdog PID is 28168
********** LAST 50 LINES OF WATCHDOG LOG
# RESOURCE USAGE SUMMARY FOR PROCESS ID 27974
USER       PID %CPU %MEM    VSZ   RSS TTY      STAT START   TIME COMMAND
cms040   27974  0.3  0.0   9496  1592 ?        S    01:06   0:00 /bin/sh /home/cms040/home_cream_571549127/CREAM571549127/glide_YUYNtE/execute/dir_27848/condor_exec.exe 13 1
 
# LIMITS USED BY CRAB WATCHDOG:
# RSS  (KBytes)   : 2300000
# VSZ  (KBytes)   : 100000000
# DISK (MBytes)   : 19000
# CPU TIME        : 720h:0m:0s
# WALL CLOCK TIME : 21h:50m:0s
 
# FOLLOWING PRINTOUT TRACKS MAXIMUM VALUES OF RESOURCES USE
# ONE LINE IS PRINTED EACH TIME A MAXIMUM CHANGES
# IF CHANGE WAS IN RSS OR VSZ ALSO PROCID AND COMMAND ARE PRINTED
# THERE IS NO PRINTOUT FOR CPU/WALL TIME INCREASE
 
# TIME			PID	RSS(KB)	VSZ(KB)	Dsk(MB)	tCPU(s)	tWALL(s)	COMMAND
 Jun 18 01:06:30 CEST	352	1396	9364	0	0	0	/bin/bash /home/cms040/home_cream_571549127/CREAM571549127/glide_YUYNtE/main/condor_startup.sh glidein_config        
 Jun 18 01:06:30 CEST	1085	8004	93340	0	0	0	/home/cms040/home_cream_571549127/CREAM571549127/glide_YUYNtE/main/condor/sbin/condor_master -f -pidfile /home/cms040/home_cream_571549127/CREAM571549127/glide_YUYNtE/condor_master2.pid       
 Jun 18 01:06:30 CEST	1100	8708	93784	0	1	0	condor_startd -f         
 Jun 18 01:06:30 CEST	27530	8708	106092	0	0	1	sh -c "./glidein_startup.sh" -v std -name v3_0 -entry CMS_T2_IT_Bari_ce2 -clientname UCSD-v1_0.main
 Jun 18 01:06:30 CEST	27534	8708	106492	0	0	1	/bin/bash ./glidein_startup.sh -v std -name v3_0 -entry CMS_T2_IT_Bari_ce2 -clientname UCSD-v1_0.main -schedd
 Jun 18 01:06:30 CEST	28180	34700	106492	0	0	1	edmConfigHash pset.py         
 Jun 18 01:06:30 CEST	---	34700	106492	171	----	----	----
 Jun 18 01:07:31 CEST	28586	764728	981692	171	33	62	cmsRun -j /home/cms040/home_cream_571549127/CREAM571549127/glide_YUYNtE/execute/dir_27848/crab_fjr_13.xml -p pset.py      
 Jun 18 01:07:31 CEST	---	764728	981692	175	----	----	----
 Jun 18 01:08:32 CEST	28586	790872	1007896	175	79	122	cmsRun -j /home/cms040/home_cream_571549127/CREAM571549127/glide_YUYNtE/execute/dir_27848/crab_fjr_13.xml -p pset.py      
 Jun 18 01:09:32 CEST	28586	794988	1015576	175	119	183	cmsRun -j /home/cms040/home_cream_571549127/CREAM571549127/glide_YUYNtE/execute/dir_27848/crab_fjr_13.xml -p pset.py      
 Jun 18 01:10:33 CEST	28586	802248	1020028	175	166	244	cmsRun -j /home/cms040/home_cream_571549127/CREAM571549127/glide_YUYNtE/execute/dir_27848/crab_fjr_13.xml -p pset.py      
 Jun 18 01:12:34 CEST	28586	808488	1028220	175	253	365	cmsRun -j /home/cms040/home_cream_571549127/CREAM571549127/glide_YUYNtE/execute/dir_27848/crab_fjr_13.xml -p pset.py      
 Jun 18 01:13:35 CEST	---	808488	1028220	178	----	----	----
 Jun 18 01:14:36 CEST	---	808488	1028220	179	----	----	----
********** WATCHDOG LOG ENDED
ZIPPING WATCHDOG LOG
Disk space used:
du -sh /home/cms040/home_cream_571549127/CREAM571549127/glide_YUYNtE/execute/dir_27848
179M	/home/cms040/home_cream_571549127/CREAM571549127/glide_YUYNtE/execute/dir_27848
Found unusual stdout, rename for OSB
`/home/cms040/home_cream_571549127/CREAM571549127/glide_YUYNtE/execute/dir_27848/_condor_stdout' -> `CMSSW_13.stdout'
Found unusual stderr, rename for OSB
`/home/cms040/home_cream_571549127/CREAM571549127/glide_YUYNtE/execute/dir_27848/_condor_stdout' -> `CMSSW_13.stderr'
crab_fjr_13.xml
CMSSW_13.stdout
CMSSW_13.stderr
Watchdog_13.log.gz
Total Output dimension: 69847
WARNING: output files size limit is set to: 50000000
Total Output dimension 69847 is fine.
JOB_EXIT_STATUS = 0
>>> info for dashboard:
***** Cat /home/cms040/home_cream_571549127/CREAM571549127/glide_YUYNtE/execute/dir_27848/jobreport.txt *****
MonitorJobID=13_https://submit-4.t2.ucsd.edu//140616//222489.12
MonitorID=calabria_MuMinus5_Case4_ReReco_r2bu19
ExeTime=379
ExeExitCode=0
StageOutExitStatusReason = 'Copy succedeed with srm-lcg utils'
StageOutSE = storm-se-01.ba.infn.it
StageOutExitStatus = 0
CrabUserCpuTime=270.16
CrabSysCpuTime=15.62
CrabCpuPercentage=75%
CrabWrapperTime=600
CrabStageoutTime=48
JobExitCode=0
***** End Cat jobreport *****
Parameters sent to Dashboard.
EXITING at Wed Jun 18 01:16:29 CEST 2014  -  Tue Jun 17 23:16:29 UTC 2014
