This script was generated by crab (version 2.10.5_patch1).
Running /home/cms011/home_cream_368989654/CREAM368989654/glide_1KJ0hp/execute/dir_23717/condor_exec.exe with 2 positional parameters: 7 1
Today is Wed Jun 18 01:35:06 CEST 2014 - Tue Jun 17 23:35:06 UTC 2014
Job submitted on host alicegrid63.ba.infn.it
Linux alicegrid63.ba.infn.it 2.6.32-358.23.2.el6.x86_64 #1 SMP Thu Oct 17 10:27:22 CEST 2013 x86_64 x86_64 x86_64 GNU/Linux
>>> current directory (RUNTIME_AREA): /home/cms011/home_cream_368989654/CREAM368989654/glide_1KJ0hp/execute/dir_23717
>>> current user: uid=11720(cms011) gid=1399(cms) groups=1399(cms)
>>> directory permission set to 0700
>>> umask set to:  u=rwx,g=,o=
>>> stdout stderr permission set to 0704
>>> voms proxy information:
subject   : /C=IT/O=INFN/OU=Personal Certificate/L=Bari/CN=Cesare Calabria/CN=477126703/CN=540330710
issuer    : /C=IT/O=INFN/OU=Personal Certificate/L=Bari/CN=Cesare Calabria/CN=477126703
identity  : /C=IT/O=INFN/OU=Personal Certificate/L=Bari/CN=Cesare Calabria
type      : RFC3820 compliant limited proxy
strength  : 1024
path      : /home/cms011/home_cream_368989654/CREAM368989654/glide_1KJ0hp/execute/dir_23717/x509up_u50707
timeleft  : 23:59:51
key usage : Digital Signature, Key Encipherment, Data Encipherment
=== VO cms extension information ===
VO        : cms
subject   : /C=IT/O=INFN/OU=Personal Certificate/L=Bari/CN=Cesare Calabria
issuer    : /DC=ch/DC=cern/OU=computers/CN=voms.cern.ch
attribute : /cms/Role=NULL/Capability=NULL
attribute : /cms/itcms/Role=NULL/Capability=NULL
timeleft  : 153:49:13
uri       : voms.cern.ch:15002

WNHostName=alicegrid63.ba.infn.it
>>> tar --no-same-permissions -xf /home/cms011/home_cream_368989654/CREAM368989654/glide_1KJ0hp/execute/dir_23717/default.tgz :
Successful untar
>>> Include /home/cms011/home_cream_368989654/CREAM368989654/glide_1KJ0hp/execute/dir_23717 in PYTHONPATH:
strip arguments
env var CRAB_UNIQUE_JOB_ID set to: calabria_MuMinus5_Case2_ReReco_89whx7_7_1_GLo
out_files_7
>>> list of expected files on output sandbox
output files: crab_fjr_7.xml CMSSW_7.stdout CMSSW_7.stderr Watchdog_7.log.gz
>>> GridFlavour discovery: 
GridFlavour=LCG
>>> SyncSite discovery: 
SyncSite=T2_IT_Bari
>>> SyncCE discovery: 
getting SyncCE from CE_ID
SyncCE=cream-ce-2.ba.infn.it:8443/cream-pbs-cms
>>> info for dashboard:
***** Cat /home/cms011/home_cream_368989654/CREAM368989654/glide_1KJ0hp/execute/dir_23717/jobreport.txt *****
WNHostName=alicegrid63.ba.infn.it
MonitorJobID=7_https://submit-6.t2.ucsd.edu//140616//168559.6
SyncGridJobId=https://submit-6.t2.ucsd.edu//140616//168559.6
MonitorID=calabria_MuMinus5_Case2_ReReco_89whx7
GridFlavour=LCG
SyncSite=T2_IT_Bari
SyncCE=cream-ce-2.ba.infn.it:8443/cream-pbs-cms
***** End Cat jobreport *****
Parameters sent to Dashboard.
>>> setup environment
set SCRAM ARCH to slc5_amd64_gcc472
SCRAM_ARCH = slc5_amd64_gcc472
>>> setup CMS LCG environment:
set SCRAM ARCH and BUILD_ARCH to slc5_amd64_gcc472 ###
Sourcing environment... 
sourcing /cvmfs/cms.cern.ch/cmsset_default.sh
==> setup cms environment ok
>>> specific cmssw setup environment:
CMSSW_VERSION =  CMSSW_6_2_0_SLHC12
>>> current directory (SOFTWARE_DIR): /home/cms011/home_cream_368989654/CREAM368989654/glide_1KJ0hp/execute/dir_23717/CMSSW_6_2_0_SLHC12
PreserveSeeds: <>
IncrementSeeds:<>
>>> info for dashboard:
***** Cat /home/cms011/home_cream_368989654/CREAM368989654/glide_1KJ0hp/execute/dir_23717/jobreport.txt *****
MonitorJobID=7_https://submit-6.t2.ucsd.edu//140616//168559.6
MonitorID=calabria_MuMinus5_Case2_ReReco_89whx7
***** End Cat jobreport *****
Parameters sent to Dashboard.
crabWatchdog started as process 24210
>>> moving CMSSW software directories in /home/cms011/home_cream_368989654/CREAM368989654/glide_1KJ0hp/execute/dir_23717/CMSSW_6_2_0_SLHC12
mv: cannot stat `/home/cms011/home_cream_368989654/CREAM368989654/glide_1KJ0hp/execute/dir_23717/module/': No such file or directory
>>> Include /home/cms011/home_cream_368989654/CREAM368989654/glide_1KJ0hp/execute/dir_23717 in PYTHONPATH:
PYTHONPATH=/home/cms011/home_cream_368989654/CREAM368989654/glide_1KJ0hp/execute/dir_23717/:/home/cms011/home_cream_368989654/CREAM368989654/glide_1KJ0hp/execute/dir_23717/CMSSW_6_2_0_SLHC12/python:/home/cms011/home_cream_368989654/CREAM368989654/glide_1KJ0hp/execute/dir_23717/CMSSW_6_2_0_SLHC12/lib/slc5_amd64_gcc472:/cvmfs/cms.cern.ch/slc5_amd64_gcc472/cms/cmssw/CMSSW_6_2_0_SLHC12/python:/cvmfs/cms.cern.ch/slc5_amd64_gcc472/cms/cmssw/CMSSW_6_2_0_SLHC12/lib/slc5_amd64_gcc472:/cvmfs/cms.cern.ch/slc5_amd64_gcc472/cms/coral/CORAL_2_3_21-cms36/slc5_amd64_gcc472/python:/cvmfs/cms.cern.ch/slc5_amd64_gcc472/cms/coral/CORAL_2_3_21-cms36/slc5_amd64_gcc472/lib:/cvmfs/cms.cern.ch/slc5_amd64_gcc472/external/pyqt/4.8.1-cms6/lib/python2.7/site-packages:/cvmfs/cms.cern.ch/slc5_amd64_gcc472/external/py2-scipy/0.8.0-cms8/lib/python2.7/site-packages:/cvmfs/cms.cern.ch/slc5_amd64_gcc472/external/py2-matplotlib/1.0.1-cms8/lib/python2.7/site-packages:/cvmfs/cms.cern.ch/slc5_amd64_gcc472/external/python-ldap/2.3.5-cms6/lib/python2.7/site-packages:/cvmfs/cms.cern.ch/slc5_amd64_gcc472/external/sip/4.11.2-cms6/lib/python2.7/site-packages:/cvmfs/cms.cern.ch/slc5_amd64_gcc472/external/py2-pycurl/7.19.0-cms8/lib/python2.7/site-packages:/cvmfs/cms.cern.ch/slc5_amd64_gcc472/external/py2-numpy/1.6.1-cms8/lib/python2.7/site-packages:/cvmfs/cms.cern.ch/slc5_amd64_gcc472/external/py2-lint/0.25.1-cms6/lib/python2.7/site-packages:/cvmfs/cms.cern.ch/slc5_amd64_gcc472/external/py2-ipython/0.10-cms6/lib/python2.7/site-packages:/cvmfs/cms.cern.ch/slc5_amd64_gcc472/external/py2-cx-oracle/5.1-cms7/lib/python2.7/site-packages:/cvmfs/cms.cern.ch/slc5_amd64_gcc472/external/py2-cjson/1.0.5-cms6/lib/python2.7/site-packages:/cvmfs/cms.cern.ch/slc5_amd64_gcc472/cms/das-client/1.11.7/bin:/cvmfs/cms.cern.ch/slc5_amd64_gcc472/external/elementtree/1.2.6-cms6/share/lib/python2.7/site-packages:/cvmfs/cms.cern.ch/slc5_amd64_gcc472/external/rivet/1.8.2-cms8/lib/python2.7/site-packages:/cvmfs/cms.cern.ch/slc5_amd64_gcc472/external/pyminuit2/0.0.1-cms19/lib/python2.7/site-packages:/cvmfs/cms.cern.ch/slc5_amd64_gcc472/external/py2-pygithub/1.23.0/lib/python2.7/site-packages:/cvmfs/cms.cern.ch/slc5_amd64_gcc472/external/professor/1.0.0-cms19/lib/python2.7/site-packages:/cvmfs/cms.cern.ch/slc5_amd64_gcc472/lcg/root/5.34.07-cms/lib:/cvmfs/cms.cern.ch/slc5_amd64_gcc472/cms/dbs-client/DBS_2_1_9-cms5/lib:/cvmfs/cms.cern.ch/slc5_amd64_gcc472/cms/dbs-client/DBS_2_1_9-cms5/lib/DBSAPI:/cvmfs/cms.cern.ch/slc5_amd64_gcc472/external/cvs2git/5419-cms/lib:/home/cms011/home_cream_368989654/CREAM368989654/glide_1KJ0hp/execute/dir_23717/
 
# LIMITS USED BY CRAB WATCHDOG:
# RSS  (KBytes)   : 2300000
# VSZ  (KBytes)   : 100000000
# DISK (MBytes)   : 19000
# CPU TIME        : 720h:0m:0s
# WALL CLOCK TIME : 21h:50m:0s
 
5854dd31cbd3cdec44c48628cc181cf0
PSETHASH = 5854dd31cbd3cdec44c48628cc181cf0
/home/cms011/home_cream_368989654/CREAM368989654/glide_1KJ0hp/execute/dir_23717/writeCfg.py pset.py pset.py
Importing .py file
Setting parameters
RandomNumberGeneratorService found, will attempt to change seeds
inputBlocks=/calabria_SingleMuPt5_GEN-SIM-DIGI-RECO_CMSSW_6_2_0_SLHC12_2023Scenario_Case2/calabria-calabria_SingleMuPt5_GEN-SIM-DIGI-RECO_CMSSW_6_2_0_SLHC12_2023Scenario_Case2-01e8787d2102816c4c34c374fc192ef2/USER#fa872e80-19b4-4996-b609-7193e7b31957
inputFiles=/store/user/calabria/calabria_SingleMuPt5_GEN-SIM-DIGI-RECO_CMSSW_6_2_0_SLHC12_2023Scenario_Case2/calabria_SingleMuPt5_GEN-SIM-DIGI-RECO_CMSSW_6_2_0_SLHC12_2023Scenario_Case2/01e8787d2102816c4c34c374fc192ef2/out_reco_148_2_dR9.root;/store/user/calabria/calabria_SingleMuPt5_GEN-SIM-DIGI-RECO_CMSSW_6_2_0_SLHC12_2023Scenario_Case2/calabria_SingleMuPt5_GEN-SIM-DIGI-RECO_CMSSW_6_2_0_SLHC12_2023Scenario_Case2/01e8787d2102816c4c34c374fc192ef2/out_reco_149_2_RCc.root;/store/user/calabria/calabria_SingleMuPt5_GEN-SIM-DIGI-RECO_CMSSW_6_2_0_SLHC12_2023Scenario_Case2/calabria_SingleMuPt5_GEN-SIM-DIGI-RECO_CMSSW_6_2_0_SLHC12_2023Scenario_Case2/01e8787d2102816c4c34c374fc192ef2/out_reco_150_2_ovG.root;/store/user/calabria/calabria_SingleMuPt5_GEN-SIM-DIGI-RECO_CMSSW_6_2_0_SLHC12_2023Scenario_Case2/calabria_SingleMuPt5_GEN-SIM-DIGI-RECO_CMSSW_6_2_0_SLHC12_2023Scenario_Case2/01e8787d2102816c4c34c374fc192ef2/out_reco_151_2_1RN.root;/store/user/calabria/calabria_SingleMuPt5_GEN-SIM-DIGI-RECO_CMSSW_6_2_0_SLHC12_2023Scenario_Case2/calabria_SingleMuPt5_GEN-SIM-DIGI-RECO_CMSSW_6_2_0_SLHC12_2023Scenario_Case2/01e8787d2102816c4c34c374fc192ef2/out_reco_152_2_mKB.root;/store/user/calabria/calabria_SingleMuPt5_GEN-SIM-DIGI-RECO_CMSSW_6_2_0_SLHC12_2023Scenario_Case2/calabria_SingleMuPt5_GEN-SIM-DIGI-RECO_CMSSW_6_2_0_SLHC12_2023Scenario_Case2/01e8787d2102816c4c34c374fc192ef2/out_reco_153_1_cek.root;/store/user/calabria/calabria_SingleMuPt5_GEN-SIM-DIGI-RECO_CMSSW_6_2_0_SLHC12_2023Scenario_Case2/calabria_SingleMuPt5_GEN-SIM-DIGI-RECO_CMSSW_6_2_0_SLHC12_2023Scenario_Case2/01e8787d2102816c4c34c374fc192ef2/out_reco_154_2_Nqq.root;/store/user/calabria/calabria_SingleMuPt5_GEN-SIM-DIGI-RECO_CMSSW_6_2_0_SLHC12_2023Scenario_Case2/calabria_SingleMuPt5_GEN-SIM-DIGI-RECO_CMSSW_6_2_0_SLHC12_2023Scenario_Case2/01e8787d2102816c4c34c374fc192ef2/out_reco_155_2_jBu.root;/store/user/calabria/calabria_SingleMuPt5_GEN-SIM-DIGI-RECO_CMSSW_6_2_0_SLHC12_2023Scenario_Case2/calabria_SingleMuPt5_GEN-SIM-DIGI-RECO_CMSSW_6_2_0_SLHC12_2023Scenario_Case2/01e8787d2102816c4c34c374fc192ef2/out_reco_156_1_xen.root;/store/user/calabria/calabria_SingleMuPt5_GEN-SIM-DIGI-RECO_CMSSW_6_2_0_SLHC12_2023Scenario_Case2/calabria_SingleMuPt5_GEN-SIM-DIGI-RECO_CMSSW_6_2_0_SLHC12_2023Scenario_Case2/01e8787d2102816c4c34c374fc192ef2/out_reco_157_2_y0r.root
parentFiles=
lumisRange=
>>> Executable cmsRun
/cvmfs/cms.cern.ch/slc5_amd64_gcc472/cms/cmssw/CMSSW_6_2_0_SLHC12/bin/slc5_amd64_gcc472/cmsRun
ok executable found
>>> info for dashboard:
***** Cat /home/cms011/home_cream_368989654/CREAM368989654/glide_1KJ0hp/execute/dir_23717/jobreport.txt *****
MonitorJobID=7_https://submit-6.t2.ucsd.edu//140616//168559.6
MonitorID=calabria_MuMinus5_Case2_ReReco_89whx7
ExeStart=cmsRun
***** End Cat jobreport *****
Parameters sent to Dashboard.
>>> cmsRun started at Tue Jun 17 23:35:30 UTC 2014
>>> cmsRun ended at Tue Jun 17 23:41:17 UTC 2014
>>> crab_fjr_*.xml  permission set to 0704
>>> info for dashboard:
***** Cat /home/cms011/home_cream_368989654/CREAM368989654/glide_1KJ0hp/execute/dir_23717/jobreport.txt *****
MonitorJobID=7_https://submit-6.t2.ucsd.edu//140616//168559.6
MonitorID=calabria_MuMinus5_Case2_ReReco_89whx7
ExeEnd=cmsRun
***** End Cat jobreport *****
Parameters sent to Dashboard.
TIME_EXE = 347 sec
>>> cmsRun wrote 50 lines of stdout+stderr
>>> START OF printout of 50 lines from stdout+stderr
271 DQMStore::DQMStore 
HcalTopologyIdealEP::HcalTopologyIdealEP
18-Jun-2014 01:35:46 CEST  Initiating request to open file file:/lustre/cms//store/user/calabria/calabria_SingleMuPt5_GEN-SIM-DIGI-RECO_CMSSW_6_2_0_SLHC12_2023Scenario_Case2/calabria_SingleMuPt5_GEN-SIM-DIGI-RECO_CMSSW_6_2_0_SLHC12_2023Scenario_Case2/01e8787d2102816c4c34c374fc192ef2/out_reco_148_2_dR9.root
18-Jun-2014 01:35:48 CEST  Successfully opened file file:/lustre/cms//store/user/calabria/calabria_SingleMuPt5_GEN-SIM-DIGI-RECO_CMSSW_6_2_0_SLHC12_2023Scenario_Case2/calabria_SingleMuPt5_GEN-SIM-DIGI-RECO_CMSSW_6_2_0_SLHC12_2023Scenario_Case2/01e8787d2102816c4c34c374fc192ef2/out_reco_148_2_dR9.root
18-Jun-2014 01:36:24 CEST  Closed file file:/lustre/cms//store/user/calabria/calabria_SingleMuPt5_GEN-SIM-DIGI-RECO_CMSSW_6_2_0_SLHC12_2023Scenario_Case2/calabria_SingleMuPt5_GEN-SIM-DIGI-RECO_CMSSW_6_2_0_SLHC12_2023Scenario_Case2/01e8787d2102816c4c34c374fc192ef2/out_reco_148_2_dR9.root
18-Jun-2014 01:36:24 CEST  Initiating request to open file file:/lustre/cms//store/user/calabria/calabria_SingleMuPt5_GEN-SIM-DIGI-RECO_CMSSW_6_2_0_SLHC12_2023Scenario_Case2/calabria_SingleMuPt5_GEN-SIM-DIGI-RECO_CMSSW_6_2_0_SLHC12_2023Scenario_Case2/01e8787d2102816c4c34c374fc192ef2/out_reco_149_2_RCc.root
18-Jun-2014 01:36:24 CEST  Successfully opened file file:/lustre/cms//store/user/calabria/calabria_SingleMuPt5_GEN-SIM-DIGI-RECO_CMSSW_6_2_0_SLHC12_2023Scenario_Case2/calabria_SingleMuPt5_GEN-SIM-DIGI-RECO_CMSSW_6_2_0_SLHC12_2023Scenario_Case2/01e8787d2102816c4c34c374fc192ef2/out_reco_149_2_RCc.root
18-Jun-2014 01:36:56 CEST  Closed file file:/lustre/cms//store/user/calabria/calabria_SingleMuPt5_GEN-SIM-DIGI-RECO_CMSSW_6_2_0_SLHC12_2023Scenario_Case2/calabria_SingleMuPt5_GEN-SIM-DIGI-RECO_CMSSW_6_2_0_SLHC12_2023Scenario_Case2/01e8787d2102816c4c34c374fc192ef2/out_reco_149_2_RCc.root
18-Jun-2014 01:36:56 CEST  Initiating request to open file file:/lustre/cms//store/user/calabria/calabria_SingleMuPt5_GEN-SIM-DIGI-RECO_CMSSW_6_2_0_SLHC12_2023Scenario_Case2/calabria_SingleMuPt5_GEN-SIM-DIGI-RECO_CMSSW_6_2_0_SLHC12_2023Scenario_Case2/01e8787d2102816c4c34c374fc192ef2/out_reco_150_2_ovG.root
18-Jun-2014 01:36:56 CEST  Successfully opened file file:/lustre/cms//store/user/calabria/calabria_SingleMuPt5_GEN-SIM-DIGI-RECO_CMSSW_6_2_0_SLHC12_2023Scenario_Case2/calabria_SingleMuPt5_GEN-SIM-DIGI-RECO_CMSSW_6_2_0_SLHC12_2023Scenario_Case2/01e8787d2102816c4c34c374fc192ef2/out_reco_150_2_ovG.root
18-Jun-2014 01:37:18 CEST  Closed file file:/lustre/cms//store/user/calabria/calabria_SingleMuPt5_GEN-SIM-DIGI-RECO_CMSSW_6_2_0_SLHC12_2023Scenario_Case2/calabria_SingleMuPt5_GEN-SIM-DIGI-RECO_CMSSW_6_2_0_SLHC12_2023Scenario_Case2/01e8787d2102816c4c34c374fc192ef2/out_reco_150_2_ovG.root
18-Jun-2014 01:37:18 CEST  Initiating request to open file file:/lustre/cms//store/user/calabria/calabria_SingleMuPt5_GEN-SIM-DIGI-RECO_CMSSW_6_2_0_SLHC12_2023Scenario_Case2/calabria_SingleMuPt5_GEN-SIM-DIGI-RECO_CMSSW_6_2_0_SLHC12_2023Scenario_Case2/01e8787d2102816c4c34c374fc192ef2/out_reco_151_2_1RN.root
18-Jun-2014 01:37:18 CEST  Successfully opened file file:/lustre/cms//store/user/calabria/calabria_SingleMuPt5_GEN-SIM-DIGI-RECO_CMSSW_6_2_0_SLHC12_2023Scenario_Case2/calabria_SingleMuPt5_GEN-SIM-DIGI-RECO_CMSSW_6_2_0_SLHC12_2023Scenario_Case2/01e8787d2102816c4c34c374fc192ef2/out_reco_151_2_1RN.root
18-Jun-2014 01:37:50 CEST  Closed file file:/lustre/cms//store/user/calabria/calabria_SingleMuPt5_GEN-SIM-DIGI-RECO_CMSSW_6_2_0_SLHC12_2023Scenario_Case2/calabria_SingleMuPt5_GEN-SIM-DIGI-RECO_CMSSW_6_2_0_SLHC12_2023Scenario_Case2/01e8787d2102816c4c34c374fc192ef2/out_reco_151_2_1RN.root
18-Jun-2014 01:37:50 CEST  Initiating request to open file file:/lustre/cms//store/user/calabria/calabria_SingleMuPt5_GEN-SIM-DIGI-RECO_CMSSW_6_2_0_SLHC12_2023Scenario_Case2/calabria_SingleMuPt5_GEN-SIM-DIGI-RECO_CMSSW_6_2_0_SLHC12_2023Scenario_Case2/01e8787d2102816c4c34c374fc192ef2/out_reco_152_2_mKB.root
18-Jun-2014 01:37:50 CEST  Successfully opened file file:/lustre/cms//store/user/calabria/calabria_SingleMuPt5_GEN-SIM-DIGI-RECO_CMSSW_6_2_0_SLHC12_2023Scenario_Case2/calabria_SingleMuPt5_GEN-SIM-DIGI-RECO_CMSSW_6_2_0_SLHC12_2023Scenario_Case2/01e8787d2102816c4c34c374fc192ef2/out_reco_152_2_mKB.root
18-Jun-2014 01:38:22 CEST  Closed file file:/lustre/cms//store/user/calabria/calabria_SingleMuPt5_GEN-SIM-DIGI-RECO_CMSSW_6_2_0_SLHC12_2023Scenario_Case2/calabria_SingleMuPt5_GEN-SIM-DIGI-RECO_CMSSW_6_2_0_SLHC12_2023Scenario_Case2/01e8787d2102816c4c34c374fc192ef2/out_reco_152_2_mKB.root
18-Jun-2014 01:38:22 CEST  Initiating request to open file file:/lustre/cms//store/user/calabria/calabria_SingleMuPt5_GEN-SIM-DIGI-RECO_CMSSW_6_2_0_SLHC12_2023Scenario_Case2/calabria_SingleMuPt5_GEN-SIM-DIGI-RECO_CMSSW_6_2_0_SLHC12_2023Scenario_Case2/01e8787d2102816c4c34c374fc192ef2/out_reco_153_1_cek.root
18-Jun-2014 01:38:22 CEST  Successfully opened file file:/lustre/cms//store/user/calabria/calabria_SingleMuPt5_GEN-SIM-DIGI-RECO_CMSSW_6_2_0_SLHC12_2023Scenario_Case2/calabria_SingleMuPt5_GEN-SIM-DIGI-RECO_CMSSW_6_2_0_SLHC12_2023Scenario_Case2/01e8787d2102816c4c34c374fc192ef2/out_reco_153_1_cek.root
18-Jun-2014 01:38:56 CEST  Closed file file:/lustre/cms//store/user/calabria/calabria_SingleMuPt5_GEN-SIM-DIGI-RECO_CMSSW_6_2_0_SLHC12_2023Scenario_Case2/calabria_SingleMuPt5_GEN-SIM-DIGI-RECO_CMSSW_6_2_0_SLHC12_2023Scenario_Case2/01e8787d2102816c4c34c374fc192ef2/out_reco_153_1_cek.root
18-Jun-2014 01:38:56 CEST  Initiating request to open file file:/lustre/cms//store/user/calabria/calabria_SingleMuPt5_GEN-SIM-DIGI-RECO_CMSSW_6_2_0_SLHC12_2023Scenario_Case2/calabria_SingleMuPt5_GEN-SIM-DIGI-RECO_CMSSW_6_2_0_SLHC12_2023Scenario_Case2/01e8787d2102816c4c34c374fc192ef2/out_reco_154_2_Nqq.root
18-Jun-2014 01:38:56 CEST  Successfully opened file file:/lustre/cms//store/user/calabria/calabria_SingleMuPt5_GEN-SIM-DIGI-RECO_CMSSW_6_2_0_SLHC12_2023Scenario_Case2/calabria_SingleMuPt5_GEN-SIM-DIGI-RECO_CMSSW_6_2_0_SLHC12_2023Scenario_Case2/01e8787d2102816c4c34c374fc192ef2/out_reco_154_2_Nqq.root
18-Jun-2014 01:39:30 CEST  Closed file file:/lustre/cms//store/user/calabria/calabria_SingleMuPt5_GEN-SIM-DIGI-RECO_CMSSW_6_2_0_SLHC12_2023Scenario_Case2/calabria_SingleMuPt5_GEN-SIM-DIGI-RECO_CMSSW_6_2_0_SLHC12_2023Scenario_Case2/01e8787d2102816c4c34c374fc192ef2/out_reco_154_2_Nqq.root
18-Jun-2014 01:39:30 CEST  Initiating request to open file file:/lustre/cms//store/user/calabria/calabria_SingleMuPt5_GEN-SIM-DIGI-RECO_CMSSW_6_2_0_SLHC12_2023Scenario_Case2/calabria_SingleMuPt5_GEN-SIM-DIGI-RECO_CMSSW_6_2_0_SLHC12_2023Scenario_Case2/01e8787d2102816c4c34c374fc192ef2/out_reco_155_2_jBu.root
18-Jun-2014 01:39:30 CEST  Successfully opened file file:/lustre/cms//store/user/calabria/calabria_SingleMuPt5_GEN-SIM-DIGI-RECO_CMSSW_6_2_0_SLHC12_2023Scenario_Case2/calabria_SingleMuPt5_GEN-SIM-DIGI-RECO_CMSSW_6_2_0_SLHC12_2023Scenario_Case2/01e8787d2102816c4c34c374fc192ef2/out_reco_155_2_jBu.root
18-Jun-2014 01:40:03 CEST  Closed file file:/lustre/cms//store/user/calabria/calabria_SingleMuPt5_GEN-SIM-DIGI-RECO_CMSSW_6_2_0_SLHC12_2023Scenario_Case2/calabria_SingleMuPt5_GEN-SIM-DIGI-RECO_CMSSW_6_2_0_SLHC12_2023Scenario_Case2/01e8787d2102816c4c34c374fc192ef2/out_reco_155_2_jBu.root
18-Jun-2014 01:40:03 CEST  Initiating request to open file file:/lustre/cms//store/user/calabria/calabria_SingleMuPt5_GEN-SIM-DIGI-RECO_CMSSW_6_2_0_SLHC12_2023Scenario_Case2/calabria_SingleMuPt5_GEN-SIM-DIGI-RECO_CMSSW_6_2_0_SLHC12_2023Scenario_Case2/01e8787d2102816c4c34c374fc192ef2/out_reco_156_1_xen.root
18-Jun-2014 01:40:03 CEST  Successfully opened file file:/lustre/cms//store/user/calabria/calabria_SingleMuPt5_GEN-SIM-DIGI-RECO_CMSSW_6_2_0_SLHC12_2023Scenario_Case2/calabria_SingleMuPt5_GEN-SIM-DIGI-RECO_CMSSW_6_2_0_SLHC12_2023Scenario_Case2/01e8787d2102816c4c34c374fc192ef2/out_reco_156_1_xen.root
18-Jun-2014 01:40:36 CEST  Closed file file:/lustre/cms//store/user/calabria/calabria_SingleMuPt5_GEN-SIM-DIGI-RECO_CMSSW_6_2_0_SLHC12_2023Scenario_Case2/calabria_SingleMuPt5_GEN-SIM-DIGI-RECO_CMSSW_6_2_0_SLHC12_2023Scenario_Case2/01e8787d2102816c4c34c374fc192ef2/out_reco_156_1_xen.root
18-Jun-2014 01:40:36 CEST  Initiating request to open file file:/lustre/cms//store/user/calabria/calabria_SingleMuPt5_GEN-SIM-DIGI-RECO_CMSSW_6_2_0_SLHC12_2023Scenario_Case2/calabria_SingleMuPt5_GEN-SIM-DIGI-RECO_CMSSW_6_2_0_SLHC12_2023Scenario_Case2/01e8787d2102816c4c34c374fc192ef2/out_reco_157_2_y0r.root
18-Jun-2014 01:40:36 CEST  Successfully opened file file:/lustre/cms//store/user/calabria/calabria_SingleMuPt5_GEN-SIM-DIGI-RECO_CMSSW_6_2_0_SLHC12_2023Scenario_Case2/calabria_SingleMuPt5_GEN-SIM-DIGI-RECO_CMSSW_6_2_0_SLHC12_2023Scenario_Case2/01e8787d2102816c4c34c374fc192ef2/out_reco_157_2_y0r.root
18-Jun-2014 01:41:16 CEST  Closed file file:/lustre/cms//store/user/calabria/calabria_SingleMuPt5_GEN-SIM-DIGI-RECO_CMSSW_6_2_0_SLHC12_2023Scenario_Case2/calabria_SingleMuPt5_GEN-SIM-DIGI-RECO_CMSSW_6_2_0_SLHC12_2023Scenario_Case2/01e8787d2102816c4c34c374fc192ef2/out_reco_157_2_y0r.root

=============================================

MessageLogger Summary

 type     category        sev    module        subroutine        count    total
 ---- -------------------- -- ---------------- ----------------  -----    -----
    1 fileAction           -s file_close                            10       10
    2 fileAction           -s file_open                             20       20

 type    category    Examples: run/evt        run/evt          run/evt
 ---- -------------------- ---------------- ---------------- ----------------
    1 fileAction           PostProcessEvent PostProcessEvent PostEndRun
    2 fileAction           pre-events       pre-events       PostProcessEvent

Severity    # Occurrences   Total Occurrences
--------    -------------   -----------------
System                 30                  30
>>> END OF printout of 50 lines from stdout+stderr
>>> Parse FrameworkJobReport crab_fjr.xml
Result of parsing the FrameworkJobReport crab_fjr.xml: Popularity start
lumisRange : 1::::1;1::::2;1::::3;1::::4;1::::5;1::::6;1::::7;1::::8;1::::9;1::::10;
lumisParentRange : 
Basename : /store/user/calabria/calabria_SingleMuPt5_GEN-SIM-DIGI-RECO_CMSSW_6_2_0_SLHC12_2023Scenario_Case2/calabria_SingleMuPt5_GEN-SIM-DIGI-RECO_CMSSW_6_2_0_SLHC12_2023Scenario_Case2/01e8787d2102816c4c34c374fc192ef2/out_reco_1
BasenameParent : 
parentFiles : 
inputBlocks : /calabria_SingleMuPt5_GEN-SIM-DIGI-RECO_CMSSW_6_2_0_SLHC12_2023Scenario_Case2/calabria-calabria_SingleMuPt5_GEN-SIM-DIGI-RECO_CMSSW_6_2_0_SLHC12_2023Scenario_Case2-01e8787d2102816c4c34c374fc192ef2/USER#fa872e80-19b4-4996-b609-7193e7b31957
inputFiles : 55_2_jBu.root::1::EDM::Local::1;53_1_cek.root::1::EDM::Local::2;49_2_RCc.root::1::EDM::Local::3;48_2_dR9.root::1::EDM::Local::4;51_2_1RN.root::1::EDM::Local::5;50_2_ovG.root::1::EDM::Local::6;57_2_y0r.root::1::EDM::Local::7;52_2_mKB.root::1::EDM::Local::8;54_2_Nqq.root::1::EDM::Local::9;56_1_xen.root::1::EDM::Local::10;
Popularity stop
Extracted ExitStatus from FrameworkJobReport parsing output: 0
>>> Executable succeded  0
ExeExitCode=0
EXECUTABLE_EXIT_STATUS = 0
>>> current directory /home/cms011/home_cream_368989654/CREAM368989654/glide_1KJ0hp/execute/dir_23717/CMSSW_6_2_0_SLHC12
>>>  (SOFTWARE_DIR): /home/cms011/home_cream_368989654/CREAM368989654/glide_1KJ0hp/execute/dir_23717/CMSSW_6_2_0_SLHC12
>>> (WORKING_DIR): 
>>> current directory content:
total 10448
drwxr-xr-x 3 cms011 cms    4096 Jun 18 01:35 .SCRAM
-rw------- 1 cms011 cms 3740422 Jun 18 01:35 CMSSW.py.pkl
drwxr-xr-x 3 cms011 cms    4096 Jun 18 01:35 bin
drwxr-xr-x 3 cms011 cms    4096 Jun 18 01:35 cfipython
drwxr-xr-x 4 cms011 cms    4096 Jun 18 01:35 config
-rw------- 1 cms011 cms      16 Jun 18 01:41 cpu_timing.txt
drwxr-xr-x 2 cms011 cms    4096 Jun 18 01:35 doc
-rw------- 1 cms011 cms    9865 Jun 18 01:41 executable.out
drwxr-xr-x 2 cms011 cms    4096 Jun 18 01:35 include
drwx------ 3 cms011 cms    4096 Apr 28 18:12 lib
drwxr-xr-x 3 cms011 cms    4096 Jun 18 01:35 logs
drwxr-xr-x 3 cms011 cms    4096 Jun 18 01:35 objs
-rw------- 1 cms011 cms     104 Jun 18 01:35 pset.py
-rw------- 1 cms011 cms 3712292 Jun 18 01:35 pset.py.pkl
-rw------- 1 cms011 cms     289 Jun 18 01:35 pset.pyc
drwxr-xr-x 2 cms011 cms    4096 Jun 18 01:35 python
-rw------- 1 cms011 cms     401 Jun 18 01:41 report.log
drwx------ 6 cms011 cms    4096 Jun 18 01:35 src
drwxr-xr-x 3 cms011 cms    4096 Jun 18 01:35 test
drwxr-xr-x 3 cms011 cms    4096 Jun 18 01:35 tmp
-rw------- 1 cms011 cms 3142143 Jun 18 01:41 validationEDM.root
>>> current directory /home/cms011/home_cream_368989654/CREAM368989654/glide_1KJ0hp/execute/dir_23717/CMSSW_6_2_0_SLHC12
>>> (SOFTWARE_DIR): /home/cms011/home_cream_368989654/CREAM368989654/glide_1KJ0hp/execute/dir_23717/CMSSW_6_2_0_SLHC12
>>> (WORKING_DIR): 
>>> current directory content:
total 10448
drwxr-xr-x 3 cms011 cms    4096 Jun 18 01:35 .SCRAM
-rw------- 1 cms011 cms 3740422 Jun 18 01:35 CMSSW.py.pkl
drwxr-xr-x 3 cms011 cms    4096 Jun 18 01:35 bin
drwxr-xr-x 3 cms011 cms    4096 Jun 18 01:35 cfipython
drwxr-xr-x 4 cms011 cms    4096 Jun 18 01:35 config
-rw------- 1 cms011 cms      16 Jun 18 01:41 cpu_timing.txt
drwxr-xr-x 2 cms011 cms    4096 Jun 18 01:35 doc
-rw------- 1 cms011 cms    9865 Jun 18 01:41 executable.out
drwxr-xr-x 2 cms011 cms    4096 Jun 18 01:35 include
drwx------ 3 cms011 cms    4096 Apr 28 18:12 lib
drwxr-xr-x 3 cms011 cms    4096 Jun 18 01:35 logs
drwxr-xr-x 3 cms011 cms    4096 Jun 18 01:35 objs
-rw------- 1 cms011 cms     104 Jun 18 01:35 pset.py
-rw------- 1 cms011 cms 3712292 Jun 18 01:35 pset.py.pkl
-rw------- 1 cms011 cms     289 Jun 18 01:35 pset.pyc
drwxr-xr-x 2 cms011 cms    4096 Jun 18 01:35 python
-rw------- 1 cms011 cms     401 Jun 18 01:41 report.log
drwx------ 6 cms011 cms    4096 Jun 18 01:35 src
drwxr-xr-x 3 cms011 cms    4096 Jun 18 01:35 test
drwxr-xr-x 3 cms011 cms    4096 Jun 18 01:35 tmp
-rw------- 1 cms011 cms 3142143 Jun 18 01:41 validationEDM_7_1_GLo.root
>>> current directory (RUNTIME_AREA):  /home/cms011/home_cream_368989654/CREAM368989654/glide_1KJ0hp/execute/dir_23717
SE = storm-se-01.ba.infn.it
SE_PATH = /srm/managerv2?SFN=//cms/store/user/calabria/calabria_SingleMuPt5_GEN-SIM-DIGI-RECO_CMSSW_6_2_0_SLHC12_2023Scenario_Case2/calabria_MuMinus5_GEN-SIM-DIGI-RECO_CMSSW_6_2_0_SLHC12_2023Scenario_VALNOPU2_Case2/5854dd31cbd3cdec44c48628cc181cf0/
LFNBaseName = /store/user/calabria/calabria_SingleMuPt5_GEN-SIM-DIGI-RECO_CMSSW_6_2_0_SLHC12_2023Scenario_Case2/calabria_MuMinus5_GEN-SIM-DIGI-RECO_CMSSW_6_2_0_SLHC12_2023Scenario_VALNOPU2_Case2/5854dd31cbd3cdec44c48628cc181cf0/
USER = calabria
endpoint = srm://storm-se-01.ba.infn.it:8444/srm/managerv2?SFN=//cms/store/user/calabria/calabria_SingleMuPt5_GEN-SIM-DIGI-RECO_CMSSW_6_2_0_SLHC12_2023Scenario_Case2/calabria_MuMinus5_GEN-SIM-DIGI-RECO_CMSSW_6_2_0_SLHC12_2023Scenario_VALNOPU2_Case2/5854dd31cbd3cdec44c48628cc181cf0/
>>> Copy output files from WN = alicegrid63.ba.infn.it to /srm/managerv2?SFN=//cms/store/user/calabria/calabria_SingleMuPt5_GEN-SIM-DIGI-RECO_CMSSW_6_2_0_SLHC12_2023Scenario_Case2/calabria_MuMinus5_GEN-SIM-DIGI-RECO_CMSSW_6_2_0_SLHC12_2023Scenario_VALNOPU2_Case2/5854dd31cbd3cdec44c48628cc181cf0/ :
python cmscp.py  --destination srm://storm-se-01.ba.infn.it:8444/srm/managerv2?SFN=//cms/store/user/calabria/calabria_SingleMuPt5_GEN-SIM-DIGI-RECO_CMSSW_6_2_0_SLHC12_2023Scenario_Case2/calabria_MuMinus5_GEN-SIM-DIGI-RECO_CMSSW_6_2_0_SLHC12_2023Scenario_VALNOPU2_Case2/5854dd31cbd3cdec44c48628cc181cf0/ --inputFileList /home/cms011/home_cream_368989654/CREAM368989654/glide_1KJ0hp/execute/dir_23717/CMSSW_6_2_0_SLHC12/validationEDM_7_1_GLo.root --middleware LCG --se_name storm-se-01.ba.infn.it --for_lfn /store/user/calabria/calabria_SingleMuPt5_GEN-SIM-DIGI-RECO_CMSSW_6_2_0_SLHC12_2023Scenario_Case2/calabria_MuMinus5_GEN-SIM-DIGI-RECO_CMSSW_6_2_0_SLHC12_2023Scenario_VALNOPU2_Case2/5854dd31cbd3cdec44c48628cc181cf0/    
******************************************************
localSeName  =  storm-se-01.ba.infn.it
remoteSeName =  storm-se-01.ba.infn.it
******************************************************
{"/home/cms011/home_cream_368989654/CREAM368989654/glide_1KJ0hp/execute/dir_23717/CMSSW_6_2_0_SLHC12/validationEDM_7_1_GLo.root": {"endpoint": "srm://storm-se-01.ba.infn.it:8444/srm/managerv2?SFN=//cms/store/user/calabria/calabria_SingleMuPt5_GEN-SIM-DIGI-RECO_CMSSW_6_2_0_SLHC12_2023Scenario_Case2/calabria_MuMinus5_GEN-SIM-DIGI-RECO_CMSSW_6_2_0_SLHC12_2023Scenario_VALNOPU2_Case2/5854dd31cbd3cdec44c48628cc181cf0/", "surl_for_grid": "", "reason": "Copy succedeed with srm-lcg utils", "erCode": "0", "se_name": "storm-se-01.ba.infn.it", "for_lfn": "/store/user/calabria/calabria_SingleMuPt5_GEN-SIM-DIGI-RECO_CMSSW_6_2_0_SLHC12_2023Scenario_Case2/calabria_MuMinus5_GEN-SIM-DIGI-RECO_CMSSW_6_2_0_SLHC12_2023Scenario_VALNOPU2_Case2/5854dd31cbd3cdec44c48628cc181cf0/"}}/home/cms011/home_cream_368989654/CREAM368989654/glide_1KJ0hp/execute/dir_23717
-------- cat /home/cms011/home_cream_368989654/CREAM368989654/glide_1KJ0hp/execute/dir_23717/cmscpReport.sh 
#!/bin/bash
echo "Report for File: /home/cms011/home_cream_368989654/CREAM368989654/glide_1KJ0hp/execute/dir_23717/CMSSW_6_2_0_SLHC12/validationEDM_7_1_GLo.root"
echo "LFN: /store/user/calabria/calabria_SingleMuPt5_GEN-SIM-DIGI-RECO_CMSSW_6_2_0_SLHC12_2023Scenario_Case2/calabria_MuMinus5_GEN-SIM-DIGI-RECO_CMSSW_6_2_0_SLHC12_2023Scenario_VALNOPU2_Case2/5854dd31cbd3cdec44c48628cc181cf0/validationEDM_7_1_GLo.root"
echo "StorageElement: storm-se-01.ba.infn.it"
echo "StageOutExitStatusReason = 'Copy succedeed with srm-lcg utils'" | tee -a $RUNTIME_AREA/$repo
echo "StageOutSE = storm-se-01.ba.infn.it" >> $RUNTIME_AREA/$repo

export StageOutExitStatus=0
echo "StageOutExitStatus = 0" | tee -a $RUNTIME_AREA/$repo
-------- end of /home/cms011/home_cream_368989654/CREAM368989654/glide_1KJ0hp/execute/dir_23717/cmscpReport.sh 
Report for File: /home/cms011/home_cream_368989654/CREAM368989654/glide_1KJ0hp/execute/dir_23717/CMSSW_6_2_0_SLHC12/validationEDM_7_1_GLo.root
LFN: /store/user/calabria/calabria_SingleMuPt5_GEN-SIM-DIGI-RECO_CMSSW_6_2_0_SLHC12_2023Scenario_Case2/calabria_MuMinus5_GEN-SIM-DIGI-RECO_CMSSW_6_2_0_SLHC12_2023Scenario_VALNOPU2_Case2/5854dd31cbd3cdec44c48628cc181cf0/validationEDM_7_1_GLo.root
StorageElement: storm-se-01.ba.infn.it
StageOutExitStatusReason = 'Copy succedeed with srm-lcg utils'
StageOutExitStatus = 0
>>> current dir: /home/cms011/home_cream_368989654/CREAM368989654/glide_1KJ0hp/execute/dir_23717
>>> current dir content:
total 28076
-rw-------  1 cms011 cms     2768 Jun 18 01:42 .SEinteraction.log
-rwx------  1 cms011 cms     6774 Jun 18 01:34 .job.ad
-rwx------  1 cms011 cms     9465 Jun 18 01:34 .machine.ad
-rw-------  1 cms011 cms      105 Jun 16 20:41 CMSSW.py
-rw-------  1 cms011 cms  3740422 Jun 16 20:41 CMSSW.py.pkl
-rwx------  1 cms011 cms    29543 Jun 18 01:35 CMSSW.sh
drwxr-xr-x 15 cms011 cms     4096 Jun 18 01:41 CMSSW_6_2_0_SLHC12
-rw-------  1 cms011 cms      220 Jun 18 01:35 CacheEnv.sh
-rw-------  1 cms011 cms     7291 Apr  4 11:04 DashboardAPI.py
-rw-------  1 cms011 cms     6815 Jun 18 01:35 DashboardAPI.pyc
drwx------  2 cms011 cms     4096 Jun 18 01:41 IMProv
-rw-------  1 cms011 cms     2748 Apr  4 11:04 Logger.py
-rw-------  1 cms011 cms     3347 Jun 18 01:35 Logger.pyc
-rw-------  1 cms011 cms    24524 Apr  4 11:04 ProcInfo.py
-rw-------  1 cms011 cms    23197 Jun 18 01:35 ProcInfo.pyc
drwx------  7 cms011 cms     4096 Jun 18 01:35 ProdCommon
drwx------  3 cms011 cms     4096 Jun 18 01:35 WMCore
-rw-------  1 cms011 cms     2509 Jun 18 01:41 Watchdog_7.log
-rwx------  1 cms011 cms        0 Jun 18 01:35 _condor_stderr
-rwx---r--  1 cms011 cms    29298 Jun 18 01:42 _condor_stdout
-rw-------  1 cms011 cms    32895 Apr  4 11:04 apmon.py
-rw-------  1 cms011 cms    28625 Jun 18 01:35 apmon.pyc
-rwx------  1 cms011 cms    53046 Jun 18 01:35 arguments.xml
-rwx------  1 cms011 cms    38515 Apr  4 11:04 cmscp.py
-rw-------  1 cms011 cms      714 Jun 18 01:42 cmscpReport.sh
-rwx------  1 cms011 cms    29543 Jun 18 01:35 condor_exec.exe
-rw-------  1 cms011 cms      953 Jun 16 20:41 crab.cfg
-rwx------  1 cms011 cms     8610 Apr  4 11:04 crabWatchdog.sh
-rwx---r--  1 cms011 cms   523195 Jun 18 01:41 crab_fjr_7.xml
-rwx------  1 cms011 cms 23960084 Jun 18 01:35 default.tgz
-rwx------  1 cms011 cms     4488 Apr  4 11:04 fillCrabFjr.py
-rw-------  1 cms011 cms     2607 Jun 18 01:35 inputsReport.txt
-rw-------  1 cms011 cms      258 Jun 18 01:42 jobreport.txt
-rw-------  1 cms011 cms    17352 Apr  4 11:04 parseCrabFjr.py
-rw-------  1 cms011 cms      328 Jun 18 01:35 report.log
-rwx--x--x  1 cms011 cms     1497 Apr  4 11:04 report.py
-rw-------  1 cms011 cms      767 Jun 18 01:42 resultCopyFile
lrwxrwxrwx  1 cms011 cms      125 Jun 18 01:41 validationEDM.root -> /home/cms011/home_cream_368989654/CREAM368989654/glide_1KJ0hp/execute/dir_23717/CMSSW_6_2_0_SLHC12/validationEDM_7_1_GLo.root
-rwx------  1 cms011 cms     8387 Apr  4 11:04 writeCfg.py
-rw-------  1 cms011 cms     8010 Jun 18 01:34 x509up_u50707
>>> Modify Job Report:
CMSSW_VERSION = CMSSW_6_2_0_SLHC12
ProcessedDataset = calabria_MuMinus5_GEN-SIM-DIGI-RECO_CMSSW_6_2_0_SLHC12_2023Scenario_VALNOPU2_Case2
/home/cms011/home_cream_368989654/CREAM368989654/glide_1KJ0hp/execute/dir_23717/ProdCommon/FwkJobRep/ModifyJobReport.py fjr /home/cms011/home_cream_368989654/CREAM368989654/glide_1KJ0hp/execute/dir_23717/crab_fjr_7.xml json /home/cms011/home_cream_368989654/CREAM368989654/glide_1KJ0hp/execute/dir_23717/resultCopyFile n_job 7_1_GLo PrimaryDataset calabria_SingleMuPt5_GEN-SIM-DIGI-RECO_CMSSW_6_2_0_SLHC12_2023Scenario_Case2  ApplicationFamily cmsRun ApplicationName cmsRun cmssw_version CMSSW_6_2_0_SLHC12 psethash 5854dd31cbd3cdec44c48628cc181cf0 UserProcessedDataset calabria-calabria_MuMinus5_GEN-SIM-DIGI-RECO_CMSSW_6_2_0_SLHC12_2023Scenario_VALNOPU2_Case2-5854dd31cbd3cdec44c48628cc181cf0
inputDict =  {u'/home/cms011/home_cream_368989654/CREAM368989654/glide_1KJ0hp/execute/dir_23717/CMSSW_6_2_0_SLHC12/validationEDM_7_1_GLo.root': {u'endpoint': u'srm://storm-se-01.ba.infn.it:8444/srm/managerv2?SFN=//cms/store/user/calabria/calabria_SingleMuPt5_GEN-SIM-DIGI-RECO_CMSSW_6_2_0_SLHC12_2023Scenario_Case2/calabria_MuMinus5_GEN-SIM-DIGI-RECO_CMSSW_6_2_0_SLHC12_2023Scenario_VALNOPU2_Case2/5854dd31cbd3cdec44c48628cc181cf0/', u'surl_for_grid': u'', u'reason': u'Copy succedeed with srm-lcg utils', u'erCode': u'0', u'se_name': u'storm-se-01.ba.infn.it', u'for_lfn': u'/store/user/calabria/calabria_SingleMuPt5_GEN-SIM-DIGI-RECO_CMSSW_6_2_0_SLHC12_2023Scenario_Case2/calabria_MuMinus5_GEN-SIM-DIGI-RECO_CMSSW_6_2_0_SLHC12_2023Scenario_VALNOPU2_Case2/5854dd31cbd3cdec44c48628cc181cf0/'}}
UserProcessedDataset =  calabria-calabria_MuMinus5_GEN-SIM-DIGI-RECO_CMSSW_6_2_0_SLHC12_2023Scenario_VALNOPU2_Case2-5854dd31cbd3cdec44c48628cc181cf0
file_name in inputDict =  /home/cms011/home_cream_368989654/CREAM368989654/glide_1KJ0hp/execute/dir_23717/CMSSW_6_2_0_SLHC12/validationEDM_7_1_GLo.root
(size) os.stat(filename)[6] =  3142143
checksum =  2635570589
    file =  validationEDM_7_1_GLo.root
    newPfn =  srm://storm-se-01.ba.infn.it:8444/srm/managerv2?SFN=//cms/store/user/calabria/calabria_SingleMuPt5_GEN-SIM-DIGI-RECO_CMSSW_6_2_0_SLHC12_2023Scenario_Case2/calabria_MuMinus5_GEN-SIM-DIGI-RECO_CMSSW_6_2_0_SLHC12_2023Scenario_VALNOPU2_Case2/5854dd31cbd3cdec44c48628cc181cf0/validationEDM_7_1_GLo.root
    newLfn =  /store/user/calabria/calabria_SingleMuPt5_GEN-SIM-DIGI-RECO_CMSSW_6_2_0_SLHC12_2023Scenario_Case2/calabria_MuMinus5_GEN-SIM-DIGI-RECO_CMSSW_6_2_0_SLHC12_2023Scenario_VALNOPU2_Case2/5854dd31cbd3cdec44c48628cc181cf0/validationEDM_7_1_GLo.root
>>> crab_fjr_*.xml  permission set to 0704
CrabWrapper EXIT_FUNC entered at Wed Jun 18 01:42:13 CEST 2014   -  Tue Jun 17 23:42:13 UTC 2014
Checking output files:  
will tar file crab_fjr_7.xml in  out_files_7
WARNING: output file CMSSW_7.stdout not found!
WARNING: output file CMSSW_7.stderr not found!
WARNING: output file Watchdog_7.log.gz not found!
>>> padding time: Sleeping the wrapper for 173 seconds
STOPPING WATCHDOG. CrabWatchdog PID is 24210
********** LAST 50 LINES OF WATCHDOG LOG
# RESOURCE USAGE SUMMARY FOR PROCESS ID 23838
USER       PID %CPU %MEM    VSZ   RSS TTY      STAT START   TIME COMMAND
cms011   23838  0.5  0.0   9500  1592 ?        S    01:35   0:00 /bin/sh /home/cms011/home_cream_368989654/CREAM368989654/glide_1KJ0hp/execute/dir_23717/condor_exec.exe 7 1
 
# LIMITS USED BY CRAB WATCHDOG:
# RSS  (KBytes)   : 2300000
# VSZ  (KBytes)   : 100000000
# DISK (MBytes)   : 19000
# CPU TIME        : 720h:0m:0s
# WALL CLOCK TIME : 21h:50m:0s
 
# FOLLOWING PRINTOUT TRACKS MAXIMUM VALUES OF RESOURCES USE
# ONE LINE IS PRINTED EACH TIME A MAXIMUM CHANGES
# IF CHANGE WAS IN RSS OR VSZ ALSO PROCID AND COMMAND ARE PRINTED
# THERE IS NO PRINTOUT FOR CPU/WALL TIME INCREASE
 
# TIME			PID	RSS(KB)	VSZ(KB)	Dsk(MB)	tCPU(s)	tWALL(s)	COMMAND
 Jun 18 01:35:12 CEST	757	1260	106092	0	0	0	sh -c "./glidein_startup.sh" -v std -name v3_0 -entry CMS_T2_IT_Bari_ce2 -clientname UCSD-v1_0.main
 Jun 18 01:35:12 CEST	763	1776	106492	0	0	1	/bin/bash ./glidein_startup.sh -v std -name v3_0 -entry CMS_T2_IT_Bari_ce2 -clientname UCSD-v1_0.main -schedd
 Jun 18 01:35:12 CEST	16405	8012	106492	0	0	1	/home/cms011/home_cream_368989654/CREAM368989654/glide_1KJ0hp/main/condor/sbin/condor_master -f -pidfile /home/cms011/home_cream_368989654/CREAM368989654/glide_1KJ0hp/condor_master2.pid       
 Jun 18 01:35:12 CEST	17216	8716	106492	0	2	1	condor_startd -f         
 Jun 18 01:35:12 CEST	24222	43456	110344	0	0	1	edmConfigHash pset.py         
 Jun 18 01:35:12 CEST	---	43456	110344	171	----	----	----
 Jun 18 01:36:13 CEST	25521	721076	980376	171	36	62	cmsRun -j /home/cms011/home_cream_368989654/CREAM368989654/glide_1KJ0hp/execute/dir_23717/crab_fjr_7.xml -p pset.py      
 Jun 18 01:36:13 CEST	---	721076	980376	175	----	----	----
 Jun 18 01:37:14 CEST	25521	743228	1004216	175	87	122	cmsRun -j /home/cms011/home_cream_368989654/CREAM368989654/glide_1KJ0hp/execute/dir_23717/crab_fjr_7.xml -p pset.py      
 Jun 18 01:38:14 CEST	25521	743228	1008056	175	138	183	cmsRun -j /home/cms011/home_cream_368989654/CREAM368989654/glide_1KJ0hp/execute/dir_23717/crab_fjr_7.xml -p pset.py      
 Jun 18 01:39:15 CEST	25521	747128	1022068	175	187	245	cmsRun -j /home/cms011/home_cream_368989654/CREAM368989654/glide_1KJ0hp/execute/dir_23717/crab_fjr_7.xml -p pset.py      
 Jun 18 01:40:18 CEST	25521	758416	1026068	175	237	306	cmsRun -j /home/cms011/home_cream_368989654/CREAM368989654/glide_1KJ0hp/execute/dir_23717/crab_fjr_7.xml -p pset.py      
 Jun 18 01:41:18 CEST	---	758416	1026068	178	----	----	----
********** WATCHDOG LOG ENDED
ZIPPING WATCHDOG LOG
Disk space used:
du -sh /home/cms011/home_cream_368989654/CREAM368989654/glide_1KJ0hp/execute/dir_23717
179M	/home/cms011/home_cream_368989654/CREAM368989654/glide_1KJ0hp/execute/dir_23717
Found unusual stdout, rename for OSB
`/home/cms011/home_cream_368989654/CREAM368989654/glide_1KJ0hp/execute/dir_23717/_condor_stdout' -> `CMSSW_7.stdout'
Found unusual stderr, rename for OSB
`/home/cms011/home_cream_368989654/CREAM368989654/glide_1KJ0hp/execute/dir_23717/_condor_stdout' -> `CMSSW_7.stderr'
crab_fjr_7.xml
CMSSW_7.stdout
CMSSW_7.stderr
Watchdog_7.log.gz
Total Output dimension: 69737
WARNING: output files size limit is set to: 50000000
Total Output dimension 69737 is fine.
JOB_EXIT_STATUS = 0
>>> info for dashboard:
***** Cat /home/cms011/home_cream_368989654/CREAM368989654/glide_1KJ0hp/execute/dir_23717/jobreport.txt *****
MonitorJobID=7_https://submit-6.t2.ucsd.edu//140616//168559.6
MonitorID=calabria_MuMinus5_Case2_ReReco_89whx7
ExeTime=347
ExeExitCode=0
StageOutExitStatusReason = 'Copy succedeed with srm-lcg utils'
StageOutSE = storm-se-01.ba.infn.it
StageOutExitStatus = 0
CrabUserCpuTime=287.04
CrabSysCpuTime=3.97
CrabCpuPercentage=83%
CrabWrapperTime=600
CrabStageoutTime=49
JobExitCode=0
***** End Cat jobreport *****
Parameters sent to Dashboard.
EXITING at Wed Jun 18 01:45:12 CEST 2014  -  Tue Jun 17 23:45:12 UTC 2014
