This script was generated by crab (version 2.10.5_patch1).
Running /home/cms036/home_cream_759666615/CREAM759666615/glide_ekUlf0/execute/dir_2664/condor_exec.exe with 2 positional parameters: 17 1
Today is Wed Jun 18 01:36:18 CEST 2014 - Tue Jun 17 23:36:18 UTC 2014
Job submitted on host pccms149.ba.infn.it
Linux pccms149.ba.infn.it 2.6.32-358.23.2.el6.x86_64 #1 SMP Thu Oct 17 10:27:22 CEST 2013 x86_64 x86_64 x86_64 GNU/Linux
>>> current directory (RUNTIME_AREA): /home/cms036/home_cream_759666615/CREAM759666615/glide_ekUlf0/execute/dir_2664
>>> current user: uid=18592(cms036) gid=1399(cms) groups=1399(cms)
>>> directory permission set to 0700
>>> umask set to:  u=rwx,g=,o=
>>> stdout stderr permission set to 0704
>>> voms proxy information:
subject   : /C=IT/O=INFN/OU=Personal Certificate/L=Bari/CN=Cesare Calabria/CN=477126703/CN=1032771063
issuer    : /C=IT/O=INFN/OU=Personal Certificate/L=Bari/CN=Cesare Calabria/CN=477126703
identity  : /C=IT/O=INFN/OU=Personal Certificate/L=Bari/CN=Cesare Calabria
type      : RFC3820 compliant limited proxy
strength  : 1024
path      : /home/cms036/home_cream_759666615/CREAM759666615/glide_ekUlf0/execute/dir_2664/x509up_u50707
timeleft  : 23:59:44
key usage : Digital Signature, Key Encipherment, Data Encipherment
=== VO cms extension information ===
VO        : cms
subject   : /C=IT/O=INFN/OU=Personal Certificate/L=Bari/CN=Cesare Calabria
issuer    : /DC=ch/DC=cern/OU=computers/CN=voms.cern.ch
attribute : /cms/Role=NULL/Capability=NULL
attribute : /cms/itcms/Role=NULL/Capability=NULL
timeleft  : 153:47:58
uri       : voms.cern.ch:15002

WNHostName=pccms149.ba.infn.it
>>> tar --no-same-permissions -xf /home/cms036/home_cream_759666615/CREAM759666615/glide_ekUlf0/execute/dir_2664/default.tgz :
Successful untar
>>> Include /home/cms036/home_cream_759666615/CREAM759666615/glide_ekUlf0/execute/dir_2664 in PYTHONPATH:
strip arguments
env var CRAB_UNIQUE_JOB_ID set to: calabria_MuMinus5_Case2_ReReco_89whx7_17_1_mAb
out_files_17
>>> list of expected files on output sandbox
output files: crab_fjr_17.xml CMSSW_17.stdout CMSSW_17.stderr Watchdog_17.log.gz
>>> GridFlavour discovery: 
GridFlavour=LCG
>>> SyncSite discovery: 
SyncSite=T2_IT_Bari
>>> SyncCE discovery: 
getting SyncCE from CE_ID
SyncCE=cream-ce-2.ba.infn.it:8443/cream-pbs-long
>>> info for dashboard:
***** Cat /home/cms036/home_cream_759666615/CREAM759666615/glide_ekUlf0/execute/dir_2664/jobreport.txt *****
WNHostName=pccms149.ba.infn.it
MonitorJobID=17_https://submit-6.t2.ucsd.edu//140616//168559.16
SyncGridJobId=https://submit-6.t2.ucsd.edu//140616//168559.16
MonitorID=calabria_MuMinus5_Case2_ReReco_89whx7
GridFlavour=LCG
SyncSite=T2_IT_Bari
SyncCE=cream-ce-2.ba.infn.it:8443/cream-pbs-long
***** End Cat jobreport *****
Parameters sent to Dashboard.
>>> setup environment
set SCRAM ARCH to slc5_amd64_gcc472
SCRAM_ARCH = slc5_amd64_gcc472
>>> setup CMS LCG environment:
set SCRAM ARCH and BUILD_ARCH to slc5_amd64_gcc472 ###
Sourcing environment... 
sourcing /cvmfs/cms.cern.ch/cmsset_default.sh
==> setup cms environment ok
>>> specific cmssw setup environment:
CMSSW_VERSION =  CMSSW_6_2_0_SLHC12
>>> current directory (SOFTWARE_DIR): /home/cms036/home_cream_759666615/CREAM759666615/glide_ekUlf0/execute/dir_2664/CMSSW_6_2_0_SLHC12
PreserveSeeds: <>
IncrementSeeds:<>
>>> info for dashboard:
***** Cat /home/cms036/home_cream_759666615/CREAM759666615/glide_ekUlf0/execute/dir_2664/jobreport.txt *****
MonitorJobID=17_https://submit-6.t2.ucsd.edu//140616//168559.16
MonitorID=calabria_MuMinus5_Case2_ReReco_89whx7
***** End Cat jobreport *****
Parameters sent to Dashboard.
crabWatchdog started as process 3795
>>> moving CMSSW software directories in /home/cms036/home_cream_759666615/CREAM759666615/glide_ekUlf0/execute/dir_2664/CMSSW_6_2_0_SLHC12
mv: cannot stat `/home/cms036/home_cream_759666615/CREAM759666615/glide_ekUlf0/execute/dir_2664/module/': No such file or directory
>>> Include /home/cms036/home_cream_759666615/CREAM759666615/glide_ekUlf0/execute/dir_2664 in PYTHONPATH:
PYTHONPATH=/home/cms036/home_cream_759666615/CREAM759666615/glide_ekUlf0/execute/dir_2664/:/home/cms036/home_cream_759666615/CREAM759666615/glide_ekUlf0/execute/dir_2664/CMSSW_6_2_0_SLHC12/python:/home/cms036/home_cream_759666615/CREAM759666615/glide_ekUlf0/execute/dir_2664/CMSSW_6_2_0_SLHC12/lib/slc5_amd64_gcc472:/cvmfs/cms.cern.ch/slc5_amd64_gcc472/cms/cmssw/CMSSW_6_2_0_SLHC12/python:/cvmfs/cms.cern.ch/slc5_amd64_gcc472/cms/cmssw/CMSSW_6_2_0_SLHC12/lib/slc5_amd64_gcc472:/cvmfs/cms.cern.ch/slc5_amd64_gcc472/cms/coral/CORAL_2_3_21-cms36/slc5_amd64_gcc472/python:/cvmfs/cms.cern.ch/slc5_amd64_gcc472/cms/coral/CORAL_2_3_21-cms36/slc5_amd64_gcc472/lib:/cvmfs/cms.cern.ch/slc5_amd64_gcc472/external/pyqt/4.8.1-cms6/lib/python2.7/site-packages:/cvmfs/cms.cern.ch/slc5_amd64_gcc472/external/py2-scipy/0.8.0-cms8/lib/python2.7/site-packages:/cvmfs/cms.cern.ch/slc5_amd64_gcc472/external/py2-matplotlib/1.0.1-cms8/lib/python2.7/site-packages:/cvmfs/cms.cern.ch/slc5_amd64_gcc472/external/python-ldap/2.3.5-cms6/lib/python2.7/site-packages:/cvmfs/cms.cern.ch/slc5_amd64_gcc472/external/sip/4.11.2-cms6/lib/python2.7/site-packages:/cvmfs/cms.cern.ch/slc5_amd64_gcc472/external/py2-pycurl/7.19.0-cms8/lib/python2.7/site-packages:/cvmfs/cms.cern.ch/slc5_amd64_gcc472/external/py2-numpy/1.6.1-cms8/lib/python2.7/site-packages:/cvmfs/cms.cern.ch/slc5_amd64_gcc472/external/py2-lint/0.25.1-cms6/lib/python2.7/site-packages:/cvmfs/cms.cern.ch/slc5_amd64_gcc472/external/py2-ipython/0.10-cms6/lib/python2.7/site-packages:/cvmfs/cms.cern.ch/slc5_amd64_gcc472/external/py2-cx-oracle/5.1-cms7/lib/python2.7/site-packages:/cvmfs/cms.cern.ch/slc5_amd64_gcc472/external/py2-cjson/1.0.5-cms6/lib/python2.7/site-packages:/cvmfs/cms.cern.ch/slc5_amd64_gcc472/cms/das-client/1.11.7/bin:/cvmfs/cms.cern.ch/slc5_amd64_gcc472/external/elementtree/1.2.6-cms6/share/lib/python2.7/site-packages:/cvmfs/cms.cern.ch/slc5_amd64_gcc472/external/rivet/1.8.2-cms8/lib/python2.7/site-packages:/cvmfs/cms.cern.ch/slc5_amd64_gcc472/external/pyminuit2/0.0.1-cms19/lib/python2.7/site-packages:/cvmfs/cms.cern.ch/slc5_amd64_gcc472/external/py2-pygithub/1.23.0/lib/python2.7/site-packages:/cvmfs/cms.cern.ch/slc5_amd64_gcc472/external/professor/1.0.0-cms19/lib/python2.7/site-packages:/cvmfs/cms.cern.ch/slc5_amd64_gcc472/lcg/root/5.34.07-cms/lib:/cvmfs/cms.cern.ch/slc5_amd64_gcc472/cms/dbs-client/DBS_2_1_9-cms5/lib:/cvmfs/cms.cern.ch/slc5_amd64_gcc472/cms/dbs-client/DBS_2_1_9-cms5/lib/DBSAPI:/cvmfs/cms.cern.ch/slc5_amd64_gcc472/external/cvs2git/5419-cms/lib:/home/cms036/home_cream_759666615/CREAM759666615/glide_ekUlf0/execute/dir_2664/
 
# LIMITS USED BY CRAB WATCHDOG:
# RSS  (KBytes)   : 2300000
# VSZ  (KBytes)   : 100000000
# DISK (MBytes)   : 19000
# CPU TIME        : 720h:0m:0s
# WALL CLOCK TIME : 21h:50m:0s
 
5854dd31cbd3cdec44c48628cc181cf0
PSETHASH = 5854dd31cbd3cdec44c48628cc181cf0
/home/cms036/home_cream_759666615/CREAM759666615/glide_ekUlf0/execute/dir_2664/writeCfg.py pset.py pset.py
Importing .py file
Setting parameters
RandomNumberGeneratorService found, will attempt to change seeds
inputBlocks=/calabria_SingleMuPt5_GEN-SIM-DIGI-RECO_CMSSW_6_2_0_SLHC12_2023Scenario_Case2/calabria-calabria_SingleMuPt5_GEN-SIM-DIGI-RECO_CMSSW_6_2_0_SLHC12_2023Scenario_Case2-01e8787d2102816c4c34c374fc192ef2/USER#fa872e80-19b4-4996-b609-7193e7b31957
inputFiles=/store/user/calabria/calabria_SingleMuPt5_GEN-SIM-DIGI-RECO_CMSSW_6_2_0_SLHC12_2023Scenario_Case2/calabria_SingleMuPt5_GEN-SIM-DIGI-RECO_CMSSW_6_2_0_SLHC12_2023Scenario_Case2/01e8787d2102816c4c34c374fc192ef2/out_reco_255_2_QyC.root;/store/user/calabria/calabria_SingleMuPt5_GEN-SIM-DIGI-RECO_CMSSW_6_2_0_SLHC12_2023Scenario_Case2/calabria_SingleMuPt5_GEN-SIM-DIGI-RECO_CMSSW_6_2_0_SLHC12_2023Scenario_Case2/01e8787d2102816c4c34c374fc192ef2/out_reco_256_2_Hah.root;/store/user/calabria/calabria_SingleMuPt5_GEN-SIM-DIGI-RECO_CMSSW_6_2_0_SLHC12_2023Scenario_Case2/calabria_SingleMuPt5_GEN-SIM-DIGI-RECO_CMSSW_6_2_0_SLHC12_2023Scenario_Case2/01e8787d2102816c4c34c374fc192ef2/out_reco_257_1_MNI.root;/store/user/calabria/calabria_SingleMuPt5_GEN-SIM-DIGI-RECO_CMSSW_6_2_0_SLHC12_2023Scenario_Case2/calabria_SingleMuPt5_GEN-SIM-DIGI-RECO_CMSSW_6_2_0_SLHC12_2023Scenario_Case2/01e8787d2102816c4c34c374fc192ef2/out_reco_258_1_ZPr.root;/store/user/calabria/calabria_SingleMuPt5_GEN-SIM-DIGI-RECO_CMSSW_6_2_0_SLHC12_2023Scenario_Case2/calabria_SingleMuPt5_GEN-SIM-DIGI-RECO_CMSSW_6_2_0_SLHC12_2023Scenario_Case2/01e8787d2102816c4c34c374fc192ef2/out_reco_259_2_LaM.root;/store/user/calabria/calabria_SingleMuPt5_GEN-SIM-DIGI-RECO_CMSSW_6_2_0_SLHC12_2023Scenario_Case2/calabria_SingleMuPt5_GEN-SIM-DIGI-RECO_CMSSW_6_2_0_SLHC12_2023Scenario_Case2/01e8787d2102816c4c34c374fc192ef2/out_reco_260_1_vQp.root;/store/user/calabria/calabria_SingleMuPt5_GEN-SIM-DIGI-RECO_CMSSW_6_2_0_SLHC12_2023Scenario_Case2/calabria_SingleMuPt5_GEN-SIM-DIGI-RECO_CMSSW_6_2_0_SLHC12_2023Scenario_Case2/01e8787d2102816c4c34c374fc192ef2/out_reco_262_2_PsL.root;/store/user/calabria/calabria_SingleMuPt5_GEN-SIM-DIGI-RECO_CMSSW_6_2_0_SLHC12_2023Scenario_Case2/calabria_SingleMuPt5_GEN-SIM-DIGI-RECO_CMSSW_6_2_0_SLHC12_2023Scenario_Case2/01e8787d2102816c4c34c374fc192ef2/out_reco_265_2_kt2.root;/store/user/calabria/calabria_SingleMuPt5_GEN-SIM-DIGI-RECO_CMSSW_6_2_0_SLHC12_2023Scenario_Case2/calabria_SingleMuPt5_GEN-SIM-DIGI-RECO_CMSSW_6_2_0_SLHC12_2023Scenario_Case2/01e8787d2102816c4c34c374fc192ef2/out_reco_266_2_NN0.root;/store/user/calabria/calabria_SingleMuPt5_GEN-SIM-DIGI-RECO_CMSSW_6_2_0_SLHC12_2023Scenario_Case2/calabria_SingleMuPt5_GEN-SIM-DIGI-RECO_CMSSW_6_2_0_SLHC12_2023Scenario_Case2/01e8787d2102816c4c34c374fc192ef2/out_reco_267_2_MY5.root
parentFiles=
lumisRange=
>>> Executable cmsRun
/cvmfs/cms.cern.ch/slc5_amd64_gcc472/cms/cmssw/CMSSW_6_2_0_SLHC12/bin/slc5_amd64_gcc472/cmsRun
ok executable found
>>> info for dashboard:
***** Cat /home/cms036/home_cream_759666615/CREAM759666615/glide_ekUlf0/execute/dir_2664/jobreport.txt *****
MonitorJobID=17_https://submit-6.t2.ucsd.edu//140616//168559.16
MonitorID=calabria_MuMinus5_Case2_ReReco_89whx7
ExeStart=cmsRun
***** End Cat jobreport *****
Parameters sent to Dashboard.
>>> cmsRun started at Tue Jun 17 23:36:43 UTC 2014
>>> cmsRun ended at Tue Jun 17 23:41:14 UTC 2014
>>> crab_fjr_*.xml  permission set to 0704
>>> info for dashboard:
***** Cat /home/cms036/home_cream_759666615/CREAM759666615/glide_ekUlf0/execute/dir_2664/jobreport.txt *****
MonitorJobID=17_https://submit-6.t2.ucsd.edu//140616//168559.16
MonitorID=calabria_MuMinus5_Case2_ReReco_89whx7
ExeEnd=cmsRun
***** End Cat jobreport *****
Parameters sent to Dashboard.
TIME_EXE = 271 sec
>>> cmsRun wrote 50 lines of stdout+stderr
>>> START OF printout of 50 lines from stdout+stderr
271 DQMStore::DQMStore 
HcalTopologyIdealEP::HcalTopologyIdealEP
18-Jun-2014 01:36:57 CEST  Initiating request to open file file:/lustre/cms//store/user/calabria/calabria_SingleMuPt5_GEN-SIM-DIGI-RECO_CMSSW_6_2_0_SLHC12_2023Scenario_Case2/calabria_SingleMuPt5_GEN-SIM-DIGI-RECO_CMSSW_6_2_0_SLHC12_2023Scenario_Case2/01e8787d2102816c4c34c374fc192ef2/out_reco_255_2_QyC.root
18-Jun-2014 01:36:58 CEST  Successfully opened file file:/lustre/cms//store/user/calabria/calabria_SingleMuPt5_GEN-SIM-DIGI-RECO_CMSSW_6_2_0_SLHC12_2023Scenario_Case2/calabria_SingleMuPt5_GEN-SIM-DIGI-RECO_CMSSW_6_2_0_SLHC12_2023Scenario_Case2/01e8787d2102816c4c34c374fc192ef2/out_reco_255_2_QyC.root
18-Jun-2014 01:37:25 CEST  Closed file file:/lustre/cms//store/user/calabria/calabria_SingleMuPt5_GEN-SIM-DIGI-RECO_CMSSW_6_2_0_SLHC12_2023Scenario_Case2/calabria_SingleMuPt5_GEN-SIM-DIGI-RECO_CMSSW_6_2_0_SLHC12_2023Scenario_Case2/01e8787d2102816c4c34c374fc192ef2/out_reco_255_2_QyC.root
18-Jun-2014 01:37:25 CEST  Initiating request to open file file:/lustre/cms//store/user/calabria/calabria_SingleMuPt5_GEN-SIM-DIGI-RECO_CMSSW_6_2_0_SLHC12_2023Scenario_Case2/calabria_SingleMuPt5_GEN-SIM-DIGI-RECO_CMSSW_6_2_0_SLHC12_2023Scenario_Case2/01e8787d2102816c4c34c374fc192ef2/out_reco_256_2_Hah.root
18-Jun-2014 01:37:25 CEST  Successfully opened file file:/lustre/cms//store/user/calabria/calabria_SingleMuPt5_GEN-SIM-DIGI-RECO_CMSSW_6_2_0_SLHC12_2023Scenario_Case2/calabria_SingleMuPt5_GEN-SIM-DIGI-RECO_CMSSW_6_2_0_SLHC12_2023Scenario_Case2/01e8787d2102816c4c34c374fc192ef2/out_reco_256_2_Hah.root
18-Jun-2014 01:37:50 CEST  Closed file file:/lustre/cms//store/user/calabria/calabria_SingleMuPt5_GEN-SIM-DIGI-RECO_CMSSW_6_2_0_SLHC12_2023Scenario_Case2/calabria_SingleMuPt5_GEN-SIM-DIGI-RECO_CMSSW_6_2_0_SLHC12_2023Scenario_Case2/01e8787d2102816c4c34c374fc192ef2/out_reco_256_2_Hah.root
18-Jun-2014 01:37:50 CEST  Initiating request to open file file:/lustre/cms//store/user/calabria/calabria_SingleMuPt5_GEN-SIM-DIGI-RECO_CMSSW_6_2_0_SLHC12_2023Scenario_Case2/calabria_SingleMuPt5_GEN-SIM-DIGI-RECO_CMSSW_6_2_0_SLHC12_2023Scenario_Case2/01e8787d2102816c4c34c374fc192ef2/out_reco_257_1_MNI.root
18-Jun-2014 01:37:50 CEST  Successfully opened file file:/lustre/cms//store/user/calabria/calabria_SingleMuPt5_GEN-SIM-DIGI-RECO_CMSSW_6_2_0_SLHC12_2023Scenario_Case2/calabria_SingleMuPt5_GEN-SIM-DIGI-RECO_CMSSW_6_2_0_SLHC12_2023Scenario_Case2/01e8787d2102816c4c34c374fc192ef2/out_reco_257_1_MNI.root
18-Jun-2014 01:38:16 CEST  Closed file file:/lustre/cms//store/user/calabria/calabria_SingleMuPt5_GEN-SIM-DIGI-RECO_CMSSW_6_2_0_SLHC12_2023Scenario_Case2/calabria_SingleMuPt5_GEN-SIM-DIGI-RECO_CMSSW_6_2_0_SLHC12_2023Scenario_Case2/01e8787d2102816c4c34c374fc192ef2/out_reco_257_1_MNI.root
18-Jun-2014 01:38:16 CEST  Initiating request to open file file:/lustre/cms//store/user/calabria/calabria_SingleMuPt5_GEN-SIM-DIGI-RECO_CMSSW_6_2_0_SLHC12_2023Scenario_Case2/calabria_SingleMuPt5_GEN-SIM-DIGI-RECO_CMSSW_6_2_0_SLHC12_2023Scenario_Case2/01e8787d2102816c4c34c374fc192ef2/out_reco_258_1_ZPr.root
18-Jun-2014 01:38:17 CEST  Successfully opened file file:/lustre/cms//store/user/calabria/calabria_SingleMuPt5_GEN-SIM-DIGI-RECO_CMSSW_6_2_0_SLHC12_2023Scenario_Case2/calabria_SingleMuPt5_GEN-SIM-DIGI-RECO_CMSSW_6_2_0_SLHC12_2023Scenario_Case2/01e8787d2102816c4c34c374fc192ef2/out_reco_258_1_ZPr.root
18-Jun-2014 01:38:42 CEST  Closed file file:/lustre/cms//store/user/calabria/calabria_SingleMuPt5_GEN-SIM-DIGI-RECO_CMSSW_6_2_0_SLHC12_2023Scenario_Case2/calabria_SingleMuPt5_GEN-SIM-DIGI-RECO_CMSSW_6_2_0_SLHC12_2023Scenario_Case2/01e8787d2102816c4c34c374fc192ef2/out_reco_258_1_ZPr.root
18-Jun-2014 01:38:42 CEST  Initiating request to open file file:/lustre/cms//store/user/calabria/calabria_SingleMuPt5_GEN-SIM-DIGI-RECO_CMSSW_6_2_0_SLHC12_2023Scenario_Case2/calabria_SingleMuPt5_GEN-SIM-DIGI-RECO_CMSSW_6_2_0_SLHC12_2023Scenario_Case2/01e8787d2102816c4c34c374fc192ef2/out_reco_259_2_LaM.root
18-Jun-2014 01:38:42 CEST  Successfully opened file file:/lustre/cms//store/user/calabria/calabria_SingleMuPt5_GEN-SIM-DIGI-RECO_CMSSW_6_2_0_SLHC12_2023Scenario_Case2/calabria_SingleMuPt5_GEN-SIM-DIGI-RECO_CMSSW_6_2_0_SLHC12_2023Scenario_Case2/01e8787d2102816c4c34c374fc192ef2/out_reco_259_2_LaM.root
18-Jun-2014 01:39:05 CEST  Closed file file:/lustre/cms//store/user/calabria/calabria_SingleMuPt5_GEN-SIM-DIGI-RECO_CMSSW_6_2_0_SLHC12_2023Scenario_Case2/calabria_SingleMuPt5_GEN-SIM-DIGI-RECO_CMSSW_6_2_0_SLHC12_2023Scenario_Case2/01e8787d2102816c4c34c374fc192ef2/out_reco_259_2_LaM.root
18-Jun-2014 01:39:05 CEST  Initiating request to open file file:/lustre/cms//store/user/calabria/calabria_SingleMuPt5_GEN-SIM-DIGI-RECO_CMSSW_6_2_0_SLHC12_2023Scenario_Case2/calabria_SingleMuPt5_GEN-SIM-DIGI-RECO_CMSSW_6_2_0_SLHC12_2023Scenario_Case2/01e8787d2102816c4c34c374fc192ef2/out_reco_260_1_vQp.root
18-Jun-2014 01:39:05 CEST  Successfully opened file file:/lustre/cms//store/user/calabria/calabria_SingleMuPt5_GEN-SIM-DIGI-RECO_CMSSW_6_2_0_SLHC12_2023Scenario_Case2/calabria_SingleMuPt5_GEN-SIM-DIGI-RECO_CMSSW_6_2_0_SLHC12_2023Scenario_Case2/01e8787d2102816c4c34c374fc192ef2/out_reco_260_1_vQp.root
18-Jun-2014 01:39:29 CEST  Closed file file:/lustre/cms//store/user/calabria/calabria_SingleMuPt5_GEN-SIM-DIGI-RECO_CMSSW_6_2_0_SLHC12_2023Scenario_Case2/calabria_SingleMuPt5_GEN-SIM-DIGI-RECO_CMSSW_6_2_0_SLHC12_2023Scenario_Case2/01e8787d2102816c4c34c374fc192ef2/out_reco_260_1_vQp.root
18-Jun-2014 01:39:29 CEST  Initiating request to open file file:/lustre/cms//store/user/calabria/calabria_SingleMuPt5_GEN-SIM-DIGI-RECO_CMSSW_6_2_0_SLHC12_2023Scenario_Case2/calabria_SingleMuPt5_GEN-SIM-DIGI-RECO_CMSSW_6_2_0_SLHC12_2023Scenario_Case2/01e8787d2102816c4c34c374fc192ef2/out_reco_262_2_PsL.root
18-Jun-2014 01:39:29 CEST  Successfully opened file file:/lustre/cms//store/user/calabria/calabria_SingleMuPt5_GEN-SIM-DIGI-RECO_CMSSW_6_2_0_SLHC12_2023Scenario_Case2/calabria_SingleMuPt5_GEN-SIM-DIGI-RECO_CMSSW_6_2_0_SLHC12_2023Scenario_Case2/01e8787d2102816c4c34c374fc192ef2/out_reco_262_2_PsL.root
18-Jun-2014 01:39:52 CEST  Closed file file:/lustre/cms//store/user/calabria/calabria_SingleMuPt5_GEN-SIM-DIGI-RECO_CMSSW_6_2_0_SLHC12_2023Scenario_Case2/calabria_SingleMuPt5_GEN-SIM-DIGI-RECO_CMSSW_6_2_0_SLHC12_2023Scenario_Case2/01e8787d2102816c4c34c374fc192ef2/out_reco_262_2_PsL.root
18-Jun-2014 01:39:52 CEST  Initiating request to open file file:/lustre/cms//store/user/calabria/calabria_SingleMuPt5_GEN-SIM-DIGI-RECO_CMSSW_6_2_0_SLHC12_2023Scenario_Case2/calabria_SingleMuPt5_GEN-SIM-DIGI-RECO_CMSSW_6_2_0_SLHC12_2023Scenario_Case2/01e8787d2102816c4c34c374fc192ef2/out_reco_265_2_kt2.root
18-Jun-2014 01:39:52 CEST  Successfully opened file file:/lustre/cms//store/user/calabria/calabria_SingleMuPt5_GEN-SIM-DIGI-RECO_CMSSW_6_2_0_SLHC12_2023Scenario_Case2/calabria_SingleMuPt5_GEN-SIM-DIGI-RECO_CMSSW_6_2_0_SLHC12_2023Scenario_Case2/01e8787d2102816c4c34c374fc192ef2/out_reco_265_2_kt2.root
18-Jun-2014 01:40:14 CEST  Closed file file:/lustre/cms//store/user/calabria/calabria_SingleMuPt5_GEN-SIM-DIGI-RECO_CMSSW_6_2_0_SLHC12_2023Scenario_Case2/calabria_SingleMuPt5_GEN-SIM-DIGI-RECO_CMSSW_6_2_0_SLHC12_2023Scenario_Case2/01e8787d2102816c4c34c374fc192ef2/out_reco_265_2_kt2.root
18-Jun-2014 01:40:14 CEST  Initiating request to open file file:/lustre/cms//store/user/calabria/calabria_SingleMuPt5_GEN-SIM-DIGI-RECO_CMSSW_6_2_0_SLHC12_2023Scenario_Case2/calabria_SingleMuPt5_GEN-SIM-DIGI-RECO_CMSSW_6_2_0_SLHC12_2023Scenario_Case2/01e8787d2102816c4c34c374fc192ef2/out_reco_266_2_NN0.root
18-Jun-2014 01:40:14 CEST  Successfully opened file file:/lustre/cms//store/user/calabria/calabria_SingleMuPt5_GEN-SIM-DIGI-RECO_CMSSW_6_2_0_SLHC12_2023Scenario_Case2/calabria_SingleMuPt5_GEN-SIM-DIGI-RECO_CMSSW_6_2_0_SLHC12_2023Scenario_Case2/01e8787d2102816c4c34c374fc192ef2/out_reco_266_2_NN0.root
18-Jun-2014 01:40:44 CEST  Closed file file:/lustre/cms//store/user/calabria/calabria_SingleMuPt5_GEN-SIM-DIGI-RECO_CMSSW_6_2_0_SLHC12_2023Scenario_Case2/calabria_SingleMuPt5_GEN-SIM-DIGI-RECO_CMSSW_6_2_0_SLHC12_2023Scenario_Case2/01e8787d2102816c4c34c374fc192ef2/out_reco_266_2_NN0.root
18-Jun-2014 01:40:44 CEST  Initiating request to open file file:/lustre/cms//store/user/calabria/calabria_SingleMuPt5_GEN-SIM-DIGI-RECO_CMSSW_6_2_0_SLHC12_2023Scenario_Case2/calabria_SingleMuPt5_GEN-SIM-DIGI-RECO_CMSSW_6_2_0_SLHC12_2023Scenario_Case2/01e8787d2102816c4c34c374fc192ef2/out_reco_267_2_MY5.root
18-Jun-2014 01:40:44 CEST  Successfully opened file file:/lustre/cms//store/user/calabria/calabria_SingleMuPt5_GEN-SIM-DIGI-RECO_CMSSW_6_2_0_SLHC12_2023Scenario_Case2/calabria_SingleMuPt5_GEN-SIM-DIGI-RECO_CMSSW_6_2_0_SLHC12_2023Scenario_Case2/01e8787d2102816c4c34c374fc192ef2/out_reco_267_2_MY5.root
18-Jun-2014 01:41:14 CEST  Closed file file:/lustre/cms//store/user/calabria/calabria_SingleMuPt5_GEN-SIM-DIGI-RECO_CMSSW_6_2_0_SLHC12_2023Scenario_Case2/calabria_SingleMuPt5_GEN-SIM-DIGI-RECO_CMSSW_6_2_0_SLHC12_2023Scenario_Case2/01e8787d2102816c4c34c374fc192ef2/out_reco_267_2_MY5.root

=============================================

MessageLogger Summary

 type     category        sev    module        subroutine        count    total
 ---- -------------------- -- ---------------- ----------------  -----    -----
    1 fileAction           -s file_close                            10       10
    2 fileAction           -s file_open                             20       20

 type    category    Examples: run/evt        run/evt          run/evt
 ---- -------------------- ---------------- ---------------- ----------------
    1 fileAction           PostProcessEvent PostProcessEvent PostEndRun
    2 fileAction           pre-events       pre-events       PostProcessEvent

Severity    # Occurrences   Total Occurrences
--------    -------------   -----------------
System                 30                  30
>>> END OF printout of 50 lines from stdout+stderr
>>> Parse FrameworkJobReport crab_fjr.xml
Result of parsing the FrameworkJobReport crab_fjr.xml: Popularity start
lumisRange : 1::::1;1::::2;1::::3;1::::4;1::::5;1::::6;1::::7;1::::8;1::::9;1::::10;
lumisParentRange : 
Basename : /store/user/calabria/calabria_SingleMuPt5_GEN-SIM-DIGI-RECO_CMSSW_6_2_0_SLHC12_2023Scenario_Case2/calabria_SingleMuPt5_GEN-SIM-DIGI-RECO_CMSSW_6_2_0_SLHC12_2023Scenario_Case2/01e8787d2102816c4c34c374fc192ef2/out_reco_2
BasenameParent : 
parentFiles : 
inputBlocks : /calabria_SingleMuPt5_GEN-SIM-DIGI-RECO_CMSSW_6_2_0_SLHC12_2023Scenario_Case2/calabria-calabria_SingleMuPt5_GEN-SIM-DIGI-RECO_CMSSW_6_2_0_SLHC12_2023Scenario_Case2-01e8787d2102816c4c34c374fc192ef2/USER#fa872e80-19b4-4996-b609-7193e7b31957
inputFiles : 66_2_NN0.root::1::EDM::Local::1;62_2_PsL.root::1::EDM::Local::2;58_1_ZPr.root::1::EDM::Local::3;56_2_Hah.root::1::EDM::Local::4;59_2_LaM.root::1::EDM::Local::5;65_2_kt2.root::1::EDM::Local::6;55_2_QyC.root::1::EDM::Local::7;60_1_vQp.root::1::EDM::Local::8;57_1_MNI.root::1::EDM::Local::9;67_2_MY5.root::1::EDM::Local::10;
Popularity stop
Extracted ExitStatus from FrameworkJobReport parsing output: 0
>>> Executable succeded  0
ExeExitCode=0
EXECUTABLE_EXIT_STATUS = 0
>>> current directory /home/cms036/home_cream_759666615/CREAM759666615/glide_ekUlf0/execute/dir_2664/CMSSW_6_2_0_SLHC12
>>>  (SOFTWARE_DIR): /home/cms036/home_cream_759666615/CREAM759666615/glide_ekUlf0/execute/dir_2664/CMSSW_6_2_0_SLHC12
>>> (WORKING_DIR): 
>>> current directory content:
total 10464
drwxr-xr-x 3 cms036 cms    4096 Jun 18 01:36 .SCRAM
-rw------- 1 cms036 cms 3740422 Jun 18 01:36 CMSSW.py.pkl
drwxr-xr-x 3 cms036 cms    4096 Jun 18 01:36 bin
drwxr-xr-x 3 cms036 cms    4096 Jun 18 01:36 cfipython
drwxr-xr-x 4 cms036 cms    4096 Jun 18 01:36 config
-rw------- 1 cms036 cms      16 Jun 18 01:41 cpu_timing.txt
drwxr-xr-x 2 cms036 cms    4096 Jun 18 01:36 doc
-rw------- 1 cms036 cms    9865 Jun 18 01:41 executable.out
drwxr-xr-x 2 cms036 cms    4096 Jun 18 01:36 include
drwx------ 3 cms036 cms    4096 Apr 28 18:12 lib
drwxr-xr-x 3 cms036 cms    4096 Jun 18 01:36 logs
drwxr-xr-x 3 cms036 cms    4096 Jun 18 01:36 objs
-rw------- 1 cms036 cms     104 Jun 18 01:36 pset.py
-rw------- 1 cms036 cms 3712294 Jun 18 01:36 pset.py.pkl
-rw------- 1 cms036 cms     289 Jun 18 01:36 pset.pyc
drwxr-xr-x 2 cms036 cms    4096 Jun 18 01:36 python
-rw------- 1 cms036 cms     407 Jun 18 01:41 report.log
drwx------ 6 cms036 cms    4096 Jun 18 01:36 src
drwxr-xr-x 3 cms036 cms    4096 Jun 18 01:36 test
drwxr-xr-x 3 cms036 cms    4096 Jun 18 01:36 tmp
-rw------- 1 cms036 cms 3161117 Jun 18 01:41 validationEDM.root
>>> current directory /home/cms036/home_cream_759666615/CREAM759666615/glide_ekUlf0/execute/dir_2664/CMSSW_6_2_0_SLHC12
>>> (SOFTWARE_DIR): /home/cms036/home_cream_759666615/CREAM759666615/glide_ekUlf0/execute/dir_2664/CMSSW_6_2_0_SLHC12
>>> (WORKING_DIR): 
>>> current directory content:
total 10464
drwxr-xr-x 3 cms036 cms    4096 Jun 18 01:36 .SCRAM
-rw------- 1 cms036 cms 3740422 Jun 18 01:36 CMSSW.py.pkl
drwxr-xr-x 3 cms036 cms    4096 Jun 18 01:36 bin
drwxr-xr-x 3 cms036 cms    4096 Jun 18 01:36 cfipython
drwxr-xr-x 4 cms036 cms    4096 Jun 18 01:36 config
-rw------- 1 cms036 cms      16 Jun 18 01:41 cpu_timing.txt
drwxr-xr-x 2 cms036 cms    4096 Jun 18 01:36 doc
-rw------- 1 cms036 cms    9865 Jun 18 01:41 executable.out
drwxr-xr-x 2 cms036 cms    4096 Jun 18 01:36 include
drwx------ 3 cms036 cms    4096 Apr 28 18:12 lib
drwxr-xr-x 3 cms036 cms    4096 Jun 18 01:36 logs
drwxr-xr-x 3 cms036 cms    4096 Jun 18 01:36 objs
-rw------- 1 cms036 cms     104 Jun 18 01:36 pset.py
-rw------- 1 cms036 cms 3712294 Jun 18 01:36 pset.py.pkl
-rw------- 1 cms036 cms     289 Jun 18 01:36 pset.pyc
drwxr-xr-x 2 cms036 cms    4096 Jun 18 01:36 python
-rw------- 1 cms036 cms     407 Jun 18 01:41 report.log
drwx------ 6 cms036 cms    4096 Jun 18 01:36 src
drwxr-xr-x 3 cms036 cms    4096 Jun 18 01:36 test
drwxr-xr-x 3 cms036 cms    4096 Jun 18 01:36 tmp
-rw------- 1 cms036 cms 3161117 Jun 18 01:41 validationEDM_17_1_mAb.root
>>> current directory (RUNTIME_AREA):  /home/cms036/home_cream_759666615/CREAM759666615/glide_ekUlf0/execute/dir_2664
SE = storm-se-01.ba.infn.it
SE_PATH = /srm/managerv2?SFN=//cms/store/user/calabria/calabria_SingleMuPt5_GEN-SIM-DIGI-RECO_CMSSW_6_2_0_SLHC12_2023Scenario_Case2/calabria_MuMinus5_GEN-SIM-DIGI-RECO_CMSSW_6_2_0_SLHC12_2023Scenario_VALNOPU2_Case2/5854dd31cbd3cdec44c48628cc181cf0/
LFNBaseName = /store/user/calabria/calabria_SingleMuPt5_GEN-SIM-DIGI-RECO_CMSSW_6_2_0_SLHC12_2023Scenario_Case2/calabria_MuMinus5_GEN-SIM-DIGI-RECO_CMSSW_6_2_0_SLHC12_2023Scenario_VALNOPU2_Case2/5854dd31cbd3cdec44c48628cc181cf0/
USER = calabria
endpoint = srm://storm-se-01.ba.infn.it:8444/srm/managerv2?SFN=//cms/store/user/calabria/calabria_SingleMuPt5_GEN-SIM-DIGI-RECO_CMSSW_6_2_0_SLHC12_2023Scenario_Case2/calabria_MuMinus5_GEN-SIM-DIGI-RECO_CMSSW_6_2_0_SLHC12_2023Scenario_VALNOPU2_Case2/5854dd31cbd3cdec44c48628cc181cf0/
>>> Copy output files from WN = pccms149.ba.infn.it to /srm/managerv2?SFN=//cms/store/user/calabria/calabria_SingleMuPt5_GEN-SIM-DIGI-RECO_CMSSW_6_2_0_SLHC12_2023Scenario_Case2/calabria_MuMinus5_GEN-SIM-DIGI-RECO_CMSSW_6_2_0_SLHC12_2023Scenario_VALNOPU2_Case2/5854dd31cbd3cdec44c48628cc181cf0/ :
python cmscp.py  --destination srm://storm-se-01.ba.infn.it:8444/srm/managerv2?SFN=//cms/store/user/calabria/calabria_SingleMuPt5_GEN-SIM-DIGI-RECO_CMSSW_6_2_0_SLHC12_2023Scenario_Case2/calabria_MuMinus5_GEN-SIM-DIGI-RECO_CMSSW_6_2_0_SLHC12_2023Scenario_VALNOPU2_Case2/5854dd31cbd3cdec44c48628cc181cf0/ --inputFileList /home/cms036/home_cream_759666615/CREAM759666615/glide_ekUlf0/execute/dir_2664/CMSSW_6_2_0_SLHC12/validationEDM_17_1_mAb.root --middleware LCG --se_name storm-se-01.ba.infn.it --for_lfn /store/user/calabria/calabria_SingleMuPt5_GEN-SIM-DIGI-RECO_CMSSW_6_2_0_SLHC12_2023Scenario_Case2/calabria_MuMinus5_GEN-SIM-DIGI-RECO_CMSSW_6_2_0_SLHC12_2023Scenario_VALNOPU2_Case2/5854dd31cbd3cdec44c48628cc181cf0/    
******************************************************
localSeName  =  storm-se-01.ba.infn.it
remoteSeName =  storm-se-01.ba.infn.it
******************************************************
{"/home/cms036/home_cream_759666615/CREAM759666615/glide_ekUlf0/execute/dir_2664/CMSSW_6_2_0_SLHC12/validationEDM_17_1_mAb.root": {"endpoint": "srm://storm-se-01.ba.infn.it:8444/srm/managerv2?SFN=//cms/store/user/calabria/calabria_SingleMuPt5_GEN-SIM-DIGI-RECO_CMSSW_6_2_0_SLHC12_2023Scenario_Case2/calabria_MuMinus5_GEN-SIM-DIGI-RECO_CMSSW_6_2_0_SLHC12_2023Scenario_VALNOPU2_Case2/5854dd31cbd3cdec44c48628cc181cf0/", "surl_for_grid": "", "reason": "Copy succedeed with srm-lcg utils", "erCode": "0", "se_name": "storm-se-01.ba.infn.it", "for_lfn": "/store/user/calabria/calabria_SingleMuPt5_GEN-SIM-DIGI-RECO_CMSSW_6_2_0_SLHC12_2023Scenario_Case2/calabria_MuMinus5_GEN-SIM-DIGI-RECO_CMSSW_6_2_0_SLHC12_2023Scenario_VALNOPU2_Case2/5854dd31cbd3cdec44c48628cc181cf0/"}}/home/cms036/home_cream_759666615/CREAM759666615/glide_ekUlf0/execute/dir_2664
-------- cat /home/cms036/home_cream_759666615/CREAM759666615/glide_ekUlf0/execute/dir_2664/cmscpReport.sh 
#!/bin/bash
echo "Report for File: /home/cms036/home_cream_759666615/CREAM759666615/glide_ekUlf0/execute/dir_2664/CMSSW_6_2_0_SLHC12/validationEDM_17_1_mAb.root"
echo "LFN: /store/user/calabria/calabria_SingleMuPt5_GEN-SIM-DIGI-RECO_CMSSW_6_2_0_SLHC12_2023Scenario_Case2/calabria_MuMinus5_GEN-SIM-DIGI-RECO_CMSSW_6_2_0_SLHC12_2023Scenario_VALNOPU2_Case2/5854dd31cbd3cdec44c48628cc181cf0/validationEDM_17_1_mAb.root"
echo "StorageElement: storm-se-01.ba.infn.it"
echo "StageOutExitStatusReason = 'Copy succedeed with srm-lcg utils'" | tee -a $RUNTIME_AREA/$repo
echo "StageOutSE = storm-se-01.ba.infn.it" >> $RUNTIME_AREA/$repo

export StageOutExitStatus=0
echo "StageOutExitStatus = 0" | tee -a $RUNTIME_AREA/$repo
-------- end of /home/cms036/home_cream_759666615/CREAM759666615/glide_ekUlf0/execute/dir_2664/cmscpReport.sh 
Report for File: /home/cms036/home_cream_759666615/CREAM759666615/glide_ekUlf0/execute/dir_2664/CMSSW_6_2_0_SLHC12/validationEDM_17_1_mAb.root
LFN: /store/user/calabria/calabria_SingleMuPt5_GEN-SIM-DIGI-RECO_CMSSW_6_2_0_SLHC12_2023Scenario_Case2/calabria_MuMinus5_GEN-SIM-DIGI-RECO_CMSSW_6_2_0_SLHC12_2023Scenario_VALNOPU2_Case2/5854dd31cbd3cdec44c48628cc181cf0/validationEDM_17_1_mAb.root
StorageElement: storm-se-01.ba.infn.it
StageOutExitStatusReason = 'Copy succedeed with srm-lcg utils'
StageOutExitStatus = 0
>>> current dir: /home/cms036/home_cream_759666615/CREAM759666615/glide_ekUlf0/execute/dir_2664
>>> current dir content:
total 28076
-rw-------  1 cms036 cms     2770 Jun 18 01:42 .SEinteraction.log
-rwx------  1 cms036 cms     6802 Jun 18 01:36 .job.ad
-rwx------  1 cms036 cms     9436 Jun 18 01:36 .machine.ad
-rw-------  1 cms036 cms      105 Jun 16 20:41 CMSSW.py
-rw-------  1 cms036 cms  3740422 Jun 16 20:41 CMSSW.py.pkl
-rwx------  1 cms036 cms    29543 Jun 18 01:36 CMSSW.sh
drwxr-xr-x 15 cms036 cms     4096 Jun 18 01:41 CMSSW_6_2_0_SLHC12
-rw-------  1 cms036 cms      219 Jun 18 01:36 CacheEnv.sh
-rw-------  1 cms036 cms     7291 Apr  4 11:04 DashboardAPI.py
-rw-------  1 cms036 cms     6800 Jun 18 01:36 DashboardAPI.pyc
drwx------  2 cms036 cms     4096 Jun 18 01:41 IMProv
-rw-------  1 cms036 cms     2748 Apr  4 11:04 Logger.py
-rw-------  1 cms036 cms     3342 Jun 18 01:36 Logger.pyc
-rw-------  1 cms036 cms    24524 Apr  4 11:04 ProcInfo.py
-rw-------  1 cms036 cms    23173 Jun 18 01:36 ProcInfo.pyc
drwx------  7 cms036 cms     4096 Jun 18 01:36 ProdCommon
drwx------  3 cms036 cms     4096 Jun 18 01:36 WMCore
-rw-------  1 cms036 cms     1924 Jun 18 01:41 Watchdog_17.log
-rwx------  1 cms036 cms        0 Jun 18 01:36 _condor_stderr
-rwx---r--  1 cms036 cms    29277 Jun 18 01:42 _condor_stdout
-rw-------  1 cms036 cms    32895 Apr  4 11:04 apmon.py
-rw-------  1 cms036 cms    28596 Jun 18 01:36 apmon.pyc
-rwx------  1 cms036 cms    53046 Jun 18 01:36 arguments.xml
-rwx------  1 cms036 cms    38515 Apr  4 11:04 cmscp.py
-rw-------  1 cms036 cms      715 Jun 18 01:42 cmscpReport.sh
-rwx------  1 cms036 cms    29543 Jun 18 01:36 condor_exec.exe
-rw-------  1 cms036 cms      953 Jun 16 20:41 crab.cfg
-rwx------  1 cms036 cms     8610 Apr  4 11:04 crabWatchdog.sh
-rwx---r--  1 cms036 cms   523196 Jun 18 01:41 crab_fjr_17.xml
-rwx------  1 cms036 cms 23960084 Jun 18 01:36 default.tgz
-rwx------  1 cms036 cms     4488 Apr  4 11:04 fillCrabFjr.py
-rw-------  1 cms036 cms     2607 Jun 18 01:36 inputsReport.txt
-rw-------  1 cms036 cms      260 Jun 18 01:42 jobreport.txt
-rw-------  1 cms036 cms    17352 Apr  4 11:04 parseCrabFjr.py
-rw-------  1 cms036 cms      329 Jun 18 01:36 report.log
-rwx--x--x  1 cms036 cms     1497 Apr  4 11:04 report.py
-rw-------  1 cms036 cms      767 Jun 18 01:42 resultCopyFile
lrwxrwxrwx  1 cms036 cms      125 Jun 18 01:41 validationEDM.root -> /home/cms036/home_cream_759666615/CREAM759666615/glide_ekUlf0/execute/dir_2664/CMSSW_6_2_0_SLHC12/validationEDM_17_1_mAb.root
-rwx------  1 cms036 cms     8387 Apr  4 11:04 writeCfg.py
-rw-------  1 cms036 cms     8010 Jun 18 01:36 x509up_u50707
>>> Modify Job Report:
CMSSW_VERSION = CMSSW_6_2_0_SLHC12
ProcessedDataset = calabria_MuMinus5_GEN-SIM-DIGI-RECO_CMSSW_6_2_0_SLHC12_2023Scenario_VALNOPU2_Case2
/home/cms036/home_cream_759666615/CREAM759666615/glide_ekUlf0/execute/dir_2664/ProdCommon/FwkJobRep/ModifyJobReport.py fjr /home/cms036/home_cream_759666615/CREAM759666615/glide_ekUlf0/execute/dir_2664/crab_fjr_17.xml json /home/cms036/home_cream_759666615/CREAM759666615/glide_ekUlf0/execute/dir_2664/resultCopyFile n_job 17_1_mAb PrimaryDataset calabria_SingleMuPt5_GEN-SIM-DIGI-RECO_CMSSW_6_2_0_SLHC12_2023Scenario_Case2  ApplicationFamily cmsRun ApplicationName cmsRun cmssw_version CMSSW_6_2_0_SLHC12 psethash 5854dd31cbd3cdec44c48628cc181cf0 UserProcessedDataset calabria-calabria_MuMinus5_GEN-SIM-DIGI-RECO_CMSSW_6_2_0_SLHC12_2023Scenario_VALNOPU2_Case2-5854dd31cbd3cdec44c48628cc181cf0
inputDict =  {u'/home/cms036/home_cream_759666615/CREAM759666615/glide_ekUlf0/execute/dir_2664/CMSSW_6_2_0_SLHC12/validationEDM_17_1_mAb.root': {u'endpoint': u'srm://storm-se-01.ba.infn.it:8444/srm/managerv2?SFN=//cms/store/user/calabria/calabria_SingleMuPt5_GEN-SIM-DIGI-RECO_CMSSW_6_2_0_SLHC12_2023Scenario_Case2/calabria_MuMinus5_GEN-SIM-DIGI-RECO_CMSSW_6_2_0_SLHC12_2023Scenario_VALNOPU2_Case2/5854dd31cbd3cdec44c48628cc181cf0/', u'surl_for_grid': u'', u'reason': u'Copy succedeed with srm-lcg utils', u'erCode': u'0', u'se_name': u'storm-se-01.ba.infn.it', u'for_lfn': u'/store/user/calabria/calabria_SingleMuPt5_GEN-SIM-DIGI-RECO_CMSSW_6_2_0_SLHC12_2023Scenario_Case2/calabria_MuMinus5_GEN-SIM-DIGI-RECO_CMSSW_6_2_0_SLHC12_2023Scenario_VALNOPU2_Case2/5854dd31cbd3cdec44c48628cc181cf0/'}}
UserProcessedDataset =  calabria-calabria_MuMinus5_GEN-SIM-DIGI-RECO_CMSSW_6_2_0_SLHC12_2023Scenario_VALNOPU2_Case2-5854dd31cbd3cdec44c48628cc181cf0
file_name in inputDict =  /home/cms036/home_cream_759666615/CREAM759666615/glide_ekUlf0/execute/dir_2664/CMSSW_6_2_0_SLHC12/validationEDM_17_1_mAb.root
(size) os.stat(filename)[6] =  3161117
checksum =  1716501315
    file =  validationEDM_17_1_mAb.root
    newPfn =  srm://storm-se-01.ba.infn.it:8444/srm/managerv2?SFN=//cms/store/user/calabria/calabria_SingleMuPt5_GEN-SIM-DIGI-RECO_CMSSW_6_2_0_SLHC12_2023Scenario_Case2/calabria_MuMinus5_GEN-SIM-DIGI-RECO_CMSSW_6_2_0_SLHC12_2023Scenario_VALNOPU2_Case2/5854dd31cbd3cdec44c48628cc181cf0/validationEDM_17_1_mAb.root
    newLfn =  /store/user/calabria/calabria_SingleMuPt5_GEN-SIM-DIGI-RECO_CMSSW_6_2_0_SLHC12_2023Scenario_Case2/calabria_MuMinus5_GEN-SIM-DIGI-RECO_CMSSW_6_2_0_SLHC12_2023Scenario_VALNOPU2_Case2/5854dd31cbd3cdec44c48628cc181cf0/validationEDM_17_1_mAb.root
>>> crab_fjr_*.xml  permission set to 0704
CrabWrapper EXIT_FUNC entered at Wed Jun 18 01:42:09 CEST 2014   -  Tue Jun 17 23:42:09 UTC 2014
Checking output files:  
will tar file crab_fjr_17.xml in  out_files_17
WARNING: output file CMSSW_17.stdout not found!
WARNING: output file CMSSW_17.stderr not found!
WARNING: output file Watchdog_17.log.gz not found!
>>> padding time: Sleeping the wrapper for 253 seconds
STOPPING WATCHDOG. CrabWatchdog PID is 3795
********** LAST 50 LINES OF WATCHDOG LOG
# RESOURCE USAGE SUMMARY FOR PROCESS ID  3210
USER       PID %CPU %MEM    VSZ   RSS TTY      STAT START   TIME COMMAND
cms036    3210  0.3  0.0   9496  1596 ?        S    01:36   0:00 /bin/sh /home/cms036/home_cream_759666615/CREAM759666615/glide_ekUlf0/execute/dir_2664/condor_exec.exe 17 1
 
# LIMITS USED BY CRAB WATCHDOG:
# RSS  (KBytes)   : 2300000
# VSZ  (KBytes)   : 100000000
# DISK (MBytes)   : 19000
# CPU TIME        : 720h:0m:0s
# WALL CLOCK TIME : 21h:50m:0s
 
# FOLLOWING PRINTOUT TRACKS MAXIMUM VALUES OF RESOURCES USE
# ONE LINE IS PRINTED EACH TIME A MAXIMUM CHANGES
# IF CHANGE WAS IN RSS OR VSZ ALSO PROCID AND COMMAND ARE PRINTED
# THERE IS NO PRINTOUT FOR CPU/WALL TIME INCREASE
 
# TIME			PID	RSS(KB)	VSZ(KB)	Dsk(MB)	tCPU(s)	tWALL(s)	COMMAND
 Jun 18 01:36:27 CEST	2664	8416	93608	0	0	0	condor_starter -f submit-6.t2.ucsd.edu        
 Jun 18 01:36:27 CEST	3807	9760	93608	0	0	0	edmConfigHash pset.py         
 Jun 18 01:36:27 CEST	5744	9760	106092	0	0	0	sh -c "./glidein_startup.sh" -v std -name v3_0 -entry CDF_IT_Bari_ce2 -clientname UCSD-v1_0.main
 Jun 18 01:36:27 CEST	5758	9760	106492	0	0	0	/bin/bash ./glidein_startup.sh -v std -name v3_0 -entry CDF_IT_Bari_ce2 -clientname UCSD-v1_0.main -schedd
 Jun 18 01:36:27 CEST	---	9760	106492	171	----	----	----
 Jun 18 01:37:28 CEST	4340	657448	939096	171	32	61	cmsRun -j /home/cms036/home_cream_759666615/CREAM759666615/glide_ekUlf0/execute/dir_2664/crab_fjr_17.xml -p pset.py      
 Jun 18 01:37:28 CEST	---	657448	939096	175	----	----	----
 Jun 18 01:38:28 CEST	4340	705856	1011880	175	72	122	cmsRun -j /home/cms036/home_cream_759666615/CREAM759666615/glide_ekUlf0/execute/dir_2664/crab_fjr_17.xml -p pset.py      
 Jun 18 01:40:30 CEST	4340	725408	1033364	175	159	243	cmsRun -j /home/cms036/home_cream_759666615/CREAM759666615/glide_ekUlf0/execute/dir_2664/crab_fjr_17.xml -p pset.py      
 Jun 18 01:41:31 CEST	---	725408	1033364	178	----	----	----
 Jun 18 01:42:31 CEST	---	725408	1033364	179	----	----	----
********** WATCHDOG LOG ENDED
ZIPPING WATCHDOG LOG
Disk space used:
du -sh /home/cms036/home_cream_759666615/CREAM759666615/glide_ekUlf0/execute/dir_2664
179M	/home/cms036/home_cream_759666615/CREAM759666615/glide_ekUlf0/execute/dir_2664
Found unusual stdout, rename for OSB
`/home/cms036/home_cream_759666615/CREAM759666615/glide_ekUlf0/execute/dir_2664/_condor_stdout' -> `CMSSW_17.stdout'
Found unusual stderr, rename for OSB
`/home/cms036/home_cream_759666615/CREAM759666615/glide_ekUlf0/execute/dir_2664/_condor_stdout' -> `CMSSW_17.stderr'
crab_fjr_17.xml
CMSSW_17.stdout
CMSSW_17.stderr
Watchdog_17.log.gz
Total Output dimension: 69442
WARNING: output files size limit is set to: 50000000
Total Output dimension 69442 is fine.
JOB_EXIT_STATUS = 0
>>> info for dashboard:
***** Cat /home/cms036/home_cream_759666615/CREAM759666615/glide_ekUlf0/execute/dir_2664/jobreport.txt *****
MonitorJobID=17_https://submit-6.t2.ucsd.edu//140616//168559.16
MonitorID=calabria_MuMinus5_Case2_ReReco_89whx7
ExeTime=271
ExeExitCode=0
StageOutExitStatusReason = 'Copy succedeed with srm-lcg utils'
StageOutSE = storm-se-01.ba.infn.it
StageOutExitStatus = 0
CrabUserCpuTime=182.84
CrabSysCpuTime=9.82
CrabCpuPercentage=70%
CrabWrapperTime=600
CrabStageoutTime=49
JobExitCode=0
***** End Cat jobreport *****
Parameters sent to Dashboard.
EXITING at Wed Jun 18 01:46:27 CEST 2014  -  Tue Jun 17 23:46:27 UTC 2014
