This script was generated by crab (version 2.10.5_patch1).
Running /home/cms015/home_cream_846270356/CREAM846270356/glide_caSIrP/execute/dir_7950/condor_exec.exe with 2 positional parameters: 2 1
Today is Wed Jun 18 01:33:43 CEST 2014 - Tue Jun 17 23:33:43 UTC 2014
Job submitted on host pccms121.ba.infn.it
Linux pccms121.ba.infn.it 2.6.32-358.23.2.el6.x86_64 #1 SMP Thu Oct 17 10:27:22 CEST 2013 x86_64 x86_64 x86_64 GNU/Linux
>>> current directory (RUNTIME_AREA): /home/cms015/home_cream_846270356/CREAM846270356/glide_caSIrP/execute/dir_7950
>>> current user: uid=11815(cms015) gid=1399(cms) groups=1399(cms)
>>> directory permission set to 0700
>>> umask set to:  u=rwx,g=,o=
>>> stdout stderr permission set to 0704
>>> voms proxy information:
subject   : /C=IT/O=INFN/OU=Personal Certificate/L=Bari/CN=Cesare Calabria/CN=477126703/CN=1316015629
issuer    : /C=IT/O=INFN/OU=Personal Certificate/L=Bari/CN=Cesare Calabria/CN=477126703
identity  : /C=IT/O=INFN/OU=Personal Certificate/L=Bari/CN=Cesare Calabria
type      : RFC3820 compliant limited proxy
strength  : 1024
path      : /home/cms015/home_cream_846270356/CREAM846270356/glide_caSIrP/execute/dir_7950/x509up_u50707
timeleft  : 23:59:51
key usage : Digital Signature, Key Encipherment, Data Encipherment
=== VO cms extension information ===
VO        : cms
subject   : /C=IT/O=INFN/OU=Personal Certificate/L=Bari/CN=Cesare Calabria
issuer    : /DC=ch/DC=cern/OU=computers/CN=voms.cern.ch
attribute : /cms/Role=NULL/Capability=NULL
attribute : /cms/itcms/Role=NULL/Capability=NULL
timeleft  : 153:50:36
uri       : voms.cern.ch:15002

WNHostName=pccms121.ba.infn.it
>>> tar --no-same-permissions -xf /home/cms015/home_cream_846270356/CREAM846270356/glide_caSIrP/execute/dir_7950/default.tgz :
Successful untar
>>> Include /home/cms015/home_cream_846270356/CREAM846270356/glide_caSIrP/execute/dir_7950 in PYTHONPATH:
strip arguments
env var CRAB_UNIQUE_JOB_ID set to: calabria_MuMinus5_Case2_ReReco_89whx7_2_1_Ef0
out_files_2
>>> list of expected files on output sandbox
output files: crab_fjr_2.xml CMSSW_2.stdout CMSSW_2.stderr Watchdog_2.log.gz
>>> GridFlavour discovery: 
GridFlavour=LCG
>>> SyncSite discovery: 
SyncSite=T2_IT_Bari
>>> SyncCE discovery: 
getting SyncCE from CE_ID
SyncCE=cream-ce-2.ba.infn.it:8443/cream-pbs-cms
>>> info for dashboard:
***** Cat /home/cms015/home_cream_846270356/CREAM846270356/glide_caSIrP/execute/dir_7950/jobreport.txt *****
WNHostName=pccms121.ba.infn.it
MonitorJobID=2_https://submit-6.t2.ucsd.edu//140616//168559.1
SyncGridJobId=https://submit-6.t2.ucsd.edu//140616//168559.1
MonitorID=calabria_MuMinus5_Case2_ReReco_89whx7
GridFlavour=LCG
SyncSite=T2_IT_Bari
SyncCE=cream-ce-2.ba.infn.it:8443/cream-pbs-cms
***** End Cat jobreport *****
Parameters sent to Dashboard.
>>> setup environment
set SCRAM ARCH to slc5_amd64_gcc472
SCRAM_ARCH = slc5_amd64_gcc472
>>> setup CMS LCG environment:
set SCRAM ARCH and BUILD_ARCH to slc5_amd64_gcc472 ###
Sourcing environment... 
sourcing /cvmfs/cms.cern.ch/cmsset_default.sh
==> setup cms environment ok
>>> specific cmssw setup environment:
CMSSW_VERSION =  CMSSW_6_2_0_SLHC12
>>> current directory (SOFTWARE_DIR): /home/cms015/home_cream_846270356/CREAM846270356/glide_caSIrP/execute/dir_7950/CMSSW_6_2_0_SLHC12
PreserveSeeds: <>
IncrementSeeds:<>
>>> info for dashboard:
***** Cat /home/cms015/home_cream_846270356/CREAM846270356/glide_caSIrP/execute/dir_7950/jobreport.txt *****
MonitorJobID=2_https://submit-6.t2.ucsd.edu//140616//168559.1
MonitorID=calabria_MuMinus5_Case2_ReReco_89whx7
***** End Cat jobreport *****
Parameters sent to Dashboard.
crabWatchdog started as process 8255
>>> moving CMSSW software directories in /home/cms015/home_cream_846270356/CREAM846270356/glide_caSIrP/execute/dir_7950/CMSSW_6_2_0_SLHC12
mv: cannot stat `/home/cms015/home_cream_846270356/CREAM846270356/glide_caSIrP/execute/dir_7950/module/': No such file or directory
>>> Include /home/cms015/home_cream_846270356/CREAM846270356/glide_caSIrP/execute/dir_7950 in PYTHONPATH:
PYTHONPATH=/home/cms015/home_cream_846270356/CREAM846270356/glide_caSIrP/execute/dir_7950/:/home/cms015/home_cream_846270356/CREAM846270356/glide_caSIrP/execute/dir_7950/CMSSW_6_2_0_SLHC12/python:/home/cms015/home_cream_846270356/CREAM846270356/glide_caSIrP/execute/dir_7950/CMSSW_6_2_0_SLHC12/lib/slc5_amd64_gcc472:/cvmfs/cms.cern.ch/slc5_amd64_gcc472/cms/cmssw/CMSSW_6_2_0_SLHC12/python:/cvmfs/cms.cern.ch/slc5_amd64_gcc472/cms/cmssw/CMSSW_6_2_0_SLHC12/lib/slc5_amd64_gcc472:/cvmfs/cms.cern.ch/slc5_amd64_gcc472/cms/coral/CORAL_2_3_21-cms36/slc5_amd64_gcc472/python:/cvmfs/cms.cern.ch/slc5_amd64_gcc472/cms/coral/CORAL_2_3_21-cms36/slc5_amd64_gcc472/lib:/cvmfs/cms.cern.ch/slc5_amd64_gcc472/external/pyqt/4.8.1-cms6/lib/python2.7/site-packages:/cvmfs/cms.cern.ch/slc5_amd64_gcc472/external/py2-scipy/0.8.0-cms8/lib/python2.7/site-packages:/cvmfs/cms.cern.ch/slc5_amd64_gcc472/external/py2-matplotlib/1.0.1-cms8/lib/python2.7/site-packages:/cvmfs/cms.cern.ch/slc5_amd64_gcc472/external/python-ldap/2.3.5-cms6/lib/python2.7/site-packages:/cvmfs/cms.cern.ch/slc5_amd64_gcc472/external/sip/4.11.2-cms6/lib/python2.7/site-packages:/cvmfs/cms.cern.ch/slc5_amd64_gcc472/external/py2-pycurl/7.19.0-cms8/lib/python2.7/site-packages:/cvmfs/cms.cern.ch/slc5_amd64_gcc472/external/py2-numpy/1.6.1-cms8/lib/python2.7/site-packages:/cvmfs/cms.cern.ch/slc5_amd64_gcc472/external/py2-lint/0.25.1-cms6/lib/python2.7/site-packages:/cvmfs/cms.cern.ch/slc5_amd64_gcc472/external/py2-ipython/0.10-cms6/lib/python2.7/site-packages:/cvmfs/cms.cern.ch/slc5_amd64_gcc472/external/py2-cx-oracle/5.1-cms7/lib/python2.7/site-packages:/cvmfs/cms.cern.ch/slc5_amd64_gcc472/external/py2-cjson/1.0.5-cms6/lib/python2.7/site-packages:/cvmfs/cms.cern.ch/slc5_amd64_gcc472/cms/das-client/1.11.7/bin:/cvmfs/cms.cern.ch/slc5_amd64_gcc472/external/elementtree/1.2.6-cms6/share/lib/python2.7/site-packages:/cvmfs/cms.cern.ch/slc5_amd64_gcc472/external/rivet/1.8.2-cms8/lib/python2.7/site-packages:/cvmfs/cms.cern.ch/slc5_amd64_gcc472/external/pyminuit2/0.0.1-cms19/lib/python2.7/site-packages:/cvmfs/cms.cern.ch/slc5_amd64_gcc472/external/py2-pygithub/1.23.0/lib/python2.7/site-packages:/cvmfs/cms.cern.ch/slc5_amd64_gcc472/external/professor/1.0.0-cms19/lib/python2.7/site-packages:/cvmfs/cms.cern.ch/slc5_amd64_gcc472/lcg/root/5.34.07-cms/lib:/cvmfs/cms.cern.ch/slc5_amd64_gcc472/cms/dbs-client/DBS_2_1_9-cms5/lib:/cvmfs/cms.cern.ch/slc5_amd64_gcc472/cms/dbs-client/DBS_2_1_9-cms5/lib/DBSAPI:/cvmfs/cms.cern.ch/slc5_amd64_gcc472/external/cvs2git/5419-cms/lib:/home/cms015/home_cream_846270356/CREAM846270356/glide_caSIrP/execute/dir_7950/
 
# LIMITS USED BY CRAB WATCHDOG:
# RSS  (KBytes)   : 2300000
# VSZ  (KBytes)   : 100000000
# DISK (MBytes)   : 19000
# CPU TIME        : 720h:0m:0s
# WALL CLOCK TIME : 21h:50m:0s
 
5854dd31cbd3cdec44c48628cc181cf0
PSETHASH = 5854dd31cbd3cdec44c48628cc181cf0
/home/cms015/home_cream_846270356/CREAM846270356/glide_caSIrP/execute/dir_7950/writeCfg.py pset.py pset.py
Importing .py file
Setting parameters
RandomNumberGeneratorService found, will attempt to change seeds
inputBlocks=/calabria_SingleMuPt5_GEN-SIM-DIGI-RECO_CMSSW_6_2_0_SLHC12_2023Scenario_Case2/calabria-calabria_SingleMuPt5_GEN-SIM-DIGI-RECO_CMSSW_6_2_0_SLHC12_2023Scenario_Case2-01e8787d2102816c4c34c374fc192ef2/USER#fa872e80-19b4-4996-b609-7193e7b31957
inputFiles=/store/user/calabria/calabria_SingleMuPt5_GEN-SIM-DIGI-RECO_CMSSW_6_2_0_SLHC12_2023Scenario_Case2/calabria_SingleMuPt5_GEN-SIM-DIGI-RECO_CMSSW_6_2_0_SLHC12_2023Scenario_Case2/01e8787d2102816c4c34c374fc192ef2/out_reco_100_2_7tF.root;/store/user/calabria/calabria_SingleMuPt5_GEN-SIM-DIGI-RECO_CMSSW_6_2_0_SLHC12_2023Scenario_Case2/calabria_SingleMuPt5_GEN-SIM-DIGI-RECO_CMSSW_6_2_0_SLHC12_2023Scenario_Case2/01e8787d2102816c4c34c374fc192ef2/out_reco_101_2_PNO.root;/store/user/calabria/calabria_SingleMuPt5_GEN-SIM-DIGI-RECO_CMSSW_6_2_0_SLHC12_2023Scenario_Case2/calabria_SingleMuPt5_GEN-SIM-DIGI-RECO_CMSSW_6_2_0_SLHC12_2023Scenario_Case2/01e8787d2102816c4c34c374fc192ef2/out_reco_102_2_sLj.root;/store/user/calabria/calabria_SingleMuPt5_GEN-SIM-DIGI-RECO_CMSSW_6_2_0_SLHC12_2023Scenario_Case2/calabria_SingleMuPt5_GEN-SIM-DIGI-RECO_CMSSW_6_2_0_SLHC12_2023Scenario_Case2/01e8787d2102816c4c34c374fc192ef2/out_reco_103_2_iWA.root;/store/user/calabria/calabria_SingleMuPt5_GEN-SIM-DIGI-RECO_CMSSW_6_2_0_SLHC12_2023Scenario_Case2/calabria_SingleMuPt5_GEN-SIM-DIGI-RECO_CMSSW_6_2_0_SLHC12_2023Scenario_Case2/01e8787d2102816c4c34c374fc192ef2/out_reco_104_2_4FV.root;/store/user/calabria/calabria_SingleMuPt5_GEN-SIM-DIGI-RECO_CMSSW_6_2_0_SLHC12_2023Scenario_Case2/calabria_SingleMuPt5_GEN-SIM-DIGI-RECO_CMSSW_6_2_0_SLHC12_2023Scenario_Case2/01e8787d2102816c4c34c374fc192ef2/out_reco_105_2_f7X.root;/store/user/calabria/calabria_SingleMuPt5_GEN-SIM-DIGI-RECO_CMSSW_6_2_0_SLHC12_2023Scenario_Case2/calabria_SingleMuPt5_GEN-SIM-DIGI-RECO_CMSSW_6_2_0_SLHC12_2023Scenario_Case2/01e8787d2102816c4c34c374fc192ef2/out_reco_106_2_z4z.root;/store/user/calabria/calabria_SingleMuPt5_GEN-SIM-DIGI-RECO_CMSSW_6_2_0_SLHC12_2023Scenario_Case2/calabria_SingleMuPt5_GEN-SIM-DIGI-RECO_CMSSW_6_2_0_SLHC12_2023Scenario_Case2/01e8787d2102816c4c34c374fc192ef2/out_reco_107_1_fJs.root;/store/user/calabria/calabria_SingleMuPt5_GEN-SIM-DIGI-RECO_CMSSW_6_2_0_SLHC12_2023Scenario_Case2/calabria_SingleMuPt5_GEN-SIM-DIGI-RECO_CMSSW_6_2_0_SLHC12_2023Scenario_Case2/01e8787d2102816c4c34c374fc192ef2/out_reco_108_2_Cgq.root;/store/user/calabria/calabria_SingleMuPt5_GEN-SIM-DIGI-RECO_CMSSW_6_2_0_SLHC12_2023Scenario_Case2/calabria_SingleMuPt5_GEN-SIM-DIGI-RECO_CMSSW_6_2_0_SLHC12_2023Scenario_Case2/01e8787d2102816c4c34c374fc192ef2/out_reco_109_2_ZaW.root
parentFiles=
lumisRange=
>>> Executable cmsRun
/cvmfs/cms.cern.ch/slc5_amd64_gcc472/cms/cmssw/CMSSW_6_2_0_SLHC12/bin/slc5_amd64_gcc472/cmsRun
ok executable found
>>> info for dashboard:
***** Cat /home/cms015/home_cream_846270356/CREAM846270356/glide_caSIrP/execute/dir_7950/jobreport.txt *****
MonitorJobID=2_https://submit-6.t2.ucsd.edu//140616//168559.1
MonitorID=calabria_MuMinus5_Case2_ReReco_89whx7
ExeStart=cmsRun
***** End Cat jobreport *****
Parameters sent to Dashboard.
>>> cmsRun started at Tue Jun 17 23:33:59 UTC 2014
>>> cmsRun ended at Tue Jun 17 23:37:32 UTC 2014
>>> crab_fjr_*.xml  permission set to 0704
>>> info for dashboard:
***** Cat /home/cms015/home_cream_846270356/CREAM846270356/glide_caSIrP/execute/dir_7950/jobreport.txt *****
MonitorJobID=2_https://submit-6.t2.ucsd.edu//140616//168559.1
MonitorID=calabria_MuMinus5_Case2_ReReco_89whx7
ExeEnd=cmsRun
***** End Cat jobreport *****
Parameters sent to Dashboard.
TIME_EXE = 213 sec
>>> cmsRun wrote 50 lines of stdout+stderr
>>> START OF printout of 50 lines from stdout+stderr
271 DQMStore::DQMStore 
HcalTopologyIdealEP::HcalTopologyIdealEP
18-Jun-2014 01:34:10 CEST  Initiating request to open file file:/lustre/cms//store/user/calabria/calabria_SingleMuPt5_GEN-SIM-DIGI-RECO_CMSSW_6_2_0_SLHC12_2023Scenario_Case2/calabria_SingleMuPt5_GEN-SIM-DIGI-RECO_CMSSW_6_2_0_SLHC12_2023Scenario_Case2/01e8787d2102816c4c34c374fc192ef2/out_reco_100_2_7tF.root
18-Jun-2014 01:34:11 CEST  Successfully opened file file:/lustre/cms//store/user/calabria/calabria_SingleMuPt5_GEN-SIM-DIGI-RECO_CMSSW_6_2_0_SLHC12_2023Scenario_Case2/calabria_SingleMuPt5_GEN-SIM-DIGI-RECO_CMSSW_6_2_0_SLHC12_2023Scenario_Case2/01e8787d2102816c4c34c374fc192ef2/out_reco_100_2_7tF.root
18-Jun-2014 01:34:30 CEST  Closed file file:/lustre/cms//store/user/calabria/calabria_SingleMuPt5_GEN-SIM-DIGI-RECO_CMSSW_6_2_0_SLHC12_2023Scenario_Case2/calabria_SingleMuPt5_GEN-SIM-DIGI-RECO_CMSSW_6_2_0_SLHC12_2023Scenario_Case2/01e8787d2102816c4c34c374fc192ef2/out_reco_100_2_7tF.root
18-Jun-2014 01:34:30 CEST  Initiating request to open file file:/lustre/cms//store/user/calabria/calabria_SingleMuPt5_GEN-SIM-DIGI-RECO_CMSSW_6_2_0_SLHC12_2023Scenario_Case2/calabria_SingleMuPt5_GEN-SIM-DIGI-RECO_CMSSW_6_2_0_SLHC12_2023Scenario_Case2/01e8787d2102816c4c34c374fc192ef2/out_reco_101_2_PNO.root
18-Jun-2014 01:34:30 CEST  Successfully opened file file:/lustre/cms//store/user/calabria/calabria_SingleMuPt5_GEN-SIM-DIGI-RECO_CMSSW_6_2_0_SLHC12_2023Scenario_Case2/calabria_SingleMuPt5_GEN-SIM-DIGI-RECO_CMSSW_6_2_0_SLHC12_2023Scenario_Case2/01e8787d2102816c4c34c374fc192ef2/out_reco_101_2_PNO.root
18-Jun-2014 01:34:51 CEST  Closed file file:/lustre/cms//store/user/calabria/calabria_SingleMuPt5_GEN-SIM-DIGI-RECO_CMSSW_6_2_0_SLHC12_2023Scenario_Case2/calabria_SingleMuPt5_GEN-SIM-DIGI-RECO_CMSSW_6_2_0_SLHC12_2023Scenario_Case2/01e8787d2102816c4c34c374fc192ef2/out_reco_101_2_PNO.root
18-Jun-2014 01:34:51 CEST  Initiating request to open file file:/lustre/cms//store/user/calabria/calabria_SingleMuPt5_GEN-SIM-DIGI-RECO_CMSSW_6_2_0_SLHC12_2023Scenario_Case2/calabria_SingleMuPt5_GEN-SIM-DIGI-RECO_CMSSW_6_2_0_SLHC12_2023Scenario_Case2/01e8787d2102816c4c34c374fc192ef2/out_reco_102_2_sLj.root
18-Jun-2014 01:34:51 CEST  Successfully opened file file:/lustre/cms//store/user/calabria/calabria_SingleMuPt5_GEN-SIM-DIGI-RECO_CMSSW_6_2_0_SLHC12_2023Scenario_Case2/calabria_SingleMuPt5_GEN-SIM-DIGI-RECO_CMSSW_6_2_0_SLHC12_2023Scenario_Case2/01e8787d2102816c4c34c374fc192ef2/out_reco_102_2_sLj.root
18-Jun-2014 01:35:12 CEST  Closed file file:/lustre/cms//store/user/calabria/calabria_SingleMuPt5_GEN-SIM-DIGI-RECO_CMSSW_6_2_0_SLHC12_2023Scenario_Case2/calabria_SingleMuPt5_GEN-SIM-DIGI-RECO_CMSSW_6_2_0_SLHC12_2023Scenario_Case2/01e8787d2102816c4c34c374fc192ef2/out_reco_102_2_sLj.root
18-Jun-2014 01:35:12 CEST  Initiating request to open file file:/lustre/cms//store/user/calabria/calabria_SingleMuPt5_GEN-SIM-DIGI-RECO_CMSSW_6_2_0_SLHC12_2023Scenario_Case2/calabria_SingleMuPt5_GEN-SIM-DIGI-RECO_CMSSW_6_2_0_SLHC12_2023Scenario_Case2/01e8787d2102816c4c34c374fc192ef2/out_reco_103_2_iWA.root
18-Jun-2014 01:35:12 CEST  Successfully opened file file:/lustre/cms//store/user/calabria/calabria_SingleMuPt5_GEN-SIM-DIGI-RECO_CMSSW_6_2_0_SLHC12_2023Scenario_Case2/calabria_SingleMuPt5_GEN-SIM-DIGI-RECO_CMSSW_6_2_0_SLHC12_2023Scenario_Case2/01e8787d2102816c4c34c374fc192ef2/out_reco_103_2_iWA.root
18-Jun-2014 01:35:32 CEST  Closed file file:/lustre/cms//store/user/calabria/calabria_SingleMuPt5_GEN-SIM-DIGI-RECO_CMSSW_6_2_0_SLHC12_2023Scenario_Case2/calabria_SingleMuPt5_GEN-SIM-DIGI-RECO_CMSSW_6_2_0_SLHC12_2023Scenario_Case2/01e8787d2102816c4c34c374fc192ef2/out_reco_103_2_iWA.root
18-Jun-2014 01:35:32 CEST  Initiating request to open file file:/lustre/cms//store/user/calabria/calabria_SingleMuPt5_GEN-SIM-DIGI-RECO_CMSSW_6_2_0_SLHC12_2023Scenario_Case2/calabria_SingleMuPt5_GEN-SIM-DIGI-RECO_CMSSW_6_2_0_SLHC12_2023Scenario_Case2/01e8787d2102816c4c34c374fc192ef2/out_reco_104_2_4FV.root
18-Jun-2014 01:35:32 CEST  Successfully opened file file:/lustre/cms//store/user/calabria/calabria_SingleMuPt5_GEN-SIM-DIGI-RECO_CMSSW_6_2_0_SLHC12_2023Scenario_Case2/calabria_SingleMuPt5_GEN-SIM-DIGI-RECO_CMSSW_6_2_0_SLHC12_2023Scenario_Case2/01e8787d2102816c4c34c374fc192ef2/out_reco_104_2_4FV.root
18-Jun-2014 01:35:52 CEST  Closed file file:/lustre/cms//store/user/calabria/calabria_SingleMuPt5_GEN-SIM-DIGI-RECO_CMSSW_6_2_0_SLHC12_2023Scenario_Case2/calabria_SingleMuPt5_GEN-SIM-DIGI-RECO_CMSSW_6_2_0_SLHC12_2023Scenario_Case2/01e8787d2102816c4c34c374fc192ef2/out_reco_104_2_4FV.root
18-Jun-2014 01:35:52 CEST  Initiating request to open file file:/lustre/cms//store/user/calabria/calabria_SingleMuPt5_GEN-SIM-DIGI-RECO_CMSSW_6_2_0_SLHC12_2023Scenario_Case2/calabria_SingleMuPt5_GEN-SIM-DIGI-RECO_CMSSW_6_2_0_SLHC12_2023Scenario_Case2/01e8787d2102816c4c34c374fc192ef2/out_reco_105_2_f7X.root
18-Jun-2014 01:35:52 CEST  Successfully opened file file:/lustre/cms//store/user/calabria/calabria_SingleMuPt5_GEN-SIM-DIGI-RECO_CMSSW_6_2_0_SLHC12_2023Scenario_Case2/calabria_SingleMuPt5_GEN-SIM-DIGI-RECO_CMSSW_6_2_0_SLHC12_2023Scenario_Case2/01e8787d2102816c4c34c374fc192ef2/out_reco_105_2_f7X.root
18-Jun-2014 01:36:12 CEST  Closed file file:/lustre/cms//store/user/calabria/calabria_SingleMuPt5_GEN-SIM-DIGI-RECO_CMSSW_6_2_0_SLHC12_2023Scenario_Case2/calabria_SingleMuPt5_GEN-SIM-DIGI-RECO_CMSSW_6_2_0_SLHC12_2023Scenario_Case2/01e8787d2102816c4c34c374fc192ef2/out_reco_105_2_f7X.root
18-Jun-2014 01:36:12 CEST  Initiating request to open file file:/lustre/cms//store/user/calabria/calabria_SingleMuPt5_GEN-SIM-DIGI-RECO_CMSSW_6_2_0_SLHC12_2023Scenario_Case2/calabria_SingleMuPt5_GEN-SIM-DIGI-RECO_CMSSW_6_2_0_SLHC12_2023Scenario_Case2/01e8787d2102816c4c34c374fc192ef2/out_reco_106_2_z4z.root
18-Jun-2014 01:36:12 CEST  Successfully opened file file:/lustre/cms//store/user/calabria/calabria_SingleMuPt5_GEN-SIM-DIGI-RECO_CMSSW_6_2_0_SLHC12_2023Scenario_Case2/calabria_SingleMuPt5_GEN-SIM-DIGI-RECO_CMSSW_6_2_0_SLHC12_2023Scenario_Case2/01e8787d2102816c4c34c374fc192ef2/out_reco_106_2_z4z.root
18-Jun-2014 01:36:32 CEST  Closed file file:/lustre/cms//store/user/calabria/calabria_SingleMuPt5_GEN-SIM-DIGI-RECO_CMSSW_6_2_0_SLHC12_2023Scenario_Case2/calabria_SingleMuPt5_GEN-SIM-DIGI-RECO_CMSSW_6_2_0_SLHC12_2023Scenario_Case2/01e8787d2102816c4c34c374fc192ef2/out_reco_106_2_z4z.root
18-Jun-2014 01:36:32 CEST  Initiating request to open file file:/lustre/cms//store/user/calabria/calabria_SingleMuPt5_GEN-SIM-DIGI-RECO_CMSSW_6_2_0_SLHC12_2023Scenario_Case2/calabria_SingleMuPt5_GEN-SIM-DIGI-RECO_CMSSW_6_2_0_SLHC12_2023Scenario_Case2/01e8787d2102816c4c34c374fc192ef2/out_reco_107_1_fJs.root
18-Jun-2014 01:36:32 CEST  Successfully opened file file:/lustre/cms//store/user/calabria/calabria_SingleMuPt5_GEN-SIM-DIGI-RECO_CMSSW_6_2_0_SLHC12_2023Scenario_Case2/calabria_SingleMuPt5_GEN-SIM-DIGI-RECO_CMSSW_6_2_0_SLHC12_2023Scenario_Case2/01e8787d2102816c4c34c374fc192ef2/out_reco_107_1_fJs.root
18-Jun-2014 01:36:52 CEST  Closed file file:/lustre/cms//store/user/calabria/calabria_SingleMuPt5_GEN-SIM-DIGI-RECO_CMSSW_6_2_0_SLHC12_2023Scenario_Case2/calabria_SingleMuPt5_GEN-SIM-DIGI-RECO_CMSSW_6_2_0_SLHC12_2023Scenario_Case2/01e8787d2102816c4c34c374fc192ef2/out_reco_107_1_fJs.root
18-Jun-2014 01:36:52 CEST  Initiating request to open file file:/lustre/cms//store/user/calabria/calabria_SingleMuPt5_GEN-SIM-DIGI-RECO_CMSSW_6_2_0_SLHC12_2023Scenario_Case2/calabria_SingleMuPt5_GEN-SIM-DIGI-RECO_CMSSW_6_2_0_SLHC12_2023Scenario_Case2/01e8787d2102816c4c34c374fc192ef2/out_reco_108_2_Cgq.root
18-Jun-2014 01:36:52 CEST  Successfully opened file file:/lustre/cms//store/user/calabria/calabria_SingleMuPt5_GEN-SIM-DIGI-RECO_CMSSW_6_2_0_SLHC12_2023Scenario_Case2/calabria_SingleMuPt5_GEN-SIM-DIGI-RECO_CMSSW_6_2_0_SLHC12_2023Scenario_Case2/01e8787d2102816c4c34c374fc192ef2/out_reco_108_2_Cgq.root
18-Jun-2014 01:37:10 CEST  Closed file file:/lustre/cms//store/user/calabria/calabria_SingleMuPt5_GEN-SIM-DIGI-RECO_CMSSW_6_2_0_SLHC12_2023Scenario_Case2/calabria_SingleMuPt5_GEN-SIM-DIGI-RECO_CMSSW_6_2_0_SLHC12_2023Scenario_Case2/01e8787d2102816c4c34c374fc192ef2/out_reco_108_2_Cgq.root
18-Jun-2014 01:37:11 CEST  Initiating request to open file file:/lustre/cms//store/user/calabria/calabria_SingleMuPt5_GEN-SIM-DIGI-RECO_CMSSW_6_2_0_SLHC12_2023Scenario_Case2/calabria_SingleMuPt5_GEN-SIM-DIGI-RECO_CMSSW_6_2_0_SLHC12_2023Scenario_Case2/01e8787d2102816c4c34c374fc192ef2/out_reco_109_2_ZaW.root
18-Jun-2014 01:37:11 CEST  Successfully opened file file:/lustre/cms//store/user/calabria/calabria_SingleMuPt5_GEN-SIM-DIGI-RECO_CMSSW_6_2_0_SLHC12_2023Scenario_Case2/calabria_SingleMuPt5_GEN-SIM-DIGI-RECO_CMSSW_6_2_0_SLHC12_2023Scenario_Case2/01e8787d2102816c4c34c374fc192ef2/out_reco_109_2_ZaW.root
18-Jun-2014 01:37:31 CEST  Closed file file:/lustre/cms//store/user/calabria/calabria_SingleMuPt5_GEN-SIM-DIGI-RECO_CMSSW_6_2_0_SLHC12_2023Scenario_Case2/calabria_SingleMuPt5_GEN-SIM-DIGI-RECO_CMSSW_6_2_0_SLHC12_2023Scenario_Case2/01e8787d2102816c4c34c374fc192ef2/out_reco_109_2_ZaW.root

=============================================

MessageLogger Summary

 type     category        sev    module        subroutine        count    total
 ---- -------------------- -- ---------------- ----------------  -----    -----
    1 fileAction           -s file_close                            10       10
    2 fileAction           -s file_open                             20       20

 type    category    Examples: run/evt        run/evt          run/evt
 ---- -------------------- ---------------- ---------------- ----------------
    1 fileAction           PostProcessEvent PostProcessEvent PostEndRun
    2 fileAction           pre-events       pre-events       PostProcessEvent

Severity    # Occurrences   Total Occurrences
--------    -------------   -----------------
System                 30                  30
>>> END OF printout of 50 lines from stdout+stderr
>>> Parse FrameworkJobReport crab_fjr.xml
Result of parsing the FrameworkJobReport crab_fjr.xml: Popularity start
lumisRange : 1::::1;1::::2;1::::3;1::::4;1::::5;1::::6;1::::7;1::::8;1::::9;1::::10;
lumisParentRange : 
Basename : /store/user/calabria/calabria_SingleMuPt5_GEN-SIM-DIGI-RECO_CMSSW_6_2_0_SLHC12_2023Scenario_Case2/calabria_SingleMuPt5_GEN-SIM-DIGI-RECO_CMSSW_6_2_0_SLHC12_2023Scenario_Case2/01e8787d2102816c4c34c374fc192ef2/out_reco_10
BasenameParent : 
parentFiles : 
inputBlocks : /calabria_SingleMuPt5_GEN-SIM-DIGI-RECO_CMSSW_6_2_0_SLHC12_2023Scenario_Case2/calabria-calabria_SingleMuPt5_GEN-SIM-DIGI-RECO_CMSSW_6_2_0_SLHC12_2023Scenario_Case2-01e8787d2102816c4c34c374fc192ef2/USER#fa872e80-19b4-4996-b609-7193e7b31957
inputFiles : 7_1_fJs.root::1::EDM::Local::1;0_2_7tF.root::1::EDM::Local::2;4_2_4FV.root::1::EDM::Local::3;2_2_sLj.root::1::EDM::Local::4;9_2_ZaW.root::1::EDM::Local::5;8_2_Cgq.root::1::EDM::Local::6;3_2_iWA.root::1::EDM::Local::7;1_2_PNO.root::1::EDM::Local::8;6_2_z4z.root::1::EDM::Local::9;5_2_f7X.root::1::EDM::Local::10;
Popularity stop
Extracted ExitStatus from FrameworkJobReport parsing output: 0
>>> Executable succeded  0
ExeExitCode=0
EXECUTABLE_EXIT_STATUS = 0
>>> current directory /home/cms015/home_cream_846270356/CREAM846270356/glide_caSIrP/execute/dir_7950/CMSSW_6_2_0_SLHC12
>>>  (SOFTWARE_DIR): /home/cms015/home_cream_846270356/CREAM846270356/glide_caSIrP/execute/dir_7950/CMSSW_6_2_0_SLHC12
>>> (WORKING_DIR): 
>>> current directory content:
total 10444
drwxr-xr-x 3 cms015 cms    4096 Jun 18 01:33 .SCRAM
-rw------- 1 cms015 cms 3740422 Jun 18 01:33 CMSSW.py.pkl
drwxr-xr-x 3 cms015 cms    4096 Jun 18 01:33 bin
drwxr-xr-x 3 cms015 cms    4096 Jun 18 01:33 cfipython
drwxr-xr-x 4 cms015 cms    4096 Jun 18 01:33 config
-rw------- 1 cms015 cms      16 Jun 18 01:37 cpu_timing.txt
drwxr-xr-x 2 cms015 cms    4096 Jun 18 01:33 doc
-rw------- 1 cms015 cms    9865 Jun 18 01:37 executable.out
drwxr-xr-x 2 cms015 cms    4096 Jun 18 01:33 include
drwx------ 3 cms015 cms    4096 Apr 28 18:12 lib
drwxr-xr-x 3 cms015 cms    4096 Jun 18 01:33 logs
drwxr-xr-x 3 cms015 cms    4096 Jun 18 01:33 objs
-rw------- 1 cms015 cms     104 Jun 18 01:33 pset.py
-rw------- 1 cms015 cms 3712292 Jun 18 01:33 pset.py.pkl
-rw------- 1 cms015 cms     289 Jun 18 01:33 pset.pyc
drwxr-xr-x 2 cms015 cms    4096 Jun 18 01:33 python
-rw------- 1 cms015 cms     401 Jun 18 01:37 report.log
drwx------ 6 cms015 cms    4096 Jun 18 01:33 src
drwxr-xr-x 3 cms015 cms    4096 Jun 18 01:33 test
drwxr-xr-x 3 cms015 cms    4096 Jun 18 01:33 tmp
-rw------- 1 cms015 cms 3140674 Jun 18 01:37 validationEDM.root
>>> current directory /home/cms015/home_cream_846270356/CREAM846270356/glide_caSIrP/execute/dir_7950/CMSSW_6_2_0_SLHC12
>>> (SOFTWARE_DIR): /home/cms015/home_cream_846270356/CREAM846270356/glide_caSIrP/execute/dir_7950/CMSSW_6_2_0_SLHC12
>>> (WORKING_DIR): 
>>> current directory content:
total 10444
drwxr-xr-x 3 cms015 cms    4096 Jun 18 01:33 .SCRAM
-rw------- 1 cms015 cms 3740422 Jun 18 01:33 CMSSW.py.pkl
drwxr-xr-x 3 cms015 cms    4096 Jun 18 01:33 bin
drwxr-xr-x 3 cms015 cms    4096 Jun 18 01:33 cfipython
drwxr-xr-x 4 cms015 cms    4096 Jun 18 01:33 config
-rw------- 1 cms015 cms      16 Jun 18 01:37 cpu_timing.txt
drwxr-xr-x 2 cms015 cms    4096 Jun 18 01:33 doc
-rw------- 1 cms015 cms    9865 Jun 18 01:37 executable.out
drwxr-xr-x 2 cms015 cms    4096 Jun 18 01:33 include
drwx------ 3 cms015 cms    4096 Apr 28 18:12 lib
drwxr-xr-x 3 cms015 cms    4096 Jun 18 01:33 logs
drwxr-xr-x 3 cms015 cms    4096 Jun 18 01:33 objs
-rw------- 1 cms015 cms     104 Jun 18 01:33 pset.py
-rw------- 1 cms015 cms 3712292 Jun 18 01:33 pset.py.pkl
-rw------- 1 cms015 cms     289 Jun 18 01:33 pset.pyc
drwxr-xr-x 2 cms015 cms    4096 Jun 18 01:33 python
-rw------- 1 cms015 cms     401 Jun 18 01:37 report.log
drwx------ 6 cms015 cms    4096 Jun 18 01:33 src
drwxr-xr-x 3 cms015 cms    4096 Jun 18 01:33 test
drwxr-xr-x 3 cms015 cms    4096 Jun 18 01:33 tmp
-rw------- 1 cms015 cms 3140674 Jun 18 01:37 validationEDM_2_1_Ef0.root
>>> current directory (RUNTIME_AREA):  /home/cms015/home_cream_846270356/CREAM846270356/glide_caSIrP/execute/dir_7950
SE = storm-se-01.ba.infn.it
SE_PATH = /srm/managerv2?SFN=//cms/store/user/calabria/calabria_SingleMuPt5_GEN-SIM-DIGI-RECO_CMSSW_6_2_0_SLHC12_2023Scenario_Case2/calabria_MuMinus5_GEN-SIM-DIGI-RECO_CMSSW_6_2_0_SLHC12_2023Scenario_VALNOPU2_Case2/5854dd31cbd3cdec44c48628cc181cf0/
LFNBaseName = /store/user/calabria/calabria_SingleMuPt5_GEN-SIM-DIGI-RECO_CMSSW_6_2_0_SLHC12_2023Scenario_Case2/calabria_MuMinus5_GEN-SIM-DIGI-RECO_CMSSW_6_2_0_SLHC12_2023Scenario_VALNOPU2_Case2/5854dd31cbd3cdec44c48628cc181cf0/
USER = calabria
endpoint = srm://storm-se-01.ba.infn.it:8444/srm/managerv2?SFN=//cms/store/user/calabria/calabria_SingleMuPt5_GEN-SIM-DIGI-RECO_CMSSW_6_2_0_SLHC12_2023Scenario_Case2/calabria_MuMinus5_GEN-SIM-DIGI-RECO_CMSSW_6_2_0_SLHC12_2023Scenario_VALNOPU2_Case2/5854dd31cbd3cdec44c48628cc181cf0/
>>> Copy output files from WN = pccms121.ba.infn.it to /srm/managerv2?SFN=//cms/store/user/calabria/calabria_SingleMuPt5_GEN-SIM-DIGI-RECO_CMSSW_6_2_0_SLHC12_2023Scenario_Case2/calabria_MuMinus5_GEN-SIM-DIGI-RECO_CMSSW_6_2_0_SLHC12_2023Scenario_VALNOPU2_Case2/5854dd31cbd3cdec44c48628cc181cf0/ :
python cmscp.py  --destination srm://storm-se-01.ba.infn.it:8444/srm/managerv2?SFN=//cms/store/user/calabria/calabria_SingleMuPt5_GEN-SIM-DIGI-RECO_CMSSW_6_2_0_SLHC12_2023Scenario_Case2/calabria_MuMinus5_GEN-SIM-DIGI-RECO_CMSSW_6_2_0_SLHC12_2023Scenario_VALNOPU2_Case2/5854dd31cbd3cdec44c48628cc181cf0/ --inputFileList /home/cms015/home_cream_846270356/CREAM846270356/glide_caSIrP/execute/dir_7950/CMSSW_6_2_0_SLHC12/validationEDM_2_1_Ef0.root --middleware LCG --se_name storm-se-01.ba.infn.it --for_lfn /store/user/calabria/calabria_SingleMuPt5_GEN-SIM-DIGI-RECO_CMSSW_6_2_0_SLHC12_2023Scenario_Case2/calabria_MuMinus5_GEN-SIM-DIGI-RECO_CMSSW_6_2_0_SLHC12_2023Scenario_VALNOPU2_Case2/5854dd31cbd3cdec44c48628cc181cf0/    
******************************************************
localSeName  =  storm-se-01.ba.infn.it
remoteSeName =  storm-se-01.ba.infn.it
******************************************************
{"/home/cms015/home_cream_846270356/CREAM846270356/glide_caSIrP/execute/dir_7950/CMSSW_6_2_0_SLHC12/validationEDM_2_1_Ef0.root": {"endpoint": "srm://storm-se-01.ba.infn.it:8444/srm/managerv2?SFN=//cms/store/user/calabria/calabria_SingleMuPt5_GEN-SIM-DIGI-RECO_CMSSW_6_2_0_SLHC12_2023Scenario_Case2/calabria_MuMinus5_GEN-SIM-DIGI-RECO_CMSSW_6_2_0_SLHC12_2023Scenario_VALNOPU2_Case2/5854dd31cbd3cdec44c48628cc181cf0/", "surl_for_grid": "", "reason": "Copy succedeed with srm-lcg utils", "erCode": "0", "se_name": "storm-se-01.ba.infn.it", "for_lfn": "/store/user/calabria/calabria_SingleMuPt5_GEN-SIM-DIGI-RECO_CMSSW_6_2_0_SLHC12_2023Scenario_Case2/calabria_MuMinus5_GEN-SIM-DIGI-RECO_CMSSW_6_2_0_SLHC12_2023Scenario_VALNOPU2_Case2/5854dd31cbd3cdec44c48628cc181cf0/"}}/home/cms015/home_cream_846270356/CREAM846270356/glide_caSIrP/execute/dir_7950
-------- cat /home/cms015/home_cream_846270356/CREAM846270356/glide_caSIrP/execute/dir_7950/cmscpReport.sh 
#!/bin/bash
echo "Report for File: /home/cms015/home_cream_846270356/CREAM846270356/glide_caSIrP/execute/dir_7950/CMSSW_6_2_0_SLHC12/validationEDM_2_1_Ef0.root"
echo "LFN: /store/user/calabria/calabria_SingleMuPt5_GEN-SIM-DIGI-RECO_CMSSW_6_2_0_SLHC12_2023Scenario_Case2/calabria_MuMinus5_GEN-SIM-DIGI-RECO_CMSSW_6_2_0_SLHC12_2023Scenario_VALNOPU2_Case2/5854dd31cbd3cdec44c48628cc181cf0/validationEDM_2_1_Ef0.root"
echo "StorageElement: storm-se-01.ba.infn.it"
echo "StageOutExitStatusReason = 'Copy succedeed with srm-lcg utils'" | tee -a $RUNTIME_AREA/$repo
echo "StageOutSE = storm-se-01.ba.infn.it" >> $RUNTIME_AREA/$repo

export StageOutExitStatus=0
echo "StageOutExitStatus = 0" | tee -a $RUNTIME_AREA/$repo
-------- end of /home/cms015/home_cream_846270356/CREAM846270356/glide_caSIrP/execute/dir_7950/cmscpReport.sh 
Report for File: /home/cms015/home_cream_846270356/CREAM846270356/glide_caSIrP/execute/dir_7950/CMSSW_6_2_0_SLHC12/validationEDM_2_1_Ef0.root
LFN: /store/user/calabria/calabria_SingleMuPt5_GEN-SIM-DIGI-RECO_CMSSW_6_2_0_SLHC12_2023Scenario_Case2/calabria_MuMinus5_GEN-SIM-DIGI-RECO_CMSSW_6_2_0_SLHC12_2023Scenario_VALNOPU2_Case2/5854dd31cbd3cdec44c48628cc181cf0/validationEDM_2_1_Ef0.root
StorageElement: storm-se-01.ba.infn.it
StageOutExitStatusReason = 'Copy succedeed with srm-lcg utils'
StageOutExitStatus = 0
>>> current dir: /home/cms015/home_cream_846270356/CREAM846270356/glide_caSIrP/execute/dir_7950
>>> current dir content:
total 28076
-rw-------  1 cms015 cms     2763 Jun 18 01:38 .SEinteraction.log
-rwx------  1 cms015 cms     6864 Jun 18 01:33 .job.ad
-rwx------  1 cms015 cms     9437 Jun 18 01:33 .machine.ad
-rw-------  1 cms015 cms      105 Jun 16 20:41 CMSSW.py
-rw-------  1 cms015 cms  3740422 Jun 16 20:41 CMSSW.py.pkl
-rwx------  1 cms015 cms    29543 Jun 18 01:33 CMSSW.sh
drwxr-xr-x 15 cms015 cms     4096 Jun 18 01:37 CMSSW_6_2_0_SLHC12
-rw-------  1 cms015 cms      219 Jun 18 01:33 CacheEnv.sh
-rw-------  1 cms015 cms     7291 Apr  4 11:04 DashboardAPI.py
-rw-------  1 cms015 cms     6800 Jun 18 01:33 DashboardAPI.pyc
drwx------  2 cms015 cms     4096 Jun 18 01:37 IMProv
-rw-------  1 cms015 cms     2748 Apr  4 11:04 Logger.py
-rw-------  1 cms015 cms     3342 Jun 18 01:33 Logger.pyc
-rw-------  1 cms015 cms    24524 Apr  4 11:04 ProcInfo.py
-rw-------  1 cms015 cms    23173 Jun 18 01:33 ProcInfo.pyc
drwx------  7 cms015 cms     4096 Jun 18 01:33 ProdCommon
drwx------  3 cms015 cms     4096 Jun 18 01:33 WMCore
-rw-------  1 cms015 cms     1932 Jun 18 01:37 Watchdog_2.log
-rwx------  1 cms015 cms        0 Jun 18 01:33 _condor_stderr
-rwx---r--  1 cms015 cms    29243 Jun 18 01:38 _condor_stdout
-rw-------  1 cms015 cms    32895 Apr  4 11:04 apmon.py
-rw-------  1 cms015 cms    28596 Jun 18 01:33 apmon.pyc
-rwx------  1 cms015 cms    53046 Jun 18 01:33 arguments.xml
-rwx------  1 cms015 cms    38515 Apr  4 11:04 cmscp.py
-rw-------  1 cms015 cms      713 Jun 18 01:38 cmscpReport.sh
-rwx------  1 cms015 cms    29543 Jun 18 01:33 condor_exec.exe
-rw-------  1 cms015 cms      953 Jun 16 20:41 crab.cfg
-rwx------  1 cms015 cms     8610 Apr  4 11:04 crabWatchdog.sh
-rwx---r--  1 cms015 cms   523191 Jun 18 01:37 crab_fjr_2.xml
-rwx------  1 cms015 cms 23960084 Jun 18 01:33 default.tgz
-rwx------  1 cms015 cms     4488 Apr  4 11:04 fillCrabFjr.py
-rw-------  1 cms015 cms     2607 Jun 18 01:33 inputsReport.txt
-rw-------  1 cms015 cms      258 Jun 18 01:38 jobreport.txt
-rw-------  1 cms015 cms    17352 Apr  4 11:04 parseCrabFjr.py
-rw-------  1 cms015 cms      325 Jun 18 01:33 report.log
-rwx--x--x  1 cms015 cms     1497 Apr  4 11:04 report.py
-rw-------  1 cms015 cms      766 Jun 18 01:38 resultCopyFile
lrwxrwxrwx  1 cms015 cms      124 Jun 18 01:37 validationEDM.root -> /home/cms015/home_cream_846270356/CREAM846270356/glide_caSIrP/execute/dir_7950/CMSSW_6_2_0_SLHC12/validationEDM_2_1_Ef0.root
-rwx------  1 cms015 cms     8387 Apr  4 11:04 writeCfg.py
-rw-------  1 cms015 cms     8010 Jun 18 01:33 x509up_u50707
>>> Modify Job Report:
CMSSW_VERSION = CMSSW_6_2_0_SLHC12
ProcessedDataset = calabria_MuMinus5_GEN-SIM-DIGI-RECO_CMSSW_6_2_0_SLHC12_2023Scenario_VALNOPU2_Case2
/home/cms015/home_cream_846270356/CREAM846270356/glide_caSIrP/execute/dir_7950/ProdCommon/FwkJobRep/ModifyJobReport.py fjr /home/cms015/home_cream_846270356/CREAM846270356/glide_caSIrP/execute/dir_7950/crab_fjr_2.xml json /home/cms015/home_cream_846270356/CREAM846270356/glide_caSIrP/execute/dir_7950/resultCopyFile n_job 2_1_Ef0 PrimaryDataset calabria_SingleMuPt5_GEN-SIM-DIGI-RECO_CMSSW_6_2_0_SLHC12_2023Scenario_Case2  ApplicationFamily cmsRun ApplicationName cmsRun cmssw_version CMSSW_6_2_0_SLHC12 psethash 5854dd31cbd3cdec44c48628cc181cf0 UserProcessedDataset calabria-calabria_MuMinus5_GEN-SIM-DIGI-RECO_CMSSW_6_2_0_SLHC12_2023Scenario_VALNOPU2_Case2-5854dd31cbd3cdec44c48628cc181cf0
inputDict =  {u'/home/cms015/home_cream_846270356/CREAM846270356/glide_caSIrP/execute/dir_7950/CMSSW_6_2_0_SLHC12/validationEDM_2_1_Ef0.root': {u'endpoint': u'srm://storm-se-01.ba.infn.it:8444/srm/managerv2?SFN=//cms/store/user/calabria/calabria_SingleMuPt5_GEN-SIM-DIGI-RECO_CMSSW_6_2_0_SLHC12_2023Scenario_Case2/calabria_MuMinus5_GEN-SIM-DIGI-RECO_CMSSW_6_2_0_SLHC12_2023Scenario_VALNOPU2_Case2/5854dd31cbd3cdec44c48628cc181cf0/', u'surl_for_grid': u'', u'reason': u'Copy succedeed with srm-lcg utils', u'erCode': u'0', u'se_name': u'storm-se-01.ba.infn.it', u'for_lfn': u'/store/user/calabria/calabria_SingleMuPt5_GEN-SIM-DIGI-RECO_CMSSW_6_2_0_SLHC12_2023Scenario_Case2/calabria_MuMinus5_GEN-SIM-DIGI-RECO_CMSSW_6_2_0_SLHC12_2023Scenario_VALNOPU2_Case2/5854dd31cbd3cdec44c48628cc181cf0/'}}
UserProcessedDataset =  calabria-calabria_MuMinus5_GEN-SIM-DIGI-RECO_CMSSW_6_2_0_SLHC12_2023Scenario_VALNOPU2_Case2-5854dd31cbd3cdec44c48628cc181cf0
file_name in inputDict =  /home/cms015/home_cream_846270356/CREAM846270356/glide_caSIrP/execute/dir_7950/CMSSW_6_2_0_SLHC12/validationEDM_2_1_Ef0.root
(size) os.stat(filename)[6] =  3140674
checksum =  1846108645
    file =  validationEDM_2_1_Ef0.root
    newPfn =  srm://storm-se-01.ba.infn.it:8444/srm/managerv2?SFN=//cms/store/user/calabria/calabria_SingleMuPt5_GEN-SIM-DIGI-RECO_CMSSW_6_2_0_SLHC12_2023Scenario_Case2/calabria_MuMinus5_GEN-SIM-DIGI-RECO_CMSSW_6_2_0_SLHC12_2023Scenario_VALNOPU2_Case2/5854dd31cbd3cdec44c48628cc181cf0/validationEDM_2_1_Ef0.root
    newLfn =  /store/user/calabria/calabria_SingleMuPt5_GEN-SIM-DIGI-RECO_CMSSW_6_2_0_SLHC12_2023Scenario_Case2/calabria_MuMinus5_GEN-SIM-DIGI-RECO_CMSSW_6_2_0_SLHC12_2023Scenario_VALNOPU2_Case2/5854dd31cbd3cdec44c48628cc181cf0/validationEDM_2_1_Ef0.root
>>> crab_fjr_*.xml  permission set to 0704
CrabWrapper EXIT_FUNC entered at Wed Jun 18 01:38:26 CEST 2014   -  Tue Jun 17 23:38:26 UTC 2014
Checking output files:  
will tar file crab_fjr_2.xml in  out_files_2
WARNING: output file CMSSW_2.stdout not found!
WARNING: output file CMSSW_2.stderr not found!
WARNING: output file Watchdog_2.log.gz not found!
>>> padding time: Sleeping the wrapper for 318 seconds
STOPPING WATCHDOG. CrabWatchdog PID is 8255
********** LAST 50 LINES OF WATCHDOG LOG
# RESOURCE USAGE SUMMARY FOR PROCESS ID  7975
USER       PID %CPU %MEM    VSZ   RSS TTY      STAT START   TIME COMMAND
cms015    7975  0.4  0.0   9500  1600 ?        S    01:33   0:00 /bin/sh /home/cms015/home_cream_846270356/CREAM846270356/glide_caSIrP/execute/dir_7950/condor_exec.exe 2 1
 
# LIMITS USED BY CRAB WATCHDOG:
# RSS  (KBytes)   : 2300000
# VSZ  (KBytes)   : 100000000
# DISK (MBytes)   : 19000
# CPU TIME        : 720h:0m:0s
# WALL CLOCK TIME : 21h:50m:0s
 
# FOLLOWING PRINTOUT TRACKS MAXIMUM VALUES OF RESOURCES USE
# ONE LINE IS PRINTED EACH TIME A MAXIMUM CHANGES
# IF CHANGE WAS IN RSS OR VSZ ALSO PROCID AND COMMAND ARE PRINTED
# THERE IS NO PRINTOUT FOR CPU/WALL TIME INCREASE
 
# TIME			PID	RSS(KB)	VSZ(KB)	Dsk(MB)	tCPU(s)	tWALL(s)	COMMAND
 Jun 18 01:33:48 CEST	7950	8420	93596	0	0	1	condor_starter -f submit-6.t2.ucsd.edu        
 Jun 18 01:33:48 CEST	8272	30812	96764	0	0	1	edmConfigHash pset.py         
 Jun 18 01:33:48 CEST	13981	30812	106092	0	0	1	sh -c "./glidein_startup.sh" -v std -name v3_0 -entry CMS_T2_IT_Bari_ce2 -clientname UCSD-v1_0.main
 Jun 18 01:33:48 CEST	13988	30812	106492	0	0	1	/bin/bash ./glidein_startup.sh -v std -name v3_0 -entry CMS_T2_IT_Bari_ce2 -clientname UCSD-v1_0.main -schedd
 Jun 18 01:33:48 CEST	---	30812	106492	171	----	----	----
 Jun 18 01:34:49 CEST	8975	735076	998688	171	41	61	cmsRun -j /home/cms015/home_cream_846270356/CREAM846270356/glide_caSIrP/execute/dir_7950/crab_fjr_2.xml -p pset.py      
 Jun 18 01:34:49 CEST	---	735076	998688	175	----	----	----
 Jun 18 01:35:49 CEST	8975	740044	1013792	175	85	122	cmsRun -j /home/cms015/home_cream_846270356/CREAM846270356/glide_caSIrP/execute/dir_7950/crab_fjr_2.xml -p pset.py      
 Jun 18 01:36:50 CEST	8975	748536	1022240	175	131	182	cmsRun -j /home/cms015/home_cream_846270356/CREAM846270356/glide_caSIrP/execute/dir_7950/crab_fjr_2.xml -p pset.py      
 Jun 18 01:37:50 CEST	---	748536	1022240	178	----	----	----
 Jun 18 01:38:51 CEST	---	748536	1022240	179	----	----	----
********** WATCHDOG LOG ENDED
ZIPPING WATCHDOG LOG
Disk space used:
du -sh /home/cms015/home_cream_846270356/CREAM846270356/glide_caSIrP/execute/dir_7950
179M	/home/cms015/home_cream_846270356/CREAM846270356/glide_caSIrP/execute/dir_7950
Found unusual stdout, rename for OSB
`/home/cms015/home_cream_846270356/CREAM846270356/glide_caSIrP/execute/dir_7950/_condor_stdout' -> `CMSSW_2.stdout'
Found unusual stderr, rename for OSB
`/home/cms015/home_cream_846270356/CREAM846270356/glide_caSIrP/execute/dir_7950/_condor_stdout' -> `CMSSW_2.stderr'
crab_fjr_2.xml
CMSSW_2.stdout
CMSSW_2.stderr
Watchdog_2.log.gz
Total Output dimension: 69413
WARNING: output files size limit is set to: 50000000
Total Output dimension 69413 is fine.
JOB_EXIT_STATUS = 0
>>> info for dashboard:
***** Cat /home/cms015/home_cream_846270356/CREAM846270356/glide_caSIrP/execute/dir_7950/jobreport.txt *****
MonitorJobID=2_https://submit-6.t2.ucsd.edu//140616//168559.1
MonitorID=calabria_MuMinus5_Case2_ReReco_89whx7
ExeTime=213
ExeExitCode=0
StageOutExitStatusReason = 'Copy succedeed with srm-lcg utils'
StageOutSE = storm-se-01.ba.infn.it
StageOutExitStatus = 0
CrabUserCpuTime=165.04
CrabSysCpuTime=2.58
CrabCpuPercentage=78%
CrabWrapperTime=600
CrabStageoutTime=49
JobExitCode=0
***** End Cat jobreport *****
Parameters sent to Dashboard.
EXITING at Wed Jun 18 01:43:48 CEST 2014  -  Tue Jun 17 23:43:48 UTC 2014
