This script was generated by crab (version 2.10.5_patch1).
Running /home/cms037/home_cream_515192016/CREAM515192016/glide_llc6cr/execute/dir_31227/condor_exec.exe with 2 positional parameters: 8 1
Today is Wed Jun 18 01:35:06 CEST 2014 - Tue Jun 17 23:35:06 UTC 2014
Job submitted on host alicegrid68.ba.infn.it
Linux alicegrid68.ba.infn.it 2.6.32-358.23.2.el6.x86_64 #1 SMP Thu Oct 17 10:27:22 CEST 2013 x86_64 x86_64 x86_64 GNU/Linux
>>> current directory (RUNTIME_AREA): /home/cms037/home_cream_515192016/CREAM515192016/glide_llc6cr/execute/dir_31227
>>> current user: uid=18594(cms037) gid=1399(cms) groups=1399(cms)
>>> directory permission set to 0700
>>> umask set to:  u=rwx,g=,o=
>>> stdout stderr permission set to 0704
>>> voms proxy information:
subject   : /C=IT/O=INFN/OU=Personal Certificate/L=Bari/CN=Cesare Calabria/CN=477126703/CN=752447012
issuer    : /C=IT/O=INFN/OU=Personal Certificate/L=Bari/CN=Cesare Calabria/CN=477126703
identity  : /C=IT/O=INFN/OU=Personal Certificate/L=Bari/CN=Cesare Calabria
type      : RFC3820 compliant limited proxy
strength  : 1024
path      : /home/cms037/home_cream_515192016/CREAM515192016/glide_llc6cr/execute/dir_31227/x509up_u50707
timeleft  : 23:59:51
key usage : Digital Signature, Key Encipherment, Data Encipherment
=== VO cms extension information ===
VO        : cms
subject   : /C=IT/O=INFN/OU=Personal Certificate/L=Bari/CN=Cesare Calabria
issuer    : /DC=ch/DC=cern/OU=computers/CN=voms.cern.ch
attribute : /cms/Role=NULL/Capability=NULL
attribute : /cms/itcms/Role=NULL/Capability=NULL
timeleft  : 153:49:13
uri       : voms.cern.ch:15002

WNHostName=alicegrid68.ba.infn.it
>>> tar --no-same-permissions -xf /home/cms037/home_cream_515192016/CREAM515192016/glide_llc6cr/execute/dir_31227/default.tgz :
Successful untar
>>> Include /home/cms037/home_cream_515192016/CREAM515192016/glide_llc6cr/execute/dir_31227 in PYTHONPATH:
strip arguments
env var CRAB_UNIQUE_JOB_ID set to: calabria_MuMinus5_Case2_ReReco_89whx7_8_1_XX5
out_files_8
>>> list of expected files on output sandbox
output files: crab_fjr_8.xml CMSSW_8.stdout CMSSW_8.stderr Watchdog_8.log.gz
>>> GridFlavour discovery: 
GridFlavour=LCG
>>> SyncSite discovery: 
SyncSite=T2_IT_Bari
>>> SyncCE discovery: 
getting SyncCE from CE_ID
SyncCE=cream-ce-2.ba.infn.it:8443/cream-pbs-cms
>>> info for dashboard:
***** Cat /home/cms037/home_cream_515192016/CREAM515192016/glide_llc6cr/execute/dir_31227/jobreport.txt *****
WNHostName=alicegrid68.ba.infn.it
MonitorJobID=8_https://submit-6.t2.ucsd.edu//140616//168559.7
SyncGridJobId=https://submit-6.t2.ucsd.edu//140616//168559.7
MonitorID=calabria_MuMinus5_Case2_ReReco_89whx7
GridFlavour=LCG
SyncSite=T2_IT_Bari
SyncCE=cream-ce-2.ba.infn.it:8443/cream-pbs-cms
***** End Cat jobreport *****
Parameters sent to Dashboard.
>>> setup environment
set SCRAM ARCH to slc5_amd64_gcc472
SCRAM_ARCH = slc5_amd64_gcc472
>>> setup CMS LCG environment:
set SCRAM ARCH and BUILD_ARCH to slc5_amd64_gcc472 ###
Sourcing environment... 
sourcing /cvmfs/cms.cern.ch/cmsset_default.sh
==> setup cms environment ok
>>> specific cmssw setup environment:
CMSSW_VERSION =  CMSSW_6_2_0_SLHC12
>>> current directory (SOFTWARE_DIR): /home/cms037/home_cream_515192016/CREAM515192016/glide_llc6cr/execute/dir_31227/CMSSW_6_2_0_SLHC12
PreserveSeeds: <>
IncrementSeeds:<>
>>> info for dashboard:
***** Cat /home/cms037/home_cream_515192016/CREAM515192016/glide_llc6cr/execute/dir_31227/jobreport.txt *****
MonitorJobID=8_https://submit-6.t2.ucsd.edu//140616//168559.7
MonitorID=calabria_MuMinus5_Case2_ReReco_89whx7
***** End Cat jobreport *****
Parameters sent to Dashboard.
crabWatchdog started as process 31422
>>> moving CMSSW software directories in /home/cms037/home_cream_515192016/CREAM515192016/glide_llc6cr/execute/dir_31227/CMSSW_6_2_0_SLHC12
mv: cannot stat `/home/cms037/home_cream_515192016/CREAM515192016/glide_llc6cr/execute/dir_31227/module/': No such file or directory
>>> Include /home/cms037/home_cream_515192016/CREAM515192016/glide_llc6cr/execute/dir_31227 in PYTHONPATH:
PYTHONPATH=/home/cms037/home_cream_515192016/CREAM515192016/glide_llc6cr/execute/dir_31227/:/home/cms037/home_cream_515192016/CREAM515192016/glide_llc6cr/execute/dir_31227/CMSSW_6_2_0_SLHC12/python:/home/cms037/home_cream_515192016/CREAM515192016/glide_llc6cr/execute/dir_31227/CMSSW_6_2_0_SLHC12/lib/slc5_amd64_gcc472:/cvmfs/cms.cern.ch/slc5_amd64_gcc472/cms/cmssw/CMSSW_6_2_0_SLHC12/python:/cvmfs/cms.cern.ch/slc5_amd64_gcc472/cms/cmssw/CMSSW_6_2_0_SLHC12/lib/slc5_amd64_gcc472:/cvmfs/cms.cern.ch/slc5_amd64_gcc472/cms/coral/CORAL_2_3_21-cms36/slc5_amd64_gcc472/python:/cvmfs/cms.cern.ch/slc5_amd64_gcc472/cms/coral/CORAL_2_3_21-cms36/slc5_amd64_gcc472/lib:/cvmfs/cms.cern.ch/slc5_amd64_gcc472/external/pyqt/4.8.1-cms6/lib/python2.7/site-packages:/cvmfs/cms.cern.ch/slc5_amd64_gcc472/external/py2-scipy/0.8.0-cms8/lib/python2.7/site-packages:/cvmfs/cms.cern.ch/slc5_amd64_gcc472/external/py2-matplotlib/1.0.1-cms8/lib/python2.7/site-packages:/cvmfs/cms.cern.ch/slc5_amd64_gcc472/external/python-ldap/2.3.5-cms6/lib/python2.7/site-packages:/cvmfs/cms.cern.ch/slc5_amd64_gcc472/external/sip/4.11.2-cms6/lib/python2.7/site-packages:/cvmfs/cms.cern.ch/slc5_amd64_gcc472/external/py2-pycurl/7.19.0-cms8/lib/python2.7/site-packages:/cvmfs/cms.cern.ch/slc5_amd64_gcc472/external/py2-numpy/1.6.1-cms8/lib/python2.7/site-packages:/cvmfs/cms.cern.ch/slc5_amd64_gcc472/external/py2-lint/0.25.1-cms6/lib/python2.7/site-packages:/cvmfs/cms.cern.ch/slc5_amd64_gcc472/external/py2-ipython/0.10-cms6/lib/python2.7/site-packages:/cvmfs/cms.cern.ch/slc5_amd64_gcc472/external/py2-cx-oracle/5.1-cms7/lib/python2.7/site-packages:/cvmfs/cms.cern.ch/slc5_amd64_gcc472/external/py2-cjson/1.0.5-cms6/lib/python2.7/site-packages:/cvmfs/cms.cern.ch/slc5_amd64_gcc472/cms/das-client/1.11.7/bin:/cvmfs/cms.cern.ch/slc5_amd64_gcc472/external/elementtree/1.2.6-cms6/share/lib/python2.7/site-packages:/cvmfs/cms.cern.ch/slc5_amd64_gcc472/external/rivet/1.8.2-cms8/lib/python2.7/site-packages:/cvmfs/cms.cern.ch/slc5_amd64_gcc472/external/pyminuit2/0.0.1-cms19/lib/python2.7/site-packages:/cvmfs/cms.cern.ch/slc5_amd64_gcc472/external/py2-pygithub/1.23.0/lib/python2.7/site-packages:/cvmfs/cms.cern.ch/slc5_amd64_gcc472/external/professor/1.0.0-cms19/lib/python2.7/site-packages:/cvmfs/cms.cern.ch/slc5_amd64_gcc472/lcg/root/5.34.07-cms/lib:/cvmfs/cms.cern.ch/slc5_amd64_gcc472/cms/dbs-client/DBS_2_1_9-cms5/lib:/cvmfs/cms.cern.ch/slc5_amd64_gcc472/cms/dbs-client/DBS_2_1_9-cms5/lib/DBSAPI:/cvmfs/cms.cern.ch/slc5_amd64_gcc472/external/cvs2git/5419-cms/lib:/home/cms037/home_cream_515192016/CREAM515192016/glide_llc6cr/execute/dir_31227/
 
# LIMITS USED BY CRAB WATCHDOG:
# RSS  (KBytes)   : 2300000
# VSZ  (KBytes)   : 100000000
# DISK (MBytes)   : 19000
# CPU TIME        : 720h:0m:0s
# WALL CLOCK TIME : 21h:50m:0s
 
5854dd31cbd3cdec44c48628cc181cf0
PSETHASH = 5854dd31cbd3cdec44c48628cc181cf0
/home/cms037/home_cream_515192016/CREAM515192016/glide_llc6cr/execute/dir_31227/writeCfg.py pset.py pset.py
Importing .py file
Setting parameters
RandomNumberGeneratorService found, will attempt to change seeds
inputBlocks=/calabria_SingleMuPt5_GEN-SIM-DIGI-RECO_CMSSW_6_2_0_SLHC12_2023Scenario_Case2/calabria-calabria_SingleMuPt5_GEN-SIM-DIGI-RECO_CMSSW_6_2_0_SLHC12_2023Scenario_Case2-01e8787d2102816c4c34c374fc192ef2/USER#fa872e80-19b4-4996-b609-7193e7b31957
inputFiles=/store/user/calabria/calabria_SingleMuPt5_GEN-SIM-DIGI-RECO_CMSSW_6_2_0_SLHC12_2023Scenario_Case2/calabria_SingleMuPt5_GEN-SIM-DIGI-RECO_CMSSW_6_2_0_SLHC12_2023Scenario_Case2/01e8787d2102816c4c34c374fc192ef2/out_reco_158_2_kXB.root;/store/user/calabria/calabria_SingleMuPt5_GEN-SIM-DIGI-RECO_CMSSW_6_2_0_SLHC12_2023Scenario_Case2/calabria_SingleMuPt5_GEN-SIM-DIGI-RECO_CMSSW_6_2_0_SLHC12_2023Scenario_Case2/01e8787d2102816c4c34c374fc192ef2/out_reco_159_1_qTQ.root;/store/user/calabria/calabria_SingleMuPt5_GEN-SIM-DIGI-RECO_CMSSW_6_2_0_SLHC12_2023Scenario_Case2/calabria_SingleMuPt5_GEN-SIM-DIGI-RECO_CMSSW_6_2_0_SLHC12_2023Scenario_Case2/01e8787d2102816c4c34c374fc192ef2/out_reco_160_1_6u4.root;/store/user/calabria/calabria_SingleMuPt5_GEN-SIM-DIGI-RECO_CMSSW_6_2_0_SLHC12_2023Scenario_Case2/calabria_SingleMuPt5_GEN-SIM-DIGI-RECO_CMSSW_6_2_0_SLHC12_2023Scenario_Case2/01e8787d2102816c4c34c374fc192ef2/out_reco_161_2_lNU.root;/store/user/calabria/calabria_SingleMuPt5_GEN-SIM-DIGI-RECO_CMSSW_6_2_0_SLHC12_2023Scenario_Case2/calabria_SingleMuPt5_GEN-SIM-DIGI-RECO_CMSSW_6_2_0_SLHC12_2023Scenario_Case2/01e8787d2102816c4c34c374fc192ef2/out_reco_162_2_sLA.root;/store/user/calabria/calabria_SingleMuPt5_GEN-SIM-DIGI-RECO_CMSSW_6_2_0_SLHC12_2023Scenario_Case2/calabria_SingleMuPt5_GEN-SIM-DIGI-RECO_CMSSW_6_2_0_SLHC12_2023Scenario_Case2/01e8787d2102816c4c34c374fc192ef2/out_reco_163_2_3cv.root;/store/user/calabria/calabria_SingleMuPt5_GEN-SIM-DIGI-RECO_CMSSW_6_2_0_SLHC12_2023Scenario_Case2/calabria_SingleMuPt5_GEN-SIM-DIGI-RECO_CMSSW_6_2_0_SLHC12_2023Scenario_Case2/01e8787d2102816c4c34c374fc192ef2/out_reco_164_2_0sp.root;/store/user/calabria/calabria_SingleMuPt5_GEN-SIM-DIGI-RECO_CMSSW_6_2_0_SLHC12_2023Scenario_Case2/calabria_SingleMuPt5_GEN-SIM-DIGI-RECO_CMSSW_6_2_0_SLHC12_2023Scenario_Case2/01e8787d2102816c4c34c374fc192ef2/out_reco_165_2_AEU.root;/store/user/calabria/calabria_SingleMuPt5_GEN-SIM-DIGI-RECO_CMSSW_6_2_0_SLHC12_2023Scenario_Case2/calabria_SingleMuPt5_GEN-SIM-DIGI-RECO_CMSSW_6_2_0_SLHC12_2023Scenario_Case2/01e8787d2102816c4c34c374fc192ef2/out_reco_166_1_ndR.root;/store/user/calabria/calabria_SingleMuPt5_GEN-SIM-DIGI-RECO_CMSSW_6_2_0_SLHC12_2023Scenario_Case2/calabria_SingleMuPt5_GEN-SIM-DIGI-RECO_CMSSW_6_2_0_SLHC12_2023Scenario_Case2/01e8787d2102816c4c34c374fc192ef2/out_reco_168_2_5Hv.root
parentFiles=
lumisRange=
>>> Executable cmsRun
/cvmfs/cms.cern.ch/slc5_amd64_gcc472/cms/cmssw/CMSSW_6_2_0_SLHC12/bin/slc5_amd64_gcc472/cmsRun
ok executable found
>>> info for dashboard:
***** Cat /home/cms037/home_cream_515192016/CREAM515192016/glide_llc6cr/execute/dir_31227/jobreport.txt *****
MonitorJobID=8_https://submit-6.t2.ucsd.edu//140616//168559.7
MonitorID=calabria_MuMinus5_Case2_ReReco_89whx7
ExeStart=cmsRun
***** End Cat jobreport *****
Parameters sent to Dashboard.
>>> cmsRun started at Tue Jun 17 23:35:32 UTC 2014
>>> cmsRun ended at Tue Jun 17 23:41:27 UTC 2014
>>> crab_fjr_*.xml  permission set to 0704
>>> info for dashboard:
***** Cat /home/cms037/home_cream_515192016/CREAM515192016/glide_llc6cr/execute/dir_31227/jobreport.txt *****
MonitorJobID=8_https://submit-6.t2.ucsd.edu//140616//168559.7
MonitorID=calabria_MuMinus5_Case2_ReReco_89whx7
ExeEnd=cmsRun
***** End Cat jobreport *****
Parameters sent to Dashboard.
TIME_EXE = 355 sec
>>> cmsRun wrote 50 lines of stdout+stderr
>>> START OF printout of 50 lines from stdout+stderr
271 DQMStore::DQMStore 
HcalTopologyIdealEP::HcalTopologyIdealEP
18-Jun-2014 01:35:50 CEST  Initiating request to open file file:/lustre/cms//store/user/calabria/calabria_SingleMuPt5_GEN-SIM-DIGI-RECO_CMSSW_6_2_0_SLHC12_2023Scenario_Case2/calabria_SingleMuPt5_GEN-SIM-DIGI-RECO_CMSSW_6_2_0_SLHC12_2023Scenario_Case2/01e8787d2102816c4c34c374fc192ef2/out_reco_158_2_kXB.root
18-Jun-2014 01:35:53 CEST  Successfully opened file file:/lustre/cms//store/user/calabria/calabria_SingleMuPt5_GEN-SIM-DIGI-RECO_CMSSW_6_2_0_SLHC12_2023Scenario_Case2/calabria_SingleMuPt5_GEN-SIM-DIGI-RECO_CMSSW_6_2_0_SLHC12_2023Scenario_Case2/01e8787d2102816c4c34c374fc192ef2/out_reco_158_2_kXB.root
18-Jun-2014 01:36:27 CEST  Closed file file:/lustre/cms//store/user/calabria/calabria_SingleMuPt5_GEN-SIM-DIGI-RECO_CMSSW_6_2_0_SLHC12_2023Scenario_Case2/calabria_SingleMuPt5_GEN-SIM-DIGI-RECO_CMSSW_6_2_0_SLHC12_2023Scenario_Case2/01e8787d2102816c4c34c374fc192ef2/out_reco_158_2_kXB.root
18-Jun-2014 01:36:27 CEST  Initiating request to open file file:/lustre/cms//store/user/calabria/calabria_SingleMuPt5_GEN-SIM-DIGI-RECO_CMSSW_6_2_0_SLHC12_2023Scenario_Case2/calabria_SingleMuPt5_GEN-SIM-DIGI-RECO_CMSSW_6_2_0_SLHC12_2023Scenario_Case2/01e8787d2102816c4c34c374fc192ef2/out_reco_159_1_qTQ.root
18-Jun-2014 01:36:27 CEST  Successfully opened file file:/lustre/cms//store/user/calabria/calabria_SingleMuPt5_GEN-SIM-DIGI-RECO_CMSSW_6_2_0_SLHC12_2023Scenario_Case2/calabria_SingleMuPt5_GEN-SIM-DIGI-RECO_CMSSW_6_2_0_SLHC12_2023Scenario_Case2/01e8787d2102816c4c34c374fc192ef2/out_reco_159_1_qTQ.root
18-Jun-2014 01:37:00 CEST  Closed file file:/lustre/cms//store/user/calabria/calabria_SingleMuPt5_GEN-SIM-DIGI-RECO_CMSSW_6_2_0_SLHC12_2023Scenario_Case2/calabria_SingleMuPt5_GEN-SIM-DIGI-RECO_CMSSW_6_2_0_SLHC12_2023Scenario_Case2/01e8787d2102816c4c34c374fc192ef2/out_reco_159_1_qTQ.root
18-Jun-2014 01:37:00 CEST  Initiating request to open file file:/lustre/cms//store/user/calabria/calabria_SingleMuPt5_GEN-SIM-DIGI-RECO_CMSSW_6_2_0_SLHC12_2023Scenario_Case2/calabria_SingleMuPt5_GEN-SIM-DIGI-RECO_CMSSW_6_2_0_SLHC12_2023Scenario_Case2/01e8787d2102816c4c34c374fc192ef2/out_reco_160_1_6u4.root
18-Jun-2014 01:37:00 CEST  Successfully opened file file:/lustre/cms//store/user/calabria/calabria_SingleMuPt5_GEN-SIM-DIGI-RECO_CMSSW_6_2_0_SLHC12_2023Scenario_Case2/calabria_SingleMuPt5_GEN-SIM-DIGI-RECO_CMSSW_6_2_0_SLHC12_2023Scenario_Case2/01e8787d2102816c4c34c374fc192ef2/out_reco_160_1_6u4.root
18-Jun-2014 01:37:32 CEST  Closed file file:/lustre/cms//store/user/calabria/calabria_SingleMuPt5_GEN-SIM-DIGI-RECO_CMSSW_6_2_0_SLHC12_2023Scenario_Case2/calabria_SingleMuPt5_GEN-SIM-DIGI-RECO_CMSSW_6_2_0_SLHC12_2023Scenario_Case2/01e8787d2102816c4c34c374fc192ef2/out_reco_160_1_6u4.root
18-Jun-2014 01:37:32 CEST  Initiating request to open file file:/lustre/cms//store/user/calabria/calabria_SingleMuPt5_GEN-SIM-DIGI-RECO_CMSSW_6_2_0_SLHC12_2023Scenario_Case2/calabria_SingleMuPt5_GEN-SIM-DIGI-RECO_CMSSW_6_2_0_SLHC12_2023Scenario_Case2/01e8787d2102816c4c34c374fc192ef2/out_reco_161_2_lNU.root
18-Jun-2014 01:37:32 CEST  Successfully opened file file:/lustre/cms//store/user/calabria/calabria_SingleMuPt5_GEN-SIM-DIGI-RECO_CMSSW_6_2_0_SLHC12_2023Scenario_Case2/calabria_SingleMuPt5_GEN-SIM-DIGI-RECO_CMSSW_6_2_0_SLHC12_2023Scenario_Case2/01e8787d2102816c4c34c374fc192ef2/out_reco_161_2_lNU.root
18-Jun-2014 01:38:04 CEST  Closed file file:/lustre/cms//store/user/calabria/calabria_SingleMuPt5_GEN-SIM-DIGI-RECO_CMSSW_6_2_0_SLHC12_2023Scenario_Case2/calabria_SingleMuPt5_GEN-SIM-DIGI-RECO_CMSSW_6_2_0_SLHC12_2023Scenario_Case2/01e8787d2102816c4c34c374fc192ef2/out_reco_161_2_lNU.root
18-Jun-2014 01:38:04 CEST  Initiating request to open file file:/lustre/cms//store/user/calabria/calabria_SingleMuPt5_GEN-SIM-DIGI-RECO_CMSSW_6_2_0_SLHC12_2023Scenario_Case2/calabria_SingleMuPt5_GEN-SIM-DIGI-RECO_CMSSW_6_2_0_SLHC12_2023Scenario_Case2/01e8787d2102816c4c34c374fc192ef2/out_reco_162_2_sLA.root
18-Jun-2014 01:38:04 CEST  Successfully opened file file:/lustre/cms//store/user/calabria/calabria_SingleMuPt5_GEN-SIM-DIGI-RECO_CMSSW_6_2_0_SLHC12_2023Scenario_Case2/calabria_SingleMuPt5_GEN-SIM-DIGI-RECO_CMSSW_6_2_0_SLHC12_2023Scenario_Case2/01e8787d2102816c4c34c374fc192ef2/out_reco_162_2_sLA.root
18-Jun-2014 01:38:36 CEST  Closed file file:/lustre/cms//store/user/calabria/calabria_SingleMuPt5_GEN-SIM-DIGI-RECO_CMSSW_6_2_0_SLHC12_2023Scenario_Case2/calabria_SingleMuPt5_GEN-SIM-DIGI-RECO_CMSSW_6_2_0_SLHC12_2023Scenario_Case2/01e8787d2102816c4c34c374fc192ef2/out_reco_162_2_sLA.root
18-Jun-2014 01:38:36 CEST  Initiating request to open file file:/lustre/cms//store/user/calabria/calabria_SingleMuPt5_GEN-SIM-DIGI-RECO_CMSSW_6_2_0_SLHC12_2023Scenario_Case2/calabria_SingleMuPt5_GEN-SIM-DIGI-RECO_CMSSW_6_2_0_SLHC12_2023Scenario_Case2/01e8787d2102816c4c34c374fc192ef2/out_reco_163_2_3cv.root
18-Jun-2014 01:38:36 CEST  Successfully opened file file:/lustre/cms//store/user/calabria/calabria_SingleMuPt5_GEN-SIM-DIGI-RECO_CMSSW_6_2_0_SLHC12_2023Scenario_Case2/calabria_SingleMuPt5_GEN-SIM-DIGI-RECO_CMSSW_6_2_0_SLHC12_2023Scenario_Case2/01e8787d2102816c4c34c374fc192ef2/out_reco_163_2_3cv.root
18-Jun-2014 01:39:09 CEST  Closed file file:/lustre/cms//store/user/calabria/calabria_SingleMuPt5_GEN-SIM-DIGI-RECO_CMSSW_6_2_0_SLHC12_2023Scenario_Case2/calabria_SingleMuPt5_GEN-SIM-DIGI-RECO_CMSSW_6_2_0_SLHC12_2023Scenario_Case2/01e8787d2102816c4c34c374fc192ef2/out_reco_163_2_3cv.root
18-Jun-2014 01:39:09 CEST  Initiating request to open file file:/lustre/cms//store/user/calabria/calabria_SingleMuPt5_GEN-SIM-DIGI-RECO_CMSSW_6_2_0_SLHC12_2023Scenario_Case2/calabria_SingleMuPt5_GEN-SIM-DIGI-RECO_CMSSW_6_2_0_SLHC12_2023Scenario_Case2/01e8787d2102816c4c34c374fc192ef2/out_reco_164_2_0sp.root
18-Jun-2014 01:39:09 CEST  Successfully opened file file:/lustre/cms//store/user/calabria/calabria_SingleMuPt5_GEN-SIM-DIGI-RECO_CMSSW_6_2_0_SLHC12_2023Scenario_Case2/calabria_SingleMuPt5_GEN-SIM-DIGI-RECO_CMSSW_6_2_0_SLHC12_2023Scenario_Case2/01e8787d2102816c4c34c374fc192ef2/out_reco_164_2_0sp.root
18-Jun-2014 01:39:41 CEST  Closed file file:/lustre/cms//store/user/calabria/calabria_SingleMuPt5_GEN-SIM-DIGI-RECO_CMSSW_6_2_0_SLHC12_2023Scenario_Case2/calabria_SingleMuPt5_GEN-SIM-DIGI-RECO_CMSSW_6_2_0_SLHC12_2023Scenario_Case2/01e8787d2102816c4c34c374fc192ef2/out_reco_164_2_0sp.root
18-Jun-2014 01:39:41 CEST  Initiating request to open file file:/lustre/cms//store/user/calabria/calabria_SingleMuPt5_GEN-SIM-DIGI-RECO_CMSSW_6_2_0_SLHC12_2023Scenario_Case2/calabria_SingleMuPt5_GEN-SIM-DIGI-RECO_CMSSW_6_2_0_SLHC12_2023Scenario_Case2/01e8787d2102816c4c34c374fc192ef2/out_reco_165_2_AEU.root
18-Jun-2014 01:39:41 CEST  Successfully opened file file:/lustre/cms//store/user/calabria/calabria_SingleMuPt5_GEN-SIM-DIGI-RECO_CMSSW_6_2_0_SLHC12_2023Scenario_Case2/calabria_SingleMuPt5_GEN-SIM-DIGI-RECO_CMSSW_6_2_0_SLHC12_2023Scenario_Case2/01e8787d2102816c4c34c374fc192ef2/out_reco_165_2_AEU.root
18-Jun-2014 01:40:14 CEST  Closed file file:/lustre/cms//store/user/calabria/calabria_SingleMuPt5_GEN-SIM-DIGI-RECO_CMSSW_6_2_0_SLHC12_2023Scenario_Case2/calabria_SingleMuPt5_GEN-SIM-DIGI-RECO_CMSSW_6_2_0_SLHC12_2023Scenario_Case2/01e8787d2102816c4c34c374fc192ef2/out_reco_165_2_AEU.root
18-Jun-2014 01:40:14 CEST  Initiating request to open file file:/lustre/cms//store/user/calabria/calabria_SingleMuPt5_GEN-SIM-DIGI-RECO_CMSSW_6_2_0_SLHC12_2023Scenario_Case2/calabria_SingleMuPt5_GEN-SIM-DIGI-RECO_CMSSW_6_2_0_SLHC12_2023Scenario_Case2/01e8787d2102816c4c34c374fc192ef2/out_reco_166_1_ndR.root
18-Jun-2014 01:40:14 CEST  Successfully opened file file:/lustre/cms//store/user/calabria/calabria_SingleMuPt5_GEN-SIM-DIGI-RECO_CMSSW_6_2_0_SLHC12_2023Scenario_Case2/calabria_SingleMuPt5_GEN-SIM-DIGI-RECO_CMSSW_6_2_0_SLHC12_2023Scenario_Case2/01e8787d2102816c4c34c374fc192ef2/out_reco_166_1_ndR.root
18-Jun-2014 01:40:46 CEST  Closed file file:/lustre/cms//store/user/calabria/calabria_SingleMuPt5_GEN-SIM-DIGI-RECO_CMSSW_6_2_0_SLHC12_2023Scenario_Case2/calabria_SingleMuPt5_GEN-SIM-DIGI-RECO_CMSSW_6_2_0_SLHC12_2023Scenario_Case2/01e8787d2102816c4c34c374fc192ef2/out_reco_166_1_ndR.root
18-Jun-2014 01:40:46 CEST  Initiating request to open file file:/lustre/cms//store/user/calabria/calabria_SingleMuPt5_GEN-SIM-DIGI-RECO_CMSSW_6_2_0_SLHC12_2023Scenario_Case2/calabria_SingleMuPt5_GEN-SIM-DIGI-RECO_CMSSW_6_2_0_SLHC12_2023Scenario_Case2/01e8787d2102816c4c34c374fc192ef2/out_reco_168_2_5Hv.root
18-Jun-2014 01:40:46 CEST  Successfully opened file file:/lustre/cms//store/user/calabria/calabria_SingleMuPt5_GEN-SIM-DIGI-RECO_CMSSW_6_2_0_SLHC12_2023Scenario_Case2/calabria_SingleMuPt5_GEN-SIM-DIGI-RECO_CMSSW_6_2_0_SLHC12_2023Scenario_Case2/01e8787d2102816c4c34c374fc192ef2/out_reco_168_2_5Hv.root
18-Jun-2014 01:41:27 CEST  Closed file file:/lustre/cms//store/user/calabria/calabria_SingleMuPt5_GEN-SIM-DIGI-RECO_CMSSW_6_2_0_SLHC12_2023Scenario_Case2/calabria_SingleMuPt5_GEN-SIM-DIGI-RECO_CMSSW_6_2_0_SLHC12_2023Scenario_Case2/01e8787d2102816c4c34c374fc192ef2/out_reco_168_2_5Hv.root

=============================================

MessageLogger Summary

 type     category        sev    module        subroutine        count    total
 ---- -------------------- -- ---------------- ----------------  -----    -----
    1 fileAction           -s file_close                            10       10
    2 fileAction           -s file_open                             20       20

 type    category    Examples: run/evt        run/evt          run/evt
 ---- -------------------- ---------------- ---------------- ----------------
    1 fileAction           PostProcessEvent PostProcessEvent PostEndRun
    2 fileAction           pre-events       pre-events       PostProcessEvent

Severity    # Occurrences   Total Occurrences
--------    -------------   -----------------
System                 30                  30
>>> END OF printout of 50 lines from stdout+stderr
>>> Parse FrameworkJobReport crab_fjr.xml
Result of parsing the FrameworkJobReport crab_fjr.xml: Popularity start
lumisRange : 1::::1;1::::2;1::::3;1::::4;1::::5;1::::6;1::::7;1::::8;1::::9;1::::10;
lumisParentRange : 
Basename : /store/user/calabria/calabria_SingleMuPt5_GEN-SIM-DIGI-RECO_CMSSW_6_2_0_SLHC12_2023Scenario_Case2/calabria_SingleMuPt5_GEN-SIM-DIGI-RECO_CMSSW_6_2_0_SLHC12_2023Scenario_Case2/01e8787d2102816c4c34c374fc192ef2/out_reco_1
BasenameParent : 
parentFiles : 
inputBlocks : /calabria_SingleMuPt5_GEN-SIM-DIGI-RECO_CMSSW_6_2_0_SLHC12_2023Scenario_Case2/calabria-calabria_SingleMuPt5_GEN-SIM-DIGI-RECO_CMSSW_6_2_0_SLHC12_2023Scenario_Case2-01e8787d2102816c4c34c374fc192ef2/USER#fa872e80-19b4-4996-b609-7193e7b31957
inputFiles : 63_2_3cv.root::1::EDM::Local::1;60_1_6u4.root::1::EDM::Local::2;61_2_lNU.root::1::EDM::Local::3;66_1_ndR.root::1::EDM::Local::4;65_2_AEU.root::1::EDM::Local::5;58_2_kXB.root::1::EDM::Local::6;59_1_qTQ.root::1::EDM::Local::7;64_2_0sp.root::1::EDM::Local::8;68_2_5Hv.root::1::EDM::Local::9;62_2_sLA.root::1::EDM::Local::10;
Popularity stop
Extracted ExitStatus from FrameworkJobReport parsing output: 0
>>> Executable succeded  0
ExeExitCode=0
EXECUTABLE_EXIT_STATUS = 0
>>> current directory /home/cms037/home_cream_515192016/CREAM515192016/glide_llc6cr/execute/dir_31227/CMSSW_6_2_0_SLHC12
>>>  (SOFTWARE_DIR): /home/cms037/home_cream_515192016/CREAM515192016/glide_llc6cr/execute/dir_31227/CMSSW_6_2_0_SLHC12
>>> (WORKING_DIR): 
>>> current directory content:
total 10468
drwxr-xr-x 3 cms037 cms    4096 Jun 18 01:35 .SCRAM
-rw------- 1 cms037 cms 3740422 Jun 18 01:35 CMSSW.py.pkl
drwxr-xr-x 3 cms037 cms    4096 Jun 18 01:35 bin
drwxr-xr-x 3 cms037 cms    4096 Jun 18 01:35 cfipython
drwxr-xr-x 4 cms037 cms    4096 Jun 18 01:35 config
-rw------- 1 cms037 cms      16 Jun 18 01:41 cpu_timing.txt
drwxr-xr-x 2 cms037 cms    4096 Jun 18 01:35 doc
-rw------- 1 cms037 cms    9865 Jun 18 01:41 executable.out
drwxr-xr-x 2 cms037 cms    4096 Jun 18 01:35 include
drwx------ 3 cms037 cms    4096 Apr 28 18:12 lib
drwxr-xr-x 3 cms037 cms    4096 Jun 18 01:35 logs
drwxr-xr-x 3 cms037 cms    4096 Jun 18 01:35 objs
-rw------- 1 cms037 cms     104 Jun 18 01:35 pset.py
-rw------- 1 cms037 cms 3712292 Jun 18 01:35 pset.py.pkl
-rw------- 1 cms037 cms     289 Jun 18 01:35 pset.pyc
drwxr-xr-x 2 cms037 cms    4096 Jun 18 01:35 python
-rw------- 1 cms037 cms     401 Jun 18 01:41 report.log
drwx------ 6 cms037 cms    4096 Jun 18 01:35 src
drwxr-xr-x 3 cms037 cms    4096 Jun 18 01:35 test
drwxr-xr-x 3 cms037 cms    4096 Jun 18 01:35 tmp
-rw------- 1 cms037 cms 3165636 Jun 18 01:41 validationEDM.root
>>> current directory /home/cms037/home_cream_515192016/CREAM515192016/glide_llc6cr/execute/dir_31227/CMSSW_6_2_0_SLHC12
>>> (SOFTWARE_DIR): /home/cms037/home_cream_515192016/CREAM515192016/glide_llc6cr/execute/dir_31227/CMSSW_6_2_0_SLHC12
>>> (WORKING_DIR): 
>>> current directory content:
total 10468
drwxr-xr-x 3 cms037 cms    4096 Jun 18 01:35 .SCRAM
-rw------- 1 cms037 cms 3740422 Jun 18 01:35 CMSSW.py.pkl
drwxr-xr-x 3 cms037 cms    4096 Jun 18 01:35 bin
drwxr-xr-x 3 cms037 cms    4096 Jun 18 01:35 cfipython
drwxr-xr-x 4 cms037 cms    4096 Jun 18 01:35 config
-rw------- 1 cms037 cms      16 Jun 18 01:41 cpu_timing.txt
drwxr-xr-x 2 cms037 cms    4096 Jun 18 01:35 doc
-rw------- 1 cms037 cms    9865 Jun 18 01:41 executable.out
drwxr-xr-x 2 cms037 cms    4096 Jun 18 01:35 include
drwx------ 3 cms037 cms    4096 Apr 28 18:12 lib
drwxr-xr-x 3 cms037 cms    4096 Jun 18 01:35 logs
drwxr-xr-x 3 cms037 cms    4096 Jun 18 01:35 objs
-rw------- 1 cms037 cms     104 Jun 18 01:35 pset.py
-rw------- 1 cms037 cms 3712292 Jun 18 01:35 pset.py.pkl
-rw------- 1 cms037 cms     289 Jun 18 01:35 pset.pyc
drwxr-xr-x 2 cms037 cms    4096 Jun 18 01:35 python
-rw------- 1 cms037 cms     401 Jun 18 01:41 report.log
drwx------ 6 cms037 cms    4096 Jun 18 01:35 src
drwxr-xr-x 3 cms037 cms    4096 Jun 18 01:35 test
drwxr-xr-x 3 cms037 cms    4096 Jun 18 01:35 tmp
-rw------- 1 cms037 cms 3165636 Jun 18 01:41 validationEDM_8_1_XX5.root
>>> current directory (RUNTIME_AREA):  /home/cms037/home_cream_515192016/CREAM515192016/glide_llc6cr/execute/dir_31227
SE = storm-se-01.ba.infn.it
SE_PATH = /srm/managerv2?SFN=//cms/store/user/calabria/calabria_SingleMuPt5_GEN-SIM-DIGI-RECO_CMSSW_6_2_0_SLHC12_2023Scenario_Case2/calabria_MuMinus5_GEN-SIM-DIGI-RECO_CMSSW_6_2_0_SLHC12_2023Scenario_VALNOPU2_Case2/5854dd31cbd3cdec44c48628cc181cf0/
LFNBaseName = /store/user/calabria/calabria_SingleMuPt5_GEN-SIM-DIGI-RECO_CMSSW_6_2_0_SLHC12_2023Scenario_Case2/calabria_MuMinus5_GEN-SIM-DIGI-RECO_CMSSW_6_2_0_SLHC12_2023Scenario_VALNOPU2_Case2/5854dd31cbd3cdec44c48628cc181cf0/
USER = calabria
endpoint = srm://storm-se-01.ba.infn.it:8444/srm/managerv2?SFN=//cms/store/user/calabria/calabria_SingleMuPt5_GEN-SIM-DIGI-RECO_CMSSW_6_2_0_SLHC12_2023Scenario_Case2/calabria_MuMinus5_GEN-SIM-DIGI-RECO_CMSSW_6_2_0_SLHC12_2023Scenario_VALNOPU2_Case2/5854dd31cbd3cdec44c48628cc181cf0/
>>> Copy output files from WN = alicegrid68.ba.infn.it to /srm/managerv2?SFN=//cms/store/user/calabria/calabria_SingleMuPt5_GEN-SIM-DIGI-RECO_CMSSW_6_2_0_SLHC12_2023Scenario_Case2/calabria_MuMinus5_GEN-SIM-DIGI-RECO_CMSSW_6_2_0_SLHC12_2023Scenario_VALNOPU2_Case2/5854dd31cbd3cdec44c48628cc181cf0/ :
python cmscp.py  --destination srm://storm-se-01.ba.infn.it:8444/srm/managerv2?SFN=//cms/store/user/calabria/calabria_SingleMuPt5_GEN-SIM-DIGI-RECO_CMSSW_6_2_0_SLHC12_2023Scenario_Case2/calabria_MuMinus5_GEN-SIM-DIGI-RECO_CMSSW_6_2_0_SLHC12_2023Scenario_VALNOPU2_Case2/5854dd31cbd3cdec44c48628cc181cf0/ --inputFileList /home/cms037/home_cream_515192016/CREAM515192016/glide_llc6cr/execute/dir_31227/CMSSW_6_2_0_SLHC12/validationEDM_8_1_XX5.root --middleware LCG --se_name storm-se-01.ba.infn.it --for_lfn /store/user/calabria/calabria_SingleMuPt5_GEN-SIM-DIGI-RECO_CMSSW_6_2_0_SLHC12_2023Scenario_Case2/calabria_MuMinus5_GEN-SIM-DIGI-RECO_CMSSW_6_2_0_SLHC12_2023Scenario_VALNOPU2_Case2/5854dd31cbd3cdec44c48628cc181cf0/    
******************************************************
localSeName  =  storm-se-01.ba.infn.it
remoteSeName =  storm-se-01.ba.infn.it
******************************************************
{"/home/cms037/home_cream_515192016/CREAM515192016/glide_llc6cr/execute/dir_31227/CMSSW_6_2_0_SLHC12/validationEDM_8_1_XX5.root": {"endpoint": "srm://storm-se-01.ba.infn.it:8444/srm/managerv2?SFN=//cms/store/user/calabria/calabria_SingleMuPt5_GEN-SIM-DIGI-RECO_CMSSW_6_2_0_SLHC12_2023Scenario_Case2/calabria_MuMinus5_GEN-SIM-DIGI-RECO_CMSSW_6_2_0_SLHC12_2023Scenario_VALNOPU2_Case2/5854dd31cbd3cdec44c48628cc181cf0/", "surl_for_grid": "", "reason": "Copy succedeed with srm-lcg utils", "erCode": "0", "se_name": "storm-se-01.ba.infn.it", "for_lfn": "/store/user/calabria/calabria_SingleMuPt5_GEN-SIM-DIGI-RECO_CMSSW_6_2_0_SLHC12_2023Scenario_Case2/calabria_MuMinus5_GEN-SIM-DIGI-RECO_CMSSW_6_2_0_SLHC12_2023Scenario_VALNOPU2_Case2/5854dd31cbd3cdec44c48628cc181cf0/"}}/home/cms037/home_cream_515192016/CREAM515192016/glide_llc6cr/execute/dir_31227
-------- cat /home/cms037/home_cream_515192016/CREAM515192016/glide_llc6cr/execute/dir_31227/cmscpReport.sh 
#!/bin/bash
echo "Report for File: /home/cms037/home_cream_515192016/CREAM515192016/glide_llc6cr/execute/dir_31227/CMSSW_6_2_0_SLHC12/validationEDM_8_1_XX5.root"
echo "LFN: /store/user/calabria/calabria_SingleMuPt5_GEN-SIM-DIGI-RECO_CMSSW_6_2_0_SLHC12_2023Scenario_Case2/calabria_MuMinus5_GEN-SIM-DIGI-RECO_CMSSW_6_2_0_SLHC12_2023Scenario_VALNOPU2_Case2/5854dd31cbd3cdec44c48628cc181cf0/validationEDM_8_1_XX5.root"
echo "StorageElement: storm-se-01.ba.infn.it"
echo "StageOutExitStatusReason = 'Copy succedeed with srm-lcg utils'" | tee -a $RUNTIME_AREA/$repo
echo "StageOutSE = storm-se-01.ba.infn.it" >> $RUNTIME_AREA/$repo

export StageOutExitStatus=0
echo "StageOutExitStatus = 0" | tee -a $RUNTIME_AREA/$repo
-------- end of /home/cms037/home_cream_515192016/CREAM515192016/glide_llc6cr/execute/dir_31227/cmscpReport.sh 
Report for File: /home/cms037/home_cream_515192016/CREAM515192016/glide_llc6cr/execute/dir_31227/CMSSW_6_2_0_SLHC12/validationEDM_8_1_XX5.root
LFN: /store/user/calabria/calabria_SingleMuPt5_GEN-SIM-DIGI-RECO_CMSSW_6_2_0_SLHC12_2023Scenario_Case2/calabria_MuMinus5_GEN-SIM-DIGI-RECO_CMSSW_6_2_0_SLHC12_2023Scenario_VALNOPU2_Case2/5854dd31cbd3cdec44c48628cc181cf0/validationEDM_8_1_XX5.root
StorageElement: storm-se-01.ba.infn.it
StageOutExitStatusReason = 'Copy succedeed with srm-lcg utils'
StageOutExitStatus = 0
>>> current dir: /home/cms037/home_cream_515192016/CREAM515192016/glide_llc6cr/execute/dir_31227
>>> current dir content:
total 28076
-rw-------  1 cms037 cms     2768 Jun 18 01:42 .SEinteraction.log
-rwx------  1 cms037 cms     6776 Jun 18 01:34 .job.ad
-rwx------  1 cms037 cms     9469 Jun 18 01:34 .machine.ad
-rw-------  1 cms037 cms      105 Jun 16 20:41 CMSSW.py
-rw-------  1 cms037 cms  3740422 Jun 16 20:41 CMSSW.py.pkl
-rwx------  1 cms037 cms    29543 Jun 18 01:35 CMSSW.sh
drwxr-xr-x 15 cms037 cms     4096 Jun 18 01:41 CMSSW_6_2_0_SLHC12
-rw-------  1 cms037 cms      220 Jun 18 01:35 CacheEnv.sh
-rw-------  1 cms037 cms     7291 Apr  4 11:04 DashboardAPI.py
-rw-------  1 cms037 cms     6815 Jun 18 01:35 DashboardAPI.pyc
drwx------  2 cms037 cms     4096 Jun 18 01:41 IMProv
-rw-------  1 cms037 cms     2748 Apr  4 11:04 Logger.py
-rw-------  1 cms037 cms     3347 Jun 18 01:35 Logger.pyc
-rw-------  1 cms037 cms    24524 Apr  4 11:04 ProcInfo.py
-rw-------  1 cms037 cms    23197 Jun 18 01:35 ProcInfo.pyc
drwx------  7 cms037 cms     4096 Jun 18 01:35 ProdCommon
drwx------  3 cms037 cms     4096 Jun 18 01:35 WMCore
-rw-------  1 cms037 cms     2503 Jun 18 01:42 Watchdog_8.log
-rwx------  1 cms037 cms        0 Jun 18 01:35 _condor_stderr
-rwx---r--  1 cms037 cms    29298 Jun 18 01:42 _condor_stdout
-rw-------  1 cms037 cms    32895 Apr  4 11:04 apmon.py
-rw-------  1 cms037 cms    28625 Jun 18 01:35 apmon.pyc
-rwx------  1 cms037 cms    53046 Jun 18 01:35 arguments.xml
-rwx------  1 cms037 cms    38515 Apr  4 11:04 cmscp.py
-rw-------  1 cms037 cms      714 Jun 18 01:42 cmscpReport.sh
-rwx------  1 cms037 cms    29543 Jun 18 01:35 condor_exec.exe
-rw-------  1 cms037 cms      953 Jun 16 20:41 crab.cfg
-rwx------  1 cms037 cms     8610 Apr  4 11:04 crabWatchdog.sh
-rwx---r--  1 cms037 cms   523207 Jun 18 01:41 crab_fjr_8.xml
-rwx------  1 cms037 cms 23960084 Jun 18 01:35 default.tgz
-rwx------  1 cms037 cms     4488 Apr  4 11:04 fillCrabFjr.py
-rw-------  1 cms037 cms     2607 Jun 18 01:35 inputsReport.txt
-rw-------  1 cms037 cms      258 Jun 18 01:42 jobreport.txt
-rw-------  1 cms037 cms    17352 Apr  4 11:04 parseCrabFjr.py
-rw-------  1 cms037 cms      328 Jun 18 01:35 report.log
-rwx--x--x  1 cms037 cms     1497 Apr  4 11:04 report.py
-rw-------  1 cms037 cms      767 Jun 18 01:42 resultCopyFile
lrwxrwxrwx  1 cms037 cms      125 Jun 18 01:41 validationEDM.root -> /home/cms037/home_cream_515192016/CREAM515192016/glide_llc6cr/execute/dir_31227/CMSSW_6_2_0_SLHC12/validationEDM_8_1_XX5.root
-rwx------  1 cms037 cms     8387 Apr  4 11:04 writeCfg.py
-rw-------  1 cms037 cms     8010 Jun 18 01:34 x509up_u50707
>>> Modify Job Report:
CMSSW_VERSION = CMSSW_6_2_0_SLHC12
ProcessedDataset = calabria_MuMinus5_GEN-SIM-DIGI-RECO_CMSSW_6_2_0_SLHC12_2023Scenario_VALNOPU2_Case2
/home/cms037/home_cream_515192016/CREAM515192016/glide_llc6cr/execute/dir_31227/ProdCommon/FwkJobRep/ModifyJobReport.py fjr /home/cms037/home_cream_515192016/CREAM515192016/glide_llc6cr/execute/dir_31227/crab_fjr_8.xml json /home/cms037/home_cream_515192016/CREAM515192016/glide_llc6cr/execute/dir_31227/resultCopyFile n_job 8_1_XX5 PrimaryDataset calabria_SingleMuPt5_GEN-SIM-DIGI-RECO_CMSSW_6_2_0_SLHC12_2023Scenario_Case2  ApplicationFamily cmsRun ApplicationName cmsRun cmssw_version CMSSW_6_2_0_SLHC12 psethash 5854dd31cbd3cdec44c48628cc181cf0 UserProcessedDataset calabria-calabria_MuMinus5_GEN-SIM-DIGI-RECO_CMSSW_6_2_0_SLHC12_2023Scenario_VALNOPU2_Case2-5854dd31cbd3cdec44c48628cc181cf0
inputDict =  {u'/home/cms037/home_cream_515192016/CREAM515192016/glide_llc6cr/execute/dir_31227/CMSSW_6_2_0_SLHC12/validationEDM_8_1_XX5.root': {u'endpoint': u'srm://storm-se-01.ba.infn.it:8444/srm/managerv2?SFN=//cms/store/user/calabria/calabria_SingleMuPt5_GEN-SIM-DIGI-RECO_CMSSW_6_2_0_SLHC12_2023Scenario_Case2/calabria_MuMinus5_GEN-SIM-DIGI-RECO_CMSSW_6_2_0_SLHC12_2023Scenario_VALNOPU2_Case2/5854dd31cbd3cdec44c48628cc181cf0/', u'surl_for_grid': u'', u'reason': u'Copy succedeed with srm-lcg utils', u'erCode': u'0', u'se_name': u'storm-se-01.ba.infn.it', u'for_lfn': u'/store/user/calabria/calabria_SingleMuPt5_GEN-SIM-DIGI-RECO_CMSSW_6_2_0_SLHC12_2023Scenario_Case2/calabria_MuMinus5_GEN-SIM-DIGI-RECO_CMSSW_6_2_0_SLHC12_2023Scenario_VALNOPU2_Case2/5854dd31cbd3cdec44c48628cc181cf0/'}}
UserProcessedDataset =  calabria-calabria_MuMinus5_GEN-SIM-DIGI-RECO_CMSSW_6_2_0_SLHC12_2023Scenario_VALNOPU2_Case2-5854dd31cbd3cdec44c48628cc181cf0
file_name in inputDict =  /home/cms037/home_cream_515192016/CREAM515192016/glide_llc6cr/execute/dir_31227/CMSSW_6_2_0_SLHC12/validationEDM_8_1_XX5.root
(size) os.stat(filename)[6] =  3165636
checksum =  298451529
    file =  validationEDM_8_1_XX5.root
    newPfn =  srm://storm-se-01.ba.infn.it:8444/srm/managerv2?SFN=//cms/store/user/calabria/calabria_SingleMuPt5_GEN-SIM-DIGI-RECO_CMSSW_6_2_0_SLHC12_2023Scenario_Case2/calabria_MuMinus5_GEN-SIM-DIGI-RECO_CMSSW_6_2_0_SLHC12_2023Scenario_VALNOPU2_Case2/5854dd31cbd3cdec44c48628cc181cf0/validationEDM_8_1_XX5.root
    newLfn =  /store/user/calabria/calabria_SingleMuPt5_GEN-SIM-DIGI-RECO_CMSSW_6_2_0_SLHC12_2023Scenario_Case2/calabria_MuMinus5_GEN-SIM-DIGI-RECO_CMSSW_6_2_0_SLHC12_2023Scenario_VALNOPU2_Case2/5854dd31cbd3cdec44c48628cc181cf0/validationEDM_8_1_XX5.root
>>> crab_fjr_*.xml  permission set to 0704
CrabWrapper EXIT_FUNC entered at Wed Jun 18 01:42:37 CEST 2014   -  Tue Jun 17 23:42:37 UTC 2014
Checking output files:  
will tar file crab_fjr_8.xml in  out_files_8
WARNING: output file CMSSW_8.stdout not found!
WARNING: output file CMSSW_8.stderr not found!
WARNING: output file Watchdog_8.log.gz not found!
>>> padding time: Sleeping the wrapper for 149 seconds
STOPPING WATCHDOG. CrabWatchdog PID is 31422
********** LAST 50 LINES OF WATCHDOG LOG
# RESOURCE USAGE SUMMARY FOR PROCESS ID 31233
USER       PID %CPU %MEM    VSZ   RSS TTY      STAT START   TIME COMMAND
cms037   31233  0.3  0.0   9496  1592 ?        S    01:35   0:00 /bin/sh /home/cms037/home_cream_515192016/CREAM515192016/glide_llc6cr/execute/dir_31227/condor_exec.exe 8 1
 
# LIMITS USED BY CRAB WATCHDOG:
# RSS  (KBytes)   : 2300000
# VSZ  (KBytes)   : 100000000
# DISK (MBytes)   : 19000
# CPU TIME        : 720h:0m:0s
# WALL CLOCK TIME : 21h:50m:0s
 
# FOLLOWING PRINTOUT TRACKS MAXIMUM VALUES OF RESOURCES USE
# ONE LINE IS PRINTED EACH TIME A MAXIMUM CHANGES
# IF CHANGE WAS IN RSS OR VSZ ALSO PROCID AND COMMAND ARE PRINTED
# THERE IS NO PRINTOUT FOR CPU/WALL TIME INCREASE
 
# TIME			PID	RSS(KB)	VSZ(KB)	Dsk(MB)	tCPU(s)	tWALL(s)	COMMAND
 Jun 18 01:35:13 CEST	19517	1256	106092	0	0	0	sh -c "./glidein_startup.sh" -v std -name v3_0 -entry CMS_T2_IT_Bari_ce2 -clientname UCSD-v1_0.main
 Jun 18 01:35:13 CEST	19522	1772	106492	0	0	0	/bin/bash ./glidein_startup.sh -v std -name v3_0 -entry CMS_T2_IT_Bari_ce2 -clientname UCSD-v1_0.main -schedd
 Jun 18 01:35:13 CEST	30484	8012	106492	0	0	0	/home/cms037/home_cream_515192016/CREAM515192016/glide_llc6cr/main/condor/sbin/condor_master -f -pidfile /home/cms037/home_cream_515192016/CREAM515192016/glide_llc6cr/condor_master2.pid       
 Jun 18 01:35:13 CEST	31062	8720	106492	0	2	0	condor_startd -f         
 Jun 18 01:35:13 CEST	31434	38540	106492	0	0	0	edmConfigHash pset.py         
 Jun 18 01:35:13 CEST	---	38540	106492	171	----	----	----
 Jun 18 01:36:13 CEST	539	764688	982108	171	33	60	cmsRun -j /home/cms037/home_cream_515192016/CREAM515192016/glide_llc6cr/execute/dir_31227/crab_fjr_8.xml -p pset.py      
 Jun 18 01:36:13 CEST	---	764688	982108	175	----	----	----
 Jun 18 01:37:14 CEST	539	791824	1005660	175	83	121	cmsRun -j /home/cms037/home_cream_515192016/CREAM515192016/glide_llc6cr/execute/dir_31227/crab_fjr_8.xml -p pset.py      
 Jun 18 01:38:15 CEST	539	791824	1008988	175	133	182	cmsRun -j /home/cms037/home_cream_515192016/CREAM515192016/glide_llc6cr/execute/dir_31227/crab_fjr_8.xml -p pset.py      
 Jun 18 01:39:15 CEST	539	800308	1018204	175	182	243	cmsRun -j /home/cms037/home_cream_515192016/CREAM515192016/glide_llc6cr/execute/dir_31227/crab_fjr_8.xml -p pset.py      
 Jun 18 01:41:17 CEST	539	823808	1031516	175	287	364	cmsRun -j /home/cms037/home_cream_515192016/CREAM515192016/glide_llc6cr/execute/dir_31227/crab_fjr_8.xml -p pset.py      
 Jun 18 01:42:18 CEST	---	823808	1031516	179	----	----	----
********** WATCHDOG LOG ENDED
ZIPPING WATCHDOG LOG
Disk space used:
du -sh /home/cms037/home_cream_515192016/CREAM515192016/glide_llc6cr/execute/dir_31227
179M	/home/cms037/home_cream_515192016/CREAM515192016/glide_llc6cr/execute/dir_31227
Found unusual stdout, rename for OSB
`/home/cms037/home_cream_515192016/CREAM515192016/glide_llc6cr/execute/dir_31227/_condor_stdout' -> `CMSSW_8.stdout'
Found unusual stderr, rename for OSB
`/home/cms037/home_cream_515192016/CREAM515192016/glide_llc6cr/execute/dir_31227/_condor_stdout' -> `CMSSW_8.stderr'
crab_fjr_8.xml
CMSSW_8.stdout
CMSSW_8.stderr
Watchdog_8.log.gz
Total Output dimension: 70037
WARNING: output files size limit is set to: 50000000
Total Output dimension 70037 is fine.
JOB_EXIT_STATUS = 0
>>> info for dashboard:
***** Cat /home/cms037/home_cream_515192016/CREAM515192016/glide_llc6cr/execute/dir_31227/jobreport.txt *****
MonitorJobID=8_https://submit-6.t2.ucsd.edu//140616//168559.7
MonitorID=calabria_MuMinus5_Case2_ReReco_89whx7
ExeTime=355
ExeExitCode=0
StageOutExitStatusReason = 'Copy succedeed with srm-lcg utils'
StageOutSE = storm-se-01.ba.infn.it
StageOutExitStatus = 0
CrabUserCpuTime=294.55
CrabSysCpuTime=3.59
CrabCpuPercentage=83%
CrabWrapperTime=600
CrabStageoutTime=52
JobExitCode=0
***** End Cat jobreport *****
Parameters sent to Dashboard.
EXITING at Wed Jun 18 01:45:12 CEST 2014  -  Tue Jun 17 23:45:12 UTC 2014
