This script was generated by crab (version 2.10.5_patch1).
Running /home/cms015/home_cream_609231609/CREAM609231609/glide_kFLiIo/execute/dir_20113/condor_exec.exe with 2 positional parameters: 14 1
Today is Wed Jun 18 01:29:50 CEST 2014 - Tue Jun 17 23:29:50 UTC 2014
Job submitted on host pccms124.ba.infn.it
Linux pccms124.ba.infn.it 2.6.32-358.23.2.el6.x86_64 #1 SMP Thu Oct 17 10:27:22 CEST 2013 x86_64 x86_64 x86_64 GNU/Linux
>>> current directory (RUNTIME_AREA): /home/cms015/home_cream_609231609/CREAM609231609/glide_kFLiIo/execute/dir_20113
>>> current user: uid=11815(cms015) gid=1399(cms) groups=1399(cms)
>>> directory permission set to 0700
>>> umask set to:  u=rwx,g=,o=
>>> stdout stderr permission set to 0704
>>> voms proxy information:
subject   : /C=IT/O=INFN/OU=Personal Certificate/L=Bari/CN=Cesare Calabria/CN=477126703/CN=2009087842
issuer    : /C=IT/O=INFN/OU=Personal Certificate/L=Bari/CN=Cesare Calabria/CN=477126703
identity  : /C=IT/O=INFN/OU=Personal Certificate/L=Bari/CN=Cesare Calabria
type      : RFC3820 compliant limited proxy
strength  : 1024
path      : /home/cms015/home_cream_609231609/CREAM609231609/glide_kFLiIo/execute/dir_20113/x509up_u50707
timeleft  : 23:58:18
key usage : Digital Signature, Key Encipherment, Data Encipherment
=== VO cms extension information ===
VO        : cms
subject   : /C=IT/O=INFN/OU=Personal Certificate/L=Bari/CN=Cesare Calabria
issuer    : /DC=ch/DC=cern/OU=computers/CN=voms.cern.ch
attribute : /cms/Role=NULL/Capability=NULL
attribute : /cms/itcms/Role=NULL/Capability=NULL
timeleft  : 153:54:28
uri       : voms.cern.ch:15002

WNHostName=pccms124.ba.infn.it
>>> tar --no-same-permissions -xf /home/cms015/home_cream_609231609/CREAM609231609/glide_kFLiIo/execute/dir_20113/default.tgz :
Successful untar
>>> Include /home/cms015/home_cream_609231609/CREAM609231609/glide_kFLiIo/execute/dir_20113 in PYTHONPATH:
strip arguments
env var CRAB_UNIQUE_JOB_ID set to: calabria_MuMinus10_Case4_ReReco_5a3f4s_14_1_4ZX
out_files_14
>>> list of expected files on output sandbox
output files: crab_fjr_14.xml CMSSW_14.stdout CMSSW_14.stderr Watchdog_14.log.gz
>>> GridFlavour discovery: 
GridFlavour=LCG
>>> SyncSite discovery: 
SyncSite=T2_IT_Bari
>>> SyncCE discovery: 
getting SyncCE from CE_ID
SyncCE=cream-ce-2.ba.infn.it:8443/cream-pbs-long
>>> info for dashboard:
***** Cat /home/cms015/home_cream_609231609/CREAM609231609/glide_kFLiIo/execute/dir_20113/jobreport.txt *****
WNHostName=pccms124.ba.infn.it
MonitorJobID=14_https://submit-6.t2.ucsd.edu//140616//168556.13
SyncGridJobId=https://submit-6.t2.ucsd.edu//140616//168556.13
MonitorID=calabria_MuMinus10_Case4_ReReco_5a3f4s
GridFlavour=LCG
SyncSite=T2_IT_Bari
SyncCE=cream-ce-2.ba.infn.it:8443/cream-pbs-long
***** End Cat jobreport *****
Parameters sent to Dashboard.
>>> setup environment
set SCRAM ARCH to slc5_amd64_gcc472
SCRAM_ARCH = slc5_amd64_gcc472
>>> setup CMS LCG environment:
set SCRAM ARCH and BUILD_ARCH to slc5_amd64_gcc472 ###
Sourcing environment... 
sourcing /cvmfs/cms.cern.ch/cmsset_default.sh
==> setup cms environment ok
>>> specific cmssw setup environment:
CMSSW_VERSION =  CMSSW_6_2_0_SLHC12
>>> current directory (SOFTWARE_DIR): /home/cms015/home_cream_609231609/CREAM609231609/glide_kFLiIo/execute/dir_20113/CMSSW_6_2_0_SLHC12
PreserveSeeds: <>
IncrementSeeds:<>
>>> info for dashboard:
***** Cat /home/cms015/home_cream_609231609/CREAM609231609/glide_kFLiIo/execute/dir_20113/jobreport.txt *****
MonitorJobID=14_https://submit-6.t2.ucsd.edu//140616//168556.13
MonitorID=calabria_MuMinus10_Case4_ReReco_5a3f4s
***** End Cat jobreport *****
Parameters sent to Dashboard.
crabWatchdog started as process 25687
>>> moving CMSSW software directories in /home/cms015/home_cream_609231609/CREAM609231609/glide_kFLiIo/execute/dir_20113/CMSSW_6_2_0_SLHC12
mv: cannot stat `/home/cms015/home_cream_609231609/CREAM609231609/glide_kFLiIo/execute/dir_20113/module/': No such file or directory
>>> Include /home/cms015/home_cream_609231609/CREAM609231609/glide_kFLiIo/execute/dir_20113 in PYTHONPATH:
PYTHONPATH=/home/cms015/home_cream_609231609/CREAM609231609/glide_kFLiIo/execute/dir_20113/:/home/cms015/home_cream_609231609/CREAM609231609/glide_kFLiIo/execute/dir_20113/CMSSW_6_2_0_SLHC12/python:/home/cms015/home_cream_609231609/CREAM609231609/glide_kFLiIo/execute/dir_20113/CMSSW_6_2_0_SLHC12/lib/slc5_amd64_gcc472:/cvmfs/cms.cern.ch/slc5_amd64_gcc472/cms/cmssw/CMSSW_6_2_0_SLHC12/python:/cvmfs/cms.cern.ch/slc5_amd64_gcc472/cms/cmssw/CMSSW_6_2_0_SLHC12/lib/slc5_amd64_gcc472:/cvmfs/cms.cern.ch/slc5_amd64_gcc472/cms/coral/CORAL_2_3_21-cms36/slc5_amd64_gcc472/python:/cvmfs/cms.cern.ch/slc5_amd64_gcc472/cms/coral/CORAL_2_3_21-cms36/slc5_amd64_gcc472/lib:/cvmfs/cms.cern.ch/slc5_amd64_gcc472/external/pyqt/4.8.1-cms6/lib/python2.7/site-packages:/cvmfs/cms.cern.ch/slc5_amd64_gcc472/external/py2-scipy/0.8.0-cms8/lib/python2.7/site-packages:/cvmfs/cms.cern.ch/slc5_amd64_gcc472/external/py2-matplotlib/1.0.1-cms8/lib/python2.7/site-packages:/cvmfs/cms.cern.ch/slc5_amd64_gcc472/external/python-ldap/2.3.5-cms6/lib/python2.7/site-packages:/cvmfs/cms.cern.ch/slc5_amd64_gcc472/external/sip/4.11.2-cms6/lib/python2.7/site-packages:/cvmfs/cms.cern.ch/slc5_amd64_gcc472/external/py2-pycurl/7.19.0-cms8/lib/python2.7/site-packages:/cvmfs/cms.cern.ch/slc5_amd64_gcc472/external/py2-numpy/1.6.1-cms8/lib/python2.7/site-packages:/cvmfs/cms.cern.ch/slc5_amd64_gcc472/external/py2-lint/0.25.1-cms6/lib/python2.7/site-packages:/cvmfs/cms.cern.ch/slc5_amd64_gcc472/external/py2-ipython/0.10-cms6/lib/python2.7/site-packages:/cvmfs/cms.cern.ch/slc5_amd64_gcc472/external/py2-cx-oracle/5.1-cms7/lib/python2.7/site-packages:/cvmfs/cms.cern.ch/slc5_amd64_gcc472/external/py2-cjson/1.0.5-cms6/lib/python2.7/site-packages:/cvmfs/cms.cern.ch/slc5_amd64_gcc472/cms/das-client/1.11.7/bin:/cvmfs/cms.cern.ch/slc5_amd64_gcc472/external/elementtree/1.2.6-cms6/share/lib/python2.7/site-packages:/cvmfs/cms.cern.ch/slc5_amd64_gcc472/external/rivet/1.8.2-cms8/lib/python2.7/site-packages:/cvmfs/cms.cern.ch/slc5_amd64_gcc472/external/pyminuit2/0.0.1-cms19/lib/python2.7/site-packages:/cvmfs/cms.cern.ch/slc5_amd64_gcc472/external/py2-pygithub/1.23.0/lib/python2.7/site-packages:/cvmfs/cms.cern.ch/slc5_amd64_gcc472/external/professor/1.0.0-cms19/lib/python2.7/site-packages:/cvmfs/cms.cern.ch/slc5_amd64_gcc472/lcg/root/5.34.07-cms/lib:/cvmfs/cms.cern.ch/slc5_amd64_gcc472/cms/dbs-client/DBS_2_1_9-cms5/lib:/cvmfs/cms.cern.ch/slc5_amd64_gcc472/cms/dbs-client/DBS_2_1_9-cms5/lib/DBSAPI:/cvmfs/cms.cern.ch/slc5_amd64_gcc472/external/cvs2git/5419-cms/lib:/home/cms015/home_cream_609231609/CREAM609231609/glide_kFLiIo/execute/dir_20113/
 
# LIMITS USED BY CRAB WATCHDOG:
# RSS  (KBytes)   : 2300000
# VSZ  (KBytes)   : 100000000
# DISK (MBytes)   : 19000
# CPU TIME        : 720h:0m:0s
# WALL CLOCK TIME : 21h:50m:0s
 
5854dd31cbd3cdec44c48628cc181cf0
PSETHASH = 5854dd31cbd3cdec44c48628cc181cf0
/home/cms015/home_cream_609231609/CREAM609231609/glide_kFLiIo/execute/dir_20113/writeCfg.py pset.py pset.py
Importing .py file
Setting parameters
RandomNumberGeneratorService found, will attempt to change seeds
inputBlocks=/calabria_SingleMuPt10_GEN-SIM-DIGI-RECO_CMSSW_6_2_0_SLHC12_2023Scenario_Case4/calabria-calabria_SingleMuPt10_GEN-SIM-DIGI-RECO_CMSSW_6_2_0_SLHC12_2023Scenario_Case4-713e95291268ed84eccf2b8e553eab97/USER#a3467d6b-1b7a-47e2-bff8-cae29591c83c
inputFiles=/store/user/calabria/calabria_SingleMuPt10_GEN-SIM-DIGI-RECO_CMSSW_6_2_0_SLHC12_2023Scenario_Case4/calabria_SingleMuPt10_GEN-SIM-DIGI-RECO_CMSSW_6_2_0_SLHC12_2023Scenario_Case4/713e95291268ed84eccf2b8e553eab97/out_reco_65_2_VxU.root;/store/user/calabria/calabria_SingleMuPt10_GEN-SIM-DIGI-RECO_CMSSW_6_2_0_SLHC12_2023Scenario_Case4/calabria_SingleMuPt10_GEN-SIM-DIGI-RECO_CMSSW_6_2_0_SLHC12_2023Scenario_Case4/713e95291268ed84eccf2b8e553eab97/out_reco_66_2_E8Z.root;/store/user/calabria/calabria_SingleMuPt10_GEN-SIM-DIGI-RECO_CMSSW_6_2_0_SLHC12_2023Scenario_Case4/calabria_SingleMuPt10_GEN-SIM-DIGI-RECO_CMSSW_6_2_0_SLHC12_2023Scenario_Case4/713e95291268ed84eccf2b8e553eab97/out_reco_67_2_VvP.root;/store/user/calabria/calabria_SingleMuPt10_GEN-SIM-DIGI-RECO_CMSSW_6_2_0_SLHC12_2023Scenario_Case4/calabria_SingleMuPt10_GEN-SIM-DIGI-RECO_CMSSW_6_2_0_SLHC12_2023Scenario_Case4/713e95291268ed84eccf2b8e553eab97/out_reco_68_2_vrq.root;/store/user/calabria/calabria_SingleMuPt10_GEN-SIM-DIGI-RECO_CMSSW_6_2_0_SLHC12_2023Scenario_Case4/calabria_SingleMuPt10_GEN-SIM-DIGI-RECO_CMSSW_6_2_0_SLHC12_2023Scenario_Case4/713e95291268ed84eccf2b8e553eab97/out_reco_69_2_sqb.root;/store/user/calabria/calabria_SingleMuPt10_GEN-SIM-DIGI-RECO_CMSSW_6_2_0_SLHC12_2023Scenario_Case4/calabria_SingleMuPt10_GEN-SIM-DIGI-RECO_CMSSW_6_2_0_SLHC12_2023Scenario_Case4/713e95291268ed84eccf2b8e553eab97/out_reco_71_2_gMP.root;/store/user/calabria/calabria_SingleMuPt10_GEN-SIM-DIGI-RECO_CMSSW_6_2_0_SLHC12_2023Scenario_Case4/calabria_SingleMuPt10_GEN-SIM-DIGI-RECO_CMSSW_6_2_0_SLHC12_2023Scenario_Case4/713e95291268ed84eccf2b8e553eab97/out_reco_72_2_13o.root;/store/user/calabria/calabria_SingleMuPt10_GEN-SIM-DIGI-RECO_CMSSW_6_2_0_SLHC12_2023Scenario_Case4/calabria_SingleMuPt10_GEN-SIM-DIGI-RECO_CMSSW_6_2_0_SLHC12_2023Scenario_Case4/713e95291268ed84eccf2b8e553eab97/out_reco_73_2_FAQ.root;/store/user/calabria/calabria_SingleMuPt10_GEN-SIM-DIGI-RECO_CMSSW_6_2_0_SLHC12_2023Scenario_Case4/calabria_SingleMuPt10_GEN-SIM-DIGI-RECO_CMSSW_6_2_0_SLHC12_2023Scenario_Case4/713e95291268ed84eccf2b8e553eab97/out_reco_74_2_jrE.root;/store/user/calabria/calabria_SingleMuPt10_GEN-SIM-DIGI-RECO_CMSSW_6_2_0_SLHC12_2023Scenario_Case4/calabria_SingleMuPt10_GEN-SIM-DIGI-RECO_CMSSW_6_2_0_SLHC12_2023Scenario_Case4/713e95291268ed84eccf2b8e553eab97/out_reco_75_2_5z7.root
parentFiles=
lumisRange=
>>> Executable cmsRun
/cvmfs/cms.cern.ch/slc5_amd64_gcc472/cms/cmssw/CMSSW_6_2_0_SLHC12/bin/slc5_amd64_gcc472/cmsRun
ok executable found
>>> info for dashboard:
***** Cat /home/cms015/home_cream_609231609/CREAM609231609/glide_kFLiIo/execute/dir_20113/jobreport.txt *****
MonitorJobID=14_https://submit-6.t2.ucsd.edu//140616//168556.13
MonitorID=calabria_MuMinus10_Case4_ReReco_5a3f4s
ExeStart=cmsRun
***** End Cat jobreport *****
Parameters sent to Dashboard.
>>> cmsRun started at Tue Jun 17 23:30:24 UTC 2014
>>> cmsRun ended at Tue Jun 17 23:40:57 UTC 2014
>>> crab_fjr_*.xml  permission set to 0704
>>> info for dashboard:
***** Cat /home/cms015/home_cream_609231609/CREAM609231609/glide_kFLiIo/execute/dir_20113/jobreport.txt *****
MonitorJobID=14_https://submit-6.t2.ucsd.edu//140616//168556.13
MonitorID=calabria_MuMinus10_Case4_ReReco_5a3f4s
ExeEnd=cmsRun
***** End Cat jobreport *****
Parameters sent to Dashboard.
TIME_EXE = 633 sec
>>> cmsRun wrote 50 lines of stdout+stderr
>>> START OF printout of 50 lines from stdout+stderr
271 DQMStore::DQMStore 
HcalTopologyIdealEP::HcalTopologyIdealEP
18-Jun-2014 01:31:02 CEST  Initiating request to open file file:/lustre/cms//store/user/calabria/calabria_SingleMuPt10_GEN-SIM-DIGI-RECO_CMSSW_6_2_0_SLHC12_2023Scenario_Case4/calabria_SingleMuPt10_GEN-SIM-DIGI-RECO_CMSSW_6_2_0_SLHC12_2023Scenario_Case4/713e95291268ed84eccf2b8e553eab97/out_reco_65_2_VxU.root
18-Jun-2014 01:31:05 CEST  Successfully opened file file:/lustre/cms//store/user/calabria/calabria_SingleMuPt10_GEN-SIM-DIGI-RECO_CMSSW_6_2_0_SLHC12_2023Scenario_Case4/calabria_SingleMuPt10_GEN-SIM-DIGI-RECO_CMSSW_6_2_0_SLHC12_2023Scenario_Case4/713e95291268ed84eccf2b8e553eab97/out_reco_65_2_VxU.root
18-Jun-2014 01:32:17 CEST  Closed file file:/lustre/cms//store/user/calabria/calabria_SingleMuPt10_GEN-SIM-DIGI-RECO_CMSSW_6_2_0_SLHC12_2023Scenario_Case4/calabria_SingleMuPt10_GEN-SIM-DIGI-RECO_CMSSW_6_2_0_SLHC12_2023Scenario_Case4/713e95291268ed84eccf2b8e553eab97/out_reco_65_2_VxU.root
18-Jun-2014 01:32:17 CEST  Initiating request to open file file:/lustre/cms//store/user/calabria/calabria_SingleMuPt10_GEN-SIM-DIGI-RECO_CMSSW_6_2_0_SLHC12_2023Scenario_Case4/calabria_SingleMuPt10_GEN-SIM-DIGI-RECO_CMSSW_6_2_0_SLHC12_2023Scenario_Case4/713e95291268ed84eccf2b8e553eab97/out_reco_66_2_E8Z.root
18-Jun-2014 01:32:17 CEST  Successfully opened file file:/lustre/cms//store/user/calabria/calabria_SingleMuPt10_GEN-SIM-DIGI-RECO_CMSSW_6_2_0_SLHC12_2023Scenario_Case4/calabria_SingleMuPt10_GEN-SIM-DIGI-RECO_CMSSW_6_2_0_SLHC12_2023Scenario_Case4/713e95291268ed84eccf2b8e553eab97/out_reco_66_2_E8Z.root
18-Jun-2014 01:33:28 CEST  Closed file file:/lustre/cms//store/user/calabria/calabria_SingleMuPt10_GEN-SIM-DIGI-RECO_CMSSW_6_2_0_SLHC12_2023Scenario_Case4/calabria_SingleMuPt10_GEN-SIM-DIGI-RECO_CMSSW_6_2_0_SLHC12_2023Scenario_Case4/713e95291268ed84eccf2b8e553eab97/out_reco_66_2_E8Z.root
18-Jun-2014 01:33:28 CEST  Initiating request to open file file:/lustre/cms//store/user/calabria/calabria_SingleMuPt10_GEN-SIM-DIGI-RECO_CMSSW_6_2_0_SLHC12_2023Scenario_Case4/calabria_SingleMuPt10_GEN-SIM-DIGI-RECO_CMSSW_6_2_0_SLHC12_2023Scenario_Case4/713e95291268ed84eccf2b8e553eab97/out_reco_67_2_VvP.root
18-Jun-2014 01:33:29 CEST  Successfully opened file file:/lustre/cms//store/user/calabria/calabria_SingleMuPt10_GEN-SIM-DIGI-RECO_CMSSW_6_2_0_SLHC12_2023Scenario_Case4/calabria_SingleMuPt10_GEN-SIM-DIGI-RECO_CMSSW_6_2_0_SLHC12_2023Scenario_Case4/713e95291268ed84eccf2b8e553eab97/out_reco_67_2_VvP.root
18-Jun-2014 01:34:44 CEST  Closed file file:/lustre/cms//store/user/calabria/calabria_SingleMuPt10_GEN-SIM-DIGI-RECO_CMSSW_6_2_0_SLHC12_2023Scenario_Case4/calabria_SingleMuPt10_GEN-SIM-DIGI-RECO_CMSSW_6_2_0_SLHC12_2023Scenario_Case4/713e95291268ed84eccf2b8e553eab97/out_reco_67_2_VvP.root
18-Jun-2014 01:34:44 CEST  Initiating request to open file file:/lustre/cms//store/user/calabria/calabria_SingleMuPt10_GEN-SIM-DIGI-RECO_CMSSW_6_2_0_SLHC12_2023Scenario_Case4/calabria_SingleMuPt10_GEN-SIM-DIGI-RECO_CMSSW_6_2_0_SLHC12_2023Scenario_Case4/713e95291268ed84eccf2b8e553eab97/out_reco_68_2_vrq.root
18-Jun-2014 01:34:45 CEST  Successfully opened file file:/lustre/cms//store/user/calabria/calabria_SingleMuPt10_GEN-SIM-DIGI-RECO_CMSSW_6_2_0_SLHC12_2023Scenario_Case4/calabria_SingleMuPt10_GEN-SIM-DIGI-RECO_CMSSW_6_2_0_SLHC12_2023Scenario_Case4/713e95291268ed84eccf2b8e553eab97/out_reco_68_2_vrq.root
18-Jun-2014 01:35:36 CEST  Closed file file:/lustre/cms//store/user/calabria/calabria_SingleMuPt10_GEN-SIM-DIGI-RECO_CMSSW_6_2_0_SLHC12_2023Scenario_Case4/calabria_SingleMuPt10_GEN-SIM-DIGI-RECO_CMSSW_6_2_0_SLHC12_2023Scenario_Case4/713e95291268ed84eccf2b8e553eab97/out_reco_68_2_vrq.root
18-Jun-2014 01:35:36 CEST  Initiating request to open file file:/lustre/cms//store/user/calabria/calabria_SingleMuPt10_GEN-SIM-DIGI-RECO_CMSSW_6_2_0_SLHC12_2023Scenario_Case4/calabria_SingleMuPt10_GEN-SIM-DIGI-RECO_CMSSW_6_2_0_SLHC12_2023Scenario_Case4/713e95291268ed84eccf2b8e553eab97/out_reco_69_2_sqb.root
18-Jun-2014 01:35:37 CEST  Successfully opened file file:/lustre/cms//store/user/calabria/calabria_SingleMuPt10_GEN-SIM-DIGI-RECO_CMSSW_6_2_0_SLHC12_2023Scenario_Case4/calabria_SingleMuPt10_GEN-SIM-DIGI-RECO_CMSSW_6_2_0_SLHC12_2023Scenario_Case4/713e95291268ed84eccf2b8e553eab97/out_reco_69_2_sqb.root
18-Jun-2014 01:36:36 CEST  Closed file file:/lustre/cms//store/user/calabria/calabria_SingleMuPt10_GEN-SIM-DIGI-RECO_CMSSW_6_2_0_SLHC12_2023Scenario_Case4/calabria_SingleMuPt10_GEN-SIM-DIGI-RECO_CMSSW_6_2_0_SLHC12_2023Scenario_Case4/713e95291268ed84eccf2b8e553eab97/out_reco_69_2_sqb.root
18-Jun-2014 01:36:36 CEST  Initiating request to open file file:/lustre/cms//store/user/calabria/calabria_SingleMuPt10_GEN-SIM-DIGI-RECO_CMSSW_6_2_0_SLHC12_2023Scenario_Case4/calabria_SingleMuPt10_GEN-SIM-DIGI-RECO_CMSSW_6_2_0_SLHC12_2023Scenario_Case4/713e95291268ed84eccf2b8e553eab97/out_reco_71_2_gMP.root
18-Jun-2014 01:36:36 CEST  Successfully opened file file:/lustre/cms//store/user/calabria/calabria_SingleMuPt10_GEN-SIM-DIGI-RECO_CMSSW_6_2_0_SLHC12_2023Scenario_Case4/calabria_SingleMuPt10_GEN-SIM-DIGI-RECO_CMSSW_6_2_0_SLHC12_2023Scenario_Case4/713e95291268ed84eccf2b8e553eab97/out_reco_71_2_gMP.root
18-Jun-2014 01:37:34 CEST  Closed file file:/lustre/cms//store/user/calabria/calabria_SingleMuPt10_GEN-SIM-DIGI-RECO_CMSSW_6_2_0_SLHC12_2023Scenario_Case4/calabria_SingleMuPt10_GEN-SIM-DIGI-RECO_CMSSW_6_2_0_SLHC12_2023Scenario_Case4/713e95291268ed84eccf2b8e553eab97/out_reco_71_2_gMP.root
18-Jun-2014 01:37:34 CEST  Initiating request to open file file:/lustre/cms//store/user/calabria/calabria_SingleMuPt10_GEN-SIM-DIGI-RECO_CMSSW_6_2_0_SLHC12_2023Scenario_Case4/calabria_SingleMuPt10_GEN-SIM-DIGI-RECO_CMSSW_6_2_0_SLHC12_2023Scenario_Case4/713e95291268ed84eccf2b8e553eab97/out_reco_72_2_13o.root
18-Jun-2014 01:37:34 CEST  Successfully opened file file:/lustre/cms//store/user/calabria/calabria_SingleMuPt10_GEN-SIM-DIGI-RECO_CMSSW_6_2_0_SLHC12_2023Scenario_Case4/calabria_SingleMuPt10_GEN-SIM-DIGI-RECO_CMSSW_6_2_0_SLHC12_2023Scenario_Case4/713e95291268ed84eccf2b8e553eab97/out_reco_72_2_13o.root
18-Jun-2014 01:38:15 CEST  Closed file file:/lustre/cms//store/user/calabria/calabria_SingleMuPt10_GEN-SIM-DIGI-RECO_CMSSW_6_2_0_SLHC12_2023Scenario_Case4/calabria_SingleMuPt10_GEN-SIM-DIGI-RECO_CMSSW_6_2_0_SLHC12_2023Scenario_Case4/713e95291268ed84eccf2b8e553eab97/out_reco_72_2_13o.root
18-Jun-2014 01:38:15 CEST  Initiating request to open file file:/lustre/cms//store/user/calabria/calabria_SingleMuPt10_GEN-SIM-DIGI-RECO_CMSSW_6_2_0_SLHC12_2023Scenario_Case4/calabria_SingleMuPt10_GEN-SIM-DIGI-RECO_CMSSW_6_2_0_SLHC12_2023Scenario_Case4/713e95291268ed84eccf2b8e553eab97/out_reco_73_2_FAQ.root
18-Jun-2014 01:38:15 CEST  Successfully opened file file:/lustre/cms//store/user/calabria/calabria_SingleMuPt10_GEN-SIM-DIGI-RECO_CMSSW_6_2_0_SLHC12_2023Scenario_Case4/calabria_SingleMuPt10_GEN-SIM-DIGI-RECO_CMSSW_6_2_0_SLHC12_2023Scenario_Case4/713e95291268ed84eccf2b8e553eab97/out_reco_73_2_FAQ.root
18-Jun-2014 01:38:51 CEST  Closed file file:/lustre/cms//store/user/calabria/calabria_SingleMuPt10_GEN-SIM-DIGI-RECO_CMSSW_6_2_0_SLHC12_2023Scenario_Case4/calabria_SingleMuPt10_GEN-SIM-DIGI-RECO_CMSSW_6_2_0_SLHC12_2023Scenario_Case4/713e95291268ed84eccf2b8e553eab97/out_reco_73_2_FAQ.root
18-Jun-2014 01:38:51 CEST  Initiating request to open file file:/lustre/cms//store/user/calabria/calabria_SingleMuPt10_GEN-SIM-DIGI-RECO_CMSSW_6_2_0_SLHC12_2023Scenario_Case4/calabria_SingleMuPt10_GEN-SIM-DIGI-RECO_CMSSW_6_2_0_SLHC12_2023Scenario_Case4/713e95291268ed84eccf2b8e553eab97/out_reco_74_2_jrE.root
18-Jun-2014 01:38:51 CEST  Successfully opened file file:/lustre/cms//store/user/calabria/calabria_SingleMuPt10_GEN-SIM-DIGI-RECO_CMSSW_6_2_0_SLHC12_2023Scenario_Case4/calabria_SingleMuPt10_GEN-SIM-DIGI-RECO_CMSSW_6_2_0_SLHC12_2023Scenario_Case4/713e95291268ed84eccf2b8e553eab97/out_reco_74_2_jrE.root
18-Jun-2014 01:39:42 CEST  Closed file file:/lustre/cms//store/user/calabria/calabria_SingleMuPt10_GEN-SIM-DIGI-RECO_CMSSW_6_2_0_SLHC12_2023Scenario_Case4/calabria_SingleMuPt10_GEN-SIM-DIGI-RECO_CMSSW_6_2_0_SLHC12_2023Scenario_Case4/713e95291268ed84eccf2b8e553eab97/out_reco_74_2_jrE.root
18-Jun-2014 01:39:42 CEST  Initiating request to open file file:/lustre/cms//store/user/calabria/calabria_SingleMuPt10_GEN-SIM-DIGI-RECO_CMSSW_6_2_0_SLHC12_2023Scenario_Case4/calabria_SingleMuPt10_GEN-SIM-DIGI-RECO_CMSSW_6_2_0_SLHC12_2023Scenario_Case4/713e95291268ed84eccf2b8e553eab97/out_reco_75_2_5z7.root
18-Jun-2014 01:39:43 CEST  Successfully opened file file:/lustre/cms//store/user/calabria/calabria_SingleMuPt10_GEN-SIM-DIGI-RECO_CMSSW_6_2_0_SLHC12_2023Scenario_Case4/calabria_SingleMuPt10_GEN-SIM-DIGI-RECO_CMSSW_6_2_0_SLHC12_2023Scenario_Case4/713e95291268ed84eccf2b8e553eab97/out_reco_75_2_5z7.root
18-Jun-2014 01:40:56 CEST  Closed file file:/lustre/cms//store/user/calabria/calabria_SingleMuPt10_GEN-SIM-DIGI-RECO_CMSSW_6_2_0_SLHC12_2023Scenario_Case4/calabria_SingleMuPt10_GEN-SIM-DIGI-RECO_CMSSW_6_2_0_SLHC12_2023Scenario_Case4/713e95291268ed84eccf2b8e553eab97/out_reco_75_2_5z7.root

=============================================

MessageLogger Summary

 type     category        sev    module        subroutine        count    total
 ---- -------------------- -- ---------------- ----------------  -----    -----
    1 fileAction           -s file_close                            10       10
    2 fileAction           -s file_open                             20       20

 type    category    Examples: run/evt        run/evt          run/evt
 ---- -------------------- ---------------- ---------------- ----------------
    1 fileAction           PostProcessEvent PostProcessEvent PostEndRun
    2 fileAction           pre-events       pre-events       PostProcessEvent

Severity    # Occurrences   Total Occurrences
--------    -------------   -----------------
System                 30                  30
>>> END OF printout of 50 lines from stdout+stderr
>>> Parse FrameworkJobReport crab_fjr.xml
Result of parsing the FrameworkJobReport crab_fjr.xml: Popularity start
lumisRange : 1::::1;1::::2;1::::3;1::::4;1::::5;1::::6;1::::7;1::::8;1::::9;1::::10;
lumisParentRange : 
Basename : /store/user/calabria/calabria_SingleMuPt10_GEN-SIM-DIGI-RECO_CMSSW_6_2_0_SLHC12_2023Scenario_Case4/calabria_SingleMuPt10_GEN-SIM-DIGI-RECO_CMSSW_6_2_0_SLHC12_2023Scenario_Case4/713e95291268ed84eccf2b8e553eab97/out_reco_
BasenameParent : 
parentFiles : 
inputBlocks : /calabria_SingleMuPt10_GEN-SIM-DIGI-RECO_CMSSW_6_2_0_SLHC12_2023Scenario_Case4/calabria-calabria_SingleMuPt10_GEN-SIM-DIGI-RECO_CMSSW_6_2_0_SLHC12_2023Scenario_Case4-713e95291268ed84eccf2b8e553eab97/USER#a3467d6b-1b7a-47e2-bff8-cae29591c83c
inputFiles : 68_2_vrq.root::1::EDM::Local::1;69_2_sqb.root::1::EDM::Local::2;74_2_jrE.root::1::EDM::Local::3;66_2_E8Z.root::1::EDM::Local::4;71_2_gMP.root::1::EDM::Local::5;65_2_VxU.root::1::EDM::Local::6;72_2_13o.root::1::EDM::Local::7;75_2_5z7.root::1::EDM::Local::8;67_2_VvP.root::1::EDM::Local::9;73_2_FAQ.root::1::EDM::Local::10;
Popularity stop
Extracted ExitStatus from FrameworkJobReport parsing output: 0
>>> Executable succeded  0
ExeExitCode=0
EXECUTABLE_EXIT_STATUS = 0
>>> current directory /home/cms015/home_cream_609231609/CREAM609231609/glide_kFLiIo/execute/dir_20113/CMSSW_6_2_0_SLHC12
>>>  (SOFTWARE_DIR): /home/cms015/home_cream_609231609/CREAM609231609/glide_kFLiIo/execute/dir_20113/CMSSW_6_2_0_SLHC12
>>> (WORKING_DIR): 
>>> current directory content:
total 10436
drwxr-xr-x 3 cms015 cms    4096 Jun 18 01:29 .SCRAM
-rw------- 1 cms015 cms 3740381 Jun 18 01:29 CMSSW.py.pkl
drwxr-xr-x 3 cms015 cms    4096 Jun 18 01:29 bin
drwxr-xr-x 3 cms015 cms    4096 Jun 18 01:29 cfipython
drwxr-xr-x 4 cms015 cms    4096 Jun 18 01:29 config
-rw------- 1 cms015 cms      17 Jun 18 01:40 cpu_timing.txt
drwxr-xr-x 2 cms015 cms    4096 Jun 18 01:29 doc
-rw------- 1 cms015 cms    9895 Jun 18 01:40 executable.out
drwxr-xr-x 2 cms015 cms    4096 Jun 18 01:29 include
drwx------ 3 cms015 cms    4096 Apr 28 18:12 lib
drwxr-xr-x 3 cms015 cms    4096 Jun 18 01:29 logs
drwxr-xr-x 3 cms015 cms    4096 Jun 18 01:29 objs
-rw------- 1 cms015 cms     104 Jun 18 01:30 pset.py
-rw------- 1 cms015 cms 3712282 Jun 18 01:30 pset.py.pkl
-rw------- 1 cms015 cms     289 Jun 18 01:30 pset.pyc
drwxr-xr-x 2 cms015 cms    4096 Jun 18 01:29 python
-rw------- 1 cms015 cms     410 Jun 18 01:40 report.log
drwx------ 6 cms015 cms    4096 Jun 18 01:29 src
drwxr-xr-x 3 cms015 cms    4096 Jun 18 01:29 test
drwxr-xr-x 3 cms015 cms    4096 Jun 18 01:29 tmp
-rw------- 1 cms015 cms 3130013 Jun 18 01:40 validationEDM.root
>>> current directory /home/cms015/home_cream_609231609/CREAM609231609/glide_kFLiIo/execute/dir_20113/CMSSW_6_2_0_SLHC12
>>> (SOFTWARE_DIR): /home/cms015/home_cream_609231609/CREAM609231609/glide_kFLiIo/execute/dir_20113/CMSSW_6_2_0_SLHC12
>>> (WORKING_DIR): 
>>> current directory content:
total 10436
drwxr-xr-x 3 cms015 cms    4096 Jun 18 01:29 .SCRAM
-rw------- 1 cms015 cms 3740381 Jun 18 01:29 CMSSW.py.pkl
drwxr-xr-x 3 cms015 cms    4096 Jun 18 01:29 bin
drwxr-xr-x 3 cms015 cms    4096 Jun 18 01:29 cfipython
drwxr-xr-x 4 cms015 cms    4096 Jun 18 01:29 config
-rw------- 1 cms015 cms      17 Jun 18 01:40 cpu_timing.txt
drwxr-xr-x 2 cms015 cms    4096 Jun 18 01:29 doc
-rw------- 1 cms015 cms    9895 Jun 18 01:40 executable.out
drwxr-xr-x 2 cms015 cms    4096 Jun 18 01:29 include
drwx------ 3 cms015 cms    4096 Apr 28 18:12 lib
drwxr-xr-x 3 cms015 cms    4096 Jun 18 01:29 logs
drwxr-xr-x 3 cms015 cms    4096 Jun 18 01:29 objs
-rw------- 1 cms015 cms     104 Jun 18 01:30 pset.py
-rw------- 1 cms015 cms 3712282 Jun 18 01:30 pset.py.pkl
-rw------- 1 cms015 cms     289 Jun 18 01:30 pset.pyc
drwxr-xr-x 2 cms015 cms    4096 Jun 18 01:29 python
-rw------- 1 cms015 cms     410 Jun 18 01:40 report.log
drwx------ 6 cms015 cms    4096 Jun 18 01:29 src
drwxr-xr-x 3 cms015 cms    4096 Jun 18 01:29 test
drwxr-xr-x 3 cms015 cms    4096 Jun 18 01:29 tmp
-rw------- 1 cms015 cms 3130013 Jun 18 01:40 validationEDM_14_1_4ZX.root
>>> current directory (RUNTIME_AREA):  /home/cms015/home_cream_609231609/CREAM609231609/glide_kFLiIo/execute/dir_20113
SE = storm-se-01.ba.infn.it
SE_PATH = /srm/managerv2?SFN=//cms/store/user/calabria/calabria_SingleMuPt10_GEN-SIM-DIGI-RECO_CMSSW_6_2_0_SLHC12_2023Scenario_Case4/calabria_MuMinus10_GEN-SIM-DIGI-RECO_CMSSW_6_2_0_SLHC12_2023Scenario_VALNOPU2_Case4/5854dd31cbd3cdec44c48628cc181cf0/
LFNBaseName = /store/user/calabria/calabria_SingleMuPt10_GEN-SIM-DIGI-RECO_CMSSW_6_2_0_SLHC12_2023Scenario_Case4/calabria_MuMinus10_GEN-SIM-DIGI-RECO_CMSSW_6_2_0_SLHC12_2023Scenario_VALNOPU2_Case4/5854dd31cbd3cdec44c48628cc181cf0/
USER = calabria
endpoint = srm://storm-se-01.ba.infn.it:8444/srm/managerv2?SFN=//cms/store/user/calabria/calabria_SingleMuPt10_GEN-SIM-DIGI-RECO_CMSSW_6_2_0_SLHC12_2023Scenario_Case4/calabria_MuMinus10_GEN-SIM-DIGI-RECO_CMSSW_6_2_0_SLHC12_2023Scenario_VALNOPU2_Case4/5854dd31cbd3cdec44c48628cc181cf0/
>>> Copy output files from WN = pccms124.ba.infn.it to /srm/managerv2?SFN=//cms/store/user/calabria/calabria_SingleMuPt10_GEN-SIM-DIGI-RECO_CMSSW_6_2_0_SLHC12_2023Scenario_Case4/calabria_MuMinus10_GEN-SIM-DIGI-RECO_CMSSW_6_2_0_SLHC12_2023Scenario_VALNOPU2_Case4/5854dd31cbd3cdec44c48628cc181cf0/ :
python cmscp.py  --destination srm://storm-se-01.ba.infn.it:8444/srm/managerv2?SFN=//cms/store/user/calabria/calabria_SingleMuPt10_GEN-SIM-DIGI-RECO_CMSSW_6_2_0_SLHC12_2023Scenario_Case4/calabria_MuMinus10_GEN-SIM-DIGI-RECO_CMSSW_6_2_0_SLHC12_2023Scenario_VALNOPU2_Case4/5854dd31cbd3cdec44c48628cc181cf0/ --inputFileList /home/cms015/home_cream_609231609/CREAM609231609/glide_kFLiIo/execute/dir_20113/CMSSW_6_2_0_SLHC12/validationEDM_14_1_4ZX.root --middleware LCG --se_name storm-se-01.ba.infn.it --for_lfn /store/user/calabria/calabria_SingleMuPt10_GEN-SIM-DIGI-RECO_CMSSW_6_2_0_SLHC12_2023Scenario_Case4/calabria_MuMinus10_GEN-SIM-DIGI-RECO_CMSSW_6_2_0_SLHC12_2023Scenario_VALNOPU2_Case4/5854dd31cbd3cdec44c48628cc181cf0/    
******************************************************
localSeName  =  storm-se-01.ba.infn.it
remoteSeName =  storm-se-01.ba.infn.it
******************************************************
{"/home/cms015/home_cream_609231609/CREAM609231609/glide_kFLiIo/execute/dir_20113/CMSSW_6_2_0_SLHC12/validationEDM_14_1_4ZX.root": {"endpoint": "srm://storm-se-01.ba.infn.it:8444/srm/managerv2?SFN=//cms/store/user/calabria/calabria_SingleMuPt10_GEN-SIM-DIGI-RECO_CMSSW_6_2_0_SLHC12_2023Scenario_Case4/calabria_MuMinus10_GEN-SIM-DIGI-RECO_CMSSW_6_2_0_SLHC12_2023Scenario_VALNOPU2_Case4/5854dd31cbd3cdec44c48628cc181cf0/", "surl_for_grid": "", "reason": "Copy succedeed with srm-lcg utils", "erCode": "0", "se_name": "storm-se-01.ba.infn.it", "for_lfn": "/store/user/calabria/calabria_SingleMuPt10_GEN-SIM-DIGI-RECO_CMSSW_6_2_0_SLHC12_2023Scenario_Case4/calabria_MuMinus10_GEN-SIM-DIGI-RECO_CMSSW_6_2_0_SLHC12_2023Scenario_VALNOPU2_Case4/5854dd31cbd3cdec44c48628cc181cf0/"}}/home/cms015/home_cream_609231609/CREAM609231609/glide_kFLiIo/execute/dir_20113
-------- cat /home/cms015/home_cream_609231609/CREAM609231609/glide_kFLiIo/execute/dir_20113/cmscpReport.sh 
#!/bin/bash
echo "Report for File: /home/cms015/home_cream_609231609/CREAM609231609/glide_kFLiIo/execute/dir_20113/CMSSW_6_2_0_SLHC12/validationEDM_14_1_4ZX.root"
echo "LFN: /store/user/calabria/calabria_SingleMuPt10_GEN-SIM-DIGI-RECO_CMSSW_6_2_0_SLHC12_2023Scenario_Case4/calabria_MuMinus10_GEN-SIM-DIGI-RECO_CMSSW_6_2_0_SLHC12_2023Scenario_VALNOPU2_Case4/5854dd31cbd3cdec44c48628cc181cf0/validationEDM_14_1_4ZX.root"
echo "StorageElement: storm-se-01.ba.infn.it"
echo "StageOutExitStatusReason = 'Copy succedeed with srm-lcg utils'" | tee -a $RUNTIME_AREA/$repo
echo "StageOutSE = storm-se-01.ba.infn.it" >> $RUNTIME_AREA/$repo

export StageOutExitStatus=0
echo "StageOutExitStatus = 0" | tee -a $RUNTIME_AREA/$repo
-------- end of /home/cms015/home_cream_609231609/CREAM609231609/glide_kFLiIo/execute/dir_20113/cmscpReport.sh 
Report for File: /home/cms015/home_cream_609231609/CREAM609231609/glide_kFLiIo/execute/dir_20113/CMSSW_6_2_0_SLHC12/validationEDM_14_1_4ZX.root
LFN: /store/user/calabria/calabria_SingleMuPt10_GEN-SIM-DIGI-RECO_CMSSW_6_2_0_SLHC12_2023Scenario_Case4/calabria_MuMinus10_GEN-SIM-DIGI-RECO_CMSSW_6_2_0_SLHC12_2023Scenario_VALNOPU2_Case4/5854dd31cbd3cdec44c48628cc181cf0/validationEDM_14_1_4ZX.root
StorageElement: storm-se-01.ba.infn.it
StageOutExitStatusReason = 'Copy succedeed with srm-lcg utils'
StageOutExitStatus = 0
>>> current dir: /home/cms015/home_cream_609231609/CREAM609231609/glide_kFLiIo/execute/dir_20113
>>> current dir content:
total 28080
-rw-------  1 cms015 cms     2783 Jun 18 01:41 .SEinteraction.log
-rwx------  1 cms015 cms     6790 Jun 18 01:28 .job.ad
-rwx------  1 cms015 cms     9295 Jun 18 01:28 .machine.ad
-rw-------  1 cms015 cms      105 Jun 16 20:47 CMSSW.py
-rw-------  1 cms015 cms  3740381 Jun 16 20:47 CMSSW.py.pkl
-rwx------  1 cms015 cms    29556 Jun 18 01:29 CMSSW.sh
drwxr-xr-x 15 cms015 cms     4096 Jun 18 01:41 CMSSW_6_2_0_SLHC12
-rw-------  1 cms015 cms      220 Jun 18 01:29 CacheEnv.sh
-rw-------  1 cms015 cms     7291 Apr  4 11:04 DashboardAPI.py
-rw-------  1 cms015 cms     6815 Jun 18 01:29 DashboardAPI.pyc
drwx------  2 cms015 cms     4096 Jun 18 01:40 IMProv
-rw-------  1 cms015 cms     2748 Apr  4 11:04 Logger.py
-rw-------  1 cms015 cms     3347 Jun 18 01:29 Logger.pyc
-rw-------  1 cms015 cms    24524 Apr  4 11:04 ProcInfo.py
-rw-------  1 cms015 cms    23197 Jun 18 01:29 ProcInfo.pyc
drwx------  7 cms015 cms     4096 Jun 18 01:30 ProdCommon
drwx------  3 cms015 cms     4096 Jun 18 01:29 WMCore
-rw-------  1 cms015 cms     3027 Jun 18 01:41 Watchdog_14.log
-rwx------  1 cms015 cms        0 Jun 18 01:29 _condor_stderr
-rwx---r--  1 cms015 cms    29379 Jun 18 01:41 _condor_stdout
-rw-------  1 cms015 cms    32895 Apr  4 11:04 apmon.py
-rw-------  1 cms015 cms    28625 Jun 18 01:29 apmon.pyc
-rwx------  1 cms015 cms    53734 Jun 18 01:29 arguments.xml
-rwx------  1 cms015 cms    38515 Apr  4 11:04 cmscp.py
-rw-------  1 cms015 cms      718 Jun 18 01:41 cmscpReport.sh
-rwx------  1 cms015 cms    29556 Jun 18 01:29 condor_exec.exe
-rw-------  1 cms015 cms      958 Jun 16 20:47 crab.cfg
-rwx------  1 cms015 cms     8610 Apr  4 11:04 crabWatchdog.sh
-rwx---r--  1 cms015 cms   523200 Jun 18 01:40 crab_fjr_14.xml
-rwx------  1 cms015 cms 23958053 Jun 18 01:29 default.tgz
-rwx------  1 cms015 cms     4488 Apr  4 11:04 fillCrabFjr.py
-rw-------  1 cms015 cms     2619 Jun 18 01:30 inputsReport.txt
-rw-------  1 cms015 cms      261 Jun 18 01:41 jobreport.txt
-rw-------  1 cms015 cms    17352 Apr  4 11:04 parseCrabFjr.py
-rw-------  1 cms015 cms      330 Jun 18 01:29 report.log
-rwx--x--x  1 cms015 cms     1497 Apr  4 11:04 report.py
-rw-------  1 cms015 cms      772 Jun 18 01:41 resultCopyFile
lrwxrwxrwx  1 cms015 cms      126 Jun 18 01:41 validationEDM.root -> /home/cms015/home_cream_609231609/CREAM609231609/glide_kFLiIo/execute/dir_20113/CMSSW_6_2_0_SLHC12/validationEDM_14_1_4ZX.root
-rwx------  1 cms015 cms     8387 Apr  4 11:04 writeCfg.py
-rw-------  1 cms015 cms     8010 Jun 18 01:28 x509up_u50707
>>> Modify Job Report:
CMSSW_VERSION = CMSSW_6_2_0_SLHC12
ProcessedDataset = calabria_MuMinus10_GEN-SIM-DIGI-RECO_CMSSW_6_2_0_SLHC12_2023Scenario_VALNOPU2_Case4
/home/cms015/home_cream_609231609/CREAM609231609/glide_kFLiIo/execute/dir_20113/ProdCommon/FwkJobRep/ModifyJobReport.py fjr /home/cms015/home_cream_609231609/CREAM609231609/glide_kFLiIo/execute/dir_20113/crab_fjr_14.xml json /home/cms015/home_cream_609231609/CREAM609231609/glide_kFLiIo/execute/dir_20113/resultCopyFile n_job 14_1_4ZX PrimaryDataset calabria_SingleMuPt10_GEN-SIM-DIGI-RECO_CMSSW_6_2_0_SLHC12_2023Scenario_Case4  ApplicationFamily cmsRun ApplicationName cmsRun cmssw_version CMSSW_6_2_0_SLHC12 psethash 5854dd31cbd3cdec44c48628cc181cf0 UserProcessedDataset calabria-calabria_MuMinus10_GEN-SIM-DIGI-RECO_CMSSW_6_2_0_SLHC12_2023Scenario_VALNOPU2_Case4-5854dd31cbd3cdec44c48628cc181cf0
inputDict =  {u'/home/cms015/home_cream_609231609/CREAM609231609/glide_kFLiIo/execute/dir_20113/CMSSW_6_2_0_SLHC12/validationEDM_14_1_4ZX.root': {u'endpoint': u'srm://storm-se-01.ba.infn.it:8444/srm/managerv2?SFN=//cms/store/user/calabria/calabria_SingleMuPt10_GEN-SIM-DIGI-RECO_CMSSW_6_2_0_SLHC12_2023Scenario_Case4/calabria_MuMinus10_GEN-SIM-DIGI-RECO_CMSSW_6_2_0_SLHC12_2023Scenario_VALNOPU2_Case4/5854dd31cbd3cdec44c48628cc181cf0/', u'surl_for_grid': u'', u'reason': u'Copy succedeed with srm-lcg utils', u'erCode': u'0', u'se_name': u'storm-se-01.ba.infn.it', u'for_lfn': u'/store/user/calabria/calabria_SingleMuPt10_GEN-SIM-DIGI-RECO_CMSSW_6_2_0_SLHC12_2023Scenario_Case4/calabria_MuMinus10_GEN-SIM-DIGI-RECO_CMSSW_6_2_0_SLHC12_2023Scenario_VALNOPU2_Case4/5854dd31cbd3cdec44c48628cc181cf0/'}}
UserProcessedDataset =  calabria-calabria_MuMinus10_GEN-SIM-DIGI-RECO_CMSSW_6_2_0_SLHC12_2023Scenario_VALNOPU2_Case4-5854dd31cbd3cdec44c48628cc181cf0
file_name in inputDict =  /home/cms015/home_cream_609231609/CREAM609231609/glide_kFLiIo/execute/dir_20113/CMSSW_6_2_0_SLHC12/validationEDM_14_1_4ZX.root
(size) os.stat(filename)[6] =  3130013
checksum =  3575334331
    file =  validationEDM_14_1_4ZX.root
    newPfn =  srm://storm-se-01.ba.infn.it:8444/srm/managerv2?SFN=//cms/store/user/calabria/calabria_SingleMuPt10_GEN-SIM-DIGI-RECO_CMSSW_6_2_0_SLHC12_2023Scenario_Case4/calabria_MuMinus10_GEN-SIM-DIGI-RECO_CMSSW_6_2_0_SLHC12_2023Scenario_VALNOPU2_Case4/5854dd31cbd3cdec44c48628cc181cf0/validationEDM_14_1_4ZX.root
    newLfn =  /store/user/calabria/calabria_SingleMuPt10_GEN-SIM-DIGI-RECO_CMSSW_6_2_0_SLHC12_2023Scenario_Case4/calabria_MuMinus10_GEN-SIM-DIGI-RECO_CMSSW_6_2_0_SLHC12_2023Scenario_VALNOPU2_Case4/5854dd31cbd3cdec44c48628cc181cf0/validationEDM_14_1_4ZX.root
>>> crab_fjr_*.xml  permission set to 0704
CrabWrapper EXIT_FUNC entered at Wed Jun 18 01:41:53 CEST 2014   -  Tue Jun 17 23:41:53 UTC 2014
Checking output files:  
will tar file crab_fjr_14.xml in  out_files_14
WARNING: output file CMSSW_14.stdout not found!
WARNING: output file CMSSW_14.stderr not found!
WARNING: output file Watchdog_14.log.gz not found!
>>> padding time: Wrapper lasting more than 600 seconds. No sleep required.
STOPPING WATCHDOG. CrabWatchdog PID is 25687
********** LAST 50 LINES OF WATCHDOG LOG
# RESOURCE USAGE SUMMARY FOR PROCESS ID 24616
USER       PID %CPU %MEM    VSZ   RSS TTY      STAT START   TIME COMMAND
cms015   24616  0.2  0.0   9496  1596 ?        S    01:29   0:00 /bin/sh /home/cms015/home_cream_609231609/CREAM609231609/glide_kFLiIo/execute/dir_20113/condor_exec.exe 14 1
 
# LIMITS USED BY CRAB WATCHDOG:
# RSS  (KBytes)   : 2300000
# VSZ  (KBytes)   : 100000000
# DISK (MBytes)   : 19000
# CPU TIME        : 720h:0m:0s
# WALL CLOCK TIME : 21h:50m:0s
 
# FOLLOWING PRINTOUT TRACKS MAXIMUM VALUES OF RESOURCES USE
# ONE LINE IS PRINTED EACH TIME A MAXIMUM CHANGES
# IF CHANGE WAS IN RSS OR VSZ ALSO PROCID AND COMMAND ARE PRINTED
# THERE IS NO PRINTOUT FOR CPU/WALL TIME INCREASE
 
# TIME			PID	RSS(KB)	VSZ(KB)	Dsk(MB)	tCPU(s)	tWALL(s)	COMMAND
 Jun 18 01:29:57 CEST	10698	1396	9364	0	0	0	/bin/bash /home/cms015/home_cream_609231609/CREAM609231609/glide_kFLiIo/main/condor_startup.sh glidein_config        
 Jun 18 01:29:57 CEST	11418	8004	93336	0	0	0	/home/cms015/home_cream_609231609/CREAM609231609/glide_kFLiIo/main/condor/sbin/condor_master -f -pidfile /home/cms015/home_cream_609231609/CREAM609231609/glide_kFLiIo/condor_master2.pid       
 Jun 18 01:29:57 CEST	11448	8712	93904	0	4	1	condor_startd -f         
 Jun 18 01:29:57 CEST	25699	38360	104960	0	0	1	edmConfigHash pset.py         
 Jun 18 01:29:57 CEST	26625	38360	106092	0	0	1	sh -c "./glidein_startup.sh" -v std -name v3_0 -entry CDF_IT_Bari_ce2 -clientname UCSD-v1_0.main
 Jun 18 01:29:57 CEST	26632	38360	106492	0	0	1	/bin/bash ./glidein_startup.sh -v std -name v3_0 -entry CDF_IT_Bari_ce2 -clientname UCSD-v1_0.main -schedd
 Jun 18 01:29:57 CEST	---	38360	106492	171	----	----	----
 Jun 18 01:30:58 CEST	28276	243904	397132	171	16	62	cmsRun -j /home/cms015/home_cream_609231609/CREAM609231609/glide_kFLiIo/execute/dir_20113/crab_fjr_14.xml -p pset.py      
 Jun 18 01:30:58 CEST	---	243904	397132	175	----	----	----
 Jun 18 01:31:59 CEST	28276	759036	976064	175	32	123	cmsRun -j /home/cms015/home_cream_609231609/CREAM609231609/glide_kFLiIo/execute/dir_20113/crab_fjr_14.xml -p pset.py      
 Jun 18 01:33:00 CEST	28276	777588	993284	175	51	184	cmsRun -j /home/cms015/home_cream_609231609/CREAM609231609/glide_kFLiIo/execute/dir_20113/crab_fjr_14.xml -p pset.py      
 Jun 18 01:34:01 CEST	28276	786100	1003524	175	79	245	cmsRun -j /home/cms015/home_cream_609231609/CREAM609231609/glide_kFLiIo/execute/dir_20113/crab_fjr_14.xml -p pset.py      
 Jun 18 01:35:02 CEST	28276	790992	1012740	175	106	306	cmsRun -j /home/cms015/home_cream_609231609/CREAM609231609/glide_kFLiIo/execute/dir_20113/crab_fjr_14.xml -p pset.py      
 Jun 18 01:37:04 CEST	28276	798032	1019908	175	163	428	cmsRun -j /home/cms015/home_cream_609231609/CREAM609231609/glide_kFLiIo/execute/dir_20113/crab_fjr_14.xml -p pset.py      
 Jun 18 01:39:06 CEST	28276	803720	1026820	175	249	549	cmsRun -j /home/cms015/home_cream_609231609/CREAM609231609/glide_kFLiIo/execute/dir_20113/crab_fjr_14.xml -p pset.py      
 Jun 18 01:41:08 CEST	---	803720	1026820	178	----	----	----
********** WATCHDOG LOG ENDED
ZIPPING WATCHDOG LOG
Disk space used:
du -sh /home/cms015/home_cream_609231609/CREAM609231609/glide_kFLiIo/execute/dir_20113
179M	/home/cms015/home_cream_609231609/CREAM609231609/glide_kFLiIo/execute/dir_20113
Found unusual stdout, rename for OSB
`/home/cms015/home_cream_609231609/CREAM609231609/glide_kFLiIo/execute/dir_20113/_condor_stdout' -> `CMSSW_14.stdout'
Found unusual stderr, rename for OSB
`/home/cms015/home_cream_609231609/CREAM609231609/glide_kFLiIo/execute/dir_20113/_condor_stdout' -> `CMSSW_14.stderr'
crab_fjr_14.xml
CMSSW_14.stdout
CMSSW_14.stderr
Watchdog_14.log.gz
Total Output dimension: 70356
WARNING: output files size limit is set to: 50000000
Total Output dimension 70356 is fine.
JOB_EXIT_STATUS = 0
>>> info for dashboard:
***** Cat /home/cms015/home_cream_609231609/CREAM609231609/glide_kFLiIo/execute/dir_20113/jobreport.txt *****
MonitorJobID=14_https://submit-6.t2.ucsd.edu//140616//168556.13
MonitorID=calabria_MuMinus10_Case4_ReReco_5a3f4s
ExeTime=633
ExeExitCode=0
StageOutExitStatusReason = 'Copy succedeed with srm-lcg utils'
StageOutSE = storm-se-01.ba.infn.it
StageOutExitStatus = 0
CrabUserCpuTime=303.44
CrabSysCpuTime=22.48
CrabCpuPercentage=51%
CrabWrapperTime=723
CrabStageoutTime=48
JobExitCode=0
***** End Cat jobreport *****
Parameters sent to Dashboard.
EXITING at Wed Jun 18 01:41:59 CEST 2014  -  Tue Jun 17 23:41:59 UTC 2014
