This script was generated by crab (version 2.10.5_patch1).
Running /home/cms040/home_cream_284552487/CREAM284552487/glide_PaMJaL/execute/dir_32411/condor_exec.exe with 2 positional parameters: 2 1
Today is Wed Jun 18 01:25:55 CEST 2014 - Tue Jun 17 23:25:55 UTC 2014
Job submitted on host alicegrid98.ba.infn.it
Linux alicegrid98.ba.infn.it 2.6.32-358.23.2.el6.x86_64 #1 SMP Thu Oct 17 10:27:22 CEST 2013 x86_64 x86_64 x86_64 GNU/Linux
>>> current directory (RUNTIME_AREA): /home/cms040/home_cream_284552487/CREAM284552487/glide_PaMJaL/execute/dir_32411
>>> current user: uid=18598(cms040) gid=1399(cms) groups=1399(cms)
>>> directory permission set to 0700
>>> umask set to:  u=rwx,g=,o=
>>> stdout stderr permission set to 0704
>>> voms proxy information:
subject   : /C=IT/O=INFN/OU=Personal Certificate/L=Bari/CN=Cesare Calabria/CN=477126703/CN=997778577
issuer    : /C=IT/O=INFN/OU=Personal Certificate/L=Bari/CN=Cesare Calabria/CN=477126703
identity  : /C=IT/O=INFN/OU=Personal Certificate/L=Bari/CN=Cesare Calabria
type      : RFC3820 compliant limited proxy
strength  : 1024
path      : /home/cms040/home_cream_284552487/CREAM284552487/glide_PaMJaL/execute/dir_32411/x509up_u50707
timeleft  : 23:59:48
key usage : Digital Signature, Key Encipherment, Data Encipherment
=== VO cms extension information ===
VO        : cms
subject   : /C=IT/O=INFN/OU=Personal Certificate/L=Bari/CN=Cesare Calabria
issuer    : /DC=ch/DC=cern/OU=computers/CN=voms.cern.ch
attribute : /cms/Role=NULL/Capability=NULL
attribute : /cms/itcms/Role=NULL/Capability=NULL
timeleft  : 153:58:23
uri       : voms.cern.ch:15002

WNHostName=alicegrid98.ba.infn.it
>>> tar --no-same-permissions -xf /home/cms040/home_cream_284552487/CREAM284552487/glide_PaMJaL/execute/dir_32411/default.tgz :
Successful untar
>>> Include /home/cms040/home_cream_284552487/CREAM284552487/glide_PaMJaL/execute/dir_32411 in PYTHONPATH:
strip arguments
env var CRAB_UNIQUE_JOB_ID set to: calabria_MuMinus10_Case4_ReReco_5a3f4s_2_1_MKf
out_files_2
>>> list of expected files on output sandbox
output files: crab_fjr_2.xml CMSSW_2.stdout CMSSW_2.stderr Watchdog_2.log.gz
>>> GridFlavour discovery: 
GridFlavour=LCG
>>> SyncSite discovery: 
SyncSite=T2_IT_Bari
>>> SyncCE discovery: 
getting SyncCE from CE_ID
SyncCE=cream-ce-2.ba.infn.it:8443/cream-pbs-cms
>>> info for dashboard:
***** Cat /home/cms040/home_cream_284552487/CREAM284552487/glide_PaMJaL/execute/dir_32411/jobreport.txt *****
WNHostName=alicegrid98.ba.infn.it
MonitorJobID=2_https://submit-6.t2.ucsd.edu//140616//168556.1
SyncGridJobId=https://submit-6.t2.ucsd.edu//140616//168556.1
MonitorID=calabria_MuMinus10_Case4_ReReco_5a3f4s
GridFlavour=LCG
SyncSite=T2_IT_Bari
SyncCE=cream-ce-2.ba.infn.it:8443/cream-pbs-cms
***** End Cat jobreport *****
Parameters sent to Dashboard.
>>> setup environment
set SCRAM ARCH to slc5_amd64_gcc472
SCRAM_ARCH = slc5_amd64_gcc472
>>> setup CMS LCG environment:
set SCRAM ARCH and BUILD_ARCH to slc5_amd64_gcc472 ###
Sourcing environment... 
sourcing /cvmfs/cms.cern.ch/cmsset_default.sh
==> setup cms environment ok
>>> specific cmssw setup environment:
CMSSW_VERSION =  CMSSW_6_2_0_SLHC12
>>> current directory (SOFTWARE_DIR): /home/cms040/home_cream_284552487/CREAM284552487/glide_PaMJaL/execute/dir_32411/CMSSW_6_2_0_SLHC12
PreserveSeeds: <>
IncrementSeeds:<>
>>> info for dashboard:
***** Cat /home/cms040/home_cream_284552487/CREAM284552487/glide_PaMJaL/execute/dir_32411/jobreport.txt *****
MonitorJobID=2_https://submit-6.t2.ucsd.edu//140616//168556.1
MonitorID=calabria_MuMinus10_Case4_ReReco_5a3f4s
***** End Cat jobreport *****
Parameters sent to Dashboard.
crabWatchdog started as process 686
>>> moving CMSSW software directories in /home/cms040/home_cream_284552487/CREAM284552487/glide_PaMJaL/execute/dir_32411/CMSSW_6_2_0_SLHC12
mv: cannot stat `/home/cms040/home_cream_284552487/CREAM284552487/glide_PaMJaL/execute/dir_32411/module/': No such file or directory
>>> Include /home/cms040/home_cream_284552487/CREAM284552487/glide_PaMJaL/execute/dir_32411 in PYTHONPATH:
PYTHONPATH=/home/cms040/home_cream_284552487/CREAM284552487/glide_PaMJaL/execute/dir_32411/:/home/cms040/home_cream_284552487/CREAM284552487/glide_PaMJaL/execute/dir_32411/CMSSW_6_2_0_SLHC12/python:/home/cms040/home_cream_284552487/CREAM284552487/glide_PaMJaL/execute/dir_32411/CMSSW_6_2_0_SLHC12/lib/slc5_amd64_gcc472:/cvmfs/cms.cern.ch/slc5_amd64_gcc472/cms/cmssw/CMSSW_6_2_0_SLHC12/python:/cvmfs/cms.cern.ch/slc5_amd64_gcc472/cms/cmssw/CMSSW_6_2_0_SLHC12/lib/slc5_amd64_gcc472:/cvmfs/cms.cern.ch/slc5_amd64_gcc472/cms/coral/CORAL_2_3_21-cms36/slc5_amd64_gcc472/python:/cvmfs/cms.cern.ch/slc5_amd64_gcc472/cms/coral/CORAL_2_3_21-cms36/slc5_amd64_gcc472/lib:/cvmfs/cms.cern.ch/slc5_amd64_gcc472/external/pyqt/4.8.1-cms6/lib/python2.7/site-packages:/cvmfs/cms.cern.ch/slc5_amd64_gcc472/external/py2-scipy/0.8.0-cms8/lib/python2.7/site-packages:/cvmfs/cms.cern.ch/slc5_amd64_gcc472/external/py2-matplotlib/1.0.1-cms8/lib/python2.7/site-packages:/cvmfs/cms.cern.ch/slc5_amd64_gcc472/external/python-ldap/2.3.5-cms6/lib/python2.7/site-packages:/cvmfs/cms.cern.ch/slc5_amd64_gcc472/external/sip/4.11.2-cms6/lib/python2.7/site-packages:/cvmfs/cms.cern.ch/slc5_amd64_gcc472/external/py2-pycurl/7.19.0-cms8/lib/python2.7/site-packages:/cvmfs/cms.cern.ch/slc5_amd64_gcc472/external/py2-numpy/1.6.1-cms8/lib/python2.7/site-packages:/cvmfs/cms.cern.ch/slc5_amd64_gcc472/external/py2-lint/0.25.1-cms6/lib/python2.7/site-packages:/cvmfs/cms.cern.ch/slc5_amd64_gcc472/external/py2-ipython/0.10-cms6/lib/python2.7/site-packages:/cvmfs/cms.cern.ch/slc5_amd64_gcc472/external/py2-cx-oracle/5.1-cms7/lib/python2.7/site-packages:/cvmfs/cms.cern.ch/slc5_amd64_gcc472/external/py2-cjson/1.0.5-cms6/lib/python2.7/site-packages:/cvmfs/cms.cern.ch/slc5_amd64_gcc472/cms/das-client/1.11.7/bin:/cvmfs/cms.cern.ch/slc5_amd64_gcc472/external/elementtree/1.2.6-cms6/share/lib/python2.7/site-packages:/cvmfs/cms.cern.ch/slc5_amd64_gcc472/external/rivet/1.8.2-cms8/lib/python2.7/site-packages:/cvmfs/cms.cern.ch/slc5_amd64_gcc472/external/pyminuit2/0.0.1-cms19/lib/python2.7/site-packages:/cvmfs/cms.cern.ch/slc5_amd64_gcc472/external/py2-pygithub/1.23.0/lib/python2.7/site-packages:/cvmfs/cms.cern.ch/slc5_amd64_gcc472/external/professor/1.0.0-cms19/lib/python2.7/site-packages:/cvmfs/cms.cern.ch/slc5_amd64_gcc472/lcg/root/5.34.07-cms/lib:/cvmfs/cms.cern.ch/slc5_amd64_gcc472/cms/dbs-client/DBS_2_1_9-cms5/lib:/cvmfs/cms.cern.ch/slc5_amd64_gcc472/cms/dbs-client/DBS_2_1_9-cms5/lib/DBSAPI:/cvmfs/cms.cern.ch/slc5_amd64_gcc472/external/cvs2git/5419-cms/lib:/home/cms040/home_cream_284552487/CREAM284552487/glide_PaMJaL/execute/dir_32411/
 
# LIMITS USED BY CRAB WATCHDOG:
# RSS  (KBytes)   : 2300000
# VSZ  (KBytes)   : 100000000
# DISK (MBytes)   : 19000
# CPU TIME        : 720h:0m:0s
# WALL CLOCK TIME : 21h:50m:0s
 
5854dd31cbd3cdec44c48628cc181cf0
PSETHASH = 5854dd31cbd3cdec44c48628cc181cf0
/home/cms040/home_cream_284552487/CREAM284552487/glide_PaMJaL/execute/dir_32411/writeCfg.py pset.py pset.py
Importing .py file
Setting parameters
RandomNumberGeneratorService found, will attempt to change seeds
inputBlocks=/calabria_SingleMuPt10_GEN-SIM-DIGI-RECO_CMSSW_6_2_0_SLHC12_2023Scenario_Case4/calabria-calabria_SingleMuPt10_GEN-SIM-DIGI-RECO_CMSSW_6_2_0_SLHC12_2023Scenario_Case4-713e95291268ed84eccf2b8e553eab97/USER#52716c7c-5abb-496b-8bc1-5e8940fff45c
inputFiles=/store/user/calabria/calabria_SingleMuPt10_GEN-SIM-DIGI-RECO_CMSSW_6_2_0_SLHC12_2023Scenario_Case4/calabria_SingleMuPt10_GEN-SIM-DIGI-RECO_CMSSW_6_2_0_SLHC12_2023Scenario_Case4/713e95291268ed84eccf2b8e553eab97/out_reco_55_3_QKa.root;/store/user/calabria/calabria_SingleMuPt10_GEN-SIM-DIGI-RECO_CMSSW_6_2_0_SLHC12_2023Scenario_Case4/calabria_SingleMuPt10_GEN-SIM-DIGI-RECO_CMSSW_6_2_0_SLHC12_2023Scenario_Case4/713e95291268ed84eccf2b8e553eab97/out_reco_56_3_qPi.root;/store/user/calabria/calabria_SingleMuPt10_GEN-SIM-DIGI-RECO_CMSSW_6_2_0_SLHC12_2023Scenario_Case4/calabria_SingleMuPt10_GEN-SIM-DIGI-RECO_CMSSW_6_2_0_SLHC12_2023Scenario_Case4/713e95291268ed84eccf2b8e553eab97/out_reco_57_3_VdR.root;/store/user/calabria/calabria_SingleMuPt10_GEN-SIM-DIGI-RECO_CMSSW_6_2_0_SLHC12_2023Scenario_Case4/calabria_SingleMuPt10_GEN-SIM-DIGI-RECO_CMSSW_6_2_0_SLHC12_2023Scenario_Case4/713e95291268ed84eccf2b8e553eab97/out_reco_61_3_LvI.root;/store/user/calabria/calabria_SingleMuPt10_GEN-SIM-DIGI-RECO_CMSSW_6_2_0_SLHC12_2023Scenario_Case4/calabria_SingleMuPt10_GEN-SIM-DIGI-RECO_CMSSW_6_2_0_SLHC12_2023Scenario_Case4/713e95291268ed84eccf2b8e553eab97/out_reco_63_3_7MR.root;/store/user/calabria/calabria_SingleMuPt10_GEN-SIM-DIGI-RECO_CMSSW_6_2_0_SLHC12_2023Scenario_Case4/calabria_SingleMuPt10_GEN-SIM-DIGI-RECO_CMSSW_6_2_0_SLHC12_2023Scenario_Case4/713e95291268ed84eccf2b8e553eab97/out_reco_70_3_bV4.root;/store/user/calabria/calabria_SingleMuPt10_GEN-SIM-DIGI-RECO_CMSSW_6_2_0_SLHC12_2023Scenario_Case4/calabria_SingleMuPt10_GEN-SIM-DIGI-RECO_CMSSW_6_2_0_SLHC12_2023Scenario_Case4/713e95291268ed84eccf2b8e553eab97/out_reco_77_3_GE4.root;/store/user/calabria/calabria_SingleMuPt10_GEN-SIM-DIGI-RECO_CMSSW_6_2_0_SLHC12_2023Scenario_Case4/calabria_SingleMuPt10_GEN-SIM-DIGI-RECO_CMSSW_6_2_0_SLHC12_2023Scenario_Case4/713e95291268ed84eccf2b8e553eab97/out_reco_107_3_0e6.root;/store/user/calabria/calabria_SingleMuPt10_GEN-SIM-DIGI-RECO_CMSSW_6_2_0_SLHC12_2023Scenario_Case4/calabria_SingleMuPt10_GEN-SIM-DIGI-RECO_CMSSW_6_2_0_SLHC12_2023Scenario_Case4/713e95291268ed84eccf2b8e553eab97/out_reco_109_3_lN6.root;/store/user/calabria/calabria_SingleMuPt10_GEN-SIM-DIGI-RECO_CMSSW_6_2_0_SLHC12_2023Scenario_Case4/calabria_SingleMuPt10_GEN-SIM-DIGI-RECO_CMSSW_6_2_0_SLHC12_2023Scenario_Case4/713e95291268ed84eccf2b8e553eab97/out_reco_111_3_WiD.root
parentFiles=
lumisRange=
>>> Executable cmsRun
/cvmfs/cms.cern.ch/slc5_amd64_gcc472/cms/cmssw/CMSSW_6_2_0_SLHC12/bin/slc5_amd64_gcc472/cmsRun
ok executable found
>>> info for dashboard:
***** Cat /home/cms040/home_cream_284552487/CREAM284552487/glide_PaMJaL/execute/dir_32411/jobreport.txt *****
MonitorJobID=2_https://submit-6.t2.ucsd.edu//140616//168556.1
MonitorID=calabria_MuMinus10_Case4_ReReco_5a3f4s
ExeStart=cmsRun
***** End Cat jobreport *****
Parameters sent to Dashboard.
>>> cmsRun started at Tue Jun 17 23:26:23 UTC 2014
>>> cmsRun ended at Tue Jun 17 23:34:45 UTC 2014
>>> crab_fjr_*.xml  permission set to 0704
>>> info for dashboard:
***** Cat /home/cms040/home_cream_284552487/CREAM284552487/glide_PaMJaL/execute/dir_32411/jobreport.txt *****
MonitorJobID=2_https://submit-6.t2.ucsd.edu//140616//168556.1
MonitorID=calabria_MuMinus10_Case4_ReReco_5a3f4s
ExeEnd=cmsRun
***** End Cat jobreport *****
Parameters sent to Dashboard.
TIME_EXE = 502 sec
>>> cmsRun wrote 50 lines of stdout+stderr
>>> START OF printout of 50 lines from stdout+stderr
271 DQMStore::DQMStore 
HcalTopologyIdealEP::HcalTopologyIdealEP
18-Jun-2014 01:27:10 CEST  Initiating request to open file file:/lustre/cms//store/user/calabria/calabria_SingleMuPt10_GEN-SIM-DIGI-RECO_CMSSW_6_2_0_SLHC12_2023Scenario_Case4/calabria_SingleMuPt10_GEN-SIM-DIGI-RECO_CMSSW_6_2_0_SLHC12_2023Scenario_Case4/713e95291268ed84eccf2b8e553eab97/out_reco_55_3_QKa.root
18-Jun-2014 01:27:13 CEST  Successfully opened file file:/lustre/cms//store/user/calabria/calabria_SingleMuPt10_GEN-SIM-DIGI-RECO_CMSSW_6_2_0_SLHC12_2023Scenario_Case4/calabria_SingleMuPt10_GEN-SIM-DIGI-RECO_CMSSW_6_2_0_SLHC12_2023Scenario_Case4/713e95291268ed84eccf2b8e553eab97/out_reco_55_3_QKa.root
18-Jun-2014 01:28:05 CEST  Closed file file:/lustre/cms//store/user/calabria/calabria_SingleMuPt10_GEN-SIM-DIGI-RECO_CMSSW_6_2_0_SLHC12_2023Scenario_Case4/calabria_SingleMuPt10_GEN-SIM-DIGI-RECO_CMSSW_6_2_0_SLHC12_2023Scenario_Case4/713e95291268ed84eccf2b8e553eab97/out_reco_55_3_QKa.root
18-Jun-2014 01:28:05 CEST  Initiating request to open file file:/lustre/cms//store/user/calabria/calabria_SingleMuPt10_GEN-SIM-DIGI-RECO_CMSSW_6_2_0_SLHC12_2023Scenario_Case4/calabria_SingleMuPt10_GEN-SIM-DIGI-RECO_CMSSW_6_2_0_SLHC12_2023Scenario_Case4/713e95291268ed84eccf2b8e553eab97/out_reco_56_3_qPi.root
18-Jun-2014 01:28:06 CEST  Successfully opened file file:/lustre/cms//store/user/calabria/calabria_SingleMuPt10_GEN-SIM-DIGI-RECO_CMSSW_6_2_0_SLHC12_2023Scenario_Case4/calabria_SingleMuPt10_GEN-SIM-DIGI-RECO_CMSSW_6_2_0_SLHC12_2023Scenario_Case4/713e95291268ed84eccf2b8e553eab97/out_reco_56_3_qPi.root
18-Jun-2014 01:28:39 CEST  Closed file file:/lustre/cms//store/user/calabria/calabria_SingleMuPt10_GEN-SIM-DIGI-RECO_CMSSW_6_2_0_SLHC12_2023Scenario_Case4/calabria_SingleMuPt10_GEN-SIM-DIGI-RECO_CMSSW_6_2_0_SLHC12_2023Scenario_Case4/713e95291268ed84eccf2b8e553eab97/out_reco_56_3_qPi.root
18-Jun-2014 01:28:39 CEST  Initiating request to open file file:/lustre/cms//store/user/calabria/calabria_SingleMuPt10_GEN-SIM-DIGI-RECO_CMSSW_6_2_0_SLHC12_2023Scenario_Case4/calabria_SingleMuPt10_GEN-SIM-DIGI-RECO_CMSSW_6_2_0_SLHC12_2023Scenario_Case4/713e95291268ed84eccf2b8e553eab97/out_reco_57_3_VdR.root
18-Jun-2014 01:28:39 CEST  Successfully opened file file:/lustre/cms//store/user/calabria/calabria_SingleMuPt10_GEN-SIM-DIGI-RECO_CMSSW_6_2_0_SLHC12_2023Scenario_Case4/calabria_SingleMuPt10_GEN-SIM-DIGI-RECO_CMSSW_6_2_0_SLHC12_2023Scenario_Case4/713e95291268ed84eccf2b8e553eab97/out_reco_57_3_VdR.root
18-Jun-2014 01:29:09 CEST  Closed file file:/lustre/cms//store/user/calabria/calabria_SingleMuPt10_GEN-SIM-DIGI-RECO_CMSSW_6_2_0_SLHC12_2023Scenario_Case4/calabria_SingleMuPt10_GEN-SIM-DIGI-RECO_CMSSW_6_2_0_SLHC12_2023Scenario_Case4/713e95291268ed84eccf2b8e553eab97/out_reco_57_3_VdR.root
18-Jun-2014 01:29:09 CEST  Initiating request to open file file:/lustre/cms//store/user/calabria/calabria_SingleMuPt10_GEN-SIM-DIGI-RECO_CMSSW_6_2_0_SLHC12_2023Scenario_Case4/calabria_SingleMuPt10_GEN-SIM-DIGI-RECO_CMSSW_6_2_0_SLHC12_2023Scenario_Case4/713e95291268ed84eccf2b8e553eab97/out_reco_61_3_LvI.root
18-Jun-2014 01:29:09 CEST  Successfully opened file file:/lustre/cms//store/user/calabria/calabria_SingleMuPt10_GEN-SIM-DIGI-RECO_CMSSW_6_2_0_SLHC12_2023Scenario_Case4/calabria_SingleMuPt10_GEN-SIM-DIGI-RECO_CMSSW_6_2_0_SLHC12_2023Scenario_Case4/713e95291268ed84eccf2b8e553eab97/out_reco_61_3_LvI.root
18-Jun-2014 01:29:41 CEST  Closed file file:/lustre/cms//store/user/calabria/calabria_SingleMuPt10_GEN-SIM-DIGI-RECO_CMSSW_6_2_0_SLHC12_2023Scenario_Case4/calabria_SingleMuPt10_GEN-SIM-DIGI-RECO_CMSSW_6_2_0_SLHC12_2023Scenario_Case4/713e95291268ed84eccf2b8e553eab97/out_reco_61_3_LvI.root
18-Jun-2014 01:29:41 CEST  Initiating request to open file file:/lustre/cms//store/user/calabria/calabria_SingleMuPt10_GEN-SIM-DIGI-RECO_CMSSW_6_2_0_SLHC12_2023Scenario_Case4/calabria_SingleMuPt10_GEN-SIM-DIGI-RECO_CMSSW_6_2_0_SLHC12_2023Scenario_Case4/713e95291268ed84eccf2b8e553eab97/out_reco_63_3_7MR.root
18-Jun-2014 01:29:42 CEST  Successfully opened file file:/lustre/cms//store/user/calabria/calabria_SingleMuPt10_GEN-SIM-DIGI-RECO_CMSSW_6_2_0_SLHC12_2023Scenario_Case4/calabria_SingleMuPt10_GEN-SIM-DIGI-RECO_CMSSW_6_2_0_SLHC12_2023Scenario_Case4/713e95291268ed84eccf2b8e553eab97/out_reco_63_3_7MR.root
18-Jun-2014 01:30:14 CEST  Closed file file:/lustre/cms//store/user/calabria/calabria_SingleMuPt10_GEN-SIM-DIGI-RECO_CMSSW_6_2_0_SLHC12_2023Scenario_Case4/calabria_SingleMuPt10_GEN-SIM-DIGI-RECO_CMSSW_6_2_0_SLHC12_2023Scenario_Case4/713e95291268ed84eccf2b8e553eab97/out_reco_63_3_7MR.root
18-Jun-2014 01:30:14 CEST  Initiating request to open file file:/lustre/cms//store/user/calabria/calabria_SingleMuPt10_GEN-SIM-DIGI-RECO_CMSSW_6_2_0_SLHC12_2023Scenario_Case4/calabria_SingleMuPt10_GEN-SIM-DIGI-RECO_CMSSW_6_2_0_SLHC12_2023Scenario_Case4/713e95291268ed84eccf2b8e553eab97/out_reco_70_3_bV4.root
18-Jun-2014 01:30:14 CEST  Successfully opened file file:/lustre/cms//store/user/calabria/calabria_SingleMuPt10_GEN-SIM-DIGI-RECO_CMSSW_6_2_0_SLHC12_2023Scenario_Case4/calabria_SingleMuPt10_GEN-SIM-DIGI-RECO_CMSSW_6_2_0_SLHC12_2023Scenario_Case4/713e95291268ed84eccf2b8e553eab97/out_reco_70_3_bV4.root
18-Jun-2014 01:30:45 CEST  Closed file file:/lustre/cms//store/user/calabria/calabria_SingleMuPt10_GEN-SIM-DIGI-RECO_CMSSW_6_2_0_SLHC12_2023Scenario_Case4/calabria_SingleMuPt10_GEN-SIM-DIGI-RECO_CMSSW_6_2_0_SLHC12_2023Scenario_Case4/713e95291268ed84eccf2b8e553eab97/out_reco_70_3_bV4.root
18-Jun-2014 01:30:45 CEST  Initiating request to open file file:/lustre/cms//store/user/calabria/calabria_SingleMuPt10_GEN-SIM-DIGI-RECO_CMSSW_6_2_0_SLHC12_2023Scenario_Case4/calabria_SingleMuPt10_GEN-SIM-DIGI-RECO_CMSSW_6_2_0_SLHC12_2023Scenario_Case4/713e95291268ed84eccf2b8e553eab97/out_reco_77_3_GE4.root
18-Jun-2014 01:30:45 CEST  Successfully opened file file:/lustre/cms//store/user/calabria/calabria_SingleMuPt10_GEN-SIM-DIGI-RECO_CMSSW_6_2_0_SLHC12_2023Scenario_Case4/calabria_SingleMuPt10_GEN-SIM-DIGI-RECO_CMSSW_6_2_0_SLHC12_2023Scenario_Case4/713e95291268ed84eccf2b8e553eab97/out_reco_77_3_GE4.root
18-Jun-2014 01:31:19 CEST  Closed file file:/lustre/cms//store/user/calabria/calabria_SingleMuPt10_GEN-SIM-DIGI-RECO_CMSSW_6_2_0_SLHC12_2023Scenario_Case4/calabria_SingleMuPt10_GEN-SIM-DIGI-RECO_CMSSW_6_2_0_SLHC12_2023Scenario_Case4/713e95291268ed84eccf2b8e553eab97/out_reco_77_3_GE4.root
18-Jun-2014 01:31:19 CEST  Initiating request to open file file:/lustre/cms//store/user/calabria/calabria_SingleMuPt10_GEN-SIM-DIGI-RECO_CMSSW_6_2_0_SLHC12_2023Scenario_Case4/calabria_SingleMuPt10_GEN-SIM-DIGI-RECO_CMSSW_6_2_0_SLHC12_2023Scenario_Case4/713e95291268ed84eccf2b8e553eab97/out_reco_107_3_0e6.root
18-Jun-2014 01:31:19 CEST  Successfully opened file file:/lustre/cms//store/user/calabria/calabria_SingleMuPt10_GEN-SIM-DIGI-RECO_CMSSW_6_2_0_SLHC12_2023Scenario_Case4/calabria_SingleMuPt10_GEN-SIM-DIGI-RECO_CMSSW_6_2_0_SLHC12_2023Scenario_Case4/713e95291268ed84eccf2b8e553eab97/out_reco_107_3_0e6.root
18-Jun-2014 01:31:53 CEST  Closed file file:/lustre/cms//store/user/calabria/calabria_SingleMuPt10_GEN-SIM-DIGI-RECO_CMSSW_6_2_0_SLHC12_2023Scenario_Case4/calabria_SingleMuPt10_GEN-SIM-DIGI-RECO_CMSSW_6_2_0_SLHC12_2023Scenario_Case4/713e95291268ed84eccf2b8e553eab97/out_reco_107_3_0e6.root
18-Jun-2014 01:31:53 CEST  Initiating request to open file file:/lustre/cms//store/user/calabria/calabria_SingleMuPt10_GEN-SIM-DIGI-RECO_CMSSW_6_2_0_SLHC12_2023Scenario_Case4/calabria_SingleMuPt10_GEN-SIM-DIGI-RECO_CMSSW_6_2_0_SLHC12_2023Scenario_Case4/713e95291268ed84eccf2b8e553eab97/out_reco_109_3_lN6.root
18-Jun-2014 01:31:53 CEST  Successfully opened file file:/lustre/cms//store/user/calabria/calabria_SingleMuPt10_GEN-SIM-DIGI-RECO_CMSSW_6_2_0_SLHC12_2023Scenario_Case4/calabria_SingleMuPt10_GEN-SIM-DIGI-RECO_CMSSW_6_2_0_SLHC12_2023Scenario_Case4/713e95291268ed84eccf2b8e553eab97/out_reco_109_3_lN6.root
18-Jun-2014 01:32:31 CEST  Closed file file:/lustre/cms//store/user/calabria/calabria_SingleMuPt10_GEN-SIM-DIGI-RECO_CMSSW_6_2_0_SLHC12_2023Scenario_Case4/calabria_SingleMuPt10_GEN-SIM-DIGI-RECO_CMSSW_6_2_0_SLHC12_2023Scenario_Case4/713e95291268ed84eccf2b8e553eab97/out_reco_109_3_lN6.root
18-Jun-2014 01:32:31 CEST  Initiating request to open file file:/lustre/cms//store/user/calabria/calabria_SingleMuPt10_GEN-SIM-DIGI-RECO_CMSSW_6_2_0_SLHC12_2023Scenario_Case4/calabria_SingleMuPt10_GEN-SIM-DIGI-RECO_CMSSW_6_2_0_SLHC12_2023Scenario_Case4/713e95291268ed84eccf2b8e553eab97/out_reco_111_3_WiD.root
18-Jun-2014 01:32:31 CEST  Successfully opened file file:/lustre/cms//store/user/calabria/calabria_SingleMuPt10_GEN-SIM-DIGI-RECO_CMSSW_6_2_0_SLHC12_2023Scenario_Case4/calabria_SingleMuPt10_GEN-SIM-DIGI-RECO_CMSSW_6_2_0_SLHC12_2023Scenario_Case4/713e95291268ed84eccf2b8e553eab97/out_reco_111_3_WiD.root
18-Jun-2014 01:34:44 CEST  Closed file file:/lustre/cms//store/user/calabria/calabria_SingleMuPt10_GEN-SIM-DIGI-RECO_CMSSW_6_2_0_SLHC12_2023Scenario_Case4/calabria_SingleMuPt10_GEN-SIM-DIGI-RECO_CMSSW_6_2_0_SLHC12_2023Scenario_Case4/713e95291268ed84eccf2b8e553eab97/out_reco_111_3_WiD.root

=============================================

MessageLogger Summary

 type     category        sev    module        subroutine        count    total
 ---- -------------------- -- ---------------- ----------------  -----    -----
    1 fileAction           -s file_close                            10       10
    2 fileAction           -s file_open                             20       20

 type    category    Examples: run/evt        run/evt          run/evt
 ---- -------------------- ---------------- ---------------- ----------------
    1 fileAction           PostProcessEvent PostProcessEvent PostEndRun
    2 fileAction           pre-events       pre-events       PostProcessEvent

Severity    # Occurrences   Total Occurrences
--------    -------------   -----------------
System                 30                  30
>>> END OF printout of 50 lines from stdout+stderr
>>> Parse FrameworkJobReport crab_fjr.xml
Result of parsing the FrameworkJobReport crab_fjr.xml: Popularity start
lumisRange : 1::::1;1::::2;1::::3;1::::4;1::::5;1::::6;1::::7;1::::8;1::::9;1::::10;
lumisParentRange : 
Basename : /store/user/calabria/calabria_SingleMuPt10_GEN-SIM-DIGI-RECO_CMSSW_6_2_0_SLHC12_2023Scenario_Case4/calabria_SingleMuPt10_GEN-SIM-DIGI-RECO_CMSSW_6_2_0_SLHC12_2023Scenario_Case4/713e95291268ed84eccf2b8e553eab97/out_reco_
BasenameParent : 
parentFiles : 
inputBlocks : /calabria_SingleMuPt10_GEN-SIM-DIGI-RECO_CMSSW_6_2_0_SLHC12_2023Scenario_Case4/calabria-calabria_SingleMuPt10_GEN-SIM-DIGI-RECO_CMSSW_6_2_0_SLHC12_2023Scenario_Case4-713e95291268ed84eccf2b8e553eab97/USER#52716c7c-5abb-496b-8bc1-5e8940fff45c
inputFiles : 77_3_GE4.root::1::EDM::Local::1;56_3_qPi.root::1::EDM::Local::2;55_3_QKa.root::1::EDM::Local::3;107_3_0e6.root::1::EDM::Local::4;61_3_LvI.root::1::EDM::Local::5;111_3_WiD.root::1::EDM::Local::6;70_3_bV4.root::1::EDM::Local::7;63_3_7MR.root::1::EDM::Local::8;109_3_lN6.root::1::EDM::Local::9;57_3_VdR.root::1::EDM::Local::10;
Popularity stop
Extracted ExitStatus from FrameworkJobReport parsing output: 0
>>> Executable succeded  0
ExeExitCode=0
EXECUTABLE_EXIT_STATUS = 0
>>> current directory /home/cms040/home_cream_284552487/CREAM284552487/glide_PaMJaL/execute/dir_32411/CMSSW_6_2_0_SLHC12
>>>  (SOFTWARE_DIR): /home/cms040/home_cream_284552487/CREAM284552487/glide_PaMJaL/execute/dir_32411/CMSSW_6_2_0_SLHC12
>>> (WORKING_DIR): 
>>> current directory content:
total 10444
drwxr-xr-x 3 cms040 cms    4096 Jun 18 01:26 .SCRAM
-rw------- 1 cms040 cms 3740381 Jun 18 01:26 CMSSW.py.pkl
drwxr-xr-x 3 cms040 cms    4096 Jun 18 01:26 bin
drwxr-xr-x 3 cms040 cms    4096 Jun 18 01:26 cfipython
drwxr-xr-x 4 cms040 cms    4096 Jun 18 01:26 config
-rw------- 1 cms040 cms      18 Jun 18 01:34 cpu_timing.txt
drwxr-xr-x 2 cms040 cms    4096 Jun 18 01:26 doc
-rw------- 1 cms040 cms    9904 Jun 18 01:34 executable.out
drwxr-xr-x 2 cms040 cms    4096 Jun 18 01:26 include
drwx------ 3 cms040 cms    4096 Apr 28 18:12 lib
drwxr-xr-x 3 cms040 cms    4096 Jun 18 01:26 logs
drwxr-xr-x 3 cms040 cms    4096 Jun 18 01:26 objs
-rw------- 1 cms040 cms     104 Jun 18 01:26 pset.py
-rw------- 1 cms040 cms 3712301 Jun 18 01:26 pset.py.pkl
-rw------- 1 cms040 cms     289 Jun 18 01:26 pset.pyc
drwxr-xr-x 2 cms040 cms    4096 Jun 18 01:26 python
-rw------- 1 cms040 cms     404 Jun 18 01:34 report.log
drwx------ 6 cms040 cms    4096 Jun 18 01:25 src
drwxr-xr-x 3 cms040 cms    4096 Jun 18 01:26 test
drwxr-xr-x 3 cms040 cms    4096 Jun 18 01:26 tmp
-rw------- 1 cms040 cms 3139806 Jun 18 01:34 validationEDM.root
>>> current directory /home/cms040/home_cream_284552487/CREAM284552487/glide_PaMJaL/execute/dir_32411/CMSSW_6_2_0_SLHC12
>>> (SOFTWARE_DIR): /home/cms040/home_cream_284552487/CREAM284552487/glide_PaMJaL/execute/dir_32411/CMSSW_6_2_0_SLHC12
>>> (WORKING_DIR): 
>>> current directory content:
total 10444
drwxr-xr-x 3 cms040 cms    4096 Jun 18 01:26 .SCRAM
-rw------- 1 cms040 cms 3740381 Jun 18 01:26 CMSSW.py.pkl
drwxr-xr-x 3 cms040 cms    4096 Jun 18 01:26 bin
drwxr-xr-x 3 cms040 cms    4096 Jun 18 01:26 cfipython
drwxr-xr-x 4 cms040 cms    4096 Jun 18 01:26 config
-rw------- 1 cms040 cms      18 Jun 18 01:34 cpu_timing.txt
drwxr-xr-x 2 cms040 cms    4096 Jun 18 01:26 doc
-rw------- 1 cms040 cms    9904 Jun 18 01:34 executable.out
drwxr-xr-x 2 cms040 cms    4096 Jun 18 01:26 include
drwx------ 3 cms040 cms    4096 Apr 28 18:12 lib
drwxr-xr-x 3 cms040 cms    4096 Jun 18 01:26 logs
drwxr-xr-x 3 cms040 cms    4096 Jun 18 01:26 objs
-rw------- 1 cms040 cms     104 Jun 18 01:26 pset.py
-rw------- 1 cms040 cms 3712301 Jun 18 01:26 pset.py.pkl
-rw------- 1 cms040 cms     289 Jun 18 01:26 pset.pyc
drwxr-xr-x 2 cms040 cms    4096 Jun 18 01:26 python
-rw------- 1 cms040 cms     404 Jun 18 01:34 report.log
drwx------ 6 cms040 cms    4096 Jun 18 01:25 src
drwxr-xr-x 3 cms040 cms    4096 Jun 18 01:26 test
drwxr-xr-x 3 cms040 cms    4096 Jun 18 01:26 tmp
-rw------- 1 cms040 cms 3139806 Jun 18 01:34 validationEDM_2_1_MKf.root
>>> current directory (RUNTIME_AREA):  /home/cms040/home_cream_284552487/CREAM284552487/glide_PaMJaL/execute/dir_32411
SE = storm-se-01.ba.infn.it
SE_PATH = /srm/managerv2?SFN=//cms/store/user/calabria/calabria_SingleMuPt10_GEN-SIM-DIGI-RECO_CMSSW_6_2_0_SLHC12_2023Scenario_Case4/calabria_MuMinus10_GEN-SIM-DIGI-RECO_CMSSW_6_2_0_SLHC12_2023Scenario_VALNOPU2_Case4/5854dd31cbd3cdec44c48628cc181cf0/
LFNBaseName = /store/user/calabria/calabria_SingleMuPt10_GEN-SIM-DIGI-RECO_CMSSW_6_2_0_SLHC12_2023Scenario_Case4/calabria_MuMinus10_GEN-SIM-DIGI-RECO_CMSSW_6_2_0_SLHC12_2023Scenario_VALNOPU2_Case4/5854dd31cbd3cdec44c48628cc181cf0/
USER = calabria
endpoint = srm://storm-se-01.ba.infn.it:8444/srm/managerv2?SFN=//cms/store/user/calabria/calabria_SingleMuPt10_GEN-SIM-DIGI-RECO_CMSSW_6_2_0_SLHC12_2023Scenario_Case4/calabria_MuMinus10_GEN-SIM-DIGI-RECO_CMSSW_6_2_0_SLHC12_2023Scenario_VALNOPU2_Case4/5854dd31cbd3cdec44c48628cc181cf0/
>>> Copy output files from WN = alicegrid98.ba.infn.it to /srm/managerv2?SFN=//cms/store/user/calabria/calabria_SingleMuPt10_GEN-SIM-DIGI-RECO_CMSSW_6_2_0_SLHC12_2023Scenario_Case4/calabria_MuMinus10_GEN-SIM-DIGI-RECO_CMSSW_6_2_0_SLHC12_2023Scenario_VALNOPU2_Case4/5854dd31cbd3cdec44c48628cc181cf0/ :
python cmscp.py  --destination srm://storm-se-01.ba.infn.it:8444/srm/managerv2?SFN=//cms/store/user/calabria/calabria_SingleMuPt10_GEN-SIM-DIGI-RECO_CMSSW_6_2_0_SLHC12_2023Scenario_Case4/calabria_MuMinus10_GEN-SIM-DIGI-RECO_CMSSW_6_2_0_SLHC12_2023Scenario_VALNOPU2_Case4/5854dd31cbd3cdec44c48628cc181cf0/ --inputFileList /home/cms040/home_cream_284552487/CREAM284552487/glide_PaMJaL/execute/dir_32411/CMSSW_6_2_0_SLHC12/validationEDM_2_1_MKf.root --middleware LCG --se_name storm-se-01.ba.infn.it --for_lfn /store/user/calabria/calabria_SingleMuPt10_GEN-SIM-DIGI-RECO_CMSSW_6_2_0_SLHC12_2023Scenario_Case4/calabria_MuMinus10_GEN-SIM-DIGI-RECO_CMSSW_6_2_0_SLHC12_2023Scenario_VALNOPU2_Case4/5854dd31cbd3cdec44c48628cc181cf0/    
******************************************************
localSeName  =  storm-se-01.ba.infn.it
remoteSeName =  storm-se-01.ba.infn.it
******************************************************
{"/home/cms040/home_cream_284552487/CREAM284552487/glide_PaMJaL/execute/dir_32411/CMSSW_6_2_0_SLHC12/validationEDM_2_1_MKf.root": {"endpoint": "srm://storm-se-01.ba.infn.it:8444/srm/managerv2?SFN=//cms/store/user/calabria/calabria_SingleMuPt10_GEN-SIM-DIGI-RECO_CMSSW_6_2_0_SLHC12_2023Scenario_Case4/calabria_MuMinus10_GEN-SIM-DIGI-RECO_CMSSW_6_2_0_SLHC12_2023Scenario_VALNOPU2_Case4/5854dd31cbd3cdec44c48628cc181cf0/", "surl_for_grid": "", "reason": "Copy succedeed with srm-lcg utils", "erCode": "0", "se_name": "storm-se-01.ba.infn.it", "for_lfn": "/store/user/calabria/calabria_SingleMuPt10_GEN-SIM-DIGI-RECO_CMSSW_6_2_0_SLHC12_2023Scenario_Case4/calabria_MuMinus10_GEN-SIM-DIGI-RECO_CMSSW_6_2_0_SLHC12_2023Scenario_VALNOPU2_Case4/5854dd31cbd3cdec44c48628cc181cf0/"}}/home/cms040/home_cream_284552487/CREAM284552487/glide_PaMJaL/execute/dir_32411
-------- cat /home/cms040/home_cream_284552487/CREAM284552487/glide_PaMJaL/execute/dir_32411/cmscpReport.sh 
#!/bin/bash
echo "Report for File: /home/cms040/home_cream_284552487/CREAM284552487/glide_PaMJaL/execute/dir_32411/CMSSW_6_2_0_SLHC12/validationEDM_2_1_MKf.root"
echo "LFN: /store/user/calabria/calabria_SingleMuPt10_GEN-SIM-DIGI-RECO_CMSSW_6_2_0_SLHC12_2023Scenario_Case4/calabria_MuMinus10_GEN-SIM-DIGI-RECO_CMSSW_6_2_0_SLHC12_2023Scenario_VALNOPU2_Case4/5854dd31cbd3cdec44c48628cc181cf0/validationEDM_2_1_MKf.root"
echo "StorageElement: storm-se-01.ba.infn.it"
echo "StageOutExitStatusReason = 'Copy succedeed with srm-lcg utils'" | tee -a $RUNTIME_AREA/$repo
echo "StageOutSE = storm-se-01.ba.infn.it" >> $RUNTIME_AREA/$repo

export StageOutExitStatus=0
echo "StageOutExitStatus = 0" | tee -a $RUNTIME_AREA/$repo
-------- end of /home/cms040/home_cream_284552487/CREAM284552487/glide_PaMJaL/execute/dir_32411/cmscpReport.sh 
Report for File: /home/cms040/home_cream_284552487/CREAM284552487/glide_PaMJaL/execute/dir_32411/CMSSW_6_2_0_SLHC12/validationEDM_2_1_MKf.root
LFN: /store/user/calabria/calabria_SingleMuPt10_GEN-SIM-DIGI-RECO_CMSSW_6_2_0_SLHC12_2023Scenario_Case4/calabria_MuMinus10_GEN-SIM-DIGI-RECO_CMSSW_6_2_0_SLHC12_2023Scenario_VALNOPU2_Case4/5854dd31cbd3cdec44c48628cc181cf0/validationEDM_2_1_MKf.root
StorageElement: storm-se-01.ba.infn.it
StageOutExitStatusReason = 'Copy succedeed with srm-lcg utils'
StageOutExitStatus = 0
>>> current dir: /home/cms040/home_cream_284552487/CREAM284552487/glide_PaMJaL/execute/dir_32411
>>> current dir content:
total 28080
-rw-------  1 cms040 cms     2776 Jun 18 01:35 .SEinteraction.log
-rwx------  1 cms040 cms     6813 Jun 18 01:25 .job.ad
-rwx------  1 cms040 cms     9461 Jun 18 01:25 .machine.ad
-rw-------  1 cms040 cms      105 Jun 16 20:47 CMSSW.py
-rw-------  1 cms040 cms  3740381 Jun 16 20:47 CMSSW.py.pkl
-rwx------  1 cms040 cms    29556 Jun 18 01:25 CMSSW.sh
drwxr-xr-x 15 cms040 cms     4096 Jun 18 01:34 CMSSW_6_2_0_SLHC12
-rw-------  1 cms040 cms      220 Jun 18 01:26 CacheEnv.sh
-rw-------  1 cms040 cms     7291 Apr  4 11:04 DashboardAPI.py
-rw-------  1 cms040 cms     6815 Jun 18 01:26 DashboardAPI.pyc
drwx------  2 cms040 cms     4096 Jun 18 01:34 IMProv
-rw-------  1 cms040 cms     2748 Apr  4 11:04 Logger.py
-rw-------  1 cms040 cms     3347 Jun 18 01:26 Logger.pyc
-rw-------  1 cms040 cms    24524 Apr  4 11:04 ProcInfo.py
-rw-------  1 cms040 cms    23197 Jun 18 01:26 ProcInfo.pyc
drwx------  7 cms040 cms     4096 Jun 18 01:26 ProdCommon
drwx------  3 cms040 cms     4096 Jun 18 01:25 WMCore
-rw-------  1 cms040 cms     3252 Jun 18 01:35 Watchdog_2.log
-rwx------  1 cms040 cms        0 Jun 18 01:25 _condor_stderr
-rwx---r--  1 cms040 cms    29381 Jun 18 01:35 _condor_stdout
-rw-------  1 cms040 cms    32895 Apr  4 11:04 apmon.py
-rw-------  1 cms040 cms    28625 Jun 18 01:26 apmon.pyc
-rwx------  1 cms040 cms    53734 Jun 18 01:25 arguments.xml
-rwx------  1 cms040 cms    38515 Apr  4 11:04 cmscp.py
-rw-------  1 cms040 cms      716 Jun 18 01:35 cmscpReport.sh
-rwx------  1 cms040 cms    29556 Jun 18 01:25 condor_exec.exe
-rw-------  1 cms040 cms      958 Jun 16 20:47 crab.cfg
-rwx------  1 cms040 cms     8610 Apr  4 11:04 crabWatchdog.sh
-rwx---r--  1 cms040 cms   523239 Jun 18 01:34 crab_fjr_2.xml
-rwx------  1 cms040 cms 23958053 Jun 18 01:25 default.tgz
-rwx------  1 cms040 cms     4488 Apr  4 11:04 fillCrabFjr.py
-rw-------  1 cms040 cms     2622 Jun 18 01:26 inputsReport.txt
-rw-------  1 cms040 cms      259 Jun 18 01:35 jobreport.txt
-rw-------  1 cms040 cms    17352 Apr  4 11:04 parseCrabFjr.py
-rw-------  1 cms040 cms      329 Jun 18 01:25 report.log
-rwx--x--x  1 cms040 cms     1497 Apr  4 11:04 report.py
-rw-------  1 cms040 cms      771 Jun 18 01:35 resultCopyFile
lrwxrwxrwx  1 cms040 cms      125 Jun 18 01:34 validationEDM.root -> /home/cms040/home_cream_284552487/CREAM284552487/glide_PaMJaL/execute/dir_32411/CMSSW_6_2_0_SLHC12/validationEDM_2_1_MKf.root
-rwx------  1 cms040 cms     8387 Apr  4 11:04 writeCfg.py
-rw-------  1 cms040 cms     8010 Jun 18 01:25 x509up_u50707
>>> Modify Job Report:
CMSSW_VERSION = CMSSW_6_2_0_SLHC12
ProcessedDataset = calabria_MuMinus10_GEN-SIM-DIGI-RECO_CMSSW_6_2_0_SLHC12_2023Scenario_VALNOPU2_Case4
/home/cms040/home_cream_284552487/CREAM284552487/glide_PaMJaL/execute/dir_32411/ProdCommon/FwkJobRep/ModifyJobReport.py fjr /home/cms040/home_cream_284552487/CREAM284552487/glide_PaMJaL/execute/dir_32411/crab_fjr_2.xml json /home/cms040/home_cream_284552487/CREAM284552487/glide_PaMJaL/execute/dir_32411/resultCopyFile n_job 2_1_MKf PrimaryDataset calabria_SingleMuPt10_GEN-SIM-DIGI-RECO_CMSSW_6_2_0_SLHC12_2023Scenario_Case4  ApplicationFamily cmsRun ApplicationName cmsRun cmssw_version CMSSW_6_2_0_SLHC12 psethash 5854dd31cbd3cdec44c48628cc181cf0 UserProcessedDataset calabria-calabria_MuMinus10_GEN-SIM-DIGI-RECO_CMSSW_6_2_0_SLHC12_2023Scenario_VALNOPU2_Case4-5854dd31cbd3cdec44c48628cc181cf0
inputDict =  {u'/home/cms040/home_cream_284552487/CREAM284552487/glide_PaMJaL/execute/dir_32411/CMSSW_6_2_0_SLHC12/validationEDM_2_1_MKf.root': {u'endpoint': u'srm://storm-se-01.ba.infn.it:8444/srm/managerv2?SFN=//cms/store/user/calabria/calabria_SingleMuPt10_GEN-SIM-DIGI-RECO_CMSSW_6_2_0_SLHC12_2023Scenario_Case4/calabria_MuMinus10_GEN-SIM-DIGI-RECO_CMSSW_6_2_0_SLHC12_2023Scenario_VALNOPU2_Case4/5854dd31cbd3cdec44c48628cc181cf0/', u'surl_for_grid': u'', u'reason': u'Copy succedeed with srm-lcg utils', u'erCode': u'0', u'se_name': u'storm-se-01.ba.infn.it', u'for_lfn': u'/store/user/calabria/calabria_SingleMuPt10_GEN-SIM-DIGI-RECO_CMSSW_6_2_0_SLHC12_2023Scenario_Case4/calabria_MuMinus10_GEN-SIM-DIGI-RECO_CMSSW_6_2_0_SLHC12_2023Scenario_VALNOPU2_Case4/5854dd31cbd3cdec44c48628cc181cf0/'}}
UserProcessedDataset =  calabria-calabria_MuMinus10_GEN-SIM-DIGI-RECO_CMSSW_6_2_0_SLHC12_2023Scenario_VALNOPU2_Case4-5854dd31cbd3cdec44c48628cc181cf0
file_name in inputDict =  /home/cms040/home_cream_284552487/CREAM284552487/glide_PaMJaL/execute/dir_32411/CMSSW_6_2_0_SLHC12/validationEDM_2_1_MKf.root
(size) os.stat(filename)[6] =  3139806
checksum =  1037862274
    file =  validationEDM_2_1_MKf.root
    newPfn =  srm://storm-se-01.ba.infn.it:8444/srm/managerv2?SFN=//cms/store/user/calabria/calabria_SingleMuPt10_GEN-SIM-DIGI-RECO_CMSSW_6_2_0_SLHC12_2023Scenario_Case4/calabria_MuMinus10_GEN-SIM-DIGI-RECO_CMSSW_6_2_0_SLHC12_2023Scenario_VALNOPU2_Case4/5854dd31cbd3cdec44c48628cc181cf0/validationEDM_2_1_MKf.root
    newLfn =  /store/user/calabria/calabria_SingleMuPt10_GEN-SIM-DIGI-RECO_CMSSW_6_2_0_SLHC12_2023Scenario_Case4/calabria_MuMinus10_GEN-SIM-DIGI-RECO_CMSSW_6_2_0_SLHC12_2023Scenario_VALNOPU2_Case4/5854dd31cbd3cdec44c48628cc181cf0/validationEDM_2_1_MKf.root
>>> crab_fjr_*.xml  permission set to 0704
CrabWrapper EXIT_FUNC entered at Wed Jun 18 01:35:41 CEST 2014   -  Tue Jun 17 23:35:41 UTC 2014
Checking output files:  
will tar file crab_fjr_2.xml in  out_files_2
WARNING: output file CMSSW_2.stdout not found!
WARNING: output file CMSSW_2.stderr not found!
WARNING: output file Watchdog_2.log.gz not found!
>>> padding time: Sleeping the wrapper for 13 seconds
STOPPING WATCHDOG. CrabWatchdog PID is 686
********** LAST 50 LINES OF WATCHDOG LOG
# RESOURCE USAGE SUMMARY FOR PROCESS ID 32594
USER       PID %CPU %MEM    VSZ   RSS TTY      STAT START   TIME COMMAND
cms040   32594  0.5  0.0   9496  1592 ?        S    01:25   0:00 /bin/sh /home/cms040/home_cream_284552487/CREAM284552487/glide_PaMJaL/execute/dir_32411/condor_exec.exe 2 1
 
# LIMITS USED BY CRAB WATCHDOG:
# RSS  (KBytes)   : 2300000
# VSZ  (KBytes)   : 100000000
# DISK (MBytes)   : 19000
# CPU TIME        : 720h:0m:0s
# WALL CLOCK TIME : 21h:50m:0s
 
# FOLLOWING PRINTOUT TRACKS MAXIMUM VALUES OF RESOURCES USE
# ONE LINE IS PRINTED EACH TIME A MAXIMUM CHANGES
# IF CHANGE WAS IN RSS OR VSZ ALSO PROCID AND COMMAND ARE PRINTED
# THERE IS NO PRINTOUT FOR CPU/WALL TIME INCREASE
 
# TIME			PID	RSS(KB)	VSZ(KB)	Dsk(MB)	tCPU(s)	tWALL(s)	COMMAND
 Jun 18 01:26:04 CEST	686	1412	9388	0	0	0	/bin/bash /home/cms040/home_cream_284552487/CREAM284552487/glide_PaMJaL/execute/dir_32411/crabWatchdog.sh         
 Jun 18 01:26:04 CEST	698	25280	90144	0	0	0	edmConfigHash pset.py         
 Jun 18 01:26:04 CEST	4136	25280	93388	0	0	1	/home/cms040/home_cream_284552487/CREAM284552487/glide_PaMJaL/main/condor/sbin/condor_master -f -pidfile /home/cms040/home_cream_284552487/CREAM284552487/glide_PaMJaL/condor_master2.pid       
 Jun 18 01:26:04 CEST	4225	25280	93780	0	5	1	condor_startd -f         
 Jun 18 01:26:04 CEST	26222	25280	106092	0	0	1	sh -c "./glidein_startup.sh" -v std -name v1_3 -entry CMS_T2_IT_Bari_ce2 -clientname UCSD-v1_0.main
 Jun 18 01:26:04 CEST	26228	25280	106492	0	0	1	/bin/bash ./glidein_startup.sh -v std -name v1_3 -entry CMS_T2_IT_Bari_ce2 -clientname UCSD-v1_0.main -schedd
 Jun 18 01:26:04 CEST	---	25280	106492	171	----	----	----
 Jun 18 01:27:06 CEST	1428	217924	365380	171	42	62	cmsRun -j /home/cms040/home_cream_284552487/CREAM284552487/glide_PaMJaL/execute/dir_32411/crab_fjr_2.xml -p pset.py      
 Jun 18 01:27:06 CEST	---	217924	365380	175	----	----	----
 Jun 18 01:28:07 CEST	1428	746064	944032	175	93	123	cmsRun -j /home/cms040/home_cream_284552487/CREAM284552487/glide_PaMJaL/execute/dir_32411/crab_fjr_2.xml -p pset.py      
 Jun 18 01:29:08 CEST	1428	788444	1007008	175	143	184	cmsRun -j /home/cms040/home_cream_284552487/CREAM284552487/glide_PaMJaL/execute/dir_32411/crab_fjr_2.xml -p pset.py      
 Jun 18 01:30:09 CEST	1428	795556	1015712	175	192	246	cmsRun -j /home/cms040/home_cream_284552487/CREAM284552487/glide_PaMJaL/execute/dir_32411/crab_fjr_2.xml -p pset.py      
 Jun 18 01:31:11 CEST	1428	795820	1020300	175	238	307	cmsRun -j /home/cms040/home_cream_284552487/CREAM284552487/glide_PaMJaL/execute/dir_32411/crab_fjr_2.xml -p pset.py      
 Jun 18 01:32:12 CEST	1428	808700	1029516	175	288	369	cmsRun -j /home/cms040/home_cream_284552487/CREAM284552487/glide_PaMJaL/execute/dir_32411/crab_fjr_2.xml -p pset.py      
 Jun 18 01:33:15 CEST	1428	838928	1086092	175	344	431	cmsRun -j /home/cms040/home_cream_284552487/CREAM284552487/glide_PaMJaL/execute/dir_32411/crab_fjr_2.xml -p pset.py      
 Jun 18 01:34:16 CEST	1428	1413588	1709964	175	405	493	cmsRun -j /home/cms040/home_cream_284552487/CREAM284552487/glide_PaMJaL/execute/dir_32411/crab_fjr_2.xml -p pset.py      
 Jun 18 01:34:16 CEST	---	1413588	1709964	176	----	----	----
 Jun 18 01:35:17 CEST	---	1413588	1709964	178	----	----	----
********** WATCHDOG LOG ENDED
ZIPPING WATCHDOG LOG
Disk space used:
du -sh /home/cms040/home_cream_284552487/CREAM284552487/glide_PaMJaL/execute/dir_32411
179M	/home/cms040/home_cream_284552487/CREAM284552487/glide_PaMJaL/execute/dir_32411
Found unusual stdout, rename for OSB
`/home/cms040/home_cream_284552487/CREAM284552487/glide_PaMJaL/execute/dir_32411/_condor_stdout' -> `CMSSW_2.stdout'
Found unusual stderr, rename for OSB
`/home/cms040/home_cream_284552487/CREAM284552487/glide_PaMJaL/execute/dir_32411/_condor_stdout' -> `CMSSW_2.stderr'
crab_fjr_2.xml
CMSSW_2.stdout
CMSSW_2.stderr
Watchdog_2.log.gz
Total Output dimension: 70474
WARNING: output files size limit is set to: 50000000
Total Output dimension 70474 is fine.
JOB_EXIT_STATUS = 0
>>> info for dashboard:
***** Cat /home/cms040/home_cream_284552487/CREAM284552487/glide_PaMJaL/execute/dir_32411/jobreport.txt *****
MonitorJobID=2_https://submit-6.t2.ucsd.edu//140616//168556.1
MonitorID=calabria_MuMinus10_Case4_ReReco_5a3f4s
ExeTime=502
ExeExitCode=0
StageOutExitStatusReason = 'Copy succedeed with srm-lcg utils'
StageOutSE = storm-se-01.ba.infn.it
StageOutExitStatus = 0
CrabUserCpuTime=281.55
CrabSysCpuTime=151.95
CrabCpuPercentage=86%
CrabWrapperTime=600
CrabStageoutTime=48
JobExitCode=0
***** End Cat jobreport *****
Parameters sent to Dashboard.
EXITING at Wed Jun 18 01:36:02 CEST 2014  -  Tue Jun 17 23:36:02 UTC 2014
