This script was generated by crab (version 2.10.5_patch1).
Running /home/cms040/home_cream_291217415/CREAM291217415/glide_vu2Hf2/execute/dir_26539/condor_exec.exe with 2 positional parameters: 9 1
Today is Wed Jun 18 01:28:17 CEST 2014 - Tue Jun 17 23:28:17 UTC 2014
Job submitted on host pccms93.ba.infn.it
Linux pccms93.ba.infn.it 2.6.32-358.23.2.el6.x86_64 #1 SMP Thu Oct 17 10:27:22 CEST 2013 x86_64 x86_64 x86_64 GNU/Linux
>>> current directory (RUNTIME_AREA): /home/cms040/home_cream_291217415/CREAM291217415/glide_vu2Hf2/execute/dir_26539
>>> current user: uid=18598(cms040) gid=1399(cms) groups=1399(cms)
>>> directory permission set to 0700
>>> umask set to:  u=rwx,g=,o=
>>> stdout stderr permission set to 0704
>>> voms proxy information:
subject   : /C=IT/O=INFN/OU=Personal Certificate/L=Bari/CN=Cesare Calabria/CN=477126703/CN=1799768091
issuer    : /C=IT/O=INFN/OU=Personal Certificate/L=Bari/CN=Cesare Calabria/CN=477126703
identity  : /C=IT/O=INFN/OU=Personal Certificate/L=Bari/CN=Cesare Calabria
type      : RFC3820 compliant limited proxy
strength  : 1024
path      : /home/cms040/home_cream_291217415/CREAM291217415/glide_vu2Hf2/execute/dir_26539/x509up_u50707
timeleft  : 23:59:51
key usage : Digital Signature, Key Encipherment, Data Encipherment
=== VO cms extension information ===
VO        : cms
subject   : /C=IT/O=INFN/OU=Personal Certificate/L=Bari/CN=Cesare Calabria
issuer    : /DC=ch/DC=cern/OU=computers/CN=voms.cern.ch
attribute : /cms/Role=NULL/Capability=NULL
attribute : /cms/itcms/Role=NULL/Capability=NULL
timeleft  : 153:56:01
uri       : voms.cern.ch:15002

WNHostName=pccms93.ba.infn.it
>>> tar --no-same-permissions -xf /home/cms040/home_cream_291217415/CREAM291217415/glide_vu2Hf2/execute/dir_26539/default.tgz :
Successful untar
>>> Include /home/cms040/home_cream_291217415/CREAM291217415/glide_vu2Hf2/execute/dir_26539 in PYTHONPATH:
strip arguments
env var CRAB_UNIQUE_JOB_ID set to: calabria_MuMinus10_Case4_ReReco_5a3f4s_9_1_Z9q
out_files_9
>>> list of expected files on output sandbox
output files: crab_fjr_9.xml CMSSW_9.stdout CMSSW_9.stderr Watchdog_9.log.gz
>>> GridFlavour discovery: 
GridFlavour=LCG
>>> SyncSite discovery: 
SyncSite=T2_IT_Bari
>>> SyncCE discovery: 
getting SyncCE from CE_ID
SyncCE=cream-ce-2.ba.infn.it:8443/cream-pbs-long
>>> info for dashboard:
***** Cat /home/cms040/home_cream_291217415/CREAM291217415/glide_vu2Hf2/execute/dir_26539/jobreport.txt *****
WNHostName=pccms93.ba.infn.it
MonitorJobID=9_https://submit-6.t2.ucsd.edu//140616//168556.8
SyncGridJobId=https://submit-6.t2.ucsd.edu//140616//168556.8
MonitorID=calabria_MuMinus10_Case4_ReReco_5a3f4s
GridFlavour=LCG
SyncSite=T2_IT_Bari
SyncCE=cream-ce-2.ba.infn.it:8443/cream-pbs-long
***** End Cat jobreport *****
Parameters sent to Dashboard.
>>> setup environment
set SCRAM ARCH to slc5_amd64_gcc472
SCRAM_ARCH = slc5_amd64_gcc472
>>> setup CMS LCG environment:
set SCRAM ARCH and BUILD_ARCH to slc5_amd64_gcc472 ###
Sourcing environment... 
sourcing /cvmfs/cms.cern.ch/cmsset_default.sh
==> setup cms environment ok
>>> specific cmssw setup environment:
CMSSW_VERSION =  CMSSW_6_2_0_SLHC12
>>> current directory (SOFTWARE_DIR): /home/cms040/home_cream_291217415/CREAM291217415/glide_vu2Hf2/execute/dir_26539/CMSSW_6_2_0_SLHC12
PreserveSeeds: <>
IncrementSeeds:<>
>>> info for dashboard:
***** Cat /home/cms040/home_cream_291217415/CREAM291217415/glide_vu2Hf2/execute/dir_26539/jobreport.txt *****
MonitorJobID=9_https://submit-6.t2.ucsd.edu//140616//168556.8
MonitorID=calabria_MuMinus10_Case4_ReReco_5a3f4s
***** End Cat jobreport *****
Parameters sent to Dashboard.
crabWatchdog started as process 27129
>>> moving CMSSW software directories in /home/cms040/home_cream_291217415/CREAM291217415/glide_vu2Hf2/execute/dir_26539/CMSSW_6_2_0_SLHC12
mv: cannot stat `/home/cms040/home_cream_291217415/CREAM291217415/glide_vu2Hf2/execute/dir_26539/module/': No such file or directory
>>> Include /home/cms040/home_cream_291217415/CREAM291217415/glide_vu2Hf2/execute/dir_26539 in PYTHONPATH:
PYTHONPATH=/home/cms040/home_cream_291217415/CREAM291217415/glide_vu2Hf2/execute/dir_26539/:/home/cms040/home_cream_291217415/CREAM291217415/glide_vu2Hf2/execute/dir_26539/CMSSW_6_2_0_SLHC12/python:/home/cms040/home_cream_291217415/CREAM291217415/glide_vu2Hf2/execute/dir_26539/CMSSW_6_2_0_SLHC12/lib/slc5_amd64_gcc472:/cvmfs/cms.cern.ch/slc5_amd64_gcc472/cms/cmssw/CMSSW_6_2_0_SLHC12/python:/cvmfs/cms.cern.ch/slc5_amd64_gcc472/cms/cmssw/CMSSW_6_2_0_SLHC12/lib/slc5_amd64_gcc472:/cvmfs/cms.cern.ch/slc5_amd64_gcc472/cms/coral/CORAL_2_3_21-cms36/slc5_amd64_gcc472/python:/cvmfs/cms.cern.ch/slc5_amd64_gcc472/cms/coral/CORAL_2_3_21-cms36/slc5_amd64_gcc472/lib:/cvmfs/cms.cern.ch/slc5_amd64_gcc472/external/pyqt/4.8.1-cms6/lib/python2.7/site-packages:/cvmfs/cms.cern.ch/slc5_amd64_gcc472/external/py2-scipy/0.8.0-cms8/lib/python2.7/site-packages:/cvmfs/cms.cern.ch/slc5_amd64_gcc472/external/py2-matplotlib/1.0.1-cms8/lib/python2.7/site-packages:/cvmfs/cms.cern.ch/slc5_amd64_gcc472/external/python-ldap/2.3.5-cms6/lib/python2.7/site-packages:/cvmfs/cms.cern.ch/slc5_amd64_gcc472/external/sip/4.11.2-cms6/lib/python2.7/site-packages:/cvmfs/cms.cern.ch/slc5_amd64_gcc472/external/py2-pycurl/7.19.0-cms8/lib/python2.7/site-packages:/cvmfs/cms.cern.ch/slc5_amd64_gcc472/external/py2-numpy/1.6.1-cms8/lib/python2.7/site-packages:/cvmfs/cms.cern.ch/slc5_amd64_gcc472/external/py2-lint/0.25.1-cms6/lib/python2.7/site-packages:/cvmfs/cms.cern.ch/slc5_amd64_gcc472/external/py2-ipython/0.10-cms6/lib/python2.7/site-packages:/cvmfs/cms.cern.ch/slc5_amd64_gcc472/external/py2-cx-oracle/5.1-cms7/lib/python2.7/site-packages:/cvmfs/cms.cern.ch/slc5_amd64_gcc472/external/py2-cjson/1.0.5-cms6/lib/python2.7/site-packages:/cvmfs/cms.cern.ch/slc5_amd64_gcc472/cms/das-client/1.11.7/bin:/cvmfs/cms.cern.ch/slc5_amd64_gcc472/external/elementtree/1.2.6-cms6/share/lib/python2.7/site-packages:/cvmfs/cms.cern.ch/slc5_amd64_gcc472/external/rivet/1.8.2-cms8/lib/python2.7/site-packages:/cvmfs/cms.cern.ch/slc5_amd64_gcc472/external/pyminuit2/0.0.1-cms19/lib/python2.7/site-packages:/cvmfs/cms.cern.ch/slc5_amd64_gcc472/external/py2-pygithub/1.23.0/lib/python2.7/site-packages:/cvmfs/cms.cern.ch/slc5_amd64_gcc472/external/professor/1.0.0-cms19/lib/python2.7/site-packages:/cvmfs/cms.cern.ch/slc5_amd64_gcc472/lcg/root/5.34.07-cms/lib:/cvmfs/cms.cern.ch/slc5_amd64_gcc472/cms/dbs-client/DBS_2_1_9-cms5/lib:/cvmfs/cms.cern.ch/slc5_amd64_gcc472/cms/dbs-client/DBS_2_1_9-cms5/lib/DBSAPI:/cvmfs/cms.cern.ch/slc5_amd64_gcc472/external/cvs2git/5419-cms/lib:/home/cms040/home_cream_291217415/CREAM291217415/glide_vu2Hf2/execute/dir_26539/
 
# LIMITS USED BY CRAB WATCHDOG:
# RSS  (KBytes)   : 2300000
# VSZ  (KBytes)   : 100000000
# DISK (MBytes)   : 19000
# CPU TIME        : 720h:0m:0s
# WALL CLOCK TIME : 21h:50m:0s
 
5854dd31cbd3cdec44c48628cc181cf0
PSETHASH = 5854dd31cbd3cdec44c48628cc181cf0
/home/cms040/home_cream_291217415/CREAM291217415/glide_vu2Hf2/execute/dir_26539/writeCfg.py pset.py pset.py
Importing .py file
Setting parameters
RandomNumberGeneratorService found, will attempt to change seeds
inputBlocks=/calabria_SingleMuPt10_GEN-SIM-DIGI-RECO_CMSSW_6_2_0_SLHC12_2023Scenario_Case4/calabria-calabria_SingleMuPt10_GEN-SIM-DIGI-RECO_CMSSW_6_2_0_SLHC12_2023Scenario_Case4-713e95291268ed84eccf2b8e553eab97/USER#52716c7c-5abb-496b-8bc1-5e8940fff45c
inputFiles=/store/user/calabria/calabria_SingleMuPt10_GEN-SIM-DIGI-RECO_CMSSW_6_2_0_SLHC12_2023Scenario_Case4/calabria_SingleMuPt10_GEN-SIM-DIGI-RECO_CMSSW_6_2_0_SLHC12_2023Scenario_Case4/713e95291268ed84eccf2b8e553eab97/out_reco_476_3_sW8.root;/store/user/calabria/calabria_SingleMuPt10_GEN-SIM-DIGI-RECO_CMSSW_6_2_0_SLHC12_2023Scenario_Case4/calabria_SingleMuPt10_GEN-SIM-DIGI-RECO_CMSSW_6_2_0_SLHC12_2023Scenario_Case4/713e95291268ed84eccf2b8e553eab97/out_reco_485_3_KNr.root;/store/user/calabria/calabria_SingleMuPt10_GEN-SIM-DIGI-RECO_CMSSW_6_2_0_SLHC12_2023Scenario_Case4/calabria_SingleMuPt10_GEN-SIM-DIGI-RECO_CMSSW_6_2_0_SLHC12_2023Scenario_Case4/713e95291268ed84eccf2b8e553eab97/out_reco_488_3_6Kg.root;/store/user/calabria/calabria_SingleMuPt10_GEN-SIM-DIGI-RECO_CMSSW_6_2_0_SLHC12_2023Scenario_Case4/calabria_SingleMuPt10_GEN-SIM-DIGI-RECO_CMSSW_6_2_0_SLHC12_2023Scenario_Case4/713e95291268ed84eccf2b8e553eab97/out_reco_490_3_wz9.root;/store/user/calabria/calabria_SingleMuPt10_GEN-SIM-DIGI-RECO_CMSSW_6_2_0_SLHC12_2023Scenario_Case4/calabria_SingleMuPt10_GEN-SIM-DIGI-RECO_CMSSW_6_2_0_SLHC12_2023Scenario_Case4/713e95291268ed84eccf2b8e553eab97/out_reco_491_3_LCp.root;/store/user/calabria/calabria_SingleMuPt10_GEN-SIM-DIGI-RECO_CMSSW_6_2_0_SLHC12_2023Scenario_Case4/calabria_SingleMuPt10_GEN-SIM-DIGI-RECO_CMSSW_6_2_0_SLHC12_2023Scenario_Case4/713e95291268ed84eccf2b8e553eab97/out_reco_492_3_0lw.root;/store/user/calabria/calabria_SingleMuPt10_GEN-SIM-DIGI-RECO_CMSSW_6_2_0_SLHC12_2023Scenario_Case4/calabria_SingleMuPt10_GEN-SIM-DIGI-RECO_CMSSW_6_2_0_SLHC12_2023Scenario_Case4/713e95291268ed84eccf2b8e553eab97/out_reco_495_3_vpg.root;/store/user/calabria/calabria_SingleMuPt10_GEN-SIM-DIGI-RECO_CMSSW_6_2_0_SLHC12_2023Scenario_Case4/calabria_SingleMuPt10_GEN-SIM-DIGI-RECO_CMSSW_6_2_0_SLHC12_2023Scenario_Case4/713e95291268ed84eccf2b8e553eab97/out_reco_496_3_Q3E.root;/store/user/calabria/calabria_SingleMuPt10_GEN-SIM-DIGI-RECO_CMSSW_6_2_0_SLHC12_2023Scenario_Case4/calabria_SingleMuPt10_GEN-SIM-DIGI-RECO_CMSSW_6_2_0_SLHC12_2023Scenario_Case4/713e95291268ed84eccf2b8e553eab97/out_reco_498_3_mdk.root
parentFiles=
lumisRange=
>>> Executable cmsRun
/cvmfs/cms.cern.ch/slc5_amd64_gcc472/cms/cmssw/CMSSW_6_2_0_SLHC12/bin/slc5_amd64_gcc472/cmsRun
ok executable found
>>> info for dashboard:
***** Cat /home/cms040/home_cream_291217415/CREAM291217415/glide_vu2Hf2/execute/dir_26539/jobreport.txt *****
MonitorJobID=9_https://submit-6.t2.ucsd.edu//140616//168556.8
MonitorID=calabria_MuMinus10_Case4_ReReco_5a3f4s
ExeStart=cmsRun
***** End Cat jobreport *****
Parameters sent to Dashboard.
>>> cmsRun started at Tue Jun 17 23:28:42 UTC 2014
>>> cmsRun ended at Tue Jun 17 23:33:54 UTC 2014
>>> crab_fjr_*.xml  permission set to 0704
>>> info for dashboard:
***** Cat /home/cms040/home_cream_291217415/CREAM291217415/glide_vu2Hf2/execute/dir_26539/jobreport.txt *****
MonitorJobID=9_https://submit-6.t2.ucsd.edu//140616//168556.8
MonitorID=calabria_MuMinus10_Case4_ReReco_5a3f4s
ExeEnd=cmsRun
***** End Cat jobreport *****
Parameters sent to Dashboard.
TIME_EXE = 312 sec
>>> cmsRun wrote 47 lines of stdout+stderr
>>> START OF printout of 47 lines from stdout+stderr
271 DQMStore::DQMStore 
HcalTopologyIdealEP::HcalTopologyIdealEP
18-Jun-2014 01:29:00 CEST  Initiating request to open file file:/lustre/cms//store/user/calabria/calabria_SingleMuPt10_GEN-SIM-DIGI-RECO_CMSSW_6_2_0_SLHC12_2023Scenario_Case4/calabria_SingleMuPt10_GEN-SIM-DIGI-RECO_CMSSW_6_2_0_SLHC12_2023Scenario_Case4/713e95291268ed84eccf2b8e553eab97/out_reco_476_3_sW8.root
18-Jun-2014 01:29:04 CEST  Successfully opened file file:/lustre/cms//store/user/calabria/calabria_SingleMuPt10_GEN-SIM-DIGI-RECO_CMSSW_6_2_0_SLHC12_2023Scenario_Case4/calabria_SingleMuPt10_GEN-SIM-DIGI-RECO_CMSSW_6_2_0_SLHC12_2023Scenario_Case4/713e95291268ed84eccf2b8e553eab97/out_reco_476_3_sW8.root
18-Jun-2014 01:29:40 CEST  Closed file file:/lustre/cms//store/user/calabria/calabria_SingleMuPt10_GEN-SIM-DIGI-RECO_CMSSW_6_2_0_SLHC12_2023Scenario_Case4/calabria_SingleMuPt10_GEN-SIM-DIGI-RECO_CMSSW_6_2_0_SLHC12_2023Scenario_Case4/713e95291268ed84eccf2b8e553eab97/out_reco_476_3_sW8.root
18-Jun-2014 01:29:40 CEST  Initiating request to open file file:/lustre/cms//store/user/calabria/calabria_SingleMuPt10_GEN-SIM-DIGI-RECO_CMSSW_6_2_0_SLHC12_2023Scenario_Case4/calabria_SingleMuPt10_GEN-SIM-DIGI-RECO_CMSSW_6_2_0_SLHC12_2023Scenario_Case4/713e95291268ed84eccf2b8e553eab97/out_reco_485_3_KNr.root
18-Jun-2014 01:29:40 CEST  Successfully opened file file:/lustre/cms//store/user/calabria/calabria_SingleMuPt10_GEN-SIM-DIGI-RECO_CMSSW_6_2_0_SLHC12_2023Scenario_Case4/calabria_SingleMuPt10_GEN-SIM-DIGI-RECO_CMSSW_6_2_0_SLHC12_2023Scenario_Case4/713e95291268ed84eccf2b8e553eab97/out_reco_485_3_KNr.root
18-Jun-2014 01:30:10 CEST  Closed file file:/lustre/cms//store/user/calabria/calabria_SingleMuPt10_GEN-SIM-DIGI-RECO_CMSSW_6_2_0_SLHC12_2023Scenario_Case4/calabria_SingleMuPt10_GEN-SIM-DIGI-RECO_CMSSW_6_2_0_SLHC12_2023Scenario_Case4/713e95291268ed84eccf2b8e553eab97/out_reco_485_3_KNr.root
18-Jun-2014 01:30:10 CEST  Initiating request to open file file:/lustre/cms//store/user/calabria/calabria_SingleMuPt10_GEN-SIM-DIGI-RECO_CMSSW_6_2_0_SLHC12_2023Scenario_Case4/calabria_SingleMuPt10_GEN-SIM-DIGI-RECO_CMSSW_6_2_0_SLHC12_2023Scenario_Case4/713e95291268ed84eccf2b8e553eab97/out_reco_488_3_6Kg.root
18-Jun-2014 01:30:10 CEST  Successfully opened file file:/lustre/cms//store/user/calabria/calabria_SingleMuPt10_GEN-SIM-DIGI-RECO_CMSSW_6_2_0_SLHC12_2023Scenario_Case4/calabria_SingleMuPt10_GEN-SIM-DIGI-RECO_CMSSW_6_2_0_SLHC12_2023Scenario_Case4/713e95291268ed84eccf2b8e553eab97/out_reco_488_3_6Kg.root
18-Jun-2014 01:30:40 CEST  Closed file file:/lustre/cms//store/user/calabria/calabria_SingleMuPt10_GEN-SIM-DIGI-RECO_CMSSW_6_2_0_SLHC12_2023Scenario_Case4/calabria_SingleMuPt10_GEN-SIM-DIGI-RECO_CMSSW_6_2_0_SLHC12_2023Scenario_Case4/713e95291268ed84eccf2b8e553eab97/out_reco_488_3_6Kg.root
18-Jun-2014 01:30:40 CEST  Initiating request to open file file:/lustre/cms//store/user/calabria/calabria_SingleMuPt10_GEN-SIM-DIGI-RECO_CMSSW_6_2_0_SLHC12_2023Scenario_Case4/calabria_SingleMuPt10_GEN-SIM-DIGI-RECO_CMSSW_6_2_0_SLHC12_2023Scenario_Case4/713e95291268ed84eccf2b8e553eab97/out_reco_490_3_wz9.root
18-Jun-2014 01:30:41 CEST  Successfully opened file file:/lustre/cms//store/user/calabria/calabria_SingleMuPt10_GEN-SIM-DIGI-RECO_CMSSW_6_2_0_SLHC12_2023Scenario_Case4/calabria_SingleMuPt10_GEN-SIM-DIGI-RECO_CMSSW_6_2_0_SLHC12_2023Scenario_Case4/713e95291268ed84eccf2b8e553eab97/out_reco_490_3_wz9.root
18-Jun-2014 01:31:11 CEST  Closed file file:/lustre/cms//store/user/calabria/calabria_SingleMuPt10_GEN-SIM-DIGI-RECO_CMSSW_6_2_0_SLHC12_2023Scenario_Case4/calabria_SingleMuPt10_GEN-SIM-DIGI-RECO_CMSSW_6_2_0_SLHC12_2023Scenario_Case4/713e95291268ed84eccf2b8e553eab97/out_reco_490_3_wz9.root
18-Jun-2014 01:31:11 CEST  Initiating request to open file file:/lustre/cms//store/user/calabria/calabria_SingleMuPt10_GEN-SIM-DIGI-RECO_CMSSW_6_2_0_SLHC12_2023Scenario_Case4/calabria_SingleMuPt10_GEN-SIM-DIGI-RECO_CMSSW_6_2_0_SLHC12_2023Scenario_Case4/713e95291268ed84eccf2b8e553eab97/out_reco_491_3_LCp.root
18-Jun-2014 01:31:11 CEST  Successfully opened file file:/lustre/cms//store/user/calabria/calabria_SingleMuPt10_GEN-SIM-DIGI-RECO_CMSSW_6_2_0_SLHC12_2023Scenario_Case4/calabria_SingleMuPt10_GEN-SIM-DIGI-RECO_CMSSW_6_2_0_SLHC12_2023Scenario_Case4/713e95291268ed84eccf2b8e553eab97/out_reco_491_3_LCp.root
18-Jun-2014 01:31:40 CEST  Closed file file:/lustre/cms//store/user/calabria/calabria_SingleMuPt10_GEN-SIM-DIGI-RECO_CMSSW_6_2_0_SLHC12_2023Scenario_Case4/calabria_SingleMuPt10_GEN-SIM-DIGI-RECO_CMSSW_6_2_0_SLHC12_2023Scenario_Case4/713e95291268ed84eccf2b8e553eab97/out_reco_491_3_LCp.root
18-Jun-2014 01:31:40 CEST  Initiating request to open file file:/lustre/cms//store/user/calabria/calabria_SingleMuPt10_GEN-SIM-DIGI-RECO_CMSSW_6_2_0_SLHC12_2023Scenario_Case4/calabria_SingleMuPt10_GEN-SIM-DIGI-RECO_CMSSW_6_2_0_SLHC12_2023Scenario_Case4/713e95291268ed84eccf2b8e553eab97/out_reco_492_3_0lw.root
18-Jun-2014 01:31:40 CEST  Successfully opened file file:/lustre/cms//store/user/calabria/calabria_SingleMuPt10_GEN-SIM-DIGI-RECO_CMSSW_6_2_0_SLHC12_2023Scenario_Case4/calabria_SingleMuPt10_GEN-SIM-DIGI-RECO_CMSSW_6_2_0_SLHC12_2023Scenario_Case4/713e95291268ed84eccf2b8e553eab97/out_reco_492_3_0lw.root
18-Jun-2014 01:32:10 CEST  Closed file file:/lustre/cms//store/user/calabria/calabria_SingleMuPt10_GEN-SIM-DIGI-RECO_CMSSW_6_2_0_SLHC12_2023Scenario_Case4/calabria_SingleMuPt10_GEN-SIM-DIGI-RECO_CMSSW_6_2_0_SLHC12_2023Scenario_Case4/713e95291268ed84eccf2b8e553eab97/out_reco_492_3_0lw.root
18-Jun-2014 01:32:10 CEST  Initiating request to open file file:/lustre/cms//store/user/calabria/calabria_SingleMuPt10_GEN-SIM-DIGI-RECO_CMSSW_6_2_0_SLHC12_2023Scenario_Case4/calabria_SingleMuPt10_GEN-SIM-DIGI-RECO_CMSSW_6_2_0_SLHC12_2023Scenario_Case4/713e95291268ed84eccf2b8e553eab97/out_reco_495_3_vpg.root
18-Jun-2014 01:32:10 CEST  Successfully opened file file:/lustre/cms//store/user/calabria/calabria_SingleMuPt10_GEN-SIM-DIGI-RECO_CMSSW_6_2_0_SLHC12_2023Scenario_Case4/calabria_SingleMuPt10_GEN-SIM-DIGI-RECO_CMSSW_6_2_0_SLHC12_2023Scenario_Case4/713e95291268ed84eccf2b8e553eab97/out_reco_495_3_vpg.root
18-Jun-2014 01:32:42 CEST  Closed file file:/lustre/cms//store/user/calabria/calabria_SingleMuPt10_GEN-SIM-DIGI-RECO_CMSSW_6_2_0_SLHC12_2023Scenario_Case4/calabria_SingleMuPt10_GEN-SIM-DIGI-RECO_CMSSW_6_2_0_SLHC12_2023Scenario_Case4/713e95291268ed84eccf2b8e553eab97/out_reco_495_3_vpg.root
18-Jun-2014 01:32:42 CEST  Initiating request to open file file:/lustre/cms//store/user/calabria/calabria_SingleMuPt10_GEN-SIM-DIGI-RECO_CMSSW_6_2_0_SLHC12_2023Scenario_Case4/calabria_SingleMuPt10_GEN-SIM-DIGI-RECO_CMSSW_6_2_0_SLHC12_2023Scenario_Case4/713e95291268ed84eccf2b8e553eab97/out_reco_496_3_Q3E.root
18-Jun-2014 01:32:42 CEST  Successfully opened file file:/lustre/cms//store/user/calabria/calabria_SingleMuPt10_GEN-SIM-DIGI-RECO_CMSSW_6_2_0_SLHC12_2023Scenario_Case4/calabria_SingleMuPt10_GEN-SIM-DIGI-RECO_CMSSW_6_2_0_SLHC12_2023Scenario_Case4/713e95291268ed84eccf2b8e553eab97/out_reco_496_3_Q3E.root
18-Jun-2014 01:33:14 CEST  Closed file file:/lustre/cms//store/user/calabria/calabria_SingleMuPt10_GEN-SIM-DIGI-RECO_CMSSW_6_2_0_SLHC12_2023Scenario_Case4/calabria_SingleMuPt10_GEN-SIM-DIGI-RECO_CMSSW_6_2_0_SLHC12_2023Scenario_Case4/713e95291268ed84eccf2b8e553eab97/out_reco_496_3_Q3E.root
18-Jun-2014 01:33:14 CEST  Initiating request to open file file:/lustre/cms//store/user/calabria/calabria_SingleMuPt10_GEN-SIM-DIGI-RECO_CMSSW_6_2_0_SLHC12_2023Scenario_Case4/calabria_SingleMuPt10_GEN-SIM-DIGI-RECO_CMSSW_6_2_0_SLHC12_2023Scenario_Case4/713e95291268ed84eccf2b8e553eab97/out_reco_498_3_mdk.root
18-Jun-2014 01:33:14 CEST  Successfully opened file file:/lustre/cms//store/user/calabria/calabria_SingleMuPt10_GEN-SIM-DIGI-RECO_CMSSW_6_2_0_SLHC12_2023Scenario_Case4/calabria_SingleMuPt10_GEN-SIM-DIGI-RECO_CMSSW_6_2_0_SLHC12_2023Scenario_Case4/713e95291268ed84eccf2b8e553eab97/out_reco_498_3_mdk.root
18-Jun-2014 01:33:53 CEST  Closed file file:/lustre/cms//store/user/calabria/calabria_SingleMuPt10_GEN-SIM-DIGI-RECO_CMSSW_6_2_0_SLHC12_2023Scenario_Case4/calabria_SingleMuPt10_GEN-SIM-DIGI-RECO_CMSSW_6_2_0_SLHC12_2023Scenario_Case4/713e95291268ed84eccf2b8e553eab97/out_reco_498_3_mdk.root

=============================================

MessageLogger Summary

 type     category        sev    module        subroutine        count    total
 ---- -------------------- -- ---------------- ----------------  -----    -----
    1 fileAction           -s file_close                             9        9
    2 fileAction           -s file_open                             18       18

 type    category    Examples: run/evt        run/evt          run/evt
 ---- -------------------- ---------------- ---------------- ----------------
    1 fileAction           PostProcessEvent PostProcessEvent PostEndRun
    2 fileAction           pre-events       pre-events       PostProcessEvent

Severity    # Occurrences   Total Occurrences
--------    -------------   -----------------
System                 27                  27
>>> END OF printout of 47 lines from stdout+stderr
>>> Parse FrameworkJobReport crab_fjr.xml
Result of parsing the FrameworkJobReport crab_fjr.xml: Popularity start
lumisRange : 1::::1;1::::2;1::::3;1::::4;1::::5;1::::6;1::::7;1::::8;1::::9;
lumisParentRange : 
Basename : /store/user/calabria/calabria_SingleMuPt10_GEN-SIM-DIGI-RECO_CMSSW_6_2_0_SLHC12_2023Scenario_Case4/calabria_SingleMuPt10_GEN-SIM-DIGI-RECO_CMSSW_6_2_0_SLHC12_2023Scenario_Case4/713e95291268ed84eccf2b8e553eab97/out_reco_4
BasenameParent : 
parentFiles : 
inputBlocks : /calabria_SingleMuPt10_GEN-SIM-DIGI-RECO_CMSSW_6_2_0_SLHC12_2023Scenario_Case4/calabria-calabria_SingleMuPt10_GEN-SIM-DIGI-RECO_CMSSW_6_2_0_SLHC12_2023Scenario_Case4-713e95291268ed84eccf2b8e553eab97/USER#52716c7c-5abb-496b-8bc1-5e8940fff45c
inputFiles : 92_3_0lw.root::1::EDM::Local::1;85_3_KNr.root::1::EDM::Local::2;96_3_Q3E.root::1::EDM::Local::3;88_3_6Kg.root::1::EDM::Local::4;90_3_wz9.root::1::EDM::Local::5;98_3_mdk.root::1::EDM::Local::6;91_3_LCp.root::1::EDM::Local::7;76_3_sW8.root::1::EDM::Local::8;95_3_vpg.root::1::EDM::Local::9;
Popularity stop
Extracted ExitStatus from FrameworkJobReport parsing output: 0
>>> Executable succeded  0
ExeExitCode=0
EXECUTABLE_EXIT_STATUS = 0
>>> current directory /home/cms040/home_cream_291217415/CREAM291217415/glide_vu2Hf2/execute/dir_26539/CMSSW_6_2_0_SLHC12
>>>  (SOFTWARE_DIR): /home/cms040/home_cream_291217415/CREAM291217415/glide_vu2Hf2/execute/dir_26539/CMSSW_6_2_0_SLHC12
>>> (WORKING_DIR): 
>>> current directory content:
total 10364
drwxr-xr-x 3 cms040 cms    4096 Jun 18 01:28 .SCRAM
-rw------- 1 cms040 cms 3740381 Jun 18 01:28 CMSSW.py.pkl
drwxr-xr-x 3 cms040 cms    4096 Jun 18 01:28 bin
drwxr-xr-x 3 cms040 cms    4096 Jun 18 01:28 cfipython
drwxr-xr-x 4 cms040 cms    4096 Jun 18 01:28 config
-rw------- 1 cms040 cms      16 Jun 18 01:33 cpu_timing.txt
drwxr-xr-x 2 cms040 cms    4096 Jun 18 01:28 doc
-rw------- 1 cms040 cms    9022 Jun 18 01:33 executable.out
drwxr-xr-x 2 cms040 cms    4096 Jun 18 01:28 include
drwx------ 3 cms040 cms    4096 Apr 28 18:12 lib
drwxr-xr-x 3 cms040 cms    4096 Jun 18 01:28 logs
drwxr-xr-x 3 cms040 cms    4096 Jun 18 01:28 objs
-rw------- 1 cms040 cms     104 Jun 18 01:28 pset.py
-rw------- 1 cms040 cms 3712064 Jun 18 01:28 pset.py.pkl
-rw------- 1 cms040 cms     289 Jun 18 01:28 pset.pyc
drwxr-xr-x 2 cms040 cms    4096 Jun 18 01:28 python
-rw------- 1 cms040 cms     404 Jun 18 01:33 report.log
drwx------ 6 cms040 cms    4096 Jun 18 01:28 src
drwxr-xr-x 3 cms040 cms    4096 Jun 18 01:28 test
drwxr-xr-x 3 cms040 cms    4096 Jun 18 01:28 tmp
-rw------- 1 cms040 cms 3058528 Jun 18 01:33 validationEDM.root
>>> current directory /home/cms040/home_cream_291217415/CREAM291217415/glide_vu2Hf2/execute/dir_26539/CMSSW_6_2_0_SLHC12
>>> (SOFTWARE_DIR): /home/cms040/home_cream_291217415/CREAM291217415/glide_vu2Hf2/execute/dir_26539/CMSSW_6_2_0_SLHC12
>>> (WORKING_DIR): 
>>> current directory content:
total 10364
drwxr-xr-x 3 cms040 cms    4096 Jun 18 01:28 .SCRAM
-rw------- 1 cms040 cms 3740381 Jun 18 01:28 CMSSW.py.pkl
drwxr-xr-x 3 cms040 cms    4096 Jun 18 01:28 bin
drwxr-xr-x 3 cms040 cms    4096 Jun 18 01:28 cfipython
drwxr-xr-x 4 cms040 cms    4096 Jun 18 01:28 config
-rw------- 1 cms040 cms      16 Jun 18 01:33 cpu_timing.txt
drwxr-xr-x 2 cms040 cms    4096 Jun 18 01:28 doc
-rw------- 1 cms040 cms    9022 Jun 18 01:33 executable.out
drwxr-xr-x 2 cms040 cms    4096 Jun 18 01:28 include
drwx------ 3 cms040 cms    4096 Apr 28 18:12 lib
drwxr-xr-x 3 cms040 cms    4096 Jun 18 01:28 logs
drwxr-xr-x 3 cms040 cms    4096 Jun 18 01:28 objs
-rw------- 1 cms040 cms     104 Jun 18 01:28 pset.py
-rw------- 1 cms040 cms 3712064 Jun 18 01:28 pset.py.pkl
-rw------- 1 cms040 cms     289 Jun 18 01:28 pset.pyc
drwxr-xr-x 2 cms040 cms    4096 Jun 18 01:28 python
-rw------- 1 cms040 cms     404 Jun 18 01:33 report.log
drwx------ 6 cms040 cms    4096 Jun 18 01:28 src
drwxr-xr-x 3 cms040 cms    4096 Jun 18 01:28 test
drwxr-xr-x 3 cms040 cms    4096 Jun 18 01:28 tmp
-rw------- 1 cms040 cms 3058528 Jun 18 01:33 validationEDM_9_1_Z9q.root
>>> current directory (RUNTIME_AREA):  /home/cms040/home_cream_291217415/CREAM291217415/glide_vu2Hf2/execute/dir_26539
SE = storm-se-01.ba.infn.it
SE_PATH = /srm/managerv2?SFN=//cms/store/user/calabria/calabria_SingleMuPt10_GEN-SIM-DIGI-RECO_CMSSW_6_2_0_SLHC12_2023Scenario_Case4/calabria_MuMinus10_GEN-SIM-DIGI-RECO_CMSSW_6_2_0_SLHC12_2023Scenario_VALNOPU2_Case4/5854dd31cbd3cdec44c48628cc181cf0/
LFNBaseName = /store/user/calabria/calabria_SingleMuPt10_GEN-SIM-DIGI-RECO_CMSSW_6_2_0_SLHC12_2023Scenario_Case4/calabria_MuMinus10_GEN-SIM-DIGI-RECO_CMSSW_6_2_0_SLHC12_2023Scenario_VALNOPU2_Case4/5854dd31cbd3cdec44c48628cc181cf0/
USER = calabria
endpoint = srm://storm-se-01.ba.infn.it:8444/srm/managerv2?SFN=//cms/store/user/calabria/calabria_SingleMuPt10_GEN-SIM-DIGI-RECO_CMSSW_6_2_0_SLHC12_2023Scenario_Case4/calabria_MuMinus10_GEN-SIM-DIGI-RECO_CMSSW_6_2_0_SLHC12_2023Scenario_VALNOPU2_Case4/5854dd31cbd3cdec44c48628cc181cf0/
>>> Copy output files from WN = pccms93.ba.infn.it to /srm/managerv2?SFN=//cms/store/user/calabria/calabria_SingleMuPt10_GEN-SIM-DIGI-RECO_CMSSW_6_2_0_SLHC12_2023Scenario_Case4/calabria_MuMinus10_GEN-SIM-DIGI-RECO_CMSSW_6_2_0_SLHC12_2023Scenario_VALNOPU2_Case4/5854dd31cbd3cdec44c48628cc181cf0/ :
python cmscp.py  --destination srm://storm-se-01.ba.infn.it:8444/srm/managerv2?SFN=//cms/store/user/calabria/calabria_SingleMuPt10_GEN-SIM-DIGI-RECO_CMSSW_6_2_0_SLHC12_2023Scenario_Case4/calabria_MuMinus10_GEN-SIM-DIGI-RECO_CMSSW_6_2_0_SLHC12_2023Scenario_VALNOPU2_Case4/5854dd31cbd3cdec44c48628cc181cf0/ --inputFileList /home/cms040/home_cream_291217415/CREAM291217415/glide_vu2Hf2/execute/dir_26539/CMSSW_6_2_0_SLHC12/validationEDM_9_1_Z9q.root --middleware LCG --se_name storm-se-01.ba.infn.it --for_lfn /store/user/calabria/calabria_SingleMuPt10_GEN-SIM-DIGI-RECO_CMSSW_6_2_0_SLHC12_2023Scenario_Case4/calabria_MuMinus10_GEN-SIM-DIGI-RECO_CMSSW_6_2_0_SLHC12_2023Scenario_VALNOPU2_Case4/5854dd31cbd3cdec44c48628cc181cf0/    
******************************************************
localSeName  =  storm-se-01.ba.infn.it
remoteSeName =  storm-se-01.ba.infn.it
******************************************************
{"/home/cms040/home_cream_291217415/CREAM291217415/glide_vu2Hf2/execute/dir_26539/CMSSW_6_2_0_SLHC12/validationEDM_9_1_Z9q.root": {"endpoint": "srm://storm-se-01.ba.infn.it:8444/srm/managerv2?SFN=//cms/store/user/calabria/calabria_SingleMuPt10_GEN-SIM-DIGI-RECO_CMSSW_6_2_0_SLHC12_2023Scenario_Case4/calabria_MuMinus10_GEN-SIM-DIGI-RECO_CMSSW_6_2_0_SLHC12_2023Scenario_VALNOPU2_Case4/5854dd31cbd3cdec44c48628cc181cf0/", "surl_for_grid": "", "reason": "Copy succedeed with srm-lcg utils", "erCode": "0", "se_name": "storm-se-01.ba.infn.it", "for_lfn": "/store/user/calabria/calabria_SingleMuPt10_GEN-SIM-DIGI-RECO_CMSSW_6_2_0_SLHC12_2023Scenario_Case4/calabria_MuMinus10_GEN-SIM-DIGI-RECO_CMSSW_6_2_0_SLHC12_2023Scenario_VALNOPU2_Case4/5854dd31cbd3cdec44c48628cc181cf0/"}}/home/cms040/home_cream_291217415/CREAM291217415/glide_vu2Hf2/execute/dir_26539
-------- cat /home/cms040/home_cream_291217415/CREAM291217415/glide_vu2Hf2/execute/dir_26539/cmscpReport.sh 
#!/bin/bash
echo "Report for File: /home/cms040/home_cream_291217415/CREAM291217415/glide_vu2Hf2/execute/dir_26539/CMSSW_6_2_0_SLHC12/validationEDM_9_1_Z9q.root"
echo "LFN: /store/user/calabria/calabria_SingleMuPt10_GEN-SIM-DIGI-RECO_CMSSW_6_2_0_SLHC12_2023Scenario_Case4/calabria_MuMinus10_GEN-SIM-DIGI-RECO_CMSSW_6_2_0_SLHC12_2023Scenario_VALNOPU2_Case4/5854dd31cbd3cdec44c48628cc181cf0/validationEDM_9_1_Z9q.root"
echo "StorageElement: storm-se-01.ba.infn.it"
echo "StageOutExitStatusReason = 'Copy succedeed with srm-lcg utils'" | tee -a $RUNTIME_AREA/$repo
echo "StageOutSE = storm-se-01.ba.infn.it" >> $RUNTIME_AREA/$repo

export StageOutExitStatus=0
echo "StageOutExitStatus = 0" | tee -a $RUNTIME_AREA/$repo
-------- end of /home/cms040/home_cream_291217415/CREAM291217415/glide_vu2Hf2/execute/dir_26539/cmscpReport.sh 
Report for File: /home/cms040/home_cream_291217415/CREAM291217415/glide_vu2Hf2/execute/dir_26539/CMSSW_6_2_0_SLHC12/validationEDM_9_1_Z9q.root
LFN: /store/user/calabria/calabria_SingleMuPt10_GEN-SIM-DIGI-RECO_CMSSW_6_2_0_SLHC12_2023Scenario_Case4/calabria_MuMinus10_GEN-SIM-DIGI-RECO_CMSSW_6_2_0_SLHC12_2023Scenario_VALNOPU2_Case4/5854dd31cbd3cdec44c48628cc181cf0/validationEDM_9_1_Z9q.root
StorageElement: storm-se-01.ba.infn.it
StageOutExitStatusReason = 'Copy succedeed with srm-lcg utils'
StageOutExitStatus = 0
>>> current dir: /home/cms040/home_cream_291217415/CREAM291217415/glide_vu2Hf2/execute/dir_26539
>>> current dir content:
total 28028
-rw-------  1 cms040 cms     2776 Jun 18 01:34 .SEinteraction.log
-rwx------  1 cms040 cms     6778 Jun 18 01:28 .job.ad
-rwx------  1 cms040 cms     9281 Jun 18 01:28 .machine.ad
-rw-------  1 cms040 cms      105 Jun 16 20:47 CMSSW.py
-rw-------  1 cms040 cms  3740381 Jun 16 20:47 CMSSW.py.pkl
-rwx------  1 cms040 cms    29556 Jun 18 01:28 CMSSW.sh
drwxr-xr-x 15 cms040 cms     4096 Jun 18 01:34 CMSSW_6_2_0_SLHC12
-rw-------  1 cms040 cms      220 Jun 18 01:28 CacheEnv.sh
-rw-------  1 cms040 cms     7291 Apr  4 11:04 DashboardAPI.py
-rw-------  1 cms040 cms     6815 Jun 18 01:28 DashboardAPI.pyc
drwx------  2 cms040 cms     4096 Jun 18 01:33 IMProv
-rw-------  1 cms040 cms     2748 Apr  4 11:04 Logger.py
-rw-------  1 cms040 cms     3347 Jun 18 01:28 Logger.pyc
-rw-------  1 cms040 cms    24524 Apr  4 11:04 ProcInfo.py
-rw-------  1 cms040 cms    23197 Jun 18 01:28 ProcInfo.pyc
drwx------  7 cms040 cms     4096 Jun 18 01:28 ProdCommon
drwx------  3 cms040 cms     4096 Jun 18 01:28 WMCore
-rw-------  1 cms040 cms     2665 Jun 18 01:34 Watchdog_9.log
-rwx------  1 cms040 cms        0 Jun 18 01:28 _condor_stderr
-rwx---r--  1 cms040 cms    28214 Jun 18 01:34 _condor_stdout
-rw-------  1 cms040 cms    32895 Apr  4 11:04 apmon.py
-rw-------  1 cms040 cms    28625 Jun 18 01:28 apmon.pyc
-rwx------  1 cms040 cms    53734 Jun 18 01:28 arguments.xml
-rwx------  1 cms040 cms    38515 Apr  4 11:04 cmscp.py
-rw-------  1 cms040 cms      716 Jun 18 01:34 cmscpReport.sh
-rwx------  1 cms040 cms    29556 Jun 18 01:28 condor_exec.exe
-rw-------  1 cms040 cms      958 Jun 16 20:47 crab.cfg
-rwx------  1 cms040 cms     8610 Apr  4 11:04 crabWatchdog.sh
-rwx---r--  1 cms040 cms   472160 Jun 18 01:33 crab_fjr_9.xml
-rwx------  1 cms040 cms 23958053 Jun 18 01:28 default.tgz
-rwx------  1 cms040 cms     4488 Apr  4 11:04 fillCrabFjr.py
-rw-------  1 cms040 cms     2395 Jun 18 01:28 inputsReport.txt
-rw-------  1 cms040 cms      259 Jun 18 01:34 jobreport.txt
-rw-------  1 cms040 cms    17352 Apr  4 11:04 parseCrabFjr.py
-rw-------  1 cms040 cms      326 Jun 18 01:28 report.log
-rwx--x--x  1 cms040 cms     1497 Apr  4 11:04 report.py
-rw-------  1 cms040 cms      771 Jun 18 01:34 resultCopyFile
lrwxrwxrwx  1 cms040 cms      125 Jun 18 01:34 validationEDM.root -> /home/cms040/home_cream_291217415/CREAM291217415/glide_vu2Hf2/execute/dir_26539/CMSSW_6_2_0_SLHC12/validationEDM_9_1_Z9q.root
-rwx------  1 cms040 cms     8387 Apr  4 11:04 writeCfg.py
-rw-------  1 cms040 cms     8010 Jun 18 01:28 x509up_u50707
>>> Modify Job Report:
CMSSW_VERSION = CMSSW_6_2_0_SLHC12
ProcessedDataset = calabria_MuMinus10_GEN-SIM-DIGI-RECO_CMSSW_6_2_0_SLHC12_2023Scenario_VALNOPU2_Case4
/home/cms040/home_cream_291217415/CREAM291217415/glide_vu2Hf2/execute/dir_26539/ProdCommon/FwkJobRep/ModifyJobReport.py fjr /home/cms040/home_cream_291217415/CREAM291217415/glide_vu2Hf2/execute/dir_26539/crab_fjr_9.xml json /home/cms040/home_cream_291217415/CREAM291217415/glide_vu2Hf2/execute/dir_26539/resultCopyFile n_job 9_1_Z9q PrimaryDataset calabria_SingleMuPt10_GEN-SIM-DIGI-RECO_CMSSW_6_2_0_SLHC12_2023Scenario_Case4  ApplicationFamily cmsRun ApplicationName cmsRun cmssw_version CMSSW_6_2_0_SLHC12 psethash 5854dd31cbd3cdec44c48628cc181cf0 UserProcessedDataset calabria-calabria_MuMinus10_GEN-SIM-DIGI-RECO_CMSSW_6_2_0_SLHC12_2023Scenario_VALNOPU2_Case4-5854dd31cbd3cdec44c48628cc181cf0
inputDict =  {u'/home/cms040/home_cream_291217415/CREAM291217415/glide_vu2Hf2/execute/dir_26539/CMSSW_6_2_0_SLHC12/validationEDM_9_1_Z9q.root': {u'endpoint': u'srm://storm-se-01.ba.infn.it:8444/srm/managerv2?SFN=//cms/store/user/calabria/calabria_SingleMuPt10_GEN-SIM-DIGI-RECO_CMSSW_6_2_0_SLHC12_2023Scenario_Case4/calabria_MuMinus10_GEN-SIM-DIGI-RECO_CMSSW_6_2_0_SLHC12_2023Scenario_VALNOPU2_Case4/5854dd31cbd3cdec44c48628cc181cf0/', u'surl_for_grid': u'', u'reason': u'Copy succedeed with srm-lcg utils', u'erCode': u'0', u'se_name': u'storm-se-01.ba.infn.it', u'for_lfn': u'/store/user/calabria/calabria_SingleMuPt10_GEN-SIM-DIGI-RECO_CMSSW_6_2_0_SLHC12_2023Scenario_Case4/calabria_MuMinus10_GEN-SIM-DIGI-RECO_CMSSW_6_2_0_SLHC12_2023Scenario_VALNOPU2_Case4/5854dd31cbd3cdec44c48628cc181cf0/'}}
UserProcessedDataset =  calabria-calabria_MuMinus10_GEN-SIM-DIGI-RECO_CMSSW_6_2_0_SLHC12_2023Scenario_VALNOPU2_Case4-5854dd31cbd3cdec44c48628cc181cf0
file_name in inputDict =  /home/cms040/home_cream_291217415/CREAM291217415/glide_vu2Hf2/execute/dir_26539/CMSSW_6_2_0_SLHC12/validationEDM_9_1_Z9q.root
(size) os.stat(filename)[6] =  3058528
checksum =  3668125051
    file =  validationEDM_9_1_Z9q.root
    newPfn =  srm://storm-se-01.ba.infn.it:8444/srm/managerv2?SFN=//cms/store/user/calabria/calabria_SingleMuPt10_GEN-SIM-DIGI-RECO_CMSSW_6_2_0_SLHC12_2023Scenario_Case4/calabria_MuMinus10_GEN-SIM-DIGI-RECO_CMSSW_6_2_0_SLHC12_2023Scenario_VALNOPU2_Case4/5854dd31cbd3cdec44c48628cc181cf0/validationEDM_9_1_Z9q.root
    newLfn =  /store/user/calabria/calabria_SingleMuPt10_GEN-SIM-DIGI-RECO_CMSSW_6_2_0_SLHC12_2023Scenario_Case4/calabria_MuMinus10_GEN-SIM-DIGI-RECO_CMSSW_6_2_0_SLHC12_2023Scenario_VALNOPU2_Case4/5854dd31cbd3cdec44c48628cc181cf0/validationEDM_9_1_Z9q.root
>>> crab_fjr_*.xml  permission set to 0704
CrabWrapper EXIT_FUNC entered at Wed Jun 18 01:34:49 CEST 2014   -  Tue Jun 17 23:34:49 UTC 2014
Checking output files:  
will tar file crab_fjr_9.xml in  out_files_9
WARNING: output file CMSSW_9.stdout not found!
WARNING: output file CMSSW_9.stderr not found!
WARNING: output file Watchdog_9.log.gz not found!
>>> padding time: Sleeping the wrapper for 209 seconds
STOPPING WATCHDOG. CrabWatchdog PID is 27129
********** LAST 50 LINES OF WATCHDOG LOG
# RESOURCE USAGE SUMMARY FOR PROCESS ID 26545
USER       PID %CPU %MEM    VSZ   RSS TTY      STAT START   TIME COMMAND
cms040   26545  0.2  0.0   9496  1592 ?        S    01:28   0:00 /bin/sh /home/cms040/home_cream_291217415/CREAM291217415/glide_vu2Hf2/execute/dir_26539/condor_exec.exe 9 1
 
# LIMITS USED BY CRAB WATCHDOG:
# RSS  (KBytes)   : 2300000
# VSZ  (KBytes)   : 100000000
# DISK (MBytes)   : 19000
# CPU TIME        : 720h:0m:0s
# WALL CLOCK TIME : 21h:50m:0s
 
# FOLLOWING PRINTOUT TRACKS MAXIMUM VALUES OF RESOURCES USE
# ONE LINE IS PRINTED EACH TIME A MAXIMUM CHANGES
# IF CHANGE WAS IN RSS OR VSZ ALSO PROCID AND COMMAND ARE PRINTED
# THERE IS NO PRINTOUT FOR CPU/WALL TIME INCREASE
 
# TIME			PID	RSS(KB)	VSZ(KB)	Dsk(MB)	tCPU(s)	tWALL(s)	COMMAND
 Jun 18 01:28:24 CEST	2227	1392	9364	0	0	0	/bin/bash /home/cms040/home_cream_291217415/CREAM291217415/glide_vu2Hf2/main/condor_startup.sh glidein_config        
 Jun 18 01:28:24 CEST	3023	8012	93340	0	0	0	/home/cms040/home_cream_291217415/CREAM291217415/glide_vu2Hf2/main/condor/sbin/condor_master -f -pidfile /home/cms040/home_cream_291217415/CREAM291217415/glide_vu2Hf2/condor_master2.pid       
 Jun 18 01:28:24 CEST	3026	8724	93916	0	3	0	condor_startd -f         
 Jun 18 01:28:24 CEST	27141	29112	93916	0	0	1	edmConfigHash pset.py         
 Jun 18 01:28:24 CEST	30317	29112	106092	0	0	1	sh -c "./glidein_startup.sh" -v std -name v3_0 -entry CDF_IT_Bari_ce2 -clientname UCSD-v1_0.main
 Jun 18 01:28:24 CEST	30321	29112	106492	0	0	1	/bin/bash ./glidein_startup.sh -v std -name v3_0 -entry CDF_IT_Bari_ce2 -clientname UCSD-v1_0.main -schedd
 Jun 18 01:28:24 CEST	---	29112	106492	171	----	----	----
 Jun 18 01:29:25 CEST	27457	765652	975468	171	31	61	cmsRun -j /home/cms040/home_cream_291217415/CREAM291217415/glide_vu2Hf2/execute/dir_26539/crab_fjr_9.xml -p pset.py      
 Jun 18 01:29:25 CEST	---	765652	975468	175	----	----	----
 Jun 18 01:30:26 CEST	27457	798428	1009208	175	82	122	cmsRun -j /home/cms040/home_cream_291217415/CREAM291217415/glide_vu2Hf2/execute/dir_26539/crab_fjr_9.xml -p pset.py      
 Jun 18 01:31:26 CEST	27457	798428	1013560	175	134	183	cmsRun -j /home/cms040/home_cream_291217415/CREAM291217415/glide_vu2Hf2/execute/dir_26539/crab_fjr_9.xml -p pset.py      
 Jun 18 01:32:28 CEST	27457	801240	1022264	175	185	245	cmsRun -j /home/cms040/home_cream_291217415/CREAM291217415/glide_vu2Hf2/execute/dir_26539/crab_fjr_9.xml -p pset.py      
 Jun 18 01:33:29 CEST	27457	814944	1031736	175	235	306	cmsRun -j /home/cms040/home_cream_291217415/CREAM291217415/glide_vu2Hf2/execute/dir_26539/crab_fjr_9.xml -p pset.py      
 Jun 18 01:34:30 CEST	---	814944	1031736	178	----	----	----
********** WATCHDOG LOG ENDED
ZIPPING WATCHDOG LOG
Disk space used:
du -sh /home/cms040/home_cream_291217415/CREAM291217415/glide_vu2Hf2/execute/dir_26539
178M	/home/cms040/home_cream_291217415/CREAM291217415/glide_vu2Hf2/execute/dir_26539
Found unusual stdout, rename for OSB
`/home/cms040/home_cream_291217415/CREAM291217415/glide_vu2Hf2/execute/dir_26539/_condor_stdout' -> `CMSSW_9.stdout'
Found unusual stderr, rename for OSB
`/home/cms040/home_cream_291217415/CREAM291217415/glide_vu2Hf2/execute/dir_26539/_condor_stdout' -> `CMSSW_9.stderr'
crab_fjr_9.xml
CMSSW_9.stdout
CMSSW_9.stderr
Watchdog_9.log.gz
Total Output dimension: 64546
WARNING: output files size limit is set to: 50000000
Total Output dimension 64546 is fine.
JOB_EXIT_STATUS = 0
>>> info for dashboard:
***** Cat /home/cms040/home_cream_291217415/CREAM291217415/glide_vu2Hf2/execute/dir_26539/jobreport.txt *****
MonitorJobID=9_https://submit-6.t2.ucsd.edu//140616//168556.8
MonitorID=calabria_MuMinus10_Case4_ReReco_5a3f4s
ExeTime=312
ExeExitCode=0
StageOutExitStatusReason = 'Copy succedeed with srm-lcg utils'
StageOutSE = storm-se-01.ba.infn.it
StageOutExitStatus = 0
CrabUserCpuTime=256.19
CrabSysCpuTime=3.38
CrabCpuPercentage=83%
CrabWrapperTime=600
CrabStageoutTime=48
JobExitCode=0
***** End Cat jobreport *****
Parameters sent to Dashboard.
EXITING at Wed Jun 18 01:38:23 CEST 2014  -  Tue Jun 17 23:38:23 UTC 2014
