This script was generated by crab (version 2.10.5_patch1).
Running /home/cms011/home_cream_006914899/CREAM006914899/glide_wuiPeJ/execute/dir_20115/condor_exec.exe with 2 positional parameters: 20 1
Today is Wed Jun 18 01:29:15 CEST 2014 - Tue Jun 17 23:29:15 UTC 2014
Job submitted on host pccms124.ba.infn.it
Linux pccms124.ba.infn.it 2.6.32-358.23.2.el6.x86_64 #1 SMP Thu Oct 17 10:27:22 CEST 2013 x86_64 x86_64 x86_64 GNU/Linux
>>> current directory (RUNTIME_AREA): /home/cms011/home_cream_006914899/CREAM006914899/glide_wuiPeJ/execute/dir_20115
>>> current user: uid=11720(cms011) gid=1399(cms) groups=1399(cms)
>>> directory permission set to 0700
>>> umask set to:  u=rwx,g=,o=
>>> stdout stderr permission set to 0704
>>> voms proxy information:
subject   : /C=IT/O=INFN/OU=Personal Certificate/L=Bari/CN=Cesare Calabria/CN=477126703/CN=1794215817
issuer    : /C=IT/O=INFN/OU=Personal Certificate/L=Bari/CN=Cesare Calabria/CN=477126703
identity  : /C=IT/O=INFN/OU=Personal Certificate/L=Bari/CN=Cesare Calabria
type      : RFC3820 compliant limited proxy
strength  : 1024
path      : /home/cms011/home_cream_006914899/CREAM006914899/glide_wuiPeJ/execute/dir_20115/x509up_u50707
timeleft  : 23:57:55
key usage : Digital Signature, Key Encipherment, Data Encipherment
=== VO cms extension information ===
VO        : cms
subject   : /C=IT/O=INFN/OU=Personal Certificate/L=Bari/CN=Cesare Calabria
issuer    : /DC=ch/DC=cern/OU=computers/CN=voms.cern.ch
attribute : /cms/Role=NULL/Capability=NULL
attribute : /cms/itcms/Role=NULL/Capability=NULL
timeleft  : 153:55:04
uri       : voms.cern.ch:15002

WNHostName=pccms124.ba.infn.it
>>> tar --no-same-permissions -xf /home/cms011/home_cream_006914899/CREAM006914899/glide_wuiPeJ/execute/dir_20115/default.tgz :
Successful untar
>>> Include /home/cms011/home_cream_006914899/CREAM006914899/glide_wuiPeJ/execute/dir_20115 in PYTHONPATH:
strip arguments
env var CRAB_UNIQUE_JOB_ID set to: calabria_MuMinus10_Case4_ReReco_5a3f4s_20_1_ozs
out_files_20
>>> list of expected files on output sandbox
output files: crab_fjr_20.xml CMSSW_20.stdout CMSSW_20.stderr Watchdog_20.log.gz
>>> GridFlavour discovery: 
GridFlavour=LCG
>>> SyncSite discovery: 
SyncSite=T2_IT_Bari
>>> SyncCE discovery: 
getting SyncCE from CE_ID
SyncCE=cream-ce-2.ba.infn.it:8443/cream-pbs-long
>>> info for dashboard:
***** Cat /home/cms011/home_cream_006914899/CREAM006914899/glide_wuiPeJ/execute/dir_20115/jobreport.txt *****
WNHostName=pccms124.ba.infn.it
MonitorJobID=20_https://submit-6.t2.ucsd.edu//140616//168556.19
SyncGridJobId=https://submit-6.t2.ucsd.edu//140616//168556.19
MonitorID=calabria_MuMinus10_Case4_ReReco_5a3f4s
GridFlavour=LCG
SyncSite=T2_IT_Bari
SyncCE=cream-ce-2.ba.infn.it:8443/cream-pbs-long
***** End Cat jobreport *****
Parameters sent to Dashboard.
>>> setup environment
set SCRAM ARCH to slc5_amd64_gcc472
SCRAM_ARCH = slc5_amd64_gcc472
>>> setup CMS LCG environment:
set SCRAM ARCH and BUILD_ARCH to slc5_amd64_gcc472 ###
Sourcing environment... 
sourcing /cvmfs/cms.cern.ch/cmsset_default.sh
==> setup cms environment ok
>>> specific cmssw setup environment:
CMSSW_VERSION =  CMSSW_6_2_0_SLHC12
>>> current directory (SOFTWARE_DIR): /home/cms011/home_cream_006914899/CREAM006914899/glide_wuiPeJ/execute/dir_20115/CMSSW_6_2_0_SLHC12
PreserveSeeds: <>
IncrementSeeds:<>
>>> info for dashboard:
***** Cat /home/cms011/home_cream_006914899/CREAM006914899/glide_wuiPeJ/execute/dir_20115/jobreport.txt *****
MonitorJobID=20_https://submit-6.t2.ucsd.edu//140616//168556.19
MonitorID=calabria_MuMinus10_Case4_ReReco_5a3f4s
***** End Cat jobreport *****
Parameters sent to Dashboard.
crabWatchdog started as process 22826
>>> moving CMSSW software directories in /home/cms011/home_cream_006914899/CREAM006914899/glide_wuiPeJ/execute/dir_20115/CMSSW_6_2_0_SLHC12
mv: cannot stat `/home/cms011/home_cream_006914899/CREAM006914899/glide_wuiPeJ/execute/dir_20115/module/': No such file or directory
>>> Include /home/cms011/home_cream_006914899/CREAM006914899/glide_wuiPeJ/execute/dir_20115 in PYTHONPATH:
PYTHONPATH=/home/cms011/home_cream_006914899/CREAM006914899/glide_wuiPeJ/execute/dir_20115/:/home/cms011/home_cream_006914899/CREAM006914899/glide_wuiPeJ/execute/dir_20115/CMSSW_6_2_0_SLHC12/python:/home/cms011/home_cream_006914899/CREAM006914899/glide_wuiPeJ/execute/dir_20115/CMSSW_6_2_0_SLHC12/lib/slc5_amd64_gcc472:/cvmfs/cms.cern.ch/slc5_amd64_gcc472/cms/cmssw/CMSSW_6_2_0_SLHC12/python:/cvmfs/cms.cern.ch/slc5_amd64_gcc472/cms/cmssw/CMSSW_6_2_0_SLHC12/lib/slc5_amd64_gcc472:/cvmfs/cms.cern.ch/slc5_amd64_gcc472/cms/coral/CORAL_2_3_21-cms36/slc5_amd64_gcc472/python:/cvmfs/cms.cern.ch/slc5_amd64_gcc472/cms/coral/CORAL_2_3_21-cms36/slc5_amd64_gcc472/lib:/cvmfs/cms.cern.ch/slc5_amd64_gcc472/external/pyqt/4.8.1-cms6/lib/python2.7/site-packages:/cvmfs/cms.cern.ch/slc5_amd64_gcc472/external/py2-scipy/0.8.0-cms8/lib/python2.7/site-packages:/cvmfs/cms.cern.ch/slc5_amd64_gcc472/external/py2-matplotlib/1.0.1-cms8/lib/python2.7/site-packages:/cvmfs/cms.cern.ch/slc5_amd64_gcc472/external/python-ldap/2.3.5-cms6/lib/python2.7/site-packages:/cvmfs/cms.cern.ch/slc5_amd64_gcc472/external/sip/4.11.2-cms6/lib/python2.7/site-packages:/cvmfs/cms.cern.ch/slc5_amd64_gcc472/external/py2-pycurl/7.19.0-cms8/lib/python2.7/site-packages:/cvmfs/cms.cern.ch/slc5_amd64_gcc472/external/py2-numpy/1.6.1-cms8/lib/python2.7/site-packages:/cvmfs/cms.cern.ch/slc5_amd64_gcc472/external/py2-lint/0.25.1-cms6/lib/python2.7/site-packages:/cvmfs/cms.cern.ch/slc5_amd64_gcc472/external/py2-ipython/0.10-cms6/lib/python2.7/site-packages:/cvmfs/cms.cern.ch/slc5_amd64_gcc472/external/py2-cx-oracle/5.1-cms7/lib/python2.7/site-packages:/cvmfs/cms.cern.ch/slc5_amd64_gcc472/external/py2-cjson/1.0.5-cms6/lib/python2.7/site-packages:/cvmfs/cms.cern.ch/slc5_amd64_gcc472/cms/das-client/1.11.7/bin:/cvmfs/cms.cern.ch/slc5_amd64_gcc472/external/elementtree/1.2.6-cms6/share/lib/python2.7/site-packages:/cvmfs/cms.cern.ch/slc5_amd64_gcc472/external/rivet/1.8.2-cms8/lib/python2.7/site-packages:/cvmfs/cms.cern.ch/slc5_amd64_gcc472/external/pyminuit2/0.0.1-cms19/lib/python2.7/site-packages:/cvmfs/cms.cern.ch/slc5_amd64_gcc472/external/py2-pygithub/1.23.0/lib/python2.7/site-packages:/cvmfs/cms.cern.ch/slc5_amd64_gcc472/external/professor/1.0.0-cms19/lib/python2.7/site-packages:/cvmfs/cms.cern.ch/slc5_amd64_gcc472/lcg/root/5.34.07-cms/lib:/cvmfs/cms.cern.ch/slc5_amd64_gcc472/cms/dbs-client/DBS_2_1_9-cms5/lib:/cvmfs/cms.cern.ch/slc5_amd64_gcc472/cms/dbs-client/DBS_2_1_9-cms5/lib/DBSAPI:/cvmfs/cms.cern.ch/slc5_amd64_gcc472/external/cvs2git/5419-cms/lib:/home/cms011/home_cream_006914899/CREAM006914899/glide_wuiPeJ/execute/dir_20115/
 
# LIMITS USED BY CRAB WATCHDOG:
# RSS  (KBytes)   : 2300000
# VSZ  (KBytes)   : 100000000
# DISK (MBytes)   : 19000
# CPU TIME        : 720h:0m:0s
# WALL CLOCK TIME : 21h:50m:0s
 
5854dd31cbd3cdec44c48628cc181cf0
PSETHASH = 5854dd31cbd3cdec44c48628cc181cf0
/home/cms011/home_cream_006914899/CREAM006914899/glide_wuiPeJ/execute/dir_20115/writeCfg.py pset.py pset.py
Importing .py file
Setting parameters
RandomNumberGeneratorService found, will attempt to change seeds
inputBlocks=/calabria_SingleMuPt10_GEN-SIM-DIGI-RECO_CMSSW_6_2_0_SLHC12_2023Scenario_Case4/calabria-calabria_SingleMuPt10_GEN-SIM-DIGI-RECO_CMSSW_6_2_0_SLHC12_2023Scenario_Case4-713e95291268ed84eccf2b8e553eab97/USER#a3467d6b-1b7a-47e2-bff8-cae29591c83c
inputFiles=/store/user/calabria/calabria_SingleMuPt10_GEN-SIM-DIGI-RECO_CMSSW_6_2_0_SLHC12_2023Scenario_Case4/calabria_SingleMuPt10_GEN-SIM-DIGI-RECO_CMSSW_6_2_0_SLHC12_2023Scenario_Case4/713e95291268ed84eccf2b8e553eab97/out_reco_179_2_8oM.root;/store/user/calabria/calabria_SingleMuPt10_GEN-SIM-DIGI-RECO_CMSSW_6_2_0_SLHC12_2023Scenario_Case4/calabria_SingleMuPt10_GEN-SIM-DIGI-RECO_CMSSW_6_2_0_SLHC12_2023Scenario_Case4/713e95291268ed84eccf2b8e553eab97/out_reco_180_2_M6g.root;/store/user/calabria/calabria_SingleMuPt10_GEN-SIM-DIGI-RECO_CMSSW_6_2_0_SLHC12_2023Scenario_Case4/calabria_SingleMuPt10_GEN-SIM-DIGI-RECO_CMSSW_6_2_0_SLHC12_2023Scenario_Case4/713e95291268ed84eccf2b8e553eab97/out_reco_182_2_Pq5.root;/store/user/calabria/calabria_SingleMuPt10_GEN-SIM-DIGI-RECO_CMSSW_6_2_0_SLHC12_2023Scenario_Case4/calabria_SingleMuPt10_GEN-SIM-DIGI-RECO_CMSSW_6_2_0_SLHC12_2023Scenario_Case4/713e95291268ed84eccf2b8e553eab97/out_reco_194_2_FIR.root;/store/user/calabria/calabria_SingleMuPt10_GEN-SIM-DIGI-RECO_CMSSW_6_2_0_SLHC12_2023Scenario_Case4/calabria_SingleMuPt10_GEN-SIM-DIGI-RECO_CMSSW_6_2_0_SLHC12_2023Scenario_Case4/713e95291268ed84eccf2b8e553eab97/out_reco_195_2_mSD.root;/store/user/calabria/calabria_SingleMuPt10_GEN-SIM-DIGI-RECO_CMSSW_6_2_0_SLHC12_2023Scenario_Case4/calabria_SingleMuPt10_GEN-SIM-DIGI-RECO_CMSSW_6_2_0_SLHC12_2023Scenario_Case4/713e95291268ed84eccf2b8e553eab97/out_reco_196_2_7Ih.root;/store/user/calabria/calabria_SingleMuPt10_GEN-SIM-DIGI-RECO_CMSSW_6_2_0_SLHC12_2023Scenario_Case4/calabria_SingleMuPt10_GEN-SIM-DIGI-RECO_CMSSW_6_2_0_SLHC12_2023Scenario_Case4/713e95291268ed84eccf2b8e553eab97/out_reco_198_2_7kY.root;/store/user/calabria/calabria_SingleMuPt10_GEN-SIM-DIGI-RECO_CMSSW_6_2_0_SLHC12_2023Scenario_Case4/calabria_SingleMuPt10_GEN-SIM-DIGI-RECO_CMSSW_6_2_0_SLHC12_2023Scenario_Case4/713e95291268ed84eccf2b8e553eab97/out_reco_204_2_lJp.root;/store/user/calabria/calabria_SingleMuPt10_GEN-SIM-DIGI-RECO_CMSSW_6_2_0_SLHC12_2023Scenario_Case4/calabria_SingleMuPt10_GEN-SIM-DIGI-RECO_CMSSW_6_2_0_SLHC12_2023Scenario_Case4/713e95291268ed84eccf2b8e553eab97/out_reco_205_2_GxJ.root;/store/user/calabria/calabria_SingleMuPt10_GEN-SIM-DIGI-RECO_CMSSW_6_2_0_SLHC12_2023Scenario_Case4/calabria_SingleMuPt10_GEN-SIM-DIGI-RECO_CMSSW_6_2_0_SLHC12_2023Scenario_Case4/713e95291268ed84eccf2b8e553eab97/out_reco_207_2_Irc.root
parentFiles=
lumisRange=
>>> Executable cmsRun
/cvmfs/cms.cern.ch/slc5_amd64_gcc472/cms/cmssw/CMSSW_6_2_0_SLHC12/bin/slc5_amd64_gcc472/cmsRun
ok executable found
>>> info for dashboard:
***** Cat /home/cms011/home_cream_006914899/CREAM006914899/glide_wuiPeJ/execute/dir_20115/jobreport.txt *****
MonitorJobID=20_https://submit-6.t2.ucsd.edu//140616//168556.19
MonitorID=calabria_MuMinus10_Case4_ReReco_5a3f4s
ExeStart=cmsRun
***** End Cat jobreport *****
Parameters sent to Dashboard.
>>> cmsRun started at Tue Jun 17 23:29:47 UTC 2014
>>> cmsRun ended at Tue Jun 17 23:41:45 UTC 2014
>>> crab_fjr_*.xml  permission set to 0704
>>> info for dashboard:
***** Cat /home/cms011/home_cream_006914899/CREAM006914899/glide_wuiPeJ/execute/dir_20115/jobreport.txt *****
MonitorJobID=20_https://submit-6.t2.ucsd.edu//140616//168556.19
MonitorID=calabria_MuMinus10_Case4_ReReco_5a3f4s
ExeEnd=cmsRun
***** End Cat jobreport *****
Parameters sent to Dashboard.
TIME_EXE = 718 sec
>>> cmsRun wrote 50 lines of stdout+stderr
>>> START OF printout of 50 lines from stdout+stderr
271 DQMStore::DQMStore 
HcalTopologyIdealEP::HcalTopologyIdealEP
18-Jun-2014 01:30:27 CEST  Initiating request to open file file:/lustre/cms//store/user/calabria/calabria_SingleMuPt10_GEN-SIM-DIGI-RECO_CMSSW_6_2_0_SLHC12_2023Scenario_Case4/calabria_SingleMuPt10_GEN-SIM-DIGI-RECO_CMSSW_6_2_0_SLHC12_2023Scenario_Case4/713e95291268ed84eccf2b8e553eab97/out_reco_179_2_8oM.root
18-Jun-2014 01:30:31 CEST  Successfully opened file file:/lustre/cms//store/user/calabria/calabria_SingleMuPt10_GEN-SIM-DIGI-RECO_CMSSW_6_2_0_SLHC12_2023Scenario_Case4/calabria_SingleMuPt10_GEN-SIM-DIGI-RECO_CMSSW_6_2_0_SLHC12_2023Scenario_Case4/713e95291268ed84eccf2b8e553eab97/out_reco_179_2_8oM.root
18-Jun-2014 01:32:16 CEST  Closed file file:/lustre/cms//store/user/calabria/calabria_SingleMuPt10_GEN-SIM-DIGI-RECO_CMSSW_6_2_0_SLHC12_2023Scenario_Case4/calabria_SingleMuPt10_GEN-SIM-DIGI-RECO_CMSSW_6_2_0_SLHC12_2023Scenario_Case4/713e95291268ed84eccf2b8e553eab97/out_reco_179_2_8oM.root
18-Jun-2014 01:32:16 CEST  Initiating request to open file file:/lustre/cms//store/user/calabria/calabria_SingleMuPt10_GEN-SIM-DIGI-RECO_CMSSW_6_2_0_SLHC12_2023Scenario_Case4/calabria_SingleMuPt10_GEN-SIM-DIGI-RECO_CMSSW_6_2_0_SLHC12_2023Scenario_Case4/713e95291268ed84eccf2b8e553eab97/out_reco_180_2_M6g.root
18-Jun-2014 01:32:18 CEST  Successfully opened file file:/lustre/cms//store/user/calabria/calabria_SingleMuPt10_GEN-SIM-DIGI-RECO_CMSSW_6_2_0_SLHC12_2023Scenario_Case4/calabria_SingleMuPt10_GEN-SIM-DIGI-RECO_CMSSW_6_2_0_SLHC12_2023Scenario_Case4/713e95291268ed84eccf2b8e553eab97/out_reco_180_2_M6g.root
18-Jun-2014 01:33:24 CEST  Closed file file:/lustre/cms//store/user/calabria/calabria_SingleMuPt10_GEN-SIM-DIGI-RECO_CMSSW_6_2_0_SLHC12_2023Scenario_Case4/calabria_SingleMuPt10_GEN-SIM-DIGI-RECO_CMSSW_6_2_0_SLHC12_2023Scenario_Case4/713e95291268ed84eccf2b8e553eab97/out_reco_180_2_M6g.root
18-Jun-2014 01:33:24 CEST  Initiating request to open file file:/lustre/cms//store/user/calabria/calabria_SingleMuPt10_GEN-SIM-DIGI-RECO_CMSSW_6_2_0_SLHC12_2023Scenario_Case4/calabria_SingleMuPt10_GEN-SIM-DIGI-RECO_CMSSW_6_2_0_SLHC12_2023Scenario_Case4/713e95291268ed84eccf2b8e553eab97/out_reco_182_2_Pq5.root
18-Jun-2014 01:33:24 CEST  Successfully opened file file:/lustre/cms//store/user/calabria/calabria_SingleMuPt10_GEN-SIM-DIGI-RECO_CMSSW_6_2_0_SLHC12_2023Scenario_Case4/calabria_SingleMuPt10_GEN-SIM-DIGI-RECO_CMSSW_6_2_0_SLHC12_2023Scenario_Case4/713e95291268ed84eccf2b8e553eab97/out_reco_182_2_Pq5.root
18-Jun-2014 01:34:38 CEST  Closed file file:/lustre/cms//store/user/calabria/calabria_SingleMuPt10_GEN-SIM-DIGI-RECO_CMSSW_6_2_0_SLHC12_2023Scenario_Case4/calabria_SingleMuPt10_GEN-SIM-DIGI-RECO_CMSSW_6_2_0_SLHC12_2023Scenario_Case4/713e95291268ed84eccf2b8e553eab97/out_reco_182_2_Pq5.root
18-Jun-2014 01:34:38 CEST  Initiating request to open file file:/lustre/cms//store/user/calabria/calabria_SingleMuPt10_GEN-SIM-DIGI-RECO_CMSSW_6_2_0_SLHC12_2023Scenario_Case4/calabria_SingleMuPt10_GEN-SIM-DIGI-RECO_CMSSW_6_2_0_SLHC12_2023Scenario_Case4/713e95291268ed84eccf2b8e553eab97/out_reco_194_2_FIR.root
18-Jun-2014 01:34:39 CEST  Successfully opened file file:/lustre/cms//store/user/calabria/calabria_SingleMuPt10_GEN-SIM-DIGI-RECO_CMSSW_6_2_0_SLHC12_2023Scenario_Case4/calabria_SingleMuPt10_GEN-SIM-DIGI-RECO_CMSSW_6_2_0_SLHC12_2023Scenario_Case4/713e95291268ed84eccf2b8e553eab97/out_reco_194_2_FIR.root
18-Jun-2014 01:35:52 CEST  Closed file file:/lustre/cms//store/user/calabria/calabria_SingleMuPt10_GEN-SIM-DIGI-RECO_CMSSW_6_2_0_SLHC12_2023Scenario_Case4/calabria_SingleMuPt10_GEN-SIM-DIGI-RECO_CMSSW_6_2_0_SLHC12_2023Scenario_Case4/713e95291268ed84eccf2b8e553eab97/out_reco_194_2_FIR.root
18-Jun-2014 01:35:52 CEST  Initiating request to open file file:/lustre/cms//store/user/calabria/calabria_SingleMuPt10_GEN-SIM-DIGI-RECO_CMSSW_6_2_0_SLHC12_2023Scenario_Case4/calabria_SingleMuPt10_GEN-SIM-DIGI-RECO_CMSSW_6_2_0_SLHC12_2023Scenario_Case4/713e95291268ed84eccf2b8e553eab97/out_reco_195_2_mSD.root
18-Jun-2014 01:35:52 CEST  Successfully opened file file:/lustre/cms//store/user/calabria/calabria_SingleMuPt10_GEN-SIM-DIGI-RECO_CMSSW_6_2_0_SLHC12_2023Scenario_Case4/calabria_SingleMuPt10_GEN-SIM-DIGI-RECO_CMSSW_6_2_0_SLHC12_2023Scenario_Case4/713e95291268ed84eccf2b8e553eab97/out_reco_195_2_mSD.root
18-Jun-2014 01:36:46 CEST  Closed file file:/lustre/cms//store/user/calabria/calabria_SingleMuPt10_GEN-SIM-DIGI-RECO_CMSSW_6_2_0_SLHC12_2023Scenario_Case4/calabria_SingleMuPt10_GEN-SIM-DIGI-RECO_CMSSW_6_2_0_SLHC12_2023Scenario_Case4/713e95291268ed84eccf2b8e553eab97/out_reco_195_2_mSD.root
18-Jun-2014 01:36:46 CEST  Initiating request to open file file:/lustre/cms//store/user/calabria/calabria_SingleMuPt10_GEN-SIM-DIGI-RECO_CMSSW_6_2_0_SLHC12_2023Scenario_Case4/calabria_SingleMuPt10_GEN-SIM-DIGI-RECO_CMSSW_6_2_0_SLHC12_2023Scenario_Case4/713e95291268ed84eccf2b8e553eab97/out_reco_196_2_7Ih.root
18-Jun-2014 01:36:46 CEST  Successfully opened file file:/lustre/cms//store/user/calabria/calabria_SingleMuPt10_GEN-SIM-DIGI-RECO_CMSSW_6_2_0_SLHC12_2023Scenario_Case4/calabria_SingleMuPt10_GEN-SIM-DIGI-RECO_CMSSW_6_2_0_SLHC12_2023Scenario_Case4/713e95291268ed84eccf2b8e553eab97/out_reco_196_2_7Ih.root
18-Jun-2014 01:37:41 CEST  Closed file file:/lustre/cms//store/user/calabria/calabria_SingleMuPt10_GEN-SIM-DIGI-RECO_CMSSW_6_2_0_SLHC12_2023Scenario_Case4/calabria_SingleMuPt10_GEN-SIM-DIGI-RECO_CMSSW_6_2_0_SLHC12_2023Scenario_Case4/713e95291268ed84eccf2b8e553eab97/out_reco_196_2_7Ih.root
18-Jun-2014 01:37:41 CEST  Initiating request to open file file:/lustre/cms//store/user/calabria/calabria_SingleMuPt10_GEN-SIM-DIGI-RECO_CMSSW_6_2_0_SLHC12_2023Scenario_Case4/calabria_SingleMuPt10_GEN-SIM-DIGI-RECO_CMSSW_6_2_0_SLHC12_2023Scenario_Case4/713e95291268ed84eccf2b8e553eab97/out_reco_198_2_7kY.root
18-Jun-2014 01:37:41 CEST  Successfully opened file file:/lustre/cms//store/user/calabria/calabria_SingleMuPt10_GEN-SIM-DIGI-RECO_CMSSW_6_2_0_SLHC12_2023Scenario_Case4/calabria_SingleMuPt10_GEN-SIM-DIGI-RECO_CMSSW_6_2_0_SLHC12_2023Scenario_Case4/713e95291268ed84eccf2b8e553eab97/out_reco_198_2_7kY.root
18-Jun-2014 01:38:27 CEST  Closed file file:/lustre/cms//store/user/calabria/calabria_SingleMuPt10_GEN-SIM-DIGI-RECO_CMSSW_6_2_0_SLHC12_2023Scenario_Case4/calabria_SingleMuPt10_GEN-SIM-DIGI-RECO_CMSSW_6_2_0_SLHC12_2023Scenario_Case4/713e95291268ed84eccf2b8e553eab97/out_reco_198_2_7kY.root
18-Jun-2014 01:38:27 CEST  Initiating request to open file file:/lustre/cms//store/user/calabria/calabria_SingleMuPt10_GEN-SIM-DIGI-RECO_CMSSW_6_2_0_SLHC12_2023Scenario_Case4/calabria_SingleMuPt10_GEN-SIM-DIGI-RECO_CMSSW_6_2_0_SLHC12_2023Scenario_Case4/713e95291268ed84eccf2b8e553eab97/out_reco_204_2_lJp.root
18-Jun-2014 01:38:27 CEST  Successfully opened file file:/lustre/cms//store/user/calabria/calabria_SingleMuPt10_GEN-SIM-DIGI-RECO_CMSSW_6_2_0_SLHC12_2023Scenario_Case4/calabria_SingleMuPt10_GEN-SIM-DIGI-RECO_CMSSW_6_2_0_SLHC12_2023Scenario_Case4/713e95291268ed84eccf2b8e553eab97/out_reco_204_2_lJp.root
18-Jun-2014 01:39:10 CEST  Closed file file:/lustre/cms//store/user/calabria/calabria_SingleMuPt10_GEN-SIM-DIGI-RECO_CMSSW_6_2_0_SLHC12_2023Scenario_Case4/calabria_SingleMuPt10_GEN-SIM-DIGI-RECO_CMSSW_6_2_0_SLHC12_2023Scenario_Case4/713e95291268ed84eccf2b8e553eab97/out_reco_204_2_lJp.root
18-Jun-2014 01:39:10 CEST  Initiating request to open file file:/lustre/cms//store/user/calabria/calabria_SingleMuPt10_GEN-SIM-DIGI-RECO_CMSSW_6_2_0_SLHC12_2023Scenario_Case4/calabria_SingleMuPt10_GEN-SIM-DIGI-RECO_CMSSW_6_2_0_SLHC12_2023Scenario_Case4/713e95291268ed84eccf2b8e553eab97/out_reco_205_2_GxJ.root
18-Jun-2014 01:39:10 CEST  Successfully opened file file:/lustre/cms//store/user/calabria/calabria_SingleMuPt10_GEN-SIM-DIGI-RECO_CMSSW_6_2_0_SLHC12_2023Scenario_Case4/calabria_SingleMuPt10_GEN-SIM-DIGI-RECO_CMSSW_6_2_0_SLHC12_2023Scenario_Case4/713e95291268ed84eccf2b8e553eab97/out_reco_205_2_GxJ.root
18-Jun-2014 01:39:59 CEST  Closed file file:/lustre/cms//store/user/calabria/calabria_SingleMuPt10_GEN-SIM-DIGI-RECO_CMSSW_6_2_0_SLHC12_2023Scenario_Case4/calabria_SingleMuPt10_GEN-SIM-DIGI-RECO_CMSSW_6_2_0_SLHC12_2023Scenario_Case4/713e95291268ed84eccf2b8e553eab97/out_reco_205_2_GxJ.root
18-Jun-2014 01:39:59 CEST  Initiating request to open file file:/lustre/cms//store/user/calabria/calabria_SingleMuPt10_GEN-SIM-DIGI-RECO_CMSSW_6_2_0_SLHC12_2023Scenario_Case4/calabria_SingleMuPt10_GEN-SIM-DIGI-RECO_CMSSW_6_2_0_SLHC12_2023Scenario_Case4/713e95291268ed84eccf2b8e553eab97/out_reco_207_2_Irc.root
18-Jun-2014 01:40:00 CEST  Successfully opened file file:/lustre/cms//store/user/calabria/calabria_SingleMuPt10_GEN-SIM-DIGI-RECO_CMSSW_6_2_0_SLHC12_2023Scenario_Case4/calabria_SingleMuPt10_GEN-SIM-DIGI-RECO_CMSSW_6_2_0_SLHC12_2023Scenario_Case4/713e95291268ed84eccf2b8e553eab97/out_reco_207_2_Irc.root
18-Jun-2014 01:41:44 CEST  Closed file file:/lustre/cms//store/user/calabria/calabria_SingleMuPt10_GEN-SIM-DIGI-RECO_CMSSW_6_2_0_SLHC12_2023Scenario_Case4/calabria_SingleMuPt10_GEN-SIM-DIGI-RECO_CMSSW_6_2_0_SLHC12_2023Scenario_Case4/713e95291268ed84eccf2b8e553eab97/out_reco_207_2_Irc.root

=============================================

MessageLogger Summary

 type     category        sev    module        subroutine        count    total
 ---- -------------------- -- ---------------- ----------------  -----    -----
    1 fileAction           -s file_close                            10       10
    2 fileAction           -s file_open                             20       20

 type    category    Examples: run/evt        run/evt          run/evt
 ---- -------------------- ---------------- ---------------- ----------------
    1 fileAction           PostProcessEvent PostProcessEvent PostEndRun
    2 fileAction           pre-events       pre-events       PostProcessEvent

Severity    # Occurrences   Total Occurrences
--------    -------------   -----------------
System                 30                  30
>>> END OF printout of 50 lines from stdout+stderr
>>> Parse FrameworkJobReport crab_fjr.xml
Result of parsing the FrameworkJobReport crab_fjr.xml: Popularity start
lumisRange : 1::::1;1::::2;1::::3;1::::4;1::::5;1::::6;1::::7;1::::8;1::::9;1::::10;
lumisParentRange : 
Basename : /store/user/calabria/calabria_SingleMuPt10_GEN-SIM-DIGI-RECO_CMSSW_6_2_0_SLHC12_2023Scenario_Case4/calabria_SingleMuPt10_GEN-SIM-DIGI-RECO_CMSSW_6_2_0_SLHC12_2023Scenario_Case4/713e95291268ed84eccf2b8e553eab97/out_reco_
BasenameParent : 
parentFiles : 
inputBlocks : /calabria_SingleMuPt10_GEN-SIM-DIGI-RECO_CMSSW_6_2_0_SLHC12_2023Scenario_Case4/calabria-calabria_SingleMuPt10_GEN-SIM-DIGI-RECO_CMSSW_6_2_0_SLHC12_2023Scenario_Case4-713e95291268ed84eccf2b8e553eab97/USER#a3467d6b-1b7a-47e2-bff8-cae29591c83c
inputFiles : 180_2_M6g.root::1::EDM::Local::1;198_2_7kY.root::1::EDM::Local::2;207_2_Irc.root::1::EDM::Local::3;194_2_FIR.root::1::EDM::Local::4;204_2_lJp.root::1::EDM::Local::5;205_2_GxJ.root::1::EDM::Local::6;196_2_7Ih.root::1::EDM::Local::7;195_2_mSD.root::1::EDM::Local::8;182_2_Pq5.root::1::EDM::Local::9;179_2_8oM.root::1::EDM::Local::10;
Popularity stop
Extracted ExitStatus from FrameworkJobReport parsing output: 0
>>> Executable succeded  0
ExeExitCode=0
EXECUTABLE_EXIT_STATUS = 0
>>> current directory /home/cms011/home_cream_006914899/CREAM006914899/glide_wuiPeJ/execute/dir_20115/CMSSW_6_2_0_SLHC12
>>>  (SOFTWARE_DIR): /home/cms011/home_cream_006914899/CREAM006914899/glide_wuiPeJ/execute/dir_20115/CMSSW_6_2_0_SLHC12
>>> (WORKING_DIR): 
>>> current directory content:
total 10440
drwxr-xr-x 3 cms011 cms    4096 Jun 18 01:29 .SCRAM
-rw------- 1 cms011 cms 3740381 Jun 18 01:29 CMSSW.py.pkl
drwxr-xr-x 3 cms011 cms    4096 Jun 18 01:29 bin
drwxr-xr-x 3 cms011 cms    4096 Jun 18 01:29 cfipython
drwxr-xr-x 4 cms011 cms    4096 Jun 18 01:29 config
-rw------- 1 cms011 cms      17 Jun 18 01:41 cpu_timing.txt
drwxr-xr-x 2 cms011 cms    4096 Jun 18 01:29 doc
-rw------- 1 cms011 cms    9925 Jun 18 01:41 executable.out
drwxr-xr-x 2 cms011 cms    4096 Jun 18 01:29 include
drwx------ 3 cms011 cms    4096 Apr 28 18:12 lib
drwxr-xr-x 3 cms011 cms    4096 Jun 18 01:29 logs
drwxr-xr-x 3 cms011 cms    4096 Jun 18 01:29 objs
-rw------- 1 cms011 cms     104 Jun 18 01:29 pset.py
-rw------- 1 cms011 cms 3712310 Jun 18 01:29 pset.py.pkl
-rw------- 1 cms011 cms     289 Jun 18 01:29 pset.pyc
drwxr-xr-x 2 cms011 cms    4096 Jun 18 01:29 python
-rw------- 1 cms011 cms     410 Jun 18 01:41 report.log
drwx------ 6 cms011 cms    4096 Jun 18 01:29 src
drwxr-xr-x 3 cms011 cms    4096 Jun 18 01:29 test
drwxr-xr-x 3 cms011 cms    4096 Jun 18 01:29 tmp
-rw------- 1 cms011 cms 3136558 Jun 18 01:41 validationEDM.root
>>> current directory /home/cms011/home_cream_006914899/CREAM006914899/glide_wuiPeJ/execute/dir_20115/CMSSW_6_2_0_SLHC12
>>> (SOFTWARE_DIR): /home/cms011/home_cream_006914899/CREAM006914899/glide_wuiPeJ/execute/dir_20115/CMSSW_6_2_0_SLHC12
>>> (WORKING_DIR): 
>>> current directory content:
total 10440
drwxr-xr-x 3 cms011 cms    4096 Jun 18 01:29 .SCRAM
-rw------- 1 cms011 cms 3740381 Jun 18 01:29 CMSSW.py.pkl
drwxr-xr-x 3 cms011 cms    4096 Jun 18 01:29 bin
drwxr-xr-x 3 cms011 cms    4096 Jun 18 01:29 cfipython
drwxr-xr-x 4 cms011 cms    4096 Jun 18 01:29 config
-rw------- 1 cms011 cms      17 Jun 18 01:41 cpu_timing.txt
drwxr-xr-x 2 cms011 cms    4096 Jun 18 01:29 doc
-rw------- 1 cms011 cms    9925 Jun 18 01:41 executable.out
drwxr-xr-x 2 cms011 cms    4096 Jun 18 01:29 include
drwx------ 3 cms011 cms    4096 Apr 28 18:12 lib
drwxr-xr-x 3 cms011 cms    4096 Jun 18 01:29 logs
drwxr-xr-x 3 cms011 cms    4096 Jun 18 01:29 objs
-rw------- 1 cms011 cms     104 Jun 18 01:29 pset.py
-rw------- 1 cms011 cms 3712310 Jun 18 01:29 pset.py.pkl
-rw------- 1 cms011 cms     289 Jun 18 01:29 pset.pyc
drwxr-xr-x 2 cms011 cms    4096 Jun 18 01:29 python
-rw------- 1 cms011 cms     410 Jun 18 01:41 report.log
drwx------ 6 cms011 cms    4096 Jun 18 01:29 src
drwxr-xr-x 3 cms011 cms    4096 Jun 18 01:29 test
drwxr-xr-x 3 cms011 cms    4096 Jun 18 01:29 tmp
-rw------- 1 cms011 cms 3136558 Jun 18 01:41 validationEDM_20_1_ozs.root
>>> current directory (RUNTIME_AREA):  /home/cms011/home_cream_006914899/CREAM006914899/glide_wuiPeJ/execute/dir_20115
SE = storm-se-01.ba.infn.it
SE_PATH = /srm/managerv2?SFN=//cms/store/user/calabria/calabria_SingleMuPt10_GEN-SIM-DIGI-RECO_CMSSW_6_2_0_SLHC12_2023Scenario_Case4/calabria_MuMinus10_GEN-SIM-DIGI-RECO_CMSSW_6_2_0_SLHC12_2023Scenario_VALNOPU2_Case4/5854dd31cbd3cdec44c48628cc181cf0/
LFNBaseName = /store/user/calabria/calabria_SingleMuPt10_GEN-SIM-DIGI-RECO_CMSSW_6_2_0_SLHC12_2023Scenario_Case4/calabria_MuMinus10_GEN-SIM-DIGI-RECO_CMSSW_6_2_0_SLHC12_2023Scenario_VALNOPU2_Case4/5854dd31cbd3cdec44c48628cc181cf0/
USER = calabria
endpoint = srm://storm-se-01.ba.infn.it:8444/srm/managerv2?SFN=//cms/store/user/calabria/calabria_SingleMuPt10_GEN-SIM-DIGI-RECO_CMSSW_6_2_0_SLHC12_2023Scenario_Case4/calabria_MuMinus10_GEN-SIM-DIGI-RECO_CMSSW_6_2_0_SLHC12_2023Scenario_VALNOPU2_Case4/5854dd31cbd3cdec44c48628cc181cf0/
>>> Copy output files from WN = pccms124.ba.infn.it to /srm/managerv2?SFN=//cms/store/user/calabria/calabria_SingleMuPt10_GEN-SIM-DIGI-RECO_CMSSW_6_2_0_SLHC12_2023Scenario_Case4/calabria_MuMinus10_GEN-SIM-DIGI-RECO_CMSSW_6_2_0_SLHC12_2023Scenario_VALNOPU2_Case4/5854dd31cbd3cdec44c48628cc181cf0/ :
python cmscp.py  --destination srm://storm-se-01.ba.infn.it:8444/srm/managerv2?SFN=//cms/store/user/calabria/calabria_SingleMuPt10_GEN-SIM-DIGI-RECO_CMSSW_6_2_0_SLHC12_2023Scenario_Case4/calabria_MuMinus10_GEN-SIM-DIGI-RECO_CMSSW_6_2_0_SLHC12_2023Scenario_VALNOPU2_Case4/5854dd31cbd3cdec44c48628cc181cf0/ --inputFileList /home/cms011/home_cream_006914899/CREAM006914899/glide_wuiPeJ/execute/dir_20115/CMSSW_6_2_0_SLHC12/validationEDM_20_1_ozs.root --middleware LCG --se_name storm-se-01.ba.infn.it --for_lfn /store/user/calabria/calabria_SingleMuPt10_GEN-SIM-DIGI-RECO_CMSSW_6_2_0_SLHC12_2023Scenario_Case4/calabria_MuMinus10_GEN-SIM-DIGI-RECO_CMSSW_6_2_0_SLHC12_2023Scenario_VALNOPU2_Case4/5854dd31cbd3cdec44c48628cc181cf0/    
******************************************************
localSeName  =  storm-se-01.ba.infn.it
remoteSeName =  storm-se-01.ba.infn.it
******************************************************
{"/home/cms011/home_cream_006914899/CREAM006914899/glide_wuiPeJ/execute/dir_20115/CMSSW_6_2_0_SLHC12/validationEDM_20_1_ozs.root": {"endpoint": "srm://storm-se-01.ba.infn.it:8444/srm/managerv2?SFN=//cms/store/user/calabria/calabria_SingleMuPt10_GEN-SIM-DIGI-RECO_CMSSW_6_2_0_SLHC12_2023Scenario_Case4/calabria_MuMinus10_GEN-SIM-DIGI-RECO_CMSSW_6_2_0_SLHC12_2023Scenario_VALNOPU2_Case4/5854dd31cbd3cdec44c48628cc181cf0/", "surl_for_grid": "", "reason": "Copy succedeed with srm-lcg utils", "erCode": "0", "se_name": "storm-se-01.ba.infn.it", "for_lfn": "/store/user/calabria/calabria_SingleMuPt10_GEN-SIM-DIGI-RECO_CMSSW_6_2_0_SLHC12_2023Scenario_Case4/calabria_MuMinus10_GEN-SIM-DIGI-RECO_CMSSW_6_2_0_SLHC12_2023Scenario_VALNOPU2_Case4/5854dd31cbd3cdec44c48628cc181cf0/"}}/home/cms011/home_cream_006914899/CREAM006914899/glide_wuiPeJ/execute/dir_20115
-------- cat /home/cms011/home_cream_006914899/CREAM006914899/glide_wuiPeJ/execute/dir_20115/cmscpReport.sh 
#!/bin/bash
echo "Report for File: /home/cms011/home_cream_006914899/CREAM006914899/glide_wuiPeJ/execute/dir_20115/CMSSW_6_2_0_SLHC12/validationEDM_20_1_ozs.root"
echo "LFN: /store/user/calabria/calabria_SingleMuPt10_GEN-SIM-DIGI-RECO_CMSSW_6_2_0_SLHC12_2023Scenario_Case4/calabria_MuMinus10_GEN-SIM-DIGI-RECO_CMSSW_6_2_0_SLHC12_2023Scenario_VALNOPU2_Case4/5854dd31cbd3cdec44c48628cc181cf0/validationEDM_20_1_ozs.root"
echo "StorageElement: storm-se-01.ba.infn.it"
echo "StageOutExitStatusReason = 'Copy succedeed with srm-lcg utils'" | tee -a $RUNTIME_AREA/$repo
echo "StageOutSE = storm-se-01.ba.infn.it" >> $RUNTIME_AREA/$repo

export StageOutExitStatus=0
echo "StageOutExitStatus = 0" | tee -a $RUNTIME_AREA/$repo
-------- end of /home/cms011/home_cream_006914899/CREAM006914899/glide_wuiPeJ/execute/dir_20115/cmscpReport.sh 
Report for File: /home/cms011/home_cream_006914899/CREAM006914899/glide_wuiPeJ/execute/dir_20115/CMSSW_6_2_0_SLHC12/validationEDM_20_1_ozs.root
LFN: /store/user/calabria/calabria_SingleMuPt10_GEN-SIM-DIGI-RECO_CMSSW_6_2_0_SLHC12_2023Scenario_Case4/calabria_MuMinus10_GEN-SIM-DIGI-RECO_CMSSW_6_2_0_SLHC12_2023Scenario_VALNOPU2_Case4/5854dd31cbd3cdec44c48628cc181cf0/validationEDM_20_1_ozs.root
StorageElement: storm-se-01.ba.infn.it
StageOutExitStatusReason = 'Copy succedeed with srm-lcg utils'
StageOutExitStatus = 0
>>> current dir: /home/cms011/home_cream_006914899/CREAM006914899/glide_wuiPeJ/execute/dir_20115
>>> current dir content:
total 28080
-rw-------  1 cms011 cms     2783 Jun 18 01:42 .SEinteraction.log
-rwx------  1 cms011 cms     6788 Jun 18 01:28 .job.ad
-rwx------  1 cms011 cms     9289 Jun 18 01:28 .machine.ad
-rw-------  1 cms011 cms      105 Jun 16 20:47 CMSSW.py
-rw-------  1 cms011 cms  3740381 Jun 16 20:47 CMSSW.py.pkl
-rwx------  1 cms011 cms    29556 Jun 18 01:29 CMSSW.sh
drwxr-xr-x 15 cms011 cms     4096 Jun 18 01:41 CMSSW_6_2_0_SLHC12
-rw-------  1 cms011 cms      220 Jun 18 01:29 CacheEnv.sh
-rw-------  1 cms011 cms     7291 Apr  4 11:04 DashboardAPI.py
-rw-------  1 cms011 cms     6815 Jun 18 01:29 DashboardAPI.pyc
drwx------  2 cms011 cms     4096 Jun 18 01:41 IMProv
-rw-------  1 cms011 cms     2748 Apr  4 11:04 Logger.py
-rw-------  1 cms011 cms     3347 Jun 18 01:29 Logger.pyc
-rw-------  1 cms011 cms    24524 Apr  4 11:04 ProcInfo.py
-rw-------  1 cms011 cms    23197 Jun 18 01:29 ProcInfo.pyc
drwx------  7 cms011 cms     4096 Jun 18 01:29 ProdCommon
drwx------  3 cms011 cms     4096 Jun 18 01:29 WMCore
-rw-------  1 cms011 cms     3383 Jun 18 01:41 Watchdog_20.log
-rwx------  1 cms011 cms        0 Jun 18 01:29 _condor_stderr
-rwx---r--  1 cms011 cms    29429 Jun 18 01:42 _condor_stdout
-rw-------  1 cms011 cms    32895 Apr  4 11:04 apmon.py
-rw-------  1 cms011 cms    28625 Jun 18 01:29 apmon.pyc
-rwx------  1 cms011 cms    53734 Jun 18 01:29 arguments.xml
-rwx------  1 cms011 cms    38515 Apr  4 11:04 cmscp.py
-rw-------  1 cms011 cms      718 Jun 18 01:42 cmscpReport.sh
-rwx------  1 cms011 cms    29556 Jun 18 01:29 condor_exec.exe
-rw-------  1 cms011 cms      958 Jun 16 20:47 crab.cfg
-rwx------  1 cms011 cms     8610 Apr  4 11:04 crabWatchdog.sh
-rwx---r--  1 cms011 cms   523269 Jun 18 01:41 crab_fjr_20.xml
-rwx------  1 cms011 cms 23958053 Jun 18 01:29 default.tgz
-rwx------  1 cms011 cms     4488 Apr  4 11:04 fillCrabFjr.py
-rw-------  1 cms011 cms     2629 Jun 18 01:29 inputsReport.txt
-rw-------  1 cms011 cms      261 Jun 18 01:42 jobreport.txt
-rw-------  1 cms011 cms    17352 Apr  4 11:04 parseCrabFjr.py
-rw-------  1 cms011 cms      330 Jun 18 01:29 report.log
-rwx--x--x  1 cms011 cms     1497 Apr  4 11:04 report.py
-rw-------  1 cms011 cms      772 Jun 18 01:42 resultCopyFile
lrwxrwxrwx  1 cms011 cms      126 Jun 18 01:41 validationEDM.root -> /home/cms011/home_cream_006914899/CREAM006914899/glide_wuiPeJ/execute/dir_20115/CMSSW_6_2_0_SLHC12/validationEDM_20_1_ozs.root
-rwx------  1 cms011 cms     8387 Apr  4 11:04 writeCfg.py
-rw-------  1 cms011 cms     8010 Jun 18 01:28 x509up_u50707
>>> Modify Job Report:
CMSSW_VERSION = CMSSW_6_2_0_SLHC12
ProcessedDataset = calabria_MuMinus10_GEN-SIM-DIGI-RECO_CMSSW_6_2_0_SLHC12_2023Scenario_VALNOPU2_Case4
/home/cms011/home_cream_006914899/CREAM006914899/glide_wuiPeJ/execute/dir_20115/ProdCommon/FwkJobRep/ModifyJobReport.py fjr /home/cms011/home_cream_006914899/CREAM006914899/glide_wuiPeJ/execute/dir_20115/crab_fjr_20.xml json /home/cms011/home_cream_006914899/CREAM006914899/glide_wuiPeJ/execute/dir_20115/resultCopyFile n_job 20_1_ozs PrimaryDataset calabria_SingleMuPt10_GEN-SIM-DIGI-RECO_CMSSW_6_2_0_SLHC12_2023Scenario_Case4  ApplicationFamily cmsRun ApplicationName cmsRun cmssw_version CMSSW_6_2_0_SLHC12 psethash 5854dd31cbd3cdec44c48628cc181cf0 UserProcessedDataset calabria-calabria_MuMinus10_GEN-SIM-DIGI-RECO_CMSSW_6_2_0_SLHC12_2023Scenario_VALNOPU2_Case4-5854dd31cbd3cdec44c48628cc181cf0
inputDict =  {u'/home/cms011/home_cream_006914899/CREAM006914899/glide_wuiPeJ/execute/dir_20115/CMSSW_6_2_0_SLHC12/validationEDM_20_1_ozs.root': {u'endpoint': u'srm://storm-se-01.ba.infn.it:8444/srm/managerv2?SFN=//cms/store/user/calabria/calabria_SingleMuPt10_GEN-SIM-DIGI-RECO_CMSSW_6_2_0_SLHC12_2023Scenario_Case4/calabria_MuMinus10_GEN-SIM-DIGI-RECO_CMSSW_6_2_0_SLHC12_2023Scenario_VALNOPU2_Case4/5854dd31cbd3cdec44c48628cc181cf0/', u'surl_for_grid': u'', u'reason': u'Copy succedeed with srm-lcg utils', u'erCode': u'0', u'se_name': u'storm-se-01.ba.infn.it', u'for_lfn': u'/store/user/calabria/calabria_SingleMuPt10_GEN-SIM-DIGI-RECO_CMSSW_6_2_0_SLHC12_2023Scenario_Case4/calabria_MuMinus10_GEN-SIM-DIGI-RECO_CMSSW_6_2_0_SLHC12_2023Scenario_VALNOPU2_Case4/5854dd31cbd3cdec44c48628cc181cf0/'}}
UserProcessedDataset =  calabria-calabria_MuMinus10_GEN-SIM-DIGI-RECO_CMSSW_6_2_0_SLHC12_2023Scenario_VALNOPU2_Case4-5854dd31cbd3cdec44c48628cc181cf0
file_name in inputDict =  /home/cms011/home_cream_006914899/CREAM006914899/glide_wuiPeJ/execute/dir_20115/CMSSW_6_2_0_SLHC12/validationEDM_20_1_ozs.root
(size) os.stat(filename)[6] =  3136558
checksum =  3910940124
    file =  validationEDM_20_1_ozs.root
    newPfn =  srm://storm-se-01.ba.infn.it:8444/srm/managerv2?SFN=//cms/store/user/calabria/calabria_SingleMuPt10_GEN-SIM-DIGI-RECO_CMSSW_6_2_0_SLHC12_2023Scenario_Case4/calabria_MuMinus10_GEN-SIM-DIGI-RECO_CMSSW_6_2_0_SLHC12_2023Scenario_VALNOPU2_Case4/5854dd31cbd3cdec44c48628cc181cf0/validationEDM_20_1_ozs.root
    newLfn =  /store/user/calabria/calabria_SingleMuPt10_GEN-SIM-DIGI-RECO_CMSSW_6_2_0_SLHC12_2023Scenario_Case4/calabria_MuMinus10_GEN-SIM-DIGI-RECO_CMSSW_6_2_0_SLHC12_2023Scenario_VALNOPU2_Case4/5854dd31cbd3cdec44c48628cc181cf0/validationEDM_20_1_ozs.root
>>> crab_fjr_*.xml  permission set to 0704
CrabWrapper EXIT_FUNC entered at Wed Jun 18 01:42:41 CEST 2014   -  Tue Jun 17 23:42:41 UTC 2014
Checking output files:  
will tar file crab_fjr_20.xml in  out_files_20
WARNING: output file CMSSW_20.stdout not found!
WARNING: output file CMSSW_20.stderr not found!
WARNING: output file Watchdog_20.log.gz not found!
>>> padding time: Wrapper lasting more than 600 seconds. No sleep required.
STOPPING WATCHDOG. CrabWatchdog PID is 22826
********** LAST 50 LINES OF WATCHDOG LOG
# RESOURCE USAGE SUMMARY FOR PROCESS ID 21998
USER       PID %CPU %MEM    VSZ   RSS TTY      STAT START   TIME COMMAND
cms011   21998  0.2  0.0   9496  1596 ?        S    01:29   0:00 /bin/sh /home/cms011/home_cream_006914899/CREAM006914899/glide_wuiPeJ/execute/dir_20115/condor_exec.exe 20 1
 
# LIMITS USED BY CRAB WATCHDOG:
# RSS  (KBytes)   : 2300000
# VSZ  (KBytes)   : 100000000
# DISK (MBytes)   : 19000
# CPU TIME        : 720h:0m:0s
# WALL CLOCK TIME : 21h:50m:0s
 
# FOLLOWING PRINTOUT TRACKS MAXIMUM VALUES OF RESOURCES USE
# ONE LINE IS PRINTED EACH TIME A MAXIMUM CHANGES
# IF CHANGE WAS IN RSS OR VSZ ALSO PROCID AND COMMAND ARE PRINTED
# THERE IS NO PRINTOUT FOR CPU/WALL TIME INCREASE
 
# TIME			PID	RSS(KB)	VSZ(KB)	Dsk(MB)	tCPU(s)	tWALL(s)	COMMAND
 Jun 18 01:29:27 CEST	5468	1392	9364	0	0	1	/bin/bash /home/cms011/home_cream_006914899/CREAM006914899/glide_wuiPeJ/main/condor_startup.sh glidein_config        
 Jun 18 01:29:27 CEST	7260	8008	93336	0	0	1	/home/cms011/home_cream_006914899/CREAM006914899/glide_wuiPeJ/main/condor/sbin/condor_master -f -pidfile /home/cms011/home_cream_006914899/CREAM006914899/glide_wuiPeJ/condor_master2.pid       
 Jun 18 01:29:27 CEST	11426	8720	93912	0	4	1	condor_startd -f         
 Jun 18 01:29:27 CEST	22862	34816	96760	0	0	1	edmConfigHash pset.py         
 Jun 18 01:29:27 CEST	27047	34816	106092	0	0	1	sh -c "./glidein_startup.sh" -v std -name v3_0 -entry CDF_IT_Bari_ce2 -clientname UCSD-v1_0.main
 Jun 18 01:29:27 CEST	27057	34816	106492	0	0	1	/bin/bash ./glidein_startup.sh -v std -name v3_0 -entry CDF_IT_Bari_ce2 -clientname UCSD-v1_0.main -schedd
 Jun 18 01:29:27 CEST	---	34816	106492	171	----	----	----
 Jun 18 01:30:28 CEST	24285	204228	418172	171	16	62	cmsRun -j /home/cms011/home_cream_006914899/CREAM006914899/glide_wuiPeJ/execute/dir_20115/crab_fjr_20.xml -p pset.py      
 Jun 18 01:30:28 CEST	---	204228	418172	175	----	----	----
 Jun 18 01:31:29 CEST	24285	695596	975456	175	22	123	cmsRun -j /home/cms011/home_cream_006914899/CREAM006914899/glide_wuiPeJ/execute/dir_20115/crab_fjr_20.xml -p pset.py      
 Jun 18 01:33:31 CEST	24285	697528	975456	175	79	245	cmsRun -j /home/cms011/home_cream_006914899/CREAM006914899/glide_wuiPeJ/execute/dir_20115/crab_fjr_20.xml -p pset.py      
 Jun 18 01:34:32 CEST	24285	729684	1007200	175	100	305	cmsRun -j /home/cms011/home_cream_006914899/CREAM006914899/glide_wuiPeJ/execute/dir_20115/crab_fjr_20.xml -p pset.py      
 Jun 18 01:35:33 CEST	24285	733060	1016416	175	115	366	cmsRun -j /home/cms011/home_cream_006914899/CREAM006914899/glide_wuiPeJ/execute/dir_20115/crab_fjr_20.xml -p pset.py      
 Jun 18 01:37:34 CEST	24285	742824	1024772	175	181	488	cmsRun -j /home/cms011/home_cream_006914899/CREAM006914899/glide_wuiPeJ/execute/dir_20115/crab_fjr_20.xml -p pset.py      
 Jun 18 01:39:36 CEST	24285	748336	1028868	175	252	610	cmsRun -j /home/cms011/home_cream_006914899/CREAM006914899/glide_wuiPeJ/execute/dir_20115/crab_fjr_20.xml -p pset.py      
 Jun 18 01:40:38 CEST	24285	748336	1029104	175	291	672	cmsRun -j /home/cms011/home_cream_006914899/CREAM006914899/glide_wuiPeJ/execute/dir_20115/crab_fjr_20.xml -p pset.py      
 Jun 18 01:41:40 CEST	24285	1431940	1716464	175	352	734	cmsRun -j /home/cms011/home_cream_006914899/CREAM006914899/glide_wuiPeJ/execute/dir_20115/crab_fjr_20.xml -p pset.py      
 Jun 18 01:41:40 CEST	---	1431940	1716464	176	----	----	----
 Jun 18 01:42:41 CEST	---	1431940	1716464	179	----	----	----
********** WATCHDOG LOG ENDED
ZIPPING WATCHDOG LOG
Disk space used:
du -sh /home/cms011/home_cream_006914899/CREAM006914899/glide_wuiPeJ/execute/dir_20115
179M	/home/cms011/home_cream_006914899/CREAM006914899/glide_wuiPeJ/execute/dir_20115
Found unusual stdout, rename for OSB
`/home/cms011/home_cream_006914899/CREAM006914899/glide_wuiPeJ/execute/dir_20115/_condor_stdout' -> `CMSSW_20.stdout'
Found unusual stderr, rename for OSB
`/home/cms011/home_cream_006914899/CREAM006914899/glide_wuiPeJ/execute/dir_20115/_condor_stdout' -> `CMSSW_20.stderr'
crab_fjr_20.xml
CMSSW_20.stdout
CMSSW_20.stderr
Watchdog_20.log.gz
Total Output dimension: 70572
WARNING: output files size limit is set to: 50000000
Total Output dimension 70572 is fine.
JOB_EXIT_STATUS = 0
>>> info for dashboard:
***** Cat /home/cms011/home_cream_006914899/CREAM006914899/glide_wuiPeJ/execute/dir_20115/jobreport.txt *****
MonitorJobID=20_https://submit-6.t2.ucsd.edu//140616//168556.19
MonitorID=calabria_MuMinus10_Case4_ReReco_5a3f4s
ExeTime=718
ExeExitCode=0
StageOutExitStatusReason = 'Copy succedeed with srm-lcg utils'
StageOutSE = storm-se-01.ba.infn.it
StageOutExitStatus = 0
CrabUserCpuTime=299.51
CrabSysCpuTime=57.48
CrabCpuPercentage=49%
CrabWrapperTime=806
CrabStageoutTime=48
JobExitCode=0
***** End Cat jobreport *****
Parameters sent to Dashboard.
EXITING at Wed Jun 18 01:42:47 CEST 2014  -  Tue Jun 17 23:42:47 UTC 2014
