This script was generated by crab (version 2.10.5_patch1).
Running /home/cms037/home_cream_487948402/CREAM487948402/glide_3MDTon/execute/dir_11461/condor_exec.exe with 2 positional parameters: 8 1
Today is Tue Jun 17 23:44:48 CEST 2014 - Tue Jun 17 21:44:48 UTC 2014
Job submitted on host alicegrid50.ba.infn.it
Linux alicegrid50.ba.infn.it 2.6.32-358.23.2.el6.x86_64 #1 SMP Thu Oct 17 10:27:22 CEST 2013 x86_64 x86_64 x86_64 GNU/Linux
>>> current directory (RUNTIME_AREA): /home/cms037/home_cream_487948402/CREAM487948402/glide_3MDTon/execute/dir_11461
>>> current user: uid=18594(cms037) gid=1399(cms) groups=1399(cms)
>>> directory permission set to 0700
>>> umask set to:  u=rwx,g=,o=
>>> stdout stderr permission set to 0704
>>> voms proxy information:
subject   : /C=IT/O=INFN/OU=Personal Certificate/L=Bari/CN=Cesare Calabria/CN=477126703/CN=1112113550
issuer    : /C=IT/O=INFN/OU=Personal Certificate/L=Bari/CN=Cesare Calabria/CN=477126703
identity  : /C=IT/O=INFN/OU=Personal Certificate/L=Bari/CN=Cesare Calabria
type      : RFC3820 compliant limited proxy
strength  : 1024
path      : /home/cms037/home_cream_487948402/CREAM487948402/glide_3MDTon/execute/dir_11461/x509up_u50707
timeleft  : 23:59:49
key usage : Digital Signature, Key Encipherment, Data Encipherment
=== VO cms extension information ===
VO        : cms
subject   : /C=IT/O=INFN/OU=Personal Certificate/L=Bari/CN=Cesare Calabria
issuer    : /DC=ch/DC=cern/OU=computers/CN=voms.cern.ch
attribute : /cms/Role=NULL/Capability=NULL
attribute : /cms/itcms/Role=NULL/Capability=NULL
timeleft  : 155:39:31
uri       : voms.cern.ch:15002

WNHostName=alicegrid50.ba.infn.it
>>> tar --no-same-permissions -xf /home/cms037/home_cream_487948402/CREAM487948402/glide_3MDTon/execute/dir_11461/default.tgz :
Successful untar
>>> Include /home/cms037/home_cream_487948402/CREAM487948402/glide_3MDTon/execute/dir_11461 in PYTHONPATH:
strip arguments
env var CRAB_UNIQUE_JOB_ID set to: calabria_MuMinus1000_Case4_ReReco_u805tn_8_1_GeQ
out_files_8
>>> list of expected files on output sandbox
output files: crab_fjr_8.xml CMSSW_8.stdout CMSSW_8.stderr Watchdog_8.log.gz
>>> GridFlavour discovery: 
GridFlavour=LCG
>>> SyncSite discovery: 
SyncSite=T2_IT_Bari
>>> SyncCE discovery: 
getting SyncCE from CE_ID
SyncCE=cream-ce-2.ba.infn.it:8443/cream-pbs-cms
>>> info for dashboard:
***** Cat /home/cms037/home_cream_487948402/CREAM487948402/glide_3MDTon/execute/dir_11461/jobreport.txt *****
WNHostName=alicegrid50.ba.infn.it
MonitorJobID=8_https://submit-4.t2.ucsd.edu//140616//222477.7
SyncGridJobId=https://submit-4.t2.ucsd.edu//140616//222477.7
MonitorID=calabria_MuMinus1000_Case4_ReReco_u805tn
GridFlavour=LCG
SyncSite=T2_IT_Bari
SyncCE=cream-ce-2.ba.infn.it:8443/cream-pbs-cms
***** End Cat jobreport *****
Parameters sent to Dashboard.
>>> setup environment
set SCRAM ARCH to slc5_amd64_gcc472
SCRAM_ARCH = slc5_amd64_gcc472
>>> setup CMS LCG environment:
set SCRAM ARCH and BUILD_ARCH to slc5_amd64_gcc472 ###
Sourcing environment... 
sourcing /cvmfs/cms.cern.ch/cmsset_default.sh
==> setup cms environment ok
>>> specific cmssw setup environment:
CMSSW_VERSION =  CMSSW_6_2_0_SLHC12
>>> current directory (SOFTWARE_DIR): /home/cms037/home_cream_487948402/CREAM487948402/glide_3MDTon/execute/dir_11461/CMSSW_6_2_0_SLHC12
PreserveSeeds: <>
IncrementSeeds:<>
>>> info for dashboard:
***** Cat /home/cms037/home_cream_487948402/CREAM487948402/glide_3MDTon/execute/dir_11461/jobreport.txt *****
MonitorJobID=8_https://submit-4.t2.ucsd.edu//140616//222477.7
MonitorID=calabria_MuMinus1000_Case4_ReReco_u805tn
***** End Cat jobreport *****
Parameters sent to Dashboard.
crabWatchdog started as process 12210
>>> moving CMSSW software directories in /home/cms037/home_cream_487948402/CREAM487948402/glide_3MDTon/execute/dir_11461/CMSSW_6_2_0_SLHC12
mv: cannot stat `/home/cms037/home_cream_487948402/CREAM487948402/glide_3MDTon/execute/dir_11461/module/': No such file or directory
>>> Include /home/cms037/home_cream_487948402/CREAM487948402/glide_3MDTon/execute/dir_11461 in PYTHONPATH:
PYTHONPATH=/home/cms037/home_cream_487948402/CREAM487948402/glide_3MDTon/execute/dir_11461/:/home/cms037/home_cream_487948402/CREAM487948402/glide_3MDTon/execute/dir_11461/CMSSW_6_2_0_SLHC12/python:/home/cms037/home_cream_487948402/CREAM487948402/glide_3MDTon/execute/dir_11461/CMSSW_6_2_0_SLHC12/lib/slc5_amd64_gcc472:/cvmfs/cms.cern.ch/slc5_amd64_gcc472/cms/cmssw/CMSSW_6_2_0_SLHC12/python:/cvmfs/cms.cern.ch/slc5_amd64_gcc472/cms/cmssw/CMSSW_6_2_0_SLHC12/lib/slc5_amd64_gcc472:/cvmfs/cms.cern.ch/slc5_amd64_gcc472/cms/coral/CORAL_2_3_21-cms36/slc5_amd64_gcc472/python:/cvmfs/cms.cern.ch/slc5_amd64_gcc472/cms/coral/CORAL_2_3_21-cms36/slc5_amd64_gcc472/lib:/cvmfs/cms.cern.ch/slc5_amd64_gcc472/external/pyqt/4.8.1-cms6/lib/python2.7/site-packages:/cvmfs/cms.cern.ch/slc5_amd64_gcc472/external/py2-scipy/0.8.0-cms8/lib/python2.7/site-packages:/cvmfs/cms.cern.ch/slc5_amd64_gcc472/external/py2-matplotlib/1.0.1-cms8/lib/python2.7/site-packages:/cvmfs/cms.cern.ch/slc5_amd64_gcc472/external/python-ldap/2.3.5-cms6/lib/python2.7/site-packages:/cvmfs/cms.cern.ch/slc5_amd64_gcc472/external/sip/4.11.2-cms6/lib/python2.7/site-packages:/cvmfs/cms.cern.ch/slc5_amd64_gcc472/external/py2-pycurl/7.19.0-cms8/lib/python2.7/site-packages:/cvmfs/cms.cern.ch/slc5_amd64_gcc472/external/py2-numpy/1.6.1-cms8/lib/python2.7/site-packages:/cvmfs/cms.cern.ch/slc5_amd64_gcc472/external/py2-lint/0.25.1-cms6/lib/python2.7/site-packages:/cvmfs/cms.cern.ch/slc5_amd64_gcc472/external/py2-ipython/0.10-cms6/lib/python2.7/site-packages:/cvmfs/cms.cern.ch/slc5_amd64_gcc472/external/py2-cx-oracle/5.1-cms7/lib/python2.7/site-packages:/cvmfs/cms.cern.ch/slc5_amd64_gcc472/external/py2-cjson/1.0.5-cms6/lib/python2.7/site-packages:/cvmfs/cms.cern.ch/slc5_amd64_gcc472/cms/das-client/1.11.7/bin:/cvmfs/cms.cern.ch/slc5_amd64_gcc472/external/elementtree/1.2.6-cms6/share/lib/python2.7/site-packages:/cvmfs/cms.cern.ch/slc5_amd64_gcc472/external/rivet/1.8.2-cms8/lib/python2.7/site-packages:/cvmfs/cms.cern.ch/slc5_amd64_gcc472/external/pyminuit2/0.0.1-cms19/lib/python2.7/site-packages:/cvmfs/cms.cern.ch/slc5_amd64_gcc472/external/py2-pygithub/1.23.0/lib/python2.7/site-packages:/cvmfs/cms.cern.ch/slc5_amd64_gcc472/external/professor/1.0.0-cms19/lib/python2.7/site-packages:/cvmfs/cms.cern.ch/slc5_amd64_gcc472/lcg/root/5.34.07-cms/lib:/cvmfs/cms.cern.ch/slc5_amd64_gcc472/cms/dbs-client/DBS_2_1_9-cms5/lib:/cvmfs/cms.cern.ch/slc5_amd64_gcc472/cms/dbs-client/DBS_2_1_9-cms5/lib/DBSAPI:/cvmfs/cms.cern.ch/slc5_amd64_gcc472/external/cvs2git/5419-cms/lib:/home/cms037/home_cream_487948402/CREAM487948402/glide_3MDTon/execute/dir_11461/
 
# LIMITS USED BY CRAB WATCHDOG:
# RSS  (KBytes)   : 2300000
# VSZ  (KBytes)   : 100000000
# DISK (MBytes)   : 19000
# CPU TIME        : 720h:0m:0s
# WALL CLOCK TIME : 21h:50m:0s
 
5854dd31cbd3cdec44c48628cc181cf0
PSETHASH = 5854dd31cbd3cdec44c48628cc181cf0
/home/cms037/home_cream_487948402/CREAM487948402/glide_3MDTon/execute/dir_11461/writeCfg.py pset.py pset.py
Importing .py file
Setting parameters
RandomNumberGeneratorService found, will attempt to change seeds
inputBlocks=/calabria_SingleMuPt1000_GEN-SIM-DIGI-RECO_CMSSW_6_2_0_SLHC12_2023Scenario_Case4/calabria-calabria_SingleMuPt1000_GEN-SIM-DIGI-RECO_CMSSW_6_2_0_SLHC12_2023Scenario_Case4-fa5ffd20b461790f8466430606d05ce8/USER#d9e7ecf4-5ddd-46e4-9d05-d9706d058ff9
inputFiles=/store/user/calabria/calabria_SingleMuPt1000_GEN-SIM-DIGI-RECO_CMSSW_6_2_0_SLHC12_2023Scenario_Case4/calabria_SingleMuPt1000_GEN-SIM-DIGI-RECO_CMSSW_6_2_0_SLHC12_2023Scenario_Case4/fa5ffd20b461790f8466430606d05ce8/out_reco_60_2_xFM.root;/store/user/calabria/calabria_SingleMuPt1000_GEN-SIM-DIGI-RECO_CMSSW_6_2_0_SLHC12_2023Scenario_Case4/calabria_SingleMuPt1000_GEN-SIM-DIGI-RECO_CMSSW_6_2_0_SLHC12_2023Scenario_Case4/fa5ffd20b461790f8466430606d05ce8/out_reco_61_2_uMM.root;/store/user/calabria/calabria_SingleMuPt1000_GEN-SIM-DIGI-RECO_CMSSW_6_2_0_SLHC12_2023Scenario_Case4/calabria_SingleMuPt1000_GEN-SIM-DIGI-RECO_CMSSW_6_2_0_SLHC12_2023Scenario_Case4/fa5ffd20b461790f8466430606d05ce8/out_reco_62_2_fOG.root;/store/user/calabria/calabria_SingleMuPt1000_GEN-SIM-DIGI-RECO_CMSSW_6_2_0_SLHC12_2023Scenario_Case4/calabria_SingleMuPt1000_GEN-SIM-DIGI-RECO_CMSSW_6_2_0_SLHC12_2023Scenario_Case4/fa5ffd20b461790f8466430606d05ce8/out_reco_63_2_hdF.root;/store/user/calabria/calabria_SingleMuPt1000_GEN-SIM-DIGI-RECO_CMSSW_6_2_0_SLHC12_2023Scenario_Case4/calabria_SingleMuPt1000_GEN-SIM-DIGI-RECO_CMSSW_6_2_0_SLHC12_2023Scenario_Case4/fa5ffd20b461790f8466430606d05ce8/out_reco_64_2_6As.root;/store/user/calabria/calabria_SingleMuPt1000_GEN-SIM-DIGI-RECO_CMSSW_6_2_0_SLHC12_2023Scenario_Case4/calabria_SingleMuPt1000_GEN-SIM-DIGI-RECO_CMSSW_6_2_0_SLHC12_2023Scenario_Case4/fa5ffd20b461790f8466430606d05ce8/out_reco_65_2_eGv.root;/store/user/calabria/calabria_SingleMuPt1000_GEN-SIM-DIGI-RECO_CMSSW_6_2_0_SLHC12_2023Scenario_Case4/calabria_SingleMuPt1000_GEN-SIM-DIGI-RECO_CMSSW_6_2_0_SLHC12_2023Scenario_Case4/fa5ffd20b461790f8466430606d05ce8/out_reco_67_2_3EI.root;/store/user/calabria/calabria_SingleMuPt1000_GEN-SIM-DIGI-RECO_CMSSW_6_2_0_SLHC12_2023Scenario_Case4/calabria_SingleMuPt1000_GEN-SIM-DIGI-RECO_CMSSW_6_2_0_SLHC12_2023Scenario_Case4/fa5ffd20b461790f8466430606d05ce8/out_reco_68_2_FA1.root;/store/user/calabria/calabria_SingleMuPt1000_GEN-SIM-DIGI-RECO_CMSSW_6_2_0_SLHC12_2023Scenario_Case4/calabria_SingleMuPt1000_GEN-SIM-DIGI-RECO_CMSSW_6_2_0_SLHC12_2023Scenario_Case4/fa5ffd20b461790f8466430606d05ce8/out_reco_69_2_Dul.root;/store/user/calabria/calabria_SingleMuPt1000_GEN-SIM-DIGI-RECO_CMSSW_6_2_0_SLHC12_2023Scenario_Case4/calabria_SingleMuPt1000_GEN-SIM-DIGI-RECO_CMSSW_6_2_0_SLHC12_2023Scenario_Case4/fa5ffd20b461790f8466430606d05ce8/out_reco_70_2_CIw.root
parentFiles=
lumisRange=
>>> Executable cmsRun
/cvmfs/cms.cern.ch/slc5_amd64_gcc472/cms/cmssw/CMSSW_6_2_0_SLHC12/bin/slc5_amd64_gcc472/cmsRun
ok executable found
>>> info for dashboard:
***** Cat /home/cms037/home_cream_487948402/CREAM487948402/glide_3MDTon/execute/dir_11461/jobreport.txt *****
MonitorJobID=8_https://submit-4.t2.ucsd.edu//140616//222477.7
MonitorID=calabria_MuMinus1000_Case4_ReReco_u805tn
ExeStart=cmsRun
***** End Cat jobreport *****
Parameters sent to Dashboard.
>>> cmsRun started at Tue Jun 17 21:45:04 UTC 2014
>>> cmsRun ended at Tue Jun 17 21:51:17 UTC 2014
>>> crab_fjr_*.xml  permission set to 0704
>>> info for dashboard:
***** Cat /home/cms037/home_cream_487948402/CREAM487948402/glide_3MDTon/execute/dir_11461/jobreport.txt *****
MonitorJobID=8_https://submit-4.t2.ucsd.edu//140616//222477.7
MonitorID=calabria_MuMinus1000_Case4_ReReco_u805tn
ExeEnd=cmsRun
***** End Cat jobreport *****
Parameters sent to Dashboard.
TIME_EXE = 373 sec
>>> cmsRun wrote 50 lines of stdout+stderr
>>> START OF printout of 50 lines from stdout+stderr
271 DQMStore::DQMStore 
HcalTopologyIdealEP::HcalTopologyIdealEP
17-Jun-2014 23:45:29 CEST  Initiating request to open file file:/lustre/cms//store/user/calabria/calabria_SingleMuPt1000_GEN-SIM-DIGI-RECO_CMSSW_6_2_0_SLHC12_2023Scenario_Case4/calabria_SingleMuPt1000_GEN-SIM-DIGI-RECO_CMSSW_6_2_0_SLHC12_2023Scenario_Case4/fa5ffd20b461790f8466430606d05ce8/out_reco_60_2_xFM.root
17-Jun-2014 23:45:31 CEST  Successfully opened file file:/lustre/cms//store/user/calabria/calabria_SingleMuPt1000_GEN-SIM-DIGI-RECO_CMSSW_6_2_0_SLHC12_2023Scenario_Case4/calabria_SingleMuPt1000_GEN-SIM-DIGI-RECO_CMSSW_6_2_0_SLHC12_2023Scenario_Case4/fa5ffd20b461790f8466430606d05ce8/out_reco_60_2_xFM.root
17-Jun-2014 23:46:09 CEST  Closed file file:/lustre/cms//store/user/calabria/calabria_SingleMuPt1000_GEN-SIM-DIGI-RECO_CMSSW_6_2_0_SLHC12_2023Scenario_Case4/calabria_SingleMuPt1000_GEN-SIM-DIGI-RECO_CMSSW_6_2_0_SLHC12_2023Scenario_Case4/fa5ffd20b461790f8466430606d05ce8/out_reco_60_2_xFM.root
17-Jun-2014 23:46:09 CEST  Initiating request to open file file:/lustre/cms//store/user/calabria/calabria_SingleMuPt1000_GEN-SIM-DIGI-RECO_CMSSW_6_2_0_SLHC12_2023Scenario_Case4/calabria_SingleMuPt1000_GEN-SIM-DIGI-RECO_CMSSW_6_2_0_SLHC12_2023Scenario_Case4/fa5ffd20b461790f8466430606d05ce8/out_reco_61_2_uMM.root
17-Jun-2014 23:46:10 CEST  Successfully opened file file:/lustre/cms//store/user/calabria/calabria_SingleMuPt1000_GEN-SIM-DIGI-RECO_CMSSW_6_2_0_SLHC12_2023Scenario_Case4/calabria_SingleMuPt1000_GEN-SIM-DIGI-RECO_CMSSW_6_2_0_SLHC12_2023Scenario_Case4/fa5ffd20b461790f8466430606d05ce8/out_reco_61_2_uMM.root
17-Jun-2014 23:46:40 CEST  Closed file file:/lustre/cms//store/user/calabria/calabria_SingleMuPt1000_GEN-SIM-DIGI-RECO_CMSSW_6_2_0_SLHC12_2023Scenario_Case4/calabria_SingleMuPt1000_GEN-SIM-DIGI-RECO_CMSSW_6_2_0_SLHC12_2023Scenario_Case4/fa5ffd20b461790f8466430606d05ce8/out_reco_61_2_uMM.root
17-Jun-2014 23:46:40 CEST  Initiating request to open file file:/lustre/cms//store/user/calabria/calabria_SingleMuPt1000_GEN-SIM-DIGI-RECO_CMSSW_6_2_0_SLHC12_2023Scenario_Case4/calabria_SingleMuPt1000_GEN-SIM-DIGI-RECO_CMSSW_6_2_0_SLHC12_2023Scenario_Case4/fa5ffd20b461790f8466430606d05ce8/out_reco_62_2_fOG.root
17-Jun-2014 23:46:40 CEST  Successfully opened file file:/lustre/cms//store/user/calabria/calabria_SingleMuPt1000_GEN-SIM-DIGI-RECO_CMSSW_6_2_0_SLHC12_2023Scenario_Case4/calabria_SingleMuPt1000_GEN-SIM-DIGI-RECO_CMSSW_6_2_0_SLHC12_2023Scenario_Case4/fa5ffd20b461790f8466430606d05ce8/out_reco_62_2_fOG.root
17-Jun-2014 23:47:11 CEST  Closed file file:/lustre/cms//store/user/calabria/calabria_SingleMuPt1000_GEN-SIM-DIGI-RECO_CMSSW_6_2_0_SLHC12_2023Scenario_Case4/calabria_SingleMuPt1000_GEN-SIM-DIGI-RECO_CMSSW_6_2_0_SLHC12_2023Scenario_Case4/fa5ffd20b461790f8466430606d05ce8/out_reco_62_2_fOG.root
17-Jun-2014 23:47:11 CEST  Initiating request to open file file:/lustre/cms//store/user/calabria/calabria_SingleMuPt1000_GEN-SIM-DIGI-RECO_CMSSW_6_2_0_SLHC12_2023Scenario_Case4/calabria_SingleMuPt1000_GEN-SIM-DIGI-RECO_CMSSW_6_2_0_SLHC12_2023Scenario_Case4/fa5ffd20b461790f8466430606d05ce8/out_reco_63_2_hdF.root
17-Jun-2014 23:47:12 CEST  Successfully opened file file:/lustre/cms//store/user/calabria/calabria_SingleMuPt1000_GEN-SIM-DIGI-RECO_CMSSW_6_2_0_SLHC12_2023Scenario_Case4/calabria_SingleMuPt1000_GEN-SIM-DIGI-RECO_CMSSW_6_2_0_SLHC12_2023Scenario_Case4/fa5ffd20b461790f8466430606d05ce8/out_reco_63_2_hdF.root
17-Jun-2014 23:47:39 CEST  Closed file file:/lustre/cms//store/user/calabria/calabria_SingleMuPt1000_GEN-SIM-DIGI-RECO_CMSSW_6_2_0_SLHC12_2023Scenario_Case4/calabria_SingleMuPt1000_GEN-SIM-DIGI-RECO_CMSSW_6_2_0_SLHC12_2023Scenario_Case4/fa5ffd20b461790f8466430606d05ce8/out_reco_63_2_hdF.root
17-Jun-2014 23:47:39 CEST  Initiating request to open file file:/lustre/cms//store/user/calabria/calabria_SingleMuPt1000_GEN-SIM-DIGI-RECO_CMSSW_6_2_0_SLHC12_2023Scenario_Case4/calabria_SingleMuPt1000_GEN-SIM-DIGI-RECO_CMSSW_6_2_0_SLHC12_2023Scenario_Case4/fa5ffd20b461790f8466430606d05ce8/out_reco_64_2_6As.root
17-Jun-2014 23:47:39 CEST  Successfully opened file file:/lustre/cms//store/user/calabria/calabria_SingleMuPt1000_GEN-SIM-DIGI-RECO_CMSSW_6_2_0_SLHC12_2023Scenario_Case4/calabria_SingleMuPt1000_GEN-SIM-DIGI-RECO_CMSSW_6_2_0_SLHC12_2023Scenario_Case4/fa5ffd20b461790f8466430606d05ce8/out_reco_64_2_6As.root
17-Jun-2014 23:48:07 CEST  Closed file file:/lustre/cms//store/user/calabria/calabria_SingleMuPt1000_GEN-SIM-DIGI-RECO_CMSSW_6_2_0_SLHC12_2023Scenario_Case4/calabria_SingleMuPt1000_GEN-SIM-DIGI-RECO_CMSSW_6_2_0_SLHC12_2023Scenario_Case4/fa5ffd20b461790f8466430606d05ce8/out_reco_64_2_6As.root
17-Jun-2014 23:48:07 CEST  Initiating request to open file file:/lustre/cms//store/user/calabria/calabria_SingleMuPt1000_GEN-SIM-DIGI-RECO_CMSSW_6_2_0_SLHC12_2023Scenario_Case4/calabria_SingleMuPt1000_GEN-SIM-DIGI-RECO_CMSSW_6_2_0_SLHC12_2023Scenario_Case4/fa5ffd20b461790f8466430606d05ce8/out_reco_65_2_eGv.root
17-Jun-2014 23:48:07 CEST  Successfully opened file file:/lustre/cms//store/user/calabria/calabria_SingleMuPt1000_GEN-SIM-DIGI-RECO_CMSSW_6_2_0_SLHC12_2023Scenario_Case4/calabria_SingleMuPt1000_GEN-SIM-DIGI-RECO_CMSSW_6_2_0_SLHC12_2023Scenario_Case4/fa5ffd20b461790f8466430606d05ce8/out_reco_65_2_eGv.root
17-Jun-2014 23:48:40 CEST  Closed file file:/lustre/cms//store/user/calabria/calabria_SingleMuPt1000_GEN-SIM-DIGI-RECO_CMSSW_6_2_0_SLHC12_2023Scenario_Case4/calabria_SingleMuPt1000_GEN-SIM-DIGI-RECO_CMSSW_6_2_0_SLHC12_2023Scenario_Case4/fa5ffd20b461790f8466430606d05ce8/out_reco_65_2_eGv.root
17-Jun-2014 23:48:40 CEST  Initiating request to open file file:/lustre/cms//store/user/calabria/calabria_SingleMuPt1000_GEN-SIM-DIGI-RECO_CMSSW_6_2_0_SLHC12_2023Scenario_Case4/calabria_SingleMuPt1000_GEN-SIM-DIGI-RECO_CMSSW_6_2_0_SLHC12_2023Scenario_Case4/fa5ffd20b461790f8466430606d05ce8/out_reco_67_2_3EI.root
17-Jun-2014 23:48:40 CEST  Successfully opened file file:/lustre/cms//store/user/calabria/calabria_SingleMuPt1000_GEN-SIM-DIGI-RECO_CMSSW_6_2_0_SLHC12_2023Scenario_Case4/calabria_SingleMuPt1000_GEN-SIM-DIGI-RECO_CMSSW_6_2_0_SLHC12_2023Scenario_Case4/fa5ffd20b461790f8466430606d05ce8/out_reco_67_2_3EI.root
17-Jun-2014 23:49:12 CEST  Closed file file:/lustre/cms//store/user/calabria/calabria_SingleMuPt1000_GEN-SIM-DIGI-RECO_CMSSW_6_2_0_SLHC12_2023Scenario_Case4/calabria_SingleMuPt1000_GEN-SIM-DIGI-RECO_CMSSW_6_2_0_SLHC12_2023Scenario_Case4/fa5ffd20b461790f8466430606d05ce8/out_reco_67_2_3EI.root
17-Jun-2014 23:49:12 CEST  Initiating request to open file file:/lustre/cms//store/user/calabria/calabria_SingleMuPt1000_GEN-SIM-DIGI-RECO_CMSSW_6_2_0_SLHC12_2023Scenario_Case4/calabria_SingleMuPt1000_GEN-SIM-DIGI-RECO_CMSSW_6_2_0_SLHC12_2023Scenario_Case4/fa5ffd20b461790f8466430606d05ce8/out_reco_68_2_FA1.root
17-Jun-2014 23:49:12 CEST  Successfully opened file file:/lustre/cms//store/user/calabria/calabria_SingleMuPt1000_GEN-SIM-DIGI-RECO_CMSSW_6_2_0_SLHC12_2023Scenario_Case4/calabria_SingleMuPt1000_GEN-SIM-DIGI-RECO_CMSSW_6_2_0_SLHC12_2023Scenario_Case4/fa5ffd20b461790f8466430606d05ce8/out_reco_68_2_FA1.root
17-Jun-2014 23:49:44 CEST  Closed file file:/lustre/cms//store/user/calabria/calabria_SingleMuPt1000_GEN-SIM-DIGI-RECO_CMSSW_6_2_0_SLHC12_2023Scenario_Case4/calabria_SingleMuPt1000_GEN-SIM-DIGI-RECO_CMSSW_6_2_0_SLHC12_2023Scenario_Case4/fa5ffd20b461790f8466430606d05ce8/out_reco_68_2_FA1.root
17-Jun-2014 23:49:44 CEST  Initiating request to open file file:/lustre/cms//store/user/calabria/calabria_SingleMuPt1000_GEN-SIM-DIGI-RECO_CMSSW_6_2_0_SLHC12_2023Scenario_Case4/calabria_SingleMuPt1000_GEN-SIM-DIGI-RECO_CMSSW_6_2_0_SLHC12_2023Scenario_Case4/fa5ffd20b461790f8466430606d05ce8/out_reco_69_2_Dul.root
17-Jun-2014 23:49:44 CEST  Successfully opened file file:/lustre/cms//store/user/calabria/calabria_SingleMuPt1000_GEN-SIM-DIGI-RECO_CMSSW_6_2_0_SLHC12_2023Scenario_Case4/calabria_SingleMuPt1000_GEN-SIM-DIGI-RECO_CMSSW_6_2_0_SLHC12_2023Scenario_Case4/fa5ffd20b461790f8466430606d05ce8/out_reco_69_2_Dul.root
17-Jun-2014 23:50:13 CEST  Closed file file:/lustre/cms//store/user/calabria/calabria_SingleMuPt1000_GEN-SIM-DIGI-RECO_CMSSW_6_2_0_SLHC12_2023Scenario_Case4/calabria_SingleMuPt1000_GEN-SIM-DIGI-RECO_CMSSW_6_2_0_SLHC12_2023Scenario_Case4/fa5ffd20b461790f8466430606d05ce8/out_reco_69_2_Dul.root
17-Jun-2014 23:50:13 CEST  Initiating request to open file file:/lustre/cms//store/user/calabria/calabria_SingleMuPt1000_GEN-SIM-DIGI-RECO_CMSSW_6_2_0_SLHC12_2023Scenario_Case4/calabria_SingleMuPt1000_GEN-SIM-DIGI-RECO_CMSSW_6_2_0_SLHC12_2023Scenario_Case4/fa5ffd20b461790f8466430606d05ce8/out_reco_70_2_CIw.root
17-Jun-2014 23:50:13 CEST  Successfully opened file file:/lustre/cms//store/user/calabria/calabria_SingleMuPt1000_GEN-SIM-DIGI-RECO_CMSSW_6_2_0_SLHC12_2023Scenario_Case4/calabria_SingleMuPt1000_GEN-SIM-DIGI-RECO_CMSSW_6_2_0_SLHC12_2023Scenario_Case4/fa5ffd20b461790f8466430606d05ce8/out_reco_70_2_CIw.root
17-Jun-2014 23:51:16 CEST  Closed file file:/lustre/cms//store/user/calabria/calabria_SingleMuPt1000_GEN-SIM-DIGI-RECO_CMSSW_6_2_0_SLHC12_2023Scenario_Case4/calabria_SingleMuPt1000_GEN-SIM-DIGI-RECO_CMSSW_6_2_0_SLHC12_2023Scenario_Case4/fa5ffd20b461790f8466430606d05ce8/out_reco_70_2_CIw.root

=============================================

MessageLogger Summary

 type     category        sev    module        subroutine        count    total
 ---- -------------------- -- ---------------- ----------------  -----    -----
    1 fileAction           -s file_close                            10       10
    2 fileAction           -s file_open                             20       20

 type    category    Examples: run/evt        run/evt          run/evt
 ---- -------------------- ---------------- ---------------- ----------------
    1 fileAction           PostProcessEvent PostProcessEvent PostEndRun
    2 fileAction           pre-events       pre-events       PostProcessEvent

Severity    # Occurrences   Total Occurrences
--------    -------------   -----------------
System                 30                  30
>>> END OF printout of 50 lines from stdout+stderr
>>> Parse FrameworkJobReport crab_fjr.xml
Result of parsing the FrameworkJobReport crab_fjr.xml: Popularity start
lumisRange : 1::::1;1::::2;1::::3;1::::4;1::::5;1::::6;1::::7;1::::8;1::::9;1::::10;
lumisParentRange : 
Basename : /store/user/calabria/calabria_SingleMuPt1000_GEN-SIM-DIGI-RECO_CMSSW_6_2_0_SLHC12_2023Scenario_Case4/calabria_SingleMuPt1000_GEN-SIM-DIGI-RECO_CMSSW_6_2_0_SLHC12_2023Scenario_Case4/fa5ffd20b461790f8466430606d05ce8/out_reco_
BasenameParent : 
parentFiles : 
inputBlocks : /calabria_SingleMuPt1000_GEN-SIM-DIGI-RECO_CMSSW_6_2_0_SLHC12_2023Scenario_Case4/calabria-calabria_SingleMuPt1000_GEN-SIM-DIGI-RECO_CMSSW_6_2_0_SLHC12_2023Scenario_Case4-fa5ffd20b461790f8466430606d05ce8/USER#d9e7ecf4-5ddd-46e4-9d05-d9706d058ff9
inputFiles : 63_2_hdF.root::1::EDM::Local::1;70_2_CIw.root::1::EDM::Local::2;64_2_6As.root::1::EDM::Local::3;69_2_Dul.root::1::EDM::Local::4;68_2_FA1.root::1::EDM::Local::5;67_2_3EI.root::1::EDM::Local::6;60_2_xFM.root::1::EDM::Local::7;61_2_uMM.root::1::EDM::Local::8;65_2_eGv.root::1::EDM::Local::9;62_2_fOG.root::1::EDM::Local::10;
Popularity stop
Extracted ExitStatus from FrameworkJobReport parsing output: 0
>>> Executable succeded  0
ExeExitCode=0
EXECUTABLE_EXIT_STATUS = 0
>>> current directory /home/cms037/home_cream_487948402/CREAM487948402/glide_3MDTon/execute/dir_11461/CMSSW_6_2_0_SLHC12
>>>  (SOFTWARE_DIR): /home/cms037/home_cream_487948402/CREAM487948402/glide_3MDTon/execute/dir_11461/CMSSW_6_2_0_SLHC12
>>> (WORKING_DIR): 
>>> current directory content:
total 11320
drwxr-xr-x 3 cms037 cms    4096 Jun 17 23:44 .SCRAM
-rw------- 1 cms037 cms 3740252 Jun 17 23:44 CMSSW.py.pkl
drwxr-xr-x 3 cms037 cms    4096 Jun 17 23:44 bin
drwxr-xr-x 3 cms037 cms    4096 Jun 17 23:44 cfipython
drwxr-xr-x 4 cms037 cms    4096 Jun 17 23:44 config
-rw------- 1 cms037 cms      17 Jun 17 23:51 cpu_timing.txt
drwxr-xr-x 2 cms037 cms    4096 Jun 17 23:44 doc
-rw------- 1 cms037 cms   10015 Jun 17 23:51 executable.out
drwxr-xr-x 2 cms037 cms    4096 Jun 17 23:44 include
drwx------ 3 cms037 cms    4096 Apr 28 18:12 lib
drwxr-xr-x 3 cms037 cms    4096 Jun 17 23:44 logs
drwxr-xr-x 3 cms037 cms    4096 Jun 17 23:44 objs
-rw------- 1 cms037 cms     104 Jun 17 23:45 pset.py
-rw------- 1 cms037 cms 3712340 Jun 17 23:45 pset.py.pkl
-rw------- 1 cms037 cms     289 Jun 17 23:44 pset.pyc
drwxr-xr-x 2 cms037 cms    4096 Jun 17 23:44 python
-rw------- 1 cms037 cms     410 Jun 17 23:51 report.log
drwx------ 6 cms037 cms    4096 Jun 17 23:44 src
drwxr-xr-x 3 cms037 cms    4096 Jun 17 23:44 test
drwxr-xr-x 3 cms037 cms    4096 Jun 17 23:44 tmp
-rw------- 1 cms037 cms 4034568 Jun 17 23:51 validationEDM.root
>>> current directory /home/cms037/home_cream_487948402/CREAM487948402/glide_3MDTon/execute/dir_11461/CMSSW_6_2_0_SLHC12
>>> (SOFTWARE_DIR): /home/cms037/home_cream_487948402/CREAM487948402/glide_3MDTon/execute/dir_11461/CMSSW_6_2_0_SLHC12
>>> (WORKING_DIR): 
>>> current directory content:
total 11320
drwxr-xr-x 3 cms037 cms    4096 Jun 17 23:44 .SCRAM
-rw------- 1 cms037 cms 3740252 Jun 17 23:44 CMSSW.py.pkl
drwxr-xr-x 3 cms037 cms    4096 Jun 17 23:44 bin
drwxr-xr-x 3 cms037 cms    4096 Jun 17 23:44 cfipython
drwxr-xr-x 4 cms037 cms    4096 Jun 17 23:44 config
-rw------- 1 cms037 cms      17 Jun 17 23:51 cpu_timing.txt
drwxr-xr-x 2 cms037 cms    4096 Jun 17 23:44 doc
-rw------- 1 cms037 cms   10015 Jun 17 23:51 executable.out
drwxr-xr-x 2 cms037 cms    4096 Jun 17 23:44 include
drwx------ 3 cms037 cms    4096 Apr 28 18:12 lib
drwxr-xr-x 3 cms037 cms    4096 Jun 17 23:44 logs
drwxr-xr-x 3 cms037 cms    4096 Jun 17 23:44 objs
-rw------- 1 cms037 cms     104 Jun 17 23:45 pset.py
-rw------- 1 cms037 cms 3712340 Jun 17 23:45 pset.py.pkl
-rw------- 1 cms037 cms     289 Jun 17 23:44 pset.pyc
drwxr-xr-x 2 cms037 cms    4096 Jun 17 23:44 python
-rw------- 1 cms037 cms     410 Jun 17 23:51 report.log
drwx------ 6 cms037 cms    4096 Jun 17 23:44 src
drwxr-xr-x 3 cms037 cms    4096 Jun 17 23:44 test
drwxr-xr-x 3 cms037 cms    4096 Jun 17 23:44 tmp
-rw------- 1 cms037 cms 4034568 Jun 17 23:51 validationEDM_8_1_GeQ.root
>>> current directory (RUNTIME_AREA):  /home/cms037/home_cream_487948402/CREAM487948402/glide_3MDTon/execute/dir_11461
SE = storm-se-01.ba.infn.it
SE_PATH = /srm/managerv2?SFN=//cms/store/user/calabria/calabria_SingleMuPt1000_GEN-SIM-DIGI-RECO_CMSSW_6_2_0_SLHC12_2023Scenario_Case4/calabria_MuMinus1000_GEN-SIM-DIGI-RECO_CMSSW_6_2_0_SLHC12_2023Scenario_VALNOPU2_Case4/5854dd31cbd3cdec44c48628cc181cf0/
LFNBaseName = /store/user/calabria/calabria_SingleMuPt1000_GEN-SIM-DIGI-RECO_CMSSW_6_2_0_SLHC12_2023Scenario_Case4/calabria_MuMinus1000_GEN-SIM-DIGI-RECO_CMSSW_6_2_0_SLHC12_2023Scenario_VALNOPU2_Case4/5854dd31cbd3cdec44c48628cc181cf0/
USER = calabria
endpoint = srm://storm-se-01.ba.infn.it:8444/srm/managerv2?SFN=//cms/store/user/calabria/calabria_SingleMuPt1000_GEN-SIM-DIGI-RECO_CMSSW_6_2_0_SLHC12_2023Scenario_Case4/calabria_MuMinus1000_GEN-SIM-DIGI-RECO_CMSSW_6_2_0_SLHC12_2023Scenario_VALNOPU2_Case4/5854dd31cbd3cdec44c48628cc181cf0/
>>> Copy output files from WN = alicegrid50.ba.infn.it to /srm/managerv2?SFN=//cms/store/user/calabria/calabria_SingleMuPt1000_GEN-SIM-DIGI-RECO_CMSSW_6_2_0_SLHC12_2023Scenario_Case4/calabria_MuMinus1000_GEN-SIM-DIGI-RECO_CMSSW_6_2_0_SLHC12_2023Scenario_VALNOPU2_Case4/5854dd31cbd3cdec44c48628cc181cf0/ :
python cmscp.py  --destination srm://storm-se-01.ba.infn.it:8444/srm/managerv2?SFN=//cms/store/user/calabria/calabria_SingleMuPt1000_GEN-SIM-DIGI-RECO_CMSSW_6_2_0_SLHC12_2023Scenario_Case4/calabria_MuMinus1000_GEN-SIM-DIGI-RECO_CMSSW_6_2_0_SLHC12_2023Scenario_VALNOPU2_Case4/5854dd31cbd3cdec44c48628cc181cf0/ --inputFileList /home/cms037/home_cream_487948402/CREAM487948402/glide_3MDTon/execute/dir_11461/CMSSW_6_2_0_SLHC12/validationEDM_8_1_GeQ.root --middleware LCG --se_name storm-se-01.ba.infn.it --for_lfn /store/user/calabria/calabria_SingleMuPt1000_GEN-SIM-DIGI-RECO_CMSSW_6_2_0_SLHC12_2023Scenario_Case4/calabria_MuMinus1000_GEN-SIM-DIGI-RECO_CMSSW_6_2_0_SLHC12_2023Scenario_VALNOPU2_Case4/5854dd31cbd3cdec44c48628cc181cf0/    
******************************************************
localSeName  =  storm-se-01.ba.infn.it
remoteSeName =  storm-se-01.ba.infn.it
******************************************************
{"/home/cms037/home_cream_487948402/CREAM487948402/glide_3MDTon/execute/dir_11461/CMSSW_6_2_0_SLHC12/validationEDM_8_1_GeQ.root": {"endpoint": "srm://storm-se-01.ba.infn.it:8444/srm/managerv2?SFN=//cms/store/user/calabria/calabria_SingleMuPt1000_GEN-SIM-DIGI-RECO_CMSSW_6_2_0_SLHC12_2023Scenario_Case4/calabria_MuMinus1000_GEN-SIM-DIGI-RECO_CMSSW_6_2_0_SLHC12_2023Scenario_VALNOPU2_Case4/5854dd31cbd3cdec44c48628cc181cf0/", "surl_for_grid": "", "reason": "Copy succedeed with srm-lcg utils", "erCode": "0", "se_name": "storm-se-01.ba.infn.it", "for_lfn": "/store/user/calabria/calabria_SingleMuPt1000_GEN-SIM-DIGI-RECO_CMSSW_6_2_0_SLHC12_2023Scenario_Case4/calabria_MuMinus1000_GEN-SIM-DIGI-RECO_CMSSW_6_2_0_SLHC12_2023Scenario_VALNOPU2_Case4/5854dd31cbd3cdec44c48628cc181cf0/"}}/home/cms037/home_cream_487948402/CREAM487948402/glide_3MDTon/execute/dir_11461
-------- cat /home/cms037/home_cream_487948402/CREAM487948402/glide_3MDTon/execute/dir_11461/cmscpReport.sh 
#!/bin/bash
echo "Report for File: /home/cms037/home_cream_487948402/CREAM487948402/glide_3MDTon/execute/dir_11461/CMSSW_6_2_0_SLHC12/validationEDM_8_1_GeQ.root"
echo "LFN: /store/user/calabria/calabria_SingleMuPt1000_GEN-SIM-DIGI-RECO_CMSSW_6_2_0_SLHC12_2023Scenario_Case4/calabria_MuMinus1000_GEN-SIM-DIGI-RECO_CMSSW_6_2_0_SLHC12_2023Scenario_VALNOPU2_Case4/5854dd31cbd3cdec44c48628cc181cf0/validationEDM_8_1_GeQ.root"
echo "StorageElement: storm-se-01.ba.infn.it"
echo "StageOutExitStatusReason = 'Copy succedeed with srm-lcg utils'" | tee -a $RUNTIME_AREA/$repo
echo "StageOutSE = storm-se-01.ba.infn.it" >> $RUNTIME_AREA/$repo

export StageOutExitStatus=0
echo "StageOutExitStatus = 0" | tee -a $RUNTIME_AREA/$repo
-------- end of /home/cms037/home_cream_487948402/CREAM487948402/glide_3MDTon/execute/dir_11461/cmscpReport.sh 
Report for File: /home/cms037/home_cream_487948402/CREAM487948402/glide_3MDTon/execute/dir_11461/CMSSW_6_2_0_SLHC12/validationEDM_8_1_GeQ.root
LFN: /store/user/calabria/calabria_SingleMuPt1000_GEN-SIM-DIGI-RECO_CMSSW_6_2_0_SLHC12_2023Scenario_Case4/calabria_MuMinus1000_GEN-SIM-DIGI-RECO_CMSSW_6_2_0_SLHC12_2023Scenario_VALNOPU2_Case4/5854dd31cbd3cdec44c48628cc181cf0/validationEDM_8_1_GeQ.root
StorageElement: storm-se-01.ba.infn.it
StageOutExitStatusReason = 'Copy succedeed with srm-lcg utils'
StageOutExitStatus = 0
>>> current dir: /home/cms037/home_cream_487948402/CREAM487948402/glide_3MDTon/execute/dir_11461
>>> current dir content:
total 28080
-rw-------  1 cms037 cms     2792 Jun 17 23:52 .SEinteraction.log
-rwx------  1 cms037 cms     6891 Jun 17 23:44 .job.ad
-rwx------  1 cms037 cms     9457 Jun 17 23:44 .machine.ad
-rw-------  1 cms037 cms      105 Jun 16 20:44 CMSSW.py
-rw-------  1 cms037 cms  3740252 Jun 16 20:44 CMSSW.py.pkl
-rwx------  1 cms037 cms    29582 Jun 17 23:44 CMSSW.sh
drwxr-xr-x 15 cms037 cms     4096 Jun 17 23:51 CMSSW_6_2_0_SLHC12
-rw-------  1 cms037 cms      220 Jun 17 23:44 CacheEnv.sh
-rw-------  1 cms037 cms     7291 Apr  4 11:04 DashboardAPI.py
-rw-------  1 cms037 cms     6815 Jun 17 23:44 DashboardAPI.pyc
drwx------  2 cms037 cms     4096 Jun 17 23:51 IMProv
-rw-------  1 cms037 cms     2748 Apr  4 11:04 Logger.py
-rw-------  1 cms037 cms     3347 Jun 17 23:44 Logger.pyc
-rw-------  1 cms037 cms    24524 Apr  4 11:04 ProcInfo.py
-rw-------  1 cms037 cms    23197 Jun 17 23:44 ProcInfo.pyc
drwx------  7 cms037 cms     4096 Jun 17 23:44 ProdCommon
drwx------  3 cms037 cms     4096 Jun 17 23:44 WMCore
-rw-------  1 cms037 cms     2535 Jun 17 23:52 Watchdog_8.log
-rwx------  1 cms037 cms        0 Jun 17 23:44 _condor_stderr
-rwx---r--  1 cms037 cms    29591 Jun 17 23:52 _condor_stdout
-rw-------  1 cms037 cms    32895 Apr  4 11:04 apmon.py
-rw-------  1 cms037 cms    28625 Jun 17 23:44 apmon.pyc
-rwx------  1 cms037 cms    54299 Jun 17 23:44 arguments.xml
-rwx------  1 cms037 cms    38515 Apr  4 11:04 cmscp.py
-rw-------  1 cms037 cms      720 Jun 17 23:52 cmscpReport.sh
-rwx------  1 cms037 cms    29582 Jun 17 23:44 condor_exec.exe
-rw-------  1 cms037 cms      968 Jun 16 20:44 crab.cfg
-rwx------  1 cms037 cms     8610 Apr  4 11:04 crabWatchdog.sh
-rwx---r--  1 cms037 cms   523369 Jun 17 23:51 crab_fjr_8.xml
-rwx------  1 cms037 cms 23959572 Jun 17 23:44 default.tgz
-rwx------  1 cms037 cms     4488 Apr  4 11:04 fillCrabFjr.py
-rw-------  1 cms037 cms     2663 Jun 17 23:44 inputsReport.txt
-rw-------  1 cms037 cms      261 Jun 17 23:52 jobreport.txt
-rw-------  1 cms037 cms    17352 Apr  4 11:04 parseCrabFjr.py
-rw-------  1 cms037 cms      331 Jun 17 23:44 report.log
-rwx--x--x  1 cms037 cms     1497 Apr  4 11:04 report.py
-rw-------  1 cms037 cms      779 Jun 17 23:52 resultCopyFile
lrwxrwxrwx  1 cms037 cms      125 Jun 17 23:51 validationEDM.root -> /home/cms037/home_cream_487948402/CREAM487948402/glide_3MDTon/execute/dir_11461/CMSSW_6_2_0_SLHC12/validationEDM_8_1_GeQ.root
-rwx------  1 cms037 cms     8387 Apr  4 11:04 writeCfg.py
-rw-------  1 cms037 cms     8010 Jun 17 23:44 x509up_u50707
>>> Modify Job Report:
CMSSW_VERSION = CMSSW_6_2_0_SLHC12
ProcessedDataset = calabria_MuMinus1000_GEN-SIM-DIGI-RECO_CMSSW_6_2_0_SLHC12_2023Scenario_VALNOPU2_Case4
/home/cms037/home_cream_487948402/CREAM487948402/glide_3MDTon/execute/dir_11461/ProdCommon/FwkJobRep/ModifyJobReport.py fjr /home/cms037/home_cream_487948402/CREAM487948402/glide_3MDTon/execute/dir_11461/crab_fjr_8.xml json /home/cms037/home_cream_487948402/CREAM487948402/glide_3MDTon/execute/dir_11461/resultCopyFile n_job 8_1_GeQ PrimaryDataset calabria_SingleMuPt1000_GEN-SIM-DIGI-RECO_CMSSW_6_2_0_SLHC12_2023Scenario_Case4  ApplicationFamily cmsRun ApplicationName cmsRun cmssw_version CMSSW_6_2_0_SLHC12 psethash 5854dd31cbd3cdec44c48628cc181cf0 UserProcessedDataset calabria-calabria_MuMinus1000_GEN-SIM-DIGI-RECO_CMSSW_6_2_0_SLHC12_2023Scenario_VALNOPU2_Case4-5854dd31cbd3cdec44c48628cc181cf0
inputDict =  {u'/home/cms037/home_cream_487948402/CREAM487948402/glide_3MDTon/execute/dir_11461/CMSSW_6_2_0_SLHC12/validationEDM_8_1_GeQ.root': {u'endpoint': u'srm://storm-se-01.ba.infn.it:8444/srm/managerv2?SFN=//cms/store/user/calabria/calabria_SingleMuPt1000_GEN-SIM-DIGI-RECO_CMSSW_6_2_0_SLHC12_2023Scenario_Case4/calabria_MuMinus1000_GEN-SIM-DIGI-RECO_CMSSW_6_2_0_SLHC12_2023Scenario_VALNOPU2_Case4/5854dd31cbd3cdec44c48628cc181cf0/', u'surl_for_grid': u'', u'reason': u'Copy succedeed with srm-lcg utils', u'erCode': u'0', u'se_name': u'storm-se-01.ba.infn.it', u'for_lfn': u'/store/user/calabria/calabria_SingleMuPt1000_GEN-SIM-DIGI-RECO_CMSSW_6_2_0_SLHC12_2023Scenario_Case4/calabria_MuMinus1000_GEN-SIM-DIGI-RECO_CMSSW_6_2_0_SLHC12_2023Scenario_VALNOPU2_Case4/5854dd31cbd3cdec44c48628cc181cf0/'}}
UserProcessedDataset =  calabria-calabria_MuMinus1000_GEN-SIM-DIGI-RECO_CMSSW_6_2_0_SLHC12_2023Scenario_VALNOPU2_Case4-5854dd31cbd3cdec44c48628cc181cf0
file_name in inputDict =  /home/cms037/home_cream_487948402/CREAM487948402/glide_3MDTon/execute/dir_11461/CMSSW_6_2_0_SLHC12/validationEDM_8_1_GeQ.root
(size) os.stat(filename)[6] =  4034568
checksum =  1096084079
    file =  validationEDM_8_1_GeQ.root
    newPfn =  srm://storm-se-01.ba.infn.it:8444/srm/managerv2?SFN=//cms/store/user/calabria/calabria_SingleMuPt1000_GEN-SIM-DIGI-RECO_CMSSW_6_2_0_SLHC12_2023Scenario_Case4/calabria_MuMinus1000_GEN-SIM-DIGI-RECO_CMSSW_6_2_0_SLHC12_2023Scenario_VALNOPU2_Case4/5854dd31cbd3cdec44c48628cc181cf0/validationEDM_8_1_GeQ.root
    newLfn =  /store/user/calabria/calabria_SingleMuPt1000_GEN-SIM-DIGI-RECO_CMSSW_6_2_0_SLHC12_2023Scenario_Case4/calabria_MuMinus1000_GEN-SIM-DIGI-RECO_CMSSW_6_2_0_SLHC12_2023Scenario_VALNOPU2_Case4/5854dd31cbd3cdec44c48628cc181cf0/validationEDM_8_1_GeQ.root
>>> crab_fjr_*.xml  permission set to 0704
CrabWrapper EXIT_FUNC entered at Tue Jun 17 23:52:13 CEST 2014   -  Tue Jun 17 21:52:13 UTC 2014
Checking output files:  
will tar file crab_fjr_8.xml in  out_files_8
WARNING: output file CMSSW_8.stdout not found!
WARNING: output file CMSSW_8.stderr not found!
WARNING: output file Watchdog_8.log.gz not found!
>>> padding time: Sleeping the wrapper for 154 seconds
STOPPING WATCHDOG. CrabWatchdog PID is 12210
********** LAST 50 LINES OF WATCHDOG LOG
# RESOURCE USAGE SUMMARY FOR PROCESS ID 12025
USER       PID %CPU %MEM    VSZ   RSS TTY      STAT START   TIME COMMAND
cms037   12025  0.1  0.0   9496  1592 ?        S    23:44   0:00 /bin/sh /home/cms037/home_cream_487948402/CREAM487948402/glide_3MDTon/execute/dir_11461/condor_exec.exe 8 1
 
# LIMITS USED BY CRAB WATCHDOG:
# RSS  (KBytes)   : 2300000
# VSZ  (KBytes)   : 100000000
# DISK (MBytes)   : 19000
# CPU TIME        : 720h:0m:0s
# WALL CLOCK TIME : 21h:50m:0s
 
# FOLLOWING PRINTOUT TRACKS MAXIMUM VALUES OF RESOURCES USE
# ONE LINE IS PRINTED EACH TIME A MAXIMUM CHANGES
# IF CHANGE WAS IN RSS OR VSZ ALSO PROCID AND COMMAND ARE PRINTED
# THERE IS NO PRINTOUT FOR CPU/WALL TIME INCREASE
 
# TIME			PID	RSS(KB)	VSZ(KB)	Dsk(MB)	tCPU(s)	tWALL(s)	COMMAND
 Jun 17 23:44:53 CEST	11461	8416	93604	0	0	0	condor_starter -f submit-4.t2.ucsd.edu        
 Jun 17 23:44:53 CEST	12222	31184	96756	0	0	0	edmConfigHash pset.py         
 Jun 17 23:44:53 CEST	32232	31184	106092	0	0	1	sh -c "./glidein_startup.sh" -v std -name v1_3 -entry CMS_T2_IT_Bari_ce2 -clientname UCSD-v1_0.main
 Jun 17 23:44:53 CEST	32238	31184	106492	0	0	1	/bin/bash ./glidein_startup.sh -v std -name v1_3 -entry CMS_T2_IT_Bari_ce2 -clientname UCSD-v1_0.main -schedd
 Jun 17 23:44:53 CEST	---	31184	106492	171	----	----	----
 Jun 17 23:45:54 CEST	12532	763112	987948	171	29	62	cmsRun -j /home/cms037/home_cream_487948402/CREAM487948402/glide_3MDTon/execute/dir_11461/crab_fjr_8.xml -p pset.py      
 Jun 17 23:45:54 CEST	---	763112	987948	175	----	----	----
 Jun 17 23:46:56 CEST	12532	763112	1010476	175	77	123	cmsRun -j /home/cms037/home_cream_487948402/CREAM487948402/glide_3MDTon/execute/dir_11461/crab_fjr_8.xml -p pset.py      
 Jun 17 23:47:57 CEST	12532	763112	1018412	175	127	185	cmsRun -j /home/cms037/home_cream_487948402/CREAM487948402/glide_3MDTon/execute/dir_11461/crab_fjr_8.xml -p pset.py      
 Jun 17 23:48:59 CEST	12532	763112	1024624	175	175	247	cmsRun -j /home/cms037/home_cream_487948402/CREAM487948402/glide_3MDTon/execute/dir_11461/crab_fjr_8.xml -p pset.py      
 Jun 17 23:50:02 CEST	12532	763112	1035376	175	223	309	cmsRun -j /home/cms037/home_cream_487948402/CREAM487948402/glide_3MDTon/execute/dir_11461/crab_fjr_8.xml -p pset.py      
 Jun 17 23:51:03 CEST	12532	1292956	1710704	175	279	371	cmsRun -j /home/cms037/home_cream_487948402/CREAM487948402/glide_3MDTon/execute/dir_11461/crab_fjr_8.xml -p pset.py      
 Jun 17 23:51:03 CEST	---	1292956	1710704	176	----	----	----
 Jun 17 23:52:07 CEST	---	1292956	1710704	179	----	----	----
********** WATCHDOG LOG ENDED
ZIPPING WATCHDOG LOG
Disk space used:
du -sh /home/cms037/home_cream_487948402/CREAM487948402/glide_3MDTon/execute/dir_11461
179M	/home/cms037/home_cream_487948402/CREAM487948402/glide_3MDTon/execute/dir_11461
Found unusual stdout, rename for OSB
`/home/cms037/home_cream_487948402/CREAM487948402/glide_3MDTon/execute/dir_11461/_condor_stdout' -> `CMSSW_8.stdout'
Found unusual stderr, rename for OSB
`/home/cms037/home_cream_487948402/CREAM487948402/glide_3MDTon/execute/dir_11461/_condor_stdout' -> `CMSSW_8.stderr'
crab_fjr_8.xml
CMSSW_8.stdout
CMSSW_8.stderr
Watchdog_8.log.gz
Total Output dimension: 69966
WARNING: output files size limit is set to: 50000000
Total Output dimension 69966 is fine.
JOB_EXIT_STATUS = 0
>>> info for dashboard:
***** Cat /home/cms037/home_cream_487948402/CREAM487948402/glide_3MDTon/execute/dir_11461/jobreport.txt *****
MonitorJobID=8_https://submit-4.t2.ucsd.edu//140616//222477.7
MonitorID=calabria_MuMinus1000_Case4_ReReco_u805tn
ExeTime=373
ExeExitCode=0
StageOutExitStatusReason = 'Copy succedeed with srm-lcg utils'
StageOutSE = storm-se-01.ba.infn.it
StageOutExitStatus = 0
CrabUserCpuTime=262.69
CrabSysCpuTime=26.86
CrabCpuPercentage=77%
CrabWrapperTime=600
CrabStageoutTime=49
JobExitCode=0
***** End Cat jobreport *****
Parameters sent to Dashboard.
EXITING at Tue Jun 17 23:54:52 CEST 2014  -  Tue Jun 17 21:54:52 UTC 2014
