This script was generated by crab (version 2.10.5_patch1).
Running /home/cms040/home_cream_682359883/CREAM682359883/glide_iF6QwV/execute/dir_9431/condor_exec.exe with 2 positional parameters: 17 1
Today is Tue Jun 17 23:46:02 CEST 2014 - Tue Jun 17 21:46:02 UTC 2014
Job submitted on host alicegrid98.ba.infn.it
Linux alicegrid98.ba.infn.it 2.6.32-358.23.2.el6.x86_64 #1 SMP Thu Oct 17 10:27:22 CEST 2013 x86_64 x86_64 x86_64 GNU/Linux
>>> current directory (RUNTIME_AREA): /home/cms040/home_cream_682359883/CREAM682359883/glide_iF6QwV/execute/dir_9431
>>> current user: uid=18598(cms040) gid=1399(cms) groups=1399(cms)
>>> directory permission set to 0700
>>> umask set to:  u=rwx,g=,o=
>>> stdout stderr permission set to 0704
>>> voms proxy information:
subject   : /C=IT/O=INFN/OU=Personal Certificate/L=Bari/CN=Cesare Calabria/CN=477126703/CN=1516319323
issuer    : /C=IT/O=INFN/OU=Personal Certificate/L=Bari/CN=Cesare Calabria/CN=477126703
identity  : /C=IT/O=INFN/OU=Personal Certificate/L=Bari/CN=Cesare Calabria
type      : RFC3820 compliant limited proxy
strength  : 1024
path      : /home/cms040/home_cream_682359883/CREAM682359883/glide_iF6QwV/execute/dir_9431/x509up_u50707
timeleft  : 23:58:46
key usage : Digital Signature, Key Encipherment, Data Encipherment
=== VO cms extension information ===
VO        : cms
subject   : /C=IT/O=INFN/OU=Personal Certificate/L=Bari/CN=Cesare Calabria
issuer    : /DC=ch/DC=cern/OU=computers/CN=voms.cern.ch
attribute : /cms/Role=NULL/Capability=NULL
attribute : /cms/itcms/Role=NULL/Capability=NULL
timeleft  : 155:38:17
uri       : voms.cern.ch:15002

WNHostName=alicegrid98.ba.infn.it
>>> tar --no-same-permissions -xf /home/cms040/home_cream_682359883/CREAM682359883/glide_iF6QwV/execute/dir_9431/default.tgz :
Successful untar
>>> Include /home/cms040/home_cream_682359883/CREAM682359883/glide_iF6QwV/execute/dir_9431 in PYTHONPATH:
strip arguments
env var CRAB_UNIQUE_JOB_ID set to: calabria_MuMinus1000_Case4_ReReco_u805tn_17_1_3jm
out_files_17
>>> list of expected files on output sandbox
output files: crab_fjr_17.xml CMSSW_17.stdout CMSSW_17.stderr Watchdog_17.log.gz
>>> GridFlavour discovery: 
GridFlavour=LCG
>>> SyncSite discovery: 
SyncSite=T2_IT_Bari
>>> SyncCE discovery: 
getting SyncCE from CE_ID
SyncCE=cream-ce-2.ba.infn.it:8443/cream-pbs-cms
>>> info for dashboard:
***** Cat /home/cms040/home_cream_682359883/CREAM682359883/glide_iF6QwV/execute/dir_9431/jobreport.txt *****
WNHostName=alicegrid98.ba.infn.it
MonitorJobID=17_https://submit-4.t2.ucsd.edu//140616//222477.16
SyncGridJobId=https://submit-4.t2.ucsd.edu//140616//222477.16
MonitorID=calabria_MuMinus1000_Case4_ReReco_u805tn
GridFlavour=LCG
SyncSite=T2_IT_Bari
SyncCE=cream-ce-2.ba.infn.it:8443/cream-pbs-cms
***** End Cat jobreport *****
Parameters sent to Dashboard.
>>> setup environment
set SCRAM ARCH to slc5_amd64_gcc472
SCRAM_ARCH = slc5_amd64_gcc472
>>> setup CMS LCG environment:
set SCRAM ARCH and BUILD_ARCH to slc5_amd64_gcc472 ###
Sourcing environment... 
sourcing /cvmfs/cms.cern.ch/cmsset_default.sh
==> setup cms environment ok
>>> specific cmssw setup environment:
CMSSW_VERSION =  CMSSW_6_2_0_SLHC12
>>> current directory (SOFTWARE_DIR): /home/cms040/home_cream_682359883/CREAM682359883/glide_iF6QwV/execute/dir_9431/CMSSW_6_2_0_SLHC12
PreserveSeeds: <>
IncrementSeeds:<>
>>> info for dashboard:
***** Cat /home/cms040/home_cream_682359883/CREAM682359883/glide_iF6QwV/execute/dir_9431/jobreport.txt *****
MonitorJobID=17_https://submit-4.t2.ucsd.edu//140616//222477.16
MonitorID=calabria_MuMinus1000_Case4_ReReco_u805tn
***** End Cat jobreport *****
Parameters sent to Dashboard.
crabWatchdog started as process 9928
>>> moving CMSSW software directories in /home/cms040/home_cream_682359883/CREAM682359883/glide_iF6QwV/execute/dir_9431/CMSSW_6_2_0_SLHC12
mv: cannot stat `/home/cms040/home_cream_682359883/CREAM682359883/glide_iF6QwV/execute/dir_9431/module/': No such file or directory
>>> Include /home/cms040/home_cream_682359883/CREAM682359883/glide_iF6QwV/execute/dir_9431 in PYTHONPATH:
PYTHONPATH=/home/cms040/home_cream_682359883/CREAM682359883/glide_iF6QwV/execute/dir_9431/:/home/cms040/home_cream_682359883/CREAM682359883/glide_iF6QwV/execute/dir_9431/CMSSW_6_2_0_SLHC12/python:/home/cms040/home_cream_682359883/CREAM682359883/glide_iF6QwV/execute/dir_9431/CMSSW_6_2_0_SLHC12/lib/slc5_amd64_gcc472:/cvmfs/cms.cern.ch/slc5_amd64_gcc472/cms/cmssw/CMSSW_6_2_0_SLHC12/python:/cvmfs/cms.cern.ch/slc5_amd64_gcc472/cms/cmssw/CMSSW_6_2_0_SLHC12/lib/slc5_amd64_gcc472:/cvmfs/cms.cern.ch/slc5_amd64_gcc472/cms/coral/CORAL_2_3_21-cms36/slc5_amd64_gcc472/python:/cvmfs/cms.cern.ch/slc5_amd64_gcc472/cms/coral/CORAL_2_3_21-cms36/slc5_amd64_gcc472/lib:/cvmfs/cms.cern.ch/slc5_amd64_gcc472/external/pyqt/4.8.1-cms6/lib/python2.7/site-packages:/cvmfs/cms.cern.ch/slc5_amd64_gcc472/external/py2-scipy/0.8.0-cms8/lib/python2.7/site-packages:/cvmfs/cms.cern.ch/slc5_amd64_gcc472/external/py2-matplotlib/1.0.1-cms8/lib/python2.7/site-packages:/cvmfs/cms.cern.ch/slc5_amd64_gcc472/external/python-ldap/2.3.5-cms6/lib/python2.7/site-packages:/cvmfs/cms.cern.ch/slc5_amd64_gcc472/external/sip/4.11.2-cms6/lib/python2.7/site-packages:/cvmfs/cms.cern.ch/slc5_amd64_gcc472/external/py2-pycurl/7.19.0-cms8/lib/python2.7/site-packages:/cvmfs/cms.cern.ch/slc5_amd64_gcc472/external/py2-numpy/1.6.1-cms8/lib/python2.7/site-packages:/cvmfs/cms.cern.ch/slc5_amd64_gcc472/external/py2-lint/0.25.1-cms6/lib/python2.7/site-packages:/cvmfs/cms.cern.ch/slc5_amd64_gcc472/external/py2-ipython/0.10-cms6/lib/python2.7/site-packages:/cvmfs/cms.cern.ch/slc5_amd64_gcc472/external/py2-cx-oracle/5.1-cms7/lib/python2.7/site-packages:/cvmfs/cms.cern.ch/slc5_amd64_gcc472/external/py2-cjson/1.0.5-cms6/lib/python2.7/site-packages:/cvmfs/cms.cern.ch/slc5_amd64_gcc472/cms/das-client/1.11.7/bin:/cvmfs/cms.cern.ch/slc5_amd64_gcc472/external/elementtree/1.2.6-cms6/share/lib/python2.7/site-packages:/cvmfs/cms.cern.ch/slc5_amd64_gcc472/external/rivet/1.8.2-cms8/lib/python2.7/site-packages:/cvmfs/cms.cern.ch/slc5_amd64_gcc472/external/pyminuit2/0.0.1-cms19/lib/python2.7/site-packages:/cvmfs/cms.cern.ch/slc5_amd64_gcc472/external/py2-pygithub/1.23.0/lib/python2.7/site-packages:/cvmfs/cms.cern.ch/slc5_amd64_gcc472/external/professor/1.0.0-cms19/lib/python2.7/site-packages:/cvmfs/cms.cern.ch/slc5_amd64_gcc472/lcg/root/5.34.07-cms/lib:/cvmfs/cms.cern.ch/slc5_amd64_gcc472/cms/dbs-client/DBS_2_1_9-cms5/lib:/cvmfs/cms.cern.ch/slc5_amd64_gcc472/cms/dbs-client/DBS_2_1_9-cms5/lib/DBSAPI:/cvmfs/cms.cern.ch/slc5_amd64_gcc472/external/cvs2git/5419-cms/lib:/home/cms040/home_cream_682359883/CREAM682359883/glide_iF6QwV/execute/dir_9431/
 
# LIMITS USED BY CRAB WATCHDOG:
# RSS  (KBytes)   : 2300000
# VSZ  (KBytes)   : 100000000
# DISK (MBytes)   : 19000
# CPU TIME        : 720h:0m:0s
# WALL CLOCK TIME : 21h:50m:0s
 
5854dd31cbd3cdec44c48628cc181cf0
PSETHASH = 5854dd31cbd3cdec44c48628cc181cf0
/home/cms040/home_cream_682359883/CREAM682359883/glide_iF6QwV/execute/dir_9431/writeCfg.py pset.py pset.py
Importing .py file
Setting parameters
RandomNumberGeneratorService found, will attempt to change seeds
inputBlocks=/calabria_SingleMuPt1000_GEN-SIM-DIGI-RECO_CMSSW_6_2_0_SLHC12_2023Scenario_Case4/calabria-calabria_SingleMuPt1000_GEN-SIM-DIGI-RECO_CMSSW_6_2_0_SLHC12_2023Scenario_Case4-fa5ffd20b461790f8466430606d05ce8/USER#d9e7ecf4-5ddd-46e4-9d05-d9706d058ff9
inputFiles=/store/user/calabria/calabria_SingleMuPt1000_GEN-SIM-DIGI-RECO_CMSSW_6_2_0_SLHC12_2023Scenario_Case4/calabria_SingleMuPt1000_GEN-SIM-DIGI-RECO_CMSSW_6_2_0_SLHC12_2023Scenario_Case4/fa5ffd20b461790f8466430606d05ce8/out_reco_177_2_RAP.root;/store/user/calabria/calabria_SingleMuPt1000_GEN-SIM-DIGI-RECO_CMSSW_6_2_0_SLHC12_2023Scenario_Case4/calabria_SingleMuPt1000_GEN-SIM-DIGI-RECO_CMSSW_6_2_0_SLHC12_2023Scenario_Case4/fa5ffd20b461790f8466430606d05ce8/out_reco_178_2_apr.root;/store/user/calabria/calabria_SingleMuPt1000_GEN-SIM-DIGI-RECO_CMSSW_6_2_0_SLHC12_2023Scenario_Case4/calabria_SingleMuPt1000_GEN-SIM-DIGI-RECO_CMSSW_6_2_0_SLHC12_2023Scenario_Case4/fa5ffd20b461790f8466430606d05ce8/out_reco_179_2_usn.root;/store/user/calabria/calabria_SingleMuPt1000_GEN-SIM-DIGI-RECO_CMSSW_6_2_0_SLHC12_2023Scenario_Case4/calabria_SingleMuPt1000_GEN-SIM-DIGI-RECO_CMSSW_6_2_0_SLHC12_2023Scenario_Case4/fa5ffd20b461790f8466430606d05ce8/out_reco_181_2_ruf.root;/store/user/calabria/calabria_SingleMuPt1000_GEN-SIM-DIGI-RECO_CMSSW_6_2_0_SLHC12_2023Scenario_Case4/calabria_SingleMuPt1000_GEN-SIM-DIGI-RECO_CMSSW_6_2_0_SLHC12_2023Scenario_Case4/fa5ffd20b461790f8466430606d05ce8/out_reco_182_2_K8B.root;/store/user/calabria/calabria_SingleMuPt1000_GEN-SIM-DIGI-RECO_CMSSW_6_2_0_SLHC12_2023Scenario_Case4/calabria_SingleMuPt1000_GEN-SIM-DIGI-RECO_CMSSW_6_2_0_SLHC12_2023Scenario_Case4/fa5ffd20b461790f8466430606d05ce8/out_reco_183_2_XYb.root;/store/user/calabria/calabria_SingleMuPt1000_GEN-SIM-DIGI-RECO_CMSSW_6_2_0_SLHC12_2023Scenario_Case4/calabria_SingleMuPt1000_GEN-SIM-DIGI-RECO_CMSSW_6_2_0_SLHC12_2023Scenario_Case4/fa5ffd20b461790f8466430606d05ce8/out_reco_184_2_iRk.root;/store/user/calabria/calabria_SingleMuPt1000_GEN-SIM-DIGI-RECO_CMSSW_6_2_0_SLHC12_2023Scenario_Case4/calabria_SingleMuPt1000_GEN-SIM-DIGI-RECO_CMSSW_6_2_0_SLHC12_2023Scenario_Case4/fa5ffd20b461790f8466430606d05ce8/out_reco_185_2_kXP.root;/store/user/calabria/calabria_SingleMuPt1000_GEN-SIM-DIGI-RECO_CMSSW_6_2_0_SLHC12_2023Scenario_Case4/calabria_SingleMuPt1000_GEN-SIM-DIGI-RECO_CMSSW_6_2_0_SLHC12_2023Scenario_Case4/fa5ffd20b461790f8466430606d05ce8/out_reco_186_2_JBx.root;/store/user/calabria/calabria_SingleMuPt1000_GEN-SIM-DIGI-RECO_CMSSW_6_2_0_SLHC12_2023Scenario_Case4/calabria_SingleMuPt1000_GEN-SIM-DIGI-RECO_CMSSW_6_2_0_SLHC12_2023Scenario_Case4/fa5ffd20b461790f8466430606d05ce8/out_reco_187_2_fhM.root
parentFiles=
lumisRange=
>>> Executable cmsRun
/cvmfs/cms.cern.ch/slc5_amd64_gcc472/cms/cmssw/CMSSW_6_2_0_SLHC12/bin/slc5_amd64_gcc472/cmsRun
ok executable found
>>> info for dashboard:
***** Cat /home/cms040/home_cream_682359883/CREAM682359883/glide_iF6QwV/execute/dir_9431/jobreport.txt *****
MonitorJobID=17_https://submit-4.t2.ucsd.edu//140616//222477.16
MonitorID=calabria_MuMinus1000_Case4_ReReco_u805tn
ExeStart=cmsRun
***** End Cat jobreport *****
Parameters sent to Dashboard.
>>> cmsRun started at Tue Jun 17 21:46:29 UTC 2014
>>> cmsRun ended at Tue Jun 17 21:56:15 UTC 2014
>>> crab_fjr_*.xml  permission set to 0704
>>> info for dashboard:
***** Cat /home/cms040/home_cream_682359883/CREAM682359883/glide_iF6QwV/execute/dir_9431/jobreport.txt *****
MonitorJobID=17_https://submit-4.t2.ucsd.edu//140616//222477.16
MonitorID=calabria_MuMinus1000_Case4_ReReco_u805tn
ExeEnd=cmsRun
***** End Cat jobreport *****
Parameters sent to Dashboard.
TIME_EXE = 586 sec
>>> cmsRun wrote 50 lines of stdout+stderr
>>> START OF printout of 50 lines from stdout+stderr
271 DQMStore::DQMStore 
HcalTopologyIdealEP::HcalTopologyIdealEP
17-Jun-2014 23:46:48 CEST  Initiating request to open file file:/lustre/cms//store/user/calabria/calabria_SingleMuPt1000_GEN-SIM-DIGI-RECO_CMSSW_6_2_0_SLHC12_2023Scenario_Case4/calabria_SingleMuPt1000_GEN-SIM-DIGI-RECO_CMSSW_6_2_0_SLHC12_2023Scenario_Case4/fa5ffd20b461790f8466430606d05ce8/out_reco_177_2_RAP.root
17-Jun-2014 23:46:51 CEST  Successfully opened file file:/lustre/cms//store/user/calabria/calabria_SingleMuPt1000_GEN-SIM-DIGI-RECO_CMSSW_6_2_0_SLHC12_2023Scenario_Case4/calabria_SingleMuPt1000_GEN-SIM-DIGI-RECO_CMSSW_6_2_0_SLHC12_2023Scenario_Case4/fa5ffd20b461790f8466430606d05ce8/out_reco_177_2_RAP.root
17-Jun-2014 23:47:48 CEST  Closed file file:/lustre/cms//store/user/calabria/calabria_SingleMuPt1000_GEN-SIM-DIGI-RECO_CMSSW_6_2_0_SLHC12_2023Scenario_Case4/calabria_SingleMuPt1000_GEN-SIM-DIGI-RECO_CMSSW_6_2_0_SLHC12_2023Scenario_Case4/fa5ffd20b461790f8466430606d05ce8/out_reco_177_2_RAP.root
17-Jun-2014 23:47:48 CEST  Initiating request to open file file:/lustre/cms//store/user/calabria/calabria_SingleMuPt1000_GEN-SIM-DIGI-RECO_CMSSW_6_2_0_SLHC12_2023Scenario_Case4/calabria_SingleMuPt1000_GEN-SIM-DIGI-RECO_CMSSW_6_2_0_SLHC12_2023Scenario_Case4/fa5ffd20b461790f8466430606d05ce8/out_reco_178_2_apr.root
17-Jun-2014 23:47:48 CEST  Successfully opened file file:/lustre/cms//store/user/calabria/calabria_SingleMuPt1000_GEN-SIM-DIGI-RECO_CMSSW_6_2_0_SLHC12_2023Scenario_Case4/calabria_SingleMuPt1000_GEN-SIM-DIGI-RECO_CMSSW_6_2_0_SLHC12_2023Scenario_Case4/fa5ffd20b461790f8466430606d05ce8/out_reco_178_2_apr.root
17-Jun-2014 23:48:49 CEST  Closed file file:/lustre/cms//store/user/calabria/calabria_SingleMuPt1000_GEN-SIM-DIGI-RECO_CMSSW_6_2_0_SLHC12_2023Scenario_Case4/calabria_SingleMuPt1000_GEN-SIM-DIGI-RECO_CMSSW_6_2_0_SLHC12_2023Scenario_Case4/fa5ffd20b461790f8466430606d05ce8/out_reco_178_2_apr.root
17-Jun-2014 23:48:49 CEST  Initiating request to open file file:/lustre/cms//store/user/calabria/calabria_SingleMuPt1000_GEN-SIM-DIGI-RECO_CMSSW_6_2_0_SLHC12_2023Scenario_Case4/calabria_SingleMuPt1000_GEN-SIM-DIGI-RECO_CMSSW_6_2_0_SLHC12_2023Scenario_Case4/fa5ffd20b461790f8466430606d05ce8/out_reco_179_2_usn.root
17-Jun-2014 23:48:49 CEST  Successfully opened file file:/lustre/cms//store/user/calabria/calabria_SingleMuPt1000_GEN-SIM-DIGI-RECO_CMSSW_6_2_0_SLHC12_2023Scenario_Case4/calabria_SingleMuPt1000_GEN-SIM-DIGI-RECO_CMSSW_6_2_0_SLHC12_2023Scenario_Case4/fa5ffd20b461790f8466430606d05ce8/out_reco_179_2_usn.root
17-Jun-2014 23:49:29 CEST  Closed file file:/lustre/cms//store/user/calabria/calabria_SingleMuPt1000_GEN-SIM-DIGI-RECO_CMSSW_6_2_0_SLHC12_2023Scenario_Case4/calabria_SingleMuPt1000_GEN-SIM-DIGI-RECO_CMSSW_6_2_0_SLHC12_2023Scenario_Case4/fa5ffd20b461790f8466430606d05ce8/out_reco_179_2_usn.root
17-Jun-2014 23:49:29 CEST  Initiating request to open file file:/lustre/cms//store/user/calabria/calabria_SingleMuPt1000_GEN-SIM-DIGI-RECO_CMSSW_6_2_0_SLHC12_2023Scenario_Case4/calabria_SingleMuPt1000_GEN-SIM-DIGI-RECO_CMSSW_6_2_0_SLHC12_2023Scenario_Case4/fa5ffd20b461790f8466430606d05ce8/out_reco_181_2_ruf.root
17-Jun-2014 23:49:29 CEST  Successfully opened file file:/lustre/cms//store/user/calabria/calabria_SingleMuPt1000_GEN-SIM-DIGI-RECO_CMSSW_6_2_0_SLHC12_2023Scenario_Case4/calabria_SingleMuPt1000_GEN-SIM-DIGI-RECO_CMSSW_6_2_0_SLHC12_2023Scenario_Case4/fa5ffd20b461790f8466430606d05ce8/out_reco_181_2_ruf.root
17-Jun-2014 23:50:56 CEST  Closed file file:/lustre/cms//store/user/calabria/calabria_SingleMuPt1000_GEN-SIM-DIGI-RECO_CMSSW_6_2_0_SLHC12_2023Scenario_Case4/calabria_SingleMuPt1000_GEN-SIM-DIGI-RECO_CMSSW_6_2_0_SLHC12_2023Scenario_Case4/fa5ffd20b461790f8466430606d05ce8/out_reco_181_2_ruf.root
17-Jun-2014 23:50:56 CEST  Initiating request to open file file:/lustre/cms//store/user/calabria/calabria_SingleMuPt1000_GEN-SIM-DIGI-RECO_CMSSW_6_2_0_SLHC12_2023Scenario_Case4/calabria_SingleMuPt1000_GEN-SIM-DIGI-RECO_CMSSW_6_2_0_SLHC12_2023Scenario_Case4/fa5ffd20b461790f8466430606d05ce8/out_reco_182_2_K8B.root
17-Jun-2014 23:50:56 CEST  Successfully opened file file:/lustre/cms//store/user/calabria/calabria_SingleMuPt1000_GEN-SIM-DIGI-RECO_CMSSW_6_2_0_SLHC12_2023Scenario_Case4/calabria_SingleMuPt1000_GEN-SIM-DIGI-RECO_CMSSW_6_2_0_SLHC12_2023Scenario_Case4/fa5ffd20b461790f8466430606d05ce8/out_reco_182_2_K8B.root
17-Jun-2014 23:51:37 CEST  Closed file file:/lustre/cms//store/user/calabria/calabria_SingleMuPt1000_GEN-SIM-DIGI-RECO_CMSSW_6_2_0_SLHC12_2023Scenario_Case4/calabria_SingleMuPt1000_GEN-SIM-DIGI-RECO_CMSSW_6_2_0_SLHC12_2023Scenario_Case4/fa5ffd20b461790f8466430606d05ce8/out_reco_182_2_K8B.root
17-Jun-2014 23:51:38 CEST  Initiating request to open file file:/lustre/cms//store/user/calabria/calabria_SingleMuPt1000_GEN-SIM-DIGI-RECO_CMSSW_6_2_0_SLHC12_2023Scenario_Case4/calabria_SingleMuPt1000_GEN-SIM-DIGI-RECO_CMSSW_6_2_0_SLHC12_2023Scenario_Case4/fa5ffd20b461790f8466430606d05ce8/out_reco_183_2_XYb.root
17-Jun-2014 23:51:38 CEST  Successfully opened file file:/lustre/cms//store/user/calabria/calabria_SingleMuPt1000_GEN-SIM-DIGI-RECO_CMSSW_6_2_0_SLHC12_2023Scenario_Case4/calabria_SingleMuPt1000_GEN-SIM-DIGI-RECO_CMSSW_6_2_0_SLHC12_2023Scenario_Case4/fa5ffd20b461790f8466430606d05ce8/out_reco_183_2_XYb.root
17-Jun-2014 23:52:22 CEST  Closed file file:/lustre/cms//store/user/calabria/calabria_SingleMuPt1000_GEN-SIM-DIGI-RECO_CMSSW_6_2_0_SLHC12_2023Scenario_Case4/calabria_SingleMuPt1000_GEN-SIM-DIGI-RECO_CMSSW_6_2_0_SLHC12_2023Scenario_Case4/fa5ffd20b461790f8466430606d05ce8/out_reco_183_2_XYb.root
17-Jun-2014 23:52:22 CEST  Initiating request to open file file:/lustre/cms//store/user/calabria/calabria_SingleMuPt1000_GEN-SIM-DIGI-RECO_CMSSW_6_2_0_SLHC12_2023Scenario_Case4/calabria_SingleMuPt1000_GEN-SIM-DIGI-RECO_CMSSW_6_2_0_SLHC12_2023Scenario_Case4/fa5ffd20b461790f8466430606d05ce8/out_reco_184_2_iRk.root
17-Jun-2014 23:52:22 CEST  Successfully opened file file:/lustre/cms//store/user/calabria/calabria_SingleMuPt1000_GEN-SIM-DIGI-RECO_CMSSW_6_2_0_SLHC12_2023Scenario_Case4/calabria_SingleMuPt1000_GEN-SIM-DIGI-RECO_CMSSW_6_2_0_SLHC12_2023Scenario_Case4/fa5ffd20b461790f8466430606d05ce8/out_reco_184_2_iRk.root
17-Jun-2014 23:52:57 CEST  Closed file file:/lustre/cms//store/user/calabria/calabria_SingleMuPt1000_GEN-SIM-DIGI-RECO_CMSSW_6_2_0_SLHC12_2023Scenario_Case4/calabria_SingleMuPt1000_GEN-SIM-DIGI-RECO_CMSSW_6_2_0_SLHC12_2023Scenario_Case4/fa5ffd20b461790f8466430606d05ce8/out_reco_184_2_iRk.root
17-Jun-2014 23:52:57 CEST  Initiating request to open file file:/lustre/cms//store/user/calabria/calabria_SingleMuPt1000_GEN-SIM-DIGI-RECO_CMSSW_6_2_0_SLHC12_2023Scenario_Case4/calabria_SingleMuPt1000_GEN-SIM-DIGI-RECO_CMSSW_6_2_0_SLHC12_2023Scenario_Case4/fa5ffd20b461790f8466430606d05ce8/out_reco_185_2_kXP.root
17-Jun-2014 23:52:57 CEST  Successfully opened file file:/lustre/cms//store/user/calabria/calabria_SingleMuPt1000_GEN-SIM-DIGI-RECO_CMSSW_6_2_0_SLHC12_2023Scenario_Case4/calabria_SingleMuPt1000_GEN-SIM-DIGI-RECO_CMSSW_6_2_0_SLHC12_2023Scenario_Case4/fa5ffd20b461790f8466430606d05ce8/out_reco_185_2_kXP.root
17-Jun-2014 23:53:30 CEST  Closed file file:/lustre/cms//store/user/calabria/calabria_SingleMuPt1000_GEN-SIM-DIGI-RECO_CMSSW_6_2_0_SLHC12_2023Scenario_Case4/calabria_SingleMuPt1000_GEN-SIM-DIGI-RECO_CMSSW_6_2_0_SLHC12_2023Scenario_Case4/fa5ffd20b461790f8466430606d05ce8/out_reco_185_2_kXP.root
17-Jun-2014 23:53:30 CEST  Initiating request to open file file:/lustre/cms//store/user/calabria/calabria_SingleMuPt1000_GEN-SIM-DIGI-RECO_CMSSW_6_2_0_SLHC12_2023Scenario_Case4/calabria_SingleMuPt1000_GEN-SIM-DIGI-RECO_CMSSW_6_2_0_SLHC12_2023Scenario_Case4/fa5ffd20b461790f8466430606d05ce8/out_reco_186_2_JBx.root
17-Jun-2014 23:53:30 CEST  Successfully opened file file:/lustre/cms//store/user/calabria/calabria_SingleMuPt1000_GEN-SIM-DIGI-RECO_CMSSW_6_2_0_SLHC12_2023Scenario_Case4/calabria_SingleMuPt1000_GEN-SIM-DIGI-RECO_CMSSW_6_2_0_SLHC12_2023Scenario_Case4/fa5ffd20b461790f8466430606d05ce8/out_reco_186_2_JBx.root
17-Jun-2014 23:54:12 CEST  Closed file file:/lustre/cms//store/user/calabria/calabria_SingleMuPt1000_GEN-SIM-DIGI-RECO_CMSSW_6_2_0_SLHC12_2023Scenario_Case4/calabria_SingleMuPt1000_GEN-SIM-DIGI-RECO_CMSSW_6_2_0_SLHC12_2023Scenario_Case4/fa5ffd20b461790f8466430606d05ce8/out_reco_186_2_JBx.root
17-Jun-2014 23:54:12 CEST  Initiating request to open file file:/lustre/cms//store/user/calabria/calabria_SingleMuPt1000_GEN-SIM-DIGI-RECO_CMSSW_6_2_0_SLHC12_2023Scenario_Case4/calabria_SingleMuPt1000_GEN-SIM-DIGI-RECO_CMSSW_6_2_0_SLHC12_2023Scenario_Case4/fa5ffd20b461790f8466430606d05ce8/out_reco_187_2_fhM.root
17-Jun-2014 23:54:12 CEST  Successfully opened file file:/lustre/cms//store/user/calabria/calabria_SingleMuPt1000_GEN-SIM-DIGI-RECO_CMSSW_6_2_0_SLHC12_2023Scenario_Case4/calabria_SingleMuPt1000_GEN-SIM-DIGI-RECO_CMSSW_6_2_0_SLHC12_2023Scenario_Case4/fa5ffd20b461790f8466430606d05ce8/out_reco_187_2_fhM.root
17-Jun-2014 23:56:14 CEST  Closed file file:/lustre/cms//store/user/calabria/calabria_SingleMuPt1000_GEN-SIM-DIGI-RECO_CMSSW_6_2_0_SLHC12_2023Scenario_Case4/calabria_SingleMuPt1000_GEN-SIM-DIGI-RECO_CMSSW_6_2_0_SLHC12_2023Scenario_Case4/fa5ffd20b461790f8466430606d05ce8/out_reco_187_2_fhM.root

=============================================

MessageLogger Summary

 type     category        sev    module        subroutine        count    total
 ---- -------------------- -- ---------------- ----------------  -----    -----
    1 fileAction           -s file_close                            10       10
    2 fileAction           -s file_open                             20       20

 type    category    Examples: run/evt        run/evt          run/evt
 ---- -------------------- ---------------- ---------------- ----------------
    1 fileAction           PostProcessEvent PostProcessEvent PostEndRun
    2 fileAction           pre-events       pre-events       PostProcessEvent

Severity    # Occurrences   Total Occurrences
--------    -------------   -----------------
System                 30                  30
>>> END OF printout of 50 lines from stdout+stderr
>>> Parse FrameworkJobReport crab_fjr.xml
Result of parsing the FrameworkJobReport crab_fjr.xml: Popularity start
lumisRange : 1::::1;1::::2;1::::3;1::::4;1::::5;1::::6;1::::7;1::::8;1::::9;1::::10;
lumisParentRange : 
Basename : /store/user/calabria/calabria_SingleMuPt1000_GEN-SIM-DIGI-RECO_CMSSW_6_2_0_SLHC12_2023Scenario_Case4/calabria_SingleMuPt1000_GEN-SIM-DIGI-RECO_CMSSW_6_2_0_SLHC12_2023Scenario_Case4/fa5ffd20b461790f8466430606d05ce8/out_reco_1
BasenameParent : 
parentFiles : 
inputBlocks : /calabria_SingleMuPt1000_GEN-SIM-DIGI-RECO_CMSSW_6_2_0_SLHC12_2023Scenario_Case4/calabria-calabria_SingleMuPt1000_GEN-SIM-DIGI-RECO_CMSSW_6_2_0_SLHC12_2023Scenario_Case4-fa5ffd20b461790f8466430606d05ce8/USER#d9e7ecf4-5ddd-46e4-9d05-d9706d058ff9
inputFiles : 82_2_K8B.root::1::EDM::Local::1;79_2_usn.root::1::EDM::Local::2;77_2_RAP.root::1::EDM::Local::3;87_2_fhM.root::1::EDM::Local::4;81_2_ruf.root::1::EDM::Local::5;78_2_apr.root::1::EDM::Local::6;84_2_iRk.root::1::EDM::Local::7;83_2_XYb.root::1::EDM::Local::8;86_2_JBx.root::1::EDM::Local::9;85_2_kXP.root::1::EDM::Local::10;
Popularity stop
Extracted ExitStatus from FrameworkJobReport parsing output: 0
>>> Executable succeded  0
ExeExitCode=0
EXECUTABLE_EXIT_STATUS = 0
>>> current directory /home/cms040/home_cream_682359883/CREAM682359883/glide_iF6QwV/execute/dir_9431/CMSSW_6_2_0_SLHC12
>>>  (SOFTWARE_DIR): /home/cms040/home_cream_682359883/CREAM682359883/glide_iF6QwV/execute/dir_9431/CMSSW_6_2_0_SLHC12
>>> (WORKING_DIR): 
>>> current directory content:
total 11332
drwxr-xr-x 3 cms040 cms    4096 Jun 17 23:46 .SCRAM
-rw------- 1 cms040 cms 3740252 Jun 17 23:46 CMSSW.py.pkl
drwxr-xr-x 3 cms040 cms    4096 Jun 17 23:46 bin
drwxr-xr-x 3 cms040 cms    4096 Jun 17 23:46 cfipython
drwxr-xr-x 4 cms040 cms    4096 Jun 17 23:46 config
-rw------- 1 cms040 cms      18 Jun 17 23:56 cpu_timing.txt
drwxr-xr-x 2 cms040 cms    4096 Jun 17 23:46 doc
-rw------- 1 cms040 cms   10045 Jun 17 23:56 executable.out
drwxr-xr-x 2 cms040 cms    4096 Jun 17 23:46 include
drwx------ 3 cms040 cms    4096 Apr 28 18:12 lib
drwxr-xr-x 3 cms040 cms    4096 Jun 17 23:46 logs
drwxr-xr-x 3 cms040 cms    4096 Jun 17 23:46 objs
-rw------- 1 cms040 cms     104 Jun 17 23:46 pset.py
-rw------- 1 cms040 cms 3712350 Jun 17 23:46 pset.py.pkl
-rw------- 1 cms040 cms     289 Jun 17 23:46 pset.pyc
drwxr-xr-x 2 cms040 cms    4096 Jun 17 23:46 python
-rw------- 1 cms040 cms     416 Jun 17 23:56 report.log
drwx------ 6 cms040 cms    4096 Jun 17 23:46 src
drwxr-xr-x 3 cms040 cms    4096 Jun 17 23:46 test
drwxr-xr-x 3 cms040 cms    4096 Jun 17 23:46 tmp
-rw------- 1 cms040 cms 4048974 Jun 17 23:56 validationEDM.root
>>> current directory /home/cms040/home_cream_682359883/CREAM682359883/glide_iF6QwV/execute/dir_9431/CMSSW_6_2_0_SLHC12
>>> (SOFTWARE_DIR): /home/cms040/home_cream_682359883/CREAM682359883/glide_iF6QwV/execute/dir_9431/CMSSW_6_2_0_SLHC12
>>> (WORKING_DIR): 
>>> current directory content:
total 11332
drwxr-xr-x 3 cms040 cms    4096 Jun 17 23:46 .SCRAM
-rw------- 1 cms040 cms 3740252 Jun 17 23:46 CMSSW.py.pkl
drwxr-xr-x 3 cms040 cms    4096 Jun 17 23:46 bin
drwxr-xr-x 3 cms040 cms    4096 Jun 17 23:46 cfipython
drwxr-xr-x 4 cms040 cms    4096 Jun 17 23:46 config
-rw------- 1 cms040 cms      18 Jun 17 23:56 cpu_timing.txt
drwxr-xr-x 2 cms040 cms    4096 Jun 17 23:46 doc
-rw------- 1 cms040 cms   10045 Jun 17 23:56 executable.out
drwxr-xr-x 2 cms040 cms    4096 Jun 17 23:46 include
drwx------ 3 cms040 cms    4096 Apr 28 18:12 lib
drwxr-xr-x 3 cms040 cms    4096 Jun 17 23:46 logs
drwxr-xr-x 3 cms040 cms    4096 Jun 17 23:46 objs
-rw------- 1 cms040 cms     104 Jun 17 23:46 pset.py
-rw------- 1 cms040 cms 3712350 Jun 17 23:46 pset.py.pkl
-rw------- 1 cms040 cms     289 Jun 17 23:46 pset.pyc
drwxr-xr-x 2 cms040 cms    4096 Jun 17 23:46 python
-rw------- 1 cms040 cms     416 Jun 17 23:56 report.log
drwx------ 6 cms040 cms    4096 Jun 17 23:46 src
drwxr-xr-x 3 cms040 cms    4096 Jun 17 23:46 test
drwxr-xr-x 3 cms040 cms    4096 Jun 17 23:46 tmp
-rw------- 1 cms040 cms 4048974 Jun 17 23:56 validationEDM_17_1_3jm.root
>>> current directory (RUNTIME_AREA):  /home/cms040/home_cream_682359883/CREAM682359883/glide_iF6QwV/execute/dir_9431
SE = storm-se-01.ba.infn.it
SE_PATH = /srm/managerv2?SFN=//cms/store/user/calabria/calabria_SingleMuPt1000_GEN-SIM-DIGI-RECO_CMSSW_6_2_0_SLHC12_2023Scenario_Case4/calabria_MuMinus1000_GEN-SIM-DIGI-RECO_CMSSW_6_2_0_SLHC12_2023Scenario_VALNOPU2_Case4/5854dd31cbd3cdec44c48628cc181cf0/
LFNBaseName = /store/user/calabria/calabria_SingleMuPt1000_GEN-SIM-DIGI-RECO_CMSSW_6_2_0_SLHC12_2023Scenario_Case4/calabria_MuMinus1000_GEN-SIM-DIGI-RECO_CMSSW_6_2_0_SLHC12_2023Scenario_VALNOPU2_Case4/5854dd31cbd3cdec44c48628cc181cf0/
USER = calabria
endpoint = srm://storm-se-01.ba.infn.it:8444/srm/managerv2?SFN=//cms/store/user/calabria/calabria_SingleMuPt1000_GEN-SIM-DIGI-RECO_CMSSW_6_2_0_SLHC12_2023Scenario_Case4/calabria_MuMinus1000_GEN-SIM-DIGI-RECO_CMSSW_6_2_0_SLHC12_2023Scenario_VALNOPU2_Case4/5854dd31cbd3cdec44c48628cc181cf0/
>>> Copy output files from WN = alicegrid98.ba.infn.it to /srm/managerv2?SFN=//cms/store/user/calabria/calabria_SingleMuPt1000_GEN-SIM-DIGI-RECO_CMSSW_6_2_0_SLHC12_2023Scenario_Case4/calabria_MuMinus1000_GEN-SIM-DIGI-RECO_CMSSW_6_2_0_SLHC12_2023Scenario_VALNOPU2_Case4/5854dd31cbd3cdec44c48628cc181cf0/ :
python cmscp.py  --destination srm://storm-se-01.ba.infn.it:8444/srm/managerv2?SFN=//cms/store/user/calabria/calabria_SingleMuPt1000_GEN-SIM-DIGI-RECO_CMSSW_6_2_0_SLHC12_2023Scenario_Case4/calabria_MuMinus1000_GEN-SIM-DIGI-RECO_CMSSW_6_2_0_SLHC12_2023Scenario_VALNOPU2_Case4/5854dd31cbd3cdec44c48628cc181cf0/ --inputFileList /home/cms040/home_cream_682359883/CREAM682359883/glide_iF6QwV/execute/dir_9431/CMSSW_6_2_0_SLHC12/validationEDM_17_1_3jm.root --middleware LCG --se_name storm-se-01.ba.infn.it --for_lfn /store/user/calabria/calabria_SingleMuPt1000_GEN-SIM-DIGI-RECO_CMSSW_6_2_0_SLHC12_2023Scenario_Case4/calabria_MuMinus1000_GEN-SIM-DIGI-RECO_CMSSW_6_2_0_SLHC12_2023Scenario_VALNOPU2_Case4/5854dd31cbd3cdec44c48628cc181cf0/    
******************************************************
localSeName  =  storm-se-01.ba.infn.it
remoteSeName =  storm-se-01.ba.infn.it
******************************************************
{"/home/cms040/home_cream_682359883/CREAM682359883/glide_iF6QwV/execute/dir_9431/CMSSW_6_2_0_SLHC12/validationEDM_17_1_3jm.root": {"endpoint": "srm://storm-se-01.ba.infn.it:8444/srm/managerv2?SFN=//cms/store/user/calabria/calabria_SingleMuPt1000_GEN-SIM-DIGI-RECO_CMSSW_6_2_0_SLHC12_2023Scenario_Case4/calabria_MuMinus1000_GEN-SIM-DIGI-RECO_CMSSW_6_2_0_SLHC12_2023Scenario_VALNOPU2_Case4/5854dd31cbd3cdec44c48628cc181cf0/", "surl_for_grid": "", "reason": "Copy succedeed with srm-lcg utils", "erCode": "0", "se_name": "storm-se-01.ba.infn.it", "for_lfn": "/store/user/calabria/calabria_SingleMuPt1000_GEN-SIM-DIGI-RECO_CMSSW_6_2_0_SLHC12_2023Scenario_Case4/calabria_MuMinus1000_GEN-SIM-DIGI-RECO_CMSSW_6_2_0_SLHC12_2023Scenario_VALNOPU2_Case4/5854dd31cbd3cdec44c48628cc181cf0/"}}/home/cms040/home_cream_682359883/CREAM682359883/glide_iF6QwV/execute/dir_9431
-------- cat /home/cms040/home_cream_682359883/CREAM682359883/glide_iF6QwV/execute/dir_9431/cmscpReport.sh 
#!/bin/bash
echo "Report for File: /home/cms040/home_cream_682359883/CREAM682359883/glide_iF6QwV/execute/dir_9431/CMSSW_6_2_0_SLHC12/validationEDM_17_1_3jm.root"
echo "LFN: /store/user/calabria/calabria_SingleMuPt1000_GEN-SIM-DIGI-RECO_CMSSW_6_2_0_SLHC12_2023Scenario_Case4/calabria_MuMinus1000_GEN-SIM-DIGI-RECO_CMSSW_6_2_0_SLHC12_2023Scenario_VALNOPU2_Case4/5854dd31cbd3cdec44c48628cc181cf0/validationEDM_17_1_3jm.root"
echo "StorageElement: storm-se-01.ba.infn.it"
echo "StageOutExitStatusReason = 'Copy succedeed with srm-lcg utils'" | tee -a $RUNTIME_AREA/$repo
echo "StageOutSE = storm-se-01.ba.infn.it" >> $RUNTIME_AREA/$repo

export StageOutExitStatus=0
echo "StageOutExitStatus = 0" | tee -a $RUNTIME_AREA/$repo
-------- end of /home/cms040/home_cream_682359883/CREAM682359883/glide_iF6QwV/execute/dir_9431/cmscpReport.sh 
Report for File: /home/cms040/home_cream_682359883/CREAM682359883/glide_iF6QwV/execute/dir_9431/CMSSW_6_2_0_SLHC12/validationEDM_17_1_3jm.root
LFN: /store/user/calabria/calabria_SingleMuPt1000_GEN-SIM-DIGI-RECO_CMSSW_6_2_0_SLHC12_2023Scenario_Case4/calabria_MuMinus1000_GEN-SIM-DIGI-RECO_CMSSW_6_2_0_SLHC12_2023Scenario_VALNOPU2_Case4/5854dd31cbd3cdec44c48628cc181cf0/validationEDM_17_1_3jm.root
StorageElement: storm-se-01.ba.infn.it
StageOutExitStatusReason = 'Copy succedeed with srm-lcg utils'
StageOutExitStatus = 0
>>> current dir: /home/cms040/home_cream_682359883/CREAM682359883/glide_iF6QwV/execute/dir_9431
>>> current dir content:
total 28080
-rw-------  1 cms040 cms     2794 Jun 17 23:57 .SEinteraction.log
-rwx------  1 cms040 cms     6837 Jun 17 23:45 .job.ad
-rwx------  1 cms040 cms     9461 Jun 17 23:45 .machine.ad
-rw-------  1 cms040 cms      105 Jun 16 20:44 CMSSW.py
-rw-------  1 cms040 cms  3740252 Jun 16 20:44 CMSSW.py.pkl
-rwx------  1 cms040 cms    29582 Jun 17 23:46 CMSSW.sh
drwxr-xr-x 15 cms040 cms     4096 Jun 17 23:56 CMSSW_6_2_0_SLHC12
-rw-------  1 cms040 cms      219 Jun 17 23:46 CacheEnv.sh
-rw-------  1 cms040 cms     7291 Apr  4 11:04 DashboardAPI.py
-rw-------  1 cms040 cms     6800 Jun 17 23:46 DashboardAPI.pyc
drwx------  2 cms040 cms     4096 Jun 17 23:56 IMProv
-rw-------  1 cms040 cms     2748 Apr  4 11:04 Logger.py
-rw-------  1 cms040 cms     3342 Jun 17 23:46 Logger.pyc
-rw-------  1 cms040 cms    24524 Apr  4 11:04 ProcInfo.py
-rw-------  1 cms040 cms    23173 Jun 17 23:46 ProcInfo.pyc
drwx------  7 cms040 cms     4096 Jun 17 23:46 ProdCommon
drwx------  3 cms040 cms     4096 Jun 17 23:46 WMCore
-rw-------  1 cms040 cms     2730 Jun 17 23:56 Watchdog_17.log
-rwx------  1 cms040 cms        0 Jun 17 23:46 _condor_stderr
-rwx---r--  1 cms040 cms    29623 Jun 17 23:57 _condor_stdout
-rw-------  1 cms040 cms    32895 Apr  4 11:04 apmon.py
-rw-------  1 cms040 cms    28596 Jun 17 23:46 apmon.pyc
-rwx------  1 cms040 cms    54299 Jun 17 23:46 arguments.xml
-rwx------  1 cms040 cms    38515 Apr  4 11:04 cmscp.py
-rw-------  1 cms040 cms      721 Jun 17 23:57 cmscpReport.sh
-rwx------  1 cms040 cms    29582 Jun 17 23:46 condor_exec.exe
-rw-------  1 cms040 cms      968 Jun 16 20:44 crab.cfg
-rwx------  1 cms040 cms     8610 Apr  4 11:04 crabWatchdog.sh
-rwx---r--  1 cms040 cms   523445 Jun 17 23:56 crab_fjr_17.xml
-rwx------  1 cms040 cms 23959572 Jun 17 23:46 default.tgz
-rwx------  1 cms040 cms     4488 Apr  4 11:04 fillCrabFjr.py
-rw-------  1 cms040 cms     2673 Jun 17 23:46 inputsReport.txt
-rw-------  1 cms040 cms      263 Jun 17 23:57 jobreport.txt
-rw-------  1 cms040 cms    17352 Apr  4 11:04 parseCrabFjr.py
-rw-------  1 cms040 cms      334 Jun 17 23:46 report.log
-rwx--x--x  1 cms040 cms     1497 Apr  4 11:04 report.py
-rw-------  1 cms040 cms      779 Jun 17 23:57 resultCopyFile
lrwxrwxrwx  1 cms040 cms      125 Jun 17 23:56 validationEDM.root -> /home/cms040/home_cream_682359883/CREAM682359883/glide_iF6QwV/execute/dir_9431/CMSSW_6_2_0_SLHC12/validationEDM_17_1_3jm.root
-rwx------  1 cms040 cms     8387 Apr  4 11:04 writeCfg.py
-rw-------  1 cms040 cms     8010 Jun 17 23:45 x509up_u50707
>>> Modify Job Report:
CMSSW_VERSION = CMSSW_6_2_0_SLHC12
ProcessedDataset = calabria_MuMinus1000_GEN-SIM-DIGI-RECO_CMSSW_6_2_0_SLHC12_2023Scenario_VALNOPU2_Case4
/home/cms040/home_cream_682359883/CREAM682359883/glide_iF6QwV/execute/dir_9431/ProdCommon/FwkJobRep/ModifyJobReport.py fjr /home/cms040/home_cream_682359883/CREAM682359883/glide_iF6QwV/execute/dir_9431/crab_fjr_17.xml json /home/cms040/home_cream_682359883/CREAM682359883/glide_iF6QwV/execute/dir_9431/resultCopyFile n_job 17_1_3jm PrimaryDataset calabria_SingleMuPt1000_GEN-SIM-DIGI-RECO_CMSSW_6_2_0_SLHC12_2023Scenario_Case4  ApplicationFamily cmsRun ApplicationName cmsRun cmssw_version CMSSW_6_2_0_SLHC12 psethash 5854dd31cbd3cdec44c48628cc181cf0 UserProcessedDataset calabria-calabria_MuMinus1000_GEN-SIM-DIGI-RECO_CMSSW_6_2_0_SLHC12_2023Scenario_VALNOPU2_Case4-5854dd31cbd3cdec44c48628cc181cf0
inputDict =  {u'/home/cms040/home_cream_682359883/CREAM682359883/glide_iF6QwV/execute/dir_9431/CMSSW_6_2_0_SLHC12/validationEDM_17_1_3jm.root': {u'endpoint': u'srm://storm-se-01.ba.infn.it:8444/srm/managerv2?SFN=//cms/store/user/calabria/calabria_SingleMuPt1000_GEN-SIM-DIGI-RECO_CMSSW_6_2_0_SLHC12_2023Scenario_Case4/calabria_MuMinus1000_GEN-SIM-DIGI-RECO_CMSSW_6_2_0_SLHC12_2023Scenario_VALNOPU2_Case4/5854dd31cbd3cdec44c48628cc181cf0/', u'surl_for_grid': u'', u'reason': u'Copy succedeed with srm-lcg utils', u'erCode': u'0', u'se_name': u'storm-se-01.ba.infn.it', u'for_lfn': u'/store/user/calabria/calabria_SingleMuPt1000_GEN-SIM-DIGI-RECO_CMSSW_6_2_0_SLHC12_2023Scenario_Case4/calabria_MuMinus1000_GEN-SIM-DIGI-RECO_CMSSW_6_2_0_SLHC12_2023Scenario_VALNOPU2_Case4/5854dd31cbd3cdec44c48628cc181cf0/'}}
UserProcessedDataset =  calabria-calabria_MuMinus1000_GEN-SIM-DIGI-RECO_CMSSW_6_2_0_SLHC12_2023Scenario_VALNOPU2_Case4-5854dd31cbd3cdec44c48628cc181cf0
file_name in inputDict =  /home/cms040/home_cream_682359883/CREAM682359883/glide_iF6QwV/execute/dir_9431/CMSSW_6_2_0_SLHC12/validationEDM_17_1_3jm.root
(size) os.stat(filename)[6] =  4048974
checksum =  1533025888
    file =  validationEDM_17_1_3jm.root
    newPfn =  srm://storm-se-01.ba.infn.it:8444/srm/managerv2?SFN=//cms/store/user/calabria/calabria_SingleMuPt1000_GEN-SIM-DIGI-RECO_CMSSW_6_2_0_SLHC12_2023Scenario_Case4/calabria_MuMinus1000_GEN-SIM-DIGI-RECO_CMSSW_6_2_0_SLHC12_2023Scenario_VALNOPU2_Case4/5854dd31cbd3cdec44c48628cc181cf0/validationEDM_17_1_3jm.root
    newLfn =  /store/user/calabria/calabria_SingleMuPt1000_GEN-SIM-DIGI-RECO_CMSSW_6_2_0_SLHC12_2023Scenario_Case4/calabria_MuMinus1000_GEN-SIM-DIGI-RECO_CMSSW_6_2_0_SLHC12_2023Scenario_VALNOPU2_Case4/5854dd31cbd3cdec44c48628cc181cf0/validationEDM_17_1_3jm.root
>>> crab_fjr_*.xml  permission set to 0704
CrabWrapper EXIT_FUNC entered at Tue Jun 17 23:57:11 CEST 2014   -  Tue Jun 17 21:57:11 UTC 2014
Checking output files:  
will tar file crab_fjr_17.xml in  out_files_17
WARNING: output file CMSSW_17.stdout not found!
WARNING: output file CMSSW_17.stderr not found!
WARNING: output file Watchdog_17.log.gz not found!
>>> padding time: Wrapper lasting more than 600 seconds. No sleep required.
STOPPING WATCHDOG. CrabWatchdog PID is 9928
********** LAST 50 LINES OF WATCHDOG LOG
# RESOURCE USAGE SUMMARY FOR PROCESS ID  9598
USER       PID %CPU %MEM    VSZ   RSS TTY      STAT START   TIME COMMAND
cms040    9598  0.3  0.0   9496  1600 ?        S    23:46   0:00 /bin/sh /home/cms040/home_cream_682359883/CREAM682359883/glide_iF6QwV/execute/dir_9431/condor_exec.exe 17 1
 
# LIMITS USED BY CRAB WATCHDOG:
# RSS  (KBytes)   : 2300000
# VSZ  (KBytes)   : 100000000
# DISK (MBytes)   : 19000
# CPU TIME        : 720h:0m:0s
# WALL CLOCK TIME : 21h:50m:0s
 
# FOLLOWING PRINTOUT TRACKS MAXIMUM VALUES OF RESOURCES USE
# ONE LINE IS PRINTED EACH TIME A MAXIMUM CHANGES
# IF CHANGE WAS IN RSS OR VSZ ALSO PROCID AND COMMAND ARE PRINTED
# THERE IS NO PRINTOUT FOR CPU/WALL TIME INCREASE
 
# TIME			PID	RSS(KB)	VSZ(KB)	Dsk(MB)	tCPU(s)	tWALL(s)	COMMAND
 Jun 17 23:46:10 CEST	2609	1392	9364	0	0	0	/bin/bash /home/cms040/home_cream_682359883/CREAM682359883/glide_iF6QwV/main/condor_startup.sh glidein_config        
 Jun 17 23:46:10 CEST	4078	8004	93336	0	0	0	/home/cms040/home_cream_682359883/CREAM682359883/glide_iF6QwV/main/condor/sbin/condor_master -f -pidfile /home/cms040/home_cream_682359883/CREAM682359883/glide_iF6QwV/condor_master2.pid       
 Jun 17 23:46:10 CEST	4227	8716	93784	0	2	0	condor_startd -f         
 Jun 17 23:46:10 CEST	9940	36872	103156	0	0	1	edmConfigHash pset.py         
 Jun 17 23:46:10 CEST	26138	36872	106092	0	0	1	sh -c "./glidein_startup.sh" -v std -name v1_3 -entry CMS_T2_IT_Bari_ce2 -clientname UCSD-v1_0.main
 Jun 17 23:46:10 CEST	26141	36872	106492	0	0	1	/bin/bash ./glidein_startup.sh -v std -name v1_3 -entry CMS_T2_IT_Bari_ce2 -clientname UCSD-v1_0.main -schedd
 Jun 17 23:46:10 CEST	---	36872	106492	171	----	----	----
 Jun 17 23:47:11 CEST	10690	607584	808700	171	35	62	cmsRun -j /home/cms040/home_cream_682359883/CREAM682359883/glide_iF6QwV/execute/dir_9431/crab_fjr_17.xml -p pset.py      
 Jun 17 23:47:11 CEST	---	607584	808700	175	----	----	----
 Jun 17 23:48:12 CEST	10690	734676	995948	175	84	123	cmsRun -j /home/cms040/home_cream_682359883/CREAM682359883/glide_iF6QwV/execute/dir_9431/crab_fjr_17.xml -p pset.py      
 Jun 17 23:49:13 CEST	10690	734676	1006956	175	134	184	cmsRun -j /home/cms040/home_cream_682359883/CREAM682359883/glide_iF6QwV/execute/dir_9431/crab_fjr_17.xml -p pset.py      
 Jun 17 23:50:14 CEST	10690	734676	1035372	175	192	245	cmsRun -j /home/cms040/home_cream_682359883/CREAM682359883/glide_iF6QwV/execute/dir_9431/crab_fjr_17.xml -p pset.py      
 Jun 17 23:55:21 CEST	10690	963392	1427052	175	452	552	cmsRun -j /home/cms040/home_cream_682359883/CREAM682359883/glide_iF6QwV/execute/dir_9431/crab_fjr_17.xml -p pset.py      
 Jun 17 23:55:21 CEST	---	963392	1427052	176	----	----	----
 Jun 17 23:56:22 CEST	---	963392	1427052	179	----	----	----
********** WATCHDOG LOG ENDED
ZIPPING WATCHDOG LOG
Disk space used:
du -sh /home/cms040/home_cream_682359883/CREAM682359883/glide_iF6QwV/execute/dir_9431
179M	/home/cms040/home_cream_682359883/CREAM682359883/glide_iF6QwV/execute/dir_9431
Found unusual stdout, rename for OSB
`/home/cms040/home_cream_682359883/CREAM682359883/glide_iF6QwV/execute/dir_9431/_condor_stdout' -> `CMSSW_17.stdout'
Found unusual stderr, rename for OSB
`/home/cms040/home_cream_682359883/CREAM682359883/glide_iF6QwV/execute/dir_9431/_condor_stdout' -> `CMSSW_17.stderr'
crab_fjr_17.xml
CMSSW_17.stdout
CMSSW_17.stderr
Watchdog_17.log.gz
Total Output dimension: 69906
WARNING: output files size limit is set to: 50000000
Total Output dimension 69906 is fine.
JOB_EXIT_STATUS = 0
>>> info for dashboard:
***** Cat /home/cms040/home_cream_682359883/CREAM682359883/glide_iF6QwV/execute/dir_9431/jobreport.txt *****
MonitorJobID=17_https://submit-4.t2.ucsd.edu//140616//222477.16
MonitorID=calabria_MuMinus1000_Case4_ReReco_u805tn
ExeTime=586
ExeExitCode=0
StageOutExitStatusReason = 'Copy succedeed with srm-lcg utils'
StageOutSE = storm-se-01.ba.infn.it
StageOutExitStatus = 0
CrabUserCpuTime=311.30
CrabSysCpuTime=194.15
CrabCpuPercentage=86%
CrabWrapperTime=669
CrabStageoutTime=48
JobExitCode=0
***** End Cat jobreport *****
Parameters sent to Dashboard.
EXITING at Tue Jun 17 23:57:17 CEST 2014  -  Tue Jun 17 21:57:17 UTC 2014
