This script was generated by crab (version 2.10.5_patch1).
Running /home/cms037/home_cream_457517815/CREAM457517815/glide_4ikrPu/execute/dir_12629/condor_exec.exe with 2 positional parameters: 14 1
Today is Tue Jun 17 23:45:33 CEST 2014 - Tue Jun 17 21:45:33 UTC 2014
Job submitted on host alicegrid50.ba.infn.it
Linux alicegrid50.ba.infn.it 2.6.32-358.23.2.el6.x86_64 #1 SMP Thu Oct 17 10:27:22 CEST 2013 x86_64 x86_64 x86_64 GNU/Linux
>>> current directory (RUNTIME_AREA): /home/cms037/home_cream_457517815/CREAM457517815/glide_4ikrPu/execute/dir_12629
>>> current user: uid=18594(cms037) gid=1399(cms) groups=1399(cms)
>>> directory permission set to 0700
>>> umask set to:  u=rwx,g=,o=
>>> stdout stderr permission set to 0704
>>> voms proxy information:
subject   : /C=IT/O=INFN/OU=Personal Certificate/L=Bari/CN=Cesare Calabria/CN=477126703/CN=312686952
issuer    : /C=IT/O=INFN/OU=Personal Certificate/L=Bari/CN=Cesare Calabria/CN=477126703
identity  : /C=IT/O=INFN/OU=Personal Certificate/L=Bari/CN=Cesare Calabria
type      : RFC3820 compliant limited proxy
strength  : 1024
path      : /home/cms037/home_cream_457517815/CREAM457517815/glide_4ikrPu/execute/dir_12629/x509up_u50707
timeleft  : 23:58:50
key usage : Digital Signature, Key Encipherment, Data Encipherment
=== VO cms extension information ===
VO        : cms
subject   : /C=IT/O=INFN/OU=Personal Certificate/L=Bari/CN=Cesare Calabria
issuer    : /DC=ch/DC=cern/OU=computers/CN=voms.cern.ch
attribute : /cms/Role=NULL/Capability=NULL
attribute : /cms/itcms/Role=NULL/Capability=NULL
timeleft  : 155:38:45
uri       : voms.cern.ch:15002

WNHostName=alicegrid50.ba.infn.it
>>> tar --no-same-permissions -xf /home/cms037/home_cream_457517815/CREAM457517815/glide_4ikrPu/execute/dir_12629/default.tgz :
Successful untar
>>> Include /home/cms037/home_cream_457517815/CREAM457517815/glide_4ikrPu/execute/dir_12629 in PYTHONPATH:
strip arguments
env var CRAB_UNIQUE_JOB_ID set to: calabria_MuMinus1000_Case4_ReReco_u805tn_14_1_RD9
out_files_14
>>> list of expected files on output sandbox
output files: crab_fjr_14.xml CMSSW_14.stdout CMSSW_14.stderr Watchdog_14.log.gz
>>> GridFlavour discovery: 
GridFlavour=LCG
>>> SyncSite discovery: 
SyncSite=T2_IT_Bari
>>> SyncCE discovery: 
getting SyncCE from CE_ID
SyncCE=cream-ce-2.ba.infn.it:8443/cream-pbs-cms
>>> info for dashboard:
***** Cat /home/cms037/home_cream_457517815/CREAM457517815/glide_4ikrPu/execute/dir_12629/jobreport.txt *****
WNHostName=alicegrid50.ba.infn.it
MonitorJobID=14_https://submit-4.t2.ucsd.edu//140616//222477.13
SyncGridJobId=https://submit-4.t2.ucsd.edu//140616//222477.13
MonitorID=calabria_MuMinus1000_Case4_ReReco_u805tn
GridFlavour=LCG
SyncSite=T2_IT_Bari
SyncCE=cream-ce-2.ba.infn.it:8443/cream-pbs-cms
***** End Cat jobreport *****
Parameters sent to Dashboard.
>>> setup environment
set SCRAM ARCH to slc5_amd64_gcc472
SCRAM_ARCH = slc5_amd64_gcc472
>>> setup CMS LCG environment:
set SCRAM ARCH and BUILD_ARCH to slc5_amd64_gcc472 ###
Sourcing environment... 
sourcing /cvmfs/cms.cern.ch/cmsset_default.sh
==> setup cms environment ok
>>> specific cmssw setup environment:
CMSSW_VERSION =  CMSSW_6_2_0_SLHC12
>>> current directory (SOFTWARE_DIR): /home/cms037/home_cream_457517815/CREAM457517815/glide_4ikrPu/execute/dir_12629/CMSSW_6_2_0_SLHC12
PreserveSeeds: <>
IncrementSeeds:<>
>>> info for dashboard:
***** Cat /home/cms037/home_cream_457517815/CREAM457517815/glide_4ikrPu/execute/dir_12629/jobreport.txt *****
MonitorJobID=14_https://submit-4.t2.ucsd.edu//140616//222477.13
MonitorID=calabria_MuMinus1000_Case4_ReReco_u805tn
***** End Cat jobreport *****
Parameters sent to Dashboard.
crabWatchdog started as process 13327
>>> moving CMSSW software directories in /home/cms037/home_cream_457517815/CREAM457517815/glide_4ikrPu/execute/dir_12629/CMSSW_6_2_0_SLHC12
mv: cannot stat `/home/cms037/home_cream_457517815/CREAM457517815/glide_4ikrPu/execute/dir_12629/module/': No such file or directory
>>> Include /home/cms037/home_cream_457517815/CREAM457517815/glide_4ikrPu/execute/dir_12629 in PYTHONPATH:
PYTHONPATH=/home/cms037/home_cream_457517815/CREAM457517815/glide_4ikrPu/execute/dir_12629/:/home/cms037/home_cream_457517815/CREAM457517815/glide_4ikrPu/execute/dir_12629/CMSSW_6_2_0_SLHC12/python:/home/cms037/home_cream_457517815/CREAM457517815/glide_4ikrPu/execute/dir_12629/CMSSW_6_2_0_SLHC12/lib/slc5_amd64_gcc472:/cvmfs/cms.cern.ch/slc5_amd64_gcc472/cms/cmssw/CMSSW_6_2_0_SLHC12/python:/cvmfs/cms.cern.ch/slc5_amd64_gcc472/cms/cmssw/CMSSW_6_2_0_SLHC12/lib/slc5_amd64_gcc472:/cvmfs/cms.cern.ch/slc5_amd64_gcc472/cms/coral/CORAL_2_3_21-cms36/slc5_amd64_gcc472/python:/cvmfs/cms.cern.ch/slc5_amd64_gcc472/cms/coral/CORAL_2_3_21-cms36/slc5_amd64_gcc472/lib:/cvmfs/cms.cern.ch/slc5_amd64_gcc472/external/pyqt/4.8.1-cms6/lib/python2.7/site-packages:/cvmfs/cms.cern.ch/slc5_amd64_gcc472/external/py2-scipy/0.8.0-cms8/lib/python2.7/site-packages:/cvmfs/cms.cern.ch/slc5_amd64_gcc472/external/py2-matplotlib/1.0.1-cms8/lib/python2.7/site-packages:/cvmfs/cms.cern.ch/slc5_amd64_gcc472/external/python-ldap/2.3.5-cms6/lib/python2.7/site-packages:/cvmfs/cms.cern.ch/slc5_amd64_gcc472/external/sip/4.11.2-cms6/lib/python2.7/site-packages:/cvmfs/cms.cern.ch/slc5_amd64_gcc472/external/py2-pycurl/7.19.0-cms8/lib/python2.7/site-packages:/cvmfs/cms.cern.ch/slc5_amd64_gcc472/external/py2-numpy/1.6.1-cms8/lib/python2.7/site-packages:/cvmfs/cms.cern.ch/slc5_amd64_gcc472/external/py2-lint/0.25.1-cms6/lib/python2.7/site-packages:/cvmfs/cms.cern.ch/slc5_amd64_gcc472/external/py2-ipython/0.10-cms6/lib/python2.7/site-packages:/cvmfs/cms.cern.ch/slc5_amd64_gcc472/external/py2-cx-oracle/5.1-cms7/lib/python2.7/site-packages:/cvmfs/cms.cern.ch/slc5_amd64_gcc472/external/py2-cjson/1.0.5-cms6/lib/python2.7/site-packages:/cvmfs/cms.cern.ch/slc5_amd64_gcc472/cms/das-client/1.11.7/bin:/cvmfs/cms.cern.ch/slc5_amd64_gcc472/external/elementtree/1.2.6-cms6/share/lib/python2.7/site-packages:/cvmfs/cms.cern.ch/slc5_amd64_gcc472/external/rivet/1.8.2-cms8/lib/python2.7/site-packages:/cvmfs/cms.cern.ch/slc5_amd64_gcc472/external/pyminuit2/0.0.1-cms19/lib/python2.7/site-packages:/cvmfs/cms.cern.ch/slc5_amd64_gcc472/external/py2-pygithub/1.23.0/lib/python2.7/site-packages:/cvmfs/cms.cern.ch/slc5_amd64_gcc472/external/professor/1.0.0-cms19/lib/python2.7/site-packages:/cvmfs/cms.cern.ch/slc5_amd64_gcc472/lcg/root/5.34.07-cms/lib:/cvmfs/cms.cern.ch/slc5_amd64_gcc472/cms/dbs-client/DBS_2_1_9-cms5/lib:/cvmfs/cms.cern.ch/slc5_amd64_gcc472/cms/dbs-client/DBS_2_1_9-cms5/lib/DBSAPI:/cvmfs/cms.cern.ch/slc5_amd64_gcc472/external/cvs2git/5419-cms/lib:/home/cms037/home_cream_457517815/CREAM457517815/glide_4ikrPu/execute/dir_12629/
 
# LIMITS USED BY CRAB WATCHDOG:
# RSS  (KBytes)   : 2300000
# VSZ  (KBytes)   : 100000000
# DISK (MBytes)   : 19000
# CPU TIME        : 720h:0m:0s
# WALL CLOCK TIME : 21h:50m:0s
 
5854dd31cbd3cdec44c48628cc181cf0
PSETHASH = 5854dd31cbd3cdec44c48628cc181cf0
/home/cms037/home_cream_457517815/CREAM457517815/glide_4ikrPu/execute/dir_12629/writeCfg.py pset.py pset.py
Importing .py file
Setting parameters
RandomNumberGeneratorService found, will attempt to change seeds
inputBlocks=/calabria_SingleMuPt1000_GEN-SIM-DIGI-RECO_CMSSW_6_2_0_SLHC12_2023Scenario_Case4/calabria-calabria_SingleMuPt1000_GEN-SIM-DIGI-RECO_CMSSW_6_2_0_SLHC12_2023Scenario_Case4-fa5ffd20b461790f8466430606d05ce8/USER#d9e7ecf4-5ddd-46e4-9d05-d9706d058ff9
inputFiles=/store/user/calabria/calabria_SingleMuPt1000_GEN-SIM-DIGI-RECO_CMSSW_6_2_0_SLHC12_2023Scenario_Case4/calabria_SingleMuPt1000_GEN-SIM-DIGI-RECO_CMSSW_6_2_0_SLHC12_2023Scenario_Case4/fa5ffd20b461790f8466430606d05ce8/out_reco_134_2_Cx5.root;/store/user/calabria/calabria_SingleMuPt1000_GEN-SIM-DIGI-RECO_CMSSW_6_2_0_SLHC12_2023Scenario_Case4/calabria_SingleMuPt1000_GEN-SIM-DIGI-RECO_CMSSW_6_2_0_SLHC12_2023Scenario_Case4/fa5ffd20b461790f8466430606d05ce8/out_reco_135_2_oeF.root;/store/user/calabria/calabria_SingleMuPt1000_GEN-SIM-DIGI-RECO_CMSSW_6_2_0_SLHC12_2023Scenario_Case4/calabria_SingleMuPt1000_GEN-SIM-DIGI-RECO_CMSSW_6_2_0_SLHC12_2023Scenario_Case4/fa5ffd20b461790f8466430606d05ce8/out_reco_138_2_1BV.root;/store/user/calabria/calabria_SingleMuPt1000_GEN-SIM-DIGI-RECO_CMSSW_6_2_0_SLHC12_2023Scenario_Case4/calabria_SingleMuPt1000_GEN-SIM-DIGI-RECO_CMSSW_6_2_0_SLHC12_2023Scenario_Case4/fa5ffd20b461790f8466430606d05ce8/out_reco_139_2_nee.root;/store/user/calabria/calabria_SingleMuPt1000_GEN-SIM-DIGI-RECO_CMSSW_6_2_0_SLHC12_2023Scenario_Case4/calabria_SingleMuPt1000_GEN-SIM-DIGI-RECO_CMSSW_6_2_0_SLHC12_2023Scenario_Case4/fa5ffd20b461790f8466430606d05ce8/out_reco_140_2_hIZ.root;/store/user/calabria/calabria_SingleMuPt1000_GEN-SIM-DIGI-RECO_CMSSW_6_2_0_SLHC12_2023Scenario_Case4/calabria_SingleMuPt1000_GEN-SIM-DIGI-RECO_CMSSW_6_2_0_SLHC12_2023Scenario_Case4/fa5ffd20b461790f8466430606d05ce8/out_reco_141_2_942.root;/store/user/calabria/calabria_SingleMuPt1000_GEN-SIM-DIGI-RECO_CMSSW_6_2_0_SLHC12_2023Scenario_Case4/calabria_SingleMuPt1000_GEN-SIM-DIGI-RECO_CMSSW_6_2_0_SLHC12_2023Scenario_Case4/fa5ffd20b461790f8466430606d05ce8/out_reco_142_2_NfY.root;/store/user/calabria/calabria_SingleMuPt1000_GEN-SIM-DIGI-RECO_CMSSW_6_2_0_SLHC12_2023Scenario_Case4/calabria_SingleMuPt1000_GEN-SIM-DIGI-RECO_CMSSW_6_2_0_SLHC12_2023Scenario_Case4/fa5ffd20b461790f8466430606d05ce8/out_reco_143_2_gvY.root;/store/user/calabria/calabria_SingleMuPt1000_GEN-SIM-DIGI-RECO_CMSSW_6_2_0_SLHC12_2023Scenario_Case4/calabria_SingleMuPt1000_GEN-SIM-DIGI-RECO_CMSSW_6_2_0_SLHC12_2023Scenario_Case4/fa5ffd20b461790f8466430606d05ce8/out_reco_145_2_eMf.root;/store/user/calabria/calabria_SingleMuPt1000_GEN-SIM-DIGI-RECO_CMSSW_6_2_0_SLHC12_2023Scenario_Case4/calabria_SingleMuPt1000_GEN-SIM-DIGI-RECO_CMSSW_6_2_0_SLHC12_2023Scenario_Case4/fa5ffd20b461790f8466430606d05ce8/out_reco_146_2_joE.root
parentFiles=
lumisRange=
>>> Executable cmsRun
/cvmfs/cms.cern.ch/slc5_amd64_gcc472/cms/cmssw/CMSSW_6_2_0_SLHC12/bin/slc5_amd64_gcc472/cmsRun
ok executable found
>>> info for dashboard:
***** Cat /home/cms037/home_cream_457517815/CREAM457517815/glide_4ikrPu/execute/dir_12629/jobreport.txt *****
MonitorJobID=14_https://submit-4.t2.ucsd.edu//140616//222477.13
MonitorID=calabria_MuMinus1000_Case4_ReReco_u805tn
ExeStart=cmsRun
***** End Cat jobreport *****
Parameters sent to Dashboard.
>>> cmsRun started at Tue Jun 17 21:45:59 UTC 2014
>>> cmsRun ended at Tue Jun 17 21:52:22 UTC 2014
>>> crab_fjr_*.xml  permission set to 0704
>>> info for dashboard:
***** Cat /home/cms037/home_cream_457517815/CREAM457517815/glide_4ikrPu/execute/dir_12629/jobreport.txt *****
MonitorJobID=14_https://submit-4.t2.ucsd.edu//140616//222477.13
MonitorID=calabria_MuMinus1000_Case4_ReReco_u805tn
ExeEnd=cmsRun
***** End Cat jobreport *****
Parameters sent to Dashboard.
TIME_EXE = 383 sec
>>> cmsRun wrote 50 lines of stdout+stderr
>>> START OF printout of 50 lines from stdout+stderr
271 DQMStore::DQMStore 
HcalTopologyIdealEP::HcalTopologyIdealEP
17-Jun-2014 23:46:16 CEST  Initiating request to open file file:/lustre/cms//store/user/calabria/calabria_SingleMuPt1000_GEN-SIM-DIGI-RECO_CMSSW_6_2_0_SLHC12_2023Scenario_Case4/calabria_SingleMuPt1000_GEN-SIM-DIGI-RECO_CMSSW_6_2_0_SLHC12_2023Scenario_Case4/fa5ffd20b461790f8466430606d05ce8/out_reco_134_2_Cx5.root
17-Jun-2014 23:46:18 CEST  Successfully opened file file:/lustre/cms//store/user/calabria/calabria_SingleMuPt1000_GEN-SIM-DIGI-RECO_CMSSW_6_2_0_SLHC12_2023Scenario_Case4/calabria_SingleMuPt1000_GEN-SIM-DIGI-RECO_CMSSW_6_2_0_SLHC12_2023Scenario_Case4/fa5ffd20b461790f8466430606d05ce8/out_reco_134_2_Cx5.root
17-Jun-2014 23:46:56 CEST  Closed file file:/lustre/cms//store/user/calabria/calabria_SingleMuPt1000_GEN-SIM-DIGI-RECO_CMSSW_6_2_0_SLHC12_2023Scenario_Case4/calabria_SingleMuPt1000_GEN-SIM-DIGI-RECO_CMSSW_6_2_0_SLHC12_2023Scenario_Case4/fa5ffd20b461790f8466430606d05ce8/out_reco_134_2_Cx5.root
17-Jun-2014 23:46:56 CEST  Initiating request to open file file:/lustre/cms//store/user/calabria/calabria_SingleMuPt1000_GEN-SIM-DIGI-RECO_CMSSW_6_2_0_SLHC12_2023Scenario_Case4/calabria_SingleMuPt1000_GEN-SIM-DIGI-RECO_CMSSW_6_2_0_SLHC12_2023Scenario_Case4/fa5ffd20b461790f8466430606d05ce8/out_reco_135_2_oeF.root
17-Jun-2014 23:46:56 CEST  Successfully opened file file:/lustre/cms//store/user/calabria/calabria_SingleMuPt1000_GEN-SIM-DIGI-RECO_CMSSW_6_2_0_SLHC12_2023Scenario_Case4/calabria_SingleMuPt1000_GEN-SIM-DIGI-RECO_CMSSW_6_2_0_SLHC12_2023Scenario_Case4/fa5ffd20b461790f8466430606d05ce8/out_reco_135_2_oeF.root
17-Jun-2014 23:47:30 CEST  Closed file file:/lustre/cms//store/user/calabria/calabria_SingleMuPt1000_GEN-SIM-DIGI-RECO_CMSSW_6_2_0_SLHC12_2023Scenario_Case4/calabria_SingleMuPt1000_GEN-SIM-DIGI-RECO_CMSSW_6_2_0_SLHC12_2023Scenario_Case4/fa5ffd20b461790f8466430606d05ce8/out_reco_135_2_oeF.root
17-Jun-2014 23:47:30 CEST  Initiating request to open file file:/lustre/cms//store/user/calabria/calabria_SingleMuPt1000_GEN-SIM-DIGI-RECO_CMSSW_6_2_0_SLHC12_2023Scenario_Case4/calabria_SingleMuPt1000_GEN-SIM-DIGI-RECO_CMSSW_6_2_0_SLHC12_2023Scenario_Case4/fa5ffd20b461790f8466430606d05ce8/out_reco_138_2_1BV.root
17-Jun-2014 23:47:30 CEST  Successfully opened file file:/lustre/cms//store/user/calabria/calabria_SingleMuPt1000_GEN-SIM-DIGI-RECO_CMSSW_6_2_0_SLHC12_2023Scenario_Case4/calabria_SingleMuPt1000_GEN-SIM-DIGI-RECO_CMSSW_6_2_0_SLHC12_2023Scenario_Case4/fa5ffd20b461790f8466430606d05ce8/out_reco_138_2_1BV.root
17-Jun-2014 23:48:04 CEST  Closed file file:/lustre/cms//store/user/calabria/calabria_SingleMuPt1000_GEN-SIM-DIGI-RECO_CMSSW_6_2_0_SLHC12_2023Scenario_Case4/calabria_SingleMuPt1000_GEN-SIM-DIGI-RECO_CMSSW_6_2_0_SLHC12_2023Scenario_Case4/fa5ffd20b461790f8466430606d05ce8/out_reco_138_2_1BV.root
17-Jun-2014 23:48:04 CEST  Initiating request to open file file:/lustre/cms//store/user/calabria/calabria_SingleMuPt1000_GEN-SIM-DIGI-RECO_CMSSW_6_2_0_SLHC12_2023Scenario_Case4/calabria_SingleMuPt1000_GEN-SIM-DIGI-RECO_CMSSW_6_2_0_SLHC12_2023Scenario_Case4/fa5ffd20b461790f8466430606d05ce8/out_reco_139_2_nee.root
17-Jun-2014 23:48:04 CEST  Successfully opened file file:/lustre/cms//store/user/calabria/calabria_SingleMuPt1000_GEN-SIM-DIGI-RECO_CMSSW_6_2_0_SLHC12_2023Scenario_Case4/calabria_SingleMuPt1000_GEN-SIM-DIGI-RECO_CMSSW_6_2_0_SLHC12_2023Scenario_Case4/fa5ffd20b461790f8466430606d05ce8/out_reco_139_2_nee.root
17-Jun-2014 23:48:38 CEST  Closed file file:/lustre/cms//store/user/calabria/calabria_SingleMuPt1000_GEN-SIM-DIGI-RECO_CMSSW_6_2_0_SLHC12_2023Scenario_Case4/calabria_SingleMuPt1000_GEN-SIM-DIGI-RECO_CMSSW_6_2_0_SLHC12_2023Scenario_Case4/fa5ffd20b461790f8466430606d05ce8/out_reco_139_2_nee.root
17-Jun-2014 23:48:38 CEST  Initiating request to open file file:/lustre/cms//store/user/calabria/calabria_SingleMuPt1000_GEN-SIM-DIGI-RECO_CMSSW_6_2_0_SLHC12_2023Scenario_Case4/calabria_SingleMuPt1000_GEN-SIM-DIGI-RECO_CMSSW_6_2_0_SLHC12_2023Scenario_Case4/fa5ffd20b461790f8466430606d05ce8/out_reco_140_2_hIZ.root
17-Jun-2014 23:48:38 CEST  Successfully opened file file:/lustre/cms//store/user/calabria/calabria_SingleMuPt1000_GEN-SIM-DIGI-RECO_CMSSW_6_2_0_SLHC12_2023Scenario_Case4/calabria_SingleMuPt1000_GEN-SIM-DIGI-RECO_CMSSW_6_2_0_SLHC12_2023Scenario_Case4/fa5ffd20b461790f8466430606d05ce8/out_reco_140_2_hIZ.root
17-Jun-2014 23:49:13 CEST  Closed file file:/lustre/cms//store/user/calabria/calabria_SingleMuPt1000_GEN-SIM-DIGI-RECO_CMSSW_6_2_0_SLHC12_2023Scenario_Case4/calabria_SingleMuPt1000_GEN-SIM-DIGI-RECO_CMSSW_6_2_0_SLHC12_2023Scenario_Case4/fa5ffd20b461790f8466430606d05ce8/out_reco_140_2_hIZ.root
17-Jun-2014 23:49:13 CEST  Initiating request to open file file:/lustre/cms//store/user/calabria/calabria_SingleMuPt1000_GEN-SIM-DIGI-RECO_CMSSW_6_2_0_SLHC12_2023Scenario_Case4/calabria_SingleMuPt1000_GEN-SIM-DIGI-RECO_CMSSW_6_2_0_SLHC12_2023Scenario_Case4/fa5ffd20b461790f8466430606d05ce8/out_reco_141_2_942.root
17-Jun-2014 23:49:13 CEST  Successfully opened file file:/lustre/cms//store/user/calabria/calabria_SingleMuPt1000_GEN-SIM-DIGI-RECO_CMSSW_6_2_0_SLHC12_2023Scenario_Case4/calabria_SingleMuPt1000_GEN-SIM-DIGI-RECO_CMSSW_6_2_0_SLHC12_2023Scenario_Case4/fa5ffd20b461790f8466430606d05ce8/out_reco_141_2_942.root
17-Jun-2014 23:49:49 CEST  Closed file file:/lustre/cms//store/user/calabria/calabria_SingleMuPt1000_GEN-SIM-DIGI-RECO_CMSSW_6_2_0_SLHC12_2023Scenario_Case4/calabria_SingleMuPt1000_GEN-SIM-DIGI-RECO_CMSSW_6_2_0_SLHC12_2023Scenario_Case4/fa5ffd20b461790f8466430606d05ce8/out_reco_141_2_942.root
17-Jun-2014 23:49:49 CEST  Initiating request to open file file:/lustre/cms//store/user/calabria/calabria_SingleMuPt1000_GEN-SIM-DIGI-RECO_CMSSW_6_2_0_SLHC12_2023Scenario_Case4/calabria_SingleMuPt1000_GEN-SIM-DIGI-RECO_CMSSW_6_2_0_SLHC12_2023Scenario_Case4/fa5ffd20b461790f8466430606d05ce8/out_reco_142_2_NfY.root
17-Jun-2014 23:49:49 CEST  Successfully opened file file:/lustre/cms//store/user/calabria/calabria_SingleMuPt1000_GEN-SIM-DIGI-RECO_CMSSW_6_2_0_SLHC12_2023Scenario_Case4/calabria_SingleMuPt1000_GEN-SIM-DIGI-RECO_CMSSW_6_2_0_SLHC12_2023Scenario_Case4/fa5ffd20b461790f8466430606d05ce8/out_reco_142_2_NfY.root
17-Jun-2014 23:50:25 CEST  Closed file file:/lustre/cms//store/user/calabria/calabria_SingleMuPt1000_GEN-SIM-DIGI-RECO_CMSSW_6_2_0_SLHC12_2023Scenario_Case4/calabria_SingleMuPt1000_GEN-SIM-DIGI-RECO_CMSSW_6_2_0_SLHC12_2023Scenario_Case4/fa5ffd20b461790f8466430606d05ce8/out_reco_142_2_NfY.root
17-Jun-2014 23:50:25 CEST  Initiating request to open file file:/lustre/cms//store/user/calabria/calabria_SingleMuPt1000_GEN-SIM-DIGI-RECO_CMSSW_6_2_0_SLHC12_2023Scenario_Case4/calabria_SingleMuPt1000_GEN-SIM-DIGI-RECO_CMSSW_6_2_0_SLHC12_2023Scenario_Case4/fa5ffd20b461790f8466430606d05ce8/out_reco_143_2_gvY.root
17-Jun-2014 23:50:25 CEST  Successfully opened file file:/lustre/cms//store/user/calabria/calabria_SingleMuPt1000_GEN-SIM-DIGI-RECO_CMSSW_6_2_0_SLHC12_2023Scenario_Case4/calabria_SingleMuPt1000_GEN-SIM-DIGI-RECO_CMSSW_6_2_0_SLHC12_2023Scenario_Case4/fa5ffd20b461790f8466430606d05ce8/out_reco_143_2_gvY.root
17-Jun-2014 23:51:00 CEST  Closed file file:/lustre/cms//store/user/calabria/calabria_SingleMuPt1000_GEN-SIM-DIGI-RECO_CMSSW_6_2_0_SLHC12_2023Scenario_Case4/calabria_SingleMuPt1000_GEN-SIM-DIGI-RECO_CMSSW_6_2_0_SLHC12_2023Scenario_Case4/fa5ffd20b461790f8466430606d05ce8/out_reco_143_2_gvY.root
17-Jun-2014 23:51:00 CEST  Initiating request to open file file:/lustre/cms//store/user/calabria/calabria_SingleMuPt1000_GEN-SIM-DIGI-RECO_CMSSW_6_2_0_SLHC12_2023Scenario_Case4/calabria_SingleMuPt1000_GEN-SIM-DIGI-RECO_CMSSW_6_2_0_SLHC12_2023Scenario_Case4/fa5ffd20b461790f8466430606d05ce8/out_reco_145_2_eMf.root
17-Jun-2014 23:51:00 CEST  Successfully opened file file:/lustre/cms//store/user/calabria/calabria_SingleMuPt1000_GEN-SIM-DIGI-RECO_CMSSW_6_2_0_SLHC12_2023Scenario_Case4/calabria_SingleMuPt1000_GEN-SIM-DIGI-RECO_CMSSW_6_2_0_SLHC12_2023Scenario_Case4/fa5ffd20b461790f8466430606d05ce8/out_reco_145_2_eMf.root
17-Jun-2014 23:51:39 CEST  Closed file file:/lustre/cms//store/user/calabria/calabria_SingleMuPt1000_GEN-SIM-DIGI-RECO_CMSSW_6_2_0_SLHC12_2023Scenario_Case4/calabria_SingleMuPt1000_GEN-SIM-DIGI-RECO_CMSSW_6_2_0_SLHC12_2023Scenario_Case4/fa5ffd20b461790f8466430606d05ce8/out_reco_145_2_eMf.root
17-Jun-2014 23:51:39 CEST  Initiating request to open file file:/lustre/cms//store/user/calabria/calabria_SingleMuPt1000_GEN-SIM-DIGI-RECO_CMSSW_6_2_0_SLHC12_2023Scenario_Case4/calabria_SingleMuPt1000_GEN-SIM-DIGI-RECO_CMSSW_6_2_0_SLHC12_2023Scenario_Case4/fa5ffd20b461790f8466430606d05ce8/out_reco_146_2_joE.root
17-Jun-2014 23:51:39 CEST  Successfully opened file file:/lustre/cms//store/user/calabria/calabria_SingleMuPt1000_GEN-SIM-DIGI-RECO_CMSSW_6_2_0_SLHC12_2023Scenario_Case4/calabria_SingleMuPt1000_GEN-SIM-DIGI-RECO_CMSSW_6_2_0_SLHC12_2023Scenario_Case4/fa5ffd20b461790f8466430606d05ce8/out_reco_146_2_joE.root
17-Jun-2014 23:52:22 CEST  Closed file file:/lustre/cms//store/user/calabria/calabria_SingleMuPt1000_GEN-SIM-DIGI-RECO_CMSSW_6_2_0_SLHC12_2023Scenario_Case4/calabria_SingleMuPt1000_GEN-SIM-DIGI-RECO_CMSSW_6_2_0_SLHC12_2023Scenario_Case4/fa5ffd20b461790f8466430606d05ce8/out_reco_146_2_joE.root

=============================================

MessageLogger Summary

 type     category        sev    module        subroutine        count    total
 ---- -------------------- -- ---------------- ----------------  -----    -----
    1 fileAction           -s file_close                            10       10
    2 fileAction           -s file_open                             20       20

 type    category    Examples: run/evt        run/evt          run/evt
 ---- -------------------- ---------------- ---------------- ----------------
    1 fileAction           PostProcessEvent PostProcessEvent PostEndRun
    2 fileAction           pre-events       pre-events       PostProcessEvent

Severity    # Occurrences   Total Occurrences
--------    -------------   -----------------
System                 30                  30
>>> END OF printout of 50 lines from stdout+stderr
>>> Parse FrameworkJobReport crab_fjr.xml
Result of parsing the FrameworkJobReport crab_fjr.xml: Popularity start
lumisRange : 1::::1;1::::2;1::::3;1::::4;1::::5;1::::6;1::::7;1::::8;1::::9;1::::10;
lumisParentRange : 
Basename : /store/user/calabria/calabria_SingleMuPt1000_GEN-SIM-DIGI-RECO_CMSSW_6_2_0_SLHC12_2023Scenario_Case4/calabria_SingleMuPt1000_GEN-SIM-DIGI-RECO_CMSSW_6_2_0_SLHC12_2023Scenario_Case4/fa5ffd20b461790f8466430606d05ce8/out_reco_1
BasenameParent : 
parentFiles : 
inputBlocks : /calabria_SingleMuPt1000_GEN-SIM-DIGI-RECO_CMSSW_6_2_0_SLHC12_2023Scenario_Case4/calabria-calabria_SingleMuPt1000_GEN-SIM-DIGI-RECO_CMSSW_6_2_0_SLHC12_2023Scenario_Case4-fa5ffd20b461790f8466430606d05ce8/USER#d9e7ecf4-5ddd-46e4-9d05-d9706d058ff9
inputFiles : 34_2_Cx5.root::1::EDM::Local::1;38_2_1BV.root::1::EDM::Local::2;45_2_eMf.root::1::EDM::Local::3;42_2_NfY.root::1::EDM::Local::4;39_2_nee.root::1::EDM::Local::5;43_2_gvY.root::1::EDM::Local::6;41_2_942.root::1::EDM::Local::7;40_2_hIZ.root::1::EDM::Local::8;35_2_oeF.root::1::EDM::Local::9;46_2_joE.root::1::EDM::Local::10;
Popularity stop
Extracted ExitStatus from FrameworkJobReport parsing output: 0
>>> Executable succeded  0
ExeExitCode=0
EXECUTABLE_EXIT_STATUS = 0
>>> current directory /home/cms037/home_cream_457517815/CREAM457517815/glide_4ikrPu/execute/dir_12629/CMSSW_6_2_0_SLHC12
>>>  (SOFTWARE_DIR): /home/cms037/home_cream_457517815/CREAM457517815/glide_4ikrPu/execute/dir_12629/CMSSW_6_2_0_SLHC12
>>> (WORKING_DIR): 
>>> current directory content:
total 11356
drwxr-xr-x 3 cms037 cms    4096 Jun 17 23:45 .SCRAM
-rw------- 1 cms037 cms 3740252 Jun 17 23:45 CMSSW.py.pkl
drwxr-xr-x 3 cms037 cms    4096 Jun 17 23:45 bin
drwxr-xr-x 3 cms037 cms    4096 Jun 17 23:45 cfipython
drwxr-xr-x 4 cms037 cms    4096 Jun 17 23:45 config
-rw------- 1 cms037 cms      17 Jun 17 23:52 cpu_timing.txt
drwxr-xr-x 2 cms037 cms    4096 Jun 17 23:45 doc
-rw------- 1 cms037 cms   10045 Jun 17 23:52 executable.out
drwxr-xr-x 2 cms037 cms    4096 Jun 17 23:45 include
drwx------ 3 cms037 cms    4096 Apr 28 18:12 lib
drwxr-xr-x 3 cms037 cms    4096 Jun 17 23:45 logs
drwxr-xr-x 3 cms037 cms    4096 Jun 17 23:45 objs
-rw------- 1 cms037 cms     104 Jun 17 23:45 pset.py
-rw------- 1 cms037 cms 3712350 Jun 17 23:45 pset.py.pkl
-rw------- 1 cms037 cms     289 Jun 17 23:45 pset.pyc
drwxr-xr-x 2 cms037 cms    4096 Jun 17 23:45 python
-rw------- 1 cms037 cms     416 Jun 17 23:52 report.log
drwx------ 6 cms037 cms    4096 Jun 17 23:45 src
drwxr-xr-x 3 cms037 cms    4096 Jun 17 23:45 test
drwxr-xr-x 3 cms037 cms    4096 Jun 17 23:45 tmp
-rw------- 1 cms037 cms 4074075 Jun 17 23:52 validationEDM.root
>>> current directory /home/cms037/home_cream_457517815/CREAM457517815/glide_4ikrPu/execute/dir_12629/CMSSW_6_2_0_SLHC12
>>> (SOFTWARE_DIR): /home/cms037/home_cream_457517815/CREAM457517815/glide_4ikrPu/execute/dir_12629/CMSSW_6_2_0_SLHC12
>>> (WORKING_DIR): 
>>> current directory content:
total 11356
drwxr-xr-x 3 cms037 cms    4096 Jun 17 23:45 .SCRAM
-rw------- 1 cms037 cms 3740252 Jun 17 23:45 CMSSW.py.pkl
drwxr-xr-x 3 cms037 cms    4096 Jun 17 23:45 bin
drwxr-xr-x 3 cms037 cms    4096 Jun 17 23:45 cfipython
drwxr-xr-x 4 cms037 cms    4096 Jun 17 23:45 config
-rw------- 1 cms037 cms      17 Jun 17 23:52 cpu_timing.txt
drwxr-xr-x 2 cms037 cms    4096 Jun 17 23:45 doc
-rw------- 1 cms037 cms   10045 Jun 17 23:52 executable.out
drwxr-xr-x 2 cms037 cms    4096 Jun 17 23:45 include
drwx------ 3 cms037 cms    4096 Apr 28 18:12 lib
drwxr-xr-x 3 cms037 cms    4096 Jun 17 23:45 logs
drwxr-xr-x 3 cms037 cms    4096 Jun 17 23:45 objs
-rw------- 1 cms037 cms     104 Jun 17 23:45 pset.py
-rw------- 1 cms037 cms 3712350 Jun 17 23:45 pset.py.pkl
-rw------- 1 cms037 cms     289 Jun 17 23:45 pset.pyc
drwxr-xr-x 2 cms037 cms    4096 Jun 17 23:45 python
-rw------- 1 cms037 cms     416 Jun 17 23:52 report.log
drwx------ 6 cms037 cms    4096 Jun 17 23:45 src
drwxr-xr-x 3 cms037 cms    4096 Jun 17 23:45 test
drwxr-xr-x 3 cms037 cms    4096 Jun 17 23:45 tmp
-rw------- 1 cms037 cms 4074075 Jun 17 23:52 validationEDM_14_1_RD9.root
>>> current directory (RUNTIME_AREA):  /home/cms037/home_cream_457517815/CREAM457517815/glide_4ikrPu/execute/dir_12629
SE = storm-se-01.ba.infn.it
SE_PATH = /srm/managerv2?SFN=//cms/store/user/calabria/calabria_SingleMuPt1000_GEN-SIM-DIGI-RECO_CMSSW_6_2_0_SLHC12_2023Scenario_Case4/calabria_MuMinus1000_GEN-SIM-DIGI-RECO_CMSSW_6_2_0_SLHC12_2023Scenario_VALNOPU2_Case4/5854dd31cbd3cdec44c48628cc181cf0/
LFNBaseName = /store/user/calabria/calabria_SingleMuPt1000_GEN-SIM-DIGI-RECO_CMSSW_6_2_0_SLHC12_2023Scenario_Case4/calabria_MuMinus1000_GEN-SIM-DIGI-RECO_CMSSW_6_2_0_SLHC12_2023Scenario_VALNOPU2_Case4/5854dd31cbd3cdec44c48628cc181cf0/
USER = calabria
endpoint = srm://storm-se-01.ba.infn.it:8444/srm/managerv2?SFN=//cms/store/user/calabria/calabria_SingleMuPt1000_GEN-SIM-DIGI-RECO_CMSSW_6_2_0_SLHC12_2023Scenario_Case4/calabria_MuMinus1000_GEN-SIM-DIGI-RECO_CMSSW_6_2_0_SLHC12_2023Scenario_VALNOPU2_Case4/5854dd31cbd3cdec44c48628cc181cf0/
>>> Copy output files from WN = alicegrid50.ba.infn.it to /srm/managerv2?SFN=//cms/store/user/calabria/calabria_SingleMuPt1000_GEN-SIM-DIGI-RECO_CMSSW_6_2_0_SLHC12_2023Scenario_Case4/calabria_MuMinus1000_GEN-SIM-DIGI-RECO_CMSSW_6_2_0_SLHC12_2023Scenario_VALNOPU2_Case4/5854dd31cbd3cdec44c48628cc181cf0/ :
python cmscp.py  --destination srm://storm-se-01.ba.infn.it:8444/srm/managerv2?SFN=//cms/store/user/calabria/calabria_SingleMuPt1000_GEN-SIM-DIGI-RECO_CMSSW_6_2_0_SLHC12_2023Scenario_Case4/calabria_MuMinus1000_GEN-SIM-DIGI-RECO_CMSSW_6_2_0_SLHC12_2023Scenario_VALNOPU2_Case4/5854dd31cbd3cdec44c48628cc181cf0/ --inputFileList /home/cms037/home_cream_457517815/CREAM457517815/glide_4ikrPu/execute/dir_12629/CMSSW_6_2_0_SLHC12/validationEDM_14_1_RD9.root --middleware LCG --se_name storm-se-01.ba.infn.it --for_lfn /store/user/calabria/calabria_SingleMuPt1000_GEN-SIM-DIGI-RECO_CMSSW_6_2_0_SLHC12_2023Scenario_Case4/calabria_MuMinus1000_GEN-SIM-DIGI-RECO_CMSSW_6_2_0_SLHC12_2023Scenario_VALNOPU2_Case4/5854dd31cbd3cdec44c48628cc181cf0/    
******************************************************
localSeName  =  storm-se-01.ba.infn.it
remoteSeName =  storm-se-01.ba.infn.it
******************************************************
{"/home/cms037/home_cream_457517815/CREAM457517815/glide_4ikrPu/execute/dir_12629/CMSSW_6_2_0_SLHC12/validationEDM_14_1_RD9.root": {"endpoint": "srm://storm-se-01.ba.infn.it:8444/srm/managerv2?SFN=//cms/store/user/calabria/calabria_SingleMuPt1000_GEN-SIM-DIGI-RECO_CMSSW_6_2_0_SLHC12_2023Scenario_Case4/calabria_MuMinus1000_GEN-SIM-DIGI-RECO_CMSSW_6_2_0_SLHC12_2023Scenario_VALNOPU2_Case4/5854dd31cbd3cdec44c48628cc181cf0/", "surl_for_grid": "", "reason": "Copy succedeed with srm-lcg utils", "erCode": "0", "se_name": "storm-se-01.ba.infn.it", "for_lfn": "/store/user/calabria/calabria_SingleMuPt1000_GEN-SIM-DIGI-RECO_CMSSW_6_2_0_SLHC12_2023Scenario_Case4/calabria_MuMinus1000_GEN-SIM-DIGI-RECO_CMSSW_6_2_0_SLHC12_2023Scenario_VALNOPU2_Case4/5854dd31cbd3cdec44c48628cc181cf0/"}}/home/cms037/home_cream_457517815/CREAM457517815/glide_4ikrPu/execute/dir_12629
-------- cat /home/cms037/home_cream_457517815/CREAM457517815/glide_4ikrPu/execute/dir_12629/cmscpReport.sh 
#!/bin/bash
echo "Report for File: /home/cms037/home_cream_457517815/CREAM457517815/glide_4ikrPu/execute/dir_12629/CMSSW_6_2_0_SLHC12/validationEDM_14_1_RD9.root"
echo "LFN: /store/user/calabria/calabria_SingleMuPt1000_GEN-SIM-DIGI-RECO_CMSSW_6_2_0_SLHC12_2023Scenario_Case4/calabria_MuMinus1000_GEN-SIM-DIGI-RECO_CMSSW_6_2_0_SLHC12_2023Scenario_VALNOPU2_Case4/5854dd31cbd3cdec44c48628cc181cf0/validationEDM_14_1_RD9.root"
echo "StorageElement: storm-se-01.ba.infn.it"
echo "StageOutExitStatusReason = 'Copy succedeed with srm-lcg utils'" | tee -a $RUNTIME_AREA/$repo
echo "StageOutSE = storm-se-01.ba.infn.it" >> $RUNTIME_AREA/$repo

export StageOutExitStatus=0
echo "StageOutExitStatus = 0" | tee -a $RUNTIME_AREA/$repo
-------- end of /home/cms037/home_cream_457517815/CREAM457517815/glide_4ikrPu/execute/dir_12629/cmscpReport.sh 
Report for File: /home/cms037/home_cream_457517815/CREAM457517815/glide_4ikrPu/execute/dir_12629/CMSSW_6_2_0_SLHC12/validationEDM_14_1_RD9.root
LFN: /store/user/calabria/calabria_SingleMuPt1000_GEN-SIM-DIGI-RECO_CMSSW_6_2_0_SLHC12_2023Scenario_Case4/calabria_MuMinus1000_GEN-SIM-DIGI-RECO_CMSSW_6_2_0_SLHC12_2023Scenario_VALNOPU2_Case4/5854dd31cbd3cdec44c48628cc181cf0/validationEDM_14_1_RD9.root
StorageElement: storm-se-01.ba.infn.it
StageOutExitStatusReason = 'Copy succedeed with srm-lcg utils'
StageOutExitStatus = 0
>>> current dir: /home/cms037/home_cream_457517815/CREAM457517815/glide_4ikrPu/execute/dir_12629
>>> current dir content:
total 28080
-rw-------  1 cms037 cms     2799 Jun 17 23:53 .SEinteraction.log
-rwx------  1 cms037 cms     6834 Jun 17 23:45 .job.ad
-rwx------  1 cms037 cms     9461 Jun 17 23:45 .machine.ad
-rw-------  1 cms037 cms      105 Jun 16 20:44 CMSSW.py
-rw-------  1 cms037 cms  3740252 Jun 16 20:44 CMSSW.py.pkl
-rwx------  1 cms037 cms    29582 Jun 17 23:45 CMSSW.sh
drwxr-xr-x 15 cms037 cms     4096 Jun 17 23:52 CMSSW_6_2_0_SLHC12
-rw-------  1 cms037 cms      220 Jun 17 23:45 CacheEnv.sh
-rw-------  1 cms037 cms     7291 Apr  4 11:04 DashboardAPI.py
-rw-------  1 cms037 cms     6815 Jun 17 23:45 DashboardAPI.pyc
drwx------  2 cms037 cms     4096 Jun 17 23:52 IMProv
-rw-------  1 cms037 cms     2748 Apr  4 11:04 Logger.py
-rw-------  1 cms037 cms     3347 Jun 17 23:45 Logger.pyc
-rw-------  1 cms037 cms    24524 Apr  4 11:04 ProcInfo.py
-rw-------  1 cms037 cms    23197 Jun 17 23:45 ProcInfo.pyc
drwx------  7 cms037 cms     4096 Jun 17 23:45 ProdCommon
drwx------  3 cms037 cms     4096 Jun 17 23:45 WMCore
-rw-------  1 cms037 cms     2642 Jun 17 23:52 Watchdog_14.log
-rwx------  1 cms037 cms        0 Jun 17 23:45 _condor_stderr
-rwx---r--  1 cms037 cms    29654 Jun 17 23:53 _condor_stdout
-rw-------  1 cms037 cms    32895 Apr  4 11:04 apmon.py
-rw-------  1 cms037 cms    28625 Jun 17 23:45 apmon.pyc
-rwx------  1 cms037 cms    54299 Jun 17 23:45 arguments.xml
-rwx------  1 cms037 cms    38515 Apr  4 11:04 cmscp.py
-rw-------  1 cms037 cms      722 Jun 17 23:53 cmscpReport.sh
-rwx------  1 cms037 cms    29582 Jun 17 23:45 condor_exec.exe
-rw-------  1 cms037 cms      968 Jun 16 20:44 crab.cfg
-rwx------  1 cms037 cms     8610 Apr  4 11:04 crabWatchdog.sh
-rwx---r--  1 cms037 cms   523422 Jun 17 23:52 crab_fjr_14.xml
-rwx------  1 cms037 cms 23959572 Jun 17 23:45 default.tgz
-rwx------  1 cms037 cms     4488 Apr  4 11:04 fillCrabFjr.py
-rw-------  1 cms037 cms     2673 Jun 17 23:45 inputsReport.txt
-rw-------  1 cms037 cms      263 Jun 17 23:53 jobreport.txt
-rw-------  1 cms037 cms    17352 Apr  4 11:04 parseCrabFjr.py
-rw-------  1 cms037 cms      334 Jun 17 23:45 report.log
-rwx--x--x  1 cms037 cms     1497 Apr  4 11:04 report.py
-rw-------  1 cms037 cms      780 Jun 17 23:53 resultCopyFile
lrwxrwxrwx  1 cms037 cms      126 Jun 17 23:52 validationEDM.root -> /home/cms037/home_cream_457517815/CREAM457517815/glide_4ikrPu/execute/dir_12629/CMSSW_6_2_0_SLHC12/validationEDM_14_1_RD9.root
-rwx------  1 cms037 cms     8387 Apr  4 11:04 writeCfg.py
-rw-------  1 cms037 cms     8010 Jun 17 23:45 x509up_u50707
>>> Modify Job Report:
CMSSW_VERSION = CMSSW_6_2_0_SLHC12
ProcessedDataset = calabria_MuMinus1000_GEN-SIM-DIGI-RECO_CMSSW_6_2_0_SLHC12_2023Scenario_VALNOPU2_Case4
/home/cms037/home_cream_457517815/CREAM457517815/glide_4ikrPu/execute/dir_12629/ProdCommon/FwkJobRep/ModifyJobReport.py fjr /home/cms037/home_cream_457517815/CREAM457517815/glide_4ikrPu/execute/dir_12629/crab_fjr_14.xml json /home/cms037/home_cream_457517815/CREAM457517815/glide_4ikrPu/execute/dir_12629/resultCopyFile n_job 14_1_RD9 PrimaryDataset calabria_SingleMuPt1000_GEN-SIM-DIGI-RECO_CMSSW_6_2_0_SLHC12_2023Scenario_Case4  ApplicationFamily cmsRun ApplicationName cmsRun cmssw_version CMSSW_6_2_0_SLHC12 psethash 5854dd31cbd3cdec44c48628cc181cf0 UserProcessedDataset calabria-calabria_MuMinus1000_GEN-SIM-DIGI-RECO_CMSSW_6_2_0_SLHC12_2023Scenario_VALNOPU2_Case4-5854dd31cbd3cdec44c48628cc181cf0
inputDict =  {u'/home/cms037/home_cream_457517815/CREAM457517815/glide_4ikrPu/execute/dir_12629/CMSSW_6_2_0_SLHC12/validationEDM_14_1_RD9.root': {u'endpoint': u'srm://storm-se-01.ba.infn.it:8444/srm/managerv2?SFN=//cms/store/user/calabria/calabria_SingleMuPt1000_GEN-SIM-DIGI-RECO_CMSSW_6_2_0_SLHC12_2023Scenario_Case4/calabria_MuMinus1000_GEN-SIM-DIGI-RECO_CMSSW_6_2_0_SLHC12_2023Scenario_VALNOPU2_Case4/5854dd31cbd3cdec44c48628cc181cf0/', u'surl_for_grid': u'', u'reason': u'Copy succedeed with srm-lcg utils', u'erCode': u'0', u'se_name': u'storm-se-01.ba.infn.it', u'for_lfn': u'/store/user/calabria/calabria_SingleMuPt1000_GEN-SIM-DIGI-RECO_CMSSW_6_2_0_SLHC12_2023Scenario_Case4/calabria_MuMinus1000_GEN-SIM-DIGI-RECO_CMSSW_6_2_0_SLHC12_2023Scenario_VALNOPU2_Case4/5854dd31cbd3cdec44c48628cc181cf0/'}}
UserProcessedDataset =  calabria-calabria_MuMinus1000_GEN-SIM-DIGI-RECO_CMSSW_6_2_0_SLHC12_2023Scenario_VALNOPU2_Case4-5854dd31cbd3cdec44c48628cc181cf0
file_name in inputDict =  /home/cms037/home_cream_457517815/CREAM457517815/glide_4ikrPu/execute/dir_12629/CMSSW_6_2_0_SLHC12/validationEDM_14_1_RD9.root
(size) os.stat(filename)[6] =  4074075
checksum =  1528505249
    file =  validationEDM_14_1_RD9.root
    newPfn =  srm://storm-se-01.ba.infn.it:8444/srm/managerv2?SFN=//cms/store/user/calabria/calabria_SingleMuPt1000_GEN-SIM-DIGI-RECO_CMSSW_6_2_0_SLHC12_2023Scenario_Case4/calabria_MuMinus1000_GEN-SIM-DIGI-RECO_CMSSW_6_2_0_SLHC12_2023Scenario_VALNOPU2_Case4/5854dd31cbd3cdec44c48628cc181cf0/validationEDM_14_1_RD9.root
    newLfn =  /store/user/calabria/calabria_SingleMuPt1000_GEN-SIM-DIGI-RECO_CMSSW_6_2_0_SLHC12_2023Scenario_Case4/calabria_MuMinus1000_GEN-SIM-DIGI-RECO_CMSSW_6_2_0_SLHC12_2023Scenario_VALNOPU2_Case4/5854dd31cbd3cdec44c48628cc181cf0/validationEDM_14_1_RD9.root
>>> crab_fjr_*.xml  permission set to 0704
CrabWrapper EXIT_FUNC entered at Tue Jun 17 23:53:16 CEST 2014   -  Tue Jun 17 21:53:16 UTC 2014
Checking output files:  
will tar file crab_fjr_14.xml in  out_files_14
WARNING: output file CMSSW_14.stdout not found!
WARNING: output file CMSSW_14.stderr not found!
WARNING: output file Watchdog_14.log.gz not found!
>>> padding time: Sleeping the wrapper for 138 seconds
STOPPING WATCHDOG. CrabWatchdog PID is 13327
********** LAST 50 LINES OF WATCHDOG LOG
# RESOURCE USAGE SUMMARY FOR PROCESS ID 12743
USER       PID %CPU %MEM    VSZ   RSS TTY      STAT START   TIME COMMAND
cms037   12743  0.2  0.0   9496  1592 ?        S    23:45   0:00 /bin/sh /home/cms037/home_cream_457517815/CREAM457517815/glide_4ikrPu/execute/dir_12629/condor_exec.exe 14 1
 
# LIMITS USED BY CRAB WATCHDOG:
# RSS  (KBytes)   : 2300000
# VSZ  (KBytes)   : 100000000
# DISK (MBytes)   : 19000
# CPU TIME        : 720h:0m:0s
# WALL CLOCK TIME : 21h:50m:0s
 
# FOLLOWING PRINTOUT TRACKS MAXIMUM VALUES OF RESOURCES USE
# ONE LINE IS PRINTED EACH TIME A MAXIMUM CHANGES
# IF CHANGE WAS IN RSS OR VSZ ALSO PROCID AND COMMAND ARE PRINTED
# THERE IS NO PRINTOUT FOR CPU/WALL TIME INCREASE
 
# TIME			PID	RSS(KB)	VSZ(KB)	Dsk(MB)	tCPU(s)	tWALL(s)	COMMAND
 Jun 17 23:45:40 CEST	12209	1396	9364	0	0	0	/bin/bash /home/cms037/home_cream_457517815/CREAM457517815/glide_4ikrPu/main/condor_startup.sh glidein_config        
 Jun 17 23:45:40 CEST	12629	8416	93612	0	0	0	condor_starter -f submit-4.t2.ucsd.edu        
 Jun 17 23:45:40 CEST	13339	39260	101884	0	0	0	edmConfigHash pset.py         
 Jun 17 23:45:40 CEST	32142	39260	106092	0	0	1	sh -c "./glidein_startup.sh" -v std -name v1_3 -entry CMS_T2_IT_Bari_ce2 -clientname UCSD-v1_0.main
 Jun 17 23:45:40 CEST	32147	39260	106492	0	0	1	/bin/bash ./glidein_startup.sh -v std -name v1_3 -entry CMS_T2_IT_Bari_ce2 -clientname UCSD-v1_0.main -schedd
 Jun 17 23:45:40 CEST	---	39260	106492	171	----	----	----
 Jun 17 23:46:41 CEST	13964	768360	986452	171	33	62	cmsRun -j /home/cms037/home_cream_457517815/CREAM457517815/glide_4ikrPu/execute/dir_12629/crab_fjr_14.xml -p pset.py      
 Jun 17 23:46:41 CEST	---	768360	986452	175	----	----	----
 Jun 17 23:47:43 CEST	13964	794504	1005652	175	82	124	cmsRun -j /home/cms037/home_cream_457517815/CREAM457517815/glide_4ikrPu/execute/dir_12629/crab_fjr_14.xml -p pset.py      
 Jun 17 23:48:45 CEST	13964	797608	1013032	175	129	185	cmsRun -j /home/cms037/home_cream_457517815/CREAM457517815/glide_4ikrPu/execute/dir_12629/crab_fjr_14.xml -p pset.py      
 Jun 17 23:49:46 CEST	13964	809572	1021036	175	180	247	cmsRun -j /home/cms037/home_cream_457517815/CREAM457517815/glide_4ikrPu/execute/dir_12629/crab_fjr_14.xml -p pset.py      
 Jun 17 23:50:48 CEST	13964	809572	1026156	175	228	310	cmsRun -j /home/cms037/home_cream_457517815/CREAM457517815/glide_4ikrPu/execute/dir_12629/crab_fjr_14.xml -p pset.py      
 Jun 17 23:51:52 CEST	13964	810008	1030508	175	276	374	cmsRun -j /home/cms037/home_cream_457517815/CREAM457517815/glide_4ikrPu/execute/dir_12629/crab_fjr_14.xml -p pset.py      
 Jun 17 23:52:56 CEST	---	810008	1030508	179	----	----	----
********** WATCHDOG LOG ENDED
ZIPPING WATCHDOG LOG
Disk space used:
du -sh /home/cms037/home_cream_457517815/CREAM457517815/glide_4ikrPu/execute/dir_12629
179M	/home/cms037/home_cream_457517815/CREAM457517815/glide_4ikrPu/execute/dir_12629
Found unusual stdout, rename for OSB
`/home/cms037/home_cream_457517815/CREAM457517815/glide_4ikrPu/execute/dir_12629/_condor_stdout' -> `CMSSW_14.stdout'
Found unusual stderr, rename for OSB
`/home/cms037/home_cream_457517815/CREAM457517815/glide_4ikrPu/execute/dir_12629/_condor_stdout' -> `CMSSW_14.stderr'
crab_fjr_14.xml
CMSSW_14.stdout
CMSSW_14.stderr
Watchdog_14.log.gz
Total Output dimension: 70080
WARNING: output files size limit is set to: 50000000
Total Output dimension 70080 is fine.
JOB_EXIT_STATUS = 0
>>> info for dashboard:
***** Cat /home/cms037/home_cream_457517815/CREAM457517815/glide_4ikrPu/execute/dir_12629/jobreport.txt *****
MonitorJobID=14_https://submit-4.t2.ucsd.edu//140616//222477.13
MonitorID=calabria_MuMinus1000_Case4_ReReco_u805tn
ExeTime=383
ExeExitCode=0
StageOutExitStatusReason = 'Copy succedeed with srm-lcg utils'
StageOutSE = storm-se-01.ba.infn.it
StageOutExitStatus = 0
CrabUserCpuTime=289.72
CrabSysCpuTime=15.10
CrabCpuPercentage=79%
CrabWrapperTime=600
CrabStageoutTime=48
JobExitCode=0
***** End Cat jobreport *****
Parameters sent to Dashboard.
EXITING at Tue Jun 17 23:55:38 CEST 2014  -  Tue Jun 17 21:55:38 UTC 2014
