This script was generated by crab (version 2.10.5_patch1).
Running /home/cms040/home_cream_682359883/CREAM682359883/glide_iF6QwV/execute/dir_28821/condor_exec.exe with 2 positional parameters: 5 1
Today is Tue Jun 17 23:35:27 CEST 2014 - Tue Jun 17 21:35:27 UTC 2014
Job submitted on host alicegrid98.ba.infn.it
Linux alicegrid98.ba.infn.it 2.6.32-358.23.2.el6.x86_64 #1 SMP Thu Oct 17 10:27:22 CEST 2013 x86_64 x86_64 x86_64 GNU/Linux
>>> current directory (RUNTIME_AREA): /home/cms040/home_cream_682359883/CREAM682359883/glide_iF6QwV/execute/dir_28821
>>> current user: uid=18598(cms040) gid=1399(cms) groups=1399(cms)
>>> directory permission set to 0700
>>> umask set to:  u=rwx,g=,o=
>>> stdout stderr permission set to 0704
>>> voms proxy information:
subject   : /C=IT/O=INFN/OU=Personal Certificate/L=Bari/CN=Cesare Calabria/CN=477126703/CN=1010673543
issuer    : /C=IT/O=INFN/OU=Personal Certificate/L=Bari/CN=Cesare Calabria/CN=477126703
identity  : /C=IT/O=INFN/OU=Personal Certificate/L=Bari/CN=Cesare Calabria
type      : RFC3820 compliant limited proxy
strength  : 1024
path      : /home/cms040/home_cream_682359883/CREAM682359883/glide_iF6QwV/execute/dir_28821/x509up_u50707
timeleft  : 23:59:50
key usage : Digital Signature, Key Encipherment, Data Encipherment
=== VO cms extension information ===
VO        : cms
subject   : /C=IT/O=INFN/OU=Personal Certificate/L=Bari/CN=Cesare Calabria
issuer    : /DC=ch/DC=cern/OU=computers/CN=voms.cern.ch
attribute : /cms/Role=NULL/Capability=NULL
attribute : /cms/itcms/Role=NULL/Capability=NULL
timeleft  : 155:48:52
uri       : voms.cern.ch:15002

WNHostName=alicegrid98.ba.infn.it
>>> tar --no-same-permissions -xf /home/cms040/home_cream_682359883/CREAM682359883/glide_iF6QwV/execute/dir_28821/default.tgz :
Successful untar
>>> Include /home/cms040/home_cream_682359883/CREAM682359883/glide_iF6QwV/execute/dir_28821 in PYTHONPATH:
strip arguments
env var CRAB_UNIQUE_JOB_ID set to: calabria_MuMinus1000_Case4_ReReco_u805tn_5_1_tga
out_files_5
>>> list of expected files on output sandbox
output files: crab_fjr_5.xml CMSSW_5.stdout CMSSW_5.stderr Watchdog_5.log.gz
>>> GridFlavour discovery: 
GridFlavour=LCG
>>> SyncSite discovery: 
SyncSite=T2_IT_Bari
>>> SyncCE discovery: 
getting SyncCE from CE_ID
SyncCE=cream-ce-2.ba.infn.it:8443/cream-pbs-cms
>>> info for dashboard:
***** Cat /home/cms040/home_cream_682359883/CREAM682359883/glide_iF6QwV/execute/dir_28821/jobreport.txt *****
WNHostName=alicegrid98.ba.infn.it
MonitorJobID=5_https://submit-4.t2.ucsd.edu//140616//222477.4
SyncGridJobId=https://submit-4.t2.ucsd.edu//140616//222477.4
MonitorID=calabria_MuMinus1000_Case4_ReReco_u805tn
GridFlavour=LCG
SyncSite=T2_IT_Bari
SyncCE=cream-ce-2.ba.infn.it:8443/cream-pbs-cms
***** End Cat jobreport *****
Parameters sent to Dashboard.
>>> setup environment
set SCRAM ARCH to slc5_amd64_gcc472
SCRAM_ARCH = slc5_amd64_gcc472
>>> setup CMS LCG environment:
set SCRAM ARCH and BUILD_ARCH to slc5_amd64_gcc472 ###
Sourcing environment... 
sourcing /cvmfs/cms.cern.ch/cmsset_default.sh
==> setup cms environment ok
>>> specific cmssw setup environment:
CMSSW_VERSION =  CMSSW_6_2_0_SLHC12
>>> current directory (SOFTWARE_DIR): /home/cms040/home_cream_682359883/CREAM682359883/glide_iF6QwV/execute/dir_28821/CMSSW_6_2_0_SLHC12
PreserveSeeds: <>
IncrementSeeds:<>
>>> info for dashboard:
***** Cat /home/cms040/home_cream_682359883/CREAM682359883/glide_iF6QwV/execute/dir_28821/jobreport.txt *****
MonitorJobID=5_https://submit-4.t2.ucsd.edu//140616//222477.4
MonitorID=calabria_MuMinus1000_Case4_ReReco_u805tn
***** End Cat jobreport *****
Parameters sent to Dashboard.
crabWatchdog started as process 29182
>>> moving CMSSW software directories in /home/cms040/home_cream_682359883/CREAM682359883/glide_iF6QwV/execute/dir_28821/CMSSW_6_2_0_SLHC12
mv: cannot stat `/home/cms040/home_cream_682359883/CREAM682359883/glide_iF6QwV/execute/dir_28821/module/': No such file or directory
>>> Include /home/cms040/home_cream_682359883/CREAM682359883/glide_iF6QwV/execute/dir_28821 in PYTHONPATH:
PYTHONPATH=/home/cms040/home_cream_682359883/CREAM682359883/glide_iF6QwV/execute/dir_28821/:/home/cms040/home_cream_682359883/CREAM682359883/glide_iF6QwV/execute/dir_28821/CMSSW_6_2_0_SLHC12/python:/home/cms040/home_cream_682359883/CREAM682359883/glide_iF6QwV/execute/dir_28821/CMSSW_6_2_0_SLHC12/lib/slc5_amd64_gcc472:/cvmfs/cms.cern.ch/slc5_amd64_gcc472/cms/cmssw/CMSSW_6_2_0_SLHC12/python:/cvmfs/cms.cern.ch/slc5_amd64_gcc472/cms/cmssw/CMSSW_6_2_0_SLHC12/lib/slc5_amd64_gcc472:/cvmfs/cms.cern.ch/slc5_amd64_gcc472/cms/coral/CORAL_2_3_21-cms36/slc5_amd64_gcc472/python:/cvmfs/cms.cern.ch/slc5_amd64_gcc472/cms/coral/CORAL_2_3_21-cms36/slc5_amd64_gcc472/lib:/cvmfs/cms.cern.ch/slc5_amd64_gcc472/external/pyqt/4.8.1-cms6/lib/python2.7/site-packages:/cvmfs/cms.cern.ch/slc5_amd64_gcc472/external/py2-scipy/0.8.0-cms8/lib/python2.7/site-packages:/cvmfs/cms.cern.ch/slc5_amd64_gcc472/external/py2-matplotlib/1.0.1-cms8/lib/python2.7/site-packages:/cvmfs/cms.cern.ch/slc5_amd64_gcc472/external/python-ldap/2.3.5-cms6/lib/python2.7/site-packages:/cvmfs/cms.cern.ch/slc5_amd64_gcc472/external/sip/4.11.2-cms6/lib/python2.7/site-packages:/cvmfs/cms.cern.ch/slc5_amd64_gcc472/external/py2-pycurl/7.19.0-cms8/lib/python2.7/site-packages:/cvmfs/cms.cern.ch/slc5_amd64_gcc472/external/py2-numpy/1.6.1-cms8/lib/python2.7/site-packages:/cvmfs/cms.cern.ch/slc5_amd64_gcc472/external/py2-lint/0.25.1-cms6/lib/python2.7/site-packages:/cvmfs/cms.cern.ch/slc5_amd64_gcc472/external/py2-ipython/0.10-cms6/lib/python2.7/site-packages:/cvmfs/cms.cern.ch/slc5_amd64_gcc472/external/py2-cx-oracle/5.1-cms7/lib/python2.7/site-packages:/cvmfs/cms.cern.ch/slc5_amd64_gcc472/external/py2-cjson/1.0.5-cms6/lib/python2.7/site-packages:/cvmfs/cms.cern.ch/slc5_amd64_gcc472/cms/das-client/1.11.7/bin:/cvmfs/cms.cern.ch/slc5_amd64_gcc472/external/elementtree/1.2.6-cms6/share/lib/python2.7/site-packages:/cvmfs/cms.cern.ch/slc5_amd64_gcc472/external/rivet/1.8.2-cms8/lib/python2.7/site-packages:/cvmfs/cms.cern.ch/slc5_amd64_gcc472/external/pyminuit2/0.0.1-cms19/lib/python2.7/site-packages:/cvmfs/cms.cern.ch/slc5_amd64_gcc472/external/py2-pygithub/1.23.0/lib/python2.7/site-packages:/cvmfs/cms.cern.ch/slc5_amd64_gcc472/external/professor/1.0.0-cms19/lib/python2.7/site-packages:/cvmfs/cms.cern.ch/slc5_amd64_gcc472/lcg/root/5.34.07-cms/lib:/cvmfs/cms.cern.ch/slc5_amd64_gcc472/cms/dbs-client/DBS_2_1_9-cms5/lib:/cvmfs/cms.cern.ch/slc5_amd64_gcc472/cms/dbs-client/DBS_2_1_9-cms5/lib/DBSAPI:/cvmfs/cms.cern.ch/slc5_amd64_gcc472/external/cvs2git/5419-cms/lib:/home/cms040/home_cream_682359883/CREAM682359883/glide_iF6QwV/execute/dir_28821/
 
# LIMITS USED BY CRAB WATCHDOG:
# RSS  (KBytes)   : 2300000
# VSZ  (KBytes)   : 100000000
# DISK (MBytes)   : 19000
# CPU TIME        : 720h:0m:0s
# WALL CLOCK TIME : 21h:50m:0s
 
5854dd31cbd3cdec44c48628cc181cf0
PSETHASH = 5854dd31cbd3cdec44c48628cc181cf0
/home/cms040/home_cream_682359883/CREAM682359883/glide_iF6QwV/execute/dir_28821/writeCfg.py pset.py pset.py
Importing .py file
Setting parameters
RandomNumberGeneratorService found, will attempt to change seeds
inputBlocks=/calabria_SingleMuPt1000_GEN-SIM-DIGI-RECO_CMSSW_6_2_0_SLHC12_2023Scenario_Case4/calabria-calabria_SingleMuPt1000_GEN-SIM-DIGI-RECO_CMSSW_6_2_0_SLHC12_2023Scenario_Case4-fa5ffd20b461790f8466430606d05ce8/USER#d9e7ecf4-5ddd-46e4-9d05-d9706d058ff9
inputFiles=/store/user/calabria/calabria_SingleMuPt1000_GEN-SIM-DIGI-RECO_CMSSW_6_2_0_SLHC12_2023Scenario_Case4/calabria_SingleMuPt1000_GEN-SIM-DIGI-RECO_CMSSW_6_2_0_SLHC12_2023Scenario_Case4/fa5ffd20b461790f8466430606d05ce8/out_reco_7_2_DWl.root;/store/user/calabria/calabria_SingleMuPt1000_GEN-SIM-DIGI-RECO_CMSSW_6_2_0_SLHC12_2023Scenario_Case4/calabria_SingleMuPt1000_GEN-SIM-DIGI-RECO_CMSSW_6_2_0_SLHC12_2023Scenario_Case4/fa5ffd20b461790f8466430606d05ce8/out_reco_12_1_BDn.root;/store/user/calabria/calabria_SingleMuPt1000_GEN-SIM-DIGI-RECO_CMSSW_6_2_0_SLHC12_2023Scenario_Case4/calabria_SingleMuPt1000_GEN-SIM-DIGI-RECO_CMSSW_6_2_0_SLHC12_2023Scenario_Case4/fa5ffd20b461790f8466430606d05ce8/out_reco_14_2_poR.root;/store/user/calabria/calabria_SingleMuPt1000_GEN-SIM-DIGI-RECO_CMSSW_6_2_0_SLHC12_2023Scenario_Case4/calabria_SingleMuPt1000_GEN-SIM-DIGI-RECO_CMSSW_6_2_0_SLHC12_2023Scenario_Case4/fa5ffd20b461790f8466430606d05ce8/out_reco_17_1_znr.root;/store/user/calabria/calabria_SingleMuPt1000_GEN-SIM-DIGI-RECO_CMSSW_6_2_0_SLHC12_2023Scenario_Case4/calabria_SingleMuPt1000_GEN-SIM-DIGI-RECO_CMSSW_6_2_0_SLHC12_2023Scenario_Case4/fa5ffd20b461790f8466430606d05ce8/out_reco_20_1_RdC.root;/store/user/calabria/calabria_SingleMuPt1000_GEN-SIM-DIGI-RECO_CMSSW_6_2_0_SLHC12_2023Scenario_Case4/calabria_SingleMuPt1000_GEN-SIM-DIGI-RECO_CMSSW_6_2_0_SLHC12_2023Scenario_Case4/fa5ffd20b461790f8466430606d05ce8/out_reco_22_1_Mzv.root;/store/user/calabria/calabria_SingleMuPt1000_GEN-SIM-DIGI-RECO_CMSSW_6_2_0_SLHC12_2023Scenario_Case4/calabria_SingleMuPt1000_GEN-SIM-DIGI-RECO_CMSSW_6_2_0_SLHC12_2023Scenario_Case4/fa5ffd20b461790f8466430606d05ce8/out_reco_23_1_XQH.root;/store/user/calabria/calabria_SingleMuPt1000_GEN-SIM-DIGI-RECO_CMSSW_6_2_0_SLHC12_2023Scenario_Case4/calabria_SingleMuPt1000_GEN-SIM-DIGI-RECO_CMSSW_6_2_0_SLHC12_2023Scenario_Case4/fa5ffd20b461790f8466430606d05ce8/out_reco_24_1_pHB.root;/store/user/calabria/calabria_SingleMuPt1000_GEN-SIM-DIGI-RECO_CMSSW_6_2_0_SLHC12_2023Scenario_Case4/calabria_SingleMuPt1000_GEN-SIM-DIGI-RECO_CMSSW_6_2_0_SLHC12_2023Scenario_Case4/fa5ffd20b461790f8466430606d05ce8/out_reco_26_2_r4e.root;/store/user/calabria/calabria_SingleMuPt1000_GEN-SIM-DIGI-RECO_CMSSW_6_2_0_SLHC12_2023Scenario_Case4/calabria_SingleMuPt1000_GEN-SIM-DIGI-RECO_CMSSW_6_2_0_SLHC12_2023Scenario_Case4/fa5ffd20b461790f8466430606d05ce8/out_reco_27_1_fhm.root
parentFiles=
lumisRange=
>>> Executable cmsRun
/cvmfs/cms.cern.ch/slc5_amd64_gcc472/cms/cmssw/CMSSW_6_2_0_SLHC12/bin/slc5_amd64_gcc472/cmsRun
ok executable found
>>> info for dashboard:
***** Cat /home/cms040/home_cream_682359883/CREAM682359883/glide_iF6QwV/execute/dir_28821/jobreport.txt *****
MonitorJobID=5_https://submit-4.t2.ucsd.edu//140616//222477.4
MonitorID=calabria_MuMinus1000_Case4_ReReco_u805tn
ExeStart=cmsRun
***** End Cat jobreport *****
Parameters sent to Dashboard.
>>> cmsRun started at Tue Jun 17 21:35:53 UTC 2014
>>> cmsRun ended at Tue Jun 17 21:43:52 UTC 2014
>>> crab_fjr_*.xml  permission set to 0704
>>> info for dashboard:
***** Cat /home/cms040/home_cream_682359883/CREAM682359883/glide_iF6QwV/execute/dir_28821/jobreport.txt *****
MonitorJobID=5_https://submit-4.t2.ucsd.edu//140616//222477.4
MonitorID=calabria_MuMinus1000_Case4_ReReco_u805tn
ExeEnd=cmsRun
***** End Cat jobreport *****
Parameters sent to Dashboard.
TIME_EXE = 479 sec
>>> cmsRun wrote 50 lines of stdout+stderr
>>> START OF printout of 50 lines from stdout+stderr
271 DQMStore::DQMStore 
HcalTopologyIdealEP::HcalTopologyIdealEP
17-Jun-2014 23:36:13 CEST  Initiating request to open file file:/lustre/cms//store/user/calabria/calabria_SingleMuPt1000_GEN-SIM-DIGI-RECO_CMSSW_6_2_0_SLHC12_2023Scenario_Case4/calabria_SingleMuPt1000_GEN-SIM-DIGI-RECO_CMSSW_6_2_0_SLHC12_2023Scenario_Case4/fa5ffd20b461790f8466430606d05ce8/out_reco_7_2_DWl.root
17-Jun-2014 23:36:16 CEST  Successfully opened file file:/lustre/cms//store/user/calabria/calabria_SingleMuPt1000_GEN-SIM-DIGI-RECO_CMSSW_6_2_0_SLHC12_2023Scenario_Case4/calabria_SingleMuPt1000_GEN-SIM-DIGI-RECO_CMSSW_6_2_0_SLHC12_2023Scenario_Case4/fa5ffd20b461790f8466430606d05ce8/out_reco_7_2_DWl.root
17-Jun-2014 23:37:05 CEST  Closed file file:/lustre/cms//store/user/calabria/calabria_SingleMuPt1000_GEN-SIM-DIGI-RECO_CMSSW_6_2_0_SLHC12_2023Scenario_Case4/calabria_SingleMuPt1000_GEN-SIM-DIGI-RECO_CMSSW_6_2_0_SLHC12_2023Scenario_Case4/fa5ffd20b461790f8466430606d05ce8/out_reco_7_2_DWl.root
17-Jun-2014 23:37:05 CEST  Initiating request to open file file:/lustre/cms//store/user/calabria/calabria_SingleMuPt1000_GEN-SIM-DIGI-RECO_CMSSW_6_2_0_SLHC12_2023Scenario_Case4/calabria_SingleMuPt1000_GEN-SIM-DIGI-RECO_CMSSW_6_2_0_SLHC12_2023Scenario_Case4/fa5ffd20b461790f8466430606d05ce8/out_reco_12_1_BDn.root
17-Jun-2014 23:37:06 CEST  Successfully opened file file:/lustre/cms//store/user/calabria/calabria_SingleMuPt1000_GEN-SIM-DIGI-RECO_CMSSW_6_2_0_SLHC12_2023Scenario_Case4/calabria_SingleMuPt1000_GEN-SIM-DIGI-RECO_CMSSW_6_2_0_SLHC12_2023Scenario_Case4/fa5ffd20b461790f8466430606d05ce8/out_reco_12_1_BDn.root
17-Jun-2014 23:37:45 CEST  Closed file file:/lustre/cms//store/user/calabria/calabria_SingleMuPt1000_GEN-SIM-DIGI-RECO_CMSSW_6_2_0_SLHC12_2023Scenario_Case4/calabria_SingleMuPt1000_GEN-SIM-DIGI-RECO_CMSSW_6_2_0_SLHC12_2023Scenario_Case4/fa5ffd20b461790f8466430606d05ce8/out_reco_12_1_BDn.root
17-Jun-2014 23:37:45 CEST  Initiating request to open file file:/lustre/cms//store/user/calabria/calabria_SingleMuPt1000_GEN-SIM-DIGI-RECO_CMSSW_6_2_0_SLHC12_2023Scenario_Case4/calabria_SingleMuPt1000_GEN-SIM-DIGI-RECO_CMSSW_6_2_0_SLHC12_2023Scenario_Case4/fa5ffd20b461790f8466430606d05ce8/out_reco_14_2_poR.root
17-Jun-2014 23:37:45 CEST  Successfully opened file file:/lustre/cms//store/user/calabria/calabria_SingleMuPt1000_GEN-SIM-DIGI-RECO_CMSSW_6_2_0_SLHC12_2023Scenario_Case4/calabria_SingleMuPt1000_GEN-SIM-DIGI-RECO_CMSSW_6_2_0_SLHC12_2023Scenario_Case4/fa5ffd20b461790f8466430606d05ce8/out_reco_14_2_poR.root
17-Jun-2014 23:38:20 CEST  Closed file file:/lustre/cms//store/user/calabria/calabria_SingleMuPt1000_GEN-SIM-DIGI-RECO_CMSSW_6_2_0_SLHC12_2023Scenario_Case4/calabria_SingleMuPt1000_GEN-SIM-DIGI-RECO_CMSSW_6_2_0_SLHC12_2023Scenario_Case4/fa5ffd20b461790f8466430606d05ce8/out_reco_14_2_poR.root
17-Jun-2014 23:38:20 CEST  Initiating request to open file file:/lustre/cms//store/user/calabria/calabria_SingleMuPt1000_GEN-SIM-DIGI-RECO_CMSSW_6_2_0_SLHC12_2023Scenario_Case4/calabria_SingleMuPt1000_GEN-SIM-DIGI-RECO_CMSSW_6_2_0_SLHC12_2023Scenario_Case4/fa5ffd20b461790f8466430606d05ce8/out_reco_17_1_znr.root
17-Jun-2014 23:38:20 CEST  Successfully opened file file:/lustre/cms//store/user/calabria/calabria_SingleMuPt1000_GEN-SIM-DIGI-RECO_CMSSW_6_2_0_SLHC12_2023Scenario_Case4/calabria_SingleMuPt1000_GEN-SIM-DIGI-RECO_CMSSW_6_2_0_SLHC12_2023Scenario_Case4/fa5ffd20b461790f8466430606d05ce8/out_reco_17_1_znr.root
17-Jun-2014 23:38:53 CEST  Closed file file:/lustre/cms//store/user/calabria/calabria_SingleMuPt1000_GEN-SIM-DIGI-RECO_CMSSW_6_2_0_SLHC12_2023Scenario_Case4/calabria_SingleMuPt1000_GEN-SIM-DIGI-RECO_CMSSW_6_2_0_SLHC12_2023Scenario_Case4/fa5ffd20b461790f8466430606d05ce8/out_reco_17_1_znr.root
17-Jun-2014 23:38:53 CEST  Initiating request to open file file:/lustre/cms//store/user/calabria/calabria_SingleMuPt1000_GEN-SIM-DIGI-RECO_CMSSW_6_2_0_SLHC12_2023Scenario_Case4/calabria_SingleMuPt1000_GEN-SIM-DIGI-RECO_CMSSW_6_2_0_SLHC12_2023Scenario_Case4/fa5ffd20b461790f8466430606d05ce8/out_reco_20_1_RdC.root
17-Jun-2014 23:38:54 CEST  Successfully opened file file:/lustre/cms//store/user/calabria/calabria_SingleMuPt1000_GEN-SIM-DIGI-RECO_CMSSW_6_2_0_SLHC12_2023Scenario_Case4/calabria_SingleMuPt1000_GEN-SIM-DIGI-RECO_CMSSW_6_2_0_SLHC12_2023Scenario_Case4/fa5ffd20b461790f8466430606d05ce8/out_reco_20_1_RdC.root
17-Jun-2014 23:39:27 CEST  Closed file file:/lustre/cms//store/user/calabria/calabria_SingleMuPt1000_GEN-SIM-DIGI-RECO_CMSSW_6_2_0_SLHC12_2023Scenario_Case4/calabria_SingleMuPt1000_GEN-SIM-DIGI-RECO_CMSSW_6_2_0_SLHC12_2023Scenario_Case4/fa5ffd20b461790f8466430606d05ce8/out_reco_20_1_RdC.root
17-Jun-2014 23:39:27 CEST  Initiating request to open file file:/lustre/cms//store/user/calabria/calabria_SingleMuPt1000_GEN-SIM-DIGI-RECO_CMSSW_6_2_0_SLHC12_2023Scenario_Case4/calabria_SingleMuPt1000_GEN-SIM-DIGI-RECO_CMSSW_6_2_0_SLHC12_2023Scenario_Case4/fa5ffd20b461790f8466430606d05ce8/out_reco_22_1_Mzv.root
17-Jun-2014 23:39:27 CEST  Successfully opened file file:/lustre/cms//store/user/calabria/calabria_SingleMuPt1000_GEN-SIM-DIGI-RECO_CMSSW_6_2_0_SLHC12_2023Scenario_Case4/calabria_SingleMuPt1000_GEN-SIM-DIGI-RECO_CMSSW_6_2_0_SLHC12_2023Scenario_Case4/fa5ffd20b461790f8466430606d05ce8/out_reco_22_1_Mzv.root
17-Jun-2014 23:39:59 CEST  Closed file file:/lustre/cms//store/user/calabria/calabria_SingleMuPt1000_GEN-SIM-DIGI-RECO_CMSSW_6_2_0_SLHC12_2023Scenario_Case4/calabria_SingleMuPt1000_GEN-SIM-DIGI-RECO_CMSSW_6_2_0_SLHC12_2023Scenario_Case4/fa5ffd20b461790f8466430606d05ce8/out_reco_22_1_Mzv.root
17-Jun-2014 23:39:59 CEST  Initiating request to open file file:/lustre/cms//store/user/calabria/calabria_SingleMuPt1000_GEN-SIM-DIGI-RECO_CMSSW_6_2_0_SLHC12_2023Scenario_Case4/calabria_SingleMuPt1000_GEN-SIM-DIGI-RECO_CMSSW_6_2_0_SLHC12_2023Scenario_Case4/fa5ffd20b461790f8466430606d05ce8/out_reco_23_1_XQH.root
17-Jun-2014 23:39:59 CEST  Successfully opened file file:/lustre/cms//store/user/calabria/calabria_SingleMuPt1000_GEN-SIM-DIGI-RECO_CMSSW_6_2_0_SLHC12_2023Scenario_Case4/calabria_SingleMuPt1000_GEN-SIM-DIGI-RECO_CMSSW_6_2_0_SLHC12_2023Scenario_Case4/fa5ffd20b461790f8466430606d05ce8/out_reco_23_1_XQH.root
17-Jun-2014 23:40:32 CEST  Closed file file:/lustre/cms//store/user/calabria/calabria_SingleMuPt1000_GEN-SIM-DIGI-RECO_CMSSW_6_2_0_SLHC12_2023Scenario_Case4/calabria_SingleMuPt1000_GEN-SIM-DIGI-RECO_CMSSW_6_2_0_SLHC12_2023Scenario_Case4/fa5ffd20b461790f8466430606d05ce8/out_reco_23_1_XQH.root
17-Jun-2014 23:40:32 CEST  Initiating request to open file file:/lustre/cms//store/user/calabria/calabria_SingleMuPt1000_GEN-SIM-DIGI-RECO_CMSSW_6_2_0_SLHC12_2023Scenario_Case4/calabria_SingleMuPt1000_GEN-SIM-DIGI-RECO_CMSSW_6_2_0_SLHC12_2023Scenario_Case4/fa5ffd20b461790f8466430606d05ce8/out_reco_24_1_pHB.root
17-Jun-2014 23:40:32 CEST  Successfully opened file file:/lustre/cms//store/user/calabria/calabria_SingleMuPt1000_GEN-SIM-DIGI-RECO_CMSSW_6_2_0_SLHC12_2023Scenario_Case4/calabria_SingleMuPt1000_GEN-SIM-DIGI-RECO_CMSSW_6_2_0_SLHC12_2023Scenario_Case4/fa5ffd20b461790f8466430606d05ce8/out_reco_24_1_pHB.root
17-Jun-2014 23:41:14 CEST  Closed file file:/lustre/cms//store/user/calabria/calabria_SingleMuPt1000_GEN-SIM-DIGI-RECO_CMSSW_6_2_0_SLHC12_2023Scenario_Case4/calabria_SingleMuPt1000_GEN-SIM-DIGI-RECO_CMSSW_6_2_0_SLHC12_2023Scenario_Case4/fa5ffd20b461790f8466430606d05ce8/out_reco_24_1_pHB.root
17-Jun-2014 23:41:14 CEST  Initiating request to open file file:/lustre/cms//store/user/calabria/calabria_SingleMuPt1000_GEN-SIM-DIGI-RECO_CMSSW_6_2_0_SLHC12_2023Scenario_Case4/calabria_SingleMuPt1000_GEN-SIM-DIGI-RECO_CMSSW_6_2_0_SLHC12_2023Scenario_Case4/fa5ffd20b461790f8466430606d05ce8/out_reco_26_2_r4e.root
17-Jun-2014 23:41:14 CEST  Successfully opened file file:/lustre/cms//store/user/calabria/calabria_SingleMuPt1000_GEN-SIM-DIGI-RECO_CMSSW_6_2_0_SLHC12_2023Scenario_Case4/calabria_SingleMuPt1000_GEN-SIM-DIGI-RECO_CMSSW_6_2_0_SLHC12_2023Scenario_Case4/fa5ffd20b461790f8466430606d05ce8/out_reco_26_2_r4e.root
17-Jun-2014 23:41:51 CEST  Closed file file:/lustre/cms//store/user/calabria/calabria_SingleMuPt1000_GEN-SIM-DIGI-RECO_CMSSW_6_2_0_SLHC12_2023Scenario_Case4/calabria_SingleMuPt1000_GEN-SIM-DIGI-RECO_CMSSW_6_2_0_SLHC12_2023Scenario_Case4/fa5ffd20b461790f8466430606d05ce8/out_reco_26_2_r4e.root
17-Jun-2014 23:41:51 CEST  Initiating request to open file file:/lustre/cms//store/user/calabria/calabria_SingleMuPt1000_GEN-SIM-DIGI-RECO_CMSSW_6_2_0_SLHC12_2023Scenario_Case4/calabria_SingleMuPt1000_GEN-SIM-DIGI-RECO_CMSSW_6_2_0_SLHC12_2023Scenario_Case4/fa5ffd20b461790f8466430606d05ce8/out_reco_27_1_fhm.root
17-Jun-2014 23:41:51 CEST  Successfully opened file file:/lustre/cms//store/user/calabria/calabria_SingleMuPt1000_GEN-SIM-DIGI-RECO_CMSSW_6_2_0_SLHC12_2023Scenario_Case4/calabria_SingleMuPt1000_GEN-SIM-DIGI-RECO_CMSSW_6_2_0_SLHC12_2023Scenario_Case4/fa5ffd20b461790f8466430606d05ce8/out_reco_27_1_fhm.root
17-Jun-2014 23:43:51 CEST  Closed file file:/lustre/cms//store/user/calabria/calabria_SingleMuPt1000_GEN-SIM-DIGI-RECO_CMSSW_6_2_0_SLHC12_2023Scenario_Case4/calabria_SingleMuPt1000_GEN-SIM-DIGI-RECO_CMSSW_6_2_0_SLHC12_2023Scenario_Case4/fa5ffd20b461790f8466430606d05ce8/out_reco_27_1_fhm.root

=============================================

MessageLogger Summary

 type     category        sev    module        subroutine        count    total
 ---- -------------------- -- ---------------- ----------------  -----    -----
    1 fileAction           -s file_close                            10       10
    2 fileAction           -s file_open                             20       20

 type    category    Examples: run/evt        run/evt          run/evt
 ---- -------------------- ---------------- ---------------- ----------------
    1 fileAction           PostProcessEvent PostProcessEvent PostEndRun
    2 fileAction           pre-events       pre-events       PostProcessEvent

Severity    # Occurrences   Total Occurrences
--------    -------------   -----------------
System                 30                  30
>>> END OF printout of 50 lines from stdout+stderr
>>> Parse FrameworkJobReport crab_fjr.xml
Result of parsing the FrameworkJobReport crab_fjr.xml: Popularity start
lumisRange : 1::::1;1::::2;1::::3;1::::4;1::::5;1::::6;1::::7;1::::8;1::::9;1::::10;
lumisParentRange : 
Basename : /store/user/calabria/calabria_SingleMuPt1000_GEN-SIM-DIGI-RECO_CMSSW_6_2_0_SLHC12_2023Scenario_Case4/calabria_SingleMuPt1000_GEN-SIM-DIGI-RECO_CMSSW_6_2_0_SLHC12_2023Scenario_Case4/fa5ffd20b461790f8466430606d05ce8/out_reco_
BasenameParent : 
parentFiles : 
inputBlocks : /calabria_SingleMuPt1000_GEN-SIM-DIGI-RECO_CMSSW_6_2_0_SLHC12_2023Scenario_Case4/calabria-calabria_SingleMuPt1000_GEN-SIM-DIGI-RECO_CMSSW_6_2_0_SLHC12_2023Scenario_Case4-fa5ffd20b461790f8466430606d05ce8/USER#d9e7ecf4-5ddd-46e4-9d05-d9706d058ff9
inputFiles : 26_2_r4e.root::1::EDM::Local::1;14_2_poR.root::1::EDM::Local::2;17_1_znr.root::1::EDM::Local::3;24_1_pHB.root::1::EDM::Local::4;27_1_fhm.root::1::EDM::Local::5;20_1_RdC.root::1::EDM::Local::6;22_1_Mzv.root::1::EDM::Local::7;7_2_DWl.root::1::EDM::Local::8;23_1_XQH.root::1::EDM::Local::9;12_1_BDn.root::1::EDM::Local::10;
Popularity stop
Extracted ExitStatus from FrameworkJobReport parsing output: 0
>>> Executable succeded  0
ExeExitCode=0
EXECUTABLE_EXIT_STATUS = 0
>>> current directory /home/cms040/home_cream_682359883/CREAM682359883/glide_iF6QwV/execute/dir_28821/CMSSW_6_2_0_SLHC12
>>>  (SOFTWARE_DIR): /home/cms040/home_cream_682359883/CREAM682359883/glide_iF6QwV/execute/dir_28821/CMSSW_6_2_0_SLHC12
>>> (WORKING_DIR): 
>>> current directory content:
total 11320
drwxr-xr-x 3 cms040 cms    4096 Jun 17 23:35 .SCRAM
-rw------- 1 cms040 cms 3740252 Jun 17 23:35 CMSSW.py.pkl
drwxr-xr-x 3 cms040 cms    4096 Jun 17 23:35 bin
drwxr-xr-x 3 cms040 cms    4096 Jun 17 23:35 cfipython
drwxr-xr-x 4 cms040 cms    4096 Jun 17 23:35 config
-rw------- 1 cms040 cms      18 Jun 17 23:43 cpu_timing.txt
drwxr-xr-x 2 cms040 cms    4096 Jun 17 23:35 doc
-rw------- 1 cms040 cms   10012 Jun 17 23:43 executable.out
drwxr-xr-x 2 cms040 cms    4096 Jun 17 23:35 include
drwx------ 3 cms040 cms    4096 Apr 28 18:12 lib
drwxr-xr-x 3 cms040 cms    4096 Jun 17 23:35 logs
drwxr-xr-x 3 cms040 cms    4096 Jun 17 23:35 objs
-rw------- 1 cms040 cms     104 Jun 17 23:35 pset.py
-rw------- 1 cms040 cms 3712343 Jun 17 23:35 pset.py.pkl
-rw------- 1 cms040 cms     289 Jun 17 23:35 pset.pyc
drwxr-xr-x 2 cms040 cms    4096 Jun 17 23:35 python
-rw------- 1 cms040 cms     410 Jun 17 23:43 report.log
drwx------ 6 cms040 cms    4096 Jun 17 23:35 src
drwxr-xr-x 3 cms040 cms    4096 Jun 17 23:35 test
drwxr-xr-x 3 cms040 cms    4096 Jun 17 23:35 tmp
-rw------- 1 cms040 cms 4034971 Jun 17 23:43 validationEDM.root
>>> current directory /home/cms040/home_cream_682359883/CREAM682359883/glide_iF6QwV/execute/dir_28821/CMSSW_6_2_0_SLHC12
>>> (SOFTWARE_DIR): /home/cms040/home_cream_682359883/CREAM682359883/glide_iF6QwV/execute/dir_28821/CMSSW_6_2_0_SLHC12
>>> (WORKING_DIR): 
>>> current directory content:
total 11320
drwxr-xr-x 3 cms040 cms    4096 Jun 17 23:35 .SCRAM
-rw------- 1 cms040 cms 3740252 Jun 17 23:35 CMSSW.py.pkl
drwxr-xr-x 3 cms040 cms    4096 Jun 17 23:35 bin
drwxr-xr-x 3 cms040 cms    4096 Jun 17 23:35 cfipython
drwxr-xr-x 4 cms040 cms    4096 Jun 17 23:35 config
-rw------- 1 cms040 cms      18 Jun 17 23:43 cpu_timing.txt
drwxr-xr-x 2 cms040 cms    4096 Jun 17 23:35 doc
-rw------- 1 cms040 cms   10012 Jun 17 23:43 executable.out
drwxr-xr-x 2 cms040 cms    4096 Jun 17 23:35 include
drwx------ 3 cms040 cms    4096 Apr 28 18:12 lib
drwxr-xr-x 3 cms040 cms    4096 Jun 17 23:35 logs
drwxr-xr-x 3 cms040 cms    4096 Jun 17 23:35 objs
-rw------- 1 cms040 cms     104 Jun 17 23:35 pset.py
-rw------- 1 cms040 cms 3712343 Jun 17 23:35 pset.py.pkl
-rw------- 1 cms040 cms     289 Jun 17 23:35 pset.pyc
drwxr-xr-x 2 cms040 cms    4096 Jun 17 23:35 python
-rw------- 1 cms040 cms     410 Jun 17 23:43 report.log
drwx------ 6 cms040 cms    4096 Jun 17 23:35 src
drwxr-xr-x 3 cms040 cms    4096 Jun 17 23:35 test
drwxr-xr-x 3 cms040 cms    4096 Jun 17 23:35 tmp
-rw------- 1 cms040 cms 4034971 Jun 17 23:43 validationEDM_5_1_tga.root
>>> current directory (RUNTIME_AREA):  /home/cms040/home_cream_682359883/CREAM682359883/glide_iF6QwV/execute/dir_28821
SE = storm-se-01.ba.infn.it
SE_PATH = /srm/managerv2?SFN=//cms/store/user/calabria/calabria_SingleMuPt1000_GEN-SIM-DIGI-RECO_CMSSW_6_2_0_SLHC12_2023Scenario_Case4/calabria_MuMinus1000_GEN-SIM-DIGI-RECO_CMSSW_6_2_0_SLHC12_2023Scenario_VALNOPU2_Case4/5854dd31cbd3cdec44c48628cc181cf0/
LFNBaseName = /store/user/calabria/calabria_SingleMuPt1000_GEN-SIM-DIGI-RECO_CMSSW_6_2_0_SLHC12_2023Scenario_Case4/calabria_MuMinus1000_GEN-SIM-DIGI-RECO_CMSSW_6_2_0_SLHC12_2023Scenario_VALNOPU2_Case4/5854dd31cbd3cdec44c48628cc181cf0/
USER = calabria
endpoint = srm://storm-se-01.ba.infn.it:8444/srm/managerv2?SFN=//cms/store/user/calabria/calabria_SingleMuPt1000_GEN-SIM-DIGI-RECO_CMSSW_6_2_0_SLHC12_2023Scenario_Case4/calabria_MuMinus1000_GEN-SIM-DIGI-RECO_CMSSW_6_2_0_SLHC12_2023Scenario_VALNOPU2_Case4/5854dd31cbd3cdec44c48628cc181cf0/
>>> Copy output files from WN = alicegrid98.ba.infn.it to /srm/managerv2?SFN=//cms/store/user/calabria/calabria_SingleMuPt1000_GEN-SIM-DIGI-RECO_CMSSW_6_2_0_SLHC12_2023Scenario_Case4/calabria_MuMinus1000_GEN-SIM-DIGI-RECO_CMSSW_6_2_0_SLHC12_2023Scenario_VALNOPU2_Case4/5854dd31cbd3cdec44c48628cc181cf0/ :
python cmscp.py  --destination srm://storm-se-01.ba.infn.it:8444/srm/managerv2?SFN=//cms/store/user/calabria/calabria_SingleMuPt1000_GEN-SIM-DIGI-RECO_CMSSW_6_2_0_SLHC12_2023Scenario_Case4/calabria_MuMinus1000_GEN-SIM-DIGI-RECO_CMSSW_6_2_0_SLHC12_2023Scenario_VALNOPU2_Case4/5854dd31cbd3cdec44c48628cc181cf0/ --inputFileList /home/cms040/home_cream_682359883/CREAM682359883/glide_iF6QwV/execute/dir_28821/CMSSW_6_2_0_SLHC12/validationEDM_5_1_tga.root --middleware LCG --se_name storm-se-01.ba.infn.it --for_lfn /store/user/calabria/calabria_SingleMuPt1000_GEN-SIM-DIGI-RECO_CMSSW_6_2_0_SLHC12_2023Scenario_Case4/calabria_MuMinus1000_GEN-SIM-DIGI-RECO_CMSSW_6_2_0_SLHC12_2023Scenario_VALNOPU2_Case4/5854dd31cbd3cdec44c48628cc181cf0/    
******************************************************
localSeName  =  storm-se-01.ba.infn.it
remoteSeName =  storm-se-01.ba.infn.it
******************************************************
{"/home/cms040/home_cream_682359883/CREAM682359883/glide_iF6QwV/execute/dir_28821/CMSSW_6_2_0_SLHC12/validationEDM_5_1_tga.root": {"endpoint": "srm://storm-se-01.ba.infn.it:8444/srm/managerv2?SFN=//cms/store/user/calabria/calabria_SingleMuPt1000_GEN-SIM-DIGI-RECO_CMSSW_6_2_0_SLHC12_2023Scenario_Case4/calabria_MuMinus1000_GEN-SIM-DIGI-RECO_CMSSW_6_2_0_SLHC12_2023Scenario_VALNOPU2_Case4/5854dd31cbd3cdec44c48628cc181cf0/", "surl_for_grid": "", "reason": "Copy succedeed with srm-lcg utils", "erCode": "0", "se_name": "storm-se-01.ba.infn.it", "for_lfn": "/store/user/calabria/calabria_SingleMuPt1000_GEN-SIM-DIGI-RECO_CMSSW_6_2_0_SLHC12_2023Scenario_Case4/calabria_MuMinus1000_GEN-SIM-DIGI-RECO_CMSSW_6_2_0_SLHC12_2023Scenario_VALNOPU2_Case4/5854dd31cbd3cdec44c48628cc181cf0/"}}/home/cms040/home_cream_682359883/CREAM682359883/glide_iF6QwV/execute/dir_28821
-------- cat /home/cms040/home_cream_682359883/CREAM682359883/glide_iF6QwV/execute/dir_28821/cmscpReport.sh 
#!/bin/bash
echo "Report for File: /home/cms040/home_cream_682359883/CREAM682359883/glide_iF6QwV/execute/dir_28821/CMSSW_6_2_0_SLHC12/validationEDM_5_1_tga.root"
echo "LFN: /store/user/calabria/calabria_SingleMuPt1000_GEN-SIM-DIGI-RECO_CMSSW_6_2_0_SLHC12_2023Scenario_Case4/calabria_MuMinus1000_GEN-SIM-DIGI-RECO_CMSSW_6_2_0_SLHC12_2023Scenario_VALNOPU2_Case4/5854dd31cbd3cdec44c48628cc181cf0/validationEDM_5_1_tga.root"
echo "StorageElement: storm-se-01.ba.infn.it"
echo "StageOutExitStatusReason = 'Copy succedeed with srm-lcg utils'" | tee -a $RUNTIME_AREA/$repo
echo "StageOutSE = storm-se-01.ba.infn.it" >> $RUNTIME_AREA/$repo

export StageOutExitStatus=0
echo "StageOutExitStatus = 0" | tee -a $RUNTIME_AREA/$repo
-------- end of /home/cms040/home_cream_682359883/CREAM682359883/glide_iF6QwV/execute/dir_28821/cmscpReport.sh 
Report for File: /home/cms040/home_cream_682359883/CREAM682359883/glide_iF6QwV/execute/dir_28821/CMSSW_6_2_0_SLHC12/validationEDM_5_1_tga.root
LFN: /store/user/calabria/calabria_SingleMuPt1000_GEN-SIM-DIGI-RECO_CMSSW_6_2_0_SLHC12_2023Scenario_Case4/calabria_MuMinus1000_GEN-SIM-DIGI-RECO_CMSSW_6_2_0_SLHC12_2023Scenario_VALNOPU2_Case4/5854dd31cbd3cdec44c48628cc181cf0/validationEDM_5_1_tga.root
StorageElement: storm-se-01.ba.infn.it
StageOutExitStatusReason = 'Copy succedeed with srm-lcg utils'
StageOutExitStatus = 0
>>> current dir: /home/cms040/home_cream_682359883/CREAM682359883/glide_iF6QwV/execute/dir_28821
>>> current dir content:
total 28080
-rw-------  1 cms040 cms     2792 Jun 17 23:44 .SEinteraction.log
-rwx------  1 cms040 cms     6829 Jun 17 23:35 .job.ad
-rwx------  1 cms040 cms     9473 Jun 17 23:35 .machine.ad
-rw-------  1 cms040 cms      105 Jun 16 20:44 CMSSW.py
-rw-------  1 cms040 cms  3740252 Jun 16 20:44 CMSSW.py.pkl
-rwx------  1 cms040 cms    29582 Jun 17 23:35 CMSSW.sh
drwxr-xr-x 15 cms040 cms     4096 Jun 17 23:43 CMSSW_6_2_0_SLHC12
-rw-------  1 cms040 cms      220 Jun 17 23:35 CacheEnv.sh
-rw-------  1 cms040 cms     7291 Apr  4 11:04 DashboardAPI.py
-rw-------  1 cms040 cms     6815 Jun 17 23:35 DashboardAPI.pyc
drwx------  2 cms040 cms     4096 Jun 17 23:43 IMProv
-rw-------  1 cms040 cms     2748 Apr  4 11:04 Logger.py
-rw-------  1 cms040 cms     3347 Jun 17 23:35 Logger.pyc
-rw-------  1 cms040 cms    24524 Apr  4 11:04 ProcInfo.py
-rw-------  1 cms040 cms    23197 Jun 17 23:35 ProcInfo.pyc
drwx------  7 cms040 cms     4096 Jun 17 23:35 ProdCommon
drwx------  3 cms040 cms     4096 Jun 17 23:35 WMCore
-rw-------  1 cms040 cms     3025 Jun 17 23:43 Watchdog_5.log
-rwx------  1 cms040 cms        0 Jun 17 23:35 _condor_stderr
-rwx---r--  1 cms040 cms    29586 Jun 17 23:44 _condor_stdout
-rw-------  1 cms040 cms    32895 Apr  4 11:04 apmon.py
-rw-------  1 cms040 cms    28625 Jun 17 23:35 apmon.pyc
-rwx------  1 cms040 cms    54299 Jun 17 23:35 arguments.xml
-rwx------  1 cms040 cms    38515 Apr  4 11:04 cmscp.py
-rw-------  1 cms040 cms      720 Jun 17 23:44 cmscpReport.sh
-rwx------  1 cms040 cms    29582 Jun 17 23:35 condor_exec.exe
-rw-------  1 cms040 cms      968 Jun 16 20:44 crab.cfg
-rwx------  1 cms040 cms     8610 Apr  4 11:04 crabWatchdog.sh
-rwx---r--  1 cms040 cms   523382 Jun 17 23:43 crab_fjr_5.xml
-rwx------  1 cms040 cms 23959572 Jun 17 23:35 default.tgz
-rwx------  1 cms040 cms     4488 Apr  4 11:04 fillCrabFjr.py
-rw-------  1 cms040 cms     2662 Jun 17 23:35 inputsReport.txt
-rw-------  1 cms040 cms      261 Jun 17 23:44 jobreport.txt
-rw-------  1 cms040 cms    17352 Apr  4 11:04 parseCrabFjr.py
-rw-------  1 cms040 cms      331 Jun 17 23:35 report.log
-rwx--x--x  1 cms040 cms     1497 Apr  4 11:04 report.py
-rw-------  1 cms040 cms      779 Jun 17 23:44 resultCopyFile
lrwxrwxrwx  1 cms040 cms      125 Jun 17 23:43 validationEDM.root -> /home/cms040/home_cream_682359883/CREAM682359883/glide_iF6QwV/execute/dir_28821/CMSSW_6_2_0_SLHC12/validationEDM_5_1_tga.root
-rwx------  1 cms040 cms     8387 Apr  4 11:04 writeCfg.py
-rw-------  1 cms040 cms     8010 Jun 17 23:35 x509up_u50707
>>> Modify Job Report:
CMSSW_VERSION = CMSSW_6_2_0_SLHC12
ProcessedDataset = calabria_MuMinus1000_GEN-SIM-DIGI-RECO_CMSSW_6_2_0_SLHC12_2023Scenario_VALNOPU2_Case4
/home/cms040/home_cream_682359883/CREAM682359883/glide_iF6QwV/execute/dir_28821/ProdCommon/FwkJobRep/ModifyJobReport.py fjr /home/cms040/home_cream_682359883/CREAM682359883/glide_iF6QwV/execute/dir_28821/crab_fjr_5.xml json /home/cms040/home_cream_682359883/CREAM682359883/glide_iF6QwV/execute/dir_28821/resultCopyFile n_job 5_1_tga PrimaryDataset calabria_SingleMuPt1000_GEN-SIM-DIGI-RECO_CMSSW_6_2_0_SLHC12_2023Scenario_Case4  ApplicationFamily cmsRun ApplicationName cmsRun cmssw_version CMSSW_6_2_0_SLHC12 psethash 5854dd31cbd3cdec44c48628cc181cf0 UserProcessedDataset calabria-calabria_MuMinus1000_GEN-SIM-DIGI-RECO_CMSSW_6_2_0_SLHC12_2023Scenario_VALNOPU2_Case4-5854dd31cbd3cdec44c48628cc181cf0
inputDict =  {u'/home/cms040/home_cream_682359883/CREAM682359883/glide_iF6QwV/execute/dir_28821/CMSSW_6_2_0_SLHC12/validationEDM_5_1_tga.root': {u'endpoint': u'srm://storm-se-01.ba.infn.it:8444/srm/managerv2?SFN=//cms/store/user/calabria/calabria_SingleMuPt1000_GEN-SIM-DIGI-RECO_CMSSW_6_2_0_SLHC12_2023Scenario_Case4/calabria_MuMinus1000_GEN-SIM-DIGI-RECO_CMSSW_6_2_0_SLHC12_2023Scenario_VALNOPU2_Case4/5854dd31cbd3cdec44c48628cc181cf0/', u'surl_for_grid': u'', u'reason': u'Copy succedeed with srm-lcg utils', u'erCode': u'0', u'se_name': u'storm-se-01.ba.infn.it', u'for_lfn': u'/store/user/calabria/calabria_SingleMuPt1000_GEN-SIM-DIGI-RECO_CMSSW_6_2_0_SLHC12_2023Scenario_Case4/calabria_MuMinus1000_GEN-SIM-DIGI-RECO_CMSSW_6_2_0_SLHC12_2023Scenario_VALNOPU2_Case4/5854dd31cbd3cdec44c48628cc181cf0/'}}
UserProcessedDataset =  calabria-calabria_MuMinus1000_GEN-SIM-DIGI-RECO_CMSSW_6_2_0_SLHC12_2023Scenario_VALNOPU2_Case4-5854dd31cbd3cdec44c48628cc181cf0
file_name in inputDict =  /home/cms040/home_cream_682359883/CREAM682359883/glide_iF6QwV/execute/dir_28821/CMSSW_6_2_0_SLHC12/validationEDM_5_1_tga.root
(size) os.stat(filename)[6] =  4034971
checksum =  533217469
    file =  validationEDM_5_1_tga.root
    newPfn =  srm://storm-se-01.ba.infn.it:8444/srm/managerv2?SFN=//cms/store/user/calabria/calabria_SingleMuPt1000_GEN-SIM-DIGI-RECO_CMSSW_6_2_0_SLHC12_2023Scenario_Case4/calabria_MuMinus1000_GEN-SIM-DIGI-RECO_CMSSW_6_2_0_SLHC12_2023Scenario_VALNOPU2_Case4/5854dd31cbd3cdec44c48628cc181cf0/validationEDM_5_1_tga.root
    newLfn =  /store/user/calabria/calabria_SingleMuPt1000_GEN-SIM-DIGI-RECO_CMSSW_6_2_0_SLHC12_2023Scenario_Case4/calabria_MuMinus1000_GEN-SIM-DIGI-RECO_CMSSW_6_2_0_SLHC12_2023Scenario_VALNOPU2_Case4/5854dd31cbd3cdec44c48628cc181cf0/validationEDM_5_1_tga.root
>>> crab_fjr_*.xml  permission set to 0704
CrabWrapper EXIT_FUNC entered at Tue Jun 17 23:44:48 CEST 2014   -  Tue Jun 17 21:44:48 UTC 2014
Checking output files:  
will tar file crab_fjr_5.xml in  out_files_5
WARNING: output file CMSSW_5.stdout not found!
WARNING: output file CMSSW_5.stderr not found!
WARNING: output file Watchdog_5.log.gz not found!
>>> padding time: Sleeping the wrapper for 41 seconds
STOPPING WATCHDOG. CrabWatchdog PID is 29182
********** LAST 50 LINES OF WATCHDOG LOG
# RESOURCE USAGE SUMMARY FOR PROCESS ID 28907
USER       PID %CPU %MEM    VSZ   RSS TTY      STAT START   TIME COMMAND
cms040   28907  0.3  0.0   9500  1596 ?        S    23:35   0:00 /bin/sh /home/cms040/home_cream_682359883/CREAM682359883/glide_iF6QwV/execute/dir_28821/condor_exec.exe 5 1
 
# LIMITS USED BY CRAB WATCHDOG:
# RSS  (KBytes)   : 2300000
# VSZ  (KBytes)   : 100000000
# DISK (MBytes)   : 19000
# CPU TIME        : 720h:0m:0s
# WALL CLOCK TIME : 21h:50m:0s
 
# FOLLOWING PRINTOUT TRACKS MAXIMUM VALUES OF RESOURCES USE
# ONE LINE IS PRINTED EACH TIME A MAXIMUM CHANGES
# IF CHANGE WAS IN RSS OR VSZ ALSO PROCID AND COMMAND ARE PRINTED
# THERE IS NO PRINTOUT FOR CPU/WALL TIME INCREASE
 
# TIME			PID	RSS(KB)	VSZ(KB)	Dsk(MB)	tCPU(s)	tWALL(s)	COMMAND
 Jun 17 23:35:36 CEST	2609	1392	9364	0	0	0	/bin/bash /home/cms040/home_cream_682359883/CREAM682359883/glide_iF6QwV/main/condor_startup.sh glidein_config        
 Jun 17 23:35:36 CEST	4078	8004	93336	0	0	0	/home/cms040/home_cream_682359883/CREAM682359883/glide_iF6QwV/main/condor/sbin/condor_master -f -pidfile /home/cms040/home_cream_682359883/CREAM682359883/glide_iF6QwV/condor_master2.pid       
 Jun 17 23:35:36 CEST	4227	8708	93784	0	1	0	condor_startd -f         
 Jun 17 23:35:36 CEST	26138	8708	106092	0	0	0	sh -c "./glidein_startup.sh" -v std -name v1_3 -entry CMS_T2_IT_Bari_ce2 -clientname UCSD-v1_0.main
 Jun 17 23:35:36 CEST	26141	8708	106492	0	0	0	/bin/bash ./glidein_startup.sh -v std -name v1_3 -entry CMS_T2_IT_Bari_ce2 -clientname UCSD-v1_0.main -schedd
 Jun 17 23:35:36 CEST	29194	38648	106492	0	0	0	edmConfigHash pset.py         
 Jun 17 23:35:36 CEST	---	38648	106492	171	----	----	----
 Jun 17 23:36:36 CEST	29772	754824	980276	171	36	61	cmsRun -j /home/cms040/home_cream_682359883/CREAM682359883/glide_iF6QwV/execute/dir_28821/crab_fjr_5.xml -p pset.py      
 Jun 17 23:36:36 CEST	---	754824	980276	175	----	----	----
 Jun 17 23:37:37 CEST	29772	754824	1004040	175	86	122	cmsRun -j /home/cms040/home_cream_682359883/CREAM682359883/glide_iF6QwV/execute/dir_28821/crab_fjr_5.xml -p pset.py      
 Jun 17 23:38:38 CEST	29772	754824	1013000	175	134	184	cmsRun -j /home/cms040/home_cream_682359883/CREAM682359883/glide_iF6QwV/execute/dir_28821/crab_fjr_5.xml -p pset.py      
 Jun 17 23:39:40 CEST	29772	754824	1026568	175	180	245	cmsRun -j /home/cms040/home_cream_682359883/CREAM682359883/glide_iF6QwV/execute/dir_28821/crab_fjr_5.xml -p pset.py      
 Jun 17 23:40:41 CEST	29772	754824	1039624	175	231	307	cmsRun -j /home/cms040/home_cream_682359883/CREAM682359883/glide_iF6QwV/execute/dir_28821/crab_fjr_5.xml -p pset.py      
 Jun 17 23:42:45 CEST	29772	861872	1179912	175	333	431	cmsRun -j /home/cms040/home_cream_682359883/CREAM682359883/glide_iF6QwV/execute/dir_28821/crab_fjr_5.xml -p pset.py      
 Jun 17 23:42:45 CEST	---	861872	1179912	176	----	----	----
 Jun 17 23:43:47 CEST	29772	1412632	1721608	176	394	492	cmsRun -j /home/cms040/home_cream_682359883/CREAM682359883/glide_iF6QwV/execute/dir_28821/crab_fjr_5.xml -p pset.py      
 Jun 17 23:44:48 CEST	---	1412632	1721608	179	----	----	----
********** WATCHDOG LOG ENDED
ZIPPING WATCHDOG LOG
Disk space used:
du -sh /home/cms040/home_cream_682359883/CREAM682359883/glide_iF6QwV/execute/dir_28821
179M	/home/cms040/home_cream_682359883/CREAM682359883/glide_iF6QwV/execute/dir_28821
Found unusual stdout, rename for OSB
`/home/cms040/home_cream_682359883/CREAM682359883/glide_iF6QwV/execute/dir_28821/_condor_stdout' -> `CMSSW_5.stdout'
Found unusual stderr, rename for OSB
`/home/cms040/home_cream_682359883/CREAM682359883/glide_iF6QwV/execute/dir_28821/_condor_stdout' -> `CMSSW_5.stderr'
crab_fjr_5.xml
CMSSW_5.stdout
CMSSW_5.stderr
Watchdog_5.log.gz
Total Output dimension: 70315
WARNING: output files size limit is set to: 50000000
Total Output dimension 70315 is fine.
JOB_EXIT_STATUS = 0
>>> info for dashboard:
***** Cat /home/cms040/home_cream_682359883/CREAM682359883/glide_iF6QwV/execute/dir_28821/jobreport.txt *****
MonitorJobID=5_https://submit-4.t2.ucsd.edu//140616//222477.4
MonitorID=calabria_MuMinus1000_Case4_ReReco_u805tn
ExeTime=479
ExeExitCode=0
StageOutExitStatusReason = 'Copy succedeed with srm-lcg utils'
StageOutSE = storm-se-01.ba.infn.it
StageOutExitStatus = 0
CrabUserCpuTime=290.94
CrabSysCpuTime=107.15
CrabCpuPercentage=83%
CrabWrapperTime=600
CrabStageoutTime=48
JobExitCode=0
***** End Cat jobreport *****
Parameters sent to Dashboard.
EXITING at Tue Jun 17 23:45:35 CEST 2014  -  Tue Jun 17 21:45:35 UTC 2014
