This script was generated by crab (version 2.10.5_patch1).
Running /home/cms011/home_cream_864542820/CREAM864542820/glide_VYb5m6/execute/dir_4630/condor_exec.exe with 2 positional parameters: 18 1
Today is Wed Jun 18 01:38:51 CEST 2014 - Tue Jun 17 23:38:52 UTC 2014
Job submitted on host pccms147.ba.infn.it
Linux pccms147.ba.infn.it 2.6.32-358.23.2.el6.x86_64 #1 SMP Thu Oct 17 10:27:22 CEST 2013 x86_64 x86_64 x86_64 GNU/Linux
>>> current directory (RUNTIME_AREA): /home/cms011/home_cream_864542820/CREAM864542820/glide_VYb5m6/execute/dir_4630
>>> current user: uid=11720(cms011) gid=1399(cms) groups=1399(cms)
>>> directory permission set to 0700
>>> umask set to:  u=rwx,g=,o=
>>> stdout stderr permission set to 0704
>>> voms proxy information:
subject   : /C=IT/O=INFN/OU=Personal Certificate/L=Bari/CN=Cesare Calabria/CN=477126703/CN=1141687964
issuer    : /C=IT/O=INFN/OU=Personal Certificate/L=Bari/CN=Cesare Calabria/CN=477126703
identity  : /C=IT/O=INFN/OU=Personal Certificate/L=Bari/CN=Cesare Calabria
type      : RFC3820 compliant limited proxy
strength  : 1024
path      : /home/cms011/home_cream_864542820/CREAM864542820/glide_VYb5m6/execute/dir_4630/x509up_u50707
timeleft  : 23:59:47
key usage : Digital Signature, Key Encipherment, Data Encipherment
=== VO cms extension information ===
VO        : cms
subject   : /C=IT/O=INFN/OU=Personal Certificate/L=Bari/CN=Cesare Calabria
issuer    : /DC=ch/DC=cern/OU=computers/CN=lcg-voms.cern.ch
attribute : /cms/Role=NULL/Capability=NULL
attribute : /cms/itcms/Role=NULL/Capability=NULL
timeleft  : 180:29:32
uri       : lcg-voms.cern.ch:15002

WNHostName=pccms147.ba.infn.it
>>> tar --no-same-permissions -xf /home/cms011/home_cream_864542820/CREAM864542820/glide_VYb5m6/execute/dir_4630/default.tgz :
Successful untar
>>> Include /home/cms011/home_cream_864542820/CREAM864542820/glide_VYb5m6/execute/dir_4630 in PYTHONPATH:
strip arguments
env var CRAB_UNIQUE_JOB_ID set to: calabria_MuMinus5_Case5_ReReco_u540cv_18_1_J79
out_files_18
>>> list of expected files on output sandbox
output files: crab_fjr_18.xml CMSSW_18.stdout CMSSW_18.stderr Watchdog_18.log.gz
>>> GridFlavour discovery: 
GridFlavour=LCG
>>> SyncSite discovery: 
SyncSite=T2_IT_Bari
>>> SyncCE discovery: 
getting SyncCE from CE_ID
SyncCE=cream-ce-2.ba.infn.it:8443/cream-pbs-long
>>> info for dashboard:
***** Cat /home/cms011/home_cream_864542820/CREAM864542820/glide_VYb5m6/execute/dir_4630/jobreport.txt *****
WNHostName=pccms147.ba.infn.it
MonitorJobID=18_https://submit-6.t2.ucsd.edu//140616//168561.17
SyncGridJobId=https://submit-6.t2.ucsd.edu//140616//168561.17
MonitorID=calabria_MuMinus5_Case5_ReReco_u540cv
GridFlavour=LCG
SyncSite=T2_IT_Bari
SyncCE=cream-ce-2.ba.infn.it:8443/cream-pbs-long
***** End Cat jobreport *****
Parameters sent to Dashboard.
>>> setup environment
set SCRAM ARCH to slc5_amd64_gcc472
SCRAM_ARCH = slc5_amd64_gcc472
>>> setup CMS LCG environment:
set SCRAM ARCH and BUILD_ARCH to slc5_amd64_gcc472 ###
Sourcing environment... 
sourcing /cvmfs/cms.cern.ch/cmsset_default.sh
==> setup cms environment ok
>>> specific cmssw setup environment:
CMSSW_VERSION =  CMSSW_6_2_0_SLHC12
>>> current directory (SOFTWARE_DIR): /home/cms011/home_cream_864542820/CREAM864542820/glide_VYb5m6/execute/dir_4630/CMSSW_6_2_0_SLHC12
PreserveSeeds: <>
IncrementSeeds:<>
>>> info for dashboard:
***** Cat /home/cms011/home_cream_864542820/CREAM864542820/glide_VYb5m6/execute/dir_4630/jobreport.txt *****
MonitorJobID=18_https://submit-6.t2.ucsd.edu//140616//168561.17
MonitorID=calabria_MuMinus5_Case5_ReReco_u540cv
***** End Cat jobreport *****
Parameters sent to Dashboard.
crabWatchdog started as process 8940
>>> moving CMSSW software directories in /home/cms011/home_cream_864542820/CREAM864542820/glide_VYb5m6/execute/dir_4630/CMSSW_6_2_0_SLHC12
mv: cannot stat `/home/cms011/home_cream_864542820/CREAM864542820/glide_VYb5m6/execute/dir_4630/module/': No such file or directory
>>> Include /home/cms011/home_cream_864542820/CREAM864542820/glide_VYb5m6/execute/dir_4630 in PYTHONPATH:
PYTHONPATH=/home/cms011/home_cream_864542820/CREAM864542820/glide_VYb5m6/execute/dir_4630/:/home/cms011/home_cream_864542820/CREAM864542820/glide_VYb5m6/execute/dir_4630/CMSSW_6_2_0_SLHC12/python:/home/cms011/home_cream_864542820/CREAM864542820/glide_VYb5m6/execute/dir_4630/CMSSW_6_2_0_SLHC12/lib/slc5_amd64_gcc472:/cvmfs/cms.cern.ch/slc5_amd64_gcc472/cms/cmssw/CMSSW_6_2_0_SLHC12/python:/cvmfs/cms.cern.ch/slc5_amd64_gcc472/cms/cmssw/CMSSW_6_2_0_SLHC12/lib/slc5_amd64_gcc472:/cvmfs/cms.cern.ch/slc5_amd64_gcc472/cms/coral/CORAL_2_3_21-cms36/slc5_amd64_gcc472/python:/cvmfs/cms.cern.ch/slc5_amd64_gcc472/cms/coral/CORAL_2_3_21-cms36/slc5_amd64_gcc472/lib:/cvmfs/cms.cern.ch/slc5_amd64_gcc472/external/pyqt/4.8.1-cms6/lib/python2.7/site-packages:/cvmfs/cms.cern.ch/slc5_amd64_gcc472/external/py2-scipy/0.8.0-cms8/lib/python2.7/site-packages:/cvmfs/cms.cern.ch/slc5_amd64_gcc472/external/py2-matplotlib/1.0.1-cms8/lib/python2.7/site-packages:/cvmfs/cms.cern.ch/slc5_amd64_gcc472/external/python-ldap/2.3.5-cms6/lib/python2.7/site-packages:/cvmfs/cms.cern.ch/slc5_amd64_gcc472/external/sip/4.11.2-cms6/lib/python2.7/site-packages:/cvmfs/cms.cern.ch/slc5_amd64_gcc472/external/py2-pycurl/7.19.0-cms8/lib/python2.7/site-packages:/cvmfs/cms.cern.ch/slc5_amd64_gcc472/external/py2-numpy/1.6.1-cms8/lib/python2.7/site-packages:/cvmfs/cms.cern.ch/slc5_amd64_gcc472/external/py2-lint/0.25.1-cms6/lib/python2.7/site-packages:/cvmfs/cms.cern.ch/slc5_amd64_gcc472/external/py2-ipython/0.10-cms6/lib/python2.7/site-packages:/cvmfs/cms.cern.ch/slc5_amd64_gcc472/external/py2-cx-oracle/5.1-cms7/lib/python2.7/site-packages:/cvmfs/cms.cern.ch/slc5_amd64_gcc472/external/py2-cjson/1.0.5-cms6/lib/python2.7/site-packages:/cvmfs/cms.cern.ch/slc5_amd64_gcc472/cms/das-client/1.11.7/bin:/cvmfs/cms.cern.ch/slc5_amd64_gcc472/external/elementtree/1.2.6-cms6/share/lib/python2.7/site-packages:/cvmfs/cms.cern.ch/slc5_amd64_gcc472/external/rivet/1.8.2-cms8/lib/python2.7/site-packages:/cvmfs/cms.cern.ch/slc5_amd64_gcc472/external/pyminuit2/0.0.1-cms19/lib/python2.7/site-packages:/cvmfs/cms.cern.ch/slc5_amd64_gcc472/external/py2-pygithub/1.23.0/lib/python2.7/site-packages:/cvmfs/cms.cern.ch/slc5_amd64_gcc472/external/professor/1.0.0-cms19/lib/python2.7/site-packages:/cvmfs/cms.cern.ch/slc5_amd64_gcc472/lcg/root/5.34.07-cms/lib:/cvmfs/cms.cern.ch/slc5_amd64_gcc472/cms/dbs-client/DBS_2_1_9-cms5/lib:/cvmfs/cms.cern.ch/slc5_amd64_gcc472/cms/dbs-client/DBS_2_1_9-cms5/lib/DBSAPI:/cvmfs/cms.cern.ch/slc5_amd64_gcc472/external/cvs2git/5419-cms/lib:/home/cms011/home_cream_864542820/CREAM864542820/glide_VYb5m6/execute/dir_4630/
 
# LIMITS USED BY CRAB WATCHDOG:
# RSS  (KBytes)   : 2300000
# VSZ  (KBytes)   : 100000000
# DISK (MBytes)   : 19000
# CPU TIME        : 720h:0m:0s
# WALL CLOCK TIME : 21h:50m:0s
 
5854dd31cbd3cdec44c48628cc181cf0
PSETHASH = 5854dd31cbd3cdec44c48628cc181cf0
/home/cms011/home_cream_864542820/CREAM864542820/glide_VYb5m6/execute/dir_4630/writeCfg.py pset.py pset.py
Importing .py file
Setting parameters
RandomNumberGeneratorService found, will attempt to change seeds
inputBlocks=/calabria_SingleMuPt5_GEN-SIM-DIGI-RECO_CMSSW_6_2_0_SLHC12_2023Scenario_Case5/calabria-calabria_SingleMuPt5_GEN-SIM-DIGI-RECO_CMSSW_6_2_0_SLHC12_2023Scenario_Case5-3c0fd862848dd94e43c269a049a99637/USER#a0db3309-8779-4162-9a18-fc63460cdf6a
inputFiles=/store/user/calabria/calabria_SingleMuPt5_GEN-SIM-DIGI-RECO_CMSSW_6_2_0_SLHC12_2023Scenario_Case5/calabria_SingleMuPt5_GEN-SIM-DIGI-RECO_CMSSW_6_2_0_SLHC12_2023Scenario_Case5/3c0fd862848dd94e43c269a049a99637/out_reco_61_1_x5L.root;/store/user/calabria/calabria_SingleMuPt5_GEN-SIM-DIGI-RECO_CMSSW_6_2_0_SLHC12_2023Scenario_Case5/calabria_SingleMuPt5_GEN-SIM-DIGI-RECO_CMSSW_6_2_0_SLHC12_2023Scenario_Case5/3c0fd862848dd94e43c269a049a99637/out_reco_62_1_Rbk.root;/store/user/calabria/calabria_SingleMuPt5_GEN-SIM-DIGI-RECO_CMSSW_6_2_0_SLHC12_2023Scenario_Case5/calabria_SingleMuPt5_GEN-SIM-DIGI-RECO_CMSSW_6_2_0_SLHC12_2023Scenario_Case5/3c0fd862848dd94e43c269a049a99637/out_reco_64_1_e6A.root;/store/user/calabria/calabria_SingleMuPt5_GEN-SIM-DIGI-RECO_CMSSW_6_2_0_SLHC12_2023Scenario_Case5/calabria_SingleMuPt5_GEN-SIM-DIGI-RECO_CMSSW_6_2_0_SLHC12_2023Scenario_Case5/3c0fd862848dd94e43c269a049a99637/out_reco_65_1_yLH.root;/store/user/calabria/calabria_SingleMuPt5_GEN-SIM-DIGI-RECO_CMSSW_6_2_0_SLHC12_2023Scenario_Case5/calabria_SingleMuPt5_GEN-SIM-DIGI-RECO_CMSSW_6_2_0_SLHC12_2023Scenario_Case5/3c0fd862848dd94e43c269a049a99637/out_reco_66_1_0i3.root;/store/user/calabria/calabria_SingleMuPt5_GEN-SIM-DIGI-RECO_CMSSW_6_2_0_SLHC12_2023Scenario_Case5/calabria_SingleMuPt5_GEN-SIM-DIGI-RECO_CMSSW_6_2_0_SLHC12_2023Scenario_Case5/3c0fd862848dd94e43c269a049a99637/out_reco_67_1_4DQ.root;/store/user/calabria/calabria_SingleMuPt5_GEN-SIM-DIGI-RECO_CMSSW_6_2_0_SLHC12_2023Scenario_Case5/calabria_SingleMuPt5_GEN-SIM-DIGI-RECO_CMSSW_6_2_0_SLHC12_2023Scenario_Case5/3c0fd862848dd94e43c269a049a99637/out_reco_68_1_wmh.root;/store/user/calabria/calabria_SingleMuPt5_GEN-SIM-DIGI-RECO_CMSSW_6_2_0_SLHC12_2023Scenario_Case5/calabria_SingleMuPt5_GEN-SIM-DIGI-RECO_CMSSW_6_2_0_SLHC12_2023Scenario_Case5/3c0fd862848dd94e43c269a049a99637/out_reco_70_1_d9E.root;/store/user/calabria/calabria_SingleMuPt5_GEN-SIM-DIGI-RECO_CMSSW_6_2_0_SLHC12_2023Scenario_Case5/calabria_SingleMuPt5_GEN-SIM-DIGI-RECO_CMSSW_6_2_0_SLHC12_2023Scenario_Case5/3c0fd862848dd94e43c269a049a99637/out_reco_71_1_wSL.root;/store/user/calabria/calabria_SingleMuPt5_GEN-SIM-DIGI-RECO_CMSSW_6_2_0_SLHC12_2023Scenario_Case5/calabria_SingleMuPt5_GEN-SIM-DIGI-RECO_CMSSW_6_2_0_SLHC12_2023Scenario_Case5/3c0fd862848dd94e43c269a049a99637/out_reco_72_1_l5C.root
parentFiles=
lumisRange=
>>> Executable cmsRun
/cvmfs/cms.cern.ch/slc5_amd64_gcc472/cms/cmssw/CMSSW_6_2_0_SLHC12/bin/slc5_amd64_gcc472/cmsRun
ok executable found
>>> info for dashboard:
***** Cat /home/cms011/home_cream_864542820/CREAM864542820/glide_VYb5m6/execute/dir_4630/jobreport.txt *****
MonitorJobID=18_https://submit-6.t2.ucsd.edu//140616//168561.17
MonitorID=calabria_MuMinus5_Case5_ReReco_u540cv
ExeStart=cmsRun
***** End Cat jobreport *****
Parameters sent to Dashboard.
>>> cmsRun started at Tue Jun 17 23:39:21 UTC 2014
>>> cmsRun ended at Tue Jun 17 23:43:40 UTC 2014
>>> crab_fjr_*.xml  permission set to 0704
>>> info for dashboard:
***** Cat /home/cms011/home_cream_864542820/CREAM864542820/glide_VYb5m6/execute/dir_4630/jobreport.txt *****
MonitorJobID=18_https://submit-6.t2.ucsd.edu//140616//168561.17
MonitorID=calabria_MuMinus5_Case5_ReReco_u540cv
ExeEnd=cmsRun
***** End Cat jobreport *****
Parameters sent to Dashboard.
TIME_EXE = 259 sec
>>> cmsRun wrote 50 lines of stdout+stderr
>>> START OF printout of 50 lines from stdout+stderr
271 DQMStore::DQMStore 
HcalTopologyIdealEP::HcalTopologyIdealEP
18-Jun-2014 01:39:42 CEST  Initiating request to open file file:/lustre/cms//store/user/calabria/calabria_SingleMuPt5_GEN-SIM-DIGI-RECO_CMSSW_6_2_0_SLHC12_2023Scenario_Case5/calabria_SingleMuPt5_GEN-SIM-DIGI-RECO_CMSSW_6_2_0_SLHC12_2023Scenario_Case5/3c0fd862848dd94e43c269a049a99637/out_reco_61_1_x5L.root
18-Jun-2014 01:39:45 CEST  Successfully opened file file:/lustre/cms//store/user/calabria/calabria_SingleMuPt5_GEN-SIM-DIGI-RECO_CMSSW_6_2_0_SLHC12_2023Scenario_Case5/calabria_SingleMuPt5_GEN-SIM-DIGI-RECO_CMSSW_6_2_0_SLHC12_2023Scenario_Case5/3c0fd862848dd94e43c269a049a99637/out_reco_61_1_x5L.root
18-Jun-2014 01:40:09 CEST  Closed file file:/lustre/cms//store/user/calabria/calabria_SingleMuPt5_GEN-SIM-DIGI-RECO_CMSSW_6_2_0_SLHC12_2023Scenario_Case5/calabria_SingleMuPt5_GEN-SIM-DIGI-RECO_CMSSW_6_2_0_SLHC12_2023Scenario_Case5/3c0fd862848dd94e43c269a049a99637/out_reco_61_1_x5L.root
18-Jun-2014 01:40:09 CEST  Initiating request to open file file:/lustre/cms//store/user/calabria/calabria_SingleMuPt5_GEN-SIM-DIGI-RECO_CMSSW_6_2_0_SLHC12_2023Scenario_Case5/calabria_SingleMuPt5_GEN-SIM-DIGI-RECO_CMSSW_6_2_0_SLHC12_2023Scenario_Case5/3c0fd862848dd94e43c269a049a99637/out_reco_62_1_Rbk.root
18-Jun-2014 01:40:09 CEST  Successfully opened file file:/lustre/cms//store/user/calabria/calabria_SingleMuPt5_GEN-SIM-DIGI-RECO_CMSSW_6_2_0_SLHC12_2023Scenario_Case5/calabria_SingleMuPt5_GEN-SIM-DIGI-RECO_CMSSW_6_2_0_SLHC12_2023Scenario_Case5/3c0fd862848dd94e43c269a049a99637/out_reco_62_1_Rbk.root
18-Jun-2014 01:40:31 CEST  Closed file file:/lustre/cms//store/user/calabria/calabria_SingleMuPt5_GEN-SIM-DIGI-RECO_CMSSW_6_2_0_SLHC12_2023Scenario_Case5/calabria_SingleMuPt5_GEN-SIM-DIGI-RECO_CMSSW_6_2_0_SLHC12_2023Scenario_Case5/3c0fd862848dd94e43c269a049a99637/out_reco_62_1_Rbk.root
18-Jun-2014 01:40:31 CEST  Initiating request to open file file:/lustre/cms//store/user/calabria/calabria_SingleMuPt5_GEN-SIM-DIGI-RECO_CMSSW_6_2_0_SLHC12_2023Scenario_Case5/calabria_SingleMuPt5_GEN-SIM-DIGI-RECO_CMSSW_6_2_0_SLHC12_2023Scenario_Case5/3c0fd862848dd94e43c269a049a99637/out_reco_64_1_e6A.root
18-Jun-2014 01:40:31 CEST  Successfully opened file file:/lustre/cms//store/user/calabria/calabria_SingleMuPt5_GEN-SIM-DIGI-RECO_CMSSW_6_2_0_SLHC12_2023Scenario_Case5/calabria_SingleMuPt5_GEN-SIM-DIGI-RECO_CMSSW_6_2_0_SLHC12_2023Scenario_Case5/3c0fd862848dd94e43c269a049a99637/out_reco_64_1_e6A.root
18-Jun-2014 01:40:54 CEST  Closed file file:/lustre/cms//store/user/calabria/calabria_SingleMuPt5_GEN-SIM-DIGI-RECO_CMSSW_6_2_0_SLHC12_2023Scenario_Case5/calabria_SingleMuPt5_GEN-SIM-DIGI-RECO_CMSSW_6_2_0_SLHC12_2023Scenario_Case5/3c0fd862848dd94e43c269a049a99637/out_reco_64_1_e6A.root
18-Jun-2014 01:40:54 CEST  Initiating request to open file file:/lustre/cms//store/user/calabria/calabria_SingleMuPt5_GEN-SIM-DIGI-RECO_CMSSW_6_2_0_SLHC12_2023Scenario_Case5/calabria_SingleMuPt5_GEN-SIM-DIGI-RECO_CMSSW_6_2_0_SLHC12_2023Scenario_Case5/3c0fd862848dd94e43c269a049a99637/out_reco_65_1_yLH.root
18-Jun-2014 01:40:54 CEST  Successfully opened file file:/lustre/cms//store/user/calabria/calabria_SingleMuPt5_GEN-SIM-DIGI-RECO_CMSSW_6_2_0_SLHC12_2023Scenario_Case5/calabria_SingleMuPt5_GEN-SIM-DIGI-RECO_CMSSW_6_2_0_SLHC12_2023Scenario_Case5/3c0fd862848dd94e43c269a049a99637/out_reco_65_1_yLH.root
18-Jun-2014 01:41:21 CEST  Closed file file:/lustre/cms//store/user/calabria/calabria_SingleMuPt5_GEN-SIM-DIGI-RECO_CMSSW_6_2_0_SLHC12_2023Scenario_Case5/calabria_SingleMuPt5_GEN-SIM-DIGI-RECO_CMSSW_6_2_0_SLHC12_2023Scenario_Case5/3c0fd862848dd94e43c269a049a99637/out_reco_65_1_yLH.root
18-Jun-2014 01:41:21 CEST  Initiating request to open file file:/lustre/cms//store/user/calabria/calabria_SingleMuPt5_GEN-SIM-DIGI-RECO_CMSSW_6_2_0_SLHC12_2023Scenario_Case5/calabria_SingleMuPt5_GEN-SIM-DIGI-RECO_CMSSW_6_2_0_SLHC12_2023Scenario_Case5/3c0fd862848dd94e43c269a049a99637/out_reco_66_1_0i3.root
18-Jun-2014 01:41:22 CEST  Successfully opened file file:/lustre/cms//store/user/calabria/calabria_SingleMuPt5_GEN-SIM-DIGI-RECO_CMSSW_6_2_0_SLHC12_2023Scenario_Case5/calabria_SingleMuPt5_GEN-SIM-DIGI-RECO_CMSSW_6_2_0_SLHC12_2023Scenario_Case5/3c0fd862848dd94e43c269a049a99637/out_reco_66_1_0i3.root
18-Jun-2014 01:41:44 CEST  Closed file file:/lustre/cms//store/user/calabria/calabria_SingleMuPt5_GEN-SIM-DIGI-RECO_CMSSW_6_2_0_SLHC12_2023Scenario_Case5/calabria_SingleMuPt5_GEN-SIM-DIGI-RECO_CMSSW_6_2_0_SLHC12_2023Scenario_Case5/3c0fd862848dd94e43c269a049a99637/out_reco_66_1_0i3.root
18-Jun-2014 01:41:44 CEST  Initiating request to open file file:/lustre/cms//store/user/calabria/calabria_SingleMuPt5_GEN-SIM-DIGI-RECO_CMSSW_6_2_0_SLHC12_2023Scenario_Case5/calabria_SingleMuPt5_GEN-SIM-DIGI-RECO_CMSSW_6_2_0_SLHC12_2023Scenario_Case5/3c0fd862848dd94e43c269a049a99637/out_reco_67_1_4DQ.root
18-Jun-2014 01:41:44 CEST  Successfully opened file file:/lustre/cms//store/user/calabria/calabria_SingleMuPt5_GEN-SIM-DIGI-RECO_CMSSW_6_2_0_SLHC12_2023Scenario_Case5/calabria_SingleMuPt5_GEN-SIM-DIGI-RECO_CMSSW_6_2_0_SLHC12_2023Scenario_Case5/3c0fd862848dd94e43c269a049a99637/out_reco_67_1_4DQ.root
18-Jun-2014 01:42:06 CEST  Closed file file:/lustre/cms//store/user/calabria/calabria_SingleMuPt5_GEN-SIM-DIGI-RECO_CMSSW_6_2_0_SLHC12_2023Scenario_Case5/calabria_SingleMuPt5_GEN-SIM-DIGI-RECO_CMSSW_6_2_0_SLHC12_2023Scenario_Case5/3c0fd862848dd94e43c269a049a99637/out_reco_67_1_4DQ.root
18-Jun-2014 01:42:06 CEST  Initiating request to open file file:/lustre/cms//store/user/calabria/calabria_SingleMuPt5_GEN-SIM-DIGI-RECO_CMSSW_6_2_0_SLHC12_2023Scenario_Case5/calabria_SingleMuPt5_GEN-SIM-DIGI-RECO_CMSSW_6_2_0_SLHC12_2023Scenario_Case5/3c0fd862848dd94e43c269a049a99637/out_reco_68_1_wmh.root
18-Jun-2014 01:42:07 CEST  Successfully opened file file:/lustre/cms//store/user/calabria/calabria_SingleMuPt5_GEN-SIM-DIGI-RECO_CMSSW_6_2_0_SLHC12_2023Scenario_Case5/calabria_SingleMuPt5_GEN-SIM-DIGI-RECO_CMSSW_6_2_0_SLHC12_2023Scenario_Case5/3c0fd862848dd94e43c269a049a99637/out_reco_68_1_wmh.root
18-Jun-2014 01:42:30 CEST  Closed file file:/lustre/cms//store/user/calabria/calabria_SingleMuPt5_GEN-SIM-DIGI-RECO_CMSSW_6_2_0_SLHC12_2023Scenario_Case5/calabria_SingleMuPt5_GEN-SIM-DIGI-RECO_CMSSW_6_2_0_SLHC12_2023Scenario_Case5/3c0fd862848dd94e43c269a049a99637/out_reco_68_1_wmh.root
18-Jun-2014 01:42:30 CEST  Initiating request to open file file:/lustre/cms//store/user/calabria/calabria_SingleMuPt5_GEN-SIM-DIGI-RECO_CMSSW_6_2_0_SLHC12_2023Scenario_Case5/calabria_SingleMuPt5_GEN-SIM-DIGI-RECO_CMSSW_6_2_0_SLHC12_2023Scenario_Case5/3c0fd862848dd94e43c269a049a99637/out_reco_70_1_d9E.root
18-Jun-2014 01:42:30 CEST  Successfully opened file file:/lustre/cms//store/user/calabria/calabria_SingleMuPt5_GEN-SIM-DIGI-RECO_CMSSW_6_2_0_SLHC12_2023Scenario_Case5/calabria_SingleMuPt5_GEN-SIM-DIGI-RECO_CMSSW_6_2_0_SLHC12_2023Scenario_Case5/3c0fd862848dd94e43c269a049a99637/out_reco_70_1_d9E.root
18-Jun-2014 01:42:52 CEST  Closed file file:/lustre/cms//store/user/calabria/calabria_SingleMuPt5_GEN-SIM-DIGI-RECO_CMSSW_6_2_0_SLHC12_2023Scenario_Case5/calabria_SingleMuPt5_GEN-SIM-DIGI-RECO_CMSSW_6_2_0_SLHC12_2023Scenario_Case5/3c0fd862848dd94e43c269a049a99637/out_reco_70_1_d9E.root
18-Jun-2014 01:42:52 CEST  Initiating request to open file file:/lustre/cms//store/user/calabria/calabria_SingleMuPt5_GEN-SIM-DIGI-RECO_CMSSW_6_2_0_SLHC12_2023Scenario_Case5/calabria_SingleMuPt5_GEN-SIM-DIGI-RECO_CMSSW_6_2_0_SLHC12_2023Scenario_Case5/3c0fd862848dd94e43c269a049a99637/out_reco_71_1_wSL.root
18-Jun-2014 01:42:52 CEST  Successfully opened file file:/lustre/cms//store/user/calabria/calabria_SingleMuPt5_GEN-SIM-DIGI-RECO_CMSSW_6_2_0_SLHC12_2023Scenario_Case5/calabria_SingleMuPt5_GEN-SIM-DIGI-RECO_CMSSW_6_2_0_SLHC12_2023Scenario_Case5/3c0fd862848dd94e43c269a049a99637/out_reco_71_1_wSL.root
18-Jun-2014 01:43:13 CEST  Closed file file:/lustre/cms//store/user/calabria/calabria_SingleMuPt5_GEN-SIM-DIGI-RECO_CMSSW_6_2_0_SLHC12_2023Scenario_Case5/calabria_SingleMuPt5_GEN-SIM-DIGI-RECO_CMSSW_6_2_0_SLHC12_2023Scenario_Case5/3c0fd862848dd94e43c269a049a99637/out_reco_71_1_wSL.root
18-Jun-2014 01:43:13 CEST  Initiating request to open file file:/lustre/cms//store/user/calabria/calabria_SingleMuPt5_GEN-SIM-DIGI-RECO_CMSSW_6_2_0_SLHC12_2023Scenario_Case5/calabria_SingleMuPt5_GEN-SIM-DIGI-RECO_CMSSW_6_2_0_SLHC12_2023Scenario_Case5/3c0fd862848dd94e43c269a049a99637/out_reco_72_1_l5C.root
18-Jun-2014 01:43:13 CEST  Successfully opened file file:/lustre/cms//store/user/calabria/calabria_SingleMuPt5_GEN-SIM-DIGI-RECO_CMSSW_6_2_0_SLHC12_2023Scenario_Case5/calabria_SingleMuPt5_GEN-SIM-DIGI-RECO_CMSSW_6_2_0_SLHC12_2023Scenario_Case5/3c0fd862848dd94e43c269a049a99637/out_reco_72_1_l5C.root
18-Jun-2014 01:43:39 CEST  Closed file file:/lustre/cms//store/user/calabria/calabria_SingleMuPt5_GEN-SIM-DIGI-RECO_CMSSW_6_2_0_SLHC12_2023Scenario_Case5/calabria_SingleMuPt5_GEN-SIM-DIGI-RECO_CMSSW_6_2_0_SLHC12_2023Scenario_Case5/3c0fd862848dd94e43c269a049a99637/out_reco_72_1_l5C.root

=============================================

MessageLogger Summary

 type     category        sev    module        subroutine        count    total
 ---- -------------------- -- ---------------- ----------------  -----    -----
    1 fileAction           -s file_close                            10       10
    2 fileAction           -s file_open                             20       20

 type    category    Examples: run/evt        run/evt          run/evt
 ---- -------------------- ---------------- ---------------- ----------------
    1 fileAction           PostProcessEvent PostProcessEvent PostEndRun
    2 fileAction           pre-events       pre-events       PostProcessEvent

Severity    # Occurrences   Total Occurrences
--------    -------------   -----------------
System                 30                  30
>>> END OF printout of 50 lines from stdout+stderr
>>> Parse FrameworkJobReport crab_fjr.xml
Result of parsing the FrameworkJobReport crab_fjr.xml: Popularity start
lumisRange : 1::::1;1::::2;1::::3;1::::4;1::::5;1::::6;1::::7;1::::8;1::::9;1::::10;
lumisParentRange : 
Basename : /store/user/calabria/calabria_SingleMuPt5_GEN-SIM-DIGI-RECO_CMSSW_6_2_0_SLHC12_2023Scenario_Case5/calabria_SingleMuPt5_GEN-SIM-DIGI-RECO_CMSSW_6_2_0_SLHC12_2023Scenario_Case5/3c0fd862848dd94e43c269a049a99637/out_reco_
BasenameParent : 
parentFiles : 
inputBlocks : /calabria_SingleMuPt5_GEN-SIM-DIGI-RECO_CMSSW_6_2_0_SLHC12_2023Scenario_Case5/calabria-calabria_SingleMuPt5_GEN-SIM-DIGI-RECO_CMSSW_6_2_0_SLHC12_2023Scenario_Case5-3c0fd862848dd94e43c269a049a99637/USER#a0db3309-8779-4162-9a18-fc63460cdf6a
inputFiles : 67_1_4DQ.root::1::EDM::Local::1;65_1_yLH.root::1::EDM::Local::2;70_1_d9E.root::1::EDM::Local::3;72_1_l5C.root::1::EDM::Local::4;61_1_x5L.root::1::EDM::Local::5;66_1_0i3.root::1::EDM::Local::6;62_1_Rbk.root::1::EDM::Local::7;64_1_e6A.root::1::EDM::Local::8;68_1_wmh.root::1::EDM::Local::9;71_1_wSL.root::1::EDM::Local::10;
Popularity stop
Extracted ExitStatus from FrameworkJobReport parsing output: 0
>>> Executable succeded  0
ExeExitCode=0
EXECUTABLE_EXIT_STATUS = 0
>>> current directory /home/cms011/home_cream_864542820/CREAM864542820/glide_VYb5m6/execute/dir_4630/CMSSW_6_2_0_SLHC12
>>>  (SOFTWARE_DIR): /home/cms011/home_cream_864542820/CREAM864542820/glide_VYb5m6/execute/dir_4630/CMSSW_6_2_0_SLHC12
>>> (WORKING_DIR): 
>>> current directory content:
total 10108
drwxr-xr-x 3 cms011 cms    4096 Jun 18 01:38 .SCRAM
-rw------- 1 cms011 cms 3740311 Jun 18 01:39 CMSSW.py.pkl
drwxr-xr-x 3 cms011 cms    4096 Jun 18 01:38 bin
drwxr-xr-x 3 cms011 cms    4096 Jun 18 01:38 cfipython
drwxr-xr-x 4 cms011 cms    4096 Jun 18 01:38 config
-rw------- 1 cms011 cms      16 Jun 18 01:43 cpu_timing.txt
drwxr-xr-x 2 cms011 cms    4096 Jun 18 01:38 doc
-rw------- 1 cms011 cms    9835 Jun 18 01:43 executable.out
drwxr-xr-x 2 cms011 cms    4096 Jun 18 01:38 include
drwx------ 3 cms011 cms    4096 Apr 28 18:12 lib
drwxr-xr-x 3 cms011 cms    4096 Jun 18 01:38 logs
drwxr-xr-x 3 cms011 cms    4096 Jun 18 01:38 objs
-rw------- 1 cms011 cms     104 Jun 18 01:39 pset.py
-rw------- 1 cms011 cms 3712283 Jun 18 01:39 pset.py.pkl
-rw------- 1 cms011 cms     289 Jun 18 01:39 pset.pyc
drwxr-xr-x 2 cms011 cms    4096 Jun 18 01:38 python
-rw------- 1 cms011 cms     407 Jun 18 01:43 report.log
drwx------ 6 cms011 cms    4096 Jun 18 01:38 src
drwxr-xr-x 3 cms011 cms    4096 Jun 18 01:38 test
drwxr-xr-x 3 cms011 cms    4096 Jun 18 01:38 tmp
-rw------- 1 cms011 cms 2794773 Jun 18 01:43 validationEDM.root
>>> current directory /home/cms011/home_cream_864542820/CREAM864542820/glide_VYb5m6/execute/dir_4630/CMSSW_6_2_0_SLHC12
>>> (SOFTWARE_DIR): /home/cms011/home_cream_864542820/CREAM864542820/glide_VYb5m6/execute/dir_4630/CMSSW_6_2_0_SLHC12
>>> (WORKING_DIR): 
>>> current directory content:
total 10108
drwxr-xr-x 3 cms011 cms    4096 Jun 18 01:38 .SCRAM
-rw------- 1 cms011 cms 3740311 Jun 18 01:39 CMSSW.py.pkl
drwxr-xr-x 3 cms011 cms    4096 Jun 18 01:38 bin
drwxr-xr-x 3 cms011 cms    4096 Jun 18 01:38 cfipython
drwxr-xr-x 4 cms011 cms    4096 Jun 18 01:38 config
-rw------- 1 cms011 cms      16 Jun 18 01:43 cpu_timing.txt
drwxr-xr-x 2 cms011 cms    4096 Jun 18 01:38 doc
-rw------- 1 cms011 cms    9835 Jun 18 01:43 executable.out
drwxr-xr-x 2 cms011 cms    4096 Jun 18 01:38 include
drwx------ 3 cms011 cms    4096 Apr 28 18:12 lib
drwxr-xr-x 3 cms011 cms    4096 Jun 18 01:38 logs
drwxr-xr-x 3 cms011 cms    4096 Jun 18 01:38 objs
-rw------- 1 cms011 cms     104 Jun 18 01:39 pset.py
-rw------- 1 cms011 cms 3712283 Jun 18 01:39 pset.py.pkl
-rw------- 1 cms011 cms     289 Jun 18 01:39 pset.pyc
drwxr-xr-x 2 cms011 cms    4096 Jun 18 01:38 python
-rw------- 1 cms011 cms     407 Jun 18 01:43 report.log
drwx------ 6 cms011 cms    4096 Jun 18 01:38 src
drwxr-xr-x 3 cms011 cms    4096 Jun 18 01:38 test
drwxr-xr-x 3 cms011 cms    4096 Jun 18 01:38 tmp
-rw------- 1 cms011 cms 2794773 Jun 18 01:43 validationEDM_18_1_J79.root
>>> current directory (RUNTIME_AREA):  /home/cms011/home_cream_864542820/CREAM864542820/glide_VYb5m6/execute/dir_4630
SE = storm-se-01.ba.infn.it
SE_PATH = /srm/managerv2?SFN=//cms/store/user/calabria/calabria_SingleMuPt5_GEN-SIM-DIGI-RECO_CMSSW_6_2_0_SLHC12_2023Scenario_Case5/calabria_MuMinus5_GEN-SIM-DIGI-RECO_CMSSW_6_2_0_SLHC12_2023Scenario_VALNOPU2_Case5/5854dd31cbd3cdec44c48628cc181cf0/
LFNBaseName = /store/user/calabria/calabria_SingleMuPt5_GEN-SIM-DIGI-RECO_CMSSW_6_2_0_SLHC12_2023Scenario_Case5/calabria_MuMinus5_GEN-SIM-DIGI-RECO_CMSSW_6_2_0_SLHC12_2023Scenario_VALNOPU2_Case5/5854dd31cbd3cdec44c48628cc181cf0/
USER = calabria
endpoint = srm://storm-se-01.ba.infn.it:8444/srm/managerv2?SFN=//cms/store/user/calabria/calabria_SingleMuPt5_GEN-SIM-DIGI-RECO_CMSSW_6_2_0_SLHC12_2023Scenario_Case5/calabria_MuMinus5_GEN-SIM-DIGI-RECO_CMSSW_6_2_0_SLHC12_2023Scenario_VALNOPU2_Case5/5854dd31cbd3cdec44c48628cc181cf0/
>>> Copy output files from WN = pccms147.ba.infn.it to /srm/managerv2?SFN=//cms/store/user/calabria/calabria_SingleMuPt5_GEN-SIM-DIGI-RECO_CMSSW_6_2_0_SLHC12_2023Scenario_Case5/calabria_MuMinus5_GEN-SIM-DIGI-RECO_CMSSW_6_2_0_SLHC12_2023Scenario_VALNOPU2_Case5/5854dd31cbd3cdec44c48628cc181cf0/ :
python cmscp.py  --destination srm://storm-se-01.ba.infn.it:8444/srm/managerv2?SFN=//cms/store/user/calabria/calabria_SingleMuPt5_GEN-SIM-DIGI-RECO_CMSSW_6_2_0_SLHC12_2023Scenario_Case5/calabria_MuMinus5_GEN-SIM-DIGI-RECO_CMSSW_6_2_0_SLHC12_2023Scenario_VALNOPU2_Case5/5854dd31cbd3cdec44c48628cc181cf0/ --inputFileList /home/cms011/home_cream_864542820/CREAM864542820/glide_VYb5m6/execute/dir_4630/CMSSW_6_2_0_SLHC12/validationEDM_18_1_J79.root --middleware LCG --se_name storm-se-01.ba.infn.it --for_lfn /store/user/calabria/calabria_SingleMuPt5_GEN-SIM-DIGI-RECO_CMSSW_6_2_0_SLHC12_2023Scenario_Case5/calabria_MuMinus5_GEN-SIM-DIGI-RECO_CMSSW_6_2_0_SLHC12_2023Scenario_VALNOPU2_Case5/5854dd31cbd3cdec44c48628cc181cf0/    
******************************************************
localSeName  =  storm-se-01.ba.infn.it
remoteSeName =  storm-se-01.ba.infn.it
******************************************************
{"/home/cms011/home_cream_864542820/CREAM864542820/glide_VYb5m6/execute/dir_4630/CMSSW_6_2_0_SLHC12/validationEDM_18_1_J79.root": {"endpoint": "srm://storm-se-01.ba.infn.it:8444/srm/managerv2?SFN=//cms/store/user/calabria/calabria_SingleMuPt5_GEN-SIM-DIGI-RECO_CMSSW_6_2_0_SLHC12_2023Scenario_Case5/calabria_MuMinus5_GEN-SIM-DIGI-RECO_CMSSW_6_2_0_SLHC12_2023Scenario_VALNOPU2_Case5/5854dd31cbd3cdec44c48628cc181cf0/", "surl_for_grid": "", "reason": "Copy succedeed with srm-lcg utils", "erCode": "0", "se_name": "storm-se-01.ba.infn.it", "for_lfn": "/store/user/calabria/calabria_SingleMuPt5_GEN-SIM-DIGI-RECO_CMSSW_6_2_0_SLHC12_2023Scenario_Case5/calabria_MuMinus5_GEN-SIM-DIGI-RECO_CMSSW_6_2_0_SLHC12_2023Scenario_VALNOPU2_Case5/5854dd31cbd3cdec44c48628cc181cf0/"}}/home/cms011/home_cream_864542820/CREAM864542820/glide_VYb5m6/execute/dir_4630
-------- cat /home/cms011/home_cream_864542820/CREAM864542820/glide_VYb5m6/execute/dir_4630/cmscpReport.sh 
#!/bin/bash
echo "Report for File: /home/cms011/home_cream_864542820/CREAM864542820/glide_VYb5m6/execute/dir_4630/CMSSW_6_2_0_SLHC12/validationEDM_18_1_J79.root"
echo "LFN: /store/user/calabria/calabria_SingleMuPt5_GEN-SIM-DIGI-RECO_CMSSW_6_2_0_SLHC12_2023Scenario_Case5/calabria_MuMinus5_GEN-SIM-DIGI-RECO_CMSSW_6_2_0_SLHC12_2023Scenario_VALNOPU2_Case5/5854dd31cbd3cdec44c48628cc181cf0/validationEDM_18_1_J79.root"
echo "StorageElement: storm-se-01.ba.infn.it"
echo "StageOutExitStatusReason = 'Copy succedeed with srm-lcg utils'" | tee -a $RUNTIME_AREA/$repo
echo "StageOutSE = storm-se-01.ba.infn.it" >> $RUNTIME_AREA/$repo

export StageOutExitStatus=0
echo "StageOutExitStatus = 0" | tee -a $RUNTIME_AREA/$repo
-------- end of /home/cms011/home_cream_864542820/CREAM864542820/glide_VYb5m6/execute/dir_4630/cmscpReport.sh 
Report for File: /home/cms011/home_cream_864542820/CREAM864542820/glide_VYb5m6/execute/dir_4630/CMSSW_6_2_0_SLHC12/validationEDM_18_1_J79.root
LFN: /store/user/calabria/calabria_SingleMuPt5_GEN-SIM-DIGI-RECO_CMSSW_6_2_0_SLHC12_2023Scenario_Case5/calabria_MuMinus5_GEN-SIM-DIGI-RECO_CMSSW_6_2_0_SLHC12_2023Scenario_VALNOPU2_Case5/5854dd31cbd3cdec44c48628cc181cf0/validationEDM_18_1_J79.root
StorageElement: storm-se-01.ba.infn.it
StageOutExitStatusReason = 'Copy succedeed with srm-lcg utils'
StageOutExitStatus = 0
>>> current dir: /home/cms011/home_cream_864542820/CREAM864542820/glide_VYb5m6/execute/dir_4630
>>> current dir content:
total 28076
-rw-------  1 cms011 cms     2770 Jun 18 01:44 .SEinteraction.log
-rwx------  1 cms011 cms     6803 Jun 18 01:38 .job.ad
-rwx------  1 cms011 cms     9437 Jun 18 01:38 .machine.ad
-rw-------  1 cms011 cms      105 Jun 16 20:51 CMSSW.py
-rw-------  1 cms011 cms  3740311 Jun 16 20:51 CMSSW.py.pkl
-rwx------  1 cms011 cms    29543 Jun 18 01:38 CMSSW.sh
drwxr-xr-x 15 cms011 cms     4096 Jun 18 01:43 CMSSW_6_2_0_SLHC12
-rw-------  1 cms011 cms      219 Jun 18 01:38 CacheEnv.sh
-rw-------  1 cms011 cms     7291 Apr  4 11:04 DashboardAPI.py
-rw-------  1 cms011 cms     6800 Jun 18 01:39 DashboardAPI.pyc
drwx------  2 cms011 cms     4096 Jun 18 01:43 IMProv
-rw-------  1 cms011 cms     2748 Apr  4 11:04 Logger.py
-rw-------  1 cms011 cms     3342 Jun 18 01:39 Logger.pyc
-rw-------  1 cms011 cms    24524 Apr  4 11:04 ProcInfo.py
-rw-------  1 cms011 cms    23173 Jun 18 01:39 ProcInfo.pyc
drwx------  7 cms011 cms     4096 Jun 18 01:39 ProdCommon
drwx------  3 cms011 cms     4096 Jun 18 01:38 WMCore
-rw-------  1 cms011 cms     2043 Jun 18 01:44 Watchdog_18.log
-rwx------  1 cms011 cms        0 Jun 18 01:38 _condor_stderr
-rwx---r--  1 cms011 cms    29244 Jun 18 01:44 _condor_stdout
-rw-------  1 cms011 cms    32895 Apr  4 11:04 apmon.py
-rw-------  1 cms011 cms    28596 Jun 18 01:39 apmon.pyc
-rwx------  1 cms011 cms    52966 Jun 18 01:38 arguments.xml
-rwx------  1 cms011 cms    38515 Apr  4 11:04 cmscp.py
-rw-------  1 cms011 cms      715 Jun 18 01:44 cmscpReport.sh
-rwx------  1 cms011 cms    29543 Jun 18 01:38 condor_exec.exe
-rw-------  1 cms011 cms      953 Jun 16 20:51 crab.cfg
-rwx------  1 cms011 cms     8610 Apr  4 11:04 crabWatchdog.sh
-rwx---r--  1 cms011 cms   523136 Jun 18 01:43 crab_fjr_18.xml
-rwx------  1 cms011 cms 23958414 Jun 18 01:38 default.tgz
-rwx------  1 cms011 cms     4488 Apr  4 11:04 fillCrabFjr.py
-rw-------  1 cms011 cms     2597 Jun 18 01:39 inputsReport.txt
-rw-------  1 cms011 cms      260 Jun 18 01:44 jobreport.txt
-rw-------  1 cms011 cms    17352 Apr  4 11:04 parseCrabFjr.py
-rw-------  1 cms011 cms      329 Jun 18 01:38 report.log
-rwx--x--x  1 cms011 cms     1497 Apr  4 11:04 report.py
-rw-------  1 cms011 cms      767 Jun 18 01:44 resultCopyFile
lrwxrwxrwx  1 cms011 cms      125 Jun 18 01:43 validationEDM.root -> /home/cms011/home_cream_864542820/CREAM864542820/glide_VYb5m6/execute/dir_4630/CMSSW_6_2_0_SLHC12/validationEDM_18_1_J79.root
-rwx------  1 cms011 cms     8387 Apr  4 11:04 writeCfg.py
-rw-------  1 cms011 cms     8030 Jun 18 01:38 x509up_u50707
>>> Modify Job Report:
CMSSW_VERSION = CMSSW_6_2_0_SLHC12
ProcessedDataset = calabria_MuMinus5_GEN-SIM-DIGI-RECO_CMSSW_6_2_0_SLHC12_2023Scenario_VALNOPU2_Case5
/home/cms011/home_cream_864542820/CREAM864542820/glide_VYb5m6/execute/dir_4630/ProdCommon/FwkJobRep/ModifyJobReport.py fjr /home/cms011/home_cream_864542820/CREAM864542820/glide_VYb5m6/execute/dir_4630/crab_fjr_18.xml json /home/cms011/home_cream_864542820/CREAM864542820/glide_VYb5m6/execute/dir_4630/resultCopyFile n_job 18_1_J79 PrimaryDataset calabria_SingleMuPt5_GEN-SIM-DIGI-RECO_CMSSW_6_2_0_SLHC12_2023Scenario_Case5  ApplicationFamily cmsRun ApplicationName cmsRun cmssw_version CMSSW_6_2_0_SLHC12 psethash 5854dd31cbd3cdec44c48628cc181cf0 UserProcessedDataset calabria-calabria_MuMinus5_GEN-SIM-DIGI-RECO_CMSSW_6_2_0_SLHC12_2023Scenario_VALNOPU2_Case5-5854dd31cbd3cdec44c48628cc181cf0
inputDict =  {u'/home/cms011/home_cream_864542820/CREAM864542820/glide_VYb5m6/execute/dir_4630/CMSSW_6_2_0_SLHC12/validationEDM_18_1_J79.root': {u'endpoint': u'srm://storm-se-01.ba.infn.it:8444/srm/managerv2?SFN=//cms/store/user/calabria/calabria_SingleMuPt5_GEN-SIM-DIGI-RECO_CMSSW_6_2_0_SLHC12_2023Scenario_Case5/calabria_MuMinus5_GEN-SIM-DIGI-RECO_CMSSW_6_2_0_SLHC12_2023Scenario_VALNOPU2_Case5/5854dd31cbd3cdec44c48628cc181cf0/', u'surl_for_grid': u'', u'reason': u'Copy succedeed with srm-lcg utils', u'erCode': u'0', u'se_name': u'storm-se-01.ba.infn.it', u'for_lfn': u'/store/user/calabria/calabria_SingleMuPt5_GEN-SIM-DIGI-RECO_CMSSW_6_2_0_SLHC12_2023Scenario_Case5/calabria_MuMinus5_GEN-SIM-DIGI-RECO_CMSSW_6_2_0_SLHC12_2023Scenario_VALNOPU2_Case5/5854dd31cbd3cdec44c48628cc181cf0/'}}
UserProcessedDataset =  calabria-calabria_MuMinus5_GEN-SIM-DIGI-RECO_CMSSW_6_2_0_SLHC12_2023Scenario_VALNOPU2_Case5-5854dd31cbd3cdec44c48628cc181cf0
file_name in inputDict =  /home/cms011/home_cream_864542820/CREAM864542820/glide_VYb5m6/execute/dir_4630/CMSSW_6_2_0_SLHC12/validationEDM_18_1_J79.root
(size) os.stat(filename)[6] =  2794773
checksum =  1494655566
    file =  validationEDM_18_1_J79.root
    newPfn =  srm://storm-se-01.ba.infn.it:8444/srm/managerv2?SFN=//cms/store/user/calabria/calabria_SingleMuPt5_GEN-SIM-DIGI-RECO_CMSSW_6_2_0_SLHC12_2023Scenario_Case5/calabria_MuMinus5_GEN-SIM-DIGI-RECO_CMSSW_6_2_0_SLHC12_2023Scenario_VALNOPU2_Case5/5854dd31cbd3cdec44c48628cc181cf0/validationEDM_18_1_J79.root
    newLfn =  /store/user/calabria/calabria_SingleMuPt5_GEN-SIM-DIGI-RECO_CMSSW_6_2_0_SLHC12_2023Scenario_Case5/calabria_MuMinus5_GEN-SIM-DIGI-RECO_CMSSW_6_2_0_SLHC12_2023Scenario_VALNOPU2_Case5/5854dd31cbd3cdec44c48628cc181cf0/validationEDM_18_1_J79.root
>>> crab_fjr_*.xml  permission set to 0704
CrabWrapper EXIT_FUNC entered at Wed Jun 18 01:44:37 CEST 2014   -  Tue Jun 17 23:44:37 UTC 2014
Checking output files:  
will tar file crab_fjr_18.xml in  out_files_18
WARNING: output file CMSSW_18.stdout not found!
WARNING: output file CMSSW_18.stderr not found!
WARNING: output file Watchdog_18.log.gz not found!
>>> padding time: Sleeping the wrapper for 257 seconds
STOPPING WATCHDOG. CrabWatchdog PID is 8940
********** LAST 50 LINES OF WATCHDOG LOG
# RESOURCE USAGE SUMMARY FOR PROCESS ID  5049
USER       PID %CPU %MEM    VSZ   RSS TTY      STAT START   TIME COMMAND
cms011    5049  0.2  0.0   9496  1592 ?        S    01:38   0:00 /bin/sh /home/cms011/home_cream_864542820/CREAM864542820/glide_VYb5m6/execute/dir_4630/condor_exec.exe 18 1
 
# LIMITS USED BY CRAB WATCHDOG:
# RSS  (KBytes)   : 2300000
# VSZ  (KBytes)   : 100000000
# DISK (MBytes)   : 19000
# CPU TIME        : 720h:0m:0s
# WALL CLOCK TIME : 21h:50m:0s
 
# FOLLOWING PRINTOUT TRACKS MAXIMUM VALUES OF RESOURCES USE
# ONE LINE IS PRINTED EACH TIME A MAXIMUM CHANGES
# IF CHANGE WAS IN RSS OR VSZ ALSO PROCID AND COMMAND ARE PRINTED
# THERE IS NO PRINTOUT FOR CPU/WALL TIME INCREASE
 
# TIME			PID	RSS(KB)	VSZ(KB)	Dsk(MB)	tCPU(s)	tWALL(s)	COMMAND
 Jun 18 01:39:03 CEST	4250	1396	9364	0	0	0	/bin/bash /home/cms011/home_cream_864542820/CREAM864542820/glide_VYb5m6/main/condor_startup.sh glidein_config        
 Jun 18 01:39:03 CEST	4630	8420	93608	0	0	0	condor_starter -f submit-6.t2.ucsd.edu        
 Jun 18 01:39:03 CEST	5946	8716	93908	0	3	2	condor_startd -f         
 Jun 18 01:39:03 CEST	8979	50512	124052	0	1	3	edmConfigHash pset.py         
 Jun 18 01:39:03 CEST	---	50512	124052	171	----	----	----
 Jun 18 01:40:07 CEST	10714	685476	938272	171	30	66	cmsRun -j /home/cms011/home_cream_864542820/CREAM864542820/glide_VYb5m6/execute/dir_4630/crab_fjr_18.xml -p pset.py      
 Jun 18 01:40:07 CEST	---	685476	938272	175	----	----	----
 Jun 18 01:41:10 CEST	10714	729512	1005600	175	65	129	cmsRun -j /home/cms011/home_cream_864542820/CREAM864542820/glide_VYb5m6/execute/dir_4630/crab_fjr_18.xml -p pset.py      
 Jun 18 01:42:15 CEST	10714	729512	1010716	175	97	195	cmsRun -j /home/cms011/home_cream_864542820/CREAM864542820/glide_VYb5m6/execute/dir_4630/crab_fjr_18.xml -p pset.py      
 Jun 18 01:43:19 CEST	10714	734164	1018652	175	132	259	cmsRun -j /home/cms011/home_cream_864542820/CREAM864542820/glide_VYb5m6/execute/dir_4630/crab_fjr_18.xml -p pset.py      
 Jun 18 01:44:23 CEST	---	734164	1018652	178	----	----	----
********** WATCHDOG LOG ENDED
ZIPPING WATCHDOG LOG
Disk space used:
du -sh /home/cms011/home_cream_864542820/CREAM864542820/glide_VYb5m6/execute/dir_4630
178M	/home/cms011/home_cream_864542820/CREAM864542820/glide_VYb5m6/execute/dir_4630
Found unusual stdout, rename for OSB
`/home/cms011/home_cream_864542820/CREAM864542820/glide_VYb5m6/execute/dir_4630/_condor_stdout' -> `CMSSW_18.stdout'
Found unusual stderr, rename for OSB
`/home/cms011/home_cream_864542820/CREAM864542820/glide_VYb5m6/execute/dir_4630/_condor_stdout' -> `CMSSW_18.stderr'
crab_fjr_18.xml
CMSSW_18.stdout
CMSSW_18.stderr
Watchdog_18.log.gz
Total Output dimension: 69652
WARNING: output files size limit is set to: 50000000
Total Output dimension 69652 is fine.
JOB_EXIT_STATUS = 0
>>> info for dashboard:
***** Cat /home/cms011/home_cream_864542820/CREAM864542820/glide_VYb5m6/execute/dir_4630/jobreport.txt *****
MonitorJobID=18_https://submit-6.t2.ucsd.edu//140616//168561.17
MonitorID=calabria_MuMinus5_Case5_ReReco_u540cv
ExeTime=259
ExeExitCode=0
StageOutExitStatusReason = 'Copy succedeed with srm-lcg utils'
StageOutSE = storm-se-01.ba.infn.it
StageOutExitStatus = 0
CrabUserCpuTime=145.08
CrabSysCpuTime=3.66
CrabCpuPercentage=57%
CrabWrapperTime=600
CrabStageoutTime=49
JobExitCode=0
***** End Cat jobreport *****
Parameters sent to Dashboard.
EXITING at Wed Jun 18 01:49:01 CEST 2014  -  Tue Jun 17 23:49:01 UTC 2014
