This script was generated by crab (version 2.10.5_patch1).
Running /home/cms040/home_cream_657095663/CREAM657095663/glide_jwCUGH/execute/dir_8896/condor_exec.exe with 2 positional parameters: 7 1
Today is Wed Jun 18 01:38:14 CEST 2014 - Tue Jun 17 23:38:14 UTC 2014
Job submitted on host pccms149.ba.infn.it
Linux pccms149.ba.infn.it 2.6.32-358.23.2.el6.x86_64 #1 SMP Thu Oct 17 10:27:22 CEST 2013 x86_64 x86_64 x86_64 GNU/Linux
>>> current directory (RUNTIME_AREA): /home/cms040/home_cream_657095663/CREAM657095663/glide_jwCUGH/execute/dir_8896
>>> current user: uid=18598(cms040) gid=1399(cms) groups=1399(cms)
>>> directory permission set to 0700
>>> umask set to:  u=rwx,g=,o=
>>> stdout stderr permission set to 0704
>>> voms proxy information:
subject   : /C=IT/O=INFN/OU=Personal Certificate/L=Bari/CN=Cesare Calabria/CN=477126703/CN=1088240811
issuer    : /C=IT/O=INFN/OU=Personal Certificate/L=Bari/CN=Cesare Calabria/CN=477126703
identity  : /C=IT/O=INFN/OU=Personal Certificate/L=Bari/CN=Cesare Calabria
type      : RFC3820 compliant limited proxy
strength  : 1024
path      : /home/cms040/home_cream_657095663/CREAM657095663/glide_jwCUGH/execute/dir_8896/x509up_u50707
timeleft  : 23:59:48
key usage : Digital Signature, Key Encipherment, Data Encipherment
=== VO cms extension information ===
VO        : cms
subject   : /C=IT/O=INFN/OU=Personal Certificate/L=Bari/CN=Cesare Calabria
issuer    : /DC=ch/DC=cern/OU=computers/CN=lcg-voms.cern.ch
attribute : /cms/Role=NULL/Capability=NULL
attribute : /cms/itcms/Role=NULL/Capability=NULL
timeleft  : 180:30:11
uri       : lcg-voms.cern.ch:15002

WNHostName=pccms149.ba.infn.it
>>> tar --no-same-permissions -xf /home/cms040/home_cream_657095663/CREAM657095663/glide_jwCUGH/execute/dir_8896/default.tgz :
Successful untar
>>> Include /home/cms040/home_cream_657095663/CREAM657095663/glide_jwCUGH/execute/dir_8896 in PYTHONPATH:
strip arguments
env var CRAB_UNIQUE_JOB_ID set to: calabria_MuMinus5_Case5_ReReco_u540cv_7_1_Kte
out_files_7
>>> list of expected files on output sandbox
output files: crab_fjr_7.xml CMSSW_7.stdout CMSSW_7.stderr Watchdog_7.log.gz
>>> GridFlavour discovery: 
GridFlavour=LCG
>>> SyncSite discovery: 
SyncSite=T2_IT_Bari
>>> SyncCE discovery: 
getting SyncCE from CE_ID
SyncCE=cream-ce-2.ba.infn.it:8443/cream-pbs-long
>>> info for dashboard:
***** Cat /home/cms040/home_cream_657095663/CREAM657095663/glide_jwCUGH/execute/dir_8896/jobreport.txt *****
WNHostName=pccms149.ba.infn.it
MonitorJobID=7_https://submit-6.t2.ucsd.edu//140616//168561.6
SyncGridJobId=https://submit-6.t2.ucsd.edu//140616//168561.6
MonitorID=calabria_MuMinus5_Case5_ReReco_u540cv
GridFlavour=LCG
SyncSite=T2_IT_Bari
SyncCE=cream-ce-2.ba.infn.it:8443/cream-pbs-long
***** End Cat jobreport *****
Parameters sent to Dashboard.
>>> setup environment
set SCRAM ARCH to slc5_amd64_gcc472
SCRAM_ARCH = slc5_amd64_gcc472
>>> setup CMS LCG environment:
set SCRAM ARCH and BUILD_ARCH to slc5_amd64_gcc472 ###
Sourcing environment... 
sourcing /cvmfs/cms.cern.ch/cmsset_default.sh
==> setup cms environment ok
>>> specific cmssw setup environment:
CMSSW_VERSION =  CMSSW_6_2_0_SLHC12
>>> current directory (SOFTWARE_DIR): /home/cms040/home_cream_657095663/CREAM657095663/glide_jwCUGH/execute/dir_8896/CMSSW_6_2_0_SLHC12
PreserveSeeds: <>
IncrementSeeds:<>
>>> info for dashboard:
***** Cat /home/cms040/home_cream_657095663/CREAM657095663/glide_jwCUGH/execute/dir_8896/jobreport.txt *****
MonitorJobID=7_https://submit-6.t2.ucsd.edu//140616//168561.6
MonitorID=calabria_MuMinus5_Case5_ReReco_u540cv
***** End Cat jobreport *****
Parameters sent to Dashboard.
crabWatchdog started as process 10543
>>> moving CMSSW software directories in /home/cms040/home_cream_657095663/CREAM657095663/glide_jwCUGH/execute/dir_8896/CMSSW_6_2_0_SLHC12
mv: cannot stat `/home/cms040/home_cream_657095663/CREAM657095663/glide_jwCUGH/execute/dir_8896/module/': No such file or directory
>>> Include /home/cms040/home_cream_657095663/CREAM657095663/glide_jwCUGH/execute/dir_8896 in PYTHONPATH:
PYTHONPATH=/home/cms040/home_cream_657095663/CREAM657095663/glide_jwCUGH/execute/dir_8896/:/home/cms040/home_cream_657095663/CREAM657095663/glide_jwCUGH/execute/dir_8896/CMSSW_6_2_0_SLHC12/python:/home/cms040/home_cream_657095663/CREAM657095663/glide_jwCUGH/execute/dir_8896/CMSSW_6_2_0_SLHC12/lib/slc5_amd64_gcc472:/cvmfs/cms.cern.ch/slc5_amd64_gcc472/cms/cmssw/CMSSW_6_2_0_SLHC12/python:/cvmfs/cms.cern.ch/slc5_amd64_gcc472/cms/cmssw/CMSSW_6_2_0_SLHC12/lib/slc5_amd64_gcc472:/cvmfs/cms.cern.ch/slc5_amd64_gcc472/cms/coral/CORAL_2_3_21-cms36/slc5_amd64_gcc472/python:/cvmfs/cms.cern.ch/slc5_amd64_gcc472/cms/coral/CORAL_2_3_21-cms36/slc5_amd64_gcc472/lib:/cvmfs/cms.cern.ch/slc5_amd64_gcc472/external/pyqt/4.8.1-cms6/lib/python2.7/site-packages:/cvmfs/cms.cern.ch/slc5_amd64_gcc472/external/py2-scipy/0.8.0-cms8/lib/python2.7/site-packages:/cvmfs/cms.cern.ch/slc5_amd64_gcc472/external/py2-matplotlib/1.0.1-cms8/lib/python2.7/site-packages:/cvmfs/cms.cern.ch/slc5_amd64_gcc472/external/python-ldap/2.3.5-cms6/lib/python2.7/site-packages:/cvmfs/cms.cern.ch/slc5_amd64_gcc472/external/sip/4.11.2-cms6/lib/python2.7/site-packages:/cvmfs/cms.cern.ch/slc5_amd64_gcc472/external/py2-pycurl/7.19.0-cms8/lib/python2.7/site-packages:/cvmfs/cms.cern.ch/slc5_amd64_gcc472/external/py2-numpy/1.6.1-cms8/lib/python2.7/site-packages:/cvmfs/cms.cern.ch/slc5_amd64_gcc472/external/py2-lint/0.25.1-cms6/lib/python2.7/site-packages:/cvmfs/cms.cern.ch/slc5_amd64_gcc472/external/py2-ipython/0.10-cms6/lib/python2.7/site-packages:/cvmfs/cms.cern.ch/slc5_amd64_gcc472/external/py2-cx-oracle/5.1-cms7/lib/python2.7/site-packages:/cvmfs/cms.cern.ch/slc5_amd64_gcc472/external/py2-cjson/1.0.5-cms6/lib/python2.7/site-packages:/cvmfs/cms.cern.ch/slc5_amd64_gcc472/cms/das-client/1.11.7/bin:/cvmfs/cms.cern.ch/slc5_amd64_gcc472/external/elementtree/1.2.6-cms6/share/lib/python2.7/site-packages:/cvmfs/cms.cern.ch/slc5_amd64_gcc472/external/rivet/1.8.2-cms8/lib/python2.7/site-packages:/cvmfs/cms.cern.ch/slc5_amd64_gcc472/external/pyminuit2/0.0.1-cms19/lib/python2.7/site-packages:/cvmfs/cms.cern.ch/slc5_amd64_gcc472/external/py2-pygithub/1.23.0/lib/python2.7/site-packages:/cvmfs/cms.cern.ch/slc5_amd64_gcc472/external/professor/1.0.0-cms19/lib/python2.7/site-packages:/cvmfs/cms.cern.ch/slc5_amd64_gcc472/lcg/root/5.34.07-cms/lib:/cvmfs/cms.cern.ch/slc5_amd64_gcc472/cms/dbs-client/DBS_2_1_9-cms5/lib:/cvmfs/cms.cern.ch/slc5_amd64_gcc472/cms/dbs-client/DBS_2_1_9-cms5/lib/DBSAPI:/cvmfs/cms.cern.ch/slc5_amd64_gcc472/external/cvs2git/5419-cms/lib:/home/cms040/home_cream_657095663/CREAM657095663/glide_jwCUGH/execute/dir_8896/
 
# LIMITS USED BY CRAB WATCHDOG:
# RSS  (KBytes)   : 2300000
# VSZ  (KBytes)   : 100000000
# DISK (MBytes)   : 19000
# CPU TIME        : 720h:0m:0s
# WALL CLOCK TIME : 21h:50m:0s
 
5854dd31cbd3cdec44c48628cc181cf0
PSETHASH = 5854dd31cbd3cdec44c48628cc181cf0
/home/cms040/home_cream_657095663/CREAM657095663/glide_jwCUGH/execute/dir_8896/writeCfg.py pset.py pset.py
Importing .py file
Setting parameters
RandomNumberGeneratorService found, will attempt to change seeds
inputBlocks=/calabria_SingleMuPt5_GEN-SIM-DIGI-RECO_CMSSW_6_2_0_SLHC12_2023Scenario_Case5/calabria-calabria_SingleMuPt5_GEN-SIM-DIGI-RECO_CMSSW_6_2_0_SLHC12_2023Scenario_Case5-3c0fd862848dd94e43c269a049a99637/USER#a0db3309-8779-4162-9a18-fc63460cdf6a
inputFiles=/store/user/calabria/calabria_SingleMuPt5_GEN-SIM-DIGI-RECO_CMSSW_6_2_0_SLHC12_2023Scenario_Case5/calabria_SingleMuPt5_GEN-SIM-DIGI-RECO_CMSSW_6_2_0_SLHC12_2023Scenario_Case5/3c0fd862848dd94e43c269a049a99637/out_reco_394_1_GGg.root;/store/user/calabria/calabria_SingleMuPt5_GEN-SIM-DIGI-RECO_CMSSW_6_2_0_SLHC12_2023Scenario_Case5/calabria_SingleMuPt5_GEN-SIM-DIGI-RECO_CMSSW_6_2_0_SLHC12_2023Scenario_Case5/3c0fd862848dd94e43c269a049a99637/out_reco_395_1_UEB.root;/store/user/calabria/calabria_SingleMuPt5_GEN-SIM-DIGI-RECO_CMSSW_6_2_0_SLHC12_2023Scenario_Case5/calabria_SingleMuPt5_GEN-SIM-DIGI-RECO_CMSSW_6_2_0_SLHC12_2023Scenario_Case5/3c0fd862848dd94e43c269a049a99637/out_reco_398_1_QM1.root;/store/user/calabria/calabria_SingleMuPt5_GEN-SIM-DIGI-RECO_CMSSW_6_2_0_SLHC12_2023Scenario_Case5/calabria_SingleMuPt5_GEN-SIM-DIGI-RECO_CMSSW_6_2_0_SLHC12_2023Scenario_Case5/3c0fd862848dd94e43c269a049a99637/out_reco_399_1_gQx.root;/store/user/calabria/calabria_SingleMuPt5_GEN-SIM-DIGI-RECO_CMSSW_6_2_0_SLHC12_2023Scenario_Case5/calabria_SingleMuPt5_GEN-SIM-DIGI-RECO_CMSSW_6_2_0_SLHC12_2023Scenario_Case5/3c0fd862848dd94e43c269a049a99637/out_reco_400_1_rqq.root;/store/user/calabria/calabria_SingleMuPt5_GEN-SIM-DIGI-RECO_CMSSW_6_2_0_SLHC12_2023Scenario_Case5/calabria_SingleMuPt5_GEN-SIM-DIGI-RECO_CMSSW_6_2_0_SLHC12_2023Scenario_Case5/3c0fd862848dd94e43c269a049a99637/out_reco_402_2_0X4.root;/store/user/calabria/calabria_SingleMuPt5_GEN-SIM-DIGI-RECO_CMSSW_6_2_0_SLHC12_2023Scenario_Case5/calabria_SingleMuPt5_GEN-SIM-DIGI-RECO_CMSSW_6_2_0_SLHC12_2023Scenario_Case5/3c0fd862848dd94e43c269a049a99637/out_reco_404_2_ycx.root;/store/user/calabria/calabria_SingleMuPt5_GEN-SIM-DIGI-RECO_CMSSW_6_2_0_SLHC12_2023Scenario_Case5/calabria_SingleMuPt5_GEN-SIM-DIGI-RECO_CMSSW_6_2_0_SLHC12_2023Scenario_Case5/3c0fd862848dd94e43c269a049a99637/out_reco_405_2_bWr.root;/store/user/calabria/calabria_SingleMuPt5_GEN-SIM-DIGI-RECO_CMSSW_6_2_0_SLHC12_2023Scenario_Case5/calabria_SingleMuPt5_GEN-SIM-DIGI-RECO_CMSSW_6_2_0_SLHC12_2023Scenario_Case5/3c0fd862848dd94e43c269a049a99637/out_reco_407_2_Evr.root;/store/user/calabria/calabria_SingleMuPt5_GEN-SIM-DIGI-RECO_CMSSW_6_2_0_SLHC12_2023Scenario_Case5/calabria_SingleMuPt5_GEN-SIM-DIGI-RECO_CMSSW_6_2_0_SLHC12_2023Scenario_Case5/3c0fd862848dd94e43c269a049a99637/out_reco_1_1_MfY.root
parentFiles=
lumisRange=
>>> Executable cmsRun
/cvmfs/cms.cern.ch/slc5_amd64_gcc472/cms/cmssw/CMSSW_6_2_0_SLHC12/bin/slc5_amd64_gcc472/cmsRun
ok executable found
>>> info for dashboard:
***** Cat /home/cms040/home_cream_657095663/CREAM657095663/glide_jwCUGH/execute/dir_8896/jobreport.txt *****
MonitorJobID=7_https://submit-6.t2.ucsd.edu//140616//168561.6
MonitorID=calabria_MuMinus5_Case5_ReReco_u540cv
ExeStart=cmsRun
***** End Cat jobreport *****
Parameters sent to Dashboard.
>>> cmsRun started at Tue Jun 17 23:38:34 UTC 2014
>>> cmsRun ended at Tue Jun 17 23:41:40 UTC 2014
>>> crab_fjr_*.xml  permission set to 0704
>>> info for dashboard:
***** Cat /home/cms040/home_cream_657095663/CREAM657095663/glide_jwCUGH/execute/dir_8896/jobreport.txt *****
MonitorJobID=7_https://submit-6.t2.ucsd.edu//140616//168561.6
MonitorID=calabria_MuMinus5_Case5_ReReco_u540cv
ExeEnd=cmsRun
***** End Cat jobreport *****
Parameters sent to Dashboard.
TIME_EXE = 186 sec
>>> cmsRun wrote 50 lines of stdout+stderr
>>> START OF printout of 50 lines from stdout+stderr
271 DQMStore::DQMStore 
HcalTopologyIdealEP::HcalTopologyIdealEP
18-Jun-2014 01:38:46 CEST  Initiating request to open file file:/lustre/cms//store/user/calabria/calabria_SingleMuPt5_GEN-SIM-DIGI-RECO_CMSSW_6_2_0_SLHC12_2023Scenario_Case5/calabria_SingleMuPt5_GEN-SIM-DIGI-RECO_CMSSW_6_2_0_SLHC12_2023Scenario_Case5/3c0fd862848dd94e43c269a049a99637/out_reco_394_1_GGg.root
18-Jun-2014 01:38:48 CEST  Successfully opened file file:/lustre/cms//store/user/calabria/calabria_SingleMuPt5_GEN-SIM-DIGI-RECO_CMSSW_6_2_0_SLHC12_2023Scenario_Case5/calabria_SingleMuPt5_GEN-SIM-DIGI-RECO_CMSSW_6_2_0_SLHC12_2023Scenario_Case5/3c0fd862848dd94e43c269a049a99637/out_reco_394_1_GGg.root
18-Jun-2014 01:39:05 CEST  Closed file file:/lustre/cms//store/user/calabria/calabria_SingleMuPt5_GEN-SIM-DIGI-RECO_CMSSW_6_2_0_SLHC12_2023Scenario_Case5/calabria_SingleMuPt5_GEN-SIM-DIGI-RECO_CMSSW_6_2_0_SLHC12_2023Scenario_Case5/3c0fd862848dd94e43c269a049a99637/out_reco_394_1_GGg.root
18-Jun-2014 01:39:05 CEST  Initiating request to open file file:/lustre/cms//store/user/calabria/calabria_SingleMuPt5_GEN-SIM-DIGI-RECO_CMSSW_6_2_0_SLHC12_2023Scenario_Case5/calabria_SingleMuPt5_GEN-SIM-DIGI-RECO_CMSSW_6_2_0_SLHC12_2023Scenario_Case5/3c0fd862848dd94e43c269a049a99637/out_reco_395_1_UEB.root
18-Jun-2014 01:39:06 CEST  Successfully opened file file:/lustre/cms//store/user/calabria/calabria_SingleMuPt5_GEN-SIM-DIGI-RECO_CMSSW_6_2_0_SLHC12_2023Scenario_Case5/calabria_SingleMuPt5_GEN-SIM-DIGI-RECO_CMSSW_6_2_0_SLHC12_2023Scenario_Case5/3c0fd862848dd94e43c269a049a99637/out_reco_395_1_UEB.root
18-Jun-2014 01:39:20 CEST  Closed file file:/lustre/cms//store/user/calabria/calabria_SingleMuPt5_GEN-SIM-DIGI-RECO_CMSSW_6_2_0_SLHC12_2023Scenario_Case5/calabria_SingleMuPt5_GEN-SIM-DIGI-RECO_CMSSW_6_2_0_SLHC12_2023Scenario_Case5/3c0fd862848dd94e43c269a049a99637/out_reco_395_1_UEB.root
18-Jun-2014 01:39:20 CEST  Initiating request to open file file:/lustre/cms//store/user/calabria/calabria_SingleMuPt5_GEN-SIM-DIGI-RECO_CMSSW_6_2_0_SLHC12_2023Scenario_Case5/calabria_SingleMuPt5_GEN-SIM-DIGI-RECO_CMSSW_6_2_0_SLHC12_2023Scenario_Case5/3c0fd862848dd94e43c269a049a99637/out_reco_398_1_QM1.root
18-Jun-2014 01:39:21 CEST  Successfully opened file file:/lustre/cms//store/user/calabria/calabria_SingleMuPt5_GEN-SIM-DIGI-RECO_CMSSW_6_2_0_SLHC12_2023Scenario_Case5/calabria_SingleMuPt5_GEN-SIM-DIGI-RECO_CMSSW_6_2_0_SLHC12_2023Scenario_Case5/3c0fd862848dd94e43c269a049a99637/out_reco_398_1_QM1.root
18-Jun-2014 01:39:35 CEST  Closed file file:/lustre/cms//store/user/calabria/calabria_SingleMuPt5_GEN-SIM-DIGI-RECO_CMSSW_6_2_0_SLHC12_2023Scenario_Case5/calabria_SingleMuPt5_GEN-SIM-DIGI-RECO_CMSSW_6_2_0_SLHC12_2023Scenario_Case5/3c0fd862848dd94e43c269a049a99637/out_reco_398_1_QM1.root
18-Jun-2014 01:39:35 CEST  Initiating request to open file file:/lustre/cms//store/user/calabria/calabria_SingleMuPt5_GEN-SIM-DIGI-RECO_CMSSW_6_2_0_SLHC12_2023Scenario_Case5/calabria_SingleMuPt5_GEN-SIM-DIGI-RECO_CMSSW_6_2_0_SLHC12_2023Scenario_Case5/3c0fd862848dd94e43c269a049a99637/out_reco_399_1_gQx.root
18-Jun-2014 01:39:35 CEST  Successfully opened file file:/lustre/cms//store/user/calabria/calabria_SingleMuPt5_GEN-SIM-DIGI-RECO_CMSSW_6_2_0_SLHC12_2023Scenario_Case5/calabria_SingleMuPt5_GEN-SIM-DIGI-RECO_CMSSW_6_2_0_SLHC12_2023Scenario_Case5/3c0fd862848dd94e43c269a049a99637/out_reco_399_1_gQx.root
18-Jun-2014 01:39:49 CEST  Closed file file:/lustre/cms//store/user/calabria/calabria_SingleMuPt5_GEN-SIM-DIGI-RECO_CMSSW_6_2_0_SLHC12_2023Scenario_Case5/calabria_SingleMuPt5_GEN-SIM-DIGI-RECO_CMSSW_6_2_0_SLHC12_2023Scenario_Case5/3c0fd862848dd94e43c269a049a99637/out_reco_399_1_gQx.root
18-Jun-2014 01:39:49 CEST  Initiating request to open file file:/lustre/cms//store/user/calabria/calabria_SingleMuPt5_GEN-SIM-DIGI-RECO_CMSSW_6_2_0_SLHC12_2023Scenario_Case5/calabria_SingleMuPt5_GEN-SIM-DIGI-RECO_CMSSW_6_2_0_SLHC12_2023Scenario_Case5/3c0fd862848dd94e43c269a049a99637/out_reco_400_1_rqq.root
18-Jun-2014 01:39:50 CEST  Successfully opened file file:/lustre/cms//store/user/calabria/calabria_SingleMuPt5_GEN-SIM-DIGI-RECO_CMSSW_6_2_0_SLHC12_2023Scenario_Case5/calabria_SingleMuPt5_GEN-SIM-DIGI-RECO_CMSSW_6_2_0_SLHC12_2023Scenario_Case5/3c0fd862848dd94e43c269a049a99637/out_reco_400_1_rqq.root
18-Jun-2014 01:40:04 CEST  Closed file file:/lustre/cms//store/user/calabria/calabria_SingleMuPt5_GEN-SIM-DIGI-RECO_CMSSW_6_2_0_SLHC12_2023Scenario_Case5/calabria_SingleMuPt5_GEN-SIM-DIGI-RECO_CMSSW_6_2_0_SLHC12_2023Scenario_Case5/3c0fd862848dd94e43c269a049a99637/out_reco_400_1_rqq.root
18-Jun-2014 01:40:04 CEST  Initiating request to open file file:/lustre/cms//store/user/calabria/calabria_SingleMuPt5_GEN-SIM-DIGI-RECO_CMSSW_6_2_0_SLHC12_2023Scenario_Case5/calabria_SingleMuPt5_GEN-SIM-DIGI-RECO_CMSSW_6_2_0_SLHC12_2023Scenario_Case5/3c0fd862848dd94e43c269a049a99637/out_reco_402_2_0X4.root
18-Jun-2014 01:40:04 CEST  Successfully opened file file:/lustre/cms//store/user/calabria/calabria_SingleMuPt5_GEN-SIM-DIGI-RECO_CMSSW_6_2_0_SLHC12_2023Scenario_Case5/calabria_SingleMuPt5_GEN-SIM-DIGI-RECO_CMSSW_6_2_0_SLHC12_2023Scenario_Case5/3c0fd862848dd94e43c269a049a99637/out_reco_402_2_0X4.root
18-Jun-2014 01:40:18 CEST  Closed file file:/lustre/cms//store/user/calabria/calabria_SingleMuPt5_GEN-SIM-DIGI-RECO_CMSSW_6_2_0_SLHC12_2023Scenario_Case5/calabria_SingleMuPt5_GEN-SIM-DIGI-RECO_CMSSW_6_2_0_SLHC12_2023Scenario_Case5/3c0fd862848dd94e43c269a049a99637/out_reco_402_2_0X4.root
18-Jun-2014 01:40:18 CEST  Initiating request to open file file:/lustre/cms//store/user/calabria/calabria_SingleMuPt5_GEN-SIM-DIGI-RECO_CMSSW_6_2_0_SLHC12_2023Scenario_Case5/calabria_SingleMuPt5_GEN-SIM-DIGI-RECO_CMSSW_6_2_0_SLHC12_2023Scenario_Case5/3c0fd862848dd94e43c269a049a99637/out_reco_404_2_ycx.root
18-Jun-2014 01:40:18 CEST  Successfully opened file file:/lustre/cms//store/user/calabria/calabria_SingleMuPt5_GEN-SIM-DIGI-RECO_CMSSW_6_2_0_SLHC12_2023Scenario_Case5/calabria_SingleMuPt5_GEN-SIM-DIGI-RECO_CMSSW_6_2_0_SLHC12_2023Scenario_Case5/3c0fd862848dd94e43c269a049a99637/out_reco_404_2_ycx.root
18-Jun-2014 01:40:38 CEST  Closed file file:/lustre/cms//store/user/calabria/calabria_SingleMuPt5_GEN-SIM-DIGI-RECO_CMSSW_6_2_0_SLHC12_2023Scenario_Case5/calabria_SingleMuPt5_GEN-SIM-DIGI-RECO_CMSSW_6_2_0_SLHC12_2023Scenario_Case5/3c0fd862848dd94e43c269a049a99637/out_reco_404_2_ycx.root
18-Jun-2014 01:40:38 CEST  Initiating request to open file file:/lustre/cms//store/user/calabria/calabria_SingleMuPt5_GEN-SIM-DIGI-RECO_CMSSW_6_2_0_SLHC12_2023Scenario_Case5/calabria_SingleMuPt5_GEN-SIM-DIGI-RECO_CMSSW_6_2_0_SLHC12_2023Scenario_Case5/3c0fd862848dd94e43c269a049a99637/out_reco_405_2_bWr.root
18-Jun-2014 01:40:38 CEST  Successfully opened file file:/lustre/cms//store/user/calabria/calabria_SingleMuPt5_GEN-SIM-DIGI-RECO_CMSSW_6_2_0_SLHC12_2023Scenario_Case5/calabria_SingleMuPt5_GEN-SIM-DIGI-RECO_CMSSW_6_2_0_SLHC12_2023Scenario_Case5/3c0fd862848dd94e43c269a049a99637/out_reco_405_2_bWr.root
18-Jun-2014 01:40:52 CEST  Closed file file:/lustre/cms//store/user/calabria/calabria_SingleMuPt5_GEN-SIM-DIGI-RECO_CMSSW_6_2_0_SLHC12_2023Scenario_Case5/calabria_SingleMuPt5_GEN-SIM-DIGI-RECO_CMSSW_6_2_0_SLHC12_2023Scenario_Case5/3c0fd862848dd94e43c269a049a99637/out_reco_405_2_bWr.root
18-Jun-2014 01:40:52 CEST  Initiating request to open file file:/lustre/cms//store/user/calabria/calabria_SingleMuPt5_GEN-SIM-DIGI-RECO_CMSSW_6_2_0_SLHC12_2023Scenario_Case5/calabria_SingleMuPt5_GEN-SIM-DIGI-RECO_CMSSW_6_2_0_SLHC12_2023Scenario_Case5/3c0fd862848dd94e43c269a049a99637/out_reco_407_2_Evr.root
18-Jun-2014 01:40:52 CEST  Successfully opened file file:/lustre/cms//store/user/calabria/calabria_SingleMuPt5_GEN-SIM-DIGI-RECO_CMSSW_6_2_0_SLHC12_2023Scenario_Case5/calabria_SingleMuPt5_GEN-SIM-DIGI-RECO_CMSSW_6_2_0_SLHC12_2023Scenario_Case5/3c0fd862848dd94e43c269a049a99637/out_reco_407_2_Evr.root
18-Jun-2014 01:41:08 CEST  Closed file file:/lustre/cms//store/user/calabria/calabria_SingleMuPt5_GEN-SIM-DIGI-RECO_CMSSW_6_2_0_SLHC12_2023Scenario_Case5/calabria_SingleMuPt5_GEN-SIM-DIGI-RECO_CMSSW_6_2_0_SLHC12_2023Scenario_Case5/3c0fd862848dd94e43c269a049a99637/out_reco_407_2_Evr.root
18-Jun-2014 01:41:08 CEST  Initiating request to open file file:/lustre/cms//store/user/calabria/calabria_SingleMuPt5_GEN-SIM-DIGI-RECO_CMSSW_6_2_0_SLHC12_2023Scenario_Case5/calabria_SingleMuPt5_GEN-SIM-DIGI-RECO_CMSSW_6_2_0_SLHC12_2023Scenario_Case5/3c0fd862848dd94e43c269a049a99637/out_reco_1_1_MfY.root
18-Jun-2014 01:41:08 CEST  Successfully opened file file:/lustre/cms//store/user/calabria/calabria_SingleMuPt5_GEN-SIM-DIGI-RECO_CMSSW_6_2_0_SLHC12_2023Scenario_Case5/calabria_SingleMuPt5_GEN-SIM-DIGI-RECO_CMSSW_6_2_0_SLHC12_2023Scenario_Case5/3c0fd862848dd94e43c269a049a99637/out_reco_1_1_MfY.root
18-Jun-2014 01:41:39 CEST  Closed file file:/lustre/cms//store/user/calabria/calabria_SingleMuPt5_GEN-SIM-DIGI-RECO_CMSSW_6_2_0_SLHC12_2023Scenario_Case5/calabria_SingleMuPt5_GEN-SIM-DIGI-RECO_CMSSW_6_2_0_SLHC12_2023Scenario_Case5/3c0fd862848dd94e43c269a049a99637/out_reco_1_1_MfY.root

=============================================

MessageLogger Summary

 type     category        sev    module        subroutine        count    total
 ---- -------------------- -- ---------------- ----------------  -----    -----
    1 fileAction           -s file_close                            10       10
    2 fileAction           -s file_open                             20       20

 type    category    Examples: run/evt        run/evt          run/evt
 ---- -------------------- ---------------- ---------------- ----------------
    1 fileAction           PostProcessEvent PostProcessEvent PostEndRun
    2 fileAction           pre-events       pre-events       PostProcessEvent

Severity    # Occurrences   Total Occurrences
--------    -------------   -----------------
System                 30                  30
>>> END OF printout of 50 lines from stdout+stderr
>>> Parse FrameworkJobReport crab_fjr.xml
Result of parsing the FrameworkJobReport crab_fjr.xml: Popularity start
lumisRange : 1::::1;1::::2;1::::3;1::::4;1::::5;1::::6;1::::7;1::::8;1::::9;1::::10;
lumisParentRange : 
Basename : /store/user/calabria/calabria_SingleMuPt5_GEN-SIM-DIGI-RECO_CMSSW_6_2_0_SLHC12_2023Scenario_Case5/calabria_SingleMuPt5_GEN-SIM-DIGI-RECO_CMSSW_6_2_0_SLHC12_2023Scenario_Case5/3c0fd862848dd94e43c269a049a99637/out_reco_
BasenameParent : 
parentFiles : 
inputBlocks : /calabria_SingleMuPt5_GEN-SIM-DIGI-RECO_CMSSW_6_2_0_SLHC12_2023Scenario_Case5/calabria-calabria_SingleMuPt5_GEN-SIM-DIGI-RECO_CMSSW_6_2_0_SLHC12_2023Scenario_Case5-3c0fd862848dd94e43c269a049a99637/USER#a0db3309-8779-4162-9a18-fc63460cdf6a
inputFiles : 402_2_0X4.root::1::EDM::Local::1;400_1_rqq.root::1::EDM::Local::2;405_2_bWr.root::1::EDM::Local::3;407_2_Evr.root::1::EDM::Local::4;404_2_ycx.root::1::EDM::Local::5;399_1_gQx.root::1::EDM::Local::6;395_1_UEB.root::1::EDM::Local::7;394_1_GGg.root::1::EDM::Local::8;1_1_MfY.root::1::EDM::Local::9;398_1_QM1.root::1::EDM::Local::10;
Popularity stop
Extracted ExitStatus from FrameworkJobReport parsing output: 0
>>> Executable succeded  0
ExeExitCode=0
EXECUTABLE_EXIT_STATUS = 0
>>> current directory /home/cms040/home_cream_657095663/CREAM657095663/glide_jwCUGH/execute/dir_8896/CMSSW_6_2_0_SLHC12
>>>  (SOFTWARE_DIR): /home/cms040/home_cream_657095663/CREAM657095663/glide_jwCUGH/execute/dir_8896/CMSSW_6_2_0_SLHC12
>>> (WORKING_DIR): 
>>> current directory content:
total 10104
drwxr-xr-x 3 cms040 cms    4096 Jun 18 01:38 .SCRAM
-rw------- 1 cms040 cms 3740311 Jun 18 01:38 CMSSW.py.pkl
drwxr-xr-x 3 cms040 cms    4096 Jun 18 01:38 bin
drwxr-xr-x 3 cms040 cms    4096 Jun 18 01:38 cfipython
drwxr-xr-x 4 cms040 cms    4096 Jun 18 01:38 config
-rw------- 1 cms040 cms      17 Jun 18 01:41 cpu_timing.txt
drwxr-xr-x 2 cms040 cms    4096 Jun 18 01:38 doc
-rw------- 1 cms040 cms    9859 Jun 18 01:41 executable.out
drwxr-xr-x 2 cms040 cms    4096 Jun 18 01:38 include
drwx------ 3 cms040 cms    4096 Apr 28 18:12 lib
drwxr-xr-x 3 cms040 cms    4096 Jun 18 01:38 logs
drwxr-xr-x 3 cms040 cms    4096 Jun 18 01:38 objs
-rw------- 1 cms040 cms     104 Jun 18 01:38 pset.py
-rw------- 1 cms040 cms 3712290 Jun 18 01:38 pset.py.pkl
-rw------- 1 cms040 cms     289 Jun 18 01:38 pset.pyc
drwxr-xr-x 2 cms040 cms    4096 Jun 18 01:38 python
-rw------- 1 cms040 cms     401 Jun 18 01:41 report.log
drwx------ 6 cms040 cms    4096 Jun 18 01:38 src
drwxr-xr-x 3 cms040 cms    4096 Jun 18 01:38 test
drwxr-xr-x 3 cms040 cms    4096 Jun 18 01:38 tmp
-rw------- 1 cms040 cms 2793223 Jun 18 01:41 validationEDM.root
>>> current directory /home/cms040/home_cream_657095663/CREAM657095663/glide_jwCUGH/execute/dir_8896/CMSSW_6_2_0_SLHC12
>>> (SOFTWARE_DIR): /home/cms040/home_cream_657095663/CREAM657095663/glide_jwCUGH/execute/dir_8896/CMSSW_6_2_0_SLHC12
>>> (WORKING_DIR): 
>>> current directory content:
total 10104
drwxr-xr-x 3 cms040 cms    4096 Jun 18 01:38 .SCRAM
-rw------- 1 cms040 cms 3740311 Jun 18 01:38 CMSSW.py.pkl
drwxr-xr-x 3 cms040 cms    4096 Jun 18 01:38 bin
drwxr-xr-x 3 cms040 cms    4096 Jun 18 01:38 cfipython
drwxr-xr-x 4 cms040 cms    4096 Jun 18 01:38 config
-rw------- 1 cms040 cms      17 Jun 18 01:41 cpu_timing.txt
drwxr-xr-x 2 cms040 cms    4096 Jun 18 01:38 doc
-rw------- 1 cms040 cms    9859 Jun 18 01:41 executable.out
drwxr-xr-x 2 cms040 cms    4096 Jun 18 01:38 include
drwx------ 3 cms040 cms    4096 Apr 28 18:12 lib
drwxr-xr-x 3 cms040 cms    4096 Jun 18 01:38 logs
drwxr-xr-x 3 cms040 cms    4096 Jun 18 01:38 objs
-rw------- 1 cms040 cms     104 Jun 18 01:38 pset.py
-rw------- 1 cms040 cms 3712290 Jun 18 01:38 pset.py.pkl
-rw------- 1 cms040 cms     289 Jun 18 01:38 pset.pyc
drwxr-xr-x 2 cms040 cms    4096 Jun 18 01:38 python
-rw------- 1 cms040 cms     401 Jun 18 01:41 report.log
drwx------ 6 cms040 cms    4096 Jun 18 01:38 src
drwxr-xr-x 3 cms040 cms    4096 Jun 18 01:38 test
drwxr-xr-x 3 cms040 cms    4096 Jun 18 01:38 tmp
-rw------- 1 cms040 cms 2793223 Jun 18 01:41 validationEDM_7_1_Kte.root
>>> current directory (RUNTIME_AREA):  /home/cms040/home_cream_657095663/CREAM657095663/glide_jwCUGH/execute/dir_8896
SE = storm-se-01.ba.infn.it
SE_PATH = /srm/managerv2?SFN=//cms/store/user/calabria/calabria_SingleMuPt5_GEN-SIM-DIGI-RECO_CMSSW_6_2_0_SLHC12_2023Scenario_Case5/calabria_MuMinus5_GEN-SIM-DIGI-RECO_CMSSW_6_2_0_SLHC12_2023Scenario_VALNOPU2_Case5/5854dd31cbd3cdec44c48628cc181cf0/
LFNBaseName = /store/user/calabria/calabria_SingleMuPt5_GEN-SIM-DIGI-RECO_CMSSW_6_2_0_SLHC12_2023Scenario_Case5/calabria_MuMinus5_GEN-SIM-DIGI-RECO_CMSSW_6_2_0_SLHC12_2023Scenario_VALNOPU2_Case5/5854dd31cbd3cdec44c48628cc181cf0/
USER = calabria
endpoint = srm://storm-se-01.ba.infn.it:8444/srm/managerv2?SFN=//cms/store/user/calabria/calabria_SingleMuPt5_GEN-SIM-DIGI-RECO_CMSSW_6_2_0_SLHC12_2023Scenario_Case5/calabria_MuMinus5_GEN-SIM-DIGI-RECO_CMSSW_6_2_0_SLHC12_2023Scenario_VALNOPU2_Case5/5854dd31cbd3cdec44c48628cc181cf0/
>>> Copy output files from WN = pccms149.ba.infn.it to /srm/managerv2?SFN=//cms/store/user/calabria/calabria_SingleMuPt5_GEN-SIM-DIGI-RECO_CMSSW_6_2_0_SLHC12_2023Scenario_Case5/calabria_MuMinus5_GEN-SIM-DIGI-RECO_CMSSW_6_2_0_SLHC12_2023Scenario_VALNOPU2_Case5/5854dd31cbd3cdec44c48628cc181cf0/ :
python cmscp.py  --destination srm://storm-se-01.ba.infn.it:8444/srm/managerv2?SFN=//cms/store/user/calabria/calabria_SingleMuPt5_GEN-SIM-DIGI-RECO_CMSSW_6_2_0_SLHC12_2023Scenario_Case5/calabria_MuMinus5_GEN-SIM-DIGI-RECO_CMSSW_6_2_0_SLHC12_2023Scenario_VALNOPU2_Case5/5854dd31cbd3cdec44c48628cc181cf0/ --inputFileList /home/cms040/home_cream_657095663/CREAM657095663/glide_jwCUGH/execute/dir_8896/CMSSW_6_2_0_SLHC12/validationEDM_7_1_Kte.root --middleware LCG --se_name storm-se-01.ba.infn.it --for_lfn /store/user/calabria/calabria_SingleMuPt5_GEN-SIM-DIGI-RECO_CMSSW_6_2_0_SLHC12_2023Scenario_Case5/calabria_MuMinus5_GEN-SIM-DIGI-RECO_CMSSW_6_2_0_SLHC12_2023Scenario_VALNOPU2_Case5/5854dd31cbd3cdec44c48628cc181cf0/    
******************************************************
localSeName  =  storm-se-01.ba.infn.it
remoteSeName =  storm-se-01.ba.infn.it
******************************************************
{"/home/cms040/home_cream_657095663/CREAM657095663/glide_jwCUGH/execute/dir_8896/CMSSW_6_2_0_SLHC12/validationEDM_7_1_Kte.root": {"endpoint": "srm://storm-se-01.ba.infn.it:8444/srm/managerv2?SFN=//cms/store/user/calabria/calabria_SingleMuPt5_GEN-SIM-DIGI-RECO_CMSSW_6_2_0_SLHC12_2023Scenario_Case5/calabria_MuMinus5_GEN-SIM-DIGI-RECO_CMSSW_6_2_0_SLHC12_2023Scenario_VALNOPU2_Case5/5854dd31cbd3cdec44c48628cc181cf0/", "surl_for_grid": "", "reason": "Copy succedeed with srm-lcg utils", "erCode": "0", "se_name": "storm-se-01.ba.infn.it", "for_lfn": "/store/user/calabria/calabria_SingleMuPt5_GEN-SIM-DIGI-RECO_CMSSW_6_2_0_SLHC12_2023Scenario_Case5/calabria_MuMinus5_GEN-SIM-DIGI-RECO_CMSSW_6_2_0_SLHC12_2023Scenario_VALNOPU2_Case5/5854dd31cbd3cdec44c48628cc181cf0/"}}/home/cms040/home_cream_657095663/CREAM657095663/glide_jwCUGH/execute/dir_8896
-------- cat /home/cms040/home_cream_657095663/CREAM657095663/glide_jwCUGH/execute/dir_8896/cmscpReport.sh 
#!/bin/bash
echo "Report for File: /home/cms040/home_cream_657095663/CREAM657095663/glide_jwCUGH/execute/dir_8896/CMSSW_6_2_0_SLHC12/validationEDM_7_1_Kte.root"
echo "LFN: /store/user/calabria/calabria_SingleMuPt5_GEN-SIM-DIGI-RECO_CMSSW_6_2_0_SLHC12_2023Scenario_Case5/calabria_MuMinus5_GEN-SIM-DIGI-RECO_CMSSW_6_2_0_SLHC12_2023Scenario_VALNOPU2_Case5/5854dd31cbd3cdec44c48628cc181cf0/validationEDM_7_1_Kte.root"
echo "StorageElement: storm-se-01.ba.infn.it"
echo "StageOutExitStatusReason = 'Copy succedeed with srm-lcg utils'" | tee -a $RUNTIME_AREA/$repo
echo "StageOutSE = storm-se-01.ba.infn.it" >> $RUNTIME_AREA/$repo

export StageOutExitStatus=0
echo "StageOutExitStatus = 0" | tee -a $RUNTIME_AREA/$repo
-------- end of /home/cms040/home_cream_657095663/CREAM657095663/glide_jwCUGH/execute/dir_8896/cmscpReport.sh 
Report for File: /home/cms040/home_cream_657095663/CREAM657095663/glide_jwCUGH/execute/dir_8896/CMSSW_6_2_0_SLHC12/validationEDM_7_1_Kte.root
LFN: /store/user/calabria/calabria_SingleMuPt5_GEN-SIM-DIGI-RECO_CMSSW_6_2_0_SLHC12_2023Scenario_Case5/calabria_MuMinus5_GEN-SIM-DIGI-RECO_CMSSW_6_2_0_SLHC12_2023Scenario_VALNOPU2_Case5/5854dd31cbd3cdec44c48628cc181cf0/validationEDM_7_1_Kte.root
StorageElement: storm-se-01.ba.infn.it
StageOutExitStatusReason = 'Copy succedeed with srm-lcg utils'
StageOutExitStatus = 0
>>> current dir: /home/cms040/home_cream_657095663/CREAM657095663/glide_jwCUGH/execute/dir_8896
>>> current dir content:
total 28076
-rw-------  1 cms040 cms     2763 Jun 18 01:42 .SEinteraction.log
-rwx------  1 cms040 cms     6768 Jun 18 01:38 .job.ad
-rwx------  1 cms040 cms     9280 Jun 18 01:38 .machine.ad
-rw-------  1 cms040 cms      105 Jun 16 20:51 CMSSW.py
-rw-------  1 cms040 cms  3740311 Jun 16 20:51 CMSSW.py.pkl
-rwx------  1 cms040 cms    29543 Jun 18 01:38 CMSSW.sh
drwxr-xr-x 15 cms040 cms     4096 Jun 18 01:41 CMSSW_6_2_0_SLHC12
-rw-------  1 cms040 cms      219 Jun 18 01:38 CacheEnv.sh
-rw-------  1 cms040 cms     7291 Apr  4 11:04 DashboardAPI.py
-rw-------  1 cms040 cms     6800 Jun 18 01:38 DashboardAPI.pyc
drwx------  2 cms040 cms     4096 Jun 18 01:41 IMProv
-rw-------  1 cms040 cms     2748 Apr  4 11:04 Logger.py
-rw-------  1 cms040 cms     3342 Jun 18 01:38 Logger.pyc
-rw-------  1 cms040 cms    24524 Apr  4 11:04 ProcInfo.py
-rw-------  1 cms040 cms    23173 Jun 18 01:38 ProcInfo.pyc
drwx------  7 cms040 cms     4096 Jun 18 01:38 ProdCommon
drwx------  3 cms040 cms     4096 Jun 18 01:38 WMCore
-rw-------  1 cms040 cms     2144 Jun 18 01:42 Watchdog_7.log
-rwx------  1 cms040 cms        0 Jun 18 01:38 _condor_stderr
-rwx---r--  1 cms040 cms    29262 Jun 18 01:42 _condor_stdout
-rw-------  1 cms040 cms    32895 Apr  4 11:04 apmon.py
-rw-------  1 cms040 cms    28596 Jun 18 01:38 apmon.pyc
-rwx------  1 cms040 cms    52966 Jun 18 01:38 arguments.xml
-rwx------  1 cms040 cms    38515 Apr  4 11:04 cmscp.py
-rw-------  1 cms040 cms      713 Jun 18 01:42 cmscpReport.sh
-rwx------  1 cms040 cms    29543 Jun 18 01:38 condor_exec.exe
-rw-------  1 cms040 cms      953 Jun 16 20:51 crab.cfg
-rwx------  1 cms040 cms     8610 Apr  4 11:04 crabWatchdog.sh
-rwx---r--  1 cms040 cms   523194 Jun 18 01:41 crab_fjr_7.xml
-rwx------  1 cms040 cms 23958414 Jun 18 01:38 default.tgz
-rwx------  1 cms040 cms     4488 Apr  4 11:04 fillCrabFjr.py
-rw-------  1 cms040 cms     2605 Jun 18 01:38 inputsReport.txt
-rw-------  1 cms040 cms      258 Jun 18 01:42 jobreport.txt
-rw-------  1 cms040 cms    17352 Apr  4 11:04 parseCrabFjr.py
-rw-------  1 cms040 cms      326 Jun 18 01:38 report.log
-rwx--x--x  1 cms040 cms     1497 Apr  4 11:04 report.py
-rw-------  1 cms040 cms      766 Jun 18 01:42 resultCopyFile
lrwxrwxrwx  1 cms040 cms      124 Jun 18 01:41 validationEDM.root -> /home/cms040/home_cream_657095663/CREAM657095663/glide_jwCUGH/execute/dir_8896/CMSSW_6_2_0_SLHC12/validationEDM_7_1_Kte.root
-rwx------  1 cms040 cms     8387 Apr  4 11:04 writeCfg.py
-rw-------  1 cms040 cms     8030 Jun 18 01:38 x509up_u50707
>>> Modify Job Report:
CMSSW_VERSION = CMSSW_6_2_0_SLHC12
ProcessedDataset = calabria_MuMinus5_GEN-SIM-DIGI-RECO_CMSSW_6_2_0_SLHC12_2023Scenario_VALNOPU2_Case5
/home/cms040/home_cream_657095663/CREAM657095663/glide_jwCUGH/execute/dir_8896/ProdCommon/FwkJobRep/ModifyJobReport.py fjr /home/cms040/home_cream_657095663/CREAM657095663/glide_jwCUGH/execute/dir_8896/crab_fjr_7.xml json /home/cms040/home_cream_657095663/CREAM657095663/glide_jwCUGH/execute/dir_8896/resultCopyFile n_job 7_1_Kte PrimaryDataset calabria_SingleMuPt5_GEN-SIM-DIGI-RECO_CMSSW_6_2_0_SLHC12_2023Scenario_Case5  ApplicationFamily cmsRun ApplicationName cmsRun cmssw_version CMSSW_6_2_0_SLHC12 psethash 5854dd31cbd3cdec44c48628cc181cf0 UserProcessedDataset calabria-calabria_MuMinus5_GEN-SIM-DIGI-RECO_CMSSW_6_2_0_SLHC12_2023Scenario_VALNOPU2_Case5-5854dd31cbd3cdec44c48628cc181cf0
inputDict =  {u'/home/cms040/home_cream_657095663/CREAM657095663/glide_jwCUGH/execute/dir_8896/CMSSW_6_2_0_SLHC12/validationEDM_7_1_Kte.root': {u'endpoint': u'srm://storm-se-01.ba.infn.it:8444/srm/managerv2?SFN=//cms/store/user/calabria/calabria_SingleMuPt5_GEN-SIM-DIGI-RECO_CMSSW_6_2_0_SLHC12_2023Scenario_Case5/calabria_MuMinus5_GEN-SIM-DIGI-RECO_CMSSW_6_2_0_SLHC12_2023Scenario_VALNOPU2_Case5/5854dd31cbd3cdec44c48628cc181cf0/', u'surl_for_grid': u'', u'reason': u'Copy succedeed with srm-lcg utils', u'erCode': u'0', u'se_name': u'storm-se-01.ba.infn.it', u'for_lfn': u'/store/user/calabria/calabria_SingleMuPt5_GEN-SIM-DIGI-RECO_CMSSW_6_2_0_SLHC12_2023Scenario_Case5/calabria_MuMinus5_GEN-SIM-DIGI-RECO_CMSSW_6_2_0_SLHC12_2023Scenario_VALNOPU2_Case5/5854dd31cbd3cdec44c48628cc181cf0/'}}
UserProcessedDataset =  calabria-calabria_MuMinus5_GEN-SIM-DIGI-RECO_CMSSW_6_2_0_SLHC12_2023Scenario_VALNOPU2_Case5-5854dd31cbd3cdec44c48628cc181cf0
file_name in inputDict =  /home/cms040/home_cream_657095663/CREAM657095663/glide_jwCUGH/execute/dir_8896/CMSSW_6_2_0_SLHC12/validationEDM_7_1_Kte.root
(size) os.stat(filename)[6] =  2793223
checksum =  195524246
    file =  validationEDM_7_1_Kte.root
    newPfn =  srm://storm-se-01.ba.infn.it:8444/srm/managerv2?SFN=//cms/store/user/calabria/calabria_SingleMuPt5_GEN-SIM-DIGI-RECO_CMSSW_6_2_0_SLHC12_2023Scenario_Case5/calabria_MuMinus5_GEN-SIM-DIGI-RECO_CMSSW_6_2_0_SLHC12_2023Scenario_VALNOPU2_Case5/5854dd31cbd3cdec44c48628cc181cf0/validationEDM_7_1_Kte.root
    newLfn =  /store/user/calabria/calabria_SingleMuPt5_GEN-SIM-DIGI-RECO_CMSSW_6_2_0_SLHC12_2023Scenario_Case5/calabria_MuMinus5_GEN-SIM-DIGI-RECO_CMSSW_6_2_0_SLHC12_2023Scenario_VALNOPU2_Case5/5854dd31cbd3cdec44c48628cc181cf0/validationEDM_7_1_Kte.root
>>> crab_fjr_*.xml  permission set to 0704
CrabWrapper EXIT_FUNC entered at Wed Jun 18 01:42:34 CEST 2014   -  Tue Jun 17 23:42:34 UTC 2014
Checking output files:  
will tar file crab_fjr_7.xml in  out_files_7
WARNING: output file CMSSW_7.stdout not found!
WARNING: output file CMSSW_7.stderr not found!
WARNING: output file Watchdog_7.log.gz not found!
>>> padding time: Sleeping the wrapper for 340 seconds
STOPPING WATCHDOG. CrabWatchdog PID is 10543
********** LAST 50 LINES OF WATCHDOG LOG
# RESOURCE USAGE SUMMARY FOR PROCESS ID 10368
USER       PID %CPU %MEM    VSZ   RSS TTY      STAT START   TIME COMMAND
cms040   10368  0.5  0.0   9496  1600 ?        S    01:38   0:00 /bin/sh /home/cms040/home_cream_657095663/CREAM657095663/glide_jwCUGH/execute/dir_8896/condor_exec.exe 7 1
 
# LIMITS USED BY CRAB WATCHDOG:
# RSS  (KBytes)   : 2300000
# VSZ  (KBytes)   : 100000000
# DISK (MBytes)   : 19000
# CPU TIME        : 720h:0m:0s
# WALL CLOCK TIME : 21h:50m:0s
 
# FOLLOWING PRINTOUT TRACKS MAXIMUM VALUES OF RESOURCES USE
# ONE LINE IS PRINTED EACH TIME A MAXIMUM CHANGES
# IF CHANGE WAS IN RSS OR VSZ ALSO PROCID AND COMMAND ARE PRINTED
# THERE IS NO PRINTOUT FOR CPU/WALL TIME INCREASE
 
# TIME			PID	RSS(KB)	VSZ(KB)	Dsk(MB)	tCPU(s)	tWALL(s)	COMMAND
 Jun 18 01:38:21 CEST	1656	8012	93340	0	0	0	/home/cms040/home_cream_657095663/CREAM657095663/glide_jwCUGH/main/condor/sbin/condor_master -f -pidfile /home/cms040/home_cream_657095663/CREAM657095663/glide_jwCUGH/condor_master2.pid       
 Jun 18 01:38:21 CEST	6805	8012	106092	0	0	0	sh -c "./glidein_startup.sh" -v std -name v1_3 -entry CDF_IT_Bari_ce2 -clientname UCSD-v1_0.main
 Jun 18 01:38:21 CEST	6809	8012	106492	0	0	0	/bin/bash ./glidein_startup.sh -v std -name v1_3 -entry CDF_IT_Bari_ce2 -clientname UCSD-v1_0.main -schedd
 Jun 18 01:38:21 CEST	7082	8736	106492	0	3	0	condor_startd -f         
 Jun 18 01:38:21 CEST	10555	33484	106492	0	0	0	edmConfigHash pset.py         
 Jun 18 01:38:21 CEST	---	33484	106492	171	----	----	----
 Jun 18 01:39:22 CEST	11638	753872	958004	171	33	61	cmsRun -j /home/cms040/home_cream_657095663/CREAM657095663/glide_jwCUGH/execute/dir_8896/crab_fjr_7.xml -p pset.py      
 Jun 18 01:39:22 CEST	---	753872	958004	175	----	----	----
 Jun 18 01:40:22 CEST	11638	785300	1012452	175	71	122	cmsRun -j /home/cms040/home_cream_657095663/CREAM657095663/glide_jwCUGH/execute/dir_8896/crab_fjr_7.xml -p pset.py      
 Jun 18 01:41:23 CEST	11638	789288	1024740	175	108	183	cmsRun -j /home/cms040/home_cream_657095663/CREAM657095663/glide_jwCUGH/execute/dir_8896/crab_fjr_7.xml -p pset.py      
 Jun 18 01:42:24 CEST	---	789288	1024740	178	----	----	----
********** WATCHDOG LOG ENDED
ZIPPING WATCHDOG LOG
Disk space used:
du -sh /home/cms040/home_cream_657095663/CREAM657095663/glide_jwCUGH/execute/dir_8896
178M	/home/cms040/home_cream_657095663/CREAM657095663/glide_jwCUGH/execute/dir_8896
Found unusual stdout, rename for OSB
`/home/cms040/home_cream_657095663/CREAM657095663/glide_jwCUGH/execute/dir_8896/_condor_stdout' -> `CMSSW_7.stdout'
Found unusual stderr, rename for OSB
`/home/cms040/home_cream_657095663/CREAM657095663/glide_jwCUGH/execute/dir_8896/_condor_stdout' -> `CMSSW_7.stderr'
crab_fjr_7.xml
CMSSW_7.stdout
CMSSW_7.stderr
Watchdog_7.log.gz
Total Output dimension: 69866
WARNING: output files size limit is set to: 50000000
Total Output dimension 69866 is fine.
JOB_EXIT_STATUS = 0
>>> info for dashboard:
***** Cat /home/cms040/home_cream_657095663/CREAM657095663/glide_jwCUGH/execute/dir_8896/jobreport.txt *****
MonitorJobID=7_https://submit-6.t2.ucsd.edu//140616//168561.6
MonitorID=calabria_MuMinus5_Case5_ReReco_u540cv
ExeTime=186
ExeExitCode=0
StageOutExitStatusReason = 'Copy succedeed with srm-lcg utils'
StageOutSE = storm-se-01.ba.infn.it
StageOutExitStatus = 0
CrabUserCpuTime=106.49
CrabSysCpuTime=17.74
CrabCpuPercentage=66%
CrabWrapperTime=600
CrabStageoutTime=48
JobExitCode=0
***** End Cat jobreport *****
Parameters sent to Dashboard.
EXITING at Wed Jun 18 01:48:18 CEST 2014  -  Tue Jun 17 23:48:18 UTC 2014
