This script was generated by crab (version 2.10.5_patch1).
Running /home/cms040/home_cream_291217415/CREAM291217415/glide_vu2Hf2/execute/dir_4648/condor_exec.exe with 2 positional parameters: 11 1
Today is Wed Jun 18 01:38:43 CEST 2014 - Tue Jun 17 23:38:43 UTC 2014
Job submitted on host pccms93.ba.infn.it
Linux pccms93.ba.infn.it 2.6.32-358.23.2.el6.x86_64 #1 SMP Thu Oct 17 10:27:22 CEST 2013 x86_64 x86_64 x86_64 GNU/Linux
>>> current directory (RUNTIME_AREA): /home/cms040/home_cream_291217415/CREAM291217415/glide_vu2Hf2/execute/dir_4648
>>> current user: uid=18598(cms040) gid=1399(cms) groups=1399(cms)
>>> directory permission set to 0700
>>> umask set to:  u=rwx,g=,o=
>>> stdout stderr permission set to 0704
>>> voms proxy information:
subject   : /C=IT/O=INFN/OU=Personal Certificate/L=Bari/CN=Cesare Calabria/CN=477126703/CN=162346676
issuer    : /C=IT/O=INFN/OU=Personal Certificate/L=Bari/CN=Cesare Calabria/CN=477126703
identity  : /C=IT/O=INFN/OU=Personal Certificate/L=Bari/CN=Cesare Calabria
type      : RFC3820 compliant limited proxy
strength  : 1024
path      : /home/cms040/home_cream_291217415/CREAM291217415/glide_vu2Hf2/execute/dir_4648/x509up_u50707
timeleft  : 23:58:51
key usage : Digital Signature, Key Encipherment, Data Encipherment
=== VO cms extension information ===
VO        : cms
subject   : /C=IT/O=INFN/OU=Personal Certificate/L=Bari/CN=Cesare Calabria
issuer    : /DC=ch/DC=cern/OU=computers/CN=lcg-voms.cern.ch
attribute : /cms/Role=NULL/Capability=NULL
attribute : /cms/itcms/Role=NULL/Capability=NULL
timeleft  : 180:29:42
uri       : lcg-voms.cern.ch:15002

WNHostName=pccms93.ba.infn.it
>>> tar --no-same-permissions -xf /home/cms040/home_cream_291217415/CREAM291217415/glide_vu2Hf2/execute/dir_4648/default.tgz :
Successful untar
>>> Include /home/cms040/home_cream_291217415/CREAM291217415/glide_vu2Hf2/execute/dir_4648 in PYTHONPATH:
strip arguments
env var CRAB_UNIQUE_JOB_ID set to: calabria_MuMinus5_Case5_ReReco_u540cv_11_1_QpQ
out_files_11
>>> list of expected files on output sandbox
output files: crab_fjr_11.xml CMSSW_11.stdout CMSSW_11.stderr Watchdog_11.log.gz
>>> GridFlavour discovery: 
GridFlavour=LCG
>>> SyncSite discovery: 
SyncSite=T2_IT_Bari
>>> SyncCE discovery: 
getting SyncCE from CE_ID
SyncCE=cream-ce-2.ba.infn.it:8443/cream-pbs-long
>>> info for dashboard:
***** Cat /home/cms040/home_cream_291217415/CREAM291217415/glide_vu2Hf2/execute/dir_4648/jobreport.txt *****
WNHostName=pccms93.ba.infn.it
MonitorJobID=11_https://submit-6.t2.ucsd.edu//140616//168561.10
SyncGridJobId=https://submit-6.t2.ucsd.edu//140616//168561.10
MonitorID=calabria_MuMinus5_Case5_ReReco_u540cv
GridFlavour=LCG
SyncSite=T2_IT_Bari
SyncCE=cream-ce-2.ba.infn.it:8443/cream-pbs-long
***** End Cat jobreport *****
Parameters sent to Dashboard.
>>> setup environment
set SCRAM ARCH to slc5_amd64_gcc472
SCRAM_ARCH = slc5_amd64_gcc472
>>> setup CMS LCG environment:
set SCRAM ARCH and BUILD_ARCH to slc5_amd64_gcc472 ###
Sourcing environment... 
sourcing /cvmfs/cms.cern.ch/cmsset_default.sh
==> setup cms environment ok
>>> specific cmssw setup environment:
CMSSW_VERSION =  CMSSW_6_2_0_SLHC12
>>> current directory (SOFTWARE_DIR): /home/cms040/home_cream_291217415/CREAM291217415/glide_vu2Hf2/execute/dir_4648/CMSSW_6_2_0_SLHC12
PreserveSeeds: <>
IncrementSeeds:<>
>>> info for dashboard:
***** Cat /home/cms040/home_cream_291217415/CREAM291217415/glide_vu2Hf2/execute/dir_4648/jobreport.txt *****
MonitorJobID=11_https://submit-6.t2.ucsd.edu//140616//168561.10
MonitorID=calabria_MuMinus5_Case5_ReReco_u540cv
***** End Cat jobreport *****
Parameters sent to Dashboard.
crabWatchdog started as process 5270
>>> moving CMSSW software directories in /home/cms040/home_cream_291217415/CREAM291217415/glide_vu2Hf2/execute/dir_4648/CMSSW_6_2_0_SLHC12
mv: cannot stat `/home/cms040/home_cream_291217415/CREAM291217415/glide_vu2Hf2/execute/dir_4648/module/': No such file or directory
>>> Include /home/cms040/home_cream_291217415/CREAM291217415/glide_vu2Hf2/execute/dir_4648 in PYTHONPATH:
PYTHONPATH=/home/cms040/home_cream_291217415/CREAM291217415/glide_vu2Hf2/execute/dir_4648/:/home/cms040/home_cream_291217415/CREAM291217415/glide_vu2Hf2/execute/dir_4648/CMSSW_6_2_0_SLHC12/python:/home/cms040/home_cream_291217415/CREAM291217415/glide_vu2Hf2/execute/dir_4648/CMSSW_6_2_0_SLHC12/lib/slc5_amd64_gcc472:/cvmfs/cms.cern.ch/slc5_amd64_gcc472/cms/cmssw/CMSSW_6_2_0_SLHC12/python:/cvmfs/cms.cern.ch/slc5_amd64_gcc472/cms/cmssw/CMSSW_6_2_0_SLHC12/lib/slc5_amd64_gcc472:/cvmfs/cms.cern.ch/slc5_amd64_gcc472/cms/coral/CORAL_2_3_21-cms36/slc5_amd64_gcc472/python:/cvmfs/cms.cern.ch/slc5_amd64_gcc472/cms/coral/CORAL_2_3_21-cms36/slc5_amd64_gcc472/lib:/cvmfs/cms.cern.ch/slc5_amd64_gcc472/external/pyqt/4.8.1-cms6/lib/python2.7/site-packages:/cvmfs/cms.cern.ch/slc5_amd64_gcc472/external/py2-scipy/0.8.0-cms8/lib/python2.7/site-packages:/cvmfs/cms.cern.ch/slc5_amd64_gcc472/external/py2-matplotlib/1.0.1-cms8/lib/python2.7/site-packages:/cvmfs/cms.cern.ch/slc5_amd64_gcc472/external/python-ldap/2.3.5-cms6/lib/python2.7/site-packages:/cvmfs/cms.cern.ch/slc5_amd64_gcc472/external/sip/4.11.2-cms6/lib/python2.7/site-packages:/cvmfs/cms.cern.ch/slc5_amd64_gcc472/external/py2-pycurl/7.19.0-cms8/lib/python2.7/site-packages:/cvmfs/cms.cern.ch/slc5_amd64_gcc472/external/py2-numpy/1.6.1-cms8/lib/python2.7/site-packages:/cvmfs/cms.cern.ch/slc5_amd64_gcc472/external/py2-lint/0.25.1-cms6/lib/python2.7/site-packages:/cvmfs/cms.cern.ch/slc5_amd64_gcc472/external/py2-ipython/0.10-cms6/lib/python2.7/site-packages:/cvmfs/cms.cern.ch/slc5_amd64_gcc472/external/py2-cx-oracle/5.1-cms7/lib/python2.7/site-packages:/cvmfs/cms.cern.ch/slc5_amd64_gcc472/external/py2-cjson/1.0.5-cms6/lib/python2.7/site-packages:/cvmfs/cms.cern.ch/slc5_amd64_gcc472/cms/das-client/1.11.7/bin:/cvmfs/cms.cern.ch/slc5_amd64_gcc472/external/elementtree/1.2.6-cms6/share/lib/python2.7/site-packages:/cvmfs/cms.cern.ch/slc5_amd64_gcc472/external/rivet/1.8.2-cms8/lib/python2.7/site-packages:/cvmfs/cms.cern.ch/slc5_amd64_gcc472/external/pyminuit2/0.0.1-cms19/lib/python2.7/site-packages:/cvmfs/cms.cern.ch/slc5_amd64_gcc472/external/py2-pygithub/1.23.0/lib/python2.7/site-packages:/cvmfs/cms.cern.ch/slc5_amd64_gcc472/external/professor/1.0.0-cms19/lib/python2.7/site-packages:/cvmfs/cms.cern.ch/slc5_amd64_gcc472/lcg/root/5.34.07-cms/lib:/cvmfs/cms.cern.ch/slc5_amd64_gcc472/cms/dbs-client/DBS_2_1_9-cms5/lib:/cvmfs/cms.cern.ch/slc5_amd64_gcc472/cms/dbs-client/DBS_2_1_9-cms5/lib/DBSAPI:/cvmfs/cms.cern.ch/slc5_amd64_gcc472/external/cvs2git/5419-cms/lib:/home/cms040/home_cream_291217415/CREAM291217415/glide_vu2Hf2/execute/dir_4648/
 
# LIMITS USED BY CRAB WATCHDOG:
# RSS  (KBytes)   : 2300000
# VSZ  (KBytes)   : 100000000
# DISK (MBytes)   : 19000
# CPU TIME        : 720h:0m:0s
# WALL CLOCK TIME : 21h:50m:0s
 
5854dd31cbd3cdec44c48628cc181cf0
PSETHASH = 5854dd31cbd3cdec44c48628cc181cf0
/home/cms040/home_cream_291217415/CREAM291217415/glide_vu2Hf2/execute/dir_4648/writeCfg.py pset.py pset.py
Importing .py file
Setting parameters
RandomNumberGeneratorService found, will attempt to change seeds
inputBlocks=/calabria_SingleMuPt5_GEN-SIM-DIGI-RECO_CMSSW_6_2_0_SLHC12_2023Scenario_Case5/calabria-calabria_SingleMuPt5_GEN-SIM-DIGI-RECO_CMSSW_6_2_0_SLHC12_2023Scenario_Case5-3c0fd862848dd94e43c269a049a99637/USER#a0db3309-8779-4162-9a18-fc63460cdf6a
inputFiles=/store/user/calabria/calabria_SingleMuPt5_GEN-SIM-DIGI-RECO_CMSSW_6_2_0_SLHC12_2023Scenario_Case5/calabria_SingleMuPt5_GEN-SIM-DIGI-RECO_CMSSW_6_2_0_SLHC12_2023Scenario_Case5/3c0fd862848dd94e43c269a049a99637/out_reco_9_1_mM4.root;/store/user/calabria/calabria_SingleMuPt5_GEN-SIM-DIGI-RECO_CMSSW_6_2_0_SLHC12_2023Scenario_Case5/calabria_SingleMuPt5_GEN-SIM-DIGI-RECO_CMSSW_6_2_0_SLHC12_2023Scenario_Case5/3c0fd862848dd94e43c269a049a99637/out_reco_10_1_R8H.root;/store/user/calabria/calabria_SingleMuPt5_GEN-SIM-DIGI-RECO_CMSSW_6_2_0_SLHC12_2023Scenario_Case5/calabria_SingleMuPt5_GEN-SIM-DIGI-RECO_CMSSW_6_2_0_SLHC12_2023Scenario_Case5/3c0fd862848dd94e43c269a049a99637/out_reco_11_1_pNB.root;/store/user/calabria/calabria_SingleMuPt5_GEN-SIM-DIGI-RECO_CMSSW_6_2_0_SLHC12_2023Scenario_Case5/calabria_SingleMuPt5_GEN-SIM-DIGI-RECO_CMSSW_6_2_0_SLHC12_2023Scenario_Case5/3c0fd862848dd94e43c269a049a99637/out_reco_12_1_jXF.root;/store/user/calabria/calabria_SingleMuPt5_GEN-SIM-DIGI-RECO_CMSSW_6_2_0_SLHC12_2023Scenario_Case5/calabria_SingleMuPt5_GEN-SIM-DIGI-RECO_CMSSW_6_2_0_SLHC12_2023Scenario_Case5/3c0fd862848dd94e43c269a049a99637/out_reco_13_1_lSf.root;/store/user/calabria/calabria_SingleMuPt5_GEN-SIM-DIGI-RECO_CMSSW_6_2_0_SLHC12_2023Scenario_Case5/calabria_SingleMuPt5_GEN-SIM-DIGI-RECO_CMSSW_6_2_0_SLHC12_2023Scenario_Case5/3c0fd862848dd94e43c269a049a99637/out_reco_14_1_t7p.root;/store/user/calabria/calabria_SingleMuPt5_GEN-SIM-DIGI-RECO_CMSSW_6_2_0_SLHC12_2023Scenario_Case5/calabria_SingleMuPt5_GEN-SIM-DIGI-RECO_CMSSW_6_2_0_SLHC12_2023Scenario_Case5/3c0fd862848dd94e43c269a049a99637/out_reco_15_1_TrB.root;/store/user/calabria/calabria_SingleMuPt5_GEN-SIM-DIGI-RECO_CMSSW_6_2_0_SLHC12_2023Scenario_Case5/calabria_SingleMuPt5_GEN-SIM-DIGI-RECO_CMSSW_6_2_0_SLHC12_2023Scenario_Case5/3c0fd862848dd94e43c269a049a99637/out_reco_16_1_asU.root;/store/user/calabria/calabria_SingleMuPt5_GEN-SIM-DIGI-RECO_CMSSW_6_2_0_SLHC12_2023Scenario_Case5/calabria_SingleMuPt5_GEN-SIM-DIGI-RECO_CMSSW_6_2_0_SLHC12_2023Scenario_Case5/3c0fd862848dd94e43c269a049a99637/out_reco_17_1_pAI.root;/store/user/calabria/calabria_SingleMuPt5_GEN-SIM-DIGI-RECO_CMSSW_6_2_0_SLHC12_2023Scenario_Case5/calabria_SingleMuPt5_GEN-SIM-DIGI-RECO_CMSSW_6_2_0_SLHC12_2023Scenario_Case5/3c0fd862848dd94e43c269a049a99637/out_reco_19_1_JvT.root
parentFiles=
lumisRange=
>>> Executable cmsRun
/cvmfs/cms.cern.ch/slc5_amd64_gcc472/cms/cmssw/CMSSW_6_2_0_SLHC12/bin/slc5_amd64_gcc472/cmsRun
ok executable found
>>> info for dashboard:
***** Cat /home/cms040/home_cream_291217415/CREAM291217415/glide_vu2Hf2/execute/dir_4648/jobreport.txt *****
MonitorJobID=11_https://submit-6.t2.ucsd.edu//140616//168561.10
MonitorID=calabria_MuMinus5_Case5_ReReco_u540cv
ExeStart=cmsRun
***** End Cat jobreport *****
Parameters sent to Dashboard.
>>> cmsRun started at Tue Jun 17 23:39:08 UTC 2014
>>> cmsRun ended at Tue Jun 17 23:42:55 UTC 2014
>>> crab_fjr_*.xml  permission set to 0704
>>> info for dashboard:
***** Cat /home/cms040/home_cream_291217415/CREAM291217415/glide_vu2Hf2/execute/dir_4648/jobreport.txt *****
MonitorJobID=11_https://submit-6.t2.ucsd.edu//140616//168561.10
MonitorID=calabria_MuMinus5_Case5_ReReco_u540cv
ExeEnd=cmsRun
***** End Cat jobreport *****
Parameters sent to Dashboard.
TIME_EXE = 227 sec
>>> cmsRun wrote 50 lines of stdout+stderr
>>> START OF printout of 50 lines from stdout+stderr
271 DQMStore::DQMStore 
HcalTopologyIdealEP::HcalTopologyIdealEP
18-Jun-2014 01:39:25 CEST  Initiating request to open file file:/lustre/cms//store/user/calabria/calabria_SingleMuPt5_GEN-SIM-DIGI-RECO_CMSSW_6_2_0_SLHC12_2023Scenario_Case5/calabria_SingleMuPt5_GEN-SIM-DIGI-RECO_CMSSW_6_2_0_SLHC12_2023Scenario_Case5/3c0fd862848dd94e43c269a049a99637/out_reco_9_1_mM4.root
18-Jun-2014 01:39:27 CEST  Successfully opened file file:/lustre/cms//store/user/calabria/calabria_SingleMuPt5_GEN-SIM-DIGI-RECO_CMSSW_6_2_0_SLHC12_2023Scenario_Case5/calabria_SingleMuPt5_GEN-SIM-DIGI-RECO_CMSSW_6_2_0_SLHC12_2023Scenario_Case5/3c0fd862848dd94e43c269a049a99637/out_reco_9_1_mM4.root
18-Jun-2014 01:39:48 CEST  Closed file file:/lustre/cms//store/user/calabria/calabria_SingleMuPt5_GEN-SIM-DIGI-RECO_CMSSW_6_2_0_SLHC12_2023Scenario_Case5/calabria_SingleMuPt5_GEN-SIM-DIGI-RECO_CMSSW_6_2_0_SLHC12_2023Scenario_Case5/3c0fd862848dd94e43c269a049a99637/out_reco_9_1_mM4.root
18-Jun-2014 01:39:48 CEST  Initiating request to open file file:/lustre/cms//store/user/calabria/calabria_SingleMuPt5_GEN-SIM-DIGI-RECO_CMSSW_6_2_0_SLHC12_2023Scenario_Case5/calabria_SingleMuPt5_GEN-SIM-DIGI-RECO_CMSSW_6_2_0_SLHC12_2023Scenario_Case5/3c0fd862848dd94e43c269a049a99637/out_reco_10_1_R8H.root
18-Jun-2014 01:39:48 CEST  Successfully opened file file:/lustre/cms//store/user/calabria/calabria_SingleMuPt5_GEN-SIM-DIGI-RECO_CMSSW_6_2_0_SLHC12_2023Scenario_Case5/calabria_SingleMuPt5_GEN-SIM-DIGI-RECO_CMSSW_6_2_0_SLHC12_2023Scenario_Case5/3c0fd862848dd94e43c269a049a99637/out_reco_10_1_R8H.root
18-Jun-2014 01:40:09 CEST  Closed file file:/lustre/cms//store/user/calabria/calabria_SingleMuPt5_GEN-SIM-DIGI-RECO_CMSSW_6_2_0_SLHC12_2023Scenario_Case5/calabria_SingleMuPt5_GEN-SIM-DIGI-RECO_CMSSW_6_2_0_SLHC12_2023Scenario_Case5/3c0fd862848dd94e43c269a049a99637/out_reco_10_1_R8H.root
18-Jun-2014 01:40:09 CEST  Initiating request to open file file:/lustre/cms//store/user/calabria/calabria_SingleMuPt5_GEN-SIM-DIGI-RECO_CMSSW_6_2_0_SLHC12_2023Scenario_Case5/calabria_SingleMuPt5_GEN-SIM-DIGI-RECO_CMSSW_6_2_0_SLHC12_2023Scenario_Case5/3c0fd862848dd94e43c269a049a99637/out_reco_11_1_pNB.root
18-Jun-2014 01:40:09 CEST  Successfully opened file file:/lustre/cms//store/user/calabria/calabria_SingleMuPt5_GEN-SIM-DIGI-RECO_CMSSW_6_2_0_SLHC12_2023Scenario_Case5/calabria_SingleMuPt5_GEN-SIM-DIGI-RECO_CMSSW_6_2_0_SLHC12_2023Scenario_Case5/3c0fd862848dd94e43c269a049a99637/out_reco_11_1_pNB.root
18-Jun-2014 01:40:30 CEST  Closed file file:/lustre/cms//store/user/calabria/calabria_SingleMuPt5_GEN-SIM-DIGI-RECO_CMSSW_6_2_0_SLHC12_2023Scenario_Case5/calabria_SingleMuPt5_GEN-SIM-DIGI-RECO_CMSSW_6_2_0_SLHC12_2023Scenario_Case5/3c0fd862848dd94e43c269a049a99637/out_reco_11_1_pNB.root
18-Jun-2014 01:40:30 CEST  Initiating request to open file file:/lustre/cms//store/user/calabria/calabria_SingleMuPt5_GEN-SIM-DIGI-RECO_CMSSW_6_2_0_SLHC12_2023Scenario_Case5/calabria_SingleMuPt5_GEN-SIM-DIGI-RECO_CMSSW_6_2_0_SLHC12_2023Scenario_Case5/3c0fd862848dd94e43c269a049a99637/out_reco_12_1_jXF.root
18-Jun-2014 01:40:30 CEST  Successfully opened file file:/lustre/cms//store/user/calabria/calabria_SingleMuPt5_GEN-SIM-DIGI-RECO_CMSSW_6_2_0_SLHC12_2023Scenario_Case5/calabria_SingleMuPt5_GEN-SIM-DIGI-RECO_CMSSW_6_2_0_SLHC12_2023Scenario_Case5/3c0fd862848dd94e43c269a049a99637/out_reco_12_1_jXF.root
18-Jun-2014 01:40:48 CEST  Closed file file:/lustre/cms//store/user/calabria/calabria_SingleMuPt5_GEN-SIM-DIGI-RECO_CMSSW_6_2_0_SLHC12_2023Scenario_Case5/calabria_SingleMuPt5_GEN-SIM-DIGI-RECO_CMSSW_6_2_0_SLHC12_2023Scenario_Case5/3c0fd862848dd94e43c269a049a99637/out_reco_12_1_jXF.root
18-Jun-2014 01:40:49 CEST  Initiating request to open file file:/lustre/cms//store/user/calabria/calabria_SingleMuPt5_GEN-SIM-DIGI-RECO_CMSSW_6_2_0_SLHC12_2023Scenario_Case5/calabria_SingleMuPt5_GEN-SIM-DIGI-RECO_CMSSW_6_2_0_SLHC12_2023Scenario_Case5/3c0fd862848dd94e43c269a049a99637/out_reco_13_1_lSf.root
18-Jun-2014 01:40:49 CEST  Successfully opened file file:/lustre/cms//store/user/calabria/calabria_SingleMuPt5_GEN-SIM-DIGI-RECO_CMSSW_6_2_0_SLHC12_2023Scenario_Case5/calabria_SingleMuPt5_GEN-SIM-DIGI-RECO_CMSSW_6_2_0_SLHC12_2023Scenario_Case5/3c0fd862848dd94e43c269a049a99637/out_reco_13_1_lSf.root
18-Jun-2014 01:41:08 CEST  Closed file file:/lustre/cms//store/user/calabria/calabria_SingleMuPt5_GEN-SIM-DIGI-RECO_CMSSW_6_2_0_SLHC12_2023Scenario_Case5/calabria_SingleMuPt5_GEN-SIM-DIGI-RECO_CMSSW_6_2_0_SLHC12_2023Scenario_Case5/3c0fd862848dd94e43c269a049a99637/out_reco_13_1_lSf.root
18-Jun-2014 01:41:08 CEST  Initiating request to open file file:/lustre/cms//store/user/calabria/calabria_SingleMuPt5_GEN-SIM-DIGI-RECO_CMSSW_6_2_0_SLHC12_2023Scenario_Case5/calabria_SingleMuPt5_GEN-SIM-DIGI-RECO_CMSSW_6_2_0_SLHC12_2023Scenario_Case5/3c0fd862848dd94e43c269a049a99637/out_reco_14_1_t7p.root
18-Jun-2014 01:41:09 CEST  Successfully opened file file:/lustre/cms//store/user/calabria/calabria_SingleMuPt5_GEN-SIM-DIGI-RECO_CMSSW_6_2_0_SLHC12_2023Scenario_Case5/calabria_SingleMuPt5_GEN-SIM-DIGI-RECO_CMSSW_6_2_0_SLHC12_2023Scenario_Case5/3c0fd862848dd94e43c269a049a99637/out_reco_14_1_t7p.root
18-Jun-2014 01:41:27 CEST  Closed file file:/lustre/cms//store/user/calabria/calabria_SingleMuPt5_GEN-SIM-DIGI-RECO_CMSSW_6_2_0_SLHC12_2023Scenario_Case5/calabria_SingleMuPt5_GEN-SIM-DIGI-RECO_CMSSW_6_2_0_SLHC12_2023Scenario_Case5/3c0fd862848dd94e43c269a049a99637/out_reco_14_1_t7p.root
18-Jun-2014 01:41:27 CEST  Initiating request to open file file:/lustre/cms//store/user/calabria/calabria_SingleMuPt5_GEN-SIM-DIGI-RECO_CMSSW_6_2_0_SLHC12_2023Scenario_Case5/calabria_SingleMuPt5_GEN-SIM-DIGI-RECO_CMSSW_6_2_0_SLHC12_2023Scenario_Case5/3c0fd862848dd94e43c269a049a99637/out_reco_15_1_TrB.root
18-Jun-2014 01:41:27 CEST  Successfully opened file file:/lustre/cms//store/user/calabria/calabria_SingleMuPt5_GEN-SIM-DIGI-RECO_CMSSW_6_2_0_SLHC12_2023Scenario_Case5/calabria_SingleMuPt5_GEN-SIM-DIGI-RECO_CMSSW_6_2_0_SLHC12_2023Scenario_Case5/3c0fd862848dd94e43c269a049a99637/out_reco_15_1_TrB.root
18-Jun-2014 01:41:45 CEST  Closed file file:/lustre/cms//store/user/calabria/calabria_SingleMuPt5_GEN-SIM-DIGI-RECO_CMSSW_6_2_0_SLHC12_2023Scenario_Case5/calabria_SingleMuPt5_GEN-SIM-DIGI-RECO_CMSSW_6_2_0_SLHC12_2023Scenario_Case5/3c0fd862848dd94e43c269a049a99637/out_reco_15_1_TrB.root
18-Jun-2014 01:41:45 CEST  Initiating request to open file file:/lustre/cms//store/user/calabria/calabria_SingleMuPt5_GEN-SIM-DIGI-RECO_CMSSW_6_2_0_SLHC12_2023Scenario_Case5/calabria_SingleMuPt5_GEN-SIM-DIGI-RECO_CMSSW_6_2_0_SLHC12_2023Scenario_Case5/3c0fd862848dd94e43c269a049a99637/out_reco_16_1_asU.root
18-Jun-2014 01:41:46 CEST  Successfully opened file file:/lustre/cms//store/user/calabria/calabria_SingleMuPt5_GEN-SIM-DIGI-RECO_CMSSW_6_2_0_SLHC12_2023Scenario_Case5/calabria_SingleMuPt5_GEN-SIM-DIGI-RECO_CMSSW_6_2_0_SLHC12_2023Scenario_Case5/3c0fd862848dd94e43c269a049a99637/out_reco_16_1_asU.root
18-Jun-2014 01:42:06 CEST  Closed file file:/lustre/cms//store/user/calabria/calabria_SingleMuPt5_GEN-SIM-DIGI-RECO_CMSSW_6_2_0_SLHC12_2023Scenario_Case5/calabria_SingleMuPt5_GEN-SIM-DIGI-RECO_CMSSW_6_2_0_SLHC12_2023Scenario_Case5/3c0fd862848dd94e43c269a049a99637/out_reco_16_1_asU.root
18-Jun-2014 01:42:06 CEST  Initiating request to open file file:/lustre/cms//store/user/calabria/calabria_SingleMuPt5_GEN-SIM-DIGI-RECO_CMSSW_6_2_0_SLHC12_2023Scenario_Case5/calabria_SingleMuPt5_GEN-SIM-DIGI-RECO_CMSSW_6_2_0_SLHC12_2023Scenario_Case5/3c0fd862848dd94e43c269a049a99637/out_reco_17_1_pAI.root
18-Jun-2014 01:42:06 CEST  Successfully opened file file:/lustre/cms//store/user/calabria/calabria_SingleMuPt5_GEN-SIM-DIGI-RECO_CMSSW_6_2_0_SLHC12_2023Scenario_Case5/calabria_SingleMuPt5_GEN-SIM-DIGI-RECO_CMSSW_6_2_0_SLHC12_2023Scenario_Case5/3c0fd862848dd94e43c269a049a99637/out_reco_17_1_pAI.root
18-Jun-2014 01:42:28 CEST  Closed file file:/lustre/cms//store/user/calabria/calabria_SingleMuPt5_GEN-SIM-DIGI-RECO_CMSSW_6_2_0_SLHC12_2023Scenario_Case5/calabria_SingleMuPt5_GEN-SIM-DIGI-RECO_CMSSW_6_2_0_SLHC12_2023Scenario_Case5/3c0fd862848dd94e43c269a049a99637/out_reco_17_1_pAI.root
18-Jun-2014 01:42:28 CEST  Initiating request to open file file:/lustre/cms//store/user/calabria/calabria_SingleMuPt5_GEN-SIM-DIGI-RECO_CMSSW_6_2_0_SLHC12_2023Scenario_Case5/calabria_SingleMuPt5_GEN-SIM-DIGI-RECO_CMSSW_6_2_0_SLHC12_2023Scenario_Case5/3c0fd862848dd94e43c269a049a99637/out_reco_19_1_JvT.root
18-Jun-2014 01:42:28 CEST  Successfully opened file file:/lustre/cms//store/user/calabria/calabria_SingleMuPt5_GEN-SIM-DIGI-RECO_CMSSW_6_2_0_SLHC12_2023Scenario_Case5/calabria_SingleMuPt5_GEN-SIM-DIGI-RECO_CMSSW_6_2_0_SLHC12_2023Scenario_Case5/3c0fd862848dd94e43c269a049a99637/out_reco_19_1_JvT.root
18-Jun-2014 01:42:54 CEST  Closed file file:/lustre/cms//store/user/calabria/calabria_SingleMuPt5_GEN-SIM-DIGI-RECO_CMSSW_6_2_0_SLHC12_2023Scenario_Case5/calabria_SingleMuPt5_GEN-SIM-DIGI-RECO_CMSSW_6_2_0_SLHC12_2023Scenario_Case5/3c0fd862848dd94e43c269a049a99637/out_reco_19_1_JvT.root

=============================================

MessageLogger Summary

 type     category        sev    module        subroutine        count    total
 ---- -------------------- -- ---------------- ----------------  -----    -----
    1 fileAction           -s file_close                            10       10
    2 fileAction           -s file_open                             20       20

 type    category    Examples: run/evt        run/evt          run/evt
 ---- -------------------- ---------------- ---------------- ----------------
    1 fileAction           PostProcessEvent PostProcessEvent PostEndRun
    2 fileAction           pre-events       pre-events       PostProcessEvent

Severity    # Occurrences   Total Occurrences
--------    -------------   -----------------
System                 30                  30
>>> END OF printout of 50 lines from stdout+stderr
>>> Parse FrameworkJobReport crab_fjr.xml
Result of parsing the FrameworkJobReport crab_fjr.xml: Popularity start
lumisRange : 1::::1;1::::2;1::::3;1::::4;1::::5;1::::6;1::::7;1::::8;1::::9;1::::10;
lumisParentRange : 
Basename : /store/user/calabria/calabria_SingleMuPt5_GEN-SIM-DIGI-RECO_CMSSW_6_2_0_SLHC12_2023Scenario_Case5/calabria_SingleMuPt5_GEN-SIM-DIGI-RECO_CMSSW_6_2_0_SLHC12_2023Scenario_Case5/3c0fd862848dd94e43c269a049a99637/out_reco_
BasenameParent : 
parentFiles : 
inputBlocks : /calabria_SingleMuPt5_GEN-SIM-DIGI-RECO_CMSSW_6_2_0_SLHC12_2023Scenario_Case5/calabria-calabria_SingleMuPt5_GEN-SIM-DIGI-RECO_CMSSW_6_2_0_SLHC12_2023Scenario_Case5-3c0fd862848dd94e43c269a049a99637/USER#a0db3309-8779-4162-9a18-fc63460cdf6a
inputFiles : 19_1_JvT.root::1::EDM::Local::1;13_1_lSf.root::1::EDM::Local::2;15_1_TrB.root::1::EDM::Local::3;16_1_asU.root::1::EDM::Local::4;10_1_R8H.root::1::EDM::Local::5;14_1_t7p.root::1::EDM::Local::6;12_1_jXF.root::1::EDM::Local::7;9_1_mM4.root::1::EDM::Local::8;17_1_pAI.root::1::EDM::Local::9;11_1_pNB.root::1::EDM::Local::10;
Popularity stop
Extracted ExitStatus from FrameworkJobReport parsing output: 0
>>> Executable succeded  0
ExeExitCode=0
EXECUTABLE_EXIT_STATUS = 0
>>> current directory /home/cms040/home_cream_291217415/CREAM291217415/glide_vu2Hf2/execute/dir_4648/CMSSW_6_2_0_SLHC12
>>>  (SOFTWARE_DIR): /home/cms040/home_cream_291217415/CREAM291217415/glide_vu2Hf2/execute/dir_4648/CMSSW_6_2_0_SLHC12
>>> (WORKING_DIR): 
>>> current directory content:
total 10092
drwxr-xr-x 3 cms040 cms    4096 Jun 18 01:38 .SCRAM
-rw------- 1 cms040 cms 3740311 Jun 18 01:38 CMSSW.py.pkl
drwxr-xr-x 3 cms040 cms    4096 Jun 18 01:38 bin
drwxr-xr-x 3 cms040 cms    4096 Jun 18 01:38 cfipython
drwxr-xr-x 4 cms040 cms    4096 Jun 18 01:38 config
-rw------- 1 cms040 cms      16 Jun 18 01:42 cpu_timing.txt
drwxr-xr-x 2 cms040 cms    4096 Jun 18 01:38 doc
-rw------- 1 cms040 cms    9832 Jun 18 01:42 executable.out
drwxr-xr-x 2 cms040 cms    4096 Jun 18 01:38 include
drwx------ 3 cms040 cms    4096 Apr 28 18:12 lib
drwxr-xr-x 3 cms040 cms    4096 Jun 18 01:38 logs
drwxr-xr-x 3 cms040 cms    4096 Jun 18 01:38 objs
-rw------- 1 cms040 cms     104 Jun 18 01:39 pset.py
-rw------- 1 cms040 cms 3712281 Jun 18 01:39 pset.py.pkl
-rw------- 1 cms040 cms     289 Jun 18 01:38 pset.pyc
drwxr-xr-x 2 cms040 cms    4096 Jun 18 01:38 python
-rw------- 1 cms040 cms     407 Jun 18 01:42 report.log
drwx------ 6 cms040 cms    4096 Jun 18 01:38 src
drwxr-xr-x 3 cms040 cms    4096 Jun 18 01:38 test
drwxr-xr-x 3 cms040 cms    4096 Jun 18 01:38 tmp
-rw------- 1 cms040 cms 2778101 Jun 18 01:42 validationEDM.root
>>> current directory /home/cms040/home_cream_291217415/CREAM291217415/glide_vu2Hf2/execute/dir_4648/CMSSW_6_2_0_SLHC12
>>> (SOFTWARE_DIR): /home/cms040/home_cream_291217415/CREAM291217415/glide_vu2Hf2/execute/dir_4648/CMSSW_6_2_0_SLHC12
>>> (WORKING_DIR): 
>>> current directory content:
total 10092
drwxr-xr-x 3 cms040 cms    4096 Jun 18 01:38 .SCRAM
-rw------- 1 cms040 cms 3740311 Jun 18 01:38 CMSSW.py.pkl
drwxr-xr-x 3 cms040 cms    4096 Jun 18 01:38 bin
drwxr-xr-x 3 cms040 cms    4096 Jun 18 01:38 cfipython
drwxr-xr-x 4 cms040 cms    4096 Jun 18 01:38 config
-rw------- 1 cms040 cms      16 Jun 18 01:42 cpu_timing.txt
drwxr-xr-x 2 cms040 cms    4096 Jun 18 01:38 doc
-rw------- 1 cms040 cms    9832 Jun 18 01:42 executable.out
drwxr-xr-x 2 cms040 cms    4096 Jun 18 01:38 include
drwx------ 3 cms040 cms    4096 Apr 28 18:12 lib
drwxr-xr-x 3 cms040 cms    4096 Jun 18 01:38 logs
drwxr-xr-x 3 cms040 cms    4096 Jun 18 01:38 objs
-rw------- 1 cms040 cms     104 Jun 18 01:39 pset.py
-rw------- 1 cms040 cms 3712281 Jun 18 01:39 pset.py.pkl
-rw------- 1 cms040 cms     289 Jun 18 01:38 pset.pyc
drwxr-xr-x 2 cms040 cms    4096 Jun 18 01:38 python
-rw------- 1 cms040 cms     407 Jun 18 01:42 report.log
drwx------ 6 cms040 cms    4096 Jun 18 01:38 src
drwxr-xr-x 3 cms040 cms    4096 Jun 18 01:38 test
drwxr-xr-x 3 cms040 cms    4096 Jun 18 01:38 tmp
-rw------- 1 cms040 cms 2778101 Jun 18 01:42 validationEDM_11_1_QpQ.root
>>> current directory (RUNTIME_AREA):  /home/cms040/home_cream_291217415/CREAM291217415/glide_vu2Hf2/execute/dir_4648
SE = storm-se-01.ba.infn.it
SE_PATH = /srm/managerv2?SFN=//cms/store/user/calabria/calabria_SingleMuPt5_GEN-SIM-DIGI-RECO_CMSSW_6_2_0_SLHC12_2023Scenario_Case5/calabria_MuMinus5_GEN-SIM-DIGI-RECO_CMSSW_6_2_0_SLHC12_2023Scenario_VALNOPU2_Case5/5854dd31cbd3cdec44c48628cc181cf0/
LFNBaseName = /store/user/calabria/calabria_SingleMuPt5_GEN-SIM-DIGI-RECO_CMSSW_6_2_0_SLHC12_2023Scenario_Case5/calabria_MuMinus5_GEN-SIM-DIGI-RECO_CMSSW_6_2_0_SLHC12_2023Scenario_VALNOPU2_Case5/5854dd31cbd3cdec44c48628cc181cf0/
USER = calabria
endpoint = srm://storm-se-01.ba.infn.it:8444/srm/managerv2?SFN=//cms/store/user/calabria/calabria_SingleMuPt5_GEN-SIM-DIGI-RECO_CMSSW_6_2_0_SLHC12_2023Scenario_Case5/calabria_MuMinus5_GEN-SIM-DIGI-RECO_CMSSW_6_2_0_SLHC12_2023Scenario_VALNOPU2_Case5/5854dd31cbd3cdec44c48628cc181cf0/
>>> Copy output files from WN = pccms93.ba.infn.it to /srm/managerv2?SFN=//cms/store/user/calabria/calabria_SingleMuPt5_GEN-SIM-DIGI-RECO_CMSSW_6_2_0_SLHC12_2023Scenario_Case5/calabria_MuMinus5_GEN-SIM-DIGI-RECO_CMSSW_6_2_0_SLHC12_2023Scenario_VALNOPU2_Case5/5854dd31cbd3cdec44c48628cc181cf0/ :
python cmscp.py  --destination srm://storm-se-01.ba.infn.it:8444/srm/managerv2?SFN=//cms/store/user/calabria/calabria_SingleMuPt5_GEN-SIM-DIGI-RECO_CMSSW_6_2_0_SLHC12_2023Scenario_Case5/calabria_MuMinus5_GEN-SIM-DIGI-RECO_CMSSW_6_2_0_SLHC12_2023Scenario_VALNOPU2_Case5/5854dd31cbd3cdec44c48628cc181cf0/ --inputFileList /home/cms040/home_cream_291217415/CREAM291217415/glide_vu2Hf2/execute/dir_4648/CMSSW_6_2_0_SLHC12/validationEDM_11_1_QpQ.root --middleware LCG --se_name storm-se-01.ba.infn.it --for_lfn /store/user/calabria/calabria_SingleMuPt5_GEN-SIM-DIGI-RECO_CMSSW_6_2_0_SLHC12_2023Scenario_Case5/calabria_MuMinus5_GEN-SIM-DIGI-RECO_CMSSW_6_2_0_SLHC12_2023Scenario_VALNOPU2_Case5/5854dd31cbd3cdec44c48628cc181cf0/    
******************************************************
localSeName  =  storm-se-01.ba.infn.it
remoteSeName =  storm-se-01.ba.infn.it
******************************************************
{"/home/cms040/home_cream_291217415/CREAM291217415/glide_vu2Hf2/execute/dir_4648/CMSSW_6_2_0_SLHC12/validationEDM_11_1_QpQ.root": {"endpoint": "srm://storm-se-01.ba.infn.it:8444/srm/managerv2?SFN=//cms/store/user/calabria/calabria_SingleMuPt5_GEN-SIM-DIGI-RECO_CMSSW_6_2_0_SLHC12_2023Scenario_Case5/calabria_MuMinus5_GEN-SIM-DIGI-RECO_CMSSW_6_2_0_SLHC12_2023Scenario_VALNOPU2_Case5/5854dd31cbd3cdec44c48628cc181cf0/", "surl_for_grid": "", "reason": "Copy succedeed with srm-lcg utils", "erCode": "0", "se_name": "storm-se-01.ba.infn.it", "for_lfn": "/store/user/calabria/calabria_SingleMuPt5_GEN-SIM-DIGI-RECO_CMSSW_6_2_0_SLHC12_2023Scenario_Case5/calabria_MuMinus5_GEN-SIM-DIGI-RECO_CMSSW_6_2_0_SLHC12_2023Scenario_VALNOPU2_Case5/5854dd31cbd3cdec44c48628cc181cf0/"}}/home/cms040/home_cream_291217415/CREAM291217415/glide_vu2Hf2/execute/dir_4648
-------- cat /home/cms040/home_cream_291217415/CREAM291217415/glide_vu2Hf2/execute/dir_4648/cmscpReport.sh 
#!/bin/bash
echo "Report for File: /home/cms040/home_cream_291217415/CREAM291217415/glide_vu2Hf2/execute/dir_4648/CMSSW_6_2_0_SLHC12/validationEDM_11_1_QpQ.root"
echo "LFN: /store/user/calabria/calabria_SingleMuPt5_GEN-SIM-DIGI-RECO_CMSSW_6_2_0_SLHC12_2023Scenario_Case5/calabria_MuMinus5_GEN-SIM-DIGI-RECO_CMSSW_6_2_0_SLHC12_2023Scenario_VALNOPU2_Case5/5854dd31cbd3cdec44c48628cc181cf0/validationEDM_11_1_QpQ.root"
echo "StorageElement: storm-se-01.ba.infn.it"
echo "StageOutExitStatusReason = 'Copy succedeed with srm-lcg utils'" | tee -a $RUNTIME_AREA/$repo
echo "StageOutSE = storm-se-01.ba.infn.it" >> $RUNTIME_AREA/$repo

export StageOutExitStatus=0
echo "StageOutExitStatus = 0" | tee -a $RUNTIME_AREA/$repo
-------- end of /home/cms040/home_cream_291217415/CREAM291217415/glide_vu2Hf2/execute/dir_4648/cmscpReport.sh 
Report for File: /home/cms040/home_cream_291217415/CREAM291217415/glide_vu2Hf2/execute/dir_4648/CMSSW_6_2_0_SLHC12/validationEDM_11_1_QpQ.root
LFN: /store/user/calabria/calabria_SingleMuPt5_GEN-SIM-DIGI-RECO_CMSSW_6_2_0_SLHC12_2023Scenario_Case5/calabria_MuMinus5_GEN-SIM-DIGI-RECO_CMSSW_6_2_0_SLHC12_2023Scenario_VALNOPU2_Case5/5854dd31cbd3cdec44c48628cc181cf0/validationEDM_11_1_QpQ.root
StorageElement: storm-se-01.ba.infn.it
StageOutExitStatusReason = 'Copy succedeed with srm-lcg utils'
StageOutExitStatus = 0
>>> current dir: /home/cms040/home_cream_291217415/CREAM291217415/glide_vu2Hf2/execute/dir_4648
>>> current dir content:
total 28076
-rw-------  1 cms040 cms     2770 Jun 18 01:43 .SEinteraction.log
-rwx------  1 cms040 cms     6870 Jun 18 01:38 .job.ad
-rwx------  1 cms040 cms     9431 Jun 18 01:38 .machine.ad
-rw-------  1 cms040 cms      105 Jun 16 20:51 CMSSW.py
-rw-------  1 cms040 cms  3740311 Jun 16 20:51 CMSSW.py.pkl
-rwx------  1 cms040 cms    29543 Jun 18 01:38 CMSSW.sh
drwxr-xr-x 15 cms040 cms     4096 Jun 18 01:43 CMSSW_6_2_0_SLHC12
-rw-------  1 cms040 cms      219 Jun 18 01:38 CacheEnv.sh
-rw-------  1 cms040 cms     7291 Apr  4 11:04 DashboardAPI.py
-rw-------  1 cms040 cms     6800 Jun 18 01:38 DashboardAPI.pyc
drwx------  2 cms040 cms     4096 Jun 18 01:42 IMProv
-rw-------  1 cms040 cms     2748 Apr  4 11:04 Logger.py
-rw-------  1 cms040 cms     3342 Jun 18 01:38 Logger.pyc
-rw-------  1 cms040 cms    24524 Apr  4 11:04 ProcInfo.py
-rw-------  1 cms040 cms    23173 Jun 18 01:38 ProcInfo.pyc
drwx------  7 cms040 cms     4096 Jun 18 01:38 ProdCommon
drwx------  3 cms040 cms     4096 Jun 18 01:38 WMCore
-rw-------  1 cms040 cms     2484 Jun 18 01:42 Watchdog_11.log
-rwx------  1 cms040 cms        0 Jun 18 01:38 _condor_stderr
-rwx---r--  1 cms040 cms    29233 Jun 18 01:43 _condor_stdout
-rw-------  1 cms040 cms    32895 Apr  4 11:04 apmon.py
-rw-------  1 cms040 cms    28596 Jun 18 01:38 apmon.pyc
-rwx------  1 cms040 cms    52966 Jun 18 01:38 arguments.xml
-rwx------  1 cms040 cms    38515 Apr  4 11:04 cmscp.py
-rw-------  1 cms040 cms      715 Jun 18 01:43 cmscpReport.sh
-rwx------  1 cms040 cms    29543 Jun 18 01:38 condor_exec.exe
-rw-------  1 cms040 cms      953 Jun 16 20:51 crab.cfg
-rwx------  1 cms040 cms     8610 Apr  4 11:04 crabWatchdog.sh
-rwx---r--  1 cms040 cms   523133 Jun 18 01:42 crab_fjr_11.xml
-rwx------  1 cms040 cms 23958414 Jun 18 01:38 default.tgz
-rwx------  1 cms040 cms     4488 Apr  4 11:04 fillCrabFjr.py
-rw-------  1 cms040 cms     2596 Jun 18 01:38 inputsReport.txt
-rw-------  1 cms040 cms      260 Jun 18 01:43 jobreport.txt
-rw-------  1 cms040 cms    17352 Apr  4 11:04 parseCrabFjr.py
-rw-------  1 cms040 cms      328 Jun 18 01:38 report.log
-rwx--x--x  1 cms040 cms     1497 Apr  4 11:04 report.py
-rw-------  1 cms040 cms      767 Jun 18 01:43 resultCopyFile
lrwxrwxrwx  1 cms040 cms      125 Jun 18 01:43 validationEDM.root -> /home/cms040/home_cream_291217415/CREAM291217415/glide_vu2Hf2/execute/dir_4648/CMSSW_6_2_0_SLHC12/validationEDM_11_1_QpQ.root
-rwx------  1 cms040 cms     8387 Apr  4 11:04 writeCfg.py
-rw-------  1 cms040 cms     8034 Jun 18 01:38 x509up_u50707
>>> Modify Job Report:
CMSSW_VERSION = CMSSW_6_2_0_SLHC12
ProcessedDataset = calabria_MuMinus5_GEN-SIM-DIGI-RECO_CMSSW_6_2_0_SLHC12_2023Scenario_VALNOPU2_Case5
/home/cms040/home_cream_291217415/CREAM291217415/glide_vu2Hf2/execute/dir_4648/ProdCommon/FwkJobRep/ModifyJobReport.py fjr /home/cms040/home_cream_291217415/CREAM291217415/glide_vu2Hf2/execute/dir_4648/crab_fjr_11.xml json /home/cms040/home_cream_291217415/CREAM291217415/glide_vu2Hf2/execute/dir_4648/resultCopyFile n_job 11_1_QpQ PrimaryDataset calabria_SingleMuPt5_GEN-SIM-DIGI-RECO_CMSSW_6_2_0_SLHC12_2023Scenario_Case5  ApplicationFamily cmsRun ApplicationName cmsRun cmssw_version CMSSW_6_2_0_SLHC12 psethash 5854dd31cbd3cdec44c48628cc181cf0 UserProcessedDataset calabria-calabria_MuMinus5_GEN-SIM-DIGI-RECO_CMSSW_6_2_0_SLHC12_2023Scenario_VALNOPU2_Case5-5854dd31cbd3cdec44c48628cc181cf0
inputDict =  {u'/home/cms040/home_cream_291217415/CREAM291217415/glide_vu2Hf2/execute/dir_4648/CMSSW_6_2_0_SLHC12/validationEDM_11_1_QpQ.root': {u'endpoint': u'srm://storm-se-01.ba.infn.it:8444/srm/managerv2?SFN=//cms/store/user/calabria/calabria_SingleMuPt5_GEN-SIM-DIGI-RECO_CMSSW_6_2_0_SLHC12_2023Scenario_Case5/calabria_MuMinus5_GEN-SIM-DIGI-RECO_CMSSW_6_2_0_SLHC12_2023Scenario_VALNOPU2_Case5/5854dd31cbd3cdec44c48628cc181cf0/', u'surl_for_grid': u'', u'reason': u'Copy succedeed with srm-lcg utils', u'erCode': u'0', u'se_name': u'storm-se-01.ba.infn.it', u'for_lfn': u'/store/user/calabria/calabria_SingleMuPt5_GEN-SIM-DIGI-RECO_CMSSW_6_2_0_SLHC12_2023Scenario_Case5/calabria_MuMinus5_GEN-SIM-DIGI-RECO_CMSSW_6_2_0_SLHC12_2023Scenario_VALNOPU2_Case5/5854dd31cbd3cdec44c48628cc181cf0/'}}
UserProcessedDataset =  calabria-calabria_MuMinus5_GEN-SIM-DIGI-RECO_CMSSW_6_2_0_SLHC12_2023Scenario_VALNOPU2_Case5-5854dd31cbd3cdec44c48628cc181cf0
file_name in inputDict =  /home/cms040/home_cream_291217415/CREAM291217415/glide_vu2Hf2/execute/dir_4648/CMSSW_6_2_0_SLHC12/validationEDM_11_1_QpQ.root
(size) os.stat(filename)[6] =  2778101
checksum =  4213410753
    file =  validationEDM_11_1_QpQ.root
    newPfn =  srm://storm-se-01.ba.infn.it:8444/srm/managerv2?SFN=//cms/store/user/calabria/calabria_SingleMuPt5_GEN-SIM-DIGI-RECO_CMSSW_6_2_0_SLHC12_2023Scenario_Case5/calabria_MuMinus5_GEN-SIM-DIGI-RECO_CMSSW_6_2_0_SLHC12_2023Scenario_VALNOPU2_Case5/5854dd31cbd3cdec44c48628cc181cf0/validationEDM_11_1_QpQ.root
    newLfn =  /store/user/calabria/calabria_SingleMuPt5_GEN-SIM-DIGI-RECO_CMSSW_6_2_0_SLHC12_2023Scenario_Case5/calabria_MuMinus5_GEN-SIM-DIGI-RECO_CMSSW_6_2_0_SLHC12_2023Scenario_VALNOPU2_Case5/5854dd31cbd3cdec44c48628cc181cf0/validationEDM_11_1_QpQ.root
>>> crab_fjr_*.xml  permission set to 0704
CrabWrapper EXIT_FUNC entered at Wed Jun 18 01:43:50 CEST 2014   -  Tue Jun 17 23:43:50 UTC 2014
Checking output files:  
will tar file crab_fjr_11.xml in  out_files_11
WARNING: output file CMSSW_11.stdout not found!
WARNING: output file CMSSW_11.stderr not found!
WARNING: output file Watchdog_11.log.gz not found!
>>> padding time: Sleeping the wrapper for 293 seconds
STOPPING WATCHDOG. CrabWatchdog PID is 5270
********** LAST 50 LINES OF WATCHDOG LOG
# RESOURCE USAGE SUMMARY FOR PROCESS ID  5075
USER       PID %CPU %MEM    VSZ   RSS TTY      STAT START   TIME COMMAND
cms040    5075  0.2  0.0   9496  1596 ?        S    01:38   0:00 /bin/sh /home/cms040/home_cream_291217415/CREAM291217415/glide_vu2Hf2/execute/dir_4648/condor_exec.exe 11 1
 
# LIMITS USED BY CRAB WATCHDOG:
# RSS  (KBytes)   : 2300000
# VSZ  (KBytes)   : 100000000
# DISK (MBytes)   : 19000
# CPU TIME        : 720h:0m:0s
# WALL CLOCK TIME : 21h:50m:0s
 
# FOLLOWING PRINTOUT TRACKS MAXIMUM VALUES OF RESOURCES USE
# ONE LINE IS PRINTED EACH TIME A MAXIMUM CHANGES
# IF CHANGE WAS IN RSS OR VSZ ALSO PROCID AND COMMAND ARE PRINTED
# THERE IS NO PRINTOUT FOR CPU/WALL TIME INCREASE
 
# TIME			PID	RSS(KB)	VSZ(KB)	Dsk(MB)	tCPU(s)	tWALL(s)	COMMAND
 Jun 18 01:38:50 CEST	2227	1392	9364	0	0	0	/bin/bash /home/cms040/home_cream_291217415/CREAM291217415/glide_vu2Hf2/main/condor_startup.sh glidein_config        
 Jun 18 01:38:50 CEST	3023	8012	93340	0	0	0	/home/cms040/home_cream_291217415/CREAM291217415/glide_vu2Hf2/main/condor/sbin/condor_master -f -pidfile /home/cms040/home_cream_291217415/CREAM291217415/glide_vu2Hf2/condor_master2.pid       
 Jun 18 01:38:50 CEST	3026	8724	93916	0	4	0	condor_startd -f         
 Jun 18 01:38:50 CEST	5282	43820	104960	0	0	0	edmConfigHash pset.py         
 Jun 18 01:38:50 CEST	30317	43820	106092	0	0	1	sh -c "./glidein_startup.sh" -v std -name v3_0 -entry CDF_IT_Bari_ce2 -clientname UCSD-v1_0.main
 Jun 18 01:38:50 CEST	30321	43820	106492	0	0	1	/bin/bash ./glidein_startup.sh -v std -name v3_0 -entry CDF_IT_Bari_ce2 -clientname UCSD-v1_0.main -schedd
 Jun 18 01:38:50 CEST	---	43820	106492	171	----	----	----
 Jun 18 01:39:51 CEST	5659	767184	984636	171	35	61	cmsRun -j /home/cms040/home_cream_291217415/CREAM291217415/glide_vu2Hf2/execute/dir_4648/crab_fjr_11.xml -p pset.py      
 Jun 18 01:39:51 CEST	---	767184	984636	175	----	----	----
 Jun 18 01:40:51 CEST	5659	781996	1001892	175	78	122	cmsRun -j /home/cms040/home_cream_291217415/CREAM291217415/glide_vu2Hf2/execute/dir_4648/crab_fjr_11.xml -p pset.py      
 Jun 18 01:41:52 CEST	5659	789652	1008708	175	123	183	cmsRun -j /home/cms040/home_cream_291217415/CREAM291217415/glide_vu2Hf2/execute/dir_4648/crab_fjr_11.xml -p pset.py      
 Jun 18 01:42:54 CEST	5659	799636	1029700	175	174	244	cmsRun -j /home/cms040/home_cream_291217415/CREAM291217415/glide_vu2Hf2/execute/dir_4648/crab_fjr_11.xml -p pset.py      
 Jun 18 01:42:54 CEST	---	799636	1029700	178	----	----	----
********** WATCHDOG LOG ENDED
ZIPPING WATCHDOG LOG
Disk space used:
du -sh /home/cms040/home_cream_291217415/CREAM291217415/glide_vu2Hf2/execute/dir_4648
178M	/home/cms040/home_cream_291217415/CREAM291217415/glide_vu2Hf2/execute/dir_4648
Found unusual stdout, rename for OSB
`/home/cms040/home_cream_291217415/CREAM291217415/glide_vu2Hf2/execute/dir_4648/_condor_stdout' -> `CMSSW_11.stdout'
Found unusual stderr, rename for OSB
`/home/cms040/home_cream_291217415/CREAM291217415/glide_vu2Hf2/execute/dir_4648/_condor_stdout' -> `CMSSW_11.stderr'
crab_fjr_11.xml
CMSSW_11.stdout
CMSSW_11.stderr
Watchdog_11.log.gz
Total Output dimension: 70052
WARNING: output files size limit is set to: 50000000
Total Output dimension 70052 is fine.
JOB_EXIT_STATUS = 0
>>> info for dashboard:
***** Cat /home/cms040/home_cream_291217415/CREAM291217415/glide_vu2Hf2/execute/dir_4648/jobreport.txt *****
MonitorJobID=11_https://submit-6.t2.ucsd.edu//140616//168561.10
MonitorID=calabria_MuMinus5_Case5_ReReco_u540cv
ExeTime=227
ExeExitCode=0
StageOutExitStatusReason = 'Copy succedeed with srm-lcg utils'
StageOutSE = storm-se-01.ba.infn.it
StageOutExitStatus = 0
CrabUserCpuTime=172.23
CrabSysCpuTime=3.18
CrabCpuPercentage=77%
CrabWrapperTime=600
CrabStageoutTime=48
JobExitCode=0
***** End Cat jobreport *****
Parameters sent to Dashboard.
EXITING at Wed Jun 18 01:48:49 CEST 2014  -  Tue Jun 17 23:48:49 UTC 2014
