This script was generated by crab (version 2.10.5_patch1).
Running /home/cms049/home_cream_968993350/CREAM968993350/glide_QujfpU/execute/dir_30501/condor_exec.exe with 2 positional parameters: 4 1
Today is Wed Jun 18 01:11:12 CEST 2014 - Tue Jun 17 23:11:12 UTC 2014
Job submitted on host pccms62.ba.infn.it
Linux pccms62.ba.infn.it 2.6.32-358.23.2.el6.x86_64 #1 SMP Thu Oct 17 10:27:22 CEST 2013 x86_64 x86_64 x86_64 GNU/Linux
>>> current directory (RUNTIME_AREA): /home/cms049/home_cream_968993350/CREAM968993350/glide_QujfpU/execute/dir_30501
>>> current user: uid=18671(cms049) gid=1399(cms) groups=1399(cms)
>>> directory permission set to 0700
>>> umask set to:  u=rwx,g=,o=
>>> stdout stderr permission set to 0704
>>> voms proxy information:
subject   : /C=IT/O=INFN/OU=Personal Certificate/L=Bari/CN=Cesare Calabria/CN=477126703/CN=1284537245
issuer    : /C=IT/O=INFN/OU=Personal Certificate/L=Bari/CN=Cesare Calabria/CN=477126703
identity  : /C=IT/O=INFN/OU=Personal Certificate/L=Bari/CN=Cesare Calabria
type      : RFC3820 compliant limited proxy
strength  : 1024
path      : /home/cms049/home_cream_968993350/CREAM968993350/glide_QujfpU/execute/dir_30501/x509up_u50707
timeleft  : 23:59:50
key usage : Digital Signature, Key Encipherment, Data Encipherment
=== VO cms extension information ===
VO        : cms
subject   : /C=IT/O=INFN/OU=Personal Certificate/L=Bari/CN=Cesare Calabria
issuer    : /DC=ch/DC=cern/OU=computers/CN=voms.cern.ch
attribute : /cms/Role=NULL/Capability=NULL
attribute : /cms/itcms/Role=NULL/Capability=NULL
timeleft  : 154:13:05
uri       : voms.cern.ch:15002

WNHostName=pccms62.ba.infn.it
>>> tar --no-same-permissions -xf /home/cms049/home_cream_968993350/CREAM968993350/glide_QujfpU/execute/dir_30501/default.tgz :
Successful untar
>>> Include /home/cms049/home_cream_968993350/CREAM968993350/glide_QujfpU/execute/dir_30501 in PYTHONPATH:
strip arguments
env var CRAB_UNIQUE_JOB_ID set to: calabria_MuMinus1000_Case2_ReReco_3mv5b6_4_1_veU
out_files_4
>>> list of expected files on output sandbox
output files: crab_fjr_4.xml CMSSW_4.stdout CMSSW_4.stderr Watchdog_4.log.gz
>>> GridFlavour discovery: 
GridFlavour=LCG
>>> SyncSite discovery: 
SyncSite=T2_IT_Bari
>>> SyncCE discovery: 
getting SyncCE from CE_ID
SyncCE=cream-ce-2.ba.infn.it:8443/cream-pbs-long
>>> info for dashboard:
***** Cat /home/cms049/home_cream_968993350/CREAM968993350/glide_QujfpU/execute/dir_30501/jobreport.txt *****
WNHostName=pccms62.ba.infn.it
MonitorJobID=4_https://submit-6.t2.ucsd.edu//140616//168549.3
SyncGridJobId=https://submit-6.t2.ucsd.edu//140616//168549.3
MonitorID=calabria_MuMinus1000_Case2_ReReco_3mv5b6
GridFlavour=LCG
SyncSite=T2_IT_Bari
SyncCE=cream-ce-2.ba.infn.it:8443/cream-pbs-long
***** End Cat jobreport *****
Parameters sent to Dashboard.
>>> setup environment
set SCRAM ARCH to slc5_amd64_gcc472
SCRAM_ARCH = slc5_amd64_gcc472
>>> setup CMS LCG environment:
set SCRAM ARCH and BUILD_ARCH to slc5_amd64_gcc472 ###
Sourcing environment... 
sourcing /cvmfs/cms.cern.ch/cmsset_default.sh
==> setup cms environment ok
>>> specific cmssw setup environment:
CMSSW_VERSION =  CMSSW_6_2_0_SLHC12
>>> current directory (SOFTWARE_DIR): /home/cms049/home_cream_968993350/CREAM968993350/glide_QujfpU/execute/dir_30501/CMSSW_6_2_0_SLHC12
PreserveSeeds: <>
IncrementSeeds:<>
>>> info for dashboard:
***** Cat /home/cms049/home_cream_968993350/CREAM968993350/glide_QujfpU/execute/dir_30501/jobreport.txt *****
MonitorJobID=4_https://submit-6.t2.ucsd.edu//140616//168549.3
MonitorID=calabria_MuMinus1000_Case2_ReReco_3mv5b6
***** End Cat jobreport *****
Parameters sent to Dashboard.
crabWatchdog started as process 31141
>>> moving CMSSW software directories in /home/cms049/home_cream_968993350/CREAM968993350/glide_QujfpU/execute/dir_30501/CMSSW_6_2_0_SLHC12
mv: cannot stat `/home/cms049/home_cream_968993350/CREAM968993350/glide_QujfpU/execute/dir_30501/module/': No such file or directory
>>> Include /home/cms049/home_cream_968993350/CREAM968993350/glide_QujfpU/execute/dir_30501 in PYTHONPATH:
PYTHONPATH=/home/cms049/home_cream_968993350/CREAM968993350/glide_QujfpU/execute/dir_30501/:/home/cms049/home_cream_968993350/CREAM968993350/glide_QujfpU/execute/dir_30501/CMSSW_6_2_0_SLHC12/python:/home/cms049/home_cream_968993350/CREAM968993350/glide_QujfpU/execute/dir_30501/CMSSW_6_2_0_SLHC12/lib/slc5_amd64_gcc472:/cvmfs/cms.cern.ch/slc5_amd64_gcc472/cms/cmssw/CMSSW_6_2_0_SLHC12/python:/cvmfs/cms.cern.ch/slc5_amd64_gcc472/cms/cmssw/CMSSW_6_2_0_SLHC12/lib/slc5_amd64_gcc472:/cvmfs/cms.cern.ch/slc5_amd64_gcc472/cms/coral/CORAL_2_3_21-cms36/slc5_amd64_gcc472/python:/cvmfs/cms.cern.ch/slc5_amd64_gcc472/cms/coral/CORAL_2_3_21-cms36/slc5_amd64_gcc472/lib:/cvmfs/cms.cern.ch/slc5_amd64_gcc472/external/pyqt/4.8.1-cms6/lib/python2.7/site-packages:/cvmfs/cms.cern.ch/slc5_amd64_gcc472/external/py2-scipy/0.8.0-cms8/lib/python2.7/site-packages:/cvmfs/cms.cern.ch/slc5_amd64_gcc472/external/py2-matplotlib/1.0.1-cms8/lib/python2.7/site-packages:/cvmfs/cms.cern.ch/slc5_amd64_gcc472/external/python-ldap/2.3.5-cms6/lib/python2.7/site-packages:/cvmfs/cms.cern.ch/slc5_amd64_gcc472/external/sip/4.11.2-cms6/lib/python2.7/site-packages:/cvmfs/cms.cern.ch/slc5_amd64_gcc472/external/py2-pycurl/7.19.0-cms8/lib/python2.7/site-packages:/cvmfs/cms.cern.ch/slc5_amd64_gcc472/external/py2-numpy/1.6.1-cms8/lib/python2.7/site-packages:/cvmfs/cms.cern.ch/slc5_amd64_gcc472/external/py2-lint/0.25.1-cms6/lib/python2.7/site-packages:/cvmfs/cms.cern.ch/slc5_amd64_gcc472/external/py2-ipython/0.10-cms6/lib/python2.7/site-packages:/cvmfs/cms.cern.ch/slc5_amd64_gcc472/external/py2-cx-oracle/5.1-cms7/lib/python2.7/site-packages:/cvmfs/cms.cern.ch/slc5_amd64_gcc472/external/py2-cjson/1.0.5-cms6/lib/python2.7/site-packages:/cvmfs/cms.cern.ch/slc5_amd64_gcc472/cms/das-client/1.11.7/bin:/cvmfs/cms.cern.ch/slc5_amd64_gcc472/external/elementtree/1.2.6-cms6/share/lib/python2.7/site-packages:/cvmfs/cms.cern.ch/slc5_amd64_gcc472/external/rivet/1.8.2-cms8/lib/python2.7/site-packages:/cvmfs/cms.cern.ch/slc5_amd64_gcc472/external/pyminuit2/0.0.1-cms19/lib/python2.7/site-packages:/cvmfs/cms.cern.ch/slc5_amd64_gcc472/external/py2-pygithub/1.23.0/lib/python2.7/site-packages:/cvmfs/cms.cern.ch/slc5_amd64_gcc472/external/professor/1.0.0-cms19/lib/python2.7/site-packages:/cvmfs/cms.cern.ch/slc5_amd64_gcc472/lcg/root/5.34.07-cms/lib:/cvmfs/cms.cern.ch/slc5_amd64_gcc472/cms/dbs-client/DBS_2_1_9-cms5/lib:/cvmfs/cms.cern.ch/slc5_amd64_gcc472/cms/dbs-client/DBS_2_1_9-cms5/lib/DBSAPI:/cvmfs/cms.cern.ch/slc5_amd64_gcc472/external/cvs2git/5419-cms/lib:/home/cms049/home_cream_968993350/CREAM968993350/glide_QujfpU/execute/dir_30501/
 
# LIMITS USED BY CRAB WATCHDOG:
# RSS  (KBytes)   : 2300000
# VSZ  (KBytes)   : 100000000
# DISK (MBytes)   : 19000
# CPU TIME        : 720h:0m:0s
# WALL CLOCK TIME : 21h:50m:0s
 
5854dd31cbd3cdec44c48628cc181cf0
PSETHASH = 5854dd31cbd3cdec44c48628cc181cf0
/home/cms049/home_cream_968993350/CREAM968993350/glide_QujfpU/execute/dir_30501/writeCfg.py pset.py pset.py
Importing .py file
Setting parameters
RandomNumberGeneratorService found, will attempt to change seeds
inputBlocks=/calabria_SingleMuPt1000_GEN-SIM-DIGI-RECO_CMSSW_6_2_0_SLHC12_2023Scenario_Case2/calabria-calabria_SingleMuPt1000_GEN-SIM-DIGI-RECO_CMSSW_6_2_0_SLHC12_2023Scenario_Case2-fa5ffd20b461790f8466430606d05ce8/USER#eae8e1e5-3276-4875-a3eb-f59f87fabee4
inputFiles=/store/user/calabria/calabria_SingleMuPt1000_GEN-SIM-DIGI-RECO_CMSSW_6_2_0_SLHC12_2023Scenario_Case2/calabria_SingleMuPt1000_GEN-SIM-DIGI-RECO_CMSSW_6_2_0_SLHC12_2023Scenario_Case2/fa5ffd20b461790f8466430606d05ce8/out_reco_74_1_vSM.root;/store/user/calabria/calabria_SingleMuPt1000_GEN-SIM-DIGI-RECO_CMSSW_6_2_0_SLHC12_2023Scenario_Case2/calabria_SingleMuPt1000_GEN-SIM-DIGI-RECO_CMSSW_6_2_0_SLHC12_2023Scenario_Case2/fa5ffd20b461790f8466430606d05ce8/out_reco_77_1_7Zy.root;/store/user/calabria/calabria_SingleMuPt1000_GEN-SIM-DIGI-RECO_CMSSW_6_2_0_SLHC12_2023Scenario_Case2/calabria_SingleMuPt1000_GEN-SIM-DIGI-RECO_CMSSW_6_2_0_SLHC12_2023Scenario_Case2/fa5ffd20b461790f8466430606d05ce8/out_reco_84_1_PVb.root;/store/user/calabria/calabria_SingleMuPt1000_GEN-SIM-DIGI-RECO_CMSSW_6_2_0_SLHC12_2023Scenario_Case2/calabria_SingleMuPt1000_GEN-SIM-DIGI-RECO_CMSSW_6_2_0_SLHC12_2023Scenario_Case2/fa5ffd20b461790f8466430606d05ce8/out_reco_88_1_CSV.root;/store/user/calabria/calabria_SingleMuPt1000_GEN-SIM-DIGI-RECO_CMSSW_6_2_0_SLHC12_2023Scenario_Case2/calabria_SingleMuPt1000_GEN-SIM-DIGI-RECO_CMSSW_6_2_0_SLHC12_2023Scenario_Case2/fa5ffd20b461790f8466430606d05ce8/out_reco_91_1_MFP.root;/store/user/calabria/calabria_SingleMuPt1000_GEN-SIM-DIGI-RECO_CMSSW_6_2_0_SLHC12_2023Scenario_Case2/calabria_SingleMuPt1000_GEN-SIM-DIGI-RECO_CMSSW_6_2_0_SLHC12_2023Scenario_Case2/fa5ffd20b461790f8466430606d05ce8/out_reco_97_1_ezu.root;/store/user/calabria/calabria_SingleMuPt1000_GEN-SIM-DIGI-RECO_CMSSW_6_2_0_SLHC12_2023Scenario_Case2/calabria_SingleMuPt1000_GEN-SIM-DIGI-RECO_CMSSW_6_2_0_SLHC12_2023Scenario_Case2/fa5ffd20b461790f8466430606d05ce8/out_reco_99_1_Cv0.root;/store/user/calabria/calabria_SingleMuPt1000_GEN-SIM-DIGI-RECO_CMSSW_6_2_0_SLHC12_2023Scenario_Case2/calabria_SingleMuPt1000_GEN-SIM-DIGI-RECO_CMSSW_6_2_0_SLHC12_2023Scenario_Case2/fa5ffd20b461790f8466430606d05ce8/out_reco_106_1_lvo.root;/store/user/calabria/calabria_SingleMuPt1000_GEN-SIM-DIGI-RECO_CMSSW_6_2_0_SLHC12_2023Scenario_Case2/calabria_SingleMuPt1000_GEN-SIM-DIGI-RECO_CMSSW_6_2_0_SLHC12_2023Scenario_Case2/fa5ffd20b461790f8466430606d05ce8/out_reco_109_1_EEv.root;/store/user/calabria/calabria_SingleMuPt1000_GEN-SIM-DIGI-RECO_CMSSW_6_2_0_SLHC12_2023Scenario_Case2/calabria_SingleMuPt1000_GEN-SIM-DIGI-RECO_CMSSW_6_2_0_SLHC12_2023Scenario_Case2/fa5ffd20b461790f8466430606d05ce8/out_reco_111_1_Xrn.root
parentFiles=
lumisRange=
>>> Executable cmsRun
/cvmfs/cms.cern.ch/slc5_amd64_gcc472/cms/cmssw/CMSSW_6_2_0_SLHC12/bin/slc5_amd64_gcc472/cmsRun
ok executable found
>>> info for dashboard:
***** Cat /home/cms049/home_cream_968993350/CREAM968993350/glide_QujfpU/execute/dir_30501/jobreport.txt *****
MonitorJobID=4_https://submit-6.t2.ucsd.edu//140616//168549.3
MonitorID=calabria_MuMinus1000_Case2_ReReco_3mv5b6
ExeStart=cmsRun
***** End Cat jobreport *****
Parameters sent to Dashboard.
>>> cmsRun started at Tue Jun 17 23:12:08 UTC 2014
>>> cmsRun ended at Tue Jun 17 23:20:57 UTC 2014
>>> crab_fjr_*.xml  permission set to 0704
>>> info for dashboard:
***** Cat /home/cms049/home_cream_968993350/CREAM968993350/glide_QujfpU/execute/dir_30501/jobreport.txt *****
MonitorJobID=4_https://submit-6.t2.ucsd.edu//140616//168549.3
MonitorID=calabria_MuMinus1000_Case2_ReReco_3mv5b6
ExeEnd=cmsRun
***** End Cat jobreport *****
Parameters sent to Dashboard.
TIME_EXE = 529 sec
>>> cmsRun wrote 50 lines of stdout+stderr
>>> START OF printout of 50 lines from stdout+stderr
271 DQMStore::DQMStore 
HcalTopologyIdealEP::HcalTopologyIdealEP
18-Jun-2014 01:12:56 CEST  Initiating request to open file file:/lustre/cms//store/user/calabria/calabria_SingleMuPt1000_GEN-SIM-DIGI-RECO_CMSSW_6_2_0_SLHC12_2023Scenario_Case2/calabria_SingleMuPt1000_GEN-SIM-DIGI-RECO_CMSSW_6_2_0_SLHC12_2023Scenario_Case2/fa5ffd20b461790f8466430606d05ce8/out_reco_74_1_vSM.root
18-Jun-2014 01:13:03 CEST  Successfully opened file file:/lustre/cms//store/user/calabria/calabria_SingleMuPt1000_GEN-SIM-DIGI-RECO_CMSSW_6_2_0_SLHC12_2023Scenario_Case2/calabria_SingleMuPt1000_GEN-SIM-DIGI-RECO_CMSSW_6_2_0_SLHC12_2023Scenario_Case2/fa5ffd20b461790f8466430606d05ce8/out_reco_74_1_vSM.root
18-Jun-2014 01:13:59 CEST  Closed file file:/lustre/cms//store/user/calabria/calabria_SingleMuPt1000_GEN-SIM-DIGI-RECO_CMSSW_6_2_0_SLHC12_2023Scenario_Case2/calabria_SingleMuPt1000_GEN-SIM-DIGI-RECO_CMSSW_6_2_0_SLHC12_2023Scenario_Case2/fa5ffd20b461790f8466430606d05ce8/out_reco_74_1_vSM.root
18-Jun-2014 01:13:59 CEST  Initiating request to open file file:/lustre/cms//store/user/calabria/calabria_SingleMuPt1000_GEN-SIM-DIGI-RECO_CMSSW_6_2_0_SLHC12_2023Scenario_Case2/calabria_SingleMuPt1000_GEN-SIM-DIGI-RECO_CMSSW_6_2_0_SLHC12_2023Scenario_Case2/fa5ffd20b461790f8466430606d05ce8/out_reco_77_1_7Zy.root
18-Jun-2014 01:13:59 CEST  Successfully opened file file:/lustre/cms//store/user/calabria/calabria_SingleMuPt1000_GEN-SIM-DIGI-RECO_CMSSW_6_2_0_SLHC12_2023Scenario_Case2/calabria_SingleMuPt1000_GEN-SIM-DIGI-RECO_CMSSW_6_2_0_SLHC12_2023Scenario_Case2/fa5ffd20b461790f8466430606d05ce8/out_reco_77_1_7Zy.root
18-Jun-2014 01:14:40 CEST  Closed file file:/lustre/cms//store/user/calabria/calabria_SingleMuPt1000_GEN-SIM-DIGI-RECO_CMSSW_6_2_0_SLHC12_2023Scenario_Case2/calabria_SingleMuPt1000_GEN-SIM-DIGI-RECO_CMSSW_6_2_0_SLHC12_2023Scenario_Case2/fa5ffd20b461790f8466430606d05ce8/out_reco_77_1_7Zy.root
18-Jun-2014 01:14:40 CEST  Initiating request to open file file:/lustre/cms//store/user/calabria/calabria_SingleMuPt1000_GEN-SIM-DIGI-RECO_CMSSW_6_2_0_SLHC12_2023Scenario_Case2/calabria_SingleMuPt1000_GEN-SIM-DIGI-RECO_CMSSW_6_2_0_SLHC12_2023Scenario_Case2/fa5ffd20b461790f8466430606d05ce8/out_reco_84_1_PVb.root
18-Jun-2014 01:14:40 CEST  Successfully opened file file:/lustre/cms//store/user/calabria/calabria_SingleMuPt1000_GEN-SIM-DIGI-RECO_CMSSW_6_2_0_SLHC12_2023Scenario_Case2/calabria_SingleMuPt1000_GEN-SIM-DIGI-RECO_CMSSW_6_2_0_SLHC12_2023Scenario_Case2/fa5ffd20b461790f8466430606d05ce8/out_reco_84_1_PVb.root
18-Jun-2014 01:15:25 CEST  Closed file file:/lustre/cms//store/user/calabria/calabria_SingleMuPt1000_GEN-SIM-DIGI-RECO_CMSSW_6_2_0_SLHC12_2023Scenario_Case2/calabria_SingleMuPt1000_GEN-SIM-DIGI-RECO_CMSSW_6_2_0_SLHC12_2023Scenario_Case2/fa5ffd20b461790f8466430606d05ce8/out_reco_84_1_PVb.root
18-Jun-2014 01:15:25 CEST  Initiating request to open file file:/lustre/cms//store/user/calabria/calabria_SingleMuPt1000_GEN-SIM-DIGI-RECO_CMSSW_6_2_0_SLHC12_2023Scenario_Case2/calabria_SingleMuPt1000_GEN-SIM-DIGI-RECO_CMSSW_6_2_0_SLHC12_2023Scenario_Case2/fa5ffd20b461790f8466430606d05ce8/out_reco_88_1_CSV.root
18-Jun-2014 01:15:25 CEST  Successfully opened file file:/lustre/cms//store/user/calabria/calabria_SingleMuPt1000_GEN-SIM-DIGI-RECO_CMSSW_6_2_0_SLHC12_2023Scenario_Case2/calabria_SingleMuPt1000_GEN-SIM-DIGI-RECO_CMSSW_6_2_0_SLHC12_2023Scenario_Case2/fa5ffd20b461790f8466430606d05ce8/out_reco_88_1_CSV.root
18-Jun-2014 01:16:11 CEST  Closed file file:/lustre/cms//store/user/calabria/calabria_SingleMuPt1000_GEN-SIM-DIGI-RECO_CMSSW_6_2_0_SLHC12_2023Scenario_Case2/calabria_SingleMuPt1000_GEN-SIM-DIGI-RECO_CMSSW_6_2_0_SLHC12_2023Scenario_Case2/fa5ffd20b461790f8466430606d05ce8/out_reco_88_1_CSV.root
18-Jun-2014 01:16:11 CEST  Initiating request to open file file:/lustre/cms//store/user/calabria/calabria_SingleMuPt1000_GEN-SIM-DIGI-RECO_CMSSW_6_2_0_SLHC12_2023Scenario_Case2/calabria_SingleMuPt1000_GEN-SIM-DIGI-RECO_CMSSW_6_2_0_SLHC12_2023Scenario_Case2/fa5ffd20b461790f8466430606d05ce8/out_reco_91_1_MFP.root
18-Jun-2014 01:16:11 CEST  Successfully opened file file:/lustre/cms//store/user/calabria/calabria_SingleMuPt1000_GEN-SIM-DIGI-RECO_CMSSW_6_2_0_SLHC12_2023Scenario_Case2/calabria_SingleMuPt1000_GEN-SIM-DIGI-RECO_CMSSW_6_2_0_SLHC12_2023Scenario_Case2/fa5ffd20b461790f8466430606d05ce8/out_reco_91_1_MFP.root
18-Jun-2014 01:16:53 CEST  Closed file file:/lustre/cms//store/user/calabria/calabria_SingleMuPt1000_GEN-SIM-DIGI-RECO_CMSSW_6_2_0_SLHC12_2023Scenario_Case2/calabria_SingleMuPt1000_GEN-SIM-DIGI-RECO_CMSSW_6_2_0_SLHC12_2023Scenario_Case2/fa5ffd20b461790f8466430606d05ce8/out_reco_91_1_MFP.root
18-Jun-2014 01:16:53 CEST  Initiating request to open file file:/lustre/cms//store/user/calabria/calabria_SingleMuPt1000_GEN-SIM-DIGI-RECO_CMSSW_6_2_0_SLHC12_2023Scenario_Case2/calabria_SingleMuPt1000_GEN-SIM-DIGI-RECO_CMSSW_6_2_0_SLHC12_2023Scenario_Case2/fa5ffd20b461790f8466430606d05ce8/out_reco_97_1_ezu.root
18-Jun-2014 01:16:53 CEST  Successfully opened file file:/lustre/cms//store/user/calabria/calabria_SingleMuPt1000_GEN-SIM-DIGI-RECO_CMSSW_6_2_0_SLHC12_2023Scenario_Case2/calabria_SingleMuPt1000_GEN-SIM-DIGI-RECO_CMSSW_6_2_0_SLHC12_2023Scenario_Case2/fa5ffd20b461790f8466430606d05ce8/out_reco_97_1_ezu.root
18-Jun-2014 01:17:36 CEST  Closed file file:/lustre/cms//store/user/calabria/calabria_SingleMuPt1000_GEN-SIM-DIGI-RECO_CMSSW_6_2_0_SLHC12_2023Scenario_Case2/calabria_SingleMuPt1000_GEN-SIM-DIGI-RECO_CMSSW_6_2_0_SLHC12_2023Scenario_Case2/fa5ffd20b461790f8466430606d05ce8/out_reco_97_1_ezu.root
18-Jun-2014 01:17:36 CEST  Initiating request to open file file:/lustre/cms//store/user/calabria/calabria_SingleMuPt1000_GEN-SIM-DIGI-RECO_CMSSW_6_2_0_SLHC12_2023Scenario_Case2/calabria_SingleMuPt1000_GEN-SIM-DIGI-RECO_CMSSW_6_2_0_SLHC12_2023Scenario_Case2/fa5ffd20b461790f8466430606d05ce8/out_reco_99_1_Cv0.root
18-Jun-2014 01:17:38 CEST  Successfully opened file file:/lustre/cms//store/user/calabria/calabria_SingleMuPt1000_GEN-SIM-DIGI-RECO_CMSSW_6_2_0_SLHC12_2023Scenario_Case2/calabria_SingleMuPt1000_GEN-SIM-DIGI-RECO_CMSSW_6_2_0_SLHC12_2023Scenario_Case2/fa5ffd20b461790f8466430606d05ce8/out_reco_99_1_Cv0.root
18-Jun-2014 01:18:26 CEST  Closed file file:/lustre/cms//store/user/calabria/calabria_SingleMuPt1000_GEN-SIM-DIGI-RECO_CMSSW_6_2_0_SLHC12_2023Scenario_Case2/calabria_SingleMuPt1000_GEN-SIM-DIGI-RECO_CMSSW_6_2_0_SLHC12_2023Scenario_Case2/fa5ffd20b461790f8466430606d05ce8/out_reco_99_1_Cv0.root
18-Jun-2014 01:18:26 CEST  Initiating request to open file file:/lustre/cms//store/user/calabria/calabria_SingleMuPt1000_GEN-SIM-DIGI-RECO_CMSSW_6_2_0_SLHC12_2023Scenario_Case2/calabria_SingleMuPt1000_GEN-SIM-DIGI-RECO_CMSSW_6_2_0_SLHC12_2023Scenario_Case2/fa5ffd20b461790f8466430606d05ce8/out_reco_106_1_lvo.root
18-Jun-2014 01:18:27 CEST  Successfully opened file file:/lustre/cms//store/user/calabria/calabria_SingleMuPt1000_GEN-SIM-DIGI-RECO_CMSSW_6_2_0_SLHC12_2023Scenario_Case2/calabria_SingleMuPt1000_GEN-SIM-DIGI-RECO_CMSSW_6_2_0_SLHC12_2023Scenario_Case2/fa5ffd20b461790f8466430606d05ce8/out_reco_106_1_lvo.root
18-Jun-2014 01:19:10 CEST  Closed file file:/lustre/cms//store/user/calabria/calabria_SingleMuPt1000_GEN-SIM-DIGI-RECO_CMSSW_6_2_0_SLHC12_2023Scenario_Case2/calabria_SingleMuPt1000_GEN-SIM-DIGI-RECO_CMSSW_6_2_0_SLHC12_2023Scenario_Case2/fa5ffd20b461790f8466430606d05ce8/out_reco_106_1_lvo.root
18-Jun-2014 01:19:10 CEST  Initiating request to open file file:/lustre/cms//store/user/calabria/calabria_SingleMuPt1000_GEN-SIM-DIGI-RECO_CMSSW_6_2_0_SLHC12_2023Scenario_Case2/calabria_SingleMuPt1000_GEN-SIM-DIGI-RECO_CMSSW_6_2_0_SLHC12_2023Scenario_Case2/fa5ffd20b461790f8466430606d05ce8/out_reco_109_1_EEv.root
18-Jun-2014 01:19:10 CEST  Successfully opened file file:/lustre/cms//store/user/calabria/calabria_SingleMuPt1000_GEN-SIM-DIGI-RECO_CMSSW_6_2_0_SLHC12_2023Scenario_Case2/calabria_SingleMuPt1000_GEN-SIM-DIGI-RECO_CMSSW_6_2_0_SLHC12_2023Scenario_Case2/fa5ffd20b461790f8466430606d05ce8/out_reco_109_1_EEv.root
18-Jun-2014 01:19:54 CEST  Closed file file:/lustre/cms//store/user/calabria/calabria_SingleMuPt1000_GEN-SIM-DIGI-RECO_CMSSW_6_2_0_SLHC12_2023Scenario_Case2/calabria_SingleMuPt1000_GEN-SIM-DIGI-RECO_CMSSW_6_2_0_SLHC12_2023Scenario_Case2/fa5ffd20b461790f8466430606d05ce8/out_reco_109_1_EEv.root
18-Jun-2014 01:19:54 CEST  Initiating request to open file file:/lustre/cms//store/user/calabria/calabria_SingleMuPt1000_GEN-SIM-DIGI-RECO_CMSSW_6_2_0_SLHC12_2023Scenario_Case2/calabria_SingleMuPt1000_GEN-SIM-DIGI-RECO_CMSSW_6_2_0_SLHC12_2023Scenario_Case2/fa5ffd20b461790f8466430606d05ce8/out_reco_111_1_Xrn.root
18-Jun-2014 01:19:55 CEST  Successfully opened file file:/lustre/cms//store/user/calabria/calabria_SingleMuPt1000_GEN-SIM-DIGI-RECO_CMSSW_6_2_0_SLHC12_2023Scenario_Case2/calabria_SingleMuPt1000_GEN-SIM-DIGI-RECO_CMSSW_6_2_0_SLHC12_2023Scenario_Case2/fa5ffd20b461790f8466430606d05ce8/out_reco_111_1_Xrn.root
18-Jun-2014 01:20:55 CEST  Closed file file:/lustre/cms//store/user/calabria/calabria_SingleMuPt1000_GEN-SIM-DIGI-RECO_CMSSW_6_2_0_SLHC12_2023Scenario_Case2/calabria_SingleMuPt1000_GEN-SIM-DIGI-RECO_CMSSW_6_2_0_SLHC12_2023Scenario_Case2/fa5ffd20b461790f8466430606d05ce8/out_reco_111_1_Xrn.root

=============================================

MessageLogger Summary

 type     category        sev    module        subroutine        count    total
 ---- -------------------- -- ---------------- ----------------  -----    -----
    1 fileAction           -s file_close                            10       10
    2 fileAction           -s file_open                             20       20

 type    category    Examples: run/evt        run/evt          run/evt
 ---- -------------------- ---------------- ---------------- ----------------
    1 fileAction           PostProcessEvent PostProcessEvent PostEndRun
    2 fileAction           pre-events       pre-events       PostProcessEvent

Severity    # Occurrences   Total Occurrences
--------    -------------   -----------------
System                 30                  30
>>> END OF printout of 50 lines from stdout+stderr
>>> Parse FrameworkJobReport crab_fjr.xml
Result of parsing the FrameworkJobReport crab_fjr.xml: Popularity start
lumisRange : 1::::1;1::::2;1::::3;1::::4;1::::5;1::::6;1::::7;1::::8;1::::9;1::::10;
lumisParentRange : 
Basename : /store/user/calabria/calabria_SingleMuPt1000_GEN-SIM-DIGI-RECO_CMSSW_6_2_0_SLHC12_2023Scenario_Case2/calabria_SingleMuPt1000_GEN-SIM-DIGI-RECO_CMSSW_6_2_0_SLHC12_2023Scenario_Case2/fa5ffd20b461790f8466430606d05ce8/out_reco_
BasenameParent : 
parentFiles : 
inputBlocks : /calabria_SingleMuPt1000_GEN-SIM-DIGI-RECO_CMSSW_6_2_0_SLHC12_2023Scenario_Case2/calabria-calabria_SingleMuPt1000_GEN-SIM-DIGI-RECO_CMSSW_6_2_0_SLHC12_2023Scenario_Case2-fa5ffd20b461790f8466430606d05ce8/USER#eae8e1e5-3276-4875-a3eb-f59f87fabee4
inputFiles : 111_1_Xrn.root::1::EDM::Local::1;109_1_EEv.root::1::EDM::Local::2;84_1_PVb.root::1::EDM::Local::3;97_1_ezu.root::1::EDM::Local::4;77_1_7Zy.root::1::EDM::Local::5;91_1_MFP.root::1::EDM::Local::6;106_1_lvo.root::1::EDM::Local::7;74_1_vSM.root::1::EDM::Local::8;88_1_CSV.root::1::EDM::Local::9;99_1_Cv0.root::1::EDM::Local::10;
Popularity stop
Extracted ExitStatus from FrameworkJobReport parsing output: 0
>>> Executable succeded  0
ExeExitCode=0
EXECUTABLE_EXIT_STATUS = 0
>>> current directory /home/cms049/home_cream_968993350/CREAM968993350/glide_QujfpU/execute/dir_30501/CMSSW_6_2_0_SLHC12
>>>  (SOFTWARE_DIR): /home/cms049/home_cream_968993350/CREAM968993350/glide_QujfpU/execute/dir_30501/CMSSW_6_2_0_SLHC12
>>> (WORKING_DIR): 
>>> current directory content:
total 11328
drwxr-xr-x 3 cms049 cms    4096 Jun 18 01:11 .SCRAM
-rw------- 1 cms049 cms 3740190 Jun 18 01:11 CMSSW.py.pkl
drwxr-xr-x 3 cms049 cms    4096 Jun 18 01:11 bin
drwxr-xr-x 3 cms049 cms    4096 Jun 18 01:11 cfipython
drwxr-xr-x 4 cms049 cms    4096 Jun 18 01:11 config
-rw------- 1 cms049 cms      16 Jun 18 01:20 cpu_timing.txt
drwxr-xr-x 2 cms049 cms    4096 Jun 18 01:11 doc
-rw------- 1 cms049 cms   10024 Jun 18 01:20 executable.out
drwxr-xr-x 2 cms049 cms    4096 Jun 18 01:11 include
drwx------ 3 cms049 cms    4096 Apr 28 18:12 lib
drwxr-xr-x 3 cms049 cms    4096 Jun 18 01:11 logs
drwxr-xr-x 3 cms049 cms    4096 Jun 18 01:11 objs
-rw------- 1 cms049 cms     104 Jun 18 01:11 pset.py
-rw------- 1 cms049 cms 3712320 Jun 18 01:12 pset.py.pkl
-rw------- 1 cms049 cms     289 Jun 18 01:11 pset.pyc
drwxr-xr-x 2 cms049 cms    4096 Jun 18 01:11 python
-rw------- 1 cms049 cms     410 Jun 18 01:21 report.log
drwx------ 6 cms049 cms    4096 Jun 18 01:11 src
drwxr-xr-x 3 cms049 cms    4096 Jun 18 01:11 test
drwxr-xr-x 3 cms049 cms    4096 Jun 18 01:11 tmp
-rw------- 1 cms049 cms 4042840 Jun 18 01:20 validationEDM.root
>>> current directory /home/cms049/home_cream_968993350/CREAM968993350/glide_QujfpU/execute/dir_30501/CMSSW_6_2_0_SLHC12
>>> (SOFTWARE_DIR): /home/cms049/home_cream_968993350/CREAM968993350/glide_QujfpU/execute/dir_30501/CMSSW_6_2_0_SLHC12
>>> (WORKING_DIR): 
>>> current directory content:
total 11328
drwxr-xr-x 3 cms049 cms    4096 Jun 18 01:11 .SCRAM
-rw------- 1 cms049 cms 3740190 Jun 18 01:11 CMSSW.py.pkl
drwxr-xr-x 3 cms049 cms    4096 Jun 18 01:11 bin
drwxr-xr-x 3 cms049 cms    4096 Jun 18 01:11 cfipython
drwxr-xr-x 4 cms049 cms    4096 Jun 18 01:11 config
-rw------- 1 cms049 cms      16 Jun 18 01:20 cpu_timing.txt
drwxr-xr-x 2 cms049 cms    4096 Jun 18 01:11 doc
-rw------- 1 cms049 cms   10024 Jun 18 01:20 executable.out
drwxr-xr-x 2 cms049 cms    4096 Jun 18 01:11 include
drwx------ 3 cms049 cms    4096 Apr 28 18:12 lib
drwxr-xr-x 3 cms049 cms    4096 Jun 18 01:11 logs
drwxr-xr-x 3 cms049 cms    4096 Jun 18 01:11 objs
-rw------- 1 cms049 cms     104 Jun 18 01:11 pset.py
-rw------- 1 cms049 cms 3712320 Jun 18 01:12 pset.py.pkl
-rw------- 1 cms049 cms     289 Jun 18 01:11 pset.pyc
drwxr-xr-x 2 cms049 cms    4096 Jun 18 01:11 python
-rw------- 1 cms049 cms     410 Jun 18 01:21 report.log
drwx------ 6 cms049 cms    4096 Jun 18 01:11 src
drwxr-xr-x 3 cms049 cms    4096 Jun 18 01:11 test
drwxr-xr-x 3 cms049 cms    4096 Jun 18 01:11 tmp
-rw------- 1 cms049 cms 4042840 Jun 18 01:20 validationEDM_4_1_veU.root
>>> current directory (RUNTIME_AREA):  /home/cms049/home_cream_968993350/CREAM968993350/glide_QujfpU/execute/dir_30501
SE = storm-se-01.ba.infn.it
SE_PATH = /srm/managerv2?SFN=//cms/store/user/calabria/calabria_SingleMuPt1000_GEN-SIM-DIGI-RECO_CMSSW_6_2_0_SLHC12_2023Scenario_Case2/calabria_MuMinus1000_GEN-SIM-DIGI-RECO_CMSSW_6_2_0_SLHC12_2023Scenario_VALNOPU2_Case2/5854dd31cbd3cdec44c48628cc181cf0/
LFNBaseName = /store/user/calabria/calabria_SingleMuPt1000_GEN-SIM-DIGI-RECO_CMSSW_6_2_0_SLHC12_2023Scenario_Case2/calabria_MuMinus1000_GEN-SIM-DIGI-RECO_CMSSW_6_2_0_SLHC12_2023Scenario_VALNOPU2_Case2/5854dd31cbd3cdec44c48628cc181cf0/
USER = calabria
endpoint = srm://storm-se-01.ba.infn.it:8444/srm/managerv2?SFN=//cms/store/user/calabria/calabria_SingleMuPt1000_GEN-SIM-DIGI-RECO_CMSSW_6_2_0_SLHC12_2023Scenario_Case2/calabria_MuMinus1000_GEN-SIM-DIGI-RECO_CMSSW_6_2_0_SLHC12_2023Scenario_VALNOPU2_Case2/5854dd31cbd3cdec44c48628cc181cf0/
>>> Copy output files from WN = pccms62.ba.infn.it to /srm/managerv2?SFN=//cms/store/user/calabria/calabria_SingleMuPt1000_GEN-SIM-DIGI-RECO_CMSSW_6_2_0_SLHC12_2023Scenario_Case2/calabria_MuMinus1000_GEN-SIM-DIGI-RECO_CMSSW_6_2_0_SLHC12_2023Scenario_VALNOPU2_Case2/5854dd31cbd3cdec44c48628cc181cf0/ :
python cmscp.py  --destination srm://storm-se-01.ba.infn.it:8444/srm/managerv2?SFN=//cms/store/user/calabria/calabria_SingleMuPt1000_GEN-SIM-DIGI-RECO_CMSSW_6_2_0_SLHC12_2023Scenario_Case2/calabria_MuMinus1000_GEN-SIM-DIGI-RECO_CMSSW_6_2_0_SLHC12_2023Scenario_VALNOPU2_Case2/5854dd31cbd3cdec44c48628cc181cf0/ --inputFileList /home/cms049/home_cream_968993350/CREAM968993350/glide_QujfpU/execute/dir_30501/CMSSW_6_2_0_SLHC12/validationEDM_4_1_veU.root --middleware LCG --se_name storm-se-01.ba.infn.it --for_lfn /store/user/calabria/calabria_SingleMuPt1000_GEN-SIM-DIGI-RECO_CMSSW_6_2_0_SLHC12_2023Scenario_Case2/calabria_MuMinus1000_GEN-SIM-DIGI-RECO_CMSSW_6_2_0_SLHC12_2023Scenario_VALNOPU2_Case2/5854dd31cbd3cdec44c48628cc181cf0/    
******************************************************
localSeName  =  storm-se-01.ba.infn.it
remoteSeName =  storm-se-01.ba.infn.it
******************************************************
{"/home/cms049/home_cream_968993350/CREAM968993350/glide_QujfpU/execute/dir_30501/CMSSW_6_2_0_SLHC12/validationEDM_4_1_veU.root": {"endpoint": "srm://storm-se-01.ba.infn.it:8444/srm/managerv2?SFN=//cms/store/user/calabria/calabria_SingleMuPt1000_GEN-SIM-DIGI-RECO_CMSSW_6_2_0_SLHC12_2023Scenario_Case2/calabria_MuMinus1000_GEN-SIM-DIGI-RECO_CMSSW_6_2_0_SLHC12_2023Scenario_VALNOPU2_Case2/5854dd31cbd3cdec44c48628cc181cf0/", "surl_for_grid": "", "reason": "Copy succedeed with srm-lcg utils", "erCode": "0", "se_name": "storm-se-01.ba.infn.it", "for_lfn": "/store/user/calabria/calabria_SingleMuPt1000_GEN-SIM-DIGI-RECO_CMSSW_6_2_0_SLHC12_2023Scenario_Case2/calabria_MuMinus1000_GEN-SIM-DIGI-RECO_CMSSW_6_2_0_SLHC12_2023Scenario_VALNOPU2_Case2/5854dd31cbd3cdec44c48628cc181cf0/"}}/home/cms049/home_cream_968993350/CREAM968993350/glide_QujfpU/execute/dir_30501
-------- cat /home/cms049/home_cream_968993350/CREAM968993350/glide_QujfpU/execute/dir_30501/cmscpReport.sh 
#!/bin/bash
echo "Report for File: /home/cms049/home_cream_968993350/CREAM968993350/glide_QujfpU/execute/dir_30501/CMSSW_6_2_0_SLHC12/validationEDM_4_1_veU.root"
echo "LFN: /store/user/calabria/calabria_SingleMuPt1000_GEN-SIM-DIGI-RECO_CMSSW_6_2_0_SLHC12_2023Scenario_Case2/calabria_MuMinus1000_GEN-SIM-DIGI-RECO_CMSSW_6_2_0_SLHC12_2023Scenario_VALNOPU2_Case2/5854dd31cbd3cdec44c48628cc181cf0/validationEDM_4_1_veU.root"
echo "StorageElement: storm-se-01.ba.infn.it"
echo "StageOutExitStatusReason = 'Copy succedeed with srm-lcg utils'" | tee -a $RUNTIME_AREA/$repo
echo "StageOutSE = storm-se-01.ba.infn.it" >> $RUNTIME_AREA/$repo

export StageOutExitStatus=0
echo "StageOutExitStatus = 0" | tee -a $RUNTIME_AREA/$repo
-------- end of /home/cms049/home_cream_968993350/CREAM968993350/glide_QujfpU/execute/dir_30501/cmscpReport.sh 
Report for File: /home/cms049/home_cream_968993350/CREAM968993350/glide_QujfpU/execute/dir_30501/CMSSW_6_2_0_SLHC12/validationEDM_4_1_veU.root
LFN: /store/user/calabria/calabria_SingleMuPt1000_GEN-SIM-DIGI-RECO_CMSSW_6_2_0_SLHC12_2023Scenario_Case2/calabria_MuMinus1000_GEN-SIM-DIGI-RECO_CMSSW_6_2_0_SLHC12_2023Scenario_VALNOPU2_Case2/5854dd31cbd3cdec44c48628cc181cf0/validationEDM_4_1_veU.root
StorageElement: storm-se-01.ba.infn.it
StageOutExitStatusReason = 'Copy succedeed with srm-lcg utils'
StageOutExitStatus = 0
>>> current dir: /home/cms049/home_cream_968993350/CREAM968993350/glide_QujfpU/execute/dir_30501
>>> current dir content:
total 28080
-rw-------  1 cms049 cms     2792 Jun 18 01:22 .SEinteraction.log
-rwx------  1 cms049 cms     6863 Jun 18 01:11 .job.ad
-rwx------  1 cms049 cms     9277 Jun 18 01:11 .machine.ad
-rw-------  1 cms049 cms      105 Jun 16 20:52 CMSSW.py
-rw-------  1 cms049 cms  3740190 Jun 16 20:52 CMSSW.py.pkl
-rwx------  1 cms049 cms    29582 Jun 18 01:11 CMSSW.sh
drwxr-xr-x 15 cms049 cms     4096 Jun 18 01:21 CMSSW_6_2_0_SLHC12
-rw-------  1 cms049 cms      220 Jun 18 01:11 CacheEnv.sh
-rw-------  1 cms049 cms     7291 Apr  4 11:04 DashboardAPI.py
-rw-------  1 cms049 cms     6815 Jun 18 01:11 DashboardAPI.pyc
drwx------  2 cms049 cms     4096 Jun 18 01:21 IMProv
-rw-------  1 cms049 cms     2748 Apr  4 11:04 Logger.py
-rw-------  1 cms049 cms     3347 Jun 18 01:11 Logger.pyc
-rw-------  1 cms049 cms    24524 Apr  4 11:04 ProcInfo.py
-rw-------  1 cms049 cms    23197 Jun 18 01:11 ProcInfo.pyc
drwx------  7 cms049 cms     4096 Jun 18 01:11 ProdCommon
drwx------  3 cms049 cms     4096 Jun 18 01:11 WMCore
-rw-------  1 cms049 cms     2855 Jun 18 01:21 Watchdog_4.log
-rwx------  1 cms049 cms        0 Jun 18 01:11 _condor_stderr
-rwx---r--  1 cms049 cms    29588 Jun 18 01:22 _condor_stdout
-rw-------  1 cms049 cms    32895 Apr  4 11:04 apmon.py
-rw-------  1 cms049 cms    28625 Jun 18 01:11 apmon.pyc
-rwx------  1 cms049 cms    54335 Jun 18 01:11 arguments.xml
-rwx------  1 cms049 cms    38515 Apr  4 11:04 cmscp.py
-rw-------  1 cms049 cms      720 Jun 18 01:22 cmscpReport.sh
-rwx------  1 cms049 cms    29582 Jun 18 01:11 condor_exec.exe
-rw-------  1 cms049 cms      968 Jun 16 20:52 crab.cfg
-rwx------  1 cms049 cms     8610 Apr  4 11:04 crabWatchdog.sh
-rwx---r--  1 cms049 cms   523392 Jun 18 01:20 crab_fjr_4.xml
-rwx------  1 cms049 cms 23958911 Jun 18 01:11 default.tgz
-rwx------  1 cms049 cms     4488 Apr  4 11:04 fillCrabFjr.py
-rw-------  1 cms049 cms     2666 Jun 18 01:11 inputsReport.txt
-rw-------  1 cms049 cms      261 Jun 18 01:22 jobreport.txt
-rw-------  1 cms049 cms    17352 Apr  4 11:04 parseCrabFjr.py
-rw-------  1 cms049 cms      328 Jun 18 01:11 report.log
-rwx--x--x  1 cms049 cms     1497 Apr  4 11:04 report.py
-rw-------  1 cms049 cms      779 Jun 18 01:22 resultCopyFile
lrwxrwxrwx  1 cms049 cms      125 Jun 18 01:21 validationEDM.root -> /home/cms049/home_cream_968993350/CREAM968993350/glide_QujfpU/execute/dir_30501/CMSSW_6_2_0_SLHC12/validationEDM_4_1_veU.root
-rwx------  1 cms049 cms     8387 Apr  4 11:04 writeCfg.py
-rw-------  1 cms049 cms     8010 Jun 18 01:11 x509up_u50707
>>> Modify Job Report:
CMSSW_VERSION = CMSSW_6_2_0_SLHC12
ProcessedDataset = calabria_MuMinus1000_GEN-SIM-DIGI-RECO_CMSSW_6_2_0_SLHC12_2023Scenario_VALNOPU2_Case2
/home/cms049/home_cream_968993350/CREAM968993350/glide_QujfpU/execute/dir_30501/ProdCommon/FwkJobRep/ModifyJobReport.py fjr /home/cms049/home_cream_968993350/CREAM968993350/glide_QujfpU/execute/dir_30501/crab_fjr_4.xml json /home/cms049/home_cream_968993350/CREAM968993350/glide_QujfpU/execute/dir_30501/resultCopyFile n_job 4_1_veU PrimaryDataset calabria_SingleMuPt1000_GEN-SIM-DIGI-RECO_CMSSW_6_2_0_SLHC12_2023Scenario_Case2  ApplicationFamily cmsRun ApplicationName cmsRun cmssw_version CMSSW_6_2_0_SLHC12 psethash 5854dd31cbd3cdec44c48628cc181cf0 UserProcessedDataset calabria-calabria_MuMinus1000_GEN-SIM-DIGI-RECO_CMSSW_6_2_0_SLHC12_2023Scenario_VALNOPU2_Case2-5854dd31cbd3cdec44c48628cc181cf0
inputDict =  {u'/home/cms049/home_cream_968993350/CREAM968993350/glide_QujfpU/execute/dir_30501/CMSSW_6_2_0_SLHC12/validationEDM_4_1_veU.root': {u'endpoint': u'srm://storm-se-01.ba.infn.it:8444/srm/managerv2?SFN=//cms/store/user/calabria/calabria_SingleMuPt1000_GEN-SIM-DIGI-RECO_CMSSW_6_2_0_SLHC12_2023Scenario_Case2/calabria_MuMinus1000_GEN-SIM-DIGI-RECO_CMSSW_6_2_0_SLHC12_2023Scenario_VALNOPU2_Case2/5854dd31cbd3cdec44c48628cc181cf0/', u'surl_for_grid': u'', u'reason': u'Copy succedeed with srm-lcg utils', u'erCode': u'0', u'se_name': u'storm-se-01.ba.infn.it', u'for_lfn': u'/store/user/calabria/calabria_SingleMuPt1000_GEN-SIM-DIGI-RECO_CMSSW_6_2_0_SLHC12_2023Scenario_Case2/calabria_MuMinus1000_GEN-SIM-DIGI-RECO_CMSSW_6_2_0_SLHC12_2023Scenario_VALNOPU2_Case2/5854dd31cbd3cdec44c48628cc181cf0/'}}
UserProcessedDataset =  calabria-calabria_MuMinus1000_GEN-SIM-DIGI-RECO_CMSSW_6_2_0_SLHC12_2023Scenario_VALNOPU2_Case2-5854dd31cbd3cdec44c48628cc181cf0
file_name in inputDict =  /home/cms049/home_cream_968993350/CREAM968993350/glide_QujfpU/execute/dir_30501/CMSSW_6_2_0_SLHC12/validationEDM_4_1_veU.root
(size) os.stat(filename)[6] =  4042840
checksum =  3460421964
    file =  validationEDM_4_1_veU.root
    newPfn =  srm://storm-se-01.ba.infn.it:8444/srm/managerv2?SFN=//cms/store/user/calabria/calabria_SingleMuPt1000_GEN-SIM-DIGI-RECO_CMSSW_6_2_0_SLHC12_2023Scenario_Case2/calabria_MuMinus1000_GEN-SIM-DIGI-RECO_CMSSW_6_2_0_SLHC12_2023Scenario_VALNOPU2_Case2/5854dd31cbd3cdec44c48628cc181cf0/validationEDM_4_1_veU.root
    newLfn =  /store/user/calabria/calabria_SingleMuPt1000_GEN-SIM-DIGI-RECO_CMSSW_6_2_0_SLHC12_2023Scenario_Case2/calabria_MuMinus1000_GEN-SIM-DIGI-RECO_CMSSW_6_2_0_SLHC12_2023Scenario_VALNOPU2_Case2/5854dd31cbd3cdec44c48628cc181cf0/validationEDM_4_1_veU.root
>>> crab_fjr_*.xml  permission set to 0704
CrabWrapper EXIT_FUNC entered at Wed Jun 18 01:22:32 CEST 2014   -  Tue Jun 17 23:22:32 UTC 2014
Checking output files:  
will tar file crab_fjr_4.xml in  out_files_4
WARNING: output file CMSSW_4.stdout not found!
WARNING: output file CMSSW_4.stderr not found!
WARNING: output file Watchdog_4.log.gz not found!
>>> padding time: Wrapper lasting more than 600 seconds. No sleep required.
STOPPING WATCHDOG. CrabWatchdog PID is 31141
********** LAST 50 LINES OF WATCHDOG LOG
# RESOURCE USAGE SUMMARY FOR PROCESS ID 30780
USER       PID %CPU %MEM    VSZ   RSS TTY      STAT START   TIME COMMAND
cms049   30780  0.1  0.0   9496  1596 ?        S    01:11   0:00 /bin/sh /home/cms049/home_cream_968993350/CREAM968993350/glide_QujfpU/execute/dir_30501/condor_exec.exe 4 1
 
# LIMITS USED BY CRAB WATCHDOG:
# RSS  (KBytes)   : 2300000
# VSZ  (KBytes)   : 100000000
# DISK (MBytes)   : 19000
# CPU TIME        : 720h:0m:0s
# WALL CLOCK TIME : 21h:50m:0s
 
# FOLLOWING PRINTOUT TRACKS MAXIMUM VALUES OF RESOURCES USE
# ONE LINE IS PRINTED EACH TIME A MAXIMUM CHANGES
# IF CHANGE WAS IN RSS OR VSZ ALSO PROCID AND COMMAND ARE PRINTED
# THERE IS NO PRINTOUT FOR CPU/WALL TIME INCREASE
 
# TIME			PID	RSS(KB)	VSZ(KB)	Dsk(MB)	tCPU(s)	tWALL(s)	COMMAND
 Jun 18 01:11:37 CEST	1140	1256	106092	0	0	0	sh -c "./glidein_startup.sh" -v std -name v1_3 -entry CDF_IT_Bari_ce2 -clientname UCSD-v1_0.main
 Jun 18 01:11:37 CEST	1143	1772	106492	0	0	1	/bin/bash ./glidein_startup.sh -v std -name v1_3 -entry CDF_IT_Bari_ce2 -clientname UCSD-v1_0.main -schedd
 Jun 18 01:11:37 CEST	7957	8068	106492	0	0	1	/home/cms049/home_cream_968993350/CREAM968993350/glide_QujfpU/main/condor/sbin/condor_master -f -pidfile /home/cms049/home_cream_968993350/CREAM968993350/glide_QujfpU/condor_master2.pid       
 Jun 18 01:11:37 CEST	7966	8716	106492	0	3	3	condor_startd -f         
 Jun 18 01:11:37 CEST	31153	34492	106492	0	0	4	edmConfigHash pset.py         
 Jun 18 01:11:37 CEST	---	34492	106492	171	----	----	----
 Jun 18 01:12:42 CEST	31872	206152	354316	171	12	68	cmsRun -j /home/cms049/home_cream_968993350/CREAM968993350/glide_QujfpU/execute/dir_30501/crab_fjr_4.xml -p pset.py      
 Jun 18 01:12:42 CEST	---	206152	354316	175	----	----	----
 Jun 18 01:13:45 CEST	31872	767544	988216	175	46	132	cmsRun -j /home/cms049/home_cream_968993350/CREAM968993350/glide_QujfpU/execute/dir_30501/crab_fjr_4.xml -p pset.py      
 Jun 18 01:14:49 CEST	31872	792288	1013004	175	88	196	cmsRun -j /home/cms049/home_cream_968993350/CREAM968993350/glide_QujfpU/execute/dir_30501/crab_fjr_4.xml -p pset.py      
 Jun 18 01:15:53 CEST	31872	798152	1022988	175	132	260	cmsRun -j /home/cms049/home_cream_968993350/CREAM968993350/glide_QujfpU/execute/dir_30501/crab_fjr_4.xml -p pset.py      
 Jun 18 01:16:57 CEST	31872	801032	1024012	175	173	323	cmsRun -j /home/cms049/home_cream_968993350/CREAM968993350/glide_QujfpU/execute/dir_30501/crab_fjr_4.xml -p pset.py      
 Jun 18 01:19:04 CEST	31872	805164	1028364	175	263	450	cmsRun -j /home/cms049/home_cream_968993350/CREAM968993350/glide_QujfpU/execute/dir_30501/crab_fjr_4.xml -p pset.py      
 Jun 18 01:20:07 CEST	31872	811992	1032972	175	303	514	cmsRun -j /home/cms049/home_cream_968993350/CREAM968993350/glide_QujfpU/execute/dir_30501/crab_fjr_4.xml -p pset.py      
 Jun 18 01:21:13 CEST	---	811992	1032972	179	----	----	----
********** WATCHDOG LOG ENDED
ZIPPING WATCHDOG LOG
Disk space used:
du -sh /home/cms049/home_cream_968993350/CREAM968993350/glide_QujfpU/execute/dir_30501
179M	/home/cms049/home_cream_968993350/CREAM968993350/glide_QujfpU/execute/dir_30501
Found unusual stdout, rename for OSB
`/home/cms049/home_cream_968993350/CREAM968993350/glide_QujfpU/execute/dir_30501/_condor_stdout' -> `CMSSW_4.stdout'
Found unusual stderr, rename for OSB
`/home/cms049/home_cream_968993350/CREAM968993350/glide_QujfpU/execute/dir_30501/_condor_stdout' -> `CMSSW_4.stderr'
crab_fjr_4.xml
CMSSW_4.stdout
CMSSW_4.stderr
Watchdog_4.log.gz
Total Output dimension: 70352
WARNING: output files size limit is set to: 50000000
Total Output dimension 70352 is fine.
JOB_EXIT_STATUS = 0
>>> info for dashboard:
***** Cat /home/cms049/home_cream_968993350/CREAM968993350/glide_QujfpU/execute/dir_30501/jobreport.txt *****
MonitorJobID=4_https://submit-6.t2.ucsd.edu//140616//168549.3
MonitorID=calabria_MuMinus1000_Case2_ReReco_3mv5b6
ExeTime=529
ExeExitCode=0
StageOutExitStatusReason = 'Copy succedeed with srm-lcg utils'
StageOutSE = storm-se-01.ba.infn.it
StageOutExitStatus = 0
CrabUserCpuTime=330.17
CrabSysCpuTime=7.51
CrabCpuPercentage=63%
CrabWrapperTime=676
CrabStageoutTime=67
JobExitCode=0
***** End Cat jobreport *****
Parameters sent to Dashboard.
EXITING at Wed Jun 18 01:22:40 CEST 2014  -  Tue Jun 17 23:22:40 UTC 2014
