This script was generated by crab (version 2.10.5_patch1).
Running /home/cms037/home_cream_487948402/CREAM487948402/glide_3MDTon/execute/dir_31375/condor_exec.exe with 2 positional parameters: 8 1
Today is Wed Jun 18 01:11:13 CEST 2014 - Tue Jun 17 23:11:13 UTC 2014
Job submitted on host alicegrid50.ba.infn.it
Linux alicegrid50.ba.infn.it 2.6.32-358.23.2.el6.x86_64 #1 SMP Thu Oct 17 10:27:22 CEST 2013 x86_64 x86_64 x86_64 GNU/Linux
>>> current directory (RUNTIME_AREA): /home/cms037/home_cream_487948402/CREAM487948402/glide_3MDTon/execute/dir_31375
>>> current user: uid=18594(cms037) gid=1399(cms) groups=1399(cms)
>>> directory permission set to 0700
>>> umask set to:  u=rwx,g=,o=
>>> stdout stderr permission set to 0704
>>> voms proxy information:
subject   : /C=IT/O=INFN/OU=Personal Certificate/L=Bari/CN=Cesare Calabria/CN=477126703/CN=1182650737
issuer    : /C=IT/O=INFN/OU=Personal Certificate/L=Bari/CN=Cesare Calabria/CN=477126703
identity  : /C=IT/O=INFN/OU=Personal Certificate/L=Bari/CN=Cesare Calabria
type      : RFC3820 compliant limited proxy
strength  : 1024
path      : /home/cms037/home_cream_487948402/CREAM487948402/glide_3MDTon/execute/dir_31375/x509up_u50707
timeleft  : 23:58:51
key usage : Digital Signature, Key Encipherment, Data Encipherment
=== VO cms extension information ===
VO        : cms
subject   : /C=IT/O=INFN/OU=Personal Certificate/L=Bari/CN=Cesare Calabria
issuer    : /DC=ch/DC=cern/OU=computers/CN=voms.cern.ch
attribute : /cms/Role=NULL/Capability=NULL
attribute : /cms/itcms/Role=NULL/Capability=NULL
timeleft  : 154:13:06
uri       : voms.cern.ch:15002

WNHostName=alicegrid50.ba.infn.it
>>> tar --no-same-permissions -xf /home/cms037/home_cream_487948402/CREAM487948402/glide_3MDTon/execute/dir_31375/default.tgz :
Successful untar
>>> Include /home/cms037/home_cream_487948402/CREAM487948402/glide_3MDTon/execute/dir_31375 in PYTHONPATH:
strip arguments
env var CRAB_UNIQUE_JOB_ID set to: calabria_MuMinus1000_Case2_ReReco_3mv5b6_8_1_pKV
out_files_8
>>> list of expected files on output sandbox
output files: crab_fjr_8.xml CMSSW_8.stdout CMSSW_8.stderr Watchdog_8.log.gz
>>> GridFlavour discovery: 
GridFlavour=LCG
>>> SyncSite discovery: 
SyncSite=T2_IT_Bari
>>> SyncCE discovery: 
getting SyncCE from CE_ID
SyncCE=cream-ce-2.ba.infn.it:8443/cream-pbs-cms
>>> info for dashboard:
***** Cat /home/cms037/home_cream_487948402/CREAM487948402/glide_3MDTon/execute/dir_31375/jobreport.txt *****
WNHostName=alicegrid50.ba.infn.it
MonitorJobID=8_https://submit-6.t2.ucsd.edu//140616//168549.7
SyncGridJobId=https://submit-6.t2.ucsd.edu//140616//168549.7
MonitorID=calabria_MuMinus1000_Case2_ReReco_3mv5b6
GridFlavour=LCG
SyncSite=T2_IT_Bari
SyncCE=cream-ce-2.ba.infn.it:8443/cream-pbs-cms
***** End Cat jobreport *****
Parameters sent to Dashboard.
>>> setup environment
set SCRAM ARCH to slc5_amd64_gcc472
SCRAM_ARCH = slc5_amd64_gcc472
>>> setup CMS LCG environment:
set SCRAM ARCH and BUILD_ARCH to slc5_amd64_gcc472 ###
Sourcing environment... 
sourcing /cvmfs/cms.cern.ch/cmsset_default.sh
==> setup cms environment ok
>>> specific cmssw setup environment:
CMSSW_VERSION =  CMSSW_6_2_0_SLHC12
>>> current directory (SOFTWARE_DIR): /home/cms037/home_cream_487948402/CREAM487948402/glide_3MDTon/execute/dir_31375/CMSSW_6_2_0_SLHC12
PreserveSeeds: <>
IncrementSeeds:<>
>>> info for dashboard:
***** Cat /home/cms037/home_cream_487948402/CREAM487948402/glide_3MDTon/execute/dir_31375/jobreport.txt *****
MonitorJobID=8_https://submit-6.t2.ucsd.edu//140616//168549.7
MonitorID=calabria_MuMinus1000_Case2_ReReco_3mv5b6
***** End Cat jobreport *****
Parameters sent to Dashboard.
crabWatchdog started as process 31993
>>> moving CMSSW software directories in /home/cms037/home_cream_487948402/CREAM487948402/glide_3MDTon/execute/dir_31375/CMSSW_6_2_0_SLHC12
mv: cannot stat `/home/cms037/home_cream_487948402/CREAM487948402/glide_3MDTon/execute/dir_31375/module/': No such file or directory
>>> Include /home/cms037/home_cream_487948402/CREAM487948402/glide_3MDTon/execute/dir_31375 in PYTHONPATH:
PYTHONPATH=/home/cms037/home_cream_487948402/CREAM487948402/glide_3MDTon/execute/dir_31375/:/home/cms037/home_cream_487948402/CREAM487948402/glide_3MDTon/execute/dir_31375/CMSSW_6_2_0_SLHC12/python:/home/cms037/home_cream_487948402/CREAM487948402/glide_3MDTon/execute/dir_31375/CMSSW_6_2_0_SLHC12/lib/slc5_amd64_gcc472:/cvmfs/cms.cern.ch/slc5_amd64_gcc472/cms/cmssw/CMSSW_6_2_0_SLHC12/python:/cvmfs/cms.cern.ch/slc5_amd64_gcc472/cms/cmssw/CMSSW_6_2_0_SLHC12/lib/slc5_amd64_gcc472:/cvmfs/cms.cern.ch/slc5_amd64_gcc472/cms/coral/CORAL_2_3_21-cms36/slc5_amd64_gcc472/python:/cvmfs/cms.cern.ch/slc5_amd64_gcc472/cms/coral/CORAL_2_3_21-cms36/slc5_amd64_gcc472/lib:/cvmfs/cms.cern.ch/slc5_amd64_gcc472/external/pyqt/4.8.1-cms6/lib/python2.7/site-packages:/cvmfs/cms.cern.ch/slc5_amd64_gcc472/external/py2-scipy/0.8.0-cms8/lib/python2.7/site-packages:/cvmfs/cms.cern.ch/slc5_amd64_gcc472/external/py2-matplotlib/1.0.1-cms8/lib/python2.7/site-packages:/cvmfs/cms.cern.ch/slc5_amd64_gcc472/external/python-ldap/2.3.5-cms6/lib/python2.7/site-packages:/cvmfs/cms.cern.ch/slc5_amd64_gcc472/external/sip/4.11.2-cms6/lib/python2.7/site-packages:/cvmfs/cms.cern.ch/slc5_amd64_gcc472/external/py2-pycurl/7.19.0-cms8/lib/python2.7/site-packages:/cvmfs/cms.cern.ch/slc5_amd64_gcc472/external/py2-numpy/1.6.1-cms8/lib/python2.7/site-packages:/cvmfs/cms.cern.ch/slc5_amd64_gcc472/external/py2-lint/0.25.1-cms6/lib/python2.7/site-packages:/cvmfs/cms.cern.ch/slc5_amd64_gcc472/external/py2-ipython/0.10-cms6/lib/python2.7/site-packages:/cvmfs/cms.cern.ch/slc5_amd64_gcc472/external/py2-cx-oracle/5.1-cms7/lib/python2.7/site-packages:/cvmfs/cms.cern.ch/slc5_amd64_gcc472/external/py2-cjson/1.0.5-cms6/lib/python2.7/site-packages:/cvmfs/cms.cern.ch/slc5_amd64_gcc472/cms/das-client/1.11.7/bin:/cvmfs/cms.cern.ch/slc5_amd64_gcc472/external/elementtree/1.2.6-cms6/share/lib/python2.7/site-packages:/cvmfs/cms.cern.ch/slc5_amd64_gcc472/external/rivet/1.8.2-cms8/lib/python2.7/site-packages:/cvmfs/cms.cern.ch/slc5_amd64_gcc472/external/pyminuit2/0.0.1-cms19/lib/python2.7/site-packages:/cvmfs/cms.cern.ch/slc5_amd64_gcc472/external/py2-pygithub/1.23.0/lib/python2.7/site-packages:/cvmfs/cms.cern.ch/slc5_amd64_gcc472/external/professor/1.0.0-cms19/lib/python2.7/site-packages:/cvmfs/cms.cern.ch/slc5_amd64_gcc472/lcg/root/5.34.07-cms/lib:/cvmfs/cms.cern.ch/slc5_amd64_gcc472/cms/dbs-client/DBS_2_1_9-cms5/lib:/cvmfs/cms.cern.ch/slc5_amd64_gcc472/cms/dbs-client/DBS_2_1_9-cms5/lib/DBSAPI:/cvmfs/cms.cern.ch/slc5_amd64_gcc472/external/cvs2git/5419-cms/lib:/home/cms037/home_cream_487948402/CREAM487948402/glide_3MDTon/execute/dir_31375/
 
# LIMITS USED BY CRAB WATCHDOG:
# RSS  (KBytes)   : 2300000
# VSZ  (KBytes)   : 100000000
# DISK (MBytes)   : 19000
# CPU TIME        : 720h:0m:0s
# WALL CLOCK TIME : 21h:50m:0s
 
5854dd31cbd3cdec44c48628cc181cf0
PSETHASH = 5854dd31cbd3cdec44c48628cc181cf0
/home/cms037/home_cream_487948402/CREAM487948402/glide_3MDTon/execute/dir_31375/writeCfg.py pset.py pset.py
Importing .py file
Setting parameters
RandomNumberGeneratorService found, will attempt to change seeds
inputBlocks=/calabria_SingleMuPt1000_GEN-SIM-DIGI-RECO_CMSSW_6_2_0_SLHC12_2023Scenario_Case2/calabria-calabria_SingleMuPt1000_GEN-SIM-DIGI-RECO_CMSSW_6_2_0_SLHC12_2023Scenario_Case2-fa5ffd20b461790f8466430606d05ce8/USER#eae8e1e5-3276-4875-a3eb-f59f87fabee4
inputFiles=/store/user/calabria/calabria_SingleMuPt1000_GEN-SIM-DIGI-RECO_CMSSW_6_2_0_SLHC12_2023Scenario_Case2/calabria_SingleMuPt1000_GEN-SIM-DIGI-RECO_CMSSW_6_2_0_SLHC12_2023Scenario_Case2/fa5ffd20b461790f8466430606d05ce8/out_reco_200_1_Z7A.root;/store/user/calabria/calabria_SingleMuPt1000_GEN-SIM-DIGI-RECO_CMSSW_6_2_0_SLHC12_2023Scenario_Case2/calabria_SingleMuPt1000_GEN-SIM-DIGI-RECO_CMSSW_6_2_0_SLHC12_2023Scenario_Case2/fa5ffd20b461790f8466430606d05ce8/out_reco_203_1_uYm.root;/store/user/calabria/calabria_SingleMuPt1000_GEN-SIM-DIGI-RECO_CMSSW_6_2_0_SLHC12_2023Scenario_Case2/calabria_SingleMuPt1000_GEN-SIM-DIGI-RECO_CMSSW_6_2_0_SLHC12_2023Scenario_Case2/fa5ffd20b461790f8466430606d05ce8/out_reco_205_1_lTY.root;/store/user/calabria/calabria_SingleMuPt1000_GEN-SIM-DIGI-RECO_CMSSW_6_2_0_SLHC12_2023Scenario_Case2/calabria_SingleMuPt1000_GEN-SIM-DIGI-RECO_CMSSW_6_2_0_SLHC12_2023Scenario_Case2/fa5ffd20b461790f8466430606d05ce8/out_reco_206_1_4H3.root;/store/user/calabria/calabria_SingleMuPt1000_GEN-SIM-DIGI-RECO_CMSSW_6_2_0_SLHC12_2023Scenario_Case2/calabria_SingleMuPt1000_GEN-SIM-DIGI-RECO_CMSSW_6_2_0_SLHC12_2023Scenario_Case2/fa5ffd20b461790f8466430606d05ce8/out_reco_209_1_ICi.root;/store/user/calabria/calabria_SingleMuPt1000_GEN-SIM-DIGI-RECO_CMSSW_6_2_0_SLHC12_2023Scenario_Case2/calabria_SingleMuPt1000_GEN-SIM-DIGI-RECO_CMSSW_6_2_0_SLHC12_2023Scenario_Case2/fa5ffd20b461790f8466430606d05ce8/out_reco_210_1_HOS.root;/store/user/calabria/calabria_SingleMuPt1000_GEN-SIM-DIGI-RECO_CMSSW_6_2_0_SLHC12_2023Scenario_Case2/calabria_SingleMuPt1000_GEN-SIM-DIGI-RECO_CMSSW_6_2_0_SLHC12_2023Scenario_Case2/fa5ffd20b461790f8466430606d05ce8/out_reco_212_1_n7d.root;/store/user/calabria/calabria_SingleMuPt1000_GEN-SIM-DIGI-RECO_CMSSW_6_2_0_SLHC12_2023Scenario_Case2/calabria_SingleMuPt1000_GEN-SIM-DIGI-RECO_CMSSW_6_2_0_SLHC12_2023Scenario_Case2/fa5ffd20b461790f8466430606d05ce8/out_reco_213_1_76u.root;/store/user/calabria/calabria_SingleMuPt1000_GEN-SIM-DIGI-RECO_CMSSW_6_2_0_SLHC12_2023Scenario_Case2/calabria_SingleMuPt1000_GEN-SIM-DIGI-RECO_CMSSW_6_2_0_SLHC12_2023Scenario_Case2/fa5ffd20b461790f8466430606d05ce8/out_reco_214_1_v13.root;/store/user/calabria/calabria_SingleMuPt1000_GEN-SIM-DIGI-RECO_CMSSW_6_2_0_SLHC12_2023Scenario_Case2/calabria_SingleMuPt1000_GEN-SIM-DIGI-RECO_CMSSW_6_2_0_SLHC12_2023Scenario_Case2/fa5ffd20b461790f8466430606d05ce8/out_reco_215_1_vNM.root
parentFiles=
lumisRange=
>>> Executable cmsRun
/cvmfs/cms.cern.ch/slc5_amd64_gcc472/cms/cmssw/CMSSW_6_2_0_SLHC12/bin/slc5_amd64_gcc472/cmsRun
ok executable found
>>> info for dashboard:
***** Cat /home/cms037/home_cream_487948402/CREAM487948402/glide_3MDTon/execute/dir_31375/jobreport.txt *****
MonitorJobID=8_https://submit-6.t2.ucsd.edu//140616//168549.7
MonitorID=calabria_MuMinus1000_Case2_ReReco_3mv5b6
ExeStart=cmsRun
***** End Cat jobreport *****
Parameters sent to Dashboard.
>>> cmsRun started at Tue Jun 17 23:11:39 UTC 2014
>>> cmsRun ended at Tue Jun 17 23:18:23 UTC 2014
>>> crab_fjr_*.xml  permission set to 0704
>>> info for dashboard:
***** Cat /home/cms037/home_cream_487948402/CREAM487948402/glide_3MDTon/execute/dir_31375/jobreport.txt *****
MonitorJobID=8_https://submit-6.t2.ucsd.edu//140616//168549.7
MonitorID=calabria_MuMinus1000_Case2_ReReco_3mv5b6
ExeEnd=cmsRun
***** End Cat jobreport *****
Parameters sent to Dashboard.
TIME_EXE = 404 sec
>>> cmsRun wrote 50 lines of stdout+stderr
>>> START OF printout of 50 lines from stdout+stderr
271 DQMStore::DQMStore 
HcalTopologyIdealEP::HcalTopologyIdealEP
18-Jun-2014 01:11:58 CEST  Initiating request to open file file:/lustre/cms//store/user/calabria/calabria_SingleMuPt1000_GEN-SIM-DIGI-RECO_CMSSW_6_2_0_SLHC12_2023Scenario_Case2/calabria_SingleMuPt1000_GEN-SIM-DIGI-RECO_CMSSW_6_2_0_SLHC12_2023Scenario_Case2/fa5ffd20b461790f8466430606d05ce8/out_reco_200_1_Z7A.root
18-Jun-2014 01:12:01 CEST  Successfully opened file file:/lustre/cms//store/user/calabria/calabria_SingleMuPt1000_GEN-SIM-DIGI-RECO_CMSSW_6_2_0_SLHC12_2023Scenario_Case2/calabria_SingleMuPt1000_GEN-SIM-DIGI-RECO_CMSSW_6_2_0_SLHC12_2023Scenario_Case2/fa5ffd20b461790f8466430606d05ce8/out_reco_200_1_Z7A.root
18-Jun-2014 01:12:40 CEST  Closed file file:/lustre/cms//store/user/calabria/calabria_SingleMuPt1000_GEN-SIM-DIGI-RECO_CMSSW_6_2_0_SLHC12_2023Scenario_Case2/calabria_SingleMuPt1000_GEN-SIM-DIGI-RECO_CMSSW_6_2_0_SLHC12_2023Scenario_Case2/fa5ffd20b461790f8466430606d05ce8/out_reco_200_1_Z7A.root
18-Jun-2014 01:12:40 CEST  Initiating request to open file file:/lustre/cms//store/user/calabria/calabria_SingleMuPt1000_GEN-SIM-DIGI-RECO_CMSSW_6_2_0_SLHC12_2023Scenario_Case2/calabria_SingleMuPt1000_GEN-SIM-DIGI-RECO_CMSSW_6_2_0_SLHC12_2023Scenario_Case2/fa5ffd20b461790f8466430606d05ce8/out_reco_203_1_uYm.root
18-Jun-2014 01:12:40 CEST  Successfully opened file file:/lustre/cms//store/user/calabria/calabria_SingleMuPt1000_GEN-SIM-DIGI-RECO_CMSSW_6_2_0_SLHC12_2023Scenario_Case2/calabria_SingleMuPt1000_GEN-SIM-DIGI-RECO_CMSSW_6_2_0_SLHC12_2023Scenario_Case2/fa5ffd20b461790f8466430606d05ce8/out_reco_203_1_uYm.root
18-Jun-2014 01:13:08 CEST  Closed file file:/lustre/cms//store/user/calabria/calabria_SingleMuPt1000_GEN-SIM-DIGI-RECO_CMSSW_6_2_0_SLHC12_2023Scenario_Case2/calabria_SingleMuPt1000_GEN-SIM-DIGI-RECO_CMSSW_6_2_0_SLHC12_2023Scenario_Case2/fa5ffd20b461790f8466430606d05ce8/out_reco_203_1_uYm.root
18-Jun-2014 01:13:08 CEST  Initiating request to open file file:/lustre/cms//store/user/calabria/calabria_SingleMuPt1000_GEN-SIM-DIGI-RECO_CMSSW_6_2_0_SLHC12_2023Scenario_Case2/calabria_SingleMuPt1000_GEN-SIM-DIGI-RECO_CMSSW_6_2_0_SLHC12_2023Scenario_Case2/fa5ffd20b461790f8466430606d05ce8/out_reco_205_1_lTY.root
18-Jun-2014 01:13:09 CEST  Successfully opened file file:/lustre/cms//store/user/calabria/calabria_SingleMuPt1000_GEN-SIM-DIGI-RECO_CMSSW_6_2_0_SLHC12_2023Scenario_Case2/calabria_SingleMuPt1000_GEN-SIM-DIGI-RECO_CMSSW_6_2_0_SLHC12_2023Scenario_Case2/fa5ffd20b461790f8466430606d05ce8/out_reco_205_1_lTY.root
18-Jun-2014 01:13:45 CEST  Closed file file:/lustre/cms//store/user/calabria/calabria_SingleMuPt1000_GEN-SIM-DIGI-RECO_CMSSW_6_2_0_SLHC12_2023Scenario_Case2/calabria_SingleMuPt1000_GEN-SIM-DIGI-RECO_CMSSW_6_2_0_SLHC12_2023Scenario_Case2/fa5ffd20b461790f8466430606d05ce8/out_reco_205_1_lTY.root
18-Jun-2014 01:13:45 CEST  Initiating request to open file file:/lustre/cms//store/user/calabria/calabria_SingleMuPt1000_GEN-SIM-DIGI-RECO_CMSSW_6_2_0_SLHC12_2023Scenario_Case2/calabria_SingleMuPt1000_GEN-SIM-DIGI-RECO_CMSSW_6_2_0_SLHC12_2023Scenario_Case2/fa5ffd20b461790f8466430606d05ce8/out_reco_206_1_4H3.root
18-Jun-2014 01:13:45 CEST  Successfully opened file file:/lustre/cms//store/user/calabria/calabria_SingleMuPt1000_GEN-SIM-DIGI-RECO_CMSSW_6_2_0_SLHC12_2023Scenario_Case2/calabria_SingleMuPt1000_GEN-SIM-DIGI-RECO_CMSSW_6_2_0_SLHC12_2023Scenario_Case2/fa5ffd20b461790f8466430606d05ce8/out_reco_206_1_4H3.root
18-Jun-2014 01:14:21 CEST  Closed file file:/lustre/cms//store/user/calabria/calabria_SingleMuPt1000_GEN-SIM-DIGI-RECO_CMSSW_6_2_0_SLHC12_2023Scenario_Case2/calabria_SingleMuPt1000_GEN-SIM-DIGI-RECO_CMSSW_6_2_0_SLHC12_2023Scenario_Case2/fa5ffd20b461790f8466430606d05ce8/out_reco_206_1_4H3.root
18-Jun-2014 01:14:21 CEST  Initiating request to open file file:/lustre/cms//store/user/calabria/calabria_SingleMuPt1000_GEN-SIM-DIGI-RECO_CMSSW_6_2_0_SLHC12_2023Scenario_Case2/calabria_SingleMuPt1000_GEN-SIM-DIGI-RECO_CMSSW_6_2_0_SLHC12_2023Scenario_Case2/fa5ffd20b461790f8466430606d05ce8/out_reco_209_1_ICi.root
18-Jun-2014 01:14:21 CEST  Successfully opened file file:/lustre/cms//store/user/calabria/calabria_SingleMuPt1000_GEN-SIM-DIGI-RECO_CMSSW_6_2_0_SLHC12_2023Scenario_Case2/calabria_SingleMuPt1000_GEN-SIM-DIGI-RECO_CMSSW_6_2_0_SLHC12_2023Scenario_Case2/fa5ffd20b461790f8466430606d05ce8/out_reco_209_1_ICi.root
18-Jun-2014 01:14:57 CEST  Closed file file:/lustre/cms//store/user/calabria/calabria_SingleMuPt1000_GEN-SIM-DIGI-RECO_CMSSW_6_2_0_SLHC12_2023Scenario_Case2/calabria_SingleMuPt1000_GEN-SIM-DIGI-RECO_CMSSW_6_2_0_SLHC12_2023Scenario_Case2/fa5ffd20b461790f8466430606d05ce8/out_reco_209_1_ICi.root
18-Jun-2014 01:14:57 CEST  Initiating request to open file file:/lustre/cms//store/user/calabria/calabria_SingleMuPt1000_GEN-SIM-DIGI-RECO_CMSSW_6_2_0_SLHC12_2023Scenario_Case2/calabria_SingleMuPt1000_GEN-SIM-DIGI-RECO_CMSSW_6_2_0_SLHC12_2023Scenario_Case2/fa5ffd20b461790f8466430606d05ce8/out_reco_210_1_HOS.root
18-Jun-2014 01:14:57 CEST  Successfully opened file file:/lustre/cms//store/user/calabria/calabria_SingleMuPt1000_GEN-SIM-DIGI-RECO_CMSSW_6_2_0_SLHC12_2023Scenario_Case2/calabria_SingleMuPt1000_GEN-SIM-DIGI-RECO_CMSSW_6_2_0_SLHC12_2023Scenario_Case2/fa5ffd20b461790f8466430606d05ce8/out_reco_210_1_HOS.root
18-Jun-2014 01:15:33 CEST  Closed file file:/lustre/cms//store/user/calabria/calabria_SingleMuPt1000_GEN-SIM-DIGI-RECO_CMSSW_6_2_0_SLHC12_2023Scenario_Case2/calabria_SingleMuPt1000_GEN-SIM-DIGI-RECO_CMSSW_6_2_0_SLHC12_2023Scenario_Case2/fa5ffd20b461790f8466430606d05ce8/out_reco_210_1_HOS.root
18-Jun-2014 01:15:33 CEST  Initiating request to open file file:/lustre/cms//store/user/calabria/calabria_SingleMuPt1000_GEN-SIM-DIGI-RECO_CMSSW_6_2_0_SLHC12_2023Scenario_Case2/calabria_SingleMuPt1000_GEN-SIM-DIGI-RECO_CMSSW_6_2_0_SLHC12_2023Scenario_Case2/fa5ffd20b461790f8466430606d05ce8/out_reco_212_1_n7d.root
18-Jun-2014 01:15:33 CEST  Successfully opened file file:/lustre/cms//store/user/calabria/calabria_SingleMuPt1000_GEN-SIM-DIGI-RECO_CMSSW_6_2_0_SLHC12_2023Scenario_Case2/calabria_SingleMuPt1000_GEN-SIM-DIGI-RECO_CMSSW_6_2_0_SLHC12_2023Scenario_Case2/fa5ffd20b461790f8466430606d05ce8/out_reco_212_1_n7d.root
18-Jun-2014 01:16:09 CEST  Closed file file:/lustre/cms//store/user/calabria/calabria_SingleMuPt1000_GEN-SIM-DIGI-RECO_CMSSW_6_2_0_SLHC12_2023Scenario_Case2/calabria_SingleMuPt1000_GEN-SIM-DIGI-RECO_CMSSW_6_2_0_SLHC12_2023Scenario_Case2/fa5ffd20b461790f8466430606d05ce8/out_reco_212_1_n7d.root
18-Jun-2014 01:16:09 CEST  Initiating request to open file file:/lustre/cms//store/user/calabria/calabria_SingleMuPt1000_GEN-SIM-DIGI-RECO_CMSSW_6_2_0_SLHC12_2023Scenario_Case2/calabria_SingleMuPt1000_GEN-SIM-DIGI-RECO_CMSSW_6_2_0_SLHC12_2023Scenario_Case2/fa5ffd20b461790f8466430606d05ce8/out_reco_213_1_76u.root
18-Jun-2014 01:16:09 CEST  Successfully opened file file:/lustre/cms//store/user/calabria/calabria_SingleMuPt1000_GEN-SIM-DIGI-RECO_CMSSW_6_2_0_SLHC12_2023Scenario_Case2/calabria_SingleMuPt1000_GEN-SIM-DIGI-RECO_CMSSW_6_2_0_SLHC12_2023Scenario_Case2/fa5ffd20b461790f8466430606d05ce8/out_reco_213_1_76u.root
18-Jun-2014 01:16:38 CEST  Closed file file:/lustre/cms//store/user/calabria/calabria_SingleMuPt1000_GEN-SIM-DIGI-RECO_CMSSW_6_2_0_SLHC12_2023Scenario_Case2/calabria_SingleMuPt1000_GEN-SIM-DIGI-RECO_CMSSW_6_2_0_SLHC12_2023Scenario_Case2/fa5ffd20b461790f8466430606d05ce8/out_reco_213_1_76u.root
18-Jun-2014 01:16:38 CEST  Initiating request to open file file:/lustre/cms//store/user/calabria/calabria_SingleMuPt1000_GEN-SIM-DIGI-RECO_CMSSW_6_2_0_SLHC12_2023Scenario_Case2/calabria_SingleMuPt1000_GEN-SIM-DIGI-RECO_CMSSW_6_2_0_SLHC12_2023Scenario_Case2/fa5ffd20b461790f8466430606d05ce8/out_reco_214_1_v13.root
18-Jun-2014 01:16:38 CEST  Successfully opened file file:/lustre/cms//store/user/calabria/calabria_SingleMuPt1000_GEN-SIM-DIGI-RECO_CMSSW_6_2_0_SLHC12_2023Scenario_Case2/calabria_SingleMuPt1000_GEN-SIM-DIGI-RECO_CMSSW_6_2_0_SLHC12_2023Scenario_Case2/fa5ffd20b461790f8466430606d05ce8/out_reco_214_1_v13.root
18-Jun-2014 01:17:09 CEST  Closed file file:/lustre/cms//store/user/calabria/calabria_SingleMuPt1000_GEN-SIM-DIGI-RECO_CMSSW_6_2_0_SLHC12_2023Scenario_Case2/calabria_SingleMuPt1000_GEN-SIM-DIGI-RECO_CMSSW_6_2_0_SLHC12_2023Scenario_Case2/fa5ffd20b461790f8466430606d05ce8/out_reco_214_1_v13.root
18-Jun-2014 01:17:09 CEST  Initiating request to open file file:/lustre/cms//store/user/calabria/calabria_SingleMuPt1000_GEN-SIM-DIGI-RECO_CMSSW_6_2_0_SLHC12_2023Scenario_Case2/calabria_SingleMuPt1000_GEN-SIM-DIGI-RECO_CMSSW_6_2_0_SLHC12_2023Scenario_Case2/fa5ffd20b461790f8466430606d05ce8/out_reco_215_1_vNM.root
18-Jun-2014 01:17:09 CEST  Successfully opened file file:/lustre/cms//store/user/calabria/calabria_SingleMuPt1000_GEN-SIM-DIGI-RECO_CMSSW_6_2_0_SLHC12_2023Scenario_Case2/calabria_SingleMuPt1000_GEN-SIM-DIGI-RECO_CMSSW_6_2_0_SLHC12_2023Scenario_Case2/fa5ffd20b461790f8466430606d05ce8/out_reco_215_1_vNM.root
18-Jun-2014 01:18:22 CEST  Closed file file:/lustre/cms//store/user/calabria/calabria_SingleMuPt1000_GEN-SIM-DIGI-RECO_CMSSW_6_2_0_SLHC12_2023Scenario_Case2/calabria_SingleMuPt1000_GEN-SIM-DIGI-RECO_CMSSW_6_2_0_SLHC12_2023Scenario_Case2/fa5ffd20b461790f8466430606d05ce8/out_reco_215_1_vNM.root

=============================================

MessageLogger Summary

 type     category        sev    module        subroutine        count    total
 ---- -------------------- -- ---------------- ----------------  -----    -----
    1 fileAction           -s file_close                            10       10
    2 fileAction           -s file_open                             20       20

 type    category    Examples: run/evt        run/evt          run/evt
 ---- -------------------- ---------------- ---------------- ----------------
    1 fileAction           PostProcessEvent PostProcessEvent PostEndRun
    2 fileAction           pre-events       pre-events       PostProcessEvent

Severity    # Occurrences   Total Occurrences
--------    -------------   -----------------
System                 30                  30
>>> END OF printout of 50 lines from stdout+stderr
>>> Parse FrameworkJobReport crab_fjr.xml
Result of parsing the FrameworkJobReport crab_fjr.xml: Popularity start
lumisRange : 1::::1;1::::2;1::::3;1::::4;1::::5;1::::6;1::::7;1::::8;1::::9;1::::10;
lumisParentRange : 
Basename : /store/user/calabria/calabria_SingleMuPt1000_GEN-SIM-DIGI-RECO_CMSSW_6_2_0_SLHC12_2023Scenario_Case2/calabria_SingleMuPt1000_GEN-SIM-DIGI-RECO_CMSSW_6_2_0_SLHC12_2023Scenario_Case2/fa5ffd20b461790f8466430606d05ce8/out_reco_2
BasenameParent : 
parentFiles : 
inputBlocks : /calabria_SingleMuPt1000_GEN-SIM-DIGI-RECO_CMSSW_6_2_0_SLHC12_2023Scenario_Case2/calabria-calabria_SingleMuPt1000_GEN-SIM-DIGI-RECO_CMSSW_6_2_0_SLHC12_2023Scenario_Case2-fa5ffd20b461790f8466430606d05ce8/USER#eae8e1e5-3276-4875-a3eb-f59f87fabee4
inputFiles : 05_1_lTY.root::1::EDM::Local::1;15_1_vNM.root::1::EDM::Local::2;10_1_HOS.root::1::EDM::Local::3;13_1_76u.root::1::EDM::Local::4;06_1_4H3.root::1::EDM::Local::5;09_1_ICi.root::1::EDM::Local::6;14_1_v13.root::1::EDM::Local::7;00_1_Z7A.root::1::EDM::Local::8;03_1_uYm.root::1::EDM::Local::9;12_1_n7d.root::1::EDM::Local::10;
Popularity stop
Extracted ExitStatus from FrameworkJobReport parsing output: 0
>>> Executable succeded  0
ExeExitCode=0
EXECUTABLE_EXIT_STATUS = 0
>>> current directory /home/cms037/home_cream_487948402/CREAM487948402/glide_3MDTon/execute/dir_31375/CMSSW_6_2_0_SLHC12
>>>  (SOFTWARE_DIR): /home/cms037/home_cream_487948402/CREAM487948402/glide_3MDTon/execute/dir_31375/CMSSW_6_2_0_SLHC12
>>> (WORKING_DIR): 
>>> current directory content:
total 11352
drwxr-xr-x 3 cms037 cms    4096 Jun 18 01:11 .SCRAM
-rw------- 1 cms037 cms 3740190 Jun 18 01:11 CMSSW.py.pkl
drwxr-xr-x 3 cms037 cms    4096 Jun 18 01:11 bin
drwxr-xr-x 3 cms037 cms    4096 Jun 18 01:11 cfipython
drwxr-xr-x 4 cms037 cms    4096 Jun 18 01:11 config
-rw------- 1 cms037 cms      17 Jun 18 01:18 cpu_timing.txt
drwxr-xr-x 2 cms037 cms    4096 Jun 18 01:11 doc
-rw------- 1 cms037 cms   10045 Jun 18 01:18 executable.out
drwxr-xr-x 2 cms037 cms    4096 Jun 18 01:11 include
drwx------ 3 cms037 cms    4096 Apr 28 18:12 lib
drwxr-xr-x 3 cms037 cms    4096 Jun 18 01:11 logs
drwxr-xr-x 3 cms037 cms    4096 Jun 18 01:11 objs
-rw------- 1 cms037 cms     104 Jun 18 01:11 pset.py
-rw------- 1 cms037 cms 3712351 Jun 18 01:11 pset.py.pkl
-rw------- 1 cms037 cms     289 Jun 18 01:11 pset.pyc
drwxr-xr-x 2 cms037 cms    4096 Jun 18 01:11 python
-rw------- 1 cms037 cms     410 Jun 18 01:18 report.log
drwx------ 6 cms037 cms    4096 Jun 18 01:11 src
drwxr-xr-x 3 cms037 cms    4096 Jun 18 01:11 test
drwxr-xr-x 3 cms037 cms    4096 Jun 18 01:11 tmp
-rw------- 1 cms037 cms 4070761 Jun 18 01:18 validationEDM.root
>>> current directory /home/cms037/home_cream_487948402/CREAM487948402/glide_3MDTon/execute/dir_31375/CMSSW_6_2_0_SLHC12
>>> (SOFTWARE_DIR): /home/cms037/home_cream_487948402/CREAM487948402/glide_3MDTon/execute/dir_31375/CMSSW_6_2_0_SLHC12
>>> (WORKING_DIR): 
>>> current directory content:
total 11352
drwxr-xr-x 3 cms037 cms    4096 Jun 18 01:11 .SCRAM
-rw------- 1 cms037 cms 3740190 Jun 18 01:11 CMSSW.py.pkl
drwxr-xr-x 3 cms037 cms    4096 Jun 18 01:11 bin
drwxr-xr-x 3 cms037 cms    4096 Jun 18 01:11 cfipython
drwxr-xr-x 4 cms037 cms    4096 Jun 18 01:11 config
-rw------- 1 cms037 cms      17 Jun 18 01:18 cpu_timing.txt
drwxr-xr-x 2 cms037 cms    4096 Jun 18 01:11 doc
-rw------- 1 cms037 cms   10045 Jun 18 01:18 executable.out
drwxr-xr-x 2 cms037 cms    4096 Jun 18 01:11 include
drwx------ 3 cms037 cms    4096 Apr 28 18:12 lib
drwxr-xr-x 3 cms037 cms    4096 Jun 18 01:11 logs
drwxr-xr-x 3 cms037 cms    4096 Jun 18 01:11 objs
-rw------- 1 cms037 cms     104 Jun 18 01:11 pset.py
-rw------- 1 cms037 cms 3712351 Jun 18 01:11 pset.py.pkl
-rw------- 1 cms037 cms     289 Jun 18 01:11 pset.pyc
drwxr-xr-x 2 cms037 cms    4096 Jun 18 01:11 python
-rw------- 1 cms037 cms     410 Jun 18 01:18 report.log
drwx------ 6 cms037 cms    4096 Jun 18 01:11 src
drwxr-xr-x 3 cms037 cms    4096 Jun 18 01:11 test
drwxr-xr-x 3 cms037 cms    4096 Jun 18 01:11 tmp
-rw------- 1 cms037 cms 4070761 Jun 18 01:18 validationEDM_8_1_pKV.root
>>> current directory (RUNTIME_AREA):  /home/cms037/home_cream_487948402/CREAM487948402/glide_3MDTon/execute/dir_31375
SE = storm-se-01.ba.infn.it
SE_PATH = /srm/managerv2?SFN=//cms/store/user/calabria/calabria_SingleMuPt1000_GEN-SIM-DIGI-RECO_CMSSW_6_2_0_SLHC12_2023Scenario_Case2/calabria_MuMinus1000_GEN-SIM-DIGI-RECO_CMSSW_6_2_0_SLHC12_2023Scenario_VALNOPU2_Case2/5854dd31cbd3cdec44c48628cc181cf0/
LFNBaseName = /store/user/calabria/calabria_SingleMuPt1000_GEN-SIM-DIGI-RECO_CMSSW_6_2_0_SLHC12_2023Scenario_Case2/calabria_MuMinus1000_GEN-SIM-DIGI-RECO_CMSSW_6_2_0_SLHC12_2023Scenario_VALNOPU2_Case2/5854dd31cbd3cdec44c48628cc181cf0/
USER = calabria
endpoint = srm://storm-se-01.ba.infn.it:8444/srm/managerv2?SFN=//cms/store/user/calabria/calabria_SingleMuPt1000_GEN-SIM-DIGI-RECO_CMSSW_6_2_0_SLHC12_2023Scenario_Case2/calabria_MuMinus1000_GEN-SIM-DIGI-RECO_CMSSW_6_2_0_SLHC12_2023Scenario_VALNOPU2_Case2/5854dd31cbd3cdec44c48628cc181cf0/
>>> Copy output files from WN = alicegrid50.ba.infn.it to /srm/managerv2?SFN=//cms/store/user/calabria/calabria_SingleMuPt1000_GEN-SIM-DIGI-RECO_CMSSW_6_2_0_SLHC12_2023Scenario_Case2/calabria_MuMinus1000_GEN-SIM-DIGI-RECO_CMSSW_6_2_0_SLHC12_2023Scenario_VALNOPU2_Case2/5854dd31cbd3cdec44c48628cc181cf0/ :
python cmscp.py  --destination srm://storm-se-01.ba.infn.it:8444/srm/managerv2?SFN=//cms/store/user/calabria/calabria_SingleMuPt1000_GEN-SIM-DIGI-RECO_CMSSW_6_2_0_SLHC12_2023Scenario_Case2/calabria_MuMinus1000_GEN-SIM-DIGI-RECO_CMSSW_6_2_0_SLHC12_2023Scenario_VALNOPU2_Case2/5854dd31cbd3cdec44c48628cc181cf0/ --inputFileList /home/cms037/home_cream_487948402/CREAM487948402/glide_3MDTon/execute/dir_31375/CMSSW_6_2_0_SLHC12/validationEDM_8_1_pKV.root --middleware LCG --se_name storm-se-01.ba.infn.it --for_lfn /store/user/calabria/calabria_SingleMuPt1000_GEN-SIM-DIGI-RECO_CMSSW_6_2_0_SLHC12_2023Scenario_Case2/calabria_MuMinus1000_GEN-SIM-DIGI-RECO_CMSSW_6_2_0_SLHC12_2023Scenario_VALNOPU2_Case2/5854dd31cbd3cdec44c48628cc181cf0/    
******************************************************
localSeName  =  storm-se-01.ba.infn.it
remoteSeName =  storm-se-01.ba.infn.it
******************************************************
{"/home/cms037/home_cream_487948402/CREAM487948402/glide_3MDTon/execute/dir_31375/CMSSW_6_2_0_SLHC12/validationEDM_8_1_pKV.root": {"endpoint": "srm://storm-se-01.ba.infn.it:8444/srm/managerv2?SFN=//cms/store/user/calabria/calabria_SingleMuPt1000_GEN-SIM-DIGI-RECO_CMSSW_6_2_0_SLHC12_2023Scenario_Case2/calabria_MuMinus1000_GEN-SIM-DIGI-RECO_CMSSW_6_2_0_SLHC12_2023Scenario_VALNOPU2_Case2/5854dd31cbd3cdec44c48628cc181cf0/", "surl_for_grid": "", "reason": "Copy succedeed with srm-lcg utils", "erCode": "0", "se_name": "storm-se-01.ba.infn.it", "for_lfn": "/store/user/calabria/calabria_SingleMuPt1000_GEN-SIM-DIGI-RECO_CMSSW_6_2_0_SLHC12_2023Scenario_Case2/calabria_MuMinus1000_GEN-SIM-DIGI-RECO_CMSSW_6_2_0_SLHC12_2023Scenario_VALNOPU2_Case2/5854dd31cbd3cdec44c48628cc181cf0/"}}/home/cms037/home_cream_487948402/CREAM487948402/glide_3MDTon/execute/dir_31375
-------- cat /home/cms037/home_cream_487948402/CREAM487948402/glide_3MDTon/execute/dir_31375/cmscpReport.sh 
#!/bin/bash
echo "Report for File: /home/cms037/home_cream_487948402/CREAM487948402/glide_3MDTon/execute/dir_31375/CMSSW_6_2_0_SLHC12/validationEDM_8_1_pKV.root"
echo "LFN: /store/user/calabria/calabria_SingleMuPt1000_GEN-SIM-DIGI-RECO_CMSSW_6_2_0_SLHC12_2023Scenario_Case2/calabria_MuMinus1000_GEN-SIM-DIGI-RECO_CMSSW_6_2_0_SLHC12_2023Scenario_VALNOPU2_Case2/5854dd31cbd3cdec44c48628cc181cf0/validationEDM_8_1_pKV.root"
echo "StorageElement: storm-se-01.ba.infn.it"
echo "StageOutExitStatusReason = 'Copy succedeed with srm-lcg utils'" | tee -a $RUNTIME_AREA/$repo
echo "StageOutSE = storm-se-01.ba.infn.it" >> $RUNTIME_AREA/$repo

export StageOutExitStatus=0
echo "StageOutExitStatus = 0" | tee -a $RUNTIME_AREA/$repo
-------- end of /home/cms037/home_cream_487948402/CREAM487948402/glide_3MDTon/execute/dir_31375/cmscpReport.sh 
Report for File: /home/cms037/home_cream_487948402/CREAM487948402/glide_3MDTon/execute/dir_31375/CMSSW_6_2_0_SLHC12/validationEDM_8_1_pKV.root
LFN: /store/user/calabria/calabria_SingleMuPt1000_GEN-SIM-DIGI-RECO_CMSSW_6_2_0_SLHC12_2023Scenario_Case2/calabria_MuMinus1000_GEN-SIM-DIGI-RECO_CMSSW_6_2_0_SLHC12_2023Scenario_VALNOPU2_Case2/5854dd31cbd3cdec44c48628cc181cf0/validationEDM_8_1_pKV.root
StorageElement: storm-se-01.ba.infn.it
StageOutExitStatusReason = 'Copy succedeed with srm-lcg utils'
StageOutExitStatus = 0
>>> current dir: /home/cms037/home_cream_487948402/CREAM487948402/glide_3MDTon/execute/dir_31375
>>> current dir content:
total 28080
-rw-------  1 cms037 cms     2792 Jun 18 01:19 .SEinteraction.log
-rwx------  1 cms037 cms     6799 Jun 18 01:11 .job.ad
-rwx------  1 cms037 cms     9303 Jun 18 01:11 .machine.ad
-rw-------  1 cms037 cms      105 Jun 16 20:52 CMSSW.py
-rw-------  1 cms037 cms  3740190 Jun 16 20:52 CMSSW.py.pkl
-rwx------  1 cms037 cms    29582 Jun 18 01:11 CMSSW.sh
drwxr-xr-x 15 cms037 cms     4096 Jun 18 01:18 CMSSW_6_2_0_SLHC12
-rw-------  1 cms037 cms      220 Jun 18 01:11 CacheEnv.sh
-rw-------  1 cms037 cms     7291 Apr  4 11:04 DashboardAPI.py
-rw-------  1 cms037 cms     6815 Jun 18 01:11 DashboardAPI.pyc
drwx------  2 cms037 cms     4096 Jun 18 01:18 IMProv
-rw-------  1 cms037 cms     2748 Apr  4 11:04 Logger.py
-rw-------  1 cms037 cms     3347 Jun 18 01:11 Logger.pyc
-rw-------  1 cms037 cms    24524 Apr  4 11:04 ProcInfo.py
-rw-------  1 cms037 cms    23197 Jun 18 01:11 ProcInfo.pyc
drwx------  7 cms037 cms     4096 Jun 18 01:11 ProdCommon
drwx------  3 cms037 cms     4096 Jun 18 01:11 WMCore
-rw-------  1 cms037 cms     2675 Jun 18 01:18 Watchdog_8.log
-rwx------  1 cms037 cms        0 Jun 18 01:11 _condor_stderr
-rwx---r--  1 cms037 cms    29632 Jun 18 01:19 _condor_stdout
-rw-------  1 cms037 cms    32895 Apr  4 11:04 apmon.py
-rw-------  1 cms037 cms    28625 Jun 18 01:11 apmon.pyc
-rwx------  1 cms037 cms    54335 Jun 18 01:11 arguments.xml
-rwx------  1 cms037 cms    38515 Apr  4 11:04 cmscp.py
-rw-------  1 cms037 cms      720 Jun 18 01:19 cmscpReport.sh
-rwx------  1 cms037 cms    29582 Jun 18 01:11 condor_exec.exe
-rw-------  1 cms037 cms      968 Jun 16 20:52 crab.cfg
-rwx------  1 cms037 cms     8610 Apr  4 11:04 crabWatchdog.sh
-rwx---r--  1 cms037 cms   523420 Jun 18 01:18 crab_fjr_8.xml
-rwx------  1 cms037 cms 23958911 Jun 18 01:11 default.tgz
-rwx------  1 cms037 cms     4488 Apr  4 11:04 fillCrabFjr.py
-rw-------  1 cms037 cms     2673 Jun 18 01:11 inputsReport.txt
-rw-------  1 cms037 cms      261 Jun 18 01:19 jobreport.txt
-rw-------  1 cms037 cms    17352 Apr  4 11:04 parseCrabFjr.py
-rw-------  1 cms037 cms      331 Jun 18 01:11 report.log
-rwx--x--x  1 cms037 cms     1497 Apr  4 11:04 report.py
-rw-------  1 cms037 cms      779 Jun 18 01:19 resultCopyFile
lrwxrwxrwx  1 cms037 cms      125 Jun 18 01:18 validationEDM.root -> /home/cms037/home_cream_487948402/CREAM487948402/glide_3MDTon/execute/dir_31375/CMSSW_6_2_0_SLHC12/validationEDM_8_1_pKV.root
-rwx------  1 cms037 cms     8387 Apr  4 11:04 writeCfg.py
-rw-------  1 cms037 cms     8010 Jun 18 01:11 x509up_u50707
>>> Modify Job Report:
CMSSW_VERSION = CMSSW_6_2_0_SLHC12
ProcessedDataset = calabria_MuMinus1000_GEN-SIM-DIGI-RECO_CMSSW_6_2_0_SLHC12_2023Scenario_VALNOPU2_Case2
/home/cms037/home_cream_487948402/CREAM487948402/glide_3MDTon/execute/dir_31375/ProdCommon/FwkJobRep/ModifyJobReport.py fjr /home/cms037/home_cream_487948402/CREAM487948402/glide_3MDTon/execute/dir_31375/crab_fjr_8.xml json /home/cms037/home_cream_487948402/CREAM487948402/glide_3MDTon/execute/dir_31375/resultCopyFile n_job 8_1_pKV PrimaryDataset calabria_SingleMuPt1000_GEN-SIM-DIGI-RECO_CMSSW_6_2_0_SLHC12_2023Scenario_Case2  ApplicationFamily cmsRun ApplicationName cmsRun cmssw_version CMSSW_6_2_0_SLHC12 psethash 5854dd31cbd3cdec44c48628cc181cf0 UserProcessedDataset calabria-calabria_MuMinus1000_GEN-SIM-DIGI-RECO_CMSSW_6_2_0_SLHC12_2023Scenario_VALNOPU2_Case2-5854dd31cbd3cdec44c48628cc181cf0
inputDict =  {u'/home/cms037/home_cream_487948402/CREAM487948402/glide_3MDTon/execute/dir_31375/CMSSW_6_2_0_SLHC12/validationEDM_8_1_pKV.root': {u'endpoint': u'srm://storm-se-01.ba.infn.it:8444/srm/managerv2?SFN=//cms/store/user/calabria/calabria_SingleMuPt1000_GEN-SIM-DIGI-RECO_CMSSW_6_2_0_SLHC12_2023Scenario_Case2/calabria_MuMinus1000_GEN-SIM-DIGI-RECO_CMSSW_6_2_0_SLHC12_2023Scenario_VALNOPU2_Case2/5854dd31cbd3cdec44c48628cc181cf0/', u'surl_for_grid': u'', u'reason': u'Copy succedeed with srm-lcg utils', u'erCode': u'0', u'se_name': u'storm-se-01.ba.infn.it', u'for_lfn': u'/store/user/calabria/calabria_SingleMuPt1000_GEN-SIM-DIGI-RECO_CMSSW_6_2_0_SLHC12_2023Scenario_Case2/calabria_MuMinus1000_GEN-SIM-DIGI-RECO_CMSSW_6_2_0_SLHC12_2023Scenario_VALNOPU2_Case2/5854dd31cbd3cdec44c48628cc181cf0/'}}
UserProcessedDataset =  calabria-calabria_MuMinus1000_GEN-SIM-DIGI-RECO_CMSSW_6_2_0_SLHC12_2023Scenario_VALNOPU2_Case2-5854dd31cbd3cdec44c48628cc181cf0
file_name in inputDict =  /home/cms037/home_cream_487948402/CREAM487948402/glide_3MDTon/execute/dir_31375/CMSSW_6_2_0_SLHC12/validationEDM_8_1_pKV.root
(size) os.stat(filename)[6] =  4070761
checksum =  902966153
    file =  validationEDM_8_1_pKV.root
    newPfn =  srm://storm-se-01.ba.infn.it:8444/srm/managerv2?SFN=//cms/store/user/calabria/calabria_SingleMuPt1000_GEN-SIM-DIGI-RECO_CMSSW_6_2_0_SLHC12_2023Scenario_Case2/calabria_MuMinus1000_GEN-SIM-DIGI-RECO_CMSSW_6_2_0_SLHC12_2023Scenario_VALNOPU2_Case2/5854dd31cbd3cdec44c48628cc181cf0/validationEDM_8_1_pKV.root
    newLfn =  /store/user/calabria/calabria_SingleMuPt1000_GEN-SIM-DIGI-RECO_CMSSW_6_2_0_SLHC12_2023Scenario_Case2/calabria_MuMinus1000_GEN-SIM-DIGI-RECO_CMSSW_6_2_0_SLHC12_2023Scenario_VALNOPU2_Case2/5854dd31cbd3cdec44c48628cc181cf0/validationEDM_8_1_pKV.root
>>> crab_fjr_*.xml  permission set to 0704
CrabWrapper EXIT_FUNC entered at Wed Jun 18 01:19:19 CEST 2014   -  Tue Jun 17 23:19:19 UTC 2014
Checking output files:  
will tar file crab_fjr_8.xml in  out_files_8
WARNING: output file CMSSW_8.stdout not found!
WARNING: output file CMSSW_8.stderr not found!
WARNING: output file Watchdog_8.log.gz not found!
>>> padding time: Sleeping the wrapper for 115 seconds
STOPPING WATCHDOG. CrabWatchdog PID is 31993
********** LAST 50 LINES OF WATCHDOG LOG
# RESOURCE USAGE SUMMARY FOR PROCESS ID 31395
USER       PID %CPU %MEM    VSZ   RSS TTY      STAT START   TIME COMMAND
cms037   31395  0.4  0.0   9496  1592 ?        S    01:11   0:00 /bin/sh /home/cms037/home_cream_487948402/CREAM487948402/glide_3MDTon/execute/dir_31375/condor_exec.exe 8 1
 
# LIMITS USED BY CRAB WATCHDOG:
# RSS  (KBytes)   : 2300000
# VSZ  (KBytes)   : 100000000
# DISK (MBytes)   : 19000
# CPU TIME        : 720h:0m:0s
# WALL CLOCK TIME : 21h:50m:0s
 
# FOLLOWING PRINTOUT TRACKS MAXIMUM VALUES OF RESOURCES USE
# ONE LINE IS PRINTED EACH TIME A MAXIMUM CHANGES
# IF CHANGE WAS IN RSS OR VSZ ALSO PROCID AND COMMAND ARE PRINTED
# THERE IS NO PRINTOUT FOR CPU/WALL TIME INCREASE
 
# TIME			PID	RSS(KB)	VSZ(KB)	Dsk(MB)	tCPU(s)	tWALL(s)	COMMAND
 Jun 18 01:11:19 CEST	12924	1396	9364	0	0	0	/bin/bash /home/cms037/home_cream_487948402/CREAM487948402/glide_3MDTon/main/condor_startup.sh glidein_config        
 Jun 18 01:11:19 CEST	14644	8008	93340	0	0	0	/home/cms037/home_cream_487948402/CREAM487948402/glide_3MDTon/main/condor/sbin/condor_master -f -pidfile /home/cms037/home_cream_487948402/CREAM487948402/glide_3MDTon/condor_master2.pid       
 Jun 18 01:11:19 CEST	14652	8724	93780	0	4	0	condor_startd -f         
 Jun 18 01:11:19 CEST	32005	38204	101880	0	0	1	edmConfigHash pset.py         
 Jun 18 01:11:19 CEST	32232	38204	106092	0	0	1	sh -c "./glidein_startup.sh" -v std -name v1_3 -entry CMS_T2_IT_Bari_ce2 -clientname UCSD-v1_0.main
 Jun 18 01:11:19 CEST	32238	38204	106492	0	0	1	/bin/bash ./glidein_startup.sh -v std -name v1_3 -entry CMS_T2_IT_Bari_ce2 -clientname UCSD-v1_0.main -schedd
 Jun 18 01:11:19 CEST	---	38204	106492	171	----	----	----
 Jun 18 01:12:20 CEST	32353	771308	986172	171	32	62	cmsRun -j /home/cms037/home_cream_487948402/CREAM487948402/glide_3MDTon/execute/dir_31375/crab_fjr_8.xml -p pset.py      
 Jun 18 01:12:20 CEST	---	771308	986172	175	----	----	----
 Jun 18 01:13:21 CEST	32353	796368	1012752	175	73	123	cmsRun -j /home/cms037/home_cream_487948402/CREAM487948402/glide_3MDTon/execute/dir_31375/crab_fjr_8.xml -p pset.py      
 Jun 18 01:15:23 CEST	32353	796368	1020688	175	176	244	cmsRun -j /home/cms037/home_cream_487948402/CREAM487948402/glide_3MDTon/execute/dir_31375/crab_fjr_8.xml -p pset.py      
 Jun 18 01:16:24 CEST	32353	796368	1025364	175	225	305	cmsRun -j /home/cms037/home_cream_487948402/CREAM487948402/glide_3MDTon/execute/dir_31375/crab_fjr_8.xml -p pset.py      
 Jun 18 01:17:24 CEST	32353	796368	1029972	175	274	366	cmsRun -j /home/cms037/home_cream_487948402/CREAM487948402/glide_3MDTon/execute/dir_31375/crab_fjr_8.xml -p pset.py      
 Jun 18 01:18:25 CEST	---	796368	1029972	179	----	----	----
********** WATCHDOG LOG ENDED
ZIPPING WATCHDOG LOG
Disk space used:
du -sh /home/cms037/home_cream_487948402/CREAM487948402/glide_3MDTon/execute/dir_31375
179M	/home/cms037/home_cream_487948402/CREAM487948402/glide_3MDTon/execute/dir_31375
Found unusual stdout, rename for OSB
`/home/cms037/home_cream_487948402/CREAM487948402/glide_3MDTon/execute/dir_31375/_condor_stdout' -> `CMSSW_8.stdout'
Found unusual stderr, rename for OSB
`/home/cms037/home_cream_487948402/CREAM487948402/glide_3MDTon/execute/dir_31375/_condor_stdout' -> `CMSSW_8.stderr'
crab_fjr_8.xml
CMSSW_8.stdout
CMSSW_8.stderr
Watchdog_8.log.gz
Total Output dimension: 70103
WARNING: output files size limit is set to: 50000000
Total Output dimension 70103 is fine.
JOB_EXIT_STATUS = 0
>>> info for dashboard:
***** Cat /home/cms037/home_cream_487948402/CREAM487948402/glide_3MDTon/execute/dir_31375/jobreport.txt *****
MonitorJobID=8_https://submit-6.t2.ucsd.edu//140616//168549.7
MonitorID=calabria_MuMinus1000_Case2_ReReco_3mv5b6
ExeTime=404
ExeExitCode=0
StageOutExitStatusReason = 'Copy succedeed with srm-lcg utils'
StageOutSE = storm-se-01.ba.infn.it
StageOutExitStatus = 0
CrabUserCpuTime=281.76
CrabSysCpuTime=47.92
CrabCpuPercentage=81%
CrabWrapperTime=600
CrabStageoutTime=48
JobExitCode=0
***** End Cat jobreport *****
Parameters sent to Dashboard.
EXITING at Wed Jun 18 01:21:18 CEST 2014  -  Tue Jun 17 23:21:18 UTC 2014
