This script was generated by crab (version 2.10.5_patch1).
Running /home/cms021/home_cream_128233595/CREAM128233595/glide_9KW1W5/execute/dir_2302/condor_exec.exe with 2 positional parameters: 5 1
Today is Wed Jun 18 01:11:15 CEST 2014 - Tue Jun 17 23:11:15 UTC 2014
Job submitted on host pccms130.ba.infn.it
Linux pccms130.ba.infn.it 2.6.32-358.23.2.el6.x86_64 #1 SMP Thu Oct 17 10:27:22 CEST 2013 x86_64 x86_64 x86_64 GNU/Linux
>>> current directory (RUNTIME_AREA): /home/cms021/home_cream_128233595/CREAM128233595/glide_9KW1W5/execute/dir_2302
>>> current user: uid=18547(cms021) gid=1399(cms) groups=1399(cms)
>>> directory permission set to 0700
>>> umask set to:  u=rwx,g=,o=
>>> stdout stderr permission set to 0704
>>> voms proxy information:
subject   : /C=IT/O=INFN/OU=Personal Certificate/L=Bari/CN=Cesare Calabria/CN=477126703/CN=1784581008
issuer    : /C=IT/O=INFN/OU=Personal Certificate/L=Bari/CN=Cesare Calabria/CN=477126703
identity  : /C=IT/O=INFN/OU=Personal Certificate/L=Bari/CN=Cesare Calabria
type      : RFC3820 compliant limited proxy
strength  : 1024
path      : /home/cms021/home_cream_128233595/CREAM128233595/glide_9KW1W5/execute/dir_2302/x509up_u50707
timeleft  : 23:59:02
key usage : Digital Signature, Key Encipherment, Data Encipherment
=== VO cms extension information ===
VO        : cms
subject   : /C=IT/O=INFN/OU=Personal Certificate/L=Bari/CN=Cesare Calabria
issuer    : /DC=ch/DC=cern/OU=computers/CN=voms.cern.ch
attribute : /cms/Role=NULL/Capability=NULL
attribute : /cms/itcms/Role=NULL/Capability=NULL
timeleft  : 154:12:17
uri       : voms.cern.ch:15002

WNHostName=pccms130.ba.infn.it
>>> tar --no-same-permissions -xf /home/cms021/home_cream_128233595/CREAM128233595/glide_9KW1W5/execute/dir_2302/default.tgz :
Successful untar
>>> Include /home/cms021/home_cream_128233595/CREAM128233595/glide_9KW1W5/execute/dir_2302 in PYTHONPATH:
strip arguments
env var CRAB_UNIQUE_JOB_ID set to: calabria_MuMinus1000_Case2_ReReco_3mv5b6_5_1_N47
out_files_5
>>> list of expected files on output sandbox
output files: crab_fjr_5.xml CMSSW_5.stdout CMSSW_5.stderr Watchdog_5.log.gz
>>> GridFlavour discovery: 
GridFlavour=LCG
>>> SyncSite discovery: 
SyncSite=T2_IT_Bari
>>> SyncCE discovery: 
getting SyncCE from CE_ID
SyncCE=cream-ce-2.ba.infn.it:8443/cream-pbs-cms
>>> info for dashboard:
***** Cat /home/cms021/home_cream_128233595/CREAM128233595/glide_9KW1W5/execute/dir_2302/jobreport.txt *****
WNHostName=pccms130.ba.infn.it
MonitorJobID=5_https://submit-6.t2.ucsd.edu//140616//168549.4
SyncGridJobId=https://submit-6.t2.ucsd.edu//140616//168549.4
MonitorID=calabria_MuMinus1000_Case2_ReReco_3mv5b6
GridFlavour=LCG
SyncSite=T2_IT_Bari
SyncCE=cream-ce-2.ba.infn.it:8443/cream-pbs-cms
***** End Cat jobreport *****
Parameters sent to Dashboard.
>>> setup environment
set SCRAM ARCH to slc5_amd64_gcc472
SCRAM_ARCH = slc5_amd64_gcc472
>>> setup CMS LCG environment:
set SCRAM ARCH and BUILD_ARCH to slc5_amd64_gcc472 ###
Sourcing environment... 
sourcing /cvmfs/cms.cern.ch/cmsset_default.sh
==> setup cms environment ok
>>> specific cmssw setup environment:
CMSSW_VERSION =  CMSSW_6_2_0_SLHC12
>>> current directory (SOFTWARE_DIR): /home/cms021/home_cream_128233595/CREAM128233595/glide_9KW1W5/execute/dir_2302/CMSSW_6_2_0_SLHC12
PreserveSeeds: <>
IncrementSeeds:<>
>>> info for dashboard:
***** Cat /home/cms021/home_cream_128233595/CREAM128233595/glide_9KW1W5/execute/dir_2302/jobreport.txt *****
MonitorJobID=5_https://submit-6.t2.ucsd.edu//140616//168549.4
MonitorID=calabria_MuMinus1000_Case2_ReReco_3mv5b6
***** End Cat jobreport *****
Parameters sent to Dashboard.
crabWatchdog started as process 2873
>>> moving CMSSW software directories in /home/cms021/home_cream_128233595/CREAM128233595/glide_9KW1W5/execute/dir_2302/CMSSW_6_2_0_SLHC12
mv: cannot stat `/home/cms021/home_cream_128233595/CREAM128233595/glide_9KW1W5/execute/dir_2302/module/': No such file or directory
>>> Include /home/cms021/home_cream_128233595/CREAM128233595/glide_9KW1W5/execute/dir_2302 in PYTHONPATH:
PYTHONPATH=/home/cms021/home_cream_128233595/CREAM128233595/glide_9KW1W5/execute/dir_2302/:/home/cms021/home_cream_128233595/CREAM128233595/glide_9KW1W5/execute/dir_2302/CMSSW_6_2_0_SLHC12/python:/home/cms021/home_cream_128233595/CREAM128233595/glide_9KW1W5/execute/dir_2302/CMSSW_6_2_0_SLHC12/lib/slc5_amd64_gcc472:/cvmfs/cms.cern.ch/slc5_amd64_gcc472/cms/cmssw/CMSSW_6_2_0_SLHC12/python:/cvmfs/cms.cern.ch/slc5_amd64_gcc472/cms/cmssw/CMSSW_6_2_0_SLHC12/lib/slc5_amd64_gcc472:/cvmfs/cms.cern.ch/slc5_amd64_gcc472/cms/coral/CORAL_2_3_21-cms36/slc5_amd64_gcc472/python:/cvmfs/cms.cern.ch/slc5_amd64_gcc472/cms/coral/CORAL_2_3_21-cms36/slc5_amd64_gcc472/lib:/cvmfs/cms.cern.ch/slc5_amd64_gcc472/external/pyqt/4.8.1-cms6/lib/python2.7/site-packages:/cvmfs/cms.cern.ch/slc5_amd64_gcc472/external/py2-scipy/0.8.0-cms8/lib/python2.7/site-packages:/cvmfs/cms.cern.ch/slc5_amd64_gcc472/external/py2-matplotlib/1.0.1-cms8/lib/python2.7/site-packages:/cvmfs/cms.cern.ch/slc5_amd64_gcc472/external/python-ldap/2.3.5-cms6/lib/python2.7/site-packages:/cvmfs/cms.cern.ch/slc5_amd64_gcc472/external/sip/4.11.2-cms6/lib/python2.7/site-packages:/cvmfs/cms.cern.ch/slc5_amd64_gcc472/external/py2-pycurl/7.19.0-cms8/lib/python2.7/site-packages:/cvmfs/cms.cern.ch/slc5_amd64_gcc472/external/py2-numpy/1.6.1-cms8/lib/python2.7/site-packages:/cvmfs/cms.cern.ch/slc5_amd64_gcc472/external/py2-lint/0.25.1-cms6/lib/python2.7/site-packages:/cvmfs/cms.cern.ch/slc5_amd64_gcc472/external/py2-ipython/0.10-cms6/lib/python2.7/site-packages:/cvmfs/cms.cern.ch/slc5_amd64_gcc472/external/py2-cx-oracle/5.1-cms7/lib/python2.7/site-packages:/cvmfs/cms.cern.ch/slc5_amd64_gcc472/external/py2-cjson/1.0.5-cms6/lib/python2.7/site-packages:/cvmfs/cms.cern.ch/slc5_amd64_gcc472/cms/das-client/1.11.7/bin:/cvmfs/cms.cern.ch/slc5_amd64_gcc472/external/elementtree/1.2.6-cms6/share/lib/python2.7/site-packages:/cvmfs/cms.cern.ch/slc5_amd64_gcc472/external/rivet/1.8.2-cms8/lib/python2.7/site-packages:/cvmfs/cms.cern.ch/slc5_amd64_gcc472/external/pyminuit2/0.0.1-cms19/lib/python2.7/site-packages:/cvmfs/cms.cern.ch/slc5_amd64_gcc472/external/py2-pygithub/1.23.0/lib/python2.7/site-packages:/cvmfs/cms.cern.ch/slc5_amd64_gcc472/external/professor/1.0.0-cms19/lib/python2.7/site-packages:/cvmfs/cms.cern.ch/slc5_amd64_gcc472/lcg/root/5.34.07-cms/lib:/cvmfs/cms.cern.ch/slc5_amd64_gcc472/cms/dbs-client/DBS_2_1_9-cms5/lib:/cvmfs/cms.cern.ch/slc5_amd64_gcc472/cms/dbs-client/DBS_2_1_9-cms5/lib/DBSAPI:/cvmfs/cms.cern.ch/slc5_amd64_gcc472/external/cvs2git/5419-cms/lib:/home/cms021/home_cream_128233595/CREAM128233595/glide_9KW1W5/execute/dir_2302/
 
# LIMITS USED BY CRAB WATCHDOG:
# RSS  (KBytes)   : 2300000
# VSZ  (KBytes)   : 100000000
# DISK (MBytes)   : 19000
# CPU TIME        : 720h:0m:0s
# WALL CLOCK TIME : 21h:50m:0s
 
5854dd31cbd3cdec44c48628cc181cf0
PSETHASH = 5854dd31cbd3cdec44c48628cc181cf0
/home/cms021/home_cream_128233595/CREAM128233595/glide_9KW1W5/execute/dir_2302/writeCfg.py pset.py pset.py
Importing .py file
Setting parameters
RandomNumberGeneratorService found, will attempt to change seeds
inputBlocks=/calabria_SingleMuPt1000_GEN-SIM-DIGI-RECO_CMSSW_6_2_0_SLHC12_2023Scenario_Case2/calabria-calabria_SingleMuPt1000_GEN-SIM-DIGI-RECO_CMSSW_6_2_0_SLHC12_2023Scenario_Case2-fa5ffd20b461790f8466430606d05ce8/USER#eae8e1e5-3276-4875-a3eb-f59f87fabee4
inputFiles=/store/user/calabria/calabria_SingleMuPt1000_GEN-SIM-DIGI-RECO_CMSSW_6_2_0_SLHC12_2023Scenario_Case2/calabria_SingleMuPt1000_GEN-SIM-DIGI-RECO_CMSSW_6_2_0_SLHC12_2023Scenario_Case2/fa5ffd20b461790f8466430606d05ce8/out_reco_112_1_j38.root;/store/user/calabria/calabria_SingleMuPt1000_GEN-SIM-DIGI-RECO_CMSSW_6_2_0_SLHC12_2023Scenario_Case2/calabria_SingleMuPt1000_GEN-SIM-DIGI-RECO_CMSSW_6_2_0_SLHC12_2023Scenario_Case2/fa5ffd20b461790f8466430606d05ce8/out_reco_113_1_8rw.root;/store/user/calabria/calabria_SingleMuPt1000_GEN-SIM-DIGI-RECO_CMSSW_6_2_0_SLHC12_2023Scenario_Case2/calabria_SingleMuPt1000_GEN-SIM-DIGI-RECO_CMSSW_6_2_0_SLHC12_2023Scenario_Case2/fa5ffd20b461790f8466430606d05ce8/out_reco_114_1_7Sn.root;/store/user/calabria/calabria_SingleMuPt1000_GEN-SIM-DIGI-RECO_CMSSW_6_2_0_SLHC12_2023Scenario_Case2/calabria_SingleMuPt1000_GEN-SIM-DIGI-RECO_CMSSW_6_2_0_SLHC12_2023Scenario_Case2/fa5ffd20b461790f8466430606d05ce8/out_reco_115_1_2PN.root;/store/user/calabria/calabria_SingleMuPt1000_GEN-SIM-DIGI-RECO_CMSSW_6_2_0_SLHC12_2023Scenario_Case2/calabria_SingleMuPt1000_GEN-SIM-DIGI-RECO_CMSSW_6_2_0_SLHC12_2023Scenario_Case2/fa5ffd20b461790f8466430606d05ce8/out_reco_116_1_9FA.root;/store/user/calabria/calabria_SingleMuPt1000_GEN-SIM-DIGI-RECO_CMSSW_6_2_0_SLHC12_2023Scenario_Case2/calabria_SingleMuPt1000_GEN-SIM-DIGI-RECO_CMSSW_6_2_0_SLHC12_2023Scenario_Case2/fa5ffd20b461790f8466430606d05ce8/out_reco_119_1_qHc.root;/store/user/calabria/calabria_SingleMuPt1000_GEN-SIM-DIGI-RECO_CMSSW_6_2_0_SLHC12_2023Scenario_Case2/calabria_SingleMuPt1000_GEN-SIM-DIGI-RECO_CMSSW_6_2_0_SLHC12_2023Scenario_Case2/fa5ffd20b461790f8466430606d05ce8/out_reco_120_1_I3C.root;/store/user/calabria/calabria_SingleMuPt1000_GEN-SIM-DIGI-RECO_CMSSW_6_2_0_SLHC12_2023Scenario_Case2/calabria_SingleMuPt1000_GEN-SIM-DIGI-RECO_CMSSW_6_2_0_SLHC12_2023Scenario_Case2/fa5ffd20b461790f8466430606d05ce8/out_reco_130_1_SGt.root;/store/user/calabria/calabria_SingleMuPt1000_GEN-SIM-DIGI-RECO_CMSSW_6_2_0_SLHC12_2023Scenario_Case2/calabria_SingleMuPt1000_GEN-SIM-DIGI-RECO_CMSSW_6_2_0_SLHC12_2023Scenario_Case2/fa5ffd20b461790f8466430606d05ce8/out_reco_136_1_mSw.root;/store/user/calabria/calabria_SingleMuPt1000_GEN-SIM-DIGI-RECO_CMSSW_6_2_0_SLHC12_2023Scenario_Case2/calabria_SingleMuPt1000_GEN-SIM-DIGI-RECO_CMSSW_6_2_0_SLHC12_2023Scenario_Case2/fa5ffd20b461790f8466430606d05ce8/out_reco_139_1_xoY.root
parentFiles=
lumisRange=
>>> Executable cmsRun
/cvmfs/cms.cern.ch/slc5_amd64_gcc472/cms/cmssw/CMSSW_6_2_0_SLHC12/bin/slc5_amd64_gcc472/cmsRun
ok executable found
>>> info for dashboard:
***** Cat /home/cms021/home_cream_128233595/CREAM128233595/glide_9KW1W5/execute/dir_2302/jobreport.txt *****
MonitorJobID=5_https://submit-6.t2.ucsd.edu//140616//168549.4
MonitorID=calabria_MuMinus1000_Case2_ReReco_3mv5b6
ExeStart=cmsRun
***** End Cat jobreport *****
Parameters sent to Dashboard.
>>> cmsRun started at Tue Jun 17 23:12:21 UTC 2014
>>> cmsRun ended at Tue Jun 17 23:18:21 UTC 2014
>>> crab_fjr_*.xml  permission set to 0704
>>> info for dashboard:
***** Cat /home/cms021/home_cream_128233595/CREAM128233595/glide_9KW1W5/execute/dir_2302/jobreport.txt *****
MonitorJobID=5_https://submit-6.t2.ucsd.edu//140616//168549.4
MonitorID=calabria_MuMinus1000_Case2_ReReco_3mv5b6
ExeEnd=cmsRun
***** End Cat jobreport *****
Parameters sent to Dashboard.
TIME_EXE = 359 sec
>>> cmsRun wrote 50 lines of stdout+stderr
>>> START OF printout of 50 lines from stdout+stderr
271 DQMStore::DQMStore 
HcalTopologyIdealEP::HcalTopologyIdealEP
18-Jun-2014 01:12:35 CEST  Initiating request to open file file:/lustre/cms//store/user/calabria/calabria_SingleMuPt1000_GEN-SIM-DIGI-RECO_CMSSW_6_2_0_SLHC12_2023Scenario_Case2/calabria_SingleMuPt1000_GEN-SIM-DIGI-RECO_CMSSW_6_2_0_SLHC12_2023Scenario_Case2/fa5ffd20b461790f8466430606d05ce8/out_reco_112_1_j38.root
18-Jun-2014 01:12:37 CEST  Successfully opened file file:/lustre/cms//store/user/calabria/calabria_SingleMuPt1000_GEN-SIM-DIGI-RECO_CMSSW_6_2_0_SLHC12_2023Scenario_Case2/calabria_SingleMuPt1000_GEN-SIM-DIGI-RECO_CMSSW_6_2_0_SLHC12_2023Scenario_Case2/fa5ffd20b461790f8466430606d05ce8/out_reco_112_1_j38.root
18-Jun-2014 01:13:10 CEST  Closed file file:/lustre/cms//store/user/calabria/calabria_SingleMuPt1000_GEN-SIM-DIGI-RECO_CMSSW_6_2_0_SLHC12_2023Scenario_Case2/calabria_SingleMuPt1000_GEN-SIM-DIGI-RECO_CMSSW_6_2_0_SLHC12_2023Scenario_Case2/fa5ffd20b461790f8466430606d05ce8/out_reco_112_1_j38.root
18-Jun-2014 01:13:10 CEST  Initiating request to open file file:/lustre/cms//store/user/calabria/calabria_SingleMuPt1000_GEN-SIM-DIGI-RECO_CMSSW_6_2_0_SLHC12_2023Scenario_Case2/calabria_SingleMuPt1000_GEN-SIM-DIGI-RECO_CMSSW_6_2_0_SLHC12_2023Scenario_Case2/fa5ffd20b461790f8466430606d05ce8/out_reco_113_1_8rw.root
18-Jun-2014 01:13:10 CEST  Successfully opened file file:/lustre/cms//store/user/calabria/calabria_SingleMuPt1000_GEN-SIM-DIGI-RECO_CMSSW_6_2_0_SLHC12_2023Scenario_Case2/calabria_SingleMuPt1000_GEN-SIM-DIGI-RECO_CMSSW_6_2_0_SLHC12_2023Scenario_Case2/fa5ffd20b461790f8466430606d05ce8/out_reco_113_1_8rw.root
18-Jun-2014 01:13:34 CEST  Closed file file:/lustre/cms//store/user/calabria/calabria_SingleMuPt1000_GEN-SIM-DIGI-RECO_CMSSW_6_2_0_SLHC12_2023Scenario_Case2/calabria_SingleMuPt1000_GEN-SIM-DIGI-RECO_CMSSW_6_2_0_SLHC12_2023Scenario_Case2/fa5ffd20b461790f8466430606d05ce8/out_reco_113_1_8rw.root
18-Jun-2014 01:13:34 CEST  Initiating request to open file file:/lustre/cms//store/user/calabria/calabria_SingleMuPt1000_GEN-SIM-DIGI-RECO_CMSSW_6_2_0_SLHC12_2023Scenario_Case2/calabria_SingleMuPt1000_GEN-SIM-DIGI-RECO_CMSSW_6_2_0_SLHC12_2023Scenario_Case2/fa5ffd20b461790f8466430606d05ce8/out_reco_114_1_7Sn.root
18-Jun-2014 01:13:35 CEST  Successfully opened file file:/lustre/cms//store/user/calabria/calabria_SingleMuPt1000_GEN-SIM-DIGI-RECO_CMSSW_6_2_0_SLHC12_2023Scenario_Case2/calabria_SingleMuPt1000_GEN-SIM-DIGI-RECO_CMSSW_6_2_0_SLHC12_2023Scenario_Case2/fa5ffd20b461790f8466430606d05ce8/out_reco_114_1_7Sn.root
18-Jun-2014 01:14:00 CEST  Closed file file:/lustre/cms//store/user/calabria/calabria_SingleMuPt1000_GEN-SIM-DIGI-RECO_CMSSW_6_2_0_SLHC12_2023Scenario_Case2/calabria_SingleMuPt1000_GEN-SIM-DIGI-RECO_CMSSW_6_2_0_SLHC12_2023Scenario_Case2/fa5ffd20b461790f8466430606d05ce8/out_reco_114_1_7Sn.root
18-Jun-2014 01:14:00 CEST  Initiating request to open file file:/lustre/cms//store/user/calabria/calabria_SingleMuPt1000_GEN-SIM-DIGI-RECO_CMSSW_6_2_0_SLHC12_2023Scenario_Case2/calabria_SingleMuPt1000_GEN-SIM-DIGI-RECO_CMSSW_6_2_0_SLHC12_2023Scenario_Case2/fa5ffd20b461790f8466430606d05ce8/out_reco_115_1_2PN.root
18-Jun-2014 01:14:00 CEST  Successfully opened file file:/lustre/cms//store/user/calabria/calabria_SingleMuPt1000_GEN-SIM-DIGI-RECO_CMSSW_6_2_0_SLHC12_2023Scenario_Case2/calabria_SingleMuPt1000_GEN-SIM-DIGI-RECO_CMSSW_6_2_0_SLHC12_2023Scenario_Case2/fa5ffd20b461790f8466430606d05ce8/out_reco_115_1_2PN.root
18-Jun-2014 01:14:31 CEST  Closed file file:/lustre/cms//store/user/calabria/calabria_SingleMuPt1000_GEN-SIM-DIGI-RECO_CMSSW_6_2_0_SLHC12_2023Scenario_Case2/calabria_SingleMuPt1000_GEN-SIM-DIGI-RECO_CMSSW_6_2_0_SLHC12_2023Scenario_Case2/fa5ffd20b461790f8466430606d05ce8/out_reco_115_1_2PN.root
18-Jun-2014 01:14:31 CEST  Initiating request to open file file:/lustre/cms//store/user/calabria/calabria_SingleMuPt1000_GEN-SIM-DIGI-RECO_CMSSW_6_2_0_SLHC12_2023Scenario_Case2/calabria_SingleMuPt1000_GEN-SIM-DIGI-RECO_CMSSW_6_2_0_SLHC12_2023Scenario_Case2/fa5ffd20b461790f8466430606d05ce8/out_reco_116_1_9FA.root
18-Jun-2014 01:14:32 CEST  Successfully opened file file:/lustre/cms//store/user/calabria/calabria_SingleMuPt1000_GEN-SIM-DIGI-RECO_CMSSW_6_2_0_SLHC12_2023Scenario_Case2/calabria_SingleMuPt1000_GEN-SIM-DIGI-RECO_CMSSW_6_2_0_SLHC12_2023Scenario_Case2/fa5ffd20b461790f8466430606d05ce8/out_reco_116_1_9FA.root
18-Jun-2014 01:14:58 CEST  Closed file file:/lustre/cms//store/user/calabria/calabria_SingleMuPt1000_GEN-SIM-DIGI-RECO_CMSSW_6_2_0_SLHC12_2023Scenario_Case2/calabria_SingleMuPt1000_GEN-SIM-DIGI-RECO_CMSSW_6_2_0_SLHC12_2023Scenario_Case2/fa5ffd20b461790f8466430606d05ce8/out_reco_116_1_9FA.root
18-Jun-2014 01:14:58 CEST  Initiating request to open file file:/lustre/cms//store/user/calabria/calabria_SingleMuPt1000_GEN-SIM-DIGI-RECO_CMSSW_6_2_0_SLHC12_2023Scenario_Case2/calabria_SingleMuPt1000_GEN-SIM-DIGI-RECO_CMSSW_6_2_0_SLHC12_2023Scenario_Case2/fa5ffd20b461790f8466430606d05ce8/out_reco_119_1_qHc.root
18-Jun-2014 01:14:58 CEST  Successfully opened file file:/lustre/cms//store/user/calabria/calabria_SingleMuPt1000_GEN-SIM-DIGI-RECO_CMSSW_6_2_0_SLHC12_2023Scenario_Case2/calabria_SingleMuPt1000_GEN-SIM-DIGI-RECO_CMSSW_6_2_0_SLHC12_2023Scenario_Case2/fa5ffd20b461790f8466430606d05ce8/out_reco_119_1_qHc.root
18-Jun-2014 01:15:23 CEST  Closed file file:/lustre/cms//store/user/calabria/calabria_SingleMuPt1000_GEN-SIM-DIGI-RECO_CMSSW_6_2_0_SLHC12_2023Scenario_Case2/calabria_SingleMuPt1000_GEN-SIM-DIGI-RECO_CMSSW_6_2_0_SLHC12_2023Scenario_Case2/fa5ffd20b461790f8466430606d05ce8/out_reco_119_1_qHc.root
18-Jun-2014 01:15:23 CEST  Initiating request to open file file:/lustre/cms//store/user/calabria/calabria_SingleMuPt1000_GEN-SIM-DIGI-RECO_CMSSW_6_2_0_SLHC12_2023Scenario_Case2/calabria_SingleMuPt1000_GEN-SIM-DIGI-RECO_CMSSW_6_2_0_SLHC12_2023Scenario_Case2/fa5ffd20b461790f8466430606d05ce8/out_reco_120_1_I3C.root
18-Jun-2014 01:15:24 CEST  Successfully opened file file:/lustre/cms//store/user/calabria/calabria_SingleMuPt1000_GEN-SIM-DIGI-RECO_CMSSW_6_2_0_SLHC12_2023Scenario_Case2/calabria_SingleMuPt1000_GEN-SIM-DIGI-RECO_CMSSW_6_2_0_SLHC12_2023Scenario_Case2/fa5ffd20b461790f8466430606d05ce8/out_reco_120_1_I3C.root
18-Jun-2014 01:15:53 CEST  Closed file file:/lustre/cms//store/user/calabria/calabria_SingleMuPt1000_GEN-SIM-DIGI-RECO_CMSSW_6_2_0_SLHC12_2023Scenario_Case2/calabria_SingleMuPt1000_GEN-SIM-DIGI-RECO_CMSSW_6_2_0_SLHC12_2023Scenario_Case2/fa5ffd20b461790f8466430606d05ce8/out_reco_120_1_I3C.root
18-Jun-2014 01:15:53 CEST  Initiating request to open file file:/lustre/cms//store/user/calabria/calabria_SingleMuPt1000_GEN-SIM-DIGI-RECO_CMSSW_6_2_0_SLHC12_2023Scenario_Case2/calabria_SingleMuPt1000_GEN-SIM-DIGI-RECO_CMSSW_6_2_0_SLHC12_2023Scenario_Case2/fa5ffd20b461790f8466430606d05ce8/out_reco_130_1_SGt.root
18-Jun-2014 01:15:53 CEST  Successfully opened file file:/lustre/cms//store/user/calabria/calabria_SingleMuPt1000_GEN-SIM-DIGI-RECO_CMSSW_6_2_0_SLHC12_2023Scenario_Case2/calabria_SingleMuPt1000_GEN-SIM-DIGI-RECO_CMSSW_6_2_0_SLHC12_2023Scenario_Case2/fa5ffd20b461790f8466430606d05ce8/out_reco_130_1_SGt.root
18-Jun-2014 01:16:21 CEST  Closed file file:/lustre/cms//store/user/calabria/calabria_SingleMuPt1000_GEN-SIM-DIGI-RECO_CMSSW_6_2_0_SLHC12_2023Scenario_Case2/calabria_SingleMuPt1000_GEN-SIM-DIGI-RECO_CMSSW_6_2_0_SLHC12_2023Scenario_Case2/fa5ffd20b461790f8466430606d05ce8/out_reco_130_1_SGt.root
18-Jun-2014 01:16:21 CEST  Initiating request to open file file:/lustre/cms//store/user/calabria/calabria_SingleMuPt1000_GEN-SIM-DIGI-RECO_CMSSW_6_2_0_SLHC12_2023Scenario_Case2/calabria_SingleMuPt1000_GEN-SIM-DIGI-RECO_CMSSW_6_2_0_SLHC12_2023Scenario_Case2/fa5ffd20b461790f8466430606d05ce8/out_reco_136_1_mSw.root
18-Jun-2014 01:16:21 CEST  Successfully opened file file:/lustre/cms//store/user/calabria/calabria_SingleMuPt1000_GEN-SIM-DIGI-RECO_CMSSW_6_2_0_SLHC12_2023Scenario_Case2/calabria_SingleMuPt1000_GEN-SIM-DIGI-RECO_CMSSW_6_2_0_SLHC12_2023Scenario_Case2/fa5ffd20b461790f8466430606d05ce8/out_reco_136_1_mSw.root
18-Jun-2014 01:16:47 CEST  Closed file file:/lustre/cms//store/user/calabria/calabria_SingleMuPt1000_GEN-SIM-DIGI-RECO_CMSSW_6_2_0_SLHC12_2023Scenario_Case2/calabria_SingleMuPt1000_GEN-SIM-DIGI-RECO_CMSSW_6_2_0_SLHC12_2023Scenario_Case2/fa5ffd20b461790f8466430606d05ce8/out_reco_136_1_mSw.root
18-Jun-2014 01:16:47 CEST  Initiating request to open file file:/lustre/cms//store/user/calabria/calabria_SingleMuPt1000_GEN-SIM-DIGI-RECO_CMSSW_6_2_0_SLHC12_2023Scenario_Case2/calabria_SingleMuPt1000_GEN-SIM-DIGI-RECO_CMSSW_6_2_0_SLHC12_2023Scenario_Case2/fa5ffd20b461790f8466430606d05ce8/out_reco_139_1_xoY.root
18-Jun-2014 01:16:47 CEST  Successfully opened file file:/lustre/cms//store/user/calabria/calabria_SingleMuPt1000_GEN-SIM-DIGI-RECO_CMSSW_6_2_0_SLHC12_2023Scenario_Case2/calabria_SingleMuPt1000_GEN-SIM-DIGI-RECO_CMSSW_6_2_0_SLHC12_2023Scenario_Case2/fa5ffd20b461790f8466430606d05ce8/out_reco_139_1_xoY.root
18-Jun-2014 01:18:20 CEST  Closed file file:/lustre/cms//store/user/calabria/calabria_SingleMuPt1000_GEN-SIM-DIGI-RECO_CMSSW_6_2_0_SLHC12_2023Scenario_Case2/calabria_SingleMuPt1000_GEN-SIM-DIGI-RECO_CMSSW_6_2_0_SLHC12_2023Scenario_Case2/fa5ffd20b461790f8466430606d05ce8/out_reco_139_1_xoY.root

=============================================

MessageLogger Summary

 type     category        sev    module        subroutine        count    total
 ---- -------------------- -- ---------------- ----------------  -----    -----
    1 fileAction           -s file_close                            10       10
    2 fileAction           -s file_open                             20       20

 type    category    Examples: run/evt        run/evt          run/evt
 ---- -------------------- ---------------- ---------------- ----------------
    1 fileAction           PostProcessEvent PostProcessEvent PostEndRun
    2 fileAction           pre-events       pre-events       PostProcessEvent

Severity    # Occurrences   Total Occurrences
--------    -------------   -----------------
System                 30                  30
>>> END OF printout of 50 lines from stdout+stderr
>>> Parse FrameworkJobReport crab_fjr.xml
Result of parsing the FrameworkJobReport crab_fjr.xml: Popularity start
lumisRange : 1::::1;1::::2;1::::3;1::::4;1::::5;1::::6;1::::7;1::::8;1::::9;1::::10;
lumisParentRange : 
Basename : /store/user/calabria/calabria_SingleMuPt1000_GEN-SIM-DIGI-RECO_CMSSW_6_2_0_SLHC12_2023Scenario_Case2/calabria_SingleMuPt1000_GEN-SIM-DIGI-RECO_CMSSW_6_2_0_SLHC12_2023Scenario_Case2/fa5ffd20b461790f8466430606d05ce8/out_reco_1
BasenameParent : 
parentFiles : 
inputBlocks : /calabria_SingleMuPt1000_GEN-SIM-DIGI-RECO_CMSSW_6_2_0_SLHC12_2023Scenario_Case2/calabria-calabria_SingleMuPt1000_GEN-SIM-DIGI-RECO_CMSSW_6_2_0_SLHC12_2023Scenario_Case2-fa5ffd20b461790f8466430606d05ce8/USER#eae8e1e5-3276-4875-a3eb-f59f87fabee4
inputFiles : 19_1_qHc.root::1::EDM::Local::1;12_1_j38.root::1::EDM::Local::2;39_1_xoY.root::1::EDM::Local::3;15_1_2PN.root::1::EDM::Local::4;16_1_9FA.root::1::EDM::Local::5;30_1_SGt.root::1::EDM::Local::6;13_1_8rw.root::1::EDM::Local::7;14_1_7Sn.root::1::EDM::Local::8;36_1_mSw.root::1::EDM::Local::9;20_1_I3C.root::1::EDM::Local::10;
Popularity stop
Extracted ExitStatus from FrameworkJobReport parsing output: 0
>>> Executable succeded  0
ExeExitCode=0
EXECUTABLE_EXIT_STATUS = 0
>>> current directory /home/cms021/home_cream_128233595/CREAM128233595/glide_9KW1W5/execute/dir_2302/CMSSW_6_2_0_SLHC12
>>>  (SOFTWARE_DIR): /home/cms021/home_cream_128233595/CREAM128233595/glide_9KW1W5/execute/dir_2302/CMSSW_6_2_0_SLHC12
>>> (WORKING_DIR): 
>>> current directory content:
total 11340
drwxr-xr-x 3 cms021 cms    4096 Jun 18 01:12 .SCRAM
-rw------- 1 cms021 cms 3740190 Jun 18 01:12 CMSSW.py.pkl
drwxr-xr-x 3 cms021 cms    4096 Jun 18 01:12 bin
drwxr-xr-x 3 cms021 cms    4096 Jun 18 01:12 cfipython
drwxr-xr-x 4 cms021 cms    4096 Jun 18 01:12 config
-rw------- 1 cms021 cms      17 Jun 18 01:18 cpu_timing.txt
drwxr-xr-x 2 cms021 cms    4096 Jun 18 01:12 doc
-rw------- 1 cms021 cms   10045 Jun 18 01:18 executable.out
drwxr-xr-x 2 cms021 cms    4096 Jun 18 01:12 include
drwx------ 3 cms021 cms    4096 Apr 28 18:12 lib
drwxr-xr-x 3 cms021 cms    4096 Jun 18 01:12 logs
drwxr-xr-x 3 cms021 cms    4096 Jun 18 01:12 objs
-rw------- 1 cms021 cms     104 Jun 18 01:12 pset.py
-rw------- 1 cms021 cms 3712352 Jun 18 01:12 pset.py.pkl
-rw------- 1 cms021 cms     289 Jun 18 01:12 pset.pyc
drwxr-xr-x 2 cms021 cms    4096 Jun 18 01:12 python
-rw------- 1 cms021 cms     410 Jun 18 01:18 report.log
drwx------ 6 cms021 cms    4096 Jun 18 01:12 src
drwxr-xr-x 3 cms021 cms    4096 Jun 18 01:12 test
drwxr-xr-x 3 cms021 cms    4096 Jun 18 01:12 tmp
-rw------- 1 cms021 cms 4058269 Jun 18 01:18 validationEDM.root
>>> current directory /home/cms021/home_cream_128233595/CREAM128233595/glide_9KW1W5/execute/dir_2302/CMSSW_6_2_0_SLHC12
>>> (SOFTWARE_DIR): /home/cms021/home_cream_128233595/CREAM128233595/glide_9KW1W5/execute/dir_2302/CMSSW_6_2_0_SLHC12
>>> (WORKING_DIR): 
>>> current directory content:
total 11340
drwxr-xr-x 3 cms021 cms    4096 Jun 18 01:12 .SCRAM
-rw------- 1 cms021 cms 3740190 Jun 18 01:12 CMSSW.py.pkl
drwxr-xr-x 3 cms021 cms    4096 Jun 18 01:12 bin
drwxr-xr-x 3 cms021 cms    4096 Jun 18 01:12 cfipython
drwxr-xr-x 4 cms021 cms    4096 Jun 18 01:12 config
-rw------- 1 cms021 cms      17 Jun 18 01:18 cpu_timing.txt
drwxr-xr-x 2 cms021 cms    4096 Jun 18 01:12 doc
-rw------- 1 cms021 cms   10045 Jun 18 01:18 executable.out
drwxr-xr-x 2 cms021 cms    4096 Jun 18 01:12 include
drwx------ 3 cms021 cms    4096 Apr 28 18:12 lib
drwxr-xr-x 3 cms021 cms    4096 Jun 18 01:12 logs
drwxr-xr-x 3 cms021 cms    4096 Jun 18 01:12 objs
-rw------- 1 cms021 cms     104 Jun 18 01:12 pset.py
-rw------- 1 cms021 cms 3712352 Jun 18 01:12 pset.py.pkl
-rw------- 1 cms021 cms     289 Jun 18 01:12 pset.pyc
drwxr-xr-x 2 cms021 cms    4096 Jun 18 01:12 python
-rw------- 1 cms021 cms     410 Jun 18 01:18 report.log
drwx------ 6 cms021 cms    4096 Jun 18 01:12 src
drwxr-xr-x 3 cms021 cms    4096 Jun 18 01:12 test
drwxr-xr-x 3 cms021 cms    4096 Jun 18 01:12 tmp
-rw------- 1 cms021 cms 4058269 Jun 18 01:18 validationEDM_5_1_N47.root
>>> current directory (RUNTIME_AREA):  /home/cms021/home_cream_128233595/CREAM128233595/glide_9KW1W5/execute/dir_2302
SE = storm-se-01.ba.infn.it
SE_PATH = /srm/managerv2?SFN=//cms/store/user/calabria/calabria_SingleMuPt1000_GEN-SIM-DIGI-RECO_CMSSW_6_2_0_SLHC12_2023Scenario_Case2/calabria_MuMinus1000_GEN-SIM-DIGI-RECO_CMSSW_6_2_0_SLHC12_2023Scenario_VALNOPU2_Case2/5854dd31cbd3cdec44c48628cc181cf0/
LFNBaseName = /store/user/calabria/calabria_SingleMuPt1000_GEN-SIM-DIGI-RECO_CMSSW_6_2_0_SLHC12_2023Scenario_Case2/calabria_MuMinus1000_GEN-SIM-DIGI-RECO_CMSSW_6_2_0_SLHC12_2023Scenario_VALNOPU2_Case2/5854dd31cbd3cdec44c48628cc181cf0/
USER = calabria
endpoint = srm://storm-se-01.ba.infn.it:8444/srm/managerv2?SFN=//cms/store/user/calabria/calabria_SingleMuPt1000_GEN-SIM-DIGI-RECO_CMSSW_6_2_0_SLHC12_2023Scenario_Case2/calabria_MuMinus1000_GEN-SIM-DIGI-RECO_CMSSW_6_2_0_SLHC12_2023Scenario_VALNOPU2_Case2/5854dd31cbd3cdec44c48628cc181cf0/
>>> Copy output files from WN = pccms130.ba.infn.it to /srm/managerv2?SFN=//cms/store/user/calabria/calabria_SingleMuPt1000_GEN-SIM-DIGI-RECO_CMSSW_6_2_0_SLHC12_2023Scenario_Case2/calabria_MuMinus1000_GEN-SIM-DIGI-RECO_CMSSW_6_2_0_SLHC12_2023Scenario_VALNOPU2_Case2/5854dd31cbd3cdec44c48628cc181cf0/ :
python cmscp.py  --destination srm://storm-se-01.ba.infn.it:8444/srm/managerv2?SFN=//cms/store/user/calabria/calabria_SingleMuPt1000_GEN-SIM-DIGI-RECO_CMSSW_6_2_0_SLHC12_2023Scenario_Case2/calabria_MuMinus1000_GEN-SIM-DIGI-RECO_CMSSW_6_2_0_SLHC12_2023Scenario_VALNOPU2_Case2/5854dd31cbd3cdec44c48628cc181cf0/ --inputFileList /home/cms021/home_cream_128233595/CREAM128233595/glide_9KW1W5/execute/dir_2302/CMSSW_6_2_0_SLHC12/validationEDM_5_1_N47.root --middleware LCG --se_name storm-se-01.ba.infn.it --for_lfn /store/user/calabria/calabria_SingleMuPt1000_GEN-SIM-DIGI-RECO_CMSSW_6_2_0_SLHC12_2023Scenario_Case2/calabria_MuMinus1000_GEN-SIM-DIGI-RECO_CMSSW_6_2_0_SLHC12_2023Scenario_VALNOPU2_Case2/5854dd31cbd3cdec44c48628cc181cf0/    
******************************************************
localSeName  =  storm-se-01.ba.infn.it
remoteSeName =  storm-se-01.ba.infn.it
******************************************************
{"/home/cms021/home_cream_128233595/CREAM128233595/glide_9KW1W5/execute/dir_2302/CMSSW_6_2_0_SLHC12/validationEDM_5_1_N47.root": {"endpoint": "srm://storm-se-01.ba.infn.it:8444/srm/managerv2?SFN=//cms/store/user/calabria/calabria_SingleMuPt1000_GEN-SIM-DIGI-RECO_CMSSW_6_2_0_SLHC12_2023Scenario_Case2/calabria_MuMinus1000_GEN-SIM-DIGI-RECO_CMSSW_6_2_0_SLHC12_2023Scenario_VALNOPU2_Case2/5854dd31cbd3cdec44c48628cc181cf0/", "surl_for_grid": "", "reason": "Copy succedeed with srm-lcg utils", "erCode": "0", "se_name": "storm-se-01.ba.infn.it", "for_lfn": "/store/user/calabria/calabria_SingleMuPt1000_GEN-SIM-DIGI-RECO_CMSSW_6_2_0_SLHC12_2023Scenario_Case2/calabria_MuMinus1000_GEN-SIM-DIGI-RECO_CMSSW_6_2_0_SLHC12_2023Scenario_VALNOPU2_Case2/5854dd31cbd3cdec44c48628cc181cf0/"}}/home/cms021/home_cream_128233595/CREAM128233595/glide_9KW1W5/execute/dir_2302
-------- cat /home/cms021/home_cream_128233595/CREAM128233595/glide_9KW1W5/execute/dir_2302/cmscpReport.sh 
#!/bin/bash
echo "Report for File: /home/cms021/home_cream_128233595/CREAM128233595/glide_9KW1W5/execute/dir_2302/CMSSW_6_2_0_SLHC12/validationEDM_5_1_N47.root"
echo "LFN: /store/user/calabria/calabria_SingleMuPt1000_GEN-SIM-DIGI-RECO_CMSSW_6_2_0_SLHC12_2023Scenario_Case2/calabria_MuMinus1000_GEN-SIM-DIGI-RECO_CMSSW_6_2_0_SLHC12_2023Scenario_VALNOPU2_Case2/5854dd31cbd3cdec44c48628cc181cf0/validationEDM_5_1_N47.root"
echo "StorageElement: storm-se-01.ba.infn.it"
echo "StageOutExitStatusReason = 'Copy succedeed with srm-lcg utils'" | tee -a $RUNTIME_AREA/$repo
echo "StageOutSE = storm-se-01.ba.infn.it" >> $RUNTIME_AREA/$repo

export StageOutExitStatus=0
echo "StageOutExitStatus = 0" | tee -a $RUNTIME_AREA/$repo
-------- end of /home/cms021/home_cream_128233595/CREAM128233595/glide_9KW1W5/execute/dir_2302/cmscpReport.sh 
Report for File: /home/cms021/home_cream_128233595/CREAM128233595/glide_9KW1W5/execute/dir_2302/CMSSW_6_2_0_SLHC12/validationEDM_5_1_N47.root
LFN: /store/user/calabria/calabria_SingleMuPt1000_GEN-SIM-DIGI-RECO_CMSSW_6_2_0_SLHC12_2023Scenario_Case2/calabria_MuMinus1000_GEN-SIM-DIGI-RECO_CMSSW_6_2_0_SLHC12_2023Scenario_VALNOPU2_Case2/5854dd31cbd3cdec44c48628cc181cf0/validationEDM_5_1_N47.root
StorageElement: storm-se-01.ba.infn.it
StageOutExitStatusReason = 'Copy succedeed with srm-lcg utils'
StageOutExitStatus = 0
>>> current dir: /home/cms021/home_cream_128233595/CREAM128233595/glide_9KW1W5/execute/dir_2302
>>> current dir content:
total 28080
-rw-------  1 cms021 cms     2787 Jun 18 01:19 .SEinteraction.log
-rwx------  1 cms021 cms     6798 Jun 18 01:11 .job.ad
-rwx------  1 cms021 cms     9289 Jun 18 01:11 .machine.ad
-rw-------  1 cms021 cms      105 Jun 16 20:52 CMSSW.py
-rw-------  1 cms021 cms  3740190 Jun 16 20:52 CMSSW.py.pkl
-rwx------  1 cms021 cms    29582 Jun 18 01:11 CMSSW.sh
drwxr-xr-x 15 cms021 cms     4096 Jun 18 01:18 CMSSW_6_2_0_SLHC12
-rw-------  1 cms021 cms      219 Jun 18 01:12 CacheEnv.sh
-rw-------  1 cms021 cms     7291 Apr  4 11:04 DashboardAPI.py
-rw-------  1 cms021 cms     6800 Jun 18 01:12 DashboardAPI.pyc
drwx------  2 cms021 cms     4096 Jun 18 01:18 IMProv
-rw-------  1 cms021 cms     2748 Apr  4 11:04 Logger.py
-rw-------  1 cms021 cms     3342 Jun 18 01:12 Logger.pyc
-rw-------  1 cms021 cms    24524 Apr  4 11:04 ProcInfo.py
-rw-------  1 cms021 cms    23173 Jun 18 01:12 ProcInfo.pyc
drwx------  7 cms021 cms     4096 Jun 18 01:12 ProdCommon
drwx------  3 cms021 cms     4096 Jun 18 01:12 WMCore
-rw-------  1 cms021 cms     2416 Jun 18 01:19 Watchdog_5.log
-rwx------  1 cms021 cms        0 Jun 18 01:11 _condor_stderr
-rwx---r--  1 cms021 cms    29585 Jun 18 01:19 _condor_stdout
-rw-------  1 cms021 cms    32895 Apr  4 11:04 apmon.py
-rw-------  1 cms021 cms    28596 Jun 18 01:12 apmon.pyc
-rwx------  1 cms021 cms    54335 Jun 18 01:11 arguments.xml
-rwx------  1 cms021 cms    38515 Apr  4 11:04 cmscp.py
-rw-------  1 cms021 cms      719 Jun 18 01:19 cmscpReport.sh
-rwx------  1 cms021 cms    29582 Jun 18 01:11 condor_exec.exe
-rw-------  1 cms021 cms      968 Jun 16 20:52 crab.cfg
-rwx------  1 cms021 cms     8610 Apr  4 11:04 crabWatchdog.sh
-rwx---r--  1 cms021 cms   523447 Jun 18 01:18 crab_fjr_5.xml
-rwx------  1 cms021 cms 23958911 Jun 18 01:11 default.tgz
-rwx------  1 cms021 cms     4488 Apr  4 11:04 fillCrabFjr.py
-rw-------  1 cms021 cms     2673 Jun 18 01:12 inputsReport.txt
-rw-------  1 cms021 cms      261 Jun 18 01:19 jobreport.txt
-rw-------  1 cms021 cms    17352 Apr  4 11:04 parseCrabFjr.py
-rw-------  1 cms021 cms      328 Jun 18 01:12 report.log
-rwx--x--x  1 cms021 cms     1497 Apr  4 11:04 report.py
-rw-------  1 cms021 cms      778 Jun 18 01:19 resultCopyFile
lrwxrwxrwx  1 cms021 cms      124 Jun 18 01:18 validationEDM.root -> /home/cms021/home_cream_128233595/CREAM128233595/glide_9KW1W5/execute/dir_2302/CMSSW_6_2_0_SLHC12/validationEDM_5_1_N47.root
-rwx------  1 cms021 cms     8387 Apr  4 11:04 writeCfg.py
-rw-------  1 cms021 cms     8010 Jun 18 01:11 x509up_u50707
>>> Modify Job Report:
CMSSW_VERSION = CMSSW_6_2_0_SLHC12
ProcessedDataset = calabria_MuMinus1000_GEN-SIM-DIGI-RECO_CMSSW_6_2_0_SLHC12_2023Scenario_VALNOPU2_Case2
/home/cms021/home_cream_128233595/CREAM128233595/glide_9KW1W5/execute/dir_2302/ProdCommon/FwkJobRep/ModifyJobReport.py fjr /home/cms021/home_cream_128233595/CREAM128233595/glide_9KW1W5/execute/dir_2302/crab_fjr_5.xml json /home/cms021/home_cream_128233595/CREAM128233595/glide_9KW1W5/execute/dir_2302/resultCopyFile n_job 5_1_N47 PrimaryDataset calabria_SingleMuPt1000_GEN-SIM-DIGI-RECO_CMSSW_6_2_0_SLHC12_2023Scenario_Case2  ApplicationFamily cmsRun ApplicationName cmsRun cmssw_version CMSSW_6_2_0_SLHC12 psethash 5854dd31cbd3cdec44c48628cc181cf0 UserProcessedDataset calabria-calabria_MuMinus1000_GEN-SIM-DIGI-RECO_CMSSW_6_2_0_SLHC12_2023Scenario_VALNOPU2_Case2-5854dd31cbd3cdec44c48628cc181cf0
inputDict =  {u'/home/cms021/home_cream_128233595/CREAM128233595/glide_9KW1W5/execute/dir_2302/CMSSW_6_2_0_SLHC12/validationEDM_5_1_N47.root': {u'endpoint': u'srm://storm-se-01.ba.infn.it:8444/srm/managerv2?SFN=//cms/store/user/calabria/calabria_SingleMuPt1000_GEN-SIM-DIGI-RECO_CMSSW_6_2_0_SLHC12_2023Scenario_Case2/calabria_MuMinus1000_GEN-SIM-DIGI-RECO_CMSSW_6_2_0_SLHC12_2023Scenario_VALNOPU2_Case2/5854dd31cbd3cdec44c48628cc181cf0/', u'surl_for_grid': u'', u'reason': u'Copy succedeed with srm-lcg utils', u'erCode': u'0', u'se_name': u'storm-se-01.ba.infn.it', u'for_lfn': u'/store/user/calabria/calabria_SingleMuPt1000_GEN-SIM-DIGI-RECO_CMSSW_6_2_0_SLHC12_2023Scenario_Case2/calabria_MuMinus1000_GEN-SIM-DIGI-RECO_CMSSW_6_2_0_SLHC12_2023Scenario_VALNOPU2_Case2/5854dd31cbd3cdec44c48628cc181cf0/'}}
UserProcessedDataset =  calabria-calabria_MuMinus1000_GEN-SIM-DIGI-RECO_CMSSW_6_2_0_SLHC12_2023Scenario_VALNOPU2_Case2-5854dd31cbd3cdec44c48628cc181cf0
file_name in inputDict =  /home/cms021/home_cream_128233595/CREAM128233595/glide_9KW1W5/execute/dir_2302/CMSSW_6_2_0_SLHC12/validationEDM_5_1_N47.root
(size) os.stat(filename)[6] =  4058269
checksum =  3769787907
    file =  validationEDM_5_1_N47.root
    newPfn =  srm://storm-se-01.ba.infn.it:8444/srm/managerv2?SFN=//cms/store/user/calabria/calabria_SingleMuPt1000_GEN-SIM-DIGI-RECO_CMSSW_6_2_0_SLHC12_2023Scenario_Case2/calabria_MuMinus1000_GEN-SIM-DIGI-RECO_CMSSW_6_2_0_SLHC12_2023Scenario_VALNOPU2_Case2/5854dd31cbd3cdec44c48628cc181cf0/validationEDM_5_1_N47.root
    newLfn =  /store/user/calabria/calabria_SingleMuPt1000_GEN-SIM-DIGI-RECO_CMSSW_6_2_0_SLHC12_2023Scenario_Case2/calabria_MuMinus1000_GEN-SIM-DIGI-RECO_CMSSW_6_2_0_SLHC12_2023Scenario_VALNOPU2_Case2/5854dd31cbd3cdec44c48628cc181cf0/validationEDM_5_1_N47.root
>>> crab_fjr_*.xml  permission set to 0704
CrabWrapper EXIT_FUNC entered at Wed Jun 18 01:19:16 CEST 2014   -  Tue Jun 17 23:19:16 UTC 2014
Checking output files:  
will tar file crab_fjr_5.xml in  out_files_5
WARNING: output file CMSSW_5.stdout not found!
WARNING: output file CMSSW_5.stderr not found!
WARNING: output file Watchdog_5.log.gz not found!
>>> padding time: Sleeping the wrapper for 166 seconds
STOPPING WATCHDOG. CrabWatchdog PID is 2873
********** LAST 50 LINES OF WATCHDOG LOG
# RESOURCE USAGE SUMMARY FOR PROCESS ID  2322
USER       PID %CPU %MEM    VSZ   RSS TTY      STAT START   TIME COMMAND
cms021    2322  0.0  0.0   9496  1592 ?        S    01:11   0:00 /bin/sh /home/cms021/home_cream_128233595/CREAM128233595/glide_9KW1W5/execute/dir_2302/condor_exec.exe 5 1
 
# LIMITS USED BY CRAB WATCHDOG:
# RSS  (KBytes)   : 2300000
# VSZ  (KBytes)   : 100000000
# DISK (MBytes)   : 19000
# CPU TIME        : 720h:0m:0s
# WALL CLOCK TIME : 21h:50m:0s
 
# FOLLOWING PRINTOUT TRACKS MAXIMUM VALUES OF RESOURCES USE
# ONE LINE IS PRINTED EACH TIME A MAXIMUM CHANGES
# IF CHANGE WAS IN RSS OR VSZ ALSO PROCID AND COMMAND ARE PRINTED
# THERE IS NO PRINTOUT FOR CPU/WALL TIME INCREASE
 
# TIME			PID	RSS(KB)	VSZ(KB)	Dsk(MB)	tCPU(s)	tWALL(s)	COMMAND
 Jun 18 01:12:08 CEST	2302	8420	93612	0	0	0	condor_starter -f submit-6.t2.ucsd.edu        
 Jun 18 01:12:08 CEST	2885	24720	93612	0	0	0	edmConfigHash pset.py         
 Jun 18 01:12:08 CEST	6903	24720	93908	0	5	0	condor_startd -f         
 Jun 18 01:12:08 CEST	24686	24720	106092	0	0	0	sh -c "./glidein_startup.sh" -v std -name v1_3 -entry CMS_T2_IT_Bari_ce2 -clientname UCSD-v1_0.main
 Jun 18 01:12:08 CEST	24694	24720	106492	0	0	1	/bin/bash ./glidein_startup.sh -v std -name v1_3 -entry CMS_T2_IT_Bari_ce2 -clientname UCSD-v1_0.main -schedd
 Jun 18 01:12:08 CEST	---	24720	106492	171	----	----	----
 Jun 18 01:13:09 CEST	3203	767348	988728	171	38	61	cmsRun -j /home/cms021/home_cream_128233595/CREAM128233595/glide_9KW1W5/execute/dir_2302/crab_fjr_5.xml -p pset.py      
 Jun 18 01:13:09 CEST	---	767348	988728	175	----	----	----
 Jun 18 01:14:09 CEST	3203	789956	1016652	175	82	122	cmsRun -j /home/cms021/home_cream_128233595/CREAM128233595/glide_9KW1W5/execute/dir_2302/crab_fjr_5.xml -p pset.py      
 Jun 18 01:15:10 CEST	3203	789956	1027660	175	124	183	cmsRun -j /home/cms021/home_cream_128233595/CREAM128233595/glide_9KW1W5/execute/dir_2302/crab_fjr_5.xml -p pset.py      
 Jun 18 01:17:12 CEST	3203	789956	1035340	175	213	304	cmsRun -j /home/cms021/home_cream_128233595/CREAM128233595/glide_9KW1W5/execute/dir_2302/crab_fjr_5.xml -p pset.py      
 Jun 18 01:18:13 CEST	3203	1359136	1765708	175	274	365	cmsRun -j /home/cms021/home_cream_128233595/CREAM128233595/glide_9KW1W5/execute/dir_2302/crab_fjr_5.xml -p pset.py      
 Jun 18 01:18:13 CEST	---	1359136	1765708	176	----	----	----
 Jun 18 01:19:13 CEST	---	1359136	1765708	179	----	----	----
********** WATCHDOG LOG ENDED
ZIPPING WATCHDOG LOG
Disk space used:
du -sh /home/cms021/home_cream_128233595/CREAM128233595/glide_9KW1W5/execute/dir_2302
179M	/home/cms021/home_cream_128233595/CREAM128233595/glide_9KW1W5/execute/dir_2302
Found unusual stdout, rename for OSB
`/home/cms021/home_cream_128233595/CREAM128233595/glide_9KW1W5/execute/dir_2302/_condor_stdout' -> `CMSSW_5.stdout'
Found unusual stderr, rename for OSB
`/home/cms021/home_cream_128233595/CREAM128233595/glide_9KW1W5/execute/dir_2302/_condor_stdout' -> `CMSSW_5.stderr'
crab_fjr_5.xml
CMSSW_5.stdout
CMSSW_5.stderr
Watchdog_5.log.gz
Total Output dimension: 69944
WARNING: output files size limit is set to: 50000000
Total Output dimension 69944 is fine.
JOB_EXIT_STATUS = 0
>>> info for dashboard:
***** Cat /home/cms021/home_cream_128233595/CREAM128233595/glide_9KW1W5/execute/dir_2302/jobreport.txt *****
MonitorJobID=5_https://submit-6.t2.ucsd.edu//140616//168549.4
MonitorID=calabria_MuMinus1000_Case2_ReReco_3mv5b6
ExeTime=359
ExeExitCode=0
StageOutExitStatusReason = 'Copy succedeed with srm-lcg utils'
StageOutSE = storm-se-01.ba.infn.it
StageOutExitStatus = 0
CrabUserCpuTime=200.93
CrabSysCpuTime=80.42
CrabCpuPercentage=78%
CrabWrapperTime=600
CrabStageoutTime=49
JobExitCode=0
***** End Cat jobreport *****
Parameters sent to Dashboard.
EXITING at Wed Jun 18 01:22:07 CEST 2014  -  Tue Jun 17 23:22:07 UTC 2014
