This script was generated by crab (version 2.10.5_patch1).
Running /home/cms011/home_cream_383624233/CREAM383624233/glide_AVxN1e/execute/dir_15600/condor_exec.exe with 2 positional parameters: 17 1
Today is Wed Jun 18 00:32:36 CEST 2014 - Tue Jun 17 22:32:36 UTC 2014
Job submitted on host alicegrid63.ba.infn.it
Linux alicegrid63.ba.infn.it 2.6.32-358.23.2.el6.x86_64 #1 SMP Thu Oct 17 10:27:22 CEST 2013 x86_64 x86_64 x86_64 GNU/Linux
>>> current directory (RUNTIME_AREA): /home/cms011/home_cream_383624233/CREAM383624233/glide_AVxN1e/execute/dir_15600
>>> current user: uid=11720(cms011) gid=1399(cms) groups=1399(cms)
>>> directory permission set to 0700
>>> umask set to:  u=rwx,g=,o=
>>> stdout stderr permission set to 0704
>>> voms proxy information:
subject   : /C=IT/O=INFN/OU=Personal Certificate/L=Bari/CN=Cesare Calabria/CN=477126703/CN=994346724
issuer    : /C=IT/O=INFN/OU=Personal Certificate/L=Bari/CN=Cesare Calabria/CN=477126703
identity  : /C=IT/O=INFN/OU=Personal Certificate/L=Bari/CN=Cesare Calabria
type      : RFC3820 compliant limited proxy
strength  : 1024
path      : /home/cms011/home_cream_383624233/CREAM383624233/glide_AVxN1e/execute/dir_15600/x509up_u50707
timeleft  : 23:59:50
key usage : Digital Signature, Key Encipherment, Data Encipherment
=== VO cms extension information ===
VO        : cms
subject   : /C=IT/O=INFN/OU=Personal Certificate/L=Bari/CN=Cesare Calabria
issuer    : /DC=ch/DC=cern/OU=computers/CN=voms.cern.ch
attribute : /cms/Role=NULL/Capability=NULL
attribute : /cms/itcms/Role=NULL/Capability=NULL
timeleft  : 154:51:43
uri       : voms.cern.ch:15002

WNHostName=alicegrid63.ba.infn.it
>>> tar --no-same-permissions -xf /home/cms011/home_cream_383624233/CREAM383624233/glide_AVxN1e/execute/dir_15600/default.tgz :
Successful untar
>>> Include /home/cms011/home_cream_383624233/CREAM383624233/glide_AVxN1e/execute/dir_15600 in PYTHONPATH:
strip arguments
env var CRAB_UNIQUE_JOB_ID set to: calabria_MuMinus1000_Case2_ReReco_3mv5b6_17_1_PZk
out_files_17
>>> list of expected files on output sandbox
output files: crab_fjr_17.xml CMSSW_17.stdout CMSSW_17.stderr Watchdog_17.log.gz
>>> GridFlavour discovery: 
GridFlavour=LCG
>>> SyncSite discovery: 
SyncSite=T2_IT_Bari
>>> SyncCE discovery: 
getting SyncCE from CE_ID
SyncCE=cream-ce-2.ba.infn.it:8443/cream-pbs-cms
>>> info for dashboard:
***** Cat /home/cms011/home_cream_383624233/CREAM383624233/glide_AVxN1e/execute/dir_15600/jobreport.txt *****
WNHostName=alicegrid63.ba.infn.it
MonitorJobID=17_https://submit-6.t2.ucsd.edu//140616//168549.16
SyncGridJobId=https://submit-6.t2.ucsd.edu//140616//168549.16
MonitorID=calabria_MuMinus1000_Case2_ReReco_3mv5b6
GridFlavour=LCG
SyncSite=T2_IT_Bari
SyncCE=cream-ce-2.ba.infn.it:8443/cream-pbs-cms
***** End Cat jobreport *****
Parameters sent to Dashboard.
>>> setup environment
set SCRAM ARCH to slc5_amd64_gcc472
SCRAM_ARCH = slc5_amd64_gcc472
>>> setup CMS LCG environment:
set SCRAM ARCH and BUILD_ARCH to slc5_amd64_gcc472 ###
Sourcing environment... 
sourcing /cvmfs/cms.cern.ch/cmsset_default.sh
==> setup cms environment ok
>>> specific cmssw setup environment:
CMSSW_VERSION =  CMSSW_6_2_0_SLHC12
>>> current directory (SOFTWARE_DIR): /home/cms011/home_cream_383624233/CREAM383624233/glide_AVxN1e/execute/dir_15600/CMSSW_6_2_0_SLHC12
PreserveSeeds: <>
IncrementSeeds:<>
>>> info for dashboard:
***** Cat /home/cms011/home_cream_383624233/CREAM383624233/glide_AVxN1e/execute/dir_15600/jobreport.txt *****
MonitorJobID=17_https://submit-6.t2.ucsd.edu//140616//168549.16
MonitorID=calabria_MuMinus1000_Case2_ReReco_3mv5b6
***** End Cat jobreport *****
Parameters sent to Dashboard.
crabWatchdog started as process 16012
>>> moving CMSSW software directories in /home/cms011/home_cream_383624233/CREAM383624233/glide_AVxN1e/execute/dir_15600/CMSSW_6_2_0_SLHC12
mv: cannot stat `/home/cms011/home_cream_383624233/CREAM383624233/glide_AVxN1e/execute/dir_15600/module/': No such file or directory
>>> Include /home/cms011/home_cream_383624233/CREAM383624233/glide_AVxN1e/execute/dir_15600 in PYTHONPATH:
PYTHONPATH=/home/cms011/home_cream_383624233/CREAM383624233/glide_AVxN1e/execute/dir_15600/:/home/cms011/home_cream_383624233/CREAM383624233/glide_AVxN1e/execute/dir_15600/CMSSW_6_2_0_SLHC12/python:/home/cms011/home_cream_383624233/CREAM383624233/glide_AVxN1e/execute/dir_15600/CMSSW_6_2_0_SLHC12/lib/slc5_amd64_gcc472:/cvmfs/cms.cern.ch/slc5_amd64_gcc472/cms/cmssw/CMSSW_6_2_0_SLHC12/python:/cvmfs/cms.cern.ch/slc5_amd64_gcc472/cms/cmssw/CMSSW_6_2_0_SLHC12/lib/slc5_amd64_gcc472:/cvmfs/cms.cern.ch/slc5_amd64_gcc472/cms/coral/CORAL_2_3_21-cms36/slc5_amd64_gcc472/python:/cvmfs/cms.cern.ch/slc5_amd64_gcc472/cms/coral/CORAL_2_3_21-cms36/slc5_amd64_gcc472/lib:/cvmfs/cms.cern.ch/slc5_amd64_gcc472/external/pyqt/4.8.1-cms6/lib/python2.7/site-packages:/cvmfs/cms.cern.ch/slc5_amd64_gcc472/external/py2-scipy/0.8.0-cms8/lib/python2.7/site-packages:/cvmfs/cms.cern.ch/slc5_amd64_gcc472/external/py2-matplotlib/1.0.1-cms8/lib/python2.7/site-packages:/cvmfs/cms.cern.ch/slc5_amd64_gcc472/external/python-ldap/2.3.5-cms6/lib/python2.7/site-packages:/cvmfs/cms.cern.ch/slc5_amd64_gcc472/external/sip/4.11.2-cms6/lib/python2.7/site-packages:/cvmfs/cms.cern.ch/slc5_amd64_gcc472/external/py2-pycurl/7.19.0-cms8/lib/python2.7/site-packages:/cvmfs/cms.cern.ch/slc5_amd64_gcc472/external/py2-numpy/1.6.1-cms8/lib/python2.7/site-packages:/cvmfs/cms.cern.ch/slc5_amd64_gcc472/external/py2-lint/0.25.1-cms6/lib/python2.7/site-packages:/cvmfs/cms.cern.ch/slc5_amd64_gcc472/external/py2-ipython/0.10-cms6/lib/python2.7/site-packages:/cvmfs/cms.cern.ch/slc5_amd64_gcc472/external/py2-cx-oracle/5.1-cms7/lib/python2.7/site-packages:/cvmfs/cms.cern.ch/slc5_amd64_gcc472/external/py2-cjson/1.0.5-cms6/lib/python2.7/site-packages:/cvmfs/cms.cern.ch/slc5_amd64_gcc472/cms/das-client/1.11.7/bin:/cvmfs/cms.cern.ch/slc5_amd64_gcc472/external/elementtree/1.2.6-cms6/share/lib/python2.7/site-packages:/cvmfs/cms.cern.ch/slc5_amd64_gcc472/external/rivet/1.8.2-cms8/lib/python2.7/site-packages:/cvmfs/cms.cern.ch/slc5_amd64_gcc472/external/pyminuit2/0.0.1-cms19/lib/python2.7/site-packages:/cvmfs/cms.cern.ch/slc5_amd64_gcc472/external/py2-pygithub/1.23.0/lib/python2.7/site-packages:/cvmfs/cms.cern.ch/slc5_amd64_gcc472/external/professor/1.0.0-cms19/lib/python2.7/site-packages:/cvmfs/cms.cern.ch/slc5_amd64_gcc472/lcg/root/5.34.07-cms/lib:/cvmfs/cms.cern.ch/slc5_amd64_gcc472/cms/dbs-client/DBS_2_1_9-cms5/lib:/cvmfs/cms.cern.ch/slc5_amd64_gcc472/cms/dbs-client/DBS_2_1_9-cms5/lib/DBSAPI:/cvmfs/cms.cern.ch/slc5_amd64_gcc472/external/cvs2git/5419-cms/lib:/home/cms011/home_cream_383624233/CREAM383624233/glide_AVxN1e/execute/dir_15600/
 
# LIMITS USED BY CRAB WATCHDOG:
# RSS  (KBytes)   : 2300000
# VSZ  (KBytes)   : 100000000
# DISK (MBytes)   : 19000
# CPU TIME        : 720h:0m:0s
# WALL CLOCK TIME : 21h:50m:0s
 
5854dd31cbd3cdec44c48628cc181cf0
PSETHASH = 5854dd31cbd3cdec44c48628cc181cf0
/home/cms011/home_cream_383624233/CREAM383624233/glide_AVxN1e/execute/dir_15600/writeCfg.py pset.py pset.py
Importing .py file
Setting parameters
RandomNumberGeneratorService found, will attempt to change seeds
inputBlocks=/calabria_SingleMuPt1000_GEN-SIM-DIGI-RECO_CMSSW_6_2_0_SLHC12_2023Scenario_Case2/calabria-calabria_SingleMuPt1000_GEN-SIM-DIGI-RECO_CMSSW_6_2_0_SLHC12_2023Scenario_Case2-fa5ffd20b461790f8466430606d05ce8/USER#eae8e1e5-3276-4875-a3eb-f59f87fabee4
inputFiles=/store/user/calabria/calabria_SingleMuPt1000_GEN-SIM-DIGI-RECO_CMSSW_6_2_0_SLHC12_2023Scenario_Case2/calabria_SingleMuPt1000_GEN-SIM-DIGI-RECO_CMSSW_6_2_0_SLHC12_2023Scenario_Case2/fa5ffd20b461790f8466430606d05ce8/out_reco_396_1_m1L.root;/store/user/calabria/calabria_SingleMuPt1000_GEN-SIM-DIGI-RECO_CMSSW_6_2_0_SLHC12_2023Scenario_Case2/calabria_SingleMuPt1000_GEN-SIM-DIGI-RECO_CMSSW_6_2_0_SLHC12_2023Scenario_Case2/fa5ffd20b461790f8466430606d05ce8/out_reco_397_1_AEo.root;/store/user/calabria/calabria_SingleMuPt1000_GEN-SIM-DIGI-RECO_CMSSW_6_2_0_SLHC12_2023Scenario_Case2/calabria_SingleMuPt1000_GEN-SIM-DIGI-RECO_CMSSW_6_2_0_SLHC12_2023Scenario_Case2/fa5ffd20b461790f8466430606d05ce8/out_reco_398_1_M4y.root;/store/user/calabria/calabria_SingleMuPt1000_GEN-SIM-DIGI-RECO_CMSSW_6_2_0_SLHC12_2023Scenario_Case2/calabria_SingleMuPt1000_GEN-SIM-DIGI-RECO_CMSSW_6_2_0_SLHC12_2023Scenario_Case2/fa5ffd20b461790f8466430606d05ce8/out_reco_399_1_VPb.root;/store/user/calabria/calabria_SingleMuPt1000_GEN-SIM-DIGI-RECO_CMSSW_6_2_0_SLHC12_2023Scenario_Case2/calabria_SingleMuPt1000_GEN-SIM-DIGI-RECO_CMSSW_6_2_0_SLHC12_2023Scenario_Case2/fa5ffd20b461790f8466430606d05ce8/out_reco_402_1_kU5.root;/store/user/calabria/calabria_SingleMuPt1000_GEN-SIM-DIGI-RECO_CMSSW_6_2_0_SLHC12_2023Scenario_Case2/calabria_SingleMuPt1000_GEN-SIM-DIGI-RECO_CMSSW_6_2_0_SLHC12_2023Scenario_Case2/fa5ffd20b461790f8466430606d05ce8/out_reco_403_1_0aV.root;/store/user/calabria/calabria_SingleMuPt1000_GEN-SIM-DIGI-RECO_CMSSW_6_2_0_SLHC12_2023Scenario_Case2/calabria_SingleMuPt1000_GEN-SIM-DIGI-RECO_CMSSW_6_2_0_SLHC12_2023Scenario_Case2/fa5ffd20b461790f8466430606d05ce8/out_reco_405_1_oGK.root;/store/user/calabria/calabria_SingleMuPt1000_GEN-SIM-DIGI-RECO_CMSSW_6_2_0_SLHC12_2023Scenario_Case2/calabria_SingleMuPt1000_GEN-SIM-DIGI-RECO_CMSSW_6_2_0_SLHC12_2023Scenario_Case2/fa5ffd20b461790f8466430606d05ce8/out_reco_406_1_WJV.root;/store/user/calabria/calabria_SingleMuPt1000_GEN-SIM-DIGI-RECO_CMSSW_6_2_0_SLHC12_2023Scenario_Case2/calabria_SingleMuPt1000_GEN-SIM-DIGI-RECO_CMSSW_6_2_0_SLHC12_2023Scenario_Case2/fa5ffd20b461790f8466430606d05ce8/out_reco_409_1_Jc4.root;/store/user/calabria/calabria_SingleMuPt1000_GEN-SIM-DIGI-RECO_CMSSW_6_2_0_SLHC12_2023Scenario_Case2/calabria_SingleMuPt1000_GEN-SIM-DIGI-RECO_CMSSW_6_2_0_SLHC12_2023Scenario_Case2/fa5ffd20b461790f8466430606d05ce8/out_reco_412_1_qbf.root
parentFiles=
lumisRange=
>>> Executable cmsRun
/cvmfs/cms.cern.ch/slc5_amd64_gcc472/cms/cmssw/CMSSW_6_2_0_SLHC12/bin/slc5_amd64_gcc472/cmsRun
ok executable found
>>> info for dashboard:
***** Cat /home/cms011/home_cream_383624233/CREAM383624233/glide_AVxN1e/execute/dir_15600/jobreport.txt *****
MonitorJobID=17_https://submit-6.t2.ucsd.edu//140616//168549.16
MonitorID=calabria_MuMinus1000_Case2_ReReco_3mv5b6
ExeStart=cmsRun
***** End Cat jobreport *****
Parameters sent to Dashboard.
>>> cmsRun started at Tue Jun 17 22:33:02 UTC 2014
>>> cmsRun ended at Tue Jun 17 22:39:37 UTC 2014
>>> crab_fjr_*.xml  permission set to 0704
>>> info for dashboard:
***** Cat /home/cms011/home_cream_383624233/CREAM383624233/glide_AVxN1e/execute/dir_15600/jobreport.txt *****
MonitorJobID=17_https://submit-6.t2.ucsd.edu//140616//168549.16
MonitorID=calabria_MuMinus1000_Case2_ReReco_3mv5b6
ExeEnd=cmsRun
***** End Cat jobreport *****
Parameters sent to Dashboard.
TIME_EXE = 395 sec
>>> cmsRun wrote 50 lines of stdout+stderr
>>> START OF printout of 50 lines from stdout+stderr
271 DQMStore::DQMStore 
HcalTopologyIdealEP::HcalTopologyIdealEP
18-Jun-2014 00:33:22 CEST  Initiating request to open file file:/lustre/cms//store/user/calabria/calabria_SingleMuPt1000_GEN-SIM-DIGI-RECO_CMSSW_6_2_0_SLHC12_2023Scenario_Case2/calabria_SingleMuPt1000_GEN-SIM-DIGI-RECO_CMSSW_6_2_0_SLHC12_2023Scenario_Case2/fa5ffd20b461790f8466430606d05ce8/out_reco_396_1_m1L.root
18-Jun-2014 00:33:25 CEST  Successfully opened file file:/lustre/cms//store/user/calabria/calabria_SingleMuPt1000_GEN-SIM-DIGI-RECO_CMSSW_6_2_0_SLHC12_2023Scenario_Case2/calabria_SingleMuPt1000_GEN-SIM-DIGI-RECO_CMSSW_6_2_0_SLHC12_2023Scenario_Case2/fa5ffd20b461790f8466430606d05ce8/out_reco_396_1_m1L.root
18-Jun-2014 00:34:04 CEST  Closed file file:/lustre/cms//store/user/calabria/calabria_SingleMuPt1000_GEN-SIM-DIGI-RECO_CMSSW_6_2_0_SLHC12_2023Scenario_Case2/calabria_SingleMuPt1000_GEN-SIM-DIGI-RECO_CMSSW_6_2_0_SLHC12_2023Scenario_Case2/fa5ffd20b461790f8466430606d05ce8/out_reco_396_1_m1L.root
18-Jun-2014 00:34:04 CEST  Initiating request to open file file:/lustre/cms//store/user/calabria/calabria_SingleMuPt1000_GEN-SIM-DIGI-RECO_CMSSW_6_2_0_SLHC12_2023Scenario_Case2/calabria_SingleMuPt1000_GEN-SIM-DIGI-RECO_CMSSW_6_2_0_SLHC12_2023Scenario_Case2/fa5ffd20b461790f8466430606d05ce8/out_reco_397_1_AEo.root
18-Jun-2014 00:34:05 CEST  Successfully opened file file:/lustre/cms//store/user/calabria/calabria_SingleMuPt1000_GEN-SIM-DIGI-RECO_CMSSW_6_2_0_SLHC12_2023Scenario_Case2/calabria_SingleMuPt1000_GEN-SIM-DIGI-RECO_CMSSW_6_2_0_SLHC12_2023Scenario_Case2/fa5ffd20b461790f8466430606d05ce8/out_reco_397_1_AEo.root
18-Jun-2014 00:34:47 CEST  Closed file file:/lustre/cms//store/user/calabria/calabria_SingleMuPt1000_GEN-SIM-DIGI-RECO_CMSSW_6_2_0_SLHC12_2023Scenario_Case2/calabria_SingleMuPt1000_GEN-SIM-DIGI-RECO_CMSSW_6_2_0_SLHC12_2023Scenario_Case2/fa5ffd20b461790f8466430606d05ce8/out_reco_397_1_AEo.root
18-Jun-2014 00:34:47 CEST  Initiating request to open file file:/lustre/cms//store/user/calabria/calabria_SingleMuPt1000_GEN-SIM-DIGI-RECO_CMSSW_6_2_0_SLHC12_2023Scenario_Case2/calabria_SingleMuPt1000_GEN-SIM-DIGI-RECO_CMSSW_6_2_0_SLHC12_2023Scenario_Case2/fa5ffd20b461790f8466430606d05ce8/out_reco_398_1_M4y.root
18-Jun-2014 00:34:47 CEST  Successfully opened file file:/lustre/cms//store/user/calabria/calabria_SingleMuPt1000_GEN-SIM-DIGI-RECO_CMSSW_6_2_0_SLHC12_2023Scenario_Case2/calabria_SingleMuPt1000_GEN-SIM-DIGI-RECO_CMSSW_6_2_0_SLHC12_2023Scenario_Case2/fa5ffd20b461790f8466430606d05ce8/out_reco_398_1_M4y.root
18-Jun-2014 00:35:23 CEST  Closed file file:/lustre/cms//store/user/calabria/calabria_SingleMuPt1000_GEN-SIM-DIGI-RECO_CMSSW_6_2_0_SLHC12_2023Scenario_Case2/calabria_SingleMuPt1000_GEN-SIM-DIGI-RECO_CMSSW_6_2_0_SLHC12_2023Scenario_Case2/fa5ffd20b461790f8466430606d05ce8/out_reco_398_1_M4y.root
18-Jun-2014 00:35:23 CEST  Initiating request to open file file:/lustre/cms//store/user/calabria/calabria_SingleMuPt1000_GEN-SIM-DIGI-RECO_CMSSW_6_2_0_SLHC12_2023Scenario_Case2/calabria_SingleMuPt1000_GEN-SIM-DIGI-RECO_CMSSW_6_2_0_SLHC12_2023Scenario_Case2/fa5ffd20b461790f8466430606d05ce8/out_reco_399_1_VPb.root
18-Jun-2014 00:35:23 CEST  Successfully opened file file:/lustre/cms//store/user/calabria/calabria_SingleMuPt1000_GEN-SIM-DIGI-RECO_CMSSW_6_2_0_SLHC12_2023Scenario_Case2/calabria_SingleMuPt1000_GEN-SIM-DIGI-RECO_CMSSW_6_2_0_SLHC12_2023Scenario_Case2/fa5ffd20b461790f8466430606d05ce8/out_reco_399_1_VPb.root
18-Jun-2014 00:35:59 CEST  Closed file file:/lustre/cms//store/user/calabria/calabria_SingleMuPt1000_GEN-SIM-DIGI-RECO_CMSSW_6_2_0_SLHC12_2023Scenario_Case2/calabria_SingleMuPt1000_GEN-SIM-DIGI-RECO_CMSSW_6_2_0_SLHC12_2023Scenario_Case2/fa5ffd20b461790f8466430606d05ce8/out_reco_399_1_VPb.root
18-Jun-2014 00:35:59 CEST  Initiating request to open file file:/lustre/cms//store/user/calabria/calabria_SingleMuPt1000_GEN-SIM-DIGI-RECO_CMSSW_6_2_0_SLHC12_2023Scenario_Case2/calabria_SingleMuPt1000_GEN-SIM-DIGI-RECO_CMSSW_6_2_0_SLHC12_2023Scenario_Case2/fa5ffd20b461790f8466430606d05ce8/out_reco_402_1_kU5.root
18-Jun-2014 00:35:59 CEST  Successfully opened file file:/lustre/cms//store/user/calabria/calabria_SingleMuPt1000_GEN-SIM-DIGI-RECO_CMSSW_6_2_0_SLHC12_2023Scenario_Case2/calabria_SingleMuPt1000_GEN-SIM-DIGI-RECO_CMSSW_6_2_0_SLHC12_2023Scenario_Case2/fa5ffd20b461790f8466430606d05ce8/out_reco_402_1_kU5.root
18-Jun-2014 00:36:34 CEST  Closed file file:/lustre/cms//store/user/calabria/calabria_SingleMuPt1000_GEN-SIM-DIGI-RECO_CMSSW_6_2_0_SLHC12_2023Scenario_Case2/calabria_SingleMuPt1000_GEN-SIM-DIGI-RECO_CMSSW_6_2_0_SLHC12_2023Scenario_Case2/fa5ffd20b461790f8466430606d05ce8/out_reco_402_1_kU5.root
18-Jun-2014 00:36:34 CEST  Initiating request to open file file:/lustre/cms//store/user/calabria/calabria_SingleMuPt1000_GEN-SIM-DIGI-RECO_CMSSW_6_2_0_SLHC12_2023Scenario_Case2/calabria_SingleMuPt1000_GEN-SIM-DIGI-RECO_CMSSW_6_2_0_SLHC12_2023Scenario_Case2/fa5ffd20b461790f8466430606d05ce8/out_reco_403_1_0aV.root
18-Jun-2014 00:36:34 CEST  Successfully opened file file:/lustre/cms//store/user/calabria/calabria_SingleMuPt1000_GEN-SIM-DIGI-RECO_CMSSW_6_2_0_SLHC12_2023Scenario_Case2/calabria_SingleMuPt1000_GEN-SIM-DIGI-RECO_CMSSW_6_2_0_SLHC12_2023Scenario_Case2/fa5ffd20b461790f8466430606d05ce8/out_reco_403_1_0aV.root
18-Jun-2014 00:37:12 CEST  Closed file file:/lustre/cms//store/user/calabria/calabria_SingleMuPt1000_GEN-SIM-DIGI-RECO_CMSSW_6_2_0_SLHC12_2023Scenario_Case2/calabria_SingleMuPt1000_GEN-SIM-DIGI-RECO_CMSSW_6_2_0_SLHC12_2023Scenario_Case2/fa5ffd20b461790f8466430606d05ce8/out_reco_403_1_0aV.root
18-Jun-2014 00:37:12 CEST  Initiating request to open file file:/lustre/cms//store/user/calabria/calabria_SingleMuPt1000_GEN-SIM-DIGI-RECO_CMSSW_6_2_0_SLHC12_2023Scenario_Case2/calabria_SingleMuPt1000_GEN-SIM-DIGI-RECO_CMSSW_6_2_0_SLHC12_2023Scenario_Case2/fa5ffd20b461790f8466430606d05ce8/out_reco_405_1_oGK.root
18-Jun-2014 00:37:12 CEST  Successfully opened file file:/lustre/cms//store/user/calabria/calabria_SingleMuPt1000_GEN-SIM-DIGI-RECO_CMSSW_6_2_0_SLHC12_2023Scenario_Case2/calabria_SingleMuPt1000_GEN-SIM-DIGI-RECO_CMSSW_6_2_0_SLHC12_2023Scenario_Case2/fa5ffd20b461790f8466430606d05ce8/out_reco_405_1_oGK.root
18-Jun-2014 00:37:46 CEST  Closed file file:/lustre/cms//store/user/calabria/calabria_SingleMuPt1000_GEN-SIM-DIGI-RECO_CMSSW_6_2_0_SLHC12_2023Scenario_Case2/calabria_SingleMuPt1000_GEN-SIM-DIGI-RECO_CMSSW_6_2_0_SLHC12_2023Scenario_Case2/fa5ffd20b461790f8466430606d05ce8/out_reco_405_1_oGK.root
18-Jun-2014 00:37:46 CEST  Initiating request to open file file:/lustre/cms//store/user/calabria/calabria_SingleMuPt1000_GEN-SIM-DIGI-RECO_CMSSW_6_2_0_SLHC12_2023Scenario_Case2/calabria_SingleMuPt1000_GEN-SIM-DIGI-RECO_CMSSW_6_2_0_SLHC12_2023Scenario_Case2/fa5ffd20b461790f8466430606d05ce8/out_reco_406_1_WJV.root
18-Jun-2014 00:37:46 CEST  Successfully opened file file:/lustre/cms//store/user/calabria/calabria_SingleMuPt1000_GEN-SIM-DIGI-RECO_CMSSW_6_2_0_SLHC12_2023Scenario_Case2/calabria_SingleMuPt1000_GEN-SIM-DIGI-RECO_CMSSW_6_2_0_SLHC12_2023Scenario_Case2/fa5ffd20b461790f8466430606d05ce8/out_reco_406_1_WJV.root
18-Jun-2014 00:38:21 CEST  Closed file file:/lustre/cms//store/user/calabria/calabria_SingleMuPt1000_GEN-SIM-DIGI-RECO_CMSSW_6_2_0_SLHC12_2023Scenario_Case2/calabria_SingleMuPt1000_GEN-SIM-DIGI-RECO_CMSSW_6_2_0_SLHC12_2023Scenario_Case2/fa5ffd20b461790f8466430606d05ce8/out_reco_406_1_WJV.root
18-Jun-2014 00:38:21 CEST  Initiating request to open file file:/lustre/cms//store/user/calabria/calabria_SingleMuPt1000_GEN-SIM-DIGI-RECO_CMSSW_6_2_0_SLHC12_2023Scenario_Case2/calabria_SingleMuPt1000_GEN-SIM-DIGI-RECO_CMSSW_6_2_0_SLHC12_2023Scenario_Case2/fa5ffd20b461790f8466430606d05ce8/out_reco_409_1_Jc4.root
18-Jun-2014 00:38:21 CEST  Successfully opened file file:/lustre/cms//store/user/calabria/calabria_SingleMuPt1000_GEN-SIM-DIGI-RECO_CMSSW_6_2_0_SLHC12_2023Scenario_Case2/calabria_SingleMuPt1000_GEN-SIM-DIGI-RECO_CMSSW_6_2_0_SLHC12_2023Scenario_Case2/fa5ffd20b461790f8466430606d05ce8/out_reco_409_1_Jc4.root
18-Jun-2014 00:38:54 CEST  Closed file file:/lustre/cms//store/user/calabria/calabria_SingleMuPt1000_GEN-SIM-DIGI-RECO_CMSSW_6_2_0_SLHC12_2023Scenario_Case2/calabria_SingleMuPt1000_GEN-SIM-DIGI-RECO_CMSSW_6_2_0_SLHC12_2023Scenario_Case2/fa5ffd20b461790f8466430606d05ce8/out_reco_409_1_Jc4.root
18-Jun-2014 00:38:54 CEST  Initiating request to open file file:/lustre/cms//store/user/calabria/calabria_SingleMuPt1000_GEN-SIM-DIGI-RECO_CMSSW_6_2_0_SLHC12_2023Scenario_Case2/calabria_SingleMuPt1000_GEN-SIM-DIGI-RECO_CMSSW_6_2_0_SLHC12_2023Scenario_Case2/fa5ffd20b461790f8466430606d05ce8/out_reco_412_1_qbf.root
18-Jun-2014 00:38:54 CEST  Successfully opened file file:/lustre/cms//store/user/calabria/calabria_SingleMuPt1000_GEN-SIM-DIGI-RECO_CMSSW_6_2_0_SLHC12_2023Scenario_Case2/calabria_SingleMuPt1000_GEN-SIM-DIGI-RECO_CMSSW_6_2_0_SLHC12_2023Scenario_Case2/fa5ffd20b461790f8466430606d05ce8/out_reco_412_1_qbf.root
18-Jun-2014 00:39:36 CEST  Closed file file:/lustre/cms//store/user/calabria/calabria_SingleMuPt1000_GEN-SIM-DIGI-RECO_CMSSW_6_2_0_SLHC12_2023Scenario_Case2/calabria_SingleMuPt1000_GEN-SIM-DIGI-RECO_CMSSW_6_2_0_SLHC12_2023Scenario_Case2/fa5ffd20b461790f8466430606d05ce8/out_reco_412_1_qbf.root

=============================================

MessageLogger Summary

 type     category        sev    module        subroutine        count    total
 ---- -------------------- -- ---------------- ----------------  -----    -----
    1 fileAction           -s file_close                            10       10
    2 fileAction           -s file_open                             20       20

 type    category    Examples: run/evt        run/evt          run/evt
 ---- -------------------- ---------------- ---------------- ----------------
    1 fileAction           PostProcessEvent PostProcessEvent PostEndRun
    2 fileAction           pre-events       pre-events       PostProcessEvent

Severity    # Occurrences   Total Occurrences
--------    -------------   -----------------
System                 30                  30
>>> END OF printout of 50 lines from stdout+stderr
>>> Parse FrameworkJobReport crab_fjr.xml
Result of parsing the FrameworkJobReport crab_fjr.xml: Popularity start
lumisRange : 1::::1;1::::2;1::::3;1::::4;1::::5;1::::6;1::::7;1::::8;1::::9;1::::10;
lumisParentRange : 
Basename : /store/user/calabria/calabria_SingleMuPt1000_GEN-SIM-DIGI-RECO_CMSSW_6_2_0_SLHC12_2023Scenario_Case2/calabria_SingleMuPt1000_GEN-SIM-DIGI-RECO_CMSSW_6_2_0_SLHC12_2023Scenario_Case2/fa5ffd20b461790f8466430606d05ce8/out_reco_
BasenameParent : 
parentFiles : 
inputBlocks : /calabria_SingleMuPt1000_GEN-SIM-DIGI-RECO_CMSSW_6_2_0_SLHC12_2023Scenario_Case2/calabria-calabria_SingleMuPt1000_GEN-SIM-DIGI-RECO_CMSSW_6_2_0_SLHC12_2023Scenario_Case2-fa5ffd20b461790f8466430606d05ce8/USER#eae8e1e5-3276-4875-a3eb-f59f87fabee4
inputFiles : 399_1_VPb.root::1::EDM::Local::1;396_1_m1L.root::1::EDM::Local::2;406_1_WJV.root::1::EDM::Local::3;412_1_qbf.root::1::EDM::Local::4;409_1_Jc4.root::1::EDM::Local::5;402_1_kU5.root::1::EDM::Local::6;403_1_0aV.root::1::EDM::Local::7;398_1_M4y.root::1::EDM::Local::8;405_1_oGK.root::1::EDM::Local::9;397_1_AEo.root::1::EDM::Local::10;
Popularity stop
Extracted ExitStatus from FrameworkJobReport parsing output: 0
>>> Executable succeded  0
ExeExitCode=0
EXECUTABLE_EXIT_STATUS = 0
>>> current directory /home/cms011/home_cream_383624233/CREAM383624233/glide_AVxN1e/execute/dir_15600/CMSSW_6_2_0_SLHC12
>>>  (SOFTWARE_DIR): /home/cms011/home_cream_383624233/CREAM383624233/glide_AVxN1e/execute/dir_15600/CMSSW_6_2_0_SLHC12
>>> (WORKING_DIR): 
>>> current directory content:
total 11356
drwxr-xr-x 3 cms011 cms    4096 Jun 18 00:32 .SCRAM
-rw------- 1 cms011 cms 3740190 Jun 18 00:32 CMSSW.py.pkl
drwxr-xr-x 3 cms011 cms    4096 Jun 18 00:32 bin
drwxr-xr-x 3 cms011 cms    4096 Jun 18 00:32 cfipython
drwxr-xr-x 4 cms011 cms    4096 Jun 18 00:32 config
-rw------- 1 cms011 cms      16 Jun 18 00:39 cpu_timing.txt
drwxr-xr-x 2 cms011 cms    4096 Jun 18 00:32 doc
-rw------- 1 cms011 cms   10045 Jun 18 00:39 executable.out
drwxr-xr-x 2 cms011 cms    4096 Jun 18 00:32 include
drwx------ 3 cms011 cms    4096 Apr 28 18:12 lib
drwxr-xr-x 3 cms011 cms    4096 Jun 18 00:32 logs
drwxr-xr-x 3 cms011 cms    4096 Jun 18 00:32 objs
-rw------- 1 cms011 cms     104 Jun 18 00:32 pset.py
-rw------- 1 cms011 cms 3712349 Jun 18 00:33 pset.py.pkl
-rw------- 1 cms011 cms     289 Jun 18 00:32 pset.pyc
drwxr-xr-x 2 cms011 cms    4096 Jun 18 00:32 python
-rw------- 1 cms011 cms     416 Jun 18 00:39 report.log
drwx------ 6 cms011 cms    4096 Jun 18 00:32 src
drwxr-xr-x 3 cms011 cms    4096 Jun 18 00:32 test
drwxr-xr-x 3 cms011 cms    4096 Jun 18 00:32 tmp
-rw------- 1 cms011 cms 4072231 Jun 18 00:39 validationEDM.root
>>> current directory /home/cms011/home_cream_383624233/CREAM383624233/glide_AVxN1e/execute/dir_15600/CMSSW_6_2_0_SLHC12
>>> (SOFTWARE_DIR): /home/cms011/home_cream_383624233/CREAM383624233/glide_AVxN1e/execute/dir_15600/CMSSW_6_2_0_SLHC12
>>> (WORKING_DIR): 
>>> current directory content:
total 11356
drwxr-xr-x 3 cms011 cms    4096 Jun 18 00:32 .SCRAM
-rw------- 1 cms011 cms 3740190 Jun 18 00:32 CMSSW.py.pkl
drwxr-xr-x 3 cms011 cms    4096 Jun 18 00:32 bin
drwxr-xr-x 3 cms011 cms    4096 Jun 18 00:32 cfipython
drwxr-xr-x 4 cms011 cms    4096 Jun 18 00:32 config
-rw------- 1 cms011 cms      16 Jun 18 00:39 cpu_timing.txt
drwxr-xr-x 2 cms011 cms    4096 Jun 18 00:32 doc
-rw------- 1 cms011 cms   10045 Jun 18 00:39 executable.out
drwxr-xr-x 2 cms011 cms    4096 Jun 18 00:32 include
drwx------ 3 cms011 cms    4096 Apr 28 18:12 lib
drwxr-xr-x 3 cms011 cms    4096 Jun 18 00:32 logs
drwxr-xr-x 3 cms011 cms    4096 Jun 18 00:32 objs
-rw------- 1 cms011 cms     104 Jun 18 00:32 pset.py
-rw------- 1 cms011 cms 3712349 Jun 18 00:33 pset.py.pkl
-rw------- 1 cms011 cms     289 Jun 18 00:32 pset.pyc
drwxr-xr-x 2 cms011 cms    4096 Jun 18 00:32 python
-rw------- 1 cms011 cms     416 Jun 18 00:39 report.log
drwx------ 6 cms011 cms    4096 Jun 18 00:32 src
drwxr-xr-x 3 cms011 cms    4096 Jun 18 00:32 test
drwxr-xr-x 3 cms011 cms    4096 Jun 18 00:32 tmp
-rw------- 1 cms011 cms 4072231 Jun 18 00:39 validationEDM_17_1_PZk.root
>>> current directory (RUNTIME_AREA):  /home/cms011/home_cream_383624233/CREAM383624233/glide_AVxN1e/execute/dir_15600
SE = storm-se-01.ba.infn.it
SE_PATH = /srm/managerv2?SFN=//cms/store/user/calabria/calabria_SingleMuPt1000_GEN-SIM-DIGI-RECO_CMSSW_6_2_0_SLHC12_2023Scenario_Case2/calabria_MuMinus1000_GEN-SIM-DIGI-RECO_CMSSW_6_2_0_SLHC12_2023Scenario_VALNOPU2_Case2/5854dd31cbd3cdec44c48628cc181cf0/
LFNBaseName = /store/user/calabria/calabria_SingleMuPt1000_GEN-SIM-DIGI-RECO_CMSSW_6_2_0_SLHC12_2023Scenario_Case2/calabria_MuMinus1000_GEN-SIM-DIGI-RECO_CMSSW_6_2_0_SLHC12_2023Scenario_VALNOPU2_Case2/5854dd31cbd3cdec44c48628cc181cf0/
USER = calabria
endpoint = srm://storm-se-01.ba.infn.it:8444/srm/managerv2?SFN=//cms/store/user/calabria/calabria_SingleMuPt1000_GEN-SIM-DIGI-RECO_CMSSW_6_2_0_SLHC12_2023Scenario_Case2/calabria_MuMinus1000_GEN-SIM-DIGI-RECO_CMSSW_6_2_0_SLHC12_2023Scenario_VALNOPU2_Case2/5854dd31cbd3cdec44c48628cc181cf0/
>>> Copy output files from WN = alicegrid63.ba.infn.it to /srm/managerv2?SFN=//cms/store/user/calabria/calabria_SingleMuPt1000_GEN-SIM-DIGI-RECO_CMSSW_6_2_0_SLHC12_2023Scenario_Case2/calabria_MuMinus1000_GEN-SIM-DIGI-RECO_CMSSW_6_2_0_SLHC12_2023Scenario_VALNOPU2_Case2/5854dd31cbd3cdec44c48628cc181cf0/ :
python cmscp.py  --destination srm://storm-se-01.ba.infn.it:8444/srm/managerv2?SFN=//cms/store/user/calabria/calabria_SingleMuPt1000_GEN-SIM-DIGI-RECO_CMSSW_6_2_0_SLHC12_2023Scenario_Case2/calabria_MuMinus1000_GEN-SIM-DIGI-RECO_CMSSW_6_2_0_SLHC12_2023Scenario_VALNOPU2_Case2/5854dd31cbd3cdec44c48628cc181cf0/ --inputFileList /home/cms011/home_cream_383624233/CREAM383624233/glide_AVxN1e/execute/dir_15600/CMSSW_6_2_0_SLHC12/validationEDM_17_1_PZk.root --middleware LCG --se_name storm-se-01.ba.infn.it --for_lfn /store/user/calabria/calabria_SingleMuPt1000_GEN-SIM-DIGI-RECO_CMSSW_6_2_0_SLHC12_2023Scenario_Case2/calabria_MuMinus1000_GEN-SIM-DIGI-RECO_CMSSW_6_2_0_SLHC12_2023Scenario_VALNOPU2_Case2/5854dd31cbd3cdec44c48628cc181cf0/    
******************************************************
localSeName  =  storm-se-01.ba.infn.it
remoteSeName =  storm-se-01.ba.infn.it
******************************************************
{"/home/cms011/home_cream_383624233/CREAM383624233/glide_AVxN1e/execute/dir_15600/CMSSW_6_2_0_SLHC12/validationEDM_17_1_PZk.root": {"endpoint": "srm://storm-se-01.ba.infn.it:8444/srm/managerv2?SFN=//cms/store/user/calabria/calabria_SingleMuPt1000_GEN-SIM-DIGI-RECO_CMSSW_6_2_0_SLHC12_2023Scenario_Case2/calabria_MuMinus1000_GEN-SIM-DIGI-RECO_CMSSW_6_2_0_SLHC12_2023Scenario_VALNOPU2_Case2/5854dd31cbd3cdec44c48628cc181cf0/", "surl_for_grid": "", "reason": "Copy succedeed with srm-lcg utils", "erCode": "0", "se_name": "storm-se-01.ba.infn.it", "for_lfn": "/store/user/calabria/calabria_SingleMuPt1000_GEN-SIM-DIGI-RECO_CMSSW_6_2_0_SLHC12_2023Scenario_Case2/calabria_MuMinus1000_GEN-SIM-DIGI-RECO_CMSSW_6_2_0_SLHC12_2023Scenario_VALNOPU2_Case2/5854dd31cbd3cdec44c48628cc181cf0/"}}/home/cms011/home_cream_383624233/CREAM383624233/glide_AVxN1e/execute/dir_15600
-------- cat /home/cms011/home_cream_383624233/CREAM383624233/glide_AVxN1e/execute/dir_15600/cmscpReport.sh 
#!/bin/bash
echo "Report for File: /home/cms011/home_cream_383624233/CREAM383624233/glide_AVxN1e/execute/dir_15600/CMSSW_6_2_0_SLHC12/validationEDM_17_1_PZk.root"
echo "LFN: /store/user/calabria/calabria_SingleMuPt1000_GEN-SIM-DIGI-RECO_CMSSW_6_2_0_SLHC12_2023Scenario_Case2/calabria_MuMinus1000_GEN-SIM-DIGI-RECO_CMSSW_6_2_0_SLHC12_2023Scenario_VALNOPU2_Case2/5854dd31cbd3cdec44c48628cc181cf0/validationEDM_17_1_PZk.root"
echo "StorageElement: storm-se-01.ba.infn.it"
echo "StageOutExitStatusReason = 'Copy succedeed with srm-lcg utils'" | tee -a $RUNTIME_AREA/$repo
echo "StageOutSE = storm-se-01.ba.infn.it" >> $RUNTIME_AREA/$repo

export StageOutExitStatus=0
echo "StageOutExitStatus = 0" | tee -a $RUNTIME_AREA/$repo
-------- end of /home/cms011/home_cream_383624233/CREAM383624233/glide_AVxN1e/execute/dir_15600/cmscpReport.sh 
Report for File: /home/cms011/home_cream_383624233/CREAM383624233/glide_AVxN1e/execute/dir_15600/CMSSW_6_2_0_SLHC12/validationEDM_17_1_PZk.root
LFN: /store/user/calabria/calabria_SingleMuPt1000_GEN-SIM-DIGI-RECO_CMSSW_6_2_0_SLHC12_2023Scenario_Case2/calabria_MuMinus1000_GEN-SIM-DIGI-RECO_CMSSW_6_2_0_SLHC12_2023Scenario_VALNOPU2_Case2/5854dd31cbd3cdec44c48628cc181cf0/validationEDM_17_1_PZk.root
StorageElement: storm-se-01.ba.infn.it
StageOutExitStatusReason = 'Copy succedeed with srm-lcg utils'
StageOutExitStatus = 0
>>> current dir: /home/cms011/home_cream_383624233/CREAM383624233/glide_AVxN1e/execute/dir_15600
>>> current dir content:
total 28080
-rw-------  1 cms011 cms     2799 Jun 18 00:40 .SEinteraction.log
-rwx------  1 cms011 cms     6809 Jun 18 00:32 .job.ad
-rwx------  1 cms011 cms     9240 Jun 18 00:32 .machine.ad
-rw-------  1 cms011 cms      105 Jun 16 20:52 CMSSW.py
-rw-------  1 cms011 cms  3740190 Jun 16 20:52 CMSSW.py.pkl
-rwx------  1 cms011 cms    29582 Jun 18 00:32 CMSSW.sh
drwxr-xr-x 15 cms011 cms     4096 Jun 18 00:39 CMSSW_6_2_0_SLHC12
-rw-------  1 cms011 cms      220 Jun 18 00:32 CacheEnv.sh
-rw-------  1 cms011 cms     7291 Apr  4 11:04 DashboardAPI.py
-rw-------  1 cms011 cms     6815 Jun 18 00:32 DashboardAPI.pyc
drwx------  2 cms011 cms     4096 Jun 18 00:39 IMProv
-rw-------  1 cms011 cms     2748 Apr  4 11:04 Logger.py
-rw-------  1 cms011 cms     3347 Jun 18 00:32 Logger.pyc
-rw-------  1 cms011 cms    24524 Apr  4 11:04 ProcInfo.py
-rw-------  1 cms011 cms    23197 Jun 18 00:32 ProcInfo.pyc
drwx------  7 cms011 cms     4096 Jun 18 00:32 ProdCommon
drwx------  3 cms011 cms     4096 Jun 18 00:32 WMCore
-rw-------  1 cms011 cms     2536 Jun 18 00:39 Watchdog_17.log
-rwx------  1 cms011 cms        0 Jun 18 00:32 _condor_stderr
-rwx---r--  1 cms011 cms    29663 Jun 18 00:40 _condor_stdout
-rw-------  1 cms011 cms    32895 Apr  4 11:04 apmon.py
-rw-------  1 cms011 cms    28625 Jun 18 00:32 apmon.pyc
-rwx------  1 cms011 cms    54335 Jun 18 00:32 arguments.xml
-rwx------  1 cms011 cms    38515 Apr  4 11:04 cmscp.py
-rw-------  1 cms011 cms      722 Jun 18 00:40 cmscpReport.sh
-rwx------  1 cms011 cms    29582 Jun 18 00:32 condor_exec.exe
-rw-------  1 cms011 cms      968 Jun 16 20:52 crab.cfg
-rwx------  1 cms011 cms     8610 Apr  4 11:04 crabWatchdog.sh
-rwx---r--  1 cms011 cms   523440 Jun 18 00:39 crab_fjr_17.xml
-rwx------  1 cms011 cms 23958911 Jun 18 00:32 default.tgz
-rwx------  1 cms011 cms     4488 Apr  4 11:04 fillCrabFjr.py
-rw-------  1 cms011 cms     2673 Jun 18 00:32 inputsReport.txt
-rw-------  1 cms011 cms      263 Jun 18 00:40 jobreport.txt
-rw-------  1 cms011 cms    17352 Apr  4 11:04 parseCrabFjr.py
-rw-------  1 cms011 cms      334 Jun 18 00:32 report.log
-rwx--x--x  1 cms011 cms     1497 Apr  4 11:04 report.py
-rw-------  1 cms011 cms      780 Jun 18 00:40 resultCopyFile
lrwxrwxrwx  1 cms011 cms      126 Jun 18 00:39 validationEDM.root -> /home/cms011/home_cream_383624233/CREAM383624233/glide_AVxN1e/execute/dir_15600/CMSSW_6_2_0_SLHC12/validationEDM_17_1_PZk.root
-rwx------  1 cms011 cms     8387 Apr  4 11:04 writeCfg.py
-rw-------  1 cms011 cms     8010 Jun 18 00:32 x509up_u50707
>>> Modify Job Report:
CMSSW_VERSION = CMSSW_6_2_0_SLHC12
ProcessedDataset = calabria_MuMinus1000_GEN-SIM-DIGI-RECO_CMSSW_6_2_0_SLHC12_2023Scenario_VALNOPU2_Case2
/home/cms011/home_cream_383624233/CREAM383624233/glide_AVxN1e/execute/dir_15600/ProdCommon/FwkJobRep/ModifyJobReport.py fjr /home/cms011/home_cream_383624233/CREAM383624233/glide_AVxN1e/execute/dir_15600/crab_fjr_17.xml json /home/cms011/home_cream_383624233/CREAM383624233/glide_AVxN1e/execute/dir_15600/resultCopyFile n_job 17_1_PZk PrimaryDataset calabria_SingleMuPt1000_GEN-SIM-DIGI-RECO_CMSSW_6_2_0_SLHC12_2023Scenario_Case2  ApplicationFamily cmsRun ApplicationName cmsRun cmssw_version CMSSW_6_2_0_SLHC12 psethash 5854dd31cbd3cdec44c48628cc181cf0 UserProcessedDataset calabria-calabria_MuMinus1000_GEN-SIM-DIGI-RECO_CMSSW_6_2_0_SLHC12_2023Scenario_VALNOPU2_Case2-5854dd31cbd3cdec44c48628cc181cf0
inputDict =  {u'/home/cms011/home_cream_383624233/CREAM383624233/glide_AVxN1e/execute/dir_15600/CMSSW_6_2_0_SLHC12/validationEDM_17_1_PZk.root': {u'endpoint': u'srm://storm-se-01.ba.infn.it:8444/srm/managerv2?SFN=//cms/store/user/calabria/calabria_SingleMuPt1000_GEN-SIM-DIGI-RECO_CMSSW_6_2_0_SLHC12_2023Scenario_Case2/calabria_MuMinus1000_GEN-SIM-DIGI-RECO_CMSSW_6_2_0_SLHC12_2023Scenario_VALNOPU2_Case2/5854dd31cbd3cdec44c48628cc181cf0/', u'surl_for_grid': u'', u'reason': u'Copy succedeed with srm-lcg utils', u'erCode': u'0', u'se_name': u'storm-se-01.ba.infn.it', u'for_lfn': u'/store/user/calabria/calabria_SingleMuPt1000_GEN-SIM-DIGI-RECO_CMSSW_6_2_0_SLHC12_2023Scenario_Case2/calabria_MuMinus1000_GEN-SIM-DIGI-RECO_CMSSW_6_2_0_SLHC12_2023Scenario_VALNOPU2_Case2/5854dd31cbd3cdec44c48628cc181cf0/'}}
UserProcessedDataset =  calabria-calabria_MuMinus1000_GEN-SIM-DIGI-RECO_CMSSW_6_2_0_SLHC12_2023Scenario_VALNOPU2_Case2-5854dd31cbd3cdec44c48628cc181cf0
file_name in inputDict =  /home/cms011/home_cream_383624233/CREAM383624233/glide_AVxN1e/execute/dir_15600/CMSSW_6_2_0_SLHC12/validationEDM_17_1_PZk.root
(size) os.stat(filename)[6] =  4072231
checksum =  2747307254
    file =  validationEDM_17_1_PZk.root
    newPfn =  srm://storm-se-01.ba.infn.it:8444/srm/managerv2?SFN=//cms/store/user/calabria/calabria_SingleMuPt1000_GEN-SIM-DIGI-RECO_CMSSW_6_2_0_SLHC12_2023Scenario_Case2/calabria_MuMinus1000_GEN-SIM-DIGI-RECO_CMSSW_6_2_0_SLHC12_2023Scenario_VALNOPU2_Case2/5854dd31cbd3cdec44c48628cc181cf0/validationEDM_17_1_PZk.root
    newLfn =  /store/user/calabria/calabria_SingleMuPt1000_GEN-SIM-DIGI-RECO_CMSSW_6_2_0_SLHC12_2023Scenario_Case2/calabria_MuMinus1000_GEN-SIM-DIGI-RECO_CMSSW_6_2_0_SLHC12_2023Scenario_VALNOPU2_Case2/5854dd31cbd3cdec44c48628cc181cf0/validationEDM_17_1_PZk.root
>>> crab_fjr_*.xml  permission set to 0704
CrabWrapper EXIT_FUNC entered at Wed Jun 18 00:40:33 CEST 2014   -  Tue Jun 17 22:40:33 UTC 2014
Checking output files:  
will tar file crab_fjr_17.xml in  out_files_17
WARNING: output file CMSSW_17.stdout not found!
WARNING: output file CMSSW_17.stderr not found!
WARNING: output file Watchdog_17.log.gz not found!
>>> padding time: Sleeping the wrapper for 122 seconds
STOPPING WATCHDOG. CrabWatchdog PID is 16012
********** LAST 50 LINES OF WATCHDOG LOG
# RESOURCE USAGE SUMMARY FOR PROCESS ID 15619
USER       PID %CPU %MEM    VSZ   RSS TTY      STAT START   TIME COMMAND
cms011   15619  0.3  0.0   9496  1592 ?        S    00:32   0:00 /bin/sh /home/cms011/home_cream_383624233/CREAM383624233/glide_AVxN1e/execute/dir_15600/condor_exec.exe 17 1
 
# LIMITS USED BY CRAB WATCHDOG:
# RSS  (KBytes)   : 2300000
# VSZ  (KBytes)   : 100000000
# DISK (MBytes)   : 19000
# CPU TIME        : 720h:0m:0s
# WALL CLOCK TIME : 21h:50m:0s
 
# FOLLOWING PRINTOUT TRACKS MAXIMUM VALUES OF RESOURCES USE
# ONE LINE IS PRINTED EACH TIME A MAXIMUM CHANGES
# IF CHANGE WAS IN RSS OR VSZ ALSO PROCID AND COMMAND ARE PRINTED
# THERE IS NO PRINTOUT FOR CPU/WALL TIME INCREASE
 
# TIME			PID	RSS(KB)	VSZ(KB)	Dsk(MB)	tCPU(s)	tWALL(s)	COMMAND
 Jun 18 00:32:43 CEST	825	1260	106092	0	0	0	sh -c "./glidein_startup.sh" -v std -name v3_0 -entry CMS_T2_IT_Bari_ce2 -clientname UCSD-v1_0.main
 Jun 18 00:32:43 CEST	836	1772	106492	0	0	0	/bin/bash ./glidein_startup.sh -v std -name v3_0 -entry CMS_T2_IT_Bari_ce2 -clientname UCSD-v1_0.main -schedd
 Jun 18 00:32:43 CEST	15530	8000	106492	0	0	0	/home/cms011/home_cream_383624233/CREAM383624233/glide_AVxN1e/main/condor/sbin/condor_master -f -pidfile /home/cms011/home_cream_383624233/CREAM383624233/glide_AVxN1e/condor_master2.pid       
 Jun 18 00:32:43 CEST	15600	8420	106492	0	0	0	condor_starter -f submit-6.t2.ucsd.edu        
 Jun 18 00:32:43 CEST	16024	36448	106492	0	0	1	edmConfigHash pset.py         
 Jun 18 00:32:43 CEST	---	36448	106492	171	----	----	----
 Jun 18 00:33:44 CEST	17541	710032	979984	171	30	62	cmsRun -j /home/cms011/home_cream_383624233/CREAM383624233/glide_AVxN1e/execute/dir_15600/crab_fjr_17.xml -p pset.py      
 Jun 18 00:33:44 CEST	---	710032	979984	175	----	----	----
 Jun 18 00:34:45 CEST	17541	739828	1009424	175	78	122	cmsRun -j /home/cms011/home_cream_383624233/CREAM383624233/glide_AVxN1e/execute/dir_15600/crab_fjr_17.xml -p pset.py      
 Jun 18 00:35:45 CEST	17541	742876	1021456	175	125	183	cmsRun -j /home/cms011/home_cream_383624233/CREAM383624233/glide_AVxN1e/execute/dir_15600/crab_fjr_17.xml -p pset.py      
 Jun 18 00:36:46 CEST	17541	752396	1026320	175	170	244	cmsRun -j /home/cms011/home_cream_383624233/CREAM383624233/glide_AVxN1e/execute/dir_15600/crab_fjr_17.xml -p pset.py      
 Jun 18 00:38:48 CEST	17541	758244	1035092	175	271	366	cmsRun -j /home/cms011/home_cream_383624233/CREAM383624233/glide_AVxN1e/execute/dir_15600/crab_fjr_17.xml -p pset.py      
 Jun 18 00:39:49 CEST	---	758244	1035092	179	----	----	----
********** WATCHDOG LOG ENDED
ZIPPING WATCHDOG LOG
Disk space used:
du -sh /home/cms011/home_cream_383624233/CREAM383624233/glide_AVxN1e/execute/dir_15600
179M	/home/cms011/home_cream_383624233/CREAM383624233/glide_AVxN1e/execute/dir_15600
Found unusual stdout, rename for OSB
`/home/cms011/home_cream_383624233/CREAM383624233/glide_AVxN1e/execute/dir_15600/_condor_stdout' -> `CMSSW_17.stdout'
Found unusual stderr, rename for OSB
`/home/cms011/home_cream_383624233/CREAM383624233/glide_AVxN1e/execute/dir_15600/_condor_stdout' -> `CMSSW_17.stderr'
crab_fjr_17.xml
CMSSW_17.stdout
CMSSW_17.stderr
Watchdog_17.log.gz
Total Output dimension: 69790
WARNING: output files size limit is set to: 50000000
Total Output dimension 69790 is fine.
JOB_EXIT_STATUS = 0
>>> info for dashboard:
***** Cat /home/cms011/home_cream_383624233/CREAM383624233/glide_AVxN1e/execute/dir_15600/jobreport.txt *****
MonitorJobID=17_https://submit-6.t2.ucsd.edu//140616//168549.16
MonitorID=calabria_MuMinus1000_Case2_ReReco_3mv5b6
ExeTime=395
ExeExitCode=0
StageOutExitStatusReason = 'Copy succedeed with srm-lcg utils'
StageOutSE = storm-se-01.ba.infn.it
StageOutExitStatus = 0
CrabUserCpuTime=308.49
CrabSysCpuTime=5.48
CrabCpuPercentage=79%
CrabWrapperTime=600
CrabStageoutTime=48
JobExitCode=0
***** End Cat jobreport *****
Parameters sent to Dashboard.
EXITING at Wed Jun 18 00:42:41 CEST 2014  -  Tue Jun 17 22:42:41 UTC 2014
