This script was generated by crab (version 2.10.5_patch1).
Running /home/cms017/home_cream_334186649/CREAM334186649/glide_HenILc/execute/dir_2592/condor_exec.exe with 2 positional parameters: 11 1
Today is Tue Jun 17 23:08:09 CEST 2014 - Tue Jun 17 21:08:09 UTC 2014
Job submitted on host pccms152.ba.infn.it
Linux pccms152.ba.infn.it 2.6.32-358.23.2.el6.x86_64 #1 SMP Thu Oct 17 10:27:22 CEST 2013 x86_64 x86_64 x86_64 GNU/Linux
>>> current directory (RUNTIME_AREA): /home/cms017/home_cream_334186649/CREAM334186649/glide_HenILc/execute/dir_2592
>>> current user: uid=11830(cms017) gid=1399(cms) groups=1399(cms)
>>> directory permission set to 0700
>>> umask set to:  u=rwx,g=,o=
>>> stdout stderr permission set to 0704
>>> voms proxy information:
subject   : /C=IT/O=INFN/OU=Personal Certificate/L=Bari/CN=Cesare Calabria/CN=477126703/CN=1479895239
issuer    : /C=IT/O=INFN/OU=Personal Certificate/L=Bari/CN=Cesare Calabria/CN=477126703
identity  : /C=IT/O=INFN/OU=Personal Certificate/L=Bari/CN=Cesare Calabria
type      : RFC3820 compliant limited proxy
strength  : 1024
path      : /home/cms017/home_cream_334186649/CREAM334186649/glide_HenILc/execute/dir_2592/x509up_u50707
timeleft  : 23:59:47
key usage : Digital Signature, Key Encipherment, Data Encipherment
=== VO cms extension information ===
VO        : cms
subject   : /C=IT/O=INFN/OU=Personal Certificate/L=Bari/CN=Cesare Calabria
issuer    : /DC=ch/DC=cern/OU=computers/CN=voms.cern.ch
attribute : /cms/Role=NULL/Capability=NULL
attribute : /cms/itcms/Role=NULL/Capability=NULL
timeleft  : 156:16:01
uri       : voms.cern.ch:15002

WNHostName=pccms152.ba.infn.it
>>> tar --no-same-permissions -xf /home/cms017/home_cream_334186649/CREAM334186649/glide_HenILc/execute/dir_2592/default.tgz :
Successful untar
>>> Include /home/cms017/home_cream_334186649/CREAM334186649/glide_HenILc/execute/dir_2592 in PYTHONPATH:
strip arguments
env var CRAB_UNIQUE_JOB_ID set to: calabria_MuMinus10_Case1_ReReco_1d78ml_11_1_eoq
out_files_11
>>> list of expected files on output sandbox
output files: crab_fjr_11.xml CMSSW_11.stdout CMSSW_11.stderr Watchdog_11.log.gz
>>> GridFlavour discovery: 
GridFlavour=LCG
>>> SyncSite discovery: 
SyncSite=T2_IT_Bari
>>> SyncCE discovery: 
getting SyncCE from CE_ID
SyncCE=cream-ce-4.ba.infn.it:8443/cream-pbs-cms
>>> info for dashboard:
***** Cat /home/cms017/home_cream_334186649/CREAM334186649/glide_HenILc/execute/dir_2592/jobreport.txt *****
WNHostName=pccms152.ba.infn.it
MonitorJobID=11_https://vocms83.cern.ch//140616//86809.10
SyncGridJobId=https://vocms83.cern.ch//140616//86809.10
MonitorID=calabria_MuMinus10_Case1_ReReco_1d78ml
GridFlavour=LCG
SyncSite=T2_IT_Bari
SyncCE=cream-ce-4.ba.infn.it:8443/cream-pbs-cms
***** End Cat jobreport *****
Parameters sent to Dashboard.
>>> setup environment
set SCRAM ARCH to slc5_amd64_gcc472
SCRAM_ARCH = slc5_amd64_gcc472
>>> setup CMS LCG environment:
set SCRAM ARCH and BUILD_ARCH to slc5_amd64_gcc472 ###
Sourcing environment... 
sourcing /cvmfs/cms.cern.ch/cmsset_default.sh
==> setup cms environment ok
>>> specific cmssw setup environment:
CMSSW_VERSION =  CMSSW_6_2_0_SLHC12
>>> current directory (SOFTWARE_DIR): /home/cms017/home_cream_334186649/CREAM334186649/glide_HenILc/execute/dir_2592/CMSSW_6_2_0_SLHC12
PreserveSeeds: <>
IncrementSeeds:<>
>>> info for dashboard:
***** Cat /home/cms017/home_cream_334186649/CREAM334186649/glide_HenILc/execute/dir_2592/jobreport.txt *****
MonitorJobID=11_https://vocms83.cern.ch//140616//86809.10
MonitorID=calabria_MuMinus10_Case1_ReReco_1d78ml
***** End Cat jobreport *****
Parameters sent to Dashboard.
crabWatchdog started as process 3650
>>> moving CMSSW software directories in /home/cms017/home_cream_334186649/CREAM334186649/glide_HenILc/execute/dir_2592/CMSSW_6_2_0_SLHC12
mv: cannot stat `/home/cms017/home_cream_334186649/CREAM334186649/glide_HenILc/execute/dir_2592/module/': No such file or directory
>>> Include /home/cms017/home_cream_334186649/CREAM334186649/glide_HenILc/execute/dir_2592 in PYTHONPATH:
PYTHONPATH=/home/cms017/home_cream_334186649/CREAM334186649/glide_HenILc/execute/dir_2592/:/home/cms017/home_cream_334186649/CREAM334186649/glide_HenILc/execute/dir_2592/CMSSW_6_2_0_SLHC12/python:/home/cms017/home_cream_334186649/CREAM334186649/glide_HenILc/execute/dir_2592/CMSSW_6_2_0_SLHC12/lib/slc5_amd64_gcc472:/cvmfs/cms.cern.ch/slc5_amd64_gcc472/cms/cmssw/CMSSW_6_2_0_SLHC12/python:/cvmfs/cms.cern.ch/slc5_amd64_gcc472/cms/cmssw/CMSSW_6_2_0_SLHC12/lib/slc5_amd64_gcc472:/cvmfs/cms.cern.ch/slc5_amd64_gcc472/cms/coral/CORAL_2_3_21-cms36/slc5_amd64_gcc472/python:/cvmfs/cms.cern.ch/slc5_amd64_gcc472/cms/coral/CORAL_2_3_21-cms36/slc5_amd64_gcc472/lib:/cvmfs/cms.cern.ch/slc5_amd64_gcc472/external/pyqt/4.8.1-cms6/lib/python2.7/site-packages:/cvmfs/cms.cern.ch/slc5_amd64_gcc472/external/py2-scipy/0.8.0-cms8/lib/python2.7/site-packages:/cvmfs/cms.cern.ch/slc5_amd64_gcc472/external/py2-matplotlib/1.0.1-cms8/lib/python2.7/site-packages:/cvmfs/cms.cern.ch/slc5_amd64_gcc472/external/python-ldap/2.3.5-cms6/lib/python2.7/site-packages:/cvmfs/cms.cern.ch/slc5_amd64_gcc472/external/sip/4.11.2-cms6/lib/python2.7/site-packages:/cvmfs/cms.cern.ch/slc5_amd64_gcc472/external/py2-pycurl/7.19.0-cms8/lib/python2.7/site-packages:/cvmfs/cms.cern.ch/slc5_amd64_gcc472/external/py2-numpy/1.6.1-cms8/lib/python2.7/site-packages:/cvmfs/cms.cern.ch/slc5_amd64_gcc472/external/py2-lint/0.25.1-cms6/lib/python2.7/site-packages:/cvmfs/cms.cern.ch/slc5_amd64_gcc472/external/py2-ipython/0.10-cms6/lib/python2.7/site-packages:/cvmfs/cms.cern.ch/slc5_amd64_gcc472/external/py2-cx-oracle/5.1-cms7/lib/python2.7/site-packages:/cvmfs/cms.cern.ch/slc5_amd64_gcc472/external/py2-cjson/1.0.5-cms6/lib/python2.7/site-packages:/cvmfs/cms.cern.ch/slc5_amd64_gcc472/cms/das-client/1.11.7/bin:/cvmfs/cms.cern.ch/slc5_amd64_gcc472/external/elementtree/1.2.6-cms6/share/lib/python2.7/site-packages:/cvmfs/cms.cern.ch/slc5_amd64_gcc472/external/rivet/1.8.2-cms8/lib/python2.7/site-packages:/cvmfs/cms.cern.ch/slc5_amd64_gcc472/external/pyminuit2/0.0.1-cms19/lib/python2.7/site-packages:/cvmfs/cms.cern.ch/slc5_amd64_gcc472/external/py2-pygithub/1.23.0/lib/python2.7/site-packages:/cvmfs/cms.cern.ch/slc5_amd64_gcc472/external/professor/1.0.0-cms19/lib/python2.7/site-packages:/cvmfs/cms.cern.ch/slc5_amd64_gcc472/lcg/root/5.34.07-cms/lib:/cvmfs/cms.cern.ch/slc5_amd64_gcc472/cms/dbs-client/DBS_2_1_9-cms5/lib:/cvmfs/cms.cern.ch/slc5_amd64_gcc472/cms/dbs-client/DBS_2_1_9-cms5/lib/DBSAPI:/cvmfs/cms.cern.ch/slc5_amd64_gcc472/external/cvs2git/5419-cms/lib:/home/cms017/home_cream_334186649/CREAM334186649/glide_HenILc/execute/dir_2592/
 
# LIMITS USED BY CRAB WATCHDOG:
# RSS  (KBytes)   : 2300000
# VSZ  (KBytes)   : 100000000
# DISK (MBytes)   : 19000
# CPU TIME        : 720h:0m:0s
# WALL CLOCK TIME : 21h:50m:0s
 
5854dd31cbd3cdec44c48628cc181cf0
PSETHASH = 5854dd31cbd3cdec44c48628cc181cf0
/home/cms017/home_cream_334186649/CREAM334186649/glide_HenILc/execute/dir_2592/writeCfg.py pset.py pset.py
Importing .py file
Setting parameters
RandomNumberGeneratorService found, will attempt to change seeds
inputBlocks=/calabria_SingleMuPt10_GEN-SIM-DIGI-RECO_CMSSW_6_2_0_SLHC12_2023Scenario_Case1/calabria-calabria_SingleMuPt10_GEN-SIM-DIGI-RECO_CMSSW_6_2_0_SLHC12_2023Scenario_Case1-713e95291268ed84eccf2b8e553eab97/USER#91b443e4-a5b9-450f-93d8-747ac818ce8f
inputFiles=/store/user/calabria/calabria_SingleMuPt10_GEN-SIM-DIGI-RECO_CMSSW_6_2_0_SLHC12_2023Scenario_Case1/calabria_SingleMuPt10_GEN-SIM-DIGI-RECO_CMSSW_6_2_0_SLHC12_2023Scenario_Case1/713e95291268ed84eccf2b8e553eab97/out_reco_64_2_0Ar.root;/store/user/calabria/calabria_SingleMuPt10_GEN-SIM-DIGI-RECO_CMSSW_6_2_0_SLHC12_2023Scenario_Case1/calabria_SingleMuPt10_GEN-SIM-DIGI-RECO_CMSSW_6_2_0_SLHC12_2023Scenario_Case1/713e95291268ed84eccf2b8e553eab97/out_reco_65_2_aqX.root;/store/user/calabria/calabria_SingleMuPt10_GEN-SIM-DIGI-RECO_CMSSW_6_2_0_SLHC12_2023Scenario_Case1/calabria_SingleMuPt10_GEN-SIM-DIGI-RECO_CMSSW_6_2_0_SLHC12_2023Scenario_Case1/713e95291268ed84eccf2b8e553eab97/out_reco_66_2_6mK.root;/store/user/calabria/calabria_SingleMuPt10_GEN-SIM-DIGI-RECO_CMSSW_6_2_0_SLHC12_2023Scenario_Case1/calabria_SingleMuPt10_GEN-SIM-DIGI-RECO_CMSSW_6_2_0_SLHC12_2023Scenario_Case1/713e95291268ed84eccf2b8e553eab97/out_reco_67_2_Spb.root;/store/user/calabria/calabria_SingleMuPt10_GEN-SIM-DIGI-RECO_CMSSW_6_2_0_SLHC12_2023Scenario_Case1/calabria_SingleMuPt10_GEN-SIM-DIGI-RECO_CMSSW_6_2_0_SLHC12_2023Scenario_Case1/713e95291268ed84eccf2b8e553eab97/out_reco_68_2_C4G.root;/store/user/calabria/calabria_SingleMuPt10_GEN-SIM-DIGI-RECO_CMSSW_6_2_0_SLHC12_2023Scenario_Case1/calabria_SingleMuPt10_GEN-SIM-DIGI-RECO_CMSSW_6_2_0_SLHC12_2023Scenario_Case1/713e95291268ed84eccf2b8e553eab97/out_reco_69_2_4MZ.root;/store/user/calabria/calabria_SingleMuPt10_GEN-SIM-DIGI-RECO_CMSSW_6_2_0_SLHC12_2023Scenario_Case1/calabria_SingleMuPt10_GEN-SIM-DIGI-RECO_CMSSW_6_2_0_SLHC12_2023Scenario_Case1/713e95291268ed84eccf2b8e553eab97/out_reco_70_2_o9a.root;/store/user/calabria/calabria_SingleMuPt10_GEN-SIM-DIGI-RECO_CMSSW_6_2_0_SLHC12_2023Scenario_Case1/calabria_SingleMuPt10_GEN-SIM-DIGI-RECO_CMSSW_6_2_0_SLHC12_2023Scenario_Case1/713e95291268ed84eccf2b8e553eab97/out_reco_71_2_LGK.root;/store/user/calabria/calabria_SingleMuPt10_GEN-SIM-DIGI-RECO_CMSSW_6_2_0_SLHC12_2023Scenario_Case1/calabria_SingleMuPt10_GEN-SIM-DIGI-RECO_CMSSW_6_2_0_SLHC12_2023Scenario_Case1/713e95291268ed84eccf2b8e553eab97/out_reco_72_2_Ch1.root;/store/user/calabria/calabria_SingleMuPt10_GEN-SIM-DIGI-RECO_CMSSW_6_2_0_SLHC12_2023Scenario_Case1/calabria_SingleMuPt10_GEN-SIM-DIGI-RECO_CMSSW_6_2_0_SLHC12_2023Scenario_Case1/713e95291268ed84eccf2b8e553eab97/out_reco_73_2_eGJ.root
parentFiles=
lumisRange=
>>> Executable cmsRun
/cvmfs/cms.cern.ch/slc5_amd64_gcc472/cms/cmssw/CMSSW_6_2_0_SLHC12/bin/slc5_amd64_gcc472/cmsRun
ok executable found
>>> info for dashboard:
***** Cat /home/cms017/home_cream_334186649/CREAM334186649/glide_HenILc/execute/dir_2592/jobreport.txt *****
MonitorJobID=11_https://vocms83.cern.ch//140616//86809.10
MonitorID=calabria_MuMinus10_Case1_ReReco_1d78ml
ExeStart=cmsRun
***** End Cat jobreport *****
Parameters sent to Dashboard.
>>> cmsRun started at Tue Jun 17 21:08:51 UTC 2014
>>> cmsRun ended at Tue Jun 17 21:15:38 UTC 2014
>>> crab_fjr_*.xml  permission set to 0704
>>> info for dashboard:
***** Cat /home/cms017/home_cream_334186649/CREAM334186649/glide_HenILc/execute/dir_2592/jobreport.txt *****
MonitorJobID=11_https://vocms83.cern.ch//140616//86809.10
MonitorID=calabria_MuMinus10_Case1_ReReco_1d78ml
ExeEnd=cmsRun
***** End Cat jobreport *****
Parameters sent to Dashboard.
TIME_EXE = 407 sec
>>> cmsRun wrote 50 lines of stdout+stderr
>>> START OF printout of 50 lines from stdout+stderr
271 DQMStore::DQMStore 
HcalTopologyIdealEP::HcalTopologyIdealEP
17-Jun-2014 23:09:07 CEST  Initiating request to open file file:/lustre/cms//store/user/calabria/calabria_SingleMuPt10_GEN-SIM-DIGI-RECO_CMSSW_6_2_0_SLHC12_2023Scenario_Case1/calabria_SingleMuPt10_GEN-SIM-DIGI-RECO_CMSSW_6_2_0_SLHC12_2023Scenario_Case1/713e95291268ed84eccf2b8e553eab97/out_reco_64_2_0Ar.root
17-Jun-2014 23:09:11 CEST  Successfully opened file file:/lustre/cms//store/user/calabria/calabria_SingleMuPt10_GEN-SIM-DIGI-RECO_CMSSW_6_2_0_SLHC12_2023Scenario_Case1/calabria_SingleMuPt10_GEN-SIM-DIGI-RECO_CMSSW_6_2_0_SLHC12_2023Scenario_Case1/713e95291268ed84eccf2b8e553eab97/out_reco_64_2_0Ar.root
17-Jun-2014 23:09:41 CEST  Closed file file:/lustre/cms//store/user/calabria/calabria_SingleMuPt10_GEN-SIM-DIGI-RECO_CMSSW_6_2_0_SLHC12_2023Scenario_Case1/calabria_SingleMuPt10_GEN-SIM-DIGI-RECO_CMSSW_6_2_0_SLHC12_2023Scenario_Case1/713e95291268ed84eccf2b8e553eab97/out_reco_64_2_0Ar.root
17-Jun-2014 23:09:41 CEST  Initiating request to open file file:/lustre/cms//store/user/calabria/calabria_SingleMuPt10_GEN-SIM-DIGI-RECO_CMSSW_6_2_0_SLHC12_2023Scenario_Case1/calabria_SingleMuPt10_GEN-SIM-DIGI-RECO_CMSSW_6_2_0_SLHC12_2023Scenario_Case1/713e95291268ed84eccf2b8e553eab97/out_reco_65_2_aqX.root
17-Jun-2014 23:09:42 CEST  Successfully opened file file:/lustre/cms//store/user/calabria/calabria_SingleMuPt10_GEN-SIM-DIGI-RECO_CMSSW_6_2_0_SLHC12_2023Scenario_Case1/calabria_SingleMuPt10_GEN-SIM-DIGI-RECO_CMSSW_6_2_0_SLHC12_2023Scenario_Case1/713e95291268ed84eccf2b8e553eab97/out_reco_65_2_aqX.root
17-Jun-2014 23:10:08 CEST  Closed file file:/lustre/cms//store/user/calabria/calabria_SingleMuPt10_GEN-SIM-DIGI-RECO_CMSSW_6_2_0_SLHC12_2023Scenario_Case1/calabria_SingleMuPt10_GEN-SIM-DIGI-RECO_CMSSW_6_2_0_SLHC12_2023Scenario_Case1/713e95291268ed84eccf2b8e553eab97/out_reco_65_2_aqX.root
17-Jun-2014 23:10:08 CEST  Initiating request to open file file:/lustre/cms//store/user/calabria/calabria_SingleMuPt10_GEN-SIM-DIGI-RECO_CMSSW_6_2_0_SLHC12_2023Scenario_Case1/calabria_SingleMuPt10_GEN-SIM-DIGI-RECO_CMSSW_6_2_0_SLHC12_2023Scenario_Case1/713e95291268ed84eccf2b8e553eab97/out_reco_66_2_6mK.root
17-Jun-2014 23:10:08 CEST  Successfully opened file file:/lustre/cms//store/user/calabria/calabria_SingleMuPt10_GEN-SIM-DIGI-RECO_CMSSW_6_2_0_SLHC12_2023Scenario_Case1/calabria_SingleMuPt10_GEN-SIM-DIGI-RECO_CMSSW_6_2_0_SLHC12_2023Scenario_Case1/713e95291268ed84eccf2b8e553eab97/out_reco_66_2_6mK.root
17-Jun-2014 23:10:42 CEST  Closed file file:/lustre/cms//store/user/calabria/calabria_SingleMuPt10_GEN-SIM-DIGI-RECO_CMSSW_6_2_0_SLHC12_2023Scenario_Case1/calabria_SingleMuPt10_GEN-SIM-DIGI-RECO_CMSSW_6_2_0_SLHC12_2023Scenario_Case1/713e95291268ed84eccf2b8e553eab97/out_reco_66_2_6mK.root
17-Jun-2014 23:10:42 CEST  Initiating request to open file file:/lustre/cms//store/user/calabria/calabria_SingleMuPt10_GEN-SIM-DIGI-RECO_CMSSW_6_2_0_SLHC12_2023Scenario_Case1/calabria_SingleMuPt10_GEN-SIM-DIGI-RECO_CMSSW_6_2_0_SLHC12_2023Scenario_Case1/713e95291268ed84eccf2b8e553eab97/out_reco_67_2_Spb.root
17-Jun-2014 23:10:42 CEST  Successfully opened file file:/lustre/cms//store/user/calabria/calabria_SingleMuPt10_GEN-SIM-DIGI-RECO_CMSSW_6_2_0_SLHC12_2023Scenario_Case1/calabria_SingleMuPt10_GEN-SIM-DIGI-RECO_CMSSW_6_2_0_SLHC12_2023Scenario_Case1/713e95291268ed84eccf2b8e553eab97/out_reco_67_2_Spb.root
17-Jun-2014 23:11:10 CEST  Closed file file:/lustre/cms//store/user/calabria/calabria_SingleMuPt10_GEN-SIM-DIGI-RECO_CMSSW_6_2_0_SLHC12_2023Scenario_Case1/calabria_SingleMuPt10_GEN-SIM-DIGI-RECO_CMSSW_6_2_0_SLHC12_2023Scenario_Case1/713e95291268ed84eccf2b8e553eab97/out_reco_67_2_Spb.root
17-Jun-2014 23:11:10 CEST  Initiating request to open file file:/lustre/cms//store/user/calabria/calabria_SingleMuPt10_GEN-SIM-DIGI-RECO_CMSSW_6_2_0_SLHC12_2023Scenario_Case1/calabria_SingleMuPt10_GEN-SIM-DIGI-RECO_CMSSW_6_2_0_SLHC12_2023Scenario_Case1/713e95291268ed84eccf2b8e553eab97/out_reco_68_2_C4G.root
17-Jun-2014 23:11:11 CEST  Successfully opened file file:/lustre/cms//store/user/calabria/calabria_SingleMuPt10_GEN-SIM-DIGI-RECO_CMSSW_6_2_0_SLHC12_2023Scenario_Case1/calabria_SingleMuPt10_GEN-SIM-DIGI-RECO_CMSSW_6_2_0_SLHC12_2023Scenario_Case1/713e95291268ed84eccf2b8e553eab97/out_reco_68_2_C4G.root
17-Jun-2014 23:11:39 CEST  Closed file file:/lustre/cms//store/user/calabria/calabria_SingleMuPt10_GEN-SIM-DIGI-RECO_CMSSW_6_2_0_SLHC12_2023Scenario_Case1/calabria_SingleMuPt10_GEN-SIM-DIGI-RECO_CMSSW_6_2_0_SLHC12_2023Scenario_Case1/713e95291268ed84eccf2b8e553eab97/out_reco_68_2_C4G.root
17-Jun-2014 23:11:39 CEST  Initiating request to open file file:/lustre/cms//store/user/calabria/calabria_SingleMuPt10_GEN-SIM-DIGI-RECO_CMSSW_6_2_0_SLHC12_2023Scenario_Case1/calabria_SingleMuPt10_GEN-SIM-DIGI-RECO_CMSSW_6_2_0_SLHC12_2023Scenario_Case1/713e95291268ed84eccf2b8e553eab97/out_reco_69_2_4MZ.root
17-Jun-2014 23:11:39 CEST  Successfully opened file file:/lustre/cms//store/user/calabria/calabria_SingleMuPt10_GEN-SIM-DIGI-RECO_CMSSW_6_2_0_SLHC12_2023Scenario_Case1/calabria_SingleMuPt10_GEN-SIM-DIGI-RECO_CMSSW_6_2_0_SLHC12_2023Scenario_Case1/713e95291268ed84eccf2b8e553eab97/out_reco_69_2_4MZ.root
17-Jun-2014 23:12:45 CEST  Closed file file:/lustre/cms//store/user/calabria/calabria_SingleMuPt10_GEN-SIM-DIGI-RECO_CMSSW_6_2_0_SLHC12_2023Scenario_Case1/calabria_SingleMuPt10_GEN-SIM-DIGI-RECO_CMSSW_6_2_0_SLHC12_2023Scenario_Case1/713e95291268ed84eccf2b8e553eab97/out_reco_69_2_4MZ.root
17-Jun-2014 23:12:45 CEST  Initiating request to open file file:/lustre/cms//store/user/calabria/calabria_SingleMuPt10_GEN-SIM-DIGI-RECO_CMSSW_6_2_0_SLHC12_2023Scenario_Case1/calabria_SingleMuPt10_GEN-SIM-DIGI-RECO_CMSSW_6_2_0_SLHC12_2023Scenario_Case1/713e95291268ed84eccf2b8e553eab97/out_reco_70_2_o9a.root
17-Jun-2014 23:12:45 CEST  Successfully opened file file:/lustre/cms//store/user/calabria/calabria_SingleMuPt10_GEN-SIM-DIGI-RECO_CMSSW_6_2_0_SLHC12_2023Scenario_Case1/calabria_SingleMuPt10_GEN-SIM-DIGI-RECO_CMSSW_6_2_0_SLHC12_2023Scenario_Case1/713e95291268ed84eccf2b8e553eab97/out_reco_70_2_o9a.root
17-Jun-2014 23:13:13 CEST  Closed file file:/lustre/cms//store/user/calabria/calabria_SingleMuPt10_GEN-SIM-DIGI-RECO_CMSSW_6_2_0_SLHC12_2023Scenario_Case1/calabria_SingleMuPt10_GEN-SIM-DIGI-RECO_CMSSW_6_2_0_SLHC12_2023Scenario_Case1/713e95291268ed84eccf2b8e553eab97/out_reco_70_2_o9a.root
17-Jun-2014 23:13:13 CEST  Initiating request to open file file:/lustre/cms//store/user/calabria/calabria_SingleMuPt10_GEN-SIM-DIGI-RECO_CMSSW_6_2_0_SLHC12_2023Scenario_Case1/calabria_SingleMuPt10_GEN-SIM-DIGI-RECO_CMSSW_6_2_0_SLHC12_2023Scenario_Case1/713e95291268ed84eccf2b8e553eab97/out_reco_71_2_LGK.root
17-Jun-2014 23:13:13 CEST  Successfully opened file file:/lustre/cms//store/user/calabria/calabria_SingleMuPt10_GEN-SIM-DIGI-RECO_CMSSW_6_2_0_SLHC12_2023Scenario_Case1/calabria_SingleMuPt10_GEN-SIM-DIGI-RECO_CMSSW_6_2_0_SLHC12_2023Scenario_Case1/713e95291268ed84eccf2b8e553eab97/out_reco_71_2_LGK.root
17-Jun-2014 23:13:39 CEST  Closed file file:/lustre/cms//store/user/calabria/calabria_SingleMuPt10_GEN-SIM-DIGI-RECO_CMSSW_6_2_0_SLHC12_2023Scenario_Case1/calabria_SingleMuPt10_GEN-SIM-DIGI-RECO_CMSSW_6_2_0_SLHC12_2023Scenario_Case1/713e95291268ed84eccf2b8e553eab97/out_reco_71_2_LGK.root
17-Jun-2014 23:13:39 CEST  Initiating request to open file file:/lustre/cms//store/user/calabria/calabria_SingleMuPt10_GEN-SIM-DIGI-RECO_CMSSW_6_2_0_SLHC12_2023Scenario_Case1/calabria_SingleMuPt10_GEN-SIM-DIGI-RECO_CMSSW_6_2_0_SLHC12_2023Scenario_Case1/713e95291268ed84eccf2b8e553eab97/out_reco_72_2_Ch1.root
17-Jun-2014 23:13:39 CEST  Successfully opened file file:/lustre/cms//store/user/calabria/calabria_SingleMuPt10_GEN-SIM-DIGI-RECO_CMSSW_6_2_0_SLHC12_2023Scenario_Case1/calabria_SingleMuPt10_GEN-SIM-DIGI-RECO_CMSSW_6_2_0_SLHC12_2023Scenario_Case1/713e95291268ed84eccf2b8e553eab97/out_reco_72_2_Ch1.root
17-Jun-2014 23:14:26 CEST  Closed file file:/lustre/cms//store/user/calabria/calabria_SingleMuPt10_GEN-SIM-DIGI-RECO_CMSSW_6_2_0_SLHC12_2023Scenario_Case1/calabria_SingleMuPt10_GEN-SIM-DIGI-RECO_CMSSW_6_2_0_SLHC12_2023Scenario_Case1/713e95291268ed84eccf2b8e553eab97/out_reco_72_2_Ch1.root
17-Jun-2014 23:14:26 CEST  Initiating request to open file file:/lustre/cms//store/user/calabria/calabria_SingleMuPt10_GEN-SIM-DIGI-RECO_CMSSW_6_2_0_SLHC12_2023Scenario_Case1/calabria_SingleMuPt10_GEN-SIM-DIGI-RECO_CMSSW_6_2_0_SLHC12_2023Scenario_Case1/713e95291268ed84eccf2b8e553eab97/out_reco_73_2_eGJ.root
17-Jun-2014 23:14:26 CEST  Successfully opened file file:/lustre/cms//store/user/calabria/calabria_SingleMuPt10_GEN-SIM-DIGI-RECO_CMSSW_6_2_0_SLHC12_2023Scenario_Case1/calabria_SingleMuPt10_GEN-SIM-DIGI-RECO_CMSSW_6_2_0_SLHC12_2023Scenario_Case1/713e95291268ed84eccf2b8e553eab97/out_reco_73_2_eGJ.root
17-Jun-2014 23:15:37 CEST  Closed file file:/lustre/cms//store/user/calabria/calabria_SingleMuPt10_GEN-SIM-DIGI-RECO_CMSSW_6_2_0_SLHC12_2023Scenario_Case1/calabria_SingleMuPt10_GEN-SIM-DIGI-RECO_CMSSW_6_2_0_SLHC12_2023Scenario_Case1/713e95291268ed84eccf2b8e553eab97/out_reco_73_2_eGJ.root

=============================================

MessageLogger Summary

 type     category        sev    module        subroutine        count    total
 ---- -------------------- -- ---------------- ----------------  -----    -----
    1 fileAction           -s file_close                            10       10
    2 fileAction           -s file_open                             20       20

 type    category    Examples: run/evt        run/evt          run/evt
 ---- -------------------- ---------------- ---------------- ----------------
    1 fileAction           PostProcessEvent PostProcessEvent PostEndRun
    2 fileAction           pre-events       pre-events       PostProcessEvent

Severity    # Occurrences   Total Occurrences
--------    -------------   -----------------
System                 30                  30
>>> END OF printout of 50 lines from stdout+stderr
>>> Parse FrameworkJobReport crab_fjr.xml
Result of parsing the FrameworkJobReport crab_fjr.xml: Popularity start
lumisRange : 1::::1;1::::2;1::::3;1::::4;1::::5;1::::6;1::::7;1::::8;1::::9;1::::10;
lumisParentRange : 
Basename : /store/user/calabria/calabria_SingleMuPt10_GEN-SIM-DIGI-RECO_CMSSW_6_2_0_SLHC12_2023Scenario_Case1/calabria_SingleMuPt10_GEN-SIM-DIGI-RECO_CMSSW_6_2_0_SLHC12_2023Scenario_Case1/713e95291268ed84eccf2b8e553eab97/out_reco_
BasenameParent : 
parentFiles : 
inputBlocks : /calabria_SingleMuPt10_GEN-SIM-DIGI-RECO_CMSSW_6_2_0_SLHC12_2023Scenario_Case1/calabria-calabria_SingleMuPt10_GEN-SIM-DIGI-RECO_CMSSW_6_2_0_SLHC12_2023Scenario_Case1-713e95291268ed84eccf2b8e553eab97/USER#91b443e4-a5b9-450f-93d8-747ac818ce8f
inputFiles : 72_2_Ch1.root::1::EDM::Local::1;71_2_LGK.root::1::EDM::Local::2;70_2_o9a.root::1::EDM::Local::3;68_2_C4G.root::1::EDM::Local::4;73_2_eGJ.root::1::EDM::Local::5;65_2_aqX.root::1::EDM::Local::6;64_2_0Ar.root::1::EDM::Local::7;67_2_Spb.root::1::EDM::Local::8;69_2_4MZ.root::1::EDM::Local::9;66_2_6mK.root::1::EDM::Local::10;
Popularity stop
Extracted ExitStatus from FrameworkJobReport parsing output: 0
>>> Executable succeded  0
ExeExitCode=0
EXECUTABLE_EXIT_STATUS = 0
>>> current directory /home/cms017/home_cream_334186649/CREAM334186649/glide_HenILc/execute/dir_2592/CMSSW_6_2_0_SLHC12
>>>  (SOFTWARE_DIR): /home/cms017/home_cream_334186649/CREAM334186649/glide_HenILc/execute/dir_2592/CMSSW_6_2_0_SLHC12
>>> (WORKING_DIR): 
>>> current directory content:
total 10452
drwxr-xr-x 3 cms017 cms    4096 Jun 17 23:08 .SCRAM
-rw------- 1 cms017 cms 3739236 Jun 17 23:08 CMSSW.py.pkl
drwxr-xr-x 3 cms017 cms    4096 Jun 17 23:08 bin
drwxr-xr-x 3 cms017 cms    4096 Jun 17 23:08 cfipython
drwxr-xr-x 4 cms017 cms    4096 Jun 17 23:08 config
-rw------- 1 cms017 cms      17 Jun 17 23:15 cpu_timing.txt
drwxr-xr-x 2 cms017 cms    4096 Jun 17 23:08 doc
-rw------- 1 cms017 cms    9895 Jun 17 23:15 executable.out
drwxr-xr-x 2 cms017 cms    4096 Jun 17 23:08 include
drwx------ 3 cms017 cms    4096 Apr 28 18:12 lib
drwxr-xr-x 3 cms017 cms    4096 Jun 17 23:08 logs
drwxr-xr-x 3 cms017 cms    4096 Jun 17 23:08 objs
-rw------- 1 cms017 cms     104 Jun 17 23:08 pset.py
-rw------- 1 cms017 cms 3712302 Jun 17 23:08 pset.py.pkl
-rw------- 1 cms017 cms     289 Jun 17 23:08 pset.pyc
drwxr-xr-x 2 cms017 cms    4096 Jun 17 23:08 python
-rw------- 1 cms017 cms     392 Jun 17 23:15 report.log
drwx------ 6 cms017 cms    4096 Jun 17 23:08 src
drwxr-xr-x 3 cms017 cms    4096 Jun 17 23:08 test
drwxr-xr-x 3 cms017 cms    4096 Jun 17 23:08 tmp
-rw------- 1 cms017 cms 3153211 Jun 17 23:15 validationEDM.root
>>> current directory /home/cms017/home_cream_334186649/CREAM334186649/glide_HenILc/execute/dir_2592/CMSSW_6_2_0_SLHC12
>>> (SOFTWARE_DIR): /home/cms017/home_cream_334186649/CREAM334186649/glide_HenILc/execute/dir_2592/CMSSW_6_2_0_SLHC12
>>> (WORKING_DIR): 
>>> current directory content:
total 10452
drwxr-xr-x 3 cms017 cms    4096 Jun 17 23:08 .SCRAM
-rw------- 1 cms017 cms 3739236 Jun 17 23:08 CMSSW.py.pkl
drwxr-xr-x 3 cms017 cms    4096 Jun 17 23:08 bin
drwxr-xr-x 3 cms017 cms    4096 Jun 17 23:08 cfipython
drwxr-xr-x 4 cms017 cms    4096 Jun 17 23:08 config
-rw------- 1 cms017 cms      17 Jun 17 23:15 cpu_timing.txt
drwxr-xr-x 2 cms017 cms    4096 Jun 17 23:08 doc
-rw------- 1 cms017 cms    9895 Jun 17 23:15 executable.out
drwxr-xr-x 2 cms017 cms    4096 Jun 17 23:08 include
drwx------ 3 cms017 cms    4096 Apr 28 18:12 lib
drwxr-xr-x 3 cms017 cms    4096 Jun 17 23:08 logs
drwxr-xr-x 3 cms017 cms    4096 Jun 17 23:08 objs
-rw------- 1 cms017 cms     104 Jun 17 23:08 pset.py
-rw------- 1 cms017 cms 3712302 Jun 17 23:08 pset.py.pkl
-rw------- 1 cms017 cms     289 Jun 17 23:08 pset.pyc
drwxr-xr-x 2 cms017 cms    4096 Jun 17 23:08 python
-rw------- 1 cms017 cms     392 Jun 17 23:15 report.log
drwx------ 6 cms017 cms    4096 Jun 17 23:08 src
drwxr-xr-x 3 cms017 cms    4096 Jun 17 23:08 test
drwxr-xr-x 3 cms017 cms    4096 Jun 17 23:08 tmp
-rw------- 1 cms017 cms 3153211 Jun 17 23:15 validationEDM_11_1_eoq.root
>>> current directory (RUNTIME_AREA):  /home/cms017/home_cream_334186649/CREAM334186649/glide_HenILc/execute/dir_2592
SE = storm-se-01.ba.infn.it
SE_PATH = /srm/managerv2?SFN=//cms/store/user/calabria/calabria_SingleMuPt10_GEN-SIM-DIGI-RECO_CMSSW_6_2_0_SLHC12_2023Scenario_Case1/calabria_MuMinus10_GEN-SIM-DIGI-RECO_CMSSW_6_2_0_SLHC12_2023Scenario_VALNOPU2_Case1/5854dd31cbd3cdec44c48628cc181cf0/
LFNBaseName = /store/user/calabria/calabria_SingleMuPt10_GEN-SIM-DIGI-RECO_CMSSW_6_2_0_SLHC12_2023Scenario_Case1/calabria_MuMinus10_GEN-SIM-DIGI-RECO_CMSSW_6_2_0_SLHC12_2023Scenario_VALNOPU2_Case1/5854dd31cbd3cdec44c48628cc181cf0/
USER = calabria
endpoint = srm://storm-se-01.ba.infn.it:8444/srm/managerv2?SFN=//cms/store/user/calabria/calabria_SingleMuPt10_GEN-SIM-DIGI-RECO_CMSSW_6_2_0_SLHC12_2023Scenario_Case1/calabria_MuMinus10_GEN-SIM-DIGI-RECO_CMSSW_6_2_0_SLHC12_2023Scenario_VALNOPU2_Case1/5854dd31cbd3cdec44c48628cc181cf0/
>>> Copy output files from WN = pccms152.ba.infn.it to /srm/managerv2?SFN=//cms/store/user/calabria/calabria_SingleMuPt10_GEN-SIM-DIGI-RECO_CMSSW_6_2_0_SLHC12_2023Scenario_Case1/calabria_MuMinus10_GEN-SIM-DIGI-RECO_CMSSW_6_2_0_SLHC12_2023Scenario_VALNOPU2_Case1/5854dd31cbd3cdec44c48628cc181cf0/ :
python cmscp.py  --destination srm://storm-se-01.ba.infn.it:8444/srm/managerv2?SFN=//cms/store/user/calabria/calabria_SingleMuPt10_GEN-SIM-DIGI-RECO_CMSSW_6_2_0_SLHC12_2023Scenario_Case1/calabria_MuMinus10_GEN-SIM-DIGI-RECO_CMSSW_6_2_0_SLHC12_2023Scenario_VALNOPU2_Case1/5854dd31cbd3cdec44c48628cc181cf0/ --inputFileList /home/cms017/home_cream_334186649/CREAM334186649/glide_HenILc/execute/dir_2592/CMSSW_6_2_0_SLHC12/validationEDM_11_1_eoq.root --middleware LCG --se_name storm-se-01.ba.infn.it --for_lfn /store/user/calabria/calabria_SingleMuPt10_GEN-SIM-DIGI-RECO_CMSSW_6_2_0_SLHC12_2023Scenario_Case1/calabria_MuMinus10_GEN-SIM-DIGI-RECO_CMSSW_6_2_0_SLHC12_2023Scenario_VALNOPU2_Case1/5854dd31cbd3cdec44c48628cc181cf0/    
******************************************************
localSeName  =  storm-se-01.ba.infn.it
remoteSeName =  storm-se-01.ba.infn.it
******************************************************
{"/home/cms017/home_cream_334186649/CREAM334186649/glide_HenILc/execute/dir_2592/CMSSW_6_2_0_SLHC12/validationEDM_11_1_eoq.root": {"endpoint": "srm://storm-se-01.ba.infn.it:8444/srm/managerv2?SFN=//cms/store/user/calabria/calabria_SingleMuPt10_GEN-SIM-DIGI-RECO_CMSSW_6_2_0_SLHC12_2023Scenario_Case1/calabria_MuMinus10_GEN-SIM-DIGI-RECO_CMSSW_6_2_0_SLHC12_2023Scenario_VALNOPU2_Case1/5854dd31cbd3cdec44c48628cc181cf0/", "surl_for_grid": "", "reason": "Copy succedeed with srm-lcg utils", "erCode": "0", "se_name": "storm-se-01.ba.infn.it", "for_lfn": "/store/user/calabria/calabria_SingleMuPt10_GEN-SIM-DIGI-RECO_CMSSW_6_2_0_SLHC12_2023Scenario_Case1/calabria_MuMinus10_GEN-SIM-DIGI-RECO_CMSSW_6_2_0_SLHC12_2023Scenario_VALNOPU2_Case1/5854dd31cbd3cdec44c48628cc181cf0/"}}/home/cms017/home_cream_334186649/CREAM334186649/glide_HenILc/execute/dir_2592
-------- cat /home/cms017/home_cream_334186649/CREAM334186649/glide_HenILc/execute/dir_2592/cmscpReport.sh 
#!/bin/bash
echo "Report for File: /home/cms017/home_cream_334186649/CREAM334186649/glide_HenILc/execute/dir_2592/CMSSW_6_2_0_SLHC12/validationEDM_11_1_eoq.root"
echo "LFN: /store/user/calabria/calabria_SingleMuPt10_GEN-SIM-DIGI-RECO_CMSSW_6_2_0_SLHC12_2023Scenario_Case1/calabria_MuMinus10_GEN-SIM-DIGI-RECO_CMSSW_6_2_0_SLHC12_2023Scenario_VALNOPU2_Case1/5854dd31cbd3cdec44c48628cc181cf0/validationEDM_11_1_eoq.root"
echo "StorageElement: storm-se-01.ba.infn.it"
echo "StageOutExitStatusReason = 'Copy succedeed with srm-lcg utils'" | tee -a $RUNTIME_AREA/$repo
echo "StageOutSE = storm-se-01.ba.infn.it" >> $RUNTIME_AREA/$repo

export StageOutExitStatus=0
echo "StageOutExitStatus = 0" | tee -a $RUNTIME_AREA/$repo
-------- end of /home/cms017/home_cream_334186649/CREAM334186649/glide_HenILc/execute/dir_2592/cmscpReport.sh 
Report for File: /home/cms017/home_cream_334186649/CREAM334186649/glide_HenILc/execute/dir_2592/CMSSW_6_2_0_SLHC12/validationEDM_11_1_eoq.root
LFN: /store/user/calabria/calabria_SingleMuPt10_GEN-SIM-DIGI-RECO_CMSSW_6_2_0_SLHC12_2023Scenario_Case1/calabria_MuMinus10_GEN-SIM-DIGI-RECO_CMSSW_6_2_0_SLHC12_2023Scenario_VALNOPU2_Case1/5854dd31cbd3cdec44c48628cc181cf0/validationEDM_11_1_eoq.root
StorageElement: storm-se-01.ba.infn.it
StageOutExitStatusReason = 'Copy succedeed with srm-lcg utils'
StageOutExitStatus = 0
>>> current dir: /home/cms017/home_cream_334186649/CREAM334186649/glide_HenILc/execute/dir_2592
>>> current dir content:
total 28076
-rw-------  1 cms017 cms     2778 Jun 17 23:16 .SEinteraction.log
-rwx------  1 cms017 cms     6725 Jun 17 23:08 .job.ad
-rwx------  1 cms017 cms     9425 Jun 17 23:08 .machine.ad
-rw-------  1 cms017 cms      105 Jun 16 20:43 CMSSW.py
-rw-------  1 cms017 cms  3739236 Jun 16 20:43 CMSSW.py.pkl
-rwx------  1 cms017 cms    29556 Jun 17 23:08 CMSSW.sh
drwxr-xr-x 15 cms017 cms     4096 Jun 17 23:15 CMSSW_6_2_0_SLHC12
-rw-------  1 cms017 cms      219 Jun 17 23:08 CacheEnv.sh
-rw-------  1 cms017 cms     7291 Apr  4 11:04 DashboardAPI.py
-rw-------  1 cms017 cms     6800 Jun 17 23:08 DashboardAPI.pyc
drwx------  2 cms017 cms     4096 Jun 17 23:15 IMProv
-rw-------  1 cms017 cms     2748 Apr  4 11:04 Logger.py
-rw-------  1 cms017 cms     3342 Jun 17 23:08 Logger.pyc
-rw-------  1 cms017 cms    24524 Apr  4 11:04 ProcInfo.py
-rw-------  1 cms017 cms    23173 Jun 17 23:08 ProcInfo.pyc
drwx------  7 cms017 cms     4096 Jun 17 23:08 ProdCommon
drwx------  3 cms017 cms     4096 Jun 17 23:08 WMCore
-rw-------  1 cms017 cms     2526 Jun 17 23:15 Watchdog_11.log
-rwx------  1 cms017 cms        0 Jun 17 23:08 _condor_stderr
-rwx---r--  1 cms017 cms    29315 Jun 17 23:16 _condor_stdout
-rw-------  1 cms017 cms    32895 Apr  4 11:04 apmon.py
-rw-------  1 cms017 cms    28596 Jun 17 23:08 apmon.pyc
-rwx------  1 cms017 cms    53408 Jun 17 23:08 arguments.xml
-rwx------  1 cms017 cms    38515 Apr  4 11:04 cmscp.py
-rw-------  1 cms017 cms      717 Jun 17 23:16 cmscpReport.sh
-rwx------  1 cms017 cms    29556 Jun 17 23:08 condor_exec.exe
-rw-------  1 cms017 cms      958 Jun 16 20:42 crab.cfg
-rwx------  1 cms017 cms     8610 Apr  4 11:04 crabWatchdog.sh
-rwx---r--  1 cms017 cms   523224 Jun 17 23:15 crab_fjr_11.xml
-rwx------  1 cms017 cms 23958840 Jun 17 23:08 default.tgz
-rwx------  1 cms017 cms     4488 Apr  4 11:04 fillCrabFjr.py
-rw-------  1 cms017 cms     2619 Jun 17 23:08 inputsReport.txt
-rw-------  1 cms017 cms      255 Jun 17 23:16 jobreport.txt
-rw-------  1 cms017 cms    17352 Apr  4 11:04 parseCrabFjr.py
-rw-------  1 cms017 cms      317 Jun 17 23:08 report.log
-rwx--x--x  1 cms017 cms     1497 Apr  4 11:04 report.py
-rw-------  1 cms017 cms      771 Jun 17 23:16 resultCopyFile
lrwxrwxrwx  1 cms017 cms      125 Jun 17 23:15 validationEDM.root -> /home/cms017/home_cream_334186649/CREAM334186649/glide_HenILc/execute/dir_2592/CMSSW_6_2_0_SLHC12/validationEDM_11_1_eoq.root
-rwx------  1 cms017 cms     8387 Apr  4 11:04 writeCfg.py
-rw-------  1 cms017 cms     8010 Jun 17 23:08 x509up_u50707
>>> Modify Job Report:
CMSSW_VERSION = CMSSW_6_2_0_SLHC12
ProcessedDataset = calabria_MuMinus10_GEN-SIM-DIGI-RECO_CMSSW_6_2_0_SLHC12_2023Scenario_VALNOPU2_Case1
/home/cms017/home_cream_334186649/CREAM334186649/glide_HenILc/execute/dir_2592/ProdCommon/FwkJobRep/ModifyJobReport.py fjr /home/cms017/home_cream_334186649/CREAM334186649/glide_HenILc/execute/dir_2592/crab_fjr_11.xml json /home/cms017/home_cream_334186649/CREAM334186649/glide_HenILc/execute/dir_2592/resultCopyFile n_job 11_1_eoq PrimaryDataset calabria_SingleMuPt10_GEN-SIM-DIGI-RECO_CMSSW_6_2_0_SLHC12_2023Scenario_Case1  ApplicationFamily cmsRun ApplicationName cmsRun cmssw_version CMSSW_6_2_0_SLHC12 psethash 5854dd31cbd3cdec44c48628cc181cf0 UserProcessedDataset calabria-calabria_MuMinus10_GEN-SIM-DIGI-RECO_CMSSW_6_2_0_SLHC12_2023Scenario_VALNOPU2_Case1-5854dd31cbd3cdec44c48628cc181cf0
inputDict =  {u'/home/cms017/home_cream_334186649/CREAM334186649/glide_HenILc/execute/dir_2592/CMSSW_6_2_0_SLHC12/validationEDM_11_1_eoq.root': {u'endpoint': u'srm://storm-se-01.ba.infn.it:8444/srm/managerv2?SFN=//cms/store/user/calabria/calabria_SingleMuPt10_GEN-SIM-DIGI-RECO_CMSSW_6_2_0_SLHC12_2023Scenario_Case1/calabria_MuMinus10_GEN-SIM-DIGI-RECO_CMSSW_6_2_0_SLHC12_2023Scenario_VALNOPU2_Case1/5854dd31cbd3cdec44c48628cc181cf0/', u'surl_for_grid': u'', u'reason': u'Copy succedeed with srm-lcg utils', u'erCode': u'0', u'se_name': u'storm-se-01.ba.infn.it', u'for_lfn': u'/store/user/calabria/calabria_SingleMuPt10_GEN-SIM-DIGI-RECO_CMSSW_6_2_0_SLHC12_2023Scenario_Case1/calabria_MuMinus10_GEN-SIM-DIGI-RECO_CMSSW_6_2_0_SLHC12_2023Scenario_VALNOPU2_Case1/5854dd31cbd3cdec44c48628cc181cf0/'}}
UserProcessedDataset =  calabria-calabria_MuMinus10_GEN-SIM-DIGI-RECO_CMSSW_6_2_0_SLHC12_2023Scenario_VALNOPU2_Case1-5854dd31cbd3cdec44c48628cc181cf0
file_name in inputDict =  /home/cms017/home_cream_334186649/CREAM334186649/glide_HenILc/execute/dir_2592/CMSSW_6_2_0_SLHC12/validationEDM_11_1_eoq.root
(size) os.stat(filename)[6] =  3153211
checksum =  3415584307
    file =  validationEDM_11_1_eoq.root
    newPfn =  srm://storm-se-01.ba.infn.it:8444/srm/managerv2?SFN=//cms/store/user/calabria/calabria_SingleMuPt10_GEN-SIM-DIGI-RECO_CMSSW_6_2_0_SLHC12_2023Scenario_Case1/calabria_MuMinus10_GEN-SIM-DIGI-RECO_CMSSW_6_2_0_SLHC12_2023Scenario_VALNOPU2_Case1/5854dd31cbd3cdec44c48628cc181cf0/validationEDM_11_1_eoq.root
    newLfn =  /store/user/calabria/calabria_SingleMuPt10_GEN-SIM-DIGI-RECO_CMSSW_6_2_0_SLHC12_2023Scenario_Case1/calabria_MuMinus10_GEN-SIM-DIGI-RECO_CMSSW_6_2_0_SLHC12_2023Scenario_VALNOPU2_Case1/5854dd31cbd3cdec44c48628cc181cf0/validationEDM_11_1_eoq.root
>>> crab_fjr_*.xml  permission set to 0704
CrabWrapper EXIT_FUNC entered at Tue Jun 17 23:16:35 CEST 2014   -  Tue Jun 17 21:16:35 UTC 2014
Checking output files:  
will tar file crab_fjr_11.xml in  out_files_11
WARNING: output file CMSSW_11.stdout not found!
WARNING: output file CMSSW_11.stderr not found!
WARNING: output file Watchdog_11.log.gz not found!
>>> padding time: Sleeping the wrapper for 102 seconds
STOPPING WATCHDOG. CrabWatchdog PID is 3650
********** LAST 50 LINES OF WATCHDOG LOG
# RESOURCE USAGE SUMMARY FOR PROCESS ID  3001
USER       PID %CPU %MEM    VSZ   RSS TTY      STAT START   TIME COMMAND
cms017    3001  0.2  0.0   9500  1596 ?        S    23:08   0:00 /bin/sh /home/cms017/home_cream_334186649/CREAM334186649/glide_HenILc/execute/dir_2592/condor_exec.exe 11 1
 
# LIMITS USED BY CRAB WATCHDOG:
# RSS  (KBytes)   : 2300000
# VSZ  (KBytes)   : 100000000
# DISK (MBytes)   : 19000
# CPU TIME        : 720h:0m:0s
# WALL CLOCK TIME : 21h:50m:0s
 
# FOLLOWING PRINTOUT TRACKS MAXIMUM VALUES OF RESOURCES USE
# ONE LINE IS PRINTED EACH TIME A MAXIMUM CHANGES
# IF CHANGE WAS IN RSS OR VSZ ALSO PROCID AND COMMAND ARE PRINTED
# THERE IS NO PRINTOUT FOR CPU/WALL TIME INCREASE
 
# TIME			PID	RSS(KB)	VSZ(KB)	Dsk(MB)	tCPU(s)	tWALL(s)	COMMAND
 Jun 17 23:08:26 CEST	2592	8416	93608	0	0	0	condor_starter -f vocms83.cern.ch        
 Jun 17 23:08:26 CEST	3662	9760	93608	0	0	0	edmConfigHash pset.py         
 Jun 17 23:08:26 CEST	14256	9760	93904	0	8	1	condor_startd -f         
 Jun 17 23:08:26 CEST	16847	9760	106092	0	0	1	sh -c "./glidein_startup.sh" -v std -name v1_3 -entry CMS_T2_IT_Bari_ce4 -clientname UCSD-v1_0.main
 Jun 17 23:08:26 CEST	16854	9760	106492	0	0	1	/bin/bash ./glidein_startup.sh -v std -name v1_3 -entry CMS_T2_IT_Bari_ce4 -clientname UCSD-v1_0.main -schedd
 Jun 17 23:08:26 CEST	---	9760	106492	171	----	----	----
 Jun 17 23:09:27 CEST	5801	761252	977828	171	28	61	cmsRun -j /home/cms017/home_cream_334186649/CREAM334186649/glide_HenILc/execute/dir_2592/crab_fjr_11.xml -p pset.py      
 Jun 17 23:09:27 CEST	---	761252	977828	175	----	----	----
 Jun 17 23:10:28 CEST	5801	785436	1001632	175	76	122	cmsRun -j /home/cms017/home_cream_334186649/CREAM334186649/glide_HenILc/execute/dir_2592/crab_fjr_11.xml -p pset.py      
 Jun 17 23:11:29 CEST	5801	789332	1009824	175	126	184	cmsRun -j /home/cms017/home_cream_334186649/CREAM334186649/glide_HenILc/execute/dir_2592/crab_fjr_11.xml -p pset.py      
 Jun 17 23:12:32 CEST	5801	798160	1023648	175	182	248	cmsRun -j /home/cms017/home_cream_334186649/CREAM334186649/glide_HenILc/execute/dir_2592/crab_fjr_11.xml -p pset.py      
 Jun 17 23:13:36 CEST	5801	799908	1024332	175	234	311	cmsRun -j /home/cms017/home_cream_334186649/CREAM334186649/glide_HenILc/execute/dir_2592/crab_fjr_11.xml -p pset.py      
 Jun 17 23:14:37 CEST	5801	802340	1028472	175	283	372	cmsRun -j /home/cms017/home_cream_334186649/CREAM334186649/glide_HenILc/execute/dir_2592/crab_fjr_11.xml -p pset.py      
 Jun 17 23:15:40 CEST	---	802340	1028472	178	----	----	----
 Jun 17 23:16:41 CEST	---	802340	1028472	179	----	----	----
********** WATCHDOG LOG ENDED
ZIPPING WATCHDOG LOG
Disk space used:
du -sh /home/cms017/home_cream_334186649/CREAM334186649/glide_HenILc/execute/dir_2592
179M	/home/cms017/home_cream_334186649/CREAM334186649/glide_HenILc/execute/dir_2592
Found unusual stdout, rename for OSB
`/home/cms017/home_cream_334186649/CREAM334186649/glide_HenILc/execute/dir_2592/_condor_stdout' -> `CMSSW_11.stdout'
Found unusual stderr, rename for OSB
`/home/cms017/home_cream_334186649/CREAM334186649/glide_HenILc/execute/dir_2592/_condor_stdout' -> `CMSSW_11.stderr'
crab_fjr_11.xml
CMSSW_11.stdout
CMSSW_11.stderr
Watchdog_11.log.gz
Total Output dimension: 70048
WARNING: output files size limit is set to: 50000000
Total Output dimension 70048 is fine.
JOB_EXIT_STATUS = 0
>>> info for dashboard:
***** Cat /home/cms017/home_cream_334186649/CREAM334186649/glide_HenILc/execute/dir_2592/jobreport.txt *****
MonitorJobID=11_https://vocms83.cern.ch//140616//86809.10
MonitorID=calabria_MuMinus10_Case1_ReReco_1d78ml
ExeTime=407
ExeExitCode=0
StageOutExitStatusReason = 'Copy succedeed with srm-lcg utils'
StageOutSE = storm-se-01.ba.infn.it
StageOutExitStatus = 0
CrabUserCpuTime=284.73
CrabSysCpuTime=56.47
CrabCpuPercentage=83%
CrabWrapperTime=600
CrabStageoutTime=48
JobExitCode=0
***** End Cat jobreport *****
Parameters sent to Dashboard.
EXITING at Tue Jun 17 23:18:24 CEST 2014  -  Tue Jun 17 21:18:24 UTC 2014
