This script was generated by crab (version 2.10.5_patch1).
Running /home/cms043/home_cream_088750228/CREAM088750228/glide_IcnYjX/execute/dir_424/condor_exec.exe with 2 positional parameters: 7 1
Today is Tue Jun 17 23:08:03 CEST 2014 - Tue Jun 17 21:08:03 UTC 2014
Job submitted on host pccms92.ba.infn.it
Linux pccms92.ba.infn.it 2.6.32-358.23.2.el6.x86_64 #1 SMP Thu Oct 17 10:27:22 CEST 2013 x86_64 x86_64 x86_64 GNU/Linux
>>> current directory (RUNTIME_AREA): /home/cms043/home_cream_088750228/CREAM088750228/glide_IcnYjX/execute/dir_424
>>> current user: uid=18637(cms043) gid=1399(cms) groups=1399(cms)
>>> directory permission set to 0700
>>> umask set to:  u=rwx,g=,o=
>>> stdout stderr permission set to 0704
>>> voms proxy information:
subject   : /C=IT/O=INFN/OU=Personal Certificate/L=Bari/CN=Cesare Calabria/CN=477126703/CN=874334640
issuer    : /C=IT/O=INFN/OU=Personal Certificate/L=Bari/CN=Cesare Calabria/CN=477126703
identity  : /C=IT/O=INFN/OU=Personal Certificate/L=Bari/CN=Cesare Calabria
type      : RFC3820 compliant limited proxy
strength  : 1024
path      : /home/cms043/home_cream_088750228/CREAM088750228/glide_IcnYjX/execute/dir_424/x509up_u50707
timeleft  : 23:59:56
key usage : Digital Signature, Key Encipherment, Data Encipherment
=== VO cms extension information ===
VO        : cms
subject   : /C=IT/O=INFN/OU=Personal Certificate/L=Bari/CN=Cesare Calabria
issuer    : /DC=ch/DC=cern/OU=computers/CN=voms.cern.ch
attribute : /cms/Role=NULL/Capability=NULL
attribute : /cms/itcms/Role=NULL/Capability=NULL
timeleft  : 156:16:15
uri       : voms.cern.ch:15002

WNHostName=pccms92.ba.infn.it
>>> tar --no-same-permissions -xf /home/cms043/home_cream_088750228/CREAM088750228/glide_IcnYjX/execute/dir_424/default.tgz :
Successful untar
>>> Include /home/cms043/home_cream_088750228/CREAM088750228/glide_IcnYjX/execute/dir_424 in PYTHONPATH:
strip arguments
env var CRAB_UNIQUE_JOB_ID set to: calabria_MuMinus10_Case1_ReReco_1d78ml_7_1_5cx
out_files_7
>>> list of expected files on output sandbox
output files: crab_fjr_7.xml CMSSW_7.stdout CMSSW_7.stderr Watchdog_7.log.gz
>>> GridFlavour discovery: 
GridFlavour=LCG
>>> SyncSite discovery: 
SyncSite=T2_IT_Bari
>>> SyncCE discovery: 
getting SyncCE from CE_ID
SyncCE=cream-ce-4.ba.infn.it:8443/cream-pbs-cms
>>> info for dashboard:
***** Cat /home/cms043/home_cream_088750228/CREAM088750228/glide_IcnYjX/execute/dir_424/jobreport.txt *****
WNHostName=pccms92.ba.infn.it
MonitorJobID=7_https://vocms83.cern.ch//140616//86809.6
SyncGridJobId=https://vocms83.cern.ch//140616//86809.6
MonitorID=calabria_MuMinus10_Case1_ReReco_1d78ml
GridFlavour=LCG
SyncSite=T2_IT_Bari
SyncCE=cream-ce-4.ba.infn.it:8443/cream-pbs-cms
***** End Cat jobreport *****
Parameters sent to Dashboard.
>>> setup environment
set SCRAM ARCH to slc5_amd64_gcc472
SCRAM_ARCH = slc5_amd64_gcc472
>>> setup CMS LCG environment:
set SCRAM ARCH and BUILD_ARCH to slc5_amd64_gcc472 ###
Sourcing environment... 
sourcing /cvmfs/cms.cern.ch/cmsset_default.sh
==> setup cms environment ok
>>> specific cmssw setup environment:
CMSSW_VERSION =  CMSSW_6_2_0_SLHC12
>>> current directory (SOFTWARE_DIR): /home/cms043/home_cream_088750228/CREAM088750228/glide_IcnYjX/execute/dir_424/CMSSW_6_2_0_SLHC12
PreserveSeeds: <>
IncrementSeeds:<>
>>> info for dashboard:
***** Cat /home/cms043/home_cream_088750228/CREAM088750228/glide_IcnYjX/execute/dir_424/jobreport.txt *****
MonitorJobID=7_https://vocms83.cern.ch//140616//86809.6
MonitorID=calabria_MuMinus10_Case1_ReReco_1d78ml
***** End Cat jobreport *****
Parameters sent to Dashboard.
crabWatchdog started as process 976
>>> moving CMSSW software directories in /home/cms043/home_cream_088750228/CREAM088750228/glide_IcnYjX/execute/dir_424/CMSSW_6_2_0_SLHC12
mv: cannot stat `/home/cms043/home_cream_088750228/CREAM088750228/glide_IcnYjX/execute/dir_424/module/': No such file or directory
>>> Include /home/cms043/home_cream_088750228/CREAM088750228/glide_IcnYjX/execute/dir_424 in PYTHONPATH:
PYTHONPATH=/home/cms043/home_cream_088750228/CREAM088750228/glide_IcnYjX/execute/dir_424/:/home/cms043/home_cream_088750228/CREAM088750228/glide_IcnYjX/execute/dir_424/CMSSW_6_2_0_SLHC12/python:/home/cms043/home_cream_088750228/CREAM088750228/glide_IcnYjX/execute/dir_424/CMSSW_6_2_0_SLHC12/lib/slc5_amd64_gcc472:/cvmfs/cms.cern.ch/slc5_amd64_gcc472/cms/cmssw/CMSSW_6_2_0_SLHC12/python:/cvmfs/cms.cern.ch/slc5_amd64_gcc472/cms/cmssw/CMSSW_6_2_0_SLHC12/lib/slc5_amd64_gcc472:/cvmfs/cms.cern.ch/slc5_amd64_gcc472/cms/coral/CORAL_2_3_21-cms36/slc5_amd64_gcc472/python:/cvmfs/cms.cern.ch/slc5_amd64_gcc472/cms/coral/CORAL_2_3_21-cms36/slc5_amd64_gcc472/lib:/cvmfs/cms.cern.ch/slc5_amd64_gcc472/external/pyqt/4.8.1-cms6/lib/python2.7/site-packages:/cvmfs/cms.cern.ch/slc5_amd64_gcc472/external/py2-scipy/0.8.0-cms8/lib/python2.7/site-packages:/cvmfs/cms.cern.ch/slc5_amd64_gcc472/external/py2-matplotlib/1.0.1-cms8/lib/python2.7/site-packages:/cvmfs/cms.cern.ch/slc5_amd64_gcc472/external/python-ldap/2.3.5-cms6/lib/python2.7/site-packages:/cvmfs/cms.cern.ch/slc5_amd64_gcc472/external/sip/4.11.2-cms6/lib/python2.7/site-packages:/cvmfs/cms.cern.ch/slc5_amd64_gcc472/external/py2-pycurl/7.19.0-cms8/lib/python2.7/site-packages:/cvmfs/cms.cern.ch/slc5_amd64_gcc472/external/py2-numpy/1.6.1-cms8/lib/python2.7/site-packages:/cvmfs/cms.cern.ch/slc5_amd64_gcc472/external/py2-lint/0.25.1-cms6/lib/python2.7/site-packages:/cvmfs/cms.cern.ch/slc5_amd64_gcc472/external/py2-ipython/0.10-cms6/lib/python2.7/site-packages:/cvmfs/cms.cern.ch/slc5_amd64_gcc472/external/py2-cx-oracle/5.1-cms7/lib/python2.7/site-packages:/cvmfs/cms.cern.ch/slc5_amd64_gcc472/external/py2-cjson/1.0.5-cms6/lib/python2.7/site-packages:/cvmfs/cms.cern.ch/slc5_amd64_gcc472/cms/das-client/1.11.7/bin:/cvmfs/cms.cern.ch/slc5_amd64_gcc472/external/elementtree/1.2.6-cms6/share/lib/python2.7/site-packages:/cvmfs/cms.cern.ch/slc5_amd64_gcc472/external/rivet/1.8.2-cms8/lib/python2.7/site-packages:/cvmfs/cms.cern.ch/slc5_amd64_gcc472/external/pyminuit2/0.0.1-cms19/lib/python2.7/site-packages:/cvmfs/cms.cern.ch/slc5_amd64_gcc472/external/py2-pygithub/1.23.0/lib/python2.7/site-packages:/cvmfs/cms.cern.ch/slc5_amd64_gcc472/external/professor/1.0.0-cms19/lib/python2.7/site-packages:/cvmfs/cms.cern.ch/slc5_amd64_gcc472/lcg/root/5.34.07-cms/lib:/cvmfs/cms.cern.ch/slc5_amd64_gcc472/cms/dbs-client/DBS_2_1_9-cms5/lib:/cvmfs/cms.cern.ch/slc5_amd64_gcc472/cms/dbs-client/DBS_2_1_9-cms5/lib/DBSAPI:/cvmfs/cms.cern.ch/slc5_amd64_gcc472/external/cvs2git/5419-cms/lib:/home/cms043/home_cream_088750228/CREAM088750228/glide_IcnYjX/execute/dir_424/
 
# LIMITS USED BY CRAB WATCHDOG:
# RSS  (KBytes)   : 2300000
# VSZ  (KBytes)   : 100000000
# DISK (MBytes)   : 19000
# CPU TIME        : 720h:0m:0s
# WALL CLOCK TIME : 21h:50m:0s
 
5854dd31cbd3cdec44c48628cc181cf0
PSETHASH = 5854dd31cbd3cdec44c48628cc181cf0
/home/cms043/home_cream_088750228/CREAM088750228/glide_IcnYjX/execute/dir_424/writeCfg.py pset.py pset.py
Importing .py file
Setting parameters
RandomNumberGeneratorService found, will attempt to change seeds
inputBlocks=/calabria_SingleMuPt10_GEN-SIM-DIGI-RECO_CMSSW_6_2_0_SLHC12_2023Scenario_Case1/calabria-calabria_SingleMuPt10_GEN-SIM-DIGI-RECO_CMSSW_6_2_0_SLHC12_2023Scenario_Case1-713e95291268ed84eccf2b8e553eab97/USER#91b443e4-a5b9-450f-93d8-747ac818ce8f
inputFiles=/store/user/calabria/calabria_SingleMuPt10_GEN-SIM-DIGI-RECO_CMSSW_6_2_0_SLHC12_2023Scenario_Case1/calabria_SingleMuPt10_GEN-SIM-DIGI-RECO_CMSSW_6_2_0_SLHC12_2023Scenario_Case1/713e95291268ed84eccf2b8e553eab97/out_reco_46_2_OSk.root;/store/user/calabria/calabria_SingleMuPt10_GEN-SIM-DIGI-RECO_CMSSW_6_2_0_SLHC12_2023Scenario_Case1/calabria_SingleMuPt10_GEN-SIM-DIGI-RECO_CMSSW_6_2_0_SLHC12_2023Scenario_Case1/713e95291268ed84eccf2b8e553eab97/out_reco_47_2_Utk.root;/store/user/calabria/calabria_SingleMuPt10_GEN-SIM-DIGI-RECO_CMSSW_6_2_0_SLHC12_2023Scenario_Case1/calabria_SingleMuPt10_GEN-SIM-DIGI-RECO_CMSSW_6_2_0_SLHC12_2023Scenario_Case1/713e95291268ed84eccf2b8e553eab97/out_reco_48_2_IAA.root;/store/user/calabria/calabria_SingleMuPt10_GEN-SIM-DIGI-RECO_CMSSW_6_2_0_SLHC12_2023Scenario_Case1/calabria_SingleMuPt10_GEN-SIM-DIGI-RECO_CMSSW_6_2_0_SLHC12_2023Scenario_Case1/713e95291268ed84eccf2b8e553eab97/out_reco_50_2_bY3.root;/store/user/calabria/calabria_SingleMuPt10_GEN-SIM-DIGI-RECO_CMSSW_6_2_0_SLHC12_2023Scenario_Case1/calabria_SingleMuPt10_GEN-SIM-DIGI-RECO_CMSSW_6_2_0_SLHC12_2023Scenario_Case1/713e95291268ed84eccf2b8e553eab97/out_reco_51_2_y97.root;/store/user/calabria/calabria_SingleMuPt10_GEN-SIM-DIGI-RECO_CMSSW_6_2_0_SLHC12_2023Scenario_Case1/calabria_SingleMuPt10_GEN-SIM-DIGI-RECO_CMSSW_6_2_0_SLHC12_2023Scenario_Case1/713e95291268ed84eccf2b8e553eab97/out_reco_52_2_5gz.root;/store/user/calabria/calabria_SingleMuPt10_GEN-SIM-DIGI-RECO_CMSSW_6_2_0_SLHC12_2023Scenario_Case1/calabria_SingleMuPt10_GEN-SIM-DIGI-RECO_CMSSW_6_2_0_SLHC12_2023Scenario_Case1/713e95291268ed84eccf2b8e553eab97/out_reco_53_2_Ldy.root;/store/user/calabria/calabria_SingleMuPt10_GEN-SIM-DIGI-RECO_CMSSW_6_2_0_SLHC12_2023Scenario_Case1/calabria_SingleMuPt10_GEN-SIM-DIGI-RECO_CMSSW_6_2_0_SLHC12_2023Scenario_Case1/713e95291268ed84eccf2b8e553eab97/out_reco_54_2_snW.root;/store/user/calabria/calabria_SingleMuPt10_GEN-SIM-DIGI-RECO_CMSSW_6_2_0_SLHC12_2023Scenario_Case1/calabria_SingleMuPt10_GEN-SIM-DIGI-RECO_CMSSW_6_2_0_SLHC12_2023Scenario_Case1/713e95291268ed84eccf2b8e553eab97/out_reco_55_2_zYy.root;/store/user/calabria/calabria_SingleMuPt10_GEN-SIM-DIGI-RECO_CMSSW_6_2_0_SLHC12_2023Scenario_Case1/calabria_SingleMuPt10_GEN-SIM-DIGI-RECO_CMSSW_6_2_0_SLHC12_2023Scenario_Case1/713e95291268ed84eccf2b8e553eab97/out_reco_443_2_cSj.root
parentFiles=
lumisRange=
>>> Executable cmsRun
/cvmfs/cms.cern.ch/slc5_amd64_gcc472/cms/cmssw/CMSSW_6_2_0_SLHC12/bin/slc5_amd64_gcc472/cmsRun
ok executable found
>>> info for dashboard:
***** Cat /home/cms043/home_cream_088750228/CREAM088750228/glide_IcnYjX/execute/dir_424/jobreport.txt *****
MonitorJobID=7_https://vocms83.cern.ch//140616//86809.6
MonitorID=calabria_MuMinus10_Case1_ReReco_1d78ml
ExeStart=cmsRun
***** End Cat jobreport *****
Parameters sent to Dashboard.
>>> cmsRun started at Tue Jun 17 21:08:27 UTC 2014
>>> cmsRun ended at Tue Jun 17 21:14:19 UTC 2014
>>> crab_fjr_*.xml  permission set to 0704
>>> info for dashboard:
***** Cat /home/cms043/home_cream_088750228/CREAM088750228/glide_IcnYjX/execute/dir_424/jobreport.txt *****
MonitorJobID=7_https://vocms83.cern.ch//140616//86809.6
MonitorID=calabria_MuMinus10_Case1_ReReco_1d78ml
ExeEnd=cmsRun
***** End Cat jobreport *****
Parameters sent to Dashboard.
TIME_EXE = 352 sec
>>> cmsRun wrote 50 lines of stdout+stderr
>>> START OF printout of 50 lines from stdout+stderr
271 DQMStore::DQMStore 
HcalTopologyIdealEP::HcalTopologyIdealEP
17-Jun-2014 23:08:44 CEST  Initiating request to open file file:/lustre/cms//store/user/calabria/calabria_SingleMuPt10_GEN-SIM-DIGI-RECO_CMSSW_6_2_0_SLHC12_2023Scenario_Case1/calabria_SingleMuPt10_GEN-SIM-DIGI-RECO_CMSSW_6_2_0_SLHC12_2023Scenario_Case1/713e95291268ed84eccf2b8e553eab97/out_reco_46_2_OSk.root
17-Jun-2014 23:08:47 CEST  Successfully opened file file:/lustre/cms//store/user/calabria/calabria_SingleMuPt10_GEN-SIM-DIGI-RECO_CMSSW_6_2_0_SLHC12_2023Scenario_Case1/calabria_SingleMuPt10_GEN-SIM-DIGI-RECO_CMSSW_6_2_0_SLHC12_2023Scenario_Case1/713e95291268ed84eccf2b8e553eab97/out_reco_46_2_OSk.root
17-Jun-2014 23:09:24 CEST  Closed file file:/lustre/cms//store/user/calabria/calabria_SingleMuPt10_GEN-SIM-DIGI-RECO_CMSSW_6_2_0_SLHC12_2023Scenario_Case1/calabria_SingleMuPt10_GEN-SIM-DIGI-RECO_CMSSW_6_2_0_SLHC12_2023Scenario_Case1/713e95291268ed84eccf2b8e553eab97/out_reco_46_2_OSk.root
17-Jun-2014 23:09:24 CEST  Initiating request to open file file:/lustre/cms//store/user/calabria/calabria_SingleMuPt10_GEN-SIM-DIGI-RECO_CMSSW_6_2_0_SLHC12_2023Scenario_Case1/calabria_SingleMuPt10_GEN-SIM-DIGI-RECO_CMSSW_6_2_0_SLHC12_2023Scenario_Case1/713e95291268ed84eccf2b8e553eab97/out_reco_47_2_Utk.root
17-Jun-2014 23:09:24 CEST  Successfully opened file file:/lustre/cms//store/user/calabria/calabria_SingleMuPt10_GEN-SIM-DIGI-RECO_CMSSW_6_2_0_SLHC12_2023Scenario_Case1/calabria_SingleMuPt10_GEN-SIM-DIGI-RECO_CMSSW_6_2_0_SLHC12_2023Scenario_Case1/713e95291268ed84eccf2b8e553eab97/out_reco_47_2_Utk.root
17-Jun-2014 23:09:55 CEST  Closed file file:/lustre/cms//store/user/calabria/calabria_SingleMuPt10_GEN-SIM-DIGI-RECO_CMSSW_6_2_0_SLHC12_2023Scenario_Case1/calabria_SingleMuPt10_GEN-SIM-DIGI-RECO_CMSSW_6_2_0_SLHC12_2023Scenario_Case1/713e95291268ed84eccf2b8e553eab97/out_reco_47_2_Utk.root
17-Jun-2014 23:09:55 CEST  Initiating request to open file file:/lustre/cms//store/user/calabria/calabria_SingleMuPt10_GEN-SIM-DIGI-RECO_CMSSW_6_2_0_SLHC12_2023Scenario_Case1/calabria_SingleMuPt10_GEN-SIM-DIGI-RECO_CMSSW_6_2_0_SLHC12_2023Scenario_Case1/713e95291268ed84eccf2b8e553eab97/out_reco_48_2_IAA.root
17-Jun-2014 23:09:56 CEST  Successfully opened file file:/lustre/cms//store/user/calabria/calabria_SingleMuPt10_GEN-SIM-DIGI-RECO_CMSSW_6_2_0_SLHC12_2023Scenario_Case1/calabria_SingleMuPt10_GEN-SIM-DIGI-RECO_CMSSW_6_2_0_SLHC12_2023Scenario_Case1/713e95291268ed84eccf2b8e553eab97/out_reco_48_2_IAA.root
17-Jun-2014 23:10:26 CEST  Closed file file:/lustre/cms//store/user/calabria/calabria_SingleMuPt10_GEN-SIM-DIGI-RECO_CMSSW_6_2_0_SLHC12_2023Scenario_Case1/calabria_SingleMuPt10_GEN-SIM-DIGI-RECO_CMSSW_6_2_0_SLHC12_2023Scenario_Case1/713e95291268ed84eccf2b8e553eab97/out_reco_48_2_IAA.root
17-Jun-2014 23:10:26 CEST  Initiating request to open file file:/lustre/cms//store/user/calabria/calabria_SingleMuPt10_GEN-SIM-DIGI-RECO_CMSSW_6_2_0_SLHC12_2023Scenario_Case1/calabria_SingleMuPt10_GEN-SIM-DIGI-RECO_CMSSW_6_2_0_SLHC12_2023Scenario_Case1/713e95291268ed84eccf2b8e553eab97/out_reco_50_2_bY3.root
17-Jun-2014 23:10:26 CEST  Successfully opened file file:/lustre/cms//store/user/calabria/calabria_SingleMuPt10_GEN-SIM-DIGI-RECO_CMSSW_6_2_0_SLHC12_2023Scenario_Case1/calabria_SingleMuPt10_GEN-SIM-DIGI-RECO_CMSSW_6_2_0_SLHC12_2023Scenario_Case1/713e95291268ed84eccf2b8e553eab97/out_reco_50_2_bY3.root
17-Jun-2014 23:10:57 CEST  Closed file file:/lustre/cms//store/user/calabria/calabria_SingleMuPt10_GEN-SIM-DIGI-RECO_CMSSW_6_2_0_SLHC12_2023Scenario_Case1/calabria_SingleMuPt10_GEN-SIM-DIGI-RECO_CMSSW_6_2_0_SLHC12_2023Scenario_Case1/713e95291268ed84eccf2b8e553eab97/out_reco_50_2_bY3.root
17-Jun-2014 23:10:57 CEST  Initiating request to open file file:/lustre/cms//store/user/calabria/calabria_SingleMuPt10_GEN-SIM-DIGI-RECO_CMSSW_6_2_0_SLHC12_2023Scenario_Case1/calabria_SingleMuPt10_GEN-SIM-DIGI-RECO_CMSSW_6_2_0_SLHC12_2023Scenario_Case1/713e95291268ed84eccf2b8e553eab97/out_reco_51_2_y97.root
17-Jun-2014 23:10:57 CEST  Successfully opened file file:/lustre/cms//store/user/calabria/calabria_SingleMuPt10_GEN-SIM-DIGI-RECO_CMSSW_6_2_0_SLHC12_2023Scenario_Case1/calabria_SingleMuPt10_GEN-SIM-DIGI-RECO_CMSSW_6_2_0_SLHC12_2023Scenario_Case1/713e95291268ed84eccf2b8e553eab97/out_reco_51_2_y97.root
17-Jun-2014 23:11:29 CEST  Closed file file:/lustre/cms//store/user/calabria/calabria_SingleMuPt10_GEN-SIM-DIGI-RECO_CMSSW_6_2_0_SLHC12_2023Scenario_Case1/calabria_SingleMuPt10_GEN-SIM-DIGI-RECO_CMSSW_6_2_0_SLHC12_2023Scenario_Case1/713e95291268ed84eccf2b8e553eab97/out_reco_51_2_y97.root
17-Jun-2014 23:11:29 CEST  Initiating request to open file file:/lustre/cms//store/user/calabria/calabria_SingleMuPt10_GEN-SIM-DIGI-RECO_CMSSW_6_2_0_SLHC12_2023Scenario_Case1/calabria_SingleMuPt10_GEN-SIM-DIGI-RECO_CMSSW_6_2_0_SLHC12_2023Scenario_Case1/713e95291268ed84eccf2b8e553eab97/out_reco_52_2_5gz.root
17-Jun-2014 23:11:29 CEST  Successfully opened file file:/lustre/cms//store/user/calabria/calabria_SingleMuPt10_GEN-SIM-DIGI-RECO_CMSSW_6_2_0_SLHC12_2023Scenario_Case1/calabria_SingleMuPt10_GEN-SIM-DIGI-RECO_CMSSW_6_2_0_SLHC12_2023Scenario_Case1/713e95291268ed84eccf2b8e553eab97/out_reco_52_2_5gz.root
17-Jun-2014 23:12:01 CEST  Closed file file:/lustre/cms//store/user/calabria/calabria_SingleMuPt10_GEN-SIM-DIGI-RECO_CMSSW_6_2_0_SLHC12_2023Scenario_Case1/calabria_SingleMuPt10_GEN-SIM-DIGI-RECO_CMSSW_6_2_0_SLHC12_2023Scenario_Case1/713e95291268ed84eccf2b8e553eab97/out_reco_52_2_5gz.root
17-Jun-2014 23:12:01 CEST  Initiating request to open file file:/lustre/cms//store/user/calabria/calabria_SingleMuPt10_GEN-SIM-DIGI-RECO_CMSSW_6_2_0_SLHC12_2023Scenario_Case1/calabria_SingleMuPt10_GEN-SIM-DIGI-RECO_CMSSW_6_2_0_SLHC12_2023Scenario_Case1/713e95291268ed84eccf2b8e553eab97/out_reco_53_2_Ldy.root
17-Jun-2014 23:12:01 CEST  Successfully opened file file:/lustre/cms//store/user/calabria/calabria_SingleMuPt10_GEN-SIM-DIGI-RECO_CMSSW_6_2_0_SLHC12_2023Scenario_Case1/calabria_SingleMuPt10_GEN-SIM-DIGI-RECO_CMSSW_6_2_0_SLHC12_2023Scenario_Case1/713e95291268ed84eccf2b8e553eab97/out_reco_53_2_Ldy.root
17-Jun-2014 23:12:34 CEST  Closed file file:/lustre/cms//store/user/calabria/calabria_SingleMuPt10_GEN-SIM-DIGI-RECO_CMSSW_6_2_0_SLHC12_2023Scenario_Case1/calabria_SingleMuPt10_GEN-SIM-DIGI-RECO_CMSSW_6_2_0_SLHC12_2023Scenario_Case1/713e95291268ed84eccf2b8e553eab97/out_reco_53_2_Ldy.root
17-Jun-2014 23:12:34 CEST  Initiating request to open file file:/lustre/cms//store/user/calabria/calabria_SingleMuPt10_GEN-SIM-DIGI-RECO_CMSSW_6_2_0_SLHC12_2023Scenario_Case1/calabria_SingleMuPt10_GEN-SIM-DIGI-RECO_CMSSW_6_2_0_SLHC12_2023Scenario_Case1/713e95291268ed84eccf2b8e553eab97/out_reco_54_2_snW.root
17-Jun-2014 23:12:34 CEST  Successfully opened file file:/lustre/cms//store/user/calabria/calabria_SingleMuPt10_GEN-SIM-DIGI-RECO_CMSSW_6_2_0_SLHC12_2023Scenario_Case1/calabria_SingleMuPt10_GEN-SIM-DIGI-RECO_CMSSW_6_2_0_SLHC12_2023Scenario_Case1/713e95291268ed84eccf2b8e553eab97/out_reco_54_2_snW.root
17-Jun-2014 23:13:05 CEST  Closed file file:/lustre/cms//store/user/calabria/calabria_SingleMuPt10_GEN-SIM-DIGI-RECO_CMSSW_6_2_0_SLHC12_2023Scenario_Case1/calabria_SingleMuPt10_GEN-SIM-DIGI-RECO_CMSSW_6_2_0_SLHC12_2023Scenario_Case1/713e95291268ed84eccf2b8e553eab97/out_reco_54_2_snW.root
17-Jun-2014 23:13:05 CEST  Initiating request to open file file:/lustre/cms//store/user/calabria/calabria_SingleMuPt10_GEN-SIM-DIGI-RECO_CMSSW_6_2_0_SLHC12_2023Scenario_Case1/calabria_SingleMuPt10_GEN-SIM-DIGI-RECO_CMSSW_6_2_0_SLHC12_2023Scenario_Case1/713e95291268ed84eccf2b8e553eab97/out_reco_55_2_zYy.root
17-Jun-2014 23:13:06 CEST  Successfully opened file file:/lustre/cms//store/user/calabria/calabria_SingleMuPt10_GEN-SIM-DIGI-RECO_CMSSW_6_2_0_SLHC12_2023Scenario_Case1/calabria_SingleMuPt10_GEN-SIM-DIGI-RECO_CMSSW_6_2_0_SLHC12_2023Scenario_Case1/713e95291268ed84eccf2b8e553eab97/out_reco_55_2_zYy.root
17-Jun-2014 23:13:35 CEST  Closed file file:/lustre/cms//store/user/calabria/calabria_SingleMuPt10_GEN-SIM-DIGI-RECO_CMSSW_6_2_0_SLHC12_2023Scenario_Case1/calabria_SingleMuPt10_GEN-SIM-DIGI-RECO_CMSSW_6_2_0_SLHC12_2023Scenario_Case1/713e95291268ed84eccf2b8e553eab97/out_reco_55_2_zYy.root
17-Jun-2014 23:13:35 CEST  Initiating request to open file file:/lustre/cms//store/user/calabria/calabria_SingleMuPt10_GEN-SIM-DIGI-RECO_CMSSW_6_2_0_SLHC12_2023Scenario_Case1/calabria_SingleMuPt10_GEN-SIM-DIGI-RECO_CMSSW_6_2_0_SLHC12_2023Scenario_Case1/713e95291268ed84eccf2b8e553eab97/out_reco_443_2_cSj.root
17-Jun-2014 23:13:35 CEST  Successfully opened file file:/lustre/cms//store/user/calabria/calabria_SingleMuPt10_GEN-SIM-DIGI-RECO_CMSSW_6_2_0_SLHC12_2023Scenario_Case1/calabria_SingleMuPt10_GEN-SIM-DIGI-RECO_CMSSW_6_2_0_SLHC12_2023Scenario_Case1/713e95291268ed84eccf2b8e553eab97/out_reco_443_2_cSj.root
17-Jun-2014 23:14:18 CEST  Closed file file:/lustre/cms//store/user/calabria/calabria_SingleMuPt10_GEN-SIM-DIGI-RECO_CMSSW_6_2_0_SLHC12_2023Scenario_Case1/calabria_SingleMuPt10_GEN-SIM-DIGI-RECO_CMSSW_6_2_0_SLHC12_2023Scenario_Case1/713e95291268ed84eccf2b8e553eab97/out_reco_443_2_cSj.root

=============================================

MessageLogger Summary

 type     category        sev    module        subroutine        count    total
 ---- -------------------- -- ---------------- ----------------  -----    -----
    1 fileAction           -s file_close                            10       10
    2 fileAction           -s file_open                             20       20

 type    category    Examples: run/evt        run/evt          run/evt
 ---- -------------------- ---------------- ---------------- ----------------
    1 fileAction           PostProcessEvent PostProcessEvent PostEndRun
    2 fileAction           pre-events       pre-events       PostProcessEvent

Severity    # Occurrences   Total Occurrences
--------    -------------   -----------------
System                 30                  30
>>> END OF printout of 50 lines from stdout+stderr
>>> Parse FrameworkJobReport crab_fjr.xml
Result of parsing the FrameworkJobReport crab_fjr.xml: Popularity start
lumisRange : 1::::1;1::::2;1::::3;1::::4;1::::5;1::::6;1::::7;1::::8;1::::9;1::::10;
lumisParentRange : 
Basename : /store/user/calabria/calabria_SingleMuPt10_GEN-SIM-DIGI-RECO_CMSSW_6_2_0_SLHC12_2023Scenario_Case1/calabria_SingleMuPt10_GEN-SIM-DIGI-RECO_CMSSW_6_2_0_SLHC12_2023Scenario_Case1/713e95291268ed84eccf2b8e553eab97/out_reco_
BasenameParent : 
parentFiles : 
inputBlocks : /calabria_SingleMuPt10_GEN-SIM-DIGI-RECO_CMSSW_6_2_0_SLHC12_2023Scenario_Case1/calabria-calabria_SingleMuPt10_GEN-SIM-DIGI-RECO_CMSSW_6_2_0_SLHC12_2023Scenario_Case1-713e95291268ed84eccf2b8e553eab97/USER#91b443e4-a5b9-450f-93d8-747ac818ce8f
inputFiles : 55_2_zYy.root::1::EDM::Local::1;52_2_5gz.root::1::EDM::Local::2;48_2_IAA.root::1::EDM::Local::3;53_2_Ldy.root::1::EDM::Local::4;443_2_cSj.root::1::EDM::Local::5;46_2_OSk.root::1::EDM::Local::6;50_2_bY3.root::1::EDM::Local::7;54_2_snW.root::1::EDM::Local::8;51_2_y97.root::1::EDM::Local::9;47_2_Utk.root::1::EDM::Local::10;
Popularity stop
Extracted ExitStatus from FrameworkJobReport parsing output: 0
>>> Executable succeded  0
ExeExitCode=0
EXECUTABLE_EXIT_STATUS = 0
>>> current directory /home/cms043/home_cream_088750228/CREAM088750228/glide_IcnYjX/execute/dir_424/CMSSW_6_2_0_SLHC12
>>>  (SOFTWARE_DIR): /home/cms043/home_cream_088750228/CREAM088750228/glide_IcnYjX/execute/dir_424/CMSSW_6_2_0_SLHC12
>>> (WORKING_DIR): 
>>> current directory content:
total 10440
drwxr-xr-x 3 cms043 cms    4096 Jun 17 23:08 .SCRAM
-rw------- 1 cms043 cms 3739236 Jun 17 23:08 CMSSW.py.pkl
drwxr-xr-x 3 cms043 cms    4096 Jun 17 23:08 bin
drwxr-xr-x 3 cms043 cms    4096 Jun 17 23:08 cfipython
drwxr-xr-x 4 cms043 cms    4096 Jun 17 23:08 config
-rw------- 1 cms043 cms      17 Jun 17 23:14 cpu_timing.txt
drwxr-xr-x 2 cms043 cms    4096 Jun 17 23:08 doc
-rw------- 1 cms043 cms    9898 Jun 17 23:14 executable.out
drwxr-xr-x 2 cms043 cms    4096 Jun 17 23:08 include
drwx------ 3 cms043 cms    4096 Apr 28 18:12 lib
drwxr-xr-x 3 cms043 cms    4096 Jun 17 23:08 logs
drwxr-xr-x 3 cms043 cms    4096 Jun 17 23:08 objs
-rw------- 1 cms043 cms     104 Jun 17 23:08 pset.py
-rw------- 1 cms043 cms 3712302 Jun 17 23:08 pset.py.pkl
-rw------- 1 cms043 cms     289 Jun 17 23:08 pset.pyc
drwxr-xr-x 2 cms043 cms    4096 Jun 17 23:08 python
-rw------- 1 cms043 cms     386 Jun 17 23:14 report.log
drwx------ 6 cms043 cms    4096 Jun 17 23:08 src
drwxr-xr-x 3 cms043 cms    4096 Jun 17 23:08 test
drwxr-xr-x 3 cms043 cms    4096 Jun 17 23:08 tmp
-rw------- 1 cms043 cms 3140913 Jun 17 23:14 validationEDM.root
>>> current directory /home/cms043/home_cream_088750228/CREAM088750228/glide_IcnYjX/execute/dir_424/CMSSW_6_2_0_SLHC12
>>> (SOFTWARE_DIR): /home/cms043/home_cream_088750228/CREAM088750228/glide_IcnYjX/execute/dir_424/CMSSW_6_2_0_SLHC12
>>> (WORKING_DIR): 
>>> current directory content:
total 10440
drwxr-xr-x 3 cms043 cms    4096 Jun 17 23:08 .SCRAM
-rw------- 1 cms043 cms 3739236 Jun 17 23:08 CMSSW.py.pkl
drwxr-xr-x 3 cms043 cms    4096 Jun 17 23:08 bin
drwxr-xr-x 3 cms043 cms    4096 Jun 17 23:08 cfipython
drwxr-xr-x 4 cms043 cms    4096 Jun 17 23:08 config
-rw------- 1 cms043 cms      17 Jun 17 23:14 cpu_timing.txt
drwxr-xr-x 2 cms043 cms    4096 Jun 17 23:08 doc
-rw------- 1 cms043 cms    9898 Jun 17 23:14 executable.out
drwxr-xr-x 2 cms043 cms    4096 Jun 17 23:08 include
drwx------ 3 cms043 cms    4096 Apr 28 18:12 lib
drwxr-xr-x 3 cms043 cms    4096 Jun 17 23:08 logs
drwxr-xr-x 3 cms043 cms    4096 Jun 17 23:08 objs
-rw------- 1 cms043 cms     104 Jun 17 23:08 pset.py
-rw------- 1 cms043 cms 3712302 Jun 17 23:08 pset.py.pkl
-rw------- 1 cms043 cms     289 Jun 17 23:08 pset.pyc
drwxr-xr-x 2 cms043 cms    4096 Jun 17 23:08 python
-rw------- 1 cms043 cms     386 Jun 17 23:14 report.log
drwx------ 6 cms043 cms    4096 Jun 17 23:08 src
drwxr-xr-x 3 cms043 cms    4096 Jun 17 23:08 test
drwxr-xr-x 3 cms043 cms    4096 Jun 17 23:08 tmp
-rw------- 1 cms043 cms 3140913 Jun 17 23:14 validationEDM_7_1_5cx.root
>>> current directory (RUNTIME_AREA):  /home/cms043/home_cream_088750228/CREAM088750228/glide_IcnYjX/execute/dir_424
SE = storm-se-01.ba.infn.it
SE_PATH = /srm/managerv2?SFN=//cms/store/user/calabria/calabria_SingleMuPt10_GEN-SIM-DIGI-RECO_CMSSW_6_2_0_SLHC12_2023Scenario_Case1/calabria_MuMinus10_GEN-SIM-DIGI-RECO_CMSSW_6_2_0_SLHC12_2023Scenario_VALNOPU2_Case1/5854dd31cbd3cdec44c48628cc181cf0/
LFNBaseName = /store/user/calabria/calabria_SingleMuPt10_GEN-SIM-DIGI-RECO_CMSSW_6_2_0_SLHC12_2023Scenario_Case1/calabria_MuMinus10_GEN-SIM-DIGI-RECO_CMSSW_6_2_0_SLHC12_2023Scenario_VALNOPU2_Case1/5854dd31cbd3cdec44c48628cc181cf0/
USER = calabria
endpoint = srm://storm-se-01.ba.infn.it:8444/srm/managerv2?SFN=//cms/store/user/calabria/calabria_SingleMuPt10_GEN-SIM-DIGI-RECO_CMSSW_6_2_0_SLHC12_2023Scenario_Case1/calabria_MuMinus10_GEN-SIM-DIGI-RECO_CMSSW_6_2_0_SLHC12_2023Scenario_VALNOPU2_Case1/5854dd31cbd3cdec44c48628cc181cf0/
>>> Copy output files from WN = pccms92.ba.infn.it to /srm/managerv2?SFN=//cms/store/user/calabria/calabria_SingleMuPt10_GEN-SIM-DIGI-RECO_CMSSW_6_2_0_SLHC12_2023Scenario_Case1/calabria_MuMinus10_GEN-SIM-DIGI-RECO_CMSSW_6_2_0_SLHC12_2023Scenario_VALNOPU2_Case1/5854dd31cbd3cdec44c48628cc181cf0/ :
python cmscp.py  --destination srm://storm-se-01.ba.infn.it:8444/srm/managerv2?SFN=//cms/store/user/calabria/calabria_SingleMuPt10_GEN-SIM-DIGI-RECO_CMSSW_6_2_0_SLHC12_2023Scenario_Case1/calabria_MuMinus10_GEN-SIM-DIGI-RECO_CMSSW_6_2_0_SLHC12_2023Scenario_VALNOPU2_Case1/5854dd31cbd3cdec44c48628cc181cf0/ --inputFileList /home/cms043/home_cream_088750228/CREAM088750228/glide_IcnYjX/execute/dir_424/CMSSW_6_2_0_SLHC12/validationEDM_7_1_5cx.root --middleware LCG --se_name storm-se-01.ba.infn.it --for_lfn /store/user/calabria/calabria_SingleMuPt10_GEN-SIM-DIGI-RECO_CMSSW_6_2_0_SLHC12_2023Scenario_Case1/calabria_MuMinus10_GEN-SIM-DIGI-RECO_CMSSW_6_2_0_SLHC12_2023Scenario_VALNOPU2_Case1/5854dd31cbd3cdec44c48628cc181cf0/    
******************************************************
localSeName  =  storm-se-01.ba.infn.it
remoteSeName =  storm-se-01.ba.infn.it
******************************************************
{"/home/cms043/home_cream_088750228/CREAM088750228/glide_IcnYjX/execute/dir_424/CMSSW_6_2_0_SLHC12/validationEDM_7_1_5cx.root": {"endpoint": "srm://storm-se-01.ba.infn.it:8444/srm/managerv2?SFN=//cms/store/user/calabria/calabria_SingleMuPt10_GEN-SIM-DIGI-RECO_CMSSW_6_2_0_SLHC12_2023Scenario_Case1/calabria_MuMinus10_GEN-SIM-DIGI-RECO_CMSSW_6_2_0_SLHC12_2023Scenario_VALNOPU2_Case1/5854dd31cbd3cdec44c48628cc181cf0/", "surl_for_grid": "", "reason": "Copy succedeed with srm-lcg utils", "erCode": "0", "se_name": "storm-se-01.ba.infn.it", "for_lfn": "/store/user/calabria/calabria_SingleMuPt10_GEN-SIM-DIGI-RECO_CMSSW_6_2_0_SLHC12_2023Scenario_Case1/calabria_MuMinus10_GEN-SIM-DIGI-RECO_CMSSW_6_2_0_SLHC12_2023Scenario_VALNOPU2_Case1/5854dd31cbd3cdec44c48628cc181cf0/"}}/home/cms043/home_cream_088750228/CREAM088750228/glide_IcnYjX/execute/dir_424
-------- cat /home/cms043/home_cream_088750228/CREAM088750228/glide_IcnYjX/execute/dir_424/cmscpReport.sh 
#!/bin/bash
echo "Report for File: /home/cms043/home_cream_088750228/CREAM088750228/glide_IcnYjX/execute/dir_424/CMSSW_6_2_0_SLHC12/validationEDM_7_1_5cx.root"
echo "LFN: /store/user/calabria/calabria_SingleMuPt10_GEN-SIM-DIGI-RECO_CMSSW_6_2_0_SLHC12_2023Scenario_Case1/calabria_MuMinus10_GEN-SIM-DIGI-RECO_CMSSW_6_2_0_SLHC12_2023Scenario_VALNOPU2_Case1/5854dd31cbd3cdec44c48628cc181cf0/validationEDM_7_1_5cx.root"
echo "StorageElement: storm-se-01.ba.infn.it"
echo "StageOutExitStatusReason = 'Copy succedeed with srm-lcg utils'" | tee -a $RUNTIME_AREA/$repo
echo "StageOutSE = storm-se-01.ba.infn.it" >> $RUNTIME_AREA/$repo

export StageOutExitStatus=0
echo "StageOutExitStatus = 0" | tee -a $RUNTIME_AREA/$repo
-------- end of /home/cms043/home_cream_088750228/CREAM088750228/glide_IcnYjX/execute/dir_424/cmscpReport.sh 
Report for File: /home/cms043/home_cream_088750228/CREAM088750228/glide_IcnYjX/execute/dir_424/CMSSW_6_2_0_SLHC12/validationEDM_7_1_5cx.root
LFN: /store/user/calabria/calabria_SingleMuPt10_GEN-SIM-DIGI-RECO_CMSSW_6_2_0_SLHC12_2023Scenario_Case1/calabria_MuMinus10_GEN-SIM-DIGI-RECO_CMSSW_6_2_0_SLHC12_2023Scenario_VALNOPU2_Case1/5854dd31cbd3cdec44c48628cc181cf0/validationEDM_7_1_5cx.root
StorageElement: storm-se-01.ba.infn.it
StageOutExitStatusReason = 'Copy succedeed with srm-lcg utils'
StageOutExitStatus = 0
>>> current dir: /home/cms043/home_cream_088750228/CREAM088750228/glide_IcnYjX/execute/dir_424
>>> current dir content:
total 28076
-rw-------  1 cms043 cms     2766 Jun 17 23:15 .SEinteraction.log
-rwx------  1 cms043 cms     6781 Jun 17 23:08 .job.ad
-rwx------  1 cms043 cms     9428 Jun 17 23:08 .machine.ad
-rw-------  1 cms043 cms      105 Jun 16 20:43 CMSSW.py
-rw-------  1 cms043 cms  3739236 Jun 16 20:43 CMSSW.py.pkl
-rwx------  1 cms043 cms    29556 Jun 17 23:08 CMSSW.sh
drwxr-xr-x 15 cms043 cms     4096 Jun 17 23:14 CMSSW_6_2_0_SLHC12
-rw-------  1 cms043 cms      218 Jun 17 23:08 CacheEnv.sh
-rw-------  1 cms043 cms     7291 Apr  4 11:04 DashboardAPI.py
-rw-------  1 cms043 cms     6785 Jun 17 23:08 DashboardAPI.pyc
drwx------  2 cms043 cms     4096 Jun 17 23:14 IMProv
-rw-------  1 cms043 cms     2748 Apr  4 11:04 Logger.py
-rw-------  1 cms043 cms     3337 Jun 17 23:08 Logger.pyc
-rw-------  1 cms043 cms    24524 Apr  4 11:04 ProcInfo.py
-rw-------  1 cms043 cms    23149 Jun 17 23:08 ProcInfo.pyc
drwx------  7 cms043 cms     4096 Jun 17 23:08 ProdCommon
drwx------  3 cms043 cms     4096 Jun 17 23:08 WMCore
-rw-------  1 cms043 cms     2443 Jun 17 23:14 Watchdog_7.log
-rwx------  1 cms043 cms        0 Jun 17 23:08 _condor_stderr
-rwx---r--  1 cms043 cms    29259 Jun 17 23:15 _condor_stdout
-rw-------  1 cms043 cms    32895 Apr  4 11:04 apmon.py
-rw-------  1 cms043 cms    28567 Jun 17 23:08 apmon.pyc
-rwx------  1 cms043 cms    53408 Jun 17 23:08 arguments.xml
-rwx------  1 cms043 cms    38515 Apr  4 11:04 cmscp.py
-rw-------  1 cms043 cms      714 Jun 17 23:15 cmscpReport.sh
-rwx------  1 cms043 cms    29556 Jun 17 23:08 condor_exec.exe
-rw-------  1 cms043 cms      958 Jun 16 20:42 crab.cfg
-rwx------  1 cms043 cms     8610 Apr  4 11:04 crabWatchdog.sh
-rwx---r--  1 cms043 cms   523224 Jun 17 23:14 crab_fjr_7.xml
-rwx------  1 cms043 cms 23958840 Jun 17 23:08 default.tgz
-rwx------  1 cms043 cms     4488 Apr  4 11:04 fillCrabFjr.py
-rw-------  1 cms043 cms     2620 Jun 17 23:08 inputsReport.txt
-rw-------  1 cms043 cms      253 Jun 17 23:15 jobreport.txt
-rw-------  1 cms043 cms    17352 Apr  4 11:04 parseCrabFjr.py
-rw-------  1 cms043 cms      313 Jun 17 23:08 report.log
-rwx--x--x  1 cms043 cms     1497 Apr  4 11:04 report.py
-rw-------  1 cms043 cms      769 Jun 17 23:15 resultCopyFile
lrwxrwxrwx  1 cms043 cms      123 Jun 17 23:14 validationEDM.root -> /home/cms043/home_cream_088750228/CREAM088750228/glide_IcnYjX/execute/dir_424/CMSSW_6_2_0_SLHC12/validationEDM_7_1_5cx.root
-rwx------  1 cms043 cms     8387 Apr  4 11:04 writeCfg.py
-rw-------  1 cms043 cms     8010 Jun 17 23:08 x509up_u50707
>>> Modify Job Report:
CMSSW_VERSION = CMSSW_6_2_0_SLHC12
ProcessedDataset = calabria_MuMinus10_GEN-SIM-DIGI-RECO_CMSSW_6_2_0_SLHC12_2023Scenario_VALNOPU2_Case1
/home/cms043/home_cream_088750228/CREAM088750228/glide_IcnYjX/execute/dir_424/ProdCommon/FwkJobRep/ModifyJobReport.py fjr /home/cms043/home_cream_088750228/CREAM088750228/glide_IcnYjX/execute/dir_424/crab_fjr_7.xml json /home/cms043/home_cream_088750228/CREAM088750228/glide_IcnYjX/execute/dir_424/resultCopyFile n_job 7_1_5cx PrimaryDataset calabria_SingleMuPt10_GEN-SIM-DIGI-RECO_CMSSW_6_2_0_SLHC12_2023Scenario_Case1  ApplicationFamily cmsRun ApplicationName cmsRun cmssw_version CMSSW_6_2_0_SLHC12 psethash 5854dd31cbd3cdec44c48628cc181cf0 UserProcessedDataset calabria-calabria_MuMinus10_GEN-SIM-DIGI-RECO_CMSSW_6_2_0_SLHC12_2023Scenario_VALNOPU2_Case1-5854dd31cbd3cdec44c48628cc181cf0
inputDict =  {u'/home/cms043/home_cream_088750228/CREAM088750228/glide_IcnYjX/execute/dir_424/CMSSW_6_2_0_SLHC12/validationEDM_7_1_5cx.root': {u'endpoint': u'srm://storm-se-01.ba.infn.it:8444/srm/managerv2?SFN=//cms/store/user/calabria/calabria_SingleMuPt10_GEN-SIM-DIGI-RECO_CMSSW_6_2_0_SLHC12_2023Scenario_Case1/calabria_MuMinus10_GEN-SIM-DIGI-RECO_CMSSW_6_2_0_SLHC12_2023Scenario_VALNOPU2_Case1/5854dd31cbd3cdec44c48628cc181cf0/', u'surl_for_grid': u'', u'reason': u'Copy succedeed with srm-lcg utils', u'erCode': u'0', u'se_name': u'storm-se-01.ba.infn.it', u'for_lfn': u'/store/user/calabria/calabria_SingleMuPt10_GEN-SIM-DIGI-RECO_CMSSW_6_2_0_SLHC12_2023Scenario_Case1/calabria_MuMinus10_GEN-SIM-DIGI-RECO_CMSSW_6_2_0_SLHC12_2023Scenario_VALNOPU2_Case1/5854dd31cbd3cdec44c48628cc181cf0/'}}
UserProcessedDataset =  calabria-calabria_MuMinus10_GEN-SIM-DIGI-RECO_CMSSW_6_2_0_SLHC12_2023Scenario_VALNOPU2_Case1-5854dd31cbd3cdec44c48628cc181cf0
file_name in inputDict =  /home/cms043/home_cream_088750228/CREAM088750228/glide_IcnYjX/execute/dir_424/CMSSW_6_2_0_SLHC12/validationEDM_7_1_5cx.root
(size) os.stat(filename)[6] =  3140913
checksum =  2273874824
    file =  validationEDM_7_1_5cx.root
    newPfn =  srm://storm-se-01.ba.infn.it:8444/srm/managerv2?SFN=//cms/store/user/calabria/calabria_SingleMuPt10_GEN-SIM-DIGI-RECO_CMSSW_6_2_0_SLHC12_2023Scenario_Case1/calabria_MuMinus10_GEN-SIM-DIGI-RECO_CMSSW_6_2_0_SLHC12_2023Scenario_VALNOPU2_Case1/5854dd31cbd3cdec44c48628cc181cf0/validationEDM_7_1_5cx.root
    newLfn =  /store/user/calabria/calabria_SingleMuPt10_GEN-SIM-DIGI-RECO_CMSSW_6_2_0_SLHC12_2023Scenario_Case1/calabria_MuMinus10_GEN-SIM-DIGI-RECO_CMSSW_6_2_0_SLHC12_2023Scenario_VALNOPU2_Case1/5854dd31cbd3cdec44c48628cc181cf0/validationEDM_7_1_5cx.root
>>> crab_fjr_*.xml  permission set to 0704
CrabWrapper EXIT_FUNC entered at Tue Jun 17 23:15:15 CEST 2014   -  Tue Jun 17 21:15:15 UTC 2014
Checking output files:  
will tar file crab_fjr_7.xml in  out_files_7
WARNING: output file CMSSW_7.stdout not found!
WARNING: output file CMSSW_7.stderr not found!
WARNING: output file Watchdog_7.log.gz not found!
>>> padding time: Sleeping the wrapper for 169 seconds
STOPPING WATCHDOG. CrabWatchdog PID is 976
********** LAST 50 LINES OF WATCHDOG LOG
# RESOURCE USAGE SUMMARY FOR PROCESS ID   464
USER       PID %CPU %MEM    VSZ   RSS TTY      STAT START   TIME COMMAND
cms043     464  0.4  0.0   9496  1592 ?        S    23:08   0:00 /bin/sh /home/cms043/home_cream_088750228/CREAM088750228/glide_IcnYjX/execute/dir_424/condor_exec.exe 7 1
 
# LIMITS USED BY CRAB WATCHDOG:
# RSS  (KBytes)   : 2300000
# VSZ  (KBytes)   : 100000000
# DISK (MBytes)   : 19000
# CPU TIME        : 720h:0m:0s
# WALL CLOCK TIME : 21h:50m:0s
 
# FOLLOWING PRINTOUT TRACKS MAXIMUM VALUES OF RESOURCES USE
# ONE LINE IS PRINTED EACH TIME A MAXIMUM CHANGES
# IF CHANGE WAS IN RSS OR VSZ ALSO PROCID AND COMMAND ARE PRINTED
# THERE IS NO PRINTOUT FOR CPU/WALL TIME INCREASE
 
# TIME			PID	RSS(KB)	VSZ(KB)	Dsk(MB)	tCPU(s)	tWALL(s)	COMMAND
 Jun 17 23:08:10 CEST	424	8416	93608	0	0	0	condor_starter -f vocms83.cern.ch        
 Jun 17 23:08:10 CEST	988	29776	96756	0	0	0	edmConfigHash pset.py         
 Jun 17 23:08:10 CEST	9628	29776	106092	0	0	0	sh -c "./glidein_startup.sh" -v std -name v1_3 -entry CMS_T2_IT_Bari_ce4 -clientname UCSD-v1_0.main
 Jun 17 23:08:10 CEST	9635	29776	106492	0	0	0	/bin/bash ./glidein_startup.sh -v std -name v1_3 -entry CMS_T2_IT_Bari_ce4 -clientname UCSD-v1_0.main -schedd
 Jun 17 23:08:10 CEST	---	29776	106492	171	----	----	----
 Jun 17 23:09:11 CEST	2015	704304	986844	171	36	61	cmsRun -j /home/cms043/home_cream_088750228/CREAM088750228/glide_IcnYjX/execute/dir_424/crab_fjr_7.xml -p pset.py      
 Jun 17 23:09:11 CEST	---	704304	986844	175	----	----	----
 Jun 17 23:10:12 CEST	2015	731612	1008860	175	87	122	cmsRun -j /home/cms043/home_cream_088750228/CREAM088750228/glide_IcnYjX/execute/dir_424/crab_fjr_7.xml -p pset.py      
 Jun 17 23:11:13 CEST	2015	735292	1018824	175	138	183	cmsRun -j /home/cms043/home_cream_088750228/CREAM088750228/glide_IcnYjX/execute/dir_424/crab_fjr_7.xml -p pset.py      
 Jun 17 23:12:14 CEST	2015	736980	1022152	175	188	244	cmsRun -j /home/cms043/home_cream_088750228/CREAM088750228/glide_IcnYjX/execute/dir_424/crab_fjr_7.xml -p pset.py      
 Jun 17 23:13:15 CEST	2015	749708	1031756	175	239	305	cmsRun -j /home/cms043/home_cream_088750228/CREAM088750228/glide_IcnYjX/execute/dir_424/crab_fjr_7.xml -p pset.py      
 Jun 17 23:14:16 CEST	2015	1438616	1722444	175	294	366	cmsRun -j /home/cms043/home_cream_088750228/CREAM088750228/glide_IcnYjX/execute/dir_424/crab_fjr_7.xml -p pset.py      
 Jun 17 23:14:16 CEST	---	1438616	1722444	176	----	----	----
 Jun 17 23:15:17 CEST	---	1438616	1722444	178	----	----	----
********** WATCHDOG LOG ENDED
ZIPPING WATCHDOG LOG
Disk space used:
du -sh /home/cms043/home_cream_088750228/CREAM088750228/glide_IcnYjX/execute/dir_424
178M	/home/cms043/home_cream_088750228/CREAM088750228/glide_IcnYjX/execute/dir_424
Found unusual stdout, rename for OSB
`/home/cms043/home_cream_088750228/CREAM088750228/glide_IcnYjX/execute/dir_424/_condor_stdout' -> `CMSSW_7.stdout'
Found unusual stderr, rename for OSB
`/home/cms043/home_cream_088750228/CREAM088750228/glide_IcnYjX/execute/dir_424/_condor_stdout' -> `CMSSW_7.stderr'
crab_fjr_7.xml
CMSSW_7.stdout
CMSSW_7.stderr
Watchdog_7.log.gz
Total Output dimension: 70008
WARNING: output files size limit is set to: 50000000
Total Output dimension 70008 is fine.
JOB_EXIT_STATUS = 0
>>> info for dashboard:
***** Cat /home/cms043/home_cream_088750228/CREAM088750228/glide_IcnYjX/execute/dir_424/jobreport.txt *****
MonitorJobID=7_https://vocms83.cern.ch//140616//86809.6
MonitorID=calabria_MuMinus10_Case1_ReReco_1d78ml
ExeTime=352
ExeExitCode=0
StageOutExitStatusReason = 'Copy succedeed with srm-lcg utils'
StageOutSE = storm-se-01.ba.infn.it
StageOutExitStatus = 0
CrabUserCpuTime=283.17
CrabSysCpuTime=14.21
CrabCpuPercentage=84%
CrabWrapperTime=600
CrabStageoutTime=48
JobExitCode=0
***** End Cat jobreport *****
Parameters sent to Dashboard.
EXITING at Tue Jun 17 23:18:10 CEST 2014  -  Tue Jun 17 21:18:10 UTC 2014
