This script was generated by crab (version 2.10.5_patch1).
Running /home/cms017/home_cream_334186649/CREAM334186649/glide_HenILc/execute/dir_8833/condor_exec.exe with 2 positional parameters: 17 1
Today is Tue Jun 17 23:18:32 CEST 2014 - Tue Jun 17 21:18:32 UTC 2014
Job submitted on host pccms152.ba.infn.it
Linux pccms152.ba.infn.it 2.6.32-358.23.2.el6.x86_64 #1 SMP Thu Oct 17 10:27:22 CEST 2013 x86_64 x86_64 x86_64 GNU/Linux
>>> current directory (RUNTIME_AREA): /home/cms017/home_cream_334186649/CREAM334186649/glide_HenILc/execute/dir_8833
>>> current user: uid=11830(cms017) gid=1399(cms) groups=1399(cms)
>>> directory permission set to 0700
>>> umask set to:  u=rwx,g=,o=
>>> stdout stderr permission set to 0704
>>> voms proxy information:
subject   : /C=IT/O=INFN/OU=Personal Certificate/L=Bari/CN=Cesare Calabria/CN=477126703/CN=1309781613
issuer    : /C=IT/O=INFN/OU=Personal Certificate/L=Bari/CN=Cesare Calabria/CN=477126703
identity  : /C=IT/O=INFN/OU=Personal Certificate/L=Bari/CN=Cesare Calabria
type      : RFC3820 compliant limited proxy
strength  : 1024
path      : /home/cms017/home_cream_334186649/CREAM334186649/glide_HenILc/execute/dir_8833/x509up_u50707
timeleft  : 23:59:55
key usage : Digital Signature, Key Encipherment, Data Encipherment
=== VO cms extension information ===
VO        : cms
subject   : /C=IT/O=INFN/OU=Personal Certificate/L=Bari/CN=Cesare Calabria
issuer    : /DC=ch/DC=cern/OU=computers/CN=voms.cern.ch
attribute : /cms/Role=NULL/Capability=NULL
attribute : /cms/itcms/Role=NULL/Capability=NULL
timeleft  : 156:05:46
uri       : voms.cern.ch:15002

WNHostName=pccms152.ba.infn.it
>>> tar --no-same-permissions -xf /home/cms017/home_cream_334186649/CREAM334186649/glide_HenILc/execute/dir_8833/default.tgz :
Successful untar
>>> Include /home/cms017/home_cream_334186649/CREAM334186649/glide_HenILc/execute/dir_8833 in PYTHONPATH:
strip arguments
env var CRAB_UNIQUE_JOB_ID set to: calabria_MuMinus10_Case1_ReReco_1d78ml_17_1_Syv
out_files_17
>>> list of expected files on output sandbox
output files: crab_fjr_17.xml CMSSW_17.stdout CMSSW_17.stderr Watchdog_17.log.gz
>>> GridFlavour discovery: 
GridFlavour=LCG
>>> SyncSite discovery: 
SyncSite=T2_IT_Bari
>>> SyncCE discovery: 
getting SyncCE from CE_ID
SyncCE=cream-ce-4.ba.infn.it:8443/cream-pbs-cms
>>> info for dashboard:
***** Cat /home/cms017/home_cream_334186649/CREAM334186649/glide_HenILc/execute/dir_8833/jobreport.txt *****
WNHostName=pccms152.ba.infn.it
MonitorJobID=17_https://vocms83.cern.ch//140616//86809.16
SyncGridJobId=https://vocms83.cern.ch//140616//86809.16
MonitorID=calabria_MuMinus10_Case1_ReReco_1d78ml
GridFlavour=LCG
SyncSite=T2_IT_Bari
SyncCE=cream-ce-4.ba.infn.it:8443/cream-pbs-cms
***** End Cat jobreport *****
Parameters sent to Dashboard.
>>> setup environment
set SCRAM ARCH to slc5_amd64_gcc472
SCRAM_ARCH = slc5_amd64_gcc472
>>> setup CMS LCG environment:
set SCRAM ARCH and BUILD_ARCH to slc5_amd64_gcc472 ###
Sourcing environment... 
sourcing /cvmfs/cms.cern.ch/cmsset_default.sh
==> setup cms environment ok
>>> specific cmssw setup environment:
CMSSW_VERSION =  CMSSW_6_2_0_SLHC12
>>> current directory (SOFTWARE_DIR): /home/cms017/home_cream_334186649/CREAM334186649/glide_HenILc/execute/dir_8833/CMSSW_6_2_0_SLHC12
PreserveSeeds: <>
IncrementSeeds:<>
>>> info for dashboard:
***** Cat /home/cms017/home_cream_334186649/CREAM334186649/glide_HenILc/execute/dir_8833/jobreport.txt *****
MonitorJobID=17_https://vocms83.cern.ch//140616//86809.16
MonitorID=calabria_MuMinus10_Case1_ReReco_1d78ml
***** End Cat jobreport *****
Parameters sent to Dashboard.
crabWatchdog started as process 9765
>>> moving CMSSW software directories in /home/cms017/home_cream_334186649/CREAM334186649/glide_HenILc/execute/dir_8833/CMSSW_6_2_0_SLHC12
mv: cannot stat `/home/cms017/home_cream_334186649/CREAM334186649/glide_HenILc/execute/dir_8833/module/': No such file or directory
>>> Include /home/cms017/home_cream_334186649/CREAM334186649/glide_HenILc/execute/dir_8833 in PYTHONPATH:
PYTHONPATH=/home/cms017/home_cream_334186649/CREAM334186649/glide_HenILc/execute/dir_8833/:/home/cms017/home_cream_334186649/CREAM334186649/glide_HenILc/execute/dir_8833/CMSSW_6_2_0_SLHC12/python:/home/cms017/home_cream_334186649/CREAM334186649/glide_HenILc/execute/dir_8833/CMSSW_6_2_0_SLHC12/lib/slc5_amd64_gcc472:/cvmfs/cms.cern.ch/slc5_amd64_gcc472/cms/cmssw/CMSSW_6_2_0_SLHC12/python:/cvmfs/cms.cern.ch/slc5_amd64_gcc472/cms/cmssw/CMSSW_6_2_0_SLHC12/lib/slc5_amd64_gcc472:/cvmfs/cms.cern.ch/slc5_amd64_gcc472/cms/coral/CORAL_2_3_21-cms36/slc5_amd64_gcc472/python:/cvmfs/cms.cern.ch/slc5_amd64_gcc472/cms/coral/CORAL_2_3_21-cms36/slc5_amd64_gcc472/lib:/cvmfs/cms.cern.ch/slc5_amd64_gcc472/external/pyqt/4.8.1-cms6/lib/python2.7/site-packages:/cvmfs/cms.cern.ch/slc5_amd64_gcc472/external/py2-scipy/0.8.0-cms8/lib/python2.7/site-packages:/cvmfs/cms.cern.ch/slc5_amd64_gcc472/external/py2-matplotlib/1.0.1-cms8/lib/python2.7/site-packages:/cvmfs/cms.cern.ch/slc5_amd64_gcc472/external/python-ldap/2.3.5-cms6/lib/python2.7/site-packages:/cvmfs/cms.cern.ch/slc5_amd64_gcc472/external/sip/4.11.2-cms6/lib/python2.7/site-packages:/cvmfs/cms.cern.ch/slc5_amd64_gcc472/external/py2-pycurl/7.19.0-cms8/lib/python2.7/site-packages:/cvmfs/cms.cern.ch/slc5_amd64_gcc472/external/py2-numpy/1.6.1-cms8/lib/python2.7/site-packages:/cvmfs/cms.cern.ch/slc5_amd64_gcc472/external/py2-lint/0.25.1-cms6/lib/python2.7/site-packages:/cvmfs/cms.cern.ch/slc5_amd64_gcc472/external/py2-ipython/0.10-cms6/lib/python2.7/site-packages:/cvmfs/cms.cern.ch/slc5_amd64_gcc472/external/py2-cx-oracle/5.1-cms7/lib/python2.7/site-packages:/cvmfs/cms.cern.ch/slc5_amd64_gcc472/external/py2-cjson/1.0.5-cms6/lib/python2.7/site-packages:/cvmfs/cms.cern.ch/slc5_amd64_gcc472/cms/das-client/1.11.7/bin:/cvmfs/cms.cern.ch/slc5_amd64_gcc472/external/elementtree/1.2.6-cms6/share/lib/python2.7/site-packages:/cvmfs/cms.cern.ch/slc5_amd64_gcc472/external/rivet/1.8.2-cms8/lib/python2.7/site-packages:/cvmfs/cms.cern.ch/slc5_amd64_gcc472/external/pyminuit2/0.0.1-cms19/lib/python2.7/site-packages:/cvmfs/cms.cern.ch/slc5_amd64_gcc472/external/py2-pygithub/1.23.0/lib/python2.7/site-packages:/cvmfs/cms.cern.ch/slc5_amd64_gcc472/external/professor/1.0.0-cms19/lib/python2.7/site-packages:/cvmfs/cms.cern.ch/slc5_amd64_gcc472/lcg/root/5.34.07-cms/lib:/cvmfs/cms.cern.ch/slc5_amd64_gcc472/cms/dbs-client/DBS_2_1_9-cms5/lib:/cvmfs/cms.cern.ch/slc5_amd64_gcc472/cms/dbs-client/DBS_2_1_9-cms5/lib/DBSAPI:/cvmfs/cms.cern.ch/slc5_amd64_gcc472/external/cvs2git/5419-cms/lib:/home/cms017/home_cream_334186649/CREAM334186649/glide_HenILc/execute/dir_8833/
 
# LIMITS USED BY CRAB WATCHDOG:
# RSS  (KBytes)   : 2300000
# VSZ  (KBytes)   : 100000000
# DISK (MBytes)   : 19000
# CPU TIME        : 720h:0m:0s
# WALL CLOCK TIME : 21h:50m:0s
 
5854dd31cbd3cdec44c48628cc181cf0
PSETHASH = 5854dd31cbd3cdec44c48628cc181cf0
/home/cms017/home_cream_334186649/CREAM334186649/glide_HenILc/execute/dir_8833/writeCfg.py pset.py pset.py
Importing .py file
Setting parameters
RandomNumberGeneratorService found, will attempt to change seeds
inputBlocks=/calabria_SingleMuPt10_GEN-SIM-DIGI-RECO_CMSSW_6_2_0_SLHC12_2023Scenario_Case1/calabria-calabria_SingleMuPt10_GEN-SIM-DIGI-RECO_CMSSW_6_2_0_SLHC12_2023Scenario_Case1-713e95291268ed84eccf2b8e553eab97/USER#91b443e4-a5b9-450f-93d8-747ac818ce8f
inputFiles=/store/user/calabria/calabria_SingleMuPt10_GEN-SIM-DIGI-RECO_CMSSW_6_2_0_SLHC12_2023Scenario_Case1/calabria_SingleMuPt10_GEN-SIM-DIGI-RECO_CMSSW_6_2_0_SLHC12_2023Scenario_Case1/713e95291268ed84eccf2b8e553eab97/out_reco_115_1_ppp.root;/store/user/calabria/calabria_SingleMuPt10_GEN-SIM-DIGI-RECO_CMSSW_6_2_0_SLHC12_2023Scenario_Case1/calabria_SingleMuPt10_GEN-SIM-DIGI-RECO_CMSSW_6_2_0_SLHC12_2023Scenario_Case1/713e95291268ed84eccf2b8e553eab97/out_reco_489_2_a6X.root;/store/user/calabria/calabria_SingleMuPt10_GEN-SIM-DIGI-RECO_CMSSW_6_2_0_SLHC12_2023Scenario_Case1/calabria_SingleMuPt10_GEN-SIM-DIGI-RECO_CMSSW_6_2_0_SLHC12_2023Scenario_Case1/713e95291268ed84eccf2b8e553eab97/out_reco_490_2_HcC.root;/store/user/calabria/calabria_SingleMuPt10_GEN-SIM-DIGI-RECO_CMSSW_6_2_0_SLHC12_2023Scenario_Case1/calabria_SingleMuPt10_GEN-SIM-DIGI-RECO_CMSSW_6_2_0_SLHC12_2023Scenario_Case1/713e95291268ed84eccf2b8e553eab97/out_reco_491_2_Q1N.root;/store/user/calabria/calabria_SingleMuPt10_GEN-SIM-DIGI-RECO_CMSSW_6_2_0_SLHC12_2023Scenario_Case1/calabria_SingleMuPt10_GEN-SIM-DIGI-RECO_CMSSW_6_2_0_SLHC12_2023Scenario_Case1/713e95291268ed84eccf2b8e553eab97/out_reco_492_2_pSZ.root;/store/user/calabria/calabria_SingleMuPt10_GEN-SIM-DIGI-RECO_CMSSW_6_2_0_SLHC12_2023Scenario_Case1/calabria_SingleMuPt10_GEN-SIM-DIGI-RECO_CMSSW_6_2_0_SLHC12_2023Scenario_Case1/713e95291268ed84eccf2b8e553eab97/out_reco_493_2_lzK.root;/store/user/calabria/calabria_SingleMuPt10_GEN-SIM-DIGI-RECO_CMSSW_6_2_0_SLHC12_2023Scenario_Case1/calabria_SingleMuPt10_GEN-SIM-DIGI-RECO_CMSSW_6_2_0_SLHC12_2023Scenario_Case1/713e95291268ed84eccf2b8e553eab97/out_reco_494_2_HNY.root;/store/user/calabria/calabria_SingleMuPt10_GEN-SIM-DIGI-RECO_CMSSW_6_2_0_SLHC12_2023Scenario_Case1/calabria_SingleMuPt10_GEN-SIM-DIGI-RECO_CMSSW_6_2_0_SLHC12_2023Scenario_Case1/713e95291268ed84eccf2b8e553eab97/out_reco_495_2_E4J.root;/store/user/calabria/calabria_SingleMuPt10_GEN-SIM-DIGI-RECO_CMSSW_6_2_0_SLHC12_2023Scenario_Case1/calabria_SingleMuPt10_GEN-SIM-DIGI-RECO_CMSSW_6_2_0_SLHC12_2023Scenario_Case1/713e95291268ed84eccf2b8e553eab97/out_reco_496_2_sHX.root;/store/user/calabria/calabria_SingleMuPt10_GEN-SIM-DIGI-RECO_CMSSW_6_2_0_SLHC12_2023Scenario_Case1/calabria_SingleMuPt10_GEN-SIM-DIGI-RECO_CMSSW_6_2_0_SLHC12_2023Scenario_Case1/713e95291268ed84eccf2b8e553eab97/out_reco_497_2_0Al.root
parentFiles=
lumisRange=
>>> Executable cmsRun
/cvmfs/cms.cern.ch/slc5_amd64_gcc472/cms/cmssw/CMSSW_6_2_0_SLHC12/bin/slc5_amd64_gcc472/cmsRun
ok executable found
>>> info for dashboard:
***** Cat /home/cms017/home_cream_334186649/CREAM334186649/glide_HenILc/execute/dir_8833/jobreport.txt *****
MonitorJobID=17_https://vocms83.cern.ch//140616//86809.16
MonitorID=calabria_MuMinus10_Case1_ReReco_1d78ml
ExeStart=cmsRun
***** End Cat jobreport *****
Parameters sent to Dashboard.
>>> cmsRun started at Tue Jun 17 21:19:00 UTC 2014
>>> cmsRun ended at Tue Jun 17 21:24:58 UTC 2014
>>> crab_fjr_*.xml  permission set to 0704
>>> info for dashboard:
***** Cat /home/cms017/home_cream_334186649/CREAM334186649/glide_HenILc/execute/dir_8833/jobreport.txt *****
MonitorJobID=17_https://vocms83.cern.ch//140616//86809.16
MonitorID=calabria_MuMinus10_Case1_ReReco_1d78ml
ExeEnd=cmsRun
***** End Cat jobreport *****
Parameters sent to Dashboard.
TIME_EXE = 358 sec
>>> cmsRun wrote 50 lines of stdout+stderr
>>> START OF printout of 50 lines from stdout+stderr
271 DQMStore::DQMStore 
HcalTopologyIdealEP::HcalTopologyIdealEP
17-Jun-2014 23:19:16 CEST  Initiating request to open file file:/lustre/cms//store/user/calabria/calabria_SingleMuPt10_GEN-SIM-DIGI-RECO_CMSSW_6_2_0_SLHC12_2023Scenario_Case1/calabria_SingleMuPt10_GEN-SIM-DIGI-RECO_CMSSW_6_2_0_SLHC12_2023Scenario_Case1/713e95291268ed84eccf2b8e553eab97/out_reco_115_1_ppp.root
17-Jun-2014 23:19:20 CEST  Successfully opened file file:/lustre/cms//store/user/calabria/calabria_SingleMuPt10_GEN-SIM-DIGI-RECO_CMSSW_6_2_0_SLHC12_2023Scenario_Case1/calabria_SingleMuPt10_GEN-SIM-DIGI-RECO_CMSSW_6_2_0_SLHC12_2023Scenario_Case1/713e95291268ed84eccf2b8e553eab97/out_reco_115_1_ppp.root
17-Jun-2014 23:20:09 CEST  Closed file file:/lustre/cms//store/user/calabria/calabria_SingleMuPt10_GEN-SIM-DIGI-RECO_CMSSW_6_2_0_SLHC12_2023Scenario_Case1/calabria_SingleMuPt10_GEN-SIM-DIGI-RECO_CMSSW_6_2_0_SLHC12_2023Scenario_Case1/713e95291268ed84eccf2b8e553eab97/out_reco_115_1_ppp.root
17-Jun-2014 23:20:09 CEST  Initiating request to open file file:/lustre/cms//store/user/calabria/calabria_SingleMuPt10_GEN-SIM-DIGI-RECO_CMSSW_6_2_0_SLHC12_2023Scenario_Case1/calabria_SingleMuPt10_GEN-SIM-DIGI-RECO_CMSSW_6_2_0_SLHC12_2023Scenario_Case1/713e95291268ed84eccf2b8e553eab97/out_reco_489_2_a6X.root
17-Jun-2014 23:20:09 CEST  Successfully opened file file:/lustre/cms//store/user/calabria/calabria_SingleMuPt10_GEN-SIM-DIGI-RECO_CMSSW_6_2_0_SLHC12_2023Scenario_Case1/calabria_SingleMuPt10_GEN-SIM-DIGI-RECO_CMSSW_6_2_0_SLHC12_2023Scenario_Case1/713e95291268ed84eccf2b8e553eab97/out_reco_489_2_a6X.root
17-Jun-2014 23:20:39 CEST  Closed file file:/lustre/cms//store/user/calabria/calabria_SingleMuPt10_GEN-SIM-DIGI-RECO_CMSSW_6_2_0_SLHC12_2023Scenario_Case1/calabria_SingleMuPt10_GEN-SIM-DIGI-RECO_CMSSW_6_2_0_SLHC12_2023Scenario_Case1/713e95291268ed84eccf2b8e553eab97/out_reco_489_2_a6X.root
17-Jun-2014 23:20:39 CEST  Initiating request to open file file:/lustre/cms//store/user/calabria/calabria_SingleMuPt10_GEN-SIM-DIGI-RECO_CMSSW_6_2_0_SLHC12_2023Scenario_Case1/calabria_SingleMuPt10_GEN-SIM-DIGI-RECO_CMSSW_6_2_0_SLHC12_2023Scenario_Case1/713e95291268ed84eccf2b8e553eab97/out_reco_490_2_HcC.root
17-Jun-2014 23:20:39 CEST  Successfully opened file file:/lustre/cms//store/user/calabria/calabria_SingleMuPt10_GEN-SIM-DIGI-RECO_CMSSW_6_2_0_SLHC12_2023Scenario_Case1/calabria_SingleMuPt10_GEN-SIM-DIGI-RECO_CMSSW_6_2_0_SLHC12_2023Scenario_Case1/713e95291268ed84eccf2b8e553eab97/out_reco_490_2_HcC.root
17-Jun-2014 23:21:06 CEST  Closed file file:/lustre/cms//store/user/calabria/calabria_SingleMuPt10_GEN-SIM-DIGI-RECO_CMSSW_6_2_0_SLHC12_2023Scenario_Case1/calabria_SingleMuPt10_GEN-SIM-DIGI-RECO_CMSSW_6_2_0_SLHC12_2023Scenario_Case1/713e95291268ed84eccf2b8e553eab97/out_reco_490_2_HcC.root
17-Jun-2014 23:21:06 CEST  Initiating request to open file file:/lustre/cms//store/user/calabria/calabria_SingleMuPt10_GEN-SIM-DIGI-RECO_CMSSW_6_2_0_SLHC12_2023Scenario_Case1/calabria_SingleMuPt10_GEN-SIM-DIGI-RECO_CMSSW_6_2_0_SLHC12_2023Scenario_Case1/713e95291268ed84eccf2b8e553eab97/out_reco_491_2_Q1N.root
17-Jun-2014 23:21:07 CEST  Successfully opened file file:/lustre/cms//store/user/calabria/calabria_SingleMuPt10_GEN-SIM-DIGI-RECO_CMSSW_6_2_0_SLHC12_2023Scenario_Case1/calabria_SingleMuPt10_GEN-SIM-DIGI-RECO_CMSSW_6_2_0_SLHC12_2023Scenario_Case1/713e95291268ed84eccf2b8e553eab97/out_reco_491_2_Q1N.root
17-Jun-2014 23:21:33 CEST  Closed file file:/lustre/cms//store/user/calabria/calabria_SingleMuPt10_GEN-SIM-DIGI-RECO_CMSSW_6_2_0_SLHC12_2023Scenario_Case1/calabria_SingleMuPt10_GEN-SIM-DIGI-RECO_CMSSW_6_2_0_SLHC12_2023Scenario_Case1/713e95291268ed84eccf2b8e553eab97/out_reco_491_2_Q1N.root
17-Jun-2014 23:21:33 CEST  Initiating request to open file file:/lustre/cms//store/user/calabria/calabria_SingleMuPt10_GEN-SIM-DIGI-RECO_CMSSW_6_2_0_SLHC12_2023Scenario_Case1/calabria_SingleMuPt10_GEN-SIM-DIGI-RECO_CMSSW_6_2_0_SLHC12_2023Scenario_Case1/713e95291268ed84eccf2b8e553eab97/out_reco_492_2_pSZ.root
17-Jun-2014 23:21:33 CEST  Successfully opened file file:/lustre/cms//store/user/calabria/calabria_SingleMuPt10_GEN-SIM-DIGI-RECO_CMSSW_6_2_0_SLHC12_2023Scenario_Case1/calabria_SingleMuPt10_GEN-SIM-DIGI-RECO_CMSSW_6_2_0_SLHC12_2023Scenario_Case1/713e95291268ed84eccf2b8e553eab97/out_reco_492_2_pSZ.root
17-Jun-2014 23:22:04 CEST  Closed file file:/lustre/cms//store/user/calabria/calabria_SingleMuPt10_GEN-SIM-DIGI-RECO_CMSSW_6_2_0_SLHC12_2023Scenario_Case1/calabria_SingleMuPt10_GEN-SIM-DIGI-RECO_CMSSW_6_2_0_SLHC12_2023Scenario_Case1/713e95291268ed84eccf2b8e553eab97/out_reco_492_2_pSZ.root
17-Jun-2014 23:22:04 CEST  Initiating request to open file file:/lustre/cms//store/user/calabria/calabria_SingleMuPt10_GEN-SIM-DIGI-RECO_CMSSW_6_2_0_SLHC12_2023Scenario_Case1/calabria_SingleMuPt10_GEN-SIM-DIGI-RECO_CMSSW_6_2_0_SLHC12_2023Scenario_Case1/713e95291268ed84eccf2b8e553eab97/out_reco_493_2_lzK.root
17-Jun-2014 23:22:04 CEST  Successfully opened file file:/lustre/cms//store/user/calabria/calabria_SingleMuPt10_GEN-SIM-DIGI-RECO_CMSSW_6_2_0_SLHC12_2023Scenario_Case1/calabria_SingleMuPt10_GEN-SIM-DIGI-RECO_CMSSW_6_2_0_SLHC12_2023Scenario_Case1/713e95291268ed84eccf2b8e553eab97/out_reco_493_2_lzK.root
17-Jun-2014 23:22:31 CEST  Closed file file:/lustre/cms//store/user/calabria/calabria_SingleMuPt10_GEN-SIM-DIGI-RECO_CMSSW_6_2_0_SLHC12_2023Scenario_Case1/calabria_SingleMuPt10_GEN-SIM-DIGI-RECO_CMSSW_6_2_0_SLHC12_2023Scenario_Case1/713e95291268ed84eccf2b8e553eab97/out_reco_493_2_lzK.root
17-Jun-2014 23:22:31 CEST  Initiating request to open file file:/lustre/cms//store/user/calabria/calabria_SingleMuPt10_GEN-SIM-DIGI-RECO_CMSSW_6_2_0_SLHC12_2023Scenario_Case1/calabria_SingleMuPt10_GEN-SIM-DIGI-RECO_CMSSW_6_2_0_SLHC12_2023Scenario_Case1/713e95291268ed84eccf2b8e553eab97/out_reco_494_2_HNY.root
17-Jun-2014 23:22:31 CEST  Successfully opened file file:/lustre/cms//store/user/calabria/calabria_SingleMuPt10_GEN-SIM-DIGI-RECO_CMSSW_6_2_0_SLHC12_2023Scenario_Case1/calabria_SingleMuPt10_GEN-SIM-DIGI-RECO_CMSSW_6_2_0_SLHC12_2023Scenario_Case1/713e95291268ed84eccf2b8e553eab97/out_reco_494_2_HNY.root
17-Jun-2014 23:22:58 CEST  Closed file file:/lustre/cms//store/user/calabria/calabria_SingleMuPt10_GEN-SIM-DIGI-RECO_CMSSW_6_2_0_SLHC12_2023Scenario_Case1/calabria_SingleMuPt10_GEN-SIM-DIGI-RECO_CMSSW_6_2_0_SLHC12_2023Scenario_Case1/713e95291268ed84eccf2b8e553eab97/out_reco_494_2_HNY.root
17-Jun-2014 23:22:58 CEST  Initiating request to open file file:/lustre/cms//store/user/calabria/calabria_SingleMuPt10_GEN-SIM-DIGI-RECO_CMSSW_6_2_0_SLHC12_2023Scenario_Case1/calabria_SingleMuPt10_GEN-SIM-DIGI-RECO_CMSSW_6_2_0_SLHC12_2023Scenario_Case1/713e95291268ed84eccf2b8e553eab97/out_reco_495_2_E4J.root
17-Jun-2014 23:22:58 CEST  Successfully opened file file:/lustre/cms//store/user/calabria/calabria_SingleMuPt10_GEN-SIM-DIGI-RECO_CMSSW_6_2_0_SLHC12_2023Scenario_Case1/calabria_SingleMuPt10_GEN-SIM-DIGI-RECO_CMSSW_6_2_0_SLHC12_2023Scenario_Case1/713e95291268ed84eccf2b8e553eab97/out_reco_495_2_E4J.root
17-Jun-2014 23:23:26 CEST  Closed file file:/lustre/cms//store/user/calabria/calabria_SingleMuPt10_GEN-SIM-DIGI-RECO_CMSSW_6_2_0_SLHC12_2023Scenario_Case1/calabria_SingleMuPt10_GEN-SIM-DIGI-RECO_CMSSW_6_2_0_SLHC12_2023Scenario_Case1/713e95291268ed84eccf2b8e553eab97/out_reco_495_2_E4J.root
17-Jun-2014 23:23:26 CEST  Initiating request to open file file:/lustre/cms//store/user/calabria/calabria_SingleMuPt10_GEN-SIM-DIGI-RECO_CMSSW_6_2_0_SLHC12_2023Scenario_Case1/calabria_SingleMuPt10_GEN-SIM-DIGI-RECO_CMSSW_6_2_0_SLHC12_2023Scenario_Case1/713e95291268ed84eccf2b8e553eab97/out_reco_496_2_sHX.root
17-Jun-2014 23:23:26 CEST  Successfully opened file file:/lustre/cms//store/user/calabria/calabria_SingleMuPt10_GEN-SIM-DIGI-RECO_CMSSW_6_2_0_SLHC12_2023Scenario_Case1/calabria_SingleMuPt10_GEN-SIM-DIGI-RECO_CMSSW_6_2_0_SLHC12_2023Scenario_Case1/713e95291268ed84eccf2b8e553eab97/out_reco_496_2_sHX.root
17-Jun-2014 23:24:03 CEST  Closed file file:/lustre/cms//store/user/calabria/calabria_SingleMuPt10_GEN-SIM-DIGI-RECO_CMSSW_6_2_0_SLHC12_2023Scenario_Case1/calabria_SingleMuPt10_GEN-SIM-DIGI-RECO_CMSSW_6_2_0_SLHC12_2023Scenario_Case1/713e95291268ed84eccf2b8e553eab97/out_reco_496_2_sHX.root
17-Jun-2014 23:24:03 CEST  Initiating request to open file file:/lustre/cms//store/user/calabria/calabria_SingleMuPt10_GEN-SIM-DIGI-RECO_CMSSW_6_2_0_SLHC12_2023Scenario_Case1/calabria_SingleMuPt10_GEN-SIM-DIGI-RECO_CMSSW_6_2_0_SLHC12_2023Scenario_Case1/713e95291268ed84eccf2b8e553eab97/out_reco_497_2_0Al.root
17-Jun-2014 23:24:03 CEST  Successfully opened file file:/lustre/cms//store/user/calabria/calabria_SingleMuPt10_GEN-SIM-DIGI-RECO_CMSSW_6_2_0_SLHC12_2023Scenario_Case1/calabria_SingleMuPt10_GEN-SIM-DIGI-RECO_CMSSW_6_2_0_SLHC12_2023Scenario_Case1/713e95291268ed84eccf2b8e553eab97/out_reco_497_2_0Al.root
17-Jun-2014 23:24:57 CEST  Closed file file:/lustre/cms//store/user/calabria/calabria_SingleMuPt10_GEN-SIM-DIGI-RECO_CMSSW_6_2_0_SLHC12_2023Scenario_Case1/calabria_SingleMuPt10_GEN-SIM-DIGI-RECO_CMSSW_6_2_0_SLHC12_2023Scenario_Case1/713e95291268ed84eccf2b8e553eab97/out_reco_497_2_0Al.root

=============================================

MessageLogger Summary

 type     category        sev    module        subroutine        count    total
 ---- -------------------- -- ---------------- ----------------  -----    -----
    1 fileAction           -s file_close                            10       10
    2 fileAction           -s file_open                             20       20

 type    category    Examples: run/evt        run/evt          run/evt
 ---- -------------------- ---------------- ---------------- ----------------
    1 fileAction           PostProcessEvent PostProcessEvent PostEndRun
    2 fileAction           pre-events       pre-events       PostProcessEvent

Severity    # Occurrences   Total Occurrences
--------    -------------   -----------------
System                 30                  30
>>> END OF printout of 50 lines from stdout+stderr
>>> Parse FrameworkJobReport crab_fjr.xml
Result of parsing the FrameworkJobReport crab_fjr.xml: Popularity start
lumisRange : 1::::1;1::::2;1::::3;1::::4;1::::5;1::::6;1::::7;1::::8;1::::9;1::::10;
lumisParentRange : 
Basename : /store/user/calabria/calabria_SingleMuPt10_GEN-SIM-DIGI-RECO_CMSSW_6_2_0_SLHC12_2023Scenario_Case1/calabria_SingleMuPt10_GEN-SIM-DIGI-RECO_CMSSW_6_2_0_SLHC12_2023Scenario_Case1/713e95291268ed84eccf2b8e553eab97/out_reco_
BasenameParent : 
parentFiles : 
inputBlocks : /calabria_SingleMuPt10_GEN-SIM-DIGI-RECO_CMSSW_6_2_0_SLHC12_2023Scenario_Case1/calabria-calabria_SingleMuPt10_GEN-SIM-DIGI-RECO_CMSSW_6_2_0_SLHC12_2023Scenario_Case1-713e95291268ed84eccf2b8e553eab97/USER#91b443e4-a5b9-450f-93d8-747ac818ce8f
inputFiles : 496_2_sHX.root::1::EDM::Local::1;491_2_Q1N.root::1::EDM::Local::2;493_2_lzK.root::1::EDM::Local::3;115_1_ppp.root::1::EDM::Local::4;489_2_a6X.root::1::EDM::Local::5;497_2_0Al.root::1::EDM::Local::6;494_2_HNY.root::1::EDM::Local::7;492_2_pSZ.root::1::EDM::Local::8;490_2_HcC.root::1::EDM::Local::9;495_2_E4J.root::1::EDM::Local::10;
Popularity stop
Extracted ExitStatus from FrameworkJobReport parsing output: 0
>>> Executable succeded  0
ExeExitCode=0
EXECUTABLE_EXIT_STATUS = 0
>>> current directory /home/cms017/home_cream_334186649/CREAM334186649/glide_HenILc/execute/dir_8833/CMSSW_6_2_0_SLHC12
>>>  (SOFTWARE_DIR): /home/cms017/home_cream_334186649/CREAM334186649/glide_HenILc/execute/dir_8833/CMSSW_6_2_0_SLHC12
>>> (WORKING_DIR): 
>>> current directory content:
total 10432
drwxr-xr-x 3 cms017 cms    4096 Jun 17 23:18 .SCRAM
-rw------- 1 cms017 cms 3739236 Jun 17 23:18 CMSSW.py.pkl
drwxr-xr-x 3 cms017 cms    4096 Jun 17 23:18 bin
drwxr-xr-x 3 cms017 cms    4096 Jun 17 23:18 cfipython
drwxr-xr-x 4 cms017 cms    4096 Jun 17 23:18 config
-rw------- 1 cms017 cms      17 Jun 17 23:24 cpu_timing.txt
drwxr-xr-x 2 cms017 cms    4096 Jun 17 23:18 doc
-rw------- 1 cms017 cms    9925 Jun 17 23:24 executable.out
drwxr-xr-x 2 cms017 cms    4096 Jun 17 23:18 include
drwx------ 3 cms017 cms    4096 Apr 28 18:12 lib
drwxr-xr-x 3 cms017 cms    4096 Jun 17 23:18 logs
drwxr-xr-x 3 cms017 cms    4096 Jun 17 23:18 objs
-rw------- 1 cms017 cms     104 Jun 17 23:18 pset.py
-rw------- 1 cms017 cms 3712309 Jun 17 23:18 pset.py.pkl
-rw------- 1 cms017 cms     289 Jun 17 23:18 pset.pyc
drwxr-xr-x 2 cms017 cms    4096 Jun 17 23:18 python
-rw------- 1 cms017 cms     392 Jun 17 23:24 report.log
drwx------ 6 cms017 cms    4096 Jun 17 23:18 src
drwxr-xr-x 3 cms017 cms    4096 Jun 17 23:18 test
drwxr-xr-x 3 cms017 cms    4096 Jun 17 23:18 tmp
-rw------- 1 cms017 cms 3132128 Jun 17 23:24 validationEDM.root
>>> current directory /home/cms017/home_cream_334186649/CREAM334186649/glide_HenILc/execute/dir_8833/CMSSW_6_2_0_SLHC12
>>> (SOFTWARE_DIR): /home/cms017/home_cream_334186649/CREAM334186649/glide_HenILc/execute/dir_8833/CMSSW_6_2_0_SLHC12
>>> (WORKING_DIR): 
>>> current directory content:
total 10432
drwxr-xr-x 3 cms017 cms    4096 Jun 17 23:18 .SCRAM
-rw------- 1 cms017 cms 3739236 Jun 17 23:18 CMSSW.py.pkl
drwxr-xr-x 3 cms017 cms    4096 Jun 17 23:18 bin
drwxr-xr-x 3 cms017 cms    4096 Jun 17 23:18 cfipython
drwxr-xr-x 4 cms017 cms    4096 Jun 17 23:18 config
-rw------- 1 cms017 cms      17 Jun 17 23:24 cpu_timing.txt
drwxr-xr-x 2 cms017 cms    4096 Jun 17 23:18 doc
-rw------- 1 cms017 cms    9925 Jun 17 23:24 executable.out
drwxr-xr-x 2 cms017 cms    4096 Jun 17 23:18 include
drwx------ 3 cms017 cms    4096 Apr 28 18:12 lib
drwxr-xr-x 3 cms017 cms    4096 Jun 17 23:18 logs
drwxr-xr-x 3 cms017 cms    4096 Jun 17 23:18 objs
-rw------- 1 cms017 cms     104 Jun 17 23:18 pset.py
-rw------- 1 cms017 cms 3712309 Jun 17 23:18 pset.py.pkl
-rw------- 1 cms017 cms     289 Jun 17 23:18 pset.pyc
drwxr-xr-x 2 cms017 cms    4096 Jun 17 23:18 python
-rw------- 1 cms017 cms     392 Jun 17 23:24 report.log
drwx------ 6 cms017 cms    4096 Jun 17 23:18 src
drwxr-xr-x 3 cms017 cms    4096 Jun 17 23:18 test
drwxr-xr-x 3 cms017 cms    4096 Jun 17 23:18 tmp
-rw------- 1 cms017 cms 3132128 Jun 17 23:24 validationEDM_17_1_Syv.root
>>> current directory (RUNTIME_AREA):  /home/cms017/home_cream_334186649/CREAM334186649/glide_HenILc/execute/dir_8833
SE = storm-se-01.ba.infn.it
SE_PATH = /srm/managerv2?SFN=//cms/store/user/calabria/calabria_SingleMuPt10_GEN-SIM-DIGI-RECO_CMSSW_6_2_0_SLHC12_2023Scenario_Case1/calabria_MuMinus10_GEN-SIM-DIGI-RECO_CMSSW_6_2_0_SLHC12_2023Scenario_VALNOPU2_Case1/5854dd31cbd3cdec44c48628cc181cf0/
LFNBaseName = /store/user/calabria/calabria_SingleMuPt10_GEN-SIM-DIGI-RECO_CMSSW_6_2_0_SLHC12_2023Scenario_Case1/calabria_MuMinus10_GEN-SIM-DIGI-RECO_CMSSW_6_2_0_SLHC12_2023Scenario_VALNOPU2_Case1/5854dd31cbd3cdec44c48628cc181cf0/
USER = calabria
endpoint = srm://storm-se-01.ba.infn.it:8444/srm/managerv2?SFN=//cms/store/user/calabria/calabria_SingleMuPt10_GEN-SIM-DIGI-RECO_CMSSW_6_2_0_SLHC12_2023Scenario_Case1/calabria_MuMinus10_GEN-SIM-DIGI-RECO_CMSSW_6_2_0_SLHC12_2023Scenario_VALNOPU2_Case1/5854dd31cbd3cdec44c48628cc181cf0/
>>> Copy output files from WN = pccms152.ba.infn.it to /srm/managerv2?SFN=//cms/store/user/calabria/calabria_SingleMuPt10_GEN-SIM-DIGI-RECO_CMSSW_6_2_0_SLHC12_2023Scenario_Case1/calabria_MuMinus10_GEN-SIM-DIGI-RECO_CMSSW_6_2_0_SLHC12_2023Scenario_VALNOPU2_Case1/5854dd31cbd3cdec44c48628cc181cf0/ :
python cmscp.py  --destination srm://storm-se-01.ba.infn.it:8444/srm/managerv2?SFN=//cms/store/user/calabria/calabria_SingleMuPt10_GEN-SIM-DIGI-RECO_CMSSW_6_2_0_SLHC12_2023Scenario_Case1/calabria_MuMinus10_GEN-SIM-DIGI-RECO_CMSSW_6_2_0_SLHC12_2023Scenario_VALNOPU2_Case1/5854dd31cbd3cdec44c48628cc181cf0/ --inputFileList /home/cms017/home_cream_334186649/CREAM334186649/glide_HenILc/execute/dir_8833/CMSSW_6_2_0_SLHC12/validationEDM_17_1_Syv.root --middleware LCG --se_name storm-se-01.ba.infn.it --for_lfn /store/user/calabria/calabria_SingleMuPt10_GEN-SIM-DIGI-RECO_CMSSW_6_2_0_SLHC12_2023Scenario_Case1/calabria_MuMinus10_GEN-SIM-DIGI-RECO_CMSSW_6_2_0_SLHC12_2023Scenario_VALNOPU2_Case1/5854dd31cbd3cdec44c48628cc181cf0/    
******************************************************
localSeName  =  storm-se-01.ba.infn.it
remoteSeName =  storm-se-01.ba.infn.it
******************************************************
{"/home/cms017/home_cream_334186649/CREAM334186649/glide_HenILc/execute/dir_8833/CMSSW_6_2_0_SLHC12/validationEDM_17_1_Syv.root": {"endpoint": "srm://storm-se-01.ba.infn.it:8444/srm/managerv2?SFN=//cms/store/user/calabria/calabria_SingleMuPt10_GEN-SIM-DIGI-RECO_CMSSW_6_2_0_SLHC12_2023Scenario_Case1/calabria_MuMinus10_GEN-SIM-DIGI-RECO_CMSSW_6_2_0_SLHC12_2023Scenario_VALNOPU2_Case1/5854dd31cbd3cdec44c48628cc181cf0/", "surl_for_grid": "", "reason": "Copy succedeed with srm-lcg utils", "erCode": "0", "se_name": "storm-se-01.ba.infn.it", "for_lfn": "/store/user/calabria/calabria_SingleMuPt10_GEN-SIM-DIGI-RECO_CMSSW_6_2_0_SLHC12_2023Scenario_Case1/calabria_MuMinus10_GEN-SIM-DIGI-RECO_CMSSW_6_2_0_SLHC12_2023Scenario_VALNOPU2_Case1/5854dd31cbd3cdec44c48628cc181cf0/"}}/home/cms017/home_cream_334186649/CREAM334186649/glide_HenILc/execute/dir_8833
-------- cat /home/cms017/home_cream_334186649/CREAM334186649/glide_HenILc/execute/dir_8833/cmscpReport.sh 
#!/bin/bash
echo "Report for File: /home/cms017/home_cream_334186649/CREAM334186649/glide_HenILc/execute/dir_8833/CMSSW_6_2_0_SLHC12/validationEDM_17_1_Syv.root"
echo "LFN: /store/user/calabria/calabria_SingleMuPt10_GEN-SIM-DIGI-RECO_CMSSW_6_2_0_SLHC12_2023Scenario_Case1/calabria_MuMinus10_GEN-SIM-DIGI-RECO_CMSSW_6_2_0_SLHC12_2023Scenario_VALNOPU2_Case1/5854dd31cbd3cdec44c48628cc181cf0/validationEDM_17_1_Syv.root"
echo "StorageElement: storm-se-01.ba.infn.it"
echo "StageOutExitStatusReason = 'Copy succedeed with srm-lcg utils'" | tee -a $RUNTIME_AREA/$repo
echo "StageOutSE = storm-se-01.ba.infn.it" >> $RUNTIME_AREA/$repo

export StageOutExitStatus=0
echo "StageOutExitStatus = 0" | tee -a $RUNTIME_AREA/$repo
-------- end of /home/cms017/home_cream_334186649/CREAM334186649/glide_HenILc/execute/dir_8833/cmscpReport.sh 
Report for File: /home/cms017/home_cream_334186649/CREAM334186649/glide_HenILc/execute/dir_8833/CMSSW_6_2_0_SLHC12/validationEDM_17_1_Syv.root
LFN: /store/user/calabria/calabria_SingleMuPt10_GEN-SIM-DIGI-RECO_CMSSW_6_2_0_SLHC12_2023Scenario_Case1/calabria_MuMinus10_GEN-SIM-DIGI-RECO_CMSSW_6_2_0_SLHC12_2023Scenario_VALNOPU2_Case1/5854dd31cbd3cdec44c48628cc181cf0/validationEDM_17_1_Syv.root
StorageElement: storm-se-01.ba.infn.it
StageOutExitStatusReason = 'Copy succedeed with srm-lcg utils'
StageOutExitStatus = 0
>>> current dir: /home/cms017/home_cream_334186649/CREAM334186649/glide_HenILc/execute/dir_8833
>>> current dir content:
total 28076
-rw-------  1 cms017 cms     2778 Jun 17 23:25 .SEinteraction.log
-rwx------  1 cms017 cms     6725 Jun 17 23:18 .job.ad
-rwx------  1 cms017 cms     9428 Jun 17 23:18 .machine.ad
-rw-------  1 cms017 cms      105 Jun 16 20:43 CMSSW.py
-rw-------  1 cms017 cms  3739236 Jun 16 20:43 CMSSW.py.pkl
-rwx------  1 cms017 cms    29556 Jun 17 23:18 CMSSW.sh
drwxr-xr-x 15 cms017 cms     4096 Jun 17 23:25 CMSSW_6_2_0_SLHC12
-rw-------  1 cms017 cms      219 Jun 17 23:18 CacheEnv.sh
-rw-------  1 cms017 cms     7291 Apr  4 11:04 DashboardAPI.py
-rw-------  1 cms017 cms     6800 Jun 17 23:18 DashboardAPI.pyc
drwx------  2 cms017 cms     4096 Jun 17 23:24 IMProv
-rw-------  1 cms017 cms     2748 Apr  4 11:04 Logger.py
-rw-------  1 cms017 cms     3342 Jun 17 23:18 Logger.pyc
-rw-------  1 cms017 cms    24524 Apr  4 11:04 ProcInfo.py
-rw-------  1 cms017 cms    23173 Jun 17 23:18 ProcInfo.pyc
drwx------  7 cms017 cms     4096 Jun 17 23:18 ProdCommon
drwx------  3 cms017 cms     4096 Jun 17 23:18 WMCore
-rw-------  1 cms017 cms     2628 Jun 17 23:24 Watchdog_17.log
-rwx------  1 cms017 cms        0 Jun 17 23:18 _condor_stderr
-rwx---r--  1 cms017 cms    29365 Jun 17 23:25 _condor_stdout
-rw-------  1 cms017 cms    32895 Apr  4 11:04 apmon.py
-rw-------  1 cms017 cms    28596 Jun 17 23:18 apmon.pyc
-rwx------  1 cms017 cms    53408 Jun 17 23:18 arguments.xml
-rwx------  1 cms017 cms    38515 Apr  4 11:04 cmscp.py
-rw-------  1 cms017 cms      717 Jun 17 23:25 cmscpReport.sh
-rwx------  1 cms017 cms    29556 Jun 17 23:18 condor_exec.exe
-rw-------  1 cms017 cms      958 Jun 16 20:42 crab.cfg
-rwx------  1 cms017 cms     8610 Apr  4 11:04 crabWatchdog.sh
-rwx---r--  1 cms017 cms   523287 Jun 17 23:24 crab_fjr_17.xml
-rwx------  1 cms017 cms 23958840 Jun 17 23:18 default.tgz
-rwx------  1 cms017 cms     4488 Apr  4 11:04 fillCrabFjr.py
-rw-------  1 cms017 cms     2629 Jun 17 23:18 inputsReport.txt
-rw-------  1 cms017 cms      255 Jun 17 23:25 jobreport.txt
-rw-------  1 cms017 cms    17352 Apr  4 11:04 parseCrabFjr.py
-rw-------  1 cms017 cms      317 Jun 17 23:18 report.log
-rwx--x--x  1 cms017 cms     1497 Apr  4 11:04 report.py
-rw-------  1 cms017 cms      771 Jun 17 23:25 resultCopyFile
lrwxrwxrwx  1 cms017 cms      125 Jun 17 23:25 validationEDM.root -> /home/cms017/home_cream_334186649/CREAM334186649/glide_HenILc/execute/dir_8833/CMSSW_6_2_0_SLHC12/validationEDM_17_1_Syv.root
-rwx------  1 cms017 cms     8387 Apr  4 11:04 writeCfg.py
-rw-------  1 cms017 cms     8010 Jun 17 23:18 x509up_u50707
>>> Modify Job Report:
CMSSW_VERSION = CMSSW_6_2_0_SLHC12
ProcessedDataset = calabria_MuMinus10_GEN-SIM-DIGI-RECO_CMSSW_6_2_0_SLHC12_2023Scenario_VALNOPU2_Case1
/home/cms017/home_cream_334186649/CREAM334186649/glide_HenILc/execute/dir_8833/ProdCommon/FwkJobRep/ModifyJobReport.py fjr /home/cms017/home_cream_334186649/CREAM334186649/glide_HenILc/execute/dir_8833/crab_fjr_17.xml json /home/cms017/home_cream_334186649/CREAM334186649/glide_HenILc/execute/dir_8833/resultCopyFile n_job 17_1_Syv PrimaryDataset calabria_SingleMuPt10_GEN-SIM-DIGI-RECO_CMSSW_6_2_0_SLHC12_2023Scenario_Case1  ApplicationFamily cmsRun ApplicationName cmsRun cmssw_version CMSSW_6_2_0_SLHC12 psethash 5854dd31cbd3cdec44c48628cc181cf0 UserProcessedDataset calabria-calabria_MuMinus10_GEN-SIM-DIGI-RECO_CMSSW_6_2_0_SLHC12_2023Scenario_VALNOPU2_Case1-5854dd31cbd3cdec44c48628cc181cf0
inputDict =  {u'/home/cms017/home_cream_334186649/CREAM334186649/glide_HenILc/execute/dir_8833/CMSSW_6_2_0_SLHC12/validationEDM_17_1_Syv.root': {u'endpoint': u'srm://storm-se-01.ba.infn.it:8444/srm/managerv2?SFN=//cms/store/user/calabria/calabria_SingleMuPt10_GEN-SIM-DIGI-RECO_CMSSW_6_2_0_SLHC12_2023Scenario_Case1/calabria_MuMinus10_GEN-SIM-DIGI-RECO_CMSSW_6_2_0_SLHC12_2023Scenario_VALNOPU2_Case1/5854dd31cbd3cdec44c48628cc181cf0/', u'surl_for_grid': u'', u'reason': u'Copy succedeed with srm-lcg utils', u'erCode': u'0', u'se_name': u'storm-se-01.ba.infn.it', u'for_lfn': u'/store/user/calabria/calabria_SingleMuPt10_GEN-SIM-DIGI-RECO_CMSSW_6_2_0_SLHC12_2023Scenario_Case1/calabria_MuMinus10_GEN-SIM-DIGI-RECO_CMSSW_6_2_0_SLHC12_2023Scenario_VALNOPU2_Case1/5854dd31cbd3cdec44c48628cc181cf0/'}}
UserProcessedDataset =  calabria-calabria_MuMinus10_GEN-SIM-DIGI-RECO_CMSSW_6_2_0_SLHC12_2023Scenario_VALNOPU2_Case1-5854dd31cbd3cdec44c48628cc181cf0
file_name in inputDict =  /home/cms017/home_cream_334186649/CREAM334186649/glide_HenILc/execute/dir_8833/CMSSW_6_2_0_SLHC12/validationEDM_17_1_Syv.root
(size) os.stat(filename)[6] =  3132128
checksum =  3381839106
    file =  validationEDM_17_1_Syv.root
    newPfn =  srm://storm-se-01.ba.infn.it:8444/srm/managerv2?SFN=//cms/store/user/calabria/calabria_SingleMuPt10_GEN-SIM-DIGI-RECO_CMSSW_6_2_0_SLHC12_2023Scenario_Case1/calabria_MuMinus10_GEN-SIM-DIGI-RECO_CMSSW_6_2_0_SLHC12_2023Scenario_VALNOPU2_Case1/5854dd31cbd3cdec44c48628cc181cf0/validationEDM_17_1_Syv.root
    newLfn =  /store/user/calabria/calabria_SingleMuPt10_GEN-SIM-DIGI-RECO_CMSSW_6_2_0_SLHC12_2023Scenario_Case1/calabria_MuMinus10_GEN-SIM-DIGI-RECO_CMSSW_6_2_0_SLHC12_2023Scenario_VALNOPU2_Case1/5854dd31cbd3cdec44c48628cc181cf0/validationEDM_17_1_Syv.root
>>> crab_fjr_*.xml  permission set to 0704
CrabWrapper EXIT_FUNC entered at Tue Jun 17 23:25:53 CEST 2014   -  Tue Jun 17 21:25:53 UTC 2014
Checking output files:  
will tar file crab_fjr_17.xml in  out_files_17
WARNING: output file CMSSW_17.stdout not found!
WARNING: output file CMSSW_17.stderr not found!
WARNING: output file Watchdog_17.log.gz not found!
>>> padding time: Sleeping the wrapper for 159 seconds
STOPPING WATCHDOG. CrabWatchdog PID is 9765
********** LAST 50 LINES OF WATCHDOG LOG
# RESOURCE USAGE SUMMARY FOR PROCESS ID  8838
USER       PID %CPU %MEM    VSZ   RSS TTY      STAT START   TIME COMMAND
cms017    8838  0.4  0.0   9496  1592 ?        S    23:18   0:00 /bin/sh /home/cms017/home_cream_334186649/CREAM334186649/glide_HenILc/execute/dir_8833/condor_exec.exe 17 1
 
# LIMITS USED BY CRAB WATCHDOG:
# RSS  (KBytes)   : 2300000
# VSZ  (KBytes)   : 100000000
# DISK (MBytes)   : 19000
# CPU TIME        : 720h:0m:0s
# WALL CLOCK TIME : 21h:50m:0s
 
# FOLLOWING PRINTOUT TRACKS MAXIMUM VALUES OF RESOURCES USE
# ONE LINE IS PRINTED EACH TIME A MAXIMUM CHANGES
# IF CHANGE WAS IN RSS OR VSZ ALSO PROCID AND COMMAND ARE PRINTED
# THERE IS NO PRINTOUT FOR CPU/WALL TIME INCREASE
 
# TIME			PID	RSS(KB)	VSZ(KB)	Dsk(MB)	tCPU(s)	tWALL(s)	COMMAND
 Jun 17 23:18:40 CEST	8659	1392	9364	0	0	0	/bin/bash /home/cms017/home_cream_334186649/CREAM334186649/glide_HenILc/main/condor_startup.sh glidein_config        
 Jun 17 23:18:40 CEST	8833	8424	93612	0	0	0	condor_starter -f vocms83.cern.ch        
 Jun 17 23:18:40 CEST	9777	32600	97556	0	0	1	edmConfigHash pset.py         
 Jun 17 23:18:40 CEST	16847	32600	106092	0	0	2	sh -c "./glidein_startup.sh" -v std -name v1_3 -entry CMS_T2_IT_Bari_ce4 -clientname UCSD-v1_0.main
 Jun 17 23:18:40 CEST	16854	32600	106492	0	0	2	/bin/bash ./glidein_startup.sh -v std -name v1_3 -entry CMS_T2_IT_Bari_ce4 -clientname UCSD-v1_0.main -schedd
 Jun 17 23:18:40 CEST	---	32600	106492	171	----	----	----
 Jun 17 23:19:42 CEST	11751	757880	974276	171	34	63	cmsRun -j /home/cms017/home_cream_334186649/CREAM334186649/glide_HenILc/execute/dir_8833/crab_fjr_17.xml -p pset.py      
 Jun 17 23:19:42 CEST	---	757880	974276	175	----	----	----
 Jun 17 23:20:43 CEST	11751	786944	1004232	175	85	124	cmsRun -j /home/cms017/home_cream_334186649/CREAM334186649/glide_HenILc/execute/dir_8833/crab_fjr_17.xml -p pset.py      
 Jun 17 23:21:45 CEST	11751	789668	1013960	175	133	187	cmsRun -j /home/cms017/home_cream_334186649/CREAM334186649/glide_HenILc/execute/dir_8833/crab_fjr_17.xml -p pset.py      
 Jun 17 23:22:49 CEST	11751	795636	1022644	175	185	251	cmsRun -j /home/cms017/home_cream_334186649/CREAM334186649/glide_HenILc/execute/dir_8833/crab_fjr_17.xml -p pset.py      
 Jun 17 23:23:53 CEST	11751	808328	1033652	175	235	314	cmsRun -j /home/cms017/home_cream_334186649/CREAM334186649/glide_HenILc/execute/dir_8833/crab_fjr_17.xml -p pset.py      
 Jun 17 23:24:54 CEST	11751	1497220	1726132	175	290	375	cmsRun -j /home/cms017/home_cream_334186649/CREAM334186649/glide_HenILc/execute/dir_8833/crab_fjr_17.xml -p pset.py      
 Jun 17 23:24:54 CEST	---	1497220	1726132	176	----	----	----
 Jun 17 23:25:56 CEST	---	1497220	1726132	178	----	----	----
********** WATCHDOG LOG ENDED
ZIPPING WATCHDOG LOG
Disk space used:
du -sh /home/cms017/home_cream_334186649/CREAM334186649/glide_HenILc/execute/dir_8833
178M	/home/cms017/home_cream_334186649/CREAM334186649/glide_HenILc/execute/dir_8833
Found unusual stdout, rename for OSB
`/home/cms017/home_cream_334186649/CREAM334186649/glide_HenILc/execute/dir_8833/_condor_stdout' -> `CMSSW_17.stdout'
Found unusual stderr, rename for OSB
`/home/cms017/home_cream_334186649/CREAM334186649/glide_HenILc/execute/dir_8833/_condor_stdout' -> `CMSSW_17.stderr'
crab_fjr_17.xml
CMSSW_17.stdout
CMSSW_17.stderr
Watchdog_17.log.gz
Total Output dimension: 69838
WARNING: output files size limit is set to: 50000000
Total Output dimension 69838 is fine.
JOB_EXIT_STATUS = 0
>>> info for dashboard:
***** Cat /home/cms017/home_cream_334186649/CREAM334186649/glide_HenILc/execute/dir_8833/jobreport.txt *****
MonitorJobID=17_https://vocms83.cern.ch//140616//86809.16
MonitorID=calabria_MuMinus10_Case1_ReReco_1d78ml
ExeTime=358
ExeExitCode=0
StageOutExitStatusReason = 'Copy succedeed with srm-lcg utils'
StageOutSE = storm-se-01.ba.infn.it
StageOutExitStatus = 0
CrabUserCpuTime=257.95
CrabSysCpuTime=35.50
CrabCpuPercentage=81%
CrabWrapperTime=600
CrabStageoutTime=49
JobExitCode=0
***** End Cat jobreport *****
Parameters sent to Dashboard.
EXITING at Tue Jun 17 23:28:38 CEST 2014  -  Tue Jun 17 21:28:38 UTC 2014
