This script was generated by crab (version 2.10.5_patch1).
Running /home/cms010/home_cream_987460063/CREAM987460063/glide_boUyRI/execute/dir_15053/condor_exec.exe with 2 positional parameters: 6 1
Today is Tue Jun 17 22:57:59 CEST 2014 - Tue Jun 17 20:57:59 UTC 2014
Job submitted on host alicegrid57.ba.infn.it
Linux alicegrid57.ba.infn.it 2.6.32-358.23.2.el6.x86_64 #1 SMP Thu Oct 17 10:27:22 CEST 2013 x86_64 x86_64 x86_64 GNU/Linux
>>> current directory (RUNTIME_AREA): /home/cms010/home_cream_987460063/CREAM987460063/glide_boUyRI/execute/dir_15053
>>> current user: uid=11704(cms010) gid=1399(cms) groups=1399(cms)
>>> directory permission set to 0700
>>> umask set to:  u=rwx,g=,o=
>>> stdout stderr permission set to 0704
>>> voms proxy information:
subject   : /C=IT/O=INFN/OU=Personal Certificate/L=Bari/CN=Cesare Calabria/CN=477126703/CN=1541849371
issuer    : /C=IT/O=INFN/OU=Personal Certificate/L=Bari/CN=Cesare Calabria/CN=477126703
identity  : /C=IT/O=INFN/OU=Personal Certificate/L=Bari/CN=Cesare Calabria
type      : RFC3820 compliant limited proxy
strength  : 1024
path      : /home/cms010/home_cream_987460063/CREAM987460063/glide_boUyRI/execute/dir_15053/x509up_u50707
timeleft  : 23:59:48
key usage : Digital Signature, Key Encipherment, Data Encipherment
=== VO cms extension information ===
VO        : cms
subject   : /C=IT/O=INFN/OU=Personal Certificate/L=Bari/CN=Cesare Calabria
issuer    : /DC=ch/DC=cern/OU=computers/CN=voms.cern.ch
attribute : /cms/Role=NULL/Capability=NULL
attribute : /cms/itcms/Role=NULL/Capability=NULL
timeleft  : 156:26:18
uri       : voms.cern.ch:15002

WNHostName=alicegrid57.ba.infn.it
>>> tar --no-same-permissions -xf /home/cms010/home_cream_987460063/CREAM987460063/glide_boUyRI/execute/dir_15053/default.tgz :
Successful untar
>>> Include /home/cms010/home_cream_987460063/CREAM987460063/glide_boUyRI/execute/dir_15053 in PYTHONPATH:
strip arguments
env var CRAB_UNIQUE_JOB_ID set to: calabria_MuMinus10_Case1_ReReco_1d78ml_6_1_2fV
out_files_6
>>> list of expected files on output sandbox
output files: crab_fjr_6.xml CMSSW_6.stdout CMSSW_6.stderr Watchdog_6.log.gz
>>> GridFlavour discovery: 
GridFlavour=LCG
>>> SyncSite discovery: 
SyncSite=T2_IT_Bari
>>> SyncCE discovery: 
getting SyncCE from CE_ID
SyncCE=cream-ce-4.ba.infn.it:8443/cream-pbs-cms
>>> info for dashboard:
***** Cat /home/cms010/home_cream_987460063/CREAM987460063/glide_boUyRI/execute/dir_15053/jobreport.txt *****
WNHostName=alicegrid57.ba.infn.it
MonitorJobID=6_https://vocms83.cern.ch//140616//86809.5
SyncGridJobId=https://vocms83.cern.ch//140616//86809.5
MonitorID=calabria_MuMinus10_Case1_ReReco_1d78ml
GridFlavour=LCG
SyncSite=T2_IT_Bari
SyncCE=cream-ce-4.ba.infn.it:8443/cream-pbs-cms
***** End Cat jobreport *****
Parameters sent to Dashboard.
>>> setup environment
set SCRAM ARCH to slc5_amd64_gcc472
SCRAM_ARCH = slc5_amd64_gcc472
>>> setup CMS LCG environment:
set SCRAM ARCH and BUILD_ARCH to slc5_amd64_gcc472 ###
Sourcing environment... 
sourcing /cvmfs/cms.cern.ch/cmsset_default.sh
==> setup cms environment ok
>>> specific cmssw setup environment:
CMSSW_VERSION =  CMSSW_6_2_0_SLHC12
>>> current directory (SOFTWARE_DIR): /home/cms010/home_cream_987460063/CREAM987460063/glide_boUyRI/execute/dir_15053/CMSSW_6_2_0_SLHC12
PreserveSeeds: <>
IncrementSeeds:<>
>>> info for dashboard:
***** Cat /home/cms010/home_cream_987460063/CREAM987460063/glide_boUyRI/execute/dir_15053/jobreport.txt *****
MonitorJobID=6_https://vocms83.cern.ch//140616//86809.5
MonitorID=calabria_MuMinus10_Case1_ReReco_1d78ml
***** End Cat jobreport *****
Parameters sent to Dashboard.
crabWatchdog started as process 15338
>>> moving CMSSW software directories in /home/cms010/home_cream_987460063/CREAM987460063/glide_boUyRI/execute/dir_15053/CMSSW_6_2_0_SLHC12
mv: cannot stat `/home/cms010/home_cream_987460063/CREAM987460063/glide_boUyRI/execute/dir_15053/module/': No such file or directory
>>> Include /home/cms010/home_cream_987460063/CREAM987460063/glide_boUyRI/execute/dir_15053 in PYTHONPATH:
PYTHONPATH=/home/cms010/home_cream_987460063/CREAM987460063/glide_boUyRI/execute/dir_15053/:/home/cms010/home_cream_987460063/CREAM987460063/glide_boUyRI/execute/dir_15053/CMSSW_6_2_0_SLHC12/python:/home/cms010/home_cream_987460063/CREAM987460063/glide_boUyRI/execute/dir_15053/CMSSW_6_2_0_SLHC12/lib/slc5_amd64_gcc472:/cvmfs/cms.cern.ch/slc5_amd64_gcc472/cms/cmssw/CMSSW_6_2_0_SLHC12/python:/cvmfs/cms.cern.ch/slc5_amd64_gcc472/cms/cmssw/CMSSW_6_2_0_SLHC12/lib/slc5_amd64_gcc472:/cvmfs/cms.cern.ch/slc5_amd64_gcc472/cms/coral/CORAL_2_3_21-cms36/slc5_amd64_gcc472/python:/cvmfs/cms.cern.ch/slc5_amd64_gcc472/cms/coral/CORAL_2_3_21-cms36/slc5_amd64_gcc472/lib:/cvmfs/cms.cern.ch/slc5_amd64_gcc472/external/pyqt/4.8.1-cms6/lib/python2.7/site-packages:/cvmfs/cms.cern.ch/slc5_amd64_gcc472/external/py2-scipy/0.8.0-cms8/lib/python2.7/site-packages:/cvmfs/cms.cern.ch/slc5_amd64_gcc472/external/py2-matplotlib/1.0.1-cms8/lib/python2.7/site-packages:/cvmfs/cms.cern.ch/slc5_amd64_gcc472/external/python-ldap/2.3.5-cms6/lib/python2.7/site-packages:/cvmfs/cms.cern.ch/slc5_amd64_gcc472/external/sip/4.11.2-cms6/lib/python2.7/site-packages:/cvmfs/cms.cern.ch/slc5_amd64_gcc472/external/py2-pycurl/7.19.0-cms8/lib/python2.7/site-packages:/cvmfs/cms.cern.ch/slc5_amd64_gcc472/external/py2-numpy/1.6.1-cms8/lib/python2.7/site-packages:/cvmfs/cms.cern.ch/slc5_amd64_gcc472/external/py2-lint/0.25.1-cms6/lib/python2.7/site-packages:/cvmfs/cms.cern.ch/slc5_amd64_gcc472/external/py2-ipython/0.10-cms6/lib/python2.7/site-packages:/cvmfs/cms.cern.ch/slc5_amd64_gcc472/external/py2-cx-oracle/5.1-cms7/lib/python2.7/site-packages:/cvmfs/cms.cern.ch/slc5_amd64_gcc472/external/py2-cjson/1.0.5-cms6/lib/python2.7/site-packages:/cvmfs/cms.cern.ch/slc5_amd64_gcc472/cms/das-client/1.11.7/bin:/cvmfs/cms.cern.ch/slc5_amd64_gcc472/external/elementtree/1.2.6-cms6/share/lib/python2.7/site-packages:/cvmfs/cms.cern.ch/slc5_amd64_gcc472/external/rivet/1.8.2-cms8/lib/python2.7/site-packages:/cvmfs/cms.cern.ch/slc5_amd64_gcc472/external/pyminuit2/0.0.1-cms19/lib/python2.7/site-packages:/cvmfs/cms.cern.ch/slc5_amd64_gcc472/external/py2-pygithub/1.23.0/lib/python2.7/site-packages:/cvmfs/cms.cern.ch/slc5_amd64_gcc472/external/professor/1.0.0-cms19/lib/python2.7/site-packages:/cvmfs/cms.cern.ch/slc5_amd64_gcc472/lcg/root/5.34.07-cms/lib:/cvmfs/cms.cern.ch/slc5_amd64_gcc472/cms/dbs-client/DBS_2_1_9-cms5/lib:/cvmfs/cms.cern.ch/slc5_amd64_gcc472/cms/dbs-client/DBS_2_1_9-cms5/lib/DBSAPI:/cvmfs/cms.cern.ch/slc5_amd64_gcc472/external/cvs2git/5419-cms/lib:/home/cms010/home_cream_987460063/CREAM987460063/glide_boUyRI/execute/dir_15053/
 
# LIMITS USED BY CRAB WATCHDOG:
# RSS  (KBytes)   : 2300000
# VSZ  (KBytes)   : 100000000
# DISK (MBytes)   : 19000
# CPU TIME        : 720h:0m:0s
# WALL CLOCK TIME : 21h:50m:0s
 
5854dd31cbd3cdec44c48628cc181cf0
PSETHASH = 5854dd31cbd3cdec44c48628cc181cf0
/home/cms010/home_cream_987460063/CREAM987460063/glide_boUyRI/execute/dir_15053/writeCfg.py pset.py pset.py
Importing .py file
Setting parameters
RandomNumberGeneratorService found, will attempt to change seeds
inputBlocks=/calabria_SingleMuPt10_GEN-SIM-DIGI-RECO_CMSSW_6_2_0_SLHC12_2023Scenario_Case1/calabria-calabria_SingleMuPt10_GEN-SIM-DIGI-RECO_CMSSW_6_2_0_SLHC12_2023Scenario_Case1-713e95291268ed84eccf2b8e553eab97/USER#91b443e4-a5b9-450f-93d8-747ac818ce8f
inputFiles=/store/user/calabria/calabria_SingleMuPt10_GEN-SIM-DIGI-RECO_CMSSW_6_2_0_SLHC12_2023Scenario_Case1/calabria_SingleMuPt10_GEN-SIM-DIGI-RECO_CMSSW_6_2_0_SLHC12_2023Scenario_Case1/713e95291268ed84eccf2b8e553eab97/out_reco_36_2_HHU.root;/store/user/calabria/calabria_SingleMuPt10_GEN-SIM-DIGI-RECO_CMSSW_6_2_0_SLHC12_2023Scenario_Case1/calabria_SingleMuPt10_GEN-SIM-DIGI-RECO_CMSSW_6_2_0_SLHC12_2023Scenario_Case1/713e95291268ed84eccf2b8e553eab97/out_reco_37_2_qGd.root;/store/user/calabria/calabria_SingleMuPt10_GEN-SIM-DIGI-RECO_CMSSW_6_2_0_SLHC12_2023Scenario_Case1/calabria_SingleMuPt10_GEN-SIM-DIGI-RECO_CMSSW_6_2_0_SLHC12_2023Scenario_Case1/713e95291268ed84eccf2b8e553eab97/out_reco_38_2_Hf4.root;/store/user/calabria/calabria_SingleMuPt10_GEN-SIM-DIGI-RECO_CMSSW_6_2_0_SLHC12_2023Scenario_Case1/calabria_SingleMuPt10_GEN-SIM-DIGI-RECO_CMSSW_6_2_0_SLHC12_2023Scenario_Case1/713e95291268ed84eccf2b8e553eab97/out_reco_39_2_zKr.root;/store/user/calabria/calabria_SingleMuPt10_GEN-SIM-DIGI-RECO_CMSSW_6_2_0_SLHC12_2023Scenario_Case1/calabria_SingleMuPt10_GEN-SIM-DIGI-RECO_CMSSW_6_2_0_SLHC12_2023Scenario_Case1/713e95291268ed84eccf2b8e553eab97/out_reco_40_2_Kmr.root;/store/user/calabria/calabria_SingleMuPt10_GEN-SIM-DIGI-RECO_CMSSW_6_2_0_SLHC12_2023Scenario_Case1/calabria_SingleMuPt10_GEN-SIM-DIGI-RECO_CMSSW_6_2_0_SLHC12_2023Scenario_Case1/713e95291268ed84eccf2b8e553eab97/out_reco_41_2_PZt.root;/store/user/calabria/calabria_SingleMuPt10_GEN-SIM-DIGI-RECO_CMSSW_6_2_0_SLHC12_2023Scenario_Case1/calabria_SingleMuPt10_GEN-SIM-DIGI-RECO_CMSSW_6_2_0_SLHC12_2023Scenario_Case1/713e95291268ed84eccf2b8e553eab97/out_reco_42_2_3Nt.root;/store/user/calabria/calabria_SingleMuPt10_GEN-SIM-DIGI-RECO_CMSSW_6_2_0_SLHC12_2023Scenario_Case1/calabria_SingleMuPt10_GEN-SIM-DIGI-RECO_CMSSW_6_2_0_SLHC12_2023Scenario_Case1/713e95291268ed84eccf2b8e553eab97/out_reco_43_2_vQH.root;/store/user/calabria/calabria_SingleMuPt10_GEN-SIM-DIGI-RECO_CMSSW_6_2_0_SLHC12_2023Scenario_Case1/calabria_SingleMuPt10_GEN-SIM-DIGI-RECO_CMSSW_6_2_0_SLHC12_2023Scenario_Case1/713e95291268ed84eccf2b8e553eab97/out_reco_44_2_Pc1.root;/store/user/calabria/calabria_SingleMuPt10_GEN-SIM-DIGI-RECO_CMSSW_6_2_0_SLHC12_2023Scenario_Case1/calabria_SingleMuPt10_GEN-SIM-DIGI-RECO_CMSSW_6_2_0_SLHC12_2023Scenario_Case1/713e95291268ed84eccf2b8e553eab97/out_reco_45_2_K9L.root
parentFiles=
lumisRange=
>>> Executable cmsRun
/cvmfs/cms.cern.ch/slc5_amd64_gcc472/cms/cmssw/CMSSW_6_2_0_SLHC12/bin/slc5_amd64_gcc472/cmsRun
ok executable found
>>> info for dashboard:
***** Cat /home/cms010/home_cream_987460063/CREAM987460063/glide_boUyRI/execute/dir_15053/jobreport.txt *****
MonitorJobID=6_https://vocms83.cern.ch//140616//86809.5
MonitorID=calabria_MuMinus10_Case1_ReReco_1d78ml
ExeStart=cmsRun
***** End Cat jobreport *****
Parameters sent to Dashboard.
>>> cmsRun started at Tue Jun 17 20:58:29 UTC 2014
>>> cmsRun ended at Tue Jun 17 21:07:40 UTC 2014
>>> crab_fjr_*.xml  permission set to 0704
>>> info for dashboard:
***** Cat /home/cms010/home_cream_987460063/CREAM987460063/glide_boUyRI/execute/dir_15053/jobreport.txt *****
MonitorJobID=6_https://vocms83.cern.ch//140616//86809.5
MonitorID=calabria_MuMinus10_Case1_ReReco_1d78ml
ExeEnd=cmsRun
***** End Cat jobreport *****
Parameters sent to Dashboard.
TIME_EXE = 551 sec
>>> cmsRun wrote 50 lines of stdout+stderr
>>> START OF printout of 50 lines from stdout+stderr
271 DQMStore::DQMStore 
HcalTopologyIdealEP::HcalTopologyIdealEP
17-Jun-2014 22:59:01 CEST  Initiating request to open file file:/lustre/cms//store/user/calabria/calabria_SingleMuPt10_GEN-SIM-DIGI-RECO_CMSSW_6_2_0_SLHC12_2023Scenario_Case1/calabria_SingleMuPt10_GEN-SIM-DIGI-RECO_CMSSW_6_2_0_SLHC12_2023Scenario_Case1/713e95291268ed84eccf2b8e553eab97/out_reco_36_2_HHU.root
17-Jun-2014 22:59:04 CEST  Successfully opened file file:/lustre/cms//store/user/calabria/calabria_SingleMuPt10_GEN-SIM-DIGI-RECO_CMSSW_6_2_0_SLHC12_2023Scenario_Case1/calabria_SingleMuPt10_GEN-SIM-DIGI-RECO_CMSSW_6_2_0_SLHC12_2023Scenario_Case1/713e95291268ed84eccf2b8e553eab97/out_reco_36_2_HHU.root
17-Jun-2014 22:59:54 CEST  Closed file file:/lustre/cms//store/user/calabria/calabria_SingleMuPt10_GEN-SIM-DIGI-RECO_CMSSW_6_2_0_SLHC12_2023Scenario_Case1/calabria_SingleMuPt10_GEN-SIM-DIGI-RECO_CMSSW_6_2_0_SLHC12_2023Scenario_Case1/713e95291268ed84eccf2b8e553eab97/out_reco_36_2_HHU.root
17-Jun-2014 22:59:54 CEST  Initiating request to open file file:/lustre/cms//store/user/calabria/calabria_SingleMuPt10_GEN-SIM-DIGI-RECO_CMSSW_6_2_0_SLHC12_2023Scenario_Case1/calabria_SingleMuPt10_GEN-SIM-DIGI-RECO_CMSSW_6_2_0_SLHC12_2023Scenario_Case1/713e95291268ed84eccf2b8e553eab97/out_reco_37_2_qGd.root
17-Jun-2014 22:59:55 CEST  Successfully opened file file:/lustre/cms//store/user/calabria/calabria_SingleMuPt10_GEN-SIM-DIGI-RECO_CMSSW_6_2_0_SLHC12_2023Scenario_Case1/calabria_SingleMuPt10_GEN-SIM-DIGI-RECO_CMSSW_6_2_0_SLHC12_2023Scenario_Case1/713e95291268ed84eccf2b8e553eab97/out_reco_37_2_qGd.root
17-Jun-2014 23:01:07 CEST  Closed file file:/lustre/cms//store/user/calabria/calabria_SingleMuPt10_GEN-SIM-DIGI-RECO_CMSSW_6_2_0_SLHC12_2023Scenario_Case1/calabria_SingleMuPt10_GEN-SIM-DIGI-RECO_CMSSW_6_2_0_SLHC12_2023Scenario_Case1/713e95291268ed84eccf2b8e553eab97/out_reco_37_2_qGd.root
17-Jun-2014 23:01:07 CEST  Initiating request to open file file:/lustre/cms//store/user/calabria/calabria_SingleMuPt10_GEN-SIM-DIGI-RECO_CMSSW_6_2_0_SLHC12_2023Scenario_Case1/calabria_SingleMuPt10_GEN-SIM-DIGI-RECO_CMSSW_6_2_0_SLHC12_2023Scenario_Case1/713e95291268ed84eccf2b8e553eab97/out_reco_38_2_Hf4.root
17-Jun-2014 23:01:08 CEST  Successfully opened file file:/lustre/cms//store/user/calabria/calabria_SingleMuPt10_GEN-SIM-DIGI-RECO_CMSSW_6_2_0_SLHC12_2023Scenario_Case1/calabria_SingleMuPt10_GEN-SIM-DIGI-RECO_CMSSW_6_2_0_SLHC12_2023Scenario_Case1/713e95291268ed84eccf2b8e553eab97/out_reco_38_2_Hf4.root
17-Jun-2014 23:01:52 CEST  Closed file file:/lustre/cms//store/user/calabria/calabria_SingleMuPt10_GEN-SIM-DIGI-RECO_CMSSW_6_2_0_SLHC12_2023Scenario_Case1/calabria_SingleMuPt10_GEN-SIM-DIGI-RECO_CMSSW_6_2_0_SLHC12_2023Scenario_Case1/713e95291268ed84eccf2b8e553eab97/out_reco_38_2_Hf4.root
17-Jun-2014 23:01:52 CEST  Initiating request to open file file:/lustre/cms//store/user/calabria/calabria_SingleMuPt10_GEN-SIM-DIGI-RECO_CMSSW_6_2_0_SLHC12_2023Scenario_Case1/calabria_SingleMuPt10_GEN-SIM-DIGI-RECO_CMSSW_6_2_0_SLHC12_2023Scenario_Case1/713e95291268ed84eccf2b8e553eab97/out_reco_39_2_zKr.root
17-Jun-2014 23:01:52 CEST  Successfully opened file file:/lustre/cms//store/user/calabria/calabria_SingleMuPt10_GEN-SIM-DIGI-RECO_CMSSW_6_2_0_SLHC12_2023Scenario_Case1/calabria_SingleMuPt10_GEN-SIM-DIGI-RECO_CMSSW_6_2_0_SLHC12_2023Scenario_Case1/713e95291268ed84eccf2b8e553eab97/out_reco_39_2_zKr.root
17-Jun-2014 23:02:43 CEST  Closed file file:/lustre/cms//store/user/calabria/calabria_SingleMuPt10_GEN-SIM-DIGI-RECO_CMSSW_6_2_0_SLHC12_2023Scenario_Case1/calabria_SingleMuPt10_GEN-SIM-DIGI-RECO_CMSSW_6_2_0_SLHC12_2023Scenario_Case1/713e95291268ed84eccf2b8e553eab97/out_reco_39_2_zKr.root
17-Jun-2014 23:02:44 CEST  Initiating request to open file file:/lustre/cms//store/user/calabria/calabria_SingleMuPt10_GEN-SIM-DIGI-RECO_CMSSW_6_2_0_SLHC12_2023Scenario_Case1/calabria_SingleMuPt10_GEN-SIM-DIGI-RECO_CMSSW_6_2_0_SLHC12_2023Scenario_Case1/713e95291268ed84eccf2b8e553eab97/out_reco_40_2_Kmr.root
17-Jun-2014 23:02:44 CEST  Successfully opened file file:/lustre/cms//store/user/calabria/calabria_SingleMuPt10_GEN-SIM-DIGI-RECO_CMSSW_6_2_0_SLHC12_2023Scenario_Case1/calabria_SingleMuPt10_GEN-SIM-DIGI-RECO_CMSSW_6_2_0_SLHC12_2023Scenario_Case1/713e95291268ed84eccf2b8e553eab97/out_reco_40_2_Kmr.root
17-Jun-2014 23:03:30 CEST  Closed file file:/lustre/cms//store/user/calabria/calabria_SingleMuPt10_GEN-SIM-DIGI-RECO_CMSSW_6_2_0_SLHC12_2023Scenario_Case1/calabria_SingleMuPt10_GEN-SIM-DIGI-RECO_CMSSW_6_2_0_SLHC12_2023Scenario_Case1/713e95291268ed84eccf2b8e553eab97/out_reco_40_2_Kmr.root
17-Jun-2014 23:03:30 CEST  Initiating request to open file file:/lustre/cms//store/user/calabria/calabria_SingleMuPt10_GEN-SIM-DIGI-RECO_CMSSW_6_2_0_SLHC12_2023Scenario_Case1/calabria_SingleMuPt10_GEN-SIM-DIGI-RECO_CMSSW_6_2_0_SLHC12_2023Scenario_Case1/713e95291268ed84eccf2b8e553eab97/out_reco_41_2_PZt.root
17-Jun-2014 23:03:30 CEST  Successfully opened file file:/lustre/cms//store/user/calabria/calabria_SingleMuPt10_GEN-SIM-DIGI-RECO_CMSSW_6_2_0_SLHC12_2023Scenario_Case1/calabria_SingleMuPt10_GEN-SIM-DIGI-RECO_CMSSW_6_2_0_SLHC12_2023Scenario_Case1/713e95291268ed84eccf2b8e553eab97/out_reco_41_2_PZt.root
17-Jun-2014 23:04:07 CEST  Closed file file:/lustre/cms//store/user/calabria/calabria_SingleMuPt10_GEN-SIM-DIGI-RECO_CMSSW_6_2_0_SLHC12_2023Scenario_Case1/calabria_SingleMuPt10_GEN-SIM-DIGI-RECO_CMSSW_6_2_0_SLHC12_2023Scenario_Case1/713e95291268ed84eccf2b8e553eab97/out_reco_41_2_PZt.root
17-Jun-2014 23:04:07 CEST  Initiating request to open file file:/lustre/cms//store/user/calabria/calabria_SingleMuPt10_GEN-SIM-DIGI-RECO_CMSSW_6_2_0_SLHC12_2023Scenario_Case1/calabria_SingleMuPt10_GEN-SIM-DIGI-RECO_CMSSW_6_2_0_SLHC12_2023Scenario_Case1/713e95291268ed84eccf2b8e553eab97/out_reco_42_2_3Nt.root
17-Jun-2014 23:04:08 CEST  Successfully opened file file:/lustre/cms//store/user/calabria/calabria_SingleMuPt10_GEN-SIM-DIGI-RECO_CMSSW_6_2_0_SLHC12_2023Scenario_Case1/calabria_SingleMuPt10_GEN-SIM-DIGI-RECO_CMSSW_6_2_0_SLHC12_2023Scenario_Case1/713e95291268ed84eccf2b8e553eab97/out_reco_42_2_3Nt.root
17-Jun-2014 23:05:08 CEST  Closed file file:/lustre/cms//store/user/calabria/calabria_SingleMuPt10_GEN-SIM-DIGI-RECO_CMSSW_6_2_0_SLHC12_2023Scenario_Case1/calabria_SingleMuPt10_GEN-SIM-DIGI-RECO_CMSSW_6_2_0_SLHC12_2023Scenario_Case1/713e95291268ed84eccf2b8e553eab97/out_reco_42_2_3Nt.root
17-Jun-2014 23:05:08 CEST  Initiating request to open file file:/lustre/cms//store/user/calabria/calabria_SingleMuPt10_GEN-SIM-DIGI-RECO_CMSSW_6_2_0_SLHC12_2023Scenario_Case1/calabria_SingleMuPt10_GEN-SIM-DIGI-RECO_CMSSW_6_2_0_SLHC12_2023Scenario_Case1/713e95291268ed84eccf2b8e553eab97/out_reco_43_2_vQH.root
17-Jun-2014 23:05:10 CEST  Successfully opened file file:/lustre/cms//store/user/calabria/calabria_SingleMuPt10_GEN-SIM-DIGI-RECO_CMSSW_6_2_0_SLHC12_2023Scenario_Case1/calabria_SingleMuPt10_GEN-SIM-DIGI-RECO_CMSSW_6_2_0_SLHC12_2023Scenario_Case1/713e95291268ed84eccf2b8e553eab97/out_reco_43_2_vQH.root
17-Jun-2014 23:05:54 CEST  Closed file file:/lustre/cms//store/user/calabria/calabria_SingleMuPt10_GEN-SIM-DIGI-RECO_CMSSW_6_2_0_SLHC12_2023Scenario_Case1/calabria_SingleMuPt10_GEN-SIM-DIGI-RECO_CMSSW_6_2_0_SLHC12_2023Scenario_Case1/713e95291268ed84eccf2b8e553eab97/out_reco_43_2_vQH.root
17-Jun-2014 23:05:54 CEST  Initiating request to open file file:/lustre/cms//store/user/calabria/calabria_SingleMuPt10_GEN-SIM-DIGI-RECO_CMSSW_6_2_0_SLHC12_2023Scenario_Case1/calabria_SingleMuPt10_GEN-SIM-DIGI-RECO_CMSSW_6_2_0_SLHC12_2023Scenario_Case1/713e95291268ed84eccf2b8e553eab97/out_reco_44_2_Pc1.root
17-Jun-2014 23:05:55 CEST  Successfully opened file file:/lustre/cms//store/user/calabria/calabria_SingleMuPt10_GEN-SIM-DIGI-RECO_CMSSW_6_2_0_SLHC12_2023Scenario_Case1/calabria_SingleMuPt10_GEN-SIM-DIGI-RECO_CMSSW_6_2_0_SLHC12_2023Scenario_Case1/713e95291268ed84eccf2b8e553eab97/out_reco_44_2_Pc1.root
17-Jun-2014 23:06:45 CEST  Closed file file:/lustre/cms//store/user/calabria/calabria_SingleMuPt10_GEN-SIM-DIGI-RECO_CMSSW_6_2_0_SLHC12_2023Scenario_Case1/calabria_SingleMuPt10_GEN-SIM-DIGI-RECO_CMSSW_6_2_0_SLHC12_2023Scenario_Case1/713e95291268ed84eccf2b8e553eab97/out_reco_44_2_Pc1.root
17-Jun-2014 23:06:45 CEST  Initiating request to open file file:/lustre/cms//store/user/calabria/calabria_SingleMuPt10_GEN-SIM-DIGI-RECO_CMSSW_6_2_0_SLHC12_2023Scenario_Case1/calabria_SingleMuPt10_GEN-SIM-DIGI-RECO_CMSSW_6_2_0_SLHC12_2023Scenario_Case1/713e95291268ed84eccf2b8e553eab97/out_reco_45_2_K9L.root
17-Jun-2014 23:06:45 CEST  Successfully opened file file:/lustre/cms//store/user/calabria/calabria_SingleMuPt10_GEN-SIM-DIGI-RECO_CMSSW_6_2_0_SLHC12_2023Scenario_Case1/calabria_SingleMuPt10_GEN-SIM-DIGI-RECO_CMSSW_6_2_0_SLHC12_2023Scenario_Case1/713e95291268ed84eccf2b8e553eab97/out_reco_45_2_K9L.root
17-Jun-2014 23:07:39 CEST  Closed file file:/lustre/cms//store/user/calabria/calabria_SingleMuPt10_GEN-SIM-DIGI-RECO_CMSSW_6_2_0_SLHC12_2023Scenario_Case1/calabria_SingleMuPt10_GEN-SIM-DIGI-RECO_CMSSW_6_2_0_SLHC12_2023Scenario_Case1/713e95291268ed84eccf2b8e553eab97/out_reco_45_2_K9L.root

=============================================

MessageLogger Summary

 type     category        sev    module        subroutine        count    total
 ---- -------------------- -- ---------------- ----------------  -----    -----
    1 fileAction           -s file_close                            10       10
    2 fileAction           -s file_open                             20       20

 type    category    Examples: run/evt        run/evt          run/evt
 ---- -------------------- ---------------- ---------------- ----------------
    1 fileAction           PostProcessEvent PostProcessEvent PostEndRun
    2 fileAction           pre-events       pre-events       PostProcessEvent

Severity    # Occurrences   Total Occurrences
--------    -------------   -----------------
System                 30                  30
>>> END OF printout of 50 lines from stdout+stderr
>>> Parse FrameworkJobReport crab_fjr.xml
Result of parsing the FrameworkJobReport crab_fjr.xml: Popularity start
lumisRange : 1::::1;1::::2;1::::3;1::::4;1::::5;1::::6;1::::7;1::::8;1::::9;1::::10;
lumisParentRange : 
Basename : /store/user/calabria/calabria_SingleMuPt10_GEN-SIM-DIGI-RECO_CMSSW_6_2_0_SLHC12_2023Scenario_Case1/calabria_SingleMuPt10_GEN-SIM-DIGI-RECO_CMSSW_6_2_0_SLHC12_2023Scenario_Case1/713e95291268ed84eccf2b8e553eab97/out_reco_
BasenameParent : 
parentFiles : 
inputBlocks : /calabria_SingleMuPt10_GEN-SIM-DIGI-RECO_CMSSW_6_2_0_SLHC12_2023Scenario_Case1/calabria-calabria_SingleMuPt10_GEN-SIM-DIGI-RECO_CMSSW_6_2_0_SLHC12_2023Scenario_Case1-713e95291268ed84eccf2b8e553eab97/USER#91b443e4-a5b9-450f-93d8-747ac818ce8f
inputFiles : 41_2_PZt.root::1::EDM::Local::1;43_2_vQH.root::1::EDM::Local::2;44_2_Pc1.root::1::EDM::Local::3;40_2_Kmr.root::1::EDM::Local::4;45_2_K9L.root::1::EDM::Local::5;39_2_zKr.root::1::EDM::Local::6;37_2_qGd.root::1::EDM::Local::7;38_2_Hf4.root::1::EDM::Local::8;36_2_HHU.root::1::EDM::Local::9;42_2_3Nt.root::1::EDM::Local::10;
Popularity stop
Extracted ExitStatus from FrameworkJobReport parsing output: 0
>>> Executable succeded  0
ExeExitCode=0
EXECUTABLE_EXIT_STATUS = 0
>>> current directory /home/cms010/home_cream_987460063/CREAM987460063/glide_boUyRI/execute/dir_15053/CMSSW_6_2_0_SLHC12
>>>  (SOFTWARE_DIR): /home/cms010/home_cream_987460063/CREAM987460063/glide_boUyRI/execute/dir_15053/CMSSW_6_2_0_SLHC12
>>> (WORKING_DIR): 
>>> current directory content:
total 10444
drwxr-xr-x 3 cms010 cms    4096 Jun 17 22:58 .SCRAM
-rw------- 1 cms010 cms 3739236 Jun 17 22:58 CMSSW.py.pkl
drwxr-xr-x 3 cms010 cms    4096 Jun 17 22:58 bin
drwxr-xr-x 3 cms010 cms    4096 Jun 17 22:58 cfipython
drwxr-xr-x 4 cms010 cms    4096 Jun 17 22:58 config
-rw------- 1 cms010 cms      17 Jun 17 23:07 cpu_timing.txt
drwxr-xr-x 2 cms010 cms    4096 Jun 17 22:58 doc
-rw------- 1 cms010 cms    9895 Jun 17 23:07 executable.out
drwxr-xr-x 2 cms010 cms    4096 Jun 17 22:58 include
drwx------ 3 cms010 cms    4096 Apr 28 18:12 lib
drwxr-xr-x 3 cms010 cms    4096 Jun 17 22:58 logs
drwxr-xr-x 3 cms010 cms    4096 Jun 17 22:58 objs
-rw------- 1 cms010 cms     104 Jun 17 22:58 pset.py
-rw------- 1 cms010 cms 3712299 Jun 17 22:58 pset.py.pkl
-rw------- 1 cms010 cms     289 Jun 17 22:58 pset.pyc
drwxr-xr-x 2 cms010 cms    4096 Jun 17 22:58 python
-rw------- 1 cms010 cms     386 Jun 17 23:07 report.log
drwx------ 6 cms010 cms    4096 Jun 17 22:58 src
drwxr-xr-x 3 cms010 cms    4096 Jun 17 22:58 test
drwxr-xr-x 3 cms010 cms    4096 Jun 17 22:58 tmp
-rw------- 1 cms010 cms 3142625 Jun 17 23:07 validationEDM.root
>>> current directory /home/cms010/home_cream_987460063/CREAM987460063/glide_boUyRI/execute/dir_15053/CMSSW_6_2_0_SLHC12
>>> (SOFTWARE_DIR): /home/cms010/home_cream_987460063/CREAM987460063/glide_boUyRI/execute/dir_15053/CMSSW_6_2_0_SLHC12
>>> (WORKING_DIR): 
>>> current directory content:
total 10444
drwxr-xr-x 3 cms010 cms    4096 Jun 17 22:58 .SCRAM
-rw------- 1 cms010 cms 3739236 Jun 17 22:58 CMSSW.py.pkl
drwxr-xr-x 3 cms010 cms    4096 Jun 17 22:58 bin
drwxr-xr-x 3 cms010 cms    4096 Jun 17 22:58 cfipython
drwxr-xr-x 4 cms010 cms    4096 Jun 17 22:58 config
-rw------- 1 cms010 cms      17 Jun 17 23:07 cpu_timing.txt
drwxr-xr-x 2 cms010 cms    4096 Jun 17 22:58 doc
-rw------- 1 cms010 cms    9895 Jun 17 23:07 executable.out
drwxr-xr-x 2 cms010 cms    4096 Jun 17 22:58 include
drwx------ 3 cms010 cms    4096 Apr 28 18:12 lib
drwxr-xr-x 3 cms010 cms    4096 Jun 17 22:58 logs
drwxr-xr-x 3 cms010 cms    4096 Jun 17 22:58 objs
-rw------- 1 cms010 cms     104 Jun 17 22:58 pset.py
-rw------- 1 cms010 cms 3712299 Jun 17 22:58 pset.py.pkl
-rw------- 1 cms010 cms     289 Jun 17 22:58 pset.pyc
drwxr-xr-x 2 cms010 cms    4096 Jun 17 22:58 python
-rw------- 1 cms010 cms     386 Jun 17 23:07 report.log
drwx------ 6 cms010 cms    4096 Jun 17 22:58 src
drwxr-xr-x 3 cms010 cms    4096 Jun 17 22:58 test
drwxr-xr-x 3 cms010 cms    4096 Jun 17 22:58 tmp
-rw------- 1 cms010 cms 3142625 Jun 17 23:07 validationEDM_6_1_2fV.root
>>> current directory (RUNTIME_AREA):  /home/cms010/home_cream_987460063/CREAM987460063/glide_boUyRI/execute/dir_15053
SE = storm-se-01.ba.infn.it
SE_PATH = /srm/managerv2?SFN=//cms/store/user/calabria/calabria_SingleMuPt10_GEN-SIM-DIGI-RECO_CMSSW_6_2_0_SLHC12_2023Scenario_Case1/calabria_MuMinus10_GEN-SIM-DIGI-RECO_CMSSW_6_2_0_SLHC12_2023Scenario_VALNOPU2_Case1/5854dd31cbd3cdec44c48628cc181cf0/
LFNBaseName = /store/user/calabria/calabria_SingleMuPt10_GEN-SIM-DIGI-RECO_CMSSW_6_2_0_SLHC12_2023Scenario_Case1/calabria_MuMinus10_GEN-SIM-DIGI-RECO_CMSSW_6_2_0_SLHC12_2023Scenario_VALNOPU2_Case1/5854dd31cbd3cdec44c48628cc181cf0/
USER = calabria
endpoint = srm://storm-se-01.ba.infn.it:8444/srm/managerv2?SFN=//cms/store/user/calabria/calabria_SingleMuPt10_GEN-SIM-DIGI-RECO_CMSSW_6_2_0_SLHC12_2023Scenario_Case1/calabria_MuMinus10_GEN-SIM-DIGI-RECO_CMSSW_6_2_0_SLHC12_2023Scenario_VALNOPU2_Case1/5854dd31cbd3cdec44c48628cc181cf0/
>>> Copy output files from WN = alicegrid57.ba.infn.it to /srm/managerv2?SFN=//cms/store/user/calabria/calabria_SingleMuPt10_GEN-SIM-DIGI-RECO_CMSSW_6_2_0_SLHC12_2023Scenario_Case1/calabria_MuMinus10_GEN-SIM-DIGI-RECO_CMSSW_6_2_0_SLHC12_2023Scenario_VALNOPU2_Case1/5854dd31cbd3cdec44c48628cc181cf0/ :
python cmscp.py  --destination srm://storm-se-01.ba.infn.it:8444/srm/managerv2?SFN=//cms/store/user/calabria/calabria_SingleMuPt10_GEN-SIM-DIGI-RECO_CMSSW_6_2_0_SLHC12_2023Scenario_Case1/calabria_MuMinus10_GEN-SIM-DIGI-RECO_CMSSW_6_2_0_SLHC12_2023Scenario_VALNOPU2_Case1/5854dd31cbd3cdec44c48628cc181cf0/ --inputFileList /home/cms010/home_cream_987460063/CREAM987460063/glide_boUyRI/execute/dir_15053/CMSSW_6_2_0_SLHC12/validationEDM_6_1_2fV.root --middleware LCG --se_name storm-se-01.ba.infn.it --for_lfn /store/user/calabria/calabria_SingleMuPt10_GEN-SIM-DIGI-RECO_CMSSW_6_2_0_SLHC12_2023Scenario_Case1/calabria_MuMinus10_GEN-SIM-DIGI-RECO_CMSSW_6_2_0_SLHC12_2023Scenario_VALNOPU2_Case1/5854dd31cbd3cdec44c48628cc181cf0/    
******************************************************
localSeName  =  storm-se-01.ba.infn.it
remoteSeName =  storm-se-01.ba.infn.it
******************************************************
{"/home/cms010/home_cream_987460063/CREAM987460063/glide_boUyRI/execute/dir_15053/CMSSW_6_2_0_SLHC12/validationEDM_6_1_2fV.root": {"endpoint": "srm://storm-se-01.ba.infn.it:8444/srm/managerv2?SFN=//cms/store/user/calabria/calabria_SingleMuPt10_GEN-SIM-DIGI-RECO_CMSSW_6_2_0_SLHC12_2023Scenario_Case1/calabria_MuMinus10_GEN-SIM-DIGI-RECO_CMSSW_6_2_0_SLHC12_2023Scenario_VALNOPU2_Case1/5854dd31cbd3cdec44c48628cc181cf0/", "surl_for_grid": "", "reason": "Copy succedeed with srm-lcg utils", "erCode": "0", "se_name": "storm-se-01.ba.infn.it", "for_lfn": "/store/user/calabria/calabria_SingleMuPt10_GEN-SIM-DIGI-RECO_CMSSW_6_2_0_SLHC12_2023Scenario_Case1/calabria_MuMinus10_GEN-SIM-DIGI-RECO_CMSSW_6_2_0_SLHC12_2023Scenario_VALNOPU2_Case1/5854dd31cbd3cdec44c48628cc181cf0/"}}/home/cms010/home_cream_987460063/CREAM987460063/glide_boUyRI/execute/dir_15053
-------- cat /home/cms010/home_cream_987460063/CREAM987460063/glide_boUyRI/execute/dir_15053/cmscpReport.sh 
#!/bin/bash
echo "Report for File: /home/cms010/home_cream_987460063/CREAM987460063/glide_boUyRI/execute/dir_15053/CMSSW_6_2_0_SLHC12/validationEDM_6_1_2fV.root"
echo "LFN: /store/user/calabria/calabria_SingleMuPt10_GEN-SIM-DIGI-RECO_CMSSW_6_2_0_SLHC12_2023Scenario_Case1/calabria_MuMinus10_GEN-SIM-DIGI-RECO_CMSSW_6_2_0_SLHC12_2023Scenario_VALNOPU2_Case1/5854dd31cbd3cdec44c48628cc181cf0/validationEDM_6_1_2fV.root"
echo "StorageElement: storm-se-01.ba.infn.it"
echo "StageOutExitStatusReason = 'Copy succedeed with srm-lcg utils'" | tee -a $RUNTIME_AREA/$repo
echo "StageOutSE = storm-se-01.ba.infn.it" >> $RUNTIME_AREA/$repo

export StageOutExitStatus=0
echo "StageOutExitStatus = 0" | tee -a $RUNTIME_AREA/$repo
-------- end of /home/cms010/home_cream_987460063/CREAM987460063/glide_boUyRI/execute/dir_15053/cmscpReport.sh 
Report for File: /home/cms010/home_cream_987460063/CREAM987460063/glide_boUyRI/execute/dir_15053/CMSSW_6_2_0_SLHC12/validationEDM_6_1_2fV.root
LFN: /store/user/calabria/calabria_SingleMuPt10_GEN-SIM-DIGI-RECO_CMSSW_6_2_0_SLHC12_2023Scenario_Case1/calabria_MuMinus10_GEN-SIM-DIGI-RECO_CMSSW_6_2_0_SLHC12_2023Scenario_VALNOPU2_Case1/5854dd31cbd3cdec44c48628cc181cf0/validationEDM_6_1_2fV.root
StorageElement: storm-se-01.ba.infn.it
StageOutExitStatusReason = 'Copy succedeed with srm-lcg utils'
StageOutExitStatus = 0
>>> current dir: /home/cms010/home_cream_987460063/CREAM987460063/glide_boUyRI/execute/dir_15053
>>> current dir content:
total 28076
-rw-------  1 cms010 cms     2776 Jun 17 23:08 .SEinteraction.log
-rwx------  1 cms010 cms     6695 Jun 17 22:57 .job.ad
-rwx------  1 cms010 cms     9299 Jun 17 22:57 .machine.ad
-rw-------  1 cms010 cms      105 Jun 16 20:43 CMSSW.py
-rw-------  1 cms010 cms  3739236 Jun 16 20:43 CMSSW.py.pkl
-rwx------  1 cms010 cms    29556 Jun 17 22:57 CMSSW.sh
drwxr-xr-x 15 cms010 cms     4096 Jun 17 23:07 CMSSW_6_2_0_SLHC12
-rw-------  1 cms010 cms      220 Jun 17 22:58 CacheEnv.sh
-rw-------  1 cms010 cms     7291 Apr  4 11:04 DashboardAPI.py
-rw-------  1 cms010 cms     6815 Jun 17 22:58 DashboardAPI.pyc
drwx------  2 cms010 cms     4096 Jun 17 23:07 IMProv
-rw-------  1 cms010 cms     2748 Apr  4 11:04 Logger.py
-rw-------  1 cms010 cms     3347 Jun 17 22:58 Logger.pyc
-rw-------  1 cms010 cms    24524 Apr  4 11:04 ProcInfo.py
-rw-------  1 cms010 cms    23197 Jun 17 22:58 ProcInfo.pyc
drwx------  7 cms010 cms     4096 Jun 17 22:58 ProdCommon
drwx------  3 cms010 cms     4096 Jun 17 22:58 WMCore
-rw-------  1 cms010 cms     2685 Jun 17 23:08 Watchdog_6.log
-rwx------  1 cms010 cms        0 Jun 17 22:57 _condor_stderr
-rwx---r--  1 cms010 cms    29339 Jun 17 23:08 _condor_stdout
-rw-------  1 cms010 cms    32895 Apr  4 11:04 apmon.py
-rw-------  1 cms010 cms    28625 Jun 17 22:58 apmon.pyc
-rwx------  1 cms010 cms    53408 Jun 17 22:57 arguments.xml
-rwx------  1 cms010 cms    38515 Apr  4 11:04 cmscp.py
-rw-------  1 cms010 cms      716 Jun 17 23:08 cmscpReport.sh
-rwx------  1 cms010 cms    29556 Jun 17 22:57 condor_exec.exe
-rw-------  1 cms010 cms      958 Jun 16 20:42 crab.cfg
-rwx------  1 cms010 cms     8610 Apr  4 11:04 crabWatchdog.sh
-rwx---r--  1 cms010 cms   523223 Jun 17 23:07 crab_fjr_6.xml
-rwx------  1 cms010 cms 23958840 Jun 17 22:57 default.tgz
-rwx------  1 cms010 cms     4488 Apr  4 11:04 fillCrabFjr.py
-rw-------  1 cms010 cms     2619 Jun 17 22:58 inputsReport.txt
-rw-------  1 cms010 cms      253 Jun 17 23:08 jobreport.txt
-rw-------  1 cms010 cms    17352 Apr  4 11:04 parseCrabFjr.py
-rw-------  1 cms010 cms      317 Jun 17 22:58 report.log
-rwx--x--x  1 cms010 cms     1497 Apr  4 11:04 report.py
-rw-------  1 cms010 cms      771 Jun 17 23:08 resultCopyFile
lrwxrwxrwx  1 cms010 cms      125 Jun 17 23:07 validationEDM.root -> /home/cms010/home_cream_987460063/CREAM987460063/glide_boUyRI/execute/dir_15053/CMSSW_6_2_0_SLHC12/validationEDM_6_1_2fV.root
-rwx------  1 cms010 cms     8387 Apr  4 11:04 writeCfg.py
-rw-------  1 cms010 cms     8010 Jun 17 22:57 x509up_u50707
>>> Modify Job Report:
CMSSW_VERSION = CMSSW_6_2_0_SLHC12
ProcessedDataset = calabria_MuMinus10_GEN-SIM-DIGI-RECO_CMSSW_6_2_0_SLHC12_2023Scenario_VALNOPU2_Case1
/home/cms010/home_cream_987460063/CREAM987460063/glide_boUyRI/execute/dir_15053/ProdCommon/FwkJobRep/ModifyJobReport.py fjr /home/cms010/home_cream_987460063/CREAM987460063/glide_boUyRI/execute/dir_15053/crab_fjr_6.xml json /home/cms010/home_cream_987460063/CREAM987460063/glide_boUyRI/execute/dir_15053/resultCopyFile n_job 6_1_2fV PrimaryDataset calabria_SingleMuPt10_GEN-SIM-DIGI-RECO_CMSSW_6_2_0_SLHC12_2023Scenario_Case1  ApplicationFamily cmsRun ApplicationName cmsRun cmssw_version CMSSW_6_2_0_SLHC12 psethash 5854dd31cbd3cdec44c48628cc181cf0 UserProcessedDataset calabria-calabria_MuMinus10_GEN-SIM-DIGI-RECO_CMSSW_6_2_0_SLHC12_2023Scenario_VALNOPU2_Case1-5854dd31cbd3cdec44c48628cc181cf0
inputDict =  {u'/home/cms010/home_cream_987460063/CREAM987460063/glide_boUyRI/execute/dir_15053/CMSSW_6_2_0_SLHC12/validationEDM_6_1_2fV.root': {u'endpoint': u'srm://storm-se-01.ba.infn.it:8444/srm/managerv2?SFN=//cms/store/user/calabria/calabria_SingleMuPt10_GEN-SIM-DIGI-RECO_CMSSW_6_2_0_SLHC12_2023Scenario_Case1/calabria_MuMinus10_GEN-SIM-DIGI-RECO_CMSSW_6_2_0_SLHC12_2023Scenario_VALNOPU2_Case1/5854dd31cbd3cdec44c48628cc181cf0/', u'surl_for_grid': u'', u'reason': u'Copy succedeed with srm-lcg utils', u'erCode': u'0', u'se_name': u'storm-se-01.ba.infn.it', u'for_lfn': u'/store/user/calabria/calabria_SingleMuPt10_GEN-SIM-DIGI-RECO_CMSSW_6_2_0_SLHC12_2023Scenario_Case1/calabria_MuMinus10_GEN-SIM-DIGI-RECO_CMSSW_6_2_0_SLHC12_2023Scenario_VALNOPU2_Case1/5854dd31cbd3cdec44c48628cc181cf0/'}}
UserProcessedDataset =  calabria-calabria_MuMinus10_GEN-SIM-DIGI-RECO_CMSSW_6_2_0_SLHC12_2023Scenario_VALNOPU2_Case1-5854dd31cbd3cdec44c48628cc181cf0
file_name in inputDict =  /home/cms010/home_cream_987460063/CREAM987460063/glide_boUyRI/execute/dir_15053/CMSSW_6_2_0_SLHC12/validationEDM_6_1_2fV.root
(size) os.stat(filename)[6] =  3142625
checksum =  1831347392
    file =  validationEDM_6_1_2fV.root
    newPfn =  srm://storm-se-01.ba.infn.it:8444/srm/managerv2?SFN=//cms/store/user/calabria/calabria_SingleMuPt10_GEN-SIM-DIGI-RECO_CMSSW_6_2_0_SLHC12_2023Scenario_Case1/calabria_MuMinus10_GEN-SIM-DIGI-RECO_CMSSW_6_2_0_SLHC12_2023Scenario_VALNOPU2_Case1/5854dd31cbd3cdec44c48628cc181cf0/validationEDM_6_1_2fV.root
    newLfn =  /store/user/calabria/calabria_SingleMuPt10_GEN-SIM-DIGI-RECO_CMSSW_6_2_0_SLHC12_2023Scenario_Case1/calabria_MuMinus10_GEN-SIM-DIGI-RECO_CMSSW_6_2_0_SLHC12_2023Scenario_VALNOPU2_Case1/5854dd31cbd3cdec44c48628cc181cf0/validationEDM_6_1_2fV.root
>>> crab_fjr_*.xml  permission set to 0704
CrabWrapper EXIT_FUNC entered at Tue Jun 17 23:08:36 CEST 2014   -  Tue Jun 17 21:08:36 UTC 2014
Checking output files:  
will tar file crab_fjr_6.xml in  out_files_6
WARNING: output file CMSSW_6.stdout not found!
WARNING: output file CMSSW_6.stderr not found!
WARNING: output file Watchdog_6.log.gz not found!
>>> padding time: Wrapper lasting more than 600 seconds. No sleep required.
STOPPING WATCHDOG. CrabWatchdog PID is 15338
********** LAST 50 LINES OF WATCHDOG LOG
# RESOURCE USAGE SUMMARY FOR PROCESS ID 15130
USER       PID %CPU %MEM    VSZ   RSS TTY      STAT START   TIME COMMAND
cms010   15130  0.4  0.0   9500  1592 ?        S    22:57   0:00 /bin/sh /home/cms010/home_cream_987460063/CREAM987460063/glide_boUyRI/execute/dir_15053/condor_exec.exe 6 1
 
# LIMITS USED BY CRAB WATCHDOG:
# RSS  (KBytes)   : 2300000
# VSZ  (KBytes)   : 100000000
# DISK (MBytes)   : 19000
# CPU TIME        : 720h:0m:0s
# WALL CLOCK TIME : 21h:50m:0s
 
# FOLLOWING PRINTOUT TRACKS MAXIMUM VALUES OF RESOURCES USE
# ONE LINE IS PRINTED EACH TIME A MAXIMUM CHANGES
# IF CHANGE WAS IN RSS OR VSZ ALSO PROCID AND COMMAND ARE PRINTED
# THERE IS NO PRINTOUT FOR CPU/WALL TIME INCREASE
 
# TIME			PID	RSS(KB)	VSZ(KB)	Dsk(MB)	tCPU(s)	tWALL(s)	COMMAND
 Jun 17 22:58:08 CEST	3117	1256	106092	0	0	0	sh -c "./glidein_startup.sh" -v std -name v1_3 -entry CMS_T2_IT_Bari_ce4 -clientname UCSD-v1_0.main
 Jun 17 22:58:08 CEST	3121	1772	106492	0	0	1	/bin/bash ./glidein_startup.sh -v std -name v1_3 -entry CMS_T2_IT_Bari_ce4 -clientname UCSD-v1_0.main -schedd
 Jun 17 22:58:08 CEST	8357	8064	106492	0	0	1	/home/cms010/home_cream_987460063/CREAM987460063/glide_boUyRI/main/condor/sbin/condor_master -f -pidfile /home/cms010/home_cream_987460063/CREAM987460063/glide_boUyRI/condor_master2.pid       
 Jun 17 22:58:08 CEST	8370	8736	106492	0	6	1	condor_startd -f         
 Jun 17 22:58:08 CEST	15350	48864	110340	0	1	2	edmConfigHash pset.py         
 Jun 17 22:58:08 CEST	---	48864	110340	171	----	----	----
 Jun 17 22:59:10 CEST	15752	428032	601500	171	21	63	cmsRun -j /home/cms010/home_cream_987460063/CREAM987460063/glide_boUyRI/execute/dir_15053/crab_fjr_6.xml -p pset.py      
 Jun 17 22:59:10 CEST	---	428032	601500	175	----	----	----
 Jun 17 23:00:11 CEST	15752	771256	990140	175	58	124	cmsRun -j /home/cms010/home_cream_987460063/CREAM987460063/glide_boUyRI/execute/dir_15053/crab_fjr_6.xml -p pset.py      
 Jun 17 23:02:13 CEST	15752	791452	1011548	175	139	247	cmsRun -j /home/cms010/home_cream_987460063/CREAM987460063/glide_boUyRI/execute/dir_15053/crab_fjr_6.xml -p pset.py      
 Jun 17 23:03:15 CEST	15752	791964	1015388	175	184	309	cmsRun -j /home/cms010/home_cream_987460063/CREAM987460063/glide_boUyRI/execute/dir_15053/crab_fjr_6.xml -p pset.py      
 Jun 17 23:05:18 CEST	15752	800700	1021512	175	262	430	cmsRun -j /home/cms010/home_cream_987460063/CREAM987460063/glide_boUyRI/execute/dir_15053/crab_fjr_6.xml -p pset.py      
 Jun 17 23:06:18 CEST	15752	812248	1029192	175	303	491	cmsRun -j /home/cms010/home_cream_987460063/CREAM987460063/glide_boUyRI/execute/dir_15053/crab_fjr_6.xml -p pset.py      
 Jun 17 23:08:21 CEST	---	812248	1029192	178	----	----	----
********** WATCHDOG LOG ENDED
ZIPPING WATCHDOG LOG
Disk space used:
du -sh /home/cms010/home_cream_987460063/CREAM987460063/glide_boUyRI/execute/dir_15053
179M	/home/cms010/home_cream_987460063/CREAM987460063/glide_boUyRI/execute/dir_15053
Found unusual stdout, rename for OSB
`/home/cms010/home_cream_987460063/CREAM987460063/glide_boUyRI/execute/dir_15053/_condor_stdout' -> `CMSSW_6.stdout'
Found unusual stderr, rename for OSB
`/home/cms010/home_cream_987460063/CREAM987460063/glide_boUyRI/execute/dir_15053/_condor_stdout' -> `CMSSW_6.stderr'
crab_fjr_6.xml
CMSSW_6.stdout
CMSSW_6.stderr
Watchdog_6.log.gz
Total Output dimension: 70183
WARNING: output files size limit is set to: 50000000
Total Output dimension 70183 is fine.
JOB_EXIT_STATUS = 0
>>> info for dashboard:
***** Cat /home/cms010/home_cream_987460063/CREAM987460063/glide_boUyRI/execute/dir_15053/jobreport.txt *****
MonitorJobID=6_https://vocms83.cern.ch//140616//86809.5
MonitorID=calabria_MuMinus10_Case1_ReReco_1d78ml
ExeTime=551
ExeExitCode=0
StageOutExitStatusReason = 'Copy succedeed with srm-lcg utils'
StageOutSE = storm-se-01.ba.infn.it
StageOutExitStatus = 0
CrabUserCpuTime=363.52
CrabSysCpuTime=14.50
CrabCpuPercentage=68%
CrabWrapperTime=636
CrabStageoutTime=49
JobExitCode=0
***** End Cat jobreport *****
Parameters sent to Dashboard.
EXITING at Tue Jun 17 23:08:43 CEST 2014  -  Tue Jun 17 21:08:43 UTC 2014
