This script was generated by crab (version 2.10.5_patch1).
Running /home/cms036/home_cream_588427452/CREAM588427452/glide_N2nUQ6/execute/dir_19715/condor_exec.exe with 2 positional parameters: 3 1
Today is Wed Jun 18 00:36:28 CEST 2014 - Tue Jun 17 22:36:28 UTC 2014
Job submitted on host alicegrid69.ba.infn.it
Linux alicegrid69.ba.infn.it 2.6.32-358.23.2.el6.x86_64 #1 SMP Thu Oct 17 10:27:22 CEST 2013 x86_64 x86_64 x86_64 GNU/Linux
>>> current directory (RUNTIME_AREA): /home/cms036/home_cream_588427452/CREAM588427452/glide_N2nUQ6/execute/dir_19715
>>> current user: uid=18592(cms036) gid=1399(cms) groups=1399(cms)
>>> directory permission set to 0700
>>> umask set to:  u=rwx,g=,o=
>>> stdout stderr permission set to 0704
>>> voms proxy information:
subject   : /C=IT/O=INFN/OU=Personal Certificate/L=Bari/CN=Cesare Calabria/CN=477126703/CN=1711395539
issuer    : /C=IT/O=INFN/OU=Personal Certificate/L=Bari/CN=Cesare Calabria/CN=477126703
identity  : /C=IT/O=INFN/OU=Personal Certificate/L=Bari/CN=Cesare Calabria
type      : RFC3820 compliant limited proxy
strength  : 1024
path      : /home/cms036/home_cream_588427452/CREAM588427452/glide_N2nUQ6/execute/dir_19715/x509up_u50707
timeleft  : 23:59:53
key usage : Digital Signature, Key Encipherment, Data Encipherment
=== VO cms extension information ===
VO        : cms
subject   : /C=IT/O=INFN/OU=Personal Certificate/L=Bari/CN=Cesare Calabria
issuer    : /DC=ch/DC=cern/OU=computers/CN=voms.cern.ch
attribute : /cms/Role=NULL/Capability=NULL
attribute : /cms/itcms/Role=NULL/Capability=NULL
timeleft  : 154:47:51
uri       : voms.cern.ch:15002

WNHostName=alicegrid69.ba.infn.it
>>> tar --no-same-permissions -xf /home/cms036/home_cream_588427452/CREAM588427452/glide_N2nUQ6/execute/dir_19715/default.tgz :
Successful untar
>>> Include /home/cms036/home_cream_588427452/CREAM588427452/glide_N2nUQ6/execute/dir_19715 in PYTHONPATH:
strip arguments
env var CRAB_UNIQUE_JOB_ID set to: calabria_MuMinus10_Case3_ReReco_n36x9o_3_1_sEd
out_files_3
>>> list of expected files on output sandbox
output files: crab_fjr_3.xml CMSSW_3.stdout CMSSW_3.stderr Watchdog_3.log.gz
>>> GridFlavour discovery: 
GridFlavour=LCG
>>> SyncSite discovery: 
SyncSite=T2_IT_Bari
>>> SyncCE discovery: 
getting SyncCE from CE_ID
SyncCE=cream-ce-4.ba.infn.it:8443/cream-pbs-cms
>>> info for dashboard:
***** Cat /home/cms036/home_cream_588427452/CREAM588427452/glide_N2nUQ6/execute/dir_19715/jobreport.txt *****
WNHostName=alicegrid69.ba.infn.it
MonitorJobID=3_https://hcc-crabserver.unl.edu//140616//142015.2
SyncGridJobId=https://hcc-crabserver.unl.edu//140616//142015.2
MonitorID=calabria_MuMinus10_Case3_ReReco_n36x9o
GridFlavour=LCG
SyncSite=T2_IT_Bari
SyncCE=cream-ce-4.ba.infn.it:8443/cream-pbs-cms
***** End Cat jobreport *****
Parameters sent to Dashboard.
>>> setup environment
set SCRAM ARCH to slc5_amd64_gcc472
SCRAM_ARCH = slc5_amd64_gcc472
>>> setup CMS LCG environment:
set SCRAM ARCH and BUILD_ARCH to slc5_amd64_gcc472 ###
Sourcing environment... 
sourcing /cvmfs/cms.cern.ch/cmsset_default.sh
==> setup cms environment ok
>>> specific cmssw setup environment:
CMSSW_VERSION =  CMSSW_6_2_0_SLHC12
>>> current directory (SOFTWARE_DIR): /home/cms036/home_cream_588427452/CREAM588427452/glide_N2nUQ6/execute/dir_19715/CMSSW_6_2_0_SLHC12
PreserveSeeds: <>
IncrementSeeds:<>
>>> info for dashboard:
***** Cat /home/cms036/home_cream_588427452/CREAM588427452/glide_N2nUQ6/execute/dir_19715/jobreport.txt *****
MonitorJobID=3_https://hcc-crabserver.unl.edu//140616//142015.2
MonitorID=calabria_MuMinus10_Case3_ReReco_n36x9o
***** End Cat jobreport *****
Parameters sent to Dashboard.
crabWatchdog started as process 20685
>>> moving CMSSW software directories in /home/cms036/home_cream_588427452/CREAM588427452/glide_N2nUQ6/execute/dir_19715/CMSSW_6_2_0_SLHC12
mv: cannot stat `/home/cms036/home_cream_588427452/CREAM588427452/glide_N2nUQ6/execute/dir_19715/module/': No such file or directory
>>> Include /home/cms036/home_cream_588427452/CREAM588427452/glide_N2nUQ6/execute/dir_19715 in PYTHONPATH:
PYTHONPATH=/home/cms036/home_cream_588427452/CREAM588427452/glide_N2nUQ6/execute/dir_19715/:/home/cms036/home_cream_588427452/CREAM588427452/glide_N2nUQ6/execute/dir_19715/CMSSW_6_2_0_SLHC12/python:/home/cms036/home_cream_588427452/CREAM588427452/glide_N2nUQ6/execute/dir_19715/CMSSW_6_2_0_SLHC12/lib/slc5_amd64_gcc472:/cvmfs/cms.cern.ch/slc5_amd64_gcc472/cms/cmssw/CMSSW_6_2_0_SLHC12/python:/cvmfs/cms.cern.ch/slc5_amd64_gcc472/cms/cmssw/CMSSW_6_2_0_SLHC12/lib/slc5_amd64_gcc472:/cvmfs/cms.cern.ch/slc5_amd64_gcc472/cms/coral/CORAL_2_3_21-cms36/slc5_amd64_gcc472/python:/cvmfs/cms.cern.ch/slc5_amd64_gcc472/cms/coral/CORAL_2_3_21-cms36/slc5_amd64_gcc472/lib:/cvmfs/cms.cern.ch/slc5_amd64_gcc472/external/pyqt/4.8.1-cms6/lib/python2.7/site-packages:/cvmfs/cms.cern.ch/slc5_amd64_gcc472/external/py2-scipy/0.8.0-cms8/lib/python2.7/site-packages:/cvmfs/cms.cern.ch/slc5_amd64_gcc472/external/py2-matplotlib/1.0.1-cms8/lib/python2.7/site-packages:/cvmfs/cms.cern.ch/slc5_amd64_gcc472/external/python-ldap/2.3.5-cms6/lib/python2.7/site-packages:/cvmfs/cms.cern.ch/slc5_amd64_gcc472/external/sip/4.11.2-cms6/lib/python2.7/site-packages:/cvmfs/cms.cern.ch/slc5_amd64_gcc472/external/py2-pycurl/7.19.0-cms8/lib/python2.7/site-packages:/cvmfs/cms.cern.ch/slc5_amd64_gcc472/external/py2-numpy/1.6.1-cms8/lib/python2.7/site-packages:/cvmfs/cms.cern.ch/slc5_amd64_gcc472/external/py2-lint/0.25.1-cms6/lib/python2.7/site-packages:/cvmfs/cms.cern.ch/slc5_amd64_gcc472/external/py2-ipython/0.10-cms6/lib/python2.7/site-packages:/cvmfs/cms.cern.ch/slc5_amd64_gcc472/external/py2-cx-oracle/5.1-cms7/lib/python2.7/site-packages:/cvmfs/cms.cern.ch/slc5_amd64_gcc472/external/py2-cjson/1.0.5-cms6/lib/python2.7/site-packages:/cvmfs/cms.cern.ch/slc5_amd64_gcc472/cms/das-client/1.11.7/bin:/cvmfs/cms.cern.ch/slc5_amd64_gcc472/external/elementtree/1.2.6-cms6/share/lib/python2.7/site-packages:/cvmfs/cms.cern.ch/slc5_amd64_gcc472/external/rivet/1.8.2-cms8/lib/python2.7/site-packages:/cvmfs/cms.cern.ch/slc5_amd64_gcc472/external/pyminuit2/0.0.1-cms19/lib/python2.7/site-packages:/cvmfs/cms.cern.ch/slc5_amd64_gcc472/external/py2-pygithub/1.23.0/lib/python2.7/site-packages:/cvmfs/cms.cern.ch/slc5_amd64_gcc472/external/professor/1.0.0-cms19/lib/python2.7/site-packages:/cvmfs/cms.cern.ch/slc5_amd64_gcc472/lcg/root/5.34.07-cms/lib:/cvmfs/cms.cern.ch/slc5_amd64_gcc472/cms/dbs-client/DBS_2_1_9-cms5/lib:/cvmfs/cms.cern.ch/slc5_amd64_gcc472/cms/dbs-client/DBS_2_1_9-cms5/lib/DBSAPI:/cvmfs/cms.cern.ch/slc5_amd64_gcc472/external/cvs2git/5419-cms/lib:/home/cms036/home_cream_588427452/CREAM588427452/glide_N2nUQ6/execute/dir_19715/
 
# LIMITS USED BY CRAB WATCHDOG:
# RSS  (KBytes)   : 2300000
# VSZ  (KBytes)   : 100000000
# DISK (MBytes)   : 19000
# CPU TIME        : 720h:0m:0s
# WALL CLOCK TIME : 21h:50m:0s
 
5854dd31cbd3cdec44c48628cc181cf0
PSETHASH = 5854dd31cbd3cdec44c48628cc181cf0
/home/cms036/home_cream_588427452/CREAM588427452/glide_N2nUQ6/execute/dir_19715/writeCfg.py pset.py pset.py
Importing .py file
Setting parameters
RandomNumberGeneratorService found, will attempt to change seeds
inputBlocks=/calabria_SingleMuPt10_GEN-SIM-DIGI-RECO_CMSSW_6_2_0_SLHC12_2023Scenario_Case3/calabria-calabria_SingleMuPt10_GEN-SIM-DIGI-RECO_CMSSW_6_2_0_SLHC12_2023Scenario_Case3-713e95291268ed84eccf2b8e553eab97/USER#3fdaec55-e682-4866-bb99-35d4d4166125
inputFiles=/store/user/calabria/calabria_SingleMuPt10_GEN-SIM-DIGI-RECO_CMSSW_6_2_0_SLHC12_2023Scenario_Case3/calabria_SingleMuPt10_GEN-SIM-DIGI-RECO_CMSSW_6_2_0_SLHC12_2023Scenario_Case3/713e95291268ed84eccf2b8e553eab97/out_reco_70_1_BZq.root;/store/user/calabria/calabria_SingleMuPt10_GEN-SIM-DIGI-RECO_CMSSW_6_2_0_SLHC12_2023Scenario_Case3/calabria_SingleMuPt10_GEN-SIM-DIGI-RECO_CMSSW_6_2_0_SLHC12_2023Scenario_Case3/713e95291268ed84eccf2b8e553eab97/out_reco_71_1_g0Q.root;/store/user/calabria/calabria_SingleMuPt10_GEN-SIM-DIGI-RECO_CMSSW_6_2_0_SLHC12_2023Scenario_Case3/calabria_SingleMuPt10_GEN-SIM-DIGI-RECO_CMSSW_6_2_0_SLHC12_2023Scenario_Case3/713e95291268ed84eccf2b8e553eab97/out_reco_72_1_A6K.root;/store/user/calabria/calabria_SingleMuPt10_GEN-SIM-DIGI-RECO_CMSSW_6_2_0_SLHC12_2023Scenario_Case3/calabria_SingleMuPt10_GEN-SIM-DIGI-RECO_CMSSW_6_2_0_SLHC12_2023Scenario_Case3/713e95291268ed84eccf2b8e553eab97/out_reco_73_1_voX.root;/store/user/calabria/calabria_SingleMuPt10_GEN-SIM-DIGI-RECO_CMSSW_6_2_0_SLHC12_2023Scenario_Case3/calabria_SingleMuPt10_GEN-SIM-DIGI-RECO_CMSSW_6_2_0_SLHC12_2023Scenario_Case3/713e95291268ed84eccf2b8e553eab97/out_reco_74_1_aAZ.root;/store/user/calabria/calabria_SingleMuPt10_GEN-SIM-DIGI-RECO_CMSSW_6_2_0_SLHC12_2023Scenario_Case3/calabria_SingleMuPt10_GEN-SIM-DIGI-RECO_CMSSW_6_2_0_SLHC12_2023Scenario_Case3/713e95291268ed84eccf2b8e553eab97/out_reco_77_1_0Pu.root;/store/user/calabria/calabria_SingleMuPt10_GEN-SIM-DIGI-RECO_CMSSW_6_2_0_SLHC12_2023Scenario_Case3/calabria_SingleMuPt10_GEN-SIM-DIGI-RECO_CMSSW_6_2_0_SLHC12_2023Scenario_Case3/713e95291268ed84eccf2b8e553eab97/out_reco_78_1_GSp.root;/store/user/calabria/calabria_SingleMuPt10_GEN-SIM-DIGI-RECO_CMSSW_6_2_0_SLHC12_2023Scenario_Case3/calabria_SingleMuPt10_GEN-SIM-DIGI-RECO_CMSSW_6_2_0_SLHC12_2023Scenario_Case3/713e95291268ed84eccf2b8e553eab97/out_reco_79_1_GgH.root;/store/user/calabria/calabria_SingleMuPt10_GEN-SIM-DIGI-RECO_CMSSW_6_2_0_SLHC12_2023Scenario_Case3/calabria_SingleMuPt10_GEN-SIM-DIGI-RECO_CMSSW_6_2_0_SLHC12_2023Scenario_Case3/713e95291268ed84eccf2b8e553eab97/out_reco_80_1_g38.root;/store/user/calabria/calabria_SingleMuPt10_GEN-SIM-DIGI-RECO_CMSSW_6_2_0_SLHC12_2023Scenario_Case3/calabria_SingleMuPt10_GEN-SIM-DIGI-RECO_CMSSW_6_2_0_SLHC12_2023Scenario_Case3/713e95291268ed84eccf2b8e553eab97/out_reco_81_1_H73.root
parentFiles=
lumisRange=
>>> Executable cmsRun
/cvmfs/cms.cern.ch/slc5_amd64_gcc472/cms/cmssw/CMSSW_6_2_0_SLHC12/bin/slc5_amd64_gcc472/cmsRun
ok executable found
>>> info for dashboard:
***** Cat /home/cms036/home_cream_588427452/CREAM588427452/glide_N2nUQ6/execute/dir_19715/jobreport.txt *****
MonitorJobID=3_https://hcc-crabserver.unl.edu//140616//142015.2
MonitorID=calabria_MuMinus10_Case3_ReReco_n36x9o
ExeStart=cmsRun
***** End Cat jobreport *****
Parameters sent to Dashboard.
>>> cmsRun started at Tue Jun 17 22:36:55 UTC 2014
>>> cmsRun ended at Tue Jun 17 22:42:32 UTC 2014
>>> crab_fjr_*.xml  permission set to 0704
>>> info for dashboard:
***** Cat /home/cms036/home_cream_588427452/CREAM588427452/glide_N2nUQ6/execute/dir_19715/jobreport.txt *****
MonitorJobID=3_https://hcc-crabserver.unl.edu//140616//142015.2
MonitorID=calabria_MuMinus10_Case3_ReReco_n36x9o
ExeEnd=cmsRun
***** End Cat jobreport *****
Parameters sent to Dashboard.
TIME_EXE = 337 sec
>>> cmsRun wrote 50 lines of stdout+stderr
>>> START OF printout of 50 lines from stdout+stderr
271 DQMStore::DQMStore 
HcalTopologyIdealEP::HcalTopologyIdealEP
18-Jun-2014 00:37:11 CEST  Initiating request to open file file:/lustre/cms//store/user/calabria/calabria_SingleMuPt10_GEN-SIM-DIGI-RECO_CMSSW_6_2_0_SLHC12_2023Scenario_Case3/calabria_SingleMuPt10_GEN-SIM-DIGI-RECO_CMSSW_6_2_0_SLHC12_2023Scenario_Case3/713e95291268ed84eccf2b8e553eab97/out_reco_70_1_BZq.root
18-Jun-2014 00:37:13 CEST  Successfully opened file file:/lustre/cms//store/user/calabria/calabria_SingleMuPt10_GEN-SIM-DIGI-RECO_CMSSW_6_2_0_SLHC12_2023Scenario_Case3/calabria_SingleMuPt10_GEN-SIM-DIGI-RECO_CMSSW_6_2_0_SLHC12_2023Scenario_Case3/713e95291268ed84eccf2b8e553eab97/out_reco_70_1_BZq.root
18-Jun-2014 00:37:47 CEST  Closed file file:/lustre/cms//store/user/calabria/calabria_SingleMuPt10_GEN-SIM-DIGI-RECO_CMSSW_6_2_0_SLHC12_2023Scenario_Case3/calabria_SingleMuPt10_GEN-SIM-DIGI-RECO_CMSSW_6_2_0_SLHC12_2023Scenario_Case3/713e95291268ed84eccf2b8e553eab97/out_reco_70_1_BZq.root
18-Jun-2014 00:37:47 CEST  Initiating request to open file file:/lustre/cms//store/user/calabria/calabria_SingleMuPt10_GEN-SIM-DIGI-RECO_CMSSW_6_2_0_SLHC12_2023Scenario_Case3/calabria_SingleMuPt10_GEN-SIM-DIGI-RECO_CMSSW_6_2_0_SLHC12_2023Scenario_Case3/713e95291268ed84eccf2b8e553eab97/out_reco_71_1_g0Q.root
18-Jun-2014 00:37:47 CEST  Successfully opened file file:/lustre/cms//store/user/calabria/calabria_SingleMuPt10_GEN-SIM-DIGI-RECO_CMSSW_6_2_0_SLHC12_2023Scenario_Case3/calabria_SingleMuPt10_GEN-SIM-DIGI-RECO_CMSSW_6_2_0_SLHC12_2023Scenario_Case3/713e95291268ed84eccf2b8e553eab97/out_reco_71_1_g0Q.root
18-Jun-2014 00:38:14 CEST  Closed file file:/lustre/cms//store/user/calabria/calabria_SingleMuPt10_GEN-SIM-DIGI-RECO_CMSSW_6_2_0_SLHC12_2023Scenario_Case3/calabria_SingleMuPt10_GEN-SIM-DIGI-RECO_CMSSW_6_2_0_SLHC12_2023Scenario_Case3/713e95291268ed84eccf2b8e553eab97/out_reco_71_1_g0Q.root
18-Jun-2014 00:38:14 CEST  Initiating request to open file file:/lustre/cms//store/user/calabria/calabria_SingleMuPt10_GEN-SIM-DIGI-RECO_CMSSW_6_2_0_SLHC12_2023Scenario_Case3/calabria_SingleMuPt10_GEN-SIM-DIGI-RECO_CMSSW_6_2_0_SLHC12_2023Scenario_Case3/713e95291268ed84eccf2b8e553eab97/out_reco_72_1_A6K.root
18-Jun-2014 00:38:14 CEST  Successfully opened file file:/lustre/cms//store/user/calabria/calabria_SingleMuPt10_GEN-SIM-DIGI-RECO_CMSSW_6_2_0_SLHC12_2023Scenario_Case3/calabria_SingleMuPt10_GEN-SIM-DIGI-RECO_CMSSW_6_2_0_SLHC12_2023Scenario_Case3/713e95291268ed84eccf2b8e553eab97/out_reco_72_1_A6K.root
18-Jun-2014 00:38:48 CEST  Closed file file:/lustre/cms//store/user/calabria/calabria_SingleMuPt10_GEN-SIM-DIGI-RECO_CMSSW_6_2_0_SLHC12_2023Scenario_Case3/calabria_SingleMuPt10_GEN-SIM-DIGI-RECO_CMSSW_6_2_0_SLHC12_2023Scenario_Case3/713e95291268ed84eccf2b8e553eab97/out_reco_72_1_A6K.root
18-Jun-2014 00:38:48 CEST  Initiating request to open file file:/lustre/cms//store/user/calabria/calabria_SingleMuPt10_GEN-SIM-DIGI-RECO_CMSSW_6_2_0_SLHC12_2023Scenario_Case3/calabria_SingleMuPt10_GEN-SIM-DIGI-RECO_CMSSW_6_2_0_SLHC12_2023Scenario_Case3/713e95291268ed84eccf2b8e553eab97/out_reco_73_1_voX.root
18-Jun-2014 00:38:49 CEST  Successfully opened file file:/lustre/cms//store/user/calabria/calabria_SingleMuPt10_GEN-SIM-DIGI-RECO_CMSSW_6_2_0_SLHC12_2023Scenario_Case3/calabria_SingleMuPt10_GEN-SIM-DIGI-RECO_CMSSW_6_2_0_SLHC12_2023Scenario_Case3/713e95291268ed84eccf2b8e553eab97/out_reco_73_1_voX.root
18-Jun-2014 00:39:15 CEST  Closed file file:/lustre/cms//store/user/calabria/calabria_SingleMuPt10_GEN-SIM-DIGI-RECO_CMSSW_6_2_0_SLHC12_2023Scenario_Case3/calabria_SingleMuPt10_GEN-SIM-DIGI-RECO_CMSSW_6_2_0_SLHC12_2023Scenario_Case3/713e95291268ed84eccf2b8e553eab97/out_reco_73_1_voX.root
18-Jun-2014 00:39:15 CEST  Initiating request to open file file:/lustre/cms//store/user/calabria/calabria_SingleMuPt10_GEN-SIM-DIGI-RECO_CMSSW_6_2_0_SLHC12_2023Scenario_Case3/calabria_SingleMuPt10_GEN-SIM-DIGI-RECO_CMSSW_6_2_0_SLHC12_2023Scenario_Case3/713e95291268ed84eccf2b8e553eab97/out_reco_74_1_aAZ.root
18-Jun-2014 00:39:15 CEST  Successfully opened file file:/lustre/cms//store/user/calabria/calabria_SingleMuPt10_GEN-SIM-DIGI-RECO_CMSSW_6_2_0_SLHC12_2023Scenario_Case3/calabria_SingleMuPt10_GEN-SIM-DIGI-RECO_CMSSW_6_2_0_SLHC12_2023Scenario_Case3/713e95291268ed84eccf2b8e553eab97/out_reco_74_1_aAZ.root
18-Jun-2014 00:39:50 CEST  Closed file file:/lustre/cms//store/user/calabria/calabria_SingleMuPt10_GEN-SIM-DIGI-RECO_CMSSW_6_2_0_SLHC12_2023Scenario_Case3/calabria_SingleMuPt10_GEN-SIM-DIGI-RECO_CMSSW_6_2_0_SLHC12_2023Scenario_Case3/713e95291268ed84eccf2b8e553eab97/out_reco_74_1_aAZ.root
18-Jun-2014 00:39:50 CEST  Initiating request to open file file:/lustre/cms//store/user/calabria/calabria_SingleMuPt10_GEN-SIM-DIGI-RECO_CMSSW_6_2_0_SLHC12_2023Scenario_Case3/calabria_SingleMuPt10_GEN-SIM-DIGI-RECO_CMSSW_6_2_0_SLHC12_2023Scenario_Case3/713e95291268ed84eccf2b8e553eab97/out_reco_77_1_0Pu.root
18-Jun-2014 00:39:50 CEST  Successfully opened file file:/lustre/cms//store/user/calabria/calabria_SingleMuPt10_GEN-SIM-DIGI-RECO_CMSSW_6_2_0_SLHC12_2023Scenario_Case3/calabria_SingleMuPt10_GEN-SIM-DIGI-RECO_CMSSW_6_2_0_SLHC12_2023Scenario_Case3/713e95291268ed84eccf2b8e553eab97/out_reco_77_1_0Pu.root
18-Jun-2014 00:40:20 CEST  Closed file file:/lustre/cms//store/user/calabria/calabria_SingleMuPt10_GEN-SIM-DIGI-RECO_CMSSW_6_2_0_SLHC12_2023Scenario_Case3/calabria_SingleMuPt10_GEN-SIM-DIGI-RECO_CMSSW_6_2_0_SLHC12_2023Scenario_Case3/713e95291268ed84eccf2b8e553eab97/out_reco_77_1_0Pu.root
18-Jun-2014 00:40:20 CEST  Initiating request to open file file:/lustre/cms//store/user/calabria/calabria_SingleMuPt10_GEN-SIM-DIGI-RECO_CMSSW_6_2_0_SLHC12_2023Scenario_Case3/calabria_SingleMuPt10_GEN-SIM-DIGI-RECO_CMSSW_6_2_0_SLHC12_2023Scenario_Case3/713e95291268ed84eccf2b8e553eab97/out_reco_78_1_GSp.root
18-Jun-2014 00:40:20 CEST  Successfully opened file file:/lustre/cms//store/user/calabria/calabria_SingleMuPt10_GEN-SIM-DIGI-RECO_CMSSW_6_2_0_SLHC12_2023Scenario_Case3/calabria_SingleMuPt10_GEN-SIM-DIGI-RECO_CMSSW_6_2_0_SLHC12_2023Scenario_Case3/713e95291268ed84eccf2b8e553eab97/out_reco_78_1_GSp.root
18-Jun-2014 00:40:47 CEST  Closed file file:/lustre/cms//store/user/calabria/calabria_SingleMuPt10_GEN-SIM-DIGI-RECO_CMSSW_6_2_0_SLHC12_2023Scenario_Case3/calabria_SingleMuPt10_GEN-SIM-DIGI-RECO_CMSSW_6_2_0_SLHC12_2023Scenario_Case3/713e95291268ed84eccf2b8e553eab97/out_reco_78_1_GSp.root
18-Jun-2014 00:40:47 CEST  Initiating request to open file file:/lustre/cms//store/user/calabria/calabria_SingleMuPt10_GEN-SIM-DIGI-RECO_CMSSW_6_2_0_SLHC12_2023Scenario_Case3/calabria_SingleMuPt10_GEN-SIM-DIGI-RECO_CMSSW_6_2_0_SLHC12_2023Scenario_Case3/713e95291268ed84eccf2b8e553eab97/out_reco_79_1_GgH.root
18-Jun-2014 00:40:47 CEST  Successfully opened file file:/lustre/cms//store/user/calabria/calabria_SingleMuPt10_GEN-SIM-DIGI-RECO_CMSSW_6_2_0_SLHC12_2023Scenario_Case3/calabria_SingleMuPt10_GEN-SIM-DIGI-RECO_CMSSW_6_2_0_SLHC12_2023Scenario_Case3/713e95291268ed84eccf2b8e553eab97/out_reco_79_1_GgH.root
18-Jun-2014 00:41:23 CEST  Closed file file:/lustre/cms//store/user/calabria/calabria_SingleMuPt10_GEN-SIM-DIGI-RECO_CMSSW_6_2_0_SLHC12_2023Scenario_Case3/calabria_SingleMuPt10_GEN-SIM-DIGI-RECO_CMSSW_6_2_0_SLHC12_2023Scenario_Case3/713e95291268ed84eccf2b8e553eab97/out_reco_79_1_GgH.root
18-Jun-2014 00:41:23 CEST  Initiating request to open file file:/lustre/cms//store/user/calabria/calabria_SingleMuPt10_GEN-SIM-DIGI-RECO_CMSSW_6_2_0_SLHC12_2023Scenario_Case3/calabria_SingleMuPt10_GEN-SIM-DIGI-RECO_CMSSW_6_2_0_SLHC12_2023Scenario_Case3/713e95291268ed84eccf2b8e553eab97/out_reco_80_1_g38.root
18-Jun-2014 00:41:23 CEST  Successfully opened file file:/lustre/cms//store/user/calabria/calabria_SingleMuPt10_GEN-SIM-DIGI-RECO_CMSSW_6_2_0_SLHC12_2023Scenario_Case3/calabria_SingleMuPt10_GEN-SIM-DIGI-RECO_CMSSW_6_2_0_SLHC12_2023Scenario_Case3/713e95291268ed84eccf2b8e553eab97/out_reco_80_1_g38.root
18-Jun-2014 00:41:53 CEST  Closed file file:/lustre/cms//store/user/calabria/calabria_SingleMuPt10_GEN-SIM-DIGI-RECO_CMSSW_6_2_0_SLHC12_2023Scenario_Case3/calabria_SingleMuPt10_GEN-SIM-DIGI-RECO_CMSSW_6_2_0_SLHC12_2023Scenario_Case3/713e95291268ed84eccf2b8e553eab97/out_reco_80_1_g38.root
18-Jun-2014 00:41:53 CEST  Initiating request to open file file:/lustre/cms//store/user/calabria/calabria_SingleMuPt10_GEN-SIM-DIGI-RECO_CMSSW_6_2_0_SLHC12_2023Scenario_Case3/calabria_SingleMuPt10_GEN-SIM-DIGI-RECO_CMSSW_6_2_0_SLHC12_2023Scenario_Case3/713e95291268ed84eccf2b8e553eab97/out_reco_81_1_H73.root
18-Jun-2014 00:41:53 CEST  Successfully opened file file:/lustre/cms//store/user/calabria/calabria_SingleMuPt10_GEN-SIM-DIGI-RECO_CMSSW_6_2_0_SLHC12_2023Scenario_Case3/calabria_SingleMuPt10_GEN-SIM-DIGI-RECO_CMSSW_6_2_0_SLHC12_2023Scenario_Case3/713e95291268ed84eccf2b8e553eab97/out_reco_81_1_H73.root
18-Jun-2014 00:42:32 CEST  Closed file file:/lustre/cms//store/user/calabria/calabria_SingleMuPt10_GEN-SIM-DIGI-RECO_CMSSW_6_2_0_SLHC12_2023Scenario_Case3/calabria_SingleMuPt10_GEN-SIM-DIGI-RECO_CMSSW_6_2_0_SLHC12_2023Scenario_Case3/713e95291268ed84eccf2b8e553eab97/out_reco_81_1_H73.root

=============================================

MessageLogger Summary

 type     category        sev    module        subroutine        count    total
 ---- -------------------- -- ---------------- ----------------  -----    -----
    1 fileAction           -s file_close                            10       10
    2 fileAction           -s file_open                             20       20

 type    category    Examples: run/evt        run/evt          run/evt
 ---- -------------------- ---------------- ---------------- ----------------
    1 fileAction           PostProcessEvent PostProcessEvent PostEndRun
    2 fileAction           pre-events       pre-events       PostProcessEvent

Severity    # Occurrences   Total Occurrences
--------    -------------   -----------------
System                 30                  30
>>> END OF printout of 50 lines from stdout+stderr
>>> Parse FrameworkJobReport crab_fjr.xml
Result of parsing the FrameworkJobReport crab_fjr.xml: Popularity start
lumisRange : 1::::1;1::::2;1::::3;1::::4;1::::5;1::::6;1::::7;1::::8;1::::9;1::::10;
lumisParentRange : 
Basename : /store/user/calabria/calabria_SingleMuPt10_GEN-SIM-DIGI-RECO_CMSSW_6_2_0_SLHC12_2023Scenario_Case3/calabria_SingleMuPt10_GEN-SIM-DIGI-RECO_CMSSW_6_2_0_SLHC12_2023Scenario_Case3/713e95291268ed84eccf2b8e553eab97/out_reco_
BasenameParent : 
parentFiles : 
inputBlocks : /calabria_SingleMuPt10_GEN-SIM-DIGI-RECO_CMSSW_6_2_0_SLHC12_2023Scenario_Case3/calabria-calabria_SingleMuPt10_GEN-SIM-DIGI-RECO_CMSSW_6_2_0_SLHC12_2023Scenario_Case3-713e95291268ed84eccf2b8e553eab97/USER#3fdaec55-e682-4866-bb99-35d4d4166125
inputFiles : 81_1_H73.root::1::EDM::Local::1;74_1_aAZ.root::1::EDM::Local::2;77_1_0Pu.root::1::EDM::Local::3;71_1_g0Q.root::1::EDM::Local::4;72_1_A6K.root::1::EDM::Local::5;78_1_GSp.root::1::EDM::Local::6;73_1_voX.root::1::EDM::Local::7;79_1_GgH.root::1::EDM::Local::8;70_1_BZq.root::1::EDM::Local::9;80_1_g38.root::1::EDM::Local::10;
Popularity stop
Extracted ExitStatus from FrameworkJobReport parsing output: 0
>>> Executable succeded  0
ExeExitCode=0
EXECUTABLE_EXIT_STATUS = 0
>>> current directory /home/cms036/home_cream_588427452/CREAM588427452/glide_N2nUQ6/execute/dir_19715/CMSSW_6_2_0_SLHC12
>>>  (SOFTWARE_DIR): /home/cms036/home_cream_588427452/CREAM588427452/glide_N2nUQ6/execute/dir_19715/CMSSW_6_2_0_SLHC12
>>> (WORKING_DIR): 
>>> current directory content:
total 10432
drwxr-xr-x 3 cms036 cms    4096 Jun 18 00:36 .SCRAM
-rw------- 1 cms036 cms 3740460 Jun 18 00:36 CMSSW.py.pkl
drwxr-xr-x 3 cms036 cms    4096 Jun 18 00:36 bin
drwxr-xr-x 3 cms036 cms    4096 Jun 18 00:36 cfipython
drwxr-xr-x 4 cms036 cms    4096 Jun 18 00:36 config
-rw------- 1 cms036 cms      16 Jun 18 00:42 cpu_timing.txt
drwxr-xr-x 2 cms036 cms    4096 Jun 18 00:36 doc
-rw------- 1 cms036 cms    9895 Jun 18 00:42 executable.out
drwxr-xr-x 2 cms036 cms    4096 Jun 18 00:36 include
drwx------ 3 cms036 cms    4096 Apr 28 18:12 lib
drwxr-xr-x 3 cms036 cms    4096 Jun 18 00:36 logs
drwxr-xr-x 3 cms036 cms    4096 Jun 18 00:36 objs
-rw------- 1 cms036 cms     104 Jun 18 00:36 pset.py
-rw------- 1 cms036 cms 3712301 Jun 18 00:36 pset.py.pkl
-rw------- 1 cms036 cms     289 Jun 18 00:36 pset.pyc
drwxr-xr-x 2 cms036 cms    4096 Jun 18 00:36 python
-rw------- 1 cms036 cms     410 Jun 18 00:42 report.log
drwx------ 6 cms036 cms    4096 Jun 18 00:36 src
drwxr-xr-x 3 cms036 cms    4096 Jun 18 00:36 test
drwxr-xr-x 3 cms036 cms    4096 Jun 18 00:36 tmp
-rw------- 1 cms036 cms 3126850 Jun 18 00:42 validationEDM.root
>>> current directory /home/cms036/home_cream_588427452/CREAM588427452/glide_N2nUQ6/execute/dir_19715/CMSSW_6_2_0_SLHC12
>>> (SOFTWARE_DIR): /home/cms036/home_cream_588427452/CREAM588427452/glide_N2nUQ6/execute/dir_19715/CMSSW_6_2_0_SLHC12
>>> (WORKING_DIR): 
>>> current directory content:
total 10432
drwxr-xr-x 3 cms036 cms    4096 Jun 18 00:36 .SCRAM
-rw------- 1 cms036 cms 3740460 Jun 18 00:36 CMSSW.py.pkl
drwxr-xr-x 3 cms036 cms    4096 Jun 18 00:36 bin
drwxr-xr-x 3 cms036 cms    4096 Jun 18 00:36 cfipython
drwxr-xr-x 4 cms036 cms    4096 Jun 18 00:36 config
-rw------- 1 cms036 cms      16 Jun 18 00:42 cpu_timing.txt
drwxr-xr-x 2 cms036 cms    4096 Jun 18 00:36 doc
-rw------- 1 cms036 cms    9895 Jun 18 00:42 executable.out
drwxr-xr-x 2 cms036 cms    4096 Jun 18 00:36 include
drwx------ 3 cms036 cms    4096 Apr 28 18:12 lib
drwxr-xr-x 3 cms036 cms    4096 Jun 18 00:36 logs
drwxr-xr-x 3 cms036 cms    4096 Jun 18 00:36 objs
-rw------- 1 cms036 cms     104 Jun 18 00:36 pset.py
-rw------- 1 cms036 cms 3712301 Jun 18 00:36 pset.py.pkl
-rw------- 1 cms036 cms     289 Jun 18 00:36 pset.pyc
drwxr-xr-x 2 cms036 cms    4096 Jun 18 00:36 python
-rw------- 1 cms036 cms     410 Jun 18 00:42 report.log
drwx------ 6 cms036 cms    4096 Jun 18 00:36 src
drwxr-xr-x 3 cms036 cms    4096 Jun 18 00:36 test
drwxr-xr-x 3 cms036 cms    4096 Jun 18 00:36 tmp
-rw------- 1 cms036 cms 3126850 Jun 18 00:42 validationEDM_3_1_sEd.root
>>> current directory (RUNTIME_AREA):  /home/cms036/home_cream_588427452/CREAM588427452/glide_N2nUQ6/execute/dir_19715
SE = storm-se-01.ba.infn.it
SE_PATH = /srm/managerv2?SFN=//cms/store/user/calabria/calabria_SingleMuPt10_GEN-SIM-DIGI-RECO_CMSSW_6_2_0_SLHC12_2023Scenario_Case3/calabria_MuMinus10_GEN-SIM-DIGI-RECO_CMSSW_6_2_0_SLHC12_2023Scenario_VALNOPU2_Case3/5854dd31cbd3cdec44c48628cc181cf0/
LFNBaseName = /store/user/calabria/calabria_SingleMuPt10_GEN-SIM-DIGI-RECO_CMSSW_6_2_0_SLHC12_2023Scenario_Case3/calabria_MuMinus10_GEN-SIM-DIGI-RECO_CMSSW_6_2_0_SLHC12_2023Scenario_VALNOPU2_Case3/5854dd31cbd3cdec44c48628cc181cf0/
USER = calabria
endpoint = srm://storm-se-01.ba.infn.it:8444/srm/managerv2?SFN=//cms/store/user/calabria/calabria_SingleMuPt10_GEN-SIM-DIGI-RECO_CMSSW_6_2_0_SLHC12_2023Scenario_Case3/calabria_MuMinus10_GEN-SIM-DIGI-RECO_CMSSW_6_2_0_SLHC12_2023Scenario_VALNOPU2_Case3/5854dd31cbd3cdec44c48628cc181cf0/
>>> Copy output files from WN = alicegrid69.ba.infn.it to /srm/managerv2?SFN=//cms/store/user/calabria/calabria_SingleMuPt10_GEN-SIM-DIGI-RECO_CMSSW_6_2_0_SLHC12_2023Scenario_Case3/calabria_MuMinus10_GEN-SIM-DIGI-RECO_CMSSW_6_2_0_SLHC12_2023Scenario_VALNOPU2_Case3/5854dd31cbd3cdec44c48628cc181cf0/ :
python cmscp.py  --destination srm://storm-se-01.ba.infn.it:8444/srm/managerv2?SFN=//cms/store/user/calabria/calabria_SingleMuPt10_GEN-SIM-DIGI-RECO_CMSSW_6_2_0_SLHC12_2023Scenario_Case3/calabria_MuMinus10_GEN-SIM-DIGI-RECO_CMSSW_6_2_0_SLHC12_2023Scenario_VALNOPU2_Case3/5854dd31cbd3cdec44c48628cc181cf0/ --inputFileList /home/cms036/home_cream_588427452/CREAM588427452/glide_N2nUQ6/execute/dir_19715/CMSSW_6_2_0_SLHC12/validationEDM_3_1_sEd.root --middleware LCG --se_name storm-se-01.ba.infn.it --for_lfn /store/user/calabria/calabria_SingleMuPt10_GEN-SIM-DIGI-RECO_CMSSW_6_2_0_SLHC12_2023Scenario_Case3/calabria_MuMinus10_GEN-SIM-DIGI-RECO_CMSSW_6_2_0_SLHC12_2023Scenario_VALNOPU2_Case3/5854dd31cbd3cdec44c48628cc181cf0/    
******************************************************
localSeName  =  storm-se-01.ba.infn.it
remoteSeName =  storm-se-01.ba.infn.it
******************************************************
{"/home/cms036/home_cream_588427452/CREAM588427452/glide_N2nUQ6/execute/dir_19715/CMSSW_6_2_0_SLHC12/validationEDM_3_1_sEd.root": {"endpoint": "srm://storm-se-01.ba.infn.it:8444/srm/managerv2?SFN=//cms/store/user/calabria/calabria_SingleMuPt10_GEN-SIM-DIGI-RECO_CMSSW_6_2_0_SLHC12_2023Scenario_Case3/calabria_MuMinus10_GEN-SIM-DIGI-RECO_CMSSW_6_2_0_SLHC12_2023Scenario_VALNOPU2_Case3/5854dd31cbd3cdec44c48628cc181cf0/", "surl_for_grid": "", "reason": "Copy succedeed with srm-lcg utils", "erCode": "0", "se_name": "storm-se-01.ba.infn.it", "for_lfn": "/store/user/calabria/calabria_SingleMuPt10_GEN-SIM-DIGI-RECO_CMSSW_6_2_0_SLHC12_2023Scenario_Case3/calabria_MuMinus10_GEN-SIM-DIGI-RECO_CMSSW_6_2_0_SLHC12_2023Scenario_VALNOPU2_Case3/5854dd31cbd3cdec44c48628cc181cf0/"}}/home/cms036/home_cream_588427452/CREAM588427452/glide_N2nUQ6/execute/dir_19715
-------- cat /home/cms036/home_cream_588427452/CREAM588427452/glide_N2nUQ6/execute/dir_19715/cmscpReport.sh 
#!/bin/bash
echo "Report for File: /home/cms036/home_cream_588427452/CREAM588427452/glide_N2nUQ6/execute/dir_19715/CMSSW_6_2_0_SLHC12/validationEDM_3_1_sEd.root"
echo "LFN: /store/user/calabria/calabria_SingleMuPt10_GEN-SIM-DIGI-RECO_CMSSW_6_2_0_SLHC12_2023Scenario_Case3/calabria_MuMinus10_GEN-SIM-DIGI-RECO_CMSSW_6_2_0_SLHC12_2023Scenario_VALNOPU2_Case3/5854dd31cbd3cdec44c48628cc181cf0/validationEDM_3_1_sEd.root"
echo "StorageElement: storm-se-01.ba.infn.it"
echo "StageOutExitStatusReason = 'Copy succedeed with srm-lcg utils'" | tee -a $RUNTIME_AREA/$repo
echo "StageOutSE = storm-se-01.ba.infn.it" >> $RUNTIME_AREA/$repo

export StageOutExitStatus=0
echo "StageOutExitStatus = 0" | tee -a $RUNTIME_AREA/$repo
-------- end of /home/cms036/home_cream_588427452/CREAM588427452/glide_N2nUQ6/execute/dir_19715/cmscpReport.sh 
Report for File: /home/cms036/home_cream_588427452/CREAM588427452/glide_N2nUQ6/execute/dir_19715/CMSSW_6_2_0_SLHC12/validationEDM_3_1_sEd.root
LFN: /store/user/calabria/calabria_SingleMuPt10_GEN-SIM-DIGI-RECO_CMSSW_6_2_0_SLHC12_2023Scenario_Case3/calabria_MuMinus10_GEN-SIM-DIGI-RECO_CMSSW_6_2_0_SLHC12_2023Scenario_VALNOPU2_Case3/5854dd31cbd3cdec44c48628cc181cf0/validationEDM_3_1_sEd.root
StorageElement: storm-se-01.ba.infn.it
StageOutExitStatusReason = 'Copy succedeed with srm-lcg utils'
StageOutExitStatus = 0
>>> current dir: /home/cms036/home_cream_588427452/CREAM588427452/glide_N2nUQ6/execute/dir_19715
>>> current dir content:
total 28080
-rw-------  1 cms036 cms     2776 Jun 18 00:43 .SEinteraction.log
-rwx------  1 cms036 cms     6831 Jun 18 00:36 .job.ad
-rwx------  1 cms036 cms     9469 Jun 18 00:36 .machine.ad
-rw-------  1 cms036 cms      105 Jun 16 20:40 CMSSW.py
-rw-------  1 cms036 cms  3740460 Jun 16 20:40 CMSSW.py.pkl
-rwx------  1 cms036 cms    29556 Jun 18 00:36 CMSSW.sh
drwxr-xr-x 15 cms036 cms     4096 Jun 18 00:42 CMSSW_6_2_0_SLHC12
-rw-------  1 cms036 cms      220 Jun 18 00:36 CacheEnv.sh
-rw-------  1 cms036 cms     7291 Apr  4 11:04 DashboardAPI.py
-rw-------  1 cms036 cms     6815 Jun 18 00:36 DashboardAPI.pyc
drwx------  2 cms036 cms     4096 Jun 18 00:42 IMProv
-rw-------  1 cms036 cms     2748 Apr  4 11:04 Logger.py
-rw-------  1 cms036 cms     3347 Jun 18 00:36 Logger.pyc
-rw-------  1 cms036 cms    24524 Apr  4 11:04 ProcInfo.py
-rw-------  1 cms036 cms    23197 Jun 18 00:36 ProcInfo.pyc
drwx------  7 cms036 cms     4096 Jun 18 00:36 ProdCommon
drwx------  3 cms036 cms     4096 Jun 18 00:36 WMCore
-rw-------  1 cms036 cms     2593 Jun 18 00:42 Watchdog_3.log
-rwx------  1 cms036 cms        0 Jun 18 00:36 _condor_stderr
-rwx---r--  1 cms036 cms    29379 Jun 18 00:43 _condor_stdout
-rw-------  1 cms036 cms    32895 Apr  4 11:04 apmon.py
-rw-------  1 cms036 cms    28625 Jun 18 00:36 apmon.pyc
-rwx------  1 cms036 cms    53451 Jun 18 00:36 arguments.xml
-rwx------  1 cms036 cms    38515 Apr  4 11:04 cmscp.py
-rw-------  1 cms036 cms      716 Jun 18 00:43 cmscpReport.sh
-rwx------  1 cms036 cms    29556 Jun 18 00:36 condor_exec.exe
-rw-------  1 cms036 cms      958 Jun 16 20:40 crab.cfg
-rwx------  1 cms036 cms     8610 Apr  4 11:04 crabWatchdog.sh
-rwx---r--  1 cms036 cms   523210 Jun 18 00:42 crab_fjr_3.xml
-rwx------  1 cms036 cms 23957894 Jun 18 00:36 default.tgz
-rwx------  1 cms036 cms     4488 Apr  4 11:04 fillCrabFjr.py
-rw-------  1 cms036 cms     2619 Jun 18 00:36 inputsReport.txt
-rw-------  1 cms036 cms      261 Jun 18 00:43 jobreport.txt
-rw-------  1 cms036 cms    17352 Apr  4 11:04 parseCrabFjr.py
-rw-------  1 cms036 cms      333 Jun 18 00:36 report.log
-rwx--x--x  1 cms036 cms     1497 Apr  4 11:04 report.py
-rw-------  1 cms036 cms      771 Jun 18 00:43 resultCopyFile
lrwxrwxrwx  1 cms036 cms      125 Jun 18 00:42 validationEDM.root -> /home/cms036/home_cream_588427452/CREAM588427452/glide_N2nUQ6/execute/dir_19715/CMSSW_6_2_0_SLHC12/validationEDM_3_1_sEd.root
-rwx------  1 cms036 cms     8387 Apr  4 11:04 writeCfg.py
-rw-------  1 cms036 cms     8010 Jun 18 00:36 x509up_u50707
>>> Modify Job Report:
CMSSW_VERSION = CMSSW_6_2_0_SLHC12
ProcessedDataset = calabria_MuMinus10_GEN-SIM-DIGI-RECO_CMSSW_6_2_0_SLHC12_2023Scenario_VALNOPU2_Case3
/home/cms036/home_cream_588427452/CREAM588427452/glide_N2nUQ6/execute/dir_19715/ProdCommon/FwkJobRep/ModifyJobReport.py fjr /home/cms036/home_cream_588427452/CREAM588427452/glide_N2nUQ6/execute/dir_19715/crab_fjr_3.xml json /home/cms036/home_cream_588427452/CREAM588427452/glide_N2nUQ6/execute/dir_19715/resultCopyFile n_job 3_1_sEd PrimaryDataset calabria_SingleMuPt10_GEN-SIM-DIGI-RECO_CMSSW_6_2_0_SLHC12_2023Scenario_Case3  ApplicationFamily cmsRun ApplicationName cmsRun cmssw_version CMSSW_6_2_0_SLHC12 psethash 5854dd31cbd3cdec44c48628cc181cf0 UserProcessedDataset calabria-calabria_MuMinus10_GEN-SIM-DIGI-RECO_CMSSW_6_2_0_SLHC12_2023Scenario_VALNOPU2_Case3-5854dd31cbd3cdec44c48628cc181cf0
inputDict =  {u'/home/cms036/home_cream_588427452/CREAM588427452/glide_N2nUQ6/execute/dir_19715/CMSSW_6_2_0_SLHC12/validationEDM_3_1_sEd.root': {u'endpoint': u'srm://storm-se-01.ba.infn.it:8444/srm/managerv2?SFN=//cms/store/user/calabria/calabria_SingleMuPt10_GEN-SIM-DIGI-RECO_CMSSW_6_2_0_SLHC12_2023Scenario_Case3/calabria_MuMinus10_GEN-SIM-DIGI-RECO_CMSSW_6_2_0_SLHC12_2023Scenario_VALNOPU2_Case3/5854dd31cbd3cdec44c48628cc181cf0/', u'surl_for_grid': u'', u'reason': u'Copy succedeed with srm-lcg utils', u'erCode': u'0', u'se_name': u'storm-se-01.ba.infn.it', u'for_lfn': u'/store/user/calabria/calabria_SingleMuPt10_GEN-SIM-DIGI-RECO_CMSSW_6_2_0_SLHC12_2023Scenario_Case3/calabria_MuMinus10_GEN-SIM-DIGI-RECO_CMSSW_6_2_0_SLHC12_2023Scenario_VALNOPU2_Case3/5854dd31cbd3cdec44c48628cc181cf0/'}}
UserProcessedDataset =  calabria-calabria_MuMinus10_GEN-SIM-DIGI-RECO_CMSSW_6_2_0_SLHC12_2023Scenario_VALNOPU2_Case3-5854dd31cbd3cdec44c48628cc181cf0
file_name in inputDict =  /home/cms036/home_cream_588427452/CREAM588427452/glide_N2nUQ6/execute/dir_19715/CMSSW_6_2_0_SLHC12/validationEDM_3_1_sEd.root
(size) os.stat(filename)[6] =  3126850
checksum =  3160637779
    file =  validationEDM_3_1_sEd.root
    newPfn =  srm://storm-se-01.ba.infn.it:8444/srm/managerv2?SFN=//cms/store/user/calabria/calabria_SingleMuPt10_GEN-SIM-DIGI-RECO_CMSSW_6_2_0_SLHC12_2023Scenario_Case3/calabria_MuMinus10_GEN-SIM-DIGI-RECO_CMSSW_6_2_0_SLHC12_2023Scenario_VALNOPU2_Case3/5854dd31cbd3cdec44c48628cc181cf0/validationEDM_3_1_sEd.root
    newLfn =  /store/user/calabria/calabria_SingleMuPt10_GEN-SIM-DIGI-RECO_CMSSW_6_2_0_SLHC12_2023Scenario_Case3/calabria_MuMinus10_GEN-SIM-DIGI-RECO_CMSSW_6_2_0_SLHC12_2023Scenario_VALNOPU2_Case3/5854dd31cbd3cdec44c48628cc181cf0/validationEDM_3_1_sEd.root
>>> crab_fjr_*.xml  permission set to 0704
CrabWrapper EXIT_FUNC entered at Wed Jun 18 00:43:27 CEST 2014   -  Tue Jun 17 22:43:27 UTC 2014
Checking output files:  
will tar file crab_fjr_3.xml in  out_files_3
WARNING: output file CMSSW_3.stdout not found!
WARNING: output file CMSSW_3.stderr not found!
WARNING: output file Watchdog_3.log.gz not found!
>>> padding time: Sleeping the wrapper for 181 seconds
STOPPING WATCHDOG. CrabWatchdog PID is 20685
********** LAST 50 LINES OF WATCHDOG LOG
# RESOURCE USAGE SUMMARY FOR PROCESS ID 19775
USER       PID %CPU %MEM    VSZ   RSS TTY      STAT START   TIME COMMAND
cms036   19775  0.3  0.0   9496  1596 ?        S    00:36   0:00 /bin/sh /home/cms036/home_cream_588427452/CREAM588427452/glide_N2nUQ6/execute/dir_19715/condor_exec.exe 3 1
 
# LIMITS USED BY CRAB WATCHDOG:
# RSS  (KBytes)   : 2300000
# VSZ  (KBytes)   : 100000000
# DISK (MBytes)   : 19000
# CPU TIME        : 720h:0m:0s
# WALL CLOCK TIME : 21h:50m:0s
 
# FOLLOWING PRINTOUT TRACKS MAXIMUM VALUES OF RESOURCES USE
# ONE LINE IS PRINTED EACH TIME A MAXIMUM CHANGES
# IF CHANGE WAS IN RSS OR VSZ ALSO PROCID AND COMMAND ARE PRINTED
# THERE IS NO PRINTOUT FOR CPU/WALL TIME INCREASE
 
# TIME			PID	RSS(KB)	VSZ(KB)	Dsk(MB)	tCPU(s)	tWALL(s)	COMMAND
 Jun 18 00:36:34 CEST	9641	1396	9364	0	0	0	/bin/bash /home/cms036/home_cream_588427452/CREAM588427452/glide_N2nUQ6/main/condor_startup.sh glidein_config        
 Jun 18 00:36:34 CEST	11550	8000	93336	0	0	0	/home/cms036/home_cream_588427452/CREAM588427452/glide_N2nUQ6/main/condor/sbin/condor_master -f -pidfile /home/cms036/home_cream_588427452/CREAM588427452/glide_N2nUQ6/condor_master2.pid       
 Jun 18 00:36:34 CEST	11578	8716	93912	0	0	0	condor_startd -f         
 Jun 18 00:36:34 CEST	27453	8716	106092	0	0	0	sh -c "./glidein_startup.sh" -v std -name v3_0 -entry CMS_T2_IT_Bari_ce4 -clientname UCSD-v1_0.main
 Jun 18 00:36:34 CEST	27461	8716	106492	0	0	0	/bin/bash ./glidein_startup.sh -v std -name v3_0 -entry CMS_T2_IT_Bari_ce4 -clientname UCSD-v1_0.main -schedd
 Jun 18 00:36:34 CEST	---	8716	106492	171	----	----	----
 Jun 18 00:37:35 CEST	23929	698808	978948	171	29	61	cmsRun -j /home/cms036/home_cream_588427452/CREAM588427452/glide_N2nUQ6/execute/dir_19715/crab_fjr_3.xml -p pset.py      
 Jun 18 00:37:35 CEST	---	698808	978948	175	----	----	----
 Jun 18 00:38:35 CEST	23929	708208	1009412	175	78	122	cmsRun -j /home/cms036/home_cream_588427452/CREAM588427452/glide_N2nUQ6/execute/dir_19715/crab_fjr_3.xml -p pset.py      
 Jun 18 00:39:36 CEST	23929	711880	1016836	175	128	183	cmsRun -j /home/cms036/home_cream_588427452/CREAM588427452/glide_N2nUQ6/execute/dir_19715/crab_fjr_3.xml -p pset.py      
 Jun 18 00:40:37 CEST	23929	717360	1025796	175	177	244	cmsRun -j /home/cms036/home_cream_588427452/CREAM588427452/glide_N2nUQ6/execute/dir_19715/crab_fjr_3.xml -p pset.py      
 Jun 18 00:41:38 CEST	23929	724940	1035780	175	225	305	cmsRun -j /home/cms036/home_cream_588427452/CREAM588427452/glide_N2nUQ6/execute/dir_19715/crab_fjr_3.xml -p pset.py      
 Jun 18 00:42:39 CEST	---	724940	1035780	178	----	----	----
 Jun 18 00:43:40 CEST	---	724940	1035780	179	----	----	----
********** WATCHDOG LOG ENDED
ZIPPING WATCHDOG LOG
Disk space used:
du -sh /home/cms036/home_cream_588427452/CREAM588427452/glide_N2nUQ6/execute/dir_19715
179M	/home/cms036/home_cream_588427452/CREAM588427452/glide_N2nUQ6/execute/dir_19715
Found unusual stdout, rename for OSB
`/home/cms036/home_cream_588427452/CREAM588427452/glide_N2nUQ6/execute/dir_19715/_condor_stdout' -> `CMSSW_3.stdout'
Found unusual stderr, rename for OSB
`/home/cms036/home_cream_588427452/CREAM588427452/glide_N2nUQ6/execute/dir_19715/_condor_stdout' -> `CMSSW_3.stderr'
crab_fjr_3.xml
CMSSW_3.stdout
CMSSW_3.stderr
Watchdog_3.log.gz
Total Output dimension: 70069
WARNING: output files size limit is set to: 50000000
Total Output dimension 70069 is fine.
JOB_EXIT_STATUS = 0
>>> info for dashboard:
***** Cat /home/cms036/home_cream_588427452/CREAM588427452/glide_N2nUQ6/execute/dir_19715/jobreport.txt *****
MonitorJobID=3_https://hcc-crabserver.unl.edu//140616//142015.2
MonitorID=calabria_MuMinus10_Case3_ReReco_n36x9o
ExeTime=337
ExeExitCode=0
StageOutExitStatusReason = 'Copy succedeed with srm-lcg utils'
StageOutSE = storm-se-01.ba.infn.it
StageOutExitStatus = 0
CrabUserCpuTime=268.68
CrabSysCpuTime=4.35
CrabCpuPercentage=80%
CrabWrapperTime=600
CrabStageoutTime=48
JobExitCode=0
***** End Cat jobreport *****
Parameters sent to Dashboard.
EXITING at Wed Jun 18 00:46:32 CEST 2014  -  Tue Jun 17 22:46:32 UTC 2014
