This script was generated by crab (version 2.10.5_patch1).
Running /home/cms036/home_cream_492103153/CREAM492103153/glide_d4p34c/execute/dir_19716/condor_exec.exe with 2 positional parameters: 5 1
Today is Wed Jun 18 00:36:29 CEST 2014 - Tue Jun 17 22:36:29 UTC 2014
Job submitted on host alicegrid69.ba.infn.it
Linux alicegrid69.ba.infn.it 2.6.32-358.23.2.el6.x86_64 #1 SMP Thu Oct 17 10:27:22 CEST 2013 x86_64 x86_64 x86_64 GNU/Linux
>>> current directory (RUNTIME_AREA): /home/cms036/home_cream_492103153/CREAM492103153/glide_d4p34c/execute/dir_19716
>>> current user: uid=18592(cms036) gid=1399(cms) groups=1399(cms)
>>> directory permission set to 0700
>>> umask set to:  u=rwx,g=,o=
>>> stdout stderr permission set to 0704
>>> voms proxy information:
subject   : /C=IT/O=INFN/OU=Personal Certificate/L=Bari/CN=Cesare Calabria/CN=477126703/CN=701800475
issuer    : /C=IT/O=INFN/OU=Personal Certificate/L=Bari/CN=Cesare Calabria/CN=477126703
identity  : /C=IT/O=INFN/OU=Personal Certificate/L=Bari/CN=Cesare Calabria
type      : RFC3820 compliant limited proxy
strength  : 1024
path      : /home/cms036/home_cream_492103153/CREAM492103153/glide_d4p34c/execute/dir_19716/x509up_u50707
timeleft  : 23:59:52
key usage : Digital Signature, Key Encipherment, Data Encipherment
=== VO cms extension information ===
VO        : cms
subject   : /C=IT/O=INFN/OU=Personal Certificate/L=Bari/CN=Cesare Calabria
issuer    : /DC=ch/DC=cern/OU=computers/CN=voms.cern.ch
attribute : /cms/Role=NULL/Capability=NULL
attribute : /cms/itcms/Role=NULL/Capability=NULL
timeleft  : 154:47:50
uri       : voms.cern.ch:15002

WNHostName=alicegrid69.ba.infn.it
>>> tar --no-same-permissions -xf /home/cms036/home_cream_492103153/CREAM492103153/glide_d4p34c/execute/dir_19716/default.tgz :
Successful untar
>>> Include /home/cms036/home_cream_492103153/CREAM492103153/glide_d4p34c/execute/dir_19716 in PYTHONPATH:
strip arguments
env var CRAB_UNIQUE_JOB_ID set to: calabria_MuMinus10_Case3_ReReco_n36x9o_5_1_1WM
out_files_5
>>> list of expected files on output sandbox
output files: crab_fjr_5.xml CMSSW_5.stdout CMSSW_5.stderr Watchdog_5.log.gz
>>> GridFlavour discovery: 
GridFlavour=LCG
>>> SyncSite discovery: 
SyncSite=T2_IT_Bari
>>> SyncCE discovery: 
getting SyncCE from CE_ID
SyncCE=cream-ce-2.ba.infn.it:8443/cream-pbs-cms
>>> info for dashboard:
***** Cat /home/cms036/home_cream_492103153/CREAM492103153/glide_d4p34c/execute/dir_19716/jobreport.txt *****
WNHostName=alicegrid69.ba.infn.it
MonitorJobID=5_https://hcc-crabserver.unl.edu//140616//142015.4
SyncGridJobId=https://hcc-crabserver.unl.edu//140616//142015.4
MonitorID=calabria_MuMinus10_Case3_ReReco_n36x9o
GridFlavour=LCG
SyncSite=T2_IT_Bari
SyncCE=cream-ce-2.ba.infn.it:8443/cream-pbs-cms
***** End Cat jobreport *****
Parameters sent to Dashboard.
>>> setup environment
set SCRAM ARCH to slc5_amd64_gcc472
SCRAM_ARCH = slc5_amd64_gcc472
>>> setup CMS LCG environment:
set SCRAM ARCH and BUILD_ARCH to slc5_amd64_gcc472 ###
Sourcing environment... 
sourcing /cvmfs/cms.cern.ch/cmsset_default.sh
==> setup cms environment ok
>>> specific cmssw setup environment:
CMSSW_VERSION =  CMSSW_6_2_0_SLHC12
>>> current directory (SOFTWARE_DIR): /home/cms036/home_cream_492103153/CREAM492103153/glide_d4p34c/execute/dir_19716/CMSSW_6_2_0_SLHC12
PreserveSeeds: <>
IncrementSeeds:<>
>>> info for dashboard:
***** Cat /home/cms036/home_cream_492103153/CREAM492103153/glide_d4p34c/execute/dir_19716/jobreport.txt *****
MonitorJobID=5_https://hcc-crabserver.unl.edu//140616//142015.4
MonitorID=calabria_MuMinus10_Case3_ReReco_n36x9o
***** End Cat jobreport *****
Parameters sent to Dashboard.
crabWatchdog started as process 21655
>>> moving CMSSW software directories in /home/cms036/home_cream_492103153/CREAM492103153/glide_d4p34c/execute/dir_19716/CMSSW_6_2_0_SLHC12
mv: cannot stat `/home/cms036/home_cream_492103153/CREAM492103153/glide_d4p34c/execute/dir_19716/module/': No such file or directory
>>> Include /home/cms036/home_cream_492103153/CREAM492103153/glide_d4p34c/execute/dir_19716 in PYTHONPATH:
PYTHONPATH=/home/cms036/home_cream_492103153/CREAM492103153/glide_d4p34c/execute/dir_19716/:/home/cms036/home_cream_492103153/CREAM492103153/glide_d4p34c/execute/dir_19716/CMSSW_6_2_0_SLHC12/python:/home/cms036/home_cream_492103153/CREAM492103153/glide_d4p34c/execute/dir_19716/CMSSW_6_2_0_SLHC12/lib/slc5_amd64_gcc472:/cvmfs/cms.cern.ch/slc5_amd64_gcc472/cms/cmssw/CMSSW_6_2_0_SLHC12/python:/cvmfs/cms.cern.ch/slc5_amd64_gcc472/cms/cmssw/CMSSW_6_2_0_SLHC12/lib/slc5_amd64_gcc472:/cvmfs/cms.cern.ch/slc5_amd64_gcc472/cms/coral/CORAL_2_3_21-cms36/slc5_amd64_gcc472/python:/cvmfs/cms.cern.ch/slc5_amd64_gcc472/cms/coral/CORAL_2_3_21-cms36/slc5_amd64_gcc472/lib:/cvmfs/cms.cern.ch/slc5_amd64_gcc472/external/pyqt/4.8.1-cms6/lib/python2.7/site-packages:/cvmfs/cms.cern.ch/slc5_amd64_gcc472/external/py2-scipy/0.8.0-cms8/lib/python2.7/site-packages:/cvmfs/cms.cern.ch/slc5_amd64_gcc472/external/py2-matplotlib/1.0.1-cms8/lib/python2.7/site-packages:/cvmfs/cms.cern.ch/slc5_amd64_gcc472/external/python-ldap/2.3.5-cms6/lib/python2.7/site-packages:/cvmfs/cms.cern.ch/slc5_amd64_gcc472/external/sip/4.11.2-cms6/lib/python2.7/site-packages:/cvmfs/cms.cern.ch/slc5_amd64_gcc472/external/py2-pycurl/7.19.0-cms8/lib/python2.7/site-packages:/cvmfs/cms.cern.ch/slc5_amd64_gcc472/external/py2-numpy/1.6.1-cms8/lib/python2.7/site-packages:/cvmfs/cms.cern.ch/slc5_amd64_gcc472/external/py2-lint/0.25.1-cms6/lib/python2.7/site-packages:/cvmfs/cms.cern.ch/slc5_amd64_gcc472/external/py2-ipython/0.10-cms6/lib/python2.7/site-packages:/cvmfs/cms.cern.ch/slc5_amd64_gcc472/external/py2-cx-oracle/5.1-cms7/lib/python2.7/site-packages:/cvmfs/cms.cern.ch/slc5_amd64_gcc472/external/py2-cjson/1.0.5-cms6/lib/python2.7/site-packages:/cvmfs/cms.cern.ch/slc5_amd64_gcc472/cms/das-client/1.11.7/bin:/cvmfs/cms.cern.ch/slc5_amd64_gcc472/external/elementtree/1.2.6-cms6/share/lib/python2.7/site-packages:/cvmfs/cms.cern.ch/slc5_amd64_gcc472/external/rivet/1.8.2-cms8/lib/python2.7/site-packages:/cvmfs/cms.cern.ch/slc5_amd64_gcc472/external/pyminuit2/0.0.1-cms19/lib/python2.7/site-packages:/cvmfs/cms.cern.ch/slc5_amd64_gcc472/external/py2-pygithub/1.23.0/lib/python2.7/site-packages:/cvmfs/cms.cern.ch/slc5_amd64_gcc472/external/professor/1.0.0-cms19/lib/python2.7/site-packages:/cvmfs/cms.cern.ch/slc5_amd64_gcc472/lcg/root/5.34.07-cms/lib:/cvmfs/cms.cern.ch/slc5_amd64_gcc472/cms/dbs-client/DBS_2_1_9-cms5/lib:/cvmfs/cms.cern.ch/slc5_amd64_gcc472/cms/dbs-client/DBS_2_1_9-cms5/lib/DBSAPI:/cvmfs/cms.cern.ch/slc5_amd64_gcc472/external/cvs2git/5419-cms/lib:/home/cms036/home_cream_492103153/CREAM492103153/glide_d4p34c/execute/dir_19716/
 
# LIMITS USED BY CRAB WATCHDOG:
# RSS  (KBytes)   : 2300000
# VSZ  (KBytes)   : 100000000
# DISK (MBytes)   : 19000
# CPU TIME        : 720h:0m:0s
# WALL CLOCK TIME : 21h:50m:0s
 
5854dd31cbd3cdec44c48628cc181cf0
PSETHASH = 5854dd31cbd3cdec44c48628cc181cf0
/home/cms036/home_cream_492103153/CREAM492103153/glide_d4p34c/execute/dir_19716/writeCfg.py pset.py pset.py
Importing .py file
Setting parameters
RandomNumberGeneratorService found, will attempt to change seeds
inputBlocks=/calabria_SingleMuPt10_GEN-SIM-DIGI-RECO_CMSSW_6_2_0_SLHC12_2023Scenario_Case3/calabria-calabria_SingleMuPt10_GEN-SIM-DIGI-RECO_CMSSW_6_2_0_SLHC12_2023Scenario_Case3-713e95291268ed84eccf2b8e553eab97/USER#3fdaec55-e682-4866-bb99-35d4d4166125
inputFiles=/store/user/calabria/calabria_SingleMuPt10_GEN-SIM-DIGI-RECO_CMSSW_6_2_0_SLHC12_2023Scenario_Case3/calabria_SingleMuPt10_GEN-SIM-DIGI-RECO_CMSSW_6_2_0_SLHC12_2023Scenario_Case3/713e95291268ed84eccf2b8e553eab97/out_reco_94_1_rSF.root;/store/user/calabria/calabria_SingleMuPt10_GEN-SIM-DIGI-RECO_CMSSW_6_2_0_SLHC12_2023Scenario_Case3/calabria_SingleMuPt10_GEN-SIM-DIGI-RECO_CMSSW_6_2_0_SLHC12_2023Scenario_Case3/713e95291268ed84eccf2b8e553eab97/out_reco_95_1_miK.root;/store/user/calabria/calabria_SingleMuPt10_GEN-SIM-DIGI-RECO_CMSSW_6_2_0_SLHC12_2023Scenario_Case3/calabria_SingleMuPt10_GEN-SIM-DIGI-RECO_CMSSW_6_2_0_SLHC12_2023Scenario_Case3/713e95291268ed84eccf2b8e553eab97/out_reco_99_1_iJy.root;/store/user/calabria/calabria_SingleMuPt10_GEN-SIM-DIGI-RECO_CMSSW_6_2_0_SLHC12_2023Scenario_Case3/calabria_SingleMuPt10_GEN-SIM-DIGI-RECO_CMSSW_6_2_0_SLHC12_2023Scenario_Case3/713e95291268ed84eccf2b8e553eab97/out_reco_101_1_JXZ.root;/store/user/calabria/calabria_SingleMuPt10_GEN-SIM-DIGI-RECO_CMSSW_6_2_0_SLHC12_2023Scenario_Case3/calabria_SingleMuPt10_GEN-SIM-DIGI-RECO_CMSSW_6_2_0_SLHC12_2023Scenario_Case3/713e95291268ed84eccf2b8e553eab97/out_reco_102_1_Rdm.root;/store/user/calabria/calabria_SingleMuPt10_GEN-SIM-DIGI-RECO_CMSSW_6_2_0_SLHC12_2023Scenario_Case3/calabria_SingleMuPt10_GEN-SIM-DIGI-RECO_CMSSW_6_2_0_SLHC12_2023Scenario_Case3/713e95291268ed84eccf2b8e553eab97/out_reco_103_1_cwx.root;/store/user/calabria/calabria_SingleMuPt10_GEN-SIM-DIGI-RECO_CMSSW_6_2_0_SLHC12_2023Scenario_Case3/calabria_SingleMuPt10_GEN-SIM-DIGI-RECO_CMSSW_6_2_0_SLHC12_2023Scenario_Case3/713e95291268ed84eccf2b8e553eab97/out_reco_104_1_t05.root;/store/user/calabria/calabria_SingleMuPt10_GEN-SIM-DIGI-RECO_CMSSW_6_2_0_SLHC12_2023Scenario_Case3/calabria_SingleMuPt10_GEN-SIM-DIGI-RECO_CMSSW_6_2_0_SLHC12_2023Scenario_Case3/713e95291268ed84eccf2b8e553eab97/out_reco_105_1_Do6.root;/store/user/calabria/calabria_SingleMuPt10_GEN-SIM-DIGI-RECO_CMSSW_6_2_0_SLHC12_2023Scenario_Case3/calabria_SingleMuPt10_GEN-SIM-DIGI-RECO_CMSSW_6_2_0_SLHC12_2023Scenario_Case3/713e95291268ed84eccf2b8e553eab97/out_reco_106_1_CjF.root;/store/user/calabria/calabria_SingleMuPt10_GEN-SIM-DIGI-RECO_CMSSW_6_2_0_SLHC12_2023Scenario_Case3/calabria_SingleMuPt10_GEN-SIM-DIGI-RECO_CMSSW_6_2_0_SLHC12_2023Scenario_Case3/713e95291268ed84eccf2b8e553eab97/out_reco_107_1_Ztu.root
parentFiles=
lumisRange=
>>> Executable cmsRun
/cvmfs/cms.cern.ch/slc5_amd64_gcc472/cms/cmssw/CMSSW_6_2_0_SLHC12/bin/slc5_amd64_gcc472/cmsRun
ok executable found
>>> info for dashboard:
***** Cat /home/cms036/home_cream_492103153/CREAM492103153/glide_d4p34c/execute/dir_19716/jobreport.txt *****
MonitorJobID=5_https://hcc-crabserver.unl.edu//140616//142015.4
MonitorID=calabria_MuMinus10_Case3_ReReco_n36x9o
ExeStart=cmsRun
***** End Cat jobreport *****
Parameters sent to Dashboard.
>>> cmsRun started at Tue Jun 17 22:36:56 UTC 2014
>>> cmsRun ended at Tue Jun 17 22:42:36 UTC 2014
>>> crab_fjr_*.xml  permission set to 0704
>>> info for dashboard:
***** Cat /home/cms036/home_cream_492103153/CREAM492103153/glide_d4p34c/execute/dir_19716/jobreport.txt *****
MonitorJobID=5_https://hcc-crabserver.unl.edu//140616//142015.4
MonitorID=calabria_MuMinus10_Case3_ReReco_n36x9o
ExeEnd=cmsRun
***** End Cat jobreport *****
Parameters sent to Dashboard.
TIME_EXE = 340 sec
>>> cmsRun wrote 50 lines of stdout+stderr
>>> START OF printout of 50 lines from stdout+stderr
271 DQMStore::DQMStore 
HcalTopologyIdealEP::HcalTopologyIdealEP
18-Jun-2014 00:37:12 CEST  Initiating request to open file file:/lustre/cms//store/user/calabria/calabria_SingleMuPt10_GEN-SIM-DIGI-RECO_CMSSW_6_2_0_SLHC12_2023Scenario_Case3/calabria_SingleMuPt10_GEN-SIM-DIGI-RECO_CMSSW_6_2_0_SLHC12_2023Scenario_Case3/713e95291268ed84eccf2b8e553eab97/out_reco_94_1_rSF.root
18-Jun-2014 00:37:15 CEST  Successfully opened file file:/lustre/cms//store/user/calabria/calabria_SingleMuPt10_GEN-SIM-DIGI-RECO_CMSSW_6_2_0_SLHC12_2023Scenario_Case3/calabria_SingleMuPt10_GEN-SIM-DIGI-RECO_CMSSW_6_2_0_SLHC12_2023Scenario_Case3/713e95291268ed84eccf2b8e553eab97/out_reco_94_1_rSF.root
18-Jun-2014 00:37:52 CEST  Closed file file:/lustre/cms//store/user/calabria/calabria_SingleMuPt10_GEN-SIM-DIGI-RECO_CMSSW_6_2_0_SLHC12_2023Scenario_Case3/calabria_SingleMuPt10_GEN-SIM-DIGI-RECO_CMSSW_6_2_0_SLHC12_2023Scenario_Case3/713e95291268ed84eccf2b8e553eab97/out_reco_94_1_rSF.root
18-Jun-2014 00:37:52 CEST  Initiating request to open file file:/lustre/cms//store/user/calabria/calabria_SingleMuPt10_GEN-SIM-DIGI-RECO_CMSSW_6_2_0_SLHC12_2023Scenario_Case3/calabria_SingleMuPt10_GEN-SIM-DIGI-RECO_CMSSW_6_2_0_SLHC12_2023Scenario_Case3/713e95291268ed84eccf2b8e553eab97/out_reco_95_1_miK.root
18-Jun-2014 00:37:53 CEST  Successfully opened file file:/lustre/cms//store/user/calabria/calabria_SingleMuPt10_GEN-SIM-DIGI-RECO_CMSSW_6_2_0_SLHC12_2023Scenario_Case3/calabria_SingleMuPt10_GEN-SIM-DIGI-RECO_CMSSW_6_2_0_SLHC12_2023Scenario_Case3/713e95291268ed84eccf2b8e553eab97/out_reco_95_1_miK.root
18-Jun-2014 00:38:22 CEST  Closed file file:/lustre/cms//store/user/calabria/calabria_SingleMuPt10_GEN-SIM-DIGI-RECO_CMSSW_6_2_0_SLHC12_2023Scenario_Case3/calabria_SingleMuPt10_GEN-SIM-DIGI-RECO_CMSSW_6_2_0_SLHC12_2023Scenario_Case3/713e95291268ed84eccf2b8e553eab97/out_reco_95_1_miK.root
18-Jun-2014 00:38:22 CEST  Initiating request to open file file:/lustre/cms//store/user/calabria/calabria_SingleMuPt10_GEN-SIM-DIGI-RECO_CMSSW_6_2_0_SLHC12_2023Scenario_Case3/calabria_SingleMuPt10_GEN-SIM-DIGI-RECO_CMSSW_6_2_0_SLHC12_2023Scenario_Case3/713e95291268ed84eccf2b8e553eab97/out_reco_99_1_iJy.root
18-Jun-2014 00:38:23 CEST  Successfully opened file file:/lustre/cms//store/user/calabria/calabria_SingleMuPt10_GEN-SIM-DIGI-RECO_CMSSW_6_2_0_SLHC12_2023Scenario_Case3/calabria_SingleMuPt10_GEN-SIM-DIGI-RECO_CMSSW_6_2_0_SLHC12_2023Scenario_Case3/713e95291268ed84eccf2b8e553eab97/out_reco_99_1_iJy.root
18-Jun-2014 00:38:51 CEST  Closed file file:/lustre/cms//store/user/calabria/calabria_SingleMuPt10_GEN-SIM-DIGI-RECO_CMSSW_6_2_0_SLHC12_2023Scenario_Case3/calabria_SingleMuPt10_GEN-SIM-DIGI-RECO_CMSSW_6_2_0_SLHC12_2023Scenario_Case3/713e95291268ed84eccf2b8e553eab97/out_reco_99_1_iJy.root
18-Jun-2014 00:38:51 CEST  Initiating request to open file file:/lustre/cms//store/user/calabria/calabria_SingleMuPt10_GEN-SIM-DIGI-RECO_CMSSW_6_2_0_SLHC12_2023Scenario_Case3/calabria_SingleMuPt10_GEN-SIM-DIGI-RECO_CMSSW_6_2_0_SLHC12_2023Scenario_Case3/713e95291268ed84eccf2b8e553eab97/out_reco_101_1_JXZ.root
18-Jun-2014 00:38:51 CEST  Successfully opened file file:/lustre/cms//store/user/calabria/calabria_SingleMuPt10_GEN-SIM-DIGI-RECO_CMSSW_6_2_0_SLHC12_2023Scenario_Case3/calabria_SingleMuPt10_GEN-SIM-DIGI-RECO_CMSSW_6_2_0_SLHC12_2023Scenario_Case3/713e95291268ed84eccf2b8e553eab97/out_reco_101_1_JXZ.root
18-Jun-2014 00:39:24 CEST  Closed file file:/lustre/cms//store/user/calabria/calabria_SingleMuPt10_GEN-SIM-DIGI-RECO_CMSSW_6_2_0_SLHC12_2023Scenario_Case3/calabria_SingleMuPt10_GEN-SIM-DIGI-RECO_CMSSW_6_2_0_SLHC12_2023Scenario_Case3/713e95291268ed84eccf2b8e553eab97/out_reco_101_1_JXZ.root
18-Jun-2014 00:39:24 CEST  Initiating request to open file file:/lustre/cms//store/user/calabria/calabria_SingleMuPt10_GEN-SIM-DIGI-RECO_CMSSW_6_2_0_SLHC12_2023Scenario_Case3/calabria_SingleMuPt10_GEN-SIM-DIGI-RECO_CMSSW_6_2_0_SLHC12_2023Scenario_Case3/713e95291268ed84eccf2b8e553eab97/out_reco_102_1_Rdm.root
18-Jun-2014 00:39:24 CEST  Successfully opened file file:/lustre/cms//store/user/calabria/calabria_SingleMuPt10_GEN-SIM-DIGI-RECO_CMSSW_6_2_0_SLHC12_2023Scenario_Case3/calabria_SingleMuPt10_GEN-SIM-DIGI-RECO_CMSSW_6_2_0_SLHC12_2023Scenario_Case3/713e95291268ed84eccf2b8e553eab97/out_reco_102_1_Rdm.root
18-Jun-2014 00:39:55 CEST  Closed file file:/lustre/cms//store/user/calabria/calabria_SingleMuPt10_GEN-SIM-DIGI-RECO_CMSSW_6_2_0_SLHC12_2023Scenario_Case3/calabria_SingleMuPt10_GEN-SIM-DIGI-RECO_CMSSW_6_2_0_SLHC12_2023Scenario_Case3/713e95291268ed84eccf2b8e553eab97/out_reco_102_1_Rdm.root
18-Jun-2014 00:39:55 CEST  Initiating request to open file file:/lustre/cms//store/user/calabria/calabria_SingleMuPt10_GEN-SIM-DIGI-RECO_CMSSW_6_2_0_SLHC12_2023Scenario_Case3/calabria_SingleMuPt10_GEN-SIM-DIGI-RECO_CMSSW_6_2_0_SLHC12_2023Scenario_Case3/713e95291268ed84eccf2b8e553eab97/out_reco_103_1_cwx.root
18-Jun-2014 00:39:55 CEST  Successfully opened file file:/lustre/cms//store/user/calabria/calabria_SingleMuPt10_GEN-SIM-DIGI-RECO_CMSSW_6_2_0_SLHC12_2023Scenario_Case3/calabria_SingleMuPt10_GEN-SIM-DIGI-RECO_CMSSW_6_2_0_SLHC12_2023Scenario_Case3/713e95291268ed84eccf2b8e553eab97/out_reco_103_1_cwx.root
18-Jun-2014 00:40:30 CEST  Closed file file:/lustre/cms//store/user/calabria/calabria_SingleMuPt10_GEN-SIM-DIGI-RECO_CMSSW_6_2_0_SLHC12_2023Scenario_Case3/calabria_SingleMuPt10_GEN-SIM-DIGI-RECO_CMSSW_6_2_0_SLHC12_2023Scenario_Case3/713e95291268ed84eccf2b8e553eab97/out_reco_103_1_cwx.root
18-Jun-2014 00:40:30 CEST  Initiating request to open file file:/lustre/cms//store/user/calabria/calabria_SingleMuPt10_GEN-SIM-DIGI-RECO_CMSSW_6_2_0_SLHC12_2023Scenario_Case3/calabria_SingleMuPt10_GEN-SIM-DIGI-RECO_CMSSW_6_2_0_SLHC12_2023Scenario_Case3/713e95291268ed84eccf2b8e553eab97/out_reco_104_1_t05.root
18-Jun-2014 00:40:30 CEST  Successfully opened file file:/lustre/cms//store/user/calabria/calabria_SingleMuPt10_GEN-SIM-DIGI-RECO_CMSSW_6_2_0_SLHC12_2023Scenario_Case3/calabria_SingleMuPt10_GEN-SIM-DIGI-RECO_CMSSW_6_2_0_SLHC12_2023Scenario_Case3/713e95291268ed84eccf2b8e553eab97/out_reco_104_1_t05.root
18-Jun-2014 00:40:59 CEST  Closed file file:/lustre/cms//store/user/calabria/calabria_SingleMuPt10_GEN-SIM-DIGI-RECO_CMSSW_6_2_0_SLHC12_2023Scenario_Case3/calabria_SingleMuPt10_GEN-SIM-DIGI-RECO_CMSSW_6_2_0_SLHC12_2023Scenario_Case3/713e95291268ed84eccf2b8e553eab97/out_reco_104_1_t05.root
18-Jun-2014 00:40:59 CEST  Initiating request to open file file:/lustre/cms//store/user/calabria/calabria_SingleMuPt10_GEN-SIM-DIGI-RECO_CMSSW_6_2_0_SLHC12_2023Scenario_Case3/calabria_SingleMuPt10_GEN-SIM-DIGI-RECO_CMSSW_6_2_0_SLHC12_2023Scenario_Case3/713e95291268ed84eccf2b8e553eab97/out_reco_105_1_Do6.root
18-Jun-2014 00:40:59 CEST  Successfully opened file file:/lustre/cms//store/user/calabria/calabria_SingleMuPt10_GEN-SIM-DIGI-RECO_CMSSW_6_2_0_SLHC12_2023Scenario_Case3/calabria_SingleMuPt10_GEN-SIM-DIGI-RECO_CMSSW_6_2_0_SLHC12_2023Scenario_Case3/713e95291268ed84eccf2b8e553eab97/out_reco_105_1_Do6.root
18-Jun-2014 00:41:31 CEST  Closed file file:/lustre/cms//store/user/calabria/calabria_SingleMuPt10_GEN-SIM-DIGI-RECO_CMSSW_6_2_0_SLHC12_2023Scenario_Case3/calabria_SingleMuPt10_GEN-SIM-DIGI-RECO_CMSSW_6_2_0_SLHC12_2023Scenario_Case3/713e95291268ed84eccf2b8e553eab97/out_reco_105_1_Do6.root
18-Jun-2014 00:41:31 CEST  Initiating request to open file file:/lustre/cms//store/user/calabria/calabria_SingleMuPt10_GEN-SIM-DIGI-RECO_CMSSW_6_2_0_SLHC12_2023Scenario_Case3/calabria_SingleMuPt10_GEN-SIM-DIGI-RECO_CMSSW_6_2_0_SLHC12_2023Scenario_Case3/713e95291268ed84eccf2b8e553eab97/out_reco_106_1_CjF.root
18-Jun-2014 00:41:31 CEST  Successfully opened file file:/lustre/cms//store/user/calabria/calabria_SingleMuPt10_GEN-SIM-DIGI-RECO_CMSSW_6_2_0_SLHC12_2023Scenario_Case3/calabria_SingleMuPt10_GEN-SIM-DIGI-RECO_CMSSW_6_2_0_SLHC12_2023Scenario_Case3/713e95291268ed84eccf2b8e553eab97/out_reco_106_1_CjF.root
18-Jun-2014 00:42:01 CEST  Closed file file:/lustre/cms//store/user/calabria/calabria_SingleMuPt10_GEN-SIM-DIGI-RECO_CMSSW_6_2_0_SLHC12_2023Scenario_Case3/calabria_SingleMuPt10_GEN-SIM-DIGI-RECO_CMSSW_6_2_0_SLHC12_2023Scenario_Case3/713e95291268ed84eccf2b8e553eab97/out_reco_106_1_CjF.root
18-Jun-2014 00:42:01 CEST  Initiating request to open file file:/lustre/cms//store/user/calabria/calabria_SingleMuPt10_GEN-SIM-DIGI-RECO_CMSSW_6_2_0_SLHC12_2023Scenario_Case3/calabria_SingleMuPt10_GEN-SIM-DIGI-RECO_CMSSW_6_2_0_SLHC12_2023Scenario_Case3/713e95291268ed84eccf2b8e553eab97/out_reco_107_1_Ztu.root
18-Jun-2014 00:42:01 CEST  Successfully opened file file:/lustre/cms//store/user/calabria/calabria_SingleMuPt10_GEN-SIM-DIGI-RECO_CMSSW_6_2_0_SLHC12_2023Scenario_Case3/calabria_SingleMuPt10_GEN-SIM-DIGI-RECO_CMSSW_6_2_0_SLHC12_2023Scenario_Case3/713e95291268ed84eccf2b8e553eab97/out_reco_107_1_Ztu.root
18-Jun-2014 00:42:35 CEST  Closed file file:/lustre/cms//store/user/calabria/calabria_SingleMuPt10_GEN-SIM-DIGI-RECO_CMSSW_6_2_0_SLHC12_2023Scenario_Case3/calabria_SingleMuPt10_GEN-SIM-DIGI-RECO_CMSSW_6_2_0_SLHC12_2023Scenario_Case3/713e95291268ed84eccf2b8e553eab97/out_reco_107_1_Ztu.root

=============================================

MessageLogger Summary

 type     category        sev    module        subroutine        count    total
 ---- -------------------- -- ---------------- ----------------  -----    -----
    1 fileAction           -s file_close                            10       10
    2 fileAction           -s file_open                             20       20

 type    category    Examples: run/evt        run/evt          run/evt
 ---- -------------------- ---------------- ---------------- ----------------
    1 fileAction           PostProcessEvent PostProcessEvent PostEndRun
    2 fileAction           pre-events       pre-events       PostProcessEvent

Severity    # Occurrences   Total Occurrences
--------    -------------   -----------------
System                 30                  30
>>> END OF printout of 50 lines from stdout+stderr
>>> Parse FrameworkJobReport crab_fjr.xml
Result of parsing the FrameworkJobReport crab_fjr.xml: Popularity start
lumisRange : 1::::1;1::::2;1::::3;1::::4;1::::5;1::::6;1::::7;1::::8;1::::9;1::::10;
lumisParentRange : 
Basename : /store/user/calabria/calabria_SingleMuPt10_GEN-SIM-DIGI-RECO_CMSSW_6_2_0_SLHC12_2023Scenario_Case3/calabria_SingleMuPt10_GEN-SIM-DIGI-RECO_CMSSW_6_2_0_SLHC12_2023Scenario_Case3/713e95291268ed84eccf2b8e553eab97/out_reco_
BasenameParent : 
parentFiles : 
inputBlocks : /calabria_SingleMuPt10_GEN-SIM-DIGI-RECO_CMSSW_6_2_0_SLHC12_2023Scenario_Case3/calabria-calabria_SingleMuPt10_GEN-SIM-DIGI-RECO_CMSSW_6_2_0_SLHC12_2023Scenario_Case3-713e95291268ed84eccf2b8e553eab97/USER#3fdaec55-e682-4866-bb99-35d4d4166125
inputFiles : 105_1_Do6.root::1::EDM::Local::1;106_1_CjF.root::1::EDM::Local::2;99_1_iJy.root::1::EDM::Local::3;94_1_rSF.root::1::EDM::Local::4;95_1_miK.root::1::EDM::Local::5;104_1_t05.root::1::EDM::Local::6;101_1_JXZ.root::1::EDM::Local::7;107_1_Ztu.root::1::EDM::Local::8;103_1_cwx.root::1::EDM::Local::9;102_1_Rdm.root::1::EDM::Local::10;
Popularity stop
Extracted ExitStatus from FrameworkJobReport parsing output: 0
>>> Executable succeded  0
ExeExitCode=0
EXECUTABLE_EXIT_STATUS = 0
>>> current directory /home/cms036/home_cream_492103153/CREAM492103153/glide_d4p34c/execute/dir_19716/CMSSW_6_2_0_SLHC12
>>>  (SOFTWARE_DIR): /home/cms036/home_cream_492103153/CREAM492103153/glide_d4p34c/execute/dir_19716/CMSSW_6_2_0_SLHC12
>>> (WORKING_DIR): 
>>> current directory content:
total 10436
drwxr-xr-x 3 cms036 cms    4096 Jun 18 00:36 .SCRAM
-rw------- 1 cms036 cms 3740460 Jun 18 00:36 CMSSW.py.pkl
drwxr-xr-x 3 cms036 cms    4096 Jun 18 00:36 bin
drwxr-xr-x 3 cms036 cms    4096 Jun 18 00:36 cfipython
drwxr-xr-x 4 cms036 cms    4096 Jun 18 00:36 config
-rw------- 1 cms036 cms      16 Jun 18 00:42 cpu_timing.txt
drwxr-xr-x 2 cms036 cms    4096 Jun 18 00:36 doc
-rw------- 1 cms036 cms    9916 Jun 18 00:42 executable.out
drwxr-xr-x 2 cms036 cms    4096 Jun 18 00:36 include
drwx------ 3 cms036 cms    4096 Apr 28 18:12 lib
drwxr-xr-x 3 cms036 cms    4096 Jun 18 00:36 logs
drwxr-xr-x 3 cms036 cms    4096 Jun 18 00:36 objs
-rw------- 1 cms036 cms     104 Jun 18 00:36 pset.py
-rw------- 1 cms036 cms 3712303 Jun 18 00:36 pset.py.pkl
-rw------- 1 cms036 cms     289 Jun 18 00:36 pset.pyc
drwxr-xr-x 2 cms036 cms    4096 Jun 18 00:36 python
-rw------- 1 cms036 cms     410 Jun 18 00:42 report.log
drwx------ 6 cms036 cms    4096 Jun 18 00:36 src
drwxr-xr-x 3 cms036 cms    4096 Jun 18 00:36 test
drwxr-xr-x 3 cms036 cms    4096 Jun 18 00:36 tmp
-rw------- 1 cms036 cms 3130080 Jun 18 00:42 validationEDM.root
>>> current directory /home/cms036/home_cream_492103153/CREAM492103153/glide_d4p34c/execute/dir_19716/CMSSW_6_2_0_SLHC12
>>> (SOFTWARE_DIR): /home/cms036/home_cream_492103153/CREAM492103153/glide_d4p34c/execute/dir_19716/CMSSW_6_2_0_SLHC12
>>> (WORKING_DIR): 
>>> current directory content:
total 10436
drwxr-xr-x 3 cms036 cms    4096 Jun 18 00:36 .SCRAM
-rw------- 1 cms036 cms 3740460 Jun 18 00:36 CMSSW.py.pkl
drwxr-xr-x 3 cms036 cms    4096 Jun 18 00:36 bin
drwxr-xr-x 3 cms036 cms    4096 Jun 18 00:36 cfipython
drwxr-xr-x 4 cms036 cms    4096 Jun 18 00:36 config
-rw------- 1 cms036 cms      16 Jun 18 00:42 cpu_timing.txt
drwxr-xr-x 2 cms036 cms    4096 Jun 18 00:36 doc
-rw------- 1 cms036 cms    9916 Jun 18 00:42 executable.out
drwxr-xr-x 2 cms036 cms    4096 Jun 18 00:36 include
drwx------ 3 cms036 cms    4096 Apr 28 18:12 lib
drwxr-xr-x 3 cms036 cms    4096 Jun 18 00:36 logs
drwxr-xr-x 3 cms036 cms    4096 Jun 18 00:36 objs
-rw------- 1 cms036 cms     104 Jun 18 00:36 pset.py
-rw------- 1 cms036 cms 3712303 Jun 18 00:36 pset.py.pkl
-rw------- 1 cms036 cms     289 Jun 18 00:36 pset.pyc
drwxr-xr-x 2 cms036 cms    4096 Jun 18 00:36 python
-rw------- 1 cms036 cms     410 Jun 18 00:42 report.log
drwx------ 6 cms036 cms    4096 Jun 18 00:36 src
drwxr-xr-x 3 cms036 cms    4096 Jun 18 00:36 test
drwxr-xr-x 3 cms036 cms    4096 Jun 18 00:36 tmp
-rw------- 1 cms036 cms 3130080 Jun 18 00:42 validationEDM_5_1_1WM.root
>>> current directory (RUNTIME_AREA):  /home/cms036/home_cream_492103153/CREAM492103153/glide_d4p34c/execute/dir_19716
SE = storm-se-01.ba.infn.it
SE_PATH = /srm/managerv2?SFN=//cms/store/user/calabria/calabria_SingleMuPt10_GEN-SIM-DIGI-RECO_CMSSW_6_2_0_SLHC12_2023Scenario_Case3/calabria_MuMinus10_GEN-SIM-DIGI-RECO_CMSSW_6_2_0_SLHC12_2023Scenario_VALNOPU2_Case3/5854dd31cbd3cdec44c48628cc181cf0/
LFNBaseName = /store/user/calabria/calabria_SingleMuPt10_GEN-SIM-DIGI-RECO_CMSSW_6_2_0_SLHC12_2023Scenario_Case3/calabria_MuMinus10_GEN-SIM-DIGI-RECO_CMSSW_6_2_0_SLHC12_2023Scenario_VALNOPU2_Case3/5854dd31cbd3cdec44c48628cc181cf0/
USER = calabria
endpoint = srm://storm-se-01.ba.infn.it:8444/srm/managerv2?SFN=//cms/store/user/calabria/calabria_SingleMuPt10_GEN-SIM-DIGI-RECO_CMSSW_6_2_0_SLHC12_2023Scenario_Case3/calabria_MuMinus10_GEN-SIM-DIGI-RECO_CMSSW_6_2_0_SLHC12_2023Scenario_VALNOPU2_Case3/5854dd31cbd3cdec44c48628cc181cf0/
>>> Copy output files from WN = alicegrid69.ba.infn.it to /srm/managerv2?SFN=//cms/store/user/calabria/calabria_SingleMuPt10_GEN-SIM-DIGI-RECO_CMSSW_6_2_0_SLHC12_2023Scenario_Case3/calabria_MuMinus10_GEN-SIM-DIGI-RECO_CMSSW_6_2_0_SLHC12_2023Scenario_VALNOPU2_Case3/5854dd31cbd3cdec44c48628cc181cf0/ :
python cmscp.py  --destination srm://storm-se-01.ba.infn.it:8444/srm/managerv2?SFN=//cms/store/user/calabria/calabria_SingleMuPt10_GEN-SIM-DIGI-RECO_CMSSW_6_2_0_SLHC12_2023Scenario_Case3/calabria_MuMinus10_GEN-SIM-DIGI-RECO_CMSSW_6_2_0_SLHC12_2023Scenario_VALNOPU2_Case3/5854dd31cbd3cdec44c48628cc181cf0/ --inputFileList /home/cms036/home_cream_492103153/CREAM492103153/glide_d4p34c/execute/dir_19716/CMSSW_6_2_0_SLHC12/validationEDM_5_1_1WM.root --middleware LCG --se_name storm-se-01.ba.infn.it --for_lfn /store/user/calabria/calabria_SingleMuPt10_GEN-SIM-DIGI-RECO_CMSSW_6_2_0_SLHC12_2023Scenario_Case3/calabria_MuMinus10_GEN-SIM-DIGI-RECO_CMSSW_6_2_0_SLHC12_2023Scenario_VALNOPU2_Case3/5854dd31cbd3cdec44c48628cc181cf0/    
******************************************************
localSeName  =  storm-se-01.ba.infn.it
remoteSeName =  storm-se-01.ba.infn.it
******************************************************
{"/home/cms036/home_cream_492103153/CREAM492103153/glide_d4p34c/execute/dir_19716/CMSSW_6_2_0_SLHC12/validationEDM_5_1_1WM.root": {"endpoint": "srm://storm-se-01.ba.infn.it:8444/srm/managerv2?SFN=//cms/store/user/calabria/calabria_SingleMuPt10_GEN-SIM-DIGI-RECO_CMSSW_6_2_0_SLHC12_2023Scenario_Case3/calabria_MuMinus10_GEN-SIM-DIGI-RECO_CMSSW_6_2_0_SLHC12_2023Scenario_VALNOPU2_Case3/5854dd31cbd3cdec44c48628cc181cf0/", "surl_for_grid": "", "reason": "Copy succedeed with srm-lcg utils", "erCode": "0", "se_name": "storm-se-01.ba.infn.it", "for_lfn": "/store/user/calabria/calabria_SingleMuPt10_GEN-SIM-DIGI-RECO_CMSSW_6_2_0_SLHC12_2023Scenario_Case3/calabria_MuMinus10_GEN-SIM-DIGI-RECO_CMSSW_6_2_0_SLHC12_2023Scenario_VALNOPU2_Case3/5854dd31cbd3cdec44c48628cc181cf0/"}}/home/cms036/home_cream_492103153/CREAM492103153/glide_d4p34c/execute/dir_19716
-------- cat /home/cms036/home_cream_492103153/CREAM492103153/glide_d4p34c/execute/dir_19716/cmscpReport.sh 
#!/bin/bash
echo "Report for File: /home/cms036/home_cream_492103153/CREAM492103153/glide_d4p34c/execute/dir_19716/CMSSW_6_2_0_SLHC12/validationEDM_5_1_1WM.root"
echo "LFN: /store/user/calabria/calabria_SingleMuPt10_GEN-SIM-DIGI-RECO_CMSSW_6_2_0_SLHC12_2023Scenario_Case3/calabria_MuMinus10_GEN-SIM-DIGI-RECO_CMSSW_6_2_0_SLHC12_2023Scenario_VALNOPU2_Case3/5854dd31cbd3cdec44c48628cc181cf0/validationEDM_5_1_1WM.root"
echo "StorageElement: storm-se-01.ba.infn.it"
echo "StageOutExitStatusReason = 'Copy succedeed with srm-lcg utils'" | tee -a $RUNTIME_AREA/$repo
echo "StageOutSE = storm-se-01.ba.infn.it" >> $RUNTIME_AREA/$repo

export StageOutExitStatus=0
echo "StageOutExitStatus = 0" | tee -a $RUNTIME_AREA/$repo
-------- end of /home/cms036/home_cream_492103153/CREAM492103153/glide_d4p34c/execute/dir_19716/cmscpReport.sh 
Report for File: /home/cms036/home_cream_492103153/CREAM492103153/glide_d4p34c/execute/dir_19716/CMSSW_6_2_0_SLHC12/validationEDM_5_1_1WM.root
LFN: /store/user/calabria/calabria_SingleMuPt10_GEN-SIM-DIGI-RECO_CMSSW_6_2_0_SLHC12_2023Scenario_Case3/calabria_MuMinus10_GEN-SIM-DIGI-RECO_CMSSW_6_2_0_SLHC12_2023Scenario_VALNOPU2_Case3/5854dd31cbd3cdec44c48628cc181cf0/validationEDM_5_1_1WM.root
StorageElement: storm-se-01.ba.infn.it
StageOutExitStatusReason = 'Copy succedeed with srm-lcg utils'
StageOutExitStatus = 0
>>> current dir: /home/cms036/home_cream_492103153/CREAM492103153/glide_d4p34c/execute/dir_19716
>>> current dir content:
total 28080
-rw-------  1 cms036 cms     2776 Jun 18 00:43 .SEinteraction.log
-rwx------  1 cms036 cms     6831 Jun 18 00:36 .job.ad
-rwx------  1 cms036 cms     9469 Jun 18 00:36 .machine.ad
-rw-------  1 cms036 cms      105 Jun 16 20:40 CMSSW.py
-rw-------  1 cms036 cms  3740460 Jun 16 20:40 CMSSW.py.pkl
-rwx------  1 cms036 cms    29556 Jun 18 00:36 CMSSW.sh
drwxr-xr-x 15 cms036 cms     4096 Jun 18 00:42 CMSSW_6_2_0_SLHC12
-rw-------  1 cms036 cms      220 Jun 18 00:36 CacheEnv.sh
-rw-------  1 cms036 cms     7291 Apr  4 11:04 DashboardAPI.py
-rw-------  1 cms036 cms     6815 Jun 18 00:36 DashboardAPI.pyc
drwx------  2 cms036 cms     4096 Jun 18 00:42 IMProv
-rw-------  1 cms036 cms     2748 Apr  4 11:04 Logger.py
-rw-------  1 cms036 cms     3347 Jun 18 00:36 Logger.pyc
-rw-------  1 cms036 cms    24524 Apr  4 11:04 ProcInfo.py
-rw-------  1 cms036 cms    23197 Jun 18 00:36 ProcInfo.pyc
drwx------  7 cms036 cms     4096 Jun 18 00:36 ProdCommon
drwx------  3 cms036 cms     4096 Jun 18 00:36 WMCore
-rw-------  1 cms036 cms     2674 Jun 18 00:42 Watchdog_5.log
-rwx------  1 cms036 cms        0 Jun 18 00:36 _condor_stderr
-rwx---r--  1 cms036 cms    29413 Jun 18 00:43 _condor_stdout
-rw-------  1 cms036 cms    32895 Apr  4 11:04 apmon.py
-rw-------  1 cms036 cms    28625 Jun 18 00:36 apmon.pyc
-rwx------  1 cms036 cms    53451 Jun 18 00:36 arguments.xml
-rwx------  1 cms036 cms    38515 Apr  4 11:04 cmscp.py
-rw-------  1 cms036 cms      716 Jun 18 00:43 cmscpReport.sh
-rwx------  1 cms036 cms    29556 Jun 18 00:36 condor_exec.exe
-rw-------  1 cms036 cms      958 Jun 16 20:40 crab.cfg
-rwx------  1 cms036 cms     8610 Apr  4 11:04 crabWatchdog.sh
-rwx---r--  1 cms036 cms   523245 Jun 18 00:42 crab_fjr_5.xml
-rwx------  1 cms036 cms 23957894 Jun 18 00:36 default.tgz
-rwx------  1 cms036 cms     4488 Apr  4 11:04 fillCrabFjr.py
-rw-------  1 cms036 cms     2626 Jun 18 00:36 inputsReport.txt
-rw-------  1 cms036 cms      261 Jun 18 00:43 jobreport.txt
-rw-------  1 cms036 cms    17352 Apr  4 11:04 parseCrabFjr.py
-rw-------  1 cms036 cms      333 Jun 18 00:36 report.log
-rwx--x--x  1 cms036 cms     1497 Apr  4 11:04 report.py
-rw-------  1 cms036 cms      771 Jun 18 00:43 resultCopyFile
lrwxrwxrwx  1 cms036 cms      125 Jun 18 00:42 validationEDM.root -> /home/cms036/home_cream_492103153/CREAM492103153/glide_d4p34c/execute/dir_19716/CMSSW_6_2_0_SLHC12/validationEDM_5_1_1WM.root
-rwx------  1 cms036 cms     8387 Apr  4 11:04 writeCfg.py
-rw-------  1 cms036 cms     8010 Jun 18 00:36 x509up_u50707
>>> Modify Job Report:
CMSSW_VERSION = CMSSW_6_2_0_SLHC12
ProcessedDataset = calabria_MuMinus10_GEN-SIM-DIGI-RECO_CMSSW_6_2_0_SLHC12_2023Scenario_VALNOPU2_Case3
/home/cms036/home_cream_492103153/CREAM492103153/glide_d4p34c/execute/dir_19716/ProdCommon/FwkJobRep/ModifyJobReport.py fjr /home/cms036/home_cream_492103153/CREAM492103153/glide_d4p34c/execute/dir_19716/crab_fjr_5.xml json /home/cms036/home_cream_492103153/CREAM492103153/glide_d4p34c/execute/dir_19716/resultCopyFile n_job 5_1_1WM PrimaryDataset calabria_SingleMuPt10_GEN-SIM-DIGI-RECO_CMSSW_6_2_0_SLHC12_2023Scenario_Case3  ApplicationFamily cmsRun ApplicationName cmsRun cmssw_version CMSSW_6_2_0_SLHC12 psethash 5854dd31cbd3cdec44c48628cc181cf0 UserProcessedDataset calabria-calabria_MuMinus10_GEN-SIM-DIGI-RECO_CMSSW_6_2_0_SLHC12_2023Scenario_VALNOPU2_Case3-5854dd31cbd3cdec44c48628cc181cf0
inputDict =  {u'/home/cms036/home_cream_492103153/CREAM492103153/glide_d4p34c/execute/dir_19716/CMSSW_6_2_0_SLHC12/validationEDM_5_1_1WM.root': {u'endpoint': u'srm://storm-se-01.ba.infn.it:8444/srm/managerv2?SFN=//cms/store/user/calabria/calabria_SingleMuPt10_GEN-SIM-DIGI-RECO_CMSSW_6_2_0_SLHC12_2023Scenario_Case3/calabria_MuMinus10_GEN-SIM-DIGI-RECO_CMSSW_6_2_0_SLHC12_2023Scenario_VALNOPU2_Case3/5854dd31cbd3cdec44c48628cc181cf0/', u'surl_for_grid': u'', u'reason': u'Copy succedeed with srm-lcg utils', u'erCode': u'0', u'se_name': u'storm-se-01.ba.infn.it', u'for_lfn': u'/store/user/calabria/calabria_SingleMuPt10_GEN-SIM-DIGI-RECO_CMSSW_6_2_0_SLHC12_2023Scenario_Case3/calabria_MuMinus10_GEN-SIM-DIGI-RECO_CMSSW_6_2_0_SLHC12_2023Scenario_VALNOPU2_Case3/5854dd31cbd3cdec44c48628cc181cf0/'}}
UserProcessedDataset =  calabria-calabria_MuMinus10_GEN-SIM-DIGI-RECO_CMSSW_6_2_0_SLHC12_2023Scenario_VALNOPU2_Case3-5854dd31cbd3cdec44c48628cc181cf0
file_name in inputDict =  /home/cms036/home_cream_492103153/CREAM492103153/glide_d4p34c/execute/dir_19716/CMSSW_6_2_0_SLHC12/validationEDM_5_1_1WM.root
(size) os.stat(filename)[6] =  3130080
checksum =  353896821
    file =  validationEDM_5_1_1WM.root
    newPfn =  srm://storm-se-01.ba.infn.it:8444/srm/managerv2?SFN=//cms/store/user/calabria/calabria_SingleMuPt10_GEN-SIM-DIGI-RECO_CMSSW_6_2_0_SLHC12_2023Scenario_Case3/calabria_MuMinus10_GEN-SIM-DIGI-RECO_CMSSW_6_2_0_SLHC12_2023Scenario_VALNOPU2_Case3/5854dd31cbd3cdec44c48628cc181cf0/validationEDM_5_1_1WM.root
    newLfn =  /store/user/calabria/calabria_SingleMuPt10_GEN-SIM-DIGI-RECO_CMSSW_6_2_0_SLHC12_2023Scenario_Case3/calabria_MuMinus10_GEN-SIM-DIGI-RECO_CMSSW_6_2_0_SLHC12_2023Scenario_VALNOPU2_Case3/5854dd31cbd3cdec44c48628cc181cf0/validationEDM_5_1_1WM.root
>>> crab_fjr_*.xml  permission set to 0704
CrabWrapper EXIT_FUNC entered at Wed Jun 18 00:43:30 CEST 2014   -  Tue Jun 17 22:43:30 UTC 2014
Checking output files:  
will tar file crab_fjr_5.xml in  out_files_5
WARNING: output file CMSSW_5.stdout not found!
WARNING: output file CMSSW_5.stderr not found!
WARNING: output file Watchdog_5.log.gz not found!
>>> padding time: Sleeping the wrapper for 180 seconds
STOPPING WATCHDOG. CrabWatchdog PID is 21655
********** LAST 50 LINES OF WATCHDOG LOG
# RESOURCE USAGE SUMMARY FOR PROCESS ID 20008
USER       PID %CPU %MEM    VSZ   RSS TTY      STAT START   TIME COMMAND
cms036   20008  0.1  0.0   9496  1600 ?        S    00:36   0:00 /bin/sh /home/cms036/home_cream_492103153/CREAM492103153/glide_d4p34c/execute/dir_19716/condor_exec.exe 5 1
 
# LIMITS USED BY CRAB WATCHDOG:
# RSS  (KBytes)   : 2300000
# VSZ  (KBytes)   : 100000000
# DISK (MBytes)   : 19000
# CPU TIME        : 720h:0m:0s
# WALL CLOCK TIME : 21h:50m:0s
 
# FOLLOWING PRINTOUT TRACKS MAXIMUM VALUES OF RESOURCES USE
# ONE LINE IS PRINTED EACH TIME A MAXIMUM CHANGES
# IF CHANGE WAS IN RSS OR VSZ ALSO PROCID AND COMMAND ARE PRINTED
# THERE IS NO PRINTOUT FOR CPU/WALL TIME INCREASE
 
# TIME			PID	RSS(KB)	VSZ(KB)	Dsk(MB)	tCPU(s)	tWALL(s)	COMMAND
 Jun 18 00:36:42 CEST	9645	1396	9364	0	0	0	/bin/bash /home/cms036/home_cream_492103153/CREAM492103153/glide_d4p34c/main/condor_startup.sh glidein_config        
 Jun 18 00:36:42 CEST	11555	8004	93340	0	0	0	/home/cms036/home_cream_492103153/CREAM492103153/glide_d4p34c/main/condor/sbin/condor_master -f -pidfile /home/cms036/home_cream_492103153/CREAM492103153/glide_d4p34c/condor_master2.pid       
 Jun 18 00:36:42 CEST	11574	8716	93908	0	0	1	condor_startd -f         
 Jun 18 00:36:42 CEST	21686	39412	101880	0	0	1	edmConfigHash pset.py         
 Jun 18 00:36:42 CEST	27557	39412	106092	0	0	1	sh -c "./glidein_startup.sh" -v std -name v3_0 -entry CMS_T2_IT_Bari_ce2 -clientname UCSD-v1_0.main
 Jun 18 00:36:42 CEST	27567	39412	106492	0	0	1	/bin/bash ./glidein_startup.sh -v std -name v3_0 -entry CMS_T2_IT_Bari_ce2 -clientname UCSD-v1_0.main -schedd
 Jun 18 00:36:42 CEST	---	39412	106492	171	----	----	----
 Jun 18 00:37:43 CEST	23959	700552	979364	171	38	62	cmsRun -j /home/cms036/home_cream_492103153/CREAM492103153/glide_d4p34c/execute/dir_19716/crab_fjr_5.xml -p pset.py      
 Jun 18 00:37:43 CEST	---	700552	979364	175	----	----	----
 Jun 18 00:38:44 CEST	23959	703292	1003424	175	87	123	cmsRun -j /home/cms036/home_cream_492103153/CREAM492103153/glide_d4p34c/execute/dir_19716/crab_fjr_5.xml -p pset.py      
 Jun 18 00:39:45 CEST	23959	714160	1018528	175	136	184	cmsRun -j /home/cms036/home_cream_492103153/CREAM492103153/glide_d4p34c/execute/dir_19716/crab_fjr_5.xml -p pset.py      
 Jun 18 00:40:46 CEST	23959	721448	1021188	175	183	244	cmsRun -j /home/cms036/home_cream_492103153/CREAM492103153/glide_d4p34c/execute/dir_19716/crab_fjr_5.xml -p pset.py      
 Jun 18 00:41:47 CEST	23959	731908	1029636	175	232	305	cmsRun -j /home/cms036/home_cream_492103153/CREAM492103153/glide_d4p34c/execute/dir_19716/crab_fjr_5.xml -p pset.py      
 Jun 18 00:42:48 CEST	---	731908	1029636	178	----	----	----
 Jun 18 00:43:48 CEST	---	731908	1029636	179	----	----	----
********** WATCHDOG LOG ENDED
ZIPPING WATCHDOG LOG
Disk space used:
du -sh /home/cms036/home_cream_492103153/CREAM492103153/glide_d4p34c/execute/dir_19716
179M	/home/cms036/home_cream_492103153/CREAM492103153/glide_d4p34c/execute/dir_19716
Found unusual stdout, rename for OSB
`/home/cms036/home_cream_492103153/CREAM492103153/glide_d4p34c/execute/dir_19716/_condor_stdout' -> `CMSSW_5.stdout'
Found unusual stderr, rename for OSB
`/home/cms036/home_cream_492103153/CREAM492103153/glide_d4p34c/execute/dir_19716/_condor_stdout' -> `CMSSW_5.stderr'
crab_fjr_5.xml
CMSSW_5.stdout
CMSSW_5.stderr
Watchdog_5.log.gz
Total Output dimension: 70167
WARNING: output files size limit is set to: 50000000
Total Output dimension 70167 is fine.
JOB_EXIT_STATUS = 0
>>> info for dashboard:
***** Cat /home/cms036/home_cream_492103153/CREAM492103153/glide_d4p34c/execute/dir_19716/jobreport.txt *****
MonitorJobID=5_https://hcc-crabserver.unl.edu//140616//142015.4
MonitorID=calabria_MuMinus10_Case3_ReReco_n36x9o
ExeTime=340
ExeExitCode=0
StageOutExitStatusReason = 'Copy succedeed with srm-lcg utils'
StageOutSE = storm-se-01.ba.infn.it
StageOutExitStatus = 0
CrabUserCpuTime=270.88
CrabSysCpuTime=4.10
CrabCpuPercentage=80%
CrabWrapperTime=600
CrabStageoutTime=48
JobExitCode=0
***** End Cat jobreport *****
Parameters sent to Dashboard.
EXITING at Wed Jun 18 00:46:34 CEST 2014  -  Tue Jun 17 22:46:34 UTC 2014
