This script was generated by crab (version 2.10.5_patch1).
Running /home/cms049/home_cream_313083035/CREAM313083035/glide_nFeAIP/execute/dir_26472/condor_exec.exe with 2 positional parameters: 20 1
Today is Wed Jun 18 00:37:12 CEST 2014 - Tue Jun 17 22:37:12 UTC 2014
Job submitted on host pccms120.ba.infn.it
Linux pccms120.ba.infn.it 2.6.32-358.23.2.el6.x86_64 #1 SMP Thu Oct 17 10:27:22 CEST 2013 x86_64 x86_64 x86_64 GNU/Linux
>>> current directory (RUNTIME_AREA): /home/cms049/home_cream_313083035/CREAM313083035/glide_nFeAIP/execute/dir_26472
>>> current user: uid=18671(cms049) gid=1399(cms) groups=1399(cms)
>>> directory permission set to 0700
>>> umask set to:  u=rwx,g=,o=
>>> stdout stderr permission set to 0704
>>> voms proxy information:
subject   : /C=IT/O=INFN/OU=Personal Certificate/L=Bari/CN=Cesare Calabria/CN=477126703/CN=1097152157
issuer    : /C=IT/O=INFN/OU=Personal Certificate/L=Bari/CN=Cesare Calabria/CN=477126703
identity  : /C=IT/O=INFN/OU=Personal Certificate/L=Bari/CN=Cesare Calabria
type      : RFC3820 compliant limited proxy
strength  : 1024
path      : /home/cms049/home_cream_313083035/CREAM313083035/glide_nFeAIP/execute/dir_26472/x509up_u50707
timeleft  : 23:58:54
key usage : Digital Signature, Key Encipherment, Data Encipherment
=== VO cms extension information ===
VO        : cms
subject   : /C=IT/O=INFN/OU=Personal Certificate/L=Bari/CN=Cesare Calabria
issuer    : /DC=ch/DC=cern/OU=computers/CN=voms.cern.ch
attribute : /cms/Role=NULL/Capability=NULL
attribute : /cms/itcms/Role=NULL/Capability=NULL
timeleft  : 154:47:07
uri       : voms.cern.ch:15002

WNHostName=pccms120.ba.infn.it
>>> tar --no-same-permissions -xf /home/cms049/home_cream_313083035/CREAM313083035/glide_nFeAIP/execute/dir_26472/default.tgz :
Successful untar
>>> Include /home/cms049/home_cream_313083035/CREAM313083035/glide_nFeAIP/execute/dir_26472 in PYTHONPATH:
strip arguments
env var CRAB_UNIQUE_JOB_ID set to: calabria_MuMinus10_Case3_ReReco_n36x9o_20_1_wHj
out_files_20
>>> list of expected files on output sandbox
output files: crab_fjr_20.xml CMSSW_20.stdout CMSSW_20.stderr Watchdog_20.log.gz
>>> GridFlavour discovery: 
GridFlavour=LCG
>>> SyncSite discovery: 
SyncSite=T2_IT_Bari
>>> SyncCE discovery: 
getting SyncCE from CE_ID
SyncCE=cream-ce-2.ba.infn.it:8443/cream-pbs-cms
>>> info for dashboard:
***** Cat /home/cms049/home_cream_313083035/CREAM313083035/glide_nFeAIP/execute/dir_26472/jobreport.txt *****
WNHostName=pccms120.ba.infn.it
MonitorJobID=20_https://hcc-crabserver.unl.edu//140616//142015.19
SyncGridJobId=https://hcc-crabserver.unl.edu//140616//142015.19
MonitorID=calabria_MuMinus10_Case3_ReReco_n36x9o
GridFlavour=LCG
SyncSite=T2_IT_Bari
SyncCE=cream-ce-2.ba.infn.it:8443/cream-pbs-cms
***** End Cat jobreport *****
Parameters sent to Dashboard.
>>> setup environment
set SCRAM ARCH to slc5_amd64_gcc472
SCRAM_ARCH = slc5_amd64_gcc472
>>> setup CMS LCG environment:
set SCRAM ARCH and BUILD_ARCH to slc5_amd64_gcc472 ###
Sourcing environment... 
sourcing /cvmfs/cms.cern.ch/cmsset_default.sh
==> setup cms environment ok
>>> specific cmssw setup environment:
CMSSW_VERSION =  CMSSW_6_2_0_SLHC12
>>> current directory (SOFTWARE_DIR): /home/cms049/home_cream_313083035/CREAM313083035/glide_nFeAIP/execute/dir_26472/CMSSW_6_2_0_SLHC12
PreserveSeeds: <>
IncrementSeeds:<>
>>> info for dashboard:
***** Cat /home/cms049/home_cream_313083035/CREAM313083035/glide_nFeAIP/execute/dir_26472/jobreport.txt *****
MonitorJobID=20_https://hcc-crabserver.unl.edu//140616//142015.19
MonitorID=calabria_MuMinus10_Case3_ReReco_n36x9o
***** End Cat jobreport *****
Parameters sent to Dashboard.
crabWatchdog started as process 26827
>>> moving CMSSW software directories in /home/cms049/home_cream_313083035/CREAM313083035/glide_nFeAIP/execute/dir_26472/CMSSW_6_2_0_SLHC12
mv: cannot stat `/home/cms049/home_cream_313083035/CREAM313083035/glide_nFeAIP/execute/dir_26472/module/': No such file or directory
>>> Include /home/cms049/home_cream_313083035/CREAM313083035/glide_nFeAIP/execute/dir_26472 in PYTHONPATH:
PYTHONPATH=/home/cms049/home_cream_313083035/CREAM313083035/glide_nFeAIP/execute/dir_26472/:/home/cms049/home_cream_313083035/CREAM313083035/glide_nFeAIP/execute/dir_26472/CMSSW_6_2_0_SLHC12/python:/home/cms049/home_cream_313083035/CREAM313083035/glide_nFeAIP/execute/dir_26472/CMSSW_6_2_0_SLHC12/lib/slc5_amd64_gcc472:/cvmfs/cms.cern.ch/slc5_amd64_gcc472/cms/cmssw/CMSSW_6_2_0_SLHC12/python:/cvmfs/cms.cern.ch/slc5_amd64_gcc472/cms/cmssw/CMSSW_6_2_0_SLHC12/lib/slc5_amd64_gcc472:/cvmfs/cms.cern.ch/slc5_amd64_gcc472/cms/coral/CORAL_2_3_21-cms36/slc5_amd64_gcc472/python:/cvmfs/cms.cern.ch/slc5_amd64_gcc472/cms/coral/CORAL_2_3_21-cms36/slc5_amd64_gcc472/lib:/cvmfs/cms.cern.ch/slc5_amd64_gcc472/external/pyqt/4.8.1-cms6/lib/python2.7/site-packages:/cvmfs/cms.cern.ch/slc5_amd64_gcc472/external/py2-scipy/0.8.0-cms8/lib/python2.7/site-packages:/cvmfs/cms.cern.ch/slc5_amd64_gcc472/external/py2-matplotlib/1.0.1-cms8/lib/python2.7/site-packages:/cvmfs/cms.cern.ch/slc5_amd64_gcc472/external/python-ldap/2.3.5-cms6/lib/python2.7/site-packages:/cvmfs/cms.cern.ch/slc5_amd64_gcc472/external/sip/4.11.2-cms6/lib/python2.7/site-packages:/cvmfs/cms.cern.ch/slc5_amd64_gcc472/external/py2-pycurl/7.19.0-cms8/lib/python2.7/site-packages:/cvmfs/cms.cern.ch/slc5_amd64_gcc472/external/py2-numpy/1.6.1-cms8/lib/python2.7/site-packages:/cvmfs/cms.cern.ch/slc5_amd64_gcc472/external/py2-lint/0.25.1-cms6/lib/python2.7/site-packages:/cvmfs/cms.cern.ch/slc5_amd64_gcc472/external/py2-ipython/0.10-cms6/lib/python2.7/site-packages:/cvmfs/cms.cern.ch/slc5_amd64_gcc472/external/py2-cx-oracle/5.1-cms7/lib/python2.7/site-packages:/cvmfs/cms.cern.ch/slc5_amd64_gcc472/external/py2-cjson/1.0.5-cms6/lib/python2.7/site-packages:/cvmfs/cms.cern.ch/slc5_amd64_gcc472/cms/das-client/1.11.7/bin:/cvmfs/cms.cern.ch/slc5_amd64_gcc472/external/elementtree/1.2.6-cms6/share/lib/python2.7/site-packages:/cvmfs/cms.cern.ch/slc5_amd64_gcc472/external/rivet/1.8.2-cms8/lib/python2.7/site-packages:/cvmfs/cms.cern.ch/slc5_amd64_gcc472/external/pyminuit2/0.0.1-cms19/lib/python2.7/site-packages:/cvmfs/cms.cern.ch/slc5_amd64_gcc472/external/py2-pygithub/1.23.0/lib/python2.7/site-packages:/cvmfs/cms.cern.ch/slc5_amd64_gcc472/external/professor/1.0.0-cms19/lib/python2.7/site-packages:/cvmfs/cms.cern.ch/slc5_amd64_gcc472/lcg/root/5.34.07-cms/lib:/cvmfs/cms.cern.ch/slc5_amd64_gcc472/cms/dbs-client/DBS_2_1_9-cms5/lib:/cvmfs/cms.cern.ch/slc5_amd64_gcc472/cms/dbs-client/DBS_2_1_9-cms5/lib/DBSAPI:/cvmfs/cms.cern.ch/slc5_amd64_gcc472/external/cvs2git/5419-cms/lib:/home/cms049/home_cream_313083035/CREAM313083035/glide_nFeAIP/execute/dir_26472/
 
# LIMITS USED BY CRAB WATCHDOG:
# RSS  (KBytes)   : 2300000
# VSZ  (KBytes)   : 100000000
# DISK (MBytes)   : 19000
# CPU TIME        : 720h:0m:0s
# WALL CLOCK TIME : 21h:50m:0s
 
5854dd31cbd3cdec44c48628cc181cf0
PSETHASH = 5854dd31cbd3cdec44c48628cc181cf0
/home/cms049/home_cream_313083035/CREAM313083035/glide_nFeAIP/execute/dir_26472/writeCfg.py pset.py pset.py
Importing .py file
Setting parameters
RandomNumberGeneratorService found, will attempt to change seeds
inputBlocks=/calabria_SingleMuPt10_GEN-SIM-DIGI-RECO_CMSSW_6_2_0_SLHC12_2023Scenario_Case3/calabria-calabria_SingleMuPt10_GEN-SIM-DIGI-RECO_CMSSW_6_2_0_SLHC12_2023Scenario_Case3-713e95291268ed84eccf2b8e553eab97/USER#3fdaec55-e682-4866-bb99-35d4d4166125
inputFiles=/store/user/calabria/calabria_SingleMuPt10_GEN-SIM-DIGI-RECO_CMSSW_6_2_0_SLHC12_2023Scenario_Case3/calabria_SingleMuPt10_GEN-SIM-DIGI-RECO_CMSSW_6_2_0_SLHC12_2023Scenario_Case3/713e95291268ed84eccf2b8e553eab97/out_reco_433_1_6Mq.root;/store/user/calabria/calabria_SingleMuPt10_GEN-SIM-DIGI-RECO_CMSSW_6_2_0_SLHC12_2023Scenario_Case3/calabria_SingleMuPt10_GEN-SIM-DIGI-RECO_CMSSW_6_2_0_SLHC12_2023Scenario_Case3/713e95291268ed84eccf2b8e553eab97/out_reco_434_1_tVH.root;/store/user/calabria/calabria_SingleMuPt10_GEN-SIM-DIGI-RECO_CMSSW_6_2_0_SLHC12_2023Scenario_Case3/calabria_SingleMuPt10_GEN-SIM-DIGI-RECO_CMSSW_6_2_0_SLHC12_2023Scenario_Case3/713e95291268ed84eccf2b8e553eab97/out_reco_435_1_PGI.root;/store/user/calabria/calabria_SingleMuPt10_GEN-SIM-DIGI-RECO_CMSSW_6_2_0_SLHC12_2023Scenario_Case3/calabria_SingleMuPt10_GEN-SIM-DIGI-RECO_CMSSW_6_2_0_SLHC12_2023Scenario_Case3/713e95291268ed84eccf2b8e553eab97/out_reco_436_1_kcT.root;/store/user/calabria/calabria_SingleMuPt10_GEN-SIM-DIGI-RECO_CMSSW_6_2_0_SLHC12_2023Scenario_Case3/calabria_SingleMuPt10_GEN-SIM-DIGI-RECO_CMSSW_6_2_0_SLHC12_2023Scenario_Case3/713e95291268ed84eccf2b8e553eab97/out_reco_437_1_fFq.root;/store/user/calabria/calabria_SingleMuPt10_GEN-SIM-DIGI-RECO_CMSSW_6_2_0_SLHC12_2023Scenario_Case3/calabria_SingleMuPt10_GEN-SIM-DIGI-RECO_CMSSW_6_2_0_SLHC12_2023Scenario_Case3/713e95291268ed84eccf2b8e553eab97/out_reco_439_1_ZxP.root;/store/user/calabria/calabria_SingleMuPt10_GEN-SIM-DIGI-RECO_CMSSW_6_2_0_SLHC12_2023Scenario_Case3/calabria_SingleMuPt10_GEN-SIM-DIGI-RECO_CMSSW_6_2_0_SLHC12_2023Scenario_Case3/713e95291268ed84eccf2b8e553eab97/out_reco_442_1_IkZ.root;/store/user/calabria/calabria_SingleMuPt10_GEN-SIM-DIGI-RECO_CMSSW_6_2_0_SLHC12_2023Scenario_Case3/calabria_SingleMuPt10_GEN-SIM-DIGI-RECO_CMSSW_6_2_0_SLHC12_2023Scenario_Case3/713e95291268ed84eccf2b8e553eab97/out_reco_444_1_beY.root;/store/user/calabria/calabria_SingleMuPt10_GEN-SIM-DIGI-RECO_CMSSW_6_2_0_SLHC12_2023Scenario_Case3/calabria_SingleMuPt10_GEN-SIM-DIGI-RECO_CMSSW_6_2_0_SLHC12_2023Scenario_Case3/713e95291268ed84eccf2b8e553eab97/out_reco_448_1_YZn.root;/store/user/calabria/calabria_SingleMuPt10_GEN-SIM-DIGI-RECO_CMSSW_6_2_0_SLHC12_2023Scenario_Case3/calabria_SingleMuPt10_GEN-SIM-DIGI-RECO_CMSSW_6_2_0_SLHC12_2023Scenario_Case3/713e95291268ed84eccf2b8e553eab97/out_reco_450_1_8ri.root
parentFiles=
lumisRange=
>>> Executable cmsRun
/cvmfs/cms.cern.ch/slc5_amd64_gcc472/cms/cmssw/CMSSW_6_2_0_SLHC12/bin/slc5_amd64_gcc472/cmsRun
ok executable found
>>> info for dashboard:
***** Cat /home/cms049/home_cream_313083035/CREAM313083035/glide_nFeAIP/execute/dir_26472/jobreport.txt *****
MonitorJobID=20_https://hcc-crabserver.unl.edu//140616//142015.19
MonitorID=calabria_MuMinus10_Case3_ReReco_n36x9o
ExeStart=cmsRun
***** End Cat jobreport *****
Parameters sent to Dashboard.
>>> cmsRun started at Tue Jun 17 22:37:30 UTC 2014
>>> cmsRun ended at Tue Jun 17 22:41:29 UTC 2014
>>> crab_fjr_*.xml  permission set to 0704
>>> info for dashboard:
***** Cat /home/cms049/home_cream_313083035/CREAM313083035/glide_nFeAIP/execute/dir_26472/jobreport.txt *****
MonitorJobID=20_https://hcc-crabserver.unl.edu//140616//142015.19
MonitorID=calabria_MuMinus10_Case3_ReReco_n36x9o
ExeEnd=cmsRun
***** End Cat jobreport *****
Parameters sent to Dashboard.
TIME_EXE = 239 sec
>>> cmsRun wrote 50 lines of stdout+stderr
>>> START OF printout of 50 lines from stdout+stderr
271 DQMStore::DQMStore 
HcalTopologyIdealEP::HcalTopologyIdealEP
18-Jun-2014 00:37:42 CEST  Initiating request to open file file:/lustre/cms//store/user/calabria/calabria_SingleMuPt10_GEN-SIM-DIGI-RECO_CMSSW_6_2_0_SLHC12_2023Scenario_Case3/calabria_SingleMuPt10_GEN-SIM-DIGI-RECO_CMSSW_6_2_0_SLHC12_2023Scenario_Case3/713e95291268ed84eccf2b8e553eab97/out_reco_433_1_6Mq.root
18-Jun-2014 00:37:44 CEST  Successfully opened file file:/lustre/cms//store/user/calabria/calabria_SingleMuPt10_GEN-SIM-DIGI-RECO_CMSSW_6_2_0_SLHC12_2023Scenario_Case3/calabria_SingleMuPt10_GEN-SIM-DIGI-RECO_CMSSW_6_2_0_SLHC12_2023Scenario_Case3/713e95291268ed84eccf2b8e553eab97/out_reco_433_1_6Mq.root
18-Jun-2014 00:38:07 CEST  Closed file file:/lustre/cms//store/user/calabria/calabria_SingleMuPt10_GEN-SIM-DIGI-RECO_CMSSW_6_2_0_SLHC12_2023Scenario_Case3/calabria_SingleMuPt10_GEN-SIM-DIGI-RECO_CMSSW_6_2_0_SLHC12_2023Scenario_Case3/713e95291268ed84eccf2b8e553eab97/out_reco_433_1_6Mq.root
18-Jun-2014 00:38:07 CEST  Initiating request to open file file:/lustre/cms//store/user/calabria/calabria_SingleMuPt10_GEN-SIM-DIGI-RECO_CMSSW_6_2_0_SLHC12_2023Scenario_Case3/calabria_SingleMuPt10_GEN-SIM-DIGI-RECO_CMSSW_6_2_0_SLHC12_2023Scenario_Case3/713e95291268ed84eccf2b8e553eab97/out_reco_434_1_tVH.root
18-Jun-2014 00:38:07 CEST  Successfully opened file file:/lustre/cms//store/user/calabria/calabria_SingleMuPt10_GEN-SIM-DIGI-RECO_CMSSW_6_2_0_SLHC12_2023Scenario_Case3/calabria_SingleMuPt10_GEN-SIM-DIGI-RECO_CMSSW_6_2_0_SLHC12_2023Scenario_Case3/713e95291268ed84eccf2b8e553eab97/out_reco_434_1_tVH.root
18-Jun-2014 00:38:30 CEST  Closed file file:/lustre/cms//store/user/calabria/calabria_SingleMuPt10_GEN-SIM-DIGI-RECO_CMSSW_6_2_0_SLHC12_2023Scenario_Case3/calabria_SingleMuPt10_GEN-SIM-DIGI-RECO_CMSSW_6_2_0_SLHC12_2023Scenario_Case3/713e95291268ed84eccf2b8e553eab97/out_reco_434_1_tVH.root
18-Jun-2014 00:38:30 CEST  Initiating request to open file file:/lustre/cms//store/user/calabria/calabria_SingleMuPt10_GEN-SIM-DIGI-RECO_CMSSW_6_2_0_SLHC12_2023Scenario_Case3/calabria_SingleMuPt10_GEN-SIM-DIGI-RECO_CMSSW_6_2_0_SLHC12_2023Scenario_Case3/713e95291268ed84eccf2b8e553eab97/out_reco_435_1_PGI.root
18-Jun-2014 00:38:30 CEST  Successfully opened file file:/lustre/cms//store/user/calabria/calabria_SingleMuPt10_GEN-SIM-DIGI-RECO_CMSSW_6_2_0_SLHC12_2023Scenario_Case3/calabria_SingleMuPt10_GEN-SIM-DIGI-RECO_CMSSW_6_2_0_SLHC12_2023Scenario_Case3/713e95291268ed84eccf2b8e553eab97/out_reco_435_1_PGI.root
18-Jun-2014 00:38:51 CEST  Closed file file:/lustre/cms//store/user/calabria/calabria_SingleMuPt10_GEN-SIM-DIGI-RECO_CMSSW_6_2_0_SLHC12_2023Scenario_Case3/calabria_SingleMuPt10_GEN-SIM-DIGI-RECO_CMSSW_6_2_0_SLHC12_2023Scenario_Case3/713e95291268ed84eccf2b8e553eab97/out_reco_435_1_PGI.root
18-Jun-2014 00:38:51 CEST  Initiating request to open file file:/lustre/cms//store/user/calabria/calabria_SingleMuPt10_GEN-SIM-DIGI-RECO_CMSSW_6_2_0_SLHC12_2023Scenario_Case3/calabria_SingleMuPt10_GEN-SIM-DIGI-RECO_CMSSW_6_2_0_SLHC12_2023Scenario_Case3/713e95291268ed84eccf2b8e553eab97/out_reco_436_1_kcT.root
18-Jun-2014 00:38:51 CEST  Successfully opened file file:/lustre/cms//store/user/calabria/calabria_SingleMuPt10_GEN-SIM-DIGI-RECO_CMSSW_6_2_0_SLHC12_2023Scenario_Case3/calabria_SingleMuPt10_GEN-SIM-DIGI-RECO_CMSSW_6_2_0_SLHC12_2023Scenario_Case3/713e95291268ed84eccf2b8e553eab97/out_reco_436_1_kcT.root
18-Jun-2014 00:39:11 CEST  Closed file file:/lustre/cms//store/user/calabria/calabria_SingleMuPt10_GEN-SIM-DIGI-RECO_CMSSW_6_2_0_SLHC12_2023Scenario_Case3/calabria_SingleMuPt10_GEN-SIM-DIGI-RECO_CMSSW_6_2_0_SLHC12_2023Scenario_Case3/713e95291268ed84eccf2b8e553eab97/out_reco_436_1_kcT.root
18-Jun-2014 00:39:11 CEST  Initiating request to open file file:/lustre/cms//store/user/calabria/calabria_SingleMuPt10_GEN-SIM-DIGI-RECO_CMSSW_6_2_0_SLHC12_2023Scenario_Case3/calabria_SingleMuPt10_GEN-SIM-DIGI-RECO_CMSSW_6_2_0_SLHC12_2023Scenario_Case3/713e95291268ed84eccf2b8e553eab97/out_reco_437_1_fFq.root
18-Jun-2014 00:39:11 CEST  Successfully opened file file:/lustre/cms//store/user/calabria/calabria_SingleMuPt10_GEN-SIM-DIGI-RECO_CMSSW_6_2_0_SLHC12_2023Scenario_Case3/calabria_SingleMuPt10_GEN-SIM-DIGI-RECO_CMSSW_6_2_0_SLHC12_2023Scenario_Case3/713e95291268ed84eccf2b8e553eab97/out_reco_437_1_fFq.root
18-Jun-2014 00:39:31 CEST  Closed file file:/lustre/cms//store/user/calabria/calabria_SingleMuPt10_GEN-SIM-DIGI-RECO_CMSSW_6_2_0_SLHC12_2023Scenario_Case3/calabria_SingleMuPt10_GEN-SIM-DIGI-RECO_CMSSW_6_2_0_SLHC12_2023Scenario_Case3/713e95291268ed84eccf2b8e553eab97/out_reco_437_1_fFq.root
18-Jun-2014 00:39:31 CEST  Initiating request to open file file:/lustre/cms//store/user/calabria/calabria_SingleMuPt10_GEN-SIM-DIGI-RECO_CMSSW_6_2_0_SLHC12_2023Scenario_Case3/calabria_SingleMuPt10_GEN-SIM-DIGI-RECO_CMSSW_6_2_0_SLHC12_2023Scenario_Case3/713e95291268ed84eccf2b8e553eab97/out_reco_439_1_ZxP.root
18-Jun-2014 00:39:32 CEST  Successfully opened file file:/lustre/cms//store/user/calabria/calabria_SingleMuPt10_GEN-SIM-DIGI-RECO_CMSSW_6_2_0_SLHC12_2023Scenario_Case3/calabria_SingleMuPt10_GEN-SIM-DIGI-RECO_CMSSW_6_2_0_SLHC12_2023Scenario_Case3/713e95291268ed84eccf2b8e553eab97/out_reco_439_1_ZxP.root
18-Jun-2014 00:39:55 CEST  Closed file file:/lustre/cms//store/user/calabria/calabria_SingleMuPt10_GEN-SIM-DIGI-RECO_CMSSW_6_2_0_SLHC12_2023Scenario_Case3/calabria_SingleMuPt10_GEN-SIM-DIGI-RECO_CMSSW_6_2_0_SLHC12_2023Scenario_Case3/713e95291268ed84eccf2b8e553eab97/out_reco_439_1_ZxP.root
18-Jun-2014 00:39:55 CEST  Initiating request to open file file:/lustre/cms//store/user/calabria/calabria_SingleMuPt10_GEN-SIM-DIGI-RECO_CMSSW_6_2_0_SLHC12_2023Scenario_Case3/calabria_SingleMuPt10_GEN-SIM-DIGI-RECO_CMSSW_6_2_0_SLHC12_2023Scenario_Case3/713e95291268ed84eccf2b8e553eab97/out_reco_442_1_IkZ.root
18-Jun-2014 00:39:55 CEST  Successfully opened file file:/lustre/cms//store/user/calabria/calabria_SingleMuPt10_GEN-SIM-DIGI-RECO_CMSSW_6_2_0_SLHC12_2023Scenario_Case3/calabria_SingleMuPt10_GEN-SIM-DIGI-RECO_CMSSW_6_2_0_SLHC12_2023Scenario_Case3/713e95291268ed84eccf2b8e553eab97/out_reco_442_1_IkZ.root
18-Jun-2014 00:40:16 CEST  Closed file file:/lustre/cms//store/user/calabria/calabria_SingleMuPt10_GEN-SIM-DIGI-RECO_CMSSW_6_2_0_SLHC12_2023Scenario_Case3/calabria_SingleMuPt10_GEN-SIM-DIGI-RECO_CMSSW_6_2_0_SLHC12_2023Scenario_Case3/713e95291268ed84eccf2b8e553eab97/out_reco_442_1_IkZ.root
18-Jun-2014 00:40:16 CEST  Initiating request to open file file:/lustre/cms//store/user/calabria/calabria_SingleMuPt10_GEN-SIM-DIGI-RECO_CMSSW_6_2_0_SLHC12_2023Scenario_Case3/calabria_SingleMuPt10_GEN-SIM-DIGI-RECO_CMSSW_6_2_0_SLHC12_2023Scenario_Case3/713e95291268ed84eccf2b8e553eab97/out_reco_444_1_beY.root
18-Jun-2014 00:40:16 CEST  Successfully opened file file:/lustre/cms//store/user/calabria/calabria_SingleMuPt10_GEN-SIM-DIGI-RECO_CMSSW_6_2_0_SLHC12_2023Scenario_Case3/calabria_SingleMuPt10_GEN-SIM-DIGI-RECO_CMSSW_6_2_0_SLHC12_2023Scenario_Case3/713e95291268ed84eccf2b8e553eab97/out_reco_444_1_beY.root
18-Jun-2014 00:40:39 CEST  Closed file file:/lustre/cms//store/user/calabria/calabria_SingleMuPt10_GEN-SIM-DIGI-RECO_CMSSW_6_2_0_SLHC12_2023Scenario_Case3/calabria_SingleMuPt10_GEN-SIM-DIGI-RECO_CMSSW_6_2_0_SLHC12_2023Scenario_Case3/713e95291268ed84eccf2b8e553eab97/out_reco_444_1_beY.root
18-Jun-2014 00:40:39 CEST  Initiating request to open file file:/lustre/cms//store/user/calabria/calabria_SingleMuPt10_GEN-SIM-DIGI-RECO_CMSSW_6_2_0_SLHC12_2023Scenario_Case3/calabria_SingleMuPt10_GEN-SIM-DIGI-RECO_CMSSW_6_2_0_SLHC12_2023Scenario_Case3/713e95291268ed84eccf2b8e553eab97/out_reco_448_1_YZn.root
18-Jun-2014 00:40:39 CEST  Successfully opened file file:/lustre/cms//store/user/calabria/calabria_SingleMuPt10_GEN-SIM-DIGI-RECO_CMSSW_6_2_0_SLHC12_2023Scenario_Case3/calabria_SingleMuPt10_GEN-SIM-DIGI-RECO_CMSSW_6_2_0_SLHC12_2023Scenario_Case3/713e95291268ed84eccf2b8e553eab97/out_reco_448_1_YZn.root
18-Jun-2014 00:41:02 CEST  Closed file file:/lustre/cms//store/user/calabria/calabria_SingleMuPt10_GEN-SIM-DIGI-RECO_CMSSW_6_2_0_SLHC12_2023Scenario_Case3/calabria_SingleMuPt10_GEN-SIM-DIGI-RECO_CMSSW_6_2_0_SLHC12_2023Scenario_Case3/713e95291268ed84eccf2b8e553eab97/out_reco_448_1_YZn.root
18-Jun-2014 00:41:02 CEST  Initiating request to open file file:/lustre/cms//store/user/calabria/calabria_SingleMuPt10_GEN-SIM-DIGI-RECO_CMSSW_6_2_0_SLHC12_2023Scenario_Case3/calabria_SingleMuPt10_GEN-SIM-DIGI-RECO_CMSSW_6_2_0_SLHC12_2023Scenario_Case3/713e95291268ed84eccf2b8e553eab97/out_reco_450_1_8ri.root
18-Jun-2014 00:41:02 CEST  Successfully opened file file:/lustre/cms//store/user/calabria/calabria_SingleMuPt10_GEN-SIM-DIGI-RECO_CMSSW_6_2_0_SLHC12_2023Scenario_Case3/calabria_SingleMuPt10_GEN-SIM-DIGI-RECO_CMSSW_6_2_0_SLHC12_2023Scenario_Case3/713e95291268ed84eccf2b8e553eab97/out_reco_450_1_8ri.root
18-Jun-2014 00:41:29 CEST  Closed file file:/lustre/cms//store/user/calabria/calabria_SingleMuPt10_GEN-SIM-DIGI-RECO_CMSSW_6_2_0_SLHC12_2023Scenario_Case3/calabria_SingleMuPt10_GEN-SIM-DIGI-RECO_CMSSW_6_2_0_SLHC12_2023Scenario_Case3/713e95291268ed84eccf2b8e553eab97/out_reco_450_1_8ri.root

=============================================

MessageLogger Summary

 type     category        sev    module        subroutine        count    total
 ---- -------------------- -- ---------------- ----------------  -----    -----
    1 fileAction           -s file_close                            10       10
    2 fileAction           -s file_open                             20       20

 type    category    Examples: run/evt        run/evt          run/evt
 ---- -------------------- ---------------- ---------------- ----------------
    1 fileAction           PostProcessEvent PostProcessEvent PostEndRun
    2 fileAction           pre-events       pre-events       PostProcessEvent

Severity    # Occurrences   Total Occurrences
--------    -------------   -----------------
System                 30                  30
>>> END OF printout of 50 lines from stdout+stderr
>>> Parse FrameworkJobReport crab_fjr.xml
Result of parsing the FrameworkJobReport crab_fjr.xml: Popularity start
lumisRange : 1::::1;1::::2;1::::3;1::::4;1::::5;1::::6;1::::7;1::::8;1::::9;1::::10;
lumisParentRange : 
Basename : /store/user/calabria/calabria_SingleMuPt10_GEN-SIM-DIGI-RECO_CMSSW_6_2_0_SLHC12_2023Scenario_Case3/calabria_SingleMuPt10_GEN-SIM-DIGI-RECO_CMSSW_6_2_0_SLHC12_2023Scenario_Case3/713e95291268ed84eccf2b8e553eab97/out_reco_4
BasenameParent : 
parentFiles : 
inputBlocks : /calabria_SingleMuPt10_GEN-SIM-DIGI-RECO_CMSSW_6_2_0_SLHC12_2023Scenario_Case3/calabria-calabria_SingleMuPt10_GEN-SIM-DIGI-RECO_CMSSW_6_2_0_SLHC12_2023Scenario_Case3-713e95291268ed84eccf2b8e553eab97/USER#3fdaec55-e682-4866-bb99-35d4d4166125
inputFiles : 37_1_fFq.root::1::EDM::Local::1;39_1_ZxP.root::1::EDM::Local::2;42_1_IkZ.root::1::EDM::Local::3;33_1_6Mq.root::1::EDM::Local::4;44_1_beY.root::1::EDM::Local::5;50_1_8ri.root::1::EDM::Local::6;48_1_YZn.root::1::EDM::Local::7;34_1_tVH.root::1::EDM::Local::8;36_1_kcT.root::1::EDM::Local::9;35_1_PGI.root::1::EDM::Local::10;
Popularity stop
Extracted ExitStatus from FrameworkJobReport parsing output: 0
>>> Executable succeded  0
ExeExitCode=0
EXECUTABLE_EXIT_STATUS = 0
>>> current directory /home/cms049/home_cream_313083035/CREAM313083035/glide_nFeAIP/execute/dir_26472/CMSSW_6_2_0_SLHC12
>>>  (SOFTWARE_DIR): /home/cms049/home_cream_313083035/CREAM313083035/glide_nFeAIP/execute/dir_26472/CMSSW_6_2_0_SLHC12
>>> (WORKING_DIR): 
>>> current directory content:
total 10436
drwxr-xr-x 3 cms049 cms    4096 Jun 18 00:37 .SCRAM
-rw------- 1 cms049 cms 3740460 Jun 18 00:37 CMSSW.py.pkl
drwxr-xr-x 3 cms049 cms    4096 Jun 18 00:37 bin
drwxr-xr-x 3 cms049 cms    4096 Jun 18 00:37 cfipython
drwxr-xr-x 4 cms049 cms    4096 Jun 18 00:37 config
-rw------- 1 cms049 cms      16 Jun 18 00:41 cpu_timing.txt
drwxr-xr-x 2 cms049 cms    4096 Jun 18 00:37 doc
-rw------- 1 cms049 cms    9925 Jun 18 00:41 executable.out
drwxr-xr-x 2 cms049 cms    4096 Jun 18 00:37 include
drwx------ 3 cms049 cms    4096 Apr 28 18:12 lib
drwxr-xr-x 3 cms049 cms    4096 Jun 18 00:37 logs
drwxr-xr-x 3 cms049 cms    4096 Jun 18 00:37 objs
-rw------- 1 cms049 cms     104 Jun 18 00:37 pset.py
-rw------- 1 cms049 cms 3712313 Jun 18 00:37 pset.py.pkl
-rw------- 1 cms049 cms     289 Jun 18 00:37 pset.pyc
drwxr-xr-x 2 cms049 cms    4096 Jun 18 00:37 python
-rw------- 1 cms049 cms     416 Jun 18 00:41 report.log
drwx------ 6 cms049 cms    4096 Jun 18 00:37 src
drwxr-xr-x 3 cms049 cms    4096 Jun 18 00:37 test
drwxr-xr-x 3 cms049 cms    4096 Jun 18 00:37 tmp
-rw------- 1 cms049 cms 3129615 Jun 18 00:41 validationEDM.root
>>> current directory /home/cms049/home_cream_313083035/CREAM313083035/glide_nFeAIP/execute/dir_26472/CMSSW_6_2_0_SLHC12
>>> (SOFTWARE_DIR): /home/cms049/home_cream_313083035/CREAM313083035/glide_nFeAIP/execute/dir_26472/CMSSW_6_2_0_SLHC12
>>> (WORKING_DIR): 
>>> current directory content:
total 10436
drwxr-xr-x 3 cms049 cms    4096 Jun 18 00:37 .SCRAM
-rw------- 1 cms049 cms 3740460 Jun 18 00:37 CMSSW.py.pkl
drwxr-xr-x 3 cms049 cms    4096 Jun 18 00:37 bin
drwxr-xr-x 3 cms049 cms    4096 Jun 18 00:37 cfipython
drwxr-xr-x 4 cms049 cms    4096 Jun 18 00:37 config
-rw------- 1 cms049 cms      16 Jun 18 00:41 cpu_timing.txt
drwxr-xr-x 2 cms049 cms    4096 Jun 18 00:37 doc
-rw------- 1 cms049 cms    9925 Jun 18 00:41 executable.out
drwxr-xr-x 2 cms049 cms    4096 Jun 18 00:37 include
drwx------ 3 cms049 cms    4096 Apr 28 18:12 lib
drwxr-xr-x 3 cms049 cms    4096 Jun 18 00:37 logs
drwxr-xr-x 3 cms049 cms    4096 Jun 18 00:37 objs
-rw------- 1 cms049 cms     104 Jun 18 00:37 pset.py
-rw------- 1 cms049 cms 3712313 Jun 18 00:37 pset.py.pkl
-rw------- 1 cms049 cms     289 Jun 18 00:37 pset.pyc
drwxr-xr-x 2 cms049 cms    4096 Jun 18 00:37 python
-rw------- 1 cms049 cms     416 Jun 18 00:41 report.log
drwx------ 6 cms049 cms    4096 Jun 18 00:37 src
drwxr-xr-x 3 cms049 cms    4096 Jun 18 00:37 test
drwxr-xr-x 3 cms049 cms    4096 Jun 18 00:37 tmp
-rw------- 1 cms049 cms 3129615 Jun 18 00:41 validationEDM_20_1_wHj.root
>>> current directory (RUNTIME_AREA):  /home/cms049/home_cream_313083035/CREAM313083035/glide_nFeAIP/execute/dir_26472
SE = storm-se-01.ba.infn.it
SE_PATH = /srm/managerv2?SFN=//cms/store/user/calabria/calabria_SingleMuPt10_GEN-SIM-DIGI-RECO_CMSSW_6_2_0_SLHC12_2023Scenario_Case3/calabria_MuMinus10_GEN-SIM-DIGI-RECO_CMSSW_6_2_0_SLHC12_2023Scenario_VALNOPU2_Case3/5854dd31cbd3cdec44c48628cc181cf0/
LFNBaseName = /store/user/calabria/calabria_SingleMuPt10_GEN-SIM-DIGI-RECO_CMSSW_6_2_0_SLHC12_2023Scenario_Case3/calabria_MuMinus10_GEN-SIM-DIGI-RECO_CMSSW_6_2_0_SLHC12_2023Scenario_VALNOPU2_Case3/5854dd31cbd3cdec44c48628cc181cf0/
USER = calabria
endpoint = srm://storm-se-01.ba.infn.it:8444/srm/managerv2?SFN=//cms/store/user/calabria/calabria_SingleMuPt10_GEN-SIM-DIGI-RECO_CMSSW_6_2_0_SLHC12_2023Scenario_Case3/calabria_MuMinus10_GEN-SIM-DIGI-RECO_CMSSW_6_2_0_SLHC12_2023Scenario_VALNOPU2_Case3/5854dd31cbd3cdec44c48628cc181cf0/
>>> Copy output files from WN = pccms120.ba.infn.it to /srm/managerv2?SFN=//cms/store/user/calabria/calabria_SingleMuPt10_GEN-SIM-DIGI-RECO_CMSSW_6_2_0_SLHC12_2023Scenario_Case3/calabria_MuMinus10_GEN-SIM-DIGI-RECO_CMSSW_6_2_0_SLHC12_2023Scenario_VALNOPU2_Case3/5854dd31cbd3cdec44c48628cc181cf0/ :
python cmscp.py  --destination srm://storm-se-01.ba.infn.it:8444/srm/managerv2?SFN=//cms/store/user/calabria/calabria_SingleMuPt10_GEN-SIM-DIGI-RECO_CMSSW_6_2_0_SLHC12_2023Scenario_Case3/calabria_MuMinus10_GEN-SIM-DIGI-RECO_CMSSW_6_2_0_SLHC12_2023Scenario_VALNOPU2_Case3/5854dd31cbd3cdec44c48628cc181cf0/ --inputFileList /home/cms049/home_cream_313083035/CREAM313083035/glide_nFeAIP/execute/dir_26472/CMSSW_6_2_0_SLHC12/validationEDM_20_1_wHj.root --middleware LCG --se_name storm-se-01.ba.infn.it --for_lfn /store/user/calabria/calabria_SingleMuPt10_GEN-SIM-DIGI-RECO_CMSSW_6_2_0_SLHC12_2023Scenario_Case3/calabria_MuMinus10_GEN-SIM-DIGI-RECO_CMSSW_6_2_0_SLHC12_2023Scenario_VALNOPU2_Case3/5854dd31cbd3cdec44c48628cc181cf0/    
******************************************************
localSeName  =  storm-se-01.ba.infn.it
remoteSeName =  storm-se-01.ba.infn.it
******************************************************
{"/home/cms049/home_cream_313083035/CREAM313083035/glide_nFeAIP/execute/dir_26472/CMSSW_6_2_0_SLHC12/validationEDM_20_1_wHj.root": {"endpoint": "srm://storm-se-01.ba.infn.it:8444/srm/managerv2?SFN=//cms/store/user/calabria/calabria_SingleMuPt10_GEN-SIM-DIGI-RECO_CMSSW_6_2_0_SLHC12_2023Scenario_Case3/calabria_MuMinus10_GEN-SIM-DIGI-RECO_CMSSW_6_2_0_SLHC12_2023Scenario_VALNOPU2_Case3/5854dd31cbd3cdec44c48628cc181cf0/", "surl_for_grid": "", "reason": "Copy succedeed with srm-lcg utils", "erCode": "0", "se_name": "storm-se-01.ba.infn.it", "for_lfn": "/store/user/calabria/calabria_SingleMuPt10_GEN-SIM-DIGI-RECO_CMSSW_6_2_0_SLHC12_2023Scenario_Case3/calabria_MuMinus10_GEN-SIM-DIGI-RECO_CMSSW_6_2_0_SLHC12_2023Scenario_VALNOPU2_Case3/5854dd31cbd3cdec44c48628cc181cf0/"}}/home/cms049/home_cream_313083035/CREAM313083035/glide_nFeAIP/execute/dir_26472
-------- cat /home/cms049/home_cream_313083035/CREAM313083035/glide_nFeAIP/execute/dir_26472/cmscpReport.sh 
#!/bin/bash
echo "Report for File: /home/cms049/home_cream_313083035/CREAM313083035/glide_nFeAIP/execute/dir_26472/CMSSW_6_2_0_SLHC12/validationEDM_20_1_wHj.root"
echo "LFN: /store/user/calabria/calabria_SingleMuPt10_GEN-SIM-DIGI-RECO_CMSSW_6_2_0_SLHC12_2023Scenario_Case3/calabria_MuMinus10_GEN-SIM-DIGI-RECO_CMSSW_6_2_0_SLHC12_2023Scenario_VALNOPU2_Case3/5854dd31cbd3cdec44c48628cc181cf0/validationEDM_20_1_wHj.root"
echo "StorageElement: storm-se-01.ba.infn.it"
echo "StageOutExitStatusReason = 'Copy succedeed with srm-lcg utils'" | tee -a $RUNTIME_AREA/$repo
echo "StageOutSE = storm-se-01.ba.infn.it" >> $RUNTIME_AREA/$repo

export StageOutExitStatus=0
echo "StageOutExitStatus = 0" | tee -a $RUNTIME_AREA/$repo
-------- end of /home/cms049/home_cream_313083035/CREAM313083035/glide_nFeAIP/execute/dir_26472/cmscpReport.sh 
Report for File: /home/cms049/home_cream_313083035/CREAM313083035/glide_nFeAIP/execute/dir_26472/CMSSW_6_2_0_SLHC12/validationEDM_20_1_wHj.root
LFN: /store/user/calabria/calabria_SingleMuPt10_GEN-SIM-DIGI-RECO_CMSSW_6_2_0_SLHC12_2023Scenario_Case3/calabria_MuMinus10_GEN-SIM-DIGI-RECO_CMSSW_6_2_0_SLHC12_2023Scenario_VALNOPU2_Case3/5854dd31cbd3cdec44c48628cc181cf0/validationEDM_20_1_wHj.root
StorageElement: storm-se-01.ba.infn.it
StageOutExitStatusReason = 'Copy succedeed with srm-lcg utils'
StageOutExitStatus = 0
>>> current dir: /home/cms049/home_cream_313083035/CREAM313083035/glide_nFeAIP/execute/dir_26472
>>> current dir content:
total 28080
-rw-------  1 cms049 cms     2783 Jun 18 00:42 .SEinteraction.log
-rwx------  1 cms049 cms     6812 Jun 18 00:37 .job.ad
-rwx------  1 cms049 cms     9232 Jun 18 00:37 .machine.ad
-rw-------  1 cms049 cms      105 Jun 16 20:40 CMSSW.py
-rw-------  1 cms049 cms  3740460 Jun 16 20:40 CMSSW.py.pkl
-rwx------  1 cms049 cms    29556 Jun 18 00:37 CMSSW.sh
drwxr-xr-x 15 cms049 cms     4096 Jun 18 00:41 CMSSW_6_2_0_SLHC12
-rw-------  1 cms049 cms      220 Jun 18 00:37 CacheEnv.sh
-rw-------  1 cms049 cms     7291 Apr  4 11:04 DashboardAPI.py
-rw-------  1 cms049 cms     6815 Jun 18 00:37 DashboardAPI.pyc
drwx------  2 cms049 cms     4096 Jun 18 00:41 IMProv
-rw-------  1 cms049 cms     2748 Apr  4 11:04 Logger.py
-rw-------  1 cms049 cms     3347 Jun 18 00:37 Logger.pyc
-rw-------  1 cms049 cms    24524 Apr  4 11:04 ProcInfo.py
-rw-------  1 cms049 cms    23197 Jun 18 00:37 ProcInfo.pyc
drwx------  7 cms049 cms     4096 Jun 18 00:37 ProdCommon
drwx------  3 cms049 cms     4096 Jun 18 00:37 WMCore
-rw-------  1 cms049 cms     2339 Jun 18 00:42 Watchdog_20.log
-rwx------  1 cms049 cms        0 Jun 18 00:37 _condor_stderr
-rwx---r--  1 cms049 cms    29428 Jun 18 00:42 _condor_stdout
-rw-------  1 cms049 cms    32895 Apr  4 11:04 apmon.py
-rw-------  1 cms049 cms    28625 Jun 18 00:37 apmon.pyc
-rwx------  1 cms049 cms    53451 Jun 18 00:37 arguments.xml
-rwx------  1 cms049 cms    38515 Apr  4 11:04 cmscp.py
-rw-------  1 cms049 cms      718 Jun 18 00:42 cmscpReport.sh
-rwx------  1 cms049 cms    29556 Jun 18 00:37 condor_exec.exe
-rw-------  1 cms049 cms      958 Jun 16 20:40 crab.cfg
-rwx------  1 cms049 cms     8610 Apr  4 11:04 crabWatchdog.sh
-rwx---r--  1 cms049 cms   523264 Jun 18 00:41 crab_fjr_20.xml
-rwx------  1 cms049 cms 23957894 Jun 18 00:37 default.tgz
-rwx------  1 cms049 cms     4488 Apr  4 11:04 fillCrabFjr.py
-rw-------  1 cms049 cms     2629 Jun 18 00:37 inputsReport.txt
-rw-------  1 cms049 cms      263 Jun 18 00:42 jobreport.txt
-rw-------  1 cms049 cms    17352 Apr  4 11:04 parseCrabFjr.py
-rw-------  1 cms049 cms      333 Jun 18 00:37 report.log
-rwx--x--x  1 cms049 cms     1497 Apr  4 11:04 report.py
-rw-------  1 cms049 cms      772 Jun 18 00:42 resultCopyFile
lrwxrwxrwx  1 cms049 cms      126 Jun 18 00:41 validationEDM.root -> /home/cms049/home_cream_313083035/CREAM313083035/glide_nFeAIP/execute/dir_26472/CMSSW_6_2_0_SLHC12/validationEDM_20_1_wHj.root
-rwx------  1 cms049 cms     8387 Apr  4 11:04 writeCfg.py
-rw-------  1 cms049 cms     8010 Jun 18 00:37 x509up_u50707
>>> Modify Job Report:
CMSSW_VERSION = CMSSW_6_2_0_SLHC12
ProcessedDataset = calabria_MuMinus10_GEN-SIM-DIGI-RECO_CMSSW_6_2_0_SLHC12_2023Scenario_VALNOPU2_Case3
/home/cms049/home_cream_313083035/CREAM313083035/glide_nFeAIP/execute/dir_26472/ProdCommon/FwkJobRep/ModifyJobReport.py fjr /home/cms049/home_cream_313083035/CREAM313083035/glide_nFeAIP/execute/dir_26472/crab_fjr_20.xml json /home/cms049/home_cream_313083035/CREAM313083035/glide_nFeAIP/execute/dir_26472/resultCopyFile n_job 20_1_wHj PrimaryDataset calabria_SingleMuPt10_GEN-SIM-DIGI-RECO_CMSSW_6_2_0_SLHC12_2023Scenario_Case3  ApplicationFamily cmsRun ApplicationName cmsRun cmssw_version CMSSW_6_2_0_SLHC12 psethash 5854dd31cbd3cdec44c48628cc181cf0 UserProcessedDataset calabria-calabria_MuMinus10_GEN-SIM-DIGI-RECO_CMSSW_6_2_0_SLHC12_2023Scenario_VALNOPU2_Case3-5854dd31cbd3cdec44c48628cc181cf0
inputDict =  {u'/home/cms049/home_cream_313083035/CREAM313083035/glide_nFeAIP/execute/dir_26472/CMSSW_6_2_0_SLHC12/validationEDM_20_1_wHj.root': {u'endpoint': u'srm://storm-se-01.ba.infn.it:8444/srm/managerv2?SFN=//cms/store/user/calabria/calabria_SingleMuPt10_GEN-SIM-DIGI-RECO_CMSSW_6_2_0_SLHC12_2023Scenario_Case3/calabria_MuMinus10_GEN-SIM-DIGI-RECO_CMSSW_6_2_0_SLHC12_2023Scenario_VALNOPU2_Case3/5854dd31cbd3cdec44c48628cc181cf0/', u'surl_for_grid': u'', u'reason': u'Copy succedeed with srm-lcg utils', u'erCode': u'0', u'se_name': u'storm-se-01.ba.infn.it', u'for_lfn': u'/store/user/calabria/calabria_SingleMuPt10_GEN-SIM-DIGI-RECO_CMSSW_6_2_0_SLHC12_2023Scenario_Case3/calabria_MuMinus10_GEN-SIM-DIGI-RECO_CMSSW_6_2_0_SLHC12_2023Scenario_VALNOPU2_Case3/5854dd31cbd3cdec44c48628cc181cf0/'}}
UserProcessedDataset =  calabria-calabria_MuMinus10_GEN-SIM-DIGI-RECO_CMSSW_6_2_0_SLHC12_2023Scenario_VALNOPU2_Case3-5854dd31cbd3cdec44c48628cc181cf0
file_name in inputDict =  /home/cms049/home_cream_313083035/CREAM313083035/glide_nFeAIP/execute/dir_26472/CMSSW_6_2_0_SLHC12/validationEDM_20_1_wHj.root
(size) os.stat(filename)[6] =  3129615
checksum =  819844210
    file =  validationEDM_20_1_wHj.root
    newPfn =  srm://storm-se-01.ba.infn.it:8444/srm/managerv2?SFN=//cms/store/user/calabria/calabria_SingleMuPt10_GEN-SIM-DIGI-RECO_CMSSW_6_2_0_SLHC12_2023Scenario_Case3/calabria_MuMinus10_GEN-SIM-DIGI-RECO_CMSSW_6_2_0_SLHC12_2023Scenario_VALNOPU2_Case3/5854dd31cbd3cdec44c48628cc181cf0/validationEDM_20_1_wHj.root
    newLfn =  /store/user/calabria/calabria_SingleMuPt10_GEN-SIM-DIGI-RECO_CMSSW_6_2_0_SLHC12_2023Scenario_Case3/calabria_MuMinus10_GEN-SIM-DIGI-RECO_CMSSW_6_2_0_SLHC12_2023Scenario_VALNOPU2_Case3/5854dd31cbd3cdec44c48628cc181cf0/validationEDM_20_1_wHj.root
>>> crab_fjr_*.xml  permission set to 0704
CrabWrapper EXIT_FUNC entered at Wed Jun 18 00:42:23 CEST 2014   -  Tue Jun 17 22:42:23 UTC 2014
Checking output files:  
will tar file crab_fjr_20.xml in  out_files_20
WARNING: output file CMSSW_20.stdout not found!
WARNING: output file CMSSW_20.stderr not found!
WARNING: output file Watchdog_20.log.gz not found!
>>> padding time: Sleeping the wrapper for 290 seconds
STOPPING WATCHDOG. CrabWatchdog PID is 26827
********** LAST 50 LINES OF WATCHDOG LOG
# RESOURCE USAGE SUMMARY FOR PROCESS ID 26514
USER       PID %CPU %MEM    VSZ   RSS TTY      STAT START   TIME COMMAND
cms049   26514  0.2  0.0   9496  1592 ?        S    00:37   0:00 /bin/sh /home/cms049/home_cream_313083035/CREAM313083035/glide_nFeAIP/execute/dir_26472/condor_exec.exe 20 1
 
# LIMITS USED BY CRAB WATCHDOG:
# RSS  (KBytes)   : 2300000
# VSZ  (KBytes)   : 100000000
# DISK (MBytes)   : 19000
# CPU TIME        : 720h:0m:0s
# WALL CLOCK TIME : 21h:50m:0s
 
# FOLLOWING PRINTOUT TRACKS MAXIMUM VALUES OF RESOURCES USE
# ONE LINE IS PRINTED EACH TIME A MAXIMUM CHANGES
# IF CHANGE WAS IN RSS OR VSZ ALSO PROCID AND COMMAND ARE PRINTED
# THERE IS NO PRINTOUT FOR CPU/WALL TIME INCREASE
 
# TIME			PID	RSS(KB)	VSZ(KB)	Dsk(MB)	tCPU(s)	tWALL(s)	COMMAND
 Jun 18 00:37:18 CEST	3632	1260	106092	0	0	0	sh -c "./glidein_startup.sh" -v std -name v3_0 -entry CMS_T2_IT_Bari_ce2 -clientname UCSD-v1_0.main
 Jun 18 00:37:18 CEST	3635	1772	106492	0	0	0	/bin/bash ./glidein_startup.sh -v std -name v3_0 -entry CMS_T2_IT_Bari_ce2 -clientname UCSD-v1_0.main -schedd
 Jun 18 00:37:18 CEST	14540	8000	106492	0	0	0	/home/cms049/home_cream_313083035/CREAM313083035/glide_nFeAIP/main/condor/sbin/condor_master -f -pidfile /home/cms049/home_cream_313083035/CREAM313083035/glide_nFeAIP/condor_master2.pid       
 Jun 18 00:37:18 CEST	14771	8684	106492	0	0	1	condor_startd -f         
 Jun 18 00:37:18 CEST	26842	49000	115464	0	0	1	edmConfigHash pset.py         
 Jun 18 00:37:18 CEST	---	49000	115464	171	----	----	----
 Jun 18 00:38:19 CEST	27592	736116	992032	171	34	61	cmsRun -j /home/cms049/home_cream_313083035/CREAM313083035/glide_nFeAIP/execute/dir_26472/crab_fjr_20.xml -p pset.py      
 Jun 18 00:38:19 CEST	---	736116	992032	175	----	----	----
 Jun 18 00:39:19 CEST	27592	762184	1016708	175	80	122	cmsRun -j /home/cms049/home_cream_313083035/CREAM313083035/glide_nFeAIP/execute/dir_26472/crab_fjr_20.xml -p pset.py      
 Jun 18 00:40:20 CEST	27592	771412	1021572	175	124	182	cmsRun -j /home/cms049/home_cream_313083035/CREAM313083035/glide_nFeAIP/execute/dir_26472/crab_fjr_20.xml -p pset.py      
 Jun 18 00:41:20 CEST	27592	789636	1034628	175	171	243	cmsRun -j /home/cms049/home_cream_313083035/CREAM313083035/glide_nFeAIP/execute/dir_26472/crab_fjr_20.xml -p pset.py      
 Jun 18 00:42:21 CEST	---	789636	1034628	178	----	----	----
********** WATCHDOG LOG ENDED
ZIPPING WATCHDOG LOG
Disk space used:
du -sh /home/cms049/home_cream_313083035/CREAM313083035/glide_nFeAIP/execute/dir_26472
179M	/home/cms049/home_cream_313083035/CREAM313083035/glide_nFeAIP/execute/dir_26472
Found unusual stdout, rename for OSB
`/home/cms049/home_cream_313083035/CREAM313083035/glide_nFeAIP/execute/dir_26472/_condor_stdout' -> `CMSSW_20.stdout'
Found unusual stderr, rename for OSB
`/home/cms049/home_cream_313083035/CREAM313083035/glide_nFeAIP/execute/dir_26472/_condor_stdout' -> `CMSSW_20.stderr'
crab_fjr_20.xml
CMSSW_20.stdout
CMSSW_20.stderr
Watchdog_20.log.gz
Total Output dimension: 69998
WARNING: output files size limit is set to: 50000000
Total Output dimension 69998 is fine.
JOB_EXIT_STATUS = 0
>>> info for dashboard:
***** Cat /home/cms049/home_cream_313083035/CREAM313083035/glide_nFeAIP/execute/dir_26472/jobreport.txt *****
MonitorJobID=20_https://hcc-crabserver.unl.edu//140616//142015.19
MonitorID=calabria_MuMinus10_Case3_ReReco_n36x9o
ExeTime=239
ExeExitCode=0
StageOutExitStatusReason = 'Copy succedeed with srm-lcg utils'
StageOutSE = storm-se-01.ba.infn.it
StageOutExitStatus = 0
CrabUserCpuTime=176.49
CrabSysCpuTime=2.98
CrabCpuPercentage=74%
CrabWrapperTime=600
CrabStageoutTime=49
JobExitCode=0
***** End Cat jobreport *****
Parameters sent to Dashboard.
EXITING at Wed Jun 18 00:47:17 CEST 2014  -  Tue Jun 17 22:47:17 UTC 2014
