This script was generated by crab (version 2.10.5_patch1).
Running /home/cms010/home_cream_801061526/CREAM801061526/glide_abmb3h/execute/dir_31753/condor_exec.exe with 2 positional parameters: 9 1
Today is Wed Jun 18 00:36:31 CEST 2014 - Tue Jun 17 22:36:31 UTC 2014
Job submitted on host alicegrid61.ba.infn.it
Linux alicegrid61.ba.infn.it 2.6.32-358.23.2.el6.x86_64 #1 SMP Thu Oct 17 10:27:22 CEST 2013 x86_64 x86_64 x86_64 GNU/Linux
>>> current directory (RUNTIME_AREA): /home/cms010/home_cream_801061526/CREAM801061526/glide_abmb3h/execute/dir_31753
>>> current user: uid=11704(cms010) gid=1399(cms) groups=1399(cms)
>>> directory permission set to 0700
>>> umask set to:  u=rwx,g=,o=
>>> stdout stderr permission set to 0704
>>> voms proxy information:
subject   : /C=IT/O=INFN/OU=Personal Certificate/L=Bari/CN=Cesare Calabria/CN=477126703/CN=807212271
issuer    : /C=IT/O=INFN/OU=Personal Certificate/L=Bari/CN=Cesare Calabria/CN=477126703
identity  : /C=IT/O=INFN/OU=Personal Certificate/L=Bari/CN=Cesare Calabria
type      : RFC3820 compliant limited proxy
strength  : 1024
path      : /home/cms010/home_cream_801061526/CREAM801061526/glide_abmb3h/execute/dir_31753/x509up_u50707
timeleft  : 23:59:53
key usage : Digital Signature, Key Encipherment, Data Encipherment
=== VO cms extension information ===
VO        : cms
subject   : /C=IT/O=INFN/OU=Personal Certificate/L=Bari/CN=Cesare Calabria
issuer    : /DC=ch/DC=cern/OU=computers/CN=voms.cern.ch
attribute : /cms/Role=NULL/Capability=NULL
attribute : /cms/itcms/Role=NULL/Capability=NULL
timeleft  : 154:47:48
uri       : voms.cern.ch:15002

WNHostName=alicegrid61.ba.infn.it
>>> tar --no-same-permissions -xf /home/cms010/home_cream_801061526/CREAM801061526/glide_abmb3h/execute/dir_31753/default.tgz :
Successful untar
>>> Include /home/cms010/home_cream_801061526/CREAM801061526/glide_abmb3h/execute/dir_31753 in PYTHONPATH:
strip arguments
env var CRAB_UNIQUE_JOB_ID set to: calabria_MuMinus10_Case3_ReReco_n36x9o_9_1_GJs
out_files_9
>>> list of expected files on output sandbox
output files: crab_fjr_9.xml CMSSW_9.stdout CMSSW_9.stderr Watchdog_9.log.gz
>>> GridFlavour discovery: 
GridFlavour=LCG
>>> SyncSite discovery: 
SyncSite=T2_IT_Bari
>>> SyncCE discovery: 
getting SyncCE from CE_ID
SyncCE=cream-ce-4.ba.infn.it:8443/cream-pbs-cms
>>> info for dashboard:
***** Cat /home/cms010/home_cream_801061526/CREAM801061526/glide_abmb3h/execute/dir_31753/jobreport.txt *****
WNHostName=alicegrid61.ba.infn.it
MonitorJobID=9_https://hcc-crabserver.unl.edu//140616//142015.8
SyncGridJobId=https://hcc-crabserver.unl.edu//140616//142015.8
MonitorID=calabria_MuMinus10_Case3_ReReco_n36x9o
GridFlavour=LCG
SyncSite=T2_IT_Bari
SyncCE=cream-ce-4.ba.infn.it:8443/cream-pbs-cms
***** End Cat jobreport *****
Parameters sent to Dashboard.
>>> setup environment
set SCRAM ARCH to slc5_amd64_gcc472
SCRAM_ARCH = slc5_amd64_gcc472
>>> setup CMS LCG environment:
set SCRAM ARCH and BUILD_ARCH to slc5_amd64_gcc472 ###
Sourcing environment... 
sourcing /cvmfs/cms.cern.ch/cmsset_default.sh
==> setup cms environment ok
>>> specific cmssw setup environment:
CMSSW_VERSION =  CMSSW_6_2_0_SLHC12
>>> current directory (SOFTWARE_DIR): /home/cms010/home_cream_801061526/CREAM801061526/glide_abmb3h/execute/dir_31753/CMSSW_6_2_0_SLHC12
PreserveSeeds: <>
IncrementSeeds:<>
>>> info for dashboard:
***** Cat /home/cms010/home_cream_801061526/CREAM801061526/glide_abmb3h/execute/dir_31753/jobreport.txt *****
MonitorJobID=9_https://hcc-crabserver.unl.edu//140616//142015.8
MonitorID=calabria_MuMinus10_Case3_ReReco_n36x9o
***** End Cat jobreport *****
Parameters sent to Dashboard.
crabWatchdog started as process 1754
>>> moving CMSSW software directories in /home/cms010/home_cream_801061526/CREAM801061526/glide_abmb3h/execute/dir_31753/CMSSW_6_2_0_SLHC12
mv: cannot stat `/home/cms010/home_cream_801061526/CREAM801061526/glide_abmb3h/execute/dir_31753/module/': No such file or directory
>>> Include /home/cms010/home_cream_801061526/CREAM801061526/glide_abmb3h/execute/dir_31753 in PYTHONPATH:
PYTHONPATH=/home/cms010/home_cream_801061526/CREAM801061526/glide_abmb3h/execute/dir_31753/:/home/cms010/home_cream_801061526/CREAM801061526/glide_abmb3h/execute/dir_31753/CMSSW_6_2_0_SLHC12/python:/home/cms010/home_cream_801061526/CREAM801061526/glide_abmb3h/execute/dir_31753/CMSSW_6_2_0_SLHC12/lib/slc5_amd64_gcc472:/cvmfs/cms.cern.ch/slc5_amd64_gcc472/cms/cmssw/CMSSW_6_2_0_SLHC12/python:/cvmfs/cms.cern.ch/slc5_amd64_gcc472/cms/cmssw/CMSSW_6_2_0_SLHC12/lib/slc5_amd64_gcc472:/cvmfs/cms.cern.ch/slc5_amd64_gcc472/cms/coral/CORAL_2_3_21-cms36/slc5_amd64_gcc472/python:/cvmfs/cms.cern.ch/slc5_amd64_gcc472/cms/coral/CORAL_2_3_21-cms36/slc5_amd64_gcc472/lib:/cvmfs/cms.cern.ch/slc5_amd64_gcc472/external/pyqt/4.8.1-cms6/lib/python2.7/site-packages:/cvmfs/cms.cern.ch/slc5_amd64_gcc472/external/py2-scipy/0.8.0-cms8/lib/python2.7/site-packages:/cvmfs/cms.cern.ch/slc5_amd64_gcc472/external/py2-matplotlib/1.0.1-cms8/lib/python2.7/site-packages:/cvmfs/cms.cern.ch/slc5_amd64_gcc472/external/python-ldap/2.3.5-cms6/lib/python2.7/site-packages:/cvmfs/cms.cern.ch/slc5_amd64_gcc472/external/sip/4.11.2-cms6/lib/python2.7/site-packages:/cvmfs/cms.cern.ch/slc5_amd64_gcc472/external/py2-pycurl/7.19.0-cms8/lib/python2.7/site-packages:/cvmfs/cms.cern.ch/slc5_amd64_gcc472/external/py2-numpy/1.6.1-cms8/lib/python2.7/site-packages:/cvmfs/cms.cern.ch/slc5_amd64_gcc472/external/py2-lint/0.25.1-cms6/lib/python2.7/site-packages:/cvmfs/cms.cern.ch/slc5_amd64_gcc472/external/py2-ipython/0.10-cms6/lib/python2.7/site-packages:/cvmfs/cms.cern.ch/slc5_amd64_gcc472/external/py2-cx-oracle/5.1-cms7/lib/python2.7/site-packages:/cvmfs/cms.cern.ch/slc5_amd64_gcc472/external/py2-cjson/1.0.5-cms6/lib/python2.7/site-packages:/cvmfs/cms.cern.ch/slc5_amd64_gcc472/cms/das-client/1.11.7/bin:/cvmfs/cms.cern.ch/slc5_amd64_gcc472/external/elementtree/1.2.6-cms6/share/lib/python2.7/site-packages:/cvmfs/cms.cern.ch/slc5_amd64_gcc472/external/rivet/1.8.2-cms8/lib/python2.7/site-packages:/cvmfs/cms.cern.ch/slc5_amd64_gcc472/external/pyminuit2/0.0.1-cms19/lib/python2.7/site-packages:/cvmfs/cms.cern.ch/slc5_amd64_gcc472/external/py2-pygithub/1.23.0/lib/python2.7/site-packages:/cvmfs/cms.cern.ch/slc5_amd64_gcc472/external/professor/1.0.0-cms19/lib/python2.7/site-packages:/cvmfs/cms.cern.ch/slc5_amd64_gcc472/lcg/root/5.34.07-cms/lib:/cvmfs/cms.cern.ch/slc5_amd64_gcc472/cms/dbs-client/DBS_2_1_9-cms5/lib:/cvmfs/cms.cern.ch/slc5_amd64_gcc472/cms/dbs-client/DBS_2_1_9-cms5/lib/DBSAPI:/cvmfs/cms.cern.ch/slc5_amd64_gcc472/external/cvs2git/5419-cms/lib:/home/cms010/home_cream_801061526/CREAM801061526/glide_abmb3h/execute/dir_31753/
 
# LIMITS USED BY CRAB WATCHDOG:
# RSS  (KBytes)   : 2300000
# VSZ  (KBytes)   : 100000000
# DISK (MBytes)   : 19000
# CPU TIME        : 720h:0m:0s
# WALL CLOCK TIME : 21h:50m:0s
 
5854dd31cbd3cdec44c48628cc181cf0
PSETHASH = 5854dd31cbd3cdec44c48628cc181cf0
/home/cms010/home_cream_801061526/CREAM801061526/glide_abmb3h/execute/dir_31753/writeCfg.py pset.py pset.py
Importing .py file
Setting parameters
RandomNumberGeneratorService found, will attempt to change seeds
inputBlocks=/calabria_SingleMuPt10_GEN-SIM-DIGI-RECO_CMSSW_6_2_0_SLHC12_2023Scenario_Case3/calabria-calabria_SingleMuPt10_GEN-SIM-DIGI-RECO_CMSSW_6_2_0_SLHC12_2023Scenario_Case3-713e95291268ed84eccf2b8e553eab97/USER#3fdaec55-e682-4866-bb99-35d4d4166125
inputFiles=/store/user/calabria/calabria_SingleMuPt10_GEN-SIM-DIGI-RECO_CMSSW_6_2_0_SLHC12_2023Scenario_Case3/calabria_SingleMuPt10_GEN-SIM-DIGI-RECO_CMSSW_6_2_0_SLHC12_2023Scenario_Case3/713e95291268ed84eccf2b8e553eab97/out_reco_144_1_uuZ.root;/store/user/calabria/calabria_SingleMuPt10_GEN-SIM-DIGI-RECO_CMSSW_6_2_0_SLHC12_2023Scenario_Case3/calabria_SingleMuPt10_GEN-SIM-DIGI-RECO_CMSSW_6_2_0_SLHC12_2023Scenario_Case3/713e95291268ed84eccf2b8e553eab97/out_reco_145_1_60l.root;/store/user/calabria/calabria_SingleMuPt10_GEN-SIM-DIGI-RECO_CMSSW_6_2_0_SLHC12_2023Scenario_Case3/calabria_SingleMuPt10_GEN-SIM-DIGI-RECO_CMSSW_6_2_0_SLHC12_2023Scenario_Case3/713e95291268ed84eccf2b8e553eab97/out_reco_146_1_d5S.root;/store/user/calabria/calabria_SingleMuPt10_GEN-SIM-DIGI-RECO_CMSSW_6_2_0_SLHC12_2023Scenario_Case3/calabria_SingleMuPt10_GEN-SIM-DIGI-RECO_CMSSW_6_2_0_SLHC12_2023Scenario_Case3/713e95291268ed84eccf2b8e553eab97/out_reco_147_1_qfh.root;/store/user/calabria/calabria_SingleMuPt10_GEN-SIM-DIGI-RECO_CMSSW_6_2_0_SLHC12_2023Scenario_Case3/calabria_SingleMuPt10_GEN-SIM-DIGI-RECO_CMSSW_6_2_0_SLHC12_2023Scenario_Case3/713e95291268ed84eccf2b8e553eab97/out_reco_149_1_OAB.root;/store/user/calabria/calabria_SingleMuPt10_GEN-SIM-DIGI-RECO_CMSSW_6_2_0_SLHC12_2023Scenario_Case3/calabria_SingleMuPt10_GEN-SIM-DIGI-RECO_CMSSW_6_2_0_SLHC12_2023Scenario_Case3/713e95291268ed84eccf2b8e553eab97/out_reco_153_1_vSv.root;/store/user/calabria/calabria_SingleMuPt10_GEN-SIM-DIGI-RECO_CMSSW_6_2_0_SLHC12_2023Scenario_Case3/calabria_SingleMuPt10_GEN-SIM-DIGI-RECO_CMSSW_6_2_0_SLHC12_2023Scenario_Case3/713e95291268ed84eccf2b8e553eab97/out_reco_154_1_24o.root;/store/user/calabria/calabria_SingleMuPt10_GEN-SIM-DIGI-RECO_CMSSW_6_2_0_SLHC12_2023Scenario_Case3/calabria_SingleMuPt10_GEN-SIM-DIGI-RECO_CMSSW_6_2_0_SLHC12_2023Scenario_Case3/713e95291268ed84eccf2b8e553eab97/out_reco_155_1_ycU.root;/store/user/calabria/calabria_SingleMuPt10_GEN-SIM-DIGI-RECO_CMSSW_6_2_0_SLHC12_2023Scenario_Case3/calabria_SingleMuPt10_GEN-SIM-DIGI-RECO_CMSSW_6_2_0_SLHC12_2023Scenario_Case3/713e95291268ed84eccf2b8e553eab97/out_reco_156_1_Ps8.root;/store/user/calabria/calabria_SingleMuPt10_GEN-SIM-DIGI-RECO_CMSSW_6_2_0_SLHC12_2023Scenario_Case3/calabria_SingleMuPt10_GEN-SIM-DIGI-RECO_CMSSW_6_2_0_SLHC12_2023Scenario_Case3/713e95291268ed84eccf2b8e553eab97/out_reco_157_1_KJ9.root
parentFiles=
lumisRange=
>>> Executable cmsRun
/cvmfs/cms.cern.ch/slc5_amd64_gcc472/cms/cmssw/CMSSW_6_2_0_SLHC12/bin/slc5_amd64_gcc472/cmsRun
ok executable found
>>> info for dashboard:
***** Cat /home/cms010/home_cream_801061526/CREAM801061526/glide_abmb3h/execute/dir_31753/jobreport.txt *****
MonitorJobID=9_https://hcc-crabserver.unl.edu//140616//142015.8
MonitorID=calabria_MuMinus10_Case3_ReReco_n36x9o
ExeStart=cmsRun
***** End Cat jobreport *****
Parameters sent to Dashboard.
>>> cmsRun started at Tue Jun 17 22:36:57 UTC 2014
>>> cmsRun ended at Tue Jun 17 22:43:24 UTC 2014
>>> crab_fjr_*.xml  permission set to 0704
>>> info for dashboard:
***** Cat /home/cms010/home_cream_801061526/CREAM801061526/glide_abmb3h/execute/dir_31753/jobreport.txt *****
MonitorJobID=9_https://hcc-crabserver.unl.edu//140616//142015.8
MonitorID=calabria_MuMinus10_Case3_ReReco_n36x9o
ExeEnd=cmsRun
***** End Cat jobreport *****
Parameters sent to Dashboard.
TIME_EXE = 387 sec
>>> cmsRun wrote 50 lines of stdout+stderr
>>> START OF printout of 50 lines from stdout+stderr
271 DQMStore::DQMStore 
HcalTopologyIdealEP::HcalTopologyIdealEP
18-Jun-2014 00:37:17 CEST  Initiating request to open file file:/lustre/cms//store/user/calabria/calabria_SingleMuPt10_GEN-SIM-DIGI-RECO_CMSSW_6_2_0_SLHC12_2023Scenario_Case3/calabria_SingleMuPt10_GEN-SIM-DIGI-RECO_CMSSW_6_2_0_SLHC12_2023Scenario_Case3/713e95291268ed84eccf2b8e553eab97/out_reco_144_1_uuZ.root
18-Jun-2014 00:37:20 CEST  Successfully opened file file:/lustre/cms//store/user/calabria/calabria_SingleMuPt10_GEN-SIM-DIGI-RECO_CMSSW_6_2_0_SLHC12_2023Scenario_Case3/calabria_SingleMuPt10_GEN-SIM-DIGI-RECO_CMSSW_6_2_0_SLHC12_2023Scenario_Case3/713e95291268ed84eccf2b8e553eab97/out_reco_144_1_uuZ.root
18-Jun-2014 00:37:51 CEST  Closed file file:/lustre/cms//store/user/calabria/calabria_SingleMuPt10_GEN-SIM-DIGI-RECO_CMSSW_6_2_0_SLHC12_2023Scenario_Case3/calabria_SingleMuPt10_GEN-SIM-DIGI-RECO_CMSSW_6_2_0_SLHC12_2023Scenario_Case3/713e95291268ed84eccf2b8e553eab97/out_reco_144_1_uuZ.root
18-Jun-2014 00:37:51 CEST  Initiating request to open file file:/lustre/cms//store/user/calabria/calabria_SingleMuPt10_GEN-SIM-DIGI-RECO_CMSSW_6_2_0_SLHC12_2023Scenario_Case3/calabria_SingleMuPt10_GEN-SIM-DIGI-RECO_CMSSW_6_2_0_SLHC12_2023Scenario_Case3/713e95291268ed84eccf2b8e553eab97/out_reco_145_1_60l.root
18-Jun-2014 00:37:51 CEST  Successfully opened file file:/lustre/cms//store/user/calabria/calabria_SingleMuPt10_GEN-SIM-DIGI-RECO_CMSSW_6_2_0_SLHC12_2023Scenario_Case3/calabria_SingleMuPt10_GEN-SIM-DIGI-RECO_CMSSW_6_2_0_SLHC12_2023Scenario_Case3/713e95291268ed84eccf2b8e553eab97/out_reco_145_1_60l.root
18-Jun-2014 00:38:28 CEST  Closed file file:/lustre/cms//store/user/calabria/calabria_SingleMuPt10_GEN-SIM-DIGI-RECO_CMSSW_6_2_0_SLHC12_2023Scenario_Case3/calabria_SingleMuPt10_GEN-SIM-DIGI-RECO_CMSSW_6_2_0_SLHC12_2023Scenario_Case3/713e95291268ed84eccf2b8e553eab97/out_reco_145_1_60l.root
18-Jun-2014 00:38:28 CEST  Initiating request to open file file:/lustre/cms//store/user/calabria/calabria_SingleMuPt10_GEN-SIM-DIGI-RECO_CMSSW_6_2_0_SLHC12_2023Scenario_Case3/calabria_SingleMuPt10_GEN-SIM-DIGI-RECO_CMSSW_6_2_0_SLHC12_2023Scenario_Case3/713e95291268ed84eccf2b8e553eab97/out_reco_146_1_d5S.root
18-Jun-2014 00:38:29 CEST  Successfully opened file file:/lustre/cms//store/user/calabria/calabria_SingleMuPt10_GEN-SIM-DIGI-RECO_CMSSW_6_2_0_SLHC12_2023Scenario_Case3/calabria_SingleMuPt10_GEN-SIM-DIGI-RECO_CMSSW_6_2_0_SLHC12_2023Scenario_Case3/713e95291268ed84eccf2b8e553eab97/out_reco_146_1_d5S.root
18-Jun-2014 00:39:03 CEST  Closed file file:/lustre/cms//store/user/calabria/calabria_SingleMuPt10_GEN-SIM-DIGI-RECO_CMSSW_6_2_0_SLHC12_2023Scenario_Case3/calabria_SingleMuPt10_GEN-SIM-DIGI-RECO_CMSSW_6_2_0_SLHC12_2023Scenario_Case3/713e95291268ed84eccf2b8e553eab97/out_reco_146_1_d5S.root
18-Jun-2014 00:39:03 CEST  Initiating request to open file file:/lustre/cms//store/user/calabria/calabria_SingleMuPt10_GEN-SIM-DIGI-RECO_CMSSW_6_2_0_SLHC12_2023Scenario_Case3/calabria_SingleMuPt10_GEN-SIM-DIGI-RECO_CMSSW_6_2_0_SLHC12_2023Scenario_Case3/713e95291268ed84eccf2b8e553eab97/out_reco_147_1_qfh.root
18-Jun-2014 00:39:03 CEST  Successfully opened file file:/lustre/cms//store/user/calabria/calabria_SingleMuPt10_GEN-SIM-DIGI-RECO_CMSSW_6_2_0_SLHC12_2023Scenario_Case3/calabria_SingleMuPt10_GEN-SIM-DIGI-RECO_CMSSW_6_2_0_SLHC12_2023Scenario_Case3/713e95291268ed84eccf2b8e553eab97/out_reco_147_1_qfh.root
18-Jun-2014 00:39:37 CEST  Closed file file:/lustre/cms//store/user/calabria/calabria_SingleMuPt10_GEN-SIM-DIGI-RECO_CMSSW_6_2_0_SLHC12_2023Scenario_Case3/calabria_SingleMuPt10_GEN-SIM-DIGI-RECO_CMSSW_6_2_0_SLHC12_2023Scenario_Case3/713e95291268ed84eccf2b8e553eab97/out_reco_147_1_qfh.root
18-Jun-2014 00:39:37 CEST  Initiating request to open file file:/lustre/cms//store/user/calabria/calabria_SingleMuPt10_GEN-SIM-DIGI-RECO_CMSSW_6_2_0_SLHC12_2023Scenario_Case3/calabria_SingleMuPt10_GEN-SIM-DIGI-RECO_CMSSW_6_2_0_SLHC12_2023Scenario_Case3/713e95291268ed84eccf2b8e553eab97/out_reco_149_1_OAB.root
18-Jun-2014 00:39:37 CEST  Successfully opened file file:/lustre/cms//store/user/calabria/calabria_SingleMuPt10_GEN-SIM-DIGI-RECO_CMSSW_6_2_0_SLHC12_2023Scenario_Case3/calabria_SingleMuPt10_GEN-SIM-DIGI-RECO_CMSSW_6_2_0_SLHC12_2023Scenario_Case3/713e95291268ed84eccf2b8e553eab97/out_reco_149_1_OAB.root
18-Jun-2014 00:40:13 CEST  Closed file file:/lustre/cms//store/user/calabria/calabria_SingleMuPt10_GEN-SIM-DIGI-RECO_CMSSW_6_2_0_SLHC12_2023Scenario_Case3/calabria_SingleMuPt10_GEN-SIM-DIGI-RECO_CMSSW_6_2_0_SLHC12_2023Scenario_Case3/713e95291268ed84eccf2b8e553eab97/out_reco_149_1_OAB.root
18-Jun-2014 00:40:13 CEST  Initiating request to open file file:/lustre/cms//store/user/calabria/calabria_SingleMuPt10_GEN-SIM-DIGI-RECO_CMSSW_6_2_0_SLHC12_2023Scenario_Case3/calabria_SingleMuPt10_GEN-SIM-DIGI-RECO_CMSSW_6_2_0_SLHC12_2023Scenario_Case3/713e95291268ed84eccf2b8e553eab97/out_reco_153_1_vSv.root
18-Jun-2014 00:40:13 CEST  Successfully opened file file:/lustre/cms//store/user/calabria/calabria_SingleMuPt10_GEN-SIM-DIGI-RECO_CMSSW_6_2_0_SLHC12_2023Scenario_Case3/calabria_SingleMuPt10_GEN-SIM-DIGI-RECO_CMSSW_6_2_0_SLHC12_2023Scenario_Case3/713e95291268ed84eccf2b8e553eab97/out_reco_153_1_vSv.root
18-Jun-2014 00:40:48 CEST  Closed file file:/lustre/cms//store/user/calabria/calabria_SingleMuPt10_GEN-SIM-DIGI-RECO_CMSSW_6_2_0_SLHC12_2023Scenario_Case3/calabria_SingleMuPt10_GEN-SIM-DIGI-RECO_CMSSW_6_2_0_SLHC12_2023Scenario_Case3/713e95291268ed84eccf2b8e553eab97/out_reco_153_1_vSv.root
18-Jun-2014 00:40:48 CEST  Initiating request to open file file:/lustre/cms//store/user/calabria/calabria_SingleMuPt10_GEN-SIM-DIGI-RECO_CMSSW_6_2_0_SLHC12_2023Scenario_Case3/calabria_SingleMuPt10_GEN-SIM-DIGI-RECO_CMSSW_6_2_0_SLHC12_2023Scenario_Case3/713e95291268ed84eccf2b8e553eab97/out_reco_154_1_24o.root
18-Jun-2014 00:40:48 CEST  Successfully opened file file:/lustre/cms//store/user/calabria/calabria_SingleMuPt10_GEN-SIM-DIGI-RECO_CMSSW_6_2_0_SLHC12_2023Scenario_Case3/calabria_SingleMuPt10_GEN-SIM-DIGI-RECO_CMSSW_6_2_0_SLHC12_2023Scenario_Case3/713e95291268ed84eccf2b8e553eab97/out_reco_154_1_24o.root
18-Jun-2014 00:41:25 CEST  Closed file file:/lustre/cms//store/user/calabria/calabria_SingleMuPt10_GEN-SIM-DIGI-RECO_CMSSW_6_2_0_SLHC12_2023Scenario_Case3/calabria_SingleMuPt10_GEN-SIM-DIGI-RECO_CMSSW_6_2_0_SLHC12_2023Scenario_Case3/713e95291268ed84eccf2b8e553eab97/out_reco_154_1_24o.root
18-Jun-2014 00:41:25 CEST  Initiating request to open file file:/lustre/cms//store/user/calabria/calabria_SingleMuPt10_GEN-SIM-DIGI-RECO_CMSSW_6_2_0_SLHC12_2023Scenario_Case3/calabria_SingleMuPt10_GEN-SIM-DIGI-RECO_CMSSW_6_2_0_SLHC12_2023Scenario_Case3/713e95291268ed84eccf2b8e553eab97/out_reco_155_1_ycU.root
18-Jun-2014 00:41:25 CEST  Successfully opened file file:/lustre/cms//store/user/calabria/calabria_SingleMuPt10_GEN-SIM-DIGI-RECO_CMSSW_6_2_0_SLHC12_2023Scenario_Case3/calabria_SingleMuPt10_GEN-SIM-DIGI-RECO_CMSSW_6_2_0_SLHC12_2023Scenario_Case3/713e95291268ed84eccf2b8e553eab97/out_reco_155_1_ycU.root
18-Jun-2014 00:42:00 CEST  Closed file file:/lustre/cms//store/user/calabria/calabria_SingleMuPt10_GEN-SIM-DIGI-RECO_CMSSW_6_2_0_SLHC12_2023Scenario_Case3/calabria_SingleMuPt10_GEN-SIM-DIGI-RECO_CMSSW_6_2_0_SLHC12_2023Scenario_Case3/713e95291268ed84eccf2b8e553eab97/out_reco_155_1_ycU.root
18-Jun-2014 00:42:00 CEST  Initiating request to open file file:/lustre/cms//store/user/calabria/calabria_SingleMuPt10_GEN-SIM-DIGI-RECO_CMSSW_6_2_0_SLHC12_2023Scenario_Case3/calabria_SingleMuPt10_GEN-SIM-DIGI-RECO_CMSSW_6_2_0_SLHC12_2023Scenario_Case3/713e95291268ed84eccf2b8e553eab97/out_reco_156_1_Ps8.root
18-Jun-2014 00:42:01 CEST  Successfully opened file file:/lustre/cms//store/user/calabria/calabria_SingleMuPt10_GEN-SIM-DIGI-RECO_CMSSW_6_2_0_SLHC12_2023Scenario_Case3/calabria_SingleMuPt10_GEN-SIM-DIGI-RECO_CMSSW_6_2_0_SLHC12_2023Scenario_Case3/713e95291268ed84eccf2b8e553eab97/out_reco_156_1_Ps8.root
18-Jun-2014 00:42:37 CEST  Closed file file:/lustre/cms//store/user/calabria/calabria_SingleMuPt10_GEN-SIM-DIGI-RECO_CMSSW_6_2_0_SLHC12_2023Scenario_Case3/calabria_SingleMuPt10_GEN-SIM-DIGI-RECO_CMSSW_6_2_0_SLHC12_2023Scenario_Case3/713e95291268ed84eccf2b8e553eab97/out_reco_156_1_Ps8.root
18-Jun-2014 00:42:37 CEST  Initiating request to open file file:/lustre/cms//store/user/calabria/calabria_SingleMuPt10_GEN-SIM-DIGI-RECO_CMSSW_6_2_0_SLHC12_2023Scenario_Case3/calabria_SingleMuPt10_GEN-SIM-DIGI-RECO_CMSSW_6_2_0_SLHC12_2023Scenario_Case3/713e95291268ed84eccf2b8e553eab97/out_reco_157_1_KJ9.root
18-Jun-2014 00:42:37 CEST  Successfully opened file file:/lustre/cms//store/user/calabria/calabria_SingleMuPt10_GEN-SIM-DIGI-RECO_CMSSW_6_2_0_SLHC12_2023Scenario_Case3/calabria_SingleMuPt10_GEN-SIM-DIGI-RECO_CMSSW_6_2_0_SLHC12_2023Scenario_Case3/713e95291268ed84eccf2b8e553eab97/out_reco_157_1_KJ9.root
18-Jun-2014 00:43:23 CEST  Closed file file:/lustre/cms//store/user/calabria/calabria_SingleMuPt10_GEN-SIM-DIGI-RECO_CMSSW_6_2_0_SLHC12_2023Scenario_Case3/calabria_SingleMuPt10_GEN-SIM-DIGI-RECO_CMSSW_6_2_0_SLHC12_2023Scenario_Case3/713e95291268ed84eccf2b8e553eab97/out_reco_157_1_KJ9.root

=============================================

MessageLogger Summary

 type     category        sev    module        subroutine        count    total
 ---- -------------------- -- ---------------- ----------------  -----    -----
    1 fileAction           -s file_close                            10       10
    2 fileAction           -s file_open                             20       20

 type    category    Examples: run/evt        run/evt          run/evt
 ---- -------------------- ---------------- ---------------- ----------------
    1 fileAction           PostProcessEvent PostProcessEvent PostEndRun
    2 fileAction           pre-events       pre-events       PostProcessEvent

Severity    # Occurrences   Total Occurrences
--------    -------------   -----------------
System                 30                  30
>>> END OF printout of 50 lines from stdout+stderr
>>> Parse FrameworkJobReport crab_fjr.xml
Result of parsing the FrameworkJobReport crab_fjr.xml: Popularity start
lumisRange : 1::::1;1::::2;1::::3;1::::4;1::::5;1::::6;1::::7;1::::8;1::::9;1::::10;
lumisParentRange : 
Basename : /store/user/calabria/calabria_SingleMuPt10_GEN-SIM-DIGI-RECO_CMSSW_6_2_0_SLHC12_2023Scenario_Case3/calabria_SingleMuPt10_GEN-SIM-DIGI-RECO_CMSSW_6_2_0_SLHC12_2023Scenario_Case3/713e95291268ed84eccf2b8e553eab97/out_reco_1
BasenameParent : 
parentFiles : 
inputBlocks : /calabria_SingleMuPt10_GEN-SIM-DIGI-RECO_CMSSW_6_2_0_SLHC12_2023Scenario_Case3/calabria-calabria_SingleMuPt10_GEN-SIM-DIGI-RECO_CMSSW_6_2_0_SLHC12_2023Scenario_Case3-713e95291268ed84eccf2b8e553eab97/USER#3fdaec55-e682-4866-bb99-35d4d4166125
inputFiles : 57_1_KJ9.root::1::EDM::Local::1;56_1_Ps8.root::1::EDM::Local::2;45_1_60l.root::1::EDM::Local::3;54_1_24o.root::1::EDM::Local::4;47_1_qfh.root::1::EDM::Local::5;46_1_d5S.root::1::EDM::Local::6;55_1_ycU.root::1::EDM::Local::7;53_1_vSv.root::1::EDM::Local::8;44_1_uuZ.root::1::EDM::Local::9;49_1_OAB.root::1::EDM::Local::10;
Popularity stop
Extracted ExitStatus from FrameworkJobReport parsing output: 0
>>> Executable succeded  0
ExeExitCode=0
EXECUTABLE_EXIT_STATUS = 0
>>> current directory /home/cms010/home_cream_801061526/CREAM801061526/glide_abmb3h/execute/dir_31753/CMSSW_6_2_0_SLHC12
>>>  (SOFTWARE_DIR): /home/cms010/home_cream_801061526/CREAM801061526/glide_abmb3h/execute/dir_31753/CMSSW_6_2_0_SLHC12
>>> (WORKING_DIR): 
>>> current directory content:
total 10444
drwxr-xr-x 3 cms010 cms    4096 Jun 18 00:36 .SCRAM
-rw------- 1 cms010 cms 3740460 Jun 18 00:36 CMSSW.py.pkl
drwxr-xr-x 3 cms010 cms    4096 Jun 18 00:36 bin
drwxr-xr-x 3 cms010 cms    4096 Jun 18 00:36 cfipython
drwxr-xr-x 4 cms010 cms    4096 Jun 18 00:36 config
-rw------- 1 cms010 cms      16 Jun 18 00:43 cpu_timing.txt
drwxr-xr-x 2 cms010 cms    4096 Jun 18 00:36 doc
-rw------- 1 cms010 cms    9925 Jun 18 00:43 executable.out
drwxr-xr-x 2 cms010 cms    4096 Jun 18 00:36 include
drwx------ 3 cms010 cms    4096 Apr 28 18:12 lib
drwxr-xr-x 3 cms010 cms    4096 Jun 18 00:36 logs
drwxr-xr-x 3 cms010 cms    4096 Jun 18 00:36 objs
-rw------- 1 cms010 cms     104 Jun 18 00:36 pset.py
-rw------- 1 cms010 cms 3712310 Jun 18 00:36 pset.py.pkl
-rw------- 1 cms010 cms     289 Jun 18 00:36 pset.pyc
drwxr-xr-x 2 cms010 cms    4096 Jun 18 00:36 python
-rw------- 1 cms010 cms     410 Jun 18 00:43 report.log
drwx------ 6 cms010 cms    4096 Jun 18 00:36 src
drwxr-xr-x 3 cms010 cms    4096 Jun 18 00:36 test
drwxr-xr-x 3 cms010 cms    4096 Jun 18 00:36 tmp
-rw------- 1 cms010 cms 3140256 Jun 18 00:43 validationEDM.root
>>> current directory /home/cms010/home_cream_801061526/CREAM801061526/glide_abmb3h/execute/dir_31753/CMSSW_6_2_0_SLHC12
>>> (SOFTWARE_DIR): /home/cms010/home_cream_801061526/CREAM801061526/glide_abmb3h/execute/dir_31753/CMSSW_6_2_0_SLHC12
>>> (WORKING_DIR): 
>>> current directory content:
total 10444
drwxr-xr-x 3 cms010 cms    4096 Jun 18 00:36 .SCRAM
-rw------- 1 cms010 cms 3740460 Jun 18 00:36 CMSSW.py.pkl
drwxr-xr-x 3 cms010 cms    4096 Jun 18 00:36 bin
drwxr-xr-x 3 cms010 cms    4096 Jun 18 00:36 cfipython
drwxr-xr-x 4 cms010 cms    4096 Jun 18 00:36 config
-rw------- 1 cms010 cms      16 Jun 18 00:43 cpu_timing.txt
drwxr-xr-x 2 cms010 cms    4096 Jun 18 00:36 doc
-rw------- 1 cms010 cms    9925 Jun 18 00:43 executable.out
drwxr-xr-x 2 cms010 cms    4096 Jun 18 00:36 include
drwx------ 3 cms010 cms    4096 Apr 28 18:12 lib
drwxr-xr-x 3 cms010 cms    4096 Jun 18 00:36 logs
drwxr-xr-x 3 cms010 cms    4096 Jun 18 00:36 objs
-rw------- 1 cms010 cms     104 Jun 18 00:36 pset.py
-rw------- 1 cms010 cms 3712310 Jun 18 00:36 pset.py.pkl
-rw------- 1 cms010 cms     289 Jun 18 00:36 pset.pyc
drwxr-xr-x 2 cms010 cms    4096 Jun 18 00:36 python
-rw------- 1 cms010 cms     410 Jun 18 00:43 report.log
drwx------ 6 cms010 cms    4096 Jun 18 00:36 src
drwxr-xr-x 3 cms010 cms    4096 Jun 18 00:36 test
drwxr-xr-x 3 cms010 cms    4096 Jun 18 00:36 tmp
-rw------- 1 cms010 cms 3140256 Jun 18 00:43 validationEDM_9_1_GJs.root
>>> current directory (RUNTIME_AREA):  /home/cms010/home_cream_801061526/CREAM801061526/glide_abmb3h/execute/dir_31753
SE = storm-se-01.ba.infn.it
SE_PATH = /srm/managerv2?SFN=//cms/store/user/calabria/calabria_SingleMuPt10_GEN-SIM-DIGI-RECO_CMSSW_6_2_0_SLHC12_2023Scenario_Case3/calabria_MuMinus10_GEN-SIM-DIGI-RECO_CMSSW_6_2_0_SLHC12_2023Scenario_VALNOPU2_Case3/5854dd31cbd3cdec44c48628cc181cf0/
LFNBaseName = /store/user/calabria/calabria_SingleMuPt10_GEN-SIM-DIGI-RECO_CMSSW_6_2_0_SLHC12_2023Scenario_Case3/calabria_MuMinus10_GEN-SIM-DIGI-RECO_CMSSW_6_2_0_SLHC12_2023Scenario_VALNOPU2_Case3/5854dd31cbd3cdec44c48628cc181cf0/
USER = calabria
endpoint = srm://storm-se-01.ba.infn.it:8444/srm/managerv2?SFN=//cms/store/user/calabria/calabria_SingleMuPt10_GEN-SIM-DIGI-RECO_CMSSW_6_2_0_SLHC12_2023Scenario_Case3/calabria_MuMinus10_GEN-SIM-DIGI-RECO_CMSSW_6_2_0_SLHC12_2023Scenario_VALNOPU2_Case3/5854dd31cbd3cdec44c48628cc181cf0/
>>> Copy output files from WN = alicegrid61.ba.infn.it to /srm/managerv2?SFN=//cms/store/user/calabria/calabria_SingleMuPt10_GEN-SIM-DIGI-RECO_CMSSW_6_2_0_SLHC12_2023Scenario_Case3/calabria_MuMinus10_GEN-SIM-DIGI-RECO_CMSSW_6_2_0_SLHC12_2023Scenario_VALNOPU2_Case3/5854dd31cbd3cdec44c48628cc181cf0/ :
python cmscp.py  --destination srm://storm-se-01.ba.infn.it:8444/srm/managerv2?SFN=//cms/store/user/calabria/calabria_SingleMuPt10_GEN-SIM-DIGI-RECO_CMSSW_6_2_0_SLHC12_2023Scenario_Case3/calabria_MuMinus10_GEN-SIM-DIGI-RECO_CMSSW_6_2_0_SLHC12_2023Scenario_VALNOPU2_Case3/5854dd31cbd3cdec44c48628cc181cf0/ --inputFileList /home/cms010/home_cream_801061526/CREAM801061526/glide_abmb3h/execute/dir_31753/CMSSW_6_2_0_SLHC12/validationEDM_9_1_GJs.root --middleware LCG --se_name storm-se-01.ba.infn.it --for_lfn /store/user/calabria/calabria_SingleMuPt10_GEN-SIM-DIGI-RECO_CMSSW_6_2_0_SLHC12_2023Scenario_Case3/calabria_MuMinus10_GEN-SIM-DIGI-RECO_CMSSW_6_2_0_SLHC12_2023Scenario_VALNOPU2_Case3/5854dd31cbd3cdec44c48628cc181cf0/    
******************************************************
localSeName  =  storm-se-01.ba.infn.it
remoteSeName =  storm-se-01.ba.infn.it
******************************************************
{"/home/cms010/home_cream_801061526/CREAM801061526/glide_abmb3h/execute/dir_31753/CMSSW_6_2_0_SLHC12/validationEDM_9_1_GJs.root": {"endpoint": "srm://storm-se-01.ba.infn.it:8444/srm/managerv2?SFN=//cms/store/user/calabria/calabria_SingleMuPt10_GEN-SIM-DIGI-RECO_CMSSW_6_2_0_SLHC12_2023Scenario_Case3/calabria_MuMinus10_GEN-SIM-DIGI-RECO_CMSSW_6_2_0_SLHC12_2023Scenario_VALNOPU2_Case3/5854dd31cbd3cdec44c48628cc181cf0/", "surl_for_grid": "", "reason": "Copy succedeed with srm-lcg utils", "erCode": "0", "se_name": "storm-se-01.ba.infn.it", "for_lfn": "/store/user/calabria/calabria_SingleMuPt10_GEN-SIM-DIGI-RECO_CMSSW_6_2_0_SLHC12_2023Scenario_Case3/calabria_MuMinus10_GEN-SIM-DIGI-RECO_CMSSW_6_2_0_SLHC12_2023Scenario_VALNOPU2_Case3/5854dd31cbd3cdec44c48628cc181cf0/"}}/home/cms010/home_cream_801061526/CREAM801061526/glide_abmb3h/execute/dir_31753
-------- cat /home/cms010/home_cream_801061526/CREAM801061526/glide_abmb3h/execute/dir_31753/cmscpReport.sh 
#!/bin/bash
echo "Report for File: /home/cms010/home_cream_801061526/CREAM801061526/glide_abmb3h/execute/dir_31753/CMSSW_6_2_0_SLHC12/validationEDM_9_1_GJs.root"
echo "LFN: /store/user/calabria/calabria_SingleMuPt10_GEN-SIM-DIGI-RECO_CMSSW_6_2_0_SLHC12_2023Scenario_Case3/calabria_MuMinus10_GEN-SIM-DIGI-RECO_CMSSW_6_2_0_SLHC12_2023Scenario_VALNOPU2_Case3/5854dd31cbd3cdec44c48628cc181cf0/validationEDM_9_1_GJs.root"
echo "StorageElement: storm-se-01.ba.infn.it"
echo "StageOutExitStatusReason = 'Copy succedeed with srm-lcg utils'" | tee -a $RUNTIME_AREA/$repo
echo "StageOutSE = storm-se-01.ba.infn.it" >> $RUNTIME_AREA/$repo

export StageOutExitStatus=0
echo "StageOutExitStatus = 0" | tee -a $RUNTIME_AREA/$repo
-------- end of /home/cms010/home_cream_801061526/CREAM801061526/glide_abmb3h/execute/dir_31753/cmscpReport.sh 
Report for File: /home/cms010/home_cream_801061526/CREAM801061526/glide_abmb3h/execute/dir_31753/CMSSW_6_2_0_SLHC12/validationEDM_9_1_GJs.root
LFN: /store/user/calabria/calabria_SingleMuPt10_GEN-SIM-DIGI-RECO_CMSSW_6_2_0_SLHC12_2023Scenario_Case3/calabria_MuMinus10_GEN-SIM-DIGI-RECO_CMSSW_6_2_0_SLHC12_2023Scenario_VALNOPU2_Case3/5854dd31cbd3cdec44c48628cc181cf0/validationEDM_9_1_GJs.root
StorageElement: storm-se-01.ba.infn.it
StageOutExitStatusReason = 'Copy succedeed with srm-lcg utils'
StageOutExitStatus = 0
>>> current dir: /home/cms010/home_cream_801061526/CREAM801061526/glide_abmb3h/execute/dir_31753
>>> current dir content:
total 28080
-rw-------  1 cms010 cms     2776 Jun 18 00:44 .SEinteraction.log
-rwx------  1 cms010 cms     6829 Jun 18 00:36 .job.ad
-rwx------  1 cms010 cms     9463 Jun 18 00:36 .machine.ad
-rw-------  1 cms010 cms      105 Jun 16 20:40 CMSSW.py
-rw-------  1 cms010 cms  3740460 Jun 16 20:40 CMSSW.py.pkl
-rwx------  1 cms010 cms    29556 Jun 18 00:36 CMSSW.sh
drwxr-xr-x 15 cms010 cms     4096 Jun 18 00:43 CMSSW_6_2_0_SLHC12
-rw-------  1 cms010 cms      220 Jun 18 00:36 CacheEnv.sh
-rw-------  1 cms010 cms     7291 Apr  4 11:04 DashboardAPI.py
-rw-------  1 cms010 cms     6815 Jun 18 00:36 DashboardAPI.pyc
drwx------  2 cms010 cms     4096 Jun 18 00:43 IMProv
-rw-------  1 cms010 cms     2748 Apr  4 11:04 Logger.py
-rw-------  1 cms010 cms     3347 Jun 18 00:36 Logger.pyc
-rw-------  1 cms010 cms    24524 Apr  4 11:04 ProcInfo.py
-rw-------  1 cms010 cms    23197 Jun 18 00:36 ProcInfo.pyc
drwx------  7 cms010 cms     4096 Jun 18 00:36 ProdCommon
drwx------  3 cms010 cms     4096 Jun 18 00:36 WMCore
-rw-------  1 cms010 cms     2530 Jun 18 00:43 Watchdog_9.log
-rwx------  1 cms010 cms        0 Jun 18 00:36 _condor_stderr
-rwx---r--  1 cms010 cms    29418 Jun 18 00:44 _condor_stdout
-rw-------  1 cms010 cms    32895 Apr  4 11:04 apmon.py
-rw-------  1 cms010 cms    28625 Jun 18 00:36 apmon.pyc
-rwx------  1 cms010 cms    53451 Jun 18 00:36 arguments.xml
-rwx------  1 cms010 cms    38515 Apr  4 11:04 cmscp.py
-rw-------  1 cms010 cms      716 Jun 18 00:44 cmscpReport.sh
-rwx------  1 cms010 cms    29556 Jun 18 00:36 condor_exec.exe
-rw-------  1 cms010 cms      958 Jun 16 20:40 crab.cfg
-rwx------  1 cms010 cms     8610 Apr  4 11:04 crabWatchdog.sh
-rwx---r--  1 cms010 cms   523270 Jun 18 00:43 crab_fjr_9.xml
-rwx------  1 cms010 cms 23957894 Jun 18 00:36 default.tgz
-rwx------  1 cms010 cms     4488 Apr  4 11:04 fillCrabFjr.py
-rw-------  1 cms010 cms     2629 Jun 18 00:36 inputsReport.txt
-rw-------  1 cms010 cms      261 Jun 18 00:44 jobreport.txt
-rw-------  1 cms010 cms    17352 Apr  4 11:04 parseCrabFjr.py
-rw-------  1 cms010 cms      333 Jun 18 00:36 report.log
-rwx--x--x  1 cms010 cms     1497 Apr  4 11:04 report.py
-rw-------  1 cms010 cms      771 Jun 18 00:44 resultCopyFile
lrwxrwxrwx  1 cms010 cms      125 Jun 18 00:43 validationEDM.root -> /home/cms010/home_cream_801061526/CREAM801061526/glide_abmb3h/execute/dir_31753/CMSSW_6_2_0_SLHC12/validationEDM_9_1_GJs.root
-rwx------  1 cms010 cms     8387 Apr  4 11:04 writeCfg.py
-rw-------  1 cms010 cms     8014 Jun 18 00:36 x509up_u50707
>>> Modify Job Report:
CMSSW_VERSION = CMSSW_6_2_0_SLHC12
ProcessedDataset = calabria_MuMinus10_GEN-SIM-DIGI-RECO_CMSSW_6_2_0_SLHC12_2023Scenario_VALNOPU2_Case3
/home/cms010/home_cream_801061526/CREAM801061526/glide_abmb3h/execute/dir_31753/ProdCommon/FwkJobRep/ModifyJobReport.py fjr /home/cms010/home_cream_801061526/CREAM801061526/glide_abmb3h/execute/dir_31753/crab_fjr_9.xml json /home/cms010/home_cream_801061526/CREAM801061526/glide_abmb3h/execute/dir_31753/resultCopyFile n_job 9_1_GJs PrimaryDataset calabria_SingleMuPt10_GEN-SIM-DIGI-RECO_CMSSW_6_2_0_SLHC12_2023Scenario_Case3  ApplicationFamily cmsRun ApplicationName cmsRun cmssw_version CMSSW_6_2_0_SLHC12 psethash 5854dd31cbd3cdec44c48628cc181cf0 UserProcessedDataset calabria-calabria_MuMinus10_GEN-SIM-DIGI-RECO_CMSSW_6_2_0_SLHC12_2023Scenario_VALNOPU2_Case3-5854dd31cbd3cdec44c48628cc181cf0
inputDict =  {u'/home/cms010/home_cream_801061526/CREAM801061526/glide_abmb3h/execute/dir_31753/CMSSW_6_2_0_SLHC12/validationEDM_9_1_GJs.root': {u'endpoint': u'srm://storm-se-01.ba.infn.it:8444/srm/managerv2?SFN=//cms/store/user/calabria/calabria_SingleMuPt10_GEN-SIM-DIGI-RECO_CMSSW_6_2_0_SLHC12_2023Scenario_Case3/calabria_MuMinus10_GEN-SIM-DIGI-RECO_CMSSW_6_2_0_SLHC12_2023Scenario_VALNOPU2_Case3/5854dd31cbd3cdec44c48628cc181cf0/', u'surl_for_grid': u'', u'reason': u'Copy succedeed with srm-lcg utils', u'erCode': u'0', u'se_name': u'storm-se-01.ba.infn.it', u'for_lfn': u'/store/user/calabria/calabria_SingleMuPt10_GEN-SIM-DIGI-RECO_CMSSW_6_2_0_SLHC12_2023Scenario_Case3/calabria_MuMinus10_GEN-SIM-DIGI-RECO_CMSSW_6_2_0_SLHC12_2023Scenario_VALNOPU2_Case3/5854dd31cbd3cdec44c48628cc181cf0/'}}
UserProcessedDataset =  calabria-calabria_MuMinus10_GEN-SIM-DIGI-RECO_CMSSW_6_2_0_SLHC12_2023Scenario_VALNOPU2_Case3-5854dd31cbd3cdec44c48628cc181cf0
file_name in inputDict =  /home/cms010/home_cream_801061526/CREAM801061526/glide_abmb3h/execute/dir_31753/CMSSW_6_2_0_SLHC12/validationEDM_9_1_GJs.root
(size) os.stat(filename)[6] =  3140256
checksum =  554163119
    file =  validationEDM_9_1_GJs.root
    newPfn =  srm://storm-se-01.ba.infn.it:8444/srm/managerv2?SFN=//cms/store/user/calabria/calabria_SingleMuPt10_GEN-SIM-DIGI-RECO_CMSSW_6_2_0_SLHC12_2023Scenario_Case3/calabria_MuMinus10_GEN-SIM-DIGI-RECO_CMSSW_6_2_0_SLHC12_2023Scenario_VALNOPU2_Case3/5854dd31cbd3cdec44c48628cc181cf0/validationEDM_9_1_GJs.root
    newLfn =  /store/user/calabria/calabria_SingleMuPt10_GEN-SIM-DIGI-RECO_CMSSW_6_2_0_SLHC12_2023Scenario_Case3/calabria_MuMinus10_GEN-SIM-DIGI-RECO_CMSSW_6_2_0_SLHC12_2023Scenario_VALNOPU2_Case3/5854dd31cbd3cdec44c48628cc181cf0/validationEDM_9_1_GJs.root
>>> crab_fjr_*.xml  permission set to 0704
CrabWrapper EXIT_FUNC entered at Wed Jun 18 00:44:19 CEST 2014   -  Tue Jun 17 22:44:19 UTC 2014
Checking output files:  
will tar file crab_fjr_9.xml in  out_files_9
WARNING: output file CMSSW_9.stdout not found!
WARNING: output file CMSSW_9.stderr not found!
WARNING: output file Watchdog_9.log.gz not found!
>>> padding time: Sleeping the wrapper for 134 seconds
STOPPING WATCHDOG. CrabWatchdog PID is 1754
********** LAST 50 LINES OF WATCHDOG LOG
# RESOURCE USAGE SUMMARY FOR PROCESS ID   770
USER       PID %CPU %MEM    VSZ   RSS TTY      STAT START   TIME COMMAND
cms010     770  0.3  0.0   9496  1592 ?        S    00:36   0:00 /bin/sh /home/cms010/home_cream_801061526/CREAM801061526/glide_abmb3h/execute/dir_31753/condor_exec.exe 9 1
 
# LIMITS USED BY CRAB WATCHDOG:
# RSS  (KBytes)   : 2300000
# VSZ  (KBytes)   : 100000000
# DISK (MBytes)   : 19000
# CPU TIME        : 720h:0m:0s
# WALL CLOCK TIME : 21h:50m:0s
 
# FOLLOWING PRINTOUT TRACKS MAXIMUM VALUES OF RESOURCES USE
# ONE LINE IS PRINTED EACH TIME A MAXIMUM CHANGES
# IF CHANGE WAS IN RSS OR VSZ ALSO PROCID AND COMMAND ARE PRINTED
# THERE IS NO PRINTOUT FOR CPU/WALL TIME INCREASE
 
# TIME			PID	RSS(KB)	VSZ(KB)	Dsk(MB)	tCPU(s)	tWALL(s)	COMMAND
 Jun 18 00:36:39 CEST	770	1592	9496	0	0	0	/bin/sh /home/cms010/home_cream_801061526/CREAM801061526/glide_abmb3h/execute/dir_31753/condor_exec.exe 9 1       
 Jun 18 00:36:39 CEST	1766	34044	96760	0	0	0	edmConfigHash pset.py         
 Jun 18 00:36:39 CEST	28231	34044	106092	0	0	0	sh -c "./glidein_startup.sh" -v std -name v3_0 -entry CMS_T2_IT_Bari_ce4 -clientname UCSD-v1_0.main
 Jun 18 00:36:39 CEST	28235	34044	106492	0	0	0	/bin/bash ./glidein_startup.sh -v std -name v3_0 -entry CMS_T2_IT_Bari_ce4 -clientname UCSD-v1_0.main -schedd
 Jun 18 00:36:39 CEST	---	34044	106492	171	----	----	----
 Jun 18 00:37:39 CEST	4280	764264	982980	171	34	61	cmsRun -j /home/cms010/home_cream_801061526/CREAM801061526/glide_abmb3h/execute/dir_31753/crab_fjr_9.xml -p pset.py      
 Jun 18 00:37:39 CEST	---	764264	982980	175	----	----	----
 Jun 18 00:38:40 CEST	4280	764264	1004572	175	82	122	cmsRun -j /home/cms010/home_cream_801061526/CREAM801061526/glide_abmb3h/execute/dir_31753/crab_fjr_9.xml -p pset.py      
 Jun 18 00:39:41 CEST	4280	764264	1011936	175	134	183	cmsRun -j /home/cms010/home_cream_801061526/CREAM801061526/glide_abmb3h/execute/dir_31753/crab_fjr_9.xml -p pset.py      
 Jun 18 00:40:42 CEST	4280	764264	1021028	175	184	244	cmsRun -j /home/cms010/home_cream_801061526/CREAM801061526/glide_abmb3h/execute/dir_31753/crab_fjr_9.xml -p pset.py      
 Jun 18 00:41:43 CEST	4280	764264	1025636	175	233	305	cmsRun -j /home/cms010/home_cream_801061526/CREAM801061526/glide_abmb3h/execute/dir_31753/crab_fjr_9.xml -p pset.py      
 Jun 18 00:42:44 CEST	4280	764264	1030160	175	282	366	cmsRun -j /home/cms010/home_cream_801061526/CREAM801061526/glide_abmb3h/execute/dir_31753/crab_fjr_9.xml -p pset.py      
 Jun 18 00:43:45 CEST	---	764264	1030160	178	----	----	----
********** WATCHDOG LOG ENDED
ZIPPING WATCHDOG LOG
Disk space used:
du -sh /home/cms010/home_cream_801061526/CREAM801061526/glide_abmb3h/execute/dir_31753
179M	/home/cms010/home_cream_801061526/CREAM801061526/glide_abmb3h/execute/dir_31753
Found unusual stdout, rename for OSB
`/home/cms010/home_cream_801061526/CREAM801061526/glide_abmb3h/execute/dir_31753/_condor_stdout' -> `CMSSW_9.stdout'
Found unusual stderr, rename for OSB
`/home/cms010/home_cream_801061526/CREAM801061526/glide_abmb3h/execute/dir_31753/_condor_stdout' -> `CMSSW_9.stderr'
crab_fjr_9.xml
CMSSW_9.stdout
CMSSW_9.stderr
Watchdog_9.log.gz
Total Output dimension: 69885
WARNING: output files size limit is set to: 50000000
Total Output dimension 69885 is fine.
JOB_EXIT_STATUS = 0
>>> info for dashboard:
***** Cat /home/cms010/home_cream_801061526/CREAM801061526/glide_abmb3h/execute/dir_31753/jobreport.txt *****
MonitorJobID=9_https://hcc-crabserver.unl.edu//140616//142015.8
MonitorID=calabria_MuMinus10_Case3_ReReco_n36x9o
ExeTime=387
ExeExitCode=0
StageOutExitStatusReason = 'Copy succedeed with srm-lcg utils'
StageOutSE = storm-se-01.ba.infn.it
StageOutExitStatus = 0
CrabUserCpuTime=311.92
CrabSysCpuTime=8.05
CrabCpuPercentage=82%
CrabWrapperTime=600
CrabStageoutTime=49
JobExitCode=0
***** End Cat jobreport *****
Parameters sent to Dashboard.
EXITING at Wed Jun 18 00:46:38 CEST 2014  -  Tue Jun 17 22:46:38 UTC 2014
