This script was generated by crab (version 2.10.5_patch1).
Running /home/cms017/home_cream_916245382/CREAM916245382/glide_Z66qit/execute/dir_24556/condor_exec.exe with 2 positional parameters: 18 1
Today is Wed Jun 18 00:41:23 CEST 2014 - Tue Jun 17 22:41:23 UTC 2014
Job submitted on host alicegrid34.ba.infn.it
Linux alicegrid34.ba.infn.it 2.6.32-358.23.2.el6.x86_64 #1 SMP Thu Oct 17 10:27:22 CEST 2013 x86_64 x86_64 x86_64 GNU/Linux
>>> current directory (RUNTIME_AREA): /home/cms017/home_cream_916245382/CREAM916245382/glide_Z66qit/execute/dir_24556
>>> current user: uid=11830(cms017) gid=1399(cms) groups=1399(cms)
>>> directory permission set to 0700
>>> umask set to:  u=rwx,g=,o=
>>> stdout stderr permission set to 0704
>>> voms proxy information:
subject   : /C=IT/O=INFN/OU=Personal Certificate/L=Bari/CN=Cesare Calabria/CN=477126703/CN=1436380165
issuer    : /C=IT/O=INFN/OU=Personal Certificate/L=Bari/CN=Cesare Calabria/CN=477126703
identity  : /C=IT/O=INFN/OU=Personal Certificate/L=Bari/CN=Cesare Calabria
type      : RFC3820 compliant limited proxy
strength  : 1024
path      : /home/cms017/home_cream_916245382/CREAM916245382/glide_Z66qit/execute/dir_24556/x509up_u50707
timeleft  : 23:59:49
key usage : Digital Signature, Key Encipherment, Data Encipherment
=== VO cms extension information ===
VO        : cms
subject   : /C=IT/O=INFN/OU=Personal Certificate/L=Bari/CN=Cesare Calabria
issuer    : /DC=ch/DC=cern/OU=computers/CN=voms.cern.ch
attribute : /cms/Role=NULL/Capability=NULL
attribute : /cms/itcms/Role=NULL/Capability=NULL
timeleft  : 154:42:52
uri       : voms.cern.ch:15002

WNHostName=alicegrid34.ba.infn.it
>>> tar --no-same-permissions -xf /home/cms017/home_cream_916245382/CREAM916245382/glide_Z66qit/execute/dir_24556/default.tgz :
Successful untar
>>> Include /home/cms017/home_cream_916245382/CREAM916245382/glide_Z66qit/execute/dir_24556 in PYTHONPATH:
strip arguments
env var CRAB_UNIQUE_JOB_ID set to: calabria_MuMinus10_Case3_ReReco_n36x9o_18_1_sAk
out_files_18
>>> list of expected files on output sandbox
output files: crab_fjr_18.xml CMSSW_18.stdout CMSSW_18.stderr Watchdog_18.log.gz
>>> GridFlavour discovery: 
GridFlavour=LCG
>>> SyncSite discovery: 
SyncSite=T2_IT_Bari
>>> SyncCE discovery: 
getting SyncCE from CE_ID
SyncCE=cream-ce-2.ba.infn.it:8443/cream-pbs-cms
>>> info for dashboard:
***** Cat /home/cms017/home_cream_916245382/CREAM916245382/glide_Z66qit/execute/dir_24556/jobreport.txt *****
WNHostName=alicegrid34.ba.infn.it
MonitorJobID=18_https://hcc-crabserver.unl.edu//140616//142015.17
SyncGridJobId=https://hcc-crabserver.unl.edu//140616//142015.17
MonitorID=calabria_MuMinus10_Case3_ReReco_n36x9o
GridFlavour=LCG
SyncSite=T2_IT_Bari
SyncCE=cream-ce-2.ba.infn.it:8443/cream-pbs-cms
***** End Cat jobreport *****
Parameters sent to Dashboard.
>>> setup environment
set SCRAM ARCH to slc5_amd64_gcc472
SCRAM_ARCH = slc5_amd64_gcc472
>>> setup CMS LCG environment:
set SCRAM ARCH and BUILD_ARCH to slc5_amd64_gcc472 ###
Sourcing environment... 
sourcing /cvmfs/cms.cern.ch/cmsset_default.sh
==> setup cms environment ok
>>> specific cmssw setup environment:
CMSSW_VERSION =  CMSSW_6_2_0_SLHC12
>>> current directory (SOFTWARE_DIR): /home/cms017/home_cream_916245382/CREAM916245382/glide_Z66qit/execute/dir_24556/CMSSW_6_2_0_SLHC12
PreserveSeeds: <>
IncrementSeeds:<>
>>> info for dashboard:
***** Cat /home/cms017/home_cream_916245382/CREAM916245382/glide_Z66qit/execute/dir_24556/jobreport.txt *****
MonitorJobID=18_https://hcc-crabserver.unl.edu//140616//142015.17
MonitorID=calabria_MuMinus10_Case3_ReReco_n36x9o
***** End Cat jobreport *****
Parameters sent to Dashboard.
crabWatchdog started as process 25176
>>> moving CMSSW software directories in /home/cms017/home_cream_916245382/CREAM916245382/glide_Z66qit/execute/dir_24556/CMSSW_6_2_0_SLHC12
mv: cannot stat `/home/cms017/home_cream_916245382/CREAM916245382/glide_Z66qit/execute/dir_24556/module/': No such file or directory
>>> Include /home/cms017/home_cream_916245382/CREAM916245382/glide_Z66qit/execute/dir_24556 in PYTHONPATH:
PYTHONPATH=/home/cms017/home_cream_916245382/CREAM916245382/glide_Z66qit/execute/dir_24556/:/home/cms017/home_cream_916245382/CREAM916245382/glide_Z66qit/execute/dir_24556/CMSSW_6_2_0_SLHC12/python:/home/cms017/home_cream_916245382/CREAM916245382/glide_Z66qit/execute/dir_24556/CMSSW_6_2_0_SLHC12/lib/slc5_amd64_gcc472:/cvmfs/cms.cern.ch/slc5_amd64_gcc472/cms/cmssw/CMSSW_6_2_0_SLHC12/python:/cvmfs/cms.cern.ch/slc5_amd64_gcc472/cms/cmssw/CMSSW_6_2_0_SLHC12/lib/slc5_amd64_gcc472:/cvmfs/cms.cern.ch/slc5_amd64_gcc472/cms/coral/CORAL_2_3_21-cms36/slc5_amd64_gcc472/python:/cvmfs/cms.cern.ch/slc5_amd64_gcc472/cms/coral/CORAL_2_3_21-cms36/slc5_amd64_gcc472/lib:/cvmfs/cms.cern.ch/slc5_amd64_gcc472/external/pyqt/4.8.1-cms6/lib/python2.7/site-packages:/cvmfs/cms.cern.ch/slc5_amd64_gcc472/external/py2-scipy/0.8.0-cms8/lib/python2.7/site-packages:/cvmfs/cms.cern.ch/slc5_amd64_gcc472/external/py2-matplotlib/1.0.1-cms8/lib/python2.7/site-packages:/cvmfs/cms.cern.ch/slc5_amd64_gcc472/external/python-ldap/2.3.5-cms6/lib/python2.7/site-packages:/cvmfs/cms.cern.ch/slc5_amd64_gcc472/external/sip/4.11.2-cms6/lib/python2.7/site-packages:/cvmfs/cms.cern.ch/slc5_amd64_gcc472/external/py2-pycurl/7.19.0-cms8/lib/python2.7/site-packages:/cvmfs/cms.cern.ch/slc5_amd64_gcc472/external/py2-numpy/1.6.1-cms8/lib/python2.7/site-packages:/cvmfs/cms.cern.ch/slc5_amd64_gcc472/external/py2-lint/0.25.1-cms6/lib/python2.7/site-packages:/cvmfs/cms.cern.ch/slc5_amd64_gcc472/external/py2-ipython/0.10-cms6/lib/python2.7/site-packages:/cvmfs/cms.cern.ch/slc5_amd64_gcc472/external/py2-cx-oracle/5.1-cms7/lib/python2.7/site-packages:/cvmfs/cms.cern.ch/slc5_amd64_gcc472/external/py2-cjson/1.0.5-cms6/lib/python2.7/site-packages:/cvmfs/cms.cern.ch/slc5_amd64_gcc472/cms/das-client/1.11.7/bin:/cvmfs/cms.cern.ch/slc5_amd64_gcc472/external/elementtree/1.2.6-cms6/share/lib/python2.7/site-packages:/cvmfs/cms.cern.ch/slc5_amd64_gcc472/external/rivet/1.8.2-cms8/lib/python2.7/site-packages:/cvmfs/cms.cern.ch/slc5_amd64_gcc472/external/pyminuit2/0.0.1-cms19/lib/python2.7/site-packages:/cvmfs/cms.cern.ch/slc5_amd64_gcc472/external/py2-pygithub/1.23.0/lib/python2.7/site-packages:/cvmfs/cms.cern.ch/slc5_amd64_gcc472/external/professor/1.0.0-cms19/lib/python2.7/site-packages:/cvmfs/cms.cern.ch/slc5_amd64_gcc472/lcg/root/5.34.07-cms/lib:/cvmfs/cms.cern.ch/slc5_amd64_gcc472/cms/dbs-client/DBS_2_1_9-cms5/lib:/cvmfs/cms.cern.ch/slc5_amd64_gcc472/cms/dbs-client/DBS_2_1_9-cms5/lib/DBSAPI:/cvmfs/cms.cern.ch/slc5_amd64_gcc472/external/cvs2git/5419-cms/lib:/home/cms017/home_cream_916245382/CREAM916245382/glide_Z66qit/execute/dir_24556/
 
# LIMITS USED BY CRAB WATCHDOG:
# RSS  (KBytes)   : 2300000
# VSZ  (KBytes)   : 100000000
# DISK (MBytes)   : 19000
# CPU TIME        : 720h:0m:0s
# WALL CLOCK TIME : 21h:50m:0s
 
5854dd31cbd3cdec44c48628cc181cf0
PSETHASH = 5854dd31cbd3cdec44c48628cc181cf0
/home/cms017/home_cream_916245382/CREAM916245382/glide_Z66qit/execute/dir_24556/writeCfg.py pset.py pset.py
Importing .py file
Setting parameters
RandomNumberGeneratorService found, will attempt to change seeds
inputBlocks=/calabria_SingleMuPt10_GEN-SIM-DIGI-RECO_CMSSW_6_2_0_SLHC12_2023Scenario_Case3/calabria-calabria_SingleMuPt10_GEN-SIM-DIGI-RECO_CMSSW_6_2_0_SLHC12_2023Scenario_Case3-713e95291268ed84eccf2b8e553eab97/USER#3fdaec55-e682-4866-bb99-35d4d4166125
inputFiles=/store/user/calabria/calabria_SingleMuPt10_GEN-SIM-DIGI-RECO_CMSSW_6_2_0_SLHC12_2023Scenario_Case3/calabria_SingleMuPt10_GEN-SIM-DIGI-RECO_CMSSW_6_2_0_SLHC12_2023Scenario_Case3/713e95291268ed84eccf2b8e553eab97/out_reco_355_1_Njp.root;/store/user/calabria/calabria_SingleMuPt10_GEN-SIM-DIGI-RECO_CMSSW_6_2_0_SLHC12_2023Scenario_Case3/calabria_SingleMuPt10_GEN-SIM-DIGI-RECO_CMSSW_6_2_0_SLHC12_2023Scenario_Case3/713e95291268ed84eccf2b8e553eab97/out_reco_364_1_h4a.root;/store/user/calabria/calabria_SingleMuPt10_GEN-SIM-DIGI-RECO_CMSSW_6_2_0_SLHC12_2023Scenario_Case3/calabria_SingleMuPt10_GEN-SIM-DIGI-RECO_CMSSW_6_2_0_SLHC12_2023Scenario_Case3/713e95291268ed84eccf2b8e553eab97/out_reco_383_1_6bW.root;/store/user/calabria/calabria_SingleMuPt10_GEN-SIM-DIGI-RECO_CMSSW_6_2_0_SLHC12_2023Scenario_Case3/calabria_SingleMuPt10_GEN-SIM-DIGI-RECO_CMSSW_6_2_0_SLHC12_2023Scenario_Case3/713e95291268ed84eccf2b8e553eab97/out_reco_387_1_g9S.root;/store/user/calabria/calabria_SingleMuPt10_GEN-SIM-DIGI-RECO_CMSSW_6_2_0_SLHC12_2023Scenario_Case3/calabria_SingleMuPt10_GEN-SIM-DIGI-RECO_CMSSW_6_2_0_SLHC12_2023Scenario_Case3/713e95291268ed84eccf2b8e553eab97/out_reco_389_1_CWh.root;/store/user/calabria/calabria_SingleMuPt10_GEN-SIM-DIGI-RECO_CMSSW_6_2_0_SLHC12_2023Scenario_Case3/calabria_SingleMuPt10_GEN-SIM-DIGI-RECO_CMSSW_6_2_0_SLHC12_2023Scenario_Case3/713e95291268ed84eccf2b8e553eab97/out_reco_392_1_wlE.root;/store/user/calabria/calabria_SingleMuPt10_GEN-SIM-DIGI-RECO_CMSSW_6_2_0_SLHC12_2023Scenario_Case3/calabria_SingleMuPt10_GEN-SIM-DIGI-RECO_CMSSW_6_2_0_SLHC12_2023Scenario_Case3/713e95291268ed84eccf2b8e553eab97/out_reco_394_1_Dh1.root;/store/user/calabria/calabria_SingleMuPt10_GEN-SIM-DIGI-RECO_CMSSW_6_2_0_SLHC12_2023Scenario_Case3/calabria_SingleMuPt10_GEN-SIM-DIGI-RECO_CMSSW_6_2_0_SLHC12_2023Scenario_Case3/713e95291268ed84eccf2b8e553eab97/out_reco_400_1_UlL.root;/store/user/calabria/calabria_SingleMuPt10_GEN-SIM-DIGI-RECO_CMSSW_6_2_0_SLHC12_2023Scenario_Case3/calabria_SingleMuPt10_GEN-SIM-DIGI-RECO_CMSSW_6_2_0_SLHC12_2023Scenario_Case3/713e95291268ed84eccf2b8e553eab97/out_reco_402_1_Z7L.root;/store/user/calabria/calabria_SingleMuPt10_GEN-SIM-DIGI-RECO_CMSSW_6_2_0_SLHC12_2023Scenario_Case3/calabria_SingleMuPt10_GEN-SIM-DIGI-RECO_CMSSW_6_2_0_SLHC12_2023Scenario_Case3/713e95291268ed84eccf2b8e553eab97/out_reco_406_1_FVF.root
parentFiles=
lumisRange=
>>> Executable cmsRun
/cvmfs/cms.cern.ch/slc5_amd64_gcc472/cms/cmssw/CMSSW_6_2_0_SLHC12/bin/slc5_amd64_gcc472/cmsRun
ok executable found
>>> info for dashboard:
***** Cat /home/cms017/home_cream_916245382/CREAM916245382/glide_Z66qit/execute/dir_24556/jobreport.txt *****
MonitorJobID=18_https://hcc-crabserver.unl.edu//140616//142015.17
MonitorID=calabria_MuMinus10_Case3_ReReco_n36x9o
ExeStart=cmsRun
***** End Cat jobreport *****
Parameters sent to Dashboard.
>>> cmsRun started at Tue Jun 17 22:42:12 UTC 2014
>>> cmsRun ended at Tue Jun 17 22:51:49 UTC 2014
>>> crab_fjr_*.xml  permission set to 0704
>>> info for dashboard:
***** Cat /home/cms017/home_cream_916245382/CREAM916245382/glide_Z66qit/execute/dir_24556/jobreport.txt *****
MonitorJobID=18_https://hcc-crabserver.unl.edu//140616//142015.17
MonitorID=calabria_MuMinus10_Case3_ReReco_n36x9o
ExeEnd=cmsRun
***** End Cat jobreport *****
Parameters sent to Dashboard.
TIME_EXE = 577 sec
>>> cmsRun wrote 50 lines of stdout+stderr
>>> START OF printout of 50 lines from stdout+stderr
271 DQMStore::DQMStore 
HcalTopologyIdealEP::HcalTopologyIdealEP
18-Jun-2014 00:42:50 CEST  Initiating request to open file file:/lustre/cms//store/user/calabria/calabria_SingleMuPt10_GEN-SIM-DIGI-RECO_CMSSW_6_2_0_SLHC12_2023Scenario_Case3/calabria_SingleMuPt10_GEN-SIM-DIGI-RECO_CMSSW_6_2_0_SLHC12_2023Scenario_Case3/713e95291268ed84eccf2b8e553eab97/out_reco_355_1_Njp.root
18-Jun-2014 00:42:56 CEST  Successfully opened file file:/lustre/cms//store/user/calabria/calabria_SingleMuPt10_GEN-SIM-DIGI-RECO_CMSSW_6_2_0_SLHC12_2023Scenario_Case3/calabria_SingleMuPt10_GEN-SIM-DIGI-RECO_CMSSW_6_2_0_SLHC12_2023Scenario_Case3/713e95291268ed84eccf2b8e553eab97/out_reco_355_1_Njp.root
18-Jun-2014 00:43:56 CEST  Closed file file:/lustre/cms//store/user/calabria/calabria_SingleMuPt10_GEN-SIM-DIGI-RECO_CMSSW_6_2_0_SLHC12_2023Scenario_Case3/calabria_SingleMuPt10_GEN-SIM-DIGI-RECO_CMSSW_6_2_0_SLHC12_2023Scenario_Case3/713e95291268ed84eccf2b8e553eab97/out_reco_355_1_Njp.root
18-Jun-2014 00:43:56 CEST  Initiating request to open file file:/lustre/cms//store/user/calabria/calabria_SingleMuPt10_GEN-SIM-DIGI-RECO_CMSSW_6_2_0_SLHC12_2023Scenario_Case3/calabria_SingleMuPt10_GEN-SIM-DIGI-RECO_CMSSW_6_2_0_SLHC12_2023Scenario_Case3/713e95291268ed84eccf2b8e553eab97/out_reco_364_1_h4a.root
18-Jun-2014 00:43:57 CEST  Successfully opened file file:/lustre/cms//store/user/calabria/calabria_SingleMuPt10_GEN-SIM-DIGI-RECO_CMSSW_6_2_0_SLHC12_2023Scenario_Case3/calabria_SingleMuPt10_GEN-SIM-DIGI-RECO_CMSSW_6_2_0_SLHC12_2023Scenario_Case3/713e95291268ed84eccf2b8e553eab97/out_reco_364_1_h4a.root
18-Jun-2014 00:44:47 CEST  Closed file file:/lustre/cms//store/user/calabria/calabria_SingleMuPt10_GEN-SIM-DIGI-RECO_CMSSW_6_2_0_SLHC12_2023Scenario_Case3/calabria_SingleMuPt10_GEN-SIM-DIGI-RECO_CMSSW_6_2_0_SLHC12_2023Scenario_Case3/713e95291268ed84eccf2b8e553eab97/out_reco_364_1_h4a.root
18-Jun-2014 00:44:47 CEST  Initiating request to open file file:/lustre/cms//store/user/calabria/calabria_SingleMuPt10_GEN-SIM-DIGI-RECO_CMSSW_6_2_0_SLHC12_2023Scenario_Case3/calabria_SingleMuPt10_GEN-SIM-DIGI-RECO_CMSSW_6_2_0_SLHC12_2023Scenario_Case3/713e95291268ed84eccf2b8e553eab97/out_reco_383_1_6bW.root
18-Jun-2014 00:44:47 CEST  Successfully opened file file:/lustre/cms//store/user/calabria/calabria_SingleMuPt10_GEN-SIM-DIGI-RECO_CMSSW_6_2_0_SLHC12_2023Scenario_Case3/calabria_SingleMuPt10_GEN-SIM-DIGI-RECO_CMSSW_6_2_0_SLHC12_2023Scenario_Case3/713e95291268ed84eccf2b8e553eab97/out_reco_383_1_6bW.root
18-Jun-2014 00:45:34 CEST  Closed file file:/lustre/cms//store/user/calabria/calabria_SingleMuPt10_GEN-SIM-DIGI-RECO_CMSSW_6_2_0_SLHC12_2023Scenario_Case3/calabria_SingleMuPt10_GEN-SIM-DIGI-RECO_CMSSW_6_2_0_SLHC12_2023Scenario_Case3/713e95291268ed84eccf2b8e553eab97/out_reco_383_1_6bW.root
18-Jun-2014 00:45:34 CEST  Initiating request to open file file:/lustre/cms//store/user/calabria/calabria_SingleMuPt10_GEN-SIM-DIGI-RECO_CMSSW_6_2_0_SLHC12_2023Scenario_Case3/calabria_SingleMuPt10_GEN-SIM-DIGI-RECO_CMSSW_6_2_0_SLHC12_2023Scenario_Case3/713e95291268ed84eccf2b8e553eab97/out_reco_387_1_g9S.root
18-Jun-2014 00:45:34 CEST  Successfully opened file file:/lustre/cms//store/user/calabria/calabria_SingleMuPt10_GEN-SIM-DIGI-RECO_CMSSW_6_2_0_SLHC12_2023Scenario_Case3/calabria_SingleMuPt10_GEN-SIM-DIGI-RECO_CMSSW_6_2_0_SLHC12_2023Scenario_Case3/713e95291268ed84eccf2b8e553eab97/out_reco_387_1_g9S.root
18-Jun-2014 00:46:27 CEST  Closed file file:/lustre/cms//store/user/calabria/calabria_SingleMuPt10_GEN-SIM-DIGI-RECO_CMSSW_6_2_0_SLHC12_2023Scenario_Case3/calabria_SingleMuPt10_GEN-SIM-DIGI-RECO_CMSSW_6_2_0_SLHC12_2023Scenario_Case3/713e95291268ed84eccf2b8e553eab97/out_reco_387_1_g9S.root
18-Jun-2014 00:46:27 CEST  Initiating request to open file file:/lustre/cms//store/user/calabria/calabria_SingleMuPt10_GEN-SIM-DIGI-RECO_CMSSW_6_2_0_SLHC12_2023Scenario_Case3/calabria_SingleMuPt10_GEN-SIM-DIGI-RECO_CMSSW_6_2_0_SLHC12_2023Scenario_Case3/713e95291268ed84eccf2b8e553eab97/out_reco_389_1_CWh.root
18-Jun-2014 00:46:28 CEST  Successfully opened file file:/lustre/cms//store/user/calabria/calabria_SingleMuPt10_GEN-SIM-DIGI-RECO_CMSSW_6_2_0_SLHC12_2023Scenario_Case3/calabria_SingleMuPt10_GEN-SIM-DIGI-RECO_CMSSW_6_2_0_SLHC12_2023Scenario_Case3/713e95291268ed84eccf2b8e553eab97/out_reco_389_1_CWh.root
18-Jun-2014 00:47:22 CEST  Closed file file:/lustre/cms//store/user/calabria/calabria_SingleMuPt10_GEN-SIM-DIGI-RECO_CMSSW_6_2_0_SLHC12_2023Scenario_Case3/calabria_SingleMuPt10_GEN-SIM-DIGI-RECO_CMSSW_6_2_0_SLHC12_2023Scenario_Case3/713e95291268ed84eccf2b8e553eab97/out_reco_389_1_CWh.root
18-Jun-2014 00:47:22 CEST  Initiating request to open file file:/lustre/cms//store/user/calabria/calabria_SingleMuPt10_GEN-SIM-DIGI-RECO_CMSSW_6_2_0_SLHC12_2023Scenario_Case3/calabria_SingleMuPt10_GEN-SIM-DIGI-RECO_CMSSW_6_2_0_SLHC12_2023Scenario_Case3/713e95291268ed84eccf2b8e553eab97/out_reco_392_1_wlE.root
18-Jun-2014 00:47:22 CEST  Successfully opened file file:/lustre/cms//store/user/calabria/calabria_SingleMuPt10_GEN-SIM-DIGI-RECO_CMSSW_6_2_0_SLHC12_2023Scenario_Case3/calabria_SingleMuPt10_GEN-SIM-DIGI-RECO_CMSSW_6_2_0_SLHC12_2023Scenario_Case3/713e95291268ed84eccf2b8e553eab97/out_reco_392_1_wlE.root
18-Jun-2014 00:48:12 CEST  Closed file file:/lustre/cms//store/user/calabria/calabria_SingleMuPt10_GEN-SIM-DIGI-RECO_CMSSW_6_2_0_SLHC12_2023Scenario_Case3/calabria_SingleMuPt10_GEN-SIM-DIGI-RECO_CMSSW_6_2_0_SLHC12_2023Scenario_Case3/713e95291268ed84eccf2b8e553eab97/out_reco_392_1_wlE.root
18-Jun-2014 00:48:12 CEST  Initiating request to open file file:/lustre/cms//store/user/calabria/calabria_SingleMuPt10_GEN-SIM-DIGI-RECO_CMSSW_6_2_0_SLHC12_2023Scenario_Case3/calabria_SingleMuPt10_GEN-SIM-DIGI-RECO_CMSSW_6_2_0_SLHC12_2023Scenario_Case3/713e95291268ed84eccf2b8e553eab97/out_reco_394_1_Dh1.root
18-Jun-2014 00:48:12 CEST  Successfully opened file file:/lustre/cms//store/user/calabria/calabria_SingleMuPt10_GEN-SIM-DIGI-RECO_CMSSW_6_2_0_SLHC12_2023Scenario_Case3/calabria_SingleMuPt10_GEN-SIM-DIGI-RECO_CMSSW_6_2_0_SLHC12_2023Scenario_Case3/713e95291268ed84eccf2b8e553eab97/out_reco_394_1_Dh1.root
18-Jun-2014 00:49:03 CEST  Closed file file:/lustre/cms//store/user/calabria/calabria_SingleMuPt10_GEN-SIM-DIGI-RECO_CMSSW_6_2_0_SLHC12_2023Scenario_Case3/calabria_SingleMuPt10_GEN-SIM-DIGI-RECO_CMSSW_6_2_0_SLHC12_2023Scenario_Case3/713e95291268ed84eccf2b8e553eab97/out_reco_394_1_Dh1.root
18-Jun-2014 00:49:03 CEST  Initiating request to open file file:/lustre/cms//store/user/calabria/calabria_SingleMuPt10_GEN-SIM-DIGI-RECO_CMSSW_6_2_0_SLHC12_2023Scenario_Case3/calabria_SingleMuPt10_GEN-SIM-DIGI-RECO_CMSSW_6_2_0_SLHC12_2023Scenario_Case3/713e95291268ed84eccf2b8e553eab97/out_reco_400_1_UlL.root
18-Jun-2014 00:49:03 CEST  Successfully opened file file:/lustre/cms//store/user/calabria/calabria_SingleMuPt10_GEN-SIM-DIGI-RECO_CMSSW_6_2_0_SLHC12_2023Scenario_Case3/calabria_SingleMuPt10_GEN-SIM-DIGI-RECO_CMSSW_6_2_0_SLHC12_2023Scenario_Case3/713e95291268ed84eccf2b8e553eab97/out_reco_400_1_UlL.root
18-Jun-2014 00:49:53 CEST  Closed file file:/lustre/cms//store/user/calabria/calabria_SingleMuPt10_GEN-SIM-DIGI-RECO_CMSSW_6_2_0_SLHC12_2023Scenario_Case3/calabria_SingleMuPt10_GEN-SIM-DIGI-RECO_CMSSW_6_2_0_SLHC12_2023Scenario_Case3/713e95291268ed84eccf2b8e553eab97/out_reco_400_1_UlL.root
18-Jun-2014 00:49:53 CEST  Initiating request to open file file:/lustre/cms//store/user/calabria/calabria_SingleMuPt10_GEN-SIM-DIGI-RECO_CMSSW_6_2_0_SLHC12_2023Scenario_Case3/calabria_SingleMuPt10_GEN-SIM-DIGI-RECO_CMSSW_6_2_0_SLHC12_2023Scenario_Case3/713e95291268ed84eccf2b8e553eab97/out_reco_402_1_Z7L.root
18-Jun-2014 00:49:54 CEST  Successfully opened file file:/lustre/cms//store/user/calabria/calabria_SingleMuPt10_GEN-SIM-DIGI-RECO_CMSSW_6_2_0_SLHC12_2023Scenario_Case3/calabria_SingleMuPt10_GEN-SIM-DIGI-RECO_CMSSW_6_2_0_SLHC12_2023Scenario_Case3/713e95291268ed84eccf2b8e553eab97/out_reco_402_1_Z7L.root
18-Jun-2014 00:50:41 CEST  Closed file file:/lustre/cms//store/user/calabria/calabria_SingleMuPt10_GEN-SIM-DIGI-RECO_CMSSW_6_2_0_SLHC12_2023Scenario_Case3/calabria_SingleMuPt10_GEN-SIM-DIGI-RECO_CMSSW_6_2_0_SLHC12_2023Scenario_Case3/713e95291268ed84eccf2b8e553eab97/out_reco_402_1_Z7L.root
18-Jun-2014 00:50:41 CEST  Initiating request to open file file:/lustre/cms//store/user/calabria/calabria_SingleMuPt10_GEN-SIM-DIGI-RECO_CMSSW_6_2_0_SLHC12_2023Scenario_Case3/calabria_SingleMuPt10_GEN-SIM-DIGI-RECO_CMSSW_6_2_0_SLHC12_2023Scenario_Case3/713e95291268ed84eccf2b8e553eab97/out_reco_406_1_FVF.root
18-Jun-2014 00:50:41 CEST  Successfully opened file file:/lustre/cms//store/user/calabria/calabria_SingleMuPt10_GEN-SIM-DIGI-RECO_CMSSW_6_2_0_SLHC12_2023Scenario_Case3/calabria_SingleMuPt10_GEN-SIM-DIGI-RECO_CMSSW_6_2_0_SLHC12_2023Scenario_Case3/713e95291268ed84eccf2b8e553eab97/out_reco_406_1_FVF.root
18-Jun-2014 00:51:48 CEST  Closed file file:/lustre/cms//store/user/calabria/calabria_SingleMuPt10_GEN-SIM-DIGI-RECO_CMSSW_6_2_0_SLHC12_2023Scenario_Case3/calabria_SingleMuPt10_GEN-SIM-DIGI-RECO_CMSSW_6_2_0_SLHC12_2023Scenario_Case3/713e95291268ed84eccf2b8e553eab97/out_reco_406_1_FVF.root

=============================================

MessageLogger Summary

 type     category        sev    module        subroutine        count    total
 ---- -------------------- -- ---------------- ----------------  -----    -----
    1 fileAction           -s file_close                            10       10
    2 fileAction           -s file_open                             20       20

 type    category    Examples: run/evt        run/evt          run/evt
 ---- -------------------- ---------------- ---------------- ----------------
    1 fileAction           PostProcessEvent PostProcessEvent PostEndRun
    2 fileAction           pre-events       pre-events       PostProcessEvent

Severity    # Occurrences   Total Occurrences
--------    -------------   -----------------
System                 30                  30
>>> END OF printout of 50 lines from stdout+stderr
>>> Parse FrameworkJobReport crab_fjr.xml
Result of parsing the FrameworkJobReport crab_fjr.xml: Popularity start
lumisRange : 1::::1;1::::2;1::::3;1::::4;1::::5;1::::6;1::::7;1::::8;1::::9;1::::10;
lumisParentRange : 
Basename : /store/user/calabria/calabria_SingleMuPt10_GEN-SIM-DIGI-RECO_CMSSW_6_2_0_SLHC12_2023Scenario_Case3/calabria_SingleMuPt10_GEN-SIM-DIGI-RECO_CMSSW_6_2_0_SLHC12_2023Scenario_Case3/713e95291268ed84eccf2b8e553eab97/out_reco_
BasenameParent : 
parentFiles : 
inputBlocks : /calabria_SingleMuPt10_GEN-SIM-DIGI-RECO_CMSSW_6_2_0_SLHC12_2023Scenario_Case3/calabria-calabria_SingleMuPt10_GEN-SIM-DIGI-RECO_CMSSW_6_2_0_SLHC12_2023Scenario_Case3-713e95291268ed84eccf2b8e553eab97/USER#3fdaec55-e682-4866-bb99-35d4d4166125
inputFiles : 406_1_FVF.root::1::EDM::Local::1;355_1_Njp.root::1::EDM::Local::2;387_1_g9S.root::1::EDM::Local::3;389_1_CWh.root::1::EDM::Local::4;383_1_6bW.root::1::EDM::Local::5;402_1_Z7L.root::1::EDM::Local::6;364_1_h4a.root::1::EDM::Local::7;394_1_Dh1.root::1::EDM::Local::8;392_1_wlE.root::1::EDM::Local::9;400_1_UlL.root::1::EDM::Local::10;
Popularity stop
Extracted ExitStatus from FrameworkJobReport parsing output: 0
>>> Executable succeded  0
ExeExitCode=0
EXECUTABLE_EXIT_STATUS = 0
>>> current directory /home/cms017/home_cream_916245382/CREAM916245382/glide_Z66qit/execute/dir_24556/CMSSW_6_2_0_SLHC12
>>>  (SOFTWARE_DIR): /home/cms017/home_cream_916245382/CREAM916245382/glide_Z66qit/execute/dir_24556/CMSSW_6_2_0_SLHC12
>>> (WORKING_DIR): 
>>> current directory content:
total 10444
drwxr-xr-x 3 cms017 cms    4096 Jun 18 00:41 .SCRAM
-rw------- 1 cms017 cms 3740460 Jun 18 00:41 CMSSW.py.pkl
drwxr-xr-x 3 cms017 cms    4096 Jun 18 00:41 bin
drwxr-xr-x 3 cms017 cms    4096 Jun 18 00:41 cfipython
drwxr-xr-x 4 cms017 cms    4096 Jun 18 00:41 config
-rw------- 1 cms017 cms      17 Jun 18 00:51 cpu_timing.txt
drwxr-xr-x 2 cms017 cms    4096 Jun 18 00:41 doc
-rw------- 1 cms017 cms    9925 Jun 18 00:51 executable.out
drwxr-xr-x 2 cms017 cms    4096 Jun 18 00:41 include
drwx------ 3 cms017 cms    4096 Apr 28 18:12 lib
drwxr-xr-x 3 cms017 cms    4096 Jun 18 00:41 logs
drwxr-xr-x 3 cms017 cms    4096 Jun 18 00:41 objs
-rw------- 1 cms017 cms     104 Jun 18 00:42 pset.py
-rw------- 1 cms017 cms 3712312 Jun 18 00:42 pset.py.pkl
-rw------- 1 cms017 cms     289 Jun 18 00:41 pset.pyc
drwxr-xr-x 2 cms017 cms    4096 Jun 18 00:41 python
-rw------- 1 cms017 cms     416 Jun 18 00:51 report.log
drwx------ 6 cms017 cms    4096 Jun 18 00:41 src
drwxr-xr-x 3 cms017 cms    4096 Jun 18 00:41 test
drwxr-xr-x 3 cms017 cms    4096 Jun 18 00:41 tmp
-rw------- 1 cms017 cms 3139048 Jun 18 00:51 validationEDM.root
>>> current directory /home/cms017/home_cream_916245382/CREAM916245382/glide_Z66qit/execute/dir_24556/CMSSW_6_2_0_SLHC12
>>> (SOFTWARE_DIR): /home/cms017/home_cream_916245382/CREAM916245382/glide_Z66qit/execute/dir_24556/CMSSW_6_2_0_SLHC12
>>> (WORKING_DIR): 
>>> current directory content:
total 10444
drwxr-xr-x 3 cms017 cms    4096 Jun 18 00:41 .SCRAM
-rw------- 1 cms017 cms 3740460 Jun 18 00:41 CMSSW.py.pkl
drwxr-xr-x 3 cms017 cms    4096 Jun 18 00:41 bin
drwxr-xr-x 3 cms017 cms    4096 Jun 18 00:41 cfipython
drwxr-xr-x 4 cms017 cms    4096 Jun 18 00:41 config
-rw------- 1 cms017 cms      17 Jun 18 00:51 cpu_timing.txt
drwxr-xr-x 2 cms017 cms    4096 Jun 18 00:41 doc
-rw------- 1 cms017 cms    9925 Jun 18 00:51 executable.out
drwxr-xr-x 2 cms017 cms    4096 Jun 18 00:41 include
drwx------ 3 cms017 cms    4096 Apr 28 18:12 lib
drwxr-xr-x 3 cms017 cms    4096 Jun 18 00:41 logs
drwxr-xr-x 3 cms017 cms    4096 Jun 18 00:41 objs
-rw------- 1 cms017 cms     104 Jun 18 00:42 pset.py
-rw------- 1 cms017 cms 3712312 Jun 18 00:42 pset.py.pkl
-rw------- 1 cms017 cms     289 Jun 18 00:41 pset.pyc
drwxr-xr-x 2 cms017 cms    4096 Jun 18 00:41 python
-rw------- 1 cms017 cms     416 Jun 18 00:51 report.log
drwx------ 6 cms017 cms    4096 Jun 18 00:41 src
drwxr-xr-x 3 cms017 cms    4096 Jun 18 00:41 test
drwxr-xr-x 3 cms017 cms    4096 Jun 18 00:41 tmp
-rw------- 1 cms017 cms 3139048 Jun 18 00:51 validationEDM_18_1_sAk.root
>>> current directory (RUNTIME_AREA):  /home/cms017/home_cream_916245382/CREAM916245382/glide_Z66qit/execute/dir_24556
SE = storm-se-01.ba.infn.it
SE_PATH = /srm/managerv2?SFN=//cms/store/user/calabria/calabria_SingleMuPt10_GEN-SIM-DIGI-RECO_CMSSW_6_2_0_SLHC12_2023Scenario_Case3/calabria_MuMinus10_GEN-SIM-DIGI-RECO_CMSSW_6_2_0_SLHC12_2023Scenario_VALNOPU2_Case3/5854dd31cbd3cdec44c48628cc181cf0/
LFNBaseName = /store/user/calabria/calabria_SingleMuPt10_GEN-SIM-DIGI-RECO_CMSSW_6_2_0_SLHC12_2023Scenario_Case3/calabria_MuMinus10_GEN-SIM-DIGI-RECO_CMSSW_6_2_0_SLHC12_2023Scenario_VALNOPU2_Case3/5854dd31cbd3cdec44c48628cc181cf0/
USER = calabria
endpoint = srm://storm-se-01.ba.infn.it:8444/srm/managerv2?SFN=//cms/store/user/calabria/calabria_SingleMuPt10_GEN-SIM-DIGI-RECO_CMSSW_6_2_0_SLHC12_2023Scenario_Case3/calabria_MuMinus10_GEN-SIM-DIGI-RECO_CMSSW_6_2_0_SLHC12_2023Scenario_VALNOPU2_Case3/5854dd31cbd3cdec44c48628cc181cf0/
>>> Copy output files from WN = alicegrid34.ba.infn.it to /srm/managerv2?SFN=//cms/store/user/calabria/calabria_SingleMuPt10_GEN-SIM-DIGI-RECO_CMSSW_6_2_0_SLHC12_2023Scenario_Case3/calabria_MuMinus10_GEN-SIM-DIGI-RECO_CMSSW_6_2_0_SLHC12_2023Scenario_VALNOPU2_Case3/5854dd31cbd3cdec44c48628cc181cf0/ :
python cmscp.py  --destination srm://storm-se-01.ba.infn.it:8444/srm/managerv2?SFN=//cms/store/user/calabria/calabria_SingleMuPt10_GEN-SIM-DIGI-RECO_CMSSW_6_2_0_SLHC12_2023Scenario_Case3/calabria_MuMinus10_GEN-SIM-DIGI-RECO_CMSSW_6_2_0_SLHC12_2023Scenario_VALNOPU2_Case3/5854dd31cbd3cdec44c48628cc181cf0/ --inputFileList /home/cms017/home_cream_916245382/CREAM916245382/glide_Z66qit/execute/dir_24556/CMSSW_6_2_0_SLHC12/validationEDM_18_1_sAk.root --middleware LCG --se_name storm-se-01.ba.infn.it --for_lfn /store/user/calabria/calabria_SingleMuPt10_GEN-SIM-DIGI-RECO_CMSSW_6_2_0_SLHC12_2023Scenario_Case3/calabria_MuMinus10_GEN-SIM-DIGI-RECO_CMSSW_6_2_0_SLHC12_2023Scenario_VALNOPU2_Case3/5854dd31cbd3cdec44c48628cc181cf0/    
******************************************************
localSeName  =  storm-se-01.ba.infn.it
remoteSeName =  storm-se-01.ba.infn.it
******************************************************
{"/home/cms017/home_cream_916245382/CREAM916245382/glide_Z66qit/execute/dir_24556/CMSSW_6_2_0_SLHC12/validationEDM_18_1_sAk.root": {"endpoint": "srm://storm-se-01.ba.infn.it:8444/srm/managerv2?SFN=//cms/store/user/calabria/calabria_SingleMuPt10_GEN-SIM-DIGI-RECO_CMSSW_6_2_0_SLHC12_2023Scenario_Case3/calabria_MuMinus10_GEN-SIM-DIGI-RECO_CMSSW_6_2_0_SLHC12_2023Scenario_VALNOPU2_Case3/5854dd31cbd3cdec44c48628cc181cf0/", "surl_for_grid": "", "reason": "Copy succedeed with srm-lcg utils", "erCode": "0", "se_name": "storm-se-01.ba.infn.it", "for_lfn": "/store/user/calabria/calabria_SingleMuPt10_GEN-SIM-DIGI-RECO_CMSSW_6_2_0_SLHC12_2023Scenario_Case3/calabria_MuMinus10_GEN-SIM-DIGI-RECO_CMSSW_6_2_0_SLHC12_2023Scenario_VALNOPU2_Case3/5854dd31cbd3cdec44c48628cc181cf0/"}}/home/cms017/home_cream_916245382/CREAM916245382/glide_Z66qit/execute/dir_24556
-------- cat /home/cms017/home_cream_916245382/CREAM916245382/glide_Z66qit/execute/dir_24556/cmscpReport.sh 
#!/bin/bash
echo "Report for File: /home/cms017/home_cream_916245382/CREAM916245382/glide_Z66qit/execute/dir_24556/CMSSW_6_2_0_SLHC12/validationEDM_18_1_sAk.root"
echo "LFN: /store/user/calabria/calabria_SingleMuPt10_GEN-SIM-DIGI-RECO_CMSSW_6_2_0_SLHC12_2023Scenario_Case3/calabria_MuMinus10_GEN-SIM-DIGI-RECO_CMSSW_6_2_0_SLHC12_2023Scenario_VALNOPU2_Case3/5854dd31cbd3cdec44c48628cc181cf0/validationEDM_18_1_sAk.root"
echo "StorageElement: storm-se-01.ba.infn.it"
echo "StageOutExitStatusReason = 'Copy succedeed with srm-lcg utils'" | tee -a $RUNTIME_AREA/$repo
echo "StageOutSE = storm-se-01.ba.infn.it" >> $RUNTIME_AREA/$repo

export StageOutExitStatus=0
echo "StageOutExitStatus = 0" | tee -a $RUNTIME_AREA/$repo
-------- end of /home/cms017/home_cream_916245382/CREAM916245382/glide_Z66qit/execute/dir_24556/cmscpReport.sh 
Report for File: /home/cms017/home_cream_916245382/CREAM916245382/glide_Z66qit/execute/dir_24556/CMSSW_6_2_0_SLHC12/validationEDM_18_1_sAk.root
LFN: /store/user/calabria/calabria_SingleMuPt10_GEN-SIM-DIGI-RECO_CMSSW_6_2_0_SLHC12_2023Scenario_Case3/calabria_MuMinus10_GEN-SIM-DIGI-RECO_CMSSW_6_2_0_SLHC12_2023Scenario_VALNOPU2_Case3/5854dd31cbd3cdec44c48628cc181cf0/validationEDM_18_1_sAk.root
StorageElement: storm-se-01.ba.infn.it
StageOutExitStatusReason = 'Copy succedeed with srm-lcg utils'
StageOutExitStatus = 0
>>> current dir: /home/cms017/home_cream_916245382/CREAM916245382/glide_Z66qit/execute/dir_24556
>>> current dir content:
total 28080
-rw-------  1 cms017 cms     2783 Jun 18 00:52 .SEinteraction.log
-rwx------  1 cms017 cms     6840 Jun 18 00:41 .job.ad
-rwx------  1 cms017 cms     9470 Jun 18 00:41 .machine.ad
-rw-------  1 cms017 cms      105 Jun 16 20:40 CMSSW.py
-rw-------  1 cms017 cms  3740460 Jun 16 20:40 CMSSW.py.pkl
-rwx------  1 cms017 cms    29556 Jun 18 00:41 CMSSW.sh
drwxr-xr-x 15 cms017 cms     4096 Jun 18 00:51 CMSSW_6_2_0_SLHC12
-rw-------  1 cms017 cms      220 Jun 18 00:41 CacheEnv.sh
-rw-------  1 cms017 cms     7291 Apr  4 11:04 DashboardAPI.py
-rw-------  1 cms017 cms     6815 Jun 18 00:41 DashboardAPI.pyc
drwx------  2 cms017 cms     4096 Jun 18 00:51 IMProv
-rw-------  1 cms017 cms     2748 Apr  4 11:04 Logger.py
-rw-------  1 cms017 cms     3347 Jun 18 00:41 Logger.pyc
-rw-------  1 cms017 cms    24524 Apr  4 11:04 ProcInfo.py
-rw-------  1 cms017 cms    23197 Jun 18 00:41 ProcInfo.pyc
drwx------  7 cms017 cms     4096 Jun 18 00:41 ProdCommon
drwx------  3 cms017 cms     4096 Jun 18 00:41 WMCore
-rw-------  1 cms017 cms     2869 Jun 18 00:52 Watchdog_18.log
-rwx------  1 cms017 cms        0 Jun 18 00:41 _condor_stderr
-rwx---r--  1 cms017 cms    29452 Jun 18 00:52 _condor_stdout
-rw-------  1 cms017 cms    32895 Apr  4 11:04 apmon.py
-rw-------  1 cms017 cms    28625 Jun 18 00:41 apmon.pyc
-rwx------  1 cms017 cms    53451 Jun 18 00:41 arguments.xml
-rwx------  1 cms017 cms    38515 Apr  4 11:04 cmscp.py
-rw-------  1 cms017 cms      718 Jun 18 00:52 cmscpReport.sh
-rwx------  1 cms017 cms    29556 Jun 18 00:41 condor_exec.exe
-rw-------  1 cms017 cms      958 Jun 16 20:40 crab.cfg
-rwx------  1 cms017 cms     8610 Apr  4 11:04 crabWatchdog.sh
-rwx---r--  1 cms017 cms   523272 Jun 18 00:51 crab_fjr_18.xml
-rwx------  1 cms017 cms 23957894 Jun 18 00:41 default.tgz
-rwx------  1 cms017 cms     4488 Apr  4 11:04 fillCrabFjr.py
-rw-------  1 cms017 cms     2629 Jun 18 00:41 inputsReport.txt
-rw-------  1 cms017 cms      263 Jun 18 00:52 jobreport.txt
-rw-------  1 cms017 cms    17352 Apr  4 11:04 parseCrabFjr.py
-rw-------  1 cms017 cms      336 Jun 18 00:41 report.log
-rwx--x--x  1 cms017 cms     1497 Apr  4 11:04 report.py
-rw-------  1 cms017 cms      772 Jun 18 00:52 resultCopyFile
lrwxrwxrwx  1 cms017 cms      126 Jun 18 00:51 validationEDM.root -> /home/cms017/home_cream_916245382/CREAM916245382/glide_Z66qit/execute/dir_24556/CMSSW_6_2_0_SLHC12/validationEDM_18_1_sAk.root
-rwx------  1 cms017 cms     8387 Apr  4 11:04 writeCfg.py
-rw-------  1 cms017 cms     8010 Jun 18 00:41 x509up_u50707
>>> Modify Job Report:
CMSSW_VERSION = CMSSW_6_2_0_SLHC12
ProcessedDataset = calabria_MuMinus10_GEN-SIM-DIGI-RECO_CMSSW_6_2_0_SLHC12_2023Scenario_VALNOPU2_Case3
/home/cms017/home_cream_916245382/CREAM916245382/glide_Z66qit/execute/dir_24556/ProdCommon/FwkJobRep/ModifyJobReport.py fjr /home/cms017/home_cream_916245382/CREAM916245382/glide_Z66qit/execute/dir_24556/crab_fjr_18.xml json /home/cms017/home_cream_916245382/CREAM916245382/glide_Z66qit/execute/dir_24556/resultCopyFile n_job 18_1_sAk PrimaryDataset calabria_SingleMuPt10_GEN-SIM-DIGI-RECO_CMSSW_6_2_0_SLHC12_2023Scenario_Case3  ApplicationFamily cmsRun ApplicationName cmsRun cmssw_version CMSSW_6_2_0_SLHC12 psethash 5854dd31cbd3cdec44c48628cc181cf0 UserProcessedDataset calabria-calabria_MuMinus10_GEN-SIM-DIGI-RECO_CMSSW_6_2_0_SLHC12_2023Scenario_VALNOPU2_Case3-5854dd31cbd3cdec44c48628cc181cf0
inputDict =  {u'/home/cms017/home_cream_916245382/CREAM916245382/glide_Z66qit/execute/dir_24556/CMSSW_6_2_0_SLHC12/validationEDM_18_1_sAk.root': {u'endpoint': u'srm://storm-se-01.ba.infn.it:8444/srm/managerv2?SFN=//cms/store/user/calabria/calabria_SingleMuPt10_GEN-SIM-DIGI-RECO_CMSSW_6_2_0_SLHC12_2023Scenario_Case3/calabria_MuMinus10_GEN-SIM-DIGI-RECO_CMSSW_6_2_0_SLHC12_2023Scenario_VALNOPU2_Case3/5854dd31cbd3cdec44c48628cc181cf0/', u'surl_for_grid': u'', u'reason': u'Copy succedeed with srm-lcg utils', u'erCode': u'0', u'se_name': u'storm-se-01.ba.infn.it', u'for_lfn': u'/store/user/calabria/calabria_SingleMuPt10_GEN-SIM-DIGI-RECO_CMSSW_6_2_0_SLHC12_2023Scenario_Case3/calabria_MuMinus10_GEN-SIM-DIGI-RECO_CMSSW_6_2_0_SLHC12_2023Scenario_VALNOPU2_Case3/5854dd31cbd3cdec44c48628cc181cf0/'}}
UserProcessedDataset =  calabria-calabria_MuMinus10_GEN-SIM-DIGI-RECO_CMSSW_6_2_0_SLHC12_2023Scenario_VALNOPU2_Case3-5854dd31cbd3cdec44c48628cc181cf0
file_name in inputDict =  /home/cms017/home_cream_916245382/CREAM916245382/glide_Z66qit/execute/dir_24556/CMSSW_6_2_0_SLHC12/validationEDM_18_1_sAk.root
(size) os.stat(filename)[6] =  3139048
checksum =  1902957459
    file =  validationEDM_18_1_sAk.root
    newPfn =  srm://storm-se-01.ba.infn.it:8444/srm/managerv2?SFN=//cms/store/user/calabria/calabria_SingleMuPt10_GEN-SIM-DIGI-RECO_CMSSW_6_2_0_SLHC12_2023Scenario_Case3/calabria_MuMinus10_GEN-SIM-DIGI-RECO_CMSSW_6_2_0_SLHC12_2023Scenario_VALNOPU2_Case3/5854dd31cbd3cdec44c48628cc181cf0/validationEDM_18_1_sAk.root
    newLfn =  /store/user/calabria/calabria_SingleMuPt10_GEN-SIM-DIGI-RECO_CMSSW_6_2_0_SLHC12_2023Scenario_Case3/calabria_MuMinus10_GEN-SIM-DIGI-RECO_CMSSW_6_2_0_SLHC12_2023Scenario_VALNOPU2_Case3/5854dd31cbd3cdec44c48628cc181cf0/validationEDM_18_1_sAk.root
>>> crab_fjr_*.xml  permission set to 0704
CrabWrapper EXIT_FUNC entered at Wed Jun 18 00:52:48 CEST 2014   -  Tue Jun 17 22:52:49 UTC 2014
Checking output files:  
will tar file crab_fjr_18.xml in  out_files_18
WARNING: output file CMSSW_18.stdout not found!
WARNING: output file CMSSW_18.stderr not found!
WARNING: output file Watchdog_18.log.gz not found!
>>> padding time: Wrapper lasting more than 600 seconds. No sleep required.
STOPPING WATCHDOG. CrabWatchdog PID is 25176
********** LAST 50 LINES OF WATCHDOG LOG
# RESOURCE USAGE SUMMARY FOR PROCESS ID 24940
USER       PID %CPU %MEM    VSZ   RSS TTY      STAT START   TIME COMMAND
cms017   24940  0.1  0.0   9496  1596 ?        S    00:41   0:00 /bin/sh /home/cms017/home_cream_916245382/CREAM916245382/glide_Z66qit/execute/dir_24556/condor_exec.exe 18 1
 
# LIMITS USED BY CRAB WATCHDOG:
# RSS  (KBytes)   : 2300000
# VSZ  (KBytes)   : 100000000
# DISK (MBytes)   : 19000
# CPU TIME        : 720h:0m:0s
# WALL CLOCK TIME : 21h:50m:0s
 
# FOLLOWING PRINTOUT TRACKS MAXIMUM VALUES OF RESOURCES USE
# ONE LINE IS PRINTED EACH TIME A MAXIMUM CHANGES
# IF CHANGE WAS IN RSS OR VSZ ALSO PROCID AND COMMAND ARE PRINTED
# THERE IS NO PRINTOUT FOR CPU/WALL TIME INCREASE
 
# TIME			PID	RSS(KB)	VSZ(KB)	Dsk(MB)	tCPU(s)	tWALL(s)	COMMAND
 Jun 18 00:41:39 CEST	1614	1260	106092	0	0	0	sh -c "./glidein_startup.sh" -v std -name v3_0 -entry CMS_T2_IT_Bari_ce2 -clientname UCSD-v1_0.main
 Jun 18 00:41:39 CEST	1616	1772	106492	0	0	0	/bin/bash ./glidein_startup.sh -v std -name v3_0 -entry CMS_T2_IT_Bari_ce2 -clientname UCSD-v1_0.main -schedd
 Jun 18 00:41:39 CEST	9133	8012	106492	0	0	1	/home/cms017/home_cream_916245382/CREAM916245382/glide_Z66qit/main/condor/sbin/condor_master -f -pidfile /home/cms017/home_cream_916245382/CREAM916245382/glide_Z66qit/condor_master2.pid       
 Jun 18 00:41:39 CEST	9169	8704	106492	0	1	2	condor_startd -f         
 Jun 18 00:41:39 CEST	25190	50056	115472	0	2	3	edmConfigHash pset.py         
 Jun 18 00:41:39 CEST	---	50056	115472	171	----	----	----
 Jun 18 00:42:42 CEST	26344	234080	385760	171	18	67	cmsRun -j /home/cms017/home_cream_916245382/CREAM916245382/glide_Z66qit/execute/dir_24556/crab_fjr_18.xml -p pset.py      
 Jun 18 00:42:42 CEST	---	234080	385760	175	----	----	----
 Jun 18 00:43:46 CEST	26344	763532	983488	175	59	129	cmsRun -j /home/cms017/home_cream_916245382/CREAM916245382/glide_Z66qit/execute/dir_24556/crab_fjr_18.xml -p pset.py      
 Jun 18 00:44:48 CEST	26344	786468	1002008	175	99	194	cmsRun -j /home/cms017/home_cream_916245382/CREAM916245382/glide_Z66qit/execute/dir_24556/crab_fjr_18.xml -p pset.py      
 Jun 18 00:45:53 CEST	26344	793228	1011324	175	142	255	cmsRun -j /home/cms017/home_cream_916245382/CREAM916245382/glide_Z66qit/execute/dir_24556/crab_fjr_18.xml -p pset.py      
 Jun 18 00:47:59 CEST	26344	796812	1019772	175	232	384	cmsRun -j /home/cms017/home_cream_916245382/CREAM916245382/glide_Z66qit/execute/dir_24556/crab_fjr_18.xml -p pset.py      
 Jun 18 00:50:06 CEST	26344	812660	1028352	175	312	511	cmsRun -j /home/cms017/home_cream_916245382/CREAM916245382/glide_Z66qit/execute/dir_24556/crab_fjr_18.xml -p pset.py      
 Jun 18 00:51:10 CEST	26344	812660	1033984	175	361	575	cmsRun -j /home/cms017/home_cream_916245382/CREAM916245382/glide_Z66qit/execute/dir_24556/crab_fjr_18.xml -p pset.py      
 Jun 18 00:52:14 CEST	---	812660	1033984	178	----	----	----
********** WATCHDOG LOG ENDED
ZIPPING WATCHDOG LOG
Disk space used:
du -sh /home/cms017/home_cream_916245382/CREAM916245382/glide_Z66qit/execute/dir_24556
179M	/home/cms017/home_cream_916245382/CREAM916245382/glide_Z66qit/execute/dir_24556
Found unusual stdout, rename for OSB
`/home/cms017/home_cream_916245382/CREAM916245382/glide_Z66qit/execute/dir_24556/_condor_stdout' -> `CMSSW_18.stdout'
Found unusual stderr, rename for OSB
`/home/cms017/home_cream_916245382/CREAM916245382/glide_Z66qit/execute/dir_24556/_condor_stdout' -> `CMSSW_18.stderr'
crab_fjr_18.xml
CMSSW_18.stdout
CMSSW_18.stderr
Watchdog_18.log.gz
Total Output dimension: 70326
WARNING: output files size limit is set to: 50000000
Total Output dimension 70326 is fine.
JOB_EXIT_STATUS = 0
>>> info for dashboard:
***** Cat /home/cms017/home_cream_916245382/CREAM916245382/glide_Z66qit/execute/dir_24556/jobreport.txt *****
MonitorJobID=18_https://hcc-crabserver.unl.edu//140616//142015.17
MonitorID=calabria_MuMinus10_Case3_ReReco_n36x9o
ExeTime=577
ExeExitCode=0
StageOutExitStatusReason = 'Copy succedeed with srm-lcg utils'
StageOutSE = storm-se-01.ba.infn.it
StageOutExitStatus = 0
CrabUserCpuTime=372.94
CrabSysCpuTime=14.01
CrabCpuPercentage=67%
CrabWrapperTime=683
CrabStageoutTime=49
JobExitCode=0
***** End Cat jobreport *****
Parameters sent to Dashboard.
EXITING at Wed Jun 18 00:53:00 CEST 2014  -  Tue Jun 17 22:53:00 UTC 2014
