This script was generated by crab (version 2.10.5_patch1).
Running /home/cms040/home_cream_436384629/CREAM436384629/glide_0pjJQ8/execute/dir_5589/condor_exec.exe with 2 positional parameters: 18 1
Today is Wed Jun 18 00:34:41 CEST 2014 - Tue Jun 17 22:34:41 UTC 2014
Job submitted on host alicegrid44.ba.infn.it
Linux alicegrid44.ba.infn.it 2.6.32-358.23.2.el6.x86_64 #1 SMP Thu Oct 17 10:27:22 CEST 2013 x86_64 x86_64 x86_64 GNU/Linux
>>> current directory (RUNTIME_AREA): /home/cms040/home_cream_436384629/CREAM436384629/glide_0pjJQ8/execute/dir_5589
>>> current user: uid=18598(cms040) gid=1399(cms) groups=1399(cms)
>>> directory permission set to 0700
>>> umask set to:  u=rwx,g=,o=
>>> stdout stderr permission set to 0704
>>> voms proxy information:
subject   : /C=IT/O=INFN/OU=Personal Certificate/L=Bari/CN=Cesare Calabria/CN=477126703/CN=1003675640
issuer    : /C=IT/O=INFN/OU=Personal Certificate/L=Bari/CN=Cesare Calabria/CN=477126703
identity  : /C=IT/O=INFN/OU=Personal Certificate/L=Bari/CN=Cesare Calabria
type      : RFC3820 compliant limited proxy
strength  : 1024
path      : /home/cms040/home_cream_436384629/CREAM436384629/glide_0pjJQ8/execute/dir_5589/x509up_u50707
timeleft  : 23:58:50
key usage : Digital Signature, Key Encipherment, Data Encipherment
=== VO cms extension information ===
VO        : cms
subject   : /C=IT/O=INFN/OU=Personal Certificate/L=Bari/CN=Cesare Calabria
issuer    : /DC=ch/DC=cern/OU=computers/CN=voms.cern.ch
attribute : /cms/Role=NULL/Capability=NULL
attribute : /cms/itcms/Role=NULL/Capability=NULL
timeleft  : 154:49:35
uri       : voms.cern.ch:15002

WNHostName=alicegrid44.ba.infn.it
>>> tar --no-same-permissions -xf /home/cms040/home_cream_436384629/CREAM436384629/glide_0pjJQ8/execute/dir_5589/default.tgz :
Successful untar
>>> Include /home/cms040/home_cream_436384629/CREAM436384629/glide_0pjJQ8/execute/dir_5589 in PYTHONPATH:
strip arguments
env var CRAB_UNIQUE_JOB_ID set to: calabria_MuMinus100_Case5_ReReco_ra684q_18_1_FTV
out_files_18
>>> list of expected files on output sandbox
output files: crab_fjr_18.xml CMSSW_18.stdout CMSSW_18.stderr Watchdog_18.log.gz
>>> GridFlavour discovery: 
GridFlavour=LCG
>>> SyncSite discovery: 
SyncSite=T2_IT_Bari
>>> SyncCE discovery: 
getting SyncCE from CE_ID
SyncCE=cream-ce-4.ba.infn.it:8443/cream-pbs-cms
>>> info for dashboard:
***** Cat /home/cms040/home_cream_436384629/CREAM436384629/glide_0pjJQ8/execute/dir_5589/jobreport.txt *****
WNHostName=alicegrid44.ba.infn.it
MonitorJobID=18_https://hcc-crabserver.unl.edu//140616//142014.17
SyncGridJobId=https://hcc-crabserver.unl.edu//140616//142014.17
MonitorID=calabria_MuMinus100_Case5_ReReco_ra684q
GridFlavour=LCG
SyncSite=T2_IT_Bari
SyncCE=cream-ce-4.ba.infn.it:8443/cream-pbs-cms
***** End Cat jobreport *****
Parameters sent to Dashboard.
>>> setup environment
set SCRAM ARCH to slc5_amd64_gcc472
SCRAM_ARCH = slc5_amd64_gcc472
>>> setup CMS LCG environment:
set SCRAM ARCH and BUILD_ARCH to slc5_amd64_gcc472 ###
Sourcing environment... 
sourcing /cvmfs/cms.cern.ch/cmsset_default.sh
==> setup cms environment ok
>>> specific cmssw setup environment:
CMSSW_VERSION =  CMSSW_6_2_0_SLHC12
>>> current directory (SOFTWARE_DIR): /home/cms040/home_cream_436384629/CREAM436384629/glide_0pjJQ8/execute/dir_5589/CMSSW_6_2_0_SLHC12
PreserveSeeds: <>
IncrementSeeds:<>
>>> info for dashboard:
***** Cat /home/cms040/home_cream_436384629/CREAM436384629/glide_0pjJQ8/execute/dir_5589/jobreport.txt *****
MonitorJobID=18_https://hcc-crabserver.unl.edu//140616//142014.17
MonitorID=calabria_MuMinus100_Case5_ReReco_ra684q
***** End Cat jobreport *****
Parameters sent to Dashboard.
crabWatchdog started as process 6612
>>> moving CMSSW software directories in /home/cms040/home_cream_436384629/CREAM436384629/glide_0pjJQ8/execute/dir_5589/CMSSW_6_2_0_SLHC12
mv: cannot stat `/home/cms040/home_cream_436384629/CREAM436384629/glide_0pjJQ8/execute/dir_5589/module/': No such file or directory
>>> Include /home/cms040/home_cream_436384629/CREAM436384629/glide_0pjJQ8/execute/dir_5589 in PYTHONPATH:
PYTHONPATH=/home/cms040/home_cream_436384629/CREAM436384629/glide_0pjJQ8/execute/dir_5589/:/home/cms040/home_cream_436384629/CREAM436384629/glide_0pjJQ8/execute/dir_5589/CMSSW_6_2_0_SLHC12/python:/home/cms040/home_cream_436384629/CREAM436384629/glide_0pjJQ8/execute/dir_5589/CMSSW_6_2_0_SLHC12/lib/slc5_amd64_gcc472:/cvmfs/cms.cern.ch/slc5_amd64_gcc472/cms/cmssw/CMSSW_6_2_0_SLHC12/python:/cvmfs/cms.cern.ch/slc5_amd64_gcc472/cms/cmssw/CMSSW_6_2_0_SLHC12/lib/slc5_amd64_gcc472:/cvmfs/cms.cern.ch/slc5_amd64_gcc472/cms/coral/CORAL_2_3_21-cms36/slc5_amd64_gcc472/python:/cvmfs/cms.cern.ch/slc5_amd64_gcc472/cms/coral/CORAL_2_3_21-cms36/slc5_amd64_gcc472/lib:/cvmfs/cms.cern.ch/slc5_amd64_gcc472/external/pyqt/4.8.1-cms6/lib/python2.7/site-packages:/cvmfs/cms.cern.ch/slc5_amd64_gcc472/external/py2-scipy/0.8.0-cms8/lib/python2.7/site-packages:/cvmfs/cms.cern.ch/slc5_amd64_gcc472/external/py2-matplotlib/1.0.1-cms8/lib/python2.7/site-packages:/cvmfs/cms.cern.ch/slc5_amd64_gcc472/external/python-ldap/2.3.5-cms6/lib/python2.7/site-packages:/cvmfs/cms.cern.ch/slc5_amd64_gcc472/external/sip/4.11.2-cms6/lib/python2.7/site-packages:/cvmfs/cms.cern.ch/slc5_amd64_gcc472/external/py2-pycurl/7.19.0-cms8/lib/python2.7/site-packages:/cvmfs/cms.cern.ch/slc5_amd64_gcc472/external/py2-numpy/1.6.1-cms8/lib/python2.7/site-packages:/cvmfs/cms.cern.ch/slc5_amd64_gcc472/external/py2-lint/0.25.1-cms6/lib/python2.7/site-packages:/cvmfs/cms.cern.ch/slc5_amd64_gcc472/external/py2-ipython/0.10-cms6/lib/python2.7/site-packages:/cvmfs/cms.cern.ch/slc5_amd64_gcc472/external/py2-cx-oracle/5.1-cms7/lib/python2.7/site-packages:/cvmfs/cms.cern.ch/slc5_amd64_gcc472/external/py2-cjson/1.0.5-cms6/lib/python2.7/site-packages:/cvmfs/cms.cern.ch/slc5_amd64_gcc472/cms/das-client/1.11.7/bin:/cvmfs/cms.cern.ch/slc5_amd64_gcc472/external/elementtree/1.2.6-cms6/share/lib/python2.7/site-packages:/cvmfs/cms.cern.ch/slc5_amd64_gcc472/external/rivet/1.8.2-cms8/lib/python2.7/site-packages:/cvmfs/cms.cern.ch/slc5_amd64_gcc472/external/pyminuit2/0.0.1-cms19/lib/python2.7/site-packages:/cvmfs/cms.cern.ch/slc5_amd64_gcc472/external/py2-pygithub/1.23.0/lib/python2.7/site-packages:/cvmfs/cms.cern.ch/slc5_amd64_gcc472/external/professor/1.0.0-cms19/lib/python2.7/site-packages:/cvmfs/cms.cern.ch/slc5_amd64_gcc472/lcg/root/5.34.07-cms/lib:/cvmfs/cms.cern.ch/slc5_amd64_gcc472/cms/dbs-client/DBS_2_1_9-cms5/lib:/cvmfs/cms.cern.ch/slc5_amd64_gcc472/cms/dbs-client/DBS_2_1_9-cms5/lib/DBSAPI:/cvmfs/cms.cern.ch/slc5_amd64_gcc472/external/cvs2git/5419-cms/lib:/home/cms040/home_cream_436384629/CREAM436384629/glide_0pjJQ8/execute/dir_5589/
 
# LIMITS USED BY CRAB WATCHDOG:
# RSS  (KBytes)   : 2300000
# VSZ  (KBytes)   : 100000000
# DISK (MBytes)   : 19000
# CPU TIME        : 720h:0m:0s
# WALL CLOCK TIME : 21h:50m:0s
 
5854dd31cbd3cdec44c48628cc181cf0
PSETHASH = 5854dd31cbd3cdec44c48628cc181cf0
/home/cms040/home_cream_436384629/CREAM436384629/glide_0pjJQ8/execute/dir_5589/writeCfg.py pset.py pset.py
Importing .py file
Setting parameters
RandomNumberGeneratorService found, will attempt to change seeds
inputBlocks=/calabria_SingleMuPt100_GEN-SIM-DIGI-RECO_CMSSW_6_2_0_SLHC12_2023Scenario_Case5/calabria-calabria_SingleMuPt100_GEN-SIM-DIGI-RECO_CMSSW_6_2_0_SLHC12_2023Scenario_Case5-a26c687b08a0d489fe253a4ed92f9da7/USER#91b501a2-355f-4956-8a5c-c5e889acfa05
inputFiles=/store/user/calabria/calabria_SingleMuPt100_GEN-SIM-DIGI-RECO_CMSSW_6_2_0_SLHC12_2023Scenario_Case5/calabria_SingleMuPt100_GEN-SIM-DIGI-RECO_CMSSW_6_2_0_SLHC12_2023Scenario_Case5/a26c687b08a0d489fe253a4ed92f9da7/out_reco_275_1_NGV.root;/store/user/calabria/calabria_SingleMuPt100_GEN-SIM-DIGI-RECO_CMSSW_6_2_0_SLHC12_2023Scenario_Case5/calabria_SingleMuPt100_GEN-SIM-DIGI-RECO_CMSSW_6_2_0_SLHC12_2023Scenario_Case5/a26c687b08a0d489fe253a4ed92f9da7/out_reco_276_1_WcN.root;/store/user/calabria/calabria_SingleMuPt100_GEN-SIM-DIGI-RECO_CMSSW_6_2_0_SLHC12_2023Scenario_Case5/calabria_SingleMuPt100_GEN-SIM-DIGI-RECO_CMSSW_6_2_0_SLHC12_2023Scenario_Case5/a26c687b08a0d489fe253a4ed92f9da7/out_reco_277_1_apA.root;/store/user/calabria/calabria_SingleMuPt100_GEN-SIM-DIGI-RECO_CMSSW_6_2_0_SLHC12_2023Scenario_Case5/calabria_SingleMuPt100_GEN-SIM-DIGI-RECO_CMSSW_6_2_0_SLHC12_2023Scenario_Case5/a26c687b08a0d489fe253a4ed92f9da7/out_reco_278_1_dzY.root;/store/user/calabria/calabria_SingleMuPt100_GEN-SIM-DIGI-RECO_CMSSW_6_2_0_SLHC12_2023Scenario_Case5/calabria_SingleMuPt100_GEN-SIM-DIGI-RECO_CMSSW_6_2_0_SLHC12_2023Scenario_Case5/a26c687b08a0d489fe253a4ed92f9da7/out_reco_279_1_FXN.root;/store/user/calabria/calabria_SingleMuPt100_GEN-SIM-DIGI-RECO_CMSSW_6_2_0_SLHC12_2023Scenario_Case5/calabria_SingleMuPt100_GEN-SIM-DIGI-RECO_CMSSW_6_2_0_SLHC12_2023Scenario_Case5/a26c687b08a0d489fe253a4ed92f9da7/out_reco_282_1_VQw.root;/store/user/calabria/calabria_SingleMuPt100_GEN-SIM-DIGI-RECO_CMSSW_6_2_0_SLHC12_2023Scenario_Case5/calabria_SingleMuPt100_GEN-SIM-DIGI-RECO_CMSSW_6_2_0_SLHC12_2023Scenario_Case5/a26c687b08a0d489fe253a4ed92f9da7/out_reco_283_1_0KZ.root;/store/user/calabria/calabria_SingleMuPt100_GEN-SIM-DIGI-RECO_CMSSW_6_2_0_SLHC12_2023Scenario_Case5/calabria_SingleMuPt100_GEN-SIM-DIGI-RECO_CMSSW_6_2_0_SLHC12_2023Scenario_Case5/a26c687b08a0d489fe253a4ed92f9da7/out_reco_284_1_IbB.root;/store/user/calabria/calabria_SingleMuPt100_GEN-SIM-DIGI-RECO_CMSSW_6_2_0_SLHC12_2023Scenario_Case5/calabria_SingleMuPt100_GEN-SIM-DIGI-RECO_CMSSW_6_2_0_SLHC12_2023Scenario_Case5/a26c687b08a0d489fe253a4ed92f9da7/out_reco_285_1_mwW.root;/store/user/calabria/calabria_SingleMuPt100_GEN-SIM-DIGI-RECO_CMSSW_6_2_0_SLHC12_2023Scenario_Case5/calabria_SingleMuPt100_GEN-SIM-DIGI-RECO_CMSSW_6_2_0_SLHC12_2023Scenario_Case5/a26c687b08a0d489fe253a4ed92f9da7/out_reco_286_1_hHn.root
parentFiles=
lumisRange=
>>> Executable cmsRun
/cvmfs/cms.cern.ch/slc5_amd64_gcc472/cms/cmssw/CMSSW_6_2_0_SLHC12/bin/slc5_amd64_gcc472/cmsRun
ok executable found
>>> info for dashboard:
***** Cat /home/cms040/home_cream_436384629/CREAM436384629/glide_0pjJQ8/execute/dir_5589/jobreport.txt *****
MonitorJobID=18_https://hcc-crabserver.unl.edu//140616//142014.17
MonitorID=calabria_MuMinus100_Case5_ReReco_ra684q
ExeStart=cmsRun
***** End Cat jobreport *****
Parameters sent to Dashboard.
>>> cmsRun started at Tue Jun 17 22:35:37 UTC 2014
>>> cmsRun ended at Tue Jun 17 22:44:06 UTC 2014
>>> crab_fjr_*.xml  permission set to 0704
>>> info for dashboard:
***** Cat /home/cms040/home_cream_436384629/CREAM436384629/glide_0pjJQ8/execute/dir_5589/jobreport.txt *****
MonitorJobID=18_https://hcc-crabserver.unl.edu//140616//142014.17
MonitorID=calabria_MuMinus100_Case5_ReReco_ra684q
ExeEnd=cmsRun
***** End Cat jobreport *****
Parameters sent to Dashboard.
TIME_EXE = 509 sec
>>> cmsRun wrote 50 lines of stdout+stderr
>>> START OF printout of 50 lines from stdout+stderr
271 DQMStore::DQMStore 
HcalTopologyIdealEP::HcalTopologyIdealEP
18-Jun-2014 00:36:39 CEST  Initiating request to open file file:/lustre/cms//store/user/calabria/calabria_SingleMuPt100_GEN-SIM-DIGI-RECO_CMSSW_6_2_0_SLHC12_2023Scenario_Case5/calabria_SingleMuPt100_GEN-SIM-DIGI-RECO_CMSSW_6_2_0_SLHC12_2023Scenario_Case5/a26c687b08a0d489fe253a4ed92f9da7/out_reco_275_1_NGV.root
18-Jun-2014 00:36:46 CEST  Successfully opened file file:/lustre/cms//store/user/calabria/calabria_SingleMuPt100_GEN-SIM-DIGI-RECO_CMSSW_6_2_0_SLHC12_2023Scenario_Case5/calabria_SingleMuPt100_GEN-SIM-DIGI-RECO_CMSSW_6_2_0_SLHC12_2023Scenario_Case5/a26c687b08a0d489fe253a4ed92f9da7/out_reco_275_1_NGV.root
18-Jun-2014 00:37:35 CEST  Closed file file:/lustre/cms//store/user/calabria/calabria_SingleMuPt100_GEN-SIM-DIGI-RECO_CMSSW_6_2_0_SLHC12_2023Scenario_Case5/calabria_SingleMuPt100_GEN-SIM-DIGI-RECO_CMSSW_6_2_0_SLHC12_2023Scenario_Case5/a26c687b08a0d489fe253a4ed92f9da7/out_reco_275_1_NGV.root
18-Jun-2014 00:37:35 CEST  Initiating request to open file file:/lustre/cms//store/user/calabria/calabria_SingleMuPt100_GEN-SIM-DIGI-RECO_CMSSW_6_2_0_SLHC12_2023Scenario_Case5/calabria_SingleMuPt100_GEN-SIM-DIGI-RECO_CMSSW_6_2_0_SLHC12_2023Scenario_Case5/a26c687b08a0d489fe253a4ed92f9da7/out_reco_276_1_WcN.root
18-Jun-2014 00:37:36 CEST  Successfully opened file file:/lustre/cms//store/user/calabria/calabria_SingleMuPt100_GEN-SIM-DIGI-RECO_CMSSW_6_2_0_SLHC12_2023Scenario_Case5/calabria_SingleMuPt100_GEN-SIM-DIGI-RECO_CMSSW_6_2_0_SLHC12_2023Scenario_Case5/a26c687b08a0d489fe253a4ed92f9da7/out_reco_276_1_WcN.root
18-Jun-2014 00:38:13 CEST  Closed file file:/lustre/cms//store/user/calabria/calabria_SingleMuPt100_GEN-SIM-DIGI-RECO_CMSSW_6_2_0_SLHC12_2023Scenario_Case5/calabria_SingleMuPt100_GEN-SIM-DIGI-RECO_CMSSW_6_2_0_SLHC12_2023Scenario_Case5/a26c687b08a0d489fe253a4ed92f9da7/out_reco_276_1_WcN.root
18-Jun-2014 00:38:13 CEST  Initiating request to open file file:/lustre/cms//store/user/calabria/calabria_SingleMuPt100_GEN-SIM-DIGI-RECO_CMSSW_6_2_0_SLHC12_2023Scenario_Case5/calabria_SingleMuPt100_GEN-SIM-DIGI-RECO_CMSSW_6_2_0_SLHC12_2023Scenario_Case5/a26c687b08a0d489fe253a4ed92f9da7/out_reco_277_1_apA.root
18-Jun-2014 00:38:14 CEST  Successfully opened file file:/lustre/cms//store/user/calabria/calabria_SingleMuPt100_GEN-SIM-DIGI-RECO_CMSSW_6_2_0_SLHC12_2023Scenario_Case5/calabria_SingleMuPt100_GEN-SIM-DIGI-RECO_CMSSW_6_2_0_SLHC12_2023Scenario_Case5/a26c687b08a0d489fe253a4ed92f9da7/out_reco_277_1_apA.root
18-Jun-2014 00:38:52 CEST  Closed file file:/lustre/cms//store/user/calabria/calabria_SingleMuPt100_GEN-SIM-DIGI-RECO_CMSSW_6_2_0_SLHC12_2023Scenario_Case5/calabria_SingleMuPt100_GEN-SIM-DIGI-RECO_CMSSW_6_2_0_SLHC12_2023Scenario_Case5/a26c687b08a0d489fe253a4ed92f9da7/out_reco_277_1_apA.root
18-Jun-2014 00:38:52 CEST  Initiating request to open file file:/lustre/cms//store/user/calabria/calabria_SingleMuPt100_GEN-SIM-DIGI-RECO_CMSSW_6_2_0_SLHC12_2023Scenario_Case5/calabria_SingleMuPt100_GEN-SIM-DIGI-RECO_CMSSW_6_2_0_SLHC12_2023Scenario_Case5/a26c687b08a0d489fe253a4ed92f9da7/out_reco_278_1_dzY.root
18-Jun-2014 00:38:52 CEST  Successfully opened file file:/lustre/cms//store/user/calabria/calabria_SingleMuPt100_GEN-SIM-DIGI-RECO_CMSSW_6_2_0_SLHC12_2023Scenario_Case5/calabria_SingleMuPt100_GEN-SIM-DIGI-RECO_CMSSW_6_2_0_SLHC12_2023Scenario_Case5/a26c687b08a0d489fe253a4ed92f9da7/out_reco_278_1_dzY.root
18-Jun-2014 00:39:30 CEST  Closed file file:/lustre/cms//store/user/calabria/calabria_SingleMuPt100_GEN-SIM-DIGI-RECO_CMSSW_6_2_0_SLHC12_2023Scenario_Case5/calabria_SingleMuPt100_GEN-SIM-DIGI-RECO_CMSSW_6_2_0_SLHC12_2023Scenario_Case5/a26c687b08a0d489fe253a4ed92f9da7/out_reco_278_1_dzY.root
18-Jun-2014 00:39:30 CEST  Initiating request to open file file:/lustre/cms//store/user/calabria/calabria_SingleMuPt100_GEN-SIM-DIGI-RECO_CMSSW_6_2_0_SLHC12_2023Scenario_Case5/calabria_SingleMuPt100_GEN-SIM-DIGI-RECO_CMSSW_6_2_0_SLHC12_2023Scenario_Case5/a26c687b08a0d489fe253a4ed92f9da7/out_reco_279_1_FXN.root
18-Jun-2014 00:39:30 CEST  Successfully opened file file:/lustre/cms//store/user/calabria/calabria_SingleMuPt100_GEN-SIM-DIGI-RECO_CMSSW_6_2_0_SLHC12_2023Scenario_Case5/calabria_SingleMuPt100_GEN-SIM-DIGI-RECO_CMSSW_6_2_0_SLHC12_2023Scenario_Case5/a26c687b08a0d489fe253a4ed92f9da7/out_reco_279_1_FXN.root
18-Jun-2014 00:40:11 CEST  Closed file file:/lustre/cms//store/user/calabria/calabria_SingleMuPt100_GEN-SIM-DIGI-RECO_CMSSW_6_2_0_SLHC12_2023Scenario_Case5/calabria_SingleMuPt100_GEN-SIM-DIGI-RECO_CMSSW_6_2_0_SLHC12_2023Scenario_Case5/a26c687b08a0d489fe253a4ed92f9da7/out_reco_279_1_FXN.root
18-Jun-2014 00:40:11 CEST  Initiating request to open file file:/lustre/cms//store/user/calabria/calabria_SingleMuPt100_GEN-SIM-DIGI-RECO_CMSSW_6_2_0_SLHC12_2023Scenario_Case5/calabria_SingleMuPt100_GEN-SIM-DIGI-RECO_CMSSW_6_2_0_SLHC12_2023Scenario_Case5/a26c687b08a0d489fe253a4ed92f9da7/out_reco_282_1_VQw.root
18-Jun-2014 00:40:12 CEST  Successfully opened file file:/lustre/cms//store/user/calabria/calabria_SingleMuPt100_GEN-SIM-DIGI-RECO_CMSSW_6_2_0_SLHC12_2023Scenario_Case5/calabria_SingleMuPt100_GEN-SIM-DIGI-RECO_CMSSW_6_2_0_SLHC12_2023Scenario_Case5/a26c687b08a0d489fe253a4ed92f9da7/out_reco_282_1_VQw.root
18-Jun-2014 00:40:52 CEST  Closed file file:/lustre/cms//store/user/calabria/calabria_SingleMuPt100_GEN-SIM-DIGI-RECO_CMSSW_6_2_0_SLHC12_2023Scenario_Case5/calabria_SingleMuPt100_GEN-SIM-DIGI-RECO_CMSSW_6_2_0_SLHC12_2023Scenario_Case5/a26c687b08a0d489fe253a4ed92f9da7/out_reco_282_1_VQw.root
18-Jun-2014 00:40:52 CEST  Initiating request to open file file:/lustre/cms//store/user/calabria/calabria_SingleMuPt100_GEN-SIM-DIGI-RECO_CMSSW_6_2_0_SLHC12_2023Scenario_Case5/calabria_SingleMuPt100_GEN-SIM-DIGI-RECO_CMSSW_6_2_0_SLHC12_2023Scenario_Case5/a26c687b08a0d489fe253a4ed92f9da7/out_reco_283_1_0KZ.root
18-Jun-2014 00:40:52 CEST  Successfully opened file file:/lustre/cms//store/user/calabria/calabria_SingleMuPt100_GEN-SIM-DIGI-RECO_CMSSW_6_2_0_SLHC12_2023Scenario_Case5/calabria_SingleMuPt100_GEN-SIM-DIGI-RECO_CMSSW_6_2_0_SLHC12_2023Scenario_Case5/a26c687b08a0d489fe253a4ed92f9da7/out_reco_283_1_0KZ.root
18-Jun-2014 00:41:32 CEST  Closed file file:/lustre/cms//store/user/calabria/calabria_SingleMuPt100_GEN-SIM-DIGI-RECO_CMSSW_6_2_0_SLHC12_2023Scenario_Case5/calabria_SingleMuPt100_GEN-SIM-DIGI-RECO_CMSSW_6_2_0_SLHC12_2023Scenario_Case5/a26c687b08a0d489fe253a4ed92f9da7/out_reco_283_1_0KZ.root
18-Jun-2014 00:41:32 CEST  Initiating request to open file file:/lustre/cms//store/user/calabria/calabria_SingleMuPt100_GEN-SIM-DIGI-RECO_CMSSW_6_2_0_SLHC12_2023Scenario_Case5/calabria_SingleMuPt100_GEN-SIM-DIGI-RECO_CMSSW_6_2_0_SLHC12_2023Scenario_Case5/a26c687b08a0d489fe253a4ed92f9da7/out_reco_284_1_IbB.root
18-Jun-2014 00:41:32 CEST  Successfully opened file file:/lustre/cms//store/user/calabria/calabria_SingleMuPt100_GEN-SIM-DIGI-RECO_CMSSW_6_2_0_SLHC12_2023Scenario_Case5/calabria_SingleMuPt100_GEN-SIM-DIGI-RECO_CMSSW_6_2_0_SLHC12_2023Scenario_Case5/a26c687b08a0d489fe253a4ed92f9da7/out_reco_284_1_IbB.root
18-Jun-2014 00:42:10 CEST  Closed file file:/lustre/cms//store/user/calabria/calabria_SingleMuPt100_GEN-SIM-DIGI-RECO_CMSSW_6_2_0_SLHC12_2023Scenario_Case5/calabria_SingleMuPt100_GEN-SIM-DIGI-RECO_CMSSW_6_2_0_SLHC12_2023Scenario_Case5/a26c687b08a0d489fe253a4ed92f9da7/out_reco_284_1_IbB.root
18-Jun-2014 00:42:10 CEST  Initiating request to open file file:/lustre/cms//store/user/calabria/calabria_SingleMuPt100_GEN-SIM-DIGI-RECO_CMSSW_6_2_0_SLHC12_2023Scenario_Case5/calabria_SingleMuPt100_GEN-SIM-DIGI-RECO_CMSSW_6_2_0_SLHC12_2023Scenario_Case5/a26c687b08a0d489fe253a4ed92f9da7/out_reco_285_1_mwW.root
18-Jun-2014 00:42:10 CEST  Successfully opened file file:/lustre/cms//store/user/calabria/calabria_SingleMuPt100_GEN-SIM-DIGI-RECO_CMSSW_6_2_0_SLHC12_2023Scenario_Case5/calabria_SingleMuPt100_GEN-SIM-DIGI-RECO_CMSSW_6_2_0_SLHC12_2023Scenario_Case5/a26c687b08a0d489fe253a4ed92f9da7/out_reco_285_1_mwW.root
18-Jun-2014 00:42:49 CEST  Closed file file:/lustre/cms//store/user/calabria/calabria_SingleMuPt100_GEN-SIM-DIGI-RECO_CMSSW_6_2_0_SLHC12_2023Scenario_Case5/calabria_SingleMuPt100_GEN-SIM-DIGI-RECO_CMSSW_6_2_0_SLHC12_2023Scenario_Case5/a26c687b08a0d489fe253a4ed92f9da7/out_reco_285_1_mwW.root
18-Jun-2014 00:42:49 CEST  Initiating request to open file file:/lustre/cms//store/user/calabria/calabria_SingleMuPt100_GEN-SIM-DIGI-RECO_CMSSW_6_2_0_SLHC12_2023Scenario_Case5/calabria_SingleMuPt100_GEN-SIM-DIGI-RECO_CMSSW_6_2_0_SLHC12_2023Scenario_Case5/a26c687b08a0d489fe253a4ed92f9da7/out_reco_286_1_hHn.root
18-Jun-2014 00:42:49 CEST  Successfully opened file file:/lustre/cms//store/user/calabria/calabria_SingleMuPt100_GEN-SIM-DIGI-RECO_CMSSW_6_2_0_SLHC12_2023Scenario_Case5/calabria_SingleMuPt100_GEN-SIM-DIGI-RECO_CMSSW_6_2_0_SLHC12_2023Scenario_Case5/a26c687b08a0d489fe253a4ed92f9da7/out_reco_286_1_hHn.root
18-Jun-2014 00:44:03 CEST  Closed file file:/lustre/cms//store/user/calabria/calabria_SingleMuPt100_GEN-SIM-DIGI-RECO_CMSSW_6_2_0_SLHC12_2023Scenario_Case5/calabria_SingleMuPt100_GEN-SIM-DIGI-RECO_CMSSW_6_2_0_SLHC12_2023Scenario_Case5/a26c687b08a0d489fe253a4ed92f9da7/out_reco_286_1_hHn.root

=============================================

MessageLogger Summary

 type     category        sev    module        subroutine        count    total
 ---- -------------------- -- ---------------- ----------------  -----    -----
    1 fileAction           -s file_close                            10       10
    2 fileAction           -s file_open                             20       20

 type    category    Examples: run/evt        run/evt          run/evt
 ---- -------------------- ---------------- ---------------- ----------------
    1 fileAction           PostProcessEvent PostProcessEvent PostEndRun
    2 fileAction           pre-events       pre-events       PostProcessEvent

Severity    # Occurrences   Total Occurrences
--------    -------------   -----------------
System                 30                  30
>>> END OF printout of 50 lines from stdout+stderr
>>> Parse FrameworkJobReport crab_fjr.xml
Result of parsing the FrameworkJobReport crab_fjr.xml: Popularity start
lumisRange : 1::::1;1::::2;1::::3;1::::4;1::::5;1::::6;1::::7;1::::8;1::::9;1::::10;
lumisParentRange : 
Basename : /store/user/calabria/calabria_SingleMuPt100_GEN-SIM-DIGI-RECO_CMSSW_6_2_0_SLHC12_2023Scenario_Case5/calabria_SingleMuPt100_GEN-SIM-DIGI-RECO_CMSSW_6_2_0_SLHC12_2023Scenario_Case5/a26c687b08a0d489fe253a4ed92f9da7/out_reco_2
BasenameParent : 
parentFiles : 
inputBlocks : /calabria_SingleMuPt100_GEN-SIM-DIGI-RECO_CMSSW_6_2_0_SLHC12_2023Scenario_Case5/calabria-calabria_SingleMuPt100_GEN-SIM-DIGI-RECO_CMSSW_6_2_0_SLHC12_2023Scenario_Case5-a26c687b08a0d489fe253a4ed92f9da7/USER#91b501a2-355f-4956-8a5c-c5e889acfa05
inputFiles : 79_1_FXN.root::1::EDM::Local::1;86_1_hHn.root::1::EDM::Local::2;75_1_NGV.root::1::EDM::Local::3;82_1_VQw.root::1::EDM::Local::4;85_1_mwW.root::1::EDM::Local::5;76_1_WcN.root::1::EDM::Local::6;78_1_dzY.root::1::EDM::Local::7;83_1_0KZ.root::1::EDM::Local::8;77_1_apA.root::1::EDM::Local::9;84_1_IbB.root::1::EDM::Local::10;
Popularity stop
Extracted ExitStatus from FrameworkJobReport parsing output: 0
>>> Executable succeded  0
ExeExitCode=0
EXECUTABLE_EXIT_STATUS = 0
>>> current directory /home/cms040/home_cream_436384629/CREAM436384629/glide_0pjJQ8/execute/dir_5589/CMSSW_6_2_0_SLHC12
>>>  (SOFTWARE_DIR): /home/cms040/home_cream_436384629/CREAM436384629/glide_0pjJQ8/execute/dir_5589/CMSSW_6_2_0_SLHC12
>>> (WORKING_DIR): 
>>> current directory content:
total 10228
drwxr-xr-x 3 cms040 cms    4096 Jun 18 00:34 .SCRAM
-rw------- 1 cms040 cms 3740311 Jun 18 00:34 CMSSW.py.pkl
drwxr-xr-x 3 cms040 cms    4096 Jun 18 00:34 bin
drwxr-xr-x 3 cms040 cms    4096 Jun 18 00:34 cfipython
drwxr-xr-x 4 cms040 cms    4096 Jun 18 00:34 config
-rw------- 1 cms040 cms      17 Jun 18 00:44 cpu_timing.txt
drwxr-xr-x 2 cms040 cms    4096 Jun 18 00:34 doc
-rw------- 1 cms040 cms    9985 Jun 18 00:44 executable.out
drwxr-xr-x 2 cms040 cms    4096 Jun 18 00:34 include
drwx------ 3 cms040 cms    4096 Apr 28 18:12 lib
drwxr-xr-x 3 cms040 cms    4096 Jun 18 00:34 logs
drwxr-xr-x 3 cms040 cms    4096 Jun 18 00:34 objs
-rw------- 1 cms040 cms     104 Jun 18 00:35 pset.py
-rw------- 1 cms040 cms 3712333 Jun 18 00:35 pset.py.pkl
-rw------- 1 cms040 cms     289 Jun 18 00:35 pset.pyc
drwxr-xr-x 2 cms040 cms    4096 Jun 18 00:34 python
-rw------- 1 cms040 cms     419 Jun 18 00:44 report.log
drwx------ 6 cms040 cms    4096 Jun 18 00:34 src
drwxr-xr-x 3 cms040 cms    4096 Jun 18 00:34 test
drwxr-xr-x 3 cms040 cms    4096 Jun 18 00:34 tmp
-rw------- 1 cms040 cms 2916757 Jun 18 00:44 validationEDM.root
>>> current directory /home/cms040/home_cream_436384629/CREAM436384629/glide_0pjJQ8/execute/dir_5589/CMSSW_6_2_0_SLHC12
>>> (SOFTWARE_DIR): /home/cms040/home_cream_436384629/CREAM436384629/glide_0pjJQ8/execute/dir_5589/CMSSW_6_2_0_SLHC12
>>> (WORKING_DIR): 
>>> current directory content:
total 10228
drwxr-xr-x 3 cms040 cms    4096 Jun 18 00:34 .SCRAM
-rw------- 1 cms040 cms 3740311 Jun 18 00:34 CMSSW.py.pkl
drwxr-xr-x 3 cms040 cms    4096 Jun 18 00:34 bin
drwxr-xr-x 3 cms040 cms    4096 Jun 18 00:34 cfipython
drwxr-xr-x 4 cms040 cms    4096 Jun 18 00:34 config
-rw------- 1 cms040 cms      17 Jun 18 00:44 cpu_timing.txt
drwxr-xr-x 2 cms040 cms    4096 Jun 18 00:34 doc
-rw------- 1 cms040 cms    9985 Jun 18 00:44 executable.out
drwxr-xr-x 2 cms040 cms    4096 Jun 18 00:34 include
drwx------ 3 cms040 cms    4096 Apr 28 18:12 lib
drwxr-xr-x 3 cms040 cms    4096 Jun 18 00:34 logs
drwxr-xr-x 3 cms040 cms    4096 Jun 18 00:34 objs
-rw------- 1 cms040 cms     104 Jun 18 00:35 pset.py
-rw------- 1 cms040 cms 3712333 Jun 18 00:35 pset.py.pkl
-rw------- 1 cms040 cms     289 Jun 18 00:35 pset.pyc
drwxr-xr-x 2 cms040 cms    4096 Jun 18 00:34 python
-rw------- 1 cms040 cms     419 Jun 18 00:44 report.log
drwx------ 6 cms040 cms    4096 Jun 18 00:34 src
drwxr-xr-x 3 cms040 cms    4096 Jun 18 00:34 test
drwxr-xr-x 3 cms040 cms    4096 Jun 18 00:34 tmp
-rw------- 1 cms040 cms 2916757 Jun 18 00:44 validationEDM_18_1_FTV.root
>>> current directory (RUNTIME_AREA):  /home/cms040/home_cream_436384629/CREAM436384629/glide_0pjJQ8/execute/dir_5589
SE = storm-se-01.ba.infn.it
SE_PATH = /srm/managerv2?SFN=//cms/store/user/calabria/calabria_SingleMuPt100_GEN-SIM-DIGI-RECO_CMSSW_6_2_0_SLHC12_2023Scenario_Case5/calabria_MuMinus100_GEN-SIM-DIGI-RECO_CMSSW_6_2_0_SLHC12_2023Scenario_VALNOPU2_Case5/5854dd31cbd3cdec44c48628cc181cf0/
LFNBaseName = /store/user/calabria/calabria_SingleMuPt100_GEN-SIM-DIGI-RECO_CMSSW_6_2_0_SLHC12_2023Scenario_Case5/calabria_MuMinus100_GEN-SIM-DIGI-RECO_CMSSW_6_2_0_SLHC12_2023Scenario_VALNOPU2_Case5/5854dd31cbd3cdec44c48628cc181cf0/
USER = calabria
endpoint = srm://storm-se-01.ba.infn.it:8444/srm/managerv2?SFN=//cms/store/user/calabria/calabria_SingleMuPt100_GEN-SIM-DIGI-RECO_CMSSW_6_2_0_SLHC12_2023Scenario_Case5/calabria_MuMinus100_GEN-SIM-DIGI-RECO_CMSSW_6_2_0_SLHC12_2023Scenario_VALNOPU2_Case5/5854dd31cbd3cdec44c48628cc181cf0/
>>> Copy output files from WN = alicegrid44.ba.infn.it to /srm/managerv2?SFN=//cms/store/user/calabria/calabria_SingleMuPt100_GEN-SIM-DIGI-RECO_CMSSW_6_2_0_SLHC12_2023Scenario_Case5/calabria_MuMinus100_GEN-SIM-DIGI-RECO_CMSSW_6_2_0_SLHC12_2023Scenario_VALNOPU2_Case5/5854dd31cbd3cdec44c48628cc181cf0/ :
python cmscp.py  --destination srm://storm-se-01.ba.infn.it:8444/srm/managerv2?SFN=//cms/store/user/calabria/calabria_SingleMuPt100_GEN-SIM-DIGI-RECO_CMSSW_6_2_0_SLHC12_2023Scenario_Case5/calabria_MuMinus100_GEN-SIM-DIGI-RECO_CMSSW_6_2_0_SLHC12_2023Scenario_VALNOPU2_Case5/5854dd31cbd3cdec44c48628cc181cf0/ --inputFileList /home/cms040/home_cream_436384629/CREAM436384629/glide_0pjJQ8/execute/dir_5589/CMSSW_6_2_0_SLHC12/validationEDM_18_1_FTV.root --middleware LCG --se_name storm-se-01.ba.infn.it --for_lfn /store/user/calabria/calabria_SingleMuPt100_GEN-SIM-DIGI-RECO_CMSSW_6_2_0_SLHC12_2023Scenario_Case5/calabria_MuMinus100_GEN-SIM-DIGI-RECO_CMSSW_6_2_0_SLHC12_2023Scenario_VALNOPU2_Case5/5854dd31cbd3cdec44c48628cc181cf0/    
******************************************************
localSeName  =  storm-se-01.ba.infn.it
remoteSeName =  storm-se-01.ba.infn.it
******************************************************
{"/home/cms040/home_cream_436384629/CREAM436384629/glide_0pjJQ8/execute/dir_5589/CMSSW_6_2_0_SLHC12/validationEDM_18_1_FTV.root": {"endpoint": "srm://storm-se-01.ba.infn.it:8444/srm/managerv2?SFN=//cms/store/user/calabria/calabria_SingleMuPt100_GEN-SIM-DIGI-RECO_CMSSW_6_2_0_SLHC12_2023Scenario_Case5/calabria_MuMinus100_GEN-SIM-DIGI-RECO_CMSSW_6_2_0_SLHC12_2023Scenario_VALNOPU2_Case5/5854dd31cbd3cdec44c48628cc181cf0/", "surl_for_grid": "", "reason": "Copy succedeed with srm-lcg utils", "erCode": "0", "se_name": "storm-se-01.ba.infn.it", "for_lfn": "/store/user/calabria/calabria_SingleMuPt100_GEN-SIM-DIGI-RECO_CMSSW_6_2_0_SLHC12_2023Scenario_Case5/calabria_MuMinus100_GEN-SIM-DIGI-RECO_CMSSW_6_2_0_SLHC12_2023Scenario_VALNOPU2_Case5/5854dd31cbd3cdec44c48628cc181cf0/"}}/home/cms040/home_cream_436384629/CREAM436384629/glide_0pjJQ8/execute/dir_5589
-------- cat /home/cms040/home_cream_436384629/CREAM436384629/glide_0pjJQ8/execute/dir_5589/cmscpReport.sh 
#!/bin/bash
echo "Report for File: /home/cms040/home_cream_436384629/CREAM436384629/glide_0pjJQ8/execute/dir_5589/CMSSW_6_2_0_SLHC12/validationEDM_18_1_FTV.root"
echo "LFN: /store/user/calabria/calabria_SingleMuPt100_GEN-SIM-DIGI-RECO_CMSSW_6_2_0_SLHC12_2023Scenario_Case5/calabria_MuMinus100_GEN-SIM-DIGI-RECO_CMSSW_6_2_0_SLHC12_2023Scenario_VALNOPU2_Case5/5854dd31cbd3cdec44c48628cc181cf0/validationEDM_18_1_FTV.root"
echo "StorageElement: storm-se-01.ba.infn.it"
echo "StageOutExitStatusReason = 'Copy succedeed with srm-lcg utils'" | tee -a $RUNTIME_AREA/$repo
echo "StageOutSE = storm-se-01.ba.infn.it" >> $RUNTIME_AREA/$repo

export StageOutExitStatus=0
echo "StageOutExitStatus = 0" | tee -a $RUNTIME_AREA/$repo
-------- end of /home/cms040/home_cream_436384629/CREAM436384629/glide_0pjJQ8/execute/dir_5589/cmscpReport.sh 
Report for File: /home/cms040/home_cream_436384629/CREAM436384629/glide_0pjJQ8/execute/dir_5589/CMSSW_6_2_0_SLHC12/validationEDM_18_1_FTV.root
LFN: /store/user/calabria/calabria_SingleMuPt100_GEN-SIM-DIGI-RECO_CMSSW_6_2_0_SLHC12_2023Scenario_Case5/calabria_MuMinus100_GEN-SIM-DIGI-RECO_CMSSW_6_2_0_SLHC12_2023Scenario_VALNOPU2_Case5/5854dd31cbd3cdec44c48628cc181cf0/validationEDM_18_1_FTV.root
StorageElement: storm-se-01.ba.infn.it
StageOutExitStatusReason = 'Copy succedeed with srm-lcg utils'
StageOutExitStatus = 0
>>> current dir: /home/cms040/home_cream_436384629/CREAM436384629/glide_0pjJQ8/execute/dir_5589
>>> current dir content:
total 28084
-rw-------  1 cms040 cms     2786 Jun 18 00:45 .SEinteraction.log
-rwx------  1 cms040 cms     6851 Jun 18 00:34 .job.ad
-rwx------  1 cms040 cms     9432 Jun 18 00:34 .machine.ad
-rw-------  1 cms040 cms      105 Jun 16 20:53 CMSSW.py
-rw-------  1 cms040 cms  3740311 Jun 16 20:53 CMSSW.py.pkl
-rwx------  1 cms040 cms    29569 Jun 18 00:34 CMSSW.sh
drwxr-xr-x 15 cms040 cms     4096 Jun 18 00:44 CMSSW_6_2_0_SLHC12
-rw-------  1 cms040 cms      219 Jun 18 00:34 CacheEnv.sh
-rw-------  1 cms040 cms     7291 Apr  4 11:04 DashboardAPI.py
-rw-------  1 cms040 cms     6800 Jun 18 00:34 DashboardAPI.pyc
drwx------  2 cms040 cms     4096 Jun 18 00:44 IMProv
-rw-------  1 cms040 cms     2748 Apr  4 11:04 Logger.py
-rw-------  1 cms040 cms     3342 Jun 18 00:34 Logger.pyc
-rw-------  1 cms040 cms    24524 Apr  4 11:04 ProcInfo.py
-rw-------  1 cms040 cms    23173 Jun 18 00:34 ProcInfo.pyc
drwx------  7 cms040 cms     4096 Jun 18 00:35 ProdCommon
drwx------  3 cms040 cms     4096 Jun 18 00:34 WMCore
-rw-------  1 cms040 cms     2792 Jun 18 00:44 Watchdog_18.log
-rwx------  1 cms040 cms        0 Jun 18 00:34 _condor_stderr
-rwx---r--  1 cms040 cms    29522 Jun 18 00:45 _condor_stdout
-rw-------  1 cms040 cms    32895 Apr  4 11:04 apmon.py
-rw-------  1 cms040 cms    28596 Jun 18 00:34 apmon.pyc
-rwx------  1 cms040 cms    54238 Jun 18 00:34 arguments.xml
-rwx------  1 cms040 cms    38515 Apr  4 11:04 cmscp.py
-rw-------  1 cms040 cms      719 Jun 18 00:45 cmscpReport.sh
-rwx------  1 cms040 cms    29569 Jun 18 00:34 condor_exec.exe
-rw-------  1 cms040 cms      963 Jun 16 20:53 crab.cfg
-rwx------  1 cms040 cms     8610 Apr  4 11:04 crabWatchdog.sh
-rwx---r--  1 cms040 cms   523293 Jun 18 00:44 crab_fjr_18.xml
-rwx------  1 cms040 cms 23962355 Jun 18 00:34 default.tgz
-rwx------  1 cms040 cms     4488 Apr  4 11:04 fillCrabFjr.py
-rw-------  1 cms040 cms     2651 Jun 18 00:35 inputsReport.txt
-rw-------  1 cms040 cms      264 Jun 18 00:45 jobreport.txt
-rw-------  1 cms040 cms    17352 Apr  4 11:04 parseCrabFjr.py
-rw-------  1 cms040 cms      337 Jun 18 00:34 report.log
-rwx--x--x  1 cms040 cms     1497 Apr  4 11:04 report.py
-rw-------  1 cms040 cms      775 Jun 18 00:45 resultCopyFile
lrwxrwxrwx  1 cms040 cms      125 Jun 18 00:44 validationEDM.root -> /home/cms040/home_cream_436384629/CREAM436384629/glide_0pjJQ8/execute/dir_5589/CMSSW_6_2_0_SLHC12/validationEDM_18_1_FTV.root
-rwx------  1 cms040 cms     8387 Apr  4 11:04 writeCfg.py
-rw-------  1 cms040 cms     8014 Jun 18 00:34 x509up_u50707
>>> Modify Job Report:
CMSSW_VERSION = CMSSW_6_2_0_SLHC12
ProcessedDataset = calabria_MuMinus100_GEN-SIM-DIGI-RECO_CMSSW_6_2_0_SLHC12_2023Scenario_VALNOPU2_Case5
/home/cms040/home_cream_436384629/CREAM436384629/glide_0pjJQ8/execute/dir_5589/ProdCommon/FwkJobRep/ModifyJobReport.py fjr /home/cms040/home_cream_436384629/CREAM436384629/glide_0pjJQ8/execute/dir_5589/crab_fjr_18.xml json /home/cms040/home_cream_436384629/CREAM436384629/glide_0pjJQ8/execute/dir_5589/resultCopyFile n_job 18_1_FTV PrimaryDataset calabria_SingleMuPt100_GEN-SIM-DIGI-RECO_CMSSW_6_2_0_SLHC12_2023Scenario_Case5  ApplicationFamily cmsRun ApplicationName cmsRun cmssw_version CMSSW_6_2_0_SLHC12 psethash 5854dd31cbd3cdec44c48628cc181cf0 UserProcessedDataset calabria-calabria_MuMinus100_GEN-SIM-DIGI-RECO_CMSSW_6_2_0_SLHC12_2023Scenario_VALNOPU2_Case5-5854dd31cbd3cdec44c48628cc181cf0
inputDict =  {u'/home/cms040/home_cream_436384629/CREAM436384629/glide_0pjJQ8/execute/dir_5589/CMSSW_6_2_0_SLHC12/validationEDM_18_1_FTV.root': {u'endpoint': u'srm://storm-se-01.ba.infn.it:8444/srm/managerv2?SFN=//cms/store/user/calabria/calabria_SingleMuPt100_GEN-SIM-DIGI-RECO_CMSSW_6_2_0_SLHC12_2023Scenario_Case5/calabria_MuMinus100_GEN-SIM-DIGI-RECO_CMSSW_6_2_0_SLHC12_2023Scenario_VALNOPU2_Case5/5854dd31cbd3cdec44c48628cc181cf0/', u'surl_for_grid': u'', u'reason': u'Copy succedeed with srm-lcg utils', u'erCode': u'0', u'se_name': u'storm-se-01.ba.infn.it', u'for_lfn': u'/store/user/calabria/calabria_SingleMuPt100_GEN-SIM-DIGI-RECO_CMSSW_6_2_0_SLHC12_2023Scenario_Case5/calabria_MuMinus100_GEN-SIM-DIGI-RECO_CMSSW_6_2_0_SLHC12_2023Scenario_VALNOPU2_Case5/5854dd31cbd3cdec44c48628cc181cf0/'}}
UserProcessedDataset =  calabria-calabria_MuMinus100_GEN-SIM-DIGI-RECO_CMSSW_6_2_0_SLHC12_2023Scenario_VALNOPU2_Case5-5854dd31cbd3cdec44c48628cc181cf0
file_name in inputDict =  /home/cms040/home_cream_436384629/CREAM436384629/glide_0pjJQ8/execute/dir_5589/CMSSW_6_2_0_SLHC12/validationEDM_18_1_FTV.root
(size) os.stat(filename)[6] =  2916757
checksum =  621071661
    file =  validationEDM_18_1_FTV.root
    newPfn =  srm://storm-se-01.ba.infn.it:8444/srm/managerv2?SFN=//cms/store/user/calabria/calabria_SingleMuPt100_GEN-SIM-DIGI-RECO_CMSSW_6_2_0_SLHC12_2023Scenario_Case5/calabria_MuMinus100_GEN-SIM-DIGI-RECO_CMSSW_6_2_0_SLHC12_2023Scenario_VALNOPU2_Case5/5854dd31cbd3cdec44c48628cc181cf0/validationEDM_18_1_FTV.root
    newLfn =  /store/user/calabria/calabria_SingleMuPt100_GEN-SIM-DIGI-RECO_CMSSW_6_2_0_SLHC12_2023Scenario_Case5/calabria_MuMinus100_GEN-SIM-DIGI-RECO_CMSSW_6_2_0_SLHC12_2023Scenario_VALNOPU2_Case5/5854dd31cbd3cdec44c48628cc181cf0/validationEDM_18_1_FTV.root
>>> crab_fjr_*.xml  permission set to 0704
CrabWrapper EXIT_FUNC entered at Wed Jun 18 00:45:09 CEST 2014   -  Tue Jun 17 22:45:09 UTC 2014
Checking output files:  
will tar file crab_fjr_18.xml in  out_files_18
WARNING: output file CMSSW_18.stdout not found!
WARNING: output file CMSSW_18.stderr not found!
WARNING: output file Watchdog_18.log.gz not found!
>>> padding time: Wrapper lasting more than 600 seconds. No sleep required.
STOPPING WATCHDOG. CrabWatchdog PID is 6612
********** LAST 50 LINES OF WATCHDOG LOG
# RESOURCE USAGE SUMMARY FOR PROCESS ID  5713
USER       PID %CPU %MEM    VSZ   RSS TTY      STAT START   TIME COMMAND
cms040    5713  0.5  0.0   9500  1572 ?        S    00:34   0:00 /bin/sh /home/cms040/home_cream_436384629/CREAM436384629/glide_0pjJQ8/execute/dir_5589/condor_exec.exe 18 1
 
# LIMITS USED BY CRAB WATCHDOG:
# RSS  (KBytes)   : 2300000
# VSZ  (KBytes)   : 100000000
# DISK (MBytes)   : 19000
# CPU TIME        : 720h:0m:0s
# WALL CLOCK TIME : 21h:50m:0s
 
# FOLLOWING PRINTOUT TRACKS MAXIMUM VALUES OF RESOURCES USE
# ONE LINE IS PRINTED EACH TIME A MAXIMUM CHANGES
# IF CHANGE WAS IN RSS OR VSZ ALSO PROCID AND COMMAND ARE PRINTED
# THERE IS NO PRINTOUT FOR CPU/WALL TIME INCREASE
 
# TIME			PID	RSS(KB)	VSZ(KB)	Dsk(MB)	tCPU(s)	tWALL(s)	COMMAND
 Jun 18 00:34:56 CEST	1138	1368	9364	0	0	1	/bin/bash /home/cms040/home_cream_436384629/CREAM436384629/glide_0pjJQ8/main/condor_startup.sh glidein_config        
 Jun 18 00:34:56 CEST	5589	8372	93612	0	0	1	condor_starter -f hcc-crabserver.unl.edu        
 Jun 18 00:34:56 CEST	7730	8652	93780	0	1	2	condor_startd -f         
 Jun 18 00:34:56 CEST	21728	8652	106092	0	0	2	sh -c "./glidein_startup.sh" -v std -name v3_0 -entry CMS_T2_IT_Bari_ce4 -clientname UCSD-v1_0.main
 Jun 18 00:34:56 CEST	21745	8652	106492	0	1	2	/bin/bash ./glidein_startup.sh -v std -name v3_0 -entry CMS_T2_IT_Bari_ce4 -clientname UCSD-v1_0.main -schedd
 Jun 18 00:34:56 CEST	---	8652	106492	171	----	----	----
 Jun 18 00:35:58 CEST	9741	114280	249328	171	16	66	cmsRun -j /home/cms040/home_cream_436384629/CREAM436384629/glide_0pjJQ8/execute/dir_5589/crab_fjr_18.xml -p pset.py      
 Jun 18 00:35:58 CEST	---	114280	249328	175	----	----	----
 Jun 18 00:37:03 CEST	9741	749676	978528	175	55	130	cmsRun -j /home/cms040/home_cream_436384629/CREAM436384629/glide_0pjJQ8/execute/dir_5589/crab_fjr_18.xml -p pset.py      
 Jun 18 00:38:07 CEST	9741	760296	993088	175	114	195	cmsRun -j /home/cms040/home_cream_436384629/CREAM436384629/glide_0pjJQ8/execute/dir_5589/crab_fjr_18.xml -p pset.py      
 Jun 18 00:39:12 CEST	9741	773224	1011264	175	166	259	cmsRun -j /home/cms040/home_cream_436384629/CREAM436384629/glide_0pjJQ8/execute/dir_5589/crab_fjr_18.xml -p pset.py      
 Jun 18 00:40:16 CEST	9741	773224	1018176	175	218	323	cmsRun -j /home/cms040/home_cream_436384629/CREAM436384629/glide_0pjJQ8/execute/dir_5589/crab_fjr_18.xml -p pset.py      
 Jun 18 00:42:24 CEST	9741	787680	1025856	175	324	450	cmsRun -j /home/cms040/home_cream_436384629/CREAM436384629/glide_0pjJQ8/execute/dir_5589/crab_fjr_18.xml -p pset.py      
 Jun 18 00:43:26 CEST	9741	790380	1030464	175	380	513	cmsRun -j /home/cms040/home_cream_436384629/CREAM436384629/glide_0pjJQ8/execute/dir_5589/crab_fjr_18.xml -p pset.py      
 Jun 18 00:44:29 CEST	---	790380	1030464	178	----	----	----
********** WATCHDOG LOG ENDED
ZIPPING WATCHDOG LOG
Disk space used:
du -sh /home/cms040/home_cream_436384629/CREAM436384629/glide_0pjJQ8/execute/dir_5589
178M	/home/cms040/home_cream_436384629/CREAM436384629/glide_0pjJQ8/execute/dir_5589
Found unusual stdout, rename for OSB
`/home/cms040/home_cream_436384629/CREAM436384629/glide_0pjJQ8/execute/dir_5589/_condor_stdout' -> `CMSSW_18.stdout'
Found unusual stderr, rename for OSB
`/home/cms040/home_cream_436384629/CREAM436384629/glide_0pjJQ8/execute/dir_5589/_condor_stdout' -> `CMSSW_18.stderr'
crab_fjr_18.xml
CMSSW_18.stdout
CMSSW_18.stderr
Watchdog_18.log.gz
Total Output dimension: 70227
WARNING: output files size limit is set to: 50000000
Total Output dimension 70227 is fine.
JOB_EXIT_STATUS = 0
>>> info for dashboard:
***** Cat /home/cms040/home_cream_436384629/CREAM436384629/glide_0pjJQ8/execute/dir_5589/jobreport.txt *****
MonitorJobID=18_https://hcc-crabserver.unl.edu//140616//142014.17
MonitorID=calabria_MuMinus100_Case5_ReReco_ra684q
ExeTime=509
ExeExitCode=0
StageOutExitStatusReason = 'Copy succedeed with srm-lcg utils'
StageOutSE = storm-se-01.ba.infn.it
StageOutExitStatus = 0
CrabUserCpuTime=389.00
CrabSysCpuTime=27.40
CrabCpuPercentage=81%
CrabWrapperTime=626
CrabStageoutTime=50
JobExitCode=0
***** End Cat jobreport *****
Parameters sent to Dashboard.
EXITING at Wed Jun 18 00:45:20 CEST 2014  -  Tue Jun 17 22:45:20 UTC 2014
