This script was generated by crab (version 2.10.5_patch1).
Running /home/cms010/home_cream_839322261/CREAM839322261/glide_P0HqhN/execute/dir_19710/condor_exec.exe with 2 positional parameters: 20 1
Today is Wed Jun 18 00:36:28 CEST 2014 - Tue Jun 17 22:36:28 UTC 2014
Job submitted on host alicegrid69.ba.infn.it
Linux alicegrid69.ba.infn.it 2.6.32-358.23.2.el6.x86_64 #1 SMP Thu Oct 17 10:27:22 CEST 2013 x86_64 x86_64 x86_64 GNU/Linux
>>> current directory (RUNTIME_AREA): /home/cms010/home_cream_839322261/CREAM839322261/glide_P0HqhN/execute/dir_19710
>>> current user: uid=11704(cms010) gid=1399(cms) groups=1399(cms)
>>> directory permission set to 0700
>>> umask set to:  u=rwx,g=,o=
>>> stdout stderr permission set to 0704
>>> voms proxy information:
subject   : /C=IT/O=INFN/OU=Personal Certificate/L=Bari/CN=Cesare Calabria/CN=477126703/CN=1836024882
issuer    : /C=IT/O=INFN/OU=Personal Certificate/L=Bari/CN=Cesare Calabria/CN=477126703
identity  : /C=IT/O=INFN/OU=Personal Certificate/L=Bari/CN=Cesare Calabria
type      : RFC3820 compliant limited proxy
strength  : 1024
path      : /home/cms010/home_cream_839322261/CREAM839322261/glide_P0HqhN/execute/dir_19710/x509up_u50707
timeleft  : 23:59:53
key usage : Digital Signature, Key Encipherment, Data Encipherment
=== VO cms extension information ===
VO        : cms
subject   : /C=IT/O=INFN/OU=Personal Certificate/L=Bari/CN=Cesare Calabria
issuer    : /DC=ch/DC=cern/OU=computers/CN=voms.cern.ch
attribute : /cms/Role=NULL/Capability=NULL
attribute : /cms/itcms/Role=NULL/Capability=NULL
timeleft  : 154:47:51
uri       : voms.cern.ch:15002

WNHostName=alicegrid69.ba.infn.it
>>> tar --no-same-permissions -xf /home/cms010/home_cream_839322261/CREAM839322261/glide_P0HqhN/execute/dir_19710/default.tgz :
Successful untar
>>> Include /home/cms010/home_cream_839322261/CREAM839322261/glide_P0HqhN/execute/dir_19710 in PYTHONPATH:
strip arguments
env var CRAB_UNIQUE_JOB_ID set to: calabria_MuMinus100_Case5_ReReco_ra684q_20_1_tHw
out_files_20
>>> list of expected files on output sandbox
output files: crab_fjr_20.xml CMSSW_20.stdout CMSSW_20.stderr Watchdog_20.log.gz
>>> GridFlavour discovery: 
GridFlavour=LCG
>>> SyncSite discovery: 
SyncSite=T2_IT_Bari
>>> SyncCE discovery: 
getting SyncCE from CE_ID
SyncCE=cream-ce-4.ba.infn.it:8443/cream-pbs-cms
>>> info for dashboard:
***** Cat /home/cms010/home_cream_839322261/CREAM839322261/glide_P0HqhN/execute/dir_19710/jobreport.txt *****
WNHostName=alicegrid69.ba.infn.it
MonitorJobID=20_https://hcc-crabserver.unl.edu//140616//142014.19
SyncGridJobId=https://hcc-crabserver.unl.edu//140616//142014.19
MonitorID=calabria_MuMinus100_Case5_ReReco_ra684q
GridFlavour=LCG
SyncSite=T2_IT_Bari
SyncCE=cream-ce-4.ba.infn.it:8443/cream-pbs-cms
***** End Cat jobreport *****
Parameters sent to Dashboard.
>>> setup environment
set SCRAM ARCH to slc5_amd64_gcc472
SCRAM_ARCH = slc5_amd64_gcc472
>>> setup CMS LCG environment:
set SCRAM ARCH and BUILD_ARCH to slc5_amd64_gcc472 ###
Sourcing environment... 
sourcing /cvmfs/cms.cern.ch/cmsset_default.sh
==> setup cms environment ok
>>> specific cmssw setup environment:
CMSSW_VERSION =  CMSSW_6_2_0_SLHC12
>>> current directory (SOFTWARE_DIR): /home/cms010/home_cream_839322261/CREAM839322261/glide_P0HqhN/execute/dir_19710/CMSSW_6_2_0_SLHC12
PreserveSeeds: <>
IncrementSeeds:<>
>>> info for dashboard:
***** Cat /home/cms010/home_cream_839322261/CREAM839322261/glide_P0HqhN/execute/dir_19710/jobreport.txt *****
MonitorJobID=20_https://hcc-crabserver.unl.edu//140616//142014.19
MonitorID=calabria_MuMinus100_Case5_ReReco_ra684q
***** End Cat jobreport *****
Parameters sent to Dashboard.
crabWatchdog started as process 20701
>>> moving CMSSW software directories in /home/cms010/home_cream_839322261/CREAM839322261/glide_P0HqhN/execute/dir_19710/CMSSW_6_2_0_SLHC12
mv: cannot stat `/home/cms010/home_cream_839322261/CREAM839322261/glide_P0HqhN/execute/dir_19710/module/': No such file or directory
>>> Include /home/cms010/home_cream_839322261/CREAM839322261/glide_P0HqhN/execute/dir_19710 in PYTHONPATH:
PYTHONPATH=/home/cms010/home_cream_839322261/CREAM839322261/glide_P0HqhN/execute/dir_19710/:/home/cms010/home_cream_839322261/CREAM839322261/glide_P0HqhN/execute/dir_19710/CMSSW_6_2_0_SLHC12/python:/home/cms010/home_cream_839322261/CREAM839322261/glide_P0HqhN/execute/dir_19710/CMSSW_6_2_0_SLHC12/lib/slc5_amd64_gcc472:/cvmfs/cms.cern.ch/slc5_amd64_gcc472/cms/cmssw/CMSSW_6_2_0_SLHC12/python:/cvmfs/cms.cern.ch/slc5_amd64_gcc472/cms/cmssw/CMSSW_6_2_0_SLHC12/lib/slc5_amd64_gcc472:/cvmfs/cms.cern.ch/slc5_amd64_gcc472/cms/coral/CORAL_2_3_21-cms36/slc5_amd64_gcc472/python:/cvmfs/cms.cern.ch/slc5_amd64_gcc472/cms/coral/CORAL_2_3_21-cms36/slc5_amd64_gcc472/lib:/cvmfs/cms.cern.ch/slc5_amd64_gcc472/external/pyqt/4.8.1-cms6/lib/python2.7/site-packages:/cvmfs/cms.cern.ch/slc5_amd64_gcc472/external/py2-scipy/0.8.0-cms8/lib/python2.7/site-packages:/cvmfs/cms.cern.ch/slc5_amd64_gcc472/external/py2-matplotlib/1.0.1-cms8/lib/python2.7/site-packages:/cvmfs/cms.cern.ch/slc5_amd64_gcc472/external/python-ldap/2.3.5-cms6/lib/python2.7/site-packages:/cvmfs/cms.cern.ch/slc5_amd64_gcc472/external/sip/4.11.2-cms6/lib/python2.7/site-packages:/cvmfs/cms.cern.ch/slc5_amd64_gcc472/external/py2-pycurl/7.19.0-cms8/lib/python2.7/site-packages:/cvmfs/cms.cern.ch/slc5_amd64_gcc472/external/py2-numpy/1.6.1-cms8/lib/python2.7/site-packages:/cvmfs/cms.cern.ch/slc5_amd64_gcc472/external/py2-lint/0.25.1-cms6/lib/python2.7/site-packages:/cvmfs/cms.cern.ch/slc5_amd64_gcc472/external/py2-ipython/0.10-cms6/lib/python2.7/site-packages:/cvmfs/cms.cern.ch/slc5_amd64_gcc472/external/py2-cx-oracle/5.1-cms7/lib/python2.7/site-packages:/cvmfs/cms.cern.ch/slc5_amd64_gcc472/external/py2-cjson/1.0.5-cms6/lib/python2.7/site-packages:/cvmfs/cms.cern.ch/slc5_amd64_gcc472/cms/das-client/1.11.7/bin:/cvmfs/cms.cern.ch/slc5_amd64_gcc472/external/elementtree/1.2.6-cms6/share/lib/python2.7/site-packages:/cvmfs/cms.cern.ch/slc5_amd64_gcc472/external/rivet/1.8.2-cms8/lib/python2.7/site-packages:/cvmfs/cms.cern.ch/slc5_amd64_gcc472/external/pyminuit2/0.0.1-cms19/lib/python2.7/site-packages:/cvmfs/cms.cern.ch/slc5_amd64_gcc472/external/py2-pygithub/1.23.0/lib/python2.7/site-packages:/cvmfs/cms.cern.ch/slc5_amd64_gcc472/external/professor/1.0.0-cms19/lib/python2.7/site-packages:/cvmfs/cms.cern.ch/slc5_amd64_gcc472/lcg/root/5.34.07-cms/lib:/cvmfs/cms.cern.ch/slc5_amd64_gcc472/cms/dbs-client/DBS_2_1_9-cms5/lib:/cvmfs/cms.cern.ch/slc5_amd64_gcc472/cms/dbs-client/DBS_2_1_9-cms5/lib/DBSAPI:/cvmfs/cms.cern.ch/slc5_amd64_gcc472/external/cvs2git/5419-cms/lib:/home/cms010/home_cream_839322261/CREAM839322261/glide_P0HqhN/execute/dir_19710/
 
# LIMITS USED BY CRAB WATCHDOG:
# RSS  (KBytes)   : 2300000
# VSZ  (KBytes)   : 100000000
# DISK (MBytes)   : 19000
# CPU TIME        : 720h:0m:0s
# WALL CLOCK TIME : 21h:50m:0s
 
5854dd31cbd3cdec44c48628cc181cf0
PSETHASH = 5854dd31cbd3cdec44c48628cc181cf0
/home/cms010/home_cream_839322261/CREAM839322261/glide_P0HqhN/execute/dir_19710/writeCfg.py pset.py pset.py
Importing .py file
Setting parameters
RandomNumberGeneratorService found, will attempt to change seeds
inputBlocks=/calabria_SingleMuPt100_GEN-SIM-DIGI-RECO_CMSSW_6_2_0_SLHC12_2023Scenario_Case5/calabria-calabria_SingleMuPt100_GEN-SIM-DIGI-RECO_CMSSW_6_2_0_SLHC12_2023Scenario_Case5-a26c687b08a0d489fe253a4ed92f9da7/USER#91b501a2-355f-4956-8a5c-c5e889acfa05
inputFiles=/store/user/calabria/calabria_SingleMuPt100_GEN-SIM-DIGI-RECO_CMSSW_6_2_0_SLHC12_2023Scenario_Case5/calabria_SingleMuPt100_GEN-SIM-DIGI-RECO_CMSSW_6_2_0_SLHC12_2023Scenario_Case5/a26c687b08a0d489fe253a4ed92f9da7/out_reco_318_1_oNu.root;/store/user/calabria/calabria_SingleMuPt100_GEN-SIM-DIGI-RECO_CMSSW_6_2_0_SLHC12_2023Scenario_Case5/calabria_SingleMuPt100_GEN-SIM-DIGI-RECO_CMSSW_6_2_0_SLHC12_2023Scenario_Case5/a26c687b08a0d489fe253a4ed92f9da7/out_reco_319_1_2ca.root;/store/user/calabria/calabria_SingleMuPt100_GEN-SIM-DIGI-RECO_CMSSW_6_2_0_SLHC12_2023Scenario_Case5/calabria_SingleMuPt100_GEN-SIM-DIGI-RECO_CMSSW_6_2_0_SLHC12_2023Scenario_Case5/a26c687b08a0d489fe253a4ed92f9da7/out_reco_320_1_Chz.root;/store/user/calabria/calabria_SingleMuPt100_GEN-SIM-DIGI-RECO_CMSSW_6_2_0_SLHC12_2023Scenario_Case5/calabria_SingleMuPt100_GEN-SIM-DIGI-RECO_CMSSW_6_2_0_SLHC12_2023Scenario_Case5/a26c687b08a0d489fe253a4ed92f9da7/out_reco_322_1_Rp3.root;/store/user/calabria/calabria_SingleMuPt100_GEN-SIM-DIGI-RECO_CMSSW_6_2_0_SLHC12_2023Scenario_Case5/calabria_SingleMuPt100_GEN-SIM-DIGI-RECO_CMSSW_6_2_0_SLHC12_2023Scenario_Case5/a26c687b08a0d489fe253a4ed92f9da7/out_reco_323_1_B3I.root;/store/user/calabria/calabria_SingleMuPt100_GEN-SIM-DIGI-RECO_CMSSW_6_2_0_SLHC12_2023Scenario_Case5/calabria_SingleMuPt100_GEN-SIM-DIGI-RECO_CMSSW_6_2_0_SLHC12_2023Scenario_Case5/a26c687b08a0d489fe253a4ed92f9da7/out_reco_324_1_8V2.root;/store/user/calabria/calabria_SingleMuPt100_GEN-SIM-DIGI-RECO_CMSSW_6_2_0_SLHC12_2023Scenario_Case5/calabria_SingleMuPt100_GEN-SIM-DIGI-RECO_CMSSW_6_2_0_SLHC12_2023Scenario_Case5/a26c687b08a0d489fe253a4ed92f9da7/out_reco_325_1_FAh.root;/store/user/calabria/calabria_SingleMuPt100_GEN-SIM-DIGI-RECO_CMSSW_6_2_0_SLHC12_2023Scenario_Case5/calabria_SingleMuPt100_GEN-SIM-DIGI-RECO_CMSSW_6_2_0_SLHC12_2023Scenario_Case5/a26c687b08a0d489fe253a4ed92f9da7/out_reco_327_1_72S.root;/store/user/calabria/calabria_SingleMuPt100_GEN-SIM-DIGI-RECO_CMSSW_6_2_0_SLHC12_2023Scenario_Case5/calabria_SingleMuPt100_GEN-SIM-DIGI-RECO_CMSSW_6_2_0_SLHC12_2023Scenario_Case5/a26c687b08a0d489fe253a4ed92f9da7/out_reco_331_1_2h6.root;/store/user/calabria/calabria_SingleMuPt100_GEN-SIM-DIGI-RECO_CMSSW_6_2_0_SLHC12_2023Scenario_Case5/calabria_SingleMuPt100_GEN-SIM-DIGI-RECO_CMSSW_6_2_0_SLHC12_2023Scenario_Case5/a26c687b08a0d489fe253a4ed92f9da7/out_reco_333_1_ipf.root
parentFiles=
lumisRange=
>>> Executable cmsRun
/cvmfs/cms.cern.ch/slc5_amd64_gcc472/cms/cmssw/CMSSW_6_2_0_SLHC12/bin/slc5_amd64_gcc472/cmsRun
ok executable found
>>> info for dashboard:
***** Cat /home/cms010/home_cream_839322261/CREAM839322261/glide_P0HqhN/execute/dir_19710/jobreport.txt *****
MonitorJobID=20_https://hcc-crabserver.unl.edu//140616//142014.19
MonitorID=calabria_MuMinus100_Case5_ReReco_ra684q
ExeStart=cmsRun
***** End Cat jobreport *****
Parameters sent to Dashboard.
>>> cmsRun started at Tue Jun 17 22:36:56 UTC 2014
>>> cmsRun ended at Tue Jun 17 22:41:00 UTC 2014
>>> crab_fjr_*.xml  permission set to 0704
>>> info for dashboard:
***** Cat /home/cms010/home_cream_839322261/CREAM839322261/glide_P0HqhN/execute/dir_19710/jobreport.txt *****
MonitorJobID=20_https://hcc-crabserver.unl.edu//140616//142014.19
MonitorID=calabria_MuMinus100_Case5_ReReco_ra684q
ExeEnd=cmsRun
***** End Cat jobreport *****
Parameters sent to Dashboard.
TIME_EXE = 244 sec
>>> cmsRun wrote 50 lines of stdout+stderr
>>> START OF printout of 50 lines from stdout+stderr
271 DQMStore::DQMStore 
HcalTopologyIdealEP::HcalTopologyIdealEP
18-Jun-2014 00:37:13 CEST  Initiating request to open file file:/lustre/cms//store/user/calabria/calabria_SingleMuPt100_GEN-SIM-DIGI-RECO_CMSSW_6_2_0_SLHC12_2023Scenario_Case5/calabria_SingleMuPt100_GEN-SIM-DIGI-RECO_CMSSW_6_2_0_SLHC12_2023Scenario_Case5/a26c687b08a0d489fe253a4ed92f9da7/out_reco_318_1_oNu.root
18-Jun-2014 00:37:16 CEST  Successfully opened file file:/lustre/cms//store/user/calabria/calabria_SingleMuPt100_GEN-SIM-DIGI-RECO_CMSSW_6_2_0_SLHC12_2023Scenario_Case5/calabria_SingleMuPt100_GEN-SIM-DIGI-RECO_CMSSW_6_2_0_SLHC12_2023Scenario_Case5/a26c687b08a0d489fe253a4ed92f9da7/out_reco_318_1_oNu.root
18-Jun-2014 00:37:39 CEST  Closed file file:/lustre/cms//store/user/calabria/calabria_SingleMuPt100_GEN-SIM-DIGI-RECO_CMSSW_6_2_0_SLHC12_2023Scenario_Case5/calabria_SingleMuPt100_GEN-SIM-DIGI-RECO_CMSSW_6_2_0_SLHC12_2023Scenario_Case5/a26c687b08a0d489fe253a4ed92f9da7/out_reco_318_1_oNu.root
18-Jun-2014 00:37:39 CEST  Initiating request to open file file:/lustre/cms//store/user/calabria/calabria_SingleMuPt100_GEN-SIM-DIGI-RECO_CMSSW_6_2_0_SLHC12_2023Scenario_Case5/calabria_SingleMuPt100_GEN-SIM-DIGI-RECO_CMSSW_6_2_0_SLHC12_2023Scenario_Case5/a26c687b08a0d489fe253a4ed92f9da7/out_reco_319_1_2ca.root
18-Jun-2014 00:37:39 CEST  Successfully opened file file:/lustre/cms//store/user/calabria/calabria_SingleMuPt100_GEN-SIM-DIGI-RECO_CMSSW_6_2_0_SLHC12_2023Scenario_Case5/calabria_SingleMuPt100_GEN-SIM-DIGI-RECO_CMSSW_6_2_0_SLHC12_2023Scenario_Case5/a26c687b08a0d489fe253a4ed92f9da7/out_reco_319_1_2ca.root
18-Jun-2014 00:38:01 CEST  Closed file file:/lustre/cms//store/user/calabria/calabria_SingleMuPt100_GEN-SIM-DIGI-RECO_CMSSW_6_2_0_SLHC12_2023Scenario_Case5/calabria_SingleMuPt100_GEN-SIM-DIGI-RECO_CMSSW_6_2_0_SLHC12_2023Scenario_Case5/a26c687b08a0d489fe253a4ed92f9da7/out_reco_319_1_2ca.root
18-Jun-2014 00:38:01 CEST  Initiating request to open file file:/lustre/cms//store/user/calabria/calabria_SingleMuPt100_GEN-SIM-DIGI-RECO_CMSSW_6_2_0_SLHC12_2023Scenario_Case5/calabria_SingleMuPt100_GEN-SIM-DIGI-RECO_CMSSW_6_2_0_SLHC12_2023Scenario_Case5/a26c687b08a0d489fe253a4ed92f9da7/out_reco_320_1_Chz.root
18-Jun-2014 00:38:01 CEST  Successfully opened file file:/lustre/cms//store/user/calabria/calabria_SingleMuPt100_GEN-SIM-DIGI-RECO_CMSSW_6_2_0_SLHC12_2023Scenario_Case5/calabria_SingleMuPt100_GEN-SIM-DIGI-RECO_CMSSW_6_2_0_SLHC12_2023Scenario_Case5/a26c687b08a0d489fe253a4ed92f9da7/out_reco_320_1_Chz.root
18-Jun-2014 00:38:23 CEST  Closed file file:/lustre/cms//store/user/calabria/calabria_SingleMuPt100_GEN-SIM-DIGI-RECO_CMSSW_6_2_0_SLHC12_2023Scenario_Case5/calabria_SingleMuPt100_GEN-SIM-DIGI-RECO_CMSSW_6_2_0_SLHC12_2023Scenario_Case5/a26c687b08a0d489fe253a4ed92f9da7/out_reco_320_1_Chz.root
18-Jun-2014 00:38:23 CEST  Initiating request to open file file:/lustre/cms//store/user/calabria/calabria_SingleMuPt100_GEN-SIM-DIGI-RECO_CMSSW_6_2_0_SLHC12_2023Scenario_Case5/calabria_SingleMuPt100_GEN-SIM-DIGI-RECO_CMSSW_6_2_0_SLHC12_2023Scenario_Case5/a26c687b08a0d489fe253a4ed92f9da7/out_reco_322_1_Rp3.root
18-Jun-2014 00:38:24 CEST  Successfully opened file file:/lustre/cms//store/user/calabria/calabria_SingleMuPt100_GEN-SIM-DIGI-RECO_CMSSW_6_2_0_SLHC12_2023Scenario_Case5/calabria_SingleMuPt100_GEN-SIM-DIGI-RECO_CMSSW_6_2_0_SLHC12_2023Scenario_Case5/a26c687b08a0d489fe253a4ed92f9da7/out_reco_322_1_Rp3.root
18-Jun-2014 00:38:46 CEST  Closed file file:/lustre/cms//store/user/calabria/calabria_SingleMuPt100_GEN-SIM-DIGI-RECO_CMSSW_6_2_0_SLHC12_2023Scenario_Case5/calabria_SingleMuPt100_GEN-SIM-DIGI-RECO_CMSSW_6_2_0_SLHC12_2023Scenario_Case5/a26c687b08a0d489fe253a4ed92f9da7/out_reco_322_1_Rp3.root
18-Jun-2014 00:38:46 CEST  Initiating request to open file file:/lustre/cms//store/user/calabria/calabria_SingleMuPt100_GEN-SIM-DIGI-RECO_CMSSW_6_2_0_SLHC12_2023Scenario_Case5/calabria_SingleMuPt100_GEN-SIM-DIGI-RECO_CMSSW_6_2_0_SLHC12_2023Scenario_Case5/a26c687b08a0d489fe253a4ed92f9da7/out_reco_323_1_B3I.root
18-Jun-2014 00:38:46 CEST  Successfully opened file file:/lustre/cms//store/user/calabria/calabria_SingleMuPt100_GEN-SIM-DIGI-RECO_CMSSW_6_2_0_SLHC12_2023Scenario_Case5/calabria_SingleMuPt100_GEN-SIM-DIGI-RECO_CMSSW_6_2_0_SLHC12_2023Scenario_Case5/a26c687b08a0d489fe253a4ed92f9da7/out_reco_323_1_B3I.root
18-Jun-2014 00:39:07 CEST  Closed file file:/lustre/cms//store/user/calabria/calabria_SingleMuPt100_GEN-SIM-DIGI-RECO_CMSSW_6_2_0_SLHC12_2023Scenario_Case5/calabria_SingleMuPt100_GEN-SIM-DIGI-RECO_CMSSW_6_2_0_SLHC12_2023Scenario_Case5/a26c687b08a0d489fe253a4ed92f9da7/out_reco_323_1_B3I.root
18-Jun-2014 00:39:07 CEST  Initiating request to open file file:/lustre/cms//store/user/calabria/calabria_SingleMuPt100_GEN-SIM-DIGI-RECO_CMSSW_6_2_0_SLHC12_2023Scenario_Case5/calabria_SingleMuPt100_GEN-SIM-DIGI-RECO_CMSSW_6_2_0_SLHC12_2023Scenario_Case5/a26c687b08a0d489fe253a4ed92f9da7/out_reco_324_1_8V2.root
18-Jun-2014 00:39:07 CEST  Successfully opened file file:/lustre/cms//store/user/calabria/calabria_SingleMuPt100_GEN-SIM-DIGI-RECO_CMSSW_6_2_0_SLHC12_2023Scenario_Case5/calabria_SingleMuPt100_GEN-SIM-DIGI-RECO_CMSSW_6_2_0_SLHC12_2023Scenario_Case5/a26c687b08a0d489fe253a4ed92f9da7/out_reco_324_1_8V2.root
18-Jun-2014 00:39:27 CEST  Closed file file:/lustre/cms//store/user/calabria/calabria_SingleMuPt100_GEN-SIM-DIGI-RECO_CMSSW_6_2_0_SLHC12_2023Scenario_Case5/calabria_SingleMuPt100_GEN-SIM-DIGI-RECO_CMSSW_6_2_0_SLHC12_2023Scenario_Case5/a26c687b08a0d489fe253a4ed92f9da7/out_reco_324_1_8V2.root
18-Jun-2014 00:39:27 CEST  Initiating request to open file file:/lustre/cms//store/user/calabria/calabria_SingleMuPt100_GEN-SIM-DIGI-RECO_CMSSW_6_2_0_SLHC12_2023Scenario_Case5/calabria_SingleMuPt100_GEN-SIM-DIGI-RECO_CMSSW_6_2_0_SLHC12_2023Scenario_Case5/a26c687b08a0d489fe253a4ed92f9da7/out_reco_325_1_FAh.root
18-Jun-2014 00:39:27 CEST  Successfully opened file file:/lustre/cms//store/user/calabria/calabria_SingleMuPt100_GEN-SIM-DIGI-RECO_CMSSW_6_2_0_SLHC12_2023Scenario_Case5/calabria_SingleMuPt100_GEN-SIM-DIGI-RECO_CMSSW_6_2_0_SLHC12_2023Scenario_Case5/a26c687b08a0d489fe253a4ed92f9da7/out_reco_325_1_FAh.root
18-Jun-2014 00:39:49 CEST  Closed file file:/lustre/cms//store/user/calabria/calabria_SingleMuPt100_GEN-SIM-DIGI-RECO_CMSSW_6_2_0_SLHC12_2023Scenario_Case5/calabria_SingleMuPt100_GEN-SIM-DIGI-RECO_CMSSW_6_2_0_SLHC12_2023Scenario_Case5/a26c687b08a0d489fe253a4ed92f9da7/out_reco_325_1_FAh.root
18-Jun-2014 00:39:49 CEST  Initiating request to open file file:/lustre/cms//store/user/calabria/calabria_SingleMuPt100_GEN-SIM-DIGI-RECO_CMSSW_6_2_0_SLHC12_2023Scenario_Case5/calabria_SingleMuPt100_GEN-SIM-DIGI-RECO_CMSSW_6_2_0_SLHC12_2023Scenario_Case5/a26c687b08a0d489fe253a4ed92f9da7/out_reco_327_1_72S.root
18-Jun-2014 00:39:49 CEST  Successfully opened file file:/lustre/cms//store/user/calabria/calabria_SingleMuPt100_GEN-SIM-DIGI-RECO_CMSSW_6_2_0_SLHC12_2023Scenario_Case5/calabria_SingleMuPt100_GEN-SIM-DIGI-RECO_CMSSW_6_2_0_SLHC12_2023Scenario_Case5/a26c687b08a0d489fe253a4ed92f9da7/out_reco_327_1_72S.root
18-Jun-2014 00:40:07 CEST  Closed file file:/lustre/cms//store/user/calabria/calabria_SingleMuPt100_GEN-SIM-DIGI-RECO_CMSSW_6_2_0_SLHC12_2023Scenario_Case5/calabria_SingleMuPt100_GEN-SIM-DIGI-RECO_CMSSW_6_2_0_SLHC12_2023Scenario_Case5/a26c687b08a0d489fe253a4ed92f9da7/out_reco_327_1_72S.root
18-Jun-2014 00:40:07 CEST  Initiating request to open file file:/lustre/cms//store/user/calabria/calabria_SingleMuPt100_GEN-SIM-DIGI-RECO_CMSSW_6_2_0_SLHC12_2023Scenario_Case5/calabria_SingleMuPt100_GEN-SIM-DIGI-RECO_CMSSW_6_2_0_SLHC12_2023Scenario_Case5/a26c687b08a0d489fe253a4ed92f9da7/out_reco_331_1_2h6.root
18-Jun-2014 00:40:07 CEST  Successfully opened file file:/lustre/cms//store/user/calabria/calabria_SingleMuPt100_GEN-SIM-DIGI-RECO_CMSSW_6_2_0_SLHC12_2023Scenario_Case5/calabria_SingleMuPt100_GEN-SIM-DIGI-RECO_CMSSW_6_2_0_SLHC12_2023Scenario_Case5/a26c687b08a0d489fe253a4ed92f9da7/out_reco_331_1_2h6.root
18-Jun-2014 00:40:27 CEST  Closed file file:/lustre/cms//store/user/calabria/calabria_SingleMuPt100_GEN-SIM-DIGI-RECO_CMSSW_6_2_0_SLHC12_2023Scenario_Case5/calabria_SingleMuPt100_GEN-SIM-DIGI-RECO_CMSSW_6_2_0_SLHC12_2023Scenario_Case5/a26c687b08a0d489fe253a4ed92f9da7/out_reco_331_1_2h6.root
18-Jun-2014 00:40:27 CEST  Initiating request to open file file:/lustre/cms//store/user/calabria/calabria_SingleMuPt100_GEN-SIM-DIGI-RECO_CMSSW_6_2_0_SLHC12_2023Scenario_Case5/calabria_SingleMuPt100_GEN-SIM-DIGI-RECO_CMSSW_6_2_0_SLHC12_2023Scenario_Case5/a26c687b08a0d489fe253a4ed92f9da7/out_reco_333_1_ipf.root
18-Jun-2014 00:40:27 CEST  Successfully opened file file:/lustre/cms//store/user/calabria/calabria_SingleMuPt100_GEN-SIM-DIGI-RECO_CMSSW_6_2_0_SLHC12_2023Scenario_Case5/calabria_SingleMuPt100_GEN-SIM-DIGI-RECO_CMSSW_6_2_0_SLHC12_2023Scenario_Case5/a26c687b08a0d489fe253a4ed92f9da7/out_reco_333_1_ipf.root
18-Jun-2014 00:40:59 CEST  Closed file file:/lustre/cms//store/user/calabria/calabria_SingleMuPt100_GEN-SIM-DIGI-RECO_CMSSW_6_2_0_SLHC12_2023Scenario_Case5/calabria_SingleMuPt100_GEN-SIM-DIGI-RECO_CMSSW_6_2_0_SLHC12_2023Scenario_Case5/a26c687b08a0d489fe253a4ed92f9da7/out_reco_333_1_ipf.root

=============================================

MessageLogger Summary

 type     category        sev    module        subroutine        count    total
 ---- -------------------- -- ---------------- ----------------  -----    -----
    1 fileAction           -s file_close                            10       10
    2 fileAction           -s file_open                             20       20

 type    category    Examples: run/evt        run/evt          run/evt
 ---- -------------------- ---------------- ---------------- ----------------
    1 fileAction           PostProcessEvent PostProcessEvent PostEndRun
    2 fileAction           pre-events       pre-events       PostProcessEvent

Severity    # Occurrences   Total Occurrences
--------    -------------   -----------------
System                 30                  30
>>> END OF printout of 50 lines from stdout+stderr
>>> Parse FrameworkJobReport crab_fjr.xml
Result of parsing the FrameworkJobReport crab_fjr.xml: Popularity start
lumisRange : 1::::1;1::::2;1::::3;1::::4;1::::5;1::::6;1::::7;1::::8;1::::9;1::::10;
lumisParentRange : 
Basename : /store/user/calabria/calabria_SingleMuPt100_GEN-SIM-DIGI-RECO_CMSSW_6_2_0_SLHC12_2023Scenario_Case5/calabria_SingleMuPt100_GEN-SIM-DIGI-RECO_CMSSW_6_2_0_SLHC12_2023Scenario_Case5/a26c687b08a0d489fe253a4ed92f9da7/out_reco_3
BasenameParent : 
parentFiles : 
inputBlocks : /calabria_SingleMuPt100_GEN-SIM-DIGI-RECO_CMSSW_6_2_0_SLHC12_2023Scenario_Case5/calabria-calabria_SingleMuPt100_GEN-SIM-DIGI-RECO_CMSSW_6_2_0_SLHC12_2023Scenario_Case5-a26c687b08a0d489fe253a4ed92f9da7/USER#91b501a2-355f-4956-8a5c-c5e889acfa05
inputFiles : 31_1_2h6.root::1::EDM::Local::1;22_1_Rp3.root::1::EDM::Local::2;20_1_Chz.root::1::EDM::Local::3;27_1_72S.root::1::EDM::Local::4;33_1_ipf.root::1::EDM::Local::5;18_1_oNu.root::1::EDM::Local::6;23_1_B3I.root::1::EDM::Local::7;25_1_FAh.root::1::EDM::Local::8;19_1_2ca.root::1::EDM::Local::9;24_1_8V2.root::1::EDM::Local::10;
Popularity stop
Extracted ExitStatus from FrameworkJobReport parsing output: 0
>>> Executable succeded  0
ExeExitCode=0
EXECUTABLE_EXIT_STATUS = 0
>>> current directory /home/cms010/home_cream_839322261/CREAM839322261/glide_P0HqhN/execute/dir_19710/CMSSW_6_2_0_SLHC12
>>>  (SOFTWARE_DIR): /home/cms010/home_cream_839322261/CREAM839322261/glide_P0HqhN/execute/dir_19710/CMSSW_6_2_0_SLHC12
>>> (WORKING_DIR): 
>>> current directory content:
total 10232
drwxr-xr-x 3 cms010 cms    4096 Jun 18 00:36 .SCRAM
-rw------- 1 cms010 cms 3740311 Jun 18 00:36 CMSSW.py.pkl
drwxr-xr-x 3 cms010 cms    4096 Jun 18 00:36 bin
drwxr-xr-x 3 cms010 cms    4096 Jun 18 00:36 cfipython
drwxr-xr-x 4 cms010 cms    4096 Jun 18 00:36 config
-rw------- 1 cms010 cms      16 Jun 18 00:41 cpu_timing.txt
drwxr-xr-x 2 cms010 cms    4096 Jun 18 00:36 doc
-rw------- 1 cms010 cms    9985 Jun 18 00:40 executable.out
drwxr-xr-x 2 cms010 cms    4096 Jun 18 00:36 include
drwx------ 3 cms010 cms    4096 Apr 28 18:12 lib
drwxr-xr-x 3 cms010 cms    4096 Jun 18 00:36 logs
drwxr-xr-x 3 cms010 cms    4096 Jun 18 00:36 objs
-rw------- 1 cms010 cms     104 Jun 18 00:36 pset.py
-rw------- 1 cms010 cms 3712332 Jun 18 00:36 pset.py.pkl
-rw------- 1 cms010 cms     289 Jun 18 00:36 pset.pyc
drwxr-xr-x 2 cms010 cms    4096 Jun 18 00:36 python
-rw------- 1 cms010 cms     419 Jun 18 00:41 report.log
drwx------ 6 cms010 cms    4096 Jun 18 00:36 src
drwxr-xr-x 3 cms010 cms    4096 Jun 18 00:36 test
drwxr-xr-x 3 cms010 cms    4096 Jun 18 00:36 tmp
-rw------- 1 cms010 cms 2921583 Jun 18 00:40 validationEDM.root
>>> current directory /home/cms010/home_cream_839322261/CREAM839322261/glide_P0HqhN/execute/dir_19710/CMSSW_6_2_0_SLHC12
>>> (SOFTWARE_DIR): /home/cms010/home_cream_839322261/CREAM839322261/glide_P0HqhN/execute/dir_19710/CMSSW_6_2_0_SLHC12
>>> (WORKING_DIR): 
>>> current directory content:
total 10232
drwxr-xr-x 3 cms010 cms    4096 Jun 18 00:36 .SCRAM
-rw------- 1 cms010 cms 3740311 Jun 18 00:36 CMSSW.py.pkl
drwxr-xr-x 3 cms010 cms    4096 Jun 18 00:36 bin
drwxr-xr-x 3 cms010 cms    4096 Jun 18 00:36 cfipython
drwxr-xr-x 4 cms010 cms    4096 Jun 18 00:36 config
-rw------- 1 cms010 cms      16 Jun 18 00:41 cpu_timing.txt
drwxr-xr-x 2 cms010 cms    4096 Jun 18 00:36 doc
-rw------- 1 cms010 cms    9985 Jun 18 00:40 executable.out
drwxr-xr-x 2 cms010 cms    4096 Jun 18 00:36 include
drwx------ 3 cms010 cms    4096 Apr 28 18:12 lib
drwxr-xr-x 3 cms010 cms    4096 Jun 18 00:36 logs
drwxr-xr-x 3 cms010 cms    4096 Jun 18 00:36 objs
-rw------- 1 cms010 cms     104 Jun 18 00:36 pset.py
-rw------- 1 cms010 cms 3712332 Jun 18 00:36 pset.py.pkl
-rw------- 1 cms010 cms     289 Jun 18 00:36 pset.pyc
drwxr-xr-x 2 cms010 cms    4096 Jun 18 00:36 python
-rw------- 1 cms010 cms     419 Jun 18 00:41 report.log
drwx------ 6 cms010 cms    4096 Jun 18 00:36 src
drwxr-xr-x 3 cms010 cms    4096 Jun 18 00:36 test
drwxr-xr-x 3 cms010 cms    4096 Jun 18 00:36 tmp
-rw------- 1 cms010 cms 2921583 Jun 18 00:40 validationEDM_20_1_tHw.root
>>> current directory (RUNTIME_AREA):  /home/cms010/home_cream_839322261/CREAM839322261/glide_P0HqhN/execute/dir_19710
SE = storm-se-01.ba.infn.it
SE_PATH = /srm/managerv2?SFN=//cms/store/user/calabria/calabria_SingleMuPt100_GEN-SIM-DIGI-RECO_CMSSW_6_2_0_SLHC12_2023Scenario_Case5/calabria_MuMinus100_GEN-SIM-DIGI-RECO_CMSSW_6_2_0_SLHC12_2023Scenario_VALNOPU2_Case5/5854dd31cbd3cdec44c48628cc181cf0/
LFNBaseName = /store/user/calabria/calabria_SingleMuPt100_GEN-SIM-DIGI-RECO_CMSSW_6_2_0_SLHC12_2023Scenario_Case5/calabria_MuMinus100_GEN-SIM-DIGI-RECO_CMSSW_6_2_0_SLHC12_2023Scenario_VALNOPU2_Case5/5854dd31cbd3cdec44c48628cc181cf0/
USER = calabria
endpoint = srm://storm-se-01.ba.infn.it:8444/srm/managerv2?SFN=//cms/store/user/calabria/calabria_SingleMuPt100_GEN-SIM-DIGI-RECO_CMSSW_6_2_0_SLHC12_2023Scenario_Case5/calabria_MuMinus100_GEN-SIM-DIGI-RECO_CMSSW_6_2_0_SLHC12_2023Scenario_VALNOPU2_Case5/5854dd31cbd3cdec44c48628cc181cf0/
>>> Copy output files from WN = alicegrid69.ba.infn.it to /srm/managerv2?SFN=//cms/store/user/calabria/calabria_SingleMuPt100_GEN-SIM-DIGI-RECO_CMSSW_6_2_0_SLHC12_2023Scenario_Case5/calabria_MuMinus100_GEN-SIM-DIGI-RECO_CMSSW_6_2_0_SLHC12_2023Scenario_VALNOPU2_Case5/5854dd31cbd3cdec44c48628cc181cf0/ :
python cmscp.py  --destination srm://storm-se-01.ba.infn.it:8444/srm/managerv2?SFN=//cms/store/user/calabria/calabria_SingleMuPt100_GEN-SIM-DIGI-RECO_CMSSW_6_2_0_SLHC12_2023Scenario_Case5/calabria_MuMinus100_GEN-SIM-DIGI-RECO_CMSSW_6_2_0_SLHC12_2023Scenario_VALNOPU2_Case5/5854dd31cbd3cdec44c48628cc181cf0/ --inputFileList /home/cms010/home_cream_839322261/CREAM839322261/glide_P0HqhN/execute/dir_19710/CMSSW_6_2_0_SLHC12/validationEDM_20_1_tHw.root --middleware LCG --se_name storm-se-01.ba.infn.it --for_lfn /store/user/calabria/calabria_SingleMuPt100_GEN-SIM-DIGI-RECO_CMSSW_6_2_0_SLHC12_2023Scenario_Case5/calabria_MuMinus100_GEN-SIM-DIGI-RECO_CMSSW_6_2_0_SLHC12_2023Scenario_VALNOPU2_Case5/5854dd31cbd3cdec44c48628cc181cf0/    
******************************************************
localSeName  =  storm-se-01.ba.infn.it
remoteSeName =  storm-se-01.ba.infn.it
******************************************************
{"/home/cms010/home_cream_839322261/CREAM839322261/glide_P0HqhN/execute/dir_19710/CMSSW_6_2_0_SLHC12/validationEDM_20_1_tHw.root": {"endpoint": "srm://storm-se-01.ba.infn.it:8444/srm/managerv2?SFN=//cms/store/user/calabria/calabria_SingleMuPt100_GEN-SIM-DIGI-RECO_CMSSW_6_2_0_SLHC12_2023Scenario_Case5/calabria_MuMinus100_GEN-SIM-DIGI-RECO_CMSSW_6_2_0_SLHC12_2023Scenario_VALNOPU2_Case5/5854dd31cbd3cdec44c48628cc181cf0/", "surl_for_grid": "", "reason": "Copy succedeed with srm-lcg utils", "erCode": "0", "se_name": "storm-se-01.ba.infn.it", "for_lfn": "/store/user/calabria/calabria_SingleMuPt100_GEN-SIM-DIGI-RECO_CMSSW_6_2_0_SLHC12_2023Scenario_Case5/calabria_MuMinus100_GEN-SIM-DIGI-RECO_CMSSW_6_2_0_SLHC12_2023Scenario_VALNOPU2_Case5/5854dd31cbd3cdec44c48628cc181cf0/"}}/home/cms010/home_cream_839322261/CREAM839322261/glide_P0HqhN/execute/dir_19710
-------- cat /home/cms010/home_cream_839322261/CREAM839322261/glide_P0HqhN/execute/dir_19710/cmscpReport.sh 
#!/bin/bash
echo "Report for File: /home/cms010/home_cream_839322261/CREAM839322261/glide_P0HqhN/execute/dir_19710/CMSSW_6_2_0_SLHC12/validationEDM_20_1_tHw.root"
echo "LFN: /store/user/calabria/calabria_SingleMuPt100_GEN-SIM-DIGI-RECO_CMSSW_6_2_0_SLHC12_2023Scenario_Case5/calabria_MuMinus100_GEN-SIM-DIGI-RECO_CMSSW_6_2_0_SLHC12_2023Scenario_VALNOPU2_Case5/5854dd31cbd3cdec44c48628cc181cf0/validationEDM_20_1_tHw.root"
echo "StorageElement: storm-se-01.ba.infn.it"
echo "StageOutExitStatusReason = 'Copy succedeed with srm-lcg utils'" | tee -a $RUNTIME_AREA/$repo
echo "StageOutSE = storm-se-01.ba.infn.it" >> $RUNTIME_AREA/$repo

export StageOutExitStatus=0
echo "StageOutExitStatus = 0" | tee -a $RUNTIME_AREA/$repo
-------- end of /home/cms010/home_cream_839322261/CREAM839322261/glide_P0HqhN/execute/dir_19710/cmscpReport.sh 
Report for File: /home/cms010/home_cream_839322261/CREAM839322261/glide_P0HqhN/execute/dir_19710/CMSSW_6_2_0_SLHC12/validationEDM_20_1_tHw.root
LFN: /store/user/calabria/calabria_SingleMuPt100_GEN-SIM-DIGI-RECO_CMSSW_6_2_0_SLHC12_2023Scenario_Case5/calabria_MuMinus100_GEN-SIM-DIGI-RECO_CMSSW_6_2_0_SLHC12_2023Scenario_VALNOPU2_Case5/5854dd31cbd3cdec44c48628cc181cf0/validationEDM_20_1_tHw.root
StorageElement: storm-se-01.ba.infn.it
StageOutExitStatusReason = 'Copy succedeed with srm-lcg utils'
StageOutExitStatus = 0
>>> current dir: /home/cms010/home_cream_839322261/CREAM839322261/glide_P0HqhN/execute/dir_19710
>>> current dir content:
total 28084
-rw-------  1 cms010 cms     2791 Jun 18 00:41 .SEinteraction.log
-rwx------  1 cms010 cms     6846 Jun 18 00:36 .job.ad
-rwx------  1 cms010 cms     9464 Jun 18 00:36 .machine.ad
-rw-------  1 cms010 cms      105 Jun 16 20:53 CMSSW.py
-rw-------  1 cms010 cms  3740311 Jun 16 20:53 CMSSW.py.pkl
-rwx------  1 cms010 cms    29569 Jun 18 00:36 CMSSW.sh
drwxr-xr-x 15 cms010 cms     4096 Jun 18 00:41 CMSSW_6_2_0_SLHC12
-rw-------  1 cms010 cms      220 Jun 18 00:36 CacheEnv.sh
-rw-------  1 cms010 cms     7291 Apr  4 11:04 DashboardAPI.py
-rw-------  1 cms010 cms     6815 Jun 18 00:36 DashboardAPI.pyc
drwx------  2 cms010 cms     4096 Jun 18 00:41 IMProv
-rw-------  1 cms010 cms     2748 Apr  4 11:04 Logger.py
-rw-------  1 cms010 cms     3347 Jun 18 00:36 Logger.pyc
-rw-------  1 cms010 cms    24524 Apr  4 11:04 ProcInfo.py
-rw-------  1 cms010 cms    23197 Jun 18 00:36 ProcInfo.pyc
drwx------  7 cms010 cms     4096 Jun 18 00:36 ProdCommon
drwx------  3 cms010 cms     4096 Jun 18 00:36 WMCore
-rw-------  1 cms010 cms     2118 Jun 18 00:41 Watchdog_20.log
-rwx------  1 cms010 cms        0 Jun 18 00:36 _condor_stderr
-rwx---r--  1 cms010 cms    29554 Jun 18 00:41 _condor_stdout
-rw-------  1 cms010 cms    32895 Apr  4 11:04 apmon.py
-rw-------  1 cms010 cms    28625 Jun 18 00:36 apmon.pyc
-rwx------  1 cms010 cms    54238 Jun 18 00:36 arguments.xml
-rwx------  1 cms010 cms    38515 Apr  4 11:04 cmscp.py
-rw-------  1 cms010 cms      720 Jun 18 00:41 cmscpReport.sh
-rwx------  1 cms010 cms    29569 Jun 18 00:36 condor_exec.exe
-rw-------  1 cms010 cms      963 Jun 16 20:53 crab.cfg
-rwx------  1 cms010 cms     8610 Apr  4 11:04 crabWatchdog.sh
-rwx---r--  1 cms010 cms   523351 Jun 18 00:40 crab_fjr_20.xml
-rwx------  1 cms010 cms 23962355 Jun 18 00:36 default.tgz
-rwx------  1 cms010 cms     4488 Apr  4 11:04 fillCrabFjr.py
-rw-------  1 cms010 cms     2651 Jun 18 00:36 inputsReport.txt
-rw-------  1 cms010 cms      264 Jun 18 00:41 jobreport.txt
-rw-------  1 cms010 cms    17352 Apr  4 11:04 parseCrabFjr.py
-rw-------  1 cms010 cms      337 Jun 18 00:36 report.log
-rwx--x--x  1 cms010 cms     1497 Apr  4 11:04 report.py
-rw-------  1 cms010 cms      776 Jun 18 00:41 resultCopyFile
lrwxrwxrwx  1 cms010 cms      126 Jun 18 00:41 validationEDM.root -> /home/cms010/home_cream_839322261/CREAM839322261/glide_P0HqhN/execute/dir_19710/CMSSW_6_2_0_SLHC12/validationEDM_20_1_tHw.root
-rwx------  1 cms010 cms     8387 Apr  4 11:04 writeCfg.py
-rw-------  1 cms010 cms     8010 Jun 18 00:36 x509up_u50707
>>> Modify Job Report:
CMSSW_VERSION = CMSSW_6_2_0_SLHC12
ProcessedDataset = calabria_MuMinus100_GEN-SIM-DIGI-RECO_CMSSW_6_2_0_SLHC12_2023Scenario_VALNOPU2_Case5
/home/cms010/home_cream_839322261/CREAM839322261/glide_P0HqhN/execute/dir_19710/ProdCommon/FwkJobRep/ModifyJobReport.py fjr /home/cms010/home_cream_839322261/CREAM839322261/glide_P0HqhN/execute/dir_19710/crab_fjr_20.xml json /home/cms010/home_cream_839322261/CREAM839322261/glide_P0HqhN/execute/dir_19710/resultCopyFile n_job 20_1_tHw PrimaryDataset calabria_SingleMuPt100_GEN-SIM-DIGI-RECO_CMSSW_6_2_0_SLHC12_2023Scenario_Case5  ApplicationFamily cmsRun ApplicationName cmsRun cmssw_version CMSSW_6_2_0_SLHC12 psethash 5854dd31cbd3cdec44c48628cc181cf0 UserProcessedDataset calabria-calabria_MuMinus100_GEN-SIM-DIGI-RECO_CMSSW_6_2_0_SLHC12_2023Scenario_VALNOPU2_Case5-5854dd31cbd3cdec44c48628cc181cf0
inputDict =  {u'/home/cms010/home_cream_839322261/CREAM839322261/glide_P0HqhN/execute/dir_19710/CMSSW_6_2_0_SLHC12/validationEDM_20_1_tHw.root': {u'endpoint': u'srm://storm-se-01.ba.infn.it:8444/srm/managerv2?SFN=//cms/store/user/calabria/calabria_SingleMuPt100_GEN-SIM-DIGI-RECO_CMSSW_6_2_0_SLHC12_2023Scenario_Case5/calabria_MuMinus100_GEN-SIM-DIGI-RECO_CMSSW_6_2_0_SLHC12_2023Scenario_VALNOPU2_Case5/5854dd31cbd3cdec44c48628cc181cf0/', u'surl_for_grid': u'', u'reason': u'Copy succedeed with srm-lcg utils', u'erCode': u'0', u'se_name': u'storm-se-01.ba.infn.it', u'for_lfn': u'/store/user/calabria/calabria_SingleMuPt100_GEN-SIM-DIGI-RECO_CMSSW_6_2_0_SLHC12_2023Scenario_Case5/calabria_MuMinus100_GEN-SIM-DIGI-RECO_CMSSW_6_2_0_SLHC12_2023Scenario_VALNOPU2_Case5/5854dd31cbd3cdec44c48628cc181cf0/'}}
UserProcessedDataset =  calabria-calabria_MuMinus100_GEN-SIM-DIGI-RECO_CMSSW_6_2_0_SLHC12_2023Scenario_VALNOPU2_Case5-5854dd31cbd3cdec44c48628cc181cf0
file_name in inputDict =  /home/cms010/home_cream_839322261/CREAM839322261/glide_P0HqhN/execute/dir_19710/CMSSW_6_2_0_SLHC12/validationEDM_20_1_tHw.root
(size) os.stat(filename)[6] =  2921583
checksum =  347492128
    file =  validationEDM_20_1_tHw.root
    newPfn =  srm://storm-se-01.ba.infn.it:8444/srm/managerv2?SFN=//cms/store/user/calabria/calabria_SingleMuPt100_GEN-SIM-DIGI-RECO_CMSSW_6_2_0_SLHC12_2023Scenario_Case5/calabria_MuMinus100_GEN-SIM-DIGI-RECO_CMSSW_6_2_0_SLHC12_2023Scenario_VALNOPU2_Case5/5854dd31cbd3cdec44c48628cc181cf0/validationEDM_20_1_tHw.root
    newLfn =  /store/user/calabria/calabria_SingleMuPt100_GEN-SIM-DIGI-RECO_CMSSW_6_2_0_SLHC12_2023Scenario_Case5/calabria_MuMinus100_GEN-SIM-DIGI-RECO_CMSSW_6_2_0_SLHC12_2023Scenario_VALNOPU2_Case5/5854dd31cbd3cdec44c48628cc181cf0/validationEDM_20_1_tHw.root
>>> crab_fjr_*.xml  permission set to 0704
CrabWrapper EXIT_FUNC entered at Wed Jun 18 00:41:55 CEST 2014   -  Tue Jun 17 22:41:55 UTC 2014
Checking output files:  
will tar file crab_fjr_20.xml in  out_files_20
WARNING: output file CMSSW_20.stdout not found!
WARNING: output file CMSSW_20.stderr not found!
WARNING: output file Watchdog_20.log.gz not found!
>>> padding time: Sleeping the wrapper for 272 seconds
STOPPING WATCHDOG. CrabWatchdog PID is 20701
********** LAST 50 LINES OF WATCHDOG LOG
# RESOURCE USAGE SUMMARY FOR PROCESS ID 19772
USER       PID %CPU %MEM    VSZ   RSS TTY      STAT START   TIME COMMAND
cms010   19772  0.5  0.0   9496  1596 ?        S    00:36   0:00 /bin/sh /home/cms010/home_cream_839322261/CREAM839322261/glide_P0HqhN/execute/dir_19710/condor_exec.exe 20 1
 
# LIMITS USED BY CRAB WATCHDOG:
# RSS  (KBytes)   : 2300000
# VSZ  (KBytes)   : 100000000
# DISK (MBytes)   : 19000
# CPU TIME        : 720h:0m:0s
# WALL CLOCK TIME : 21h:50m:0s
 
# FOLLOWING PRINTOUT TRACKS MAXIMUM VALUES OF RESOURCES USE
# ONE LINE IS PRINTED EACH TIME A MAXIMUM CHANGES
# IF CHANGE WAS IN RSS OR VSZ ALSO PROCID AND COMMAND ARE PRINTED
# THERE IS NO PRINTOUT FOR CPU/WALL TIME INCREASE
 
# TIME			PID	RSS(KB)	VSZ(KB)	Dsk(MB)	tCPU(s)	tWALL(s)	COMMAND
 Jun 18 00:36:34 CEST	10693	1260	106092	0	0	0	sh -c "./glidein_startup.sh" -v std -name v3_0 -entry CMS_T2_IT_Bari_ce4 -clientname UCSD-v1_0.main
 Jun 18 00:36:34 CEST	10704	1772	106492	0	0	0	/bin/bash ./glidein_startup.sh -v std -name v3_0 -entry CMS_T2_IT_Bari_ce4 -clientname UCSD-v1_0.main -schedd
 Jun 18 00:36:34 CEST	19710	8420	106492	0	0	0	condor_starter -f hcc-crabserver.unl.edu        
 Jun 18 00:36:34 CEST	26520	8696	106492	0	0	1	condor_startd -f         
 Jun 18 00:36:34 CEST	---	8696	106492	171	----	----	----
 Jun 18 00:37:35 CEST	23984	701592	978784	171	28	61	cmsRun -j /home/cms010/home_cream_839322261/CREAM839322261/glide_P0HqhN/execute/dir_19710/crab_fjr_20.xml -p pset.py      
 Jun 18 00:37:35 CEST	---	701592	978784	175	----	----	----
 Jun 18 00:38:35 CEST	23984	711544	1009984	175	71	122	cmsRun -j /home/cms010/home_cream_839322261/CREAM839322261/glide_P0HqhN/execute/dir_19710/crab_fjr_20.xml -p pset.py      
 Jun 18 00:39:36 CEST	23984	711544	1016340	175	116	183	cmsRun -j /home/cms010/home_cream_839322261/CREAM839322261/glide_P0HqhN/execute/dir_19710/crab_fjr_20.xml -p pset.py      
 Jun 18 00:40:37 CEST	23984	713184	1022484	175	158	244	cmsRun -j /home/cms010/home_cream_839322261/CREAM839322261/glide_P0HqhN/execute/dir_19710/crab_fjr_20.xml -p pset.py      
 Jun 18 00:41:38 CEST	---	713184	1022484	178	----	----	----
********** WATCHDOG LOG ENDED
ZIPPING WATCHDOG LOG
Disk space used:
du -sh /home/cms010/home_cream_839322261/CREAM839322261/glide_P0HqhN/execute/dir_19710
178M	/home/cms010/home_cream_839322261/CREAM839322261/glide_P0HqhN/execute/dir_19710
Found unusual stdout, rename for OSB
`/home/cms010/home_cream_839322261/CREAM839322261/glide_P0HqhN/execute/dir_19710/_condor_stdout' -> `CMSSW_20.stdout'
Found unusual stderr, rename for OSB
`/home/cms010/home_cream_839322261/CREAM839322261/glide_P0HqhN/execute/dir_19710/_condor_stdout' -> `CMSSW_20.stderr'
crab_fjr_20.xml
CMSSW_20.stdout
CMSSW_20.stderr
Watchdog_20.log.gz
Total Output dimension: 69816
WARNING: output files size limit is set to: 50000000
Total Output dimension 69816 is fine.
JOB_EXIT_STATUS = 0
>>> info for dashboard:
***** Cat /home/cms010/home_cream_839322261/CREAM839322261/glide_P0HqhN/execute/dir_19710/jobreport.txt *****
MonitorJobID=20_https://hcc-crabserver.unl.edu//140616//142014.19
MonitorID=calabria_MuMinus100_Case5_ReReco_ra684q
ExeTime=244
ExeExitCode=0
StageOutExitStatusReason = 'Copy succedeed with srm-lcg utils'
StageOutSE = storm-se-01.ba.infn.it
StageOutExitStatus = 0
CrabUserCpuTime=176.05
CrabSysCpuTime=4.54
CrabCpuPercentage=74%
CrabWrapperTime=600
CrabStageoutTime=48
JobExitCode=0
***** End Cat jobreport *****
Parameters sent to Dashboard.
EXITING at Wed Jun 18 00:46:33 CEST 2014  -  Tue Jun 17 22:46:33 UTC 2014
