This script was generated by crab (version 2.10.5_patch1).
Running /home/cms037/home_cream_888836499/CREAM888836499/glide_iKaaew/execute/dir_9067/condor_exec.exe with 2 positional parameters: 13 1
Today is Wed Jun 18 00:42:43 CEST 2014 - Tue Jun 17 22:42:43 UTC 2014
Job submitted on host pccms130.ba.infn.it
Linux pccms130.ba.infn.it 2.6.32-358.23.2.el6.x86_64 #1 SMP Thu Oct 17 10:27:22 CEST 2013 x86_64 x86_64 x86_64 GNU/Linux
>>> current directory (RUNTIME_AREA): /home/cms037/home_cream_888836499/CREAM888836499/glide_iKaaew/execute/dir_9067
>>> current user: uid=18594(cms037) gid=1399(cms) groups=1399(cms)
>>> directory permission set to 0700
>>> umask set to:  u=rwx,g=,o=
>>> stdout stderr permission set to 0704
>>> voms proxy information:
subject   : /C=IT/O=INFN/OU=Personal Certificate/L=Bari/CN=Cesare Calabria/CN=477126703/CN=1329069473
issuer    : /C=IT/O=INFN/OU=Personal Certificate/L=Bari/CN=Cesare Calabria/CN=477126703
identity  : /C=IT/O=INFN/OU=Personal Certificate/L=Bari/CN=Cesare Calabria
type      : RFC3820 compliant limited proxy
strength  : 1024
path      : /home/cms037/home_cream_888836499/CREAM888836499/glide_iKaaew/execute/dir_9067/x509up_u50707
timeleft  : 23:59:49
key usage : Digital Signature, Key Encipherment, Data Encipherment
=== VO cms extension information ===
VO        : cms
subject   : /C=IT/O=INFN/OU=Personal Certificate/L=Bari/CN=Cesare Calabria
issuer    : /DC=ch/DC=cern/OU=computers/CN=voms.cern.ch
attribute : /cms/Role=NULL/Capability=NULL
attribute : /cms/itcms/Role=NULL/Capability=NULL
timeleft  : 154:41:36
uri       : voms.cern.ch:15002

WNHostName=pccms130.ba.infn.it
>>> tar --no-same-permissions -xf /home/cms037/home_cream_888836499/CREAM888836499/glide_iKaaew/execute/dir_9067/default.tgz :
Successful untar
>>> Include /home/cms037/home_cream_888836499/CREAM888836499/glide_iKaaew/execute/dir_9067 in PYTHONPATH:
strip arguments
env var CRAB_UNIQUE_JOB_ID set to: calabria_MuMinus1000_Case3_ReReco_v184eq_13_1_KKu
out_files_13
>>> list of expected files on output sandbox
output files: crab_fjr_13.xml CMSSW_13.stdout CMSSW_13.stderr Watchdog_13.log.gz
>>> GridFlavour discovery: 
GridFlavour=LCG
>>> SyncSite discovery: 
SyncSite=T2_IT_Bari
>>> SyncCE discovery: 
getting SyncCE from CE_ID
SyncCE=cream-ce-2.ba.infn.it:8443/cream-pbs-cms
>>> info for dashboard:
***** Cat /home/cms037/home_cream_888836499/CREAM888836499/glide_iKaaew/execute/dir_9067/jobreport.txt *****
WNHostName=pccms130.ba.infn.it
MonitorJobID=13_https://submit-6.t2.ucsd.edu//140616//168550.12
SyncGridJobId=https://submit-6.t2.ucsd.edu//140616//168550.12
MonitorID=calabria_MuMinus1000_Case3_ReReco_v184eq
GridFlavour=LCG
SyncSite=T2_IT_Bari
SyncCE=cream-ce-2.ba.infn.it:8443/cream-pbs-cms
***** End Cat jobreport *****
Parameters sent to Dashboard.
>>> setup environment
set SCRAM ARCH to slc5_amd64_gcc472
SCRAM_ARCH = slc5_amd64_gcc472
>>> setup CMS LCG environment:
set SCRAM ARCH and BUILD_ARCH to slc5_amd64_gcc472 ###
Sourcing environment... 
sourcing /cvmfs/cms.cern.ch/cmsset_default.sh
==> setup cms environment ok
>>> specific cmssw setup environment:
CMSSW_VERSION =  CMSSW_6_2_0_SLHC12
>>> current directory (SOFTWARE_DIR): /home/cms037/home_cream_888836499/CREAM888836499/glide_iKaaew/execute/dir_9067/CMSSW_6_2_0_SLHC12
PreserveSeeds: <>
IncrementSeeds:<>
>>> info for dashboard:
***** Cat /home/cms037/home_cream_888836499/CREAM888836499/glide_iKaaew/execute/dir_9067/jobreport.txt *****
MonitorJobID=13_https://submit-6.t2.ucsd.edu//140616//168550.12
MonitorID=calabria_MuMinus1000_Case3_ReReco_v184eq
***** End Cat jobreport *****
Parameters sent to Dashboard.
crabWatchdog started as process 9320
>>> moving CMSSW software directories in /home/cms037/home_cream_888836499/CREAM888836499/glide_iKaaew/execute/dir_9067/CMSSW_6_2_0_SLHC12
mv: cannot stat `/home/cms037/home_cream_888836499/CREAM888836499/glide_iKaaew/execute/dir_9067/module/': No such file or directory
>>> Include /home/cms037/home_cream_888836499/CREAM888836499/glide_iKaaew/execute/dir_9067 in PYTHONPATH:
PYTHONPATH=/home/cms037/home_cream_888836499/CREAM888836499/glide_iKaaew/execute/dir_9067/:/home/cms037/home_cream_888836499/CREAM888836499/glide_iKaaew/execute/dir_9067/CMSSW_6_2_0_SLHC12/python:/home/cms037/home_cream_888836499/CREAM888836499/glide_iKaaew/execute/dir_9067/CMSSW_6_2_0_SLHC12/lib/slc5_amd64_gcc472:/cvmfs/cms.cern.ch/slc5_amd64_gcc472/cms/cmssw/CMSSW_6_2_0_SLHC12/python:/cvmfs/cms.cern.ch/slc5_amd64_gcc472/cms/cmssw/CMSSW_6_2_0_SLHC12/lib/slc5_amd64_gcc472:/cvmfs/cms.cern.ch/slc5_amd64_gcc472/cms/coral/CORAL_2_3_21-cms36/slc5_amd64_gcc472/python:/cvmfs/cms.cern.ch/slc5_amd64_gcc472/cms/coral/CORAL_2_3_21-cms36/slc5_amd64_gcc472/lib:/cvmfs/cms.cern.ch/slc5_amd64_gcc472/external/pyqt/4.8.1-cms6/lib/python2.7/site-packages:/cvmfs/cms.cern.ch/slc5_amd64_gcc472/external/py2-scipy/0.8.0-cms8/lib/python2.7/site-packages:/cvmfs/cms.cern.ch/slc5_amd64_gcc472/external/py2-matplotlib/1.0.1-cms8/lib/python2.7/site-packages:/cvmfs/cms.cern.ch/slc5_amd64_gcc472/external/python-ldap/2.3.5-cms6/lib/python2.7/site-packages:/cvmfs/cms.cern.ch/slc5_amd64_gcc472/external/sip/4.11.2-cms6/lib/python2.7/site-packages:/cvmfs/cms.cern.ch/slc5_amd64_gcc472/external/py2-pycurl/7.19.0-cms8/lib/python2.7/site-packages:/cvmfs/cms.cern.ch/slc5_amd64_gcc472/external/py2-numpy/1.6.1-cms8/lib/python2.7/site-packages:/cvmfs/cms.cern.ch/slc5_amd64_gcc472/external/py2-lint/0.25.1-cms6/lib/python2.7/site-packages:/cvmfs/cms.cern.ch/slc5_amd64_gcc472/external/py2-ipython/0.10-cms6/lib/python2.7/site-packages:/cvmfs/cms.cern.ch/slc5_amd64_gcc472/external/py2-cx-oracle/5.1-cms7/lib/python2.7/site-packages:/cvmfs/cms.cern.ch/slc5_amd64_gcc472/external/py2-cjson/1.0.5-cms6/lib/python2.7/site-packages:/cvmfs/cms.cern.ch/slc5_amd64_gcc472/cms/das-client/1.11.7/bin:/cvmfs/cms.cern.ch/slc5_amd64_gcc472/external/elementtree/1.2.6-cms6/share/lib/python2.7/site-packages:/cvmfs/cms.cern.ch/slc5_amd64_gcc472/external/rivet/1.8.2-cms8/lib/python2.7/site-packages:/cvmfs/cms.cern.ch/slc5_amd64_gcc472/external/pyminuit2/0.0.1-cms19/lib/python2.7/site-packages:/cvmfs/cms.cern.ch/slc5_amd64_gcc472/external/py2-pygithub/1.23.0/lib/python2.7/site-packages:/cvmfs/cms.cern.ch/slc5_amd64_gcc472/external/professor/1.0.0-cms19/lib/python2.7/site-packages:/cvmfs/cms.cern.ch/slc5_amd64_gcc472/lcg/root/5.34.07-cms/lib:/cvmfs/cms.cern.ch/slc5_amd64_gcc472/cms/dbs-client/DBS_2_1_9-cms5/lib:/cvmfs/cms.cern.ch/slc5_amd64_gcc472/cms/dbs-client/DBS_2_1_9-cms5/lib/DBSAPI:/cvmfs/cms.cern.ch/slc5_amd64_gcc472/external/cvs2git/5419-cms/lib:/home/cms037/home_cream_888836499/CREAM888836499/glide_iKaaew/execute/dir_9067/
 
# LIMITS USED BY CRAB WATCHDOG:
# RSS  (KBytes)   : 2300000
# VSZ  (KBytes)   : 100000000
# DISK (MBytes)   : 19000
# CPU TIME        : 720h:0m:0s
# WALL CLOCK TIME : 21h:50m:0s
 
5854dd31cbd3cdec44c48628cc181cf0
PSETHASH = 5854dd31cbd3cdec44c48628cc181cf0
/home/cms037/home_cream_888836499/CREAM888836499/glide_iKaaew/execute/dir_9067/writeCfg.py pset.py pset.py
Importing .py file
Setting parameters
RandomNumberGeneratorService found, will attempt to change seeds
inputBlocks=/calabria_SingleMuPt1000_GEN-SIM-DIGI-RECO_CMSSW_6_2_0_SLHC12_2023Scenario_Case3/calabria-calabria_SingleMuPt1000_GEN-SIM-DIGI-RECO_CMSSW_6_2_0_SLHC12_2023Scenario_Case3-fa5ffd20b461790f8466430606d05ce8/USER#b12b29bf-6938-4663-ba1a-ef14676ea707
inputFiles=/store/user/calabria/calabria_SingleMuPt1000_GEN-SIM-DIGI-RECO_CMSSW_6_2_0_SLHC12_2023Scenario_Case3/calabria_SingleMuPt1000_GEN-SIM-DIGI-RECO_CMSSW_6_2_0_SLHC12_2023Scenario_Case3/fa5ffd20b461790f8466430606d05ce8/out_reco_481_2_Eur.root;/store/user/calabria/calabria_SingleMuPt1000_GEN-SIM-DIGI-RECO_CMSSW_6_2_0_SLHC12_2023Scenario_Case3/calabria_SingleMuPt1000_GEN-SIM-DIGI-RECO_CMSSW_6_2_0_SLHC12_2023Scenario_Case3/fa5ffd20b461790f8466430606d05ce8/out_reco_483_2_X0N.root;/store/user/calabria/calabria_SingleMuPt1000_GEN-SIM-DIGI-RECO_CMSSW_6_2_0_SLHC12_2023Scenario_Case3/calabria_SingleMuPt1000_GEN-SIM-DIGI-RECO_CMSSW_6_2_0_SLHC12_2023Scenario_Case3/fa5ffd20b461790f8466430606d05ce8/out_reco_485_2_4JA.root;/store/user/calabria/calabria_SingleMuPt1000_GEN-SIM-DIGI-RECO_CMSSW_6_2_0_SLHC12_2023Scenario_Case3/calabria_SingleMuPt1000_GEN-SIM-DIGI-RECO_CMSSW_6_2_0_SLHC12_2023Scenario_Case3/fa5ffd20b461790f8466430606d05ce8/out_reco_486_2_hTa.root
parentFiles=
lumisRange=
>>> Executable cmsRun
/cvmfs/cms.cern.ch/slc5_amd64_gcc472/cms/cmssw/CMSSW_6_2_0_SLHC12/bin/slc5_amd64_gcc472/cmsRun
ok executable found
>>> info for dashboard:
***** Cat /home/cms037/home_cream_888836499/CREAM888836499/glide_iKaaew/execute/dir_9067/jobreport.txt *****
MonitorJobID=13_https://submit-6.t2.ucsd.edu//140616//168550.12
MonitorID=calabria_MuMinus1000_Case3_ReReco_v184eq
ExeStart=cmsRun
***** End Cat jobreport *****
Parameters sent to Dashboard.
>>> cmsRun started at Tue Jun 17 22:43:07 UTC 2014
>>> cmsRun ended at Tue Jun 17 22:46:33 UTC 2014
>>> crab_fjr_*.xml  permission set to 0704
>>> info for dashboard:
***** Cat /home/cms037/home_cream_888836499/CREAM888836499/glide_iKaaew/execute/dir_9067/jobreport.txt *****
MonitorJobID=13_https://submit-6.t2.ucsd.edu//140616//168550.12
MonitorID=calabria_MuMinus1000_Case3_ReReco_v184eq
ExeEnd=cmsRun
***** End Cat jobreport *****
Parameters sent to Dashboard.
TIME_EXE = 206 sec
>>> cmsRun wrote 32 lines of stdout+stderr
>>> START OF printout of 32 lines from stdout+stderr
271 DQMStore::DQMStore 
HcalTopologyIdealEP::HcalTopologyIdealEP
18-Jun-2014 00:43:21 CEST  Initiating request to open file file:/lustre/cms//store/user/calabria/calabria_SingleMuPt1000_GEN-SIM-DIGI-RECO_CMSSW_6_2_0_SLHC12_2023Scenario_Case3/calabria_SingleMuPt1000_GEN-SIM-DIGI-RECO_CMSSW_6_2_0_SLHC12_2023Scenario_Case3/fa5ffd20b461790f8466430606d05ce8/out_reco_481_2_Eur.root
18-Jun-2014 00:43:23 CEST  Successfully opened file file:/lustre/cms//store/user/calabria/calabria_SingleMuPt1000_GEN-SIM-DIGI-RECO_CMSSW_6_2_0_SLHC12_2023Scenario_Case3/calabria_SingleMuPt1000_GEN-SIM-DIGI-RECO_CMSSW_6_2_0_SLHC12_2023Scenario_Case3/fa5ffd20b461790f8466430606d05ce8/out_reco_481_2_Eur.root
18-Jun-2014 00:43:52 CEST  Closed file file:/lustre/cms//store/user/calabria/calabria_SingleMuPt1000_GEN-SIM-DIGI-RECO_CMSSW_6_2_0_SLHC12_2023Scenario_Case3/calabria_SingleMuPt1000_GEN-SIM-DIGI-RECO_CMSSW_6_2_0_SLHC12_2023Scenario_Case3/fa5ffd20b461790f8466430606d05ce8/out_reco_481_2_Eur.root
18-Jun-2014 00:43:52 CEST  Initiating request to open file file:/lustre/cms//store/user/calabria/calabria_SingleMuPt1000_GEN-SIM-DIGI-RECO_CMSSW_6_2_0_SLHC12_2023Scenario_Case3/calabria_SingleMuPt1000_GEN-SIM-DIGI-RECO_CMSSW_6_2_0_SLHC12_2023Scenario_Case3/fa5ffd20b461790f8466430606d05ce8/out_reco_483_2_X0N.root
18-Jun-2014 00:43:52 CEST  Successfully opened file file:/lustre/cms//store/user/calabria/calabria_SingleMuPt1000_GEN-SIM-DIGI-RECO_CMSSW_6_2_0_SLHC12_2023Scenario_Case3/calabria_SingleMuPt1000_GEN-SIM-DIGI-RECO_CMSSW_6_2_0_SLHC12_2023Scenario_Case3/fa5ffd20b461790f8466430606d05ce8/out_reco_483_2_X0N.root
18-Jun-2014 00:44:18 CEST  Closed file file:/lustre/cms//store/user/calabria/calabria_SingleMuPt1000_GEN-SIM-DIGI-RECO_CMSSW_6_2_0_SLHC12_2023Scenario_Case3/calabria_SingleMuPt1000_GEN-SIM-DIGI-RECO_CMSSW_6_2_0_SLHC12_2023Scenario_Case3/fa5ffd20b461790f8466430606d05ce8/out_reco_483_2_X0N.root
18-Jun-2014 00:44:18 CEST  Initiating request to open file file:/lustre/cms//store/user/calabria/calabria_SingleMuPt1000_GEN-SIM-DIGI-RECO_CMSSW_6_2_0_SLHC12_2023Scenario_Case3/calabria_SingleMuPt1000_GEN-SIM-DIGI-RECO_CMSSW_6_2_0_SLHC12_2023Scenario_Case3/fa5ffd20b461790f8466430606d05ce8/out_reco_485_2_4JA.root
18-Jun-2014 00:44:18 CEST  Successfully opened file file:/lustre/cms//store/user/calabria/calabria_SingleMuPt1000_GEN-SIM-DIGI-RECO_CMSSW_6_2_0_SLHC12_2023Scenario_Case3/calabria_SingleMuPt1000_GEN-SIM-DIGI-RECO_CMSSW_6_2_0_SLHC12_2023Scenario_Case3/fa5ffd20b461790f8466430606d05ce8/out_reco_485_2_4JA.root
18-Jun-2014 00:44:43 CEST  Closed file file:/lustre/cms//store/user/calabria/calabria_SingleMuPt1000_GEN-SIM-DIGI-RECO_CMSSW_6_2_0_SLHC12_2023Scenario_Case3/calabria_SingleMuPt1000_GEN-SIM-DIGI-RECO_CMSSW_6_2_0_SLHC12_2023Scenario_Case3/fa5ffd20b461790f8466430606d05ce8/out_reco_485_2_4JA.root
18-Jun-2014 00:44:43 CEST  Initiating request to open file file:/lustre/cms//store/user/calabria/calabria_SingleMuPt1000_GEN-SIM-DIGI-RECO_CMSSW_6_2_0_SLHC12_2023Scenario_Case3/calabria_SingleMuPt1000_GEN-SIM-DIGI-RECO_CMSSW_6_2_0_SLHC12_2023Scenario_Case3/fa5ffd20b461790f8466430606d05ce8/out_reco_486_2_hTa.root
18-Jun-2014 00:44:43 CEST  Successfully opened file file:/lustre/cms//store/user/calabria/calabria_SingleMuPt1000_GEN-SIM-DIGI-RECO_CMSSW_6_2_0_SLHC12_2023Scenario_Case3/calabria_SingleMuPt1000_GEN-SIM-DIGI-RECO_CMSSW_6_2_0_SLHC12_2023Scenario_Case3/fa5ffd20b461790f8466430606d05ce8/out_reco_486_2_hTa.root
18-Jun-2014 00:46:32 CEST  Closed file file:/lustre/cms//store/user/calabria/calabria_SingleMuPt1000_GEN-SIM-DIGI-RECO_CMSSW_6_2_0_SLHC12_2023Scenario_Case3/calabria_SingleMuPt1000_GEN-SIM-DIGI-RECO_CMSSW_6_2_0_SLHC12_2023Scenario_Case3/fa5ffd20b461790f8466430606d05ce8/out_reco_486_2_hTa.root

=============================================

MessageLogger Summary

 type     category        sev    module        subroutine        count    total
 ---- -------------------- -- ---------------- ----------------  -----    -----
    1 fileAction           -s file_close                             4        4
    2 fileAction           -s file_open                              8        8

 type    category    Examples: run/evt        run/evt          run/evt
 ---- -------------------- ---------------- ---------------- ----------------
    1 fileAction           PostProcessEvent PostProcessEvent PostEndRun
    2 fileAction           pre-events       pre-events       PostProcessEvent

Severity    # Occurrences   Total Occurrences
--------    -------------   -----------------
System                 12                  12
>>> END OF printout of 32 lines from stdout+stderr
>>> Parse FrameworkJobReport crab_fjr.xml
Result of parsing the FrameworkJobReport crab_fjr.xml: Popularity start
lumisRange : 1::::1;1::::2;1::::3;1::::4;
lumisParentRange : 
Basename : /store/user/calabria/calabria_SingleMuPt1000_GEN-SIM-DIGI-RECO_CMSSW_6_2_0_SLHC12_2023Scenario_Case3/calabria_SingleMuPt1000_GEN-SIM-DIGI-RECO_CMSSW_6_2_0_SLHC12_2023Scenario_Case3/fa5ffd20b461790f8466430606d05ce8/out_reco_48
BasenameParent : 
parentFiles : 
inputBlocks : /calabria_SingleMuPt1000_GEN-SIM-DIGI-RECO_CMSSW_6_2_0_SLHC12_2023Scenario_Case3/calabria-calabria_SingleMuPt1000_GEN-SIM-DIGI-RECO_CMSSW_6_2_0_SLHC12_2023Scenario_Case3-fa5ffd20b461790f8466430606d05ce8/USER#b12b29bf-6938-4663-ba1a-ef14676ea707
inputFiles : 6_2_hTa.root::1::EDM::Local::1;5_2_4JA.root::1::EDM::Local::2;1_2_Eur.root::1::EDM::Local::3;3_2_X0N.root::1::EDM::Local::4;
Popularity stop
Extracted ExitStatus from FrameworkJobReport parsing output: 0
>>> Executable succeded  0
ExeExitCode=0
EXECUTABLE_EXIT_STATUS = 0
>>> current directory /home/cms037/home_cream_888836499/CREAM888836499/glide_iKaaew/execute/dir_9067/CMSSW_6_2_0_SLHC12
>>>  (SOFTWARE_DIR): /home/cms037/home_cream_888836499/CREAM888836499/glide_iKaaew/execute/dir_9067/CMSSW_6_2_0_SLHC12
>>> (WORKING_DIR): 
>>> current directory content:
total 10472
drwxr-xr-x 3 cms037 cms    4096 Jun 18 00:42 .SCRAM
-rw------- 1 cms037 cms 3740362 Jun 18 00:42 CMSSW.py.pkl
drwxr-xr-x 3 cms037 cms    4096 Jun 18 00:42 bin
drwxr-xr-x 3 cms037 cms    4096 Jun 18 00:42 cfipython
drwxr-xr-x 4 cms037 cms    4096 Jun 18 00:42 config
-rw------- 1 cms037 cms      16 Jun 18 00:46 cpu_timing.txt
drwxr-xr-x 2 cms037 cms    4096 Jun 18 00:42 doc
-rw------- 1 cms037 cms    4555 Jun 18 00:46 executable.out
drwxr-xr-x 2 cms037 cms    4096 Jun 18 00:42 include
drwx------ 3 cms037 cms    4096 Apr 28 18:12 lib
drwxr-xr-x 3 cms037 cms    4096 Jun 18 00:42 logs
drwxr-xr-x 3 cms037 cms    4096 Jun 18 00:42 objs
-rw------- 1 cms037 cms     104 Jun 18 00:42 pset.py
-rw------- 1 cms037 cms 3710847 Jun 18 00:43 pset.py.pkl
-rw------- 1 cms037 cms     289 Jun 18 00:42 pset.pyc
drwxr-xr-x 2 cms037 cms    4096 Jun 18 00:42 python
-rw------- 1 cms037 cms     416 Jun 18 00:46 report.log
drwx------ 6 cms037 cms    4096 Jun 18 00:42 src
drwxr-xr-x 3 cms037 cms    4096 Jun 18 00:42 test
drwxr-xr-x 3 cms037 cms    4096 Jun 18 00:42 tmp
-rw------- 1 cms037 cms 3175926 Jun 18 00:46 validationEDM.root
>>> current directory /home/cms037/home_cream_888836499/CREAM888836499/glide_iKaaew/execute/dir_9067/CMSSW_6_2_0_SLHC12
>>> (SOFTWARE_DIR): /home/cms037/home_cream_888836499/CREAM888836499/glide_iKaaew/execute/dir_9067/CMSSW_6_2_0_SLHC12
>>> (WORKING_DIR): 
>>> current directory content:
total 10472
drwxr-xr-x 3 cms037 cms    4096 Jun 18 00:42 .SCRAM
-rw------- 1 cms037 cms 3740362 Jun 18 00:42 CMSSW.py.pkl
drwxr-xr-x 3 cms037 cms    4096 Jun 18 00:42 bin
drwxr-xr-x 3 cms037 cms    4096 Jun 18 00:42 cfipython
drwxr-xr-x 4 cms037 cms    4096 Jun 18 00:42 config
-rw------- 1 cms037 cms      16 Jun 18 00:46 cpu_timing.txt
drwxr-xr-x 2 cms037 cms    4096 Jun 18 00:42 doc
-rw------- 1 cms037 cms    4555 Jun 18 00:46 executable.out
drwxr-xr-x 2 cms037 cms    4096 Jun 18 00:42 include
drwx------ 3 cms037 cms    4096 Apr 28 18:12 lib
drwxr-xr-x 3 cms037 cms    4096 Jun 18 00:42 logs
drwxr-xr-x 3 cms037 cms    4096 Jun 18 00:42 objs
-rw------- 1 cms037 cms     104 Jun 18 00:42 pset.py
-rw------- 1 cms037 cms 3710847 Jun 18 00:43 pset.py.pkl
-rw------- 1 cms037 cms     289 Jun 18 00:42 pset.pyc
drwxr-xr-x 2 cms037 cms    4096 Jun 18 00:42 python
-rw------- 1 cms037 cms     416 Jun 18 00:46 report.log
drwx------ 6 cms037 cms    4096 Jun 18 00:42 src
drwxr-xr-x 3 cms037 cms    4096 Jun 18 00:42 test
drwxr-xr-x 3 cms037 cms    4096 Jun 18 00:42 tmp
-rw------- 1 cms037 cms 3175926 Jun 18 00:46 validationEDM_13_1_KKu.root
>>> current directory (RUNTIME_AREA):  /home/cms037/home_cream_888836499/CREAM888836499/glide_iKaaew/execute/dir_9067
SE = storm-se-01.ba.infn.it
SE_PATH = /srm/managerv2?SFN=//cms/store/user/calabria/calabria_SingleMuPt1000_GEN-SIM-DIGI-RECO_CMSSW_6_2_0_SLHC12_2023Scenario_Case3/calabria_MuMinus1000_GEN-SIM-DIGI-RECO_CMSSW_6_2_0_SLHC12_2023Scenario_VALNOPU2_Case3/5854dd31cbd3cdec44c48628cc181cf0/
LFNBaseName = /store/user/calabria/calabria_SingleMuPt1000_GEN-SIM-DIGI-RECO_CMSSW_6_2_0_SLHC12_2023Scenario_Case3/calabria_MuMinus1000_GEN-SIM-DIGI-RECO_CMSSW_6_2_0_SLHC12_2023Scenario_VALNOPU2_Case3/5854dd31cbd3cdec44c48628cc181cf0/
USER = calabria
endpoint = srm://storm-se-01.ba.infn.it:8444/srm/managerv2?SFN=//cms/store/user/calabria/calabria_SingleMuPt1000_GEN-SIM-DIGI-RECO_CMSSW_6_2_0_SLHC12_2023Scenario_Case3/calabria_MuMinus1000_GEN-SIM-DIGI-RECO_CMSSW_6_2_0_SLHC12_2023Scenario_VALNOPU2_Case3/5854dd31cbd3cdec44c48628cc181cf0/
>>> Copy output files from WN = pccms130.ba.infn.it to /srm/managerv2?SFN=//cms/store/user/calabria/calabria_SingleMuPt1000_GEN-SIM-DIGI-RECO_CMSSW_6_2_0_SLHC12_2023Scenario_Case3/calabria_MuMinus1000_GEN-SIM-DIGI-RECO_CMSSW_6_2_0_SLHC12_2023Scenario_VALNOPU2_Case3/5854dd31cbd3cdec44c48628cc181cf0/ :
python cmscp.py  --destination srm://storm-se-01.ba.infn.it:8444/srm/managerv2?SFN=//cms/store/user/calabria/calabria_SingleMuPt1000_GEN-SIM-DIGI-RECO_CMSSW_6_2_0_SLHC12_2023Scenario_Case3/calabria_MuMinus1000_GEN-SIM-DIGI-RECO_CMSSW_6_2_0_SLHC12_2023Scenario_VALNOPU2_Case3/5854dd31cbd3cdec44c48628cc181cf0/ --inputFileList /home/cms037/home_cream_888836499/CREAM888836499/glide_iKaaew/execute/dir_9067/CMSSW_6_2_0_SLHC12/validationEDM_13_1_KKu.root --middleware LCG --se_name storm-se-01.ba.infn.it --for_lfn /store/user/calabria/calabria_SingleMuPt1000_GEN-SIM-DIGI-RECO_CMSSW_6_2_0_SLHC12_2023Scenario_Case3/calabria_MuMinus1000_GEN-SIM-DIGI-RECO_CMSSW_6_2_0_SLHC12_2023Scenario_VALNOPU2_Case3/5854dd31cbd3cdec44c48628cc181cf0/    
******************************************************
localSeName  =  storm-se-01.ba.infn.it
remoteSeName =  storm-se-01.ba.infn.it
******************************************************
{"/home/cms037/home_cream_888836499/CREAM888836499/glide_iKaaew/execute/dir_9067/CMSSW_6_2_0_SLHC12/validationEDM_13_1_KKu.root": {"endpoint": "srm://storm-se-01.ba.infn.it:8444/srm/managerv2?SFN=//cms/store/user/calabria/calabria_SingleMuPt1000_GEN-SIM-DIGI-RECO_CMSSW_6_2_0_SLHC12_2023Scenario_Case3/calabria_MuMinus1000_GEN-SIM-DIGI-RECO_CMSSW_6_2_0_SLHC12_2023Scenario_VALNOPU2_Case3/5854dd31cbd3cdec44c48628cc181cf0/", "surl_for_grid": "", "reason": "Copy succedeed with srm-lcg utils", "erCode": "0", "se_name": "storm-se-01.ba.infn.it", "for_lfn": "/store/user/calabria/calabria_SingleMuPt1000_GEN-SIM-DIGI-RECO_CMSSW_6_2_0_SLHC12_2023Scenario_Case3/calabria_MuMinus1000_GEN-SIM-DIGI-RECO_CMSSW_6_2_0_SLHC12_2023Scenario_VALNOPU2_Case3/5854dd31cbd3cdec44c48628cc181cf0/"}}/home/cms037/home_cream_888836499/CREAM888836499/glide_iKaaew/execute/dir_9067
-------- cat /home/cms037/home_cream_888836499/CREAM888836499/glide_iKaaew/execute/dir_9067/cmscpReport.sh 
#!/bin/bash
echo "Report for File: /home/cms037/home_cream_888836499/CREAM888836499/glide_iKaaew/execute/dir_9067/CMSSW_6_2_0_SLHC12/validationEDM_13_1_KKu.root"
echo "LFN: /store/user/calabria/calabria_SingleMuPt1000_GEN-SIM-DIGI-RECO_CMSSW_6_2_0_SLHC12_2023Scenario_Case3/calabria_MuMinus1000_GEN-SIM-DIGI-RECO_CMSSW_6_2_0_SLHC12_2023Scenario_VALNOPU2_Case3/5854dd31cbd3cdec44c48628cc181cf0/validationEDM_13_1_KKu.root"
echo "StorageElement: storm-se-01.ba.infn.it"
echo "StageOutExitStatusReason = 'Copy succedeed with srm-lcg utils'" | tee -a $RUNTIME_AREA/$repo
echo "StageOutSE = storm-se-01.ba.infn.it" >> $RUNTIME_AREA/$repo

export StageOutExitStatus=0
echo "StageOutExitStatus = 0" | tee -a $RUNTIME_AREA/$repo
-------- end of /home/cms037/home_cream_888836499/CREAM888836499/glide_iKaaew/execute/dir_9067/cmscpReport.sh 
Report for File: /home/cms037/home_cream_888836499/CREAM888836499/glide_iKaaew/execute/dir_9067/CMSSW_6_2_0_SLHC12/validationEDM_13_1_KKu.root
LFN: /store/user/calabria/calabria_SingleMuPt1000_GEN-SIM-DIGI-RECO_CMSSW_6_2_0_SLHC12_2023Scenario_Case3/calabria_MuMinus1000_GEN-SIM-DIGI-RECO_CMSSW_6_2_0_SLHC12_2023Scenario_VALNOPU2_Case3/5854dd31cbd3cdec44c48628cc181cf0/validationEDM_13_1_KKu.root
StorageElement: storm-se-01.ba.infn.it
StageOutExitStatusReason = 'Copy succedeed with srm-lcg utils'
StageOutExitStatus = 0
>>> current dir: /home/cms037/home_cream_888836499/CREAM888836499/glide_iKaaew/execute/dir_9067
>>> current dir content:
total 27772
-rw-------  1 cms037 cms     2794 Jun 18 00:47 .SEinteraction.log
-rwx------  1 cms037 cms     6875 Jun 18 00:42 .job.ad
-rwx------  1 cms037 cms     9315 Jun 18 00:42 .machine.ad
-rw-------  1 cms037 cms      105 Jun 16 20:45 CMSSW.py
-rw-------  1 cms037 cms  3740362 Jun 16 20:45 CMSSW.py.pkl
-rwx------  1 cms037 cms    29582 Jun 18 00:42 CMSSW.sh
drwxr-xr-x 15 cms037 cms     4096 Jun 18 00:46 CMSSW_6_2_0_SLHC12
-rw-------  1 cms037 cms      219 Jun 18 00:42 CacheEnv.sh
-rw-------  1 cms037 cms     7291 Apr  4 11:04 DashboardAPI.py
-rw-------  1 cms037 cms     6800 Jun 18 00:42 DashboardAPI.pyc
drwx------  2 cms037 cms     4096 Jun 18 00:46 IMProv
-rw-------  1 cms037 cms     2748 Apr  4 11:04 Logger.py
-rw-------  1 cms037 cms     3342 Jun 18 00:42 Logger.pyc
-rw-------  1 cms037 cms    24524 Apr  4 11:04 ProcInfo.py
-rw-------  1 cms037 cms    23173 Jun 18 00:42 ProcInfo.pyc
drwx------  7 cms037 cms     4096 Jun 18 00:42 ProdCommon
drwx------  3 cms037 cms     4096 Jun 18 00:42 WMCore
-rw-------  1 cms037 cms     2315 Jun 18 00:46 Watchdog_13.log
-rwx------  1 cms037 cms        0 Jun 18 00:42 _condor_stderr
-rwx---r--  1 cms037 cms    22451 Jun 18 00:47 _condor_stdout
-rw-------  1 cms037 cms    32895 Apr  4 11:04 apmon.py
-rw-------  1 cms037 cms    28596 Jun 18 00:42 apmon.pyc
-rwx------  1 cms037 cms    54971 Jun 18 00:42 arguments.xml
-rwx------  1 cms037 cms    38515 Apr  4 11:04 cmscp.py
-rw-------  1 cms037 cms      721 Jun 18 00:47 cmscpReport.sh
-rwx------  1 cms037 cms    29582 Jun 18 00:42 condor_exec.exe
-rw-------  1 cms037 cms      968 Jun 16 20:45 crab.cfg
-rwx------  1 cms037 cms     8610 Apr  4 11:04 crabWatchdog.sh
-rwx---r--  1 cms037 cms   216745 Jun 18 00:46 crab_fjr_13.xml
-rwx------  1 cms037 cms 23959009 Jun 18 00:42 default.tgz
-rwx------  1 cms037 cms     4488 Apr  4 11:04 fillCrabFjr.py
-rw-------  1 cms037 cms     1245 Jun 18 00:42 inputsReport.txt
-rw-------  1 cms037 cms      263 Jun 18 00:47 jobreport.txt
-rw-------  1 cms037 cms    17352 Apr  4 11:04 parseCrabFjr.py
-rw-------  1 cms037 cms      331 Jun 18 00:42 report.log
-rwx--x--x  1 cms037 cms     1497 Apr  4 11:04 report.py
-rw-------  1 cms037 cms      779 Jun 18 00:47 resultCopyFile
lrwxrwxrwx  1 cms037 cms      125 Jun 18 00:46 validationEDM.root -> /home/cms037/home_cream_888836499/CREAM888836499/glide_iKaaew/execute/dir_9067/CMSSW_6_2_0_SLHC12/validationEDM_13_1_KKu.root
-rwx------  1 cms037 cms     8387 Apr  4 11:04 writeCfg.py
-rw-------  1 cms037 cms     8014 Jun 18 00:42 x509up_u50707
>>> Modify Job Report:
CMSSW_VERSION = CMSSW_6_2_0_SLHC12
ProcessedDataset = calabria_MuMinus1000_GEN-SIM-DIGI-RECO_CMSSW_6_2_0_SLHC12_2023Scenario_VALNOPU2_Case3
/home/cms037/home_cream_888836499/CREAM888836499/glide_iKaaew/execute/dir_9067/ProdCommon/FwkJobRep/ModifyJobReport.py fjr /home/cms037/home_cream_888836499/CREAM888836499/glide_iKaaew/execute/dir_9067/crab_fjr_13.xml json /home/cms037/home_cream_888836499/CREAM888836499/glide_iKaaew/execute/dir_9067/resultCopyFile n_job 13_1_KKu PrimaryDataset calabria_SingleMuPt1000_GEN-SIM-DIGI-RECO_CMSSW_6_2_0_SLHC12_2023Scenario_Case3  ApplicationFamily cmsRun ApplicationName cmsRun cmssw_version CMSSW_6_2_0_SLHC12 psethash 5854dd31cbd3cdec44c48628cc181cf0 UserProcessedDataset calabria-calabria_MuMinus1000_GEN-SIM-DIGI-RECO_CMSSW_6_2_0_SLHC12_2023Scenario_VALNOPU2_Case3-5854dd31cbd3cdec44c48628cc181cf0
inputDict =  {u'/home/cms037/home_cream_888836499/CREAM888836499/glide_iKaaew/execute/dir_9067/CMSSW_6_2_0_SLHC12/validationEDM_13_1_KKu.root': {u'endpoint': u'srm://storm-se-01.ba.infn.it:8444/srm/managerv2?SFN=//cms/store/user/calabria/calabria_SingleMuPt1000_GEN-SIM-DIGI-RECO_CMSSW_6_2_0_SLHC12_2023Scenario_Case3/calabria_MuMinus1000_GEN-SIM-DIGI-RECO_CMSSW_6_2_0_SLHC12_2023Scenario_VALNOPU2_Case3/5854dd31cbd3cdec44c48628cc181cf0/', u'surl_for_grid': u'', u'reason': u'Copy succedeed with srm-lcg utils', u'erCode': u'0', u'se_name': u'storm-se-01.ba.infn.it', u'for_lfn': u'/store/user/calabria/calabria_SingleMuPt1000_GEN-SIM-DIGI-RECO_CMSSW_6_2_0_SLHC12_2023Scenario_Case3/calabria_MuMinus1000_GEN-SIM-DIGI-RECO_CMSSW_6_2_0_SLHC12_2023Scenario_VALNOPU2_Case3/5854dd31cbd3cdec44c48628cc181cf0/'}}
UserProcessedDataset =  calabria-calabria_MuMinus1000_GEN-SIM-DIGI-RECO_CMSSW_6_2_0_SLHC12_2023Scenario_VALNOPU2_Case3-5854dd31cbd3cdec44c48628cc181cf0
file_name in inputDict =  /home/cms037/home_cream_888836499/CREAM888836499/glide_iKaaew/execute/dir_9067/CMSSW_6_2_0_SLHC12/validationEDM_13_1_KKu.root
(size) os.stat(filename)[6] =  3175926
checksum =  4035954828
    file =  validationEDM_13_1_KKu.root
    newPfn =  srm://storm-se-01.ba.infn.it:8444/srm/managerv2?SFN=//cms/store/user/calabria/calabria_SingleMuPt1000_GEN-SIM-DIGI-RECO_CMSSW_6_2_0_SLHC12_2023Scenario_Case3/calabria_MuMinus1000_GEN-SIM-DIGI-RECO_CMSSW_6_2_0_SLHC12_2023Scenario_VALNOPU2_Case3/5854dd31cbd3cdec44c48628cc181cf0/validationEDM_13_1_KKu.root
    newLfn =  /store/user/calabria/calabria_SingleMuPt1000_GEN-SIM-DIGI-RECO_CMSSW_6_2_0_SLHC12_2023Scenario_Case3/calabria_MuMinus1000_GEN-SIM-DIGI-RECO_CMSSW_6_2_0_SLHC12_2023Scenario_VALNOPU2_Case3/5854dd31cbd3cdec44c48628cc181cf0/validationEDM_13_1_KKu.root
>>> crab_fjr_*.xml  permission set to 0704
CrabWrapper EXIT_FUNC entered at Wed Jun 18 00:47:27 CEST 2014   -  Tue Jun 17 22:47:27 UTC 2014
Checking output files:  
will tar file crab_fjr_13.xml in  out_files_13
WARNING: output file CMSSW_13.stdout not found!
WARNING: output file CMSSW_13.stderr not found!
WARNING: output file Watchdog_13.log.gz not found!
>>> padding time: Sleeping the wrapper for 317 seconds
STOPPING WATCHDOG. CrabWatchdog PID is 9320
********** LAST 50 LINES OF WATCHDOG LOG
# RESOURCE USAGE SUMMARY FOR PROCESS ID  9133
USER       PID %CPU %MEM    VSZ   RSS TTY      STAT START   TIME COMMAND
cms037    9133  0.6  0.0   9496  1592 ?        S    00:42   0:00 /bin/sh /home/cms037/home_cream_888836499/CREAM888836499/glide_iKaaew/execute/dir_9067/condor_exec.exe 13 1
 
# LIMITS USED BY CRAB WATCHDOG:
# RSS  (KBytes)   : 2300000
# VSZ  (KBytes)   : 100000000
# DISK (MBytes)   : 19000
# CPU TIME        : 720h:0m:0s
# WALL CLOCK TIME : 21h:50m:0s
 
# FOLLOWING PRINTOUT TRACKS MAXIMUM VALUES OF RESOURCES USE
# ONE LINE IS PRINTED EACH TIME A MAXIMUM CHANGES
# IF CHANGE WAS IN RSS OR VSZ ALSO PROCID AND COMMAND ARE PRINTED
# THERE IS NO PRINTOUT FOR CPU/WALL TIME INCREASE
 
# TIME			PID	RSS(KB)	VSZ(KB)	Dsk(MB)	tCPU(s)	tWALL(s)	COMMAND
 Jun 18 00:42:50 CEST	6561	1396	9364	0	0	0	/bin/bash /home/cms037/home_cream_888836499/CREAM888836499/glide_iKaaew/main/condor_startup.sh glidein_config        
 Jun 18 00:42:50 CEST	7286	8060	93384	0	0	0	/home/cms037/home_cream_888836499/CREAM888836499/glide_iKaaew/main/condor/sbin/condor_master -f -pidfile /home/cms037/home_cream_888836499/CREAM888836499/glide_iKaaew/condor_master2.pid       
 Jun 18 00:42:50 CEST	7307	8712	93784	0	4	0	condor_startd -f         
 Jun 18 00:42:50 CEST	9332	31652	96548	0	0	1	edmConfigHash pset.py         
 Jun 18 00:42:50 CEST	24782	31652	106092	0	0	1	sh -c "./glidein_startup.sh" -v std -name v1_3 -entry CMS_T2_IT_Bari_ce2 -clientname UCSD-v1_0.main
 Jun 18 00:42:50 CEST	24793	31652	106492	0	0	1	/bin/bash ./glidein_startup.sh -v std -name v1_3 -entry CMS_T2_IT_Bari_ce2 -clientname UCSD-v1_0.main -schedd
 Jun 18 00:42:50 CEST	---	31652	106492	171	----	----	----
 Jun 18 00:43:51 CEST	9940	768604	982796	171	33	61	cmsRun -j /home/cms037/home_cream_888836499/CREAM888836499/glide_iKaaew/execute/dir_9067/crab_fjr_13.xml -p pset.py      
 Jun 18 00:43:51 CEST	---	768604	982796	175	----	----	----
 Jun 18 00:44:52 CEST	9940	795612	1019500	175	72	122	cmsRun -j /home/cms037/home_cream_888836499/CREAM888836499/glide_iKaaew/execute/dir_9067/crab_fjr_13.xml -p pset.py      
 Jun 18 00:45:53 CEST	9940	1361852	1747308	175	132	183	cmsRun -j /home/cms037/home_cream_888836499/CREAM888836499/glide_iKaaew/execute/dir_9067/crab_fjr_13.xml -p pset.py      
 Jun 18 00:46:53 CEST	---	1361852	1747308	178	----	----	----
********** WATCHDOG LOG ENDED
ZIPPING WATCHDOG LOG
Disk space used:
du -sh /home/cms037/home_cream_888836499/CREAM888836499/glide_iKaaew/execute/dir_9067
178M	/home/cms037/home_cream_888836499/CREAM888836499/glide_iKaaew/execute/dir_9067
Found unusual stdout, rename for OSB
`/home/cms037/home_cream_888836499/CREAM888836499/glide_iKaaew/execute/dir_9067/_condor_stdout' -> `CMSSW_13.stdout'
Found unusual stderr, rename for OSB
`/home/cms037/home_cream_888836499/CREAM888836499/glide_iKaaew/execute/dir_9067/_condor_stdout' -> `CMSSW_13.stderr'
crab_fjr_13.xml
CMSSW_13.stdout
CMSSW_13.stderr
Watchdog_13.log.gz
Total Output dimension: 31979
WARNING: output files size limit is set to: 50000000
Total Output dimension 31979 is fine.
JOB_EXIT_STATUS = 0
>>> info for dashboard:
***** Cat /home/cms037/home_cream_888836499/CREAM888836499/glide_iKaaew/execute/dir_9067/jobreport.txt *****
MonitorJobID=13_https://submit-6.t2.ucsd.edu//140616//168550.12
MonitorID=calabria_MuMinus1000_Case3_ReReco_v184eq
ExeTime=206
ExeExitCode=0
StageOutExitStatusReason = 'Copy succedeed with srm-lcg utils'
StageOutSE = storm-se-01.ba.infn.it
StageOutExitStatus = 0
CrabUserCpuTime=90.89
CrabSysCpuTime=81.51
CrabCpuPercentage=83%
CrabWrapperTime=600
CrabStageoutTime=49
JobExitCode=0
***** End Cat jobreport *****
Parameters sent to Dashboard.
EXITING at Wed Jun 18 00:52:48 CEST 2014  -  Tue Jun 17 22:52:48 UTC 2014
