This script was generated by crab (version 2.10.5_patch1).
Running /home/cms011/home_cream_368989654/CREAM368989654/glide_1KJ0hp/execute/dir_8000/condor_exec.exe with 2 positional parameters: 17 1
Today is Wed Jun 18 00:43:04 CEST 2014 - Tue Jun 17 22:43:04 UTC 2014
Job submitted on host alicegrid63.ba.infn.it
Linux alicegrid63.ba.infn.it 2.6.32-358.23.2.el6.x86_64 #1 SMP Thu Oct 17 10:27:22 CEST 2013 x86_64 x86_64 x86_64 GNU/Linux
>>> current directory (RUNTIME_AREA): /home/cms011/home_cream_368989654/CREAM368989654/glide_1KJ0hp/execute/dir_8000
>>> current user: uid=11720(cms011) gid=1399(cms) groups=1399(cms)
>>> directory permission set to 0700
>>> umask set to:  u=rwx,g=,o=
>>> stdout stderr permission set to 0704
>>> voms proxy information:
subject   : /C=IT/O=INFN/OU=Personal Certificate/L=Bari/CN=Cesare Calabria/CN=477126703/CN=1145537200
issuer    : /C=IT/O=INFN/OU=Personal Certificate/L=Bari/CN=Cesare Calabria/CN=477126703
identity  : /C=IT/O=INFN/OU=Personal Certificate/L=Bari/CN=Cesare Calabria
type      : RFC3820 compliant limited proxy
strength  : 1024
path      : /home/cms011/home_cream_368989654/CREAM368989654/glide_1KJ0hp/execute/dir_8000/x509up_u50707
timeleft  : 23:59:51
key usage : Digital Signature, Key Encipherment, Data Encipherment
=== VO cms extension information ===
VO        : cms
subject   : /C=IT/O=INFN/OU=Personal Certificate/L=Bari/CN=Cesare Calabria
issuer    : /DC=ch/DC=cern/OU=computers/CN=voms.cern.ch
attribute : /cms/Role=NULL/Capability=NULL
attribute : /cms/itcms/Role=NULL/Capability=NULL
timeleft  : 154:41:15
uri       : voms.cern.ch:15002

WNHostName=alicegrid63.ba.infn.it
>>> tar --no-same-permissions -xf /home/cms011/home_cream_368989654/CREAM368989654/glide_1KJ0hp/execute/dir_8000/default.tgz :
Successful untar
>>> Include /home/cms011/home_cream_368989654/CREAM368989654/glide_1KJ0hp/execute/dir_8000 in PYTHONPATH:
strip arguments
env var CRAB_UNIQUE_JOB_ID set to: calabria_MuMinus1000_Case3_ReReco_v184eq_17_1_BtT
out_files_17
>>> list of expected files on output sandbox
output files: crab_fjr_17.xml CMSSW_17.stdout CMSSW_17.stderr Watchdog_17.log.gz
>>> GridFlavour discovery: 
GridFlavour=LCG
>>> SyncSite discovery: 
SyncSite=T2_IT_Bari
>>> SyncCE discovery: 
getting SyncCE from CE_ID
SyncCE=cream-ce-2.ba.infn.it:8443/cream-pbs-cms
>>> info for dashboard:
***** Cat /home/cms011/home_cream_368989654/CREAM368989654/glide_1KJ0hp/execute/dir_8000/jobreport.txt *****
WNHostName=alicegrid63.ba.infn.it
MonitorJobID=17_https://submit-6.t2.ucsd.edu//140616//168550.16
SyncGridJobId=https://submit-6.t2.ucsd.edu//140616//168550.16
MonitorID=calabria_MuMinus1000_Case3_ReReco_v184eq
GridFlavour=LCG
SyncSite=T2_IT_Bari
SyncCE=cream-ce-2.ba.infn.it:8443/cream-pbs-cms
***** End Cat jobreport *****
Parameters sent to Dashboard.
>>> setup environment
set SCRAM ARCH to slc5_amd64_gcc472
SCRAM_ARCH = slc5_amd64_gcc472
>>> setup CMS LCG environment:
set SCRAM ARCH and BUILD_ARCH to slc5_amd64_gcc472 ###
Sourcing environment... 
sourcing /cvmfs/cms.cern.ch/cmsset_default.sh
==> setup cms environment ok
>>> specific cmssw setup environment:
CMSSW_VERSION =  CMSSW_6_2_0_SLHC12
>>> current directory (SOFTWARE_DIR): /home/cms011/home_cream_368989654/CREAM368989654/glide_1KJ0hp/execute/dir_8000/CMSSW_6_2_0_SLHC12
PreserveSeeds: <>
IncrementSeeds:<>
>>> info for dashboard:
***** Cat /home/cms011/home_cream_368989654/CREAM368989654/glide_1KJ0hp/execute/dir_8000/jobreport.txt *****
MonitorJobID=17_https://submit-6.t2.ucsd.edu//140616//168550.16
MonitorID=calabria_MuMinus1000_Case3_ReReco_v184eq
***** End Cat jobreport *****
Parameters sent to Dashboard.
crabWatchdog started as process 9161
>>> moving CMSSW software directories in /home/cms011/home_cream_368989654/CREAM368989654/glide_1KJ0hp/execute/dir_8000/CMSSW_6_2_0_SLHC12
mv: cannot stat `/home/cms011/home_cream_368989654/CREAM368989654/glide_1KJ0hp/execute/dir_8000/module/': No such file or directory
>>> Include /home/cms011/home_cream_368989654/CREAM368989654/glide_1KJ0hp/execute/dir_8000 in PYTHONPATH:
PYTHONPATH=/home/cms011/home_cream_368989654/CREAM368989654/glide_1KJ0hp/execute/dir_8000/:/home/cms011/home_cream_368989654/CREAM368989654/glide_1KJ0hp/execute/dir_8000/CMSSW_6_2_0_SLHC12/python:/home/cms011/home_cream_368989654/CREAM368989654/glide_1KJ0hp/execute/dir_8000/CMSSW_6_2_0_SLHC12/lib/slc5_amd64_gcc472:/cvmfs/cms.cern.ch/slc5_amd64_gcc472/cms/cmssw/CMSSW_6_2_0_SLHC12/python:/cvmfs/cms.cern.ch/slc5_amd64_gcc472/cms/cmssw/CMSSW_6_2_0_SLHC12/lib/slc5_amd64_gcc472:/cvmfs/cms.cern.ch/slc5_amd64_gcc472/cms/coral/CORAL_2_3_21-cms36/slc5_amd64_gcc472/python:/cvmfs/cms.cern.ch/slc5_amd64_gcc472/cms/coral/CORAL_2_3_21-cms36/slc5_amd64_gcc472/lib:/cvmfs/cms.cern.ch/slc5_amd64_gcc472/external/pyqt/4.8.1-cms6/lib/python2.7/site-packages:/cvmfs/cms.cern.ch/slc5_amd64_gcc472/external/py2-scipy/0.8.0-cms8/lib/python2.7/site-packages:/cvmfs/cms.cern.ch/slc5_amd64_gcc472/external/py2-matplotlib/1.0.1-cms8/lib/python2.7/site-packages:/cvmfs/cms.cern.ch/slc5_amd64_gcc472/external/python-ldap/2.3.5-cms6/lib/python2.7/site-packages:/cvmfs/cms.cern.ch/slc5_amd64_gcc472/external/sip/4.11.2-cms6/lib/python2.7/site-packages:/cvmfs/cms.cern.ch/slc5_amd64_gcc472/external/py2-pycurl/7.19.0-cms8/lib/python2.7/site-packages:/cvmfs/cms.cern.ch/slc5_amd64_gcc472/external/py2-numpy/1.6.1-cms8/lib/python2.7/site-packages:/cvmfs/cms.cern.ch/slc5_amd64_gcc472/external/py2-lint/0.25.1-cms6/lib/python2.7/site-packages:/cvmfs/cms.cern.ch/slc5_amd64_gcc472/external/py2-ipython/0.10-cms6/lib/python2.7/site-packages:/cvmfs/cms.cern.ch/slc5_amd64_gcc472/external/py2-cx-oracle/5.1-cms7/lib/python2.7/site-packages:/cvmfs/cms.cern.ch/slc5_amd64_gcc472/external/py2-cjson/1.0.5-cms6/lib/python2.7/site-packages:/cvmfs/cms.cern.ch/slc5_amd64_gcc472/cms/das-client/1.11.7/bin:/cvmfs/cms.cern.ch/slc5_amd64_gcc472/external/elementtree/1.2.6-cms6/share/lib/python2.7/site-packages:/cvmfs/cms.cern.ch/slc5_amd64_gcc472/external/rivet/1.8.2-cms8/lib/python2.7/site-packages:/cvmfs/cms.cern.ch/slc5_amd64_gcc472/external/pyminuit2/0.0.1-cms19/lib/python2.7/site-packages:/cvmfs/cms.cern.ch/slc5_amd64_gcc472/external/py2-pygithub/1.23.0/lib/python2.7/site-packages:/cvmfs/cms.cern.ch/slc5_amd64_gcc472/external/professor/1.0.0-cms19/lib/python2.7/site-packages:/cvmfs/cms.cern.ch/slc5_amd64_gcc472/lcg/root/5.34.07-cms/lib:/cvmfs/cms.cern.ch/slc5_amd64_gcc472/cms/dbs-client/DBS_2_1_9-cms5/lib:/cvmfs/cms.cern.ch/slc5_amd64_gcc472/cms/dbs-client/DBS_2_1_9-cms5/lib/DBSAPI:/cvmfs/cms.cern.ch/slc5_amd64_gcc472/external/cvs2git/5419-cms/lib:/home/cms011/home_cream_368989654/CREAM368989654/glide_1KJ0hp/execute/dir_8000/
 
# LIMITS USED BY CRAB WATCHDOG:
# RSS  (KBytes)   : 2300000
# VSZ  (KBytes)   : 100000000
# DISK (MBytes)   : 19000
# CPU TIME        : 720h:0m:0s
# WALL CLOCK TIME : 21h:50m:0s
 
5854dd31cbd3cdec44c48628cc181cf0
PSETHASH = 5854dd31cbd3cdec44c48628cc181cf0
/home/cms011/home_cream_368989654/CREAM368989654/glide_1KJ0hp/execute/dir_8000/writeCfg.py pset.py pset.py
Importing .py file
Setting parameters
RandomNumberGeneratorService found, will attempt to change seeds
inputBlocks=/calabria_SingleMuPt1000_GEN-SIM-DIGI-RECO_CMSSW_6_2_0_SLHC12_2023Scenario_Case3/calabria-calabria_SingleMuPt1000_GEN-SIM-DIGI-RECO_CMSSW_6_2_0_SLHC12_2023Scenario_Case3-fa5ffd20b461790f8466430606d05ce8/USER#3793531b-0f49-4c4e-bd85-d08e009031af
inputFiles=/store/user/calabria/calabria_SingleMuPt1000_GEN-SIM-DIGI-RECO_CMSSW_6_2_0_SLHC12_2023Scenario_Case3/calabria_SingleMuPt1000_GEN-SIM-DIGI-RECO_CMSSW_6_2_0_SLHC12_2023Scenario_Case3/fa5ffd20b461790f8466430606d05ce8/out_reco_55_1_Ujy.root;/store/user/calabria/calabria_SingleMuPt1000_GEN-SIM-DIGI-RECO_CMSSW_6_2_0_SLHC12_2023Scenario_Case3/calabria_SingleMuPt1000_GEN-SIM-DIGI-RECO_CMSSW_6_2_0_SLHC12_2023Scenario_Case3/fa5ffd20b461790f8466430606d05ce8/out_reco_56_1_pNV.root;/store/user/calabria/calabria_SingleMuPt1000_GEN-SIM-DIGI-RECO_CMSSW_6_2_0_SLHC12_2023Scenario_Case3/calabria_SingleMuPt1000_GEN-SIM-DIGI-RECO_CMSSW_6_2_0_SLHC12_2023Scenario_Case3/fa5ffd20b461790f8466430606d05ce8/out_reco_57_1_6Ip.root;/store/user/calabria/calabria_SingleMuPt1000_GEN-SIM-DIGI-RECO_CMSSW_6_2_0_SLHC12_2023Scenario_Case3/calabria_SingleMuPt1000_GEN-SIM-DIGI-RECO_CMSSW_6_2_0_SLHC12_2023Scenario_Case3/fa5ffd20b461790f8466430606d05ce8/out_reco_58_1_Ay9.root;/store/user/calabria/calabria_SingleMuPt1000_GEN-SIM-DIGI-RECO_CMSSW_6_2_0_SLHC12_2023Scenario_Case3/calabria_SingleMuPt1000_GEN-SIM-DIGI-RECO_CMSSW_6_2_0_SLHC12_2023Scenario_Case3/fa5ffd20b461790f8466430606d05ce8/out_reco_59_1_7vw.root;/store/user/calabria/calabria_SingleMuPt1000_GEN-SIM-DIGI-RECO_CMSSW_6_2_0_SLHC12_2023Scenario_Case3/calabria_SingleMuPt1000_GEN-SIM-DIGI-RECO_CMSSW_6_2_0_SLHC12_2023Scenario_Case3/fa5ffd20b461790f8466430606d05ce8/out_reco_62_1_W9o.root;/store/user/calabria/calabria_SingleMuPt1000_GEN-SIM-DIGI-RECO_CMSSW_6_2_0_SLHC12_2023Scenario_Case3/calabria_SingleMuPt1000_GEN-SIM-DIGI-RECO_CMSSW_6_2_0_SLHC12_2023Scenario_Case3/fa5ffd20b461790f8466430606d05ce8/out_reco_64_1_frT.root;/store/user/calabria/calabria_SingleMuPt1000_GEN-SIM-DIGI-RECO_CMSSW_6_2_0_SLHC12_2023Scenario_Case3/calabria_SingleMuPt1000_GEN-SIM-DIGI-RECO_CMSSW_6_2_0_SLHC12_2023Scenario_Case3/fa5ffd20b461790f8466430606d05ce8/out_reco_67_1_hvr.root;/store/user/calabria/calabria_SingleMuPt1000_GEN-SIM-DIGI-RECO_CMSSW_6_2_0_SLHC12_2023Scenario_Case3/calabria_SingleMuPt1000_GEN-SIM-DIGI-RECO_CMSSW_6_2_0_SLHC12_2023Scenario_Case3/fa5ffd20b461790f8466430606d05ce8/out_reco_71_1_HOH.root;/store/user/calabria/calabria_SingleMuPt1000_GEN-SIM-DIGI-RECO_CMSSW_6_2_0_SLHC12_2023Scenario_Case3/calabria_SingleMuPt1000_GEN-SIM-DIGI-RECO_CMSSW_6_2_0_SLHC12_2023Scenario_Case3/fa5ffd20b461790f8466430606d05ce8/out_reco_72_1_2c0.root
parentFiles=
lumisRange=
>>> Executable cmsRun
/cvmfs/cms.cern.ch/slc5_amd64_gcc472/cms/cmssw/CMSSW_6_2_0_SLHC12/bin/slc5_amd64_gcc472/cmsRun
ok executable found
>>> info for dashboard:
***** Cat /home/cms011/home_cream_368989654/CREAM368989654/glide_1KJ0hp/execute/dir_8000/jobreport.txt *****
MonitorJobID=17_https://submit-6.t2.ucsd.edu//140616//168550.16
MonitorID=calabria_MuMinus1000_Case3_ReReco_v184eq
ExeStart=cmsRun
***** End Cat jobreport *****
Parameters sent to Dashboard.
>>> cmsRun started at Tue Jun 17 22:43:28 UTC 2014
>>> cmsRun ended at Tue Jun 17 22:49:52 UTC 2014
>>> crab_fjr_*.xml  permission set to 0704
>>> info for dashboard:
***** Cat /home/cms011/home_cream_368989654/CREAM368989654/glide_1KJ0hp/execute/dir_8000/jobreport.txt *****
MonitorJobID=17_https://submit-6.t2.ucsd.edu//140616//168550.16
MonitorID=calabria_MuMinus1000_Case3_ReReco_v184eq
ExeEnd=cmsRun
***** End Cat jobreport *****
Parameters sent to Dashboard.
TIME_EXE = 384 sec
>>> cmsRun wrote 50 lines of stdout+stderr
>>> START OF printout of 50 lines from stdout+stderr
271 DQMStore::DQMStore 
HcalTopologyIdealEP::HcalTopologyIdealEP
18-Jun-2014 00:43:47 CEST  Initiating request to open file file:/lustre/cms//store/user/calabria/calabria_SingleMuPt1000_GEN-SIM-DIGI-RECO_CMSSW_6_2_0_SLHC12_2023Scenario_Case3/calabria_SingleMuPt1000_GEN-SIM-DIGI-RECO_CMSSW_6_2_0_SLHC12_2023Scenario_Case3/fa5ffd20b461790f8466430606d05ce8/out_reco_55_1_Ujy.root
18-Jun-2014 00:43:50 CEST  Successfully opened file file:/lustre/cms//store/user/calabria/calabria_SingleMuPt1000_GEN-SIM-DIGI-RECO_CMSSW_6_2_0_SLHC12_2023Scenario_Case3/calabria_SingleMuPt1000_GEN-SIM-DIGI-RECO_CMSSW_6_2_0_SLHC12_2023Scenario_Case3/fa5ffd20b461790f8466430606d05ce8/out_reco_55_1_Ujy.root
18-Jun-2014 00:44:28 CEST  Closed file file:/lustre/cms//store/user/calabria/calabria_SingleMuPt1000_GEN-SIM-DIGI-RECO_CMSSW_6_2_0_SLHC12_2023Scenario_Case3/calabria_SingleMuPt1000_GEN-SIM-DIGI-RECO_CMSSW_6_2_0_SLHC12_2023Scenario_Case3/fa5ffd20b461790f8466430606d05ce8/out_reco_55_1_Ujy.root
18-Jun-2014 00:44:28 CEST  Initiating request to open file file:/lustre/cms//store/user/calabria/calabria_SingleMuPt1000_GEN-SIM-DIGI-RECO_CMSSW_6_2_0_SLHC12_2023Scenario_Case3/calabria_SingleMuPt1000_GEN-SIM-DIGI-RECO_CMSSW_6_2_0_SLHC12_2023Scenario_Case3/fa5ffd20b461790f8466430606d05ce8/out_reco_56_1_pNV.root
18-Jun-2014 00:44:28 CEST  Successfully opened file file:/lustre/cms//store/user/calabria/calabria_SingleMuPt1000_GEN-SIM-DIGI-RECO_CMSSW_6_2_0_SLHC12_2023Scenario_Case3/calabria_SingleMuPt1000_GEN-SIM-DIGI-RECO_CMSSW_6_2_0_SLHC12_2023Scenario_Case3/fa5ffd20b461790f8466430606d05ce8/out_reco_56_1_pNV.root
18-Jun-2014 00:45:02 CEST  Closed file file:/lustre/cms//store/user/calabria/calabria_SingleMuPt1000_GEN-SIM-DIGI-RECO_CMSSW_6_2_0_SLHC12_2023Scenario_Case3/calabria_SingleMuPt1000_GEN-SIM-DIGI-RECO_CMSSW_6_2_0_SLHC12_2023Scenario_Case3/fa5ffd20b461790f8466430606d05ce8/out_reco_56_1_pNV.root
18-Jun-2014 00:45:02 CEST  Initiating request to open file file:/lustre/cms//store/user/calabria/calabria_SingleMuPt1000_GEN-SIM-DIGI-RECO_CMSSW_6_2_0_SLHC12_2023Scenario_Case3/calabria_SingleMuPt1000_GEN-SIM-DIGI-RECO_CMSSW_6_2_0_SLHC12_2023Scenario_Case3/fa5ffd20b461790f8466430606d05ce8/out_reco_57_1_6Ip.root
18-Jun-2014 00:45:02 CEST  Successfully opened file file:/lustre/cms//store/user/calabria/calabria_SingleMuPt1000_GEN-SIM-DIGI-RECO_CMSSW_6_2_0_SLHC12_2023Scenario_Case3/calabria_SingleMuPt1000_GEN-SIM-DIGI-RECO_CMSSW_6_2_0_SLHC12_2023Scenario_Case3/fa5ffd20b461790f8466430606d05ce8/out_reco_57_1_6Ip.root
18-Jun-2014 00:45:37 CEST  Closed file file:/lustre/cms//store/user/calabria/calabria_SingleMuPt1000_GEN-SIM-DIGI-RECO_CMSSW_6_2_0_SLHC12_2023Scenario_Case3/calabria_SingleMuPt1000_GEN-SIM-DIGI-RECO_CMSSW_6_2_0_SLHC12_2023Scenario_Case3/fa5ffd20b461790f8466430606d05ce8/out_reco_57_1_6Ip.root
18-Jun-2014 00:45:37 CEST  Initiating request to open file file:/lustre/cms//store/user/calabria/calabria_SingleMuPt1000_GEN-SIM-DIGI-RECO_CMSSW_6_2_0_SLHC12_2023Scenario_Case3/calabria_SingleMuPt1000_GEN-SIM-DIGI-RECO_CMSSW_6_2_0_SLHC12_2023Scenario_Case3/fa5ffd20b461790f8466430606d05ce8/out_reco_58_1_Ay9.root
18-Jun-2014 00:45:37 CEST  Successfully opened file file:/lustre/cms//store/user/calabria/calabria_SingleMuPt1000_GEN-SIM-DIGI-RECO_CMSSW_6_2_0_SLHC12_2023Scenario_Case3/calabria_SingleMuPt1000_GEN-SIM-DIGI-RECO_CMSSW_6_2_0_SLHC12_2023Scenario_Case3/fa5ffd20b461790f8466430606d05ce8/out_reco_58_1_Ay9.root
18-Jun-2014 00:46:12 CEST  Closed file file:/lustre/cms//store/user/calabria/calabria_SingleMuPt1000_GEN-SIM-DIGI-RECO_CMSSW_6_2_0_SLHC12_2023Scenario_Case3/calabria_SingleMuPt1000_GEN-SIM-DIGI-RECO_CMSSW_6_2_0_SLHC12_2023Scenario_Case3/fa5ffd20b461790f8466430606d05ce8/out_reco_58_1_Ay9.root
18-Jun-2014 00:46:12 CEST  Initiating request to open file file:/lustre/cms//store/user/calabria/calabria_SingleMuPt1000_GEN-SIM-DIGI-RECO_CMSSW_6_2_0_SLHC12_2023Scenario_Case3/calabria_SingleMuPt1000_GEN-SIM-DIGI-RECO_CMSSW_6_2_0_SLHC12_2023Scenario_Case3/fa5ffd20b461790f8466430606d05ce8/out_reco_59_1_7vw.root
18-Jun-2014 00:46:12 CEST  Successfully opened file file:/lustre/cms//store/user/calabria/calabria_SingleMuPt1000_GEN-SIM-DIGI-RECO_CMSSW_6_2_0_SLHC12_2023Scenario_Case3/calabria_SingleMuPt1000_GEN-SIM-DIGI-RECO_CMSSW_6_2_0_SLHC12_2023Scenario_Case3/fa5ffd20b461790f8466430606d05ce8/out_reco_59_1_7vw.root
18-Jun-2014 00:46:48 CEST  Closed file file:/lustre/cms//store/user/calabria/calabria_SingleMuPt1000_GEN-SIM-DIGI-RECO_CMSSW_6_2_0_SLHC12_2023Scenario_Case3/calabria_SingleMuPt1000_GEN-SIM-DIGI-RECO_CMSSW_6_2_0_SLHC12_2023Scenario_Case3/fa5ffd20b461790f8466430606d05ce8/out_reco_59_1_7vw.root
18-Jun-2014 00:46:48 CEST  Initiating request to open file file:/lustre/cms//store/user/calabria/calabria_SingleMuPt1000_GEN-SIM-DIGI-RECO_CMSSW_6_2_0_SLHC12_2023Scenario_Case3/calabria_SingleMuPt1000_GEN-SIM-DIGI-RECO_CMSSW_6_2_0_SLHC12_2023Scenario_Case3/fa5ffd20b461790f8466430606d05ce8/out_reco_62_1_W9o.root
18-Jun-2014 00:46:48 CEST  Successfully opened file file:/lustre/cms//store/user/calabria/calabria_SingleMuPt1000_GEN-SIM-DIGI-RECO_CMSSW_6_2_0_SLHC12_2023Scenario_Case3/calabria_SingleMuPt1000_GEN-SIM-DIGI-RECO_CMSSW_6_2_0_SLHC12_2023Scenario_Case3/fa5ffd20b461790f8466430606d05ce8/out_reco_62_1_W9o.root
18-Jun-2014 00:47:23 CEST  Closed file file:/lustre/cms//store/user/calabria/calabria_SingleMuPt1000_GEN-SIM-DIGI-RECO_CMSSW_6_2_0_SLHC12_2023Scenario_Case3/calabria_SingleMuPt1000_GEN-SIM-DIGI-RECO_CMSSW_6_2_0_SLHC12_2023Scenario_Case3/fa5ffd20b461790f8466430606d05ce8/out_reco_62_1_W9o.root
18-Jun-2014 00:47:23 CEST  Initiating request to open file file:/lustre/cms//store/user/calabria/calabria_SingleMuPt1000_GEN-SIM-DIGI-RECO_CMSSW_6_2_0_SLHC12_2023Scenario_Case3/calabria_SingleMuPt1000_GEN-SIM-DIGI-RECO_CMSSW_6_2_0_SLHC12_2023Scenario_Case3/fa5ffd20b461790f8466430606d05ce8/out_reco_64_1_frT.root
18-Jun-2014 00:47:23 CEST  Successfully opened file file:/lustre/cms//store/user/calabria/calabria_SingleMuPt1000_GEN-SIM-DIGI-RECO_CMSSW_6_2_0_SLHC12_2023Scenario_Case3/calabria_SingleMuPt1000_GEN-SIM-DIGI-RECO_CMSSW_6_2_0_SLHC12_2023Scenario_Case3/fa5ffd20b461790f8466430606d05ce8/out_reco_64_1_frT.root
18-Jun-2014 00:47:58 CEST  Closed file file:/lustre/cms//store/user/calabria/calabria_SingleMuPt1000_GEN-SIM-DIGI-RECO_CMSSW_6_2_0_SLHC12_2023Scenario_Case3/calabria_SingleMuPt1000_GEN-SIM-DIGI-RECO_CMSSW_6_2_0_SLHC12_2023Scenario_Case3/fa5ffd20b461790f8466430606d05ce8/out_reco_64_1_frT.root
18-Jun-2014 00:47:58 CEST  Initiating request to open file file:/lustre/cms//store/user/calabria/calabria_SingleMuPt1000_GEN-SIM-DIGI-RECO_CMSSW_6_2_0_SLHC12_2023Scenario_Case3/calabria_SingleMuPt1000_GEN-SIM-DIGI-RECO_CMSSW_6_2_0_SLHC12_2023Scenario_Case3/fa5ffd20b461790f8466430606d05ce8/out_reco_67_1_hvr.root
18-Jun-2014 00:47:58 CEST  Successfully opened file file:/lustre/cms//store/user/calabria/calabria_SingleMuPt1000_GEN-SIM-DIGI-RECO_CMSSW_6_2_0_SLHC12_2023Scenario_Case3/calabria_SingleMuPt1000_GEN-SIM-DIGI-RECO_CMSSW_6_2_0_SLHC12_2023Scenario_Case3/fa5ffd20b461790f8466430606d05ce8/out_reco_67_1_hvr.root
18-Jun-2014 00:48:32 CEST  Closed file file:/lustre/cms//store/user/calabria/calabria_SingleMuPt1000_GEN-SIM-DIGI-RECO_CMSSW_6_2_0_SLHC12_2023Scenario_Case3/calabria_SingleMuPt1000_GEN-SIM-DIGI-RECO_CMSSW_6_2_0_SLHC12_2023Scenario_Case3/fa5ffd20b461790f8466430606d05ce8/out_reco_67_1_hvr.root
18-Jun-2014 00:48:32 CEST  Initiating request to open file file:/lustre/cms//store/user/calabria/calabria_SingleMuPt1000_GEN-SIM-DIGI-RECO_CMSSW_6_2_0_SLHC12_2023Scenario_Case3/calabria_SingleMuPt1000_GEN-SIM-DIGI-RECO_CMSSW_6_2_0_SLHC12_2023Scenario_Case3/fa5ffd20b461790f8466430606d05ce8/out_reco_71_1_HOH.root
18-Jun-2014 00:48:32 CEST  Successfully opened file file:/lustre/cms//store/user/calabria/calabria_SingleMuPt1000_GEN-SIM-DIGI-RECO_CMSSW_6_2_0_SLHC12_2023Scenario_Case3/calabria_SingleMuPt1000_GEN-SIM-DIGI-RECO_CMSSW_6_2_0_SLHC12_2023Scenario_Case3/fa5ffd20b461790f8466430606d05ce8/out_reco_71_1_HOH.root
18-Jun-2014 00:49:06 CEST  Closed file file:/lustre/cms//store/user/calabria/calabria_SingleMuPt1000_GEN-SIM-DIGI-RECO_CMSSW_6_2_0_SLHC12_2023Scenario_Case3/calabria_SingleMuPt1000_GEN-SIM-DIGI-RECO_CMSSW_6_2_0_SLHC12_2023Scenario_Case3/fa5ffd20b461790f8466430606d05ce8/out_reco_71_1_HOH.root
18-Jun-2014 00:49:06 CEST  Initiating request to open file file:/lustre/cms//store/user/calabria/calabria_SingleMuPt1000_GEN-SIM-DIGI-RECO_CMSSW_6_2_0_SLHC12_2023Scenario_Case3/calabria_SingleMuPt1000_GEN-SIM-DIGI-RECO_CMSSW_6_2_0_SLHC12_2023Scenario_Case3/fa5ffd20b461790f8466430606d05ce8/out_reco_72_1_2c0.root
18-Jun-2014 00:49:06 CEST  Successfully opened file file:/lustre/cms//store/user/calabria/calabria_SingleMuPt1000_GEN-SIM-DIGI-RECO_CMSSW_6_2_0_SLHC12_2023Scenario_Case3/calabria_SingleMuPt1000_GEN-SIM-DIGI-RECO_CMSSW_6_2_0_SLHC12_2023Scenario_Case3/fa5ffd20b461790f8466430606d05ce8/out_reco_72_1_2c0.root
18-Jun-2014 00:49:51 CEST  Closed file file:/lustre/cms//store/user/calabria/calabria_SingleMuPt1000_GEN-SIM-DIGI-RECO_CMSSW_6_2_0_SLHC12_2023Scenario_Case3/calabria_SingleMuPt1000_GEN-SIM-DIGI-RECO_CMSSW_6_2_0_SLHC12_2023Scenario_Case3/fa5ffd20b461790f8466430606d05ce8/out_reco_72_1_2c0.root

=============================================

MessageLogger Summary

 type     category        sev    module        subroutine        count    total
 ---- -------------------- -- ---------------- ----------------  -----    -----
    1 fileAction           -s file_close                            10       10
    2 fileAction           -s file_open                             20       20

 type    category    Examples: run/evt        run/evt          run/evt
 ---- -------------------- ---------------- ---------------- ----------------
    1 fileAction           PostProcessEvent PostProcessEvent PostEndRun
    2 fileAction           pre-events       pre-events       PostProcessEvent

Severity    # Occurrences   Total Occurrences
--------    -------------   -----------------
System                 30                  30
>>> END OF printout of 50 lines from stdout+stderr
>>> Parse FrameworkJobReport crab_fjr.xml
Result of parsing the FrameworkJobReport crab_fjr.xml: Popularity start
lumisRange : 1::::1;1::::2;1::::3;1::::4;1::::5;1::::6;1::::7;1::::8;1::::9;1::::10;
lumisParentRange : 
Basename : /store/user/calabria/calabria_SingleMuPt1000_GEN-SIM-DIGI-RECO_CMSSW_6_2_0_SLHC12_2023Scenario_Case3/calabria_SingleMuPt1000_GEN-SIM-DIGI-RECO_CMSSW_6_2_0_SLHC12_2023Scenario_Case3/fa5ffd20b461790f8466430606d05ce8/out_reco_
BasenameParent : 
parentFiles : 
inputBlocks : /calabria_SingleMuPt1000_GEN-SIM-DIGI-RECO_CMSSW_6_2_0_SLHC12_2023Scenario_Case3/calabria-calabria_SingleMuPt1000_GEN-SIM-DIGI-RECO_CMSSW_6_2_0_SLHC12_2023Scenario_Case3-fa5ffd20b461790f8466430606d05ce8/USER#3793531b-0f49-4c4e-bd85-d08e009031af
inputFiles : 58_1_Ay9.root::1::EDM::Local::1;72_1_2c0.root::1::EDM::Local::2;57_1_6Ip.root::1::EDM::Local::3;71_1_HOH.root::1::EDM::Local::4;56_1_pNV.root::1::EDM::Local::5;55_1_Ujy.root::1::EDM::Local::6;64_1_frT.root::1::EDM::Local::7;59_1_7vw.root::1::EDM::Local::8;62_1_W9o.root::1::EDM::Local::9;67_1_hvr.root::1::EDM::Local::10;
Popularity stop
Extracted ExitStatus from FrameworkJobReport parsing output: 0
>>> Executable succeded  0
ExeExitCode=0
EXECUTABLE_EXIT_STATUS = 0
>>> current directory /home/cms011/home_cream_368989654/CREAM368989654/glide_1KJ0hp/execute/dir_8000/CMSSW_6_2_0_SLHC12
>>>  (SOFTWARE_DIR): /home/cms011/home_cream_368989654/CREAM368989654/glide_1KJ0hp/execute/dir_8000/CMSSW_6_2_0_SLHC12
>>> (WORKING_DIR): 
>>> current directory content:
total 11316
drwxr-xr-x 3 cms011 cms    4096 Jun 18 00:43 .SCRAM
-rw------- 1 cms011 cms 3740362 Jun 18 00:43 CMSSW.py.pkl
drwxr-xr-x 3 cms011 cms    4096 Jun 18 00:43 bin
drwxr-xr-x 3 cms011 cms    4096 Jun 18 00:43 cfipython
drwxr-xr-x 4 cms011 cms    4096 Jun 18 00:43 config
-rw------- 1 cms011 cms      16 Jun 18 00:49 cpu_timing.txt
drwxr-xr-x 2 cms011 cms    4096 Jun 18 00:43 doc
-rw------- 1 cms011 cms   10015 Jun 18 00:49 executable.out
drwxr-xr-x 2 cms011 cms    4096 Jun 18 00:43 include
drwx------ 3 cms011 cms    4096 Apr 28 18:12 lib
drwxr-xr-x 3 cms011 cms    4096 Jun 18 00:43 logs
drwxr-xr-x 3 cms011 cms    4096 Jun 18 00:43 objs
-rw------- 1 cms011 cms     104 Jun 18 00:43 pset.py
-rw------- 1 cms011 cms 3712341 Jun 18 00:43 pset.py.pkl
-rw------- 1 cms011 cms     289 Jun 18 00:43 pset.pyc
drwxr-xr-x 2 cms011 cms    4096 Jun 18 00:43 python
-rw------- 1 cms011 cms     416 Jun 18 00:49 report.log
drwx------ 6 cms011 cms    4096 Jun 18 00:43 src
drwxr-xr-x 3 cms011 cms    4096 Jun 18 00:43 test
drwxr-xr-x 3 cms011 cms    4096 Jun 18 00:43 tmp
-rw------- 1 cms011 cms 4030923 Jun 18 00:49 validationEDM.root
>>> current directory /home/cms011/home_cream_368989654/CREAM368989654/glide_1KJ0hp/execute/dir_8000/CMSSW_6_2_0_SLHC12
>>> (SOFTWARE_DIR): /home/cms011/home_cream_368989654/CREAM368989654/glide_1KJ0hp/execute/dir_8000/CMSSW_6_2_0_SLHC12
>>> (WORKING_DIR): 
>>> current directory content:
total 11316
drwxr-xr-x 3 cms011 cms    4096 Jun 18 00:43 .SCRAM
-rw------- 1 cms011 cms 3740362 Jun 18 00:43 CMSSW.py.pkl
drwxr-xr-x 3 cms011 cms    4096 Jun 18 00:43 bin
drwxr-xr-x 3 cms011 cms    4096 Jun 18 00:43 cfipython
drwxr-xr-x 4 cms011 cms    4096 Jun 18 00:43 config
-rw------- 1 cms011 cms      16 Jun 18 00:49 cpu_timing.txt
drwxr-xr-x 2 cms011 cms    4096 Jun 18 00:43 doc
-rw------- 1 cms011 cms   10015 Jun 18 00:49 executable.out
drwxr-xr-x 2 cms011 cms    4096 Jun 18 00:43 include
drwx------ 3 cms011 cms    4096 Apr 28 18:12 lib
drwxr-xr-x 3 cms011 cms    4096 Jun 18 00:43 logs
drwxr-xr-x 3 cms011 cms    4096 Jun 18 00:43 objs
-rw------- 1 cms011 cms     104 Jun 18 00:43 pset.py
-rw------- 1 cms011 cms 3712341 Jun 18 00:43 pset.py.pkl
-rw------- 1 cms011 cms     289 Jun 18 00:43 pset.pyc
drwxr-xr-x 2 cms011 cms    4096 Jun 18 00:43 python
-rw------- 1 cms011 cms     416 Jun 18 00:49 report.log
drwx------ 6 cms011 cms    4096 Jun 18 00:43 src
drwxr-xr-x 3 cms011 cms    4096 Jun 18 00:43 test
drwxr-xr-x 3 cms011 cms    4096 Jun 18 00:43 tmp
-rw------- 1 cms011 cms 4030923 Jun 18 00:49 validationEDM_17_1_BtT.root
>>> current directory (RUNTIME_AREA):  /home/cms011/home_cream_368989654/CREAM368989654/glide_1KJ0hp/execute/dir_8000
SE = storm-se-01.ba.infn.it
SE_PATH = /srm/managerv2?SFN=//cms/store/user/calabria/calabria_SingleMuPt1000_GEN-SIM-DIGI-RECO_CMSSW_6_2_0_SLHC12_2023Scenario_Case3/calabria_MuMinus1000_GEN-SIM-DIGI-RECO_CMSSW_6_2_0_SLHC12_2023Scenario_VALNOPU2_Case3/5854dd31cbd3cdec44c48628cc181cf0/
LFNBaseName = /store/user/calabria/calabria_SingleMuPt1000_GEN-SIM-DIGI-RECO_CMSSW_6_2_0_SLHC12_2023Scenario_Case3/calabria_MuMinus1000_GEN-SIM-DIGI-RECO_CMSSW_6_2_0_SLHC12_2023Scenario_VALNOPU2_Case3/5854dd31cbd3cdec44c48628cc181cf0/
USER = calabria
endpoint = srm://storm-se-01.ba.infn.it:8444/srm/managerv2?SFN=//cms/store/user/calabria/calabria_SingleMuPt1000_GEN-SIM-DIGI-RECO_CMSSW_6_2_0_SLHC12_2023Scenario_Case3/calabria_MuMinus1000_GEN-SIM-DIGI-RECO_CMSSW_6_2_0_SLHC12_2023Scenario_VALNOPU2_Case3/5854dd31cbd3cdec44c48628cc181cf0/
>>> Copy output files from WN = alicegrid63.ba.infn.it to /srm/managerv2?SFN=//cms/store/user/calabria/calabria_SingleMuPt1000_GEN-SIM-DIGI-RECO_CMSSW_6_2_0_SLHC12_2023Scenario_Case3/calabria_MuMinus1000_GEN-SIM-DIGI-RECO_CMSSW_6_2_0_SLHC12_2023Scenario_VALNOPU2_Case3/5854dd31cbd3cdec44c48628cc181cf0/ :
python cmscp.py  --destination srm://storm-se-01.ba.infn.it:8444/srm/managerv2?SFN=//cms/store/user/calabria/calabria_SingleMuPt1000_GEN-SIM-DIGI-RECO_CMSSW_6_2_0_SLHC12_2023Scenario_Case3/calabria_MuMinus1000_GEN-SIM-DIGI-RECO_CMSSW_6_2_0_SLHC12_2023Scenario_VALNOPU2_Case3/5854dd31cbd3cdec44c48628cc181cf0/ --inputFileList /home/cms011/home_cream_368989654/CREAM368989654/glide_1KJ0hp/execute/dir_8000/CMSSW_6_2_0_SLHC12/validationEDM_17_1_BtT.root --middleware LCG --se_name storm-se-01.ba.infn.it --for_lfn /store/user/calabria/calabria_SingleMuPt1000_GEN-SIM-DIGI-RECO_CMSSW_6_2_0_SLHC12_2023Scenario_Case3/calabria_MuMinus1000_GEN-SIM-DIGI-RECO_CMSSW_6_2_0_SLHC12_2023Scenario_VALNOPU2_Case3/5854dd31cbd3cdec44c48628cc181cf0/    
******************************************************
localSeName  =  storm-se-01.ba.infn.it
remoteSeName =  storm-se-01.ba.infn.it
******************************************************
{"/home/cms011/home_cream_368989654/CREAM368989654/glide_1KJ0hp/execute/dir_8000/CMSSW_6_2_0_SLHC12/validationEDM_17_1_BtT.root": {"endpoint": "srm://storm-se-01.ba.infn.it:8444/srm/managerv2?SFN=//cms/store/user/calabria/calabria_SingleMuPt1000_GEN-SIM-DIGI-RECO_CMSSW_6_2_0_SLHC12_2023Scenario_Case3/calabria_MuMinus1000_GEN-SIM-DIGI-RECO_CMSSW_6_2_0_SLHC12_2023Scenario_VALNOPU2_Case3/5854dd31cbd3cdec44c48628cc181cf0/", "surl_for_grid": "", "reason": "Copy succedeed with srm-lcg utils", "erCode": "0", "se_name": "storm-se-01.ba.infn.it", "for_lfn": "/store/user/calabria/calabria_SingleMuPt1000_GEN-SIM-DIGI-RECO_CMSSW_6_2_0_SLHC12_2023Scenario_Case3/calabria_MuMinus1000_GEN-SIM-DIGI-RECO_CMSSW_6_2_0_SLHC12_2023Scenario_VALNOPU2_Case3/5854dd31cbd3cdec44c48628cc181cf0/"}}/home/cms011/home_cream_368989654/CREAM368989654/glide_1KJ0hp/execute/dir_8000
-------- cat /home/cms011/home_cream_368989654/CREAM368989654/glide_1KJ0hp/execute/dir_8000/cmscpReport.sh 
#!/bin/bash
echo "Report for File: /home/cms011/home_cream_368989654/CREAM368989654/glide_1KJ0hp/execute/dir_8000/CMSSW_6_2_0_SLHC12/validationEDM_17_1_BtT.root"
echo "LFN: /store/user/calabria/calabria_SingleMuPt1000_GEN-SIM-DIGI-RECO_CMSSW_6_2_0_SLHC12_2023Scenario_Case3/calabria_MuMinus1000_GEN-SIM-DIGI-RECO_CMSSW_6_2_0_SLHC12_2023Scenario_VALNOPU2_Case3/5854dd31cbd3cdec44c48628cc181cf0/validationEDM_17_1_BtT.root"
echo "StorageElement: storm-se-01.ba.infn.it"
echo "StageOutExitStatusReason = 'Copy succedeed with srm-lcg utils'" | tee -a $RUNTIME_AREA/$repo
echo "StageOutSE = storm-se-01.ba.infn.it" >> $RUNTIME_AREA/$repo

export StageOutExitStatus=0
echo "StageOutExitStatus = 0" | tee -a $RUNTIME_AREA/$repo
-------- end of /home/cms011/home_cream_368989654/CREAM368989654/glide_1KJ0hp/execute/dir_8000/cmscpReport.sh 
Report for File: /home/cms011/home_cream_368989654/CREAM368989654/glide_1KJ0hp/execute/dir_8000/CMSSW_6_2_0_SLHC12/validationEDM_17_1_BtT.root
LFN: /store/user/calabria/calabria_SingleMuPt1000_GEN-SIM-DIGI-RECO_CMSSW_6_2_0_SLHC12_2023Scenario_Case3/calabria_MuMinus1000_GEN-SIM-DIGI-RECO_CMSSW_6_2_0_SLHC12_2023Scenario_VALNOPU2_Case3/5854dd31cbd3cdec44c48628cc181cf0/validationEDM_17_1_BtT.root
StorageElement: storm-se-01.ba.infn.it
StageOutExitStatusReason = 'Copy succedeed with srm-lcg utils'
StageOutExitStatus = 0
>>> current dir: /home/cms011/home_cream_368989654/CREAM368989654/glide_1KJ0hp/execute/dir_8000
>>> current dir content:
total 28080
-rw-------  1 cms011 cms     2794 Jun 18 00:50 .SEinteraction.log
-rwx------  1 cms011 cms     6830 Jun 18 00:42 .job.ad
-rwx------  1 cms011 cms     9462 Jun 18 00:42 .machine.ad
-rw-------  1 cms011 cms      105 Jun 16 20:45 CMSSW.py
-rw-------  1 cms011 cms  3740362 Jun 16 20:45 CMSSW.py.pkl
-rwx------  1 cms011 cms    29582 Jun 18 00:43 CMSSW.sh
drwxr-xr-x 15 cms011 cms     4096 Jun 18 00:49 CMSSW_6_2_0_SLHC12
-rw-------  1 cms011 cms      219 Jun 18 00:43 CacheEnv.sh
-rw-------  1 cms011 cms     7291 Apr  4 11:04 DashboardAPI.py
-rw-------  1 cms011 cms     6800 Jun 18 00:43 DashboardAPI.pyc
drwx------  2 cms011 cms     4096 Jun 18 00:49 IMProv
-rw-------  1 cms011 cms     2748 Apr  4 11:04 Logger.py
-rw-------  1 cms011 cms     3342 Jun 18 00:43 Logger.pyc
-rw-------  1 cms011 cms    24524 Apr  4 11:04 ProcInfo.py
-rw-------  1 cms011 cms    23173 Jun 18 00:43 ProcInfo.pyc
drwx------  7 cms011 cms     4096 Jun 18 00:43 ProdCommon
drwx------  3 cms011 cms     4096 Jun 18 00:43 WMCore
-rw-------  1 cms011 cms     2112 Jun 18 00:50 Watchdog_17.log
-rwx------  1 cms011 cms        0 Jun 18 00:43 _condor_stderr
-rwx---r--  1 cms011 cms    29582 Jun 18 00:50 _condor_stdout
-rw-------  1 cms011 cms    32895 Apr  4 11:04 apmon.py
-rw-------  1 cms011 cms    28596 Jun 18 00:43 apmon.pyc
-rwx------  1 cms011 cms    54971 Jun 18 00:43 arguments.xml
-rwx------  1 cms011 cms    38515 Apr  4 11:04 cmscp.py
-rw-------  1 cms011 cms      721 Jun 18 00:50 cmscpReport.sh
-rwx------  1 cms011 cms    29582 Jun 18 00:43 condor_exec.exe
-rw-------  1 cms011 cms      968 Jun 16 20:45 crab.cfg
-rwx------  1 cms011 cms     8610 Apr  4 11:04 crabWatchdog.sh
-rwx---r--  1 cms011 cms   523388 Jun 18 00:49 crab_fjr_17.xml
-rwx------  1 cms011 cms 23959009 Jun 18 00:43 default.tgz
-rwx------  1 cms011 cms     4488 Apr  4 11:04 fillCrabFjr.py
-rw-------  1 cms011 cms     2663 Jun 18 00:43 inputsReport.txt
-rw-------  1 cms011 cms      263 Jun 18 00:50 jobreport.txt
-rw-------  1 cms011 cms    17352 Apr  4 11:04 parseCrabFjr.py
-rw-------  1 cms011 cms      334 Jun 18 00:43 report.log
-rwx--x--x  1 cms011 cms     1497 Apr  4 11:04 report.py
-rw-------  1 cms011 cms      779 Jun 18 00:50 resultCopyFile
lrwxrwxrwx  1 cms011 cms      125 Jun 18 00:49 validationEDM.root -> /home/cms011/home_cream_368989654/CREAM368989654/glide_1KJ0hp/execute/dir_8000/CMSSW_6_2_0_SLHC12/validationEDM_17_1_BtT.root
-rwx------  1 cms011 cms     8387 Apr  4 11:04 writeCfg.py
-rw-------  1 cms011 cms     8014 Jun 18 00:42 x509up_u50707
>>> Modify Job Report:
CMSSW_VERSION = CMSSW_6_2_0_SLHC12
ProcessedDataset = calabria_MuMinus1000_GEN-SIM-DIGI-RECO_CMSSW_6_2_0_SLHC12_2023Scenario_VALNOPU2_Case3
/home/cms011/home_cream_368989654/CREAM368989654/glide_1KJ0hp/execute/dir_8000/ProdCommon/FwkJobRep/ModifyJobReport.py fjr /home/cms011/home_cream_368989654/CREAM368989654/glide_1KJ0hp/execute/dir_8000/crab_fjr_17.xml json /home/cms011/home_cream_368989654/CREAM368989654/glide_1KJ0hp/execute/dir_8000/resultCopyFile n_job 17_1_BtT PrimaryDataset calabria_SingleMuPt1000_GEN-SIM-DIGI-RECO_CMSSW_6_2_0_SLHC12_2023Scenario_Case3  ApplicationFamily cmsRun ApplicationName cmsRun cmssw_version CMSSW_6_2_0_SLHC12 psethash 5854dd31cbd3cdec44c48628cc181cf0 UserProcessedDataset calabria-calabria_MuMinus1000_GEN-SIM-DIGI-RECO_CMSSW_6_2_0_SLHC12_2023Scenario_VALNOPU2_Case3-5854dd31cbd3cdec44c48628cc181cf0
inputDict =  {u'/home/cms011/home_cream_368989654/CREAM368989654/glide_1KJ0hp/execute/dir_8000/CMSSW_6_2_0_SLHC12/validationEDM_17_1_BtT.root': {u'endpoint': u'srm://storm-se-01.ba.infn.it:8444/srm/managerv2?SFN=//cms/store/user/calabria/calabria_SingleMuPt1000_GEN-SIM-DIGI-RECO_CMSSW_6_2_0_SLHC12_2023Scenario_Case3/calabria_MuMinus1000_GEN-SIM-DIGI-RECO_CMSSW_6_2_0_SLHC12_2023Scenario_VALNOPU2_Case3/5854dd31cbd3cdec44c48628cc181cf0/', u'surl_for_grid': u'', u'reason': u'Copy succedeed with srm-lcg utils', u'erCode': u'0', u'se_name': u'storm-se-01.ba.infn.it', u'for_lfn': u'/store/user/calabria/calabria_SingleMuPt1000_GEN-SIM-DIGI-RECO_CMSSW_6_2_0_SLHC12_2023Scenario_Case3/calabria_MuMinus1000_GEN-SIM-DIGI-RECO_CMSSW_6_2_0_SLHC12_2023Scenario_VALNOPU2_Case3/5854dd31cbd3cdec44c48628cc181cf0/'}}
UserProcessedDataset =  calabria-calabria_MuMinus1000_GEN-SIM-DIGI-RECO_CMSSW_6_2_0_SLHC12_2023Scenario_VALNOPU2_Case3-5854dd31cbd3cdec44c48628cc181cf0
file_name in inputDict =  /home/cms011/home_cream_368989654/CREAM368989654/glide_1KJ0hp/execute/dir_8000/CMSSW_6_2_0_SLHC12/validationEDM_17_1_BtT.root
(size) os.stat(filename)[6] =  4030923
checksum =  4250091761
    file =  validationEDM_17_1_BtT.root
    newPfn =  srm://storm-se-01.ba.infn.it:8444/srm/managerv2?SFN=//cms/store/user/calabria/calabria_SingleMuPt1000_GEN-SIM-DIGI-RECO_CMSSW_6_2_0_SLHC12_2023Scenario_Case3/calabria_MuMinus1000_GEN-SIM-DIGI-RECO_CMSSW_6_2_0_SLHC12_2023Scenario_VALNOPU2_Case3/5854dd31cbd3cdec44c48628cc181cf0/validationEDM_17_1_BtT.root
    newLfn =  /store/user/calabria/calabria_SingleMuPt1000_GEN-SIM-DIGI-RECO_CMSSW_6_2_0_SLHC12_2023Scenario_Case3/calabria_MuMinus1000_GEN-SIM-DIGI-RECO_CMSSW_6_2_0_SLHC12_2023Scenario_VALNOPU2_Case3/5854dd31cbd3cdec44c48628cc181cf0/validationEDM_17_1_BtT.root
>>> crab_fjr_*.xml  permission set to 0704
CrabWrapper EXIT_FUNC entered at Wed Jun 18 00:50:47 CEST 2014   -  Tue Jun 17 22:50:47 UTC 2014
Checking output files:  
will tar file crab_fjr_17.xml in  out_files_17
WARNING: output file CMSSW_17.stdout not found!
WARNING: output file CMSSW_17.stderr not found!
WARNING: output file Watchdog_17.log.gz not found!
>>> padding time: Sleeping the wrapper for 136 seconds
STOPPING WATCHDOG. CrabWatchdog PID is 9161
********** LAST 50 LINES OF WATCHDOG LOG
# RESOURCE USAGE SUMMARY FOR PROCESS ID  8620
USER       PID %CPU %MEM    VSZ   RSS TTY      STAT START   TIME COMMAND
cms011    8620  0.4  0.0   9496  1592 ?        S    00:43   0:00 /bin/sh /home/cms011/home_cream_368989654/CREAM368989654/glide_1KJ0hp/execute/dir_8000/condor_exec.exe 17 1
 
# LIMITS USED BY CRAB WATCHDOG:
# RSS  (KBytes)   : 2300000
# VSZ  (KBytes)   : 100000000
# DISK (MBytes)   : 19000
# CPU TIME        : 720h:0m:0s
# WALL CLOCK TIME : 21h:50m:0s
 
# FOLLOWING PRINTOUT TRACKS MAXIMUM VALUES OF RESOURCES USE
# ONE LINE IS PRINTED EACH TIME A MAXIMUM CHANGES
# IF CHANGE WAS IN RSS OR VSZ ALSO PROCID AND COMMAND ARE PRINTED
# THERE IS NO PRINTOUT FOR CPU/WALL TIME INCREASE
 
# TIME			PID	RSS(KB)	VSZ(KB)	Dsk(MB)	tCPU(s)	tWALL(s)	COMMAND
 Jun 18 00:43:10 CEST	757	1260	106092	0	0	0	sh -c "./glidein_startup.sh" -v std -name v3_0 -entry CMS_T2_IT_Bari_ce2 -clientname UCSD-v1_0.main
 Jun 18 00:43:10 CEST	763	1776	106492	0	0	0	/bin/bash ./glidein_startup.sh -v std -name v3_0 -entry CMS_T2_IT_Bari_ce2 -clientname UCSD-v1_0.main -schedd
 Jun 18 00:43:10 CEST	8000	8416	106492	0	0	0	condor_starter -f submit-6.t2.ucsd.edu        
 Jun 18 00:43:10 CEST	9173	34780	106492	0	0	0	edmConfigHash pset.py         
 Jun 18 00:43:10 CEST	---	34780	106492	171	----	----	----
 Jun 18 00:44:11 CEST	10089	710372	987196	171	33	61	cmsRun -j /home/cms011/home_cream_368989654/CREAM368989654/glide_1KJ0hp/execute/dir_8000/crab_fjr_17.xml -p pset.py      
 Jun 18 00:44:11 CEST	---	710372	987196	175	----	----	----
 Jun 18 00:45:12 CEST	10089	735816	1006352	175	81	122	cmsRun -j /home/cms011/home_cream_368989654/CREAM368989654/glide_1KJ0hp/execute/dir_8000/crab_fjr_17.xml -p pset.py      
 Jun 18 00:47:13 CEST	10089	746612	1025068	175	181	243	cmsRun -j /home/cms011/home_cream_368989654/CREAM368989654/glide_1KJ0hp/execute/dir_8000/crab_fjr_17.xml -p pset.py      
 Jun 18 00:49:14 CEST	10089	758224	1036076	175	276	365	cmsRun -j /home/cms011/home_cream_368989654/CREAM368989654/glide_1KJ0hp/execute/dir_8000/crab_fjr_17.xml -p pset.py      
 Jun 18 00:50:15 CEST	---	758224	1036076	179	----	----	----
********** WATCHDOG LOG ENDED
ZIPPING WATCHDOG LOG
Disk space used:
du -sh /home/cms011/home_cream_368989654/CREAM368989654/glide_1KJ0hp/execute/dir_8000
179M	/home/cms011/home_cream_368989654/CREAM368989654/glide_1KJ0hp/execute/dir_8000
Found unusual stdout, rename for OSB
`/home/cms011/home_cream_368989654/CREAM368989654/glide_1KJ0hp/execute/dir_8000/_condor_stdout' -> `CMSSW_17.stdout'
Found unusual stderr, rename for OSB
`/home/cms011/home_cream_368989654/CREAM368989654/glide_1KJ0hp/execute/dir_8000/_condor_stdout' -> `CMSSW_17.stderr'
crab_fjr_17.xml
CMSSW_17.stdout
CMSSW_17.stderr
Watchdog_17.log.gz
Total Output dimension: 69852
WARNING: output files size limit is set to: 50000000
Total Output dimension 69852 is fine.
JOB_EXIT_STATUS = 0
>>> info for dashboard:
***** Cat /home/cms011/home_cream_368989654/CREAM368989654/glide_1KJ0hp/execute/dir_8000/jobreport.txt *****
MonitorJobID=17_https://submit-6.t2.ucsd.edu//140616//168550.16
MonitorID=calabria_MuMinus1000_Case3_ReReco_v184eq
ExeTime=384
ExeExitCode=0
StageOutExitStatusReason = 'Copy succedeed with srm-lcg utils'
StageOutSE = storm-se-01.ba.infn.it
StageOutExitStatus = 0
CrabUserCpuTime=308.97
CrabSysCpuTime=4.40
CrabCpuPercentage=81%
CrabWrapperTime=600
CrabStageoutTime=48
JobExitCode=0
***** End Cat jobreport *****
Parameters sent to Dashboard.
EXITING at Wed Jun 18 00:53:09 CEST 2014  -  Tue Jun 17 22:53:09 UTC 2014
