This script was generated by crab (version 2.10.5_patch1).
Running /home/cms021/home_cream_774230252/CREAM774230252/glide_lWHrQ3/execute/dir_40463/condor_exec.exe with 2 positional parameters: 12 1
Today is Wed Jun 18 01:14:08 CEST 2014 - Tue Jun 17 23:14:08 UTC 2014
Job submitted on host wn-recas-infn-2.ba.infn.it
Linux wn-recas-infn-2.ba.infn.it 2.6.32-358.23.2.el6.x86_64 #1 SMP Thu Oct 17 10:27:22 CEST 2013 x86_64 x86_64 x86_64 GNU/Linux
>>> current directory (RUNTIME_AREA): /home/cms021/home_cream_774230252/CREAM774230252/glide_lWHrQ3/execute/dir_40463
>>> current user: uid=18547(cms021) gid=1399(cms) groups=1399(cms)
>>> directory permission set to 0700
>>> umask set to:  u=rwx,g=,o=
>>> stdout stderr permission set to 0704
>>> voms proxy information:
subject   : /C=IT/O=INFN/OU=Personal Certificate/L=Bari/CN=Cesare Calabria/CN=477126703/CN=1892749308
issuer    : /C=IT/O=INFN/OU=Personal Certificate/L=Bari/CN=Cesare Calabria/CN=477126703
identity  : /C=IT/O=INFN/OU=Personal Certificate/L=Bari/CN=Cesare Calabria
type      : RFC3820 compliant limited proxy
strength  : 1024
path      : /home/cms021/home_cream_774230252/CREAM774230252/glide_lWHrQ3/execute/dir_40463/x509up_u50707
timeleft  : 23:58:17
key usage : Digital Signature, Key Encipherment, Data Encipherment
=== VO cms extension information ===
VO        : cms
subject   : /C=IT/O=INFN/OU=Personal Certificate/L=Bari/CN=Cesare Calabria
issuer    : /DC=ch/DC=cern/OU=computers/CN=voms.cern.ch
attribute : /cms/Role=NULL/Capability=NULL
attribute : /cms/itcms/Role=NULL/Capability=NULL
timeleft  : 154:09:56
uri       : voms.cern.ch:15002

WNHostName=wn-recas-infn-2.ba.infn.it
>>> tar --no-same-permissions -xf /home/cms021/home_cream_774230252/CREAM774230252/glide_lWHrQ3/execute/dir_40463/default.tgz :
Successful untar
>>> Include /home/cms021/home_cream_774230252/CREAM774230252/glide_lWHrQ3/execute/dir_40463 in PYTHONPATH:
strip arguments
env var CRAB_UNIQUE_JOB_ID set to: calabria_MuMinus1000_Case3_ReReco_v184eq_12_1_p1b
out_files_12
>>> list of expected files on output sandbox
output files: crab_fjr_12.xml CMSSW_12.stdout CMSSW_12.stderr Watchdog_12.log.gz
>>> GridFlavour discovery: 
GridFlavour=LCG
>>> SyncSite discovery: 
SyncSite=T2_IT_Bari
>>> SyncCE discovery: 
getting SyncCE from CE_ID
SyncCE=cream-ce-2.ba.infn.it:8443/cream-pbs-long
>>> info for dashboard:
***** Cat /home/cms021/home_cream_774230252/CREAM774230252/glide_lWHrQ3/execute/dir_40463/jobreport.txt *****
WNHostName=wn-recas-infn-2.ba.infn.it
MonitorJobID=12_https://submit-6.t2.ucsd.edu//140616//168550.11
SyncGridJobId=https://submit-6.t2.ucsd.edu//140616//168550.11
MonitorID=calabria_MuMinus1000_Case3_ReReco_v184eq
GridFlavour=LCG
SyncSite=T2_IT_Bari
SyncCE=cream-ce-2.ba.infn.it:8443/cream-pbs-long
***** End Cat jobreport *****
Parameters sent to Dashboard.
>>> setup environment
set SCRAM ARCH to slc5_amd64_gcc472
SCRAM_ARCH = slc5_amd64_gcc472
>>> setup CMS LCG environment:
set SCRAM ARCH and BUILD_ARCH to slc5_amd64_gcc472 ###
Sourcing environment... 
sourcing /cvmfs/cms.cern.ch/cmsset_default.sh
==> setup cms environment ok
>>> specific cmssw setup environment:
CMSSW_VERSION =  CMSSW_6_2_0_SLHC12
>>> current directory (SOFTWARE_DIR): /home/cms021/home_cream_774230252/CREAM774230252/glide_lWHrQ3/execute/dir_40463/CMSSW_6_2_0_SLHC12
PreserveSeeds: <>
IncrementSeeds:<>
>>> info for dashboard:
***** Cat /home/cms021/home_cream_774230252/CREAM774230252/glide_lWHrQ3/execute/dir_40463/jobreport.txt *****
MonitorJobID=12_https://submit-6.t2.ucsd.edu//140616//168550.11
MonitorID=calabria_MuMinus1000_Case3_ReReco_v184eq
***** End Cat jobreport *****
Parameters sent to Dashboard.
crabWatchdog started as process 48773
>>> moving CMSSW software directories in /home/cms021/home_cream_774230252/CREAM774230252/glide_lWHrQ3/execute/dir_40463/CMSSW_6_2_0_SLHC12
mv: cannot stat `/home/cms021/home_cream_774230252/CREAM774230252/glide_lWHrQ3/execute/dir_40463/module/': No such file or directory
>>> Include /home/cms021/home_cream_774230252/CREAM774230252/glide_lWHrQ3/execute/dir_40463 in PYTHONPATH:
PYTHONPATH=/home/cms021/home_cream_774230252/CREAM774230252/glide_lWHrQ3/execute/dir_40463/:/home/cms021/home_cream_774230252/CREAM774230252/glide_lWHrQ3/execute/dir_40463/CMSSW_6_2_0_SLHC12/python:/home/cms021/home_cream_774230252/CREAM774230252/glide_lWHrQ3/execute/dir_40463/CMSSW_6_2_0_SLHC12/lib/slc5_amd64_gcc472:/cvmfs/cms.cern.ch/slc5_amd64_gcc472/cms/cmssw/CMSSW_6_2_0_SLHC12/python:/cvmfs/cms.cern.ch/slc5_amd64_gcc472/cms/cmssw/CMSSW_6_2_0_SLHC12/lib/slc5_amd64_gcc472:/cvmfs/cms.cern.ch/slc5_amd64_gcc472/cms/coral/CORAL_2_3_21-cms36/slc5_amd64_gcc472/python:/cvmfs/cms.cern.ch/slc5_amd64_gcc472/cms/coral/CORAL_2_3_21-cms36/slc5_amd64_gcc472/lib:/cvmfs/cms.cern.ch/slc5_amd64_gcc472/external/pyqt/4.8.1-cms6/lib/python2.7/site-packages:/cvmfs/cms.cern.ch/slc5_amd64_gcc472/external/py2-scipy/0.8.0-cms8/lib/python2.7/site-packages:/cvmfs/cms.cern.ch/slc5_amd64_gcc472/external/py2-matplotlib/1.0.1-cms8/lib/python2.7/site-packages:/cvmfs/cms.cern.ch/slc5_amd64_gcc472/external/python-ldap/2.3.5-cms6/lib/python2.7/site-packages:/cvmfs/cms.cern.ch/slc5_amd64_gcc472/external/sip/4.11.2-cms6/lib/python2.7/site-packages:/cvmfs/cms.cern.ch/slc5_amd64_gcc472/external/py2-pycurl/7.19.0-cms8/lib/python2.7/site-packages:/cvmfs/cms.cern.ch/slc5_amd64_gcc472/external/py2-numpy/1.6.1-cms8/lib/python2.7/site-packages:/cvmfs/cms.cern.ch/slc5_amd64_gcc472/external/py2-lint/0.25.1-cms6/lib/python2.7/site-packages:/cvmfs/cms.cern.ch/slc5_amd64_gcc472/external/py2-ipython/0.10-cms6/lib/python2.7/site-packages:/cvmfs/cms.cern.ch/slc5_amd64_gcc472/external/py2-cx-oracle/5.1-cms7/lib/python2.7/site-packages:/cvmfs/cms.cern.ch/slc5_amd64_gcc472/external/py2-cjson/1.0.5-cms6/lib/python2.7/site-packages:/cvmfs/cms.cern.ch/slc5_amd64_gcc472/cms/das-client/1.11.7/bin:/cvmfs/cms.cern.ch/slc5_amd64_gcc472/external/elementtree/1.2.6-cms6/share/lib/python2.7/site-packages:/cvmfs/cms.cern.ch/slc5_amd64_gcc472/external/rivet/1.8.2-cms8/lib/python2.7/site-packages:/cvmfs/cms.cern.ch/slc5_amd64_gcc472/external/pyminuit2/0.0.1-cms19/lib/python2.7/site-packages:/cvmfs/cms.cern.ch/slc5_amd64_gcc472/external/py2-pygithub/1.23.0/lib/python2.7/site-packages:/cvmfs/cms.cern.ch/slc5_amd64_gcc472/external/professor/1.0.0-cms19/lib/python2.7/site-packages:/cvmfs/cms.cern.ch/slc5_amd64_gcc472/lcg/root/5.34.07-cms/lib:/cvmfs/cms.cern.ch/slc5_amd64_gcc472/cms/dbs-client/DBS_2_1_9-cms5/lib:/cvmfs/cms.cern.ch/slc5_amd64_gcc472/cms/dbs-client/DBS_2_1_9-cms5/lib/DBSAPI:/cvmfs/cms.cern.ch/slc5_amd64_gcc472/external/cvs2git/5419-cms/lib:/home/cms021/home_cream_774230252/CREAM774230252/glide_lWHrQ3/execute/dir_40463/
 
# LIMITS USED BY CRAB WATCHDOG:
# RSS  (KBytes)   : 2300000
# VSZ  (KBytes)   : 100000000
# DISK (MBytes)   : 19000
# CPU TIME        : 720h:0m:0s
# WALL CLOCK TIME : 21h:50m:0s
 
5854dd31cbd3cdec44c48628cc181cf0
PSETHASH = 5854dd31cbd3cdec44c48628cc181cf0
/home/cms021/home_cream_774230252/CREAM774230252/glide_lWHrQ3/execute/dir_40463/writeCfg.py pset.py pset.py
Importing .py file
Setting parameters
RandomNumberGeneratorService found, will attempt to change seeds
inputBlocks=/calabria_SingleMuPt1000_GEN-SIM-DIGI-RECO_CMSSW_6_2_0_SLHC12_2023Scenario_Case3/calabria-calabria_SingleMuPt1000_GEN-SIM-DIGI-RECO_CMSSW_6_2_0_SLHC12_2023Scenario_Case3-fa5ffd20b461790f8466430606d05ce8/USER#b12b29bf-6938-4663-ba1a-ef14676ea707
inputFiles=/store/user/calabria/calabria_SingleMuPt1000_GEN-SIM-DIGI-RECO_CMSSW_6_2_0_SLHC12_2023Scenario_Case3/calabria_SingleMuPt1000_GEN-SIM-DIGI-RECO_CMSSW_6_2_0_SLHC12_2023Scenario_Case3/fa5ffd20b461790f8466430606d05ce8/out_reco_457_2_Zb4.root;/store/user/calabria/calabria_SingleMuPt1000_GEN-SIM-DIGI-RECO_CMSSW_6_2_0_SLHC12_2023Scenario_Case3/calabria_SingleMuPt1000_GEN-SIM-DIGI-RECO_CMSSW_6_2_0_SLHC12_2023Scenario_Case3/fa5ffd20b461790f8466430606d05ce8/out_reco_460_2_vXM.root;/store/user/calabria/calabria_SingleMuPt1000_GEN-SIM-DIGI-RECO_CMSSW_6_2_0_SLHC12_2023Scenario_Case3/calabria_SingleMuPt1000_GEN-SIM-DIGI-RECO_CMSSW_6_2_0_SLHC12_2023Scenario_Case3/fa5ffd20b461790f8466430606d05ce8/out_reco_462_2_5Wk.root;/store/user/calabria/calabria_SingleMuPt1000_GEN-SIM-DIGI-RECO_CMSSW_6_2_0_SLHC12_2023Scenario_Case3/calabria_SingleMuPt1000_GEN-SIM-DIGI-RECO_CMSSW_6_2_0_SLHC12_2023Scenario_Case3/fa5ffd20b461790f8466430606d05ce8/out_reco_466_2_LdP.root;/store/user/calabria/calabria_SingleMuPt1000_GEN-SIM-DIGI-RECO_CMSSW_6_2_0_SLHC12_2023Scenario_Case3/calabria_SingleMuPt1000_GEN-SIM-DIGI-RECO_CMSSW_6_2_0_SLHC12_2023Scenario_Case3/fa5ffd20b461790f8466430606d05ce8/out_reco_469_2_u5d.root;/store/user/calabria/calabria_SingleMuPt1000_GEN-SIM-DIGI-RECO_CMSSW_6_2_0_SLHC12_2023Scenario_Case3/calabria_SingleMuPt1000_GEN-SIM-DIGI-RECO_CMSSW_6_2_0_SLHC12_2023Scenario_Case3/fa5ffd20b461790f8466430606d05ce8/out_reco_471_2_gEf.root;/store/user/calabria/calabria_SingleMuPt1000_GEN-SIM-DIGI-RECO_CMSSW_6_2_0_SLHC12_2023Scenario_Case3/calabria_SingleMuPt1000_GEN-SIM-DIGI-RECO_CMSSW_6_2_0_SLHC12_2023Scenario_Case3/fa5ffd20b461790f8466430606d05ce8/out_reco_472_2_mi8.root;/store/user/calabria/calabria_SingleMuPt1000_GEN-SIM-DIGI-RECO_CMSSW_6_2_0_SLHC12_2023Scenario_Case3/calabria_SingleMuPt1000_GEN-SIM-DIGI-RECO_CMSSW_6_2_0_SLHC12_2023Scenario_Case3/fa5ffd20b461790f8466430606d05ce8/out_reco_473_2_Ax3.root;/store/user/calabria/calabria_SingleMuPt1000_GEN-SIM-DIGI-RECO_CMSSW_6_2_0_SLHC12_2023Scenario_Case3/calabria_SingleMuPt1000_GEN-SIM-DIGI-RECO_CMSSW_6_2_0_SLHC12_2023Scenario_Case3/fa5ffd20b461790f8466430606d05ce8/out_reco_474_2_tEu.root;/store/user/calabria/calabria_SingleMuPt1000_GEN-SIM-DIGI-RECO_CMSSW_6_2_0_SLHC12_2023Scenario_Case3/calabria_SingleMuPt1000_GEN-SIM-DIGI-RECO_CMSSW_6_2_0_SLHC12_2023Scenario_Case3/fa5ffd20b461790f8466430606d05ce8/out_reco_477_2_OJg.root
parentFiles=
lumisRange=
>>> Executable cmsRun
/cvmfs/cms.cern.ch/slc5_amd64_gcc472/cms/cmssw/CMSSW_6_2_0_SLHC12/bin/slc5_amd64_gcc472/cmsRun
ok executable found
>>> info for dashboard:
***** Cat /home/cms021/home_cream_774230252/CREAM774230252/glide_lWHrQ3/execute/dir_40463/jobreport.txt *****
MonitorJobID=12_https://submit-6.t2.ucsd.edu//140616//168550.11
MonitorID=calabria_MuMinus1000_Case3_ReReco_v184eq
ExeStart=cmsRun
***** End Cat jobreport *****
Parameters sent to Dashboard.
>>> cmsRun started at Tue Jun 17 23:21:51 UTC 2014
>>> cmsRun ended at Wed Jun 18 00:37:11 UTC 2014
>>> crab_fjr_*.xml  permission set to 0704
>>> info for dashboard:
***** Cat /home/cms021/home_cream_774230252/CREAM774230252/glide_lWHrQ3/execute/dir_40463/jobreport.txt *****
MonitorJobID=12_https://submit-6.t2.ucsd.edu//140616//168550.11
MonitorID=calabria_MuMinus1000_Case3_ReReco_v184eq
ExeEnd=cmsRun
***** End Cat jobreport *****
Parameters sent to Dashboard.
TIME_EXE = 4520 sec
>>> cmsRun wrote 50 lines of stdout+stderr
>>> START OF printout of 50 lines from stdout+stderr
271 DQMStore::DQMStore 
HcalTopologyIdealEP::HcalTopologyIdealEP
18-Jun-2014 01:31:14 CEST  Initiating request to open file file:/lustre/cms//store/user/calabria/calabria_SingleMuPt1000_GEN-SIM-DIGI-RECO_CMSSW_6_2_0_SLHC12_2023Scenario_Case3/calabria_SingleMuPt1000_GEN-SIM-DIGI-RECO_CMSSW_6_2_0_SLHC12_2023Scenario_Case3/fa5ffd20b461790f8466430606d05ce8/out_reco_457_2_Zb4.root
18-Jun-2014 01:31:42 CEST  Successfully opened file file:/lustre/cms//store/user/calabria/calabria_SingleMuPt1000_GEN-SIM-DIGI-RECO_CMSSW_6_2_0_SLHC12_2023Scenario_Case3/calabria_SingleMuPt1000_GEN-SIM-DIGI-RECO_CMSSW_6_2_0_SLHC12_2023Scenario_Case3/fa5ffd20b461790f8466430606d05ce8/out_reco_457_2_Zb4.root
18-Jun-2014 01:40:14 CEST  Closed file file:/lustre/cms//store/user/calabria/calabria_SingleMuPt1000_GEN-SIM-DIGI-RECO_CMSSW_6_2_0_SLHC12_2023Scenario_Case3/calabria_SingleMuPt1000_GEN-SIM-DIGI-RECO_CMSSW_6_2_0_SLHC12_2023Scenario_Case3/fa5ffd20b461790f8466430606d05ce8/out_reco_457_2_Zb4.root
18-Jun-2014 01:40:14 CEST  Initiating request to open file file:/lustre/cms//store/user/calabria/calabria_SingleMuPt1000_GEN-SIM-DIGI-RECO_CMSSW_6_2_0_SLHC12_2023Scenario_Case3/calabria_SingleMuPt1000_GEN-SIM-DIGI-RECO_CMSSW_6_2_0_SLHC12_2023Scenario_Case3/fa5ffd20b461790f8466430606d05ce8/out_reco_460_2_vXM.root
18-Jun-2014 01:40:15 CEST  Successfully opened file file:/lustre/cms//store/user/calabria/calabria_SingleMuPt1000_GEN-SIM-DIGI-RECO_CMSSW_6_2_0_SLHC12_2023Scenario_Case3/calabria_SingleMuPt1000_GEN-SIM-DIGI-RECO_CMSSW_6_2_0_SLHC12_2023Scenario_Case3/fa5ffd20b461790f8466430606d05ce8/out_reco_460_2_vXM.root
18-Jun-2014 01:48:43 CEST  Closed file file:/lustre/cms//store/user/calabria/calabria_SingleMuPt1000_GEN-SIM-DIGI-RECO_CMSSW_6_2_0_SLHC12_2023Scenario_Case3/calabria_SingleMuPt1000_GEN-SIM-DIGI-RECO_CMSSW_6_2_0_SLHC12_2023Scenario_Case3/fa5ffd20b461790f8466430606d05ce8/out_reco_460_2_vXM.root
18-Jun-2014 01:48:43 CEST  Initiating request to open file file:/lustre/cms//store/user/calabria/calabria_SingleMuPt1000_GEN-SIM-DIGI-RECO_CMSSW_6_2_0_SLHC12_2023Scenario_Case3/calabria_SingleMuPt1000_GEN-SIM-DIGI-RECO_CMSSW_6_2_0_SLHC12_2023Scenario_Case3/fa5ffd20b461790f8466430606d05ce8/out_reco_462_2_5Wk.root
18-Jun-2014 01:48:43 CEST  Successfully opened file file:/lustre/cms//store/user/calabria/calabria_SingleMuPt1000_GEN-SIM-DIGI-RECO_CMSSW_6_2_0_SLHC12_2023Scenario_Case3/calabria_SingleMuPt1000_GEN-SIM-DIGI-RECO_CMSSW_6_2_0_SLHC12_2023Scenario_Case3/fa5ffd20b461790f8466430606d05ce8/out_reco_462_2_5Wk.root
18-Jun-2014 01:53:48 CEST  Closed file file:/lustre/cms//store/user/calabria/calabria_SingleMuPt1000_GEN-SIM-DIGI-RECO_CMSSW_6_2_0_SLHC12_2023Scenario_Case3/calabria_SingleMuPt1000_GEN-SIM-DIGI-RECO_CMSSW_6_2_0_SLHC12_2023Scenario_Case3/fa5ffd20b461790f8466430606d05ce8/out_reco_462_2_5Wk.root
18-Jun-2014 01:53:48 CEST  Initiating request to open file file:/lustre/cms//store/user/calabria/calabria_SingleMuPt1000_GEN-SIM-DIGI-RECO_CMSSW_6_2_0_SLHC12_2023Scenario_Case3/calabria_SingleMuPt1000_GEN-SIM-DIGI-RECO_CMSSW_6_2_0_SLHC12_2023Scenario_Case3/fa5ffd20b461790f8466430606d05ce8/out_reco_466_2_LdP.root
18-Jun-2014 01:53:48 CEST  Successfully opened file file:/lustre/cms//store/user/calabria/calabria_SingleMuPt1000_GEN-SIM-DIGI-RECO_CMSSW_6_2_0_SLHC12_2023Scenario_Case3/calabria_SingleMuPt1000_GEN-SIM-DIGI-RECO_CMSSW_6_2_0_SLHC12_2023Scenario_Case3/fa5ffd20b461790f8466430606d05ce8/out_reco_466_2_LdP.root
18-Jun-2014 01:59:37 CEST  Closed file file:/lustre/cms//store/user/calabria/calabria_SingleMuPt1000_GEN-SIM-DIGI-RECO_CMSSW_6_2_0_SLHC12_2023Scenario_Case3/calabria_SingleMuPt1000_GEN-SIM-DIGI-RECO_CMSSW_6_2_0_SLHC12_2023Scenario_Case3/fa5ffd20b461790f8466430606d05ce8/out_reco_466_2_LdP.root
18-Jun-2014 01:59:37 CEST  Initiating request to open file file:/lustre/cms//store/user/calabria/calabria_SingleMuPt1000_GEN-SIM-DIGI-RECO_CMSSW_6_2_0_SLHC12_2023Scenario_Case3/calabria_SingleMuPt1000_GEN-SIM-DIGI-RECO_CMSSW_6_2_0_SLHC12_2023Scenario_Case3/fa5ffd20b461790f8466430606d05ce8/out_reco_469_2_u5d.root
18-Jun-2014 01:59:38 CEST  Successfully opened file file:/lustre/cms//store/user/calabria/calabria_SingleMuPt1000_GEN-SIM-DIGI-RECO_CMSSW_6_2_0_SLHC12_2023Scenario_Case3/calabria_SingleMuPt1000_GEN-SIM-DIGI-RECO_CMSSW_6_2_0_SLHC12_2023Scenario_Case3/fa5ffd20b461790f8466430606d05ce8/out_reco_469_2_u5d.root
18-Jun-2014 02:06:00 CEST  Closed file file:/lustre/cms//store/user/calabria/calabria_SingleMuPt1000_GEN-SIM-DIGI-RECO_CMSSW_6_2_0_SLHC12_2023Scenario_Case3/calabria_SingleMuPt1000_GEN-SIM-DIGI-RECO_CMSSW_6_2_0_SLHC12_2023Scenario_Case3/fa5ffd20b461790f8466430606d05ce8/out_reco_469_2_u5d.root
18-Jun-2014 02:06:00 CEST  Initiating request to open file file:/lustre/cms//store/user/calabria/calabria_SingleMuPt1000_GEN-SIM-DIGI-RECO_CMSSW_6_2_0_SLHC12_2023Scenario_Case3/calabria_SingleMuPt1000_GEN-SIM-DIGI-RECO_CMSSW_6_2_0_SLHC12_2023Scenario_Case3/fa5ffd20b461790f8466430606d05ce8/out_reco_471_2_gEf.root
18-Jun-2014 02:06:01 CEST  Successfully opened file file:/lustre/cms//store/user/calabria/calabria_SingleMuPt1000_GEN-SIM-DIGI-RECO_CMSSW_6_2_0_SLHC12_2023Scenario_Case3/calabria_SingleMuPt1000_GEN-SIM-DIGI-RECO_CMSSW_6_2_0_SLHC12_2023Scenario_Case3/fa5ffd20b461790f8466430606d05ce8/out_reco_471_2_gEf.root
18-Jun-2014 02:13:18 CEST  Closed file file:/lustre/cms//store/user/calabria/calabria_SingleMuPt1000_GEN-SIM-DIGI-RECO_CMSSW_6_2_0_SLHC12_2023Scenario_Case3/calabria_SingleMuPt1000_GEN-SIM-DIGI-RECO_CMSSW_6_2_0_SLHC12_2023Scenario_Case3/fa5ffd20b461790f8466430606d05ce8/out_reco_471_2_gEf.root
18-Jun-2014 02:13:18 CEST  Initiating request to open file file:/lustre/cms//store/user/calabria/calabria_SingleMuPt1000_GEN-SIM-DIGI-RECO_CMSSW_6_2_0_SLHC12_2023Scenario_Case3/calabria_SingleMuPt1000_GEN-SIM-DIGI-RECO_CMSSW_6_2_0_SLHC12_2023Scenario_Case3/fa5ffd20b461790f8466430606d05ce8/out_reco_472_2_mi8.root
18-Jun-2014 02:13:18 CEST  Successfully opened file file:/lustre/cms//store/user/calabria/calabria_SingleMuPt1000_GEN-SIM-DIGI-RECO_CMSSW_6_2_0_SLHC12_2023Scenario_Case3/calabria_SingleMuPt1000_GEN-SIM-DIGI-RECO_CMSSW_6_2_0_SLHC12_2023Scenario_Case3/fa5ffd20b461790f8466430606d05ce8/out_reco_472_2_mi8.root
18-Jun-2014 02:19:28 CEST  Closed file file:/lustre/cms//store/user/calabria/calabria_SingleMuPt1000_GEN-SIM-DIGI-RECO_CMSSW_6_2_0_SLHC12_2023Scenario_Case3/calabria_SingleMuPt1000_GEN-SIM-DIGI-RECO_CMSSW_6_2_0_SLHC12_2023Scenario_Case3/fa5ffd20b461790f8466430606d05ce8/out_reco_472_2_mi8.root
18-Jun-2014 02:19:28 CEST  Initiating request to open file file:/lustre/cms//store/user/calabria/calabria_SingleMuPt1000_GEN-SIM-DIGI-RECO_CMSSW_6_2_0_SLHC12_2023Scenario_Case3/calabria_SingleMuPt1000_GEN-SIM-DIGI-RECO_CMSSW_6_2_0_SLHC12_2023Scenario_Case3/fa5ffd20b461790f8466430606d05ce8/out_reco_473_2_Ax3.root
18-Jun-2014 02:19:29 CEST  Successfully opened file file:/lustre/cms//store/user/calabria/calabria_SingleMuPt1000_GEN-SIM-DIGI-RECO_CMSSW_6_2_0_SLHC12_2023Scenario_Case3/calabria_SingleMuPt1000_GEN-SIM-DIGI-RECO_CMSSW_6_2_0_SLHC12_2023Scenario_Case3/fa5ffd20b461790f8466430606d05ce8/out_reco_473_2_Ax3.root
18-Jun-2014 02:24:46 CEST  Closed file file:/lustre/cms//store/user/calabria/calabria_SingleMuPt1000_GEN-SIM-DIGI-RECO_CMSSW_6_2_0_SLHC12_2023Scenario_Case3/calabria_SingleMuPt1000_GEN-SIM-DIGI-RECO_CMSSW_6_2_0_SLHC12_2023Scenario_Case3/fa5ffd20b461790f8466430606d05ce8/out_reco_473_2_Ax3.root
18-Jun-2014 02:24:47 CEST  Initiating request to open file file:/lustre/cms//store/user/calabria/calabria_SingleMuPt1000_GEN-SIM-DIGI-RECO_CMSSW_6_2_0_SLHC12_2023Scenario_Case3/calabria_SingleMuPt1000_GEN-SIM-DIGI-RECO_CMSSW_6_2_0_SLHC12_2023Scenario_Case3/fa5ffd20b461790f8466430606d05ce8/out_reco_474_2_tEu.root
18-Jun-2014 02:24:47 CEST  Successfully opened file file:/lustre/cms//store/user/calabria/calabria_SingleMuPt1000_GEN-SIM-DIGI-RECO_CMSSW_6_2_0_SLHC12_2023Scenario_Case3/calabria_SingleMuPt1000_GEN-SIM-DIGI-RECO_CMSSW_6_2_0_SLHC12_2023Scenario_Case3/fa5ffd20b461790f8466430606d05ce8/out_reco_474_2_tEu.root
18-Jun-2014 02:30:24 CEST  Closed file file:/lustre/cms//store/user/calabria/calabria_SingleMuPt1000_GEN-SIM-DIGI-RECO_CMSSW_6_2_0_SLHC12_2023Scenario_Case3/calabria_SingleMuPt1000_GEN-SIM-DIGI-RECO_CMSSW_6_2_0_SLHC12_2023Scenario_Case3/fa5ffd20b461790f8466430606d05ce8/out_reco_474_2_tEu.root
18-Jun-2014 02:30:24 CEST  Initiating request to open file file:/lustre/cms//store/user/calabria/calabria_SingleMuPt1000_GEN-SIM-DIGI-RECO_CMSSW_6_2_0_SLHC12_2023Scenario_Case3/calabria_SingleMuPt1000_GEN-SIM-DIGI-RECO_CMSSW_6_2_0_SLHC12_2023Scenario_Case3/fa5ffd20b461790f8466430606d05ce8/out_reco_477_2_OJg.root
18-Jun-2014 02:30:24 CEST  Successfully opened file file:/lustre/cms//store/user/calabria/calabria_SingleMuPt1000_GEN-SIM-DIGI-RECO_CMSSW_6_2_0_SLHC12_2023Scenario_Case3/calabria_SingleMuPt1000_GEN-SIM-DIGI-RECO_CMSSW_6_2_0_SLHC12_2023Scenario_Case3/fa5ffd20b461790f8466430606d05ce8/out_reco_477_2_OJg.root
18-Jun-2014 02:37:02 CEST  Closed file file:/lustre/cms//store/user/calabria/calabria_SingleMuPt1000_GEN-SIM-DIGI-RECO_CMSSW_6_2_0_SLHC12_2023Scenario_Case3/calabria_SingleMuPt1000_GEN-SIM-DIGI-RECO_CMSSW_6_2_0_SLHC12_2023Scenario_Case3/fa5ffd20b461790f8466430606d05ce8/out_reco_477_2_OJg.root

=============================================

MessageLogger Summary

 type     category        sev    module        subroutine        count    total
 ---- -------------------- -- ---------------- ----------------  -----    -----
    1 fileAction           -s file_close                            10       10
    2 fileAction           -s file_open                             20       20

 type    category    Examples: run/evt        run/evt          run/evt
 ---- -------------------- ---------------- ---------------- ----------------
    1 fileAction           PostProcessEvent PostProcessEvent PostEndRun
    2 fileAction           pre-events       pre-events       PostProcessEvent

Severity    # Occurrences   Total Occurrences
--------    -------------   -----------------
System                 30                  30
>>> END OF printout of 50 lines from stdout+stderr
>>> Parse FrameworkJobReport crab_fjr.xml
Result of parsing the FrameworkJobReport crab_fjr.xml: Popularity start
lumisRange : 1::::1;1::::2;1::::3;1::::4;1::::5;1::::6;1::::7;1::::8;1::::9;1::::10;
lumisParentRange : 
Basename : /store/user/calabria/calabria_SingleMuPt1000_GEN-SIM-DIGI-RECO_CMSSW_6_2_0_SLHC12_2023Scenario_Case3/calabria_SingleMuPt1000_GEN-SIM-DIGI-RECO_CMSSW_6_2_0_SLHC12_2023Scenario_Case3/fa5ffd20b461790f8466430606d05ce8/out_reco_4
BasenameParent : 
parentFiles : 
inputBlocks : /calabria_SingleMuPt1000_GEN-SIM-DIGI-RECO_CMSSW_6_2_0_SLHC12_2023Scenario_Case3/calabria-calabria_SingleMuPt1000_GEN-SIM-DIGI-RECO_CMSSW_6_2_0_SLHC12_2023Scenario_Case3-fa5ffd20b461790f8466430606d05ce8/USER#b12b29bf-6938-4663-ba1a-ef14676ea707
inputFiles : 62_2_5Wk.root::1::EDM::Local::1;60_2_vXM.root::1::EDM::Local::2;77_2_OJg.root::1::EDM::Local::3;73_2_Ax3.root::1::EDM::Local::4;69_2_u5d.root::1::EDM::Local::5;74_2_tEu.root::1::EDM::Local::6;72_2_mi8.root::1::EDM::Local::7;71_2_gEf.root::1::EDM::Local::8;57_2_Zb4.root::1::EDM::Local::9;66_2_LdP.root::1::EDM::Local::10;
Popularity stop
Extracted ExitStatus from FrameworkJobReport parsing output: 0
>>> Executable succeded  0
ExeExitCode=0
EXECUTABLE_EXIT_STATUS = 0
>>> current directory /home/cms021/home_cream_774230252/CREAM774230252/glide_lWHrQ3/execute/dir_40463/CMSSW_6_2_0_SLHC12
>>>  (SOFTWARE_DIR): /home/cms021/home_cream_774230252/CREAM774230252/glide_lWHrQ3/execute/dir_40463/CMSSW_6_2_0_SLHC12
>>> (WORKING_DIR): 
>>> current directory content:
total 11324
drwxr-xr-x 3 cms021 cms    4096 Jun 18 01:15 .SCRAM
-rw------- 1 cms021 cms 3740362 Jun 18 01:15 CMSSW.py.pkl
drwxr-xr-x 3 cms021 cms    4096 Jun 18 01:15 bin
drwxr-xr-x 3 cms021 cms    4096 Jun 18 01:15 cfipython
drwxr-xr-x 4 cms021 cms    4096 Jun 18 01:14 config
-rw------- 1 cms021 cms      19 Jun 18 02:37 cpu_timing.txt
drwxr-xr-x 2 cms021 cms    4096 Jun 18 01:15 doc
-rw------- 1 cms021 cms   10045 Jun 18 02:37 executable.out
drwxr-xr-x 2 cms021 cms    4096 Jun 18 01:15 include
drwx------ 3 cms021 cms    4096 Apr 28 18:12 lib
drwxr-xr-x 3 cms021 cms    4096 Jun 18 01:15 logs
drwxr-xr-x 3 cms021 cms    4096 Jun 18 01:15 objs
-rw------- 1 cms021 cms     104 Jun 18 01:20 pset.py
-rw------- 1 cms021 cms 3712351 Jun 18 01:21 pset.py.pkl
-rw------- 1 cms021 cms     289 Jun 18 01:19 pset.pyc
drwxr-xr-x 2 cms021 cms    4096 Jun 18 01:15 python
-rw------- 1 cms021 cms     416 Jun 18 02:37 report.log
drwx------ 6 cms021 cms    4096 Jun 18 01:14 src
drwxr-xr-x 3 cms021 cms    4096 Jun 18 01:15 test
drwxr-xr-x 3 cms021 cms    4096 Jun 18 01:15 tmp
-rw------- 1 cms021 cms 4039100 Jun 18 02:37 validationEDM.root
>>> current directory /home/cms021/home_cream_774230252/CREAM774230252/glide_lWHrQ3/execute/dir_40463/CMSSW_6_2_0_SLHC12
>>> (SOFTWARE_DIR): /home/cms021/home_cream_774230252/CREAM774230252/glide_lWHrQ3/execute/dir_40463/CMSSW_6_2_0_SLHC12
>>> (WORKING_DIR): 
>>> current directory content:
total 11324
drwxr-xr-x 3 cms021 cms    4096 Jun 18 01:15 .SCRAM
-rw------- 1 cms021 cms 3740362 Jun 18 01:15 CMSSW.py.pkl
drwxr-xr-x 3 cms021 cms    4096 Jun 18 01:15 bin
drwxr-xr-x 3 cms021 cms    4096 Jun 18 01:15 cfipython
drwxr-xr-x 4 cms021 cms    4096 Jun 18 01:14 config
-rw------- 1 cms021 cms      19 Jun 18 02:37 cpu_timing.txt
drwxr-xr-x 2 cms021 cms    4096 Jun 18 01:15 doc
-rw------- 1 cms021 cms   10045 Jun 18 02:37 executable.out
drwxr-xr-x 2 cms021 cms    4096 Jun 18 01:15 include
drwx------ 3 cms021 cms    4096 Apr 28 18:12 lib
drwxr-xr-x 3 cms021 cms    4096 Jun 18 01:15 logs
drwxr-xr-x 3 cms021 cms    4096 Jun 18 01:15 objs
-rw------- 1 cms021 cms     104 Jun 18 01:20 pset.py
-rw------- 1 cms021 cms 3712351 Jun 18 01:21 pset.py.pkl
-rw------- 1 cms021 cms     289 Jun 18 01:19 pset.pyc
drwxr-xr-x 2 cms021 cms    4096 Jun 18 01:15 python
-rw------- 1 cms021 cms     416 Jun 18 02:37 report.log
drwx------ 6 cms021 cms    4096 Jun 18 01:14 src
drwxr-xr-x 3 cms021 cms    4096 Jun 18 01:15 test
drwxr-xr-x 3 cms021 cms    4096 Jun 18 01:15 tmp
-rw------- 1 cms021 cms 4039100 Jun 18 02:37 validationEDM_12_1_p1b.root
>>> current directory (RUNTIME_AREA):  /home/cms021/home_cream_774230252/CREAM774230252/glide_lWHrQ3/execute/dir_40463
SE = storm-se-01.ba.infn.it
SE_PATH = /srm/managerv2?SFN=//cms/store/user/calabria/calabria_SingleMuPt1000_GEN-SIM-DIGI-RECO_CMSSW_6_2_0_SLHC12_2023Scenario_Case3/calabria_MuMinus1000_GEN-SIM-DIGI-RECO_CMSSW_6_2_0_SLHC12_2023Scenario_VALNOPU2_Case3/5854dd31cbd3cdec44c48628cc181cf0/
LFNBaseName = /store/user/calabria/calabria_SingleMuPt1000_GEN-SIM-DIGI-RECO_CMSSW_6_2_0_SLHC12_2023Scenario_Case3/calabria_MuMinus1000_GEN-SIM-DIGI-RECO_CMSSW_6_2_0_SLHC12_2023Scenario_VALNOPU2_Case3/5854dd31cbd3cdec44c48628cc181cf0/
USER = calabria
endpoint = srm://storm-se-01.ba.infn.it:8444/srm/managerv2?SFN=//cms/store/user/calabria/calabria_SingleMuPt1000_GEN-SIM-DIGI-RECO_CMSSW_6_2_0_SLHC12_2023Scenario_Case3/calabria_MuMinus1000_GEN-SIM-DIGI-RECO_CMSSW_6_2_0_SLHC12_2023Scenario_VALNOPU2_Case3/5854dd31cbd3cdec44c48628cc181cf0/
>>> Copy output files from WN = wn-recas-infn-2.ba.infn.it to /srm/managerv2?SFN=//cms/store/user/calabria/calabria_SingleMuPt1000_GEN-SIM-DIGI-RECO_CMSSW_6_2_0_SLHC12_2023Scenario_Case3/calabria_MuMinus1000_GEN-SIM-DIGI-RECO_CMSSW_6_2_0_SLHC12_2023Scenario_VALNOPU2_Case3/5854dd31cbd3cdec44c48628cc181cf0/ :
python cmscp.py  --destination srm://storm-se-01.ba.infn.it:8444/srm/managerv2?SFN=//cms/store/user/calabria/calabria_SingleMuPt1000_GEN-SIM-DIGI-RECO_CMSSW_6_2_0_SLHC12_2023Scenario_Case3/calabria_MuMinus1000_GEN-SIM-DIGI-RECO_CMSSW_6_2_0_SLHC12_2023Scenario_VALNOPU2_Case3/5854dd31cbd3cdec44c48628cc181cf0/ --inputFileList /home/cms021/home_cream_774230252/CREAM774230252/glide_lWHrQ3/execute/dir_40463/CMSSW_6_2_0_SLHC12/validationEDM_12_1_p1b.root --middleware LCG --se_name storm-se-01.ba.infn.it --for_lfn /store/user/calabria/calabria_SingleMuPt1000_GEN-SIM-DIGI-RECO_CMSSW_6_2_0_SLHC12_2023Scenario_Case3/calabria_MuMinus1000_GEN-SIM-DIGI-RECO_CMSSW_6_2_0_SLHC12_2023Scenario_VALNOPU2_Case3/5854dd31cbd3cdec44c48628cc181cf0/    
******************************************************
localSeName  =  storm-se-01.ba.infn.it
remoteSeName =  storm-se-01.ba.infn.it
******************************************************
{"/home/cms021/home_cream_774230252/CREAM774230252/glide_lWHrQ3/execute/dir_40463/CMSSW_6_2_0_SLHC12/validationEDM_12_1_p1b.root": {"endpoint": "srm://storm-se-01.ba.infn.it:8444/srm/managerv2?SFN=//cms/store/user/calabria/calabria_SingleMuPt1000_GEN-SIM-DIGI-RECO_CMSSW_6_2_0_SLHC12_2023Scenario_Case3/calabria_MuMinus1000_GEN-SIM-DIGI-RECO_CMSSW_6_2_0_SLHC12_2023Scenario_VALNOPU2_Case3/5854dd31cbd3cdec44c48628cc181cf0/", "surl_for_grid": "", "reason": "Copy succedeed with srm-lcg utils", "erCode": "0", "se_name": "storm-se-01.ba.infn.it", "for_lfn": "/store/user/calabria/calabria_SingleMuPt1000_GEN-SIM-DIGI-RECO_CMSSW_6_2_0_SLHC12_2023Scenario_Case3/calabria_MuMinus1000_GEN-SIM-DIGI-RECO_CMSSW_6_2_0_SLHC12_2023Scenario_VALNOPU2_Case3/5854dd31cbd3cdec44c48628cc181cf0/"}}/home/cms021/home_cream_774230252/CREAM774230252/glide_lWHrQ3/execute/dir_40463
-------- cat /home/cms021/home_cream_774230252/CREAM774230252/glide_lWHrQ3/execute/dir_40463/cmscpReport.sh 
#!/bin/bash
echo "Report for File: /home/cms021/home_cream_774230252/CREAM774230252/glide_lWHrQ3/execute/dir_40463/CMSSW_6_2_0_SLHC12/validationEDM_12_1_p1b.root"
echo "LFN: /store/user/calabria/calabria_SingleMuPt1000_GEN-SIM-DIGI-RECO_CMSSW_6_2_0_SLHC12_2023Scenario_Case3/calabria_MuMinus1000_GEN-SIM-DIGI-RECO_CMSSW_6_2_0_SLHC12_2023Scenario_VALNOPU2_Case3/5854dd31cbd3cdec44c48628cc181cf0/validationEDM_12_1_p1b.root"
echo "StorageElement: storm-se-01.ba.infn.it"
echo "StageOutExitStatusReason = 'Copy succedeed with srm-lcg utils'" | tee -a $RUNTIME_AREA/$repo
echo "StageOutSE = storm-se-01.ba.infn.it" >> $RUNTIME_AREA/$repo

export StageOutExitStatus=0
echo "StageOutExitStatus = 0" | tee -a $RUNTIME_AREA/$repo
-------- end of /home/cms021/home_cream_774230252/CREAM774230252/glide_lWHrQ3/execute/dir_40463/cmscpReport.sh 
Report for File: /home/cms021/home_cream_774230252/CREAM774230252/glide_lWHrQ3/execute/dir_40463/CMSSW_6_2_0_SLHC12/validationEDM_12_1_p1b.root
LFN: /store/user/calabria/calabria_SingleMuPt1000_GEN-SIM-DIGI-RECO_CMSSW_6_2_0_SLHC12_2023Scenario_Case3/calabria_MuMinus1000_GEN-SIM-DIGI-RECO_CMSSW_6_2_0_SLHC12_2023Scenario_VALNOPU2_Case3/5854dd31cbd3cdec44c48628cc181cf0/validationEDM_12_1_p1b.root
StorageElement: storm-se-01.ba.infn.it
StageOutExitStatusReason = 'Copy succedeed with srm-lcg utils'
StageOutExitStatus = 0
>>> current dir: /home/cms021/home_cream_774230252/CREAM774230252/glide_lWHrQ3/execute/dir_40463
>>> current dir content:
total 28080
-rw-------  1 cms021 cms     2802 Jun 18 02:41 .SEinteraction.log
-rwx------  1 cms021 cms     6810 Jun 18 01:13 .job.ad
-rwx------  1 cms021 cms     9332 Jun 18 01:13 .machine.ad
-rw-------  1 cms021 cms      105 Jun 16 20:45 CMSSW.py
-rw-------  1 cms021 cms  3740362 Jun 16 20:45 CMSSW.py.pkl
-rwx------  1 cms021 cms    29582 Jun 18 01:13 CMSSW.sh
drwxr-xr-x 15 cms021 cms     4096 Jun 18 02:39 CMSSW_6_2_0_SLHC12
-rw-------  1 cms021 cms      220 Jun 18 01:14 CacheEnv.sh
-rw-------  1 cms021 cms     7291 Apr  4 11:04 DashboardAPI.py
-rw-------  1 cms021 cms     6815 Jun 18 01:15 DashboardAPI.pyc
drwx------  2 cms021 cms     4096 Jun 18 02:37 IMProv
-rw-------  1 cms021 cms     2748 Apr  4 11:04 Logger.py
-rw-------  1 cms021 cms     3347 Jun 18 01:15 Logger.pyc
-rw-------  1 cms021 cms    24524 Apr  4 11:04 ProcInfo.py
-rw-------  1 cms021 cms    23197 Jun 18 01:15 ProcInfo.pyc
drwx------  7 cms021 cms     4096 Jun 18 01:19 ProdCommon
drwx------  3 cms021 cms     4096 Jun 18 01:14 WMCore
-rw-------  1 cms021 cms     4063 Jun 18 02:40 Watchdog_12.log
-rwx------  1 cms021 cms        0 Jun 18 01:13 _condor_stderr
-rwx---r--  1 cms021 cms    29678 Jun 18 02:41 _condor_stdout
-rw-------  1 cms021 cms    32895 Apr  4 11:04 apmon.py
-rw-------  1 cms021 cms    28625 Jun 18 01:15 apmon.pyc
-rwx------  1 cms021 cms    54971 Jun 18 01:13 arguments.xml
-rwx------  1 cms021 cms    38515 Apr  4 11:04 cmscp.py
-rw-------  1 cms021 cms      722 Jun 18 02:41 cmscpReport.sh
-rwx------  1 cms021 cms    29582 Jun 18 01:13 condor_exec.exe
-rw-------  1 cms021 cms      968 Jun 16 20:45 crab.cfg
-rwx------  1 cms021 cms     8610 Apr  4 11:04 crabWatchdog.sh
-rwx---r--  1 cms021 cms   523434 Jun 18 02:37 crab_fjr_12.xml
-rwx------  1 cms021 cms 23959009 Jun 18 01:13 default.tgz
-rwx------  1 cms021 cms     4488 Apr  4 11:04 fillCrabFjr.py
-rw-------  1 cms021 cms     2673 Jun 18 01:19 inputsReport.txt
-rw-------  1 cms021 cms      264 Jun 18 02:41 jobreport.txt
-rw-------  1 cms021 cms    17352 Apr  4 11:04 parseCrabFjr.py
-rw-------  1 cms021 cms      339 Jun 18 01:14 report.log
-rwx--x--x  1 cms021 cms     1497 Apr  4 11:04 report.py
-rw-------  1 cms021 cms      780 Jun 18 02:41 resultCopyFile
lrwxrwxrwx  1 cms021 cms      126 Jun 18 02:39 validationEDM.root -> /home/cms021/home_cream_774230252/CREAM774230252/glide_lWHrQ3/execute/dir_40463/CMSSW_6_2_0_SLHC12/validationEDM_12_1_p1b.root
-rwx------  1 cms021 cms     8387 Apr  4 11:04 writeCfg.py
-rw-------  1 cms021 cms     8010 Jun 18 01:13 x509up_u50707
>>> Modify Job Report:
CMSSW_VERSION = CMSSW_6_2_0_SLHC12
ProcessedDataset = calabria_MuMinus1000_GEN-SIM-DIGI-RECO_CMSSW_6_2_0_SLHC12_2023Scenario_VALNOPU2_Case3
/home/cms021/home_cream_774230252/CREAM774230252/glide_lWHrQ3/execute/dir_40463/ProdCommon/FwkJobRep/ModifyJobReport.py fjr /home/cms021/home_cream_774230252/CREAM774230252/glide_lWHrQ3/execute/dir_40463/crab_fjr_12.xml json /home/cms021/home_cream_774230252/CREAM774230252/glide_lWHrQ3/execute/dir_40463/resultCopyFile n_job 12_1_p1b PrimaryDataset calabria_SingleMuPt1000_GEN-SIM-DIGI-RECO_CMSSW_6_2_0_SLHC12_2023Scenario_Case3  ApplicationFamily cmsRun ApplicationName cmsRun cmssw_version CMSSW_6_2_0_SLHC12 psethash 5854dd31cbd3cdec44c48628cc181cf0 UserProcessedDataset calabria-calabria_MuMinus1000_GEN-SIM-DIGI-RECO_CMSSW_6_2_0_SLHC12_2023Scenario_VALNOPU2_Case3-5854dd31cbd3cdec44c48628cc181cf0
inputDict =  {u'/home/cms021/home_cream_774230252/CREAM774230252/glide_lWHrQ3/execute/dir_40463/CMSSW_6_2_0_SLHC12/validationEDM_12_1_p1b.root': {u'endpoint': u'srm://storm-se-01.ba.infn.it:8444/srm/managerv2?SFN=//cms/store/user/calabria/calabria_SingleMuPt1000_GEN-SIM-DIGI-RECO_CMSSW_6_2_0_SLHC12_2023Scenario_Case3/calabria_MuMinus1000_GEN-SIM-DIGI-RECO_CMSSW_6_2_0_SLHC12_2023Scenario_VALNOPU2_Case3/5854dd31cbd3cdec44c48628cc181cf0/', u'surl_for_grid': u'', u'reason': u'Copy succedeed with srm-lcg utils', u'erCode': u'0', u'se_name': u'storm-se-01.ba.infn.it', u'for_lfn': u'/store/user/calabria/calabria_SingleMuPt1000_GEN-SIM-DIGI-RECO_CMSSW_6_2_0_SLHC12_2023Scenario_Case3/calabria_MuMinus1000_GEN-SIM-DIGI-RECO_CMSSW_6_2_0_SLHC12_2023Scenario_VALNOPU2_Case3/5854dd31cbd3cdec44c48628cc181cf0/'}}
UserProcessedDataset =  calabria-calabria_MuMinus1000_GEN-SIM-DIGI-RECO_CMSSW_6_2_0_SLHC12_2023Scenario_VALNOPU2_Case3-5854dd31cbd3cdec44c48628cc181cf0
file_name in inputDict =  /home/cms021/home_cream_774230252/CREAM774230252/glide_lWHrQ3/execute/dir_40463/CMSSW_6_2_0_SLHC12/validationEDM_12_1_p1b.root
(size) os.stat(filename)[6] =  4039100
checksum =  2371096020
    file =  validationEDM_12_1_p1b.root
    newPfn =  srm://storm-se-01.ba.infn.it:8444/srm/managerv2?SFN=//cms/store/user/calabria/calabria_SingleMuPt1000_GEN-SIM-DIGI-RECO_CMSSW_6_2_0_SLHC12_2023Scenario_Case3/calabria_MuMinus1000_GEN-SIM-DIGI-RECO_CMSSW_6_2_0_SLHC12_2023Scenario_VALNOPU2_Case3/5854dd31cbd3cdec44c48628cc181cf0/validationEDM_12_1_p1b.root
    newLfn =  /store/user/calabria/calabria_SingleMuPt1000_GEN-SIM-DIGI-RECO_CMSSW_6_2_0_SLHC12_2023Scenario_Case3/calabria_MuMinus1000_GEN-SIM-DIGI-RECO_CMSSW_6_2_0_SLHC12_2023Scenario_VALNOPU2_Case3/5854dd31cbd3cdec44c48628cc181cf0/validationEDM_12_1_p1b.root
>>> crab_fjr_*.xml  permission set to 0704
CrabWrapper EXIT_FUNC entered at Wed Jun 18 02:41:49 CEST 2014   -  Wed Jun 18 00:41:50 UTC 2014
Checking output files:  
will tar file crab_fjr_12.xml in  out_files_12
WARNING: output file CMSSW_12.stdout not found!
WARNING: output file CMSSW_12.stderr not found!
WARNING: output file Watchdog_12.log.gz not found!
>>> padding time: Wrapper lasting more than 600 seconds. No sleep required.
STOPPING WATCHDOG. CrabWatchdog PID is 48773
********** LAST 50 LINES OF WATCHDOG LOG
# RESOURCE USAGE SUMMARY FOR PROCESS ID 41410
USER       PID %CPU %MEM    VSZ   RSS TTY      STAT START   TIME COMMAND
cms021   41410  0.7  0.0   9500  1596 ?        S    01:13   0:00 /bin/sh /home/cms021/home_cream_774230252/CREAM774230252/glide_lWHrQ3/execute/dir_40463/condor_exec.exe 12 1
 
# LIMITS USED BY CRAB WATCHDOG:
# RSS  (KBytes)   : 2300000
# VSZ  (KBytes)   : 100000000
# DISK (MBytes)   : 19000
# CPU TIME        : 720h:0m:0s
# WALL CLOCK TIME : 21h:50m:0s
 
# FOLLOWING PRINTOUT TRACKS MAXIMUM VALUES OF RESOURCES USE
# ONE LINE IS PRINTED EACH TIME A MAXIMUM CHANGES
# IF CHANGE WAS IN RSS OR VSZ ALSO PROCID AND COMMAND ARE PRINTED
# THERE IS NO PRINTOUT FOR CPU/WALL TIME INCREASE
 
# TIME			PID	RSS(KB)	VSZ(KB)	Dsk(MB)	tCPU(s)	tWALL(s)	COMMAND
 Jun 18 01:16:15 CEST	40463	8424	93620	0	1	57	condor_starter -f submit-6.t2.ucsd.edu        
 Jun 18 01:16:15 CEST	48891	15236	93620	0	2011	179	condor_procd -A /home/cms021/home_cream_774230252/CREAM774230252/glide_lWHrQ3/log/procd_address -L /home/cms021/home_cream_774230252/CREAM774230252/glide_lWHrQ3/log/ProcLog -R 10000000 -S 60 -C 18547
 Jun 18 01:16:15 CEST	48925	15236	93920	0	53	217	condor_startd -f         
 Jun 18 01:16:15 CEST	59610	15236	106100	0	0	248	sh -c "./glidein_startup.sh" -v std -name v1_3 -entry CDF_IT_Bari_ce2 -clientname UCSD-v1_0.main
 Jun 18 01:16:15 CEST	59635	15236	106500	0	3	275	/bin/bash ./glidein_startup.sh -v std -name v1_3 -entry CDF_IT_Bari_ce2 -clientname UCSD-v1_0.main -schedd
 Jun 18 01:16:15 CEST	---	15236	106500	172	----	----	----
 Jun 18 01:21:54 CEST	48891	15692	106500	172	2105	495	condor_procd -A /home/cms021/home_cream_774230252/CREAM774230252/glide_lWHrQ3/log/procd_address -L /home/cms021/home_cream_774230252/CREAM774230252/glide_lWHrQ3/log/ProcLog -R 10000000 -S 60 -C 18547
 Jun 18 01:21:54 CEST	63522	75056	180048	172	142	618	cmsRun -j /home/cms021/home_cream_774230252/CREAM774230252/glide_lWHrQ3/execute/dir_40463/crab_fjr_12.xml -p pset.py      
 Jun 18 01:21:54 CEST	---	75056	180048	175	----	----	----
 Jun 18 01:27:35 CEST	63522	382892	605540	175	306	952	cmsRun -j /home/cms021/home_cream_774230252/CREAM774230252/glide_lWHrQ3/execute/dir_40463/crab_fjr_12.xml -p pset.py      
 Jun 18 01:33:09 CEST	63522	727156	987920	175	491	1275	cmsRun -j /home/cms021/home_cream_774230252/CREAM774230252/glide_lWHrQ3/execute/dir_40463/crab_fjr_12.xml -p pset.py      
 Jun 18 01:38:33 CEST	63522	737820	995856	175	640	1537	cmsRun -j /home/cms021/home_cream_774230252/CREAM774230252/glide_lWHrQ3/execute/dir_40463/crab_fjr_12.xml -p pset.py      
 Jun 18 01:42:55 CEST	63522	739516	997648	175	833	1850	cmsRun -j /home/cms021/home_cream_774230252/CREAM774230252/glide_lWHrQ3/execute/dir_40463/crab_fjr_12.xml -p pset.py      
 Jun 18 01:48:08 CEST	63522	747948	1005328	175	1022	2175	cmsRun -j /home/cms021/home_cream_774230252/CREAM774230252/glide_lWHrQ3/execute/dir_40463/crab_fjr_12.xml -p pset.py      
 Jun 18 01:53:32 CEST	63522	753076	1014032	175	1215	2494	cmsRun -j /home/cms021/home_cream_774230252/CREAM774230252/glide_lWHrQ3/execute/dir_40463/crab_fjr_12.xml -p pset.py      
 Jun 18 01:58:51 CEST	63522	753076	1017872	175	1392	2782	cmsRun -j /home/cms021/home_cream_774230252/CREAM774230252/glide_lWHrQ3/execute/dir_40463/crab_fjr_12.xml -p pset.py      
 Jun 18 02:03:39 CEST	63522	756920	1026320	175	1587	3104	cmsRun -j /home/cms021/home_cream_774230252/CREAM774230252/glide_lWHrQ3/execute/dir_40463/crab_fjr_12.xml -p pset.py      
 Jun 18 02:14:03 CEST	63522	758516	1026320	175	1969	3741	cmsRun -j /home/cms021/home_cream_774230252/CREAM774230252/glide_lWHrQ3/execute/dir_40463/crab_fjr_12.xml -p pset.py      
 Jun 18 02:19:39 CEST	63522	803688	1035280	175	2183	4090	cmsRun -j /home/cms021/home_cream_774230252/CREAM774230252/glide_lWHrQ3/execute/dir_40463/crab_fjr_12.xml -p pset.py      
 Jun 18 02:25:28 CEST	63522	803688	1043728	175	2380	4392	cmsRun -j /home/cms021/home_cream_774230252/CREAM774230252/glide_lWHrQ3/execute/dir_40463/crab_fjr_12.xml -p pset.py      
 Jun 18 02:36:06 CEST	---	803688	1043728	179	----	----	----
********** WATCHDOG LOG ENDED
ZIPPING WATCHDOG LOG
Disk space used:
du -sh /home/cms021/home_cream_774230252/CREAM774230252/glide_lWHrQ3/execute/dir_40463
179M	/home/cms021/home_cream_774230252/CREAM774230252/glide_lWHrQ3/execute/dir_40463
Found unusual stdout, rename for OSB
`/home/cms021/home_cream_774230252/CREAM774230252/glide_lWHrQ3/execute/dir_40463/_condor_stdout' -> `CMSSW_12.stdout'
Found unusual stderr, rename for OSB
`/home/cms021/home_cream_774230252/CREAM774230252/glide_lWHrQ3/execute/dir_40463/_condor_stdout' -> `CMSSW_12.stderr'
crab_fjr_12.xml
CMSSW_12.stdout
CMSSW_12.stderr
Watchdog_12.log.gz
Total Output dimension: 70715
WARNING: output files size limit is set to: 50000000
Total Output dimension 70715 is fine.
JOB_EXIT_STATUS = 0
>>> info for dashboard:
***** Cat /home/cms021/home_cream_774230252/CREAM774230252/glide_lWHrQ3/execute/dir_40463/jobreport.txt *****
MonitorJobID=12_https://submit-6.t2.ucsd.edu//140616//168550.11
MonitorID=calabria_MuMinus1000_Case3_ReReco_v184eq
ExeTime=4520
ExeExitCode=0
StageOutExitStatusReason = 'Copy succedeed with srm-lcg utils'
StageOutSE = storm-se-01.ba.infn.it
StageOutExitStatus = 0
CrabUserCpuTime=2513.57
CrabSysCpuTime=183.19
CrabCpuPercentage=59%
CrabWrapperTime=5270
CrabStageoutTime=98
JobExitCode=0
***** End Cat jobreport *****
Parameters sent to Dashboard.
EXITING at Wed Jun 18 02:43:28 CEST 2014  -  Wed Jun 18 00:43:28 UTC 2014
