This script was generated by crab (version 2.10.5_patch1).
Running /home/cms021/home_cream_466143535/CREAM466143535/glide_zvJ0s7/execute/dir_40447/condor_exec.exe with 2 positional parameters: 9 1
Today is Wed Jun 18 01:14:16 CEST 2014 - Tue Jun 17 23:14:16 UTC 2014
Job submitted on host wn-recas-infn-2.ba.infn.it
Linux wn-recas-infn-2.ba.infn.it 2.6.32-358.23.2.el6.x86_64 #1 SMP Thu Oct 17 10:27:22 CEST 2013 x86_64 x86_64 x86_64 GNU/Linux
>>> current directory (RUNTIME_AREA): /home/cms021/home_cream_466143535/CREAM466143535/glide_zvJ0s7/execute/dir_40447
>>> current user: uid=18547(cms021) gid=1399(cms) groups=1399(cms)
>>> directory permission set to 0700
>>> umask set to:  u=rwx,g=,o=
>>> stdout stderr permission set to 0704
>>> voms proxy information:
subject   : /C=IT/O=INFN/OU=Personal Certificate/L=Bari/CN=Cesare Calabria/CN=477126703/CN=1702071077
issuer    : /C=IT/O=INFN/OU=Personal Certificate/L=Bari/CN=Cesare Calabria/CN=477126703
identity  : /C=IT/O=INFN/OU=Personal Certificate/L=Bari/CN=Cesare Calabria
type      : RFC3820 compliant limited proxy
strength  : 1024
path      : /home/cms021/home_cream_466143535/CREAM466143535/glide_zvJ0s7/execute/dir_40447/x509up_u50707
timeleft  : 23:59:13
key usage : Digital Signature, Key Encipherment, Data Encipherment
=== VO cms extension information ===
VO        : cms
subject   : /C=IT/O=INFN/OU=Personal Certificate/L=Bari/CN=Cesare Calabria
issuer    : /DC=ch/DC=cern/OU=computers/CN=voms.cern.ch
attribute : /cms/Role=NULL/Capability=NULL
attribute : /cms/itcms/Role=NULL/Capability=NULL
timeleft  : 154:09:46
uri       : voms.cern.ch:15002

WNHostName=wn-recas-infn-2.ba.infn.it
>>> tar --no-same-permissions -xf /home/cms021/home_cream_466143535/CREAM466143535/glide_zvJ0s7/execute/dir_40447/default.tgz :
Successful untar
>>> Include /home/cms021/home_cream_466143535/CREAM466143535/glide_zvJ0s7/execute/dir_40447 in PYTHONPATH:
strip arguments
env var CRAB_UNIQUE_JOB_ID set to: calabria_MuMinus1000_Case3_ReReco_v184eq_9_1_x2p
out_files_9
>>> list of expected files on output sandbox
output files: crab_fjr_9.xml CMSSW_9.stdout CMSSW_9.stderr Watchdog_9.log.gz
>>> GridFlavour discovery: 
GridFlavour=LCG
>>> SyncSite discovery: 
SyncSite=T2_IT_Bari
>>> SyncCE discovery: 
getting SyncCE from CE_ID
SyncCE=cream-ce-2.ba.infn.it:8443/cream-pbs-long
>>> info for dashboard:
***** Cat /home/cms021/home_cream_466143535/CREAM466143535/glide_zvJ0s7/execute/dir_40447/jobreport.txt *****
WNHostName=wn-recas-infn-2.ba.infn.it
MonitorJobID=9_https://submit-6.t2.ucsd.edu//140616//168550.8
SyncGridJobId=https://submit-6.t2.ucsd.edu//140616//168550.8
MonitorID=calabria_MuMinus1000_Case3_ReReco_v184eq
GridFlavour=LCG
SyncSite=T2_IT_Bari
SyncCE=cream-ce-2.ba.infn.it:8443/cream-pbs-long
***** End Cat jobreport *****
Parameters sent to Dashboard.
>>> setup environment
set SCRAM ARCH to slc5_amd64_gcc472
SCRAM_ARCH = slc5_amd64_gcc472
>>> setup CMS LCG environment:
set SCRAM ARCH and BUILD_ARCH to slc5_amd64_gcc472 ###
Sourcing environment... 
sourcing /cvmfs/cms.cern.ch/cmsset_default.sh
==> setup cms environment ok
>>> specific cmssw setup environment:
CMSSW_VERSION =  CMSSW_6_2_0_SLHC12
>>> current directory (SOFTWARE_DIR): /home/cms021/home_cream_466143535/CREAM466143535/glide_zvJ0s7/execute/dir_40447/CMSSW_6_2_0_SLHC12
PreserveSeeds: <>
IncrementSeeds:<>
>>> info for dashboard:
***** Cat /home/cms021/home_cream_466143535/CREAM466143535/glide_zvJ0s7/execute/dir_40447/jobreport.txt *****
MonitorJobID=9_https://submit-6.t2.ucsd.edu//140616//168550.8
MonitorID=calabria_MuMinus1000_Case3_ReReco_v184eq
***** End Cat jobreport *****
Parameters sent to Dashboard.
crabWatchdog started as process 49063
>>> moving CMSSW software directories in /home/cms021/home_cream_466143535/CREAM466143535/glide_zvJ0s7/execute/dir_40447/CMSSW_6_2_0_SLHC12
mv: cannot stat `/home/cms021/home_cream_466143535/CREAM466143535/glide_zvJ0s7/execute/dir_40447/module/': No such file or directory
>>> Include /home/cms021/home_cream_466143535/CREAM466143535/glide_zvJ0s7/execute/dir_40447 in PYTHONPATH:
PYTHONPATH=/home/cms021/home_cream_466143535/CREAM466143535/glide_zvJ0s7/execute/dir_40447/:/home/cms021/home_cream_466143535/CREAM466143535/glide_zvJ0s7/execute/dir_40447/CMSSW_6_2_0_SLHC12/python:/home/cms021/home_cream_466143535/CREAM466143535/glide_zvJ0s7/execute/dir_40447/CMSSW_6_2_0_SLHC12/lib/slc5_amd64_gcc472:/cvmfs/cms.cern.ch/slc5_amd64_gcc472/cms/cmssw/CMSSW_6_2_0_SLHC12/python:/cvmfs/cms.cern.ch/slc5_amd64_gcc472/cms/cmssw/CMSSW_6_2_0_SLHC12/lib/slc5_amd64_gcc472:/cvmfs/cms.cern.ch/slc5_amd64_gcc472/cms/coral/CORAL_2_3_21-cms36/slc5_amd64_gcc472/python:/cvmfs/cms.cern.ch/slc5_amd64_gcc472/cms/coral/CORAL_2_3_21-cms36/slc5_amd64_gcc472/lib:/cvmfs/cms.cern.ch/slc5_amd64_gcc472/external/pyqt/4.8.1-cms6/lib/python2.7/site-packages:/cvmfs/cms.cern.ch/slc5_amd64_gcc472/external/py2-scipy/0.8.0-cms8/lib/python2.7/site-packages:/cvmfs/cms.cern.ch/slc5_amd64_gcc472/external/py2-matplotlib/1.0.1-cms8/lib/python2.7/site-packages:/cvmfs/cms.cern.ch/slc5_amd64_gcc472/external/python-ldap/2.3.5-cms6/lib/python2.7/site-packages:/cvmfs/cms.cern.ch/slc5_amd64_gcc472/external/sip/4.11.2-cms6/lib/python2.7/site-packages:/cvmfs/cms.cern.ch/slc5_amd64_gcc472/external/py2-pycurl/7.19.0-cms8/lib/python2.7/site-packages:/cvmfs/cms.cern.ch/slc5_amd64_gcc472/external/py2-numpy/1.6.1-cms8/lib/python2.7/site-packages:/cvmfs/cms.cern.ch/slc5_amd64_gcc472/external/py2-lint/0.25.1-cms6/lib/python2.7/site-packages:/cvmfs/cms.cern.ch/slc5_amd64_gcc472/external/py2-ipython/0.10-cms6/lib/python2.7/site-packages:/cvmfs/cms.cern.ch/slc5_amd64_gcc472/external/py2-cx-oracle/5.1-cms7/lib/python2.7/site-packages:/cvmfs/cms.cern.ch/slc5_amd64_gcc472/external/py2-cjson/1.0.5-cms6/lib/python2.7/site-packages:/cvmfs/cms.cern.ch/slc5_amd64_gcc472/cms/das-client/1.11.7/bin:/cvmfs/cms.cern.ch/slc5_amd64_gcc472/external/elementtree/1.2.6-cms6/share/lib/python2.7/site-packages:/cvmfs/cms.cern.ch/slc5_amd64_gcc472/external/rivet/1.8.2-cms8/lib/python2.7/site-packages:/cvmfs/cms.cern.ch/slc5_amd64_gcc472/external/pyminuit2/0.0.1-cms19/lib/python2.7/site-packages:/cvmfs/cms.cern.ch/slc5_amd64_gcc472/external/py2-pygithub/1.23.0/lib/python2.7/site-packages:/cvmfs/cms.cern.ch/slc5_amd64_gcc472/external/professor/1.0.0-cms19/lib/python2.7/site-packages:/cvmfs/cms.cern.ch/slc5_amd64_gcc472/lcg/root/5.34.07-cms/lib:/cvmfs/cms.cern.ch/slc5_amd64_gcc472/cms/dbs-client/DBS_2_1_9-cms5/lib:/cvmfs/cms.cern.ch/slc5_amd64_gcc472/cms/dbs-client/DBS_2_1_9-cms5/lib/DBSAPI:/cvmfs/cms.cern.ch/slc5_amd64_gcc472/external/cvs2git/5419-cms/lib:/home/cms021/home_cream_466143535/CREAM466143535/glide_zvJ0s7/execute/dir_40447/
 
# LIMITS USED BY CRAB WATCHDOG:
# RSS  (KBytes)   : 2300000
# VSZ  (KBytes)   : 100000000
# DISK (MBytes)   : 19000
# CPU TIME        : 720h:0m:0s
# WALL CLOCK TIME : 21h:50m:0s
 
5854dd31cbd3cdec44c48628cc181cf0
PSETHASH = 5854dd31cbd3cdec44c48628cc181cf0
/home/cms021/home_cream_466143535/CREAM466143535/glide_zvJ0s7/execute/dir_40447/writeCfg.py pset.py pset.py
Importing .py file
Setting parameters
RandomNumberGeneratorService found, will attempt to change seeds
inputBlocks=/calabria_SingleMuPt1000_GEN-SIM-DIGI-RECO_CMSSW_6_2_0_SLHC12_2023Scenario_Case3/calabria-calabria_SingleMuPt1000_GEN-SIM-DIGI-RECO_CMSSW_6_2_0_SLHC12_2023Scenario_Case3-fa5ffd20b461790f8466430606d05ce8/USER#b12b29bf-6938-4663-ba1a-ef14676ea707
inputFiles=/store/user/calabria/calabria_SingleMuPt1000_GEN-SIM-DIGI-RECO_CMSSW_6_2_0_SLHC12_2023Scenario_Case3/calabria_SingleMuPt1000_GEN-SIM-DIGI-RECO_CMSSW_6_2_0_SLHC12_2023Scenario_Case3/fa5ffd20b461790f8466430606d05ce8/out_reco_281_2_8jt.root;/store/user/calabria/calabria_SingleMuPt1000_GEN-SIM-DIGI-RECO_CMSSW_6_2_0_SLHC12_2023Scenario_Case3/calabria_SingleMuPt1000_GEN-SIM-DIGI-RECO_CMSSW_6_2_0_SLHC12_2023Scenario_Case3/fa5ffd20b461790f8466430606d05ce8/out_reco_283_2_RW8.root;/store/user/calabria/calabria_SingleMuPt1000_GEN-SIM-DIGI-RECO_CMSSW_6_2_0_SLHC12_2023Scenario_Case3/calabria_SingleMuPt1000_GEN-SIM-DIGI-RECO_CMSSW_6_2_0_SLHC12_2023Scenario_Case3/fa5ffd20b461790f8466430606d05ce8/out_reco_286_2_7EJ.root;/store/user/calabria/calabria_SingleMuPt1000_GEN-SIM-DIGI-RECO_CMSSW_6_2_0_SLHC12_2023Scenario_Case3/calabria_SingleMuPt1000_GEN-SIM-DIGI-RECO_CMSSW_6_2_0_SLHC12_2023Scenario_Case3/fa5ffd20b461790f8466430606d05ce8/out_reco_288_2_dSi.root;/store/user/calabria/calabria_SingleMuPt1000_GEN-SIM-DIGI-RECO_CMSSW_6_2_0_SLHC12_2023Scenario_Case3/calabria_SingleMuPt1000_GEN-SIM-DIGI-RECO_CMSSW_6_2_0_SLHC12_2023Scenario_Case3/fa5ffd20b461790f8466430606d05ce8/out_reco_289_2_dis.root;/store/user/calabria/calabria_SingleMuPt1000_GEN-SIM-DIGI-RECO_CMSSW_6_2_0_SLHC12_2023Scenario_Case3/calabria_SingleMuPt1000_GEN-SIM-DIGI-RECO_CMSSW_6_2_0_SLHC12_2023Scenario_Case3/fa5ffd20b461790f8466430606d05ce8/out_reco_293_2_jDr.root;/store/user/calabria/calabria_SingleMuPt1000_GEN-SIM-DIGI-RECO_CMSSW_6_2_0_SLHC12_2023Scenario_Case3/calabria_SingleMuPt1000_GEN-SIM-DIGI-RECO_CMSSW_6_2_0_SLHC12_2023Scenario_Case3/fa5ffd20b461790f8466430606d05ce8/out_reco_294_2_5ea.root;/store/user/calabria/calabria_SingleMuPt1000_GEN-SIM-DIGI-RECO_CMSSW_6_2_0_SLHC12_2023Scenario_Case3/calabria_SingleMuPt1000_GEN-SIM-DIGI-RECO_CMSSW_6_2_0_SLHC12_2023Scenario_Case3/fa5ffd20b461790f8466430606d05ce8/out_reco_301_2_Gto.root;/store/user/calabria/calabria_SingleMuPt1000_GEN-SIM-DIGI-RECO_CMSSW_6_2_0_SLHC12_2023Scenario_Case3/calabria_SingleMuPt1000_GEN-SIM-DIGI-RECO_CMSSW_6_2_0_SLHC12_2023Scenario_Case3/fa5ffd20b461790f8466430606d05ce8/out_reco_342_2_tju.root;/store/user/calabria/calabria_SingleMuPt1000_GEN-SIM-DIGI-RECO_CMSSW_6_2_0_SLHC12_2023Scenario_Case3/calabria_SingleMuPt1000_GEN-SIM-DIGI-RECO_CMSSW_6_2_0_SLHC12_2023Scenario_Case3/fa5ffd20b461790f8466430606d05ce8/out_reco_345_2_tRe.root
parentFiles=
lumisRange=
>>> Executable cmsRun
/cvmfs/cms.cern.ch/slc5_amd64_gcc472/cms/cmssw/CMSSW_6_2_0_SLHC12/bin/slc5_amd64_gcc472/cmsRun
ok executable found
>>> info for dashboard:
***** Cat /home/cms021/home_cream_466143535/CREAM466143535/glide_zvJ0s7/execute/dir_40447/jobreport.txt *****
MonitorJobID=9_https://submit-6.t2.ucsd.edu//140616//168550.8
MonitorID=calabria_MuMinus1000_Case3_ReReco_v184eq
ExeStart=cmsRun
***** End Cat jobreport *****
Parameters sent to Dashboard.
>>> cmsRun started at Tue Jun 17 23:22:28 UTC 2014
>>> cmsRun ended at Wed Jun 18 00:31:03 UTC 2014
>>> crab_fjr_*.xml  permission set to 0704
>>> info for dashboard:
***** Cat /home/cms021/home_cream_466143535/CREAM466143535/glide_zvJ0s7/execute/dir_40447/jobreport.txt *****
MonitorJobID=9_https://submit-6.t2.ucsd.edu//140616//168550.8
MonitorID=calabria_MuMinus1000_Case3_ReReco_v184eq
ExeEnd=cmsRun
***** End Cat jobreport *****
Parameters sent to Dashboard.
TIME_EXE = 4115 sec
>>> cmsRun wrote 50 lines of stdout+stderr
>>> START OF printout of 50 lines from stdout+stderr
271 DQMStore::DQMStore 
HcalTopologyIdealEP::HcalTopologyIdealEP
18-Jun-2014 01:29:33 CEST  Initiating request to open file file:/lustre/cms//store/user/calabria/calabria_SingleMuPt1000_GEN-SIM-DIGI-RECO_CMSSW_6_2_0_SLHC12_2023Scenario_Case3/calabria_SingleMuPt1000_GEN-SIM-DIGI-RECO_CMSSW_6_2_0_SLHC12_2023Scenario_Case3/fa5ffd20b461790f8466430606d05ce8/out_reco_281_2_8jt.root
18-Jun-2014 01:30:04 CEST  Successfully opened file file:/lustre/cms//store/user/calabria/calabria_SingleMuPt1000_GEN-SIM-DIGI-RECO_CMSSW_6_2_0_SLHC12_2023Scenario_Case3/calabria_SingleMuPt1000_GEN-SIM-DIGI-RECO_CMSSW_6_2_0_SLHC12_2023Scenario_Case3/fa5ffd20b461790f8466430606d05ce8/out_reco_281_2_8jt.root
18-Jun-2014 01:36:36 CEST  Closed file file:/lustre/cms//store/user/calabria/calabria_SingleMuPt1000_GEN-SIM-DIGI-RECO_CMSSW_6_2_0_SLHC12_2023Scenario_Case3/calabria_SingleMuPt1000_GEN-SIM-DIGI-RECO_CMSSW_6_2_0_SLHC12_2023Scenario_Case3/fa5ffd20b461790f8466430606d05ce8/out_reco_281_2_8jt.root
18-Jun-2014 01:36:36 CEST  Initiating request to open file file:/lustre/cms//store/user/calabria/calabria_SingleMuPt1000_GEN-SIM-DIGI-RECO_CMSSW_6_2_0_SLHC12_2023Scenario_Case3/calabria_SingleMuPt1000_GEN-SIM-DIGI-RECO_CMSSW_6_2_0_SLHC12_2023Scenario_Case3/fa5ffd20b461790f8466430606d05ce8/out_reco_283_2_RW8.root
18-Jun-2014 01:36:36 CEST  Successfully opened file file:/lustre/cms//store/user/calabria/calabria_SingleMuPt1000_GEN-SIM-DIGI-RECO_CMSSW_6_2_0_SLHC12_2023Scenario_Case3/calabria_SingleMuPt1000_GEN-SIM-DIGI-RECO_CMSSW_6_2_0_SLHC12_2023Scenario_Case3/fa5ffd20b461790f8466430606d05ce8/out_reco_283_2_RW8.root
18-Jun-2014 01:44:30 CEST  Closed file file:/lustre/cms//store/user/calabria/calabria_SingleMuPt1000_GEN-SIM-DIGI-RECO_CMSSW_6_2_0_SLHC12_2023Scenario_Case3/calabria_SingleMuPt1000_GEN-SIM-DIGI-RECO_CMSSW_6_2_0_SLHC12_2023Scenario_Case3/fa5ffd20b461790f8466430606d05ce8/out_reco_283_2_RW8.root
18-Jun-2014 01:44:30 CEST  Initiating request to open file file:/lustre/cms//store/user/calabria/calabria_SingleMuPt1000_GEN-SIM-DIGI-RECO_CMSSW_6_2_0_SLHC12_2023Scenario_Case3/calabria_SingleMuPt1000_GEN-SIM-DIGI-RECO_CMSSW_6_2_0_SLHC12_2023Scenario_Case3/fa5ffd20b461790f8466430606d05ce8/out_reco_286_2_7EJ.root
18-Jun-2014 01:44:31 CEST  Successfully opened file file:/lustre/cms//store/user/calabria/calabria_SingleMuPt1000_GEN-SIM-DIGI-RECO_CMSSW_6_2_0_SLHC12_2023Scenario_Case3/calabria_SingleMuPt1000_GEN-SIM-DIGI-RECO_CMSSW_6_2_0_SLHC12_2023Scenario_Case3/fa5ffd20b461790f8466430606d05ce8/out_reco_286_2_7EJ.root
18-Jun-2014 01:49:24 CEST  Closed file file:/lustre/cms//store/user/calabria/calabria_SingleMuPt1000_GEN-SIM-DIGI-RECO_CMSSW_6_2_0_SLHC12_2023Scenario_Case3/calabria_SingleMuPt1000_GEN-SIM-DIGI-RECO_CMSSW_6_2_0_SLHC12_2023Scenario_Case3/fa5ffd20b461790f8466430606d05ce8/out_reco_286_2_7EJ.root
18-Jun-2014 01:49:24 CEST  Initiating request to open file file:/lustre/cms//store/user/calabria/calabria_SingleMuPt1000_GEN-SIM-DIGI-RECO_CMSSW_6_2_0_SLHC12_2023Scenario_Case3/calabria_SingleMuPt1000_GEN-SIM-DIGI-RECO_CMSSW_6_2_0_SLHC12_2023Scenario_Case3/fa5ffd20b461790f8466430606d05ce8/out_reco_288_2_dSi.root
18-Jun-2014 01:49:24 CEST  Successfully opened file file:/lustre/cms//store/user/calabria/calabria_SingleMuPt1000_GEN-SIM-DIGI-RECO_CMSSW_6_2_0_SLHC12_2023Scenario_Case3/calabria_SingleMuPt1000_GEN-SIM-DIGI-RECO_CMSSW_6_2_0_SLHC12_2023Scenario_Case3/fa5ffd20b461790f8466430606d05ce8/out_reco_288_2_dSi.root
18-Jun-2014 01:57:00 CEST  Closed file file:/lustre/cms//store/user/calabria/calabria_SingleMuPt1000_GEN-SIM-DIGI-RECO_CMSSW_6_2_0_SLHC12_2023Scenario_Case3/calabria_SingleMuPt1000_GEN-SIM-DIGI-RECO_CMSSW_6_2_0_SLHC12_2023Scenario_Case3/fa5ffd20b461790f8466430606d05ce8/out_reco_288_2_dSi.root
18-Jun-2014 01:57:00 CEST  Initiating request to open file file:/lustre/cms//store/user/calabria/calabria_SingleMuPt1000_GEN-SIM-DIGI-RECO_CMSSW_6_2_0_SLHC12_2023Scenario_Case3/calabria_SingleMuPt1000_GEN-SIM-DIGI-RECO_CMSSW_6_2_0_SLHC12_2023Scenario_Case3/fa5ffd20b461790f8466430606d05ce8/out_reco_289_2_dis.root
18-Jun-2014 01:57:01 CEST  Successfully opened file file:/lustre/cms//store/user/calabria/calabria_SingleMuPt1000_GEN-SIM-DIGI-RECO_CMSSW_6_2_0_SLHC12_2023Scenario_Case3/calabria_SingleMuPt1000_GEN-SIM-DIGI-RECO_CMSSW_6_2_0_SLHC12_2023Scenario_Case3/fa5ffd20b461790f8466430606d05ce8/out_reco_289_2_dis.root
18-Jun-2014 02:01:53 CEST  Closed file file:/lustre/cms//store/user/calabria/calabria_SingleMuPt1000_GEN-SIM-DIGI-RECO_CMSSW_6_2_0_SLHC12_2023Scenario_Case3/calabria_SingleMuPt1000_GEN-SIM-DIGI-RECO_CMSSW_6_2_0_SLHC12_2023Scenario_Case3/fa5ffd20b461790f8466430606d05ce8/out_reco_289_2_dis.root
18-Jun-2014 02:01:53 CEST  Initiating request to open file file:/lustre/cms//store/user/calabria/calabria_SingleMuPt1000_GEN-SIM-DIGI-RECO_CMSSW_6_2_0_SLHC12_2023Scenario_Case3/calabria_SingleMuPt1000_GEN-SIM-DIGI-RECO_CMSSW_6_2_0_SLHC12_2023Scenario_Case3/fa5ffd20b461790f8466430606d05ce8/out_reco_293_2_jDr.root
18-Jun-2014 02:01:54 CEST  Successfully opened file file:/lustre/cms//store/user/calabria/calabria_SingleMuPt1000_GEN-SIM-DIGI-RECO_CMSSW_6_2_0_SLHC12_2023Scenario_Case3/calabria_SingleMuPt1000_GEN-SIM-DIGI-RECO_CMSSW_6_2_0_SLHC12_2023Scenario_Case3/fa5ffd20b461790f8466430606d05ce8/out_reco_293_2_jDr.root
18-Jun-2014 02:08:32 CEST  Closed file file:/lustre/cms//store/user/calabria/calabria_SingleMuPt1000_GEN-SIM-DIGI-RECO_CMSSW_6_2_0_SLHC12_2023Scenario_Case3/calabria_SingleMuPt1000_GEN-SIM-DIGI-RECO_CMSSW_6_2_0_SLHC12_2023Scenario_Case3/fa5ffd20b461790f8466430606d05ce8/out_reco_293_2_jDr.root
18-Jun-2014 02:08:32 CEST  Initiating request to open file file:/lustre/cms//store/user/calabria/calabria_SingleMuPt1000_GEN-SIM-DIGI-RECO_CMSSW_6_2_0_SLHC12_2023Scenario_Case3/calabria_SingleMuPt1000_GEN-SIM-DIGI-RECO_CMSSW_6_2_0_SLHC12_2023Scenario_Case3/fa5ffd20b461790f8466430606d05ce8/out_reco_294_2_5ea.root
18-Jun-2014 02:08:33 CEST  Successfully opened file file:/lustre/cms//store/user/calabria/calabria_SingleMuPt1000_GEN-SIM-DIGI-RECO_CMSSW_6_2_0_SLHC12_2023Scenario_Case3/calabria_SingleMuPt1000_GEN-SIM-DIGI-RECO_CMSSW_6_2_0_SLHC12_2023Scenario_Case3/fa5ffd20b461790f8466430606d05ce8/out_reco_294_2_5ea.root
18-Jun-2014 02:13:22 CEST  Closed file file:/lustre/cms//store/user/calabria/calabria_SingleMuPt1000_GEN-SIM-DIGI-RECO_CMSSW_6_2_0_SLHC12_2023Scenario_Case3/calabria_SingleMuPt1000_GEN-SIM-DIGI-RECO_CMSSW_6_2_0_SLHC12_2023Scenario_Case3/fa5ffd20b461790f8466430606d05ce8/out_reco_294_2_5ea.root
18-Jun-2014 02:13:22 CEST  Initiating request to open file file:/lustre/cms//store/user/calabria/calabria_SingleMuPt1000_GEN-SIM-DIGI-RECO_CMSSW_6_2_0_SLHC12_2023Scenario_Case3/calabria_SingleMuPt1000_GEN-SIM-DIGI-RECO_CMSSW_6_2_0_SLHC12_2023Scenario_Case3/fa5ffd20b461790f8466430606d05ce8/out_reco_301_2_Gto.root
18-Jun-2014 02:13:22 CEST  Successfully opened file file:/lustre/cms//store/user/calabria/calabria_SingleMuPt1000_GEN-SIM-DIGI-RECO_CMSSW_6_2_0_SLHC12_2023Scenario_Case3/calabria_SingleMuPt1000_GEN-SIM-DIGI-RECO_CMSSW_6_2_0_SLHC12_2023Scenario_Case3/fa5ffd20b461790f8466430606d05ce8/out_reco_301_2_Gto.root
18-Jun-2014 02:18:59 CEST  Closed file file:/lustre/cms//store/user/calabria/calabria_SingleMuPt1000_GEN-SIM-DIGI-RECO_CMSSW_6_2_0_SLHC12_2023Scenario_Case3/calabria_SingleMuPt1000_GEN-SIM-DIGI-RECO_CMSSW_6_2_0_SLHC12_2023Scenario_Case3/fa5ffd20b461790f8466430606d05ce8/out_reco_301_2_Gto.root
18-Jun-2014 02:18:59 CEST  Initiating request to open file file:/lustre/cms//store/user/calabria/calabria_SingleMuPt1000_GEN-SIM-DIGI-RECO_CMSSW_6_2_0_SLHC12_2023Scenario_Case3/calabria_SingleMuPt1000_GEN-SIM-DIGI-RECO_CMSSW_6_2_0_SLHC12_2023Scenario_Case3/fa5ffd20b461790f8466430606d05ce8/out_reco_342_2_tju.root
18-Jun-2014 02:19:00 CEST  Successfully opened file file:/lustre/cms//store/user/calabria/calabria_SingleMuPt1000_GEN-SIM-DIGI-RECO_CMSSW_6_2_0_SLHC12_2023Scenario_Case3/calabria_SingleMuPt1000_GEN-SIM-DIGI-RECO_CMSSW_6_2_0_SLHC12_2023Scenario_Case3/fa5ffd20b461790f8466430606d05ce8/out_reco_342_2_tju.root
18-Jun-2014 02:25:18 CEST  Closed file file:/lustre/cms//store/user/calabria/calabria_SingleMuPt1000_GEN-SIM-DIGI-RECO_CMSSW_6_2_0_SLHC12_2023Scenario_Case3/calabria_SingleMuPt1000_GEN-SIM-DIGI-RECO_CMSSW_6_2_0_SLHC12_2023Scenario_Case3/fa5ffd20b461790f8466430606d05ce8/out_reco_342_2_tju.root
18-Jun-2014 02:25:18 CEST  Initiating request to open file file:/lustre/cms//store/user/calabria/calabria_SingleMuPt1000_GEN-SIM-DIGI-RECO_CMSSW_6_2_0_SLHC12_2023Scenario_Case3/calabria_SingleMuPt1000_GEN-SIM-DIGI-RECO_CMSSW_6_2_0_SLHC12_2023Scenario_Case3/fa5ffd20b461790f8466430606d05ce8/out_reco_345_2_tRe.root
18-Jun-2014 02:25:19 CEST  Successfully opened file file:/lustre/cms//store/user/calabria/calabria_SingleMuPt1000_GEN-SIM-DIGI-RECO_CMSSW_6_2_0_SLHC12_2023Scenario_Case3/calabria_SingleMuPt1000_GEN-SIM-DIGI-RECO_CMSSW_6_2_0_SLHC12_2023Scenario_Case3/fa5ffd20b461790f8466430606d05ce8/out_reco_345_2_tRe.root
18-Jun-2014 02:30:57 CEST  Closed file file:/lustre/cms//store/user/calabria/calabria_SingleMuPt1000_GEN-SIM-DIGI-RECO_CMSSW_6_2_0_SLHC12_2023Scenario_Case3/calabria_SingleMuPt1000_GEN-SIM-DIGI-RECO_CMSSW_6_2_0_SLHC12_2023Scenario_Case3/fa5ffd20b461790f8466430606d05ce8/out_reco_345_2_tRe.root

=============================================

MessageLogger Summary

 type     category        sev    module        subroutine        count    total
 ---- -------------------- -- ---------------- ----------------  -----    -----
    1 fileAction           -s file_close                            10       10
    2 fileAction           -s file_open                             20       20

 type    category    Examples: run/evt        run/evt          run/evt
 ---- -------------------- ---------------- ---------------- ----------------
    1 fileAction           PostProcessEvent PostProcessEvent PostEndRun
    2 fileAction           pre-events       pre-events       PostProcessEvent

Severity    # Occurrences   Total Occurrences
--------    -------------   -----------------
System                 30                  30
>>> END OF printout of 50 lines from stdout+stderr
>>> Parse FrameworkJobReport crab_fjr.xml
Result of parsing the FrameworkJobReport crab_fjr.xml: Popularity start
lumisRange : 1::::1;1::::2;1::::3;1::::4;1::::5;1::::6;1::::7;1::::8;1::::9;1::::10;
lumisParentRange : 
Basename : /store/user/calabria/calabria_SingleMuPt1000_GEN-SIM-DIGI-RECO_CMSSW_6_2_0_SLHC12_2023Scenario_Case3/calabria_SingleMuPt1000_GEN-SIM-DIGI-RECO_CMSSW_6_2_0_SLHC12_2023Scenario_Case3/fa5ffd20b461790f8466430606d05ce8/out_reco_
BasenameParent : 
parentFiles : 
inputBlocks : /calabria_SingleMuPt1000_GEN-SIM-DIGI-RECO_CMSSW_6_2_0_SLHC12_2023Scenario_Case3/calabria-calabria_SingleMuPt1000_GEN-SIM-DIGI-RECO_CMSSW_6_2_0_SLHC12_2023Scenario_Case3-fa5ffd20b461790f8466430606d05ce8/USER#b12b29bf-6938-4663-ba1a-ef14676ea707
inputFiles : 294_2_5ea.root::1::EDM::Local::1;286_2_7EJ.root::1::EDM::Local::2;283_2_RW8.root::1::EDM::Local::3;288_2_dSi.root::1::EDM::Local::4;345_2_tRe.root::1::EDM::Local::5;342_2_tju.root::1::EDM::Local::6;293_2_jDr.root::1::EDM::Local::7;281_2_8jt.root::1::EDM::Local::8;289_2_dis.root::1::EDM::Local::9;301_2_Gto.root::1::EDM::Local::10;
Popularity stop
Extracted ExitStatus from FrameworkJobReport parsing output: 0
>>> Executable succeded  0
ExeExitCode=0
EXECUTABLE_EXIT_STATUS = 0
>>> current directory /home/cms021/home_cream_466143535/CREAM466143535/glide_zvJ0s7/execute/dir_40447/CMSSW_6_2_0_SLHC12
>>>  (SOFTWARE_DIR): /home/cms021/home_cream_466143535/CREAM466143535/glide_zvJ0s7/execute/dir_40447/CMSSW_6_2_0_SLHC12
>>> (WORKING_DIR): 
>>> current directory content:
total 11328
drwxr-xr-x 3 cms021 cms    4096 Jun 18 01:15 .SCRAM
-rw------- 1 cms021 cms 3740362 Jun 18 01:15 CMSSW.py.pkl
drwxr-xr-x 3 cms021 cms    4096 Jun 18 01:15 bin
drwxr-xr-x 3 cms021 cms    4096 Jun 18 01:15 cfipython
drwxr-xr-x 4 cms021 cms    4096 Jun 18 01:15 config
-rw------- 1 cms021 cms      19 Jun 18 02:31 cpu_timing.txt
drwxr-xr-x 2 cms021 cms    4096 Jun 18 01:15 doc
-rw------- 1 cms021 cms   10045 Jun 18 02:30 executable.out
drwxr-xr-x 2 cms021 cms    4096 Jun 18 01:15 include
drwx------ 3 cms021 cms    4096 Apr 28 18:12 lib
drwxr-xr-x 3 cms021 cms    4096 Jun 18 01:15 logs
drwxr-xr-x 3 cms021 cms    4096 Jun 18 01:15 objs
-rw------- 1 cms021 cms     104 Jun 18 01:20 pset.py
-rw------- 1 cms021 cms 3712352 Jun 18 01:21 pset.py.pkl
-rw------- 1 cms021 cms     289 Jun 18 01:19 pset.pyc
drwxr-xr-x 2 cms021 cms    4096 Jun 18 01:15 python
-rw------- 1 cms021 cms     410 Jun 18 02:31 report.log
drwx------ 6 cms021 cms    4096 Jun 18 01:14 src
drwxr-xr-x 3 cms021 cms    4096 Jun 18 01:15 test
drwxr-xr-x 3 cms021 cms    4096 Jun 18 01:15 tmp
-rw------- 1 cms021 cms 4043689 Jun 18 02:30 validationEDM.root
>>> current directory /home/cms021/home_cream_466143535/CREAM466143535/glide_zvJ0s7/execute/dir_40447/CMSSW_6_2_0_SLHC12
>>> (SOFTWARE_DIR): /home/cms021/home_cream_466143535/CREAM466143535/glide_zvJ0s7/execute/dir_40447/CMSSW_6_2_0_SLHC12
>>> (WORKING_DIR): 
>>> current directory content:
total 11328
drwxr-xr-x 3 cms021 cms    4096 Jun 18 01:15 .SCRAM
-rw------- 1 cms021 cms 3740362 Jun 18 01:15 CMSSW.py.pkl
drwxr-xr-x 3 cms021 cms    4096 Jun 18 01:15 bin
drwxr-xr-x 3 cms021 cms    4096 Jun 18 01:15 cfipython
drwxr-xr-x 4 cms021 cms    4096 Jun 18 01:15 config
-rw------- 1 cms021 cms      19 Jun 18 02:31 cpu_timing.txt
drwxr-xr-x 2 cms021 cms    4096 Jun 18 01:15 doc
-rw------- 1 cms021 cms   10045 Jun 18 02:30 executable.out
drwxr-xr-x 2 cms021 cms    4096 Jun 18 01:15 include
drwx------ 3 cms021 cms    4096 Apr 28 18:12 lib
drwxr-xr-x 3 cms021 cms    4096 Jun 18 01:15 logs
drwxr-xr-x 3 cms021 cms    4096 Jun 18 01:15 objs
-rw------- 1 cms021 cms     104 Jun 18 01:20 pset.py
-rw------- 1 cms021 cms 3712352 Jun 18 01:21 pset.py.pkl
-rw------- 1 cms021 cms     289 Jun 18 01:19 pset.pyc
drwxr-xr-x 2 cms021 cms    4096 Jun 18 01:15 python
-rw------- 1 cms021 cms     410 Jun 18 02:31 report.log
drwx------ 6 cms021 cms    4096 Jun 18 01:14 src
drwxr-xr-x 3 cms021 cms    4096 Jun 18 01:15 test
drwxr-xr-x 3 cms021 cms    4096 Jun 18 01:15 tmp
-rw------- 1 cms021 cms 4043689 Jun 18 02:30 validationEDM_9_1_x2p.root
>>> current directory (RUNTIME_AREA):  /home/cms021/home_cream_466143535/CREAM466143535/glide_zvJ0s7/execute/dir_40447
SE = storm-se-01.ba.infn.it
SE_PATH = /srm/managerv2?SFN=//cms/store/user/calabria/calabria_SingleMuPt1000_GEN-SIM-DIGI-RECO_CMSSW_6_2_0_SLHC12_2023Scenario_Case3/calabria_MuMinus1000_GEN-SIM-DIGI-RECO_CMSSW_6_2_0_SLHC12_2023Scenario_VALNOPU2_Case3/5854dd31cbd3cdec44c48628cc181cf0/
LFNBaseName = /store/user/calabria/calabria_SingleMuPt1000_GEN-SIM-DIGI-RECO_CMSSW_6_2_0_SLHC12_2023Scenario_Case3/calabria_MuMinus1000_GEN-SIM-DIGI-RECO_CMSSW_6_2_0_SLHC12_2023Scenario_VALNOPU2_Case3/5854dd31cbd3cdec44c48628cc181cf0/
USER = calabria
endpoint = srm://storm-se-01.ba.infn.it:8444/srm/managerv2?SFN=//cms/store/user/calabria/calabria_SingleMuPt1000_GEN-SIM-DIGI-RECO_CMSSW_6_2_0_SLHC12_2023Scenario_Case3/calabria_MuMinus1000_GEN-SIM-DIGI-RECO_CMSSW_6_2_0_SLHC12_2023Scenario_VALNOPU2_Case3/5854dd31cbd3cdec44c48628cc181cf0/
>>> Copy output files from WN = wn-recas-infn-2.ba.infn.it to /srm/managerv2?SFN=//cms/store/user/calabria/calabria_SingleMuPt1000_GEN-SIM-DIGI-RECO_CMSSW_6_2_0_SLHC12_2023Scenario_Case3/calabria_MuMinus1000_GEN-SIM-DIGI-RECO_CMSSW_6_2_0_SLHC12_2023Scenario_VALNOPU2_Case3/5854dd31cbd3cdec44c48628cc181cf0/ :
python cmscp.py  --destination srm://storm-se-01.ba.infn.it:8444/srm/managerv2?SFN=//cms/store/user/calabria/calabria_SingleMuPt1000_GEN-SIM-DIGI-RECO_CMSSW_6_2_0_SLHC12_2023Scenario_Case3/calabria_MuMinus1000_GEN-SIM-DIGI-RECO_CMSSW_6_2_0_SLHC12_2023Scenario_VALNOPU2_Case3/5854dd31cbd3cdec44c48628cc181cf0/ --inputFileList /home/cms021/home_cream_466143535/CREAM466143535/glide_zvJ0s7/execute/dir_40447/CMSSW_6_2_0_SLHC12/validationEDM_9_1_x2p.root --middleware LCG --se_name storm-se-01.ba.infn.it --for_lfn /store/user/calabria/calabria_SingleMuPt1000_GEN-SIM-DIGI-RECO_CMSSW_6_2_0_SLHC12_2023Scenario_Case3/calabria_MuMinus1000_GEN-SIM-DIGI-RECO_CMSSW_6_2_0_SLHC12_2023Scenario_VALNOPU2_Case3/5854dd31cbd3cdec44c48628cc181cf0/    
******************************************************
localSeName  =  storm-se-01.ba.infn.it
remoteSeName =  storm-se-01.ba.infn.it
******************************************************
{"/home/cms021/home_cream_466143535/CREAM466143535/glide_zvJ0s7/execute/dir_40447/CMSSW_6_2_0_SLHC12/validationEDM_9_1_x2p.root": {"endpoint": "srm://storm-se-01.ba.infn.it:8444/srm/managerv2?SFN=//cms/store/user/calabria/calabria_SingleMuPt1000_GEN-SIM-DIGI-RECO_CMSSW_6_2_0_SLHC12_2023Scenario_Case3/calabria_MuMinus1000_GEN-SIM-DIGI-RECO_CMSSW_6_2_0_SLHC12_2023Scenario_VALNOPU2_Case3/5854dd31cbd3cdec44c48628cc181cf0/", "surl_for_grid": "", "reason": "Copy succedeed with srm-lcg utils", "erCode": "0", "se_name": "storm-se-01.ba.infn.it", "for_lfn": "/store/user/calabria/calabria_SingleMuPt1000_GEN-SIM-DIGI-RECO_CMSSW_6_2_0_SLHC12_2023Scenario_Case3/calabria_MuMinus1000_GEN-SIM-DIGI-RECO_CMSSW_6_2_0_SLHC12_2023Scenario_VALNOPU2_Case3/5854dd31cbd3cdec44c48628cc181cf0/"}}/home/cms021/home_cream_466143535/CREAM466143535/glide_zvJ0s7/execute/dir_40447
-------- cat /home/cms021/home_cream_466143535/CREAM466143535/glide_zvJ0s7/execute/dir_40447/cmscpReport.sh 
#!/bin/bash
echo "Report for File: /home/cms021/home_cream_466143535/CREAM466143535/glide_zvJ0s7/execute/dir_40447/CMSSW_6_2_0_SLHC12/validationEDM_9_1_x2p.root"
echo "LFN: /store/user/calabria/calabria_SingleMuPt1000_GEN-SIM-DIGI-RECO_CMSSW_6_2_0_SLHC12_2023Scenario_Case3/calabria_MuMinus1000_GEN-SIM-DIGI-RECO_CMSSW_6_2_0_SLHC12_2023Scenario_VALNOPU2_Case3/5854dd31cbd3cdec44c48628cc181cf0/validationEDM_9_1_x2p.root"
echo "StorageElement: storm-se-01.ba.infn.it"
echo "StageOutExitStatusReason = 'Copy succedeed with srm-lcg utils'" | tee -a $RUNTIME_AREA/$repo
echo "StageOutSE = storm-se-01.ba.infn.it" >> $RUNTIME_AREA/$repo

export StageOutExitStatus=0
echo "StageOutExitStatus = 0" | tee -a $RUNTIME_AREA/$repo
-------- end of /home/cms021/home_cream_466143535/CREAM466143535/glide_zvJ0s7/execute/dir_40447/cmscpReport.sh 
Report for File: /home/cms021/home_cream_466143535/CREAM466143535/glide_zvJ0s7/execute/dir_40447/CMSSW_6_2_0_SLHC12/validationEDM_9_1_x2p.root
LFN: /store/user/calabria/calabria_SingleMuPt1000_GEN-SIM-DIGI-RECO_CMSSW_6_2_0_SLHC12_2023Scenario_Case3/calabria_MuMinus1000_GEN-SIM-DIGI-RECO_CMSSW_6_2_0_SLHC12_2023Scenario_VALNOPU2_Case3/5854dd31cbd3cdec44c48628cc181cf0/validationEDM_9_1_x2p.root
StorageElement: storm-se-01.ba.infn.it
StageOutExitStatusReason = 'Copy succedeed with srm-lcg utils'
StageOutExitStatus = 0
>>> current dir: /home/cms021/home_cream_466143535/CREAM466143535/glide_zvJ0s7/execute/dir_40447
>>> current dir content:
total 28080
-rw-------  1 cms021 cms     2792 Jun 18 02:34 .SEinteraction.log
-rwx------  1 cms021 cms     6801 Jun 18 01:13 .job.ad
-rwx------  1 cms021 cms     9332 Jun 18 01:13 .machine.ad
-rw-------  1 cms021 cms      105 Jun 16 20:45 CMSSW.py
-rw-------  1 cms021 cms  3740362 Jun 16 20:45 CMSSW.py.pkl
-rwx------  1 cms021 cms    29582 Jun 18 01:13 CMSSW.sh
drwxr-xr-x 15 cms021 cms     4096 Jun 18 02:33 CMSSW_6_2_0_SLHC12
-rw-------  1 cms021 cms      220 Jun 18 01:15 CacheEnv.sh
-rw-------  1 cms021 cms     7291 Apr  4 11:04 DashboardAPI.py
-rw-------  1 cms021 cms     6815 Jun 18 01:15 DashboardAPI.pyc
drwx------  2 cms021 cms     4096 Jun 18 02:31 IMProv
-rw-------  1 cms021 cms     2748 Apr  4 11:04 Logger.py
-rw-------  1 cms021 cms     3347 Jun 18 01:15 Logger.pyc
-rw-------  1 cms021 cms    24524 Apr  4 11:04 ProcInfo.py
-rw-------  1 cms021 cms    23197 Jun 18 01:15 ProcInfo.pyc
drwx------  7 cms021 cms     4096 Jun 18 01:19 ProdCommon
drwx------  3 cms021 cms     4096 Jun 18 01:14 WMCore
-rw-------  1 cms021 cms     3154 Jun 18 02:30 Watchdog_9.log
-rwx------  1 cms021 cms        0 Jun 18 01:13 _condor_stderr
-rwx---r--  1 cms021 cms    29664 Jun 18 02:34 _condor_stdout
-rw-------  1 cms021 cms    32895 Apr  4 11:04 apmon.py
-rw-------  1 cms021 cms    28625 Jun 18 01:15 apmon.pyc
-rwx------  1 cms021 cms    54971 Jun 18 01:13 arguments.xml
-rwx------  1 cms021 cms    38515 Apr  4 11:04 cmscp.py
-rw-------  1 cms021 cms      720 Jun 18 02:34 cmscpReport.sh
-rwx------  1 cms021 cms    29582 Jun 18 01:13 condor_exec.exe
-rw-------  1 cms021 cms      968 Jun 16 20:45 crab.cfg
-rwx------  1 cms021 cms     8610 Apr  4 11:04 crabWatchdog.sh
-rwx---r--  1 cms021 cms   523435 Jun 18 02:30 crab_fjr_9.xml
-rwx------  1 cms021 cms 23959009 Jun 18 01:13 default.tgz
-rwx------  1 cms021 cms     4488 Apr  4 11:04 fillCrabFjr.py
-rw-------  1 cms021 cms     2673 Jun 18 01:19 inputsReport.txt
-rw-------  1 cms021 cms      262 Jun 18 02:34 jobreport.txt
-rw-------  1 cms021 cms    17352 Apr  4 11:04 parseCrabFjr.py
-rw-------  1 cms021 cms      336 Jun 18 01:14 report.log
-rwx--x--x  1 cms021 cms     1497 Apr  4 11:04 report.py
-rw-------  1 cms021 cms      779 Jun 18 02:34 resultCopyFile
lrwxrwxrwx  1 cms021 cms      125 Jun 18 02:33 validationEDM.root -> /home/cms021/home_cream_466143535/CREAM466143535/glide_zvJ0s7/execute/dir_40447/CMSSW_6_2_0_SLHC12/validationEDM_9_1_x2p.root
-rwx------  1 cms021 cms     8387 Apr  4 11:04 writeCfg.py
-rw-------  1 cms021 cms     8010 Jun 18 01:13 x509up_u50707
>>> Modify Job Report:
CMSSW_VERSION = CMSSW_6_2_0_SLHC12
ProcessedDataset = calabria_MuMinus1000_GEN-SIM-DIGI-RECO_CMSSW_6_2_0_SLHC12_2023Scenario_VALNOPU2_Case3
/home/cms021/home_cream_466143535/CREAM466143535/glide_zvJ0s7/execute/dir_40447/ProdCommon/FwkJobRep/ModifyJobReport.py fjr /home/cms021/home_cream_466143535/CREAM466143535/glide_zvJ0s7/execute/dir_40447/crab_fjr_9.xml json /home/cms021/home_cream_466143535/CREAM466143535/glide_zvJ0s7/execute/dir_40447/resultCopyFile n_job 9_1_x2p PrimaryDataset calabria_SingleMuPt1000_GEN-SIM-DIGI-RECO_CMSSW_6_2_0_SLHC12_2023Scenario_Case3  ApplicationFamily cmsRun ApplicationName cmsRun cmssw_version CMSSW_6_2_0_SLHC12 psethash 5854dd31cbd3cdec44c48628cc181cf0 UserProcessedDataset calabria-calabria_MuMinus1000_GEN-SIM-DIGI-RECO_CMSSW_6_2_0_SLHC12_2023Scenario_VALNOPU2_Case3-5854dd31cbd3cdec44c48628cc181cf0
inputDict =  {u'/home/cms021/home_cream_466143535/CREAM466143535/glide_zvJ0s7/execute/dir_40447/CMSSW_6_2_0_SLHC12/validationEDM_9_1_x2p.root': {u'endpoint': u'srm://storm-se-01.ba.infn.it:8444/srm/managerv2?SFN=//cms/store/user/calabria/calabria_SingleMuPt1000_GEN-SIM-DIGI-RECO_CMSSW_6_2_0_SLHC12_2023Scenario_Case3/calabria_MuMinus1000_GEN-SIM-DIGI-RECO_CMSSW_6_2_0_SLHC12_2023Scenario_VALNOPU2_Case3/5854dd31cbd3cdec44c48628cc181cf0/', u'surl_for_grid': u'', u'reason': u'Copy succedeed with srm-lcg utils', u'erCode': u'0', u'se_name': u'storm-se-01.ba.infn.it', u'for_lfn': u'/store/user/calabria/calabria_SingleMuPt1000_GEN-SIM-DIGI-RECO_CMSSW_6_2_0_SLHC12_2023Scenario_Case3/calabria_MuMinus1000_GEN-SIM-DIGI-RECO_CMSSW_6_2_0_SLHC12_2023Scenario_VALNOPU2_Case3/5854dd31cbd3cdec44c48628cc181cf0/'}}
UserProcessedDataset =  calabria-calabria_MuMinus1000_GEN-SIM-DIGI-RECO_CMSSW_6_2_0_SLHC12_2023Scenario_VALNOPU2_Case3-5854dd31cbd3cdec44c48628cc181cf0
file_name in inputDict =  /home/cms021/home_cream_466143535/CREAM466143535/glide_zvJ0s7/execute/dir_40447/CMSSW_6_2_0_SLHC12/validationEDM_9_1_x2p.root
(size) os.stat(filename)[6] =  4043689
checksum =  2299130841
    file =  validationEDM_9_1_x2p.root
    newPfn =  srm://storm-se-01.ba.infn.it:8444/srm/managerv2?SFN=//cms/store/user/calabria/calabria_SingleMuPt1000_GEN-SIM-DIGI-RECO_CMSSW_6_2_0_SLHC12_2023Scenario_Case3/calabria_MuMinus1000_GEN-SIM-DIGI-RECO_CMSSW_6_2_0_SLHC12_2023Scenario_VALNOPU2_Case3/5854dd31cbd3cdec44c48628cc181cf0/validationEDM_9_1_x2p.root
    newLfn =  /store/user/calabria/calabria_SingleMuPt1000_GEN-SIM-DIGI-RECO_CMSSW_6_2_0_SLHC12_2023Scenario_Case3/calabria_MuMinus1000_GEN-SIM-DIGI-RECO_CMSSW_6_2_0_SLHC12_2023Scenario_VALNOPU2_Case3/5854dd31cbd3cdec44c48628cc181cf0/validationEDM_9_1_x2p.root
>>> crab_fjr_*.xml  permission set to 0704
CrabWrapper EXIT_FUNC entered at Wed Jun 18 02:35:27 CEST 2014   -  Wed Jun 18 00:35:27 UTC 2014
Checking output files:  
will tar file crab_fjr_9.xml in  out_files_9
WARNING: output file CMSSW_9.stdout not found!
WARNING: output file CMSSW_9.stderr not found!
WARNING: output file Watchdog_9.log.gz not found!
>>> padding time: Wrapper lasting more than 600 seconds. No sleep required.
STOPPING WATCHDOG. CrabWatchdog PID is 49063
********** LAST 50 LINES OF WATCHDOG LOG
# RESOURCE USAGE SUMMARY FOR PROCESS ID 41804
USER       PID %CPU %MEM    VSZ   RSS TTY      STAT START   TIME COMMAND
cms021   41804  0.6  0.0   9500  1592 ?        S    01:13   0:00 /bin/sh /home/cms021/home_cream_466143535/CREAM466143535/glide_zvJ0s7/execute/dir_40447/condor_exec.exe 9 1
 
# LIMITS USED BY CRAB WATCHDOG:
# RSS  (KBytes)   : 2300000
# VSZ  (KBytes)   : 100000000
# DISK (MBytes)   : 19000
# CPU TIME        : 720h:0m:0s
# WALL CLOCK TIME : 21h:50m:0s
 
# FOLLOWING PRINTOUT TRACKS MAXIMUM VALUES OF RESOURCES USE
# ONE LINE IS PRINTED EACH TIME A MAXIMUM CHANGES
# IF CHANGE WAS IN RSS OR VSZ ALSO PROCID AND COMMAND ARE PRINTED
# THERE IS NO PRINTOUT FOR CPU/WALL TIME INCREASE
 
# TIME			PID	RSS(KB)	VSZ(KB)	Dsk(MB)	tCPU(s)	tWALL(s)	COMMAND
 Jun 18 01:16:32 CEST	40447	8420	93612	0	1	60	condor_starter -f submit-6.t2.ucsd.edu        
 Jun 18 01:16:32 CEST	48894	15252	93612	0	1873	130	condor_procd -A /home/cms021/home_cream_466143535/CREAM466143535/glide_zvJ0s7/log/procd_address -L /home/cms021/home_cream_466143535/CREAM466143535/glide_zvJ0s7/log/ProcLog -R 10000000 -S 60 -C 18547
 Jun 18 01:16:32 CEST	48926	15252	93920	0	50	141	condor_startd -f         
 Jun 18 01:16:32 CEST	59412	15252	106100	0	0	226	sh -c "./glidein_startup.sh" -v std -name v1_3 -entry CDF_IT_Bari_ce2 -clientname UCSD-v1_0.main
 Jun 18 01:16:32 CEST	59433	15252	106500	0	3	247	/bin/bash ./glidein_startup.sh -v std -name v1_3 -entry CDF_IT_Bari_ce2 -clientname UCSD-v1_0.main -schedd
 Jun 18 01:16:32 CEST	---	15252	106500	171	----	----	----
 Jun 18 01:21:42 CEST	48894	15612	106500	171	1966	451	condor_procd -A /home/cms021/home_cream_466143535/CREAM466143535/glide_zvJ0s7/log/procd_address -L /home/cms021/home_cream_466143535/CREAM466143535/glide_zvJ0s7/log/ProcLog -R 10000000 -S 60 -C 18547
 Jun 18 01:21:42 CEST	---	15612	106500	175	----	----	----
 Jun 18 01:27:53 CEST	1000	190072	394828	175	216	769	cmsRun -j /home/cms021/home_cream_466143535/CREAM466143535/glide_zvJ0s7/execute/dir_40447/crab_fjr_9.xml -p pset.py      
 Jun 18 01:33:32 CEST	1000	714672	987708	175	391	1066	cmsRun -j /home/cms021/home_cream_466143535/CREAM466143535/glide_zvJ0s7/execute/dir_40447/crab_fjr_9.xml -p pset.py      
 Jun 18 01:38:50 CEST	1000	731300	1002044	175	568	1374	cmsRun -j /home/cms021/home_cream_466143535/CREAM466143535/glide_zvJ0s7/execute/dir_40447/crab_fjr_9.xml -p pset.py      
 Jun 18 01:48:33 CEST	1000	740188	1011516	175	937	1970	cmsRun -j /home/cms021/home_cream_466143535/CREAM466143535/glide_zvJ0s7/execute/dir_40447/crab_fjr_9.xml -p pset.py      
 Jun 18 01:53:25 CEST	1000	748700	1019152	175	1130	2293	cmsRun -j /home/cms021/home_cream_466143535/CREAM466143535/glide_zvJ0s7/execute/dir_40447/crab_fjr_9.xml -p pset.py      
 Jun 18 02:05:12 CEST	1000	755272	1025552	175	1532	2979	cmsRun -j /home/cms021/home_cream_466143535/CREAM466143535/glide_zvJ0s7/execute/dir_40447/crab_fjr_9.xml -p pset.py      
 Jun 18 02:20:09 CEST	1000	763348	1035820	175	2065	3872	cmsRun -j /home/cms021/home_cream_466143535/CREAM466143535/glide_zvJ0s7/execute/dir_40447/crab_fjr_9.xml -p pset.py      
 Jun 18 02:25:21 CEST	---	763348	1035820	176	----	----	----
 Jun 18 02:31:06 CEST	---	763348	1035820	179	----	----	----
********** WATCHDOG LOG ENDED
ZIPPING WATCHDOG LOG
Disk space used:
du -sh /home/cms021/home_cream_466143535/CREAM466143535/glide_zvJ0s7/execute/dir_40447
179M	/home/cms021/home_cream_466143535/CREAM466143535/glide_zvJ0s7/execute/dir_40447
Found unusual stdout, rename for OSB
`/home/cms021/home_cream_466143535/CREAM466143535/glide_zvJ0s7/execute/dir_40447/_condor_stdout' -> `CMSSW_9.stdout'
Found unusual stderr, rename for OSB
`/home/cms021/home_cream_466143535/CREAM466143535/glide_zvJ0s7/execute/dir_40447/_condor_stdout' -> `CMSSW_9.stderr'
crab_fjr_9.xml
CMSSW_9.stdout
CMSSW_9.stderr
Watchdog_9.log.gz
Total Output dimension: 70420
WARNING: output files size limit is set to: 50000000
Total Output dimension 70420 is fine.
JOB_EXIT_STATUS = 0
>>> info for dashboard:
***** Cat /home/cms021/home_cream_466143535/CREAM466143535/glide_zvJ0s7/execute/dir_40447/jobreport.txt *****
MonitorJobID=9_https://submit-6.t2.ucsd.edu//140616//168550.8
MonitorID=calabria_MuMinus1000_Case3_ReReco_v184eq
ExeTime=4115
ExeExitCode=0
StageOutExitStatusReason = 'Copy succedeed with srm-lcg utils'
StageOutSE = storm-se-01.ba.infn.it
StageOutExitStatus = 0
CrabUserCpuTime=2330.02
CrabSysCpuTime=161.00
CrabCpuPercentage=60%
CrabWrapperTime=4876
CrabStageoutTime=68
JobExitCode=0
***** End Cat jobreport *****
Parameters sent to Dashboard.
EXITING at Wed Jun 18 02:37:47 CEST 2014  -  Wed Jun 18 00:37:48 UTC 2014
