This script was generated by crab (version 2.10.5_patch1).
Running /home/cms011/home_cream_767551766/CREAM767551766/glide_Tyqww2/execute/dir_23446/condor_exec.exe with 2 positional parameters: 14 1
Today is Wed Jun 18 00:58:10 CEST 2014 - Tue Jun 17 22:58:10 UTC 2014
Job submitted on host pccms119.ba.infn.it
Linux pccms119.ba.infn.it 2.6.32-358.23.2.el6.x86_64 #1 SMP Thu Oct 17 10:27:22 CEST 2013 x86_64 x86_64 x86_64 GNU/Linux
>>> current directory (RUNTIME_AREA): /home/cms011/home_cream_767551766/CREAM767551766/glide_Tyqww2/execute/dir_23446
>>> current user: uid=11720(cms011) gid=1399(cms) groups=1399(cms)
>>> directory permission set to 0700
>>> umask set to:  u=rwx,g=,o=
>>> stdout stderr permission set to 0704
>>> voms proxy information:
subject   : /C=IT/O=INFN/OU=Personal Certificate/L=Bari/CN=Cesare Calabria/CN=477126703/CN=1995809997
issuer    : /C=IT/O=INFN/OU=Personal Certificate/L=Bari/CN=Cesare Calabria/CN=477126703
identity  : /C=IT/O=INFN/OU=Personal Certificate/L=Bari/CN=Cesare Calabria
type      : RFC3820 compliant limited proxy
strength  : 1024
path      : /home/cms011/home_cream_767551766/CREAM767551766/glide_Tyqww2/execute/dir_23446/x509up_u50707
timeleft  : 23:59:50
key usage : Digital Signature, Key Encipherment, Data Encipherment
=== VO cms extension information ===
VO        : cms
subject   : /C=IT/O=INFN/OU=Personal Certificate/L=Bari/CN=Cesare Calabria
issuer    : /DC=ch/DC=cern/OU=computers/CN=voms.cern.ch
attribute : /cms/Role=NULL/Capability=NULL
attribute : /cms/itcms/Role=NULL/Capability=NULL
timeleft  : 154:26:09
uri       : voms.cern.ch:15002

WNHostName=pccms119.ba.infn.it
>>> tar --no-same-permissions -xf /home/cms011/home_cream_767551766/CREAM767551766/glide_Tyqww2/execute/dir_23446/default.tgz :
Successful untar
>>> Include /home/cms011/home_cream_767551766/CREAM767551766/glide_Tyqww2/execute/dir_23446 in PYTHONPATH:
strip arguments
env var CRAB_UNIQUE_JOB_ID set to: calabria_MuMinus5_Case1_ReReco_3rmq28_14_1_bv6
out_files_14
>>> list of expected files on output sandbox
output files: crab_fjr_14.xml CMSSW_14.stdout CMSSW_14.stderr Watchdog_14.log.gz
>>> GridFlavour discovery: 
GridFlavour=LCG
>>> SyncSite discovery: 
SyncSite=T2_IT_Bari
>>> SyncCE discovery: 
getting SyncCE from CE_ID
SyncCE=cream-ce-4.ba.infn.it:8443/cream-pbs-cms
>>> info for dashboard:
***** Cat /home/cms011/home_cream_767551766/CREAM767551766/glide_Tyqww2/execute/dir_23446/jobreport.txt *****
WNHostName=pccms119.ba.infn.it
MonitorJobID=14_https://submit-4.t2.ucsd.edu//140616//222488.13
SyncGridJobId=https://submit-4.t2.ucsd.edu//140616//222488.13
MonitorID=calabria_MuMinus5_Case1_ReReco_3rmq28
GridFlavour=LCG
SyncSite=T2_IT_Bari
SyncCE=cream-ce-4.ba.infn.it:8443/cream-pbs-cms
***** End Cat jobreport *****
Parameters sent to Dashboard.
>>> setup environment
set SCRAM ARCH to slc5_amd64_gcc472
SCRAM_ARCH = slc5_amd64_gcc472
>>> setup CMS LCG environment:
set SCRAM ARCH and BUILD_ARCH to slc5_amd64_gcc472 ###
Sourcing environment... 
sourcing /cvmfs/cms.cern.ch/cmsset_default.sh
==> setup cms environment ok
>>> specific cmssw setup environment:
CMSSW_VERSION =  CMSSW_6_2_0_SLHC12
>>> current directory (SOFTWARE_DIR): /home/cms011/home_cream_767551766/CREAM767551766/glide_Tyqww2/execute/dir_23446/CMSSW_6_2_0_SLHC12
PreserveSeeds: <>
IncrementSeeds:<>
>>> info for dashboard:
***** Cat /home/cms011/home_cream_767551766/CREAM767551766/glide_Tyqww2/execute/dir_23446/jobreport.txt *****
MonitorJobID=14_https://submit-4.t2.ucsd.edu//140616//222488.13
MonitorID=calabria_MuMinus5_Case1_ReReco_3rmq28
***** End Cat jobreport *****
Parameters sent to Dashboard.
crabWatchdog started as process 24468
>>> moving CMSSW software directories in /home/cms011/home_cream_767551766/CREAM767551766/glide_Tyqww2/execute/dir_23446/CMSSW_6_2_0_SLHC12
mv: cannot stat `/home/cms011/home_cream_767551766/CREAM767551766/glide_Tyqww2/execute/dir_23446/module/': No such file or directory
>>> Include /home/cms011/home_cream_767551766/CREAM767551766/glide_Tyqww2/execute/dir_23446 in PYTHONPATH:
PYTHONPATH=/home/cms011/home_cream_767551766/CREAM767551766/glide_Tyqww2/execute/dir_23446/:/home/cms011/home_cream_767551766/CREAM767551766/glide_Tyqww2/execute/dir_23446/CMSSW_6_2_0_SLHC12/python:/home/cms011/home_cream_767551766/CREAM767551766/glide_Tyqww2/execute/dir_23446/CMSSW_6_2_0_SLHC12/lib/slc5_amd64_gcc472:/cvmfs/cms.cern.ch/slc5_amd64_gcc472/cms/cmssw/CMSSW_6_2_0_SLHC12/python:/cvmfs/cms.cern.ch/slc5_amd64_gcc472/cms/cmssw/CMSSW_6_2_0_SLHC12/lib/slc5_amd64_gcc472:/cvmfs/cms.cern.ch/slc5_amd64_gcc472/cms/coral/CORAL_2_3_21-cms36/slc5_amd64_gcc472/python:/cvmfs/cms.cern.ch/slc5_amd64_gcc472/cms/coral/CORAL_2_3_21-cms36/slc5_amd64_gcc472/lib:/cvmfs/cms.cern.ch/slc5_amd64_gcc472/external/pyqt/4.8.1-cms6/lib/python2.7/site-packages:/cvmfs/cms.cern.ch/slc5_amd64_gcc472/external/py2-scipy/0.8.0-cms8/lib/python2.7/site-packages:/cvmfs/cms.cern.ch/slc5_amd64_gcc472/external/py2-matplotlib/1.0.1-cms8/lib/python2.7/site-packages:/cvmfs/cms.cern.ch/slc5_amd64_gcc472/external/python-ldap/2.3.5-cms6/lib/python2.7/site-packages:/cvmfs/cms.cern.ch/slc5_amd64_gcc472/external/sip/4.11.2-cms6/lib/python2.7/site-packages:/cvmfs/cms.cern.ch/slc5_amd64_gcc472/external/py2-pycurl/7.19.0-cms8/lib/python2.7/site-packages:/cvmfs/cms.cern.ch/slc5_amd64_gcc472/external/py2-numpy/1.6.1-cms8/lib/python2.7/site-packages:/cvmfs/cms.cern.ch/slc5_amd64_gcc472/external/py2-lint/0.25.1-cms6/lib/python2.7/site-packages:/cvmfs/cms.cern.ch/slc5_amd64_gcc472/external/py2-ipython/0.10-cms6/lib/python2.7/site-packages:/cvmfs/cms.cern.ch/slc5_amd64_gcc472/external/py2-cx-oracle/5.1-cms7/lib/python2.7/site-packages:/cvmfs/cms.cern.ch/slc5_amd64_gcc472/external/py2-cjson/1.0.5-cms6/lib/python2.7/site-packages:/cvmfs/cms.cern.ch/slc5_amd64_gcc472/cms/das-client/1.11.7/bin:/cvmfs/cms.cern.ch/slc5_amd64_gcc472/external/elementtree/1.2.6-cms6/share/lib/python2.7/site-packages:/cvmfs/cms.cern.ch/slc5_amd64_gcc472/external/rivet/1.8.2-cms8/lib/python2.7/site-packages:/cvmfs/cms.cern.ch/slc5_amd64_gcc472/external/pyminuit2/0.0.1-cms19/lib/python2.7/site-packages:/cvmfs/cms.cern.ch/slc5_amd64_gcc472/external/py2-pygithub/1.23.0/lib/python2.7/site-packages:/cvmfs/cms.cern.ch/slc5_amd64_gcc472/external/professor/1.0.0-cms19/lib/python2.7/site-packages:/cvmfs/cms.cern.ch/slc5_amd64_gcc472/lcg/root/5.34.07-cms/lib:/cvmfs/cms.cern.ch/slc5_amd64_gcc472/cms/dbs-client/DBS_2_1_9-cms5/lib:/cvmfs/cms.cern.ch/slc5_amd64_gcc472/cms/dbs-client/DBS_2_1_9-cms5/lib/DBSAPI:/cvmfs/cms.cern.ch/slc5_amd64_gcc472/external/cvs2git/5419-cms/lib:/home/cms011/home_cream_767551766/CREAM767551766/glide_Tyqww2/execute/dir_23446/
 
# LIMITS USED BY CRAB WATCHDOG:
# RSS  (KBytes)   : 2300000
# VSZ  (KBytes)   : 100000000
# DISK (MBytes)   : 19000
# CPU TIME        : 720h:0m:0s
# WALL CLOCK TIME : 21h:50m:0s
 
5854dd31cbd3cdec44c48628cc181cf0
PSETHASH = 5854dd31cbd3cdec44c48628cc181cf0
/home/cms011/home_cream_767551766/CREAM767551766/glide_Tyqww2/execute/dir_23446/writeCfg.py pset.py pset.py
Importing .py file
Setting parameters
RandomNumberGeneratorService found, will attempt to change seeds
inputBlocks=/calabria_SingleMuPt5_GEN-SIM-DIGI-RECO_CMSSW_6_2_0_SLHC12_2023Scenario_Case1/calabria-calabria_SingleMuPt5_GEN-SIM-DIGI-RECO_CMSSW_6_2_0_SLHC12_2023Scenario_Case1-01e8787d2102816c4c34c374fc192ef2/USER#9d8495c5-9b2c-45e4-af46-1756c9fe2b2c
inputFiles=/store/user/calabria/calabria_SingleMuPt5_GEN-SIM-DIGI-RECO_CMSSW_6_2_0_SLHC12_2023Scenario_Case1/calabria_SingleMuPt5_GEN-SIM-DIGI-RECO_CMSSW_6_2_0_SLHC12_2023Scenario_Case1/01e8787d2102816c4c34c374fc192ef2/out_reco_48_1_arF.root;/store/user/calabria/calabria_SingleMuPt5_GEN-SIM-DIGI-RECO_CMSSW_6_2_0_SLHC12_2023Scenario_Case1/calabria_SingleMuPt5_GEN-SIM-DIGI-RECO_CMSSW_6_2_0_SLHC12_2023Scenario_Case1/01e8787d2102816c4c34c374fc192ef2/out_reco_49_1_nOP.root;/store/user/calabria/calabria_SingleMuPt5_GEN-SIM-DIGI-RECO_CMSSW_6_2_0_SLHC12_2023Scenario_Case1/calabria_SingleMuPt5_GEN-SIM-DIGI-RECO_CMSSW_6_2_0_SLHC12_2023Scenario_Case1/01e8787d2102816c4c34c374fc192ef2/out_reco_50_2_PBr.root;/store/user/calabria/calabria_SingleMuPt5_GEN-SIM-DIGI-RECO_CMSSW_6_2_0_SLHC12_2023Scenario_Case1/calabria_SingleMuPt5_GEN-SIM-DIGI-RECO_CMSSW_6_2_0_SLHC12_2023Scenario_Case1/01e8787d2102816c4c34c374fc192ef2/out_reco_448_2_8ME.root;/store/user/calabria/calabria_SingleMuPt5_GEN-SIM-DIGI-RECO_CMSSW_6_2_0_SLHC12_2023Scenario_Case1/calabria_SingleMuPt5_GEN-SIM-DIGI-RECO_CMSSW_6_2_0_SLHC12_2023Scenario_Case1/01e8787d2102816c4c34c374fc192ef2/out_reco_449_2_Wqd.root;/store/user/calabria/calabria_SingleMuPt5_GEN-SIM-DIGI-RECO_CMSSW_6_2_0_SLHC12_2023Scenario_Case1/calabria_SingleMuPt5_GEN-SIM-DIGI-RECO_CMSSW_6_2_0_SLHC12_2023Scenario_Case1/01e8787d2102816c4c34c374fc192ef2/out_reco_451_2_UbZ.root;/store/user/calabria/calabria_SingleMuPt5_GEN-SIM-DIGI-RECO_CMSSW_6_2_0_SLHC12_2023Scenario_Case1/calabria_SingleMuPt5_GEN-SIM-DIGI-RECO_CMSSW_6_2_0_SLHC12_2023Scenario_Case1/01e8787d2102816c4c34c374fc192ef2/out_reco_452_2_ogn.root;/store/user/calabria/calabria_SingleMuPt5_GEN-SIM-DIGI-RECO_CMSSW_6_2_0_SLHC12_2023Scenario_Case1/calabria_SingleMuPt5_GEN-SIM-DIGI-RECO_CMSSW_6_2_0_SLHC12_2023Scenario_Case1/01e8787d2102816c4c34c374fc192ef2/out_reco_453_2_9iM.root;/store/user/calabria/calabria_SingleMuPt5_GEN-SIM-DIGI-RECO_CMSSW_6_2_0_SLHC12_2023Scenario_Case1/calabria_SingleMuPt5_GEN-SIM-DIGI-RECO_CMSSW_6_2_0_SLHC12_2023Scenario_Case1/01e8787d2102816c4c34c374fc192ef2/out_reco_455_2_CBk.root;/store/user/calabria/calabria_SingleMuPt5_GEN-SIM-DIGI-RECO_CMSSW_6_2_0_SLHC12_2023Scenario_Case1/calabria_SingleMuPt5_GEN-SIM-DIGI-RECO_CMSSW_6_2_0_SLHC12_2023Scenario_Case1/01e8787d2102816c4c34c374fc192ef2/out_reco_456_2_jSo.root
parentFiles=
lumisRange=
>>> Executable cmsRun
/cvmfs/cms.cern.ch/slc5_amd64_gcc472/cms/cmssw/CMSSW_6_2_0_SLHC12/bin/slc5_amd64_gcc472/cmsRun
ok executable found
>>> info for dashboard:
***** Cat /home/cms011/home_cream_767551766/CREAM767551766/glide_Tyqww2/execute/dir_23446/jobreport.txt *****
MonitorJobID=14_https://submit-4.t2.ucsd.edu//140616//222488.13
MonitorID=calabria_MuMinus5_Case1_ReReco_3rmq28
ExeStart=cmsRun
***** End Cat jobreport *****
Parameters sent to Dashboard.
>>> cmsRun started at Tue Jun 17 22:58:35 UTC 2014
>>> cmsRun ended at Tue Jun 17 23:04:33 UTC 2014
>>> crab_fjr_*.xml  permission set to 0704
>>> info for dashboard:
***** Cat /home/cms011/home_cream_767551766/CREAM767551766/glide_Tyqww2/execute/dir_23446/jobreport.txt *****
MonitorJobID=14_https://submit-4.t2.ucsd.edu//140616//222488.13
MonitorID=calabria_MuMinus5_Case1_ReReco_3rmq28
ExeEnd=cmsRun
***** End Cat jobreport *****
Parameters sent to Dashboard.
TIME_EXE = 358 sec
>>> cmsRun wrote 50 lines of stdout+stderr
>>> START OF printout of 50 lines from stdout+stderr
271 DQMStore::DQMStore 
HcalTopologyIdealEP::HcalTopologyIdealEP
18-Jun-2014 00:58:53 CEST  Initiating request to open file file:/lustre/cms//store/user/calabria/calabria_SingleMuPt5_GEN-SIM-DIGI-RECO_CMSSW_6_2_0_SLHC12_2023Scenario_Case1/calabria_SingleMuPt5_GEN-SIM-DIGI-RECO_CMSSW_6_2_0_SLHC12_2023Scenario_Case1/01e8787d2102816c4c34c374fc192ef2/out_reco_48_1_arF.root
18-Jun-2014 00:58:55 CEST  Successfully opened file file:/lustre/cms//store/user/calabria/calabria_SingleMuPt5_GEN-SIM-DIGI-RECO_CMSSW_6_2_0_SLHC12_2023Scenario_Case1/calabria_SingleMuPt5_GEN-SIM-DIGI-RECO_CMSSW_6_2_0_SLHC12_2023Scenario_Case1/01e8787d2102816c4c34c374fc192ef2/out_reco_48_1_arF.root
18-Jun-2014 00:59:32 CEST  Closed file file:/lustre/cms//store/user/calabria/calabria_SingleMuPt5_GEN-SIM-DIGI-RECO_CMSSW_6_2_0_SLHC12_2023Scenario_Case1/calabria_SingleMuPt5_GEN-SIM-DIGI-RECO_CMSSW_6_2_0_SLHC12_2023Scenario_Case1/01e8787d2102816c4c34c374fc192ef2/out_reco_48_1_arF.root
18-Jun-2014 00:59:32 CEST  Initiating request to open file file:/lustre/cms//store/user/calabria/calabria_SingleMuPt5_GEN-SIM-DIGI-RECO_CMSSW_6_2_0_SLHC12_2023Scenario_Case1/calabria_SingleMuPt5_GEN-SIM-DIGI-RECO_CMSSW_6_2_0_SLHC12_2023Scenario_Case1/01e8787d2102816c4c34c374fc192ef2/out_reco_49_1_nOP.root
18-Jun-2014 00:59:32 CEST  Successfully opened file file:/lustre/cms//store/user/calabria/calabria_SingleMuPt5_GEN-SIM-DIGI-RECO_CMSSW_6_2_0_SLHC12_2023Scenario_Case1/calabria_SingleMuPt5_GEN-SIM-DIGI-RECO_CMSSW_6_2_0_SLHC12_2023Scenario_Case1/01e8787d2102816c4c34c374fc192ef2/out_reco_49_1_nOP.root
18-Jun-2014 01:00:03 CEST  Closed file file:/lustre/cms//store/user/calabria/calabria_SingleMuPt5_GEN-SIM-DIGI-RECO_CMSSW_6_2_0_SLHC12_2023Scenario_Case1/calabria_SingleMuPt5_GEN-SIM-DIGI-RECO_CMSSW_6_2_0_SLHC12_2023Scenario_Case1/01e8787d2102816c4c34c374fc192ef2/out_reco_49_1_nOP.root
18-Jun-2014 01:00:03 CEST  Initiating request to open file file:/lustre/cms//store/user/calabria/calabria_SingleMuPt5_GEN-SIM-DIGI-RECO_CMSSW_6_2_0_SLHC12_2023Scenario_Case1/calabria_SingleMuPt5_GEN-SIM-DIGI-RECO_CMSSW_6_2_0_SLHC12_2023Scenario_Case1/01e8787d2102816c4c34c374fc192ef2/out_reco_50_2_PBr.root
18-Jun-2014 01:00:03 CEST  Successfully opened file file:/lustre/cms//store/user/calabria/calabria_SingleMuPt5_GEN-SIM-DIGI-RECO_CMSSW_6_2_0_SLHC12_2023Scenario_Case1/calabria_SingleMuPt5_GEN-SIM-DIGI-RECO_CMSSW_6_2_0_SLHC12_2023Scenario_Case1/01e8787d2102816c4c34c374fc192ef2/out_reco_50_2_PBr.root
18-Jun-2014 01:00:36 CEST  Closed file file:/lustre/cms//store/user/calabria/calabria_SingleMuPt5_GEN-SIM-DIGI-RECO_CMSSW_6_2_0_SLHC12_2023Scenario_Case1/calabria_SingleMuPt5_GEN-SIM-DIGI-RECO_CMSSW_6_2_0_SLHC12_2023Scenario_Case1/01e8787d2102816c4c34c374fc192ef2/out_reco_50_2_PBr.root
18-Jun-2014 01:00:36 CEST  Initiating request to open file file:/lustre/cms//store/user/calabria/calabria_SingleMuPt5_GEN-SIM-DIGI-RECO_CMSSW_6_2_0_SLHC12_2023Scenario_Case1/calabria_SingleMuPt5_GEN-SIM-DIGI-RECO_CMSSW_6_2_0_SLHC12_2023Scenario_Case1/01e8787d2102816c4c34c374fc192ef2/out_reco_448_2_8ME.root
18-Jun-2014 01:00:36 CEST  Successfully opened file file:/lustre/cms//store/user/calabria/calabria_SingleMuPt5_GEN-SIM-DIGI-RECO_CMSSW_6_2_0_SLHC12_2023Scenario_Case1/calabria_SingleMuPt5_GEN-SIM-DIGI-RECO_CMSSW_6_2_0_SLHC12_2023Scenario_Case1/01e8787d2102816c4c34c374fc192ef2/out_reco_448_2_8ME.root
18-Jun-2014 01:01:09 CEST  Closed file file:/lustre/cms//store/user/calabria/calabria_SingleMuPt5_GEN-SIM-DIGI-RECO_CMSSW_6_2_0_SLHC12_2023Scenario_Case1/calabria_SingleMuPt5_GEN-SIM-DIGI-RECO_CMSSW_6_2_0_SLHC12_2023Scenario_Case1/01e8787d2102816c4c34c374fc192ef2/out_reco_448_2_8ME.root
18-Jun-2014 01:01:09 CEST  Initiating request to open file file:/lustre/cms//store/user/calabria/calabria_SingleMuPt5_GEN-SIM-DIGI-RECO_CMSSW_6_2_0_SLHC12_2023Scenario_Case1/calabria_SingleMuPt5_GEN-SIM-DIGI-RECO_CMSSW_6_2_0_SLHC12_2023Scenario_Case1/01e8787d2102816c4c34c374fc192ef2/out_reco_449_2_Wqd.root
18-Jun-2014 01:01:09 CEST  Successfully opened file file:/lustre/cms//store/user/calabria/calabria_SingleMuPt5_GEN-SIM-DIGI-RECO_CMSSW_6_2_0_SLHC12_2023Scenario_Case1/calabria_SingleMuPt5_GEN-SIM-DIGI-RECO_CMSSW_6_2_0_SLHC12_2023Scenario_Case1/01e8787d2102816c4c34c374fc192ef2/out_reco_449_2_Wqd.root
18-Jun-2014 01:01:43 CEST  Closed file file:/lustre/cms//store/user/calabria/calabria_SingleMuPt5_GEN-SIM-DIGI-RECO_CMSSW_6_2_0_SLHC12_2023Scenario_Case1/calabria_SingleMuPt5_GEN-SIM-DIGI-RECO_CMSSW_6_2_0_SLHC12_2023Scenario_Case1/01e8787d2102816c4c34c374fc192ef2/out_reco_449_2_Wqd.root
18-Jun-2014 01:01:43 CEST  Initiating request to open file file:/lustre/cms//store/user/calabria/calabria_SingleMuPt5_GEN-SIM-DIGI-RECO_CMSSW_6_2_0_SLHC12_2023Scenario_Case1/calabria_SingleMuPt5_GEN-SIM-DIGI-RECO_CMSSW_6_2_0_SLHC12_2023Scenario_Case1/01e8787d2102816c4c34c374fc192ef2/out_reco_451_2_UbZ.root
18-Jun-2014 01:01:43 CEST  Successfully opened file file:/lustre/cms//store/user/calabria/calabria_SingleMuPt5_GEN-SIM-DIGI-RECO_CMSSW_6_2_0_SLHC12_2023Scenario_Case1/calabria_SingleMuPt5_GEN-SIM-DIGI-RECO_CMSSW_6_2_0_SLHC12_2023Scenario_Case1/01e8787d2102816c4c34c374fc192ef2/out_reco_451_2_UbZ.root
18-Jun-2014 01:02:16 CEST  Closed file file:/lustre/cms//store/user/calabria/calabria_SingleMuPt5_GEN-SIM-DIGI-RECO_CMSSW_6_2_0_SLHC12_2023Scenario_Case1/calabria_SingleMuPt5_GEN-SIM-DIGI-RECO_CMSSW_6_2_0_SLHC12_2023Scenario_Case1/01e8787d2102816c4c34c374fc192ef2/out_reco_451_2_UbZ.root
18-Jun-2014 01:02:16 CEST  Initiating request to open file file:/lustre/cms//store/user/calabria/calabria_SingleMuPt5_GEN-SIM-DIGI-RECO_CMSSW_6_2_0_SLHC12_2023Scenario_Case1/calabria_SingleMuPt5_GEN-SIM-DIGI-RECO_CMSSW_6_2_0_SLHC12_2023Scenario_Case1/01e8787d2102816c4c34c374fc192ef2/out_reco_452_2_ogn.root
18-Jun-2014 01:02:16 CEST  Successfully opened file file:/lustre/cms//store/user/calabria/calabria_SingleMuPt5_GEN-SIM-DIGI-RECO_CMSSW_6_2_0_SLHC12_2023Scenario_Case1/calabria_SingleMuPt5_GEN-SIM-DIGI-RECO_CMSSW_6_2_0_SLHC12_2023Scenario_Case1/01e8787d2102816c4c34c374fc192ef2/out_reco_452_2_ogn.root
18-Jun-2014 01:02:48 CEST  Closed file file:/lustre/cms//store/user/calabria/calabria_SingleMuPt5_GEN-SIM-DIGI-RECO_CMSSW_6_2_0_SLHC12_2023Scenario_Case1/calabria_SingleMuPt5_GEN-SIM-DIGI-RECO_CMSSW_6_2_0_SLHC12_2023Scenario_Case1/01e8787d2102816c4c34c374fc192ef2/out_reco_452_2_ogn.root
18-Jun-2014 01:02:48 CEST  Initiating request to open file file:/lustre/cms//store/user/calabria/calabria_SingleMuPt5_GEN-SIM-DIGI-RECO_CMSSW_6_2_0_SLHC12_2023Scenario_Case1/calabria_SingleMuPt5_GEN-SIM-DIGI-RECO_CMSSW_6_2_0_SLHC12_2023Scenario_Case1/01e8787d2102816c4c34c374fc192ef2/out_reco_453_2_9iM.root
18-Jun-2014 01:02:48 CEST  Successfully opened file file:/lustre/cms//store/user/calabria/calabria_SingleMuPt5_GEN-SIM-DIGI-RECO_CMSSW_6_2_0_SLHC12_2023Scenario_Case1/calabria_SingleMuPt5_GEN-SIM-DIGI-RECO_CMSSW_6_2_0_SLHC12_2023Scenario_Case1/01e8787d2102816c4c34c374fc192ef2/out_reco_453_2_9iM.root
18-Jun-2014 01:03:20 CEST  Closed file file:/lustre/cms//store/user/calabria/calabria_SingleMuPt5_GEN-SIM-DIGI-RECO_CMSSW_6_2_0_SLHC12_2023Scenario_Case1/calabria_SingleMuPt5_GEN-SIM-DIGI-RECO_CMSSW_6_2_0_SLHC12_2023Scenario_Case1/01e8787d2102816c4c34c374fc192ef2/out_reco_453_2_9iM.root
18-Jun-2014 01:03:20 CEST  Initiating request to open file file:/lustre/cms//store/user/calabria/calabria_SingleMuPt5_GEN-SIM-DIGI-RECO_CMSSW_6_2_0_SLHC12_2023Scenario_Case1/calabria_SingleMuPt5_GEN-SIM-DIGI-RECO_CMSSW_6_2_0_SLHC12_2023Scenario_Case1/01e8787d2102816c4c34c374fc192ef2/out_reco_455_2_CBk.root
18-Jun-2014 01:03:20 CEST  Successfully opened file file:/lustre/cms//store/user/calabria/calabria_SingleMuPt5_GEN-SIM-DIGI-RECO_CMSSW_6_2_0_SLHC12_2023Scenario_Case1/calabria_SingleMuPt5_GEN-SIM-DIGI-RECO_CMSSW_6_2_0_SLHC12_2023Scenario_Case1/01e8787d2102816c4c34c374fc192ef2/out_reco_455_2_CBk.root
18-Jun-2014 01:03:52 CEST  Closed file file:/lustre/cms//store/user/calabria/calabria_SingleMuPt5_GEN-SIM-DIGI-RECO_CMSSW_6_2_0_SLHC12_2023Scenario_Case1/calabria_SingleMuPt5_GEN-SIM-DIGI-RECO_CMSSW_6_2_0_SLHC12_2023Scenario_Case1/01e8787d2102816c4c34c374fc192ef2/out_reco_455_2_CBk.root
18-Jun-2014 01:03:52 CEST  Initiating request to open file file:/lustre/cms//store/user/calabria/calabria_SingleMuPt5_GEN-SIM-DIGI-RECO_CMSSW_6_2_0_SLHC12_2023Scenario_Case1/calabria_SingleMuPt5_GEN-SIM-DIGI-RECO_CMSSW_6_2_0_SLHC12_2023Scenario_Case1/01e8787d2102816c4c34c374fc192ef2/out_reco_456_2_jSo.root
18-Jun-2014 01:03:52 CEST  Successfully opened file file:/lustre/cms//store/user/calabria/calabria_SingleMuPt5_GEN-SIM-DIGI-RECO_CMSSW_6_2_0_SLHC12_2023Scenario_Case1/calabria_SingleMuPt5_GEN-SIM-DIGI-RECO_CMSSW_6_2_0_SLHC12_2023Scenario_Case1/01e8787d2102816c4c34c374fc192ef2/out_reco_456_2_jSo.root
18-Jun-2014 01:04:32 CEST  Closed file file:/lustre/cms//store/user/calabria/calabria_SingleMuPt5_GEN-SIM-DIGI-RECO_CMSSW_6_2_0_SLHC12_2023Scenario_Case1/calabria_SingleMuPt5_GEN-SIM-DIGI-RECO_CMSSW_6_2_0_SLHC12_2023Scenario_Case1/01e8787d2102816c4c34c374fc192ef2/out_reco_456_2_jSo.root

=============================================

MessageLogger Summary

 type     category        sev    module        subroutine        count    total
 ---- -------------------- -- ---------------- ----------------  -----    -----
    1 fileAction           -s file_close                            10       10
    2 fileAction           -s file_open                             20       20

 type    category    Examples: run/evt        run/evt          run/evt
 ---- -------------------- ---------------- ---------------- ----------------
    1 fileAction           PostProcessEvent PostProcessEvent PostEndRun
    2 fileAction           pre-events       pre-events       PostProcessEvent

Severity    # Occurrences   Total Occurrences
--------    -------------   -----------------
System                 30                  30
>>> END OF printout of 50 lines from stdout+stderr
>>> Parse FrameworkJobReport crab_fjr.xml
Result of parsing the FrameworkJobReport crab_fjr.xml: Popularity start
lumisRange : 1::::1;1::::2;1::::3;1::::4;1::::5;1::::6;1::::7;1::::8;1::::9;1::::10;
lumisParentRange : 
Basename : /store/user/calabria/calabria_SingleMuPt5_GEN-SIM-DIGI-RECO_CMSSW_6_2_0_SLHC12_2023Scenario_Case1/calabria_SingleMuPt5_GEN-SIM-DIGI-RECO_CMSSW_6_2_0_SLHC12_2023Scenario_Case1/01e8787d2102816c4c34c374fc192ef2/out_reco_
BasenameParent : 
parentFiles : 
inputBlocks : /calabria_SingleMuPt5_GEN-SIM-DIGI-RECO_CMSSW_6_2_0_SLHC12_2023Scenario_Case1/calabria-calabria_SingleMuPt5_GEN-SIM-DIGI-RECO_CMSSW_6_2_0_SLHC12_2023Scenario_Case1-01e8787d2102816c4c34c374fc192ef2/USER#9d8495c5-9b2c-45e4-af46-1756c9fe2b2c
inputFiles : 452_2_ogn.root::1::EDM::Local::1;448_2_8ME.root::1::EDM::Local::2;49_1_nOP.root::1::EDM::Local::3;50_2_PBr.root::1::EDM::Local::4;449_2_Wqd.root::1::EDM::Local::5;455_2_CBk.root::1::EDM::Local::6;453_2_9iM.root::1::EDM::Local::7;48_1_arF.root::1::EDM::Local::8;456_2_jSo.root::1::EDM::Local::9;451_2_UbZ.root::1::EDM::Local::10;
Popularity stop
Extracted ExitStatus from FrameworkJobReport parsing output: 0
>>> Executable succeded  0
ExeExitCode=0
EXECUTABLE_EXIT_STATUS = 0
>>> current directory /home/cms011/home_cream_767551766/CREAM767551766/glide_Tyqww2/execute/dir_23446/CMSSW_6_2_0_SLHC12
>>>  (SOFTWARE_DIR): /home/cms011/home_cream_767551766/CREAM767551766/glide_Tyqww2/execute/dir_23446/CMSSW_6_2_0_SLHC12
>>> (WORKING_DIR): 
>>> current directory content:
total 10456
drwxr-xr-x 3 cms011 cms    4096 Jun 18 00:58 .SCRAM
-rw------- 1 cms011 cms 3740285 Jun 18 00:58 CMSSW.py.pkl
drwxr-xr-x 3 cms011 cms    4096 Jun 18 00:58 bin
drwxr-xr-x 3 cms011 cms    4096 Jun 18 00:58 cfipython
drwxr-xr-x 4 cms011 cms    4096 Jun 18 00:58 config
-rw------- 1 cms011 cms      16 Jun 18 01:04 cpu_timing.txt
drwxr-xr-x 2 cms011 cms    4096 Jun 18 00:58 doc
-rw------- 1 cms011 cms    9856 Jun 18 01:04 executable.out
drwxr-xr-x 2 cms011 cms    4096 Jun 18 00:58 include
drwx------ 3 cms011 cms    4096 Apr 28 18:12 lib
drwxr-xr-x 3 cms011 cms    4096 Jun 18 00:58 logs
drwxr-xr-x 3 cms011 cms    4096 Jun 18 00:58 objs
-rw------- 1 cms011 cms     104 Jun 18 00:58 pset.py
-rw------- 1 cms011 cms 3712291 Jun 18 00:58 pset.py.pkl
-rw------- 1 cms011 cms     289 Jun 18 00:58 pset.pyc
drwxr-xr-x 2 cms011 cms    4096 Jun 18 00:58 python
-rw------- 1 cms011 cms     407 Jun 18 01:04 report.log
drwx------ 6 cms011 cms    4096 Jun 18 00:58 src
drwxr-xr-x 3 cms011 cms    4096 Jun 18 00:58 test
drwxr-xr-x 3 cms011 cms    4096 Jun 18 00:58 tmp
-rw------- 1 cms011 cms 3150592 Jun 18 01:04 validationEDM.root
>>> current directory /home/cms011/home_cream_767551766/CREAM767551766/glide_Tyqww2/execute/dir_23446/CMSSW_6_2_0_SLHC12
>>> (SOFTWARE_DIR): /home/cms011/home_cream_767551766/CREAM767551766/glide_Tyqww2/execute/dir_23446/CMSSW_6_2_0_SLHC12
>>> (WORKING_DIR): 
>>> current directory content:
total 10456
drwxr-xr-x 3 cms011 cms    4096 Jun 18 00:58 .SCRAM
-rw------- 1 cms011 cms 3740285 Jun 18 00:58 CMSSW.py.pkl
drwxr-xr-x 3 cms011 cms    4096 Jun 18 00:58 bin
drwxr-xr-x 3 cms011 cms    4096 Jun 18 00:58 cfipython
drwxr-xr-x 4 cms011 cms    4096 Jun 18 00:58 config
-rw------- 1 cms011 cms      16 Jun 18 01:04 cpu_timing.txt
drwxr-xr-x 2 cms011 cms    4096 Jun 18 00:58 doc
-rw------- 1 cms011 cms    9856 Jun 18 01:04 executable.out
drwxr-xr-x 2 cms011 cms    4096 Jun 18 00:58 include
drwx------ 3 cms011 cms    4096 Apr 28 18:12 lib
drwxr-xr-x 3 cms011 cms    4096 Jun 18 00:58 logs
drwxr-xr-x 3 cms011 cms    4096 Jun 18 00:58 objs
-rw------- 1 cms011 cms     104 Jun 18 00:58 pset.py
-rw------- 1 cms011 cms 3712291 Jun 18 00:58 pset.py.pkl
-rw------- 1 cms011 cms     289 Jun 18 00:58 pset.pyc
drwxr-xr-x 2 cms011 cms    4096 Jun 18 00:58 python
-rw------- 1 cms011 cms     407 Jun 18 01:04 report.log
drwx------ 6 cms011 cms    4096 Jun 18 00:58 src
drwxr-xr-x 3 cms011 cms    4096 Jun 18 00:58 test
drwxr-xr-x 3 cms011 cms    4096 Jun 18 00:58 tmp
-rw------- 1 cms011 cms 3150592 Jun 18 01:04 validationEDM_14_1_bv6.root
>>> current directory (RUNTIME_AREA):  /home/cms011/home_cream_767551766/CREAM767551766/glide_Tyqww2/execute/dir_23446
SE = storm-se-01.ba.infn.it
SE_PATH = /srm/managerv2?SFN=//cms/store/user/calabria/calabria_SingleMuPt5_GEN-SIM-DIGI-RECO_CMSSW_6_2_0_SLHC12_2023Scenario_Case1/calabria_MuMinus5_GEN-SIM-DIGI-RECO_CMSSW_6_2_0_SLHC12_2023Scenario_VALNOPU2_Case1/5854dd31cbd3cdec44c48628cc181cf0/
LFNBaseName = /store/user/calabria/calabria_SingleMuPt5_GEN-SIM-DIGI-RECO_CMSSW_6_2_0_SLHC12_2023Scenario_Case1/calabria_MuMinus5_GEN-SIM-DIGI-RECO_CMSSW_6_2_0_SLHC12_2023Scenario_VALNOPU2_Case1/5854dd31cbd3cdec44c48628cc181cf0/
USER = calabria
endpoint = srm://storm-se-01.ba.infn.it:8444/srm/managerv2?SFN=//cms/store/user/calabria/calabria_SingleMuPt5_GEN-SIM-DIGI-RECO_CMSSW_6_2_0_SLHC12_2023Scenario_Case1/calabria_MuMinus5_GEN-SIM-DIGI-RECO_CMSSW_6_2_0_SLHC12_2023Scenario_VALNOPU2_Case1/5854dd31cbd3cdec44c48628cc181cf0/
>>> Copy output files from WN = pccms119.ba.infn.it to /srm/managerv2?SFN=//cms/store/user/calabria/calabria_SingleMuPt5_GEN-SIM-DIGI-RECO_CMSSW_6_2_0_SLHC12_2023Scenario_Case1/calabria_MuMinus5_GEN-SIM-DIGI-RECO_CMSSW_6_2_0_SLHC12_2023Scenario_VALNOPU2_Case1/5854dd31cbd3cdec44c48628cc181cf0/ :
python cmscp.py  --destination srm://storm-se-01.ba.infn.it:8444/srm/managerv2?SFN=//cms/store/user/calabria/calabria_SingleMuPt5_GEN-SIM-DIGI-RECO_CMSSW_6_2_0_SLHC12_2023Scenario_Case1/calabria_MuMinus5_GEN-SIM-DIGI-RECO_CMSSW_6_2_0_SLHC12_2023Scenario_VALNOPU2_Case1/5854dd31cbd3cdec44c48628cc181cf0/ --inputFileList /home/cms011/home_cream_767551766/CREAM767551766/glide_Tyqww2/execute/dir_23446/CMSSW_6_2_0_SLHC12/validationEDM_14_1_bv6.root --middleware LCG --se_name storm-se-01.ba.infn.it --for_lfn /store/user/calabria/calabria_SingleMuPt5_GEN-SIM-DIGI-RECO_CMSSW_6_2_0_SLHC12_2023Scenario_Case1/calabria_MuMinus5_GEN-SIM-DIGI-RECO_CMSSW_6_2_0_SLHC12_2023Scenario_VALNOPU2_Case1/5854dd31cbd3cdec44c48628cc181cf0/    
******************************************************
localSeName  =  storm-se-01.ba.infn.it
remoteSeName =  storm-se-01.ba.infn.it
******************************************************
{"/home/cms011/home_cream_767551766/CREAM767551766/glide_Tyqww2/execute/dir_23446/CMSSW_6_2_0_SLHC12/validationEDM_14_1_bv6.root": {"endpoint": "srm://storm-se-01.ba.infn.it:8444/srm/managerv2?SFN=//cms/store/user/calabria/calabria_SingleMuPt5_GEN-SIM-DIGI-RECO_CMSSW_6_2_0_SLHC12_2023Scenario_Case1/calabria_MuMinus5_GEN-SIM-DIGI-RECO_CMSSW_6_2_0_SLHC12_2023Scenario_VALNOPU2_Case1/5854dd31cbd3cdec44c48628cc181cf0/", "surl_for_grid": "", "reason": "Copy succedeed with srm-lcg utils", "erCode": "0", "se_name": "storm-se-01.ba.infn.it", "for_lfn": "/store/user/calabria/calabria_SingleMuPt5_GEN-SIM-DIGI-RECO_CMSSW_6_2_0_SLHC12_2023Scenario_Case1/calabria_MuMinus5_GEN-SIM-DIGI-RECO_CMSSW_6_2_0_SLHC12_2023Scenario_VALNOPU2_Case1/5854dd31cbd3cdec44c48628cc181cf0/"}}/home/cms011/home_cream_767551766/CREAM767551766/glide_Tyqww2/execute/dir_23446
-------- cat /home/cms011/home_cream_767551766/CREAM767551766/glide_Tyqww2/execute/dir_23446/cmscpReport.sh 
#!/bin/bash
echo "Report for File: /home/cms011/home_cream_767551766/CREAM767551766/glide_Tyqww2/execute/dir_23446/CMSSW_6_2_0_SLHC12/validationEDM_14_1_bv6.root"
echo "LFN: /store/user/calabria/calabria_SingleMuPt5_GEN-SIM-DIGI-RECO_CMSSW_6_2_0_SLHC12_2023Scenario_Case1/calabria_MuMinus5_GEN-SIM-DIGI-RECO_CMSSW_6_2_0_SLHC12_2023Scenario_VALNOPU2_Case1/5854dd31cbd3cdec44c48628cc181cf0/validationEDM_14_1_bv6.root"
echo "StorageElement: storm-se-01.ba.infn.it"
echo "StageOutExitStatusReason = 'Copy succedeed with srm-lcg utils'" | tee -a $RUNTIME_AREA/$repo
echo "StageOutSE = storm-se-01.ba.infn.it" >> $RUNTIME_AREA/$repo

export StageOutExitStatus=0
echo "StageOutExitStatus = 0" | tee -a $RUNTIME_AREA/$repo
-------- end of /home/cms011/home_cream_767551766/CREAM767551766/glide_Tyqww2/execute/dir_23446/cmscpReport.sh 
Report for File: /home/cms011/home_cream_767551766/CREAM767551766/glide_Tyqww2/execute/dir_23446/CMSSW_6_2_0_SLHC12/validationEDM_14_1_bv6.root
LFN: /store/user/calabria/calabria_SingleMuPt5_GEN-SIM-DIGI-RECO_CMSSW_6_2_0_SLHC12_2023Scenario_Case1/calabria_MuMinus5_GEN-SIM-DIGI-RECO_CMSSW_6_2_0_SLHC12_2023Scenario_VALNOPU2_Case1/5854dd31cbd3cdec44c48628cc181cf0/validationEDM_14_1_bv6.root
StorageElement: storm-se-01.ba.infn.it
StageOutExitStatusReason = 'Copy succedeed with srm-lcg utils'
StageOutExitStatus = 0
>>> current dir: /home/cms011/home_cream_767551766/CREAM767551766/glide_Tyqww2/execute/dir_23446
>>> current dir content:
total 28076
-rw-------  1 cms011 cms     2775 Jun 18 01:05 .SEinteraction.log
-rwx------  1 cms011 cms     6806 Jun 18 00:58 .job.ad
-rwx------  1 cms011 cms     9452 Jun 18 00:58 .machine.ad
-rw-------  1 cms011 cms      105 Jun 16 20:42 CMSSW.py
-rw-------  1 cms011 cms  3740285 Jun 16 20:42 CMSSW.py.pkl
-rwx------  1 cms011 cms    29543 Jun 18 00:58 CMSSW.sh
drwxr-xr-x 15 cms011 cms     4096 Jun 18 01:04 CMSSW_6_2_0_SLHC12
-rw-------  1 cms011 cms      220 Jun 18 00:58 CacheEnv.sh
-rw-------  1 cms011 cms     7291 Apr  4 11:04 DashboardAPI.py
-rw-------  1 cms011 cms     6815 Jun 18 00:58 DashboardAPI.pyc
drwx------  2 cms011 cms     4096 Jun 18 01:04 IMProv
-rw-------  1 cms011 cms     2748 Apr  4 11:04 Logger.py
-rw-------  1 cms011 cms     3347 Jun 18 00:58 Logger.pyc
-rw-------  1 cms011 cms    24524 Apr  4 11:04 ProcInfo.py
-rw-------  1 cms011 cms    23197 Jun 18 00:58 ProcInfo.pyc
drwx------  7 cms011 cms     4096 Jun 18 00:58 ProdCommon
drwx------  3 cms011 cms     4096 Jun 18 00:58 WMCore
-rw-------  1 cms011 cms     2301 Jun 18 01:05 Watchdog_14.log
-rwx------  1 cms011 cms        0 Jun 18 00:58 _condor_stderr
-rwx---r--  1 cms011 cms    29301 Jun 18 01:05 _condor_stdout
-rw-------  1 cms011 cms    32895 Apr  4 11:04 apmon.py
-rw-------  1 cms011 cms    28625 Jun 18 00:58 apmon.pyc
-rwx------  1 cms011 cms    52985 Jun 18 00:58 arguments.xml
-rwx------  1 cms011 cms    38515 Apr  4 11:04 cmscp.py
-rw-------  1 cms011 cms      716 Jun 18 01:05 cmscpReport.sh
-rwx------  1 cms011 cms    29543 Jun 18 00:58 condor_exec.exe
-rw-------  1 cms011 cms      953 Jun 16 20:42 crab.cfg
-rwx------  1 cms011 cms     8610 Apr  4 11:04 crabWatchdog.sh
-rwx---r--  1 cms011 cms   523174 Jun 18 01:04 crab_fjr_14.xml
-rwx------  1 cms011 cms 23958452 Jun 18 00:58 default.tgz
-rwx------  1 cms011 cms     4488 Apr  4 11:04 fillCrabFjr.py
-rw-------  1 cms011 cms     2604 Jun 18 00:58 inputsReport.txt
-rw-------  1 cms011 cms      260 Jun 18 01:05 jobreport.txt
-rw-------  1 cms011 cms    17352 Apr  4 11:04 parseCrabFjr.py
-rw-------  1 cms011 cms      328 Jun 18 00:58 report.log
-rwx--x--x  1 cms011 cms     1497 Apr  4 11:04 report.py
-rw-------  1 cms011 cms      768 Jun 18 01:05 resultCopyFile
lrwxrwxrwx  1 cms011 cms      126 Jun 18 01:04 validationEDM.root -> /home/cms011/home_cream_767551766/CREAM767551766/glide_Tyqww2/execute/dir_23446/CMSSW_6_2_0_SLHC12/validationEDM_14_1_bv6.root
-rwx------  1 cms011 cms     8387 Apr  4 11:04 writeCfg.py
-rw-------  1 cms011 cms     8010 Jun 18 00:58 x509up_u50707
>>> Modify Job Report:
CMSSW_VERSION = CMSSW_6_2_0_SLHC12
ProcessedDataset = calabria_MuMinus5_GEN-SIM-DIGI-RECO_CMSSW_6_2_0_SLHC12_2023Scenario_VALNOPU2_Case1
/home/cms011/home_cream_767551766/CREAM767551766/glide_Tyqww2/execute/dir_23446/ProdCommon/FwkJobRep/ModifyJobReport.py fjr /home/cms011/home_cream_767551766/CREAM767551766/glide_Tyqww2/execute/dir_23446/crab_fjr_14.xml json /home/cms011/home_cream_767551766/CREAM767551766/glide_Tyqww2/execute/dir_23446/resultCopyFile n_job 14_1_bv6 PrimaryDataset calabria_SingleMuPt5_GEN-SIM-DIGI-RECO_CMSSW_6_2_0_SLHC12_2023Scenario_Case1  ApplicationFamily cmsRun ApplicationName cmsRun cmssw_version CMSSW_6_2_0_SLHC12 psethash 5854dd31cbd3cdec44c48628cc181cf0 UserProcessedDataset calabria-calabria_MuMinus5_GEN-SIM-DIGI-RECO_CMSSW_6_2_0_SLHC12_2023Scenario_VALNOPU2_Case1-5854dd31cbd3cdec44c48628cc181cf0
inputDict =  {u'/home/cms011/home_cream_767551766/CREAM767551766/glide_Tyqww2/execute/dir_23446/CMSSW_6_2_0_SLHC12/validationEDM_14_1_bv6.root': {u'endpoint': u'srm://storm-se-01.ba.infn.it:8444/srm/managerv2?SFN=//cms/store/user/calabria/calabria_SingleMuPt5_GEN-SIM-DIGI-RECO_CMSSW_6_2_0_SLHC12_2023Scenario_Case1/calabria_MuMinus5_GEN-SIM-DIGI-RECO_CMSSW_6_2_0_SLHC12_2023Scenario_VALNOPU2_Case1/5854dd31cbd3cdec44c48628cc181cf0/', u'surl_for_grid': u'', u'reason': u'Copy succedeed with srm-lcg utils', u'erCode': u'0', u'se_name': u'storm-se-01.ba.infn.it', u'for_lfn': u'/store/user/calabria/calabria_SingleMuPt5_GEN-SIM-DIGI-RECO_CMSSW_6_2_0_SLHC12_2023Scenario_Case1/calabria_MuMinus5_GEN-SIM-DIGI-RECO_CMSSW_6_2_0_SLHC12_2023Scenario_VALNOPU2_Case1/5854dd31cbd3cdec44c48628cc181cf0/'}}
UserProcessedDataset =  calabria-calabria_MuMinus5_GEN-SIM-DIGI-RECO_CMSSW_6_2_0_SLHC12_2023Scenario_VALNOPU2_Case1-5854dd31cbd3cdec44c48628cc181cf0
file_name in inputDict =  /home/cms011/home_cream_767551766/CREAM767551766/glide_Tyqww2/execute/dir_23446/CMSSW_6_2_0_SLHC12/validationEDM_14_1_bv6.root
(size) os.stat(filename)[6] =  3150592
checksum =  468137481
    file =  validationEDM_14_1_bv6.root
    newPfn =  srm://storm-se-01.ba.infn.it:8444/srm/managerv2?SFN=//cms/store/user/calabria/calabria_SingleMuPt5_GEN-SIM-DIGI-RECO_CMSSW_6_2_0_SLHC12_2023Scenario_Case1/calabria_MuMinus5_GEN-SIM-DIGI-RECO_CMSSW_6_2_0_SLHC12_2023Scenario_VALNOPU2_Case1/5854dd31cbd3cdec44c48628cc181cf0/validationEDM_14_1_bv6.root
    newLfn =  /store/user/calabria/calabria_SingleMuPt5_GEN-SIM-DIGI-RECO_CMSSW_6_2_0_SLHC12_2023Scenario_Case1/calabria_MuMinus5_GEN-SIM-DIGI-RECO_CMSSW_6_2_0_SLHC12_2023Scenario_VALNOPU2_Case1/5854dd31cbd3cdec44c48628cc181cf0/validationEDM_14_1_bv6.root
>>> crab_fjr_*.xml  permission set to 0704
CrabWrapper EXIT_FUNC entered at Wed Jun 18 01:05:28 CEST 2014   -  Tue Jun 17 23:05:28 UTC 2014
Checking output files:  
will tar file crab_fjr_14.xml in  out_files_14
WARNING: output file CMSSW_14.stdout not found!
WARNING: output file CMSSW_14.stderr not found!
WARNING: output file Watchdog_14.log.gz not found!
>>> padding time: Sleeping the wrapper for 162 seconds
STOPPING WATCHDOG. CrabWatchdog PID is 24468
********** LAST 50 LINES OF WATCHDOG LOG
# RESOURCE USAGE SUMMARY FOR PROCESS ID 23525
USER       PID %CPU %MEM    VSZ   RSS TTY      STAT START   TIME COMMAND
cms011   23525  0.5  0.0   9496  1596 ?        S    00:58   0:00 /bin/sh /home/cms011/home_cream_767551766/CREAM767551766/glide_Tyqww2/execute/dir_23446/condor_exec.exe 14 1
 
# LIMITS USED BY CRAB WATCHDOG:
# RSS  (KBytes)   : 2300000
# VSZ  (KBytes)   : 100000000
# DISK (MBytes)   : 19000
# CPU TIME        : 720h:0m:0s
# WALL CLOCK TIME : 21h:50m:0s
 
# FOLLOWING PRINTOUT TRACKS MAXIMUM VALUES OF RESOURCES USE
# ONE LINE IS PRINTED EACH TIME A MAXIMUM CHANGES
# IF CHANGE WAS IN RSS OR VSZ ALSO PROCID AND COMMAND ARE PRINTED
# THERE IS NO PRINTOUT FOR CPU/WALL TIME INCREASE
 
# TIME			PID	RSS(KB)	VSZ(KB)	Dsk(MB)	tCPU(s)	tWALL(s)	COMMAND
 Jun 18 00:58:16 CEST	11381	1260	106092	0	0	0	sh -c "./glidein_startup.sh" -v std -name v3_0 -entry CMS_T2_IT_Bari_ce4 -clientname UCSD-v1_0.main
 Jun 18 00:58:16 CEST	11385	1776	106492	0	0	1	/bin/bash ./glidein_startup.sh -v std -name v3_0 -entry CMS_T2_IT_Bari_ce4 -clientname UCSD-v1_0.main -schedd
 Jun 18 00:58:16 CEST	23446	8416	106492	0	0	1	condor_starter -f submit-4.t2.ucsd.edu        
 Jun 18 00:58:16 CEST	24480	34968	106492	0	0	1	edmConfigHash pset.py         
 Jun 18 00:58:16 CEST	---	34968	106492	171	----	----	----
 Jun 18 00:59:17 CEST	25800	678928	981080	171	33	62	cmsRun -j /home/cms011/home_cream_767551766/CREAM767551766/glide_Tyqww2/execute/dir_23446/crab_fjr_14.xml -p pset.py      
 Jun 18 00:59:17 CEST	---	678928	981080	175	----	----	----
 Jun 18 01:00:18 CEST	25800	708436	1001056	175	84	122	cmsRun -j /home/cms011/home_cream_767551766/CREAM767551766/glide_Tyqww2/execute/dir_23446/crab_fjr_14.xml -p pset.py      
 Jun 18 01:01:19 CEST	25800	712308	1009692	175	133	183	cmsRun -j /home/cms011/home_cream_767551766/CREAM767551766/glide_Tyqww2/execute/dir_23446/crab_fjr_14.xml -p pset.py      
 Jun 18 01:02:19 CEST	25800	715004	1016348	175	185	244	cmsRun -j /home/cms011/home_cream_767551766/CREAM767551766/glide_Tyqww2/execute/dir_23446/crab_fjr_14.xml -p pset.py      
 Jun 18 01:04:21 CEST	25800	732596	1032220	175	289	366	cmsRun -j /home/cms011/home_cream_767551766/CREAM767551766/glide_Tyqww2/execute/dir_23446/crab_fjr_14.xml -p pset.py      
 Jun 18 01:05:22 CEST	---	732596	1032220	179	----	----	----
********** WATCHDOG LOG ENDED
ZIPPING WATCHDOG LOG
Disk space used:
du -sh /home/cms011/home_cream_767551766/CREAM767551766/glide_Tyqww2/execute/dir_23446
179M	/home/cms011/home_cream_767551766/CREAM767551766/glide_Tyqww2/execute/dir_23446
Found unusual stdout, rename for OSB
`/home/cms011/home_cream_767551766/CREAM767551766/glide_Tyqww2/execute/dir_23446/_condor_stdout' -> `CMSSW_14.stdout'
Found unusual stderr, rename for OSB
`/home/cms011/home_cream_767551766/CREAM767551766/glide_Tyqww2/execute/dir_23446/_condor_stdout' -> `CMSSW_14.stderr'
crab_fjr_14.xml
CMSSW_14.stdout
CMSSW_14.stderr
Watchdog_14.log.gz
Total Output dimension: 69918
WARNING: output files size limit is set to: 50000000
Total Output dimension 69918 is fine.
JOB_EXIT_STATUS = 0
>>> info for dashboard:
***** Cat /home/cms011/home_cream_767551766/CREAM767551766/glide_Tyqww2/execute/dir_23446/jobreport.txt *****
MonitorJobID=14_https://submit-4.t2.ucsd.edu//140616//222488.13
MonitorID=calabria_MuMinus5_Case1_ReReco_3rmq28
ExeTime=358
ExeExitCode=0
StageOutExitStatusReason = 'Copy succedeed with srm-lcg utils'
StageOutSE = storm-se-01.ba.infn.it
StageOutExitStatus = 0
CrabUserCpuTime=296.89
CrabSysCpuTime=3.86
CrabCpuPercentage=84%
CrabWrapperTime=600
CrabStageoutTime=48
JobExitCode=0
***** End Cat jobreport *****
Parameters sent to Dashboard.
EXITING at Wed Jun 18 01:08:17 CEST 2014  -  Tue Jun 17 23:08:17 UTC 2014
