This script was generated by crab (version 2.10.5_patch1).
Running /home/cms037/home_cream_677601597/CREAM677601597/glide_fs5B5M/execute/dir_9556/condor_exec.exe with 2 positional parameters: 16 1
Today is Wed Jun 18 00:58:14 CEST 2014 - Tue Jun 17 22:58:14 UTC 2014
Job submitted on host alicegrid61.ba.infn.it
Linux alicegrid61.ba.infn.it 2.6.32-358.23.2.el6.x86_64 #1 SMP Thu Oct 17 10:27:22 CEST 2013 x86_64 x86_64 x86_64 GNU/Linux
>>> current directory (RUNTIME_AREA): /home/cms037/home_cream_677601597/CREAM677601597/glide_fs5B5M/execute/dir_9556
>>> current user: uid=18594(cms037) gid=1399(cms) groups=1399(cms)
>>> directory permission set to 0700
>>> umask set to:  u=rwx,g=,o=
>>> stdout stderr permission set to 0704
>>> voms proxy information:
subject   : /C=IT/O=INFN/OU=Personal Certificate/L=Bari/CN=Cesare Calabria/CN=477126703/CN=1077479465
issuer    : /C=IT/O=INFN/OU=Personal Certificate/L=Bari/CN=Cesare Calabria/CN=477126703
identity  : /C=IT/O=INFN/OU=Personal Certificate/L=Bari/CN=Cesare Calabria
type      : RFC3820 compliant limited proxy
strength  : 1024
path      : /home/cms037/home_cream_677601597/CREAM677601597/glide_fs5B5M/execute/dir_9556/x509up_u50707
timeleft  : 23:58:48
key usage : Digital Signature, Key Encipherment, Data Encipherment
=== VO cms extension information ===
VO        : cms
subject   : /C=IT/O=INFN/OU=Personal Certificate/L=Bari/CN=Cesare Calabria
issuer    : /DC=ch/DC=cern/OU=computers/CN=voms.cern.ch
attribute : /cms/Role=NULL/Capability=NULL
attribute : /cms/itcms/Role=NULL/Capability=NULL
timeleft  : 154:26:04
uri       : voms.cern.ch:15002

WNHostName=alicegrid61.ba.infn.it
>>> tar --no-same-permissions -xf /home/cms037/home_cream_677601597/CREAM677601597/glide_fs5B5M/execute/dir_9556/default.tgz :
Successful untar
>>> Include /home/cms037/home_cream_677601597/CREAM677601597/glide_fs5B5M/execute/dir_9556 in PYTHONPATH:
strip arguments
env var CRAB_UNIQUE_JOB_ID set to: calabria_MuMinus5_Case1_ReReco_3rmq28_16_1_ALg
out_files_16
>>> list of expected files on output sandbox
output files: crab_fjr_16.xml CMSSW_16.stdout CMSSW_16.stderr Watchdog_16.log.gz
>>> GridFlavour discovery: 
GridFlavour=LCG
>>> SyncSite discovery: 
SyncSite=T2_IT_Bari
>>> SyncCE discovery: 
getting SyncCE from CE_ID
SyncCE=cream-ce-2.ba.infn.it:8443/cream-pbs-cms
>>> info for dashboard:
***** Cat /home/cms037/home_cream_677601597/CREAM677601597/glide_fs5B5M/execute/dir_9556/jobreport.txt *****
WNHostName=alicegrid61.ba.infn.it
MonitorJobID=16_https://submit-4.t2.ucsd.edu//140616//222488.15
SyncGridJobId=https://submit-4.t2.ucsd.edu//140616//222488.15
MonitorID=calabria_MuMinus5_Case1_ReReco_3rmq28
GridFlavour=LCG
SyncSite=T2_IT_Bari
SyncCE=cream-ce-2.ba.infn.it:8443/cream-pbs-cms
***** End Cat jobreport *****
Parameters sent to Dashboard.
>>> setup environment
set SCRAM ARCH to slc5_amd64_gcc472
SCRAM_ARCH = slc5_amd64_gcc472
>>> setup CMS LCG environment:
set SCRAM ARCH and BUILD_ARCH to slc5_amd64_gcc472 ###
Sourcing environment... 
sourcing /cvmfs/cms.cern.ch/cmsset_default.sh
==> setup cms environment ok
>>> specific cmssw setup environment:
CMSSW_VERSION =  CMSSW_6_2_0_SLHC12
>>> current directory (SOFTWARE_DIR): /home/cms037/home_cream_677601597/CREAM677601597/glide_fs5B5M/execute/dir_9556/CMSSW_6_2_0_SLHC12
PreserveSeeds: <>
IncrementSeeds:<>
>>> info for dashboard:
***** Cat /home/cms037/home_cream_677601597/CREAM677601597/glide_fs5B5M/execute/dir_9556/jobreport.txt *****
MonitorJobID=16_https://submit-4.t2.ucsd.edu//140616//222488.15
MonitorID=calabria_MuMinus5_Case1_ReReco_3rmq28
***** End Cat jobreport *****
Parameters sent to Dashboard.
crabWatchdog started as process 10994
>>> moving CMSSW software directories in /home/cms037/home_cream_677601597/CREAM677601597/glide_fs5B5M/execute/dir_9556/CMSSW_6_2_0_SLHC12
mv: cannot stat `/home/cms037/home_cream_677601597/CREAM677601597/glide_fs5B5M/execute/dir_9556/module/': No such file or directory
>>> Include /home/cms037/home_cream_677601597/CREAM677601597/glide_fs5B5M/execute/dir_9556 in PYTHONPATH:
PYTHONPATH=/home/cms037/home_cream_677601597/CREAM677601597/glide_fs5B5M/execute/dir_9556/:/home/cms037/home_cream_677601597/CREAM677601597/glide_fs5B5M/execute/dir_9556/CMSSW_6_2_0_SLHC12/python:/home/cms037/home_cream_677601597/CREAM677601597/glide_fs5B5M/execute/dir_9556/CMSSW_6_2_0_SLHC12/lib/slc5_amd64_gcc472:/cvmfs/cms.cern.ch/slc5_amd64_gcc472/cms/cmssw/CMSSW_6_2_0_SLHC12/python:/cvmfs/cms.cern.ch/slc5_amd64_gcc472/cms/cmssw/CMSSW_6_2_0_SLHC12/lib/slc5_amd64_gcc472:/cvmfs/cms.cern.ch/slc5_amd64_gcc472/cms/coral/CORAL_2_3_21-cms36/slc5_amd64_gcc472/python:/cvmfs/cms.cern.ch/slc5_amd64_gcc472/cms/coral/CORAL_2_3_21-cms36/slc5_amd64_gcc472/lib:/cvmfs/cms.cern.ch/slc5_amd64_gcc472/external/pyqt/4.8.1-cms6/lib/python2.7/site-packages:/cvmfs/cms.cern.ch/slc5_amd64_gcc472/external/py2-scipy/0.8.0-cms8/lib/python2.7/site-packages:/cvmfs/cms.cern.ch/slc5_amd64_gcc472/external/py2-matplotlib/1.0.1-cms8/lib/python2.7/site-packages:/cvmfs/cms.cern.ch/slc5_amd64_gcc472/external/python-ldap/2.3.5-cms6/lib/python2.7/site-packages:/cvmfs/cms.cern.ch/slc5_amd64_gcc472/external/sip/4.11.2-cms6/lib/python2.7/site-packages:/cvmfs/cms.cern.ch/slc5_amd64_gcc472/external/py2-pycurl/7.19.0-cms8/lib/python2.7/site-packages:/cvmfs/cms.cern.ch/slc5_amd64_gcc472/external/py2-numpy/1.6.1-cms8/lib/python2.7/site-packages:/cvmfs/cms.cern.ch/slc5_amd64_gcc472/external/py2-lint/0.25.1-cms6/lib/python2.7/site-packages:/cvmfs/cms.cern.ch/slc5_amd64_gcc472/external/py2-ipython/0.10-cms6/lib/python2.7/site-packages:/cvmfs/cms.cern.ch/slc5_amd64_gcc472/external/py2-cx-oracle/5.1-cms7/lib/python2.7/site-packages:/cvmfs/cms.cern.ch/slc5_amd64_gcc472/external/py2-cjson/1.0.5-cms6/lib/python2.7/site-packages:/cvmfs/cms.cern.ch/slc5_amd64_gcc472/cms/das-client/1.11.7/bin:/cvmfs/cms.cern.ch/slc5_amd64_gcc472/external/elementtree/1.2.6-cms6/share/lib/python2.7/site-packages:/cvmfs/cms.cern.ch/slc5_amd64_gcc472/external/rivet/1.8.2-cms8/lib/python2.7/site-packages:/cvmfs/cms.cern.ch/slc5_amd64_gcc472/external/pyminuit2/0.0.1-cms19/lib/python2.7/site-packages:/cvmfs/cms.cern.ch/slc5_amd64_gcc472/external/py2-pygithub/1.23.0/lib/python2.7/site-packages:/cvmfs/cms.cern.ch/slc5_amd64_gcc472/external/professor/1.0.0-cms19/lib/python2.7/site-packages:/cvmfs/cms.cern.ch/slc5_amd64_gcc472/lcg/root/5.34.07-cms/lib:/cvmfs/cms.cern.ch/slc5_amd64_gcc472/cms/dbs-client/DBS_2_1_9-cms5/lib:/cvmfs/cms.cern.ch/slc5_amd64_gcc472/cms/dbs-client/DBS_2_1_9-cms5/lib/DBSAPI:/cvmfs/cms.cern.ch/slc5_amd64_gcc472/external/cvs2git/5419-cms/lib:/home/cms037/home_cream_677601597/CREAM677601597/glide_fs5B5M/execute/dir_9556/
 
# LIMITS USED BY CRAB WATCHDOG:
# RSS  (KBytes)   : 2300000
# VSZ  (KBytes)   : 100000000
# DISK (MBytes)   : 19000
# CPU TIME        : 720h:0m:0s
# WALL CLOCK TIME : 21h:50m:0s
 
5854dd31cbd3cdec44c48628cc181cf0
PSETHASH = 5854dd31cbd3cdec44c48628cc181cf0
/home/cms037/home_cream_677601597/CREAM677601597/glide_fs5B5M/execute/dir_9556/writeCfg.py pset.py pset.py
Importing .py file
Setting parameters
RandomNumberGeneratorService found, will attempt to change seeds
inputBlocks=/calabria_SingleMuPt5_GEN-SIM-DIGI-RECO_CMSSW_6_2_0_SLHC12_2023Scenario_Case1/calabria-calabria_SingleMuPt5_GEN-SIM-DIGI-RECO_CMSSW_6_2_0_SLHC12_2023Scenario_Case1-01e8787d2102816c4c34c374fc192ef2/USER#9d8495c5-9b2c-45e4-af46-1756c9fe2b2c
inputFiles=/store/user/calabria/calabria_SingleMuPt5_GEN-SIM-DIGI-RECO_CMSSW_6_2_0_SLHC12_2023Scenario_Case1/calabria_SingleMuPt5_GEN-SIM-DIGI-RECO_CMSSW_6_2_0_SLHC12_2023Scenario_Case1/01e8787d2102816c4c34c374fc192ef2/out_reco_469_2_mvQ.root;/store/user/calabria/calabria_SingleMuPt5_GEN-SIM-DIGI-RECO_CMSSW_6_2_0_SLHC12_2023Scenario_Case1/calabria_SingleMuPt5_GEN-SIM-DIGI-RECO_CMSSW_6_2_0_SLHC12_2023Scenario_Case1/01e8787d2102816c4c34c374fc192ef2/out_reco_470_2_6sq.root;/store/user/calabria/calabria_SingleMuPt5_GEN-SIM-DIGI-RECO_CMSSW_6_2_0_SLHC12_2023Scenario_Case1/calabria_SingleMuPt5_GEN-SIM-DIGI-RECO_CMSSW_6_2_0_SLHC12_2023Scenario_Case1/01e8787d2102816c4c34c374fc192ef2/out_reco_471_2_JPW.root;/store/user/calabria/calabria_SingleMuPt5_GEN-SIM-DIGI-RECO_CMSSW_6_2_0_SLHC12_2023Scenario_Case1/calabria_SingleMuPt5_GEN-SIM-DIGI-RECO_CMSSW_6_2_0_SLHC12_2023Scenario_Case1/01e8787d2102816c4c34c374fc192ef2/out_reco_472_1_5yR.root;/store/user/calabria/calabria_SingleMuPt5_GEN-SIM-DIGI-RECO_CMSSW_6_2_0_SLHC12_2023Scenario_Case1/calabria_SingleMuPt5_GEN-SIM-DIGI-RECO_CMSSW_6_2_0_SLHC12_2023Scenario_Case1/01e8787d2102816c4c34c374fc192ef2/out_reco_473_1_V9L.root;/store/user/calabria/calabria_SingleMuPt5_GEN-SIM-DIGI-RECO_CMSSW_6_2_0_SLHC12_2023Scenario_Case1/calabria_SingleMuPt5_GEN-SIM-DIGI-RECO_CMSSW_6_2_0_SLHC12_2023Scenario_Case1/01e8787d2102816c4c34c374fc192ef2/out_reco_474_2_D0y.root;/store/user/calabria/calabria_SingleMuPt5_GEN-SIM-DIGI-RECO_CMSSW_6_2_0_SLHC12_2023Scenario_Case1/calabria_SingleMuPt5_GEN-SIM-DIGI-RECO_CMSSW_6_2_0_SLHC12_2023Scenario_Case1/01e8787d2102816c4c34c374fc192ef2/out_reco_51_1_9Kp.root;/store/user/calabria/calabria_SingleMuPt5_GEN-SIM-DIGI-RECO_CMSSW_6_2_0_SLHC12_2023Scenario_Case1/calabria_SingleMuPt5_GEN-SIM-DIGI-RECO_CMSSW_6_2_0_SLHC12_2023Scenario_Case1/01e8787d2102816c4c34c374fc192ef2/out_reco_52_2_ncg.root;/store/user/calabria/calabria_SingleMuPt5_GEN-SIM-DIGI-RECO_CMSSW_6_2_0_SLHC12_2023Scenario_Case1/calabria_SingleMuPt5_GEN-SIM-DIGI-RECO_CMSSW_6_2_0_SLHC12_2023Scenario_Case1/01e8787d2102816c4c34c374fc192ef2/out_reco_53_1_p1p.root;/store/user/calabria/calabria_SingleMuPt5_GEN-SIM-DIGI-RECO_CMSSW_6_2_0_SLHC12_2023Scenario_Case1/calabria_SingleMuPt5_GEN-SIM-DIGI-RECO_CMSSW_6_2_0_SLHC12_2023Scenario_Case1/01e8787d2102816c4c34c374fc192ef2/out_reco_54_2_IK9.root
parentFiles=
lumisRange=
>>> Executable cmsRun
/cvmfs/cms.cern.ch/slc5_amd64_gcc472/cms/cmssw/CMSSW_6_2_0_SLHC12/bin/slc5_amd64_gcc472/cmsRun
ok executable found
>>> info for dashboard:
***** Cat /home/cms037/home_cream_677601597/CREAM677601597/glide_fs5B5M/execute/dir_9556/jobreport.txt *****
MonitorJobID=16_https://submit-4.t2.ucsd.edu//140616//222488.15
MonitorID=calabria_MuMinus5_Case1_ReReco_3rmq28
ExeStart=cmsRun
***** End Cat jobreport *****
Parameters sent to Dashboard.
>>> cmsRun started at Tue Jun 17 22:58:38 UTC 2014
>>> cmsRun ended at Tue Jun 17 23:04:42 UTC 2014
>>> crab_fjr_*.xml  permission set to 0704
>>> info for dashboard:
***** Cat /home/cms037/home_cream_677601597/CREAM677601597/glide_fs5B5M/execute/dir_9556/jobreport.txt *****
MonitorJobID=16_https://submit-4.t2.ucsd.edu//140616//222488.15
MonitorID=calabria_MuMinus5_Case1_ReReco_3rmq28
ExeEnd=cmsRun
***** End Cat jobreport *****
Parameters sent to Dashboard.
TIME_EXE = 364 sec
>>> cmsRun wrote 50 lines of stdout+stderr
>>> START OF printout of 50 lines from stdout+stderr
271 DQMStore::DQMStore 
HcalTopologyIdealEP::HcalTopologyIdealEP
18-Jun-2014 00:58:57 CEST  Initiating request to open file file:/lustre/cms//store/user/calabria/calabria_SingleMuPt5_GEN-SIM-DIGI-RECO_CMSSW_6_2_0_SLHC12_2023Scenario_Case1/calabria_SingleMuPt5_GEN-SIM-DIGI-RECO_CMSSW_6_2_0_SLHC12_2023Scenario_Case1/01e8787d2102816c4c34c374fc192ef2/out_reco_469_2_mvQ.root
18-Jun-2014 00:59:00 CEST  Successfully opened file file:/lustre/cms//store/user/calabria/calabria_SingleMuPt5_GEN-SIM-DIGI-RECO_CMSSW_6_2_0_SLHC12_2023Scenario_Case1/calabria_SingleMuPt5_GEN-SIM-DIGI-RECO_CMSSW_6_2_0_SLHC12_2023Scenario_Case1/01e8787d2102816c4c34c374fc192ef2/out_reco_469_2_mvQ.root
18-Jun-2014 00:59:33 CEST  Closed file file:/lustre/cms//store/user/calabria/calabria_SingleMuPt5_GEN-SIM-DIGI-RECO_CMSSW_6_2_0_SLHC12_2023Scenario_Case1/calabria_SingleMuPt5_GEN-SIM-DIGI-RECO_CMSSW_6_2_0_SLHC12_2023Scenario_Case1/01e8787d2102816c4c34c374fc192ef2/out_reco_469_2_mvQ.root
18-Jun-2014 00:59:33 CEST  Initiating request to open file file:/lustre/cms//store/user/calabria/calabria_SingleMuPt5_GEN-SIM-DIGI-RECO_CMSSW_6_2_0_SLHC12_2023Scenario_Case1/calabria_SingleMuPt5_GEN-SIM-DIGI-RECO_CMSSW_6_2_0_SLHC12_2023Scenario_Case1/01e8787d2102816c4c34c374fc192ef2/out_reco_470_2_6sq.root
18-Jun-2014 00:59:33 CEST  Successfully opened file file:/lustre/cms//store/user/calabria/calabria_SingleMuPt5_GEN-SIM-DIGI-RECO_CMSSW_6_2_0_SLHC12_2023Scenario_Case1/calabria_SingleMuPt5_GEN-SIM-DIGI-RECO_CMSSW_6_2_0_SLHC12_2023Scenario_Case1/01e8787d2102816c4c34c374fc192ef2/out_reco_470_2_6sq.root
18-Jun-2014 01:00:05 CEST  Closed file file:/lustre/cms//store/user/calabria/calabria_SingleMuPt5_GEN-SIM-DIGI-RECO_CMSSW_6_2_0_SLHC12_2023Scenario_Case1/calabria_SingleMuPt5_GEN-SIM-DIGI-RECO_CMSSW_6_2_0_SLHC12_2023Scenario_Case1/01e8787d2102816c4c34c374fc192ef2/out_reco_470_2_6sq.root
18-Jun-2014 01:00:05 CEST  Initiating request to open file file:/lustre/cms//store/user/calabria/calabria_SingleMuPt5_GEN-SIM-DIGI-RECO_CMSSW_6_2_0_SLHC12_2023Scenario_Case1/calabria_SingleMuPt5_GEN-SIM-DIGI-RECO_CMSSW_6_2_0_SLHC12_2023Scenario_Case1/01e8787d2102816c4c34c374fc192ef2/out_reco_471_2_JPW.root
18-Jun-2014 01:00:05 CEST  Successfully opened file file:/lustre/cms//store/user/calabria/calabria_SingleMuPt5_GEN-SIM-DIGI-RECO_CMSSW_6_2_0_SLHC12_2023Scenario_Case1/calabria_SingleMuPt5_GEN-SIM-DIGI-RECO_CMSSW_6_2_0_SLHC12_2023Scenario_Case1/01e8787d2102816c4c34c374fc192ef2/out_reco_471_2_JPW.root
18-Jun-2014 01:00:36 CEST  Closed file file:/lustre/cms//store/user/calabria/calabria_SingleMuPt5_GEN-SIM-DIGI-RECO_CMSSW_6_2_0_SLHC12_2023Scenario_Case1/calabria_SingleMuPt5_GEN-SIM-DIGI-RECO_CMSSW_6_2_0_SLHC12_2023Scenario_Case1/01e8787d2102816c4c34c374fc192ef2/out_reco_471_2_JPW.root
18-Jun-2014 01:00:36 CEST  Initiating request to open file file:/lustre/cms//store/user/calabria/calabria_SingleMuPt5_GEN-SIM-DIGI-RECO_CMSSW_6_2_0_SLHC12_2023Scenario_Case1/calabria_SingleMuPt5_GEN-SIM-DIGI-RECO_CMSSW_6_2_0_SLHC12_2023Scenario_Case1/01e8787d2102816c4c34c374fc192ef2/out_reco_472_1_5yR.root
18-Jun-2014 01:00:36 CEST  Successfully opened file file:/lustre/cms//store/user/calabria/calabria_SingleMuPt5_GEN-SIM-DIGI-RECO_CMSSW_6_2_0_SLHC12_2023Scenario_Case1/calabria_SingleMuPt5_GEN-SIM-DIGI-RECO_CMSSW_6_2_0_SLHC12_2023Scenario_Case1/01e8787d2102816c4c34c374fc192ef2/out_reco_472_1_5yR.root
18-Jun-2014 01:01:09 CEST  Closed file file:/lustre/cms//store/user/calabria/calabria_SingleMuPt5_GEN-SIM-DIGI-RECO_CMSSW_6_2_0_SLHC12_2023Scenario_Case1/calabria_SingleMuPt5_GEN-SIM-DIGI-RECO_CMSSW_6_2_0_SLHC12_2023Scenario_Case1/01e8787d2102816c4c34c374fc192ef2/out_reco_472_1_5yR.root
18-Jun-2014 01:01:09 CEST  Initiating request to open file file:/lustre/cms//store/user/calabria/calabria_SingleMuPt5_GEN-SIM-DIGI-RECO_CMSSW_6_2_0_SLHC12_2023Scenario_Case1/calabria_SingleMuPt5_GEN-SIM-DIGI-RECO_CMSSW_6_2_0_SLHC12_2023Scenario_Case1/01e8787d2102816c4c34c374fc192ef2/out_reco_473_1_V9L.root
18-Jun-2014 01:01:09 CEST  Successfully opened file file:/lustre/cms//store/user/calabria/calabria_SingleMuPt5_GEN-SIM-DIGI-RECO_CMSSW_6_2_0_SLHC12_2023Scenario_Case1/calabria_SingleMuPt5_GEN-SIM-DIGI-RECO_CMSSW_6_2_0_SLHC12_2023Scenario_Case1/01e8787d2102816c4c34c374fc192ef2/out_reco_473_1_V9L.root
18-Jun-2014 01:01:44 CEST  Closed file file:/lustre/cms//store/user/calabria/calabria_SingleMuPt5_GEN-SIM-DIGI-RECO_CMSSW_6_2_0_SLHC12_2023Scenario_Case1/calabria_SingleMuPt5_GEN-SIM-DIGI-RECO_CMSSW_6_2_0_SLHC12_2023Scenario_Case1/01e8787d2102816c4c34c374fc192ef2/out_reco_473_1_V9L.root
18-Jun-2014 01:01:44 CEST  Initiating request to open file file:/lustre/cms//store/user/calabria/calabria_SingleMuPt5_GEN-SIM-DIGI-RECO_CMSSW_6_2_0_SLHC12_2023Scenario_Case1/calabria_SingleMuPt5_GEN-SIM-DIGI-RECO_CMSSW_6_2_0_SLHC12_2023Scenario_Case1/01e8787d2102816c4c34c374fc192ef2/out_reco_474_2_D0y.root
18-Jun-2014 01:01:44 CEST  Successfully opened file file:/lustre/cms//store/user/calabria/calabria_SingleMuPt5_GEN-SIM-DIGI-RECO_CMSSW_6_2_0_SLHC12_2023Scenario_Case1/calabria_SingleMuPt5_GEN-SIM-DIGI-RECO_CMSSW_6_2_0_SLHC12_2023Scenario_Case1/01e8787d2102816c4c34c374fc192ef2/out_reco_474_2_D0y.root
18-Jun-2014 01:02:19 CEST  Closed file file:/lustre/cms//store/user/calabria/calabria_SingleMuPt5_GEN-SIM-DIGI-RECO_CMSSW_6_2_0_SLHC12_2023Scenario_Case1/calabria_SingleMuPt5_GEN-SIM-DIGI-RECO_CMSSW_6_2_0_SLHC12_2023Scenario_Case1/01e8787d2102816c4c34c374fc192ef2/out_reco_474_2_D0y.root
18-Jun-2014 01:02:19 CEST  Initiating request to open file file:/lustre/cms//store/user/calabria/calabria_SingleMuPt5_GEN-SIM-DIGI-RECO_CMSSW_6_2_0_SLHC12_2023Scenario_Case1/calabria_SingleMuPt5_GEN-SIM-DIGI-RECO_CMSSW_6_2_0_SLHC12_2023Scenario_Case1/01e8787d2102816c4c34c374fc192ef2/out_reco_51_1_9Kp.root
18-Jun-2014 01:02:19 CEST  Successfully opened file file:/lustre/cms//store/user/calabria/calabria_SingleMuPt5_GEN-SIM-DIGI-RECO_CMSSW_6_2_0_SLHC12_2023Scenario_Case1/calabria_SingleMuPt5_GEN-SIM-DIGI-RECO_CMSSW_6_2_0_SLHC12_2023Scenario_Case1/01e8787d2102816c4c34c374fc192ef2/out_reco_51_1_9Kp.root
18-Jun-2014 01:02:52 CEST  Closed file file:/lustre/cms//store/user/calabria/calabria_SingleMuPt5_GEN-SIM-DIGI-RECO_CMSSW_6_2_0_SLHC12_2023Scenario_Case1/calabria_SingleMuPt5_GEN-SIM-DIGI-RECO_CMSSW_6_2_0_SLHC12_2023Scenario_Case1/01e8787d2102816c4c34c374fc192ef2/out_reco_51_1_9Kp.root
18-Jun-2014 01:02:52 CEST  Initiating request to open file file:/lustre/cms//store/user/calabria/calabria_SingleMuPt5_GEN-SIM-DIGI-RECO_CMSSW_6_2_0_SLHC12_2023Scenario_Case1/calabria_SingleMuPt5_GEN-SIM-DIGI-RECO_CMSSW_6_2_0_SLHC12_2023Scenario_Case1/01e8787d2102816c4c34c374fc192ef2/out_reco_52_2_ncg.root
18-Jun-2014 01:02:52 CEST  Successfully opened file file:/lustre/cms//store/user/calabria/calabria_SingleMuPt5_GEN-SIM-DIGI-RECO_CMSSW_6_2_0_SLHC12_2023Scenario_Case1/calabria_SingleMuPt5_GEN-SIM-DIGI-RECO_CMSSW_6_2_0_SLHC12_2023Scenario_Case1/01e8787d2102816c4c34c374fc192ef2/out_reco_52_2_ncg.root
18-Jun-2014 01:03:27 CEST  Closed file file:/lustre/cms//store/user/calabria/calabria_SingleMuPt5_GEN-SIM-DIGI-RECO_CMSSW_6_2_0_SLHC12_2023Scenario_Case1/calabria_SingleMuPt5_GEN-SIM-DIGI-RECO_CMSSW_6_2_0_SLHC12_2023Scenario_Case1/01e8787d2102816c4c34c374fc192ef2/out_reco_52_2_ncg.root
18-Jun-2014 01:03:27 CEST  Initiating request to open file file:/lustre/cms//store/user/calabria/calabria_SingleMuPt5_GEN-SIM-DIGI-RECO_CMSSW_6_2_0_SLHC12_2023Scenario_Case1/calabria_SingleMuPt5_GEN-SIM-DIGI-RECO_CMSSW_6_2_0_SLHC12_2023Scenario_Case1/01e8787d2102816c4c34c374fc192ef2/out_reco_53_1_p1p.root
18-Jun-2014 01:03:27 CEST  Successfully opened file file:/lustre/cms//store/user/calabria/calabria_SingleMuPt5_GEN-SIM-DIGI-RECO_CMSSW_6_2_0_SLHC12_2023Scenario_Case1/calabria_SingleMuPt5_GEN-SIM-DIGI-RECO_CMSSW_6_2_0_SLHC12_2023Scenario_Case1/01e8787d2102816c4c34c374fc192ef2/out_reco_53_1_p1p.root
18-Jun-2014 01:04:02 CEST  Closed file file:/lustre/cms//store/user/calabria/calabria_SingleMuPt5_GEN-SIM-DIGI-RECO_CMSSW_6_2_0_SLHC12_2023Scenario_Case1/calabria_SingleMuPt5_GEN-SIM-DIGI-RECO_CMSSW_6_2_0_SLHC12_2023Scenario_Case1/01e8787d2102816c4c34c374fc192ef2/out_reco_53_1_p1p.root
18-Jun-2014 01:04:02 CEST  Initiating request to open file file:/lustre/cms//store/user/calabria/calabria_SingleMuPt5_GEN-SIM-DIGI-RECO_CMSSW_6_2_0_SLHC12_2023Scenario_Case1/calabria_SingleMuPt5_GEN-SIM-DIGI-RECO_CMSSW_6_2_0_SLHC12_2023Scenario_Case1/01e8787d2102816c4c34c374fc192ef2/out_reco_54_2_IK9.root
18-Jun-2014 01:04:02 CEST  Successfully opened file file:/lustre/cms//store/user/calabria/calabria_SingleMuPt5_GEN-SIM-DIGI-RECO_CMSSW_6_2_0_SLHC12_2023Scenario_Case1/calabria_SingleMuPt5_GEN-SIM-DIGI-RECO_CMSSW_6_2_0_SLHC12_2023Scenario_Case1/01e8787d2102816c4c34c374fc192ef2/out_reco_54_2_IK9.root
18-Jun-2014 01:04:41 CEST  Closed file file:/lustre/cms//store/user/calabria/calabria_SingleMuPt5_GEN-SIM-DIGI-RECO_CMSSW_6_2_0_SLHC12_2023Scenario_Case1/calabria_SingleMuPt5_GEN-SIM-DIGI-RECO_CMSSW_6_2_0_SLHC12_2023Scenario_Case1/01e8787d2102816c4c34c374fc192ef2/out_reco_54_2_IK9.root

=============================================

MessageLogger Summary

 type     category        sev    module        subroutine        count    total
 ---- -------------------- -- ---------------- ----------------  -----    -----
    1 fileAction           -s file_close                            10       10
    2 fileAction           -s file_open                             20       20

 type    category    Examples: run/evt        run/evt          run/evt
 ---- -------------------- ---------------- ---------------- ----------------
    1 fileAction           PostProcessEvent PostProcessEvent PostEndRun
    2 fileAction           pre-events       pre-events       PostProcessEvent

Severity    # Occurrences   Total Occurrences
--------    -------------   -----------------
System                 30                  30
>>> END OF printout of 50 lines from stdout+stderr
>>> Parse FrameworkJobReport crab_fjr.xml
Result of parsing the FrameworkJobReport crab_fjr.xml: Popularity start
lumisRange : 1::::1;1::::2;1::::3;1::::4;1::::5;1::::6;1::::7;1::::8;1::::9;1::::10;
lumisParentRange : 
Basename : /store/user/calabria/calabria_SingleMuPt5_GEN-SIM-DIGI-RECO_CMSSW_6_2_0_SLHC12_2023Scenario_Case1/calabria_SingleMuPt5_GEN-SIM-DIGI-RECO_CMSSW_6_2_0_SLHC12_2023Scenario_Case1/01e8787d2102816c4c34c374fc192ef2/out_reco_
BasenameParent : 
parentFiles : 
inputBlocks : /calabria_SingleMuPt5_GEN-SIM-DIGI-RECO_CMSSW_6_2_0_SLHC12_2023Scenario_Case1/calabria-calabria_SingleMuPt5_GEN-SIM-DIGI-RECO_CMSSW_6_2_0_SLHC12_2023Scenario_Case1-01e8787d2102816c4c34c374fc192ef2/USER#9d8495c5-9b2c-45e4-af46-1756c9fe2b2c
inputFiles : 51_1_9Kp.root::1::EDM::Local::1;470_2_6sq.root::1::EDM::Local::2;52_2_ncg.root::1::EDM::Local::3;53_1_p1p.root::1::EDM::Local::4;471_2_JPW.root::1::EDM::Local::5;472_1_5yR.root::1::EDM::Local::6;474_2_D0y.root::1::EDM::Local::7;473_1_V9L.root::1::EDM::Local::8;54_2_IK9.root::1::EDM::Local::9;469_2_mvQ.root::1::EDM::Local::10;
Popularity stop
Extracted ExitStatus from FrameworkJobReport parsing output: 0
>>> Executable succeded  0
ExeExitCode=0
EXECUTABLE_EXIT_STATUS = 0
>>> current directory /home/cms037/home_cream_677601597/CREAM677601597/glide_fs5B5M/execute/dir_9556/CMSSW_6_2_0_SLHC12
>>>  (SOFTWARE_DIR): /home/cms037/home_cream_677601597/CREAM677601597/glide_fs5B5M/execute/dir_9556/CMSSW_6_2_0_SLHC12
>>> (WORKING_DIR): 
>>> current directory content:
total 10476
drwxr-xr-x 3 cms037 cms    4096 Jun 18 00:58 .SCRAM
-rw------- 1 cms037 cms 3740285 Jun 18 00:58 CMSSW.py.pkl
drwxr-xr-x 3 cms037 cms    4096 Jun 18 00:58 bin
drwxr-xr-x 3 cms037 cms    4096 Jun 18 00:58 cfipython
drwxr-xr-x 4 cms037 cms    4096 Jun 18 00:58 config
-rw------- 1 cms037 cms      16 Jun 18 01:04 cpu_timing.txt
drwxr-xr-x 2 cms037 cms    4096 Jun 18 00:58 doc
-rw------- 1 cms037 cms    9853 Jun 18 01:04 executable.out
drwxr-xr-x 2 cms037 cms    4096 Jun 18 00:58 include
drwx------ 3 cms037 cms    4096 Apr 28 18:12 lib
drwxr-xr-x 3 cms037 cms    4096 Jun 18 00:58 logs
drwxr-xr-x 3 cms037 cms    4096 Jun 18 00:58 objs
-rw------- 1 cms037 cms     104 Jun 18 00:58 pset.py
-rw------- 1 cms037 cms 3712286 Jun 18 00:58 pset.py.pkl
-rw------- 1 cms037 cms     289 Jun 18 00:58 pset.pyc
drwxr-xr-x 2 cms037 cms    4096 Jun 18 00:58 python
-rw------- 1 cms037 cms     407 Jun 18 01:04 report.log
drwx------ 6 cms037 cms    4096 Jun 18 00:58 src
drwxr-xr-x 3 cms037 cms    4096 Jun 18 00:58 test
drwxr-xr-x 3 cms037 cms    4096 Jun 18 00:58 tmp
-rw------- 1 cms037 cms 3171850 Jun 18 01:04 validationEDM.root
>>> current directory /home/cms037/home_cream_677601597/CREAM677601597/glide_fs5B5M/execute/dir_9556/CMSSW_6_2_0_SLHC12
>>> (SOFTWARE_DIR): /home/cms037/home_cream_677601597/CREAM677601597/glide_fs5B5M/execute/dir_9556/CMSSW_6_2_0_SLHC12
>>> (WORKING_DIR): 
>>> current directory content:
total 10476
drwxr-xr-x 3 cms037 cms    4096 Jun 18 00:58 .SCRAM
-rw------- 1 cms037 cms 3740285 Jun 18 00:58 CMSSW.py.pkl
drwxr-xr-x 3 cms037 cms    4096 Jun 18 00:58 bin
drwxr-xr-x 3 cms037 cms    4096 Jun 18 00:58 cfipython
drwxr-xr-x 4 cms037 cms    4096 Jun 18 00:58 config
-rw------- 1 cms037 cms      16 Jun 18 01:04 cpu_timing.txt
drwxr-xr-x 2 cms037 cms    4096 Jun 18 00:58 doc
-rw------- 1 cms037 cms    9853 Jun 18 01:04 executable.out
drwxr-xr-x 2 cms037 cms    4096 Jun 18 00:58 include
drwx------ 3 cms037 cms    4096 Apr 28 18:12 lib
drwxr-xr-x 3 cms037 cms    4096 Jun 18 00:58 logs
drwxr-xr-x 3 cms037 cms    4096 Jun 18 00:58 objs
-rw------- 1 cms037 cms     104 Jun 18 00:58 pset.py
-rw------- 1 cms037 cms 3712286 Jun 18 00:58 pset.py.pkl
-rw------- 1 cms037 cms     289 Jun 18 00:58 pset.pyc
drwxr-xr-x 2 cms037 cms    4096 Jun 18 00:58 python
-rw------- 1 cms037 cms     407 Jun 18 01:04 report.log
drwx------ 6 cms037 cms    4096 Jun 18 00:58 src
drwxr-xr-x 3 cms037 cms    4096 Jun 18 00:58 test
drwxr-xr-x 3 cms037 cms    4096 Jun 18 00:58 tmp
-rw------- 1 cms037 cms 3171850 Jun 18 01:04 validationEDM_16_1_ALg.root
>>> current directory (RUNTIME_AREA):  /home/cms037/home_cream_677601597/CREAM677601597/glide_fs5B5M/execute/dir_9556
SE = storm-se-01.ba.infn.it
SE_PATH = /srm/managerv2?SFN=//cms/store/user/calabria/calabria_SingleMuPt5_GEN-SIM-DIGI-RECO_CMSSW_6_2_0_SLHC12_2023Scenario_Case1/calabria_MuMinus5_GEN-SIM-DIGI-RECO_CMSSW_6_2_0_SLHC12_2023Scenario_VALNOPU2_Case1/5854dd31cbd3cdec44c48628cc181cf0/
LFNBaseName = /store/user/calabria/calabria_SingleMuPt5_GEN-SIM-DIGI-RECO_CMSSW_6_2_0_SLHC12_2023Scenario_Case1/calabria_MuMinus5_GEN-SIM-DIGI-RECO_CMSSW_6_2_0_SLHC12_2023Scenario_VALNOPU2_Case1/5854dd31cbd3cdec44c48628cc181cf0/
USER = calabria
endpoint = srm://storm-se-01.ba.infn.it:8444/srm/managerv2?SFN=//cms/store/user/calabria/calabria_SingleMuPt5_GEN-SIM-DIGI-RECO_CMSSW_6_2_0_SLHC12_2023Scenario_Case1/calabria_MuMinus5_GEN-SIM-DIGI-RECO_CMSSW_6_2_0_SLHC12_2023Scenario_VALNOPU2_Case1/5854dd31cbd3cdec44c48628cc181cf0/
>>> Copy output files from WN = alicegrid61.ba.infn.it to /srm/managerv2?SFN=//cms/store/user/calabria/calabria_SingleMuPt5_GEN-SIM-DIGI-RECO_CMSSW_6_2_0_SLHC12_2023Scenario_Case1/calabria_MuMinus5_GEN-SIM-DIGI-RECO_CMSSW_6_2_0_SLHC12_2023Scenario_VALNOPU2_Case1/5854dd31cbd3cdec44c48628cc181cf0/ :
python cmscp.py  --destination srm://storm-se-01.ba.infn.it:8444/srm/managerv2?SFN=//cms/store/user/calabria/calabria_SingleMuPt5_GEN-SIM-DIGI-RECO_CMSSW_6_2_0_SLHC12_2023Scenario_Case1/calabria_MuMinus5_GEN-SIM-DIGI-RECO_CMSSW_6_2_0_SLHC12_2023Scenario_VALNOPU2_Case1/5854dd31cbd3cdec44c48628cc181cf0/ --inputFileList /home/cms037/home_cream_677601597/CREAM677601597/glide_fs5B5M/execute/dir_9556/CMSSW_6_2_0_SLHC12/validationEDM_16_1_ALg.root --middleware LCG --se_name storm-se-01.ba.infn.it --for_lfn /store/user/calabria/calabria_SingleMuPt5_GEN-SIM-DIGI-RECO_CMSSW_6_2_0_SLHC12_2023Scenario_Case1/calabria_MuMinus5_GEN-SIM-DIGI-RECO_CMSSW_6_2_0_SLHC12_2023Scenario_VALNOPU2_Case1/5854dd31cbd3cdec44c48628cc181cf0/    
******************************************************
localSeName  =  storm-se-01.ba.infn.it
remoteSeName =  storm-se-01.ba.infn.it
******************************************************
{"/home/cms037/home_cream_677601597/CREAM677601597/glide_fs5B5M/execute/dir_9556/CMSSW_6_2_0_SLHC12/validationEDM_16_1_ALg.root": {"endpoint": "srm://storm-se-01.ba.infn.it:8444/srm/managerv2?SFN=//cms/store/user/calabria/calabria_SingleMuPt5_GEN-SIM-DIGI-RECO_CMSSW_6_2_0_SLHC12_2023Scenario_Case1/calabria_MuMinus5_GEN-SIM-DIGI-RECO_CMSSW_6_2_0_SLHC12_2023Scenario_VALNOPU2_Case1/5854dd31cbd3cdec44c48628cc181cf0/", "surl_for_grid": "", "reason": "Copy succedeed with srm-lcg utils", "erCode": "0", "se_name": "storm-se-01.ba.infn.it", "for_lfn": "/store/user/calabria/calabria_SingleMuPt5_GEN-SIM-DIGI-RECO_CMSSW_6_2_0_SLHC12_2023Scenario_Case1/calabria_MuMinus5_GEN-SIM-DIGI-RECO_CMSSW_6_2_0_SLHC12_2023Scenario_VALNOPU2_Case1/5854dd31cbd3cdec44c48628cc181cf0/"}}/home/cms037/home_cream_677601597/CREAM677601597/glide_fs5B5M/execute/dir_9556
-------- cat /home/cms037/home_cream_677601597/CREAM677601597/glide_fs5B5M/execute/dir_9556/cmscpReport.sh 
#!/bin/bash
echo "Report for File: /home/cms037/home_cream_677601597/CREAM677601597/glide_fs5B5M/execute/dir_9556/CMSSW_6_2_0_SLHC12/validationEDM_16_1_ALg.root"
echo "LFN: /store/user/calabria/calabria_SingleMuPt5_GEN-SIM-DIGI-RECO_CMSSW_6_2_0_SLHC12_2023Scenario_Case1/calabria_MuMinus5_GEN-SIM-DIGI-RECO_CMSSW_6_2_0_SLHC12_2023Scenario_VALNOPU2_Case1/5854dd31cbd3cdec44c48628cc181cf0/validationEDM_16_1_ALg.root"
echo "StorageElement: storm-se-01.ba.infn.it"
echo "StageOutExitStatusReason = 'Copy succedeed with srm-lcg utils'" | tee -a $RUNTIME_AREA/$repo
echo "StageOutSE = storm-se-01.ba.infn.it" >> $RUNTIME_AREA/$repo

export StageOutExitStatus=0
echo "StageOutExitStatus = 0" | tee -a $RUNTIME_AREA/$repo
-------- end of /home/cms037/home_cream_677601597/CREAM677601597/glide_fs5B5M/execute/dir_9556/cmscpReport.sh 
Report for File: /home/cms037/home_cream_677601597/CREAM677601597/glide_fs5B5M/execute/dir_9556/CMSSW_6_2_0_SLHC12/validationEDM_16_1_ALg.root
LFN: /store/user/calabria/calabria_SingleMuPt5_GEN-SIM-DIGI-RECO_CMSSW_6_2_0_SLHC12_2023Scenario_Case1/calabria_MuMinus5_GEN-SIM-DIGI-RECO_CMSSW_6_2_0_SLHC12_2023Scenario_VALNOPU2_Case1/5854dd31cbd3cdec44c48628cc181cf0/validationEDM_16_1_ALg.root
StorageElement: storm-se-01.ba.infn.it
StageOutExitStatusReason = 'Copy succedeed with srm-lcg utils'
StageOutExitStatus = 0
>>> current dir: /home/cms037/home_cream_677601597/CREAM677601597/glide_fs5B5M/execute/dir_9556
>>> current dir content:
total 28076
-rw-------  1 cms037 cms     2770 Jun 18 01:05 .SEinteraction.log
-rwx------  1 cms037 cms     6807 Jun 18 00:58 .job.ad
-rwx------  1 cms037 cms     9458 Jun 18 00:58 .machine.ad
-rw-------  1 cms037 cms      105 Jun 16 20:42 CMSSW.py
-rw-------  1 cms037 cms  3740285 Jun 16 20:42 CMSSW.py.pkl
-rwx------  1 cms037 cms    29543 Jun 18 00:58 CMSSW.sh
drwxr-xr-x 15 cms037 cms     4096 Jun 18 01:04 CMSSW_6_2_0_SLHC12
-rw-------  1 cms037 cms      219 Jun 18 00:58 CacheEnv.sh
-rw-------  1 cms037 cms     7291 Apr  4 11:04 DashboardAPI.py
-rw-------  1 cms037 cms     6800 Jun 18 00:58 DashboardAPI.pyc
drwx------  2 cms037 cms     4096 Jun 18 01:04 IMProv
-rw-------  1 cms037 cms     2748 Apr  4 11:04 Logger.py
-rw-------  1 cms037 cms     3342 Jun 18 00:58 Logger.pyc
-rw-------  1 cms037 cms    24524 Apr  4 11:04 ProcInfo.py
-rw-------  1 cms037 cms    23173 Jun 18 00:58 ProcInfo.pyc
drwx------  7 cms037 cms     4096 Jun 18 00:58 ProdCommon
drwx------  3 cms037 cms     4096 Jun 18 00:58 WMCore
-rw-------  1 cms037 cms     2469 Jun 18 01:05 Watchdog_16.log
-rwx------  1 cms037 cms        0 Jun 18 00:58 _condor_stderr
-rwx---r--  1 cms037 cms    29280 Jun 18 01:05 _condor_stdout
-rw-------  1 cms037 cms    32895 Apr  4 11:04 apmon.py
-rw-------  1 cms037 cms    28596 Jun 18 00:58 apmon.pyc
-rwx------  1 cms037 cms    52985 Jun 18 00:58 arguments.xml
-rwx------  1 cms037 cms    38515 Apr  4 11:04 cmscp.py
-rw-------  1 cms037 cms      715 Jun 18 01:05 cmscpReport.sh
-rwx------  1 cms037 cms    29543 Jun 18 00:58 condor_exec.exe
-rw-------  1 cms037 cms      953 Jun 16 20:42 crab.cfg
-rwx------  1 cms037 cms     8610 Apr  4 11:04 crabWatchdog.sh
-rwx---r--  1 cms037 cms   523163 Jun 18 01:04 crab_fjr_16.xml
-rwx------  1 cms037 cms 23958452 Jun 18 00:58 default.tgz
-rwx------  1 cms037 cms     4488 Apr  4 11:04 fillCrabFjr.py
-rw-------  1 cms037 cms     2603 Jun 18 00:58 inputsReport.txt
-rw-------  1 cms037 cms      260 Jun 18 01:05 jobreport.txt
-rw-------  1 cms037 cms    17352 Apr  4 11:04 parseCrabFjr.py
-rw-------  1 cms037 cms      331 Jun 18 00:58 report.log
-rwx--x--x  1 cms037 cms     1497 Apr  4 11:04 report.py
-rw-------  1 cms037 cms      767 Jun 18 01:05 resultCopyFile
lrwxrwxrwx  1 cms037 cms      125 Jun 18 01:04 validationEDM.root -> /home/cms037/home_cream_677601597/CREAM677601597/glide_fs5B5M/execute/dir_9556/CMSSW_6_2_0_SLHC12/validationEDM_16_1_ALg.root
-rwx------  1 cms037 cms     8387 Apr  4 11:04 writeCfg.py
-rw-------  1 cms037 cms     8010 Jun 18 00:58 x509up_u50707
>>> Modify Job Report:
CMSSW_VERSION = CMSSW_6_2_0_SLHC12
ProcessedDataset = calabria_MuMinus5_GEN-SIM-DIGI-RECO_CMSSW_6_2_0_SLHC12_2023Scenario_VALNOPU2_Case1
/home/cms037/home_cream_677601597/CREAM677601597/glide_fs5B5M/execute/dir_9556/ProdCommon/FwkJobRep/ModifyJobReport.py fjr /home/cms037/home_cream_677601597/CREAM677601597/glide_fs5B5M/execute/dir_9556/crab_fjr_16.xml json /home/cms037/home_cream_677601597/CREAM677601597/glide_fs5B5M/execute/dir_9556/resultCopyFile n_job 16_1_ALg PrimaryDataset calabria_SingleMuPt5_GEN-SIM-DIGI-RECO_CMSSW_6_2_0_SLHC12_2023Scenario_Case1  ApplicationFamily cmsRun ApplicationName cmsRun cmssw_version CMSSW_6_2_0_SLHC12 psethash 5854dd31cbd3cdec44c48628cc181cf0 UserProcessedDataset calabria-calabria_MuMinus5_GEN-SIM-DIGI-RECO_CMSSW_6_2_0_SLHC12_2023Scenario_VALNOPU2_Case1-5854dd31cbd3cdec44c48628cc181cf0
inputDict =  {u'/home/cms037/home_cream_677601597/CREAM677601597/glide_fs5B5M/execute/dir_9556/CMSSW_6_2_0_SLHC12/validationEDM_16_1_ALg.root': {u'endpoint': u'srm://storm-se-01.ba.infn.it:8444/srm/managerv2?SFN=//cms/store/user/calabria/calabria_SingleMuPt5_GEN-SIM-DIGI-RECO_CMSSW_6_2_0_SLHC12_2023Scenario_Case1/calabria_MuMinus5_GEN-SIM-DIGI-RECO_CMSSW_6_2_0_SLHC12_2023Scenario_VALNOPU2_Case1/5854dd31cbd3cdec44c48628cc181cf0/', u'surl_for_grid': u'', u'reason': u'Copy succedeed with srm-lcg utils', u'erCode': u'0', u'se_name': u'storm-se-01.ba.infn.it', u'for_lfn': u'/store/user/calabria/calabria_SingleMuPt5_GEN-SIM-DIGI-RECO_CMSSW_6_2_0_SLHC12_2023Scenario_Case1/calabria_MuMinus5_GEN-SIM-DIGI-RECO_CMSSW_6_2_0_SLHC12_2023Scenario_VALNOPU2_Case1/5854dd31cbd3cdec44c48628cc181cf0/'}}
UserProcessedDataset =  calabria-calabria_MuMinus5_GEN-SIM-DIGI-RECO_CMSSW_6_2_0_SLHC12_2023Scenario_VALNOPU2_Case1-5854dd31cbd3cdec44c48628cc181cf0
file_name in inputDict =  /home/cms037/home_cream_677601597/CREAM677601597/glide_fs5B5M/execute/dir_9556/CMSSW_6_2_0_SLHC12/validationEDM_16_1_ALg.root
(size) os.stat(filename)[6] =  3171850
checksum =  1212001711
    file =  validationEDM_16_1_ALg.root
    newPfn =  srm://storm-se-01.ba.infn.it:8444/srm/managerv2?SFN=//cms/store/user/calabria/calabria_SingleMuPt5_GEN-SIM-DIGI-RECO_CMSSW_6_2_0_SLHC12_2023Scenario_Case1/calabria_MuMinus5_GEN-SIM-DIGI-RECO_CMSSW_6_2_0_SLHC12_2023Scenario_VALNOPU2_Case1/5854dd31cbd3cdec44c48628cc181cf0/validationEDM_16_1_ALg.root
    newLfn =  /store/user/calabria/calabria_SingleMuPt5_GEN-SIM-DIGI-RECO_CMSSW_6_2_0_SLHC12_2023Scenario_Case1/calabria_MuMinus5_GEN-SIM-DIGI-RECO_CMSSW_6_2_0_SLHC12_2023Scenario_VALNOPU2_Case1/5854dd31cbd3cdec44c48628cc181cf0/validationEDM_16_1_ALg.root
>>> crab_fjr_*.xml  permission set to 0704
CrabWrapper EXIT_FUNC entered at Wed Jun 18 01:05:38 CEST 2014   -  Tue Jun 17 23:05:38 UTC 2014
Checking output files:  
will tar file crab_fjr_16.xml in  out_files_16
WARNING: output file CMSSW_16.stdout not found!
WARNING: output file CMSSW_16.stderr not found!
WARNING: output file Watchdog_16.log.gz not found!
>>> padding time: Sleeping the wrapper for 157 seconds
STOPPING WATCHDOG. CrabWatchdog PID is 10994
********** LAST 50 LINES OF WATCHDOG LOG
# RESOURCE USAGE SUMMARY FOR PROCESS ID 10134
USER       PID %CPU %MEM    VSZ   RSS TTY      STAT START   TIME COMMAND
cms037   10134  0.3  0.0   9500  1596 ?        S    00:58   0:00 /bin/sh /home/cms037/home_cream_677601597/CREAM677601597/glide_fs5B5M/execute/dir_9556/condor_exec.exe 16 1
 
# LIMITS USED BY CRAB WATCHDOG:
# RSS  (KBytes)   : 2300000
# VSZ  (KBytes)   : 100000000
# DISK (MBytes)   : 19000
# CPU TIME        : 720h:0m:0s
# WALL CLOCK TIME : 21h:50m:0s
 
# FOLLOWING PRINTOUT TRACKS MAXIMUM VALUES OF RESOURCES USE
# ONE LINE IS PRINTED EACH TIME A MAXIMUM CHANGES
# IF CHANGE WAS IN RSS OR VSZ ALSO PROCID AND COMMAND ARE PRINTED
# THERE IS NO PRINTOUT FOR CPU/WALL TIME INCREASE
 
# TIME			PID	RSS(KB)	VSZ(KB)	Dsk(MB)	tCPU(s)	tWALL(s)	COMMAND
 Jun 18 00:58:21 CEST	4983	1260	106092	0	0	0	sh -c "./glidein_startup.sh" -v std -name v3_0 -entry CMS_T2_IT_Bari_ce2 -clientname UCSD-v1_0.main
 Jun 18 00:58:21 CEST	4987	1776	106492	0	0	0	/bin/bash ./glidein_startup.sh -v std -name v3_0 -entry CMS_T2_IT_Bari_ce2 -clientname UCSD-v1_0.main -schedd
 Jun 18 00:58:21 CEST	9556	8412	106492	0	0	0	condor_starter -f submit-4.t2.ucsd.edu        
 Jun 18 00:58:21 CEST	11006	37864	106492	0	0	1	edmConfigHash pset.py         
 Jun 18 00:58:21 CEST	---	37864	106492	171	----	----	----
 Jun 18 00:59:22 CEST	13343	763980	979004	171	35	62	cmsRun -j /home/cms037/home_cream_677601597/CREAM677601597/glide_fs5B5M/execute/dir_9556/crab_fjr_16.xml -p pset.py      
 Jun 18 00:59:22 CEST	---	763980	979004	175	----	----	----
 Jun 18 01:00:23 CEST	13343	796948	1004924	175	86	123	cmsRun -j /home/cms037/home_cream_677601597/CREAM677601597/glide_fs5B5M/execute/dir_9556/crab_fjr_16.xml -p pset.py      
 Jun 18 01:01:24 CEST	13343	796948	1012860	175	136	183	cmsRun -j /home/cms037/home_cream_677601597/CREAM677601597/glide_fs5B5M/execute/dir_9556/crab_fjr_16.xml -p pset.py      
 Jun 18 01:02:25 CEST	13343	796948	1016092	175	186	244	cmsRun -j /home/cms037/home_cream_677601597/CREAM677601597/glide_fs5B5M/execute/dir_9556/crab_fjr_16.xml -p pset.py      
 Jun 18 01:03:26 CEST	13343	796948	1021212	175	242	305	cmsRun -j /home/cms037/home_cream_677601597/CREAM677601597/glide_fs5B5M/execute/dir_9556/crab_fjr_16.xml -p pset.py      
 Jun 18 01:04:27 CEST	13343	796948	1029404	175	292	366	cmsRun -j /home/cms037/home_cream_677601597/CREAM677601597/glide_fs5B5M/execute/dir_9556/crab_fjr_16.xml -p pset.py      
 Jun 18 01:05:28 CEST	---	796948	1029404	179	----	----	----
********** WATCHDOG LOG ENDED
ZIPPING WATCHDOG LOG
Disk space used:
du -sh /home/cms037/home_cream_677601597/CREAM677601597/glide_fs5B5M/execute/dir_9556
179M	/home/cms037/home_cream_677601597/CREAM677601597/glide_fs5B5M/execute/dir_9556
Found unusual stdout, rename for OSB
`/home/cms037/home_cream_677601597/CREAM677601597/glide_fs5B5M/execute/dir_9556/_condor_stdout' -> `CMSSW_16.stdout'
Found unusual stderr, rename for OSB
`/home/cms037/home_cream_677601597/CREAM677601597/glide_fs5B5M/execute/dir_9556/_condor_stdout' -> `CMSSW_16.stderr'
crab_fjr_16.xml
CMSSW_16.stdout
CMSSW_16.stderr
Watchdog_16.log.gz
Total Output dimension: 69639
WARNING: output files size limit is set to: 50000000
Total Output dimension 69639 is fine.
JOB_EXIT_STATUS = 0
>>> info for dashboard:
***** Cat /home/cms037/home_cream_677601597/CREAM677601597/glide_fs5B5M/execute/dir_9556/jobreport.txt *****
MonitorJobID=16_https://submit-4.t2.ucsd.edu//140616//222488.15
MonitorID=calabria_MuMinus5_Case1_ReReco_3rmq28
ExeTime=364
ExeExitCode=0
StageOutExitStatusReason = 'Copy succedeed with srm-lcg utils'
StageOutSE = storm-se-01.ba.infn.it
StageOutExitStatus = 0
CrabUserCpuTime=302.68
CrabSysCpuTime=4.68
CrabCpuPercentage=84%
CrabWrapperTime=600
CrabStageoutTime=48
JobExitCode=0
***** End Cat jobreport *****
Parameters sent to Dashboard.
EXITING at Wed Jun 18 01:08:20 CEST 2014  -  Tue Jun 17 23:08:20 UTC 2014
