This script was generated by crab (version 2.10.5_patch1).
Running /home/cms015/home_cream_468252061/CREAM468252061/glide_Qwj2CV/execute/dir_20926/condor_exec.exe with 2 positional parameters: 20 1
Today is Wed Jun 18 00:58:22 CEST 2014 - Tue Jun 17 22:58:22 UTC 2014
Job submitted on host alicegrid66.ba.infn.it
Linux alicegrid66.ba.infn.it 2.6.32-358.23.2.el6.x86_64 #1 SMP Thu Oct 17 10:27:22 CEST 2013 x86_64 x86_64 x86_64 GNU/Linux
>>> current directory (RUNTIME_AREA): /home/cms015/home_cream_468252061/CREAM468252061/glide_Qwj2CV/execute/dir_20926
>>> current user: uid=11815(cms015) gid=1399(cms) groups=1399(cms)
>>> directory permission set to 0700
>>> umask set to:  u=rwx,g=,o=
>>> stdout stderr permission set to 0704
>>> voms proxy information:
subject   : /C=IT/O=INFN/OU=Personal Certificate/L=Bari/CN=Cesare Calabria/CN=477126703/CN=243408129
issuer    : /C=IT/O=INFN/OU=Personal Certificate/L=Bari/CN=Cesare Calabria/CN=477126703
identity  : /C=IT/O=INFN/OU=Personal Certificate/L=Bari/CN=Cesare Calabria
type      : RFC3820 compliant limited proxy
strength  : 1024
path      : /home/cms015/home_cream_468252061/CREAM468252061/glide_Qwj2CV/execute/dir_20926/x509up_u50707
timeleft  : 23:58:49
key usage : Digital Signature, Key Encipherment, Data Encipherment
=== VO cms extension information ===
VO        : cms
subject   : /C=IT/O=INFN/OU=Personal Certificate/L=Bari/CN=Cesare Calabria
issuer    : /DC=ch/DC=cern/OU=computers/CN=voms.cern.ch
attribute : /cms/Role=NULL/Capability=NULL
attribute : /cms/itcms/Role=NULL/Capability=NULL
timeleft  : 154:25:57
uri       : voms.cern.ch:15002

WNHostName=alicegrid66.ba.infn.it
>>> tar --no-same-permissions -xf /home/cms015/home_cream_468252061/CREAM468252061/glide_Qwj2CV/execute/dir_20926/default.tgz :
Successful untar
>>> Include /home/cms015/home_cream_468252061/CREAM468252061/glide_Qwj2CV/execute/dir_20926 in PYTHONPATH:
strip arguments
env var CRAB_UNIQUE_JOB_ID set to: calabria_MuMinus5_Case1_ReReco_3rmq28_20_1_Lru
out_files_20
>>> list of expected files on output sandbox
output files: crab_fjr_20.xml CMSSW_20.stdout CMSSW_20.stderr Watchdog_20.log.gz
>>> GridFlavour discovery: 
GridFlavour=LCG
>>> SyncSite discovery: 
SyncSite=T2_IT_Bari
>>> SyncCE discovery: 
getting SyncCE from CE_ID
SyncCE=cream-ce-4.ba.infn.it:8443/cream-pbs-cms
>>> info for dashboard:
***** Cat /home/cms015/home_cream_468252061/CREAM468252061/glide_Qwj2CV/execute/dir_20926/jobreport.txt *****
WNHostName=alicegrid66.ba.infn.it
MonitorJobID=20_https://submit-4.t2.ucsd.edu//140616//222488.19
SyncGridJobId=https://submit-4.t2.ucsd.edu//140616//222488.19
MonitorID=calabria_MuMinus5_Case1_ReReco_3rmq28
GridFlavour=LCG
SyncSite=T2_IT_Bari
SyncCE=cream-ce-4.ba.infn.it:8443/cream-pbs-cms
***** End Cat jobreport *****
Parameters sent to Dashboard.
>>> setup environment
set SCRAM ARCH to slc5_amd64_gcc472
SCRAM_ARCH = slc5_amd64_gcc472
>>> setup CMS LCG environment:
set SCRAM ARCH and BUILD_ARCH to slc5_amd64_gcc472 ###
Sourcing environment... 
sourcing /cvmfs/cms.cern.ch/cmsset_default.sh
==> setup cms environment ok
>>> specific cmssw setup environment:
CMSSW_VERSION =  CMSSW_6_2_0_SLHC12
>>> current directory (SOFTWARE_DIR): /home/cms015/home_cream_468252061/CREAM468252061/glide_Qwj2CV/execute/dir_20926/CMSSW_6_2_0_SLHC12
PreserveSeeds: <>
IncrementSeeds:<>
>>> info for dashboard:
***** Cat /home/cms015/home_cream_468252061/CREAM468252061/glide_Qwj2CV/execute/dir_20926/jobreport.txt *****
MonitorJobID=20_https://submit-4.t2.ucsd.edu//140616//222488.19
MonitorID=calabria_MuMinus5_Case1_ReReco_3rmq28
***** End Cat jobreport *****
Parameters sent to Dashboard.
crabWatchdog started as process 21716
>>> moving CMSSW software directories in /home/cms015/home_cream_468252061/CREAM468252061/glide_Qwj2CV/execute/dir_20926/CMSSW_6_2_0_SLHC12
mv: cannot stat `/home/cms015/home_cream_468252061/CREAM468252061/glide_Qwj2CV/execute/dir_20926/module/': No such file or directory
>>> Include /home/cms015/home_cream_468252061/CREAM468252061/glide_Qwj2CV/execute/dir_20926 in PYTHONPATH:
PYTHONPATH=/home/cms015/home_cream_468252061/CREAM468252061/glide_Qwj2CV/execute/dir_20926/:/home/cms015/home_cream_468252061/CREAM468252061/glide_Qwj2CV/execute/dir_20926/CMSSW_6_2_0_SLHC12/python:/home/cms015/home_cream_468252061/CREAM468252061/glide_Qwj2CV/execute/dir_20926/CMSSW_6_2_0_SLHC12/lib/slc5_amd64_gcc472:/cvmfs/cms.cern.ch/slc5_amd64_gcc472/cms/cmssw/CMSSW_6_2_0_SLHC12/python:/cvmfs/cms.cern.ch/slc5_amd64_gcc472/cms/cmssw/CMSSW_6_2_0_SLHC12/lib/slc5_amd64_gcc472:/cvmfs/cms.cern.ch/slc5_amd64_gcc472/cms/coral/CORAL_2_3_21-cms36/slc5_amd64_gcc472/python:/cvmfs/cms.cern.ch/slc5_amd64_gcc472/cms/coral/CORAL_2_3_21-cms36/slc5_amd64_gcc472/lib:/cvmfs/cms.cern.ch/slc5_amd64_gcc472/external/pyqt/4.8.1-cms6/lib/python2.7/site-packages:/cvmfs/cms.cern.ch/slc5_amd64_gcc472/external/py2-scipy/0.8.0-cms8/lib/python2.7/site-packages:/cvmfs/cms.cern.ch/slc5_amd64_gcc472/external/py2-matplotlib/1.0.1-cms8/lib/python2.7/site-packages:/cvmfs/cms.cern.ch/slc5_amd64_gcc472/external/python-ldap/2.3.5-cms6/lib/python2.7/site-packages:/cvmfs/cms.cern.ch/slc5_amd64_gcc472/external/sip/4.11.2-cms6/lib/python2.7/site-packages:/cvmfs/cms.cern.ch/slc5_amd64_gcc472/external/py2-pycurl/7.19.0-cms8/lib/python2.7/site-packages:/cvmfs/cms.cern.ch/slc5_amd64_gcc472/external/py2-numpy/1.6.1-cms8/lib/python2.7/site-packages:/cvmfs/cms.cern.ch/slc5_amd64_gcc472/external/py2-lint/0.25.1-cms6/lib/python2.7/site-packages:/cvmfs/cms.cern.ch/slc5_amd64_gcc472/external/py2-ipython/0.10-cms6/lib/python2.7/site-packages:/cvmfs/cms.cern.ch/slc5_amd64_gcc472/external/py2-cx-oracle/5.1-cms7/lib/python2.7/site-packages:/cvmfs/cms.cern.ch/slc5_amd64_gcc472/external/py2-cjson/1.0.5-cms6/lib/python2.7/site-packages:/cvmfs/cms.cern.ch/slc5_amd64_gcc472/cms/das-client/1.11.7/bin:/cvmfs/cms.cern.ch/slc5_amd64_gcc472/external/elementtree/1.2.6-cms6/share/lib/python2.7/site-packages:/cvmfs/cms.cern.ch/slc5_amd64_gcc472/external/rivet/1.8.2-cms8/lib/python2.7/site-packages:/cvmfs/cms.cern.ch/slc5_amd64_gcc472/external/pyminuit2/0.0.1-cms19/lib/python2.7/site-packages:/cvmfs/cms.cern.ch/slc5_amd64_gcc472/external/py2-pygithub/1.23.0/lib/python2.7/site-packages:/cvmfs/cms.cern.ch/slc5_amd64_gcc472/external/professor/1.0.0-cms19/lib/python2.7/site-packages:/cvmfs/cms.cern.ch/slc5_amd64_gcc472/lcg/root/5.34.07-cms/lib:/cvmfs/cms.cern.ch/slc5_amd64_gcc472/cms/dbs-client/DBS_2_1_9-cms5/lib:/cvmfs/cms.cern.ch/slc5_amd64_gcc472/cms/dbs-client/DBS_2_1_9-cms5/lib/DBSAPI:/cvmfs/cms.cern.ch/slc5_amd64_gcc472/external/cvs2git/5419-cms/lib:/home/cms015/home_cream_468252061/CREAM468252061/glide_Qwj2CV/execute/dir_20926/
 
# LIMITS USED BY CRAB WATCHDOG:
# RSS  (KBytes)   : 2300000
# VSZ  (KBytes)   : 100000000
# DISK (MBytes)   : 19000
# CPU TIME        : 720h:0m:0s
# WALL CLOCK TIME : 21h:50m:0s
 
5854dd31cbd3cdec44c48628cc181cf0
PSETHASH = 5854dd31cbd3cdec44c48628cc181cf0
/home/cms015/home_cream_468252061/CREAM468252061/glide_Qwj2CV/execute/dir_20926/writeCfg.py pset.py pset.py
Importing .py file
Setting parameters
RandomNumberGeneratorService found, will attempt to change seeds
inputBlocks=/calabria_SingleMuPt5_GEN-SIM-DIGI-RECO_CMSSW_6_2_0_SLHC12_2023Scenario_Case1/calabria-calabria_SingleMuPt5_GEN-SIM-DIGI-RECO_CMSSW_6_2_0_SLHC12_2023Scenario_Case1-01e8787d2102816c4c34c374fc192ef2/USER#9d8495c5-9b2c-45e4-af46-1756c9fe2b2c
inputFiles=/store/user/calabria/calabria_SingleMuPt5_GEN-SIM-DIGI-RECO_CMSSW_6_2_0_SLHC12_2023Scenario_Case1/calabria_SingleMuPt5_GEN-SIM-DIGI-RECO_CMSSW_6_2_0_SLHC12_2023Scenario_Case1/01e8787d2102816c4c34c374fc192ef2/out_reco_488_1_61s.root;/store/user/calabria/calabria_SingleMuPt5_GEN-SIM-DIGI-RECO_CMSSW_6_2_0_SLHC12_2023Scenario_Case1/calabria_SingleMuPt5_GEN-SIM-DIGI-RECO_CMSSW_6_2_0_SLHC12_2023Scenario_Case1/01e8787d2102816c4c34c374fc192ef2/out_reco_489_1_lLY.root;/store/user/calabria/calabria_SingleMuPt5_GEN-SIM-DIGI-RECO_CMSSW_6_2_0_SLHC12_2023Scenario_Case1/calabria_SingleMuPt5_GEN-SIM-DIGI-RECO_CMSSW_6_2_0_SLHC12_2023Scenario_Case1/01e8787d2102816c4c34c374fc192ef2/out_reco_490_1_4nM.root;/store/user/calabria/calabria_SingleMuPt5_GEN-SIM-DIGI-RECO_CMSSW_6_2_0_SLHC12_2023Scenario_Case1/calabria_SingleMuPt5_GEN-SIM-DIGI-RECO_CMSSW_6_2_0_SLHC12_2023Scenario_Case1/01e8787d2102816c4c34c374fc192ef2/out_reco_491_1_gsu.root;/store/user/calabria/calabria_SingleMuPt5_GEN-SIM-DIGI-RECO_CMSSW_6_2_0_SLHC12_2023Scenario_Case1/calabria_SingleMuPt5_GEN-SIM-DIGI-RECO_CMSSW_6_2_0_SLHC12_2023Scenario_Case1/01e8787d2102816c4c34c374fc192ef2/out_reco_492_1_Gr7.root;/store/user/calabria/calabria_SingleMuPt5_GEN-SIM-DIGI-RECO_CMSSW_6_2_0_SLHC12_2023Scenario_Case1/calabria_SingleMuPt5_GEN-SIM-DIGI-RECO_CMSSW_6_2_0_SLHC12_2023Scenario_Case1/01e8787d2102816c4c34c374fc192ef2/out_reco_493_1_i7R.root;/store/user/calabria/calabria_SingleMuPt5_GEN-SIM-DIGI-RECO_CMSSW_6_2_0_SLHC12_2023Scenario_Case1/calabria_SingleMuPt5_GEN-SIM-DIGI-RECO_CMSSW_6_2_0_SLHC12_2023Scenario_Case1/01e8787d2102816c4c34c374fc192ef2/out_reco_494_1_yT2.root;/store/user/calabria/calabria_SingleMuPt5_GEN-SIM-DIGI-RECO_CMSSW_6_2_0_SLHC12_2023Scenario_Case1/calabria_SingleMuPt5_GEN-SIM-DIGI-RECO_CMSSW_6_2_0_SLHC12_2023Scenario_Case1/01e8787d2102816c4c34c374fc192ef2/out_reco_495_1_Ltv.root;/store/user/calabria/calabria_SingleMuPt5_GEN-SIM-DIGI-RECO_CMSSW_6_2_0_SLHC12_2023Scenario_Case1/calabria_SingleMuPt5_GEN-SIM-DIGI-RECO_CMSSW_6_2_0_SLHC12_2023Scenario_Case1/01e8787d2102816c4c34c374fc192ef2/out_reco_496_2_Uj1.root;/store/user/calabria/calabria_SingleMuPt5_GEN-SIM-DIGI-RECO_CMSSW_6_2_0_SLHC12_2023Scenario_Case1/calabria_SingleMuPt5_GEN-SIM-DIGI-RECO_CMSSW_6_2_0_SLHC12_2023Scenario_Case1/01e8787d2102816c4c34c374fc192ef2/out_reco_497_2_QSv.root
parentFiles=
lumisRange=
>>> Executable cmsRun
/cvmfs/cms.cern.ch/slc5_amd64_gcc472/cms/cmssw/CMSSW_6_2_0_SLHC12/bin/slc5_amd64_gcc472/cmsRun
ok executable found
>>> info for dashboard:
***** Cat /home/cms015/home_cream_468252061/CREAM468252061/glide_Qwj2CV/execute/dir_20926/jobreport.txt *****
MonitorJobID=20_https://submit-4.t2.ucsd.edu//140616//222488.19
MonitorID=calabria_MuMinus5_Case1_ReReco_3rmq28
ExeStart=cmsRun
***** End Cat jobreport *****
Parameters sent to Dashboard.
>>> cmsRun started at Tue Jun 17 22:58:48 UTC 2014
>>> cmsRun ended at Tue Jun 17 23:03:52 UTC 2014
>>> crab_fjr_*.xml  permission set to 0704
>>> info for dashboard:
***** Cat /home/cms015/home_cream_468252061/CREAM468252061/glide_Qwj2CV/execute/dir_20926/jobreport.txt *****
MonitorJobID=20_https://submit-4.t2.ucsd.edu//140616//222488.19
MonitorID=calabria_MuMinus5_Case1_ReReco_3rmq28
ExeEnd=cmsRun
***** End Cat jobreport *****
Parameters sent to Dashboard.
TIME_EXE = 304 sec
>>> cmsRun wrote 50 lines of stdout+stderr
>>> START OF printout of 50 lines from stdout+stderr
271 DQMStore::DQMStore 
HcalTopologyIdealEP::HcalTopologyIdealEP
18-Jun-2014 00:59:06 CEST  Initiating request to open file file:/lustre/cms//store/user/calabria/calabria_SingleMuPt5_GEN-SIM-DIGI-RECO_CMSSW_6_2_0_SLHC12_2023Scenario_Case1/calabria_SingleMuPt5_GEN-SIM-DIGI-RECO_CMSSW_6_2_0_SLHC12_2023Scenario_Case1/01e8787d2102816c4c34c374fc192ef2/out_reco_488_1_61s.root
18-Jun-2014 00:59:08 CEST  Successfully opened file file:/lustre/cms//store/user/calabria/calabria_SingleMuPt5_GEN-SIM-DIGI-RECO_CMSSW_6_2_0_SLHC12_2023Scenario_Case1/calabria_SingleMuPt5_GEN-SIM-DIGI-RECO_CMSSW_6_2_0_SLHC12_2023Scenario_Case1/01e8787d2102816c4c34c374fc192ef2/out_reco_488_1_61s.root
18-Jun-2014 00:59:42 CEST  Closed file file:/lustre/cms//store/user/calabria/calabria_SingleMuPt5_GEN-SIM-DIGI-RECO_CMSSW_6_2_0_SLHC12_2023Scenario_Case1/calabria_SingleMuPt5_GEN-SIM-DIGI-RECO_CMSSW_6_2_0_SLHC12_2023Scenario_Case1/01e8787d2102816c4c34c374fc192ef2/out_reco_488_1_61s.root
18-Jun-2014 00:59:42 CEST  Initiating request to open file file:/lustre/cms//store/user/calabria/calabria_SingleMuPt5_GEN-SIM-DIGI-RECO_CMSSW_6_2_0_SLHC12_2023Scenario_Case1/calabria_SingleMuPt5_GEN-SIM-DIGI-RECO_CMSSW_6_2_0_SLHC12_2023Scenario_Case1/01e8787d2102816c4c34c374fc192ef2/out_reco_489_1_lLY.root
18-Jun-2014 00:59:42 CEST  Successfully opened file file:/lustre/cms//store/user/calabria/calabria_SingleMuPt5_GEN-SIM-DIGI-RECO_CMSSW_6_2_0_SLHC12_2023Scenario_Case1/calabria_SingleMuPt5_GEN-SIM-DIGI-RECO_CMSSW_6_2_0_SLHC12_2023Scenario_Case1/01e8787d2102816c4c34c374fc192ef2/out_reco_489_1_lLY.root
18-Jun-2014 01:00:15 CEST  Closed file file:/lustre/cms//store/user/calabria/calabria_SingleMuPt5_GEN-SIM-DIGI-RECO_CMSSW_6_2_0_SLHC12_2023Scenario_Case1/calabria_SingleMuPt5_GEN-SIM-DIGI-RECO_CMSSW_6_2_0_SLHC12_2023Scenario_Case1/01e8787d2102816c4c34c374fc192ef2/out_reco_489_1_lLY.root
18-Jun-2014 01:00:15 CEST  Initiating request to open file file:/lustre/cms//store/user/calabria/calabria_SingleMuPt5_GEN-SIM-DIGI-RECO_CMSSW_6_2_0_SLHC12_2023Scenario_Case1/calabria_SingleMuPt5_GEN-SIM-DIGI-RECO_CMSSW_6_2_0_SLHC12_2023Scenario_Case1/01e8787d2102816c4c34c374fc192ef2/out_reco_490_1_4nM.root
18-Jun-2014 01:00:15 CEST  Successfully opened file file:/lustre/cms//store/user/calabria/calabria_SingleMuPt5_GEN-SIM-DIGI-RECO_CMSSW_6_2_0_SLHC12_2023Scenario_Case1/calabria_SingleMuPt5_GEN-SIM-DIGI-RECO_CMSSW_6_2_0_SLHC12_2023Scenario_Case1/01e8787d2102816c4c34c374fc192ef2/out_reco_490_1_4nM.root
18-Jun-2014 01:00:49 CEST  Closed file file:/lustre/cms//store/user/calabria/calabria_SingleMuPt5_GEN-SIM-DIGI-RECO_CMSSW_6_2_0_SLHC12_2023Scenario_Case1/calabria_SingleMuPt5_GEN-SIM-DIGI-RECO_CMSSW_6_2_0_SLHC12_2023Scenario_Case1/01e8787d2102816c4c34c374fc192ef2/out_reco_490_1_4nM.root
18-Jun-2014 01:00:49 CEST  Initiating request to open file file:/lustre/cms//store/user/calabria/calabria_SingleMuPt5_GEN-SIM-DIGI-RECO_CMSSW_6_2_0_SLHC12_2023Scenario_Case1/calabria_SingleMuPt5_GEN-SIM-DIGI-RECO_CMSSW_6_2_0_SLHC12_2023Scenario_Case1/01e8787d2102816c4c34c374fc192ef2/out_reco_491_1_gsu.root
18-Jun-2014 01:00:49 CEST  Successfully opened file file:/lustre/cms//store/user/calabria/calabria_SingleMuPt5_GEN-SIM-DIGI-RECO_CMSSW_6_2_0_SLHC12_2023Scenario_Case1/calabria_SingleMuPt5_GEN-SIM-DIGI-RECO_CMSSW_6_2_0_SLHC12_2023Scenario_Case1/01e8787d2102816c4c34c374fc192ef2/out_reco_491_1_gsu.root
18-Jun-2014 01:01:12 CEST  Closed file file:/lustre/cms//store/user/calabria/calabria_SingleMuPt5_GEN-SIM-DIGI-RECO_CMSSW_6_2_0_SLHC12_2023Scenario_Case1/calabria_SingleMuPt5_GEN-SIM-DIGI-RECO_CMSSW_6_2_0_SLHC12_2023Scenario_Case1/01e8787d2102816c4c34c374fc192ef2/out_reco_491_1_gsu.root
18-Jun-2014 01:01:12 CEST  Initiating request to open file file:/lustre/cms//store/user/calabria/calabria_SingleMuPt5_GEN-SIM-DIGI-RECO_CMSSW_6_2_0_SLHC12_2023Scenario_Case1/calabria_SingleMuPt5_GEN-SIM-DIGI-RECO_CMSSW_6_2_0_SLHC12_2023Scenario_Case1/01e8787d2102816c4c34c374fc192ef2/out_reco_492_1_Gr7.root
18-Jun-2014 01:01:12 CEST  Successfully opened file file:/lustre/cms//store/user/calabria/calabria_SingleMuPt5_GEN-SIM-DIGI-RECO_CMSSW_6_2_0_SLHC12_2023Scenario_Case1/calabria_SingleMuPt5_GEN-SIM-DIGI-RECO_CMSSW_6_2_0_SLHC12_2023Scenario_Case1/01e8787d2102816c4c34c374fc192ef2/out_reco_492_1_Gr7.root
18-Jun-2014 01:01:37 CEST  Closed file file:/lustre/cms//store/user/calabria/calabria_SingleMuPt5_GEN-SIM-DIGI-RECO_CMSSW_6_2_0_SLHC12_2023Scenario_Case1/calabria_SingleMuPt5_GEN-SIM-DIGI-RECO_CMSSW_6_2_0_SLHC12_2023Scenario_Case1/01e8787d2102816c4c34c374fc192ef2/out_reco_492_1_Gr7.root
18-Jun-2014 01:01:37 CEST  Initiating request to open file file:/lustre/cms//store/user/calabria/calabria_SingleMuPt5_GEN-SIM-DIGI-RECO_CMSSW_6_2_0_SLHC12_2023Scenario_Case1/calabria_SingleMuPt5_GEN-SIM-DIGI-RECO_CMSSW_6_2_0_SLHC12_2023Scenario_Case1/01e8787d2102816c4c34c374fc192ef2/out_reco_493_1_i7R.root
18-Jun-2014 01:01:37 CEST  Successfully opened file file:/lustre/cms//store/user/calabria/calabria_SingleMuPt5_GEN-SIM-DIGI-RECO_CMSSW_6_2_0_SLHC12_2023Scenario_Case1/calabria_SingleMuPt5_GEN-SIM-DIGI-RECO_CMSSW_6_2_0_SLHC12_2023Scenario_Case1/01e8787d2102816c4c34c374fc192ef2/out_reco_493_1_i7R.root
18-Jun-2014 01:02:08 CEST  Closed file file:/lustre/cms//store/user/calabria/calabria_SingleMuPt5_GEN-SIM-DIGI-RECO_CMSSW_6_2_0_SLHC12_2023Scenario_Case1/calabria_SingleMuPt5_GEN-SIM-DIGI-RECO_CMSSW_6_2_0_SLHC12_2023Scenario_Case1/01e8787d2102816c4c34c374fc192ef2/out_reco_493_1_i7R.root
18-Jun-2014 01:02:08 CEST  Initiating request to open file file:/lustre/cms//store/user/calabria/calabria_SingleMuPt5_GEN-SIM-DIGI-RECO_CMSSW_6_2_0_SLHC12_2023Scenario_Case1/calabria_SingleMuPt5_GEN-SIM-DIGI-RECO_CMSSW_6_2_0_SLHC12_2023Scenario_Case1/01e8787d2102816c4c34c374fc192ef2/out_reco_494_1_yT2.root
18-Jun-2014 01:02:09 CEST  Successfully opened file file:/lustre/cms//store/user/calabria/calabria_SingleMuPt5_GEN-SIM-DIGI-RECO_CMSSW_6_2_0_SLHC12_2023Scenario_Case1/calabria_SingleMuPt5_GEN-SIM-DIGI-RECO_CMSSW_6_2_0_SLHC12_2023Scenario_Case1/01e8787d2102816c4c34c374fc192ef2/out_reco_494_1_yT2.root
18-Jun-2014 01:02:37 CEST  Closed file file:/lustre/cms//store/user/calabria/calabria_SingleMuPt5_GEN-SIM-DIGI-RECO_CMSSW_6_2_0_SLHC12_2023Scenario_Case1/calabria_SingleMuPt5_GEN-SIM-DIGI-RECO_CMSSW_6_2_0_SLHC12_2023Scenario_Case1/01e8787d2102816c4c34c374fc192ef2/out_reco_494_1_yT2.root
18-Jun-2014 01:02:37 CEST  Initiating request to open file file:/lustre/cms//store/user/calabria/calabria_SingleMuPt5_GEN-SIM-DIGI-RECO_CMSSW_6_2_0_SLHC12_2023Scenario_Case1/calabria_SingleMuPt5_GEN-SIM-DIGI-RECO_CMSSW_6_2_0_SLHC12_2023Scenario_Case1/01e8787d2102816c4c34c374fc192ef2/out_reco_495_1_Ltv.root
18-Jun-2014 01:02:37 CEST  Successfully opened file file:/lustre/cms//store/user/calabria/calabria_SingleMuPt5_GEN-SIM-DIGI-RECO_CMSSW_6_2_0_SLHC12_2023Scenario_Case1/calabria_SingleMuPt5_GEN-SIM-DIGI-RECO_CMSSW_6_2_0_SLHC12_2023Scenario_Case1/01e8787d2102816c4c34c374fc192ef2/out_reco_495_1_Ltv.root
18-Jun-2014 01:03:04 CEST  Closed file file:/lustre/cms//store/user/calabria/calabria_SingleMuPt5_GEN-SIM-DIGI-RECO_CMSSW_6_2_0_SLHC12_2023Scenario_Case1/calabria_SingleMuPt5_GEN-SIM-DIGI-RECO_CMSSW_6_2_0_SLHC12_2023Scenario_Case1/01e8787d2102816c4c34c374fc192ef2/out_reco_495_1_Ltv.root
18-Jun-2014 01:03:04 CEST  Initiating request to open file file:/lustre/cms//store/user/calabria/calabria_SingleMuPt5_GEN-SIM-DIGI-RECO_CMSSW_6_2_0_SLHC12_2023Scenario_Case1/calabria_SingleMuPt5_GEN-SIM-DIGI-RECO_CMSSW_6_2_0_SLHC12_2023Scenario_Case1/01e8787d2102816c4c34c374fc192ef2/out_reco_496_2_Uj1.root
18-Jun-2014 01:03:04 CEST  Successfully opened file file:/lustre/cms//store/user/calabria/calabria_SingleMuPt5_GEN-SIM-DIGI-RECO_CMSSW_6_2_0_SLHC12_2023Scenario_Case1/calabria_SingleMuPt5_GEN-SIM-DIGI-RECO_CMSSW_6_2_0_SLHC12_2023Scenario_Case1/01e8787d2102816c4c34c374fc192ef2/out_reco_496_2_Uj1.root
18-Jun-2014 01:03:27 CEST  Closed file file:/lustre/cms//store/user/calabria/calabria_SingleMuPt5_GEN-SIM-DIGI-RECO_CMSSW_6_2_0_SLHC12_2023Scenario_Case1/calabria_SingleMuPt5_GEN-SIM-DIGI-RECO_CMSSW_6_2_0_SLHC12_2023Scenario_Case1/01e8787d2102816c4c34c374fc192ef2/out_reco_496_2_Uj1.root
18-Jun-2014 01:03:27 CEST  Initiating request to open file file:/lustre/cms//store/user/calabria/calabria_SingleMuPt5_GEN-SIM-DIGI-RECO_CMSSW_6_2_0_SLHC12_2023Scenario_Case1/calabria_SingleMuPt5_GEN-SIM-DIGI-RECO_CMSSW_6_2_0_SLHC12_2023Scenario_Case1/01e8787d2102816c4c34c374fc192ef2/out_reco_497_2_QSv.root
18-Jun-2014 01:03:27 CEST  Successfully opened file file:/lustre/cms//store/user/calabria/calabria_SingleMuPt5_GEN-SIM-DIGI-RECO_CMSSW_6_2_0_SLHC12_2023Scenario_Case1/calabria_SingleMuPt5_GEN-SIM-DIGI-RECO_CMSSW_6_2_0_SLHC12_2023Scenario_Case1/01e8787d2102816c4c34c374fc192ef2/out_reco_497_2_QSv.root
18-Jun-2014 01:03:52 CEST  Closed file file:/lustre/cms//store/user/calabria/calabria_SingleMuPt5_GEN-SIM-DIGI-RECO_CMSSW_6_2_0_SLHC12_2023Scenario_Case1/calabria_SingleMuPt5_GEN-SIM-DIGI-RECO_CMSSW_6_2_0_SLHC12_2023Scenario_Case1/01e8787d2102816c4c34c374fc192ef2/out_reco_497_2_QSv.root

=============================================

MessageLogger Summary

 type     category        sev    module        subroutine        count    total
 ---- -------------------- -- ---------------- ----------------  -----    -----
    1 fileAction           -s file_close                            10       10
    2 fileAction           -s file_open                             20       20

 type    category    Examples: run/evt        run/evt          run/evt
 ---- -------------------- ---------------- ---------------- ----------------
    1 fileAction           PostProcessEvent PostProcessEvent PostEndRun
    2 fileAction           pre-events       pre-events       PostProcessEvent

Severity    # Occurrences   Total Occurrences
--------    -------------   -----------------
System                 30                  30
>>> END OF printout of 50 lines from stdout+stderr
>>> Parse FrameworkJobReport crab_fjr.xml
Result of parsing the FrameworkJobReport crab_fjr.xml: Popularity start
lumisRange : 1::::1;1::::2;1::::3;1::::4;1::::5;1::::6;1::::7;1::::8;1::::9;1::::10;
lumisParentRange : 
Basename : /store/user/calabria/calabria_SingleMuPt5_GEN-SIM-DIGI-RECO_CMSSW_6_2_0_SLHC12_2023Scenario_Case1/calabria_SingleMuPt5_GEN-SIM-DIGI-RECO_CMSSW_6_2_0_SLHC12_2023Scenario_Case1/01e8787d2102816c4c34c374fc192ef2/out_reco_4
BasenameParent : 
parentFiles : 
inputBlocks : /calabria_SingleMuPt5_GEN-SIM-DIGI-RECO_CMSSW_6_2_0_SLHC12_2023Scenario_Case1/calabria-calabria_SingleMuPt5_GEN-SIM-DIGI-RECO_CMSSW_6_2_0_SLHC12_2023Scenario_Case1-01e8787d2102816c4c34c374fc192ef2/USER#9d8495c5-9b2c-45e4-af46-1756c9fe2b2c
inputFiles : 89_1_lLY.root::1::EDM::Local::1;92_1_Gr7.root::1::EDM::Local::2;88_1_61s.root::1::EDM::Local::3;91_1_gsu.root::1::EDM::Local::4;90_1_4nM.root::1::EDM::Local::5;94_1_yT2.root::1::EDM::Local::6;95_1_Ltv.root::1::EDM::Local::7;96_2_Uj1.root::1::EDM::Local::8;93_1_i7R.root::1::EDM::Local::9;97_2_QSv.root::1::EDM::Local::10;
Popularity stop
Extracted ExitStatus from FrameworkJobReport parsing output: 0
>>> Executable succeded  0
ExeExitCode=0
EXECUTABLE_EXIT_STATUS = 0
>>> current directory /home/cms015/home_cream_468252061/CREAM468252061/glide_Qwj2CV/execute/dir_20926/CMSSW_6_2_0_SLHC12
>>>  (SOFTWARE_DIR): /home/cms015/home_cream_468252061/CREAM468252061/glide_Qwj2CV/execute/dir_20926/CMSSW_6_2_0_SLHC12
>>> (WORKING_DIR): 
>>> current directory content:
total 10456
drwxr-xr-x 3 cms015 cms    4096 Jun 18 00:58 .SCRAM
-rw------- 1 cms015 cms 3740285 Jun 18 00:58 CMSSW.py.pkl
drwxr-xr-x 3 cms015 cms    4096 Jun 18 00:58 bin
drwxr-xr-x 3 cms015 cms    4096 Jun 18 00:58 cfipython
drwxr-xr-x 4 cms015 cms    4096 Jun 18 00:58 config
-rw------- 1 cms015 cms      16 Jun 18 01:03 cpu_timing.txt
drwxr-xr-x 2 cms015 cms    4096 Jun 18 00:58 doc
-rw------- 1 cms015 cms    9865 Jun 18 01:03 executable.out
drwxr-xr-x 2 cms015 cms    4096 Jun 18 00:58 include
drwx------ 3 cms015 cms    4096 Apr 28 18:12 lib
drwxr-xr-x 3 cms015 cms    4096 Jun 18 00:58 logs
drwxr-xr-x 3 cms015 cms    4096 Jun 18 00:58 objs
-rw------- 1 cms015 cms     104 Jun 18 00:58 pset.py
-rw------- 1 cms015 cms 3712292 Jun 18 00:58 pset.py.pkl
-rw------- 1 cms015 cms     289 Jun 18 00:58 pset.pyc
drwxr-xr-x 2 cms015 cms    4096 Jun 18 00:58 python
-rw------- 1 cms015 cms     407 Jun 18 01:03 report.log
drwx------ 6 cms015 cms    4096 Jun 18 00:58 src
drwxr-xr-x 3 cms015 cms    4096 Jun 18 00:58 test
drwxr-xr-x 3 cms015 cms    4096 Jun 18 00:58 tmp
-rw------- 1 cms015 cms 3153244 Jun 18 01:03 validationEDM.root
>>> current directory /home/cms015/home_cream_468252061/CREAM468252061/glide_Qwj2CV/execute/dir_20926/CMSSW_6_2_0_SLHC12
>>> (SOFTWARE_DIR): /home/cms015/home_cream_468252061/CREAM468252061/glide_Qwj2CV/execute/dir_20926/CMSSW_6_2_0_SLHC12
>>> (WORKING_DIR): 
>>> current directory content:
total 10456
drwxr-xr-x 3 cms015 cms    4096 Jun 18 00:58 .SCRAM
-rw------- 1 cms015 cms 3740285 Jun 18 00:58 CMSSW.py.pkl
drwxr-xr-x 3 cms015 cms    4096 Jun 18 00:58 bin
drwxr-xr-x 3 cms015 cms    4096 Jun 18 00:58 cfipython
drwxr-xr-x 4 cms015 cms    4096 Jun 18 00:58 config
-rw------- 1 cms015 cms      16 Jun 18 01:03 cpu_timing.txt
drwxr-xr-x 2 cms015 cms    4096 Jun 18 00:58 doc
-rw------- 1 cms015 cms    9865 Jun 18 01:03 executable.out
drwxr-xr-x 2 cms015 cms    4096 Jun 18 00:58 include
drwx------ 3 cms015 cms    4096 Apr 28 18:12 lib
drwxr-xr-x 3 cms015 cms    4096 Jun 18 00:58 logs
drwxr-xr-x 3 cms015 cms    4096 Jun 18 00:58 objs
-rw------- 1 cms015 cms     104 Jun 18 00:58 pset.py
-rw------- 1 cms015 cms 3712292 Jun 18 00:58 pset.py.pkl
-rw------- 1 cms015 cms     289 Jun 18 00:58 pset.pyc
drwxr-xr-x 2 cms015 cms    4096 Jun 18 00:58 python
-rw------- 1 cms015 cms     407 Jun 18 01:03 report.log
drwx------ 6 cms015 cms    4096 Jun 18 00:58 src
drwxr-xr-x 3 cms015 cms    4096 Jun 18 00:58 test
drwxr-xr-x 3 cms015 cms    4096 Jun 18 00:58 tmp
-rw------- 1 cms015 cms 3153244 Jun 18 01:03 validationEDM_20_1_Lru.root
>>> current directory (RUNTIME_AREA):  /home/cms015/home_cream_468252061/CREAM468252061/glide_Qwj2CV/execute/dir_20926
SE = storm-se-01.ba.infn.it
SE_PATH = /srm/managerv2?SFN=//cms/store/user/calabria/calabria_SingleMuPt5_GEN-SIM-DIGI-RECO_CMSSW_6_2_0_SLHC12_2023Scenario_Case1/calabria_MuMinus5_GEN-SIM-DIGI-RECO_CMSSW_6_2_0_SLHC12_2023Scenario_VALNOPU2_Case1/5854dd31cbd3cdec44c48628cc181cf0/
LFNBaseName = /store/user/calabria/calabria_SingleMuPt5_GEN-SIM-DIGI-RECO_CMSSW_6_2_0_SLHC12_2023Scenario_Case1/calabria_MuMinus5_GEN-SIM-DIGI-RECO_CMSSW_6_2_0_SLHC12_2023Scenario_VALNOPU2_Case1/5854dd31cbd3cdec44c48628cc181cf0/
USER = calabria
endpoint = srm://storm-se-01.ba.infn.it:8444/srm/managerv2?SFN=//cms/store/user/calabria/calabria_SingleMuPt5_GEN-SIM-DIGI-RECO_CMSSW_6_2_0_SLHC12_2023Scenario_Case1/calabria_MuMinus5_GEN-SIM-DIGI-RECO_CMSSW_6_2_0_SLHC12_2023Scenario_VALNOPU2_Case1/5854dd31cbd3cdec44c48628cc181cf0/
>>> Copy output files from WN = alicegrid66.ba.infn.it to /srm/managerv2?SFN=//cms/store/user/calabria/calabria_SingleMuPt5_GEN-SIM-DIGI-RECO_CMSSW_6_2_0_SLHC12_2023Scenario_Case1/calabria_MuMinus5_GEN-SIM-DIGI-RECO_CMSSW_6_2_0_SLHC12_2023Scenario_VALNOPU2_Case1/5854dd31cbd3cdec44c48628cc181cf0/ :
python cmscp.py  --destination srm://storm-se-01.ba.infn.it:8444/srm/managerv2?SFN=//cms/store/user/calabria/calabria_SingleMuPt5_GEN-SIM-DIGI-RECO_CMSSW_6_2_0_SLHC12_2023Scenario_Case1/calabria_MuMinus5_GEN-SIM-DIGI-RECO_CMSSW_6_2_0_SLHC12_2023Scenario_VALNOPU2_Case1/5854dd31cbd3cdec44c48628cc181cf0/ --inputFileList /home/cms015/home_cream_468252061/CREAM468252061/glide_Qwj2CV/execute/dir_20926/CMSSW_6_2_0_SLHC12/validationEDM_20_1_Lru.root --middleware LCG --se_name storm-se-01.ba.infn.it --for_lfn /store/user/calabria/calabria_SingleMuPt5_GEN-SIM-DIGI-RECO_CMSSW_6_2_0_SLHC12_2023Scenario_Case1/calabria_MuMinus5_GEN-SIM-DIGI-RECO_CMSSW_6_2_0_SLHC12_2023Scenario_VALNOPU2_Case1/5854dd31cbd3cdec44c48628cc181cf0/    
******************************************************
localSeName  =  storm-se-01.ba.infn.it
remoteSeName =  storm-se-01.ba.infn.it
******************************************************
{"/home/cms015/home_cream_468252061/CREAM468252061/glide_Qwj2CV/execute/dir_20926/CMSSW_6_2_0_SLHC12/validationEDM_20_1_Lru.root": {"endpoint": "srm://storm-se-01.ba.infn.it:8444/srm/managerv2?SFN=//cms/store/user/calabria/calabria_SingleMuPt5_GEN-SIM-DIGI-RECO_CMSSW_6_2_0_SLHC12_2023Scenario_Case1/calabria_MuMinus5_GEN-SIM-DIGI-RECO_CMSSW_6_2_0_SLHC12_2023Scenario_VALNOPU2_Case1/5854dd31cbd3cdec44c48628cc181cf0/", "surl_for_grid": "", "reason": "Copy succedeed with srm-lcg utils", "erCode": "0", "se_name": "storm-se-01.ba.infn.it", "for_lfn": "/store/user/calabria/calabria_SingleMuPt5_GEN-SIM-DIGI-RECO_CMSSW_6_2_0_SLHC12_2023Scenario_Case1/calabria_MuMinus5_GEN-SIM-DIGI-RECO_CMSSW_6_2_0_SLHC12_2023Scenario_VALNOPU2_Case1/5854dd31cbd3cdec44c48628cc181cf0/"}}/home/cms015/home_cream_468252061/CREAM468252061/glide_Qwj2CV/execute/dir_20926
-------- cat /home/cms015/home_cream_468252061/CREAM468252061/glide_Qwj2CV/execute/dir_20926/cmscpReport.sh 
#!/bin/bash
echo "Report for File: /home/cms015/home_cream_468252061/CREAM468252061/glide_Qwj2CV/execute/dir_20926/CMSSW_6_2_0_SLHC12/validationEDM_20_1_Lru.root"
echo "LFN: /store/user/calabria/calabria_SingleMuPt5_GEN-SIM-DIGI-RECO_CMSSW_6_2_0_SLHC12_2023Scenario_Case1/calabria_MuMinus5_GEN-SIM-DIGI-RECO_CMSSW_6_2_0_SLHC12_2023Scenario_VALNOPU2_Case1/5854dd31cbd3cdec44c48628cc181cf0/validationEDM_20_1_Lru.root"
echo "StorageElement: storm-se-01.ba.infn.it"
echo "StageOutExitStatusReason = 'Copy succedeed with srm-lcg utils'" | tee -a $RUNTIME_AREA/$repo
echo "StageOutSE = storm-se-01.ba.infn.it" >> $RUNTIME_AREA/$repo

export StageOutExitStatus=0
echo "StageOutExitStatus = 0" | tee -a $RUNTIME_AREA/$repo
-------- end of /home/cms015/home_cream_468252061/CREAM468252061/glide_Qwj2CV/execute/dir_20926/cmscpReport.sh 
Report for File: /home/cms015/home_cream_468252061/CREAM468252061/glide_Qwj2CV/execute/dir_20926/CMSSW_6_2_0_SLHC12/validationEDM_20_1_Lru.root
LFN: /store/user/calabria/calabria_SingleMuPt5_GEN-SIM-DIGI-RECO_CMSSW_6_2_0_SLHC12_2023Scenario_Case1/calabria_MuMinus5_GEN-SIM-DIGI-RECO_CMSSW_6_2_0_SLHC12_2023Scenario_VALNOPU2_Case1/5854dd31cbd3cdec44c48628cc181cf0/validationEDM_20_1_Lru.root
StorageElement: storm-se-01.ba.infn.it
StageOutExitStatusReason = 'Copy succedeed with srm-lcg utils'
StageOutExitStatus = 0
>>> current dir: /home/cms015/home_cream_468252061/CREAM468252061/glide_Qwj2CV/execute/dir_20926
>>> current dir content:
total 28076
-rw-------  1 cms015 cms     2775 Jun 18 01:04 .SEinteraction.log
-rwx------  1 cms015 cms     6809 Jun 18 00:58 .job.ad
-rwx------  1 cms015 cms     9458 Jun 18 00:58 .machine.ad
-rw-------  1 cms015 cms      105 Jun 16 20:42 CMSSW.py
-rw-------  1 cms015 cms  3740285 Jun 16 20:42 CMSSW.py.pkl
-rwx------  1 cms015 cms    29543 Jun 18 00:58 CMSSW.sh
drwxr-xr-x 15 cms015 cms     4096 Jun 18 01:03 CMSSW_6_2_0_SLHC12
-rw-------  1 cms015 cms      220 Jun 18 00:58 CacheEnv.sh
-rw-------  1 cms015 cms     7291 Apr  4 11:04 DashboardAPI.py
-rw-------  1 cms015 cms     6815 Jun 18 00:58 DashboardAPI.pyc
drwx------  2 cms015 cms     4096 Jun 18 01:03 IMProv
-rw-------  1 cms015 cms     2748 Apr  4 11:04 Logger.py
-rw-------  1 cms015 cms     3347 Jun 18 00:58 Logger.pyc
-rw-------  1 cms015 cms    24524 Apr  4 11:04 ProcInfo.py
-rw-------  1 cms015 cms    23197 Jun 18 00:58 ProcInfo.pyc
drwx------  7 cms015 cms     4096 Jun 18 00:58 ProdCommon
drwx------  3 cms015 cms     4096 Jun 18 00:58 WMCore
-rw-------  1 cms015 cms     2301 Jun 18 01:04 Watchdog_20.log
-rwx------  1 cms015 cms        0 Jun 18 00:58 _condor_stderr
-rwx---r--  1 cms015 cms    29321 Jun 18 01:04 _condor_stdout
-rw-------  1 cms015 cms    32895 Apr  4 11:04 apmon.py
-rw-------  1 cms015 cms    28625 Jun 18 00:58 apmon.pyc
-rwx------  1 cms015 cms    52985 Jun 18 00:58 arguments.xml
-rwx------  1 cms015 cms    38515 Apr  4 11:04 cmscp.py
-rw-------  1 cms015 cms      716 Jun 18 01:04 cmscpReport.sh
-rwx------  1 cms015 cms    29543 Jun 18 00:58 condor_exec.exe
-rw-------  1 cms015 cms      953 Jun 16 20:42 crab.cfg
-rwx------  1 cms015 cms     8610 Apr  4 11:04 crabWatchdog.sh
-rwx---r--  1 cms015 cms   523187 Jun 18 01:03 crab_fjr_20.xml
-rwx------  1 cms015 cms 23958452 Jun 18 00:58 default.tgz
-rwx------  1 cms015 cms     4488 Apr  4 11:04 fillCrabFjr.py
-rw-------  1 cms015 cms     2607 Jun 18 00:58 inputsReport.txt
-rw-------  1 cms015 cms      260 Jun 18 01:04 jobreport.txt
-rw-------  1 cms015 cms    17352 Apr  4 11:04 parseCrabFjr.py
-rw-------  1 cms015 cms      331 Jun 18 00:58 report.log
-rwx--x--x  1 cms015 cms     1497 Apr  4 11:04 report.py
-rw-------  1 cms015 cms      768 Jun 18 01:04 resultCopyFile
lrwxrwxrwx  1 cms015 cms      126 Jun 18 01:03 validationEDM.root -> /home/cms015/home_cream_468252061/CREAM468252061/glide_Qwj2CV/execute/dir_20926/CMSSW_6_2_0_SLHC12/validationEDM_20_1_Lru.root
-rwx------  1 cms015 cms     8387 Apr  4 11:04 writeCfg.py
-rw-------  1 cms015 cms     8014 Jun 18 00:58 x509up_u50707
>>> Modify Job Report:
CMSSW_VERSION = CMSSW_6_2_0_SLHC12
ProcessedDataset = calabria_MuMinus5_GEN-SIM-DIGI-RECO_CMSSW_6_2_0_SLHC12_2023Scenario_VALNOPU2_Case1
/home/cms015/home_cream_468252061/CREAM468252061/glide_Qwj2CV/execute/dir_20926/ProdCommon/FwkJobRep/ModifyJobReport.py fjr /home/cms015/home_cream_468252061/CREAM468252061/glide_Qwj2CV/execute/dir_20926/crab_fjr_20.xml json /home/cms015/home_cream_468252061/CREAM468252061/glide_Qwj2CV/execute/dir_20926/resultCopyFile n_job 20_1_Lru PrimaryDataset calabria_SingleMuPt5_GEN-SIM-DIGI-RECO_CMSSW_6_2_0_SLHC12_2023Scenario_Case1  ApplicationFamily cmsRun ApplicationName cmsRun cmssw_version CMSSW_6_2_0_SLHC12 psethash 5854dd31cbd3cdec44c48628cc181cf0 UserProcessedDataset calabria-calabria_MuMinus5_GEN-SIM-DIGI-RECO_CMSSW_6_2_0_SLHC12_2023Scenario_VALNOPU2_Case1-5854dd31cbd3cdec44c48628cc181cf0
inputDict =  {u'/home/cms015/home_cream_468252061/CREAM468252061/glide_Qwj2CV/execute/dir_20926/CMSSW_6_2_0_SLHC12/validationEDM_20_1_Lru.root': {u'endpoint': u'srm://storm-se-01.ba.infn.it:8444/srm/managerv2?SFN=//cms/store/user/calabria/calabria_SingleMuPt5_GEN-SIM-DIGI-RECO_CMSSW_6_2_0_SLHC12_2023Scenario_Case1/calabria_MuMinus5_GEN-SIM-DIGI-RECO_CMSSW_6_2_0_SLHC12_2023Scenario_VALNOPU2_Case1/5854dd31cbd3cdec44c48628cc181cf0/', u'surl_for_grid': u'', u'reason': u'Copy succedeed with srm-lcg utils', u'erCode': u'0', u'se_name': u'storm-se-01.ba.infn.it', u'for_lfn': u'/store/user/calabria/calabria_SingleMuPt5_GEN-SIM-DIGI-RECO_CMSSW_6_2_0_SLHC12_2023Scenario_Case1/calabria_MuMinus5_GEN-SIM-DIGI-RECO_CMSSW_6_2_0_SLHC12_2023Scenario_VALNOPU2_Case1/5854dd31cbd3cdec44c48628cc181cf0/'}}
UserProcessedDataset =  calabria-calabria_MuMinus5_GEN-SIM-DIGI-RECO_CMSSW_6_2_0_SLHC12_2023Scenario_VALNOPU2_Case1-5854dd31cbd3cdec44c48628cc181cf0
file_name in inputDict =  /home/cms015/home_cream_468252061/CREAM468252061/glide_Qwj2CV/execute/dir_20926/CMSSW_6_2_0_SLHC12/validationEDM_20_1_Lru.root
(size) os.stat(filename)[6] =  3153244
checksum =  3492659780
    file =  validationEDM_20_1_Lru.root
    newPfn =  srm://storm-se-01.ba.infn.it:8444/srm/managerv2?SFN=//cms/store/user/calabria/calabria_SingleMuPt5_GEN-SIM-DIGI-RECO_CMSSW_6_2_0_SLHC12_2023Scenario_Case1/calabria_MuMinus5_GEN-SIM-DIGI-RECO_CMSSW_6_2_0_SLHC12_2023Scenario_VALNOPU2_Case1/5854dd31cbd3cdec44c48628cc181cf0/validationEDM_20_1_Lru.root
    newLfn =  /store/user/calabria/calabria_SingleMuPt5_GEN-SIM-DIGI-RECO_CMSSW_6_2_0_SLHC12_2023Scenario_Case1/calabria_MuMinus5_GEN-SIM-DIGI-RECO_CMSSW_6_2_0_SLHC12_2023Scenario_VALNOPU2_Case1/5854dd31cbd3cdec44c48628cc181cf0/validationEDM_20_1_Lru.root
>>> crab_fjr_*.xml  permission set to 0704
CrabWrapper EXIT_FUNC entered at Wed Jun 18 01:04:46 CEST 2014   -  Tue Jun 17 23:04:46 UTC 2014
Checking output files:  
will tar file crab_fjr_20.xml in  out_files_20
WARNING: output file CMSSW_20.stdout not found!
WARNING: output file CMSSW_20.stderr not found!
WARNING: output file Watchdog_20.log.gz not found!
>>> padding time: Sleeping the wrapper for 217 seconds
STOPPING WATCHDOG. CrabWatchdog PID is 21716
********** LAST 50 LINES OF WATCHDOG LOG
# RESOURCE USAGE SUMMARY FOR PROCESS ID 20991
USER       PID %CPU %MEM    VSZ   RSS TTY      STAT START   TIME COMMAND
cms015   20991  0.2  0.0   9496  1596 ?        S    00:58   0:00 /bin/sh /home/cms015/home_cream_468252061/CREAM468252061/glide_Qwj2CV/execute/dir_20926/condor_exec.exe 20 1
 
# LIMITS USED BY CRAB WATCHDOG:
# RSS  (KBytes)   : 2300000
# VSZ  (KBytes)   : 100000000
# DISK (MBytes)   : 19000
# CPU TIME        : 720h:0m:0s
# WALL CLOCK TIME : 21h:50m:0s
 
# FOLLOWING PRINTOUT TRACKS MAXIMUM VALUES OF RESOURCES USE
# ONE LINE IS PRINTED EACH TIME A MAXIMUM CHANGES
# IF CHANGE WAS IN RSS OR VSZ ALSO PROCID AND COMMAND ARE PRINTED
# THERE IS NO PRINTOUT FOR CPU/WALL TIME INCREASE
 
# TIME			PID	RSS(KB)	VSZ(KB)	Dsk(MB)	tCPU(s)	tWALL(s)	COMMAND
 Jun 18 00:58:29 CEST	12818	1256	106092	0	0	0	sh -c "./glidein_startup.sh" -v std -name v3_0 -entry CMS_T2_IT_Bari_ce4 -clientname UCSD-v1_0.main
 Jun 18 00:58:29 CEST	12828	1776	106492	0	0	0	/bin/bash ./glidein_startup.sh -v std -name v3_0 -entry CMS_T2_IT_Bari_ce4 -clientname UCSD-v1_0.main -schedd
 Jun 18 00:58:29 CEST	20926	8412	106492	0	0	0	condor_starter -f submit-4.t2.ucsd.edu        
 Jun 18 00:58:29 CEST	21741	33556	106492	0	0	0	edmConfigHash pset.py         
 Jun 18 00:58:29 CEST	---	33556	106492	171	----	----	----
 Jun 18 00:59:29 CEST	23252	706652	977980	171	35	61	cmsRun -j /home/cms015/home_cream_468252061/CREAM468252061/glide_Qwj2CV/execute/dir_20926/crab_fjr_20.xml -p pset.py      
 Jun 18 00:59:29 CEST	---	706652	977980	175	----	----	----
 Jun 18 01:00:30 CEST	23252	731264	1006264	175	84	121	cmsRun -j /home/cms015/home_cream_468252061/CREAM468252061/glide_Qwj2CV/execute/dir_20926/crab_fjr_20.xml -p pset.py      
 Jun 18 01:01:31 CEST	23252	736728	1013944	175	135	182	cmsRun -j /home/cms015/home_cream_468252061/CREAM468252061/glide_Qwj2CV/execute/dir_20926/crab_fjr_20.xml -p pset.py      
 Jun 18 01:02:31 CEST	23252	745228	1024788	175	187	243	cmsRun -j /home/cms015/home_cream_468252061/CREAM468252061/glide_Qwj2CV/execute/dir_20926/crab_fjr_20.xml -p pset.py      
 Jun 18 01:03:32 CEST	23252	752260	1027544	175	235	304	cmsRun -j /home/cms015/home_cream_468252061/CREAM468252061/glide_Qwj2CV/execute/dir_20926/crab_fjr_20.xml -p pset.py      
 Jun 18 01:04:33 CEST	---	752260	1027544	178	----	----	----
 Jun 18 01:05:33 CEST	---	752260	1027544	179	----	----	----
********** WATCHDOG LOG ENDED
ZIPPING WATCHDOG LOG
Disk space used:
du -sh /home/cms015/home_cream_468252061/CREAM468252061/glide_Qwj2CV/execute/dir_20926
179M	/home/cms015/home_cream_468252061/CREAM468252061/glide_Qwj2CV/execute/dir_20926
Found unusual stdout, rename for OSB
`/home/cms015/home_cream_468252061/CREAM468252061/glide_Qwj2CV/execute/dir_20926/_condor_stdout' -> `CMSSW_20.stdout'
Found unusual stderr, rename for OSB
`/home/cms015/home_cream_468252061/CREAM468252061/glide_Qwj2CV/execute/dir_20926/_condor_stdout' -> `CMSSW_20.stderr'
crab_fjr_20.xml
CMSSW_20.stdout
CMSSW_20.stderr
Watchdog_20.log.gz
Total Output dimension: 69904
WARNING: output files size limit is set to: 50000000
Total Output dimension 69904 is fine.
JOB_EXIT_STATUS = 0
>>> info for dashboard:
***** Cat /home/cms015/home_cream_468252061/CREAM468252061/glide_Qwj2CV/execute/dir_20926/jobreport.txt *****
MonitorJobID=20_https://submit-4.t2.ucsd.edu//140616//222488.19
MonitorID=calabria_MuMinus5_Case1_ReReco_3rmq28
ExeTime=304
ExeExitCode=0
StageOutExitStatusReason = 'Copy succedeed with srm-lcg utils'
StageOutSE = storm-se-01.ba.infn.it
StageOutExitStatus = 0
CrabUserCpuTime=251.39
CrabSysCpuTime=3.61
CrabCpuPercentage=83%
CrabWrapperTime=600
CrabStageoutTime=49
JobExitCode=0
***** End Cat jobreport *****
Parameters sent to Dashboard.
EXITING at Wed Jun 18 01:08:27 CEST 2014  -  Tue Jun 17 23:08:27 UTC 2014
