This script was generated by crab (version 2.10.5_patch1).
Running /home/cms011/home_cream_569338212/CREAM569338212/glide_NtVZHF/execute/dir_9376/condor_exec.exe with 2 positional parameters: 15 1
Today is Wed Jun 18 00:24:54 CEST 2014 - Tue Jun 17 22:24:54 UTC 2014
Job submitted on host alicegrid58.ba.infn.it
Linux alicegrid58.ba.infn.it 2.6.32-358.23.2.el6.x86_64 #1 SMP Thu Oct 17 10:27:22 CEST 2013 x86_64 x86_64 x86_64 GNU/Linux
>>> current directory (RUNTIME_AREA): /home/cms011/home_cream_569338212/CREAM569338212/glide_NtVZHF/execute/dir_9376
>>> current user: uid=11720(cms011) gid=1399(cms) groups=1399(cms)
>>> directory permission set to 0700
>>> umask set to:  u=rwx,g=,o=
>>> stdout stderr permission set to 0704
>>> voms proxy information:
subject   : /C=IT/O=INFN/OU=Personal Certificate/L=Bari/CN=Cesare Calabria/CN=477126703/CN=1992979703
issuer    : /C=IT/O=INFN/OU=Personal Certificate/L=Bari/CN=Cesare Calabria/CN=477126703
identity  : /C=IT/O=INFN/OU=Personal Certificate/L=Bari/CN=Cesare Calabria
type      : RFC3820 compliant limited proxy
strength  : 1024
path      : /home/cms011/home_cream_569338212/CREAM569338212/glide_NtVZHF/execute/dir_9376/x509up_u50707
timeleft  : 23:59:57
key usage : Digital Signature, Key Encipherment, Data Encipherment
=== VO cms extension information ===
VO        : cms
subject   : /C=IT/O=INFN/OU=Personal Certificate/L=Bari/CN=Cesare Calabria
issuer    : /DC=ch/DC=cern/OU=computers/CN=voms.cern.ch
attribute : /cms/Role=NULL/Capability=NULL
attribute : /cms/itcms/Role=NULL/Capability=NULL
timeleft  : 154:59:25
uri       : voms.cern.ch:15002

WNHostName=alicegrid58.ba.infn.it
>>> tar --no-same-permissions -xf /home/cms011/home_cream_569338212/CREAM569338212/glide_NtVZHF/execute/dir_9376/default.tgz :
Successful untar
>>> Include /home/cms011/home_cream_569338212/CREAM569338212/glide_NtVZHF/execute/dir_9376 in PYTHONPATH:
strip arguments
env var CRAB_UNIQUE_JOB_ID set to: calabria_MuMinus50_Case1_ReReco_15jyg8_15_1_20v
out_files_15
>>> list of expected files on output sandbox
output files: crab_fjr_15.xml CMSSW_15.stdout CMSSW_15.stderr Watchdog_15.log.gz
>>> GridFlavour discovery: 
GridFlavour=LCG
>>> SyncSite discovery: 
SyncSite=T2_IT_Bari
>>> SyncCE discovery: 
getting SyncCE from CE_ID
SyncCE=cream-ce-4.ba.infn.it:8443/cream-pbs-cms
>>> info for dashboard:
***** Cat /home/cms011/home_cream_569338212/CREAM569338212/glide_NtVZHF/execute/dir_9376/jobreport.txt *****
WNHostName=alicegrid58.ba.infn.it
MonitorJobID=15_https://vocms20.cern.ch//140616//1841017.14
SyncGridJobId=https://vocms20.cern.ch//140616//1841017.14
MonitorID=calabria_MuMinus50_Case1_ReReco_15jyg8
GridFlavour=LCG
SyncSite=T2_IT_Bari
SyncCE=cream-ce-4.ba.infn.it:8443/cream-pbs-cms
***** End Cat jobreport *****
Parameters sent to Dashboard.
>>> setup environment
set SCRAM ARCH to slc5_amd64_gcc472
SCRAM_ARCH = slc5_amd64_gcc472
>>> setup CMS LCG environment:
set SCRAM ARCH and BUILD_ARCH to slc5_amd64_gcc472 ###
Sourcing environment... 
sourcing /cvmfs/cms.cern.ch/cmsset_default.sh
==> setup cms environment ok
>>> specific cmssw setup environment:
CMSSW_VERSION =  CMSSW_6_2_0_SLHC12
>>> current directory (SOFTWARE_DIR): /home/cms011/home_cream_569338212/CREAM569338212/glide_NtVZHF/execute/dir_9376/CMSSW_6_2_0_SLHC12
PreserveSeeds: <>
IncrementSeeds:<>
>>> info for dashboard:
***** Cat /home/cms011/home_cream_569338212/CREAM569338212/glide_NtVZHF/execute/dir_9376/jobreport.txt *****
MonitorJobID=15_https://vocms20.cern.ch//140616//1841017.14
MonitorID=calabria_MuMinus50_Case1_ReReco_15jyg8
***** End Cat jobreport *****
Parameters sent to Dashboard.
crabWatchdog started as process 12278
>>> moving CMSSW software directories in /home/cms011/home_cream_569338212/CREAM569338212/glide_NtVZHF/execute/dir_9376/CMSSW_6_2_0_SLHC12
mv: cannot stat `/home/cms011/home_cream_569338212/CREAM569338212/glide_NtVZHF/execute/dir_9376/module/': No such file or directory
>>> Include /home/cms011/home_cream_569338212/CREAM569338212/glide_NtVZHF/execute/dir_9376 in PYTHONPATH:
PYTHONPATH=/home/cms011/home_cream_569338212/CREAM569338212/glide_NtVZHF/execute/dir_9376/:/home/cms011/home_cream_569338212/CREAM569338212/glide_NtVZHF/execute/dir_9376/CMSSW_6_2_0_SLHC12/python:/home/cms011/home_cream_569338212/CREAM569338212/glide_NtVZHF/execute/dir_9376/CMSSW_6_2_0_SLHC12/lib/slc5_amd64_gcc472:/cvmfs/cms.cern.ch/slc5_amd64_gcc472/cms/cmssw/CMSSW_6_2_0_SLHC12/python:/cvmfs/cms.cern.ch/slc5_amd64_gcc472/cms/cmssw/CMSSW_6_2_0_SLHC12/lib/slc5_amd64_gcc472:/cvmfs/cms.cern.ch/slc5_amd64_gcc472/cms/coral/CORAL_2_3_21-cms36/slc5_amd64_gcc472/python:/cvmfs/cms.cern.ch/slc5_amd64_gcc472/cms/coral/CORAL_2_3_21-cms36/slc5_amd64_gcc472/lib:/cvmfs/cms.cern.ch/slc5_amd64_gcc472/external/pyqt/4.8.1-cms6/lib/python2.7/site-packages:/cvmfs/cms.cern.ch/slc5_amd64_gcc472/external/py2-scipy/0.8.0-cms8/lib/python2.7/site-packages:/cvmfs/cms.cern.ch/slc5_amd64_gcc472/external/py2-matplotlib/1.0.1-cms8/lib/python2.7/site-packages:/cvmfs/cms.cern.ch/slc5_amd64_gcc472/external/python-ldap/2.3.5-cms6/lib/python2.7/site-packages:/cvmfs/cms.cern.ch/slc5_amd64_gcc472/external/sip/4.11.2-cms6/lib/python2.7/site-packages:/cvmfs/cms.cern.ch/slc5_amd64_gcc472/external/py2-pycurl/7.19.0-cms8/lib/python2.7/site-packages:/cvmfs/cms.cern.ch/slc5_amd64_gcc472/external/py2-numpy/1.6.1-cms8/lib/python2.7/site-packages:/cvmfs/cms.cern.ch/slc5_amd64_gcc472/external/py2-lint/0.25.1-cms6/lib/python2.7/site-packages:/cvmfs/cms.cern.ch/slc5_amd64_gcc472/external/py2-ipython/0.10-cms6/lib/python2.7/site-packages:/cvmfs/cms.cern.ch/slc5_amd64_gcc472/external/py2-cx-oracle/5.1-cms7/lib/python2.7/site-packages:/cvmfs/cms.cern.ch/slc5_amd64_gcc472/external/py2-cjson/1.0.5-cms6/lib/python2.7/site-packages:/cvmfs/cms.cern.ch/slc5_amd64_gcc472/cms/das-client/1.11.7/bin:/cvmfs/cms.cern.ch/slc5_amd64_gcc472/external/elementtree/1.2.6-cms6/share/lib/python2.7/site-packages:/cvmfs/cms.cern.ch/slc5_amd64_gcc472/external/rivet/1.8.2-cms8/lib/python2.7/site-packages:/cvmfs/cms.cern.ch/slc5_amd64_gcc472/external/pyminuit2/0.0.1-cms19/lib/python2.7/site-packages:/cvmfs/cms.cern.ch/slc5_amd64_gcc472/external/py2-pygithub/1.23.0/lib/python2.7/site-packages:/cvmfs/cms.cern.ch/slc5_amd64_gcc472/external/professor/1.0.0-cms19/lib/python2.7/site-packages:/cvmfs/cms.cern.ch/slc5_amd64_gcc472/lcg/root/5.34.07-cms/lib:/cvmfs/cms.cern.ch/slc5_amd64_gcc472/cms/dbs-client/DBS_2_1_9-cms5/lib:/cvmfs/cms.cern.ch/slc5_amd64_gcc472/cms/dbs-client/DBS_2_1_9-cms5/lib/DBSAPI:/cvmfs/cms.cern.ch/slc5_amd64_gcc472/external/cvs2git/5419-cms/lib:/home/cms011/home_cream_569338212/CREAM569338212/glide_NtVZHF/execute/dir_9376/
 
# LIMITS USED BY CRAB WATCHDOG:
# RSS  (KBytes)   : 2300000
# VSZ  (KBytes)   : 100000000
# DISK (MBytes)   : 19000
# CPU TIME        : 720h:0m:0s
# WALL CLOCK TIME : 21h:50m:0s
 
5854dd31cbd3cdec44c48628cc181cf0
PSETHASH = 5854dd31cbd3cdec44c48628cc181cf0
/home/cms011/home_cream_569338212/CREAM569338212/glide_NtVZHF/execute/dir_9376/writeCfg.py pset.py pset.py
Importing .py file
Setting parameters
RandomNumberGeneratorService found, will attempt to change seeds
inputBlocks=/calabria_SingleMuPt50_GEN-SIM-DIGI-RECO_CMSSW_6_2_0_SLHC12_2023Scenario_Case1/calabria-calabria_SingleMuPt50_GEN-SIM-DIGI-RECO_CMSSW_6_2_0_SLHC12_2023Scenario_Case1-cd3731874e2e70f741b687550e03a01f/USER#4106e6ef-38aa-4dc6-8174-1cfad4ef32e0
inputFiles=/store/user/calabria/calabria_SingleMuPt50_GEN-SIM-DIGI-RECO_CMSSW_6_2_0_SLHC12_2023Scenario_Case1/calabria_SingleMuPt50_GEN-SIM-DIGI-RECO_CMSSW_6_2_0_SLHC12_2023Scenario_Case1/cd3731874e2e70f741b687550e03a01f/out_reco_57_2_PJ0.root;/store/user/calabria/calabria_SingleMuPt50_GEN-SIM-DIGI-RECO_CMSSW_6_2_0_SLHC12_2023Scenario_Case1/calabria_SingleMuPt50_GEN-SIM-DIGI-RECO_CMSSW_6_2_0_SLHC12_2023Scenario_Case1/cd3731874e2e70f741b687550e03a01f/out_reco_58_2_lSi.root;/store/user/calabria/calabria_SingleMuPt50_GEN-SIM-DIGI-RECO_CMSSW_6_2_0_SLHC12_2023Scenario_Case1/calabria_SingleMuPt50_GEN-SIM-DIGI-RECO_CMSSW_6_2_0_SLHC12_2023Scenario_Case1/cd3731874e2e70f741b687550e03a01f/out_reco_59_2_AIu.root;/store/user/calabria/calabria_SingleMuPt50_GEN-SIM-DIGI-RECO_CMSSW_6_2_0_SLHC12_2023Scenario_Case1/calabria_SingleMuPt50_GEN-SIM-DIGI-RECO_CMSSW_6_2_0_SLHC12_2023Scenario_Case1/cd3731874e2e70f741b687550e03a01f/out_reco_60_2_6kR.root;/store/user/calabria/calabria_SingleMuPt50_GEN-SIM-DIGI-RECO_CMSSW_6_2_0_SLHC12_2023Scenario_Case1/calabria_SingleMuPt50_GEN-SIM-DIGI-RECO_CMSSW_6_2_0_SLHC12_2023Scenario_Case1/cd3731874e2e70f741b687550e03a01f/out_reco_61_2_3bV.root;/store/user/calabria/calabria_SingleMuPt50_GEN-SIM-DIGI-RECO_CMSSW_6_2_0_SLHC12_2023Scenario_Case1/calabria_SingleMuPt50_GEN-SIM-DIGI-RECO_CMSSW_6_2_0_SLHC12_2023Scenario_Case1/cd3731874e2e70f741b687550e03a01f/out_reco_62_2_ueB.root;/store/user/calabria/calabria_SingleMuPt50_GEN-SIM-DIGI-RECO_CMSSW_6_2_0_SLHC12_2023Scenario_Case1/calabria_SingleMuPt50_GEN-SIM-DIGI-RECO_CMSSW_6_2_0_SLHC12_2023Scenario_Case1/cd3731874e2e70f741b687550e03a01f/out_reco_63_2_p2L.root;/store/user/calabria/calabria_SingleMuPt50_GEN-SIM-DIGI-RECO_CMSSW_6_2_0_SLHC12_2023Scenario_Case1/calabria_SingleMuPt50_GEN-SIM-DIGI-RECO_CMSSW_6_2_0_SLHC12_2023Scenario_Case1/cd3731874e2e70f741b687550e03a01f/out_reco_64_2_cLd.root;/store/user/calabria/calabria_SingleMuPt50_GEN-SIM-DIGI-RECO_CMSSW_6_2_0_SLHC12_2023Scenario_Case1/calabria_SingleMuPt50_GEN-SIM-DIGI-RECO_CMSSW_6_2_0_SLHC12_2023Scenario_Case1/cd3731874e2e70f741b687550e03a01f/out_reco_65_2_llw.root;/store/user/calabria/calabria_SingleMuPt50_GEN-SIM-DIGI-RECO_CMSSW_6_2_0_SLHC12_2023Scenario_Case1/calabria_SingleMuPt50_GEN-SIM-DIGI-RECO_CMSSW_6_2_0_SLHC12_2023Scenario_Case1/cd3731874e2e70f741b687550e03a01f/out_reco_66_2_nQk.root
parentFiles=
lumisRange=
>>> Executable cmsRun
/cvmfs/cms.cern.ch/slc5_amd64_gcc472/cms/cmssw/CMSSW_6_2_0_SLHC12/bin/slc5_amd64_gcc472/cmsRun
ok executable found
>>> info for dashboard:
***** Cat /home/cms011/home_cream_569338212/CREAM569338212/glide_NtVZHF/execute/dir_9376/jobreport.txt *****
MonitorJobID=15_https://vocms20.cern.ch//140616//1841017.14
MonitorID=calabria_MuMinus50_Case1_ReReco_15jyg8
ExeStart=cmsRun
***** End Cat jobreport *****
Parameters sent to Dashboard.
>>> cmsRun started at Tue Jun 17 22:25:29 UTC 2014
>>> cmsRun ended at Tue Jun 17 22:31:51 UTC 2014
>>> crab_fjr_*.xml  permission set to 0704
>>> info for dashboard:
***** Cat /home/cms011/home_cream_569338212/CREAM569338212/glide_NtVZHF/execute/dir_9376/jobreport.txt *****
MonitorJobID=15_https://vocms20.cern.ch//140616//1841017.14
MonitorID=calabria_MuMinus50_Case1_ReReco_15jyg8
ExeEnd=cmsRun
***** End Cat jobreport *****
Parameters sent to Dashboard.
TIME_EXE = 382 sec
>>> cmsRun wrote 50 lines of stdout+stderr
>>> START OF printout of 50 lines from stdout+stderr
271 DQMStore::DQMStore 
HcalTopologyIdealEP::HcalTopologyIdealEP
18-Jun-2014 00:25:44 CEST  Initiating request to open file file:/lustre/cms//store/user/calabria/calabria_SingleMuPt50_GEN-SIM-DIGI-RECO_CMSSW_6_2_0_SLHC12_2023Scenario_Case1/calabria_SingleMuPt50_GEN-SIM-DIGI-RECO_CMSSW_6_2_0_SLHC12_2023Scenario_Case1/cd3731874e2e70f741b687550e03a01f/out_reco_57_2_PJ0.root
18-Jun-2014 00:25:45 CEST  Successfully opened file file:/lustre/cms//store/user/calabria/calabria_SingleMuPt50_GEN-SIM-DIGI-RECO_CMSSW_6_2_0_SLHC12_2023Scenario_Case1/calabria_SingleMuPt50_GEN-SIM-DIGI-RECO_CMSSW_6_2_0_SLHC12_2023Scenario_Case1/cd3731874e2e70f741b687550e03a01f/out_reco_57_2_PJ0.root
18-Jun-2014 00:26:17 CEST  Closed file file:/lustre/cms//store/user/calabria/calabria_SingleMuPt50_GEN-SIM-DIGI-RECO_CMSSW_6_2_0_SLHC12_2023Scenario_Case1/calabria_SingleMuPt50_GEN-SIM-DIGI-RECO_CMSSW_6_2_0_SLHC12_2023Scenario_Case1/cd3731874e2e70f741b687550e03a01f/out_reco_57_2_PJ0.root
18-Jun-2014 00:26:18 CEST  Initiating request to open file file:/lustre/cms//store/user/calabria/calabria_SingleMuPt50_GEN-SIM-DIGI-RECO_CMSSW_6_2_0_SLHC12_2023Scenario_Case1/calabria_SingleMuPt50_GEN-SIM-DIGI-RECO_CMSSW_6_2_0_SLHC12_2023Scenario_Case1/cd3731874e2e70f741b687550e03a01f/out_reco_58_2_lSi.root
18-Jun-2014 00:26:18 CEST  Successfully opened file file:/lustre/cms//store/user/calabria/calabria_SingleMuPt50_GEN-SIM-DIGI-RECO_CMSSW_6_2_0_SLHC12_2023Scenario_Case1/calabria_SingleMuPt50_GEN-SIM-DIGI-RECO_CMSSW_6_2_0_SLHC12_2023Scenario_Case1/cd3731874e2e70f741b687550e03a01f/out_reco_58_2_lSi.root
18-Jun-2014 00:26:43 CEST  Closed file file:/lustre/cms//store/user/calabria/calabria_SingleMuPt50_GEN-SIM-DIGI-RECO_CMSSW_6_2_0_SLHC12_2023Scenario_Case1/calabria_SingleMuPt50_GEN-SIM-DIGI-RECO_CMSSW_6_2_0_SLHC12_2023Scenario_Case1/cd3731874e2e70f741b687550e03a01f/out_reco_58_2_lSi.root
18-Jun-2014 00:26:43 CEST  Initiating request to open file file:/lustre/cms//store/user/calabria/calabria_SingleMuPt50_GEN-SIM-DIGI-RECO_CMSSW_6_2_0_SLHC12_2023Scenario_Case1/calabria_SingleMuPt50_GEN-SIM-DIGI-RECO_CMSSW_6_2_0_SLHC12_2023Scenario_Case1/cd3731874e2e70f741b687550e03a01f/out_reco_59_2_AIu.root
18-Jun-2014 00:26:43 CEST  Successfully opened file file:/lustre/cms//store/user/calabria/calabria_SingleMuPt50_GEN-SIM-DIGI-RECO_CMSSW_6_2_0_SLHC12_2023Scenario_Case1/calabria_SingleMuPt50_GEN-SIM-DIGI-RECO_CMSSW_6_2_0_SLHC12_2023Scenario_Case1/cd3731874e2e70f741b687550e03a01f/out_reco_59_2_AIu.root
18-Jun-2014 00:27:10 CEST  Closed file file:/lustre/cms//store/user/calabria/calabria_SingleMuPt50_GEN-SIM-DIGI-RECO_CMSSW_6_2_0_SLHC12_2023Scenario_Case1/calabria_SingleMuPt50_GEN-SIM-DIGI-RECO_CMSSW_6_2_0_SLHC12_2023Scenario_Case1/cd3731874e2e70f741b687550e03a01f/out_reco_59_2_AIu.root
18-Jun-2014 00:27:10 CEST  Initiating request to open file file:/lustre/cms//store/user/calabria/calabria_SingleMuPt50_GEN-SIM-DIGI-RECO_CMSSW_6_2_0_SLHC12_2023Scenario_Case1/calabria_SingleMuPt50_GEN-SIM-DIGI-RECO_CMSSW_6_2_0_SLHC12_2023Scenario_Case1/cd3731874e2e70f741b687550e03a01f/out_reco_60_2_6kR.root
18-Jun-2014 00:27:10 CEST  Successfully opened file file:/lustre/cms//store/user/calabria/calabria_SingleMuPt50_GEN-SIM-DIGI-RECO_CMSSW_6_2_0_SLHC12_2023Scenario_Case1/calabria_SingleMuPt50_GEN-SIM-DIGI-RECO_CMSSW_6_2_0_SLHC12_2023Scenario_Case1/cd3731874e2e70f741b687550e03a01f/out_reco_60_2_6kR.root
18-Jun-2014 00:27:39 CEST  Closed file file:/lustre/cms//store/user/calabria/calabria_SingleMuPt50_GEN-SIM-DIGI-RECO_CMSSW_6_2_0_SLHC12_2023Scenario_Case1/calabria_SingleMuPt50_GEN-SIM-DIGI-RECO_CMSSW_6_2_0_SLHC12_2023Scenario_Case1/cd3731874e2e70f741b687550e03a01f/out_reco_60_2_6kR.root
18-Jun-2014 00:27:39 CEST  Initiating request to open file file:/lustre/cms//store/user/calabria/calabria_SingleMuPt50_GEN-SIM-DIGI-RECO_CMSSW_6_2_0_SLHC12_2023Scenario_Case1/calabria_SingleMuPt50_GEN-SIM-DIGI-RECO_CMSSW_6_2_0_SLHC12_2023Scenario_Case1/cd3731874e2e70f741b687550e03a01f/out_reco_61_2_3bV.root
18-Jun-2014 00:27:39 CEST  Successfully opened file file:/lustre/cms//store/user/calabria/calabria_SingleMuPt50_GEN-SIM-DIGI-RECO_CMSSW_6_2_0_SLHC12_2023Scenario_Case1/calabria_SingleMuPt50_GEN-SIM-DIGI-RECO_CMSSW_6_2_0_SLHC12_2023Scenario_Case1/cd3731874e2e70f741b687550e03a01f/out_reco_61_2_3bV.root
18-Jun-2014 00:28:07 CEST  Closed file file:/lustre/cms//store/user/calabria/calabria_SingleMuPt50_GEN-SIM-DIGI-RECO_CMSSW_6_2_0_SLHC12_2023Scenario_Case1/calabria_SingleMuPt50_GEN-SIM-DIGI-RECO_CMSSW_6_2_0_SLHC12_2023Scenario_Case1/cd3731874e2e70f741b687550e03a01f/out_reco_61_2_3bV.root
18-Jun-2014 00:28:07 CEST  Initiating request to open file file:/lustre/cms//store/user/calabria/calabria_SingleMuPt50_GEN-SIM-DIGI-RECO_CMSSW_6_2_0_SLHC12_2023Scenario_Case1/calabria_SingleMuPt50_GEN-SIM-DIGI-RECO_CMSSW_6_2_0_SLHC12_2023Scenario_Case1/cd3731874e2e70f741b687550e03a01f/out_reco_62_2_ueB.root
18-Jun-2014 00:28:07 CEST  Successfully opened file file:/lustre/cms//store/user/calabria/calabria_SingleMuPt50_GEN-SIM-DIGI-RECO_CMSSW_6_2_0_SLHC12_2023Scenario_Case1/calabria_SingleMuPt50_GEN-SIM-DIGI-RECO_CMSSW_6_2_0_SLHC12_2023Scenario_Case1/cd3731874e2e70f741b687550e03a01f/out_reco_62_2_ueB.root
18-Jun-2014 00:28:42 CEST  Closed file file:/lustre/cms//store/user/calabria/calabria_SingleMuPt50_GEN-SIM-DIGI-RECO_CMSSW_6_2_0_SLHC12_2023Scenario_Case1/calabria_SingleMuPt50_GEN-SIM-DIGI-RECO_CMSSW_6_2_0_SLHC12_2023Scenario_Case1/cd3731874e2e70f741b687550e03a01f/out_reco_62_2_ueB.root
18-Jun-2014 00:28:42 CEST  Initiating request to open file file:/lustre/cms//store/user/calabria/calabria_SingleMuPt50_GEN-SIM-DIGI-RECO_CMSSW_6_2_0_SLHC12_2023Scenario_Case1/calabria_SingleMuPt50_GEN-SIM-DIGI-RECO_CMSSW_6_2_0_SLHC12_2023Scenario_Case1/cd3731874e2e70f741b687550e03a01f/out_reco_63_2_p2L.root
18-Jun-2014 00:28:42 CEST  Successfully opened file file:/lustre/cms//store/user/calabria/calabria_SingleMuPt50_GEN-SIM-DIGI-RECO_CMSSW_6_2_0_SLHC12_2023Scenario_Case1/calabria_SingleMuPt50_GEN-SIM-DIGI-RECO_CMSSW_6_2_0_SLHC12_2023Scenario_Case1/cd3731874e2e70f741b687550e03a01f/out_reco_63_2_p2L.root
18-Jun-2014 00:29:09 CEST  Closed file file:/lustre/cms//store/user/calabria/calabria_SingleMuPt50_GEN-SIM-DIGI-RECO_CMSSW_6_2_0_SLHC12_2023Scenario_Case1/calabria_SingleMuPt50_GEN-SIM-DIGI-RECO_CMSSW_6_2_0_SLHC12_2023Scenario_Case1/cd3731874e2e70f741b687550e03a01f/out_reco_63_2_p2L.root
18-Jun-2014 00:29:09 CEST  Initiating request to open file file:/lustre/cms//store/user/calabria/calabria_SingleMuPt50_GEN-SIM-DIGI-RECO_CMSSW_6_2_0_SLHC12_2023Scenario_Case1/calabria_SingleMuPt50_GEN-SIM-DIGI-RECO_CMSSW_6_2_0_SLHC12_2023Scenario_Case1/cd3731874e2e70f741b687550e03a01f/out_reco_64_2_cLd.root
18-Jun-2014 00:29:10 CEST  Successfully opened file file:/lustre/cms//store/user/calabria/calabria_SingleMuPt50_GEN-SIM-DIGI-RECO_CMSSW_6_2_0_SLHC12_2023Scenario_Case1/calabria_SingleMuPt50_GEN-SIM-DIGI-RECO_CMSSW_6_2_0_SLHC12_2023Scenario_Case1/cd3731874e2e70f741b687550e03a01f/out_reco_64_2_cLd.root
18-Jun-2014 00:29:35 CEST  Closed file file:/lustre/cms//store/user/calabria/calabria_SingleMuPt50_GEN-SIM-DIGI-RECO_CMSSW_6_2_0_SLHC12_2023Scenario_Case1/calabria_SingleMuPt50_GEN-SIM-DIGI-RECO_CMSSW_6_2_0_SLHC12_2023Scenario_Case1/cd3731874e2e70f741b687550e03a01f/out_reco_64_2_cLd.root
18-Jun-2014 00:29:35 CEST  Initiating request to open file file:/lustre/cms//store/user/calabria/calabria_SingleMuPt50_GEN-SIM-DIGI-RECO_CMSSW_6_2_0_SLHC12_2023Scenario_Case1/calabria_SingleMuPt50_GEN-SIM-DIGI-RECO_CMSSW_6_2_0_SLHC12_2023Scenario_Case1/cd3731874e2e70f741b687550e03a01f/out_reco_65_2_llw.root
18-Jun-2014 00:29:35 CEST  Successfully opened file file:/lustre/cms//store/user/calabria/calabria_SingleMuPt50_GEN-SIM-DIGI-RECO_CMSSW_6_2_0_SLHC12_2023Scenario_Case1/calabria_SingleMuPt50_GEN-SIM-DIGI-RECO_CMSSW_6_2_0_SLHC12_2023Scenario_Case1/cd3731874e2e70f741b687550e03a01f/out_reco_65_2_llw.root
18-Jun-2014 00:30:00 CEST  Closed file file:/lustre/cms//store/user/calabria/calabria_SingleMuPt50_GEN-SIM-DIGI-RECO_CMSSW_6_2_0_SLHC12_2023Scenario_Case1/calabria_SingleMuPt50_GEN-SIM-DIGI-RECO_CMSSW_6_2_0_SLHC12_2023Scenario_Case1/cd3731874e2e70f741b687550e03a01f/out_reco_65_2_llw.root
18-Jun-2014 00:30:00 CEST  Initiating request to open file file:/lustre/cms//store/user/calabria/calabria_SingleMuPt50_GEN-SIM-DIGI-RECO_CMSSW_6_2_0_SLHC12_2023Scenario_Case1/calabria_SingleMuPt50_GEN-SIM-DIGI-RECO_CMSSW_6_2_0_SLHC12_2023Scenario_Case1/cd3731874e2e70f741b687550e03a01f/out_reco_66_2_nQk.root
18-Jun-2014 00:30:00 CEST  Successfully opened file file:/lustre/cms//store/user/calabria/calabria_SingleMuPt50_GEN-SIM-DIGI-RECO_CMSSW_6_2_0_SLHC12_2023Scenario_Case1/calabria_SingleMuPt50_GEN-SIM-DIGI-RECO_CMSSW_6_2_0_SLHC12_2023Scenario_Case1/cd3731874e2e70f741b687550e03a01f/out_reco_66_2_nQk.root
18-Jun-2014 00:31:50 CEST  Closed file file:/lustre/cms//store/user/calabria/calabria_SingleMuPt50_GEN-SIM-DIGI-RECO_CMSSW_6_2_0_SLHC12_2023Scenario_Case1/calabria_SingleMuPt50_GEN-SIM-DIGI-RECO_CMSSW_6_2_0_SLHC12_2023Scenario_Case1/cd3731874e2e70f741b687550e03a01f/out_reco_66_2_nQk.root

=============================================

MessageLogger Summary

 type     category        sev    module        subroutine        count    total
 ---- -------------------- -- ---------------- ----------------  -----    -----
    1 fileAction           -s file_close                            10       10
    2 fileAction           -s file_open                             20       20

 type    category    Examples: run/evt        run/evt          run/evt
 ---- -------------------- ---------------- ---------------- ----------------
    1 fileAction           PostProcessEvent PostProcessEvent PostEndRun
    2 fileAction           pre-events       pre-events       PostProcessEvent

Severity    # Occurrences   Total Occurrences
--------    -------------   -----------------
System                 30                  30
>>> END OF printout of 50 lines from stdout+stderr
>>> Parse FrameworkJobReport crab_fjr.xml
Result of parsing the FrameworkJobReport crab_fjr.xml: Popularity start
lumisRange : 1::::1;1::::2;1::::3;1::::4;1::::5;1::::6;1::::7;1::::8;1::::9;1::::10;
lumisParentRange : 
Basename : /store/user/calabria/calabria_SingleMuPt50_GEN-SIM-DIGI-RECO_CMSSW_6_2_0_SLHC12_2023Scenario_Case1/calabria_SingleMuPt50_GEN-SIM-DIGI-RECO_CMSSW_6_2_0_SLHC12_2023Scenario_Case1/cd3731874e2e70f741b687550e03a01f/out_reco_
BasenameParent : 
parentFiles : 
inputBlocks : /calabria_SingleMuPt50_GEN-SIM-DIGI-RECO_CMSSW_6_2_0_SLHC12_2023Scenario_Case1/calabria-calabria_SingleMuPt50_GEN-SIM-DIGI-RECO_CMSSW_6_2_0_SLHC12_2023Scenario_Case1-cd3731874e2e70f741b687550e03a01f/USER#4106e6ef-38aa-4dc6-8174-1cfad4ef32e0
inputFiles : 62_2_ueB.root::1::EDM::Local::1;64_2_cLd.root::1::EDM::Local::2;66_2_nQk.root::1::EDM::Local::3;57_2_PJ0.root::1::EDM::Local::4;58_2_lSi.root::1::EDM::Local::5;61_2_3bV.root::1::EDM::Local::6;65_2_llw.root::1::EDM::Local::7;63_2_p2L.root::1::EDM::Local::8;60_2_6kR.root::1::EDM::Local::9;59_2_AIu.root::1::EDM::Local::10;
Popularity stop
Extracted ExitStatus from FrameworkJobReport parsing output: 0
>>> Executable succeded  0
ExeExitCode=0
EXECUTABLE_EXIT_STATUS = 0
>>> current directory /home/cms011/home_cream_569338212/CREAM569338212/glide_NtVZHF/execute/dir_9376/CMSSW_6_2_0_SLHC12
>>>  (SOFTWARE_DIR): /home/cms011/home_cream_569338212/CREAM569338212/glide_NtVZHF/execute/dir_9376/CMSSW_6_2_0_SLHC12
>>> (WORKING_DIR): 
>>> current directory content:
total 10532
drwxr-xr-x 3 cms011 cms    4096 Jun 18 00:25 .SCRAM
-rw------- 1 cms011 cms 3739218 Jun 18 00:25 CMSSW.py.pkl
drwxr-xr-x 3 cms011 cms    4096 Jun 18 00:25 bin
drwxr-xr-x 3 cms011 cms    4096 Jun 18 00:25 cfipython
drwxr-xr-x 4 cms011 cms    4096 Jun 18 00:25 config
-rw------- 1 cms011 cms      18 Jun 18 00:31 cpu_timing.txt
drwxr-xr-x 2 cms011 cms    4096 Jun 18 00:25 doc
-rw------- 1 cms011 cms    9895 Jun 18 00:31 executable.out
drwxr-xr-x 2 cms011 cms    4096 Jun 18 00:25 include
drwx------ 3 cms011 cms    4096 Apr 28 18:12 lib
drwxr-xr-x 3 cms011 cms    4096 Jun 18 00:25 logs
drwxr-xr-x 3 cms011 cms    4096 Jun 18 00:25 objs
-rw------- 1 cms011 cms     104 Jun 18 00:25 pset.py
-rw------- 1 cms011 cms 3712302 Jun 18 00:25 pset.py.pkl
-rw------- 1 cms011 cms     289 Jun 18 00:25 pset.pyc
drwxr-xr-x 2 cms011 cms    4096 Jun 18 00:25 python
-rw------- 1 cms011 cms     398 Jun 18 00:31 report.log
drwx------ 6 cms011 cms    4096 Jun 18 00:24 src
drwxr-xr-x 3 cms011 cms    4096 Jun 18 00:25 test
drwxr-xr-x 3 cms011 cms    4096 Jun 18 00:25 tmp
-rw------- 1 cms011 cms 3233934 Jun 18 00:31 validationEDM.root
>>> current directory /home/cms011/home_cream_569338212/CREAM569338212/glide_NtVZHF/execute/dir_9376/CMSSW_6_2_0_SLHC12
>>> (SOFTWARE_DIR): /home/cms011/home_cream_569338212/CREAM569338212/glide_NtVZHF/execute/dir_9376/CMSSW_6_2_0_SLHC12
>>> (WORKING_DIR): 
>>> current directory content:
total 10532
drwxr-xr-x 3 cms011 cms    4096 Jun 18 00:25 .SCRAM
-rw------- 1 cms011 cms 3739218 Jun 18 00:25 CMSSW.py.pkl
drwxr-xr-x 3 cms011 cms    4096 Jun 18 00:25 bin
drwxr-xr-x 3 cms011 cms    4096 Jun 18 00:25 cfipython
drwxr-xr-x 4 cms011 cms    4096 Jun 18 00:25 config
-rw------- 1 cms011 cms      18 Jun 18 00:31 cpu_timing.txt
drwxr-xr-x 2 cms011 cms    4096 Jun 18 00:25 doc
-rw------- 1 cms011 cms    9895 Jun 18 00:31 executable.out
drwxr-xr-x 2 cms011 cms    4096 Jun 18 00:25 include
drwx------ 3 cms011 cms    4096 Apr 28 18:12 lib
drwxr-xr-x 3 cms011 cms    4096 Jun 18 00:25 logs
drwxr-xr-x 3 cms011 cms    4096 Jun 18 00:25 objs
-rw------- 1 cms011 cms     104 Jun 18 00:25 pset.py
-rw------- 1 cms011 cms 3712302 Jun 18 00:25 pset.py.pkl
-rw------- 1 cms011 cms     289 Jun 18 00:25 pset.pyc
drwxr-xr-x 2 cms011 cms    4096 Jun 18 00:25 python
-rw------- 1 cms011 cms     398 Jun 18 00:31 report.log
drwx------ 6 cms011 cms    4096 Jun 18 00:24 src
drwxr-xr-x 3 cms011 cms    4096 Jun 18 00:25 test
drwxr-xr-x 3 cms011 cms    4096 Jun 18 00:25 tmp
-rw------- 1 cms011 cms 3233934 Jun 18 00:31 validationEDM_15_1_20v.root
>>> current directory (RUNTIME_AREA):  /home/cms011/home_cream_569338212/CREAM569338212/glide_NtVZHF/execute/dir_9376
SE = storm-se-01.ba.infn.it
SE_PATH = /srm/managerv2?SFN=//cms/store/user/calabria/calabria_SingleMuPt50_GEN-SIM-DIGI-RECO_CMSSW_6_2_0_SLHC12_2023Scenario_Case1/calabria_MuMinus50_GEN-SIM-DIGI-RECO_CMSSW_6_2_0_SLHC12_2023Scenario_VALNOPU2_Case1/5854dd31cbd3cdec44c48628cc181cf0/
LFNBaseName = /store/user/calabria/calabria_SingleMuPt50_GEN-SIM-DIGI-RECO_CMSSW_6_2_0_SLHC12_2023Scenario_Case1/calabria_MuMinus50_GEN-SIM-DIGI-RECO_CMSSW_6_2_0_SLHC12_2023Scenario_VALNOPU2_Case1/5854dd31cbd3cdec44c48628cc181cf0/
USER = calabria
endpoint = srm://storm-se-01.ba.infn.it:8444/srm/managerv2?SFN=//cms/store/user/calabria/calabria_SingleMuPt50_GEN-SIM-DIGI-RECO_CMSSW_6_2_0_SLHC12_2023Scenario_Case1/calabria_MuMinus50_GEN-SIM-DIGI-RECO_CMSSW_6_2_0_SLHC12_2023Scenario_VALNOPU2_Case1/5854dd31cbd3cdec44c48628cc181cf0/
>>> Copy output files from WN = alicegrid58.ba.infn.it to /srm/managerv2?SFN=//cms/store/user/calabria/calabria_SingleMuPt50_GEN-SIM-DIGI-RECO_CMSSW_6_2_0_SLHC12_2023Scenario_Case1/calabria_MuMinus50_GEN-SIM-DIGI-RECO_CMSSW_6_2_0_SLHC12_2023Scenario_VALNOPU2_Case1/5854dd31cbd3cdec44c48628cc181cf0/ :
python cmscp.py  --destination srm://storm-se-01.ba.infn.it:8444/srm/managerv2?SFN=//cms/store/user/calabria/calabria_SingleMuPt50_GEN-SIM-DIGI-RECO_CMSSW_6_2_0_SLHC12_2023Scenario_Case1/calabria_MuMinus50_GEN-SIM-DIGI-RECO_CMSSW_6_2_0_SLHC12_2023Scenario_VALNOPU2_Case1/5854dd31cbd3cdec44c48628cc181cf0/ --inputFileList /home/cms011/home_cream_569338212/CREAM569338212/glide_NtVZHF/execute/dir_9376/CMSSW_6_2_0_SLHC12/validationEDM_15_1_20v.root --middleware LCG --se_name storm-se-01.ba.infn.it --for_lfn /store/user/calabria/calabria_SingleMuPt50_GEN-SIM-DIGI-RECO_CMSSW_6_2_0_SLHC12_2023Scenario_Case1/calabria_MuMinus50_GEN-SIM-DIGI-RECO_CMSSW_6_2_0_SLHC12_2023Scenario_VALNOPU2_Case1/5854dd31cbd3cdec44c48628cc181cf0/    
******************************************************
localSeName  =  storm-se-01.ba.infn.it
remoteSeName =  storm-se-01.ba.infn.it
******************************************************
{"/home/cms011/home_cream_569338212/CREAM569338212/glide_NtVZHF/execute/dir_9376/CMSSW_6_2_0_SLHC12/validationEDM_15_1_20v.root": {"endpoint": "srm://storm-se-01.ba.infn.it:8444/srm/managerv2?SFN=//cms/store/user/calabria/calabria_SingleMuPt50_GEN-SIM-DIGI-RECO_CMSSW_6_2_0_SLHC12_2023Scenario_Case1/calabria_MuMinus50_GEN-SIM-DIGI-RECO_CMSSW_6_2_0_SLHC12_2023Scenario_VALNOPU2_Case1/5854dd31cbd3cdec44c48628cc181cf0/", "surl_for_grid": "", "reason": "Copy succedeed with srm-lcg utils", "erCode": "0", "se_name": "storm-se-01.ba.infn.it", "for_lfn": "/store/user/calabria/calabria_SingleMuPt50_GEN-SIM-DIGI-RECO_CMSSW_6_2_0_SLHC12_2023Scenario_Case1/calabria_MuMinus50_GEN-SIM-DIGI-RECO_CMSSW_6_2_0_SLHC12_2023Scenario_VALNOPU2_Case1/5854dd31cbd3cdec44c48628cc181cf0/"}}/home/cms011/home_cream_569338212/CREAM569338212/glide_NtVZHF/execute/dir_9376
-------- cat /home/cms011/home_cream_569338212/CREAM569338212/glide_NtVZHF/execute/dir_9376/cmscpReport.sh 
#!/bin/bash
echo "Report for File: /home/cms011/home_cream_569338212/CREAM569338212/glide_NtVZHF/execute/dir_9376/CMSSW_6_2_0_SLHC12/validationEDM_15_1_20v.root"
echo "LFN: /store/user/calabria/calabria_SingleMuPt50_GEN-SIM-DIGI-RECO_CMSSW_6_2_0_SLHC12_2023Scenario_Case1/calabria_MuMinus50_GEN-SIM-DIGI-RECO_CMSSW_6_2_0_SLHC12_2023Scenario_VALNOPU2_Case1/5854dd31cbd3cdec44c48628cc181cf0/validationEDM_15_1_20v.root"
echo "StorageElement: storm-se-01.ba.infn.it"
echo "StageOutExitStatusReason = 'Copy succedeed with srm-lcg utils'" | tee -a $RUNTIME_AREA/$repo
echo "StageOutSE = storm-se-01.ba.infn.it" >> $RUNTIME_AREA/$repo

export StageOutExitStatus=0
echo "StageOutExitStatus = 0" | tee -a $RUNTIME_AREA/$repo
-------- end of /home/cms011/home_cream_569338212/CREAM569338212/glide_NtVZHF/execute/dir_9376/cmscpReport.sh 
Report for File: /home/cms011/home_cream_569338212/CREAM569338212/glide_NtVZHF/execute/dir_9376/CMSSW_6_2_0_SLHC12/validationEDM_15_1_20v.root
LFN: /store/user/calabria/calabria_SingleMuPt50_GEN-SIM-DIGI-RECO_CMSSW_6_2_0_SLHC12_2023Scenario_Case1/calabria_MuMinus50_GEN-SIM-DIGI-RECO_CMSSW_6_2_0_SLHC12_2023Scenario_VALNOPU2_Case1/5854dd31cbd3cdec44c48628cc181cf0/validationEDM_15_1_20v.root
StorageElement: storm-se-01.ba.infn.it
StageOutExitStatusReason = 'Copy succedeed with srm-lcg utils'
StageOutExitStatus = 0
>>> current dir: /home/cms011/home_cream_569338212/CREAM569338212/glide_NtVZHF/execute/dir_9376
>>> current dir content:
total 28076
-rw-------  1 cms011 cms     2778 Jun 18 00:32 .SEinteraction.log
-rwx------  1 cms011 cms     6738 Jun 18 00:24 .job.ad
-rwx------  1 cms011 cms     9444 Jun 18 00:24 .machine.ad
-rw-------  1 cms011 cms      105 Jun 16 20:46 CMSSW.py
-rw-------  1 cms011 cms  3739218 Jun 16 20:46 CMSSW.py.pkl
-rwx------  1 cms011 cms    29556 Jun 18 00:24 CMSSW.sh
drwxr-xr-x 15 cms011 cms     4096 Jun 18 00:31 CMSSW_6_2_0_SLHC12
-rw-------  1 cms011 cms      219 Jun 18 00:24 CacheEnv.sh
-rw-------  1 cms011 cms     7291 Apr  4 11:04 DashboardAPI.py
-rw-------  1 cms011 cms     6800 Jun 18 00:25 DashboardAPI.pyc
drwx------  2 cms011 cms     4096 Jun 18 00:31 IMProv
-rw-------  1 cms011 cms     2748 Apr  4 11:04 Logger.py
-rw-------  1 cms011 cms     3342 Jun 18 00:25 Logger.pyc
-rw-------  1 cms011 cms    24524 Apr  4 11:04 ProcInfo.py
-rw-------  1 cms011 cms    23173 Jun 18 00:25 ProcInfo.pyc
drwx------  7 cms011 cms     4096 Jun 18 00:25 ProdCommon
drwx------  3 cms011 cms     4096 Jun 18 00:24 WMCore
-rw-------  1 cms011 cms     2529 Jun 18 00:32 Watchdog_15.log
-rwx------  1 cms011 cms        0 Jun 18 00:24 _condor_stderr
-rwx---r--  1 cms011 cms    29341 Jun 18 00:32 _condor_stdout
-rw-------  1 cms011 cms    32895 Apr  4 11:04 apmon.py
-rw-------  1 cms011 cms    28596 Jun 18 00:25 apmon.pyc
-rwx------  1 cms011 cms    53725 Jun 18 00:24 arguments.xml
-rwx------  1 cms011 cms    38515 Apr  4 11:04 cmscp.py
-rw-------  1 cms011 cms      717 Jun 18 00:32 cmscpReport.sh
-rwx------  1 cms011 cms    29556 Jun 18 00:24 condor_exec.exe
-rw-------  1 cms011 cms      958 Jun 16 20:46 crab.cfg
-rwx------  1 cms011 cms     8610 Apr  4 11:04 crabWatchdog.sh
-rwx---r--  1 cms011 cms   523194 Jun 18 00:31 crab_fjr_15.xml
-rwx------  1 cms011 cms 23958869 Jun 18 00:24 default.tgz
-rwx------  1 cms011 cms     4488 Apr  4 11:04 fillCrabFjr.py
-rw-------  1 cms011 cms     2619 Jun 18 00:25 inputsReport.txt
-rw-------  1 cms011 cms      257 Jun 18 00:32 jobreport.txt
-rw-------  1 cms011 cms    17352 Apr  4 11:04 parseCrabFjr.py
-rw-------  1 cms011 cms      324 Jun 18 00:24 report.log
-rwx--x--x  1 cms011 cms     1497 Apr  4 11:04 report.py
-rw-------  1 cms011 cms      771 Jun 18 00:32 resultCopyFile
lrwxrwxrwx  1 cms011 cms      125 Jun 18 00:31 validationEDM.root -> /home/cms011/home_cream_569338212/CREAM569338212/glide_NtVZHF/execute/dir_9376/CMSSW_6_2_0_SLHC12/validationEDM_15_1_20v.root
-rwx------  1 cms011 cms     8387 Apr  4 11:04 writeCfg.py
-rw-------  1 cms011 cms     8010 Jun 18 00:24 x509up_u50707
>>> Modify Job Report:
CMSSW_VERSION = CMSSW_6_2_0_SLHC12
ProcessedDataset = calabria_MuMinus50_GEN-SIM-DIGI-RECO_CMSSW_6_2_0_SLHC12_2023Scenario_VALNOPU2_Case1
/home/cms011/home_cream_569338212/CREAM569338212/glide_NtVZHF/execute/dir_9376/ProdCommon/FwkJobRep/ModifyJobReport.py fjr /home/cms011/home_cream_569338212/CREAM569338212/glide_NtVZHF/execute/dir_9376/crab_fjr_15.xml json /home/cms011/home_cream_569338212/CREAM569338212/glide_NtVZHF/execute/dir_9376/resultCopyFile n_job 15_1_20v PrimaryDataset calabria_SingleMuPt50_GEN-SIM-DIGI-RECO_CMSSW_6_2_0_SLHC12_2023Scenario_Case1  ApplicationFamily cmsRun ApplicationName cmsRun cmssw_version CMSSW_6_2_0_SLHC12 psethash 5854dd31cbd3cdec44c48628cc181cf0 UserProcessedDataset calabria-calabria_MuMinus50_GEN-SIM-DIGI-RECO_CMSSW_6_2_0_SLHC12_2023Scenario_VALNOPU2_Case1-5854dd31cbd3cdec44c48628cc181cf0
inputDict =  {u'/home/cms011/home_cream_569338212/CREAM569338212/glide_NtVZHF/execute/dir_9376/CMSSW_6_2_0_SLHC12/validationEDM_15_1_20v.root': {u'endpoint': u'srm://storm-se-01.ba.infn.it:8444/srm/managerv2?SFN=//cms/store/user/calabria/calabria_SingleMuPt50_GEN-SIM-DIGI-RECO_CMSSW_6_2_0_SLHC12_2023Scenario_Case1/calabria_MuMinus50_GEN-SIM-DIGI-RECO_CMSSW_6_2_0_SLHC12_2023Scenario_VALNOPU2_Case1/5854dd31cbd3cdec44c48628cc181cf0/', u'surl_for_grid': u'', u'reason': u'Copy succedeed with srm-lcg utils', u'erCode': u'0', u'se_name': u'storm-se-01.ba.infn.it', u'for_lfn': u'/store/user/calabria/calabria_SingleMuPt50_GEN-SIM-DIGI-RECO_CMSSW_6_2_0_SLHC12_2023Scenario_Case1/calabria_MuMinus50_GEN-SIM-DIGI-RECO_CMSSW_6_2_0_SLHC12_2023Scenario_VALNOPU2_Case1/5854dd31cbd3cdec44c48628cc181cf0/'}}
UserProcessedDataset =  calabria-calabria_MuMinus50_GEN-SIM-DIGI-RECO_CMSSW_6_2_0_SLHC12_2023Scenario_VALNOPU2_Case1-5854dd31cbd3cdec44c48628cc181cf0
file_name in inputDict =  /home/cms011/home_cream_569338212/CREAM569338212/glide_NtVZHF/execute/dir_9376/CMSSW_6_2_0_SLHC12/validationEDM_15_1_20v.root
(size) os.stat(filename)[6] =  3233934
checksum =  4257985919
    file =  validationEDM_15_1_20v.root
    newPfn =  srm://storm-se-01.ba.infn.it:8444/srm/managerv2?SFN=//cms/store/user/calabria/calabria_SingleMuPt50_GEN-SIM-DIGI-RECO_CMSSW_6_2_0_SLHC12_2023Scenario_Case1/calabria_MuMinus50_GEN-SIM-DIGI-RECO_CMSSW_6_2_0_SLHC12_2023Scenario_VALNOPU2_Case1/5854dd31cbd3cdec44c48628cc181cf0/validationEDM_15_1_20v.root
    newLfn =  /store/user/calabria/calabria_SingleMuPt50_GEN-SIM-DIGI-RECO_CMSSW_6_2_0_SLHC12_2023Scenario_Case1/calabria_MuMinus50_GEN-SIM-DIGI-RECO_CMSSW_6_2_0_SLHC12_2023Scenario_VALNOPU2_Case1/5854dd31cbd3cdec44c48628cc181cf0/validationEDM_15_1_20v.root
>>> crab_fjr_*.xml  permission set to 0704
CrabWrapper EXIT_FUNC entered at Wed Jun 18 00:32:46 CEST 2014   -  Tue Jun 17 22:32:46 UTC 2014
Checking output files:  
will tar file crab_fjr_15.xml in  out_files_15
WARNING: output file CMSSW_15.stdout not found!
WARNING: output file CMSSW_15.stderr not found!
WARNING: output file Watchdog_15.log.gz not found!
>>> padding time: Sleeping the wrapper for 128 seconds
STOPPING WATCHDOG. CrabWatchdog PID is 12278
********** LAST 50 LINES OF WATCHDOG LOG
# RESOURCE USAGE SUMMARY FOR PROCESS ID 10719
USER       PID %CPU %MEM    VSZ   RSS TTY      STAT START   TIME COMMAND
cms011   10719  0.0  0.0   9496  1592 ?        S    00:24   0:00 /bin/sh /home/cms011/home_cream_569338212/CREAM569338212/glide_NtVZHF/execute/dir_9376/condor_exec.exe 15 1
 
# LIMITS USED BY CRAB WATCHDOG:
# RSS  (KBytes)   : 2300000
# VSZ  (KBytes)   : 100000000
# DISK (MBytes)   : 19000
# CPU TIME        : 720h:0m:0s
# WALL CLOCK TIME : 21h:50m:0s
 
# FOLLOWING PRINTOUT TRACKS MAXIMUM VALUES OF RESOURCES USE
# ONE LINE IS PRINTED EACH TIME A MAXIMUM CHANGES
# IF CHANGE WAS IN RSS OR VSZ ALSO PROCID AND COMMAND ARE PRINTED
# THERE IS NO PRINTOUT FOR CPU/WALL TIME INCREASE
 
# TIME			PID	RSS(KB)	VSZ(KB)	Dsk(MB)	tCPU(s)	tWALL(s)	COMMAND
 Jun 18 00:25:15 CEST	9376	8428	93612	0	0	0	condor_starter -f vocms20.cern.ch        
 Jun 18 00:25:15 CEST	12311	27312	93612	0	0	0	edmConfigHash pset.py         
 Jun 18 00:25:15 CEST	24496	27312	106092	0	0	1	sh -c "./glidein_startup.sh" -v std -name v3_0 -entry CMS_T2_IT_Bari_ce4 -clientname UCSD-v1_0.main
 Jun 18 00:25:15 CEST	24502	27312	106492	0	0	1	/bin/bash ./glidein_startup.sh -v std -name v3_0 -entry CMS_T2_IT_Bari_ce4 -clientname UCSD-v1_0.main -schedd
 Jun 18 00:25:15 CEST	---	27312	106492	171	----	----	----
 Jun 18 00:26:16 CEST	13865	723996	981120	171	38	61	cmsRun -j /home/cms011/home_cream_569338212/CREAM569338212/glide_NtVZHF/execute/dir_9376/crab_fjr_15.xml -p pset.py      
 Jun 18 00:26:16 CEST	---	723996	981120	175	----	----	----
 Jun 18 00:27:17 CEST	13865	751580	1011828	175	83	122	cmsRun -j /home/cms011/home_cream_569338212/CREAM569338212/glide_NtVZHF/execute/dir_9376/crab_fjr_15.xml -p pset.py      
 Jun 18 00:28:18 CEST	13865	759304	1020092	175	131	183	cmsRun -j /home/cms011/home_cream_569338212/CREAM569338212/glide_NtVZHF/execute/dir_9376/crab_fjr_15.xml -p pset.py      
 Jun 18 00:29:19 CEST	13865	759304	1020200	175	181	244	cmsRun -j /home/cms011/home_cream_569338212/CREAM569338212/glide_NtVZHF/execute/dir_9376/crab_fjr_15.xml -p pset.py      
 Jun 18 00:30:19 CEST	13865	763116	1031208	175	231	305	cmsRun -j /home/cms011/home_cream_569338212/CREAM569338212/glide_NtVZHF/execute/dir_9376/crab_fjr_15.xml -p pset.py      
 Jun 18 00:31:20 CEST	13865	1303136	1706280	175	292	367	cmsRun -j /home/cms011/home_cream_569338212/CREAM569338212/glide_NtVZHF/execute/dir_9376/crab_fjr_15.xml -p pset.py      
 Jun 18 00:31:20 CEST	---	1303136	1706280	176	----	----	----
 Jun 18 00:32:24 CEST	---	1303136	1706280	179	----	----	----
********** WATCHDOG LOG ENDED
ZIPPING WATCHDOG LOG
Disk space used:
du -sh /home/cms011/home_cream_569338212/CREAM569338212/glide_NtVZHF/execute/dir_9376
179M	/home/cms011/home_cream_569338212/CREAM569338212/glide_NtVZHF/execute/dir_9376
Found unusual stdout, rename for OSB
`/home/cms011/home_cream_569338212/CREAM569338212/glide_NtVZHF/execute/dir_9376/_condor_stdout' -> `CMSSW_15.stdout'
Found unusual stderr, rename for OSB
`/home/cms011/home_cream_569338212/CREAM569338212/glide_NtVZHF/execute/dir_9376/_condor_stdout' -> `CMSSW_15.stderr'
crab_fjr_15.xml
CMSSW_15.stdout
CMSSW_15.stderr
Watchdog_15.log.gz
Total Output dimension: 69973
WARNING: output files size limit is set to: 50000000
Total Output dimension 69973 is fine.
JOB_EXIT_STATUS = 0
>>> info for dashboard:
***** Cat /home/cms011/home_cream_569338212/CREAM569338212/glide_NtVZHF/execute/dir_9376/jobreport.txt *****
MonitorJobID=15_https://vocms20.cern.ch//140616//1841017.14
MonitorID=calabria_MuMinus50_Case1_ReReco_15jyg8
ExeTime=382
ExeExitCode=0
StageOutExitStatusReason = 'Copy succedeed with srm-lcg utils'
StageOutSE = storm-se-01.ba.infn.it
StageOutExitStatus = 0
CrabUserCpuTime=218.26
CrabSysCpuTime=102.80
CrabCpuPercentage=83%
CrabWrapperTime=600
CrabStageoutTime=48
JobExitCode=0
***** End Cat jobreport *****
Parameters sent to Dashboard.
EXITING at Wed Jun 18 00:35:01 CEST 2014  -  Tue Jun 17 22:35:01 UTC 2014
