This script was generated by crab (version 2.10.5_patch1).
Running /home/cms049/home_cream_056918585/CREAM056918585/glide_JCJU1c/execute/dir_20292/condor_exec.exe with 2 positional parameters: 14 1
Today is Wed Jun 18 00:24:53 CEST 2014 - Tue Jun 17 22:24:53 UTC 2014
Job submitted on host alicegrid61.ba.infn.it
Linux alicegrid61.ba.infn.it 2.6.32-358.23.2.el6.x86_64 #1 SMP Thu Oct 17 10:27:22 CEST 2013 x86_64 x86_64 x86_64 GNU/Linux
>>> current directory (RUNTIME_AREA): /home/cms049/home_cream_056918585/CREAM056918585/glide_JCJU1c/execute/dir_20292
>>> current user: uid=18671(cms049) gid=1399(cms) groups=1399(cms)
>>> directory permission set to 0700
>>> umask set to:  u=rwx,g=,o=
>>> stdout stderr permission set to 0704
>>> voms proxy information:
subject   : /C=IT/O=INFN/OU=Personal Certificate/L=Bari/CN=Cesare Calabria/CN=477126703/CN=826335666
issuer    : /C=IT/O=INFN/OU=Personal Certificate/L=Bari/CN=Cesare Calabria/CN=477126703
identity  : /C=IT/O=INFN/OU=Personal Certificate/L=Bari/CN=Cesare Calabria
type      : RFC3820 compliant limited proxy
strength  : 1024
path      : /home/cms049/home_cream_056918585/CREAM056918585/glide_JCJU1c/execute/dir_20292/x509up_u50707
timeleft  : 23:59:57
key usage : Digital Signature, Key Encipherment, Data Encipherment
=== VO cms extension information ===
VO        : cms
subject   : /C=IT/O=INFN/OU=Personal Certificate/L=Bari/CN=Cesare Calabria
issuer    : /DC=ch/DC=cern/OU=computers/CN=voms.cern.ch
attribute : /cms/Role=NULL/Capability=NULL
attribute : /cms/itcms/Role=NULL/Capability=NULL
timeleft  : 154:59:26
uri       : voms.cern.ch:15002

WNHostName=alicegrid61.ba.infn.it
>>> tar --no-same-permissions -xf /home/cms049/home_cream_056918585/CREAM056918585/glide_JCJU1c/execute/dir_20292/default.tgz :
Successful untar
>>> Include /home/cms049/home_cream_056918585/CREAM056918585/glide_JCJU1c/execute/dir_20292 in PYTHONPATH:
strip arguments
env var CRAB_UNIQUE_JOB_ID set to: calabria_MuMinus50_Case1_ReReco_15jyg8_14_1_mst
out_files_14
>>> list of expected files on output sandbox
output files: crab_fjr_14.xml CMSSW_14.stdout CMSSW_14.stderr Watchdog_14.log.gz
>>> GridFlavour discovery: 
GridFlavour=LCG
>>> SyncSite discovery: 
SyncSite=T2_IT_Bari
>>> SyncCE discovery: 
getting SyncCE from CE_ID
SyncCE=cream-ce-2.ba.infn.it:8443/cream-pbs-cms
>>> info for dashboard:
***** Cat /home/cms049/home_cream_056918585/CREAM056918585/glide_JCJU1c/execute/dir_20292/jobreport.txt *****
WNHostName=alicegrid61.ba.infn.it
MonitorJobID=14_https://vocms20.cern.ch//140616//1841017.13
SyncGridJobId=https://vocms20.cern.ch//140616//1841017.13
MonitorID=calabria_MuMinus50_Case1_ReReco_15jyg8
GridFlavour=LCG
SyncSite=T2_IT_Bari
SyncCE=cream-ce-2.ba.infn.it:8443/cream-pbs-cms
***** End Cat jobreport *****
Parameters sent to Dashboard.
>>> setup environment
set SCRAM ARCH to slc5_amd64_gcc472
SCRAM_ARCH = slc5_amd64_gcc472
>>> setup CMS LCG environment:
set SCRAM ARCH and BUILD_ARCH to slc5_amd64_gcc472 ###
Sourcing environment... 
sourcing /cvmfs/cms.cern.ch/cmsset_default.sh
==> setup cms environment ok
>>> specific cmssw setup environment:
CMSSW_VERSION =  CMSSW_6_2_0_SLHC12
>>> current directory (SOFTWARE_DIR): /home/cms049/home_cream_056918585/CREAM056918585/glide_JCJU1c/execute/dir_20292/CMSSW_6_2_0_SLHC12
PreserveSeeds: <>
IncrementSeeds:<>
>>> info for dashboard:
***** Cat /home/cms049/home_cream_056918585/CREAM056918585/glide_JCJU1c/execute/dir_20292/jobreport.txt *****
MonitorJobID=14_https://vocms20.cern.ch//140616//1841017.13
MonitorID=calabria_MuMinus50_Case1_ReReco_15jyg8
***** End Cat jobreport *****
Parameters sent to Dashboard.
crabWatchdog started as process 22632
>>> moving CMSSW software directories in /home/cms049/home_cream_056918585/CREAM056918585/glide_JCJU1c/execute/dir_20292/CMSSW_6_2_0_SLHC12
mv: cannot stat `/home/cms049/home_cream_056918585/CREAM056918585/glide_JCJU1c/execute/dir_20292/module/': No such file or directory
>>> Include /home/cms049/home_cream_056918585/CREAM056918585/glide_JCJU1c/execute/dir_20292 in PYTHONPATH:
PYTHONPATH=/home/cms049/home_cream_056918585/CREAM056918585/glide_JCJU1c/execute/dir_20292/:/home/cms049/home_cream_056918585/CREAM056918585/glide_JCJU1c/execute/dir_20292/CMSSW_6_2_0_SLHC12/python:/home/cms049/home_cream_056918585/CREAM056918585/glide_JCJU1c/execute/dir_20292/CMSSW_6_2_0_SLHC12/lib/slc5_amd64_gcc472:/cvmfs/cms.cern.ch/slc5_amd64_gcc472/cms/cmssw/CMSSW_6_2_0_SLHC12/python:/cvmfs/cms.cern.ch/slc5_amd64_gcc472/cms/cmssw/CMSSW_6_2_0_SLHC12/lib/slc5_amd64_gcc472:/cvmfs/cms.cern.ch/slc5_amd64_gcc472/cms/coral/CORAL_2_3_21-cms36/slc5_amd64_gcc472/python:/cvmfs/cms.cern.ch/slc5_amd64_gcc472/cms/coral/CORAL_2_3_21-cms36/slc5_amd64_gcc472/lib:/cvmfs/cms.cern.ch/slc5_amd64_gcc472/external/pyqt/4.8.1-cms6/lib/python2.7/site-packages:/cvmfs/cms.cern.ch/slc5_amd64_gcc472/external/py2-scipy/0.8.0-cms8/lib/python2.7/site-packages:/cvmfs/cms.cern.ch/slc5_amd64_gcc472/external/py2-matplotlib/1.0.1-cms8/lib/python2.7/site-packages:/cvmfs/cms.cern.ch/slc5_amd64_gcc472/external/python-ldap/2.3.5-cms6/lib/python2.7/site-packages:/cvmfs/cms.cern.ch/slc5_amd64_gcc472/external/sip/4.11.2-cms6/lib/python2.7/site-packages:/cvmfs/cms.cern.ch/slc5_amd64_gcc472/external/py2-pycurl/7.19.0-cms8/lib/python2.7/site-packages:/cvmfs/cms.cern.ch/slc5_amd64_gcc472/external/py2-numpy/1.6.1-cms8/lib/python2.7/site-packages:/cvmfs/cms.cern.ch/slc5_amd64_gcc472/external/py2-lint/0.25.1-cms6/lib/python2.7/site-packages:/cvmfs/cms.cern.ch/slc5_amd64_gcc472/external/py2-ipython/0.10-cms6/lib/python2.7/site-packages:/cvmfs/cms.cern.ch/slc5_amd64_gcc472/external/py2-cx-oracle/5.1-cms7/lib/python2.7/site-packages:/cvmfs/cms.cern.ch/slc5_amd64_gcc472/external/py2-cjson/1.0.5-cms6/lib/python2.7/site-packages:/cvmfs/cms.cern.ch/slc5_amd64_gcc472/cms/das-client/1.11.7/bin:/cvmfs/cms.cern.ch/slc5_amd64_gcc472/external/elementtree/1.2.6-cms6/share/lib/python2.7/site-packages:/cvmfs/cms.cern.ch/slc5_amd64_gcc472/external/rivet/1.8.2-cms8/lib/python2.7/site-packages:/cvmfs/cms.cern.ch/slc5_amd64_gcc472/external/pyminuit2/0.0.1-cms19/lib/python2.7/site-packages:/cvmfs/cms.cern.ch/slc5_amd64_gcc472/external/py2-pygithub/1.23.0/lib/python2.7/site-packages:/cvmfs/cms.cern.ch/slc5_amd64_gcc472/external/professor/1.0.0-cms19/lib/python2.7/site-packages:/cvmfs/cms.cern.ch/slc5_amd64_gcc472/lcg/root/5.34.07-cms/lib:/cvmfs/cms.cern.ch/slc5_amd64_gcc472/cms/dbs-client/DBS_2_1_9-cms5/lib:/cvmfs/cms.cern.ch/slc5_amd64_gcc472/cms/dbs-client/DBS_2_1_9-cms5/lib/DBSAPI:/cvmfs/cms.cern.ch/slc5_amd64_gcc472/external/cvs2git/5419-cms/lib:/home/cms049/home_cream_056918585/CREAM056918585/glide_JCJU1c/execute/dir_20292/
 
# LIMITS USED BY CRAB WATCHDOG:
# RSS  (KBytes)   : 2300000
# VSZ  (KBytes)   : 100000000
# DISK (MBytes)   : 19000
# CPU TIME        : 720h:0m:0s
# WALL CLOCK TIME : 21h:50m:0s
 
5854dd31cbd3cdec44c48628cc181cf0
PSETHASH = 5854dd31cbd3cdec44c48628cc181cf0
/home/cms049/home_cream_056918585/CREAM056918585/glide_JCJU1c/execute/dir_20292/writeCfg.py pset.py pset.py
Importing .py file
Setting parameters
RandomNumberGeneratorService found, will attempt to change seeds
inputBlocks=/calabria_SingleMuPt50_GEN-SIM-DIGI-RECO_CMSSW_6_2_0_SLHC12_2023Scenario_Case1/calabria-calabria_SingleMuPt50_GEN-SIM-DIGI-RECO_CMSSW_6_2_0_SLHC12_2023Scenario_Case1-cd3731874e2e70f741b687550e03a01f/USER#4106e6ef-38aa-4dc6-8174-1cfad4ef32e0
inputFiles=/store/user/calabria/calabria_SingleMuPt50_GEN-SIM-DIGI-RECO_CMSSW_6_2_0_SLHC12_2023Scenario_Case1/calabria_SingleMuPt50_GEN-SIM-DIGI-RECO_CMSSW_6_2_0_SLHC12_2023Scenario_Case1/cd3731874e2e70f741b687550e03a01f/out_reco_44_2_wS9.root;/store/user/calabria/calabria_SingleMuPt50_GEN-SIM-DIGI-RECO_CMSSW_6_2_0_SLHC12_2023Scenario_Case1/calabria_SingleMuPt50_GEN-SIM-DIGI-RECO_CMSSW_6_2_0_SLHC12_2023Scenario_Case1/cd3731874e2e70f741b687550e03a01f/out_reco_46_2_Roc.root;/store/user/calabria/calabria_SingleMuPt50_GEN-SIM-DIGI-RECO_CMSSW_6_2_0_SLHC12_2023Scenario_Case1/calabria_SingleMuPt50_GEN-SIM-DIGI-RECO_CMSSW_6_2_0_SLHC12_2023Scenario_Case1/cd3731874e2e70f741b687550e03a01f/out_reco_47_2_VlR.root;/store/user/calabria/calabria_SingleMuPt50_GEN-SIM-DIGI-RECO_CMSSW_6_2_0_SLHC12_2023Scenario_Case1/calabria_SingleMuPt50_GEN-SIM-DIGI-RECO_CMSSW_6_2_0_SLHC12_2023Scenario_Case1/cd3731874e2e70f741b687550e03a01f/out_reco_48_2_jqf.root;/store/user/calabria/calabria_SingleMuPt50_GEN-SIM-DIGI-RECO_CMSSW_6_2_0_SLHC12_2023Scenario_Case1/calabria_SingleMuPt50_GEN-SIM-DIGI-RECO_CMSSW_6_2_0_SLHC12_2023Scenario_Case1/cd3731874e2e70f741b687550e03a01f/out_reco_49_2_2EA.root;/store/user/calabria/calabria_SingleMuPt50_GEN-SIM-DIGI-RECO_CMSSW_6_2_0_SLHC12_2023Scenario_Case1/calabria_SingleMuPt50_GEN-SIM-DIGI-RECO_CMSSW_6_2_0_SLHC12_2023Scenario_Case1/cd3731874e2e70f741b687550e03a01f/out_reco_51_2_sGu.root;/store/user/calabria/calabria_SingleMuPt50_GEN-SIM-DIGI-RECO_CMSSW_6_2_0_SLHC12_2023Scenario_Case1/calabria_SingleMuPt50_GEN-SIM-DIGI-RECO_CMSSW_6_2_0_SLHC12_2023Scenario_Case1/cd3731874e2e70f741b687550e03a01f/out_reco_52_1_VsJ.root;/store/user/calabria/calabria_SingleMuPt50_GEN-SIM-DIGI-RECO_CMSSW_6_2_0_SLHC12_2023Scenario_Case1/calabria_SingleMuPt50_GEN-SIM-DIGI-RECO_CMSSW_6_2_0_SLHC12_2023Scenario_Case1/cd3731874e2e70f741b687550e03a01f/out_reco_53_2_nWY.root;/store/user/calabria/calabria_SingleMuPt50_GEN-SIM-DIGI-RECO_CMSSW_6_2_0_SLHC12_2023Scenario_Case1/calabria_SingleMuPt50_GEN-SIM-DIGI-RECO_CMSSW_6_2_0_SLHC12_2023Scenario_Case1/cd3731874e2e70f741b687550e03a01f/out_reco_54_2_HSw.root;/store/user/calabria/calabria_SingleMuPt50_GEN-SIM-DIGI-RECO_CMSSW_6_2_0_SLHC12_2023Scenario_Case1/calabria_SingleMuPt50_GEN-SIM-DIGI-RECO_CMSSW_6_2_0_SLHC12_2023Scenario_Case1/cd3731874e2e70f741b687550e03a01f/out_reco_55_2_iKC.root
parentFiles=
lumisRange=
>>> Executable cmsRun
/cvmfs/cms.cern.ch/slc5_amd64_gcc472/cms/cmssw/CMSSW_6_2_0_SLHC12/bin/slc5_amd64_gcc472/cmsRun
ok executable found
>>> info for dashboard:
***** Cat /home/cms049/home_cream_056918585/CREAM056918585/glide_JCJU1c/execute/dir_20292/jobreport.txt *****
MonitorJobID=14_https://vocms20.cern.ch//140616//1841017.13
MonitorID=calabria_MuMinus50_Case1_ReReco_15jyg8
ExeStart=cmsRun
***** End Cat jobreport *****
Parameters sent to Dashboard.
>>> cmsRun started at Tue Jun 17 22:25:19 UTC 2014
>>> cmsRun ended at Tue Jun 17 22:31:12 UTC 2014
>>> crab_fjr_*.xml  permission set to 0704
>>> info for dashboard:
***** Cat /home/cms049/home_cream_056918585/CREAM056918585/glide_JCJU1c/execute/dir_20292/jobreport.txt *****
MonitorJobID=14_https://vocms20.cern.ch//140616//1841017.13
MonitorID=calabria_MuMinus50_Case1_ReReco_15jyg8
ExeEnd=cmsRun
***** End Cat jobreport *****
Parameters sent to Dashboard.
TIME_EXE = 353 sec
>>> cmsRun wrote 50 lines of stdout+stderr
>>> START OF printout of 50 lines from stdout+stderr
271 DQMStore::DQMStore 
HcalTopologyIdealEP::HcalTopologyIdealEP
18-Jun-2014 00:25:37 CEST  Initiating request to open file file:/lustre/cms//store/user/calabria/calabria_SingleMuPt50_GEN-SIM-DIGI-RECO_CMSSW_6_2_0_SLHC12_2023Scenario_Case1/calabria_SingleMuPt50_GEN-SIM-DIGI-RECO_CMSSW_6_2_0_SLHC12_2023Scenario_Case1/cd3731874e2e70f741b687550e03a01f/out_reco_44_2_wS9.root
18-Jun-2014 00:25:40 CEST  Successfully opened file file:/lustre/cms//store/user/calabria/calabria_SingleMuPt50_GEN-SIM-DIGI-RECO_CMSSW_6_2_0_SLHC12_2023Scenario_Case1/calabria_SingleMuPt50_GEN-SIM-DIGI-RECO_CMSSW_6_2_0_SLHC12_2023Scenario_Case1/cd3731874e2e70f741b687550e03a01f/out_reco_44_2_wS9.root
18-Jun-2014 00:26:15 CEST  Closed file file:/lustre/cms//store/user/calabria/calabria_SingleMuPt50_GEN-SIM-DIGI-RECO_CMSSW_6_2_0_SLHC12_2023Scenario_Case1/calabria_SingleMuPt50_GEN-SIM-DIGI-RECO_CMSSW_6_2_0_SLHC12_2023Scenario_Case1/cd3731874e2e70f741b687550e03a01f/out_reco_44_2_wS9.root
18-Jun-2014 00:26:15 CEST  Initiating request to open file file:/lustre/cms//store/user/calabria/calabria_SingleMuPt50_GEN-SIM-DIGI-RECO_CMSSW_6_2_0_SLHC12_2023Scenario_Case1/calabria_SingleMuPt50_GEN-SIM-DIGI-RECO_CMSSW_6_2_0_SLHC12_2023Scenario_Case1/cd3731874e2e70f741b687550e03a01f/out_reco_46_2_Roc.root
18-Jun-2014 00:26:15 CEST  Successfully opened file file:/lustre/cms//store/user/calabria/calabria_SingleMuPt50_GEN-SIM-DIGI-RECO_CMSSW_6_2_0_SLHC12_2023Scenario_Case1/calabria_SingleMuPt50_GEN-SIM-DIGI-RECO_CMSSW_6_2_0_SLHC12_2023Scenario_Case1/cd3731874e2e70f741b687550e03a01f/out_reco_46_2_Roc.root
18-Jun-2014 00:26:51 CEST  Closed file file:/lustre/cms//store/user/calabria/calabria_SingleMuPt50_GEN-SIM-DIGI-RECO_CMSSW_6_2_0_SLHC12_2023Scenario_Case1/calabria_SingleMuPt50_GEN-SIM-DIGI-RECO_CMSSW_6_2_0_SLHC12_2023Scenario_Case1/cd3731874e2e70f741b687550e03a01f/out_reco_46_2_Roc.root
18-Jun-2014 00:26:51 CEST  Initiating request to open file file:/lustre/cms//store/user/calabria/calabria_SingleMuPt50_GEN-SIM-DIGI-RECO_CMSSW_6_2_0_SLHC12_2023Scenario_Case1/calabria_SingleMuPt50_GEN-SIM-DIGI-RECO_CMSSW_6_2_0_SLHC12_2023Scenario_Case1/cd3731874e2e70f741b687550e03a01f/out_reco_47_2_VlR.root
18-Jun-2014 00:26:51 CEST  Successfully opened file file:/lustre/cms//store/user/calabria/calabria_SingleMuPt50_GEN-SIM-DIGI-RECO_CMSSW_6_2_0_SLHC12_2023Scenario_Case1/calabria_SingleMuPt50_GEN-SIM-DIGI-RECO_CMSSW_6_2_0_SLHC12_2023Scenario_Case1/cd3731874e2e70f741b687550e03a01f/out_reco_47_2_VlR.root
18-Jun-2014 00:27:22 CEST  Closed file file:/lustre/cms//store/user/calabria/calabria_SingleMuPt50_GEN-SIM-DIGI-RECO_CMSSW_6_2_0_SLHC12_2023Scenario_Case1/calabria_SingleMuPt50_GEN-SIM-DIGI-RECO_CMSSW_6_2_0_SLHC12_2023Scenario_Case1/cd3731874e2e70f741b687550e03a01f/out_reco_47_2_VlR.root
18-Jun-2014 00:27:22 CEST  Initiating request to open file file:/lustre/cms//store/user/calabria/calabria_SingleMuPt50_GEN-SIM-DIGI-RECO_CMSSW_6_2_0_SLHC12_2023Scenario_Case1/calabria_SingleMuPt50_GEN-SIM-DIGI-RECO_CMSSW_6_2_0_SLHC12_2023Scenario_Case1/cd3731874e2e70f741b687550e03a01f/out_reco_48_2_jqf.root
18-Jun-2014 00:27:22 CEST  Successfully opened file file:/lustre/cms//store/user/calabria/calabria_SingleMuPt50_GEN-SIM-DIGI-RECO_CMSSW_6_2_0_SLHC12_2023Scenario_Case1/calabria_SingleMuPt50_GEN-SIM-DIGI-RECO_CMSSW_6_2_0_SLHC12_2023Scenario_Case1/cd3731874e2e70f741b687550e03a01f/out_reco_48_2_jqf.root
18-Jun-2014 00:27:59 CEST  Closed file file:/lustre/cms//store/user/calabria/calabria_SingleMuPt50_GEN-SIM-DIGI-RECO_CMSSW_6_2_0_SLHC12_2023Scenario_Case1/calabria_SingleMuPt50_GEN-SIM-DIGI-RECO_CMSSW_6_2_0_SLHC12_2023Scenario_Case1/cd3731874e2e70f741b687550e03a01f/out_reco_48_2_jqf.root
18-Jun-2014 00:27:59 CEST  Initiating request to open file file:/lustre/cms//store/user/calabria/calabria_SingleMuPt50_GEN-SIM-DIGI-RECO_CMSSW_6_2_0_SLHC12_2023Scenario_Case1/calabria_SingleMuPt50_GEN-SIM-DIGI-RECO_CMSSW_6_2_0_SLHC12_2023Scenario_Case1/cd3731874e2e70f741b687550e03a01f/out_reco_49_2_2EA.root
18-Jun-2014 00:27:59 CEST  Successfully opened file file:/lustre/cms//store/user/calabria/calabria_SingleMuPt50_GEN-SIM-DIGI-RECO_CMSSW_6_2_0_SLHC12_2023Scenario_Case1/calabria_SingleMuPt50_GEN-SIM-DIGI-RECO_CMSSW_6_2_0_SLHC12_2023Scenario_Case1/cd3731874e2e70f741b687550e03a01f/out_reco_49_2_2EA.root
18-Jun-2014 00:28:28 CEST  Closed file file:/lustre/cms//store/user/calabria/calabria_SingleMuPt50_GEN-SIM-DIGI-RECO_CMSSW_6_2_0_SLHC12_2023Scenario_Case1/calabria_SingleMuPt50_GEN-SIM-DIGI-RECO_CMSSW_6_2_0_SLHC12_2023Scenario_Case1/cd3731874e2e70f741b687550e03a01f/out_reco_49_2_2EA.root
18-Jun-2014 00:28:28 CEST  Initiating request to open file file:/lustre/cms//store/user/calabria/calabria_SingleMuPt50_GEN-SIM-DIGI-RECO_CMSSW_6_2_0_SLHC12_2023Scenario_Case1/calabria_SingleMuPt50_GEN-SIM-DIGI-RECO_CMSSW_6_2_0_SLHC12_2023Scenario_Case1/cd3731874e2e70f741b687550e03a01f/out_reco_51_2_sGu.root
18-Jun-2014 00:28:28 CEST  Successfully opened file file:/lustre/cms//store/user/calabria/calabria_SingleMuPt50_GEN-SIM-DIGI-RECO_CMSSW_6_2_0_SLHC12_2023Scenario_Case1/calabria_SingleMuPt50_GEN-SIM-DIGI-RECO_CMSSW_6_2_0_SLHC12_2023Scenario_Case1/cd3731874e2e70f741b687550e03a01f/out_reco_51_2_sGu.root
18-Jun-2014 00:28:55 CEST  Closed file file:/lustre/cms//store/user/calabria/calabria_SingleMuPt50_GEN-SIM-DIGI-RECO_CMSSW_6_2_0_SLHC12_2023Scenario_Case1/calabria_SingleMuPt50_GEN-SIM-DIGI-RECO_CMSSW_6_2_0_SLHC12_2023Scenario_Case1/cd3731874e2e70f741b687550e03a01f/out_reco_51_2_sGu.root
18-Jun-2014 00:28:55 CEST  Initiating request to open file file:/lustre/cms//store/user/calabria/calabria_SingleMuPt50_GEN-SIM-DIGI-RECO_CMSSW_6_2_0_SLHC12_2023Scenario_Case1/calabria_SingleMuPt50_GEN-SIM-DIGI-RECO_CMSSW_6_2_0_SLHC12_2023Scenario_Case1/cd3731874e2e70f741b687550e03a01f/out_reco_52_1_VsJ.root
18-Jun-2014 00:28:55 CEST  Successfully opened file file:/lustre/cms//store/user/calabria/calabria_SingleMuPt50_GEN-SIM-DIGI-RECO_CMSSW_6_2_0_SLHC12_2023Scenario_Case1/calabria_SingleMuPt50_GEN-SIM-DIGI-RECO_CMSSW_6_2_0_SLHC12_2023Scenario_Case1/cd3731874e2e70f741b687550e03a01f/out_reco_52_1_VsJ.root
18-Jun-2014 00:29:25 CEST  Closed file file:/lustre/cms//store/user/calabria/calabria_SingleMuPt50_GEN-SIM-DIGI-RECO_CMSSW_6_2_0_SLHC12_2023Scenario_Case1/calabria_SingleMuPt50_GEN-SIM-DIGI-RECO_CMSSW_6_2_0_SLHC12_2023Scenario_Case1/cd3731874e2e70f741b687550e03a01f/out_reco_52_1_VsJ.root
18-Jun-2014 00:29:25 CEST  Initiating request to open file file:/lustre/cms//store/user/calabria/calabria_SingleMuPt50_GEN-SIM-DIGI-RECO_CMSSW_6_2_0_SLHC12_2023Scenario_Case1/calabria_SingleMuPt50_GEN-SIM-DIGI-RECO_CMSSW_6_2_0_SLHC12_2023Scenario_Case1/cd3731874e2e70f741b687550e03a01f/out_reco_53_2_nWY.root
18-Jun-2014 00:29:25 CEST  Successfully opened file file:/lustre/cms//store/user/calabria/calabria_SingleMuPt50_GEN-SIM-DIGI-RECO_CMSSW_6_2_0_SLHC12_2023Scenario_Case1/calabria_SingleMuPt50_GEN-SIM-DIGI-RECO_CMSSW_6_2_0_SLHC12_2023Scenario_Case1/cd3731874e2e70f741b687550e03a01f/out_reco_53_2_nWY.root
18-Jun-2014 00:29:51 CEST  Closed file file:/lustre/cms//store/user/calabria/calabria_SingleMuPt50_GEN-SIM-DIGI-RECO_CMSSW_6_2_0_SLHC12_2023Scenario_Case1/calabria_SingleMuPt50_GEN-SIM-DIGI-RECO_CMSSW_6_2_0_SLHC12_2023Scenario_Case1/cd3731874e2e70f741b687550e03a01f/out_reco_53_2_nWY.root
18-Jun-2014 00:29:51 CEST  Initiating request to open file file:/lustre/cms//store/user/calabria/calabria_SingleMuPt50_GEN-SIM-DIGI-RECO_CMSSW_6_2_0_SLHC12_2023Scenario_Case1/calabria_SingleMuPt50_GEN-SIM-DIGI-RECO_CMSSW_6_2_0_SLHC12_2023Scenario_Case1/cd3731874e2e70f741b687550e03a01f/out_reco_54_2_HSw.root
18-Jun-2014 00:29:51 CEST  Successfully opened file file:/lustre/cms//store/user/calabria/calabria_SingleMuPt50_GEN-SIM-DIGI-RECO_CMSSW_6_2_0_SLHC12_2023Scenario_Case1/calabria_SingleMuPt50_GEN-SIM-DIGI-RECO_CMSSW_6_2_0_SLHC12_2023Scenario_Case1/cd3731874e2e70f741b687550e03a01f/out_reco_54_2_HSw.root
18-Jun-2014 00:30:27 CEST  Closed file file:/lustre/cms//store/user/calabria/calabria_SingleMuPt50_GEN-SIM-DIGI-RECO_CMSSW_6_2_0_SLHC12_2023Scenario_Case1/calabria_SingleMuPt50_GEN-SIM-DIGI-RECO_CMSSW_6_2_0_SLHC12_2023Scenario_Case1/cd3731874e2e70f741b687550e03a01f/out_reco_54_2_HSw.root
18-Jun-2014 00:30:27 CEST  Initiating request to open file file:/lustre/cms//store/user/calabria/calabria_SingleMuPt50_GEN-SIM-DIGI-RECO_CMSSW_6_2_0_SLHC12_2023Scenario_Case1/calabria_SingleMuPt50_GEN-SIM-DIGI-RECO_CMSSW_6_2_0_SLHC12_2023Scenario_Case1/cd3731874e2e70f741b687550e03a01f/out_reco_55_2_iKC.root
18-Jun-2014 00:30:27 CEST  Successfully opened file file:/lustre/cms//store/user/calabria/calabria_SingleMuPt50_GEN-SIM-DIGI-RECO_CMSSW_6_2_0_SLHC12_2023Scenario_Case1/calabria_SingleMuPt50_GEN-SIM-DIGI-RECO_CMSSW_6_2_0_SLHC12_2023Scenario_Case1/cd3731874e2e70f741b687550e03a01f/out_reco_55_2_iKC.root
18-Jun-2014 00:31:11 CEST  Closed file file:/lustre/cms//store/user/calabria/calabria_SingleMuPt50_GEN-SIM-DIGI-RECO_CMSSW_6_2_0_SLHC12_2023Scenario_Case1/calabria_SingleMuPt50_GEN-SIM-DIGI-RECO_CMSSW_6_2_0_SLHC12_2023Scenario_Case1/cd3731874e2e70f741b687550e03a01f/out_reco_55_2_iKC.root

=============================================

MessageLogger Summary

 type     category        sev    module        subroutine        count    total
 ---- -------------------- -- ---------------- ----------------  -----    -----
    1 fileAction           -s file_close                            10       10
    2 fileAction           -s file_open                             20       20

 type    category    Examples: run/evt        run/evt          run/evt
 ---- -------------------- ---------------- ---------------- ----------------
    1 fileAction           PostProcessEvent PostProcessEvent PostEndRun
    2 fileAction           pre-events       pre-events       PostProcessEvent

Severity    # Occurrences   Total Occurrences
--------    -------------   -----------------
System                 30                  30
>>> END OF printout of 50 lines from stdout+stderr
>>> Parse FrameworkJobReport crab_fjr.xml
Result of parsing the FrameworkJobReport crab_fjr.xml: Popularity start
lumisRange : 1::::1;1::::2;1::::3;1::::4;1::::5;1::::6;1::::7;1::::8;1::::9;1::::10;
lumisParentRange : 
Basename : /store/user/calabria/calabria_SingleMuPt50_GEN-SIM-DIGI-RECO_CMSSW_6_2_0_SLHC12_2023Scenario_Case1/calabria_SingleMuPt50_GEN-SIM-DIGI-RECO_CMSSW_6_2_0_SLHC12_2023Scenario_Case1/cd3731874e2e70f741b687550e03a01f/out_reco_
BasenameParent : 
parentFiles : 
inputBlocks : /calabria_SingleMuPt50_GEN-SIM-DIGI-RECO_CMSSW_6_2_0_SLHC12_2023Scenario_Case1/calabria-calabria_SingleMuPt50_GEN-SIM-DIGI-RECO_CMSSW_6_2_0_SLHC12_2023Scenario_Case1-cd3731874e2e70f741b687550e03a01f/USER#4106e6ef-38aa-4dc6-8174-1cfad4ef32e0
inputFiles : 52_1_VsJ.root::1::EDM::Local::1;54_2_HSw.root::1::EDM::Local::2;44_2_wS9.root::1::EDM::Local::3;48_2_jqf.root::1::EDM::Local::4;55_2_iKC.root::1::EDM::Local::5;47_2_VlR.root::1::EDM::Local::6;49_2_2EA.root::1::EDM::Local::7;53_2_nWY.root::1::EDM::Local::8;46_2_Roc.root::1::EDM::Local::9;51_2_sGu.root::1::EDM::Local::10;
Popularity stop
Extracted ExitStatus from FrameworkJobReport parsing output: 0
>>> Executable succeded  0
ExeExitCode=0
EXECUTABLE_EXIT_STATUS = 0
>>> current directory /home/cms049/home_cream_056918585/CREAM056918585/glide_JCJU1c/execute/dir_20292/CMSSW_6_2_0_SLHC12
>>>  (SOFTWARE_DIR): /home/cms049/home_cream_056918585/CREAM056918585/glide_JCJU1c/execute/dir_20292/CMSSW_6_2_0_SLHC12
>>> (WORKING_DIR): 
>>> current directory content:
total 10536
drwxr-xr-x 3 cms049 cms    4096 Jun 18 00:24 .SCRAM
-rw------- 1 cms049 cms 3739218 Jun 18 00:24 CMSSW.py.pkl
drwxr-xr-x 3 cms049 cms    4096 Jun 18 00:24 bin
drwxr-xr-x 3 cms049 cms    4096 Jun 18 00:24 cfipython
drwxr-xr-x 4 cms049 cms    4096 Jun 18 00:24 config
-rw------- 1 cms049 cms      16 Jun 18 00:31 cpu_timing.txt
drwxr-xr-x 2 cms049 cms    4096 Jun 18 00:24 doc
-rw------- 1 cms049 cms    9895 Jun 18 00:31 executable.out
drwxr-xr-x 2 cms049 cms    4096 Jun 18 00:24 include
drwx------ 3 cms049 cms    4096 Apr 28 18:12 lib
drwxr-xr-x 3 cms049 cms    4096 Jun 18 00:24 logs
drwxr-xr-x 3 cms049 cms    4096 Jun 18 00:24 objs
-rw------- 1 cms049 cms     104 Jun 18 00:25 pset.py
-rw------- 1 cms049 cms 3712302 Jun 18 00:25 pset.py.pkl
-rw------- 1 cms049 cms     289 Jun 18 00:25 pset.pyc
drwxr-xr-x 2 cms049 cms    4096 Jun 18 00:24 python
-rw------- 1 cms049 cms     398 Jun 18 00:31 report.log
drwx------ 6 cms049 cms    4096 Jun 18 00:24 src
drwxr-xr-x 3 cms049 cms    4096 Jun 18 00:24 test
drwxr-xr-x 3 cms049 cms    4096 Jun 18 00:24 tmp
-rw------- 1 cms049 cms 3237589 Jun 18 00:31 validationEDM.root
>>> current directory /home/cms049/home_cream_056918585/CREAM056918585/glide_JCJU1c/execute/dir_20292/CMSSW_6_2_0_SLHC12
>>> (SOFTWARE_DIR): /home/cms049/home_cream_056918585/CREAM056918585/glide_JCJU1c/execute/dir_20292/CMSSW_6_2_0_SLHC12
>>> (WORKING_DIR): 
>>> current directory content:
total 10536
drwxr-xr-x 3 cms049 cms    4096 Jun 18 00:24 .SCRAM
-rw------- 1 cms049 cms 3739218 Jun 18 00:24 CMSSW.py.pkl
drwxr-xr-x 3 cms049 cms    4096 Jun 18 00:24 bin
drwxr-xr-x 3 cms049 cms    4096 Jun 18 00:24 cfipython
drwxr-xr-x 4 cms049 cms    4096 Jun 18 00:24 config
-rw------- 1 cms049 cms      16 Jun 18 00:31 cpu_timing.txt
drwxr-xr-x 2 cms049 cms    4096 Jun 18 00:24 doc
-rw------- 1 cms049 cms    9895 Jun 18 00:31 executable.out
drwxr-xr-x 2 cms049 cms    4096 Jun 18 00:24 include
drwx------ 3 cms049 cms    4096 Apr 28 18:12 lib
drwxr-xr-x 3 cms049 cms    4096 Jun 18 00:24 logs
drwxr-xr-x 3 cms049 cms    4096 Jun 18 00:24 objs
-rw------- 1 cms049 cms     104 Jun 18 00:25 pset.py
-rw------- 1 cms049 cms 3712302 Jun 18 00:25 pset.py.pkl
-rw------- 1 cms049 cms     289 Jun 18 00:25 pset.pyc
drwxr-xr-x 2 cms049 cms    4096 Jun 18 00:24 python
-rw------- 1 cms049 cms     398 Jun 18 00:31 report.log
drwx------ 6 cms049 cms    4096 Jun 18 00:24 src
drwxr-xr-x 3 cms049 cms    4096 Jun 18 00:24 test
drwxr-xr-x 3 cms049 cms    4096 Jun 18 00:24 tmp
-rw------- 1 cms049 cms 3237589 Jun 18 00:31 validationEDM_14_1_mst.root
>>> current directory (RUNTIME_AREA):  /home/cms049/home_cream_056918585/CREAM056918585/glide_JCJU1c/execute/dir_20292
SE = storm-se-01.ba.infn.it
SE_PATH = /srm/managerv2?SFN=//cms/store/user/calabria/calabria_SingleMuPt50_GEN-SIM-DIGI-RECO_CMSSW_6_2_0_SLHC12_2023Scenario_Case1/calabria_MuMinus50_GEN-SIM-DIGI-RECO_CMSSW_6_2_0_SLHC12_2023Scenario_VALNOPU2_Case1/5854dd31cbd3cdec44c48628cc181cf0/
LFNBaseName = /store/user/calabria/calabria_SingleMuPt50_GEN-SIM-DIGI-RECO_CMSSW_6_2_0_SLHC12_2023Scenario_Case1/calabria_MuMinus50_GEN-SIM-DIGI-RECO_CMSSW_6_2_0_SLHC12_2023Scenario_VALNOPU2_Case1/5854dd31cbd3cdec44c48628cc181cf0/
USER = calabria
endpoint = srm://storm-se-01.ba.infn.it:8444/srm/managerv2?SFN=//cms/store/user/calabria/calabria_SingleMuPt50_GEN-SIM-DIGI-RECO_CMSSW_6_2_0_SLHC12_2023Scenario_Case1/calabria_MuMinus50_GEN-SIM-DIGI-RECO_CMSSW_6_2_0_SLHC12_2023Scenario_VALNOPU2_Case1/5854dd31cbd3cdec44c48628cc181cf0/
>>> Copy output files from WN = alicegrid61.ba.infn.it to /srm/managerv2?SFN=//cms/store/user/calabria/calabria_SingleMuPt50_GEN-SIM-DIGI-RECO_CMSSW_6_2_0_SLHC12_2023Scenario_Case1/calabria_MuMinus50_GEN-SIM-DIGI-RECO_CMSSW_6_2_0_SLHC12_2023Scenario_VALNOPU2_Case1/5854dd31cbd3cdec44c48628cc181cf0/ :
python cmscp.py  --destination srm://storm-se-01.ba.infn.it:8444/srm/managerv2?SFN=//cms/store/user/calabria/calabria_SingleMuPt50_GEN-SIM-DIGI-RECO_CMSSW_6_2_0_SLHC12_2023Scenario_Case1/calabria_MuMinus50_GEN-SIM-DIGI-RECO_CMSSW_6_2_0_SLHC12_2023Scenario_VALNOPU2_Case1/5854dd31cbd3cdec44c48628cc181cf0/ --inputFileList /home/cms049/home_cream_056918585/CREAM056918585/glide_JCJU1c/execute/dir_20292/CMSSW_6_2_0_SLHC12/validationEDM_14_1_mst.root --middleware LCG --se_name storm-se-01.ba.infn.it --for_lfn /store/user/calabria/calabria_SingleMuPt50_GEN-SIM-DIGI-RECO_CMSSW_6_2_0_SLHC12_2023Scenario_Case1/calabria_MuMinus50_GEN-SIM-DIGI-RECO_CMSSW_6_2_0_SLHC12_2023Scenario_VALNOPU2_Case1/5854dd31cbd3cdec44c48628cc181cf0/    
******************************************************
localSeName  =  storm-se-01.ba.infn.it
remoteSeName =  storm-se-01.ba.infn.it
******************************************************
{"/home/cms049/home_cream_056918585/CREAM056918585/glide_JCJU1c/execute/dir_20292/CMSSW_6_2_0_SLHC12/validationEDM_14_1_mst.root": {"endpoint": "srm://storm-se-01.ba.infn.it:8444/srm/managerv2?SFN=//cms/store/user/calabria/calabria_SingleMuPt50_GEN-SIM-DIGI-RECO_CMSSW_6_2_0_SLHC12_2023Scenario_Case1/calabria_MuMinus50_GEN-SIM-DIGI-RECO_CMSSW_6_2_0_SLHC12_2023Scenario_VALNOPU2_Case1/5854dd31cbd3cdec44c48628cc181cf0/", "surl_for_grid": "", "reason": "Copy succedeed with srm-lcg utils", "erCode": "0", "se_name": "storm-se-01.ba.infn.it", "for_lfn": "/store/user/calabria/calabria_SingleMuPt50_GEN-SIM-DIGI-RECO_CMSSW_6_2_0_SLHC12_2023Scenario_Case1/calabria_MuMinus50_GEN-SIM-DIGI-RECO_CMSSW_6_2_0_SLHC12_2023Scenario_VALNOPU2_Case1/5854dd31cbd3cdec44c48628cc181cf0/"}}/home/cms049/home_cream_056918585/CREAM056918585/glide_JCJU1c/execute/dir_20292
-------- cat /home/cms049/home_cream_056918585/CREAM056918585/glide_JCJU1c/execute/dir_20292/cmscpReport.sh 
#!/bin/bash
echo "Report for File: /home/cms049/home_cream_056918585/CREAM056918585/glide_JCJU1c/execute/dir_20292/CMSSW_6_2_0_SLHC12/validationEDM_14_1_mst.root"
echo "LFN: /store/user/calabria/calabria_SingleMuPt50_GEN-SIM-DIGI-RECO_CMSSW_6_2_0_SLHC12_2023Scenario_Case1/calabria_MuMinus50_GEN-SIM-DIGI-RECO_CMSSW_6_2_0_SLHC12_2023Scenario_VALNOPU2_Case1/5854dd31cbd3cdec44c48628cc181cf0/validationEDM_14_1_mst.root"
echo "StorageElement: storm-se-01.ba.infn.it"
echo "StageOutExitStatusReason = 'Copy succedeed with srm-lcg utils'" | tee -a $RUNTIME_AREA/$repo
echo "StageOutSE = storm-se-01.ba.infn.it" >> $RUNTIME_AREA/$repo

export StageOutExitStatus=0
echo "StageOutExitStatus = 0" | tee -a $RUNTIME_AREA/$repo
-------- end of /home/cms049/home_cream_056918585/CREAM056918585/glide_JCJU1c/execute/dir_20292/cmscpReport.sh 
Report for File: /home/cms049/home_cream_056918585/CREAM056918585/glide_JCJU1c/execute/dir_20292/CMSSW_6_2_0_SLHC12/validationEDM_14_1_mst.root
LFN: /store/user/calabria/calabria_SingleMuPt50_GEN-SIM-DIGI-RECO_CMSSW_6_2_0_SLHC12_2023Scenario_Case1/calabria_MuMinus50_GEN-SIM-DIGI-RECO_CMSSW_6_2_0_SLHC12_2023Scenario_VALNOPU2_Case1/5854dd31cbd3cdec44c48628cc181cf0/validationEDM_14_1_mst.root
StorageElement: storm-se-01.ba.infn.it
StageOutExitStatusReason = 'Copy succedeed with srm-lcg utils'
StageOutExitStatus = 0
>>> current dir: /home/cms049/home_cream_056918585/CREAM056918585/glide_JCJU1c/execute/dir_20292
>>> current dir content:
total 28076
-rw-------  1 cms049 cms     2783 Jun 18 00:32 .SEinteraction.log
-rwx------  1 cms049 cms     6738 Jun 18 00:24 .job.ad
-rwx------  1 cms049 cms     9441 Jun 18 00:24 .machine.ad
-rw-------  1 cms049 cms      105 Jun 16 20:46 CMSSW.py
-rw-------  1 cms049 cms  3739218 Jun 16 20:46 CMSSW.py.pkl
-rwx------  1 cms049 cms    29556 Jun 18 00:24 CMSSW.sh
drwxr-xr-x 15 cms049 cms     4096 Jun 18 00:31 CMSSW_6_2_0_SLHC12
-rw-------  1 cms049 cms      220 Jun 18 00:24 CacheEnv.sh
-rw-------  1 cms049 cms     7291 Apr  4 11:04 DashboardAPI.py
-rw-------  1 cms049 cms     6815 Jun 18 00:24 DashboardAPI.pyc
drwx------  2 cms049 cms     4096 Jun 18 00:31 IMProv
-rw-------  1 cms049 cms     2748 Apr  4 11:04 Logger.py
-rw-------  1 cms049 cms     3347 Jun 18 00:24 Logger.pyc
-rw-------  1 cms049 cms    24524 Apr  4 11:04 ProcInfo.py
-rw-------  1 cms049 cms    23197 Jun 18 00:24 ProcInfo.pyc
drwx------  7 cms049 cms     4096 Jun 18 00:25 ProdCommon
drwx------  3 cms049 cms     4096 Jun 18 00:24 WMCore
-rw-------  1 cms049 cms     2693 Jun 18 00:31 Watchdog_14.log
-rwx------  1 cms049 cms        0 Jun 18 00:24 _condor_stderr
-rwx---r--  1 cms049 cms    29371 Jun 18 00:32 _condor_stdout
-rw-------  1 cms049 cms    32895 Apr  4 11:04 apmon.py
-rw-------  1 cms049 cms    28625 Jun 18 00:24 apmon.pyc
-rwx------  1 cms049 cms    53725 Jun 18 00:24 arguments.xml
-rwx------  1 cms049 cms    38515 Apr  4 11:04 cmscp.py
-rw-------  1 cms049 cms      718 Jun 18 00:32 cmscpReport.sh
-rwx------  1 cms049 cms    29556 Jun 18 00:24 condor_exec.exe
-rw-------  1 cms049 cms      958 Jun 16 20:46 crab.cfg
-rwx------  1 cms049 cms     8610 Apr  4 11:04 crabWatchdog.sh
-rwx---r--  1 cms049 cms   523156 Jun 18 00:31 crab_fjr_14.xml
-rwx------  1 cms049 cms 23958869 Jun 18 00:24 default.tgz
-rwx------  1 cms049 cms     4488 Apr  4 11:04 fillCrabFjr.py
-rw-------  1 cms049 cms     2619 Jun 18 00:25 inputsReport.txt
-rw-------  1 cms049 cms      257 Jun 18 00:32 jobreport.txt
-rw-------  1 cms049 cms    17352 Apr  4 11:04 parseCrabFjr.py
-rw-------  1 cms049 cms      324 Jun 18 00:24 report.log
-rwx--x--x  1 cms049 cms     1497 Apr  4 11:04 report.py
-rw-------  1 cms049 cms      772 Jun 18 00:32 resultCopyFile
lrwxrwxrwx  1 cms049 cms      126 Jun 18 00:31 validationEDM.root -> /home/cms049/home_cream_056918585/CREAM056918585/glide_JCJU1c/execute/dir_20292/CMSSW_6_2_0_SLHC12/validationEDM_14_1_mst.root
-rwx------  1 cms049 cms     8387 Apr  4 11:04 writeCfg.py
-rw-------  1 cms049 cms     8010 Jun 18 00:24 x509up_u50707
>>> Modify Job Report:
CMSSW_VERSION = CMSSW_6_2_0_SLHC12
ProcessedDataset = calabria_MuMinus50_GEN-SIM-DIGI-RECO_CMSSW_6_2_0_SLHC12_2023Scenario_VALNOPU2_Case1
/home/cms049/home_cream_056918585/CREAM056918585/glide_JCJU1c/execute/dir_20292/ProdCommon/FwkJobRep/ModifyJobReport.py fjr /home/cms049/home_cream_056918585/CREAM056918585/glide_JCJU1c/execute/dir_20292/crab_fjr_14.xml json /home/cms049/home_cream_056918585/CREAM056918585/glide_JCJU1c/execute/dir_20292/resultCopyFile n_job 14_1_mst PrimaryDataset calabria_SingleMuPt50_GEN-SIM-DIGI-RECO_CMSSW_6_2_0_SLHC12_2023Scenario_Case1  ApplicationFamily cmsRun ApplicationName cmsRun cmssw_version CMSSW_6_2_0_SLHC12 psethash 5854dd31cbd3cdec44c48628cc181cf0 UserProcessedDataset calabria-calabria_MuMinus50_GEN-SIM-DIGI-RECO_CMSSW_6_2_0_SLHC12_2023Scenario_VALNOPU2_Case1-5854dd31cbd3cdec44c48628cc181cf0
inputDict =  {u'/home/cms049/home_cream_056918585/CREAM056918585/glide_JCJU1c/execute/dir_20292/CMSSW_6_2_0_SLHC12/validationEDM_14_1_mst.root': {u'endpoint': u'srm://storm-se-01.ba.infn.it:8444/srm/managerv2?SFN=//cms/store/user/calabria/calabria_SingleMuPt50_GEN-SIM-DIGI-RECO_CMSSW_6_2_0_SLHC12_2023Scenario_Case1/calabria_MuMinus50_GEN-SIM-DIGI-RECO_CMSSW_6_2_0_SLHC12_2023Scenario_VALNOPU2_Case1/5854dd31cbd3cdec44c48628cc181cf0/', u'surl_for_grid': u'', u'reason': u'Copy succedeed with srm-lcg utils', u'erCode': u'0', u'se_name': u'storm-se-01.ba.infn.it', u'for_lfn': u'/store/user/calabria/calabria_SingleMuPt50_GEN-SIM-DIGI-RECO_CMSSW_6_2_0_SLHC12_2023Scenario_Case1/calabria_MuMinus50_GEN-SIM-DIGI-RECO_CMSSW_6_2_0_SLHC12_2023Scenario_VALNOPU2_Case1/5854dd31cbd3cdec44c48628cc181cf0/'}}
UserProcessedDataset =  calabria-calabria_MuMinus50_GEN-SIM-DIGI-RECO_CMSSW_6_2_0_SLHC12_2023Scenario_VALNOPU2_Case1-5854dd31cbd3cdec44c48628cc181cf0
file_name in inputDict =  /home/cms049/home_cream_056918585/CREAM056918585/glide_JCJU1c/execute/dir_20292/CMSSW_6_2_0_SLHC12/validationEDM_14_1_mst.root
(size) os.stat(filename)[6] =  3237589
checksum =  1657053588
    file =  validationEDM_14_1_mst.root
    newPfn =  srm://storm-se-01.ba.infn.it:8444/srm/managerv2?SFN=//cms/store/user/calabria/calabria_SingleMuPt50_GEN-SIM-DIGI-RECO_CMSSW_6_2_0_SLHC12_2023Scenario_Case1/calabria_MuMinus50_GEN-SIM-DIGI-RECO_CMSSW_6_2_0_SLHC12_2023Scenario_VALNOPU2_Case1/5854dd31cbd3cdec44c48628cc181cf0/validationEDM_14_1_mst.root
    newLfn =  /store/user/calabria/calabria_SingleMuPt50_GEN-SIM-DIGI-RECO_CMSSW_6_2_0_SLHC12_2023Scenario_Case1/calabria_MuMinus50_GEN-SIM-DIGI-RECO_CMSSW_6_2_0_SLHC12_2023Scenario_VALNOPU2_Case1/5854dd31cbd3cdec44c48628cc181cf0/validationEDM_14_1_mst.root
>>> crab_fjr_*.xml  permission set to 0704
CrabWrapper EXIT_FUNC entered at Wed Jun 18 00:32:07 CEST 2014   -  Tue Jun 17 22:32:07 UTC 2014
Checking output files:  
will tar file crab_fjr_14.xml in  out_files_14
WARNING: output file CMSSW_14.stdout not found!
WARNING: output file CMSSW_14.stderr not found!
WARNING: output file Watchdog_14.log.gz not found!
>>> padding time: Sleeping the wrapper for 166 seconds
STOPPING WATCHDOG. CrabWatchdog PID is 22632
********** LAST 50 LINES OF WATCHDOG LOG
# RESOURCE USAGE SUMMARY FOR PROCESS ID 22332
USER       PID %CPU %MEM    VSZ   RSS TTY      STAT START   TIME COMMAND
cms049   22332  0.3  0.0   9496  1592 ?        S    00:24   0:00 /bin/sh /home/cms049/home_cream_056918585/CREAM056918585/glide_JCJU1c/execute/dir_20292/condor_exec.exe 14 1
 
# LIMITS USED BY CRAB WATCHDOG:
# RSS  (KBytes)   : 2300000
# VSZ  (KBytes)   : 100000000
# DISK (MBytes)   : 19000
# CPU TIME        : 720h:0m:0s
# WALL CLOCK TIME : 21h:50m:0s
 
# FOLLOWING PRINTOUT TRACKS MAXIMUM VALUES OF RESOURCES USE
# ONE LINE IS PRINTED EACH TIME A MAXIMUM CHANGES
# IF CHANGE WAS IN RSS OR VSZ ALSO PROCID AND COMMAND ARE PRINTED
# THERE IS NO PRINTOUT FOR CPU/WALL TIME INCREASE
 
# TIME			PID	RSS(KB)	VSZ(KB)	Dsk(MB)	tCPU(s)	tWALL(s)	COMMAND
 Jun 18 00:25:00 CEST	1033	8008	93340	0	0	0	/home/cms049/home_cream_056918585/CREAM056918585/glide_JCJU1c/main/condor/sbin/condor_master -f -pidfile /home/cms049/home_cream_056918585/CREAM056918585/glide_JCJU1c/condor_master2.pid       
 Jun 18 00:25:00 CEST	2511	8700	93772	0	0	0	condor_startd -f         
 Jun 18 00:25:00 CEST	5263	8700	106092	0	0	0	sh -c "./glidein_startup.sh" -v std -name v3_0 -entry CMS_T2_IT_Bari_ce2 -clientname UCSD-v1_0.main
 Jun 18 00:25:00 CEST	5274	8700	106492	0	0	0	/bin/bash ./glidein_startup.sh -v std -name v3_0 -entry CMS_T2_IT_Bari_ce2 -clientname UCSD-v1_0.main -schedd
 Jun 18 00:25:00 CEST	22644	43148	106492	0	0	1	edmConfigHash pset.py         
 Jun 18 00:25:00 CEST	---	43148	106492	171	----	----	----
 Jun 18 00:26:01 CEST	24586	717980	980396	171	35	62	cmsRun -j /home/cms049/home_cream_056918585/CREAM056918585/glide_JCJU1c/execute/dir_20292/crab_fjr_14.xml -p pset.py      
 Jun 18 00:26:01 CEST	---	717980	980396	175	----	----	----
 Jun 18 00:27:02 CEST	24586	717980	1004972	175	84	123	cmsRun -j /home/cms049/home_cream_056918585/CREAM056918585/glide_JCJU1c/execute/dir_20292/crab_fjr_14.xml -p pset.py      
 Jun 18 00:28:03 CEST	24586	717980	1013848	175	137	184	cmsRun -j /home/cms049/home_cream_056918585/CREAM056918585/glide_JCJU1c/execute/dir_20292/crab_fjr_14.xml -p pset.py      
 Jun 18 00:29:04 CEST	24586	717980	1021272	175	185	245	cmsRun -j /home/cms049/home_cream_056918585/CREAM056918585/glide_JCJU1c/execute/dir_20292/crab_fjr_14.xml -p pset.py      
 Jun 18 00:30:05 CEST	24586	727128	1030232	175	234	306	cmsRun -j /home/cms049/home_cream_056918585/CREAM056918585/glide_JCJU1c/execute/dir_20292/crab_fjr_14.xml -p pset.py      
 Jun 18 00:31:06 CEST	24586	1421884	1717592	175	290	367	cmsRun -j /home/cms049/home_cream_056918585/CREAM056918585/glide_JCJU1c/execute/dir_20292/crab_fjr_14.xml -p pset.py      
 Jun 18 00:31:06 CEST	---	1421884	1717592	176	----	----	----
 Jun 18 00:32:07 CEST	---	1421884	1717592	179	----	----	----
********** WATCHDOG LOG ENDED
ZIPPING WATCHDOG LOG
Disk space used:
du -sh /home/cms049/home_cream_056918585/CREAM056918585/glide_JCJU1c/execute/dir_20292
179M	/home/cms049/home_cream_056918585/CREAM056918585/glide_JCJU1c/execute/dir_20292
Found unusual stdout, rename for OSB
`/home/cms049/home_cream_056918585/CREAM056918585/glide_JCJU1c/execute/dir_20292/_condor_stdout' -> `CMSSW_14.stdout'
Found unusual stderr, rename for OSB
`/home/cms049/home_cream_056918585/CREAM056918585/glide_JCJU1c/execute/dir_20292/_condor_stdout' -> `CMSSW_14.stderr'
crab_fjr_14.xml
CMSSW_14.stdout
CMSSW_14.stderr
Watchdog_14.log.gz
Total Output dimension: 70111
WARNING: output files size limit is set to: 50000000
Total Output dimension 70111 is fine.
JOB_EXIT_STATUS = 0
>>> info for dashboard:
***** Cat /home/cms049/home_cream_056918585/CREAM056918585/glide_JCJU1c/execute/dir_20292/jobreport.txt *****
MonitorJobID=14_https://vocms20.cern.ch//140616//1841017.13
MonitorID=calabria_MuMinus50_Case1_ReReco_15jyg8
ExeTime=353
ExeExitCode=0
StageOutExitStatusReason = 'Copy succedeed with srm-lcg utils'
StageOutSE = storm-se-01.ba.infn.it
StageOutExitStatus = 0
CrabUserCpuTime=290.99
CrabSysCpuTime=4.43
CrabCpuPercentage=83%
CrabWrapperTime=600
CrabStageoutTime=48
JobExitCode=0
***** End Cat jobreport *****
Parameters sent to Dashboard.
EXITING at Wed Jun 18 00:34:59 CEST 2014  -  Tue Jun 17 22:34:59 UTC 2014
