This script was generated by crab (version 2.10.5_patch1).
Running /home/cms010/home_cream_709661020/CREAM709661020/glide_3mSvHB/execute/dir_4990/condor_exec.exe with 2 positional parameters: 18 1
Today is Wed Jun 18 00:24:54 CEST 2014 - Tue Jun 17 22:24:54 UTC 2014
Job submitted on host gridba52.ba.infn.it
Linux gridba52.ba.infn.it 2.6.32-358.23.2.el6.x86_64 #1 SMP Thu Oct 17 10:27:22 CEST 2013 x86_64 x86_64 x86_64 GNU/Linux
>>> current directory (RUNTIME_AREA): /home/cms010/home_cream_709661020/CREAM709661020/glide_3mSvHB/execute/dir_4990
>>> current user: uid=11704(cms010) gid=1399(cms) groups=1399(cms)
>>> directory permission set to 0700
>>> umask set to:  u=rwx,g=,o=
>>> stdout stderr permission set to 0704
>>> voms proxy information:
subject   : /C=IT/O=INFN/OU=Personal Certificate/L=Bari/CN=Cesare Calabria/CN=477126703/CN=1350111121
issuer    : /C=IT/O=INFN/OU=Personal Certificate/L=Bari/CN=Cesare Calabria/CN=477126703
identity  : /C=IT/O=INFN/OU=Personal Certificate/L=Bari/CN=Cesare Calabria
type      : RFC3820 compliant limited proxy
strength  : 1024
path      : /home/cms010/home_cream_709661020/CREAM709661020/glide_3mSvHB/execute/dir_4990/x509up_u50707
timeleft  : 23:58:57
key usage : Digital Signature, Key Encipherment, Data Encipherment
=== VO cms extension information ===
VO        : cms
subject   : /C=IT/O=INFN/OU=Personal Certificate/L=Bari/CN=Cesare Calabria
issuer    : /DC=ch/DC=cern/OU=computers/CN=voms.cern.ch
attribute : /cms/Role=NULL/Capability=NULL
attribute : /cms/itcms/Role=NULL/Capability=NULL
timeleft  : 154:59:24
uri       : voms.cern.ch:15002

WNHostName=gridba52.ba.infn.it
>>> tar --no-same-permissions -xf /home/cms010/home_cream_709661020/CREAM709661020/glide_3mSvHB/execute/dir_4990/default.tgz :
Successful untar
>>> Include /home/cms010/home_cream_709661020/CREAM709661020/glide_3mSvHB/execute/dir_4990 in PYTHONPATH:
strip arguments
env var CRAB_UNIQUE_JOB_ID set to: calabria_MuMinus50_Case1_ReReco_15jyg8_18_1_rh5
out_files_18
>>> list of expected files on output sandbox
output files: crab_fjr_18.xml CMSSW_18.stdout CMSSW_18.stderr Watchdog_18.log.gz
>>> GridFlavour discovery: 
GridFlavour=LCG
>>> SyncSite discovery: 
SyncSite=T2_IT_Bari
>>> SyncCE discovery: 
getting SyncCE from CE_ID
SyncCE=cream-ce-2.ba.infn.it:8443/cream-pbs-cms
>>> info for dashboard:
***** Cat /home/cms010/home_cream_709661020/CREAM709661020/glide_3mSvHB/execute/dir_4990/jobreport.txt *****
WNHostName=gridba52.ba.infn.it
MonitorJobID=18_https://vocms20.cern.ch//140616//1841017.17
SyncGridJobId=https://vocms20.cern.ch//140616//1841017.17
MonitorID=calabria_MuMinus50_Case1_ReReco_15jyg8
GridFlavour=LCG
SyncSite=T2_IT_Bari
SyncCE=cream-ce-2.ba.infn.it:8443/cream-pbs-cms
***** End Cat jobreport *****
Parameters sent to Dashboard.
>>> setup environment
set SCRAM ARCH to slc5_amd64_gcc472
SCRAM_ARCH = slc5_amd64_gcc472
>>> setup CMS LCG environment:
set SCRAM ARCH and BUILD_ARCH to slc5_amd64_gcc472 ###
Sourcing environment... 
sourcing /cvmfs/cms.cern.ch/cmsset_default.sh
==> setup cms environment ok
>>> specific cmssw setup environment:
CMSSW_VERSION =  CMSSW_6_2_0_SLHC12
>>> current directory (SOFTWARE_DIR): /home/cms010/home_cream_709661020/CREAM709661020/glide_3mSvHB/execute/dir_4990/CMSSW_6_2_0_SLHC12
PreserveSeeds: <>
IncrementSeeds:<>
>>> info for dashboard:
***** Cat /home/cms010/home_cream_709661020/CREAM709661020/glide_3mSvHB/execute/dir_4990/jobreport.txt *****
MonitorJobID=18_https://vocms20.cern.ch//140616//1841017.17
MonitorID=calabria_MuMinus50_Case1_ReReco_15jyg8
***** End Cat jobreport *****
Parameters sent to Dashboard.
crabWatchdog started as process 5776
>>> moving CMSSW software directories in /home/cms010/home_cream_709661020/CREAM709661020/glide_3mSvHB/execute/dir_4990/CMSSW_6_2_0_SLHC12
mv: cannot stat `/home/cms010/home_cream_709661020/CREAM709661020/glide_3mSvHB/execute/dir_4990/module/': No such file or directory
>>> Include /home/cms010/home_cream_709661020/CREAM709661020/glide_3mSvHB/execute/dir_4990 in PYTHONPATH:
PYTHONPATH=/home/cms010/home_cream_709661020/CREAM709661020/glide_3mSvHB/execute/dir_4990/:/home/cms010/home_cream_709661020/CREAM709661020/glide_3mSvHB/execute/dir_4990/CMSSW_6_2_0_SLHC12/python:/home/cms010/home_cream_709661020/CREAM709661020/glide_3mSvHB/execute/dir_4990/CMSSW_6_2_0_SLHC12/lib/slc5_amd64_gcc472:/cvmfs/cms.cern.ch/slc5_amd64_gcc472/cms/cmssw/CMSSW_6_2_0_SLHC12/python:/cvmfs/cms.cern.ch/slc5_amd64_gcc472/cms/cmssw/CMSSW_6_2_0_SLHC12/lib/slc5_amd64_gcc472:/cvmfs/cms.cern.ch/slc5_amd64_gcc472/cms/coral/CORAL_2_3_21-cms36/slc5_amd64_gcc472/python:/cvmfs/cms.cern.ch/slc5_amd64_gcc472/cms/coral/CORAL_2_3_21-cms36/slc5_amd64_gcc472/lib:/cvmfs/cms.cern.ch/slc5_amd64_gcc472/external/pyqt/4.8.1-cms6/lib/python2.7/site-packages:/cvmfs/cms.cern.ch/slc5_amd64_gcc472/external/py2-scipy/0.8.0-cms8/lib/python2.7/site-packages:/cvmfs/cms.cern.ch/slc5_amd64_gcc472/external/py2-matplotlib/1.0.1-cms8/lib/python2.7/site-packages:/cvmfs/cms.cern.ch/slc5_amd64_gcc472/external/python-ldap/2.3.5-cms6/lib/python2.7/site-packages:/cvmfs/cms.cern.ch/slc5_amd64_gcc472/external/sip/4.11.2-cms6/lib/python2.7/site-packages:/cvmfs/cms.cern.ch/slc5_amd64_gcc472/external/py2-pycurl/7.19.0-cms8/lib/python2.7/site-packages:/cvmfs/cms.cern.ch/slc5_amd64_gcc472/external/py2-numpy/1.6.1-cms8/lib/python2.7/site-packages:/cvmfs/cms.cern.ch/slc5_amd64_gcc472/external/py2-lint/0.25.1-cms6/lib/python2.7/site-packages:/cvmfs/cms.cern.ch/slc5_amd64_gcc472/external/py2-ipython/0.10-cms6/lib/python2.7/site-packages:/cvmfs/cms.cern.ch/slc5_amd64_gcc472/external/py2-cx-oracle/5.1-cms7/lib/python2.7/site-packages:/cvmfs/cms.cern.ch/slc5_amd64_gcc472/external/py2-cjson/1.0.5-cms6/lib/python2.7/site-packages:/cvmfs/cms.cern.ch/slc5_amd64_gcc472/cms/das-client/1.11.7/bin:/cvmfs/cms.cern.ch/slc5_amd64_gcc472/external/elementtree/1.2.6-cms6/share/lib/python2.7/site-packages:/cvmfs/cms.cern.ch/slc5_amd64_gcc472/external/rivet/1.8.2-cms8/lib/python2.7/site-packages:/cvmfs/cms.cern.ch/slc5_amd64_gcc472/external/pyminuit2/0.0.1-cms19/lib/python2.7/site-packages:/cvmfs/cms.cern.ch/slc5_amd64_gcc472/external/py2-pygithub/1.23.0/lib/python2.7/site-packages:/cvmfs/cms.cern.ch/slc5_amd64_gcc472/external/professor/1.0.0-cms19/lib/python2.7/site-packages:/cvmfs/cms.cern.ch/slc5_amd64_gcc472/lcg/root/5.34.07-cms/lib:/cvmfs/cms.cern.ch/slc5_amd64_gcc472/cms/dbs-client/DBS_2_1_9-cms5/lib:/cvmfs/cms.cern.ch/slc5_amd64_gcc472/cms/dbs-client/DBS_2_1_9-cms5/lib/DBSAPI:/cvmfs/cms.cern.ch/slc5_amd64_gcc472/external/cvs2git/5419-cms/lib:/home/cms010/home_cream_709661020/CREAM709661020/glide_3mSvHB/execute/dir_4990/
 
# LIMITS USED BY CRAB WATCHDOG:
# RSS  (KBytes)   : 2300000
# VSZ  (KBytes)   : 100000000
# DISK (MBytes)   : 19000
# CPU TIME        : 720h:0m:0s
# WALL CLOCK TIME : 21h:50m:0s
 
5854dd31cbd3cdec44c48628cc181cf0
PSETHASH = 5854dd31cbd3cdec44c48628cc181cf0
/home/cms010/home_cream_709661020/CREAM709661020/glide_3mSvHB/execute/dir_4990/writeCfg.py pset.py pset.py
Importing .py file
Setting parameters
RandomNumberGeneratorService found, will attempt to change seeds
inputBlocks=/calabria_SingleMuPt50_GEN-SIM-DIGI-RECO_CMSSW_6_2_0_SLHC12_2023Scenario_Case1/calabria-calabria_SingleMuPt50_GEN-SIM-DIGI-RECO_CMSSW_6_2_0_SLHC12_2023Scenario_Case1-cd3731874e2e70f741b687550e03a01f/USER#4106e6ef-38aa-4dc6-8174-1cfad4ef32e0
inputFiles=/store/user/calabria/calabria_SingleMuPt50_GEN-SIM-DIGI-RECO_CMSSW_6_2_0_SLHC12_2023Scenario_Case1/calabria_SingleMuPt50_GEN-SIM-DIGI-RECO_CMSSW_6_2_0_SLHC12_2023Scenario_Case1/cd3731874e2e70f741b687550e03a01f/out_reco_84_2_VVg.root;/store/user/calabria/calabria_SingleMuPt50_GEN-SIM-DIGI-RECO_CMSSW_6_2_0_SLHC12_2023Scenario_Case1/calabria_SingleMuPt50_GEN-SIM-DIGI-RECO_CMSSW_6_2_0_SLHC12_2023Scenario_Case1/cd3731874e2e70f741b687550e03a01f/out_reco_86_2_Ja5.root;/store/user/calabria/calabria_SingleMuPt50_GEN-SIM-DIGI-RECO_CMSSW_6_2_0_SLHC12_2023Scenario_Case1/calabria_SingleMuPt50_GEN-SIM-DIGI-RECO_CMSSW_6_2_0_SLHC12_2023Scenario_Case1/cd3731874e2e70f741b687550e03a01f/out_reco_87_2_bhA.root;/store/user/calabria/calabria_SingleMuPt50_GEN-SIM-DIGI-RECO_CMSSW_6_2_0_SLHC12_2023Scenario_Case1/calabria_SingleMuPt50_GEN-SIM-DIGI-RECO_CMSSW_6_2_0_SLHC12_2023Scenario_Case1/cd3731874e2e70f741b687550e03a01f/out_reco_88_2_2Iu.root;/store/user/calabria/calabria_SingleMuPt50_GEN-SIM-DIGI-RECO_CMSSW_6_2_0_SLHC12_2023Scenario_Case1/calabria_SingleMuPt50_GEN-SIM-DIGI-RECO_CMSSW_6_2_0_SLHC12_2023Scenario_Case1/cd3731874e2e70f741b687550e03a01f/out_reco_89_2_KvR.root;/store/user/calabria/calabria_SingleMuPt50_GEN-SIM-DIGI-RECO_CMSSW_6_2_0_SLHC12_2023Scenario_Case1/calabria_SingleMuPt50_GEN-SIM-DIGI-RECO_CMSSW_6_2_0_SLHC12_2023Scenario_Case1/cd3731874e2e70f741b687550e03a01f/out_reco_90_2_ilZ.root;/store/user/calabria/calabria_SingleMuPt50_GEN-SIM-DIGI-RECO_CMSSW_6_2_0_SLHC12_2023Scenario_Case1/calabria_SingleMuPt50_GEN-SIM-DIGI-RECO_CMSSW_6_2_0_SLHC12_2023Scenario_Case1/cd3731874e2e70f741b687550e03a01f/out_reco_91_2_AII.root;/store/user/calabria/calabria_SingleMuPt50_GEN-SIM-DIGI-RECO_CMSSW_6_2_0_SLHC12_2023Scenario_Case1/calabria_SingleMuPt50_GEN-SIM-DIGI-RECO_CMSSW_6_2_0_SLHC12_2023Scenario_Case1/cd3731874e2e70f741b687550e03a01f/out_reco_92_2_mXA.root;/store/user/calabria/calabria_SingleMuPt50_GEN-SIM-DIGI-RECO_CMSSW_6_2_0_SLHC12_2023Scenario_Case1/calabria_SingleMuPt50_GEN-SIM-DIGI-RECO_CMSSW_6_2_0_SLHC12_2023Scenario_Case1/cd3731874e2e70f741b687550e03a01f/out_reco_95_2_9Pz.root;/store/user/calabria/calabria_SingleMuPt50_GEN-SIM-DIGI-RECO_CMSSW_6_2_0_SLHC12_2023Scenario_Case1/calabria_SingleMuPt50_GEN-SIM-DIGI-RECO_CMSSW_6_2_0_SLHC12_2023Scenario_Case1/cd3731874e2e70f741b687550e03a01f/out_reco_96_2_P0M.root
parentFiles=
lumisRange=
>>> Executable cmsRun
/cvmfs/cms.cern.ch/slc5_amd64_gcc472/cms/cmssw/CMSSW_6_2_0_SLHC12/bin/slc5_amd64_gcc472/cmsRun
ok executable found
>>> info for dashboard:
***** Cat /home/cms010/home_cream_709661020/CREAM709661020/glide_3mSvHB/execute/dir_4990/jobreport.txt *****
MonitorJobID=18_https://vocms20.cern.ch//140616//1841017.17
MonitorID=calabria_MuMinus50_Case1_ReReco_15jyg8
ExeStart=cmsRun
***** End Cat jobreport *****
Parameters sent to Dashboard.
>>> cmsRun started at Tue Jun 17 22:25:19 UTC 2014
>>> cmsRun ended at Tue Jun 17 22:30:57 UTC 2014
>>> crab_fjr_*.xml  permission set to 0704
>>> info for dashboard:
***** Cat /home/cms010/home_cream_709661020/CREAM709661020/glide_3mSvHB/execute/dir_4990/jobreport.txt *****
MonitorJobID=18_https://vocms20.cern.ch//140616//1841017.17
MonitorID=calabria_MuMinus50_Case1_ReReco_15jyg8
ExeEnd=cmsRun
***** End Cat jobreport *****
Parameters sent to Dashboard.
TIME_EXE = 338 sec
>>> cmsRun wrote 50 lines of stdout+stderr
>>> START OF printout of 50 lines from stdout+stderr
271 DQMStore::DQMStore 
HcalTopologyIdealEP::HcalTopologyIdealEP
18-Jun-2014 00:25:38 CEST  Initiating request to open file file:/lustre/cms//store/user/calabria/calabria_SingleMuPt50_GEN-SIM-DIGI-RECO_CMSSW_6_2_0_SLHC12_2023Scenario_Case1/calabria_SingleMuPt50_GEN-SIM-DIGI-RECO_CMSSW_6_2_0_SLHC12_2023Scenario_Case1/cd3731874e2e70f741b687550e03a01f/out_reco_84_2_VVg.root
18-Jun-2014 00:25:41 CEST  Successfully opened file file:/lustre/cms//store/user/calabria/calabria_SingleMuPt50_GEN-SIM-DIGI-RECO_CMSSW_6_2_0_SLHC12_2023Scenario_Case1/calabria_SingleMuPt50_GEN-SIM-DIGI-RECO_CMSSW_6_2_0_SLHC12_2023Scenario_Case1/cd3731874e2e70f741b687550e03a01f/out_reco_84_2_VVg.root
18-Jun-2014 00:26:14 CEST  Closed file file:/lustre/cms//store/user/calabria/calabria_SingleMuPt50_GEN-SIM-DIGI-RECO_CMSSW_6_2_0_SLHC12_2023Scenario_Case1/calabria_SingleMuPt50_GEN-SIM-DIGI-RECO_CMSSW_6_2_0_SLHC12_2023Scenario_Case1/cd3731874e2e70f741b687550e03a01f/out_reco_84_2_VVg.root
18-Jun-2014 00:26:14 CEST  Initiating request to open file file:/lustre/cms//store/user/calabria/calabria_SingleMuPt50_GEN-SIM-DIGI-RECO_CMSSW_6_2_0_SLHC12_2023Scenario_Case1/calabria_SingleMuPt50_GEN-SIM-DIGI-RECO_CMSSW_6_2_0_SLHC12_2023Scenario_Case1/cd3731874e2e70f741b687550e03a01f/out_reco_86_2_Ja5.root
18-Jun-2014 00:26:14 CEST  Successfully opened file file:/lustre/cms//store/user/calabria/calabria_SingleMuPt50_GEN-SIM-DIGI-RECO_CMSSW_6_2_0_SLHC12_2023Scenario_Case1/calabria_SingleMuPt50_GEN-SIM-DIGI-RECO_CMSSW_6_2_0_SLHC12_2023Scenario_Case1/cd3731874e2e70f741b687550e03a01f/out_reco_86_2_Ja5.root
18-Jun-2014 00:26:44 CEST  Closed file file:/lustre/cms//store/user/calabria/calabria_SingleMuPt50_GEN-SIM-DIGI-RECO_CMSSW_6_2_0_SLHC12_2023Scenario_Case1/calabria_SingleMuPt50_GEN-SIM-DIGI-RECO_CMSSW_6_2_0_SLHC12_2023Scenario_Case1/cd3731874e2e70f741b687550e03a01f/out_reco_86_2_Ja5.root
18-Jun-2014 00:26:44 CEST  Initiating request to open file file:/lustre/cms//store/user/calabria/calabria_SingleMuPt50_GEN-SIM-DIGI-RECO_CMSSW_6_2_0_SLHC12_2023Scenario_Case1/calabria_SingleMuPt50_GEN-SIM-DIGI-RECO_CMSSW_6_2_0_SLHC12_2023Scenario_Case1/cd3731874e2e70f741b687550e03a01f/out_reco_87_2_bhA.root
18-Jun-2014 00:26:44 CEST  Successfully opened file file:/lustre/cms//store/user/calabria/calabria_SingleMuPt50_GEN-SIM-DIGI-RECO_CMSSW_6_2_0_SLHC12_2023Scenario_Case1/calabria_SingleMuPt50_GEN-SIM-DIGI-RECO_CMSSW_6_2_0_SLHC12_2023Scenario_Case1/cd3731874e2e70f741b687550e03a01f/out_reco_87_2_bhA.root
18-Jun-2014 00:27:13 CEST  Closed file file:/lustre/cms//store/user/calabria/calabria_SingleMuPt50_GEN-SIM-DIGI-RECO_CMSSW_6_2_0_SLHC12_2023Scenario_Case1/calabria_SingleMuPt50_GEN-SIM-DIGI-RECO_CMSSW_6_2_0_SLHC12_2023Scenario_Case1/cd3731874e2e70f741b687550e03a01f/out_reco_87_2_bhA.root
18-Jun-2014 00:27:13 CEST  Initiating request to open file file:/lustre/cms//store/user/calabria/calabria_SingleMuPt50_GEN-SIM-DIGI-RECO_CMSSW_6_2_0_SLHC12_2023Scenario_Case1/calabria_SingleMuPt50_GEN-SIM-DIGI-RECO_CMSSW_6_2_0_SLHC12_2023Scenario_Case1/cd3731874e2e70f741b687550e03a01f/out_reco_88_2_2Iu.root
18-Jun-2014 00:27:13 CEST  Successfully opened file file:/lustre/cms//store/user/calabria/calabria_SingleMuPt50_GEN-SIM-DIGI-RECO_CMSSW_6_2_0_SLHC12_2023Scenario_Case1/calabria_SingleMuPt50_GEN-SIM-DIGI-RECO_CMSSW_6_2_0_SLHC12_2023Scenario_Case1/cd3731874e2e70f741b687550e03a01f/out_reco_88_2_2Iu.root
18-Jun-2014 00:27:42 CEST  Closed file file:/lustre/cms//store/user/calabria/calabria_SingleMuPt50_GEN-SIM-DIGI-RECO_CMSSW_6_2_0_SLHC12_2023Scenario_Case1/calabria_SingleMuPt50_GEN-SIM-DIGI-RECO_CMSSW_6_2_0_SLHC12_2023Scenario_Case1/cd3731874e2e70f741b687550e03a01f/out_reco_88_2_2Iu.root
18-Jun-2014 00:27:42 CEST  Initiating request to open file file:/lustre/cms//store/user/calabria/calabria_SingleMuPt50_GEN-SIM-DIGI-RECO_CMSSW_6_2_0_SLHC12_2023Scenario_Case1/calabria_SingleMuPt50_GEN-SIM-DIGI-RECO_CMSSW_6_2_0_SLHC12_2023Scenario_Case1/cd3731874e2e70f741b687550e03a01f/out_reco_89_2_KvR.root
18-Jun-2014 00:27:43 CEST  Successfully opened file file:/lustre/cms//store/user/calabria/calabria_SingleMuPt50_GEN-SIM-DIGI-RECO_CMSSW_6_2_0_SLHC12_2023Scenario_Case1/calabria_SingleMuPt50_GEN-SIM-DIGI-RECO_CMSSW_6_2_0_SLHC12_2023Scenario_Case1/cd3731874e2e70f741b687550e03a01f/out_reco_89_2_KvR.root
18-Jun-2014 00:28:12 CEST  Closed file file:/lustre/cms//store/user/calabria/calabria_SingleMuPt50_GEN-SIM-DIGI-RECO_CMSSW_6_2_0_SLHC12_2023Scenario_Case1/calabria_SingleMuPt50_GEN-SIM-DIGI-RECO_CMSSW_6_2_0_SLHC12_2023Scenario_Case1/cd3731874e2e70f741b687550e03a01f/out_reco_89_2_KvR.root
18-Jun-2014 00:28:12 CEST  Initiating request to open file file:/lustre/cms//store/user/calabria/calabria_SingleMuPt50_GEN-SIM-DIGI-RECO_CMSSW_6_2_0_SLHC12_2023Scenario_Case1/calabria_SingleMuPt50_GEN-SIM-DIGI-RECO_CMSSW_6_2_0_SLHC12_2023Scenario_Case1/cd3731874e2e70f741b687550e03a01f/out_reco_90_2_ilZ.root
18-Jun-2014 00:28:12 CEST  Successfully opened file file:/lustre/cms//store/user/calabria/calabria_SingleMuPt50_GEN-SIM-DIGI-RECO_CMSSW_6_2_0_SLHC12_2023Scenario_Case1/calabria_SingleMuPt50_GEN-SIM-DIGI-RECO_CMSSW_6_2_0_SLHC12_2023Scenario_Case1/cd3731874e2e70f741b687550e03a01f/out_reco_90_2_ilZ.root
18-Jun-2014 00:28:45 CEST  Closed file file:/lustre/cms//store/user/calabria/calabria_SingleMuPt50_GEN-SIM-DIGI-RECO_CMSSW_6_2_0_SLHC12_2023Scenario_Case1/calabria_SingleMuPt50_GEN-SIM-DIGI-RECO_CMSSW_6_2_0_SLHC12_2023Scenario_Case1/cd3731874e2e70f741b687550e03a01f/out_reco_90_2_ilZ.root
18-Jun-2014 00:28:45 CEST  Initiating request to open file file:/lustre/cms//store/user/calabria/calabria_SingleMuPt50_GEN-SIM-DIGI-RECO_CMSSW_6_2_0_SLHC12_2023Scenario_Case1/calabria_SingleMuPt50_GEN-SIM-DIGI-RECO_CMSSW_6_2_0_SLHC12_2023Scenario_Case1/cd3731874e2e70f741b687550e03a01f/out_reco_91_2_AII.root
18-Jun-2014 00:28:45 CEST  Successfully opened file file:/lustre/cms//store/user/calabria/calabria_SingleMuPt50_GEN-SIM-DIGI-RECO_CMSSW_6_2_0_SLHC12_2023Scenario_Case1/calabria_SingleMuPt50_GEN-SIM-DIGI-RECO_CMSSW_6_2_0_SLHC12_2023Scenario_Case1/cd3731874e2e70f741b687550e03a01f/out_reco_91_2_AII.root
18-Jun-2014 00:29:15 CEST  Closed file file:/lustre/cms//store/user/calabria/calabria_SingleMuPt50_GEN-SIM-DIGI-RECO_CMSSW_6_2_0_SLHC12_2023Scenario_Case1/calabria_SingleMuPt50_GEN-SIM-DIGI-RECO_CMSSW_6_2_0_SLHC12_2023Scenario_Case1/cd3731874e2e70f741b687550e03a01f/out_reco_91_2_AII.root
18-Jun-2014 00:29:15 CEST  Initiating request to open file file:/lustre/cms//store/user/calabria/calabria_SingleMuPt50_GEN-SIM-DIGI-RECO_CMSSW_6_2_0_SLHC12_2023Scenario_Case1/calabria_SingleMuPt50_GEN-SIM-DIGI-RECO_CMSSW_6_2_0_SLHC12_2023Scenario_Case1/cd3731874e2e70f741b687550e03a01f/out_reco_92_2_mXA.root
18-Jun-2014 00:29:15 CEST  Successfully opened file file:/lustre/cms//store/user/calabria/calabria_SingleMuPt50_GEN-SIM-DIGI-RECO_CMSSW_6_2_0_SLHC12_2023Scenario_Case1/calabria_SingleMuPt50_GEN-SIM-DIGI-RECO_CMSSW_6_2_0_SLHC12_2023Scenario_Case1/cd3731874e2e70f741b687550e03a01f/out_reco_92_2_mXA.root
18-Jun-2014 00:29:47 CEST  Closed file file:/lustre/cms//store/user/calabria/calabria_SingleMuPt50_GEN-SIM-DIGI-RECO_CMSSW_6_2_0_SLHC12_2023Scenario_Case1/calabria_SingleMuPt50_GEN-SIM-DIGI-RECO_CMSSW_6_2_0_SLHC12_2023Scenario_Case1/cd3731874e2e70f741b687550e03a01f/out_reco_92_2_mXA.root
18-Jun-2014 00:29:47 CEST  Initiating request to open file file:/lustre/cms//store/user/calabria/calabria_SingleMuPt50_GEN-SIM-DIGI-RECO_CMSSW_6_2_0_SLHC12_2023Scenario_Case1/calabria_SingleMuPt50_GEN-SIM-DIGI-RECO_CMSSW_6_2_0_SLHC12_2023Scenario_Case1/cd3731874e2e70f741b687550e03a01f/out_reco_95_2_9Pz.root
18-Jun-2014 00:29:48 CEST  Successfully opened file file:/lustre/cms//store/user/calabria/calabria_SingleMuPt50_GEN-SIM-DIGI-RECO_CMSSW_6_2_0_SLHC12_2023Scenario_Case1/calabria_SingleMuPt50_GEN-SIM-DIGI-RECO_CMSSW_6_2_0_SLHC12_2023Scenario_Case1/cd3731874e2e70f741b687550e03a01f/out_reco_95_2_9Pz.root
18-Jun-2014 00:30:17 CEST  Closed file file:/lustre/cms//store/user/calabria/calabria_SingleMuPt50_GEN-SIM-DIGI-RECO_CMSSW_6_2_0_SLHC12_2023Scenario_Case1/calabria_SingleMuPt50_GEN-SIM-DIGI-RECO_CMSSW_6_2_0_SLHC12_2023Scenario_Case1/cd3731874e2e70f741b687550e03a01f/out_reco_95_2_9Pz.root
18-Jun-2014 00:30:17 CEST  Initiating request to open file file:/lustre/cms//store/user/calabria/calabria_SingleMuPt50_GEN-SIM-DIGI-RECO_CMSSW_6_2_0_SLHC12_2023Scenario_Case1/calabria_SingleMuPt50_GEN-SIM-DIGI-RECO_CMSSW_6_2_0_SLHC12_2023Scenario_Case1/cd3731874e2e70f741b687550e03a01f/out_reco_96_2_P0M.root
18-Jun-2014 00:30:17 CEST  Successfully opened file file:/lustre/cms//store/user/calabria/calabria_SingleMuPt50_GEN-SIM-DIGI-RECO_CMSSW_6_2_0_SLHC12_2023Scenario_Case1/calabria_SingleMuPt50_GEN-SIM-DIGI-RECO_CMSSW_6_2_0_SLHC12_2023Scenario_Case1/cd3731874e2e70f741b687550e03a01f/out_reco_96_2_P0M.root
18-Jun-2014 00:30:56 CEST  Closed file file:/lustre/cms//store/user/calabria/calabria_SingleMuPt50_GEN-SIM-DIGI-RECO_CMSSW_6_2_0_SLHC12_2023Scenario_Case1/calabria_SingleMuPt50_GEN-SIM-DIGI-RECO_CMSSW_6_2_0_SLHC12_2023Scenario_Case1/cd3731874e2e70f741b687550e03a01f/out_reco_96_2_P0M.root

=============================================

MessageLogger Summary

 type     category        sev    module        subroutine        count    total
 ---- -------------------- -- ---------------- ----------------  -----    -----
    1 fileAction           -s file_close                            10       10
    2 fileAction           -s file_open                             20       20

 type    category    Examples: run/evt        run/evt          run/evt
 ---- -------------------- ---------------- ---------------- ----------------
    1 fileAction           PostProcessEvent PostProcessEvent PostEndRun
    2 fileAction           pre-events       pre-events       PostProcessEvent

Severity    # Occurrences   Total Occurrences
--------    -------------   -----------------
System                 30                  30
>>> END OF printout of 50 lines from stdout+stderr
>>> Parse FrameworkJobReport crab_fjr.xml
Result of parsing the FrameworkJobReport crab_fjr.xml: Popularity start
lumisRange : 1::::1;1::::2;1::::3;1::::4;1::::5;1::::6;1::::7;1::::8;1::::9;1::::10;
lumisParentRange : 
Basename : /store/user/calabria/calabria_SingleMuPt50_GEN-SIM-DIGI-RECO_CMSSW_6_2_0_SLHC12_2023Scenario_Case1/calabria_SingleMuPt50_GEN-SIM-DIGI-RECO_CMSSW_6_2_0_SLHC12_2023Scenario_Case1/cd3731874e2e70f741b687550e03a01f/out_reco_
BasenameParent : 
parentFiles : 
inputBlocks : /calabria_SingleMuPt50_GEN-SIM-DIGI-RECO_CMSSW_6_2_0_SLHC12_2023Scenario_Case1/calabria-calabria_SingleMuPt50_GEN-SIM-DIGI-RECO_CMSSW_6_2_0_SLHC12_2023Scenario_Case1-cd3731874e2e70f741b687550e03a01f/USER#4106e6ef-38aa-4dc6-8174-1cfad4ef32e0
inputFiles : 96_2_P0M.root::1::EDM::Local::1;88_2_2Iu.root::1::EDM::Local::2;86_2_Ja5.root::1::EDM::Local::3;89_2_KvR.root::1::EDM::Local::4;90_2_ilZ.root::1::EDM::Local::5;91_2_AII.root::1::EDM::Local::6;87_2_bhA.root::1::EDM::Local::7;92_2_mXA.root::1::EDM::Local::8;95_2_9Pz.root::1::EDM::Local::9;84_2_VVg.root::1::EDM::Local::10;
Popularity stop
Extracted ExitStatus from FrameworkJobReport parsing output: 0
>>> Executable succeded  0
ExeExitCode=0
EXECUTABLE_EXIT_STATUS = 0
>>> current directory /home/cms010/home_cream_709661020/CREAM709661020/glide_3mSvHB/execute/dir_4990/CMSSW_6_2_0_SLHC12
>>>  (SOFTWARE_DIR): /home/cms010/home_cream_709661020/CREAM709661020/glide_3mSvHB/execute/dir_4990/CMSSW_6_2_0_SLHC12
>>> (WORKING_DIR): 
>>> current directory content:
total 10536
drwxr-xr-x 3 cms010 cms    4096 Jun 18 00:25 .SCRAM
-rw------- 1 cms010 cms 3739218 Jun 18 00:25 CMSSW.py.pkl
drwxr-xr-x 3 cms010 cms    4096 Jun 18 00:25 bin
drwxr-xr-x 3 cms010 cms    4096 Jun 18 00:25 cfipython
drwxr-xr-x 4 cms010 cms    4096 Jun 18 00:25 config
-rw------- 1 cms010 cms      16 Jun 18 00:30 cpu_timing.txt
drwxr-xr-x 2 cms010 cms    4096 Jun 18 00:25 doc
-rw------- 1 cms010 cms    9895 Jun 18 00:30 executable.out
drwxr-xr-x 2 cms010 cms    4096 Jun 18 00:25 include
drwx------ 3 cms010 cms    4096 Apr 28 18:12 lib
drwxr-xr-x 3 cms010 cms    4096 Jun 18 00:25 logs
drwxr-xr-x 3 cms010 cms    4096 Jun 18 00:25 objs
-rw------- 1 cms010 cms     104 Jun 18 00:25 pset.py
-rw------- 1 cms010 cms 3712303 Jun 18 00:25 pset.py.pkl
-rw------- 1 cms010 cms     289 Jun 18 00:25 pset.pyc
drwxr-xr-x 2 cms010 cms    4096 Jun 18 00:25 python
-rw------- 1 cms010 cms     398 Jun 18 00:30 report.log
drwx------ 6 cms010 cms    4096 Jun 18 00:24 src
drwxr-xr-x 3 cms010 cms    4096 Jun 18 00:25 test
drwxr-xr-x 3 cms010 cms    4096 Jun 18 00:25 tmp
-rw------- 1 cms010 cms 3238102 Jun 18 00:30 validationEDM.root
>>> current directory /home/cms010/home_cream_709661020/CREAM709661020/glide_3mSvHB/execute/dir_4990/CMSSW_6_2_0_SLHC12
>>> (SOFTWARE_DIR): /home/cms010/home_cream_709661020/CREAM709661020/glide_3mSvHB/execute/dir_4990/CMSSW_6_2_0_SLHC12
>>> (WORKING_DIR): 
>>> current directory content:
total 10536
drwxr-xr-x 3 cms010 cms    4096 Jun 18 00:25 .SCRAM
-rw------- 1 cms010 cms 3739218 Jun 18 00:25 CMSSW.py.pkl
drwxr-xr-x 3 cms010 cms    4096 Jun 18 00:25 bin
drwxr-xr-x 3 cms010 cms    4096 Jun 18 00:25 cfipython
drwxr-xr-x 4 cms010 cms    4096 Jun 18 00:25 config
-rw------- 1 cms010 cms      16 Jun 18 00:30 cpu_timing.txt
drwxr-xr-x 2 cms010 cms    4096 Jun 18 00:25 doc
-rw------- 1 cms010 cms    9895 Jun 18 00:30 executable.out
drwxr-xr-x 2 cms010 cms    4096 Jun 18 00:25 include
drwx------ 3 cms010 cms    4096 Apr 28 18:12 lib
drwxr-xr-x 3 cms010 cms    4096 Jun 18 00:25 logs
drwxr-xr-x 3 cms010 cms    4096 Jun 18 00:25 objs
-rw------- 1 cms010 cms     104 Jun 18 00:25 pset.py
-rw------- 1 cms010 cms 3712303 Jun 18 00:25 pset.py.pkl
-rw------- 1 cms010 cms     289 Jun 18 00:25 pset.pyc
drwxr-xr-x 2 cms010 cms    4096 Jun 18 00:25 python
-rw------- 1 cms010 cms     398 Jun 18 00:30 report.log
drwx------ 6 cms010 cms    4096 Jun 18 00:24 src
drwxr-xr-x 3 cms010 cms    4096 Jun 18 00:25 test
drwxr-xr-x 3 cms010 cms    4096 Jun 18 00:25 tmp
-rw------- 1 cms010 cms 3238102 Jun 18 00:30 validationEDM_18_1_rh5.root
>>> current directory (RUNTIME_AREA):  /home/cms010/home_cream_709661020/CREAM709661020/glide_3mSvHB/execute/dir_4990
SE = storm-se-01.ba.infn.it
SE_PATH = /srm/managerv2?SFN=//cms/store/user/calabria/calabria_SingleMuPt50_GEN-SIM-DIGI-RECO_CMSSW_6_2_0_SLHC12_2023Scenario_Case1/calabria_MuMinus50_GEN-SIM-DIGI-RECO_CMSSW_6_2_0_SLHC12_2023Scenario_VALNOPU2_Case1/5854dd31cbd3cdec44c48628cc181cf0/
LFNBaseName = /store/user/calabria/calabria_SingleMuPt50_GEN-SIM-DIGI-RECO_CMSSW_6_2_0_SLHC12_2023Scenario_Case1/calabria_MuMinus50_GEN-SIM-DIGI-RECO_CMSSW_6_2_0_SLHC12_2023Scenario_VALNOPU2_Case1/5854dd31cbd3cdec44c48628cc181cf0/
USER = calabria
endpoint = srm://storm-se-01.ba.infn.it:8444/srm/managerv2?SFN=//cms/store/user/calabria/calabria_SingleMuPt50_GEN-SIM-DIGI-RECO_CMSSW_6_2_0_SLHC12_2023Scenario_Case1/calabria_MuMinus50_GEN-SIM-DIGI-RECO_CMSSW_6_2_0_SLHC12_2023Scenario_VALNOPU2_Case1/5854dd31cbd3cdec44c48628cc181cf0/
>>> Copy output files from WN = gridba52.ba.infn.it to /srm/managerv2?SFN=//cms/store/user/calabria/calabria_SingleMuPt50_GEN-SIM-DIGI-RECO_CMSSW_6_2_0_SLHC12_2023Scenario_Case1/calabria_MuMinus50_GEN-SIM-DIGI-RECO_CMSSW_6_2_0_SLHC12_2023Scenario_VALNOPU2_Case1/5854dd31cbd3cdec44c48628cc181cf0/ :
python cmscp.py  --destination srm://storm-se-01.ba.infn.it:8444/srm/managerv2?SFN=//cms/store/user/calabria/calabria_SingleMuPt50_GEN-SIM-DIGI-RECO_CMSSW_6_2_0_SLHC12_2023Scenario_Case1/calabria_MuMinus50_GEN-SIM-DIGI-RECO_CMSSW_6_2_0_SLHC12_2023Scenario_VALNOPU2_Case1/5854dd31cbd3cdec44c48628cc181cf0/ --inputFileList /home/cms010/home_cream_709661020/CREAM709661020/glide_3mSvHB/execute/dir_4990/CMSSW_6_2_0_SLHC12/validationEDM_18_1_rh5.root --middleware LCG --se_name storm-se-01.ba.infn.it --for_lfn /store/user/calabria/calabria_SingleMuPt50_GEN-SIM-DIGI-RECO_CMSSW_6_2_0_SLHC12_2023Scenario_Case1/calabria_MuMinus50_GEN-SIM-DIGI-RECO_CMSSW_6_2_0_SLHC12_2023Scenario_VALNOPU2_Case1/5854dd31cbd3cdec44c48628cc181cf0/    
******************************************************
localSeName  =  storm-se-01.ba.infn.it
remoteSeName =  storm-se-01.ba.infn.it
******************************************************
{"/home/cms010/home_cream_709661020/CREAM709661020/glide_3mSvHB/execute/dir_4990/CMSSW_6_2_0_SLHC12/validationEDM_18_1_rh5.root": {"endpoint": "srm://storm-se-01.ba.infn.it:8444/srm/managerv2?SFN=//cms/store/user/calabria/calabria_SingleMuPt50_GEN-SIM-DIGI-RECO_CMSSW_6_2_0_SLHC12_2023Scenario_Case1/calabria_MuMinus50_GEN-SIM-DIGI-RECO_CMSSW_6_2_0_SLHC12_2023Scenario_VALNOPU2_Case1/5854dd31cbd3cdec44c48628cc181cf0/", "surl_for_grid": "", "reason": "Copy succedeed with srm-lcg utils", "erCode": "0", "se_name": "storm-se-01.ba.infn.it", "for_lfn": "/store/user/calabria/calabria_SingleMuPt50_GEN-SIM-DIGI-RECO_CMSSW_6_2_0_SLHC12_2023Scenario_Case1/calabria_MuMinus50_GEN-SIM-DIGI-RECO_CMSSW_6_2_0_SLHC12_2023Scenario_VALNOPU2_Case1/5854dd31cbd3cdec44c48628cc181cf0/"}}/home/cms010/home_cream_709661020/CREAM709661020/glide_3mSvHB/execute/dir_4990
-------- cat /home/cms010/home_cream_709661020/CREAM709661020/glide_3mSvHB/execute/dir_4990/cmscpReport.sh 
#!/bin/bash
echo "Report for File: /home/cms010/home_cream_709661020/CREAM709661020/glide_3mSvHB/execute/dir_4990/CMSSW_6_2_0_SLHC12/validationEDM_18_1_rh5.root"
echo "LFN: /store/user/calabria/calabria_SingleMuPt50_GEN-SIM-DIGI-RECO_CMSSW_6_2_0_SLHC12_2023Scenario_Case1/calabria_MuMinus50_GEN-SIM-DIGI-RECO_CMSSW_6_2_0_SLHC12_2023Scenario_VALNOPU2_Case1/5854dd31cbd3cdec44c48628cc181cf0/validationEDM_18_1_rh5.root"
echo "StorageElement: storm-se-01.ba.infn.it"
echo "StageOutExitStatusReason = 'Copy succedeed with srm-lcg utils'" | tee -a $RUNTIME_AREA/$repo
echo "StageOutSE = storm-se-01.ba.infn.it" >> $RUNTIME_AREA/$repo

export StageOutExitStatus=0
echo "StageOutExitStatus = 0" | tee -a $RUNTIME_AREA/$repo
-------- end of /home/cms010/home_cream_709661020/CREAM709661020/glide_3mSvHB/execute/dir_4990/cmscpReport.sh 
Report for File: /home/cms010/home_cream_709661020/CREAM709661020/glide_3mSvHB/execute/dir_4990/CMSSW_6_2_0_SLHC12/validationEDM_18_1_rh5.root
LFN: /store/user/calabria/calabria_SingleMuPt50_GEN-SIM-DIGI-RECO_CMSSW_6_2_0_SLHC12_2023Scenario_Case1/calabria_MuMinus50_GEN-SIM-DIGI-RECO_CMSSW_6_2_0_SLHC12_2023Scenario_VALNOPU2_Case1/5854dd31cbd3cdec44c48628cc181cf0/validationEDM_18_1_rh5.root
StorageElement: storm-se-01.ba.infn.it
StageOutExitStatusReason = 'Copy succedeed with srm-lcg utils'
StageOutExitStatus = 0
>>> current dir: /home/cms010/home_cream_709661020/CREAM709661020/glide_3mSvHB/execute/dir_4990
>>> current dir content:
total 28076
-rw-------  1 cms010 cms     2778 Jun 18 00:31 .SEinteraction.log
-rwx------  1 cms010 cms     6735 Jun 18 00:24 .job.ad
-rwx------  1 cms010 cms     9371 Jun 18 00:24 .machine.ad
-rw-------  1 cms010 cms      105 Jun 16 20:46 CMSSW.py
-rw-------  1 cms010 cms  3739218 Jun 16 20:46 CMSSW.py.pkl
-rwx------  1 cms010 cms    29556 Jun 18 00:24 CMSSW.sh
drwxr-xr-x 15 cms010 cms     4096 Jun 18 00:31 CMSSW_6_2_0_SLHC12
-rw-------  1 cms010 cms      219 Jun 18 00:25 CacheEnv.sh
-rw-------  1 cms010 cms     7291 Apr  4 11:04 DashboardAPI.py
-rw-------  1 cms010 cms     6800 Jun 18 00:25 DashboardAPI.pyc
drwx------  2 cms010 cms     4096 Jun 18 00:30 IMProv
-rw-------  1 cms010 cms     2748 Apr  4 11:04 Logger.py
-rw-------  1 cms010 cms     3342 Jun 18 00:25 Logger.pyc
-rw-------  1 cms010 cms    24524 Apr  4 11:04 ProcInfo.py
-rw-------  1 cms010 cms    23173 Jun 18 00:25 ProcInfo.pyc
drwx------  7 cms010 cms     4096 Jun 18 00:25 ProdCommon
drwx------  3 cms010 cms     4096 Jun 18 00:24 WMCore
-rw-------  1 cms010 cms     2153 Jun 18 00:31 Watchdog_18.log
-rwx------  1 cms010 cms        0 Jun 18 00:24 _condor_stderr
-rwx---r--  1 cms010 cms    29325 Jun 18 00:31 _condor_stdout
-rw-------  1 cms010 cms    32895 Apr  4 11:04 apmon.py
-rw-------  1 cms010 cms    28596 Jun 18 00:25 apmon.pyc
-rwx------  1 cms010 cms    53725 Jun 18 00:24 arguments.xml
-rwx------  1 cms010 cms    38515 Apr  4 11:04 cmscp.py
-rw-------  1 cms010 cms      717 Jun 18 00:31 cmscpReport.sh
-rwx------  1 cms010 cms    29556 Jun 18 00:24 condor_exec.exe
-rw-------  1 cms010 cms      958 Jun 16 20:46 crab.cfg
-rwx------  1 cms010 cms     8610 Apr  4 11:04 crabWatchdog.sh
-rwx---r--  1 cms010 cms   523228 Jun 18 00:30 crab_fjr_18.xml
-rwx------  1 cms010 cms 23958869 Jun 18 00:24 default.tgz
-rwx------  1 cms010 cms     4488 Apr  4 11:04 fillCrabFjr.py
-rw-------  1 cms010 cms     2619 Jun 18 00:25 inputsReport.txt
-rw-------  1 cms010 cms      257 Jun 18 00:31 jobreport.txt
-rw-------  1 cms010 cms    17352 Apr  4 11:04 parseCrabFjr.py
-rw-------  1 cms010 cms      321 Jun 18 00:24 report.log
-rwx--x--x  1 cms010 cms     1497 Apr  4 11:04 report.py
-rw-------  1 cms010 cms      771 Jun 18 00:31 resultCopyFile
lrwxrwxrwx  1 cms010 cms      125 Jun 18 00:31 validationEDM.root -> /home/cms010/home_cream_709661020/CREAM709661020/glide_3mSvHB/execute/dir_4990/CMSSW_6_2_0_SLHC12/validationEDM_18_1_rh5.root
-rwx------  1 cms010 cms     8387 Apr  4 11:04 writeCfg.py
-rw-------  1 cms010 cms     8010 Jun 18 00:24 x509up_u50707
>>> Modify Job Report:
CMSSW_VERSION = CMSSW_6_2_0_SLHC12
ProcessedDataset = calabria_MuMinus50_GEN-SIM-DIGI-RECO_CMSSW_6_2_0_SLHC12_2023Scenario_VALNOPU2_Case1
/home/cms010/home_cream_709661020/CREAM709661020/glide_3mSvHB/execute/dir_4990/ProdCommon/FwkJobRep/ModifyJobReport.py fjr /home/cms010/home_cream_709661020/CREAM709661020/glide_3mSvHB/execute/dir_4990/crab_fjr_18.xml json /home/cms010/home_cream_709661020/CREAM709661020/glide_3mSvHB/execute/dir_4990/resultCopyFile n_job 18_1_rh5 PrimaryDataset calabria_SingleMuPt50_GEN-SIM-DIGI-RECO_CMSSW_6_2_0_SLHC12_2023Scenario_Case1  ApplicationFamily cmsRun ApplicationName cmsRun cmssw_version CMSSW_6_2_0_SLHC12 psethash 5854dd31cbd3cdec44c48628cc181cf0 UserProcessedDataset calabria-calabria_MuMinus50_GEN-SIM-DIGI-RECO_CMSSW_6_2_0_SLHC12_2023Scenario_VALNOPU2_Case1-5854dd31cbd3cdec44c48628cc181cf0
inputDict =  {u'/home/cms010/home_cream_709661020/CREAM709661020/glide_3mSvHB/execute/dir_4990/CMSSW_6_2_0_SLHC12/validationEDM_18_1_rh5.root': {u'endpoint': u'srm://storm-se-01.ba.infn.it:8444/srm/managerv2?SFN=//cms/store/user/calabria/calabria_SingleMuPt50_GEN-SIM-DIGI-RECO_CMSSW_6_2_0_SLHC12_2023Scenario_Case1/calabria_MuMinus50_GEN-SIM-DIGI-RECO_CMSSW_6_2_0_SLHC12_2023Scenario_VALNOPU2_Case1/5854dd31cbd3cdec44c48628cc181cf0/', u'surl_for_grid': u'', u'reason': u'Copy succedeed with srm-lcg utils', u'erCode': u'0', u'se_name': u'storm-se-01.ba.infn.it', u'for_lfn': u'/store/user/calabria/calabria_SingleMuPt50_GEN-SIM-DIGI-RECO_CMSSW_6_2_0_SLHC12_2023Scenario_Case1/calabria_MuMinus50_GEN-SIM-DIGI-RECO_CMSSW_6_2_0_SLHC12_2023Scenario_VALNOPU2_Case1/5854dd31cbd3cdec44c48628cc181cf0/'}}
UserProcessedDataset =  calabria-calabria_MuMinus50_GEN-SIM-DIGI-RECO_CMSSW_6_2_0_SLHC12_2023Scenario_VALNOPU2_Case1-5854dd31cbd3cdec44c48628cc181cf0
file_name in inputDict =  /home/cms010/home_cream_709661020/CREAM709661020/glide_3mSvHB/execute/dir_4990/CMSSW_6_2_0_SLHC12/validationEDM_18_1_rh5.root
(size) os.stat(filename)[6] =  3238102
checksum =  851814984
    file =  validationEDM_18_1_rh5.root
    newPfn =  srm://storm-se-01.ba.infn.it:8444/srm/managerv2?SFN=//cms/store/user/calabria/calabria_SingleMuPt50_GEN-SIM-DIGI-RECO_CMSSW_6_2_0_SLHC12_2023Scenario_Case1/calabria_MuMinus50_GEN-SIM-DIGI-RECO_CMSSW_6_2_0_SLHC12_2023Scenario_VALNOPU2_Case1/5854dd31cbd3cdec44c48628cc181cf0/validationEDM_18_1_rh5.root
    newLfn =  /store/user/calabria/calabria_SingleMuPt50_GEN-SIM-DIGI-RECO_CMSSW_6_2_0_SLHC12_2023Scenario_Case1/calabria_MuMinus50_GEN-SIM-DIGI-RECO_CMSSW_6_2_0_SLHC12_2023Scenario_VALNOPU2_Case1/5854dd31cbd3cdec44c48628cc181cf0/validationEDM_18_1_rh5.root
>>> crab_fjr_*.xml  permission set to 0704
CrabWrapper EXIT_FUNC entered at Wed Jun 18 00:31:52 CEST 2014   -  Tue Jun 17 22:31:52 UTC 2014
Checking output files:  
will tar file crab_fjr_18.xml in  out_files_18
WARNING: output file CMSSW_18.stdout not found!
WARNING: output file CMSSW_18.stderr not found!
WARNING: output file Watchdog_18.log.gz not found!
>>> padding time: Sleeping the wrapper for 184 seconds
STOPPING WATCHDOG. CrabWatchdog PID is 5776
********** LAST 50 LINES OF WATCHDOG LOG
# RESOURCE USAGE SUMMARY FOR PROCESS ID  5049
USER       PID %CPU %MEM    VSZ   RSS TTY      STAT START   TIME COMMAND
cms010    5049  0.6  0.0   9500  1564 ?        S    00:24   0:00 /bin/sh /home/cms010/home_cream_709661020/CREAM709661020/glide_3mSvHB/execute/dir_4990/condor_exec.exe 18 1
 
# LIMITS USED BY CRAB WATCHDOG:
# RSS  (KBytes)   : 2300000
# VSZ  (KBytes)   : 100000000
# DISK (MBytes)   : 19000
# CPU TIME        : 720h:0m:0s
# WALL CLOCK TIME : 21h:50m:0s
 
# FOLLOWING PRINTOUT TRACKS MAXIMUM VALUES OF RESOURCES USE
# ONE LINE IS PRINTED EACH TIME A MAXIMUM CHANGES
# IF CHANGE WAS IN RSS OR VSZ ALSO PROCID AND COMMAND ARE PRINTED
# THERE IS NO PRINTOUT FOR CPU/WALL TIME INCREASE
 
# TIME			PID	RSS(KB)	VSZ(KB)	Dsk(MB)	tCPU(s)	tWALL(s)	COMMAND
 Jun 18 00:25:03 CEST	1775	1368	9364	0	0	0	/bin/bash /home/cms010/home_cream_709661020/CREAM709661020/glide_3mSvHB/main/condor_startup.sh glidein_config        
 Jun 18 00:25:03 CEST	4576	7956	93340	0	0	1	/home/cms010/home_cream_709661020/CREAM709661020/glide_3mSvHB/main/condor/sbin/condor_master -f -pidfile /home/cms010/home_cream_709661020/CREAM709661020/glide_3mSvHB/condor_master2.pid       
 Jun 18 00:25:03 CEST	4990	8368	93612	0	0	1	condor_starter -f vocms20.cern.ch        
 Jun 18 00:25:03 CEST	5789	35272	97812	0	0	1	edmConfigHash pset.py         
 Jun 18 00:25:03 CEST	13384	35272	106092	0	0	1	sh -c "./glidein_startup.sh" -v std -name v3_0 -entry CMS_T2_IT_Bari_ce2 -clientname UCSD-v1_0.main
 Jun 18 00:25:03 CEST	13393	35272	106492	0	1	1	/bin/bash ./glidein_startup.sh -v std -name v3_0 -entry CMS_T2_IT_Bari_ce2 -clientname UCSD-v1_0.main -schedd
 Jun 18 00:25:03 CEST	---	35272	106492	171	----	----	----
 Jun 18 00:26:04 CEST	7537	708296	980708	171	39	64	cmsRun -j /home/cms010/home_cream_709661020/CREAM709661020/glide_3mSvHB/execute/dir_4990/crab_fjr_18.xml -p pset.py      
 Jun 18 00:26:04 CEST	---	708296	980708	175	----	----	----
 Jun 18 00:27:08 CEST	7537	733508	1005712	175	93	128	cmsRun -j /home/cms010/home_cream_709661020/CREAM709661020/glide_3mSvHB/execute/dir_4990/crab_fjr_18.xml -p pset.py      
 Jun 18 00:31:18 CEST	---	733508	1005712	179	----	----	----
********** WATCHDOG LOG ENDED
ZIPPING WATCHDOG LOG
Disk space used:
du -sh /home/cms010/home_cream_709661020/CREAM709661020/glide_3mSvHB/execute/dir_4990
179M	/home/cms010/home_cream_709661020/CREAM709661020/glide_3mSvHB/execute/dir_4990
Found unusual stdout, rename for OSB
`/home/cms010/home_cream_709661020/CREAM709661020/glide_3mSvHB/execute/dir_4990/_condor_stdout' -> `CMSSW_18.stdout'
Found unusual stderr, rename for OSB
`/home/cms010/home_cream_709661020/CREAM709661020/glide_3mSvHB/execute/dir_4990/_condor_stdout' -> `CMSSW_18.stderr'
crab_fjr_18.xml
CMSSW_18.stdout
CMSSW_18.stderr
Watchdog_18.log.gz
Total Output dimension: 69925
WARNING: output files size limit is set to: 50000000
Total Output dimension 69925 is fine.
JOB_EXIT_STATUS = 0
>>> info for dashboard:
***** Cat /home/cms010/home_cream_709661020/CREAM709661020/glide_3mSvHB/execute/dir_4990/jobreport.txt *****
MonitorJobID=18_https://vocms20.cern.ch//140616//1841017.17
MonitorID=calabria_MuMinus50_Case1_ReReco_15jyg8
ExeTime=338
ExeExitCode=0
StageOutExitStatusReason = 'Copy succedeed with srm-lcg utils'
StageOutSE = storm-se-01.ba.infn.it
StageOutExitStatus = 0
CrabUserCpuTime=270.93
CrabSysCpuTime=4.43
CrabCpuPercentage=81%
CrabWrapperTime=600
CrabStageoutTime=49
JobExitCode=0
***** End Cat jobreport *****
Parameters sent to Dashboard.
EXITING at Wed Jun 18 00:35:02 CEST 2014  -  Tue Jun 17 22:35:02 UTC 2014
