This script was generated by crab (version 2.10.5_patch1).
Running /home/cms036/home_cream_139237198/CREAM139237198/glide_BngjR7/execute/dir_4989/condor_exec.exe with 2 positional parameters: 16 1
Today is Wed Jun 18 00:24:54 CEST 2014 - Tue Jun 17 22:24:54 UTC 2014
Job submitted on host gridba52.ba.infn.it
Linux gridba52.ba.infn.it 2.6.32-358.23.2.el6.x86_64 #1 SMP Thu Oct 17 10:27:22 CEST 2013 x86_64 x86_64 x86_64 GNU/Linux
>>> current directory (RUNTIME_AREA): /home/cms036/home_cream_139237198/CREAM139237198/glide_BngjR7/execute/dir_4989
>>> current user: uid=18592(cms036) gid=1399(cms) groups=1399(cms)
>>> directory permission set to 0700
>>> umask set to:  u=rwx,g=,o=
>>> stdout stderr permission set to 0704
>>> voms proxy information:
subject   : /C=IT/O=INFN/OU=Personal Certificate/L=Bari/CN=Cesare Calabria/CN=477126703/CN=105107501
issuer    : /C=IT/O=INFN/OU=Personal Certificate/L=Bari/CN=Cesare Calabria/CN=477126703
identity  : /C=IT/O=INFN/OU=Personal Certificate/L=Bari/CN=Cesare Calabria
type      : RFC3820 compliant limited proxy
strength  : 1024
path      : /home/cms036/home_cream_139237198/CREAM139237198/glide_BngjR7/execute/dir_4989/x509up_u50707
timeleft  : 23:59:56
key usage : Digital Signature, Key Encipherment, Data Encipherment
=== VO cms extension information ===
VO        : cms
subject   : /C=IT/O=INFN/OU=Personal Certificate/L=Bari/CN=Cesare Calabria
issuer    : /DC=ch/DC=cern/OU=computers/CN=voms.cern.ch
attribute : /cms/Role=NULL/Capability=NULL
attribute : /cms/itcms/Role=NULL/Capability=NULL
timeleft  : 154:59:24
uri       : voms.cern.ch:15002

WNHostName=gridba52.ba.infn.it
>>> tar --no-same-permissions -xf /home/cms036/home_cream_139237198/CREAM139237198/glide_BngjR7/execute/dir_4989/default.tgz :
Successful untar
>>> Include /home/cms036/home_cream_139237198/CREAM139237198/glide_BngjR7/execute/dir_4989 in PYTHONPATH:
strip arguments
env var CRAB_UNIQUE_JOB_ID set to: calabria_MuMinus50_Case1_ReReco_15jyg8_16_1_KmO
out_files_16
>>> list of expected files on output sandbox
output files: crab_fjr_16.xml CMSSW_16.stdout CMSSW_16.stderr Watchdog_16.log.gz
>>> GridFlavour discovery: 
GridFlavour=LCG
>>> SyncSite discovery: 
SyncSite=T2_IT_Bari
>>> SyncCE discovery: 
getting SyncCE from CE_ID
SyncCE=cream-ce-2.ba.infn.it:8443/cream-pbs-cms
>>> info for dashboard:
***** Cat /home/cms036/home_cream_139237198/CREAM139237198/glide_BngjR7/execute/dir_4989/jobreport.txt *****
WNHostName=gridba52.ba.infn.it
MonitorJobID=16_https://vocms20.cern.ch//140616//1841017.15
SyncGridJobId=https://vocms20.cern.ch//140616//1841017.15
MonitorID=calabria_MuMinus50_Case1_ReReco_15jyg8
GridFlavour=LCG
SyncSite=T2_IT_Bari
SyncCE=cream-ce-2.ba.infn.it:8443/cream-pbs-cms
***** End Cat jobreport *****
Parameters sent to Dashboard.
>>> setup environment
set SCRAM ARCH to slc5_amd64_gcc472
SCRAM_ARCH = slc5_amd64_gcc472
>>> setup CMS LCG environment:
set SCRAM ARCH and BUILD_ARCH to slc5_amd64_gcc472 ###
Sourcing environment... 
sourcing /cvmfs/cms.cern.ch/cmsset_default.sh
==> setup cms environment ok
>>> specific cmssw setup environment:
CMSSW_VERSION =  CMSSW_6_2_0_SLHC12
>>> current directory (SOFTWARE_DIR): /home/cms036/home_cream_139237198/CREAM139237198/glide_BngjR7/execute/dir_4989/CMSSW_6_2_0_SLHC12
PreserveSeeds: <>
IncrementSeeds:<>
>>> info for dashboard:
***** Cat /home/cms036/home_cream_139237198/CREAM139237198/glide_BngjR7/execute/dir_4989/jobreport.txt *****
MonitorJobID=16_https://vocms20.cern.ch//140616//1841017.15
MonitorID=calabria_MuMinus50_Case1_ReReco_15jyg8
***** End Cat jobreport *****
Parameters sent to Dashboard.
crabWatchdog started as process 6126
>>> moving CMSSW software directories in /home/cms036/home_cream_139237198/CREAM139237198/glide_BngjR7/execute/dir_4989/CMSSW_6_2_0_SLHC12
mv: cannot stat `/home/cms036/home_cream_139237198/CREAM139237198/glide_BngjR7/execute/dir_4989/module/': No such file or directory
>>> Include /home/cms036/home_cream_139237198/CREAM139237198/glide_BngjR7/execute/dir_4989 in PYTHONPATH:
PYTHONPATH=/home/cms036/home_cream_139237198/CREAM139237198/glide_BngjR7/execute/dir_4989/:/home/cms036/home_cream_139237198/CREAM139237198/glide_BngjR7/execute/dir_4989/CMSSW_6_2_0_SLHC12/python:/home/cms036/home_cream_139237198/CREAM139237198/glide_BngjR7/execute/dir_4989/CMSSW_6_2_0_SLHC12/lib/slc5_amd64_gcc472:/cvmfs/cms.cern.ch/slc5_amd64_gcc472/cms/cmssw/CMSSW_6_2_0_SLHC12/python:/cvmfs/cms.cern.ch/slc5_amd64_gcc472/cms/cmssw/CMSSW_6_2_0_SLHC12/lib/slc5_amd64_gcc472:/cvmfs/cms.cern.ch/slc5_amd64_gcc472/cms/coral/CORAL_2_3_21-cms36/slc5_amd64_gcc472/python:/cvmfs/cms.cern.ch/slc5_amd64_gcc472/cms/coral/CORAL_2_3_21-cms36/slc5_amd64_gcc472/lib:/cvmfs/cms.cern.ch/slc5_amd64_gcc472/external/pyqt/4.8.1-cms6/lib/python2.7/site-packages:/cvmfs/cms.cern.ch/slc5_amd64_gcc472/external/py2-scipy/0.8.0-cms8/lib/python2.7/site-packages:/cvmfs/cms.cern.ch/slc5_amd64_gcc472/external/py2-matplotlib/1.0.1-cms8/lib/python2.7/site-packages:/cvmfs/cms.cern.ch/slc5_amd64_gcc472/external/python-ldap/2.3.5-cms6/lib/python2.7/site-packages:/cvmfs/cms.cern.ch/slc5_amd64_gcc472/external/sip/4.11.2-cms6/lib/python2.7/site-packages:/cvmfs/cms.cern.ch/slc5_amd64_gcc472/external/py2-pycurl/7.19.0-cms8/lib/python2.7/site-packages:/cvmfs/cms.cern.ch/slc5_amd64_gcc472/external/py2-numpy/1.6.1-cms8/lib/python2.7/site-packages:/cvmfs/cms.cern.ch/slc5_amd64_gcc472/external/py2-lint/0.25.1-cms6/lib/python2.7/site-packages:/cvmfs/cms.cern.ch/slc5_amd64_gcc472/external/py2-ipython/0.10-cms6/lib/python2.7/site-packages:/cvmfs/cms.cern.ch/slc5_amd64_gcc472/external/py2-cx-oracle/5.1-cms7/lib/python2.7/site-packages:/cvmfs/cms.cern.ch/slc5_amd64_gcc472/external/py2-cjson/1.0.5-cms6/lib/python2.7/site-packages:/cvmfs/cms.cern.ch/slc5_amd64_gcc472/cms/das-client/1.11.7/bin:/cvmfs/cms.cern.ch/slc5_amd64_gcc472/external/elementtree/1.2.6-cms6/share/lib/python2.7/site-packages:/cvmfs/cms.cern.ch/slc5_amd64_gcc472/external/rivet/1.8.2-cms8/lib/python2.7/site-packages:/cvmfs/cms.cern.ch/slc5_amd64_gcc472/external/pyminuit2/0.0.1-cms19/lib/python2.7/site-packages:/cvmfs/cms.cern.ch/slc5_amd64_gcc472/external/py2-pygithub/1.23.0/lib/python2.7/site-packages:/cvmfs/cms.cern.ch/slc5_amd64_gcc472/external/professor/1.0.0-cms19/lib/python2.7/site-packages:/cvmfs/cms.cern.ch/slc5_amd64_gcc472/lcg/root/5.34.07-cms/lib:/cvmfs/cms.cern.ch/slc5_amd64_gcc472/cms/dbs-client/DBS_2_1_9-cms5/lib:/cvmfs/cms.cern.ch/slc5_amd64_gcc472/cms/dbs-client/DBS_2_1_9-cms5/lib/DBSAPI:/cvmfs/cms.cern.ch/slc5_amd64_gcc472/external/cvs2git/5419-cms/lib:/home/cms036/home_cream_139237198/CREAM139237198/glide_BngjR7/execute/dir_4989/
 
# LIMITS USED BY CRAB WATCHDOG:
# RSS  (KBytes)   : 2300000
# VSZ  (KBytes)   : 100000000
# DISK (MBytes)   : 19000
# CPU TIME        : 720h:0m:0s
# WALL CLOCK TIME : 21h:50m:0s
 
5854dd31cbd3cdec44c48628cc181cf0
PSETHASH = 5854dd31cbd3cdec44c48628cc181cf0
/home/cms036/home_cream_139237198/CREAM139237198/glide_BngjR7/execute/dir_4989/writeCfg.py pset.py pset.py
Importing .py file
Setting parameters
RandomNumberGeneratorService found, will attempt to change seeds
inputBlocks=/calabria_SingleMuPt50_GEN-SIM-DIGI-RECO_CMSSW_6_2_0_SLHC12_2023Scenario_Case1/calabria-calabria_SingleMuPt50_GEN-SIM-DIGI-RECO_CMSSW_6_2_0_SLHC12_2023Scenario_Case1-cd3731874e2e70f741b687550e03a01f/USER#4106e6ef-38aa-4dc6-8174-1cfad4ef32e0
inputFiles=/store/user/calabria/calabria_SingleMuPt50_GEN-SIM-DIGI-RECO_CMSSW_6_2_0_SLHC12_2023Scenario_Case1/calabria_SingleMuPt50_GEN-SIM-DIGI-RECO_CMSSW_6_2_0_SLHC12_2023Scenario_Case1/cd3731874e2e70f741b687550e03a01f/out_reco_67_2_MyP.root;/store/user/calabria/calabria_SingleMuPt50_GEN-SIM-DIGI-RECO_CMSSW_6_2_0_SLHC12_2023Scenario_Case1/calabria_SingleMuPt50_GEN-SIM-DIGI-RECO_CMSSW_6_2_0_SLHC12_2023Scenario_Case1/cd3731874e2e70f741b687550e03a01f/out_reco_68_2_5CL.root;/store/user/calabria/calabria_SingleMuPt50_GEN-SIM-DIGI-RECO_CMSSW_6_2_0_SLHC12_2023Scenario_Case1/calabria_SingleMuPt50_GEN-SIM-DIGI-RECO_CMSSW_6_2_0_SLHC12_2023Scenario_Case1/cd3731874e2e70f741b687550e03a01f/out_reco_498_2_w4q.root;/store/user/calabria/calabria_SingleMuPt50_GEN-SIM-DIGI-RECO_CMSSW_6_2_0_SLHC12_2023Scenario_Case1/calabria_SingleMuPt50_GEN-SIM-DIGI-RECO_CMSSW_6_2_0_SLHC12_2023Scenario_Case1/cd3731874e2e70f741b687550e03a01f/out_reco_499_2_hZN.root;/store/user/calabria/calabria_SingleMuPt50_GEN-SIM-DIGI-RECO_CMSSW_6_2_0_SLHC12_2023Scenario_Case1/calabria_SingleMuPt50_GEN-SIM-DIGI-RECO_CMSSW_6_2_0_SLHC12_2023Scenario_Case1/cd3731874e2e70f741b687550e03a01f/out_reco_500_1_2Ay.root;/store/user/calabria/calabria_SingleMuPt50_GEN-SIM-DIGI-RECO_CMSSW_6_2_0_SLHC12_2023Scenario_Case1/calabria_SingleMuPt50_GEN-SIM-DIGI-RECO_CMSSW_6_2_0_SLHC12_2023Scenario_Case1/cd3731874e2e70f741b687550e03a01f/out_reco_69_2_wSU.root;/store/user/calabria/calabria_SingleMuPt50_GEN-SIM-DIGI-RECO_CMSSW_6_2_0_SLHC12_2023Scenario_Case1/calabria_SingleMuPt50_GEN-SIM-DIGI-RECO_CMSSW_6_2_0_SLHC12_2023Scenario_Case1/cd3731874e2e70f741b687550e03a01f/out_reco_70_2_CqB.root;/store/user/calabria/calabria_SingleMuPt50_GEN-SIM-DIGI-RECO_CMSSW_6_2_0_SLHC12_2023Scenario_Case1/calabria_SingleMuPt50_GEN-SIM-DIGI-RECO_CMSSW_6_2_0_SLHC12_2023Scenario_Case1/cd3731874e2e70f741b687550e03a01f/out_reco_71_1_Prl.root;/store/user/calabria/calabria_SingleMuPt50_GEN-SIM-DIGI-RECO_CMSSW_6_2_0_SLHC12_2023Scenario_Case1/calabria_SingleMuPt50_GEN-SIM-DIGI-RECO_CMSSW_6_2_0_SLHC12_2023Scenario_Case1/cd3731874e2e70f741b687550e03a01f/out_reco_72_2_Jsd.root;/store/user/calabria/calabria_SingleMuPt50_GEN-SIM-DIGI-RECO_CMSSW_6_2_0_SLHC12_2023Scenario_Case1/calabria_SingleMuPt50_GEN-SIM-DIGI-RECO_CMSSW_6_2_0_SLHC12_2023Scenario_Case1/cd3731874e2e70f741b687550e03a01f/out_reco_73_2_yVR.root
parentFiles=
lumisRange=
>>> Executable cmsRun
/cvmfs/cms.cern.ch/slc5_amd64_gcc472/cms/cmssw/CMSSW_6_2_0_SLHC12/bin/slc5_amd64_gcc472/cmsRun
ok executable found
>>> info for dashboard:
***** Cat /home/cms036/home_cream_139237198/CREAM139237198/glide_BngjR7/execute/dir_4989/jobreport.txt *****
MonitorJobID=16_https://vocms20.cern.ch//140616//1841017.15
MonitorID=calabria_MuMinus50_Case1_ReReco_15jyg8
ExeStart=cmsRun
***** End Cat jobreport *****
Parameters sent to Dashboard.
>>> cmsRun started at Tue Jun 17 22:25:20 UTC 2014
>>> cmsRun ended at Tue Jun 17 22:31:06 UTC 2014
>>> crab_fjr_*.xml  permission set to 0704
>>> info for dashboard:
***** Cat /home/cms036/home_cream_139237198/CREAM139237198/glide_BngjR7/execute/dir_4989/jobreport.txt *****
MonitorJobID=16_https://vocms20.cern.ch//140616//1841017.15
MonitorID=calabria_MuMinus50_Case1_ReReco_15jyg8
ExeEnd=cmsRun
***** End Cat jobreport *****
Parameters sent to Dashboard.
TIME_EXE = 346 sec
>>> cmsRun wrote 50 lines of stdout+stderr
>>> START OF printout of 50 lines from stdout+stderr
271 DQMStore::DQMStore 
HcalTopologyIdealEP::HcalTopologyIdealEP
18-Jun-2014 00:25:42 CEST  Initiating request to open file file:/lustre/cms//store/user/calabria/calabria_SingleMuPt50_GEN-SIM-DIGI-RECO_CMSSW_6_2_0_SLHC12_2023Scenario_Case1/calabria_SingleMuPt50_GEN-SIM-DIGI-RECO_CMSSW_6_2_0_SLHC12_2023Scenario_Case1/cd3731874e2e70f741b687550e03a01f/out_reco_67_2_MyP.root
18-Jun-2014 00:25:45 CEST  Successfully opened file file:/lustre/cms//store/user/calabria/calabria_SingleMuPt50_GEN-SIM-DIGI-RECO_CMSSW_6_2_0_SLHC12_2023Scenario_Case1/calabria_SingleMuPt50_GEN-SIM-DIGI-RECO_CMSSW_6_2_0_SLHC12_2023Scenario_Case1/cd3731874e2e70f741b687550e03a01f/out_reco_67_2_MyP.root
18-Jun-2014 00:26:20 CEST  Closed file file:/lustre/cms//store/user/calabria/calabria_SingleMuPt50_GEN-SIM-DIGI-RECO_CMSSW_6_2_0_SLHC12_2023Scenario_Case1/calabria_SingleMuPt50_GEN-SIM-DIGI-RECO_CMSSW_6_2_0_SLHC12_2023Scenario_Case1/cd3731874e2e70f741b687550e03a01f/out_reco_67_2_MyP.root
18-Jun-2014 00:26:20 CEST  Initiating request to open file file:/lustre/cms//store/user/calabria/calabria_SingleMuPt50_GEN-SIM-DIGI-RECO_CMSSW_6_2_0_SLHC12_2023Scenario_Case1/calabria_SingleMuPt50_GEN-SIM-DIGI-RECO_CMSSW_6_2_0_SLHC12_2023Scenario_Case1/cd3731874e2e70f741b687550e03a01f/out_reco_68_2_5CL.root
18-Jun-2014 00:26:20 CEST  Successfully opened file file:/lustre/cms//store/user/calabria/calabria_SingleMuPt50_GEN-SIM-DIGI-RECO_CMSSW_6_2_0_SLHC12_2023Scenario_Case1/calabria_SingleMuPt50_GEN-SIM-DIGI-RECO_CMSSW_6_2_0_SLHC12_2023Scenario_Case1/cd3731874e2e70f741b687550e03a01f/out_reco_68_2_5CL.root
18-Jun-2014 00:26:50 CEST  Closed file file:/lustre/cms//store/user/calabria/calabria_SingleMuPt50_GEN-SIM-DIGI-RECO_CMSSW_6_2_0_SLHC12_2023Scenario_Case1/calabria_SingleMuPt50_GEN-SIM-DIGI-RECO_CMSSW_6_2_0_SLHC12_2023Scenario_Case1/cd3731874e2e70f741b687550e03a01f/out_reco_68_2_5CL.root
18-Jun-2014 00:26:50 CEST  Initiating request to open file file:/lustre/cms//store/user/calabria/calabria_SingleMuPt50_GEN-SIM-DIGI-RECO_CMSSW_6_2_0_SLHC12_2023Scenario_Case1/calabria_SingleMuPt50_GEN-SIM-DIGI-RECO_CMSSW_6_2_0_SLHC12_2023Scenario_Case1/cd3731874e2e70f741b687550e03a01f/out_reco_498_2_w4q.root
18-Jun-2014 00:26:51 CEST  Successfully opened file file:/lustre/cms//store/user/calabria/calabria_SingleMuPt50_GEN-SIM-DIGI-RECO_CMSSW_6_2_0_SLHC12_2023Scenario_Case1/calabria_SingleMuPt50_GEN-SIM-DIGI-RECO_CMSSW_6_2_0_SLHC12_2023Scenario_Case1/cd3731874e2e70f741b687550e03a01f/out_reco_498_2_w4q.root
18-Jun-2014 00:27:23 CEST  Closed file file:/lustre/cms//store/user/calabria/calabria_SingleMuPt50_GEN-SIM-DIGI-RECO_CMSSW_6_2_0_SLHC12_2023Scenario_Case1/calabria_SingleMuPt50_GEN-SIM-DIGI-RECO_CMSSW_6_2_0_SLHC12_2023Scenario_Case1/cd3731874e2e70f741b687550e03a01f/out_reco_498_2_w4q.root
18-Jun-2014 00:27:23 CEST  Initiating request to open file file:/lustre/cms//store/user/calabria/calabria_SingleMuPt50_GEN-SIM-DIGI-RECO_CMSSW_6_2_0_SLHC12_2023Scenario_Case1/calabria_SingleMuPt50_GEN-SIM-DIGI-RECO_CMSSW_6_2_0_SLHC12_2023Scenario_Case1/cd3731874e2e70f741b687550e03a01f/out_reco_499_2_hZN.root
18-Jun-2014 00:27:23 CEST  Successfully opened file file:/lustre/cms//store/user/calabria/calabria_SingleMuPt50_GEN-SIM-DIGI-RECO_CMSSW_6_2_0_SLHC12_2023Scenario_Case1/calabria_SingleMuPt50_GEN-SIM-DIGI-RECO_CMSSW_6_2_0_SLHC12_2023Scenario_Case1/cd3731874e2e70f741b687550e03a01f/out_reco_499_2_hZN.root
18-Jun-2014 00:27:53 CEST  Closed file file:/lustre/cms//store/user/calabria/calabria_SingleMuPt50_GEN-SIM-DIGI-RECO_CMSSW_6_2_0_SLHC12_2023Scenario_Case1/calabria_SingleMuPt50_GEN-SIM-DIGI-RECO_CMSSW_6_2_0_SLHC12_2023Scenario_Case1/cd3731874e2e70f741b687550e03a01f/out_reco_499_2_hZN.root
18-Jun-2014 00:27:53 CEST  Initiating request to open file file:/lustre/cms//store/user/calabria/calabria_SingleMuPt50_GEN-SIM-DIGI-RECO_CMSSW_6_2_0_SLHC12_2023Scenario_Case1/calabria_SingleMuPt50_GEN-SIM-DIGI-RECO_CMSSW_6_2_0_SLHC12_2023Scenario_Case1/cd3731874e2e70f741b687550e03a01f/out_reco_500_1_2Ay.root
18-Jun-2014 00:27:53 CEST  Successfully opened file file:/lustre/cms//store/user/calabria/calabria_SingleMuPt50_GEN-SIM-DIGI-RECO_CMSSW_6_2_0_SLHC12_2023Scenario_Case1/calabria_SingleMuPt50_GEN-SIM-DIGI-RECO_CMSSW_6_2_0_SLHC12_2023Scenario_Case1/cd3731874e2e70f741b687550e03a01f/out_reco_500_1_2Ay.root
18-Jun-2014 00:28:24 CEST  Closed file file:/lustre/cms//store/user/calabria/calabria_SingleMuPt50_GEN-SIM-DIGI-RECO_CMSSW_6_2_0_SLHC12_2023Scenario_Case1/calabria_SingleMuPt50_GEN-SIM-DIGI-RECO_CMSSW_6_2_0_SLHC12_2023Scenario_Case1/cd3731874e2e70f741b687550e03a01f/out_reco_500_1_2Ay.root
18-Jun-2014 00:28:24 CEST  Initiating request to open file file:/lustre/cms//store/user/calabria/calabria_SingleMuPt50_GEN-SIM-DIGI-RECO_CMSSW_6_2_0_SLHC12_2023Scenario_Case1/calabria_SingleMuPt50_GEN-SIM-DIGI-RECO_CMSSW_6_2_0_SLHC12_2023Scenario_Case1/cd3731874e2e70f741b687550e03a01f/out_reco_69_2_wSU.root
18-Jun-2014 00:28:24 CEST  Successfully opened file file:/lustre/cms//store/user/calabria/calabria_SingleMuPt50_GEN-SIM-DIGI-RECO_CMSSW_6_2_0_SLHC12_2023Scenario_Case1/calabria_SingleMuPt50_GEN-SIM-DIGI-RECO_CMSSW_6_2_0_SLHC12_2023Scenario_Case1/cd3731874e2e70f741b687550e03a01f/out_reco_69_2_wSU.root
18-Jun-2014 00:28:55 CEST  Closed file file:/lustre/cms//store/user/calabria/calabria_SingleMuPt50_GEN-SIM-DIGI-RECO_CMSSW_6_2_0_SLHC12_2023Scenario_Case1/calabria_SingleMuPt50_GEN-SIM-DIGI-RECO_CMSSW_6_2_0_SLHC12_2023Scenario_Case1/cd3731874e2e70f741b687550e03a01f/out_reco_69_2_wSU.root
18-Jun-2014 00:28:55 CEST  Initiating request to open file file:/lustre/cms//store/user/calabria/calabria_SingleMuPt50_GEN-SIM-DIGI-RECO_CMSSW_6_2_0_SLHC12_2023Scenario_Case1/calabria_SingleMuPt50_GEN-SIM-DIGI-RECO_CMSSW_6_2_0_SLHC12_2023Scenario_Case1/cd3731874e2e70f741b687550e03a01f/out_reco_70_2_CqB.root
18-Jun-2014 00:28:55 CEST  Successfully opened file file:/lustre/cms//store/user/calabria/calabria_SingleMuPt50_GEN-SIM-DIGI-RECO_CMSSW_6_2_0_SLHC12_2023Scenario_Case1/calabria_SingleMuPt50_GEN-SIM-DIGI-RECO_CMSSW_6_2_0_SLHC12_2023Scenario_Case1/cd3731874e2e70f741b687550e03a01f/out_reco_70_2_CqB.root
18-Jun-2014 00:29:26 CEST  Closed file file:/lustre/cms//store/user/calabria/calabria_SingleMuPt50_GEN-SIM-DIGI-RECO_CMSSW_6_2_0_SLHC12_2023Scenario_Case1/calabria_SingleMuPt50_GEN-SIM-DIGI-RECO_CMSSW_6_2_0_SLHC12_2023Scenario_Case1/cd3731874e2e70f741b687550e03a01f/out_reco_70_2_CqB.root
18-Jun-2014 00:29:26 CEST  Initiating request to open file file:/lustre/cms//store/user/calabria/calabria_SingleMuPt50_GEN-SIM-DIGI-RECO_CMSSW_6_2_0_SLHC12_2023Scenario_Case1/calabria_SingleMuPt50_GEN-SIM-DIGI-RECO_CMSSW_6_2_0_SLHC12_2023Scenario_Case1/cd3731874e2e70f741b687550e03a01f/out_reco_71_1_Prl.root
18-Jun-2014 00:29:26 CEST  Successfully opened file file:/lustre/cms//store/user/calabria/calabria_SingleMuPt50_GEN-SIM-DIGI-RECO_CMSSW_6_2_0_SLHC12_2023Scenario_Case1/calabria_SingleMuPt50_GEN-SIM-DIGI-RECO_CMSSW_6_2_0_SLHC12_2023Scenario_Case1/cd3731874e2e70f741b687550e03a01f/out_reco_71_1_Prl.root
18-Jun-2014 00:29:55 CEST  Closed file file:/lustre/cms//store/user/calabria/calabria_SingleMuPt50_GEN-SIM-DIGI-RECO_CMSSW_6_2_0_SLHC12_2023Scenario_Case1/calabria_SingleMuPt50_GEN-SIM-DIGI-RECO_CMSSW_6_2_0_SLHC12_2023Scenario_Case1/cd3731874e2e70f741b687550e03a01f/out_reco_71_1_Prl.root
18-Jun-2014 00:29:55 CEST  Initiating request to open file file:/lustre/cms//store/user/calabria/calabria_SingleMuPt50_GEN-SIM-DIGI-RECO_CMSSW_6_2_0_SLHC12_2023Scenario_Case1/calabria_SingleMuPt50_GEN-SIM-DIGI-RECO_CMSSW_6_2_0_SLHC12_2023Scenario_Case1/cd3731874e2e70f741b687550e03a01f/out_reco_72_2_Jsd.root
18-Jun-2014 00:29:56 CEST  Successfully opened file file:/lustre/cms//store/user/calabria/calabria_SingleMuPt50_GEN-SIM-DIGI-RECO_CMSSW_6_2_0_SLHC12_2023Scenario_Case1/calabria_SingleMuPt50_GEN-SIM-DIGI-RECO_CMSSW_6_2_0_SLHC12_2023Scenario_Case1/cd3731874e2e70f741b687550e03a01f/out_reco_72_2_Jsd.root
18-Jun-2014 00:30:26 CEST  Closed file file:/lustre/cms//store/user/calabria/calabria_SingleMuPt50_GEN-SIM-DIGI-RECO_CMSSW_6_2_0_SLHC12_2023Scenario_Case1/calabria_SingleMuPt50_GEN-SIM-DIGI-RECO_CMSSW_6_2_0_SLHC12_2023Scenario_Case1/cd3731874e2e70f741b687550e03a01f/out_reco_72_2_Jsd.root
18-Jun-2014 00:30:26 CEST  Initiating request to open file file:/lustre/cms//store/user/calabria/calabria_SingleMuPt50_GEN-SIM-DIGI-RECO_CMSSW_6_2_0_SLHC12_2023Scenario_Case1/calabria_SingleMuPt50_GEN-SIM-DIGI-RECO_CMSSW_6_2_0_SLHC12_2023Scenario_Case1/cd3731874e2e70f741b687550e03a01f/out_reco_73_2_yVR.root
18-Jun-2014 00:30:26 CEST  Successfully opened file file:/lustre/cms//store/user/calabria/calabria_SingleMuPt50_GEN-SIM-DIGI-RECO_CMSSW_6_2_0_SLHC12_2023Scenario_Case1/calabria_SingleMuPt50_GEN-SIM-DIGI-RECO_CMSSW_6_2_0_SLHC12_2023Scenario_Case1/cd3731874e2e70f741b687550e03a01f/out_reco_73_2_yVR.root
18-Jun-2014 00:31:05 CEST  Closed file file:/lustre/cms//store/user/calabria/calabria_SingleMuPt50_GEN-SIM-DIGI-RECO_CMSSW_6_2_0_SLHC12_2023Scenario_Case1/calabria_SingleMuPt50_GEN-SIM-DIGI-RECO_CMSSW_6_2_0_SLHC12_2023Scenario_Case1/cd3731874e2e70f741b687550e03a01f/out_reco_73_2_yVR.root

=============================================

MessageLogger Summary

 type     category        sev    module        subroutine        count    total
 ---- -------------------- -- ---------------- ----------------  -----    -----
    1 fileAction           -s file_close                            10       10
    2 fileAction           -s file_open                             20       20

 type    category    Examples: run/evt        run/evt          run/evt
 ---- -------------------- ---------------- ---------------- ----------------
    1 fileAction           PostProcessEvent PostProcessEvent PostEndRun
    2 fileAction           pre-events       pre-events       PostProcessEvent

Severity    # Occurrences   Total Occurrences
--------    -------------   -----------------
System                 30                  30
>>> END OF printout of 50 lines from stdout+stderr
>>> Parse FrameworkJobReport crab_fjr.xml
Result of parsing the FrameworkJobReport crab_fjr.xml: Popularity start
lumisRange : 1::::1;1::::2;1::::3;1::::4;1::::5;1::::6;1::::7;1::::8;1::::9;1::::10;
lumisParentRange : 
Basename : /store/user/calabria/calabria_SingleMuPt50_GEN-SIM-DIGI-RECO_CMSSW_6_2_0_SLHC12_2023Scenario_Case1/calabria_SingleMuPt50_GEN-SIM-DIGI-RECO_CMSSW_6_2_0_SLHC12_2023Scenario_Case1/cd3731874e2e70f741b687550e03a01f/out_reco_
BasenameParent : 
parentFiles : 
inputBlocks : /calabria_SingleMuPt50_GEN-SIM-DIGI-RECO_CMSSW_6_2_0_SLHC12_2023Scenario_Case1/calabria-calabria_SingleMuPt50_GEN-SIM-DIGI-RECO_CMSSW_6_2_0_SLHC12_2023Scenario_Case1-cd3731874e2e70f741b687550e03a01f/USER#4106e6ef-38aa-4dc6-8174-1cfad4ef32e0
inputFiles : 67_2_MyP.root::1::EDM::Local::1;498_2_w4q.root::1::EDM::Local::2;500_1_2Ay.root::1::EDM::Local::3;70_2_CqB.root::1::EDM::Local::4;71_1_Prl.root::1::EDM::Local::5;68_2_5CL.root::1::EDM::Local::6;69_2_wSU.root::1::EDM::Local::7;73_2_yVR.root::1::EDM::Local::8;499_2_hZN.root::1::EDM::Local::9;72_2_Jsd.root::1::EDM::Local::10;
Popularity stop
Extracted ExitStatus from FrameworkJobReport parsing output: 0
>>> Executable succeded  0
ExeExitCode=0
EXECUTABLE_EXIT_STATUS = 0
>>> current directory /home/cms036/home_cream_139237198/CREAM139237198/glide_BngjR7/execute/dir_4989/CMSSW_6_2_0_SLHC12
>>>  (SOFTWARE_DIR): /home/cms036/home_cream_139237198/CREAM139237198/glide_BngjR7/execute/dir_4989/CMSSW_6_2_0_SLHC12
>>> (WORKING_DIR): 
>>> current directory content:
total 10552
drwxr-xr-x 3 cms036 cms    4096 Jun 18 00:25 .SCRAM
-rw------- 1 cms036 cms 3739218 Jun 18 00:25 CMSSW.py.pkl
drwxr-xr-x 3 cms036 cms    4096 Jun 18 00:25 bin
drwxr-xr-x 3 cms036 cms    4096 Jun 18 00:25 cfipython
drwxr-xr-x 4 cms036 cms    4096 Jun 18 00:25 config
-rw------- 1 cms036 cms      16 Jun 18 00:31 cpu_timing.txt
drwxr-xr-x 2 cms036 cms    4096 Jun 18 00:25 doc
-rw------- 1 cms036 cms    9904 Jun 18 00:31 executable.out
drwxr-xr-x 2 cms036 cms    4096 Jun 18 00:25 include
drwx------ 3 cms036 cms    4096 Apr 28 18:12 lib
drwxr-xr-x 3 cms036 cms    4096 Jun 18 00:25 logs
drwxr-xr-x 3 cms036 cms    4096 Jun 18 00:25 objs
-rw------- 1 cms036 cms     104 Jun 18 00:25 pset.py
-rw------- 1 cms036 cms 3712302 Jun 18 00:25 pset.py.pkl
-rw------- 1 cms036 cms     289 Jun 18 00:25 pset.pyc
drwxr-xr-x 2 cms036 cms    4096 Jun 18 00:25 python
-rw------- 1 cms036 cms     398 Jun 18 00:31 report.log
drwx------ 6 cms036 cms    4096 Jun 18 00:24 src
drwxr-xr-x 3 cms036 cms    4096 Jun 18 00:25 test
drwxr-xr-x 3 cms036 cms    4096 Jun 18 00:25 tmp
-rw------- 1 cms036 cms 3253103 Jun 18 00:31 validationEDM.root
>>> current directory /home/cms036/home_cream_139237198/CREAM139237198/glide_BngjR7/execute/dir_4989/CMSSW_6_2_0_SLHC12
>>> (SOFTWARE_DIR): /home/cms036/home_cream_139237198/CREAM139237198/glide_BngjR7/execute/dir_4989/CMSSW_6_2_0_SLHC12
>>> (WORKING_DIR): 
>>> current directory content:
total 10552
drwxr-xr-x 3 cms036 cms    4096 Jun 18 00:25 .SCRAM
-rw------- 1 cms036 cms 3739218 Jun 18 00:25 CMSSW.py.pkl
drwxr-xr-x 3 cms036 cms    4096 Jun 18 00:25 bin
drwxr-xr-x 3 cms036 cms    4096 Jun 18 00:25 cfipython
drwxr-xr-x 4 cms036 cms    4096 Jun 18 00:25 config
-rw------- 1 cms036 cms      16 Jun 18 00:31 cpu_timing.txt
drwxr-xr-x 2 cms036 cms    4096 Jun 18 00:25 doc
-rw------- 1 cms036 cms    9904 Jun 18 00:31 executable.out
drwxr-xr-x 2 cms036 cms    4096 Jun 18 00:25 include
drwx------ 3 cms036 cms    4096 Apr 28 18:12 lib
drwxr-xr-x 3 cms036 cms    4096 Jun 18 00:25 logs
drwxr-xr-x 3 cms036 cms    4096 Jun 18 00:25 objs
-rw------- 1 cms036 cms     104 Jun 18 00:25 pset.py
-rw------- 1 cms036 cms 3712302 Jun 18 00:25 pset.py.pkl
-rw------- 1 cms036 cms     289 Jun 18 00:25 pset.pyc
drwxr-xr-x 2 cms036 cms    4096 Jun 18 00:25 python
-rw------- 1 cms036 cms     398 Jun 18 00:31 report.log
drwx------ 6 cms036 cms    4096 Jun 18 00:24 src
drwxr-xr-x 3 cms036 cms    4096 Jun 18 00:25 test
drwxr-xr-x 3 cms036 cms    4096 Jun 18 00:25 tmp
-rw------- 1 cms036 cms 3253103 Jun 18 00:31 validationEDM_16_1_KmO.root
>>> current directory (RUNTIME_AREA):  /home/cms036/home_cream_139237198/CREAM139237198/glide_BngjR7/execute/dir_4989
SE = storm-se-01.ba.infn.it
SE_PATH = /srm/managerv2?SFN=//cms/store/user/calabria/calabria_SingleMuPt50_GEN-SIM-DIGI-RECO_CMSSW_6_2_0_SLHC12_2023Scenario_Case1/calabria_MuMinus50_GEN-SIM-DIGI-RECO_CMSSW_6_2_0_SLHC12_2023Scenario_VALNOPU2_Case1/5854dd31cbd3cdec44c48628cc181cf0/
LFNBaseName = /store/user/calabria/calabria_SingleMuPt50_GEN-SIM-DIGI-RECO_CMSSW_6_2_0_SLHC12_2023Scenario_Case1/calabria_MuMinus50_GEN-SIM-DIGI-RECO_CMSSW_6_2_0_SLHC12_2023Scenario_VALNOPU2_Case1/5854dd31cbd3cdec44c48628cc181cf0/
USER = calabria
endpoint = srm://storm-se-01.ba.infn.it:8444/srm/managerv2?SFN=//cms/store/user/calabria/calabria_SingleMuPt50_GEN-SIM-DIGI-RECO_CMSSW_6_2_0_SLHC12_2023Scenario_Case1/calabria_MuMinus50_GEN-SIM-DIGI-RECO_CMSSW_6_2_0_SLHC12_2023Scenario_VALNOPU2_Case1/5854dd31cbd3cdec44c48628cc181cf0/
>>> Copy output files from WN = gridba52.ba.infn.it to /srm/managerv2?SFN=//cms/store/user/calabria/calabria_SingleMuPt50_GEN-SIM-DIGI-RECO_CMSSW_6_2_0_SLHC12_2023Scenario_Case1/calabria_MuMinus50_GEN-SIM-DIGI-RECO_CMSSW_6_2_0_SLHC12_2023Scenario_VALNOPU2_Case1/5854dd31cbd3cdec44c48628cc181cf0/ :
python cmscp.py  --destination srm://storm-se-01.ba.infn.it:8444/srm/managerv2?SFN=//cms/store/user/calabria/calabria_SingleMuPt50_GEN-SIM-DIGI-RECO_CMSSW_6_2_0_SLHC12_2023Scenario_Case1/calabria_MuMinus50_GEN-SIM-DIGI-RECO_CMSSW_6_2_0_SLHC12_2023Scenario_VALNOPU2_Case1/5854dd31cbd3cdec44c48628cc181cf0/ --inputFileList /home/cms036/home_cream_139237198/CREAM139237198/glide_BngjR7/execute/dir_4989/CMSSW_6_2_0_SLHC12/validationEDM_16_1_KmO.root --middleware LCG --se_name storm-se-01.ba.infn.it --for_lfn /store/user/calabria/calabria_SingleMuPt50_GEN-SIM-DIGI-RECO_CMSSW_6_2_0_SLHC12_2023Scenario_Case1/calabria_MuMinus50_GEN-SIM-DIGI-RECO_CMSSW_6_2_0_SLHC12_2023Scenario_VALNOPU2_Case1/5854dd31cbd3cdec44c48628cc181cf0/    
******************************************************
localSeName  =  storm-se-01.ba.infn.it
remoteSeName =  storm-se-01.ba.infn.it
******************************************************
{"/home/cms036/home_cream_139237198/CREAM139237198/glide_BngjR7/execute/dir_4989/CMSSW_6_2_0_SLHC12/validationEDM_16_1_KmO.root": {"endpoint": "srm://storm-se-01.ba.infn.it:8444/srm/managerv2?SFN=//cms/store/user/calabria/calabria_SingleMuPt50_GEN-SIM-DIGI-RECO_CMSSW_6_2_0_SLHC12_2023Scenario_Case1/calabria_MuMinus50_GEN-SIM-DIGI-RECO_CMSSW_6_2_0_SLHC12_2023Scenario_VALNOPU2_Case1/5854dd31cbd3cdec44c48628cc181cf0/", "surl_for_grid": "", "reason": "Copy succedeed with srm-lcg utils", "erCode": "0", "se_name": "storm-se-01.ba.infn.it", "for_lfn": "/store/user/calabria/calabria_SingleMuPt50_GEN-SIM-DIGI-RECO_CMSSW_6_2_0_SLHC12_2023Scenario_Case1/calabria_MuMinus50_GEN-SIM-DIGI-RECO_CMSSW_6_2_0_SLHC12_2023Scenario_VALNOPU2_Case1/5854dd31cbd3cdec44c48628cc181cf0/"}}/home/cms036/home_cream_139237198/CREAM139237198/glide_BngjR7/execute/dir_4989
-------- cat /home/cms036/home_cream_139237198/CREAM139237198/glide_BngjR7/execute/dir_4989/cmscpReport.sh 
#!/bin/bash
echo "Report for File: /home/cms036/home_cream_139237198/CREAM139237198/glide_BngjR7/execute/dir_4989/CMSSW_6_2_0_SLHC12/validationEDM_16_1_KmO.root"
echo "LFN: /store/user/calabria/calabria_SingleMuPt50_GEN-SIM-DIGI-RECO_CMSSW_6_2_0_SLHC12_2023Scenario_Case1/calabria_MuMinus50_GEN-SIM-DIGI-RECO_CMSSW_6_2_0_SLHC12_2023Scenario_VALNOPU2_Case1/5854dd31cbd3cdec44c48628cc181cf0/validationEDM_16_1_KmO.root"
echo "StorageElement: storm-se-01.ba.infn.it"
echo "StageOutExitStatusReason = 'Copy succedeed with srm-lcg utils'" | tee -a $RUNTIME_AREA/$repo
echo "StageOutSE = storm-se-01.ba.infn.it" >> $RUNTIME_AREA/$repo

export StageOutExitStatus=0
echo "StageOutExitStatus = 0" | tee -a $RUNTIME_AREA/$repo
-------- end of /home/cms036/home_cream_139237198/CREAM139237198/glide_BngjR7/execute/dir_4989/cmscpReport.sh 
Report for File: /home/cms036/home_cream_139237198/CREAM139237198/glide_BngjR7/execute/dir_4989/CMSSW_6_2_0_SLHC12/validationEDM_16_1_KmO.root
LFN: /store/user/calabria/calabria_SingleMuPt50_GEN-SIM-DIGI-RECO_CMSSW_6_2_0_SLHC12_2023Scenario_Case1/calabria_MuMinus50_GEN-SIM-DIGI-RECO_CMSSW_6_2_0_SLHC12_2023Scenario_VALNOPU2_Case1/5854dd31cbd3cdec44c48628cc181cf0/validationEDM_16_1_KmO.root
StorageElement: storm-se-01.ba.infn.it
StageOutExitStatusReason = 'Copy succedeed with srm-lcg utils'
StageOutExitStatus = 0
>>> current dir: /home/cms036/home_cream_139237198/CREAM139237198/glide_BngjR7/execute/dir_4989
>>> current dir content:
total 28076
-rw-------  1 cms036 cms     2778 Jun 18 00:31 .SEinteraction.log
-rwx------  1 cms036 cms     6737 Jun 18 00:24 .job.ad
-rwx------  1 cms036 cms     9377 Jun 18 00:24 .machine.ad
-rw-------  1 cms036 cms      105 Jun 16 20:46 CMSSW.py
-rw-------  1 cms036 cms  3739218 Jun 16 20:46 CMSSW.py.pkl
-rwx------  1 cms036 cms    29556 Jun 18 00:24 CMSSW.sh
drwxr-xr-x 15 cms036 cms     4096 Jun 18 00:31 CMSSW_6_2_0_SLHC12
-rw-------  1 cms036 cms      219 Jun 18 00:25 CacheEnv.sh
-rw-------  1 cms036 cms     7291 Apr  4 11:04 DashboardAPI.py
-rw-------  1 cms036 cms     6800 Jun 18 00:25 DashboardAPI.pyc
drwx------  2 cms036 cms     4096 Jun 18 00:31 IMProv
-rw-------  1 cms036 cms     2748 Apr  4 11:04 Logger.py
-rw-------  1 cms036 cms     3342 Jun 18 00:25 Logger.pyc
-rw-------  1 cms036 cms    24524 Apr  4 11:04 ProcInfo.py
-rw-------  1 cms036 cms    23173 Jun 18 00:25 ProcInfo.pyc
drwx------  7 cms036 cms     4096 Jun 18 00:25 ProdCommon
drwx------  3 cms036 cms     4096 Jun 18 00:24 WMCore
-rw-------  1 cms036 cms     2444 Jun 18 00:31 Watchdog_16.log
-rwx------  1 cms036 cms        0 Jun 18 00:24 _condor_stderr
-rwx---r--  1 cms036 cms    29339 Jun 18 00:32 _condor_stdout
-rw-------  1 cms036 cms    32895 Apr  4 11:04 apmon.py
-rw-------  1 cms036 cms    28596 Jun 18 00:25 apmon.pyc
-rwx------  1 cms036 cms    53725 Jun 18 00:24 arguments.xml
-rwx------  1 cms036 cms    38515 Apr  4 11:04 cmscp.py
-rw-------  1 cms036 cms      717 Jun 18 00:31 cmscpReport.sh
-rwx------  1 cms036 cms    29556 Jun 18 00:24 condor_exec.exe
-rw-------  1 cms036 cms      958 Jun 16 20:46 crab.cfg
-rwx------  1 cms036 cms     8610 Apr  4 11:04 crabWatchdog.sh
-rwx---r--  1 cms036 cms   523242 Jun 18 00:31 crab_fjr_16.xml
-rwx------  1 cms036 cms 23958869 Jun 18 00:24 default.tgz
-rwx------  1 cms036 cms     4488 Apr  4 11:04 fillCrabFjr.py
-rw-------  1 cms036 cms     2622 Jun 18 00:25 inputsReport.txt
-rw-------  1 cms036 cms      257 Jun 18 00:32 jobreport.txt
-rw-------  1 cms036 cms    17352 Apr  4 11:04 parseCrabFjr.py
-rw-------  1 cms036 cms      321 Jun 18 00:24 report.log
-rwx--x--x  1 cms036 cms     1497 Apr  4 11:04 report.py
-rw-------  1 cms036 cms      771 Jun 18 00:31 resultCopyFile
lrwxrwxrwx  1 cms036 cms      125 Jun 18 00:31 validationEDM.root -> /home/cms036/home_cream_139237198/CREAM139237198/glide_BngjR7/execute/dir_4989/CMSSW_6_2_0_SLHC12/validationEDM_16_1_KmO.root
-rwx------  1 cms036 cms     8387 Apr  4 11:04 writeCfg.py
-rw-------  1 cms036 cms     8010 Jun 18 00:24 x509up_u50707
>>> Modify Job Report:
CMSSW_VERSION = CMSSW_6_2_0_SLHC12
ProcessedDataset = calabria_MuMinus50_GEN-SIM-DIGI-RECO_CMSSW_6_2_0_SLHC12_2023Scenario_VALNOPU2_Case1
/home/cms036/home_cream_139237198/CREAM139237198/glide_BngjR7/execute/dir_4989/ProdCommon/FwkJobRep/ModifyJobReport.py fjr /home/cms036/home_cream_139237198/CREAM139237198/glide_BngjR7/execute/dir_4989/crab_fjr_16.xml json /home/cms036/home_cream_139237198/CREAM139237198/glide_BngjR7/execute/dir_4989/resultCopyFile n_job 16_1_KmO PrimaryDataset calabria_SingleMuPt50_GEN-SIM-DIGI-RECO_CMSSW_6_2_0_SLHC12_2023Scenario_Case1  ApplicationFamily cmsRun ApplicationName cmsRun cmssw_version CMSSW_6_2_0_SLHC12 psethash 5854dd31cbd3cdec44c48628cc181cf0 UserProcessedDataset calabria-calabria_MuMinus50_GEN-SIM-DIGI-RECO_CMSSW_6_2_0_SLHC12_2023Scenario_VALNOPU2_Case1-5854dd31cbd3cdec44c48628cc181cf0
inputDict =  {u'/home/cms036/home_cream_139237198/CREAM139237198/glide_BngjR7/execute/dir_4989/CMSSW_6_2_0_SLHC12/validationEDM_16_1_KmO.root': {u'endpoint': u'srm://storm-se-01.ba.infn.it:8444/srm/managerv2?SFN=//cms/store/user/calabria/calabria_SingleMuPt50_GEN-SIM-DIGI-RECO_CMSSW_6_2_0_SLHC12_2023Scenario_Case1/calabria_MuMinus50_GEN-SIM-DIGI-RECO_CMSSW_6_2_0_SLHC12_2023Scenario_VALNOPU2_Case1/5854dd31cbd3cdec44c48628cc181cf0/', u'surl_for_grid': u'', u'reason': u'Copy succedeed with srm-lcg utils', u'erCode': u'0', u'se_name': u'storm-se-01.ba.infn.it', u'for_lfn': u'/store/user/calabria/calabria_SingleMuPt50_GEN-SIM-DIGI-RECO_CMSSW_6_2_0_SLHC12_2023Scenario_Case1/calabria_MuMinus50_GEN-SIM-DIGI-RECO_CMSSW_6_2_0_SLHC12_2023Scenario_VALNOPU2_Case1/5854dd31cbd3cdec44c48628cc181cf0/'}}
UserProcessedDataset =  calabria-calabria_MuMinus50_GEN-SIM-DIGI-RECO_CMSSW_6_2_0_SLHC12_2023Scenario_VALNOPU2_Case1-5854dd31cbd3cdec44c48628cc181cf0
file_name in inputDict =  /home/cms036/home_cream_139237198/CREAM139237198/glide_BngjR7/execute/dir_4989/CMSSW_6_2_0_SLHC12/validationEDM_16_1_KmO.root
(size) os.stat(filename)[6] =  3253103
checksum =  2804467156
    file =  validationEDM_16_1_KmO.root
    newPfn =  srm://storm-se-01.ba.infn.it:8444/srm/managerv2?SFN=//cms/store/user/calabria/calabria_SingleMuPt50_GEN-SIM-DIGI-RECO_CMSSW_6_2_0_SLHC12_2023Scenario_Case1/calabria_MuMinus50_GEN-SIM-DIGI-RECO_CMSSW_6_2_0_SLHC12_2023Scenario_VALNOPU2_Case1/5854dd31cbd3cdec44c48628cc181cf0/validationEDM_16_1_KmO.root
    newLfn =  /store/user/calabria/calabria_SingleMuPt50_GEN-SIM-DIGI-RECO_CMSSW_6_2_0_SLHC12_2023Scenario_Case1/calabria_MuMinus50_GEN-SIM-DIGI-RECO_CMSSW_6_2_0_SLHC12_2023Scenario_VALNOPU2_Case1/5854dd31cbd3cdec44c48628cc181cf0/validationEDM_16_1_KmO.root
>>> crab_fjr_*.xml  permission set to 0704
CrabWrapper EXIT_FUNC entered at Wed Jun 18 00:32:01 CEST 2014   -  Tue Jun 17 22:32:01 UTC 2014
Checking output files:  
will tar file crab_fjr_16.xml in  out_files_16
WARNING: output file CMSSW_16.stdout not found!
WARNING: output file CMSSW_16.stderr not found!
WARNING: output file Watchdog_16.log.gz not found!
>>> padding time: Sleeping the wrapper for 176 seconds
STOPPING WATCHDOG. CrabWatchdog PID is 6126
********** LAST 50 LINES OF WATCHDOG LOG
# RESOURCE USAGE SUMMARY FOR PROCESS ID  5004
USER       PID %CPU %MEM    VSZ   RSS TTY      STAT START   TIME COMMAND
cms036    5004  0.4  0.0   9496  1572 ?        S    00:24   0:00 /bin/sh /home/cms036/home_cream_139237198/CREAM139237198/glide_BngjR7/execute/dir_4989/condor_exec.exe 16 1
 
# LIMITS USED BY CRAB WATCHDOG:
# RSS  (KBytes)   : 2300000
# VSZ  (KBytes)   : 100000000
# DISK (MBytes)   : 19000
# CPU TIME        : 720h:0m:0s
# WALL CLOCK TIME : 21h:50m:0s
 
# FOLLOWING PRINTOUT TRACKS MAXIMUM VALUES OF RESOURCES USE
# ONE LINE IS PRINTED EACH TIME A MAXIMUM CHANGES
# IF CHANGE WAS IN RSS OR VSZ ALSO PROCID AND COMMAND ARE PRINTED
# THERE IS NO PRINTOUT FOR CPU/WALL TIME INCREASE
 
# TIME			PID	RSS(KB)	VSZ(KB)	Dsk(MB)	tCPU(s)	tWALL(s)	COMMAND
 Jun 18 00:25:05 CEST	2516	1364	9364	0	0	0	/bin/bash /home/cms036/home_cream_139237198/CREAM139237198/glide_BngjR7/main/condor_startup.sh glidein_config        
 Jun 18 00:25:05 CEST	4989	8372	93616	0	0	0	condor_starter -f vocms20.cern.ch        
 Jun 18 00:25:05 CEST	6134	35252	96548	0	0	0	edmConfigHash pset.py         
 Jun 18 00:25:05 CEST	13292	35252	106092	0	0	1	sh -c "./glidein_startup.sh" -v std -name v3_0 -entry CMS_T2_IT_Bari_ce2 -clientname UCSD-v1_0.main
 Jun 18 00:25:05 CEST	13306	35252	106492	0	1	1	/bin/bash ./glidein_startup.sh -v std -name v3_0 -entry CMS_T2_IT_Bari_ce2 -clientname UCSD-v1_0.main -schedd
 Jun 18 00:25:05 CEST	---	35252	106492	171	----	----	----
 Jun 18 00:26:06 CEST	7558	716432	985832	171	36	64	cmsRun -j /home/cms036/home_cream_139237198/CREAM139237198/glide_BngjR7/execute/dir_4989/crab_fjr_16.xml -p pset.py      
 Jun 18 00:26:06 CEST	---	716432	985832	175	----	----	----
 Jun 18 00:27:10 CEST	7558	738620	1003668	175	85	128	cmsRun -j /home/cms036/home_cream_139237198/CREAM139237198/glide_BngjR7/execute/dir_4989/crab_fjr_16.xml -p pset.py      
 Jun 18 00:28:13 CEST	7558	743884	1013184	175	135	189	cmsRun -j /home/cms036/home_cream_139237198/CREAM139237198/glide_BngjR7/execute/dir_4989/crab_fjr_16.xml -p pset.py      
 Jun 18 00:29:14 CEST	7558	751228	1021888	175	185	251	cmsRun -j /home/cms036/home_cream_139237198/CREAM139237198/glide_BngjR7/execute/dir_4989/crab_fjr_16.xml -p pset.py      
 Jun 18 00:30:17 CEST	7558	767632	1037248	175	236	313	cmsRun -j /home/cms036/home_cream_139237198/CREAM139237198/glide_BngjR7/execute/dir_4989/crab_fjr_16.xml -p pset.py      
 Jun 18 00:31:18 CEST	---	767632	1037248	179	----	----	----
********** WATCHDOG LOG ENDED
ZIPPING WATCHDOG LOG
Disk space used:
du -sh /home/cms036/home_cream_139237198/CREAM139237198/glide_BngjR7/execute/dir_4989
179M	/home/cms036/home_cream_139237198/CREAM139237198/glide_BngjR7/execute/dir_4989
Found unusual stdout, rename for OSB
`/home/cms036/home_cream_139237198/CREAM139237198/glide_BngjR7/execute/dir_4989/_condor_stdout' -> `CMSSW_16.stdout'
Found unusual stderr, rename for OSB
`/home/cms036/home_cream_139237198/CREAM139237198/glide_BngjR7/execute/dir_4989/_condor_stdout' -> `CMSSW_16.stderr'
crab_fjr_16.xml
CMSSW_16.stdout
CMSSW_16.stderr
Watchdog_16.log.gz
Total Output dimension: 70054
WARNING: output files size limit is set to: 50000000
Total Output dimension 70054 is fine.
JOB_EXIT_STATUS = 0
>>> info for dashboard:
***** Cat /home/cms036/home_cream_139237198/CREAM139237198/glide_BngjR7/execute/dir_4989/jobreport.txt *****
MonitorJobID=16_https://vocms20.cern.ch//140616//1841017.15
MonitorID=calabria_MuMinus50_Case1_ReReco_15jyg8
ExeTime=346
ExeExitCode=0
StageOutExitStatusReason = 'Copy succedeed with srm-lcg utils'
StageOutSE = storm-se-01.ba.infn.it
StageOutExitStatus = 0
CrabUserCpuTime=271.56
CrabSysCpuTime=5.03
CrabCpuPercentage=80%
CrabWrapperTime=600
CrabStageoutTime=49
JobExitCode=0
***** End Cat jobreport *****
Parameters sent to Dashboard.
EXITING at Wed Jun 18 00:35:02 CEST 2014  -  Tue Jun 17 22:35:02 UTC 2014
