This script was generated by crab (version 2.10.5_patch1).
Running /home/cms037/home_cream_296287068/CREAM296287068/glide_2Bt6JW/execute/dir_30592/condor_exec.exe with 2 positional parameters: 15 1
Today is Wed Jun 18 00:14:42 CEST 2014 - Tue Jun 17 22:14:42 UTC 2014
Job submitted on host alicegrid50.ba.infn.it
Linux alicegrid50.ba.infn.it 2.6.32-358.23.2.el6.x86_64 #1 SMP Thu Oct 17 10:27:22 CEST 2013 x86_64 x86_64 x86_64 GNU/Linux
>>> current directory (RUNTIME_AREA): /home/cms037/home_cream_296287068/CREAM296287068/glide_2Bt6JW/execute/dir_30592
>>> current user: uid=18594(cms037) gid=1399(cms) groups=1399(cms)
>>> directory permission set to 0700
>>> umask set to:  u=rwx,g=,o=
>>> stdout stderr permission set to 0704
>>> voms proxy information:
subject   : /C=IT/O=INFN/OU=Personal Certificate/L=Bari/CN=Cesare Calabria/CN=477126703/CN=1882728470
issuer    : /C=IT/O=INFN/OU=Personal Certificate/L=Bari/CN=Cesare Calabria/CN=477126703
identity  : /C=IT/O=INFN/OU=Personal Certificate/L=Bari/CN=Cesare Calabria
type      : RFC3820 compliant limited proxy
strength  : 1024
path      : /home/cms037/home_cream_296287068/CREAM296287068/glide_2Bt6JW/execute/dir_30592/x509up_u50707
timeleft  : 23:59:56
key usage : Digital Signature, Key Encipherment, Data Encipherment
=== VO cms extension information ===
VO        : cms
subject   : /C=IT/O=INFN/OU=Personal Certificate/L=Bari/CN=Cesare Calabria
issuer    : /DC=ch/DC=cern/OU=computers/CN=voms.cern.ch
attribute : /cms/Role=NULL/Capability=NULL
attribute : /cms/itcms/Role=NULL/Capability=NULL
timeleft  : 155:09:37
uri       : voms.cern.ch:15002

WNHostName=alicegrid50.ba.infn.it
>>> tar --no-same-permissions -xf /home/cms037/home_cream_296287068/CREAM296287068/glide_2Bt6JW/execute/dir_30592/default.tgz :
Successful untar
>>> Include /home/cms037/home_cream_296287068/CREAM296287068/glide_2Bt6JW/execute/dir_30592 in PYTHONPATH:
strip arguments
env var CRAB_UNIQUE_JOB_ID set to: calabria_MuMinus500_Case4_ReReco_17lnj5_15_1_Dmr
out_files_15
>>> list of expected files on output sandbox
output files: crab_fjr_15.xml CMSSW_15.stdout CMSSW_15.stderr Watchdog_15.log.gz
>>> GridFlavour discovery: 
GridFlavour=LCG
>>> SyncSite discovery: 
SyncSite=T2_IT_Bari
>>> SyncCE discovery: 
getting SyncCE from CE_ID
SyncCE=cream-ce-2.ba.infn.it:8443/cream-pbs-cms
>>> info for dashboard:
***** Cat /home/cms037/home_cream_296287068/CREAM296287068/glide_2Bt6JW/execute/dir_30592/jobreport.txt *****
WNHostName=alicegrid50.ba.infn.it
MonitorJobID=15_https://vocms20.cern.ch//140616//1841016.14
SyncGridJobId=https://vocms20.cern.ch//140616//1841016.14
MonitorID=calabria_MuMinus500_Case4_ReReco_17lnj5
GridFlavour=LCG
SyncSite=T2_IT_Bari
SyncCE=cream-ce-2.ba.infn.it:8443/cream-pbs-cms
***** End Cat jobreport *****
Parameters sent to Dashboard.
>>> setup environment
set SCRAM ARCH to slc5_amd64_gcc472
SCRAM_ARCH = slc5_amd64_gcc472
>>> setup CMS LCG environment:
set SCRAM ARCH and BUILD_ARCH to slc5_amd64_gcc472 ###
Sourcing environment... 
sourcing /cvmfs/cms.cern.ch/cmsset_default.sh
==> setup cms environment ok
>>> specific cmssw setup environment:
CMSSW_VERSION =  CMSSW_6_2_0_SLHC12
>>> current directory (SOFTWARE_DIR): /home/cms037/home_cream_296287068/CREAM296287068/glide_2Bt6JW/execute/dir_30592/CMSSW_6_2_0_SLHC12
PreserveSeeds: <>
IncrementSeeds:<>
>>> info for dashboard:
***** Cat /home/cms037/home_cream_296287068/CREAM296287068/glide_2Bt6JW/execute/dir_30592/jobreport.txt *****
MonitorJobID=15_https://vocms20.cern.ch//140616//1841016.14
MonitorID=calabria_MuMinus500_Case4_ReReco_17lnj5
***** End Cat jobreport *****
Parameters sent to Dashboard.
crabWatchdog started as process 3224
>>> moving CMSSW software directories in /home/cms037/home_cream_296287068/CREAM296287068/glide_2Bt6JW/execute/dir_30592/CMSSW_6_2_0_SLHC12
mv: cannot stat `/home/cms037/home_cream_296287068/CREAM296287068/glide_2Bt6JW/execute/dir_30592/module/': No such file or directory
>>> Include /home/cms037/home_cream_296287068/CREAM296287068/glide_2Bt6JW/execute/dir_30592 in PYTHONPATH:
PYTHONPATH=/home/cms037/home_cream_296287068/CREAM296287068/glide_2Bt6JW/execute/dir_30592/:/home/cms037/home_cream_296287068/CREAM296287068/glide_2Bt6JW/execute/dir_30592/CMSSW_6_2_0_SLHC12/python:/home/cms037/home_cream_296287068/CREAM296287068/glide_2Bt6JW/execute/dir_30592/CMSSW_6_2_0_SLHC12/lib/slc5_amd64_gcc472:/cvmfs/cms.cern.ch/slc5_amd64_gcc472/cms/cmssw/CMSSW_6_2_0_SLHC12/python:/cvmfs/cms.cern.ch/slc5_amd64_gcc472/cms/cmssw/CMSSW_6_2_0_SLHC12/lib/slc5_amd64_gcc472:/cvmfs/cms.cern.ch/slc5_amd64_gcc472/cms/coral/CORAL_2_3_21-cms36/slc5_amd64_gcc472/python:/cvmfs/cms.cern.ch/slc5_amd64_gcc472/cms/coral/CORAL_2_3_21-cms36/slc5_amd64_gcc472/lib:/cvmfs/cms.cern.ch/slc5_amd64_gcc472/external/pyqt/4.8.1-cms6/lib/python2.7/site-packages:/cvmfs/cms.cern.ch/slc5_amd64_gcc472/external/py2-scipy/0.8.0-cms8/lib/python2.7/site-packages:/cvmfs/cms.cern.ch/slc5_amd64_gcc472/external/py2-matplotlib/1.0.1-cms8/lib/python2.7/site-packages:/cvmfs/cms.cern.ch/slc5_amd64_gcc472/external/python-ldap/2.3.5-cms6/lib/python2.7/site-packages:/cvmfs/cms.cern.ch/slc5_amd64_gcc472/external/sip/4.11.2-cms6/lib/python2.7/site-packages:/cvmfs/cms.cern.ch/slc5_amd64_gcc472/external/py2-pycurl/7.19.0-cms8/lib/python2.7/site-packages:/cvmfs/cms.cern.ch/slc5_amd64_gcc472/external/py2-numpy/1.6.1-cms8/lib/python2.7/site-packages:/cvmfs/cms.cern.ch/slc5_amd64_gcc472/external/py2-lint/0.25.1-cms6/lib/python2.7/site-packages:/cvmfs/cms.cern.ch/slc5_amd64_gcc472/external/py2-ipython/0.10-cms6/lib/python2.7/site-packages:/cvmfs/cms.cern.ch/slc5_amd64_gcc472/external/py2-cx-oracle/5.1-cms7/lib/python2.7/site-packages:/cvmfs/cms.cern.ch/slc5_amd64_gcc472/external/py2-cjson/1.0.5-cms6/lib/python2.7/site-packages:/cvmfs/cms.cern.ch/slc5_amd64_gcc472/cms/das-client/1.11.7/bin:/cvmfs/cms.cern.ch/slc5_amd64_gcc472/external/elementtree/1.2.6-cms6/share/lib/python2.7/site-packages:/cvmfs/cms.cern.ch/slc5_amd64_gcc472/external/rivet/1.8.2-cms8/lib/python2.7/site-packages:/cvmfs/cms.cern.ch/slc5_amd64_gcc472/external/pyminuit2/0.0.1-cms19/lib/python2.7/site-packages:/cvmfs/cms.cern.ch/slc5_amd64_gcc472/external/py2-pygithub/1.23.0/lib/python2.7/site-packages:/cvmfs/cms.cern.ch/slc5_amd64_gcc472/external/professor/1.0.0-cms19/lib/python2.7/site-packages:/cvmfs/cms.cern.ch/slc5_amd64_gcc472/lcg/root/5.34.07-cms/lib:/cvmfs/cms.cern.ch/slc5_amd64_gcc472/cms/dbs-client/DBS_2_1_9-cms5/lib:/cvmfs/cms.cern.ch/slc5_amd64_gcc472/cms/dbs-client/DBS_2_1_9-cms5/lib/DBSAPI:/cvmfs/cms.cern.ch/slc5_amd64_gcc472/external/cvs2git/5419-cms/lib:/home/cms037/home_cream_296287068/CREAM296287068/glide_2Bt6JW/execute/dir_30592/
 
# LIMITS USED BY CRAB WATCHDOG:
# RSS  (KBytes)   : 2300000
# VSZ  (KBytes)   : 100000000
# DISK (MBytes)   : 19000
# CPU TIME        : 720h:0m:0s
# WALL CLOCK TIME : 21h:50m:0s
 
5854dd31cbd3cdec44c48628cc181cf0
PSETHASH = 5854dd31cbd3cdec44c48628cc181cf0
/home/cms037/home_cream_296287068/CREAM296287068/glide_2Bt6JW/execute/dir_30592/writeCfg.py pset.py pset.py
Importing .py file
Setting parameters
RandomNumberGeneratorService found, will attempt to change seeds
inputBlocks=/calabria_SingleMuPt500_GEN-SIM-DIGI-RECO_CMSSW_6_2_0_SLHC12_2023Scenario_Case4/calabria-calabria_SingleMuPt500_GEN-SIM-DIGI-RECO_CMSSW_6_2_0_SLHC12_2023Scenario_Case4-41247ff61fcce1e4991e517dad8c5752/USER#9d12df3b-6d45-4f90-b686-a8050cab8072
inputFiles=/store/user/calabria/calabria_SingleMuPt500_GEN-SIM-DIGI-RECO_CMSSW_6_2_0_SLHC12_2023Scenario_Case4/calabria_SingleMuPt500_GEN-SIM-DIGI-RECO_CMSSW_6_2_0_SLHC12_2023Scenario_Case4/41247ff61fcce1e4991e517dad8c5752/out_reco_183_1_lWR.root;/store/user/calabria/calabria_SingleMuPt500_GEN-SIM-DIGI-RECO_CMSSW_6_2_0_SLHC12_2023Scenario_Case4/calabria_SingleMuPt500_GEN-SIM-DIGI-RECO_CMSSW_6_2_0_SLHC12_2023Scenario_Case4/41247ff61fcce1e4991e517dad8c5752/out_reco_184_1_Pmd.root;/store/user/calabria/calabria_SingleMuPt500_GEN-SIM-DIGI-RECO_CMSSW_6_2_0_SLHC12_2023Scenario_Case4/calabria_SingleMuPt500_GEN-SIM-DIGI-RECO_CMSSW_6_2_0_SLHC12_2023Scenario_Case4/41247ff61fcce1e4991e517dad8c5752/out_reco_185_1_LpY.root;/store/user/calabria/calabria_SingleMuPt500_GEN-SIM-DIGI-RECO_CMSSW_6_2_0_SLHC12_2023Scenario_Case4/calabria_SingleMuPt500_GEN-SIM-DIGI-RECO_CMSSW_6_2_0_SLHC12_2023Scenario_Case4/41247ff61fcce1e4991e517dad8c5752/out_reco_187_1_3oZ.root;/store/user/calabria/calabria_SingleMuPt500_GEN-SIM-DIGI-RECO_CMSSW_6_2_0_SLHC12_2023Scenario_Case4/calabria_SingleMuPt500_GEN-SIM-DIGI-RECO_CMSSW_6_2_0_SLHC12_2023Scenario_Case4/41247ff61fcce1e4991e517dad8c5752/out_reco_189_1_nT5.root;/store/user/calabria/calabria_SingleMuPt500_GEN-SIM-DIGI-RECO_CMSSW_6_2_0_SLHC12_2023Scenario_Case4/calabria_SingleMuPt500_GEN-SIM-DIGI-RECO_CMSSW_6_2_0_SLHC12_2023Scenario_Case4/41247ff61fcce1e4991e517dad8c5752/out_reco_190_1_i0A.root;/store/user/calabria/calabria_SingleMuPt500_GEN-SIM-DIGI-RECO_CMSSW_6_2_0_SLHC12_2023Scenario_Case4/calabria_SingleMuPt500_GEN-SIM-DIGI-RECO_CMSSW_6_2_0_SLHC12_2023Scenario_Case4/41247ff61fcce1e4991e517dad8c5752/out_reco_191_1_oq9.root;/store/user/calabria/calabria_SingleMuPt500_GEN-SIM-DIGI-RECO_CMSSW_6_2_0_SLHC12_2023Scenario_Case4/calabria_SingleMuPt500_GEN-SIM-DIGI-RECO_CMSSW_6_2_0_SLHC12_2023Scenario_Case4/41247ff61fcce1e4991e517dad8c5752/out_reco_192_1_TUz.root;/store/user/calabria/calabria_SingleMuPt500_GEN-SIM-DIGI-RECO_CMSSW_6_2_0_SLHC12_2023Scenario_Case4/calabria_SingleMuPt500_GEN-SIM-DIGI-RECO_CMSSW_6_2_0_SLHC12_2023Scenario_Case4/41247ff61fcce1e4991e517dad8c5752/out_reco_193_1_vQT.root;/store/user/calabria/calabria_SingleMuPt500_GEN-SIM-DIGI-RECO_CMSSW_6_2_0_SLHC12_2023Scenario_Case4/calabria_SingleMuPt500_GEN-SIM-DIGI-RECO_CMSSW_6_2_0_SLHC12_2023Scenario_Case4/41247ff61fcce1e4991e517dad8c5752/out_reco_195_1_qC2.root
parentFiles=
lumisRange=
>>> Executable cmsRun
/cvmfs/cms.cern.ch/slc5_amd64_gcc472/cms/cmssw/CMSSW_6_2_0_SLHC12/bin/slc5_amd64_gcc472/cmsRun
ok executable found
>>> info for dashboard:
***** Cat /home/cms037/home_cream_296287068/CREAM296287068/glide_2Bt6JW/execute/dir_30592/jobreport.txt *****
MonitorJobID=15_https://vocms20.cern.ch//140616//1841016.14
MonitorID=calabria_MuMinus500_Case4_ReReco_17lnj5
ExeStart=cmsRun
***** End Cat jobreport *****
Parameters sent to Dashboard.
>>> cmsRun started at Tue Jun 17 22:15:17 UTC 2014
>>> cmsRun ended at Tue Jun 17 22:24:09 UTC 2014
>>> crab_fjr_*.xml  permission set to 0704
>>> info for dashboard:
***** Cat /home/cms037/home_cream_296287068/CREAM296287068/glide_2Bt6JW/execute/dir_30592/jobreport.txt *****
MonitorJobID=15_https://vocms20.cern.ch//140616//1841016.14
MonitorID=calabria_MuMinus500_Case4_ReReco_17lnj5
ExeEnd=cmsRun
***** End Cat jobreport *****
Parameters sent to Dashboard.
TIME_EXE = 532 sec
>>> cmsRun wrote 50 lines of stdout+stderr
>>> START OF printout of 50 lines from stdout+stderr
271 DQMStore::DQMStore 
HcalTopologyIdealEP::HcalTopologyIdealEP
18-Jun-2014 00:15:40 CEST  Initiating request to open file file:/lustre/cms//store/user/calabria/calabria_SingleMuPt500_GEN-SIM-DIGI-RECO_CMSSW_6_2_0_SLHC12_2023Scenario_Case4/calabria_SingleMuPt500_GEN-SIM-DIGI-RECO_CMSSW_6_2_0_SLHC12_2023Scenario_Case4/41247ff61fcce1e4991e517dad8c5752/out_reco_183_1_lWR.root
18-Jun-2014 00:15:42 CEST  Successfully opened file file:/lustre/cms//store/user/calabria/calabria_SingleMuPt500_GEN-SIM-DIGI-RECO_CMSSW_6_2_0_SLHC12_2023Scenario_Case4/calabria_SingleMuPt500_GEN-SIM-DIGI-RECO_CMSSW_6_2_0_SLHC12_2023Scenario_Case4/41247ff61fcce1e4991e517dad8c5752/out_reco_183_1_lWR.root
18-Jun-2014 00:16:23 CEST  Closed file file:/lustre/cms//store/user/calabria/calabria_SingleMuPt500_GEN-SIM-DIGI-RECO_CMSSW_6_2_0_SLHC12_2023Scenario_Case4/calabria_SingleMuPt500_GEN-SIM-DIGI-RECO_CMSSW_6_2_0_SLHC12_2023Scenario_Case4/41247ff61fcce1e4991e517dad8c5752/out_reco_183_1_lWR.root
18-Jun-2014 00:16:23 CEST  Initiating request to open file file:/lustre/cms//store/user/calabria/calabria_SingleMuPt500_GEN-SIM-DIGI-RECO_CMSSW_6_2_0_SLHC12_2023Scenario_Case4/calabria_SingleMuPt500_GEN-SIM-DIGI-RECO_CMSSW_6_2_0_SLHC12_2023Scenario_Case4/41247ff61fcce1e4991e517dad8c5752/out_reco_184_1_Pmd.root
18-Jun-2014 00:16:23 CEST  Successfully opened file file:/lustre/cms//store/user/calabria/calabria_SingleMuPt500_GEN-SIM-DIGI-RECO_CMSSW_6_2_0_SLHC12_2023Scenario_Case4/calabria_SingleMuPt500_GEN-SIM-DIGI-RECO_CMSSW_6_2_0_SLHC12_2023Scenario_Case4/41247ff61fcce1e4991e517dad8c5752/out_reco_184_1_Pmd.root
18-Jun-2014 00:17:05 CEST  Closed file file:/lustre/cms//store/user/calabria/calabria_SingleMuPt500_GEN-SIM-DIGI-RECO_CMSSW_6_2_0_SLHC12_2023Scenario_Case4/calabria_SingleMuPt500_GEN-SIM-DIGI-RECO_CMSSW_6_2_0_SLHC12_2023Scenario_Case4/41247ff61fcce1e4991e517dad8c5752/out_reco_184_1_Pmd.root
18-Jun-2014 00:17:05 CEST  Initiating request to open file file:/lustre/cms//store/user/calabria/calabria_SingleMuPt500_GEN-SIM-DIGI-RECO_CMSSW_6_2_0_SLHC12_2023Scenario_Case4/calabria_SingleMuPt500_GEN-SIM-DIGI-RECO_CMSSW_6_2_0_SLHC12_2023Scenario_Case4/41247ff61fcce1e4991e517dad8c5752/out_reco_185_1_LpY.root
18-Jun-2014 00:17:06 CEST  Successfully opened file file:/lustre/cms//store/user/calabria/calabria_SingleMuPt500_GEN-SIM-DIGI-RECO_CMSSW_6_2_0_SLHC12_2023Scenario_Case4/calabria_SingleMuPt500_GEN-SIM-DIGI-RECO_CMSSW_6_2_0_SLHC12_2023Scenario_Case4/41247ff61fcce1e4991e517dad8c5752/out_reco_185_1_LpY.root
18-Jun-2014 00:17:48 CEST  Closed file file:/lustre/cms//store/user/calabria/calabria_SingleMuPt500_GEN-SIM-DIGI-RECO_CMSSW_6_2_0_SLHC12_2023Scenario_Case4/calabria_SingleMuPt500_GEN-SIM-DIGI-RECO_CMSSW_6_2_0_SLHC12_2023Scenario_Case4/41247ff61fcce1e4991e517dad8c5752/out_reco_185_1_LpY.root
18-Jun-2014 00:17:48 CEST  Initiating request to open file file:/lustre/cms//store/user/calabria/calabria_SingleMuPt500_GEN-SIM-DIGI-RECO_CMSSW_6_2_0_SLHC12_2023Scenario_Case4/calabria_SingleMuPt500_GEN-SIM-DIGI-RECO_CMSSW_6_2_0_SLHC12_2023Scenario_Case4/41247ff61fcce1e4991e517dad8c5752/out_reco_187_1_3oZ.root
18-Jun-2014 00:17:48 CEST  Successfully opened file file:/lustre/cms//store/user/calabria/calabria_SingleMuPt500_GEN-SIM-DIGI-RECO_CMSSW_6_2_0_SLHC12_2023Scenario_Case4/calabria_SingleMuPt500_GEN-SIM-DIGI-RECO_CMSSW_6_2_0_SLHC12_2023Scenario_Case4/41247ff61fcce1e4991e517dad8c5752/out_reco_187_1_3oZ.root
18-Jun-2014 00:18:29 CEST  Closed file file:/lustre/cms//store/user/calabria/calabria_SingleMuPt500_GEN-SIM-DIGI-RECO_CMSSW_6_2_0_SLHC12_2023Scenario_Case4/calabria_SingleMuPt500_GEN-SIM-DIGI-RECO_CMSSW_6_2_0_SLHC12_2023Scenario_Case4/41247ff61fcce1e4991e517dad8c5752/out_reco_187_1_3oZ.root
18-Jun-2014 00:18:29 CEST  Initiating request to open file file:/lustre/cms//store/user/calabria/calabria_SingleMuPt500_GEN-SIM-DIGI-RECO_CMSSW_6_2_0_SLHC12_2023Scenario_Case4/calabria_SingleMuPt500_GEN-SIM-DIGI-RECO_CMSSW_6_2_0_SLHC12_2023Scenario_Case4/41247ff61fcce1e4991e517dad8c5752/out_reco_189_1_nT5.root
18-Jun-2014 00:18:29 CEST  Successfully opened file file:/lustre/cms//store/user/calabria/calabria_SingleMuPt500_GEN-SIM-DIGI-RECO_CMSSW_6_2_0_SLHC12_2023Scenario_Case4/calabria_SingleMuPt500_GEN-SIM-DIGI-RECO_CMSSW_6_2_0_SLHC12_2023Scenario_Case4/41247ff61fcce1e4991e517dad8c5752/out_reco_189_1_nT5.root
18-Jun-2014 00:19:19 CEST  Closed file file:/lustre/cms//store/user/calabria/calabria_SingleMuPt500_GEN-SIM-DIGI-RECO_CMSSW_6_2_0_SLHC12_2023Scenario_Case4/calabria_SingleMuPt500_GEN-SIM-DIGI-RECO_CMSSW_6_2_0_SLHC12_2023Scenario_Case4/41247ff61fcce1e4991e517dad8c5752/out_reco_189_1_nT5.root
18-Jun-2014 00:19:19 CEST  Initiating request to open file file:/lustre/cms//store/user/calabria/calabria_SingleMuPt500_GEN-SIM-DIGI-RECO_CMSSW_6_2_0_SLHC12_2023Scenario_Case4/calabria_SingleMuPt500_GEN-SIM-DIGI-RECO_CMSSW_6_2_0_SLHC12_2023Scenario_Case4/41247ff61fcce1e4991e517dad8c5752/out_reco_190_1_i0A.root
18-Jun-2014 00:19:19 CEST  Successfully opened file file:/lustre/cms//store/user/calabria/calabria_SingleMuPt500_GEN-SIM-DIGI-RECO_CMSSW_6_2_0_SLHC12_2023Scenario_Case4/calabria_SingleMuPt500_GEN-SIM-DIGI-RECO_CMSSW_6_2_0_SLHC12_2023Scenario_Case4/41247ff61fcce1e4991e517dad8c5752/out_reco_190_1_i0A.root
18-Jun-2014 00:19:57 CEST  Closed file file:/lustre/cms//store/user/calabria/calabria_SingleMuPt500_GEN-SIM-DIGI-RECO_CMSSW_6_2_0_SLHC12_2023Scenario_Case4/calabria_SingleMuPt500_GEN-SIM-DIGI-RECO_CMSSW_6_2_0_SLHC12_2023Scenario_Case4/41247ff61fcce1e4991e517dad8c5752/out_reco_190_1_i0A.root
18-Jun-2014 00:19:57 CEST  Initiating request to open file file:/lustre/cms//store/user/calabria/calabria_SingleMuPt500_GEN-SIM-DIGI-RECO_CMSSW_6_2_0_SLHC12_2023Scenario_Case4/calabria_SingleMuPt500_GEN-SIM-DIGI-RECO_CMSSW_6_2_0_SLHC12_2023Scenario_Case4/41247ff61fcce1e4991e517dad8c5752/out_reco_191_1_oq9.root
18-Jun-2014 00:19:57 CEST  Successfully opened file file:/lustre/cms//store/user/calabria/calabria_SingleMuPt500_GEN-SIM-DIGI-RECO_CMSSW_6_2_0_SLHC12_2023Scenario_Case4/calabria_SingleMuPt500_GEN-SIM-DIGI-RECO_CMSSW_6_2_0_SLHC12_2023Scenario_Case4/41247ff61fcce1e4991e517dad8c5752/out_reco_191_1_oq9.root
18-Jun-2014 00:20:38 CEST  Closed file file:/lustre/cms//store/user/calabria/calabria_SingleMuPt500_GEN-SIM-DIGI-RECO_CMSSW_6_2_0_SLHC12_2023Scenario_Case4/calabria_SingleMuPt500_GEN-SIM-DIGI-RECO_CMSSW_6_2_0_SLHC12_2023Scenario_Case4/41247ff61fcce1e4991e517dad8c5752/out_reco_191_1_oq9.root
18-Jun-2014 00:20:38 CEST  Initiating request to open file file:/lustre/cms//store/user/calabria/calabria_SingleMuPt500_GEN-SIM-DIGI-RECO_CMSSW_6_2_0_SLHC12_2023Scenario_Case4/calabria_SingleMuPt500_GEN-SIM-DIGI-RECO_CMSSW_6_2_0_SLHC12_2023Scenario_Case4/41247ff61fcce1e4991e517dad8c5752/out_reco_192_1_TUz.root
18-Jun-2014 00:20:39 CEST  Successfully opened file file:/lustre/cms//store/user/calabria/calabria_SingleMuPt500_GEN-SIM-DIGI-RECO_CMSSW_6_2_0_SLHC12_2023Scenario_Case4/calabria_SingleMuPt500_GEN-SIM-DIGI-RECO_CMSSW_6_2_0_SLHC12_2023Scenario_Case4/41247ff61fcce1e4991e517dad8c5752/out_reco_192_1_TUz.root
18-Jun-2014 00:21:21 CEST  Closed file file:/lustre/cms//store/user/calabria/calabria_SingleMuPt500_GEN-SIM-DIGI-RECO_CMSSW_6_2_0_SLHC12_2023Scenario_Case4/calabria_SingleMuPt500_GEN-SIM-DIGI-RECO_CMSSW_6_2_0_SLHC12_2023Scenario_Case4/41247ff61fcce1e4991e517dad8c5752/out_reco_192_1_TUz.root
18-Jun-2014 00:21:21 CEST  Initiating request to open file file:/lustre/cms//store/user/calabria/calabria_SingleMuPt500_GEN-SIM-DIGI-RECO_CMSSW_6_2_0_SLHC12_2023Scenario_Case4/calabria_SingleMuPt500_GEN-SIM-DIGI-RECO_CMSSW_6_2_0_SLHC12_2023Scenario_Case4/41247ff61fcce1e4991e517dad8c5752/out_reco_193_1_vQT.root
18-Jun-2014 00:21:21 CEST  Successfully opened file file:/lustre/cms//store/user/calabria/calabria_SingleMuPt500_GEN-SIM-DIGI-RECO_CMSSW_6_2_0_SLHC12_2023Scenario_Case4/calabria_SingleMuPt500_GEN-SIM-DIGI-RECO_CMSSW_6_2_0_SLHC12_2023Scenario_Case4/41247ff61fcce1e4991e517dad8c5752/out_reco_193_1_vQT.root
18-Jun-2014 00:21:58 CEST  Closed file file:/lustre/cms//store/user/calabria/calabria_SingleMuPt500_GEN-SIM-DIGI-RECO_CMSSW_6_2_0_SLHC12_2023Scenario_Case4/calabria_SingleMuPt500_GEN-SIM-DIGI-RECO_CMSSW_6_2_0_SLHC12_2023Scenario_Case4/41247ff61fcce1e4991e517dad8c5752/out_reco_193_1_vQT.root
18-Jun-2014 00:21:58 CEST  Initiating request to open file file:/lustre/cms//store/user/calabria/calabria_SingleMuPt500_GEN-SIM-DIGI-RECO_CMSSW_6_2_0_SLHC12_2023Scenario_Case4/calabria_SingleMuPt500_GEN-SIM-DIGI-RECO_CMSSW_6_2_0_SLHC12_2023Scenario_Case4/41247ff61fcce1e4991e517dad8c5752/out_reco_195_1_qC2.root
18-Jun-2014 00:21:59 CEST  Successfully opened file file:/lustre/cms//store/user/calabria/calabria_SingleMuPt500_GEN-SIM-DIGI-RECO_CMSSW_6_2_0_SLHC12_2023Scenario_Case4/calabria_SingleMuPt500_GEN-SIM-DIGI-RECO_CMSSW_6_2_0_SLHC12_2023Scenario_Case4/41247ff61fcce1e4991e517dad8c5752/out_reco_195_1_qC2.root
18-Jun-2014 00:24:08 CEST  Closed file file:/lustre/cms//store/user/calabria/calabria_SingleMuPt500_GEN-SIM-DIGI-RECO_CMSSW_6_2_0_SLHC12_2023Scenario_Case4/calabria_SingleMuPt500_GEN-SIM-DIGI-RECO_CMSSW_6_2_0_SLHC12_2023Scenario_Case4/41247ff61fcce1e4991e517dad8c5752/out_reco_195_1_qC2.root

=============================================

MessageLogger Summary

 type     category        sev    module        subroutine        count    total
 ---- -------------------- -- ---------------- ----------------  -----    -----
    1 fileAction           -s file_close                            10       10
    2 fileAction           -s file_open                             20       20

 type    category    Examples: run/evt        run/evt          run/evt
 ---- -------------------- ---------------- ---------------- ----------------
    1 fileAction           PostProcessEvent PostProcessEvent PostEndRun
    2 fileAction           pre-events       pre-events       PostProcessEvent

Severity    # Occurrences   Total Occurrences
--------    -------------   -----------------
System                 30                  30
>>> END OF printout of 50 lines from stdout+stderr
>>> Parse FrameworkJobReport crab_fjr.xml
Result of parsing the FrameworkJobReport crab_fjr.xml: Popularity start
lumisRange : 1::::1;1::::2;1::::3;1::::4;1::::5;1::::6;1::::7;1::::8;1::::9;1::::10;
lumisParentRange : 
Basename : /store/user/calabria/calabria_SingleMuPt500_GEN-SIM-DIGI-RECO_CMSSW_6_2_0_SLHC12_2023Scenario_Case4/calabria_SingleMuPt500_GEN-SIM-DIGI-RECO_CMSSW_6_2_0_SLHC12_2023Scenario_Case4/41247ff61fcce1e4991e517dad8c5752/out_reco_1
BasenameParent : 
parentFiles : 
inputBlocks : /calabria_SingleMuPt500_GEN-SIM-DIGI-RECO_CMSSW_6_2_0_SLHC12_2023Scenario_Case4/calabria-calabria_SingleMuPt500_GEN-SIM-DIGI-RECO_CMSSW_6_2_0_SLHC12_2023Scenario_Case4-41247ff61fcce1e4991e517dad8c5752/USER#9d12df3b-6d45-4f90-b686-a8050cab8072
inputFiles : 90_1_i0A.root::1::EDM::Local::1;89_1_nT5.root::1::EDM::Local::2;93_1_vQT.root::1::EDM::Local::3;91_1_oq9.root::1::EDM::Local::4;92_1_TUz.root::1::EDM::Local::5;83_1_lWR.root::1::EDM::Local::6;95_1_qC2.root::1::EDM::Local::7;85_1_LpY.root::1::EDM::Local::8;87_1_3oZ.root::1::EDM::Local::9;84_1_Pmd.root::1::EDM::Local::10;
Popularity stop
Extracted ExitStatus from FrameworkJobReport parsing output: 0
>>> Executable succeded  0
ExeExitCode=0
EXECUTABLE_EXIT_STATUS = 0
>>> current directory /home/cms037/home_cream_296287068/CREAM296287068/glide_2Bt6JW/execute/dir_30592/CMSSW_6_2_0_SLHC12
>>>  (SOFTWARE_DIR): /home/cms037/home_cream_296287068/CREAM296287068/glide_2Bt6JW/execute/dir_30592/CMSSW_6_2_0_SLHC12
>>> (WORKING_DIR): 
>>> current directory content:
total 11132
drwxr-xr-x 3 cms037 cms    4096 Jun 18 00:14 .SCRAM
-rw------- 1 cms037 cms 3740531 Jun 18 00:14 CMSSW.py.pkl
drwxr-xr-x 3 cms037 cms    4096 Jun 18 00:14 bin
drwxr-xr-x 3 cms037 cms    4096 Jun 18 00:14 cfipython
drwxr-xr-x 4 cms037 cms    4096 Jun 18 00:14 config
-rw------- 1 cms037 cms      18 Jun 18 00:24 cpu_timing.txt
drwxr-xr-x 2 cms037 cms    4096 Jun 18 00:14 doc
-rw------- 1 cms037 cms    9985 Jun 18 00:24 executable.out
drwxr-xr-x 2 cms037 cms    4096 Jun 18 00:14 include
drwx------ 3 cms037 cms    4096 Apr 28 18:12 lib
drwxr-xr-x 3 cms037 cms    4096 Jun 18 00:14 logs
drwxr-xr-x 3 cms037 cms    4096 Jun 18 00:14 objs
-rw------- 1 cms037 cms     104 Jun 18 00:15 pset.py
-rw------- 1 cms037 cms 3712331 Jun 18 00:15 pset.py.pkl
-rw------- 1 cms037 cms     289 Jun 18 00:15 pset.pyc
drwxr-xr-x 2 cms037 cms    4096 Jun 18 00:14 python
-rw------- 1 cms037 cms     401 Jun 18 00:24 report.log
drwx------ 6 cms037 cms    4096 Jun 18 00:14 src
drwxr-xr-x 3 cms037 cms    4096 Jun 18 00:14 test
drwxr-xr-x 3 cms037 cms    4096 Jun 18 00:14 tmp
-rw------- 1 cms037 cms 3842715 Jun 18 00:24 validationEDM.root
>>> current directory /home/cms037/home_cream_296287068/CREAM296287068/glide_2Bt6JW/execute/dir_30592/CMSSW_6_2_0_SLHC12
>>> (SOFTWARE_DIR): /home/cms037/home_cream_296287068/CREAM296287068/glide_2Bt6JW/execute/dir_30592/CMSSW_6_2_0_SLHC12
>>> (WORKING_DIR): 
>>> current directory content:
total 11132
drwxr-xr-x 3 cms037 cms    4096 Jun 18 00:14 .SCRAM
-rw------- 1 cms037 cms 3740531 Jun 18 00:14 CMSSW.py.pkl
drwxr-xr-x 3 cms037 cms    4096 Jun 18 00:14 bin
drwxr-xr-x 3 cms037 cms    4096 Jun 18 00:14 cfipython
drwxr-xr-x 4 cms037 cms    4096 Jun 18 00:14 config
-rw------- 1 cms037 cms      18 Jun 18 00:24 cpu_timing.txt
drwxr-xr-x 2 cms037 cms    4096 Jun 18 00:14 doc
-rw------- 1 cms037 cms    9985 Jun 18 00:24 executable.out
drwxr-xr-x 2 cms037 cms    4096 Jun 18 00:14 include
drwx------ 3 cms037 cms    4096 Apr 28 18:12 lib
drwxr-xr-x 3 cms037 cms    4096 Jun 18 00:14 logs
drwxr-xr-x 3 cms037 cms    4096 Jun 18 00:14 objs
-rw------- 1 cms037 cms     104 Jun 18 00:15 pset.py
-rw------- 1 cms037 cms 3712331 Jun 18 00:15 pset.py.pkl
-rw------- 1 cms037 cms     289 Jun 18 00:15 pset.pyc
drwxr-xr-x 2 cms037 cms    4096 Jun 18 00:14 python
-rw------- 1 cms037 cms     401 Jun 18 00:24 report.log
drwx------ 6 cms037 cms    4096 Jun 18 00:14 src
drwxr-xr-x 3 cms037 cms    4096 Jun 18 00:14 test
drwxr-xr-x 3 cms037 cms    4096 Jun 18 00:14 tmp
-rw------- 1 cms037 cms 3842715 Jun 18 00:24 validationEDM_15_1_Dmr.root
>>> current directory (RUNTIME_AREA):  /home/cms037/home_cream_296287068/CREAM296287068/glide_2Bt6JW/execute/dir_30592
SE = storm-se-01.ba.infn.it
SE_PATH = /srm/managerv2?SFN=//cms/store/user/calabria/calabria_SingleMuPt500_GEN-SIM-DIGI-RECO_CMSSW_6_2_0_SLHC12_2023Scenario_Case4/calabria_MuMinus500_GEN-SIM-DIGI-RECO_CMSSW_6_2_0_SLHC12_2023Scenario_VALNOPU2_Case4/5854dd31cbd3cdec44c48628cc181cf0/
LFNBaseName = /store/user/calabria/calabria_SingleMuPt500_GEN-SIM-DIGI-RECO_CMSSW_6_2_0_SLHC12_2023Scenario_Case4/calabria_MuMinus500_GEN-SIM-DIGI-RECO_CMSSW_6_2_0_SLHC12_2023Scenario_VALNOPU2_Case4/5854dd31cbd3cdec44c48628cc181cf0/
USER = calabria
endpoint = srm://storm-se-01.ba.infn.it:8444/srm/managerv2?SFN=//cms/store/user/calabria/calabria_SingleMuPt500_GEN-SIM-DIGI-RECO_CMSSW_6_2_0_SLHC12_2023Scenario_Case4/calabria_MuMinus500_GEN-SIM-DIGI-RECO_CMSSW_6_2_0_SLHC12_2023Scenario_VALNOPU2_Case4/5854dd31cbd3cdec44c48628cc181cf0/
>>> Copy output files from WN = alicegrid50.ba.infn.it to /srm/managerv2?SFN=//cms/store/user/calabria/calabria_SingleMuPt500_GEN-SIM-DIGI-RECO_CMSSW_6_2_0_SLHC12_2023Scenario_Case4/calabria_MuMinus500_GEN-SIM-DIGI-RECO_CMSSW_6_2_0_SLHC12_2023Scenario_VALNOPU2_Case4/5854dd31cbd3cdec44c48628cc181cf0/ :
python cmscp.py  --destination srm://storm-se-01.ba.infn.it:8444/srm/managerv2?SFN=//cms/store/user/calabria/calabria_SingleMuPt500_GEN-SIM-DIGI-RECO_CMSSW_6_2_0_SLHC12_2023Scenario_Case4/calabria_MuMinus500_GEN-SIM-DIGI-RECO_CMSSW_6_2_0_SLHC12_2023Scenario_VALNOPU2_Case4/5854dd31cbd3cdec44c48628cc181cf0/ --inputFileList /home/cms037/home_cream_296287068/CREAM296287068/glide_2Bt6JW/execute/dir_30592/CMSSW_6_2_0_SLHC12/validationEDM_15_1_Dmr.root --middleware LCG --se_name storm-se-01.ba.infn.it --for_lfn /store/user/calabria/calabria_SingleMuPt500_GEN-SIM-DIGI-RECO_CMSSW_6_2_0_SLHC12_2023Scenario_Case4/calabria_MuMinus500_GEN-SIM-DIGI-RECO_CMSSW_6_2_0_SLHC12_2023Scenario_VALNOPU2_Case4/5854dd31cbd3cdec44c48628cc181cf0/    
******************************************************
localSeName  =  storm-se-01.ba.infn.it
remoteSeName =  storm-se-01.ba.infn.it
******************************************************
{"/home/cms037/home_cream_296287068/CREAM296287068/glide_2Bt6JW/execute/dir_30592/CMSSW_6_2_0_SLHC12/validationEDM_15_1_Dmr.root": {"endpoint": "srm://storm-se-01.ba.infn.it:8444/srm/managerv2?SFN=//cms/store/user/calabria/calabria_SingleMuPt500_GEN-SIM-DIGI-RECO_CMSSW_6_2_0_SLHC12_2023Scenario_Case4/calabria_MuMinus500_GEN-SIM-DIGI-RECO_CMSSW_6_2_0_SLHC12_2023Scenario_VALNOPU2_Case4/5854dd31cbd3cdec44c48628cc181cf0/", "surl_for_grid": "", "reason": "Copy succedeed with srm-lcg utils", "erCode": "0", "se_name": "storm-se-01.ba.infn.it", "for_lfn": "/store/user/calabria/calabria_SingleMuPt500_GEN-SIM-DIGI-RECO_CMSSW_6_2_0_SLHC12_2023Scenario_Case4/calabria_MuMinus500_GEN-SIM-DIGI-RECO_CMSSW_6_2_0_SLHC12_2023Scenario_VALNOPU2_Case4/5854dd31cbd3cdec44c48628cc181cf0/"}}/home/cms037/home_cream_296287068/CREAM296287068/glide_2Bt6JW/execute/dir_30592
-------- cat /home/cms037/home_cream_296287068/CREAM296287068/glide_2Bt6JW/execute/dir_30592/cmscpReport.sh 
#!/bin/bash
echo "Report for File: /home/cms037/home_cream_296287068/CREAM296287068/glide_2Bt6JW/execute/dir_30592/CMSSW_6_2_0_SLHC12/validationEDM_15_1_Dmr.root"
echo "LFN: /store/user/calabria/calabria_SingleMuPt500_GEN-SIM-DIGI-RECO_CMSSW_6_2_0_SLHC12_2023Scenario_Case4/calabria_MuMinus500_GEN-SIM-DIGI-RECO_CMSSW_6_2_0_SLHC12_2023Scenario_VALNOPU2_Case4/5854dd31cbd3cdec44c48628cc181cf0/validationEDM_15_1_Dmr.root"
echo "StorageElement: storm-se-01.ba.infn.it"
echo "StageOutExitStatusReason = 'Copy succedeed with srm-lcg utils'" | tee -a $RUNTIME_AREA/$repo
echo "StageOutSE = storm-se-01.ba.infn.it" >> $RUNTIME_AREA/$repo

export StageOutExitStatus=0
echo "StageOutExitStatus = 0" | tee -a $RUNTIME_AREA/$repo
-------- end of /home/cms037/home_cream_296287068/CREAM296287068/glide_2Bt6JW/execute/dir_30592/cmscpReport.sh 
Report for File: /home/cms037/home_cream_296287068/CREAM296287068/glide_2Bt6JW/execute/dir_30592/CMSSW_6_2_0_SLHC12/validationEDM_15_1_Dmr.root
LFN: /store/user/calabria/calabria_SingleMuPt500_GEN-SIM-DIGI-RECO_CMSSW_6_2_0_SLHC12_2023Scenario_Case4/calabria_MuMinus500_GEN-SIM-DIGI-RECO_CMSSW_6_2_0_SLHC12_2023Scenario_VALNOPU2_Case4/5854dd31cbd3cdec44c48628cc181cf0/validationEDM_15_1_Dmr.root
StorageElement: storm-se-01.ba.infn.it
StageOutExitStatusReason = 'Copy succedeed with srm-lcg utils'
StageOutExitStatus = 0
>>> current dir: /home/cms037/home_cream_296287068/CREAM296287068/glide_2Bt6JW/execute/dir_30592
>>> current dir content:
total 28080
-rw-------  1 cms037 cms     2791 Jun 18 00:25 .SEinteraction.log
-rwx------  1 cms037 cms     6723 Jun 18 00:14 .job.ad
-rwx------  1 cms037 cms     9234 Jun 18 00:14 .machine.ad
-rw-------  1 cms037 cms      105 Jun 16 20:51 CMSSW.py
-rw-------  1 cms037 cms  3740531 Jun 16 20:51 CMSSW.py.pkl
-rwx------  1 cms037 cms    29569 Jun 18 00:14 CMSSW.sh
drwxr-xr-x 15 cms037 cms     4096 Jun 18 00:24 CMSSW_6_2_0_SLHC12
-rw-------  1 cms037 cms      220 Jun 18 00:14 CacheEnv.sh
-rw-------  1 cms037 cms     7291 Apr  4 11:04 DashboardAPI.py
-rw-------  1 cms037 cms     6815 Jun 18 00:14 DashboardAPI.pyc
drwx------  2 cms037 cms     4096 Jun 18 00:24 IMProv
-rw-------  1 cms037 cms     2748 Apr  4 11:04 Logger.py
-rw-------  1 cms037 cms     3347 Jun 18 00:14 Logger.pyc
-rw-------  1 cms037 cms    24524 Apr  4 11:04 ProcInfo.py
-rw-------  1 cms037 cms    23197 Jun 18 00:14 ProcInfo.pyc
drwx------  7 cms037 cms     4096 Jun 18 00:15 ProdCommon
drwx------  3 cms037 cms     4096 Jun 18 00:14 WMCore
-rw-------  1 cms037 cms     2906 Jun 18 00:24 Watchdog_15.log
-rwx------  1 cms037 cms        0 Jun 18 00:14 _condor_stderr
-rwx---r--  1 cms037 cms    29523 Jun 18 00:25 _condor_stdout
-rw-------  1 cms037 cms    32895 Apr  4 11:04 apmon.py
-rw-------  1 cms037 cms    28625 Jun 18 00:14 apmon.pyc
-rwx------  1 cms037 cms    53857 Jun 18 00:14 arguments.xml
-rwx------  1 cms037 cms    38515 Apr  4 11:04 cmscp.py
-rw-------  1 cms037 cms      720 Jun 18 00:25 cmscpReport.sh
-rwx------  1 cms037 cms    29569 Jun 18 00:14 condor_exec.exe
-rw-------  1 cms037 cms      963 Jun 16 20:51 crab.cfg
-rwx------  1 cms037 cms     8610 Apr  4 11:04 crabWatchdog.sh
-rwx---r--  1 cms037 cms   523346 Jun 18 00:24 crab_fjr_15.xml
-rwx------  1 cms037 cms 23957666 Jun 18 00:14 default.tgz
-rwx------  1 cms037 cms     4488 Apr  4 11:04 fillCrabFjr.py
-rw-------  1 cms037 cms     2651 Jun 18 00:15 inputsReport.txt
-rw-------  1 cms037 cms      258 Jun 18 00:25 jobreport.txt
-rw-------  1 cms037 cms    17352 Apr  4 11:04 parseCrabFjr.py
-rw-------  1 cms037 cms      325 Jun 18 00:14 report.log
-rwx--x--x  1 cms037 cms     1497 Apr  4 11:04 report.py
-rw-------  1 cms037 cms      776 Jun 18 00:25 resultCopyFile
lrwxrwxrwx  1 cms037 cms      126 Jun 18 00:24 validationEDM.root -> /home/cms037/home_cream_296287068/CREAM296287068/glide_2Bt6JW/execute/dir_30592/CMSSW_6_2_0_SLHC12/validationEDM_15_1_Dmr.root
-rwx------  1 cms037 cms     8387 Apr  4 11:04 writeCfg.py
-rw-------  1 cms037 cms     8010 Jun 18 00:14 x509up_u50707
>>> Modify Job Report:
CMSSW_VERSION = CMSSW_6_2_0_SLHC12
ProcessedDataset = calabria_MuMinus500_GEN-SIM-DIGI-RECO_CMSSW_6_2_0_SLHC12_2023Scenario_VALNOPU2_Case4
/home/cms037/home_cream_296287068/CREAM296287068/glide_2Bt6JW/execute/dir_30592/ProdCommon/FwkJobRep/ModifyJobReport.py fjr /home/cms037/home_cream_296287068/CREAM296287068/glide_2Bt6JW/execute/dir_30592/crab_fjr_15.xml json /home/cms037/home_cream_296287068/CREAM296287068/glide_2Bt6JW/execute/dir_30592/resultCopyFile n_job 15_1_Dmr PrimaryDataset calabria_SingleMuPt500_GEN-SIM-DIGI-RECO_CMSSW_6_2_0_SLHC12_2023Scenario_Case4  ApplicationFamily cmsRun ApplicationName cmsRun cmssw_version CMSSW_6_2_0_SLHC12 psethash 5854dd31cbd3cdec44c48628cc181cf0 UserProcessedDataset calabria-calabria_MuMinus500_GEN-SIM-DIGI-RECO_CMSSW_6_2_0_SLHC12_2023Scenario_VALNOPU2_Case4-5854dd31cbd3cdec44c48628cc181cf0
inputDict =  {u'/home/cms037/home_cream_296287068/CREAM296287068/glide_2Bt6JW/execute/dir_30592/CMSSW_6_2_0_SLHC12/validationEDM_15_1_Dmr.root': {u'endpoint': u'srm://storm-se-01.ba.infn.it:8444/srm/managerv2?SFN=//cms/store/user/calabria/calabria_SingleMuPt500_GEN-SIM-DIGI-RECO_CMSSW_6_2_0_SLHC12_2023Scenario_Case4/calabria_MuMinus500_GEN-SIM-DIGI-RECO_CMSSW_6_2_0_SLHC12_2023Scenario_VALNOPU2_Case4/5854dd31cbd3cdec44c48628cc181cf0/', u'surl_for_grid': u'', u'reason': u'Copy succedeed with srm-lcg utils', u'erCode': u'0', u'se_name': u'storm-se-01.ba.infn.it', u'for_lfn': u'/store/user/calabria/calabria_SingleMuPt500_GEN-SIM-DIGI-RECO_CMSSW_6_2_0_SLHC12_2023Scenario_Case4/calabria_MuMinus500_GEN-SIM-DIGI-RECO_CMSSW_6_2_0_SLHC12_2023Scenario_VALNOPU2_Case4/5854dd31cbd3cdec44c48628cc181cf0/'}}
UserProcessedDataset =  calabria-calabria_MuMinus500_GEN-SIM-DIGI-RECO_CMSSW_6_2_0_SLHC12_2023Scenario_VALNOPU2_Case4-5854dd31cbd3cdec44c48628cc181cf0
file_name in inputDict =  /home/cms037/home_cream_296287068/CREAM296287068/glide_2Bt6JW/execute/dir_30592/CMSSW_6_2_0_SLHC12/validationEDM_15_1_Dmr.root
(size) os.stat(filename)[6] =  3842715
checksum =  2669631030
    file =  validationEDM_15_1_Dmr.root
    newPfn =  srm://storm-se-01.ba.infn.it:8444/srm/managerv2?SFN=//cms/store/user/calabria/calabria_SingleMuPt500_GEN-SIM-DIGI-RECO_CMSSW_6_2_0_SLHC12_2023Scenario_Case4/calabria_MuMinus500_GEN-SIM-DIGI-RECO_CMSSW_6_2_0_SLHC12_2023Scenario_VALNOPU2_Case4/5854dd31cbd3cdec44c48628cc181cf0/validationEDM_15_1_Dmr.root
    newLfn =  /store/user/calabria/calabria_SingleMuPt500_GEN-SIM-DIGI-RECO_CMSSW_6_2_0_SLHC12_2023Scenario_Case4/calabria_MuMinus500_GEN-SIM-DIGI-RECO_CMSSW_6_2_0_SLHC12_2023Scenario_VALNOPU2_Case4/5854dd31cbd3cdec44c48628cc181cf0/validationEDM_15_1_Dmr.root
>>> crab_fjr_*.xml  permission set to 0704
CrabWrapper EXIT_FUNC entered at Wed Jun 18 00:25:04 CEST 2014   -  Tue Jun 17 22:25:04 UTC 2014
Checking output files:  
will tar file crab_fjr_15.xml in  out_files_15
WARNING: output file CMSSW_15.stdout not found!
WARNING: output file CMSSW_15.stderr not found!
WARNING: output file Watchdog_15.log.gz not found!
>>> padding time: Wrapper lasting more than 600 seconds. No sleep required.
STOPPING WATCHDOG. CrabWatchdog PID is 3224
********** LAST 50 LINES OF WATCHDOG LOG
# RESOURCE USAGE SUMMARY FOR PROCESS ID 31476
USER       PID %CPU %MEM    VSZ   RSS TTY      STAT START   TIME COMMAND
cms037   31476  0.1  0.0   9496  1592 ?        S    00:14   0:00 /bin/sh /home/cms037/home_cream_296287068/CREAM296287068/glide_2Bt6JW/execute/dir_30592/condor_exec.exe 15 1
 
# LIMITS USED BY CRAB WATCHDOG:
# RSS  (KBytes)   : 2300000
# VSZ  (KBytes)   : 100000000
# DISK (MBytes)   : 19000
# CPU TIME        : 720h:0m:0s
# WALL CLOCK TIME : 21h:50m:0s
 
# FOLLOWING PRINTOUT TRACKS MAXIMUM VALUES OF RESOURCES USE
# ONE LINE IS PRINTED EACH TIME A MAXIMUM CHANGES
# IF CHANGE WAS IN RSS OR VSZ ALSO PROCID AND COMMAND ARE PRINTED
# THERE IS NO PRINTOUT FOR CPU/WALL TIME INCREASE
 
# TIME			PID	RSS(KB)	VSZ(KB)	Dsk(MB)	tCPU(s)	tWALL(s)	COMMAND
 Jun 18 00:14:59 CEST	3224	1416	9388	0	0	0	/bin/bash /home/cms037/home_cream_296287068/CREAM296287068/glide_2Bt6JW/execute/dir_30592/crabWatchdog.sh         
 Jun 18 00:14:59 CEST	3249	3260	79428	0	0	1	edmConfigHash pset.py         
 Jun 18 00:14:59 CEST	26309	8008	93328	0	0	1	/home/cms037/home_cream_296287068/CREAM296287068/glide_2Bt6JW/main/condor/sbin/condor_master -f -pidfile /home/cms037/home_cream_296287068/CREAM296287068/glide_2Bt6JW/condor_master2.pid       
 Jun 18 00:14:59 CEST	27088	8684	93776	0	0	1	condor_startd -f         
 Jun 18 00:14:59 CEST	30929	8684	106092	0	0	1	sh -c "./glidein_startup.sh" -v std -name v3_0 -entry CMS_T2_IT_Bari_ce2 -clientname UCSD-v1_0.main
 Jun 18 00:14:59 CEST	30945	8684	106492	0	0	1	/bin/bash ./glidein_startup.sh -v std -name v3_0 -entry CMS_T2_IT_Bari_ce2 -clientname UCSD-v1_0.main -schedd
 Jun 18 00:14:59 CEST	---	8684	106492	171	----	----	----
 Jun 18 00:16:01 CEST	4567	718948	986168	171	27	62	cmsRun -j /home/cms037/home_cream_296287068/CREAM296287068/glide_2Bt6JW/execute/dir_30592/crab_fjr_15.xml -p pset.py      
 Jun 18 00:16:01 CEST	---	718948	986168	175	----	----	----
 Jun 18 00:17:02 CEST	4567	729432	1003832	175	77	124	cmsRun -j /home/cms037/home_cream_296287068/CREAM296287068/glide_2Bt6JW/execute/dir_30592/crab_fjr_15.xml -p pset.py      
 Jun 18 00:18:05 CEST	4567	729432	1021268	175	124	186	cmsRun -j /home/cms037/home_cream_296287068/CREAM296287068/glide_2Bt6JW/execute/dir_30592/crab_fjr_15.xml -p pset.py      
 Jun 18 00:21:11 CEST	4567	729432	1027112	175	272	373	cmsRun -j /home/cms037/home_cream_296287068/CREAM296287068/glide_2Bt6JW/execute/dir_30592/crab_fjr_15.xml -p pset.py      
 Jun 18 00:22:14 CEST	4567	729432	1037352	175	318	436	cmsRun -j /home/cms037/home_cream_296287068/CREAM296287068/glide_2Bt6JW/execute/dir_30592/crab_fjr_15.xml -p pset.py      
 Jun 18 00:23:17 CEST	4567	1147612	1711400	175	380	498	cmsRun -j /home/cms037/home_cream_296287068/CREAM296287068/glide_2Bt6JW/execute/dir_30592/crab_fjr_15.xml -p pset.py      
 Jun 18 00:23:17 CEST	---	1147612	1711400	176	----	----	----
 Jun 18 00:24:18 CEST	---	1147612	1711400	179	----	----	----
********** WATCHDOG LOG ENDED
ZIPPING WATCHDOG LOG
Disk space used:
du -sh /home/cms037/home_cream_296287068/CREAM296287068/glide_2Bt6JW/execute/dir_30592
179M	/home/cms037/home_cream_296287068/CREAM296287068/glide_2Bt6JW/execute/dir_30592
Found unusual stdout, rename for OSB
`/home/cms037/home_cream_296287068/CREAM296287068/glide_2Bt6JW/execute/dir_30592/_condor_stdout' -> `CMSSW_15.stdout'
Found unusual stderr, rename for OSB
`/home/cms037/home_cream_296287068/CREAM296287068/glide_2Bt6JW/execute/dir_30592/_condor_stdout' -> `CMSSW_15.stderr'
crab_fjr_15.xml
CMSSW_15.stdout
CMSSW_15.stderr
Watchdog_15.log.gz
Total Output dimension: 70338
WARNING: output files size limit is set to: 50000000
Total Output dimension 70338 is fine.
JOB_EXIT_STATUS = 0
>>> info for dashboard:
***** Cat /home/cms037/home_cream_296287068/CREAM296287068/glide_2Bt6JW/execute/dir_30592/jobreport.txt *****
MonitorJobID=15_https://vocms20.cern.ch//140616//1841016.14
MonitorID=calabria_MuMinus500_Case4_ReReco_17lnj5
ExeTime=532
ExeExitCode=0
StageOutExitStatusReason = 'Copy succedeed with srm-lcg utils'
StageOutSE = storm-se-01.ba.infn.it
StageOutExitStatus = 0
CrabUserCpuTime=323.42
CrabSysCpuTime=108.17
CrabCpuPercentage=81%
CrabWrapperTime=620
CrabStageoutTime=49
JobExitCode=0
***** End Cat jobreport *****
Parameters sent to Dashboard.
EXITING at Wed Jun 18 00:25:11 CEST 2014  -  Tue Jun 17 22:25:11 UTC 2014
