This script was generated by crab (version 2.10.5_patch1).
Running /home/cms049/home_cream_056918585/CREAM056918585/glide_JCJU1c/execute/dir_26712/condor_exec.exe with 2 positional parameters: 8 1
Today is Wed Jun 18 00:14:39 CEST 2014 - Tue Jun 17 22:14:39 UTC 2014
Job submitted on host alicegrid61.ba.infn.it
Linux alicegrid61.ba.infn.it 2.6.32-358.23.2.el6.x86_64 #1 SMP Thu Oct 17 10:27:22 CEST 2013 x86_64 x86_64 x86_64 GNU/Linux
>>> current directory (RUNTIME_AREA): /home/cms049/home_cream_056918585/CREAM056918585/glide_JCJU1c/execute/dir_26712
>>> current user: uid=18671(cms049) gid=1399(cms) groups=1399(cms)
>>> directory permission set to 0700
>>> umask set to:  u=rwx,g=,o=
>>> stdout stderr permission set to 0704
>>> voms proxy information:
subject   : /C=IT/O=INFN/OU=Personal Certificate/L=Bari/CN=Cesare Calabria/CN=477126703/CN=1167504478
issuer    : /C=IT/O=INFN/OU=Personal Certificate/L=Bari/CN=Cesare Calabria/CN=477126703
identity  : /C=IT/O=INFN/OU=Personal Certificate/L=Bari/CN=Cesare Calabria
type      : RFC3820 compliant limited proxy
strength  : 1024
path      : /home/cms049/home_cream_056918585/CREAM056918585/glide_JCJU1c/execute/dir_26712/x509up_u50707
timeleft  : 23:59:56
key usage : Digital Signature, Key Encipherment, Data Encipherment
=== VO cms extension information ===
VO        : cms
subject   : /C=IT/O=INFN/OU=Personal Certificate/L=Bari/CN=Cesare Calabria
issuer    : /DC=ch/DC=cern/OU=computers/CN=voms.cern.ch
attribute : /cms/Role=NULL/Capability=NULL
attribute : /cms/itcms/Role=NULL/Capability=NULL
timeleft  : 155:09:39
uri       : voms.cern.ch:15002

WNHostName=alicegrid61.ba.infn.it
>>> tar --no-same-permissions -xf /home/cms049/home_cream_056918585/CREAM056918585/glide_JCJU1c/execute/dir_26712/default.tgz :
Successful untar
>>> Include /home/cms049/home_cream_056918585/CREAM056918585/glide_JCJU1c/execute/dir_26712 in PYTHONPATH:
strip arguments
env var CRAB_UNIQUE_JOB_ID set to: calabria_MuMinus500_Case4_ReReco_17lnj5_8_1_7Dw
out_files_8
>>> list of expected files on output sandbox
output files: crab_fjr_8.xml CMSSW_8.stdout CMSSW_8.stderr Watchdog_8.log.gz
>>> GridFlavour discovery: 
GridFlavour=LCG
>>> SyncSite discovery: 
SyncSite=T2_IT_Bari
>>> SyncCE discovery: 
getting SyncCE from CE_ID
SyncCE=cream-ce-2.ba.infn.it:8443/cream-pbs-cms
>>> info for dashboard:
***** Cat /home/cms049/home_cream_056918585/CREAM056918585/glide_JCJU1c/execute/dir_26712/jobreport.txt *****
WNHostName=alicegrid61.ba.infn.it
MonitorJobID=8_https://vocms20.cern.ch//140616//1841016.7
SyncGridJobId=https://vocms20.cern.ch//140616//1841016.7
MonitorID=calabria_MuMinus500_Case4_ReReco_17lnj5
GridFlavour=LCG
SyncSite=T2_IT_Bari
SyncCE=cream-ce-2.ba.infn.it:8443/cream-pbs-cms
***** End Cat jobreport *****
Parameters sent to Dashboard.
>>> setup environment
set SCRAM ARCH to slc5_amd64_gcc472
SCRAM_ARCH = slc5_amd64_gcc472
>>> setup CMS LCG environment:
set SCRAM ARCH and BUILD_ARCH to slc5_amd64_gcc472 ###
Sourcing environment... 
sourcing /cvmfs/cms.cern.ch/cmsset_default.sh
==> setup cms environment ok
>>> specific cmssw setup environment:
CMSSW_VERSION =  CMSSW_6_2_0_SLHC12
>>> current directory (SOFTWARE_DIR): /home/cms049/home_cream_056918585/CREAM056918585/glide_JCJU1c/execute/dir_26712/CMSSW_6_2_0_SLHC12
PreserveSeeds: <>
IncrementSeeds:<>
>>> info for dashboard:
***** Cat /home/cms049/home_cream_056918585/CREAM056918585/glide_JCJU1c/execute/dir_26712/jobreport.txt *****
MonitorJobID=8_https://vocms20.cern.ch//140616//1841016.7
MonitorID=calabria_MuMinus500_Case4_ReReco_17lnj5
***** End Cat jobreport *****
Parameters sent to Dashboard.
crabWatchdog started as process 29029
>>> moving CMSSW software directories in /home/cms049/home_cream_056918585/CREAM056918585/glide_JCJU1c/execute/dir_26712/CMSSW_6_2_0_SLHC12
mv: cannot stat `/home/cms049/home_cream_056918585/CREAM056918585/glide_JCJU1c/execute/dir_26712/module/': No such file or directory
>>> Include /home/cms049/home_cream_056918585/CREAM056918585/glide_JCJU1c/execute/dir_26712 in PYTHONPATH:
PYTHONPATH=/home/cms049/home_cream_056918585/CREAM056918585/glide_JCJU1c/execute/dir_26712/:/home/cms049/home_cream_056918585/CREAM056918585/glide_JCJU1c/execute/dir_26712/CMSSW_6_2_0_SLHC12/python:/home/cms049/home_cream_056918585/CREAM056918585/glide_JCJU1c/execute/dir_26712/CMSSW_6_2_0_SLHC12/lib/slc5_amd64_gcc472:/cvmfs/cms.cern.ch/slc5_amd64_gcc472/cms/cmssw/CMSSW_6_2_0_SLHC12/python:/cvmfs/cms.cern.ch/slc5_amd64_gcc472/cms/cmssw/CMSSW_6_2_0_SLHC12/lib/slc5_amd64_gcc472:/cvmfs/cms.cern.ch/slc5_amd64_gcc472/cms/coral/CORAL_2_3_21-cms36/slc5_amd64_gcc472/python:/cvmfs/cms.cern.ch/slc5_amd64_gcc472/cms/coral/CORAL_2_3_21-cms36/slc5_amd64_gcc472/lib:/cvmfs/cms.cern.ch/slc5_amd64_gcc472/external/pyqt/4.8.1-cms6/lib/python2.7/site-packages:/cvmfs/cms.cern.ch/slc5_amd64_gcc472/external/py2-scipy/0.8.0-cms8/lib/python2.7/site-packages:/cvmfs/cms.cern.ch/slc5_amd64_gcc472/external/py2-matplotlib/1.0.1-cms8/lib/python2.7/site-packages:/cvmfs/cms.cern.ch/slc5_amd64_gcc472/external/python-ldap/2.3.5-cms6/lib/python2.7/site-packages:/cvmfs/cms.cern.ch/slc5_amd64_gcc472/external/sip/4.11.2-cms6/lib/python2.7/site-packages:/cvmfs/cms.cern.ch/slc5_amd64_gcc472/external/py2-pycurl/7.19.0-cms8/lib/python2.7/site-packages:/cvmfs/cms.cern.ch/slc5_amd64_gcc472/external/py2-numpy/1.6.1-cms8/lib/python2.7/site-packages:/cvmfs/cms.cern.ch/slc5_amd64_gcc472/external/py2-lint/0.25.1-cms6/lib/python2.7/site-packages:/cvmfs/cms.cern.ch/slc5_amd64_gcc472/external/py2-ipython/0.10-cms6/lib/python2.7/site-packages:/cvmfs/cms.cern.ch/slc5_amd64_gcc472/external/py2-cx-oracle/5.1-cms7/lib/python2.7/site-packages:/cvmfs/cms.cern.ch/slc5_amd64_gcc472/external/py2-cjson/1.0.5-cms6/lib/python2.7/site-packages:/cvmfs/cms.cern.ch/slc5_amd64_gcc472/cms/das-client/1.11.7/bin:/cvmfs/cms.cern.ch/slc5_amd64_gcc472/external/elementtree/1.2.6-cms6/share/lib/python2.7/site-packages:/cvmfs/cms.cern.ch/slc5_amd64_gcc472/external/rivet/1.8.2-cms8/lib/python2.7/site-packages:/cvmfs/cms.cern.ch/slc5_amd64_gcc472/external/pyminuit2/0.0.1-cms19/lib/python2.7/site-packages:/cvmfs/cms.cern.ch/slc5_amd64_gcc472/external/py2-pygithub/1.23.0/lib/python2.7/site-packages:/cvmfs/cms.cern.ch/slc5_amd64_gcc472/external/professor/1.0.0-cms19/lib/python2.7/site-packages:/cvmfs/cms.cern.ch/slc5_amd64_gcc472/lcg/root/5.34.07-cms/lib:/cvmfs/cms.cern.ch/slc5_amd64_gcc472/cms/dbs-client/DBS_2_1_9-cms5/lib:/cvmfs/cms.cern.ch/slc5_amd64_gcc472/cms/dbs-client/DBS_2_1_9-cms5/lib/DBSAPI:/cvmfs/cms.cern.ch/slc5_amd64_gcc472/external/cvs2git/5419-cms/lib:/home/cms049/home_cream_056918585/CREAM056918585/glide_JCJU1c/execute/dir_26712/
 
# LIMITS USED BY CRAB WATCHDOG:
# RSS  (KBytes)   : 2300000
# VSZ  (KBytes)   : 100000000
# DISK (MBytes)   : 19000
# CPU TIME        : 720h:0m:0s
# WALL CLOCK TIME : 21h:50m:0s
 
5854dd31cbd3cdec44c48628cc181cf0
PSETHASH = 5854dd31cbd3cdec44c48628cc181cf0
/home/cms049/home_cream_056918585/CREAM056918585/glide_JCJU1c/execute/dir_26712/writeCfg.py pset.py pset.py
Importing .py file
Setting parameters
RandomNumberGeneratorService found, will attempt to change seeds
inputBlocks=/calabria_SingleMuPt500_GEN-SIM-DIGI-RECO_CMSSW_6_2_0_SLHC12_2023Scenario_Case4/calabria-calabria_SingleMuPt500_GEN-SIM-DIGI-RECO_CMSSW_6_2_0_SLHC12_2023Scenario_Case4-41247ff61fcce1e4991e517dad8c5752/USER#9d12df3b-6d45-4f90-b686-a8050cab8072
inputFiles=/store/user/calabria/calabria_SingleMuPt500_GEN-SIM-DIGI-RECO_CMSSW_6_2_0_SLHC12_2023Scenario_Case4/calabria_SingleMuPt500_GEN-SIM-DIGI-RECO_CMSSW_6_2_0_SLHC12_2023Scenario_Case4/41247ff61fcce1e4991e517dad8c5752/out_reco_79_1_C45.root;/store/user/calabria/calabria_SingleMuPt500_GEN-SIM-DIGI-RECO_CMSSW_6_2_0_SLHC12_2023Scenario_Case4/calabria_SingleMuPt500_GEN-SIM-DIGI-RECO_CMSSW_6_2_0_SLHC12_2023Scenario_Case4/41247ff61fcce1e4991e517dad8c5752/out_reco_80_1_w7b.root;/store/user/calabria/calabria_SingleMuPt500_GEN-SIM-DIGI-RECO_CMSSW_6_2_0_SLHC12_2023Scenario_Case4/calabria_SingleMuPt500_GEN-SIM-DIGI-RECO_CMSSW_6_2_0_SLHC12_2023Scenario_Case4/41247ff61fcce1e4991e517dad8c5752/out_reco_81_1_flu.root;/store/user/calabria/calabria_SingleMuPt500_GEN-SIM-DIGI-RECO_CMSSW_6_2_0_SLHC12_2023Scenario_Case4/calabria_SingleMuPt500_GEN-SIM-DIGI-RECO_CMSSW_6_2_0_SLHC12_2023Scenario_Case4/41247ff61fcce1e4991e517dad8c5752/out_reco_84_1_vno.root;/store/user/calabria/calabria_SingleMuPt500_GEN-SIM-DIGI-RECO_CMSSW_6_2_0_SLHC12_2023Scenario_Case4/calabria_SingleMuPt500_GEN-SIM-DIGI-RECO_CMSSW_6_2_0_SLHC12_2023Scenario_Case4/41247ff61fcce1e4991e517dad8c5752/out_reco_87_1_j9L.root;/store/user/calabria/calabria_SingleMuPt500_GEN-SIM-DIGI-RECO_CMSSW_6_2_0_SLHC12_2023Scenario_Case4/calabria_SingleMuPt500_GEN-SIM-DIGI-RECO_CMSSW_6_2_0_SLHC12_2023Scenario_Case4/41247ff61fcce1e4991e517dad8c5752/out_reco_88_1_83x.root;/store/user/calabria/calabria_SingleMuPt500_GEN-SIM-DIGI-RECO_CMSSW_6_2_0_SLHC12_2023Scenario_Case4/calabria_SingleMuPt500_GEN-SIM-DIGI-RECO_CMSSW_6_2_0_SLHC12_2023Scenario_Case4/41247ff61fcce1e4991e517dad8c5752/out_reco_89_1_Wdw.root;/store/user/calabria/calabria_SingleMuPt500_GEN-SIM-DIGI-RECO_CMSSW_6_2_0_SLHC12_2023Scenario_Case4/calabria_SingleMuPt500_GEN-SIM-DIGI-RECO_CMSSW_6_2_0_SLHC12_2023Scenario_Case4/41247ff61fcce1e4991e517dad8c5752/out_reco_90_1_Am9.root;/store/user/calabria/calabria_SingleMuPt500_GEN-SIM-DIGI-RECO_CMSSW_6_2_0_SLHC12_2023Scenario_Case4/calabria_SingleMuPt500_GEN-SIM-DIGI-RECO_CMSSW_6_2_0_SLHC12_2023Scenario_Case4/41247ff61fcce1e4991e517dad8c5752/out_reco_91_1_bZm.root;/store/user/calabria/calabria_SingleMuPt500_GEN-SIM-DIGI-RECO_CMSSW_6_2_0_SLHC12_2023Scenario_Case4/calabria_SingleMuPt500_GEN-SIM-DIGI-RECO_CMSSW_6_2_0_SLHC12_2023Scenario_Case4/41247ff61fcce1e4991e517dad8c5752/out_reco_95_1_stv.root
parentFiles=
lumisRange=
>>> Executable cmsRun
/cvmfs/cms.cern.ch/slc5_amd64_gcc472/cms/cmssw/CMSSW_6_2_0_SLHC12/bin/slc5_amd64_gcc472/cmsRun
ok executable found
>>> info for dashboard:
***** Cat /home/cms049/home_cream_056918585/CREAM056918585/glide_JCJU1c/execute/dir_26712/jobreport.txt *****
MonitorJobID=8_https://vocms20.cern.ch//140616//1841016.7
MonitorID=calabria_MuMinus500_Case4_ReReco_17lnj5
ExeStart=cmsRun
***** End Cat jobreport *****
Parameters sent to Dashboard.
>>> cmsRun started at Tue Jun 17 22:15:05 UTC 2014
>>> cmsRun ended at Tue Jun 17 22:21:23 UTC 2014
>>> crab_fjr_*.xml  permission set to 0704
>>> info for dashboard:
***** Cat /home/cms049/home_cream_056918585/CREAM056918585/glide_JCJU1c/execute/dir_26712/jobreport.txt *****
MonitorJobID=8_https://vocms20.cern.ch//140616//1841016.7
MonitorID=calabria_MuMinus500_Case4_ReReco_17lnj5
ExeEnd=cmsRun
***** End Cat jobreport *****
Parameters sent to Dashboard.
TIME_EXE = 378 sec
>>> cmsRun wrote 50 lines of stdout+stderr
>>> START OF printout of 50 lines from stdout+stderr
271 DQMStore::DQMStore 
HcalTopologyIdealEP::HcalTopologyIdealEP
18-Jun-2014 00:15:24 CEST  Initiating request to open file file:/lustre/cms//store/user/calabria/calabria_SingleMuPt500_GEN-SIM-DIGI-RECO_CMSSW_6_2_0_SLHC12_2023Scenario_Case4/calabria_SingleMuPt500_GEN-SIM-DIGI-RECO_CMSSW_6_2_0_SLHC12_2023Scenario_Case4/41247ff61fcce1e4991e517dad8c5752/out_reco_79_1_C45.root
18-Jun-2014 00:15:27 CEST  Successfully opened file file:/lustre/cms//store/user/calabria/calabria_SingleMuPt500_GEN-SIM-DIGI-RECO_CMSSW_6_2_0_SLHC12_2023Scenario_Case4/calabria_SingleMuPt500_GEN-SIM-DIGI-RECO_CMSSW_6_2_0_SLHC12_2023Scenario_Case4/41247ff61fcce1e4991e517dad8c5752/out_reco_79_1_C45.root
18-Jun-2014 00:16:08 CEST  Closed file file:/lustre/cms//store/user/calabria/calabria_SingleMuPt500_GEN-SIM-DIGI-RECO_CMSSW_6_2_0_SLHC12_2023Scenario_Case4/calabria_SingleMuPt500_GEN-SIM-DIGI-RECO_CMSSW_6_2_0_SLHC12_2023Scenario_Case4/41247ff61fcce1e4991e517dad8c5752/out_reco_79_1_C45.root
18-Jun-2014 00:16:08 CEST  Initiating request to open file file:/lustre/cms//store/user/calabria/calabria_SingleMuPt500_GEN-SIM-DIGI-RECO_CMSSW_6_2_0_SLHC12_2023Scenario_Case4/calabria_SingleMuPt500_GEN-SIM-DIGI-RECO_CMSSW_6_2_0_SLHC12_2023Scenario_Case4/41247ff61fcce1e4991e517dad8c5752/out_reco_80_1_w7b.root
18-Jun-2014 00:16:08 CEST  Successfully opened file file:/lustre/cms//store/user/calabria/calabria_SingleMuPt500_GEN-SIM-DIGI-RECO_CMSSW_6_2_0_SLHC12_2023Scenario_Case4/calabria_SingleMuPt500_GEN-SIM-DIGI-RECO_CMSSW_6_2_0_SLHC12_2023Scenario_Case4/41247ff61fcce1e4991e517dad8c5752/out_reco_80_1_w7b.root
18-Jun-2014 00:16:40 CEST  Closed file file:/lustre/cms//store/user/calabria/calabria_SingleMuPt500_GEN-SIM-DIGI-RECO_CMSSW_6_2_0_SLHC12_2023Scenario_Case4/calabria_SingleMuPt500_GEN-SIM-DIGI-RECO_CMSSW_6_2_0_SLHC12_2023Scenario_Case4/41247ff61fcce1e4991e517dad8c5752/out_reco_80_1_w7b.root
18-Jun-2014 00:16:40 CEST  Initiating request to open file file:/lustre/cms//store/user/calabria/calabria_SingleMuPt500_GEN-SIM-DIGI-RECO_CMSSW_6_2_0_SLHC12_2023Scenario_Case4/calabria_SingleMuPt500_GEN-SIM-DIGI-RECO_CMSSW_6_2_0_SLHC12_2023Scenario_Case4/41247ff61fcce1e4991e517dad8c5752/out_reco_81_1_flu.root
18-Jun-2014 00:16:40 CEST  Successfully opened file file:/lustre/cms//store/user/calabria/calabria_SingleMuPt500_GEN-SIM-DIGI-RECO_CMSSW_6_2_0_SLHC12_2023Scenario_Case4/calabria_SingleMuPt500_GEN-SIM-DIGI-RECO_CMSSW_6_2_0_SLHC12_2023Scenario_Case4/41247ff61fcce1e4991e517dad8c5752/out_reco_81_1_flu.root
18-Jun-2014 00:17:15 CEST  Closed file file:/lustre/cms//store/user/calabria/calabria_SingleMuPt500_GEN-SIM-DIGI-RECO_CMSSW_6_2_0_SLHC12_2023Scenario_Case4/calabria_SingleMuPt500_GEN-SIM-DIGI-RECO_CMSSW_6_2_0_SLHC12_2023Scenario_Case4/41247ff61fcce1e4991e517dad8c5752/out_reco_81_1_flu.root
18-Jun-2014 00:17:15 CEST  Initiating request to open file file:/lustre/cms//store/user/calabria/calabria_SingleMuPt500_GEN-SIM-DIGI-RECO_CMSSW_6_2_0_SLHC12_2023Scenario_Case4/calabria_SingleMuPt500_GEN-SIM-DIGI-RECO_CMSSW_6_2_0_SLHC12_2023Scenario_Case4/41247ff61fcce1e4991e517dad8c5752/out_reco_84_1_vno.root
18-Jun-2014 00:17:15 CEST  Successfully opened file file:/lustre/cms//store/user/calabria/calabria_SingleMuPt500_GEN-SIM-DIGI-RECO_CMSSW_6_2_0_SLHC12_2023Scenario_Case4/calabria_SingleMuPt500_GEN-SIM-DIGI-RECO_CMSSW_6_2_0_SLHC12_2023Scenario_Case4/41247ff61fcce1e4991e517dad8c5752/out_reco_84_1_vno.root
18-Jun-2014 00:17:51 CEST  Closed file file:/lustre/cms//store/user/calabria/calabria_SingleMuPt500_GEN-SIM-DIGI-RECO_CMSSW_6_2_0_SLHC12_2023Scenario_Case4/calabria_SingleMuPt500_GEN-SIM-DIGI-RECO_CMSSW_6_2_0_SLHC12_2023Scenario_Case4/41247ff61fcce1e4991e517dad8c5752/out_reco_84_1_vno.root
18-Jun-2014 00:17:51 CEST  Initiating request to open file file:/lustre/cms//store/user/calabria/calabria_SingleMuPt500_GEN-SIM-DIGI-RECO_CMSSW_6_2_0_SLHC12_2023Scenario_Case4/calabria_SingleMuPt500_GEN-SIM-DIGI-RECO_CMSSW_6_2_0_SLHC12_2023Scenario_Case4/41247ff61fcce1e4991e517dad8c5752/out_reco_87_1_j9L.root
18-Jun-2014 00:17:51 CEST  Successfully opened file file:/lustre/cms//store/user/calabria/calabria_SingleMuPt500_GEN-SIM-DIGI-RECO_CMSSW_6_2_0_SLHC12_2023Scenario_Case4/calabria_SingleMuPt500_GEN-SIM-DIGI-RECO_CMSSW_6_2_0_SLHC12_2023Scenario_Case4/41247ff61fcce1e4991e517dad8c5752/out_reco_87_1_j9L.root
18-Jun-2014 00:18:24 CEST  Closed file file:/lustre/cms//store/user/calabria/calabria_SingleMuPt500_GEN-SIM-DIGI-RECO_CMSSW_6_2_0_SLHC12_2023Scenario_Case4/calabria_SingleMuPt500_GEN-SIM-DIGI-RECO_CMSSW_6_2_0_SLHC12_2023Scenario_Case4/41247ff61fcce1e4991e517dad8c5752/out_reco_87_1_j9L.root
18-Jun-2014 00:18:24 CEST  Initiating request to open file file:/lustre/cms//store/user/calabria/calabria_SingleMuPt500_GEN-SIM-DIGI-RECO_CMSSW_6_2_0_SLHC12_2023Scenario_Case4/calabria_SingleMuPt500_GEN-SIM-DIGI-RECO_CMSSW_6_2_0_SLHC12_2023Scenario_Case4/41247ff61fcce1e4991e517dad8c5752/out_reco_88_1_83x.root
18-Jun-2014 00:18:24 CEST  Successfully opened file file:/lustre/cms//store/user/calabria/calabria_SingleMuPt500_GEN-SIM-DIGI-RECO_CMSSW_6_2_0_SLHC12_2023Scenario_Case4/calabria_SingleMuPt500_GEN-SIM-DIGI-RECO_CMSSW_6_2_0_SLHC12_2023Scenario_Case4/41247ff61fcce1e4991e517dad8c5752/out_reco_88_1_83x.root
18-Jun-2014 00:19:00 CEST  Closed file file:/lustre/cms//store/user/calabria/calabria_SingleMuPt500_GEN-SIM-DIGI-RECO_CMSSW_6_2_0_SLHC12_2023Scenario_Case4/calabria_SingleMuPt500_GEN-SIM-DIGI-RECO_CMSSW_6_2_0_SLHC12_2023Scenario_Case4/41247ff61fcce1e4991e517dad8c5752/out_reco_88_1_83x.root
18-Jun-2014 00:19:00 CEST  Initiating request to open file file:/lustre/cms//store/user/calabria/calabria_SingleMuPt500_GEN-SIM-DIGI-RECO_CMSSW_6_2_0_SLHC12_2023Scenario_Case4/calabria_SingleMuPt500_GEN-SIM-DIGI-RECO_CMSSW_6_2_0_SLHC12_2023Scenario_Case4/41247ff61fcce1e4991e517dad8c5752/out_reco_89_1_Wdw.root
18-Jun-2014 00:19:00 CEST  Successfully opened file file:/lustre/cms//store/user/calabria/calabria_SingleMuPt500_GEN-SIM-DIGI-RECO_CMSSW_6_2_0_SLHC12_2023Scenario_Case4/calabria_SingleMuPt500_GEN-SIM-DIGI-RECO_CMSSW_6_2_0_SLHC12_2023Scenario_Case4/41247ff61fcce1e4991e517dad8c5752/out_reco_89_1_Wdw.root
18-Jun-2014 00:19:35 CEST  Closed file file:/lustre/cms//store/user/calabria/calabria_SingleMuPt500_GEN-SIM-DIGI-RECO_CMSSW_6_2_0_SLHC12_2023Scenario_Case4/calabria_SingleMuPt500_GEN-SIM-DIGI-RECO_CMSSW_6_2_0_SLHC12_2023Scenario_Case4/41247ff61fcce1e4991e517dad8c5752/out_reco_89_1_Wdw.root
18-Jun-2014 00:19:35 CEST  Initiating request to open file file:/lustre/cms//store/user/calabria/calabria_SingleMuPt500_GEN-SIM-DIGI-RECO_CMSSW_6_2_0_SLHC12_2023Scenario_Case4/calabria_SingleMuPt500_GEN-SIM-DIGI-RECO_CMSSW_6_2_0_SLHC12_2023Scenario_Case4/41247ff61fcce1e4991e517dad8c5752/out_reco_90_1_Am9.root
18-Jun-2014 00:19:35 CEST  Successfully opened file file:/lustre/cms//store/user/calabria/calabria_SingleMuPt500_GEN-SIM-DIGI-RECO_CMSSW_6_2_0_SLHC12_2023Scenario_Case4/calabria_SingleMuPt500_GEN-SIM-DIGI-RECO_CMSSW_6_2_0_SLHC12_2023Scenario_Case4/41247ff61fcce1e4991e517dad8c5752/out_reco_90_1_Am9.root
18-Jun-2014 00:20:13 CEST  Closed file file:/lustre/cms//store/user/calabria/calabria_SingleMuPt500_GEN-SIM-DIGI-RECO_CMSSW_6_2_0_SLHC12_2023Scenario_Case4/calabria_SingleMuPt500_GEN-SIM-DIGI-RECO_CMSSW_6_2_0_SLHC12_2023Scenario_Case4/41247ff61fcce1e4991e517dad8c5752/out_reco_90_1_Am9.root
18-Jun-2014 00:20:13 CEST  Initiating request to open file file:/lustre/cms//store/user/calabria/calabria_SingleMuPt500_GEN-SIM-DIGI-RECO_CMSSW_6_2_0_SLHC12_2023Scenario_Case4/calabria_SingleMuPt500_GEN-SIM-DIGI-RECO_CMSSW_6_2_0_SLHC12_2023Scenario_Case4/41247ff61fcce1e4991e517dad8c5752/out_reco_91_1_bZm.root
18-Jun-2014 00:20:13 CEST  Successfully opened file file:/lustre/cms//store/user/calabria/calabria_SingleMuPt500_GEN-SIM-DIGI-RECO_CMSSW_6_2_0_SLHC12_2023Scenario_Case4/calabria_SingleMuPt500_GEN-SIM-DIGI-RECO_CMSSW_6_2_0_SLHC12_2023Scenario_Case4/41247ff61fcce1e4991e517dad8c5752/out_reco_91_1_bZm.root
18-Jun-2014 00:20:41 CEST  Closed file file:/lustre/cms//store/user/calabria/calabria_SingleMuPt500_GEN-SIM-DIGI-RECO_CMSSW_6_2_0_SLHC12_2023Scenario_Case4/calabria_SingleMuPt500_GEN-SIM-DIGI-RECO_CMSSW_6_2_0_SLHC12_2023Scenario_Case4/41247ff61fcce1e4991e517dad8c5752/out_reco_91_1_bZm.root
18-Jun-2014 00:20:41 CEST  Initiating request to open file file:/lustre/cms//store/user/calabria/calabria_SingleMuPt500_GEN-SIM-DIGI-RECO_CMSSW_6_2_0_SLHC12_2023Scenario_Case4/calabria_SingleMuPt500_GEN-SIM-DIGI-RECO_CMSSW_6_2_0_SLHC12_2023Scenario_Case4/41247ff61fcce1e4991e517dad8c5752/out_reco_95_1_stv.root
18-Jun-2014 00:20:41 CEST  Successfully opened file file:/lustre/cms//store/user/calabria/calabria_SingleMuPt500_GEN-SIM-DIGI-RECO_CMSSW_6_2_0_SLHC12_2023Scenario_Case4/calabria_SingleMuPt500_GEN-SIM-DIGI-RECO_CMSSW_6_2_0_SLHC12_2023Scenario_Case4/41247ff61fcce1e4991e517dad8c5752/out_reco_95_1_stv.root
18-Jun-2014 00:21:22 CEST  Closed file file:/lustre/cms//store/user/calabria/calabria_SingleMuPt500_GEN-SIM-DIGI-RECO_CMSSW_6_2_0_SLHC12_2023Scenario_Case4/calabria_SingleMuPt500_GEN-SIM-DIGI-RECO_CMSSW_6_2_0_SLHC12_2023Scenario_Case4/41247ff61fcce1e4991e517dad8c5752/out_reco_95_1_stv.root

=============================================

MessageLogger Summary

 type     category        sev    module        subroutine        count    total
 ---- -------------------- -- ---------------- ----------------  -----    -----
    1 fileAction           -s file_close                            10       10
    2 fileAction           -s file_open                             20       20

 type    category    Examples: run/evt        run/evt          run/evt
 ---- -------------------- ---------------- ---------------- ----------------
    1 fileAction           PostProcessEvent PostProcessEvent PostEndRun
    2 fileAction           pre-events       pre-events       PostProcessEvent

Severity    # Occurrences   Total Occurrences
--------    -------------   -----------------
System                 30                  30
>>> END OF printout of 50 lines from stdout+stderr
>>> Parse FrameworkJobReport crab_fjr.xml
Result of parsing the FrameworkJobReport crab_fjr.xml: Popularity start
lumisRange : 1::::1;1::::2;1::::3;1::::4;1::::5;1::::6;1::::7;1::::8;1::::9;1::::10;
lumisParentRange : 
Basename : /store/user/calabria/calabria_SingleMuPt500_GEN-SIM-DIGI-RECO_CMSSW_6_2_0_SLHC12_2023Scenario_Case4/calabria_SingleMuPt500_GEN-SIM-DIGI-RECO_CMSSW_6_2_0_SLHC12_2023Scenario_Case4/41247ff61fcce1e4991e517dad8c5752/out_reco_
BasenameParent : 
parentFiles : 
inputBlocks : /calabria_SingleMuPt500_GEN-SIM-DIGI-RECO_CMSSW_6_2_0_SLHC12_2023Scenario_Case4/calabria-calabria_SingleMuPt500_GEN-SIM-DIGI-RECO_CMSSW_6_2_0_SLHC12_2023Scenario_Case4-41247ff61fcce1e4991e517dad8c5752/USER#9d12df3b-6d45-4f90-b686-a8050cab8072
inputFiles : 95_1_stv.root::1::EDM::Local::1;79_1_C45.root::1::EDM::Local::2;88_1_83x.root::1::EDM::Local::3;80_1_w7b.root::1::EDM::Local::4;91_1_bZm.root::1::EDM::Local::5;87_1_j9L.root::1::EDM::Local::6;89_1_Wdw.root::1::EDM::Local::7;81_1_flu.root::1::EDM::Local::8;90_1_Am9.root::1::EDM::Local::9;84_1_vno.root::1::EDM::Local::10;
Popularity stop
Extracted ExitStatus from FrameworkJobReport parsing output: 0
>>> Executable succeded  0
ExeExitCode=0
EXECUTABLE_EXIT_STATUS = 0
>>> current directory /home/cms049/home_cream_056918585/CREAM056918585/glide_JCJU1c/execute/dir_26712/CMSSW_6_2_0_SLHC12
>>>  (SOFTWARE_DIR): /home/cms049/home_cream_056918585/CREAM056918585/glide_JCJU1c/execute/dir_26712/CMSSW_6_2_0_SLHC12
>>> (WORKING_DIR): 
>>> current directory content:
total 11124
drwxr-xr-x 3 cms049 cms    4096 Jun 18 00:14 .SCRAM
-rw------- 1 cms049 cms 3740531 Jun 18 00:14 CMSSW.py.pkl
drwxr-xr-x 3 cms049 cms    4096 Jun 18 00:14 bin
drwxr-xr-x 3 cms049 cms    4096 Jun 18 00:14 cfipython
drwxr-xr-x 4 cms049 cms    4096 Jun 18 00:14 config
-rw------- 1 cms049 cms      16 Jun 18 00:21 cpu_timing.txt
drwxr-xr-x 2 cms049 cms    4096 Jun 18 00:14 doc
-rw------- 1 cms049 cms    9955 Jun 18 00:21 executable.out
drwxr-xr-x 2 cms049 cms    4096 Jun 18 00:14 include
drwx------ 3 cms049 cms    4096 Apr 28 18:12 lib
drwxr-xr-x 3 cms049 cms    4096 Jun 18 00:14 logs
drwxr-xr-x 3 cms049 cms    4096 Jun 18 00:14 objs
-rw------- 1 cms049 cms     104 Jun 18 00:14 pset.py
-rw------- 1 cms049 cms 3712324 Jun 18 00:15 pset.py.pkl
-rw------- 1 cms049 cms     289 Jun 18 00:14 pset.pyc
drwxr-xr-x 2 cms049 cms    4096 Jun 18 00:14 python
-rw------- 1 cms049 cms     395 Jun 18 00:21 report.log
drwx------ 6 cms049 cms    4096 Jun 18 00:14 src
drwxr-xr-x 3 cms049 cms    4096 Jun 18 00:14 test
drwxr-xr-x 3 cms049 cms    4096 Jun 18 00:14 tmp
-rw------- 1 cms049 cms 3833944 Jun 18 00:21 validationEDM.root
>>> current directory /home/cms049/home_cream_056918585/CREAM056918585/glide_JCJU1c/execute/dir_26712/CMSSW_6_2_0_SLHC12
>>> (SOFTWARE_DIR): /home/cms049/home_cream_056918585/CREAM056918585/glide_JCJU1c/execute/dir_26712/CMSSW_6_2_0_SLHC12
>>> (WORKING_DIR): 
>>> current directory content:
total 11124
drwxr-xr-x 3 cms049 cms    4096 Jun 18 00:14 .SCRAM
-rw------- 1 cms049 cms 3740531 Jun 18 00:14 CMSSW.py.pkl
drwxr-xr-x 3 cms049 cms    4096 Jun 18 00:14 bin
drwxr-xr-x 3 cms049 cms    4096 Jun 18 00:14 cfipython
drwxr-xr-x 4 cms049 cms    4096 Jun 18 00:14 config
-rw------- 1 cms049 cms      16 Jun 18 00:21 cpu_timing.txt
drwxr-xr-x 2 cms049 cms    4096 Jun 18 00:14 doc
-rw------- 1 cms049 cms    9955 Jun 18 00:21 executable.out
drwxr-xr-x 2 cms049 cms    4096 Jun 18 00:14 include
drwx------ 3 cms049 cms    4096 Apr 28 18:12 lib
drwxr-xr-x 3 cms049 cms    4096 Jun 18 00:14 logs
drwxr-xr-x 3 cms049 cms    4096 Jun 18 00:14 objs
-rw------- 1 cms049 cms     104 Jun 18 00:14 pset.py
-rw------- 1 cms049 cms 3712324 Jun 18 00:15 pset.py.pkl
-rw------- 1 cms049 cms     289 Jun 18 00:14 pset.pyc
drwxr-xr-x 2 cms049 cms    4096 Jun 18 00:14 python
-rw------- 1 cms049 cms     395 Jun 18 00:21 report.log
drwx------ 6 cms049 cms    4096 Jun 18 00:14 src
drwxr-xr-x 3 cms049 cms    4096 Jun 18 00:14 test
drwxr-xr-x 3 cms049 cms    4096 Jun 18 00:14 tmp
-rw------- 1 cms049 cms 3833944 Jun 18 00:21 validationEDM_8_1_7Dw.root
>>> current directory (RUNTIME_AREA):  /home/cms049/home_cream_056918585/CREAM056918585/glide_JCJU1c/execute/dir_26712
SE = storm-se-01.ba.infn.it
SE_PATH = /srm/managerv2?SFN=//cms/store/user/calabria/calabria_SingleMuPt500_GEN-SIM-DIGI-RECO_CMSSW_6_2_0_SLHC12_2023Scenario_Case4/calabria_MuMinus500_GEN-SIM-DIGI-RECO_CMSSW_6_2_0_SLHC12_2023Scenario_VALNOPU2_Case4/5854dd31cbd3cdec44c48628cc181cf0/
LFNBaseName = /store/user/calabria/calabria_SingleMuPt500_GEN-SIM-DIGI-RECO_CMSSW_6_2_0_SLHC12_2023Scenario_Case4/calabria_MuMinus500_GEN-SIM-DIGI-RECO_CMSSW_6_2_0_SLHC12_2023Scenario_VALNOPU2_Case4/5854dd31cbd3cdec44c48628cc181cf0/
USER = calabria
endpoint = srm://storm-se-01.ba.infn.it:8444/srm/managerv2?SFN=//cms/store/user/calabria/calabria_SingleMuPt500_GEN-SIM-DIGI-RECO_CMSSW_6_2_0_SLHC12_2023Scenario_Case4/calabria_MuMinus500_GEN-SIM-DIGI-RECO_CMSSW_6_2_0_SLHC12_2023Scenario_VALNOPU2_Case4/5854dd31cbd3cdec44c48628cc181cf0/
>>> Copy output files from WN = alicegrid61.ba.infn.it to /srm/managerv2?SFN=//cms/store/user/calabria/calabria_SingleMuPt500_GEN-SIM-DIGI-RECO_CMSSW_6_2_0_SLHC12_2023Scenario_Case4/calabria_MuMinus500_GEN-SIM-DIGI-RECO_CMSSW_6_2_0_SLHC12_2023Scenario_VALNOPU2_Case4/5854dd31cbd3cdec44c48628cc181cf0/ :
python cmscp.py  --destination srm://storm-se-01.ba.infn.it:8444/srm/managerv2?SFN=//cms/store/user/calabria/calabria_SingleMuPt500_GEN-SIM-DIGI-RECO_CMSSW_6_2_0_SLHC12_2023Scenario_Case4/calabria_MuMinus500_GEN-SIM-DIGI-RECO_CMSSW_6_2_0_SLHC12_2023Scenario_VALNOPU2_Case4/5854dd31cbd3cdec44c48628cc181cf0/ --inputFileList /home/cms049/home_cream_056918585/CREAM056918585/glide_JCJU1c/execute/dir_26712/CMSSW_6_2_0_SLHC12/validationEDM_8_1_7Dw.root --middleware LCG --se_name storm-se-01.ba.infn.it --for_lfn /store/user/calabria/calabria_SingleMuPt500_GEN-SIM-DIGI-RECO_CMSSW_6_2_0_SLHC12_2023Scenario_Case4/calabria_MuMinus500_GEN-SIM-DIGI-RECO_CMSSW_6_2_0_SLHC12_2023Scenario_VALNOPU2_Case4/5854dd31cbd3cdec44c48628cc181cf0/    
******************************************************
localSeName  =  storm-se-01.ba.infn.it
remoteSeName =  storm-se-01.ba.infn.it
******************************************************
{"/home/cms049/home_cream_056918585/CREAM056918585/glide_JCJU1c/execute/dir_26712/CMSSW_6_2_0_SLHC12/validationEDM_8_1_7Dw.root": {"endpoint": "srm://storm-se-01.ba.infn.it:8444/srm/managerv2?SFN=//cms/store/user/calabria/calabria_SingleMuPt500_GEN-SIM-DIGI-RECO_CMSSW_6_2_0_SLHC12_2023Scenario_Case4/calabria_MuMinus500_GEN-SIM-DIGI-RECO_CMSSW_6_2_0_SLHC12_2023Scenario_VALNOPU2_Case4/5854dd31cbd3cdec44c48628cc181cf0/", "surl_for_grid": "", "reason": "Copy succedeed with srm-lcg utils", "erCode": "0", "se_name": "storm-se-01.ba.infn.it", "for_lfn": "/store/user/calabria/calabria_SingleMuPt500_GEN-SIM-DIGI-RECO_CMSSW_6_2_0_SLHC12_2023Scenario_Case4/calabria_MuMinus500_GEN-SIM-DIGI-RECO_CMSSW_6_2_0_SLHC12_2023Scenario_VALNOPU2_Case4/5854dd31cbd3cdec44c48628cc181cf0/"}}/home/cms049/home_cream_056918585/CREAM056918585/glide_JCJU1c/execute/dir_26712
-------- cat /home/cms049/home_cream_056918585/CREAM056918585/glide_JCJU1c/execute/dir_26712/cmscpReport.sh 
#!/bin/bash
echo "Report for File: /home/cms049/home_cream_056918585/CREAM056918585/glide_JCJU1c/execute/dir_26712/CMSSW_6_2_0_SLHC12/validationEDM_8_1_7Dw.root"
echo "LFN: /store/user/calabria/calabria_SingleMuPt500_GEN-SIM-DIGI-RECO_CMSSW_6_2_0_SLHC12_2023Scenario_Case4/calabria_MuMinus500_GEN-SIM-DIGI-RECO_CMSSW_6_2_0_SLHC12_2023Scenario_VALNOPU2_Case4/5854dd31cbd3cdec44c48628cc181cf0/validationEDM_8_1_7Dw.root"
echo "StorageElement: storm-se-01.ba.infn.it"
echo "StageOutExitStatusReason = 'Copy succedeed with srm-lcg utils'" | tee -a $RUNTIME_AREA/$repo
echo "StageOutSE = storm-se-01.ba.infn.it" >> $RUNTIME_AREA/$repo

export StageOutExitStatus=0
echo "StageOutExitStatus = 0" | tee -a $RUNTIME_AREA/$repo
-------- end of /home/cms049/home_cream_056918585/CREAM056918585/glide_JCJU1c/execute/dir_26712/cmscpReport.sh 
Report for File: /home/cms049/home_cream_056918585/CREAM056918585/glide_JCJU1c/execute/dir_26712/CMSSW_6_2_0_SLHC12/validationEDM_8_1_7Dw.root
LFN: /store/user/calabria/calabria_SingleMuPt500_GEN-SIM-DIGI-RECO_CMSSW_6_2_0_SLHC12_2023Scenario_Case4/calabria_MuMinus500_GEN-SIM-DIGI-RECO_CMSSW_6_2_0_SLHC12_2023Scenario_VALNOPU2_Case4/5854dd31cbd3cdec44c48628cc181cf0/validationEDM_8_1_7Dw.root
StorageElement: storm-se-01.ba.infn.it
StageOutExitStatusReason = 'Copy succedeed with srm-lcg utils'
StageOutExitStatus = 0
>>> current dir: /home/cms049/home_cream_056918585/CREAM056918585/glide_JCJU1c/execute/dir_26712
>>> current dir content:
total 28080
-rw-------  1 cms049 cms     2784 Jun 18 00:22 .SEinteraction.log
-rwx------  1 cms049 cms     6713 Jun 18 00:14 .job.ad
-rwx------  1 cms049 cms     9232 Jun 18 00:14 .machine.ad
-rw-------  1 cms049 cms      105 Jun 16 20:51 CMSSW.py
-rw-------  1 cms049 cms  3740531 Jun 16 20:51 CMSSW.py.pkl
-rwx------  1 cms049 cms    29569 Jun 18 00:14 CMSSW.sh
drwxr-xr-x 15 cms049 cms     4096 Jun 18 00:21 CMSSW_6_2_0_SLHC12
-rw-------  1 cms049 cms      220 Jun 18 00:14 CacheEnv.sh
-rw-------  1 cms049 cms     7291 Apr  4 11:04 DashboardAPI.py
-rw-------  1 cms049 cms     6815 Jun 18 00:14 DashboardAPI.pyc
drwx------  2 cms049 cms     4096 Jun 18 00:21 IMProv
-rw-------  1 cms049 cms     2748 Apr  4 11:04 Logger.py
-rw-------  1 cms049 cms     3347 Jun 18 00:14 Logger.pyc
-rw-------  1 cms049 cms    24524 Apr  4 11:04 ProcInfo.py
-rw-------  1 cms049 cms    23197 Jun 18 00:14 ProcInfo.pyc
drwx------  7 cms049 cms     4096 Jun 18 00:14 ProdCommon
drwx------  3 cms049 cms     4096 Jun 18 00:14 WMCore
-rw-------  1 cms049 cms     2330 Jun 18 00:21 Watchdog_8.log
-rwx------  1 cms049 cms        0 Jun 18 00:14 _condor_stderr
-rwx---r--  1 cms049 cms    29460 Jun 18 00:22 _condor_stdout
-rw-------  1 cms049 cms    32895 Apr  4 11:04 apmon.py
-rw-------  1 cms049 cms    28625 Jun 18 00:14 apmon.pyc
-rwx------  1 cms049 cms    53857 Jun 18 00:14 arguments.xml
-rwx------  1 cms049 cms    38515 Apr  4 11:04 cmscp.py
-rw-------  1 cms049 cms      718 Jun 18 00:22 cmscpReport.sh
-rwx------  1 cms049 cms    29569 Jun 18 00:14 condor_exec.exe
-rw-------  1 cms049 cms      963 Jun 16 20:51 crab.cfg
-rwx------  1 cms049 cms     8610 Apr  4 11:04 crabWatchdog.sh
-rwx---r--  1 cms049 cms   523284 Jun 18 00:21 crab_fjr_8.xml
-rwx------  1 cms049 cms 23957666 Jun 18 00:14 default.tgz
-rwx------  1 cms049 cms     4488 Apr  4 11:04 fillCrabFjr.py
-rw-------  1 cms049 cms     2641 Jun 18 00:14 inputsReport.txt
-rw-------  1 cms049 cms      256 Jun 18 00:22 jobreport.txt
-rw-------  1 cms049 cms    17352 Apr  4 11:04 parseCrabFjr.py
-rw-------  1 cms049 cms      322 Jun 18 00:14 report.log
-rwx--x--x  1 cms049 cms     1497 Apr  4 11:04 report.py
-rw-------  1 cms049 cms      775 Jun 18 00:22 resultCopyFile
lrwxrwxrwx  1 cms049 cms      125 Jun 18 00:21 validationEDM.root -> /home/cms049/home_cream_056918585/CREAM056918585/glide_JCJU1c/execute/dir_26712/CMSSW_6_2_0_SLHC12/validationEDM_8_1_7Dw.root
-rwx------  1 cms049 cms     8387 Apr  4 11:04 writeCfg.py
-rw-------  1 cms049 cms     8010 Jun 18 00:14 x509up_u50707
>>> Modify Job Report:
CMSSW_VERSION = CMSSW_6_2_0_SLHC12
ProcessedDataset = calabria_MuMinus500_GEN-SIM-DIGI-RECO_CMSSW_6_2_0_SLHC12_2023Scenario_VALNOPU2_Case4
/home/cms049/home_cream_056918585/CREAM056918585/glide_JCJU1c/execute/dir_26712/ProdCommon/FwkJobRep/ModifyJobReport.py fjr /home/cms049/home_cream_056918585/CREAM056918585/glide_JCJU1c/execute/dir_26712/crab_fjr_8.xml json /home/cms049/home_cream_056918585/CREAM056918585/glide_JCJU1c/execute/dir_26712/resultCopyFile n_job 8_1_7Dw PrimaryDataset calabria_SingleMuPt500_GEN-SIM-DIGI-RECO_CMSSW_6_2_0_SLHC12_2023Scenario_Case4  ApplicationFamily cmsRun ApplicationName cmsRun cmssw_version CMSSW_6_2_0_SLHC12 psethash 5854dd31cbd3cdec44c48628cc181cf0 UserProcessedDataset calabria-calabria_MuMinus500_GEN-SIM-DIGI-RECO_CMSSW_6_2_0_SLHC12_2023Scenario_VALNOPU2_Case4-5854dd31cbd3cdec44c48628cc181cf0
inputDict =  {u'/home/cms049/home_cream_056918585/CREAM056918585/glide_JCJU1c/execute/dir_26712/CMSSW_6_2_0_SLHC12/validationEDM_8_1_7Dw.root': {u'endpoint': u'srm://storm-se-01.ba.infn.it:8444/srm/managerv2?SFN=//cms/store/user/calabria/calabria_SingleMuPt500_GEN-SIM-DIGI-RECO_CMSSW_6_2_0_SLHC12_2023Scenario_Case4/calabria_MuMinus500_GEN-SIM-DIGI-RECO_CMSSW_6_2_0_SLHC12_2023Scenario_VALNOPU2_Case4/5854dd31cbd3cdec44c48628cc181cf0/', u'surl_for_grid': u'', u'reason': u'Copy succedeed with srm-lcg utils', u'erCode': u'0', u'se_name': u'storm-se-01.ba.infn.it', u'for_lfn': u'/store/user/calabria/calabria_SingleMuPt500_GEN-SIM-DIGI-RECO_CMSSW_6_2_0_SLHC12_2023Scenario_Case4/calabria_MuMinus500_GEN-SIM-DIGI-RECO_CMSSW_6_2_0_SLHC12_2023Scenario_VALNOPU2_Case4/5854dd31cbd3cdec44c48628cc181cf0/'}}
UserProcessedDataset =  calabria-calabria_MuMinus500_GEN-SIM-DIGI-RECO_CMSSW_6_2_0_SLHC12_2023Scenario_VALNOPU2_Case4-5854dd31cbd3cdec44c48628cc181cf0
file_name in inputDict =  /home/cms049/home_cream_056918585/CREAM056918585/glide_JCJU1c/execute/dir_26712/CMSSW_6_2_0_SLHC12/validationEDM_8_1_7Dw.root
(size) os.stat(filename)[6] =  3833944
checksum =  2708540931
    file =  validationEDM_8_1_7Dw.root
    newPfn =  srm://storm-se-01.ba.infn.it:8444/srm/managerv2?SFN=//cms/store/user/calabria/calabria_SingleMuPt500_GEN-SIM-DIGI-RECO_CMSSW_6_2_0_SLHC12_2023Scenario_Case4/calabria_MuMinus500_GEN-SIM-DIGI-RECO_CMSSW_6_2_0_SLHC12_2023Scenario_VALNOPU2_Case4/5854dd31cbd3cdec44c48628cc181cf0/validationEDM_8_1_7Dw.root
    newLfn =  /store/user/calabria/calabria_SingleMuPt500_GEN-SIM-DIGI-RECO_CMSSW_6_2_0_SLHC12_2023Scenario_Case4/calabria_MuMinus500_GEN-SIM-DIGI-RECO_CMSSW_6_2_0_SLHC12_2023Scenario_VALNOPU2_Case4/5854dd31cbd3cdec44c48628cc181cf0/validationEDM_8_1_7Dw.root
>>> crab_fjr_*.xml  permission set to 0704
CrabWrapper EXIT_FUNC entered at Wed Jun 18 00:22:18 CEST 2014   -  Tue Jun 17 22:22:18 UTC 2014
Checking output files:  
will tar file crab_fjr_8.xml in  out_files_8
WARNING: output file CMSSW_8.stdout not found!
WARNING: output file CMSSW_8.stderr not found!
WARNING: output file Watchdog_8.log.gz not found!
>>> padding time: Sleeping the wrapper for 141 seconds
STOPPING WATCHDOG. CrabWatchdog PID is 29029
********** LAST 50 LINES OF WATCHDOG LOG
# RESOURCE USAGE SUMMARY FOR PROCESS ID 28718
USER       PID %CPU %MEM    VSZ   RSS TTY      STAT START   TIME COMMAND
cms049   28718  0.3  0.0   9496  1600 ?        S    00:14   0:00 /bin/sh /home/cms049/home_cream_056918585/CREAM056918585/glide_JCJU1c/execute/dir_26712/condor_exec.exe 8 1
 
# LIMITS USED BY CRAB WATCHDOG:
# RSS  (KBytes)   : 2300000
# VSZ  (KBytes)   : 100000000
# DISK (MBytes)   : 19000
# CPU TIME        : 720h:0m:0s
# WALL CLOCK TIME : 21h:50m:0s
 
# FOLLOWING PRINTOUT TRACKS MAXIMUM VALUES OF RESOURCES USE
# ONE LINE IS PRINTED EACH TIME A MAXIMUM CHANGES
# IF CHANGE WAS IN RSS OR VSZ ALSO PROCID AND COMMAND ARE PRINTED
# THERE IS NO PRINTOUT FOR CPU/WALL TIME INCREASE
 
# TIME			PID	RSS(KB)	VSZ(KB)	Dsk(MB)	tCPU(s)	tWALL(s)	COMMAND
 Jun 18 00:14:47 CEST	1033	8004	93340	0	0	0	/home/cms049/home_cream_056918585/CREAM056918585/glide_JCJU1c/main/condor/sbin/condor_master -f -pidfile /home/cms049/home_cream_056918585/CREAM056918585/glide_JCJU1c/condor_master2.pid       
 Jun 18 00:14:47 CEST	2511	8688	93772	0	0	0	condor_startd -f         
 Jun 18 00:14:47 CEST	5263	8688	106092	0	0	0	sh -c "./glidein_startup.sh" -v std -name v3_0 -entry CMS_T2_IT_Bari_ce2 -clientname UCSD-v1_0.main
 Jun 18 00:14:47 CEST	5274	8688	106492	0	0	0	/bin/bash ./glidein_startup.sh -v std -name v3_0 -entry CMS_T2_IT_Bari_ce2 -clientname UCSD-v1_0.main -schedd
 Jun 18 00:14:47 CEST	29041	39620	106492	0	0	0	edmConfigHash pset.py         
 Jun 18 00:14:47 CEST	---	39620	106492	171	----	----	----
 Jun 18 00:15:48 CEST	30962	720004	987148	171	33	62	cmsRun -j /home/cms049/home_cream_056918585/CREAM056918585/glide_JCJU1c/execute/dir_26712/crab_fjr_8.xml -p pset.py      
 Jun 18 00:15:48 CEST	---	720004	987148	175	----	----	----
 Jun 18 00:16:49 CEST	30962	744132	1006604	175	83	123	cmsRun -j /home/cms049/home_cream_056918585/CREAM056918585/glide_JCJU1c/execute/dir_26712/crab_fjr_8.xml -p pset.py      
 Jun 18 00:18:51 CEST	30962	753920	1027948	175	187	245	cmsRun -j /home/cms049/home_cream_056918585/CREAM056918585/glide_JCJU1c/execute/dir_26712/crab_fjr_8.xml -p pset.py      
 Jun 18 00:20:53 CEST	30962	759816	1035116	175	284	367	cmsRun -j /home/cms049/home_cream_056918585/CREAM056918585/glide_JCJU1c/execute/dir_26712/crab_fjr_8.xml -p pset.py      
 Jun 18 00:21:54 CEST	---	759816	1035116	179	----	----	----
********** WATCHDOG LOG ENDED
ZIPPING WATCHDOG LOG
Disk space used:
du -sh /home/cms049/home_cream_056918585/CREAM056918585/glide_JCJU1c/execute/dir_26712
179M	/home/cms049/home_cream_056918585/CREAM056918585/glide_JCJU1c/execute/dir_26712
Found unusual stdout, rename for OSB
`/home/cms049/home_cream_056918585/CREAM056918585/glide_JCJU1c/execute/dir_26712/_condor_stdout' -> `CMSSW_8.stdout'
Found unusual stderr, rename for OSB
`/home/cms049/home_cream_056918585/CREAM056918585/glide_JCJU1c/execute/dir_26712/_condor_stdout' -> `CMSSW_8.stderr'
crab_fjr_8.xml
CMSSW_8.stdout
CMSSW_8.stderr
Watchdog_8.log.gz
Total Output dimension: 70000
WARNING: output files size limit is set to: 50000000
Total Output dimension 70000 is fine.
JOB_EXIT_STATUS = 0
>>> info for dashboard:
***** Cat /home/cms049/home_cream_056918585/CREAM056918585/glide_JCJU1c/execute/dir_26712/jobreport.txt *****
MonitorJobID=8_https://vocms20.cern.ch//140616//1841016.7
MonitorID=calabria_MuMinus500_Case4_ReReco_17lnj5
ExeTime=378
ExeExitCode=0
StageOutExitStatusReason = 'Copy succedeed with srm-lcg utils'
StageOutSE = storm-se-01.ba.infn.it
StageOutExitStatus = 0
CrabUserCpuTime=307.87
CrabSysCpuTime=5.68
CrabCpuPercentage=83%
CrabWrapperTime=600
CrabStageoutTime=49
JobExitCode=0
***** End Cat jobreport *****
Parameters sent to Dashboard.
EXITING at Wed Jun 18 00:24:46 CEST 2014  -  Tue Jun 17 22:24:46 UTC 2014
