This script was generated by crab (version 2.10.5_patch1).
Running /home/cms021/home_cream_660023151/CREAM660023151/glide_ae5cBs/execute/dir_30188/condor_exec.exe with 2 positional parameters: 10 1
Today is Wed Jun 18 00:14:40 CEST 2014 - Tue Jun 17 22:14:40 UTC 2014
Job submitted on host alicegrid50.ba.infn.it
Linux alicegrid50.ba.infn.it 2.6.32-358.23.2.el6.x86_64 #1 SMP Thu Oct 17 10:27:22 CEST 2013 x86_64 x86_64 x86_64 GNU/Linux
>>> current directory (RUNTIME_AREA): /home/cms021/home_cream_660023151/CREAM660023151/glide_ae5cBs/execute/dir_30188
>>> current user: uid=18547(cms021) gid=1399(cms) groups=1399(cms)
>>> directory permission set to 0700
>>> umask set to:  u=rwx,g=,o=
>>> stdout stderr permission set to 0704
>>> voms proxy information:
subject   : /C=IT/O=INFN/OU=Personal Certificate/L=Bari/CN=Cesare Calabria/CN=477126703/CN=1160105464
issuer    : /C=IT/O=INFN/OU=Personal Certificate/L=Bari/CN=Cesare Calabria/CN=477126703
identity  : /C=IT/O=INFN/OU=Personal Certificate/L=Bari/CN=Cesare Calabria
type      : RFC3820 compliant limited proxy
strength  : 1024
path      : /home/cms021/home_cream_660023151/CREAM660023151/glide_ae5cBs/execute/dir_30188/x509up_u50707
timeleft  : 23:59:56
key usage : Digital Signature, Key Encipherment, Data Encipherment
=== VO cms extension information ===
VO        : cms
subject   : /C=IT/O=INFN/OU=Personal Certificate/L=Bari/CN=Cesare Calabria
issuer    : /DC=ch/DC=cern/OU=computers/CN=voms.cern.ch
attribute : /cms/Role=NULL/Capability=NULL
attribute : /cms/itcms/Role=NULL/Capability=NULL
timeleft  : 155:09:38
uri       : voms.cern.ch:15002

WNHostName=alicegrid50.ba.infn.it
>>> tar --no-same-permissions -xf /home/cms021/home_cream_660023151/CREAM660023151/glide_ae5cBs/execute/dir_30188/default.tgz :
Successful untar
>>> Include /home/cms021/home_cream_660023151/CREAM660023151/glide_ae5cBs/execute/dir_30188 in PYTHONPATH:
strip arguments
env var CRAB_UNIQUE_JOB_ID set to: calabria_MuMinus500_Case4_ReReco_17lnj5_10_1_DO8
out_files_10
>>> list of expected files on output sandbox
output files: crab_fjr_10.xml CMSSW_10.stdout CMSSW_10.stderr Watchdog_10.log.gz
>>> GridFlavour discovery: 
GridFlavour=LCG
>>> SyncSite discovery: 
SyncSite=T2_IT_Bari
>>> SyncCE discovery: 
getting SyncCE from CE_ID
SyncCE=cream-ce-2.ba.infn.it:8443/cream-pbs-cms
>>> info for dashboard:
***** Cat /home/cms021/home_cream_660023151/CREAM660023151/glide_ae5cBs/execute/dir_30188/jobreport.txt *****
WNHostName=alicegrid50.ba.infn.it
MonitorJobID=10_https://vocms20.cern.ch//140616//1841016.9
SyncGridJobId=https://vocms20.cern.ch//140616//1841016.9
MonitorID=calabria_MuMinus500_Case4_ReReco_17lnj5
GridFlavour=LCG
SyncSite=T2_IT_Bari
SyncCE=cream-ce-2.ba.infn.it:8443/cream-pbs-cms
***** End Cat jobreport *****
Parameters sent to Dashboard.
>>> setup environment
set SCRAM ARCH to slc5_amd64_gcc472
SCRAM_ARCH = slc5_amd64_gcc472
>>> setup CMS LCG environment:
set SCRAM ARCH and BUILD_ARCH to slc5_amd64_gcc472 ###
Sourcing environment... 
sourcing /cvmfs/cms.cern.ch/cmsset_default.sh
==> setup cms environment ok
>>> specific cmssw setup environment:
CMSSW_VERSION =  CMSSW_6_2_0_SLHC12
>>> current directory (SOFTWARE_DIR): /home/cms021/home_cream_660023151/CREAM660023151/glide_ae5cBs/execute/dir_30188/CMSSW_6_2_0_SLHC12
PreserveSeeds: <>
IncrementSeeds:<>
>>> info for dashboard:
***** Cat /home/cms021/home_cream_660023151/CREAM660023151/glide_ae5cBs/execute/dir_30188/jobreport.txt *****
MonitorJobID=10_https://vocms20.cern.ch//140616//1841016.9
MonitorID=calabria_MuMinus500_Case4_ReReco_17lnj5
***** End Cat jobreport *****
Parameters sent to Dashboard.
crabWatchdog started as process 1978
>>> moving CMSSW software directories in /home/cms021/home_cream_660023151/CREAM660023151/glide_ae5cBs/execute/dir_30188/CMSSW_6_2_0_SLHC12
mv: cannot stat `/home/cms021/home_cream_660023151/CREAM660023151/glide_ae5cBs/execute/dir_30188/module/': No such file or directory
>>> Include /home/cms021/home_cream_660023151/CREAM660023151/glide_ae5cBs/execute/dir_30188 in PYTHONPATH:
PYTHONPATH=/home/cms021/home_cream_660023151/CREAM660023151/glide_ae5cBs/execute/dir_30188/:/home/cms021/home_cream_660023151/CREAM660023151/glide_ae5cBs/execute/dir_30188/CMSSW_6_2_0_SLHC12/python:/home/cms021/home_cream_660023151/CREAM660023151/glide_ae5cBs/execute/dir_30188/CMSSW_6_2_0_SLHC12/lib/slc5_amd64_gcc472:/cvmfs/cms.cern.ch/slc5_amd64_gcc472/cms/cmssw/CMSSW_6_2_0_SLHC12/python:/cvmfs/cms.cern.ch/slc5_amd64_gcc472/cms/cmssw/CMSSW_6_2_0_SLHC12/lib/slc5_amd64_gcc472:/cvmfs/cms.cern.ch/slc5_amd64_gcc472/cms/coral/CORAL_2_3_21-cms36/slc5_amd64_gcc472/python:/cvmfs/cms.cern.ch/slc5_amd64_gcc472/cms/coral/CORAL_2_3_21-cms36/slc5_amd64_gcc472/lib:/cvmfs/cms.cern.ch/slc5_amd64_gcc472/external/pyqt/4.8.1-cms6/lib/python2.7/site-packages:/cvmfs/cms.cern.ch/slc5_amd64_gcc472/external/py2-scipy/0.8.0-cms8/lib/python2.7/site-packages:/cvmfs/cms.cern.ch/slc5_amd64_gcc472/external/py2-matplotlib/1.0.1-cms8/lib/python2.7/site-packages:/cvmfs/cms.cern.ch/slc5_amd64_gcc472/external/python-ldap/2.3.5-cms6/lib/python2.7/site-packages:/cvmfs/cms.cern.ch/slc5_amd64_gcc472/external/sip/4.11.2-cms6/lib/python2.7/site-packages:/cvmfs/cms.cern.ch/slc5_amd64_gcc472/external/py2-pycurl/7.19.0-cms8/lib/python2.7/site-packages:/cvmfs/cms.cern.ch/slc5_amd64_gcc472/external/py2-numpy/1.6.1-cms8/lib/python2.7/site-packages:/cvmfs/cms.cern.ch/slc5_amd64_gcc472/external/py2-lint/0.25.1-cms6/lib/python2.7/site-packages:/cvmfs/cms.cern.ch/slc5_amd64_gcc472/external/py2-ipython/0.10-cms6/lib/python2.7/site-packages:/cvmfs/cms.cern.ch/slc5_amd64_gcc472/external/py2-cx-oracle/5.1-cms7/lib/python2.7/site-packages:/cvmfs/cms.cern.ch/slc5_amd64_gcc472/external/py2-cjson/1.0.5-cms6/lib/python2.7/site-packages:/cvmfs/cms.cern.ch/slc5_amd64_gcc472/cms/das-client/1.11.7/bin:/cvmfs/cms.cern.ch/slc5_amd64_gcc472/external/elementtree/1.2.6-cms6/share/lib/python2.7/site-packages:/cvmfs/cms.cern.ch/slc5_amd64_gcc472/external/rivet/1.8.2-cms8/lib/python2.7/site-packages:/cvmfs/cms.cern.ch/slc5_amd64_gcc472/external/pyminuit2/0.0.1-cms19/lib/python2.7/site-packages:/cvmfs/cms.cern.ch/slc5_amd64_gcc472/external/py2-pygithub/1.23.0/lib/python2.7/site-packages:/cvmfs/cms.cern.ch/slc5_amd64_gcc472/external/professor/1.0.0-cms19/lib/python2.7/site-packages:/cvmfs/cms.cern.ch/slc5_amd64_gcc472/lcg/root/5.34.07-cms/lib:/cvmfs/cms.cern.ch/slc5_amd64_gcc472/cms/dbs-client/DBS_2_1_9-cms5/lib:/cvmfs/cms.cern.ch/slc5_amd64_gcc472/cms/dbs-client/DBS_2_1_9-cms5/lib/DBSAPI:/cvmfs/cms.cern.ch/slc5_amd64_gcc472/external/cvs2git/5419-cms/lib:/home/cms021/home_cream_660023151/CREAM660023151/glide_ae5cBs/execute/dir_30188/
 
# LIMITS USED BY CRAB WATCHDOG:
# RSS  (KBytes)   : 2300000
# VSZ  (KBytes)   : 100000000
# DISK (MBytes)   : 19000
# CPU TIME        : 720h:0m:0s
# WALL CLOCK TIME : 21h:50m:0s
 
5854dd31cbd3cdec44c48628cc181cf0
PSETHASH = 5854dd31cbd3cdec44c48628cc181cf0
/home/cms021/home_cream_660023151/CREAM660023151/glide_ae5cBs/execute/dir_30188/writeCfg.py pset.py pset.py
Importing .py file
Setting parameters
RandomNumberGeneratorService found, will attempt to change seeds
inputBlocks=/calabria_SingleMuPt500_GEN-SIM-DIGI-RECO_CMSSW_6_2_0_SLHC12_2023Scenario_Case4/calabria-calabria_SingleMuPt500_GEN-SIM-DIGI-RECO_CMSSW_6_2_0_SLHC12_2023Scenario_Case4-41247ff61fcce1e4991e517dad8c5752/USER#9d12df3b-6d45-4f90-b686-a8050cab8072
inputFiles=/store/user/calabria/calabria_SingleMuPt500_GEN-SIM-DIGI-RECO_CMSSW_6_2_0_SLHC12_2023Scenario_Case4/calabria_SingleMuPt500_GEN-SIM-DIGI-RECO_CMSSW_6_2_0_SLHC12_2023Scenario_Case4/41247ff61fcce1e4991e517dad8c5752/out_reco_110_1_4eS.root;/store/user/calabria/calabria_SingleMuPt500_GEN-SIM-DIGI-RECO_CMSSW_6_2_0_SLHC12_2023Scenario_Case4/calabria_SingleMuPt500_GEN-SIM-DIGI-RECO_CMSSW_6_2_0_SLHC12_2023Scenario_Case4/41247ff61fcce1e4991e517dad8c5752/out_reco_112_1_bpV.root;/store/user/calabria/calabria_SingleMuPt500_GEN-SIM-DIGI-RECO_CMSSW_6_2_0_SLHC12_2023Scenario_Case4/calabria_SingleMuPt500_GEN-SIM-DIGI-RECO_CMSSW_6_2_0_SLHC12_2023Scenario_Case4/41247ff61fcce1e4991e517dad8c5752/out_reco_114_1_bTd.root;/store/user/calabria/calabria_SingleMuPt500_GEN-SIM-DIGI-RECO_CMSSW_6_2_0_SLHC12_2023Scenario_Case4/calabria_SingleMuPt500_GEN-SIM-DIGI-RECO_CMSSW_6_2_0_SLHC12_2023Scenario_Case4/41247ff61fcce1e4991e517dad8c5752/out_reco_116_1_jCu.root;/store/user/calabria/calabria_SingleMuPt500_GEN-SIM-DIGI-RECO_CMSSW_6_2_0_SLHC12_2023Scenario_Case4/calabria_SingleMuPt500_GEN-SIM-DIGI-RECO_CMSSW_6_2_0_SLHC12_2023Scenario_Case4/41247ff61fcce1e4991e517dad8c5752/out_reco_117_1_sSo.root;/store/user/calabria/calabria_SingleMuPt500_GEN-SIM-DIGI-RECO_CMSSW_6_2_0_SLHC12_2023Scenario_Case4/calabria_SingleMuPt500_GEN-SIM-DIGI-RECO_CMSSW_6_2_0_SLHC12_2023Scenario_Case4/41247ff61fcce1e4991e517dad8c5752/out_reco_118_1_ii8.root;/store/user/calabria/calabria_SingleMuPt500_GEN-SIM-DIGI-RECO_CMSSW_6_2_0_SLHC12_2023Scenario_Case4/calabria_SingleMuPt500_GEN-SIM-DIGI-RECO_CMSSW_6_2_0_SLHC12_2023Scenario_Case4/41247ff61fcce1e4991e517dad8c5752/out_reco_119_1_0pn.root;/store/user/calabria/calabria_SingleMuPt500_GEN-SIM-DIGI-RECO_CMSSW_6_2_0_SLHC12_2023Scenario_Case4/calabria_SingleMuPt500_GEN-SIM-DIGI-RECO_CMSSW_6_2_0_SLHC12_2023Scenario_Case4/41247ff61fcce1e4991e517dad8c5752/out_reco_120_1_nHq.root;/store/user/calabria/calabria_SingleMuPt500_GEN-SIM-DIGI-RECO_CMSSW_6_2_0_SLHC12_2023Scenario_Case4/calabria_SingleMuPt500_GEN-SIM-DIGI-RECO_CMSSW_6_2_0_SLHC12_2023Scenario_Case4/41247ff61fcce1e4991e517dad8c5752/out_reco_121_1_39m.root;/store/user/calabria/calabria_SingleMuPt500_GEN-SIM-DIGI-RECO_CMSSW_6_2_0_SLHC12_2023Scenario_Case4/calabria_SingleMuPt500_GEN-SIM-DIGI-RECO_CMSSW_6_2_0_SLHC12_2023Scenario_Case4/41247ff61fcce1e4991e517dad8c5752/out_reco_124_1_9Dx.root
parentFiles=
lumisRange=
>>> Executable cmsRun
/cvmfs/cms.cern.ch/slc5_amd64_gcc472/cms/cmssw/CMSSW_6_2_0_SLHC12/bin/slc5_amd64_gcc472/cmsRun
ok executable found
>>> info for dashboard:
***** Cat /home/cms021/home_cream_660023151/CREAM660023151/glide_ae5cBs/execute/dir_30188/jobreport.txt *****
MonitorJobID=10_https://vocms20.cern.ch//140616//1841016.9
MonitorID=calabria_MuMinus500_Case4_ReReco_17lnj5
ExeStart=cmsRun
***** End Cat jobreport *****
Parameters sent to Dashboard.
>>> cmsRun started at Tue Jun 17 22:15:17 UTC 2014
>>> cmsRun ended at Tue Jun 17 22:23:07 UTC 2014
>>> crab_fjr_*.xml  permission set to 0704
>>> info for dashboard:
***** Cat /home/cms021/home_cream_660023151/CREAM660023151/glide_ae5cBs/execute/dir_30188/jobreport.txt *****
MonitorJobID=10_https://vocms20.cern.ch//140616//1841016.9
MonitorID=calabria_MuMinus500_Case4_ReReco_17lnj5
ExeEnd=cmsRun
***** End Cat jobreport *****
Parameters sent to Dashboard.
TIME_EXE = 470 sec
>>> cmsRun wrote 50 lines of stdout+stderr
>>> START OF printout of 50 lines from stdout+stderr
271 DQMStore::DQMStore 
HcalTopologyIdealEP::HcalTopologyIdealEP
18-Jun-2014 00:15:40 CEST  Initiating request to open file file:/lustre/cms//store/user/calabria/calabria_SingleMuPt500_GEN-SIM-DIGI-RECO_CMSSW_6_2_0_SLHC12_2023Scenario_Case4/calabria_SingleMuPt500_GEN-SIM-DIGI-RECO_CMSSW_6_2_0_SLHC12_2023Scenario_Case4/41247ff61fcce1e4991e517dad8c5752/out_reco_110_1_4eS.root
18-Jun-2014 00:15:43 CEST  Successfully opened file file:/lustre/cms//store/user/calabria/calabria_SingleMuPt500_GEN-SIM-DIGI-RECO_CMSSW_6_2_0_SLHC12_2023Scenario_Case4/calabria_SingleMuPt500_GEN-SIM-DIGI-RECO_CMSSW_6_2_0_SLHC12_2023Scenario_Case4/41247ff61fcce1e4991e517dad8c5752/out_reco_110_1_4eS.root
18-Jun-2014 00:16:21 CEST  Closed file file:/lustre/cms//store/user/calabria/calabria_SingleMuPt500_GEN-SIM-DIGI-RECO_CMSSW_6_2_0_SLHC12_2023Scenario_Case4/calabria_SingleMuPt500_GEN-SIM-DIGI-RECO_CMSSW_6_2_0_SLHC12_2023Scenario_Case4/41247ff61fcce1e4991e517dad8c5752/out_reco_110_1_4eS.root
18-Jun-2014 00:16:21 CEST  Initiating request to open file file:/lustre/cms//store/user/calabria/calabria_SingleMuPt500_GEN-SIM-DIGI-RECO_CMSSW_6_2_0_SLHC12_2023Scenario_Case4/calabria_SingleMuPt500_GEN-SIM-DIGI-RECO_CMSSW_6_2_0_SLHC12_2023Scenario_Case4/41247ff61fcce1e4991e517dad8c5752/out_reco_112_1_bpV.root
18-Jun-2014 00:16:22 CEST  Successfully opened file file:/lustre/cms//store/user/calabria/calabria_SingleMuPt500_GEN-SIM-DIGI-RECO_CMSSW_6_2_0_SLHC12_2023Scenario_Case4/calabria_SingleMuPt500_GEN-SIM-DIGI-RECO_CMSSW_6_2_0_SLHC12_2023Scenario_Case4/41247ff61fcce1e4991e517dad8c5752/out_reco_112_1_bpV.root
18-Jun-2014 00:17:01 CEST  Closed file file:/lustre/cms//store/user/calabria/calabria_SingleMuPt500_GEN-SIM-DIGI-RECO_CMSSW_6_2_0_SLHC12_2023Scenario_Case4/calabria_SingleMuPt500_GEN-SIM-DIGI-RECO_CMSSW_6_2_0_SLHC12_2023Scenario_Case4/41247ff61fcce1e4991e517dad8c5752/out_reco_112_1_bpV.root
18-Jun-2014 00:17:01 CEST  Initiating request to open file file:/lustre/cms//store/user/calabria/calabria_SingleMuPt500_GEN-SIM-DIGI-RECO_CMSSW_6_2_0_SLHC12_2023Scenario_Case4/calabria_SingleMuPt500_GEN-SIM-DIGI-RECO_CMSSW_6_2_0_SLHC12_2023Scenario_Case4/41247ff61fcce1e4991e517dad8c5752/out_reco_114_1_bTd.root
18-Jun-2014 00:17:02 CEST  Successfully opened file file:/lustre/cms//store/user/calabria/calabria_SingleMuPt500_GEN-SIM-DIGI-RECO_CMSSW_6_2_0_SLHC12_2023Scenario_Case4/calabria_SingleMuPt500_GEN-SIM-DIGI-RECO_CMSSW_6_2_0_SLHC12_2023Scenario_Case4/41247ff61fcce1e4991e517dad8c5752/out_reco_114_1_bTd.root
18-Jun-2014 00:17:41 CEST  Closed file file:/lustre/cms//store/user/calabria/calabria_SingleMuPt500_GEN-SIM-DIGI-RECO_CMSSW_6_2_0_SLHC12_2023Scenario_Case4/calabria_SingleMuPt500_GEN-SIM-DIGI-RECO_CMSSW_6_2_0_SLHC12_2023Scenario_Case4/41247ff61fcce1e4991e517dad8c5752/out_reco_114_1_bTd.root
18-Jun-2014 00:17:41 CEST  Initiating request to open file file:/lustre/cms//store/user/calabria/calabria_SingleMuPt500_GEN-SIM-DIGI-RECO_CMSSW_6_2_0_SLHC12_2023Scenario_Case4/calabria_SingleMuPt500_GEN-SIM-DIGI-RECO_CMSSW_6_2_0_SLHC12_2023Scenario_Case4/41247ff61fcce1e4991e517dad8c5752/out_reco_116_1_jCu.root
18-Jun-2014 00:17:41 CEST  Successfully opened file file:/lustre/cms//store/user/calabria/calabria_SingleMuPt500_GEN-SIM-DIGI-RECO_CMSSW_6_2_0_SLHC12_2023Scenario_Case4/calabria_SingleMuPt500_GEN-SIM-DIGI-RECO_CMSSW_6_2_0_SLHC12_2023Scenario_Case4/41247ff61fcce1e4991e517dad8c5752/out_reco_116_1_jCu.root
18-Jun-2014 00:18:23 CEST  Closed file file:/lustre/cms//store/user/calabria/calabria_SingleMuPt500_GEN-SIM-DIGI-RECO_CMSSW_6_2_0_SLHC12_2023Scenario_Case4/calabria_SingleMuPt500_GEN-SIM-DIGI-RECO_CMSSW_6_2_0_SLHC12_2023Scenario_Case4/41247ff61fcce1e4991e517dad8c5752/out_reco_116_1_jCu.root
18-Jun-2014 00:18:23 CEST  Initiating request to open file file:/lustre/cms//store/user/calabria/calabria_SingleMuPt500_GEN-SIM-DIGI-RECO_CMSSW_6_2_0_SLHC12_2023Scenario_Case4/calabria_SingleMuPt500_GEN-SIM-DIGI-RECO_CMSSW_6_2_0_SLHC12_2023Scenario_Case4/41247ff61fcce1e4991e517dad8c5752/out_reco_117_1_sSo.root
18-Jun-2014 00:18:23 CEST  Successfully opened file file:/lustre/cms//store/user/calabria/calabria_SingleMuPt500_GEN-SIM-DIGI-RECO_CMSSW_6_2_0_SLHC12_2023Scenario_Case4/calabria_SingleMuPt500_GEN-SIM-DIGI-RECO_CMSSW_6_2_0_SLHC12_2023Scenario_Case4/41247ff61fcce1e4991e517dad8c5752/out_reco_117_1_sSo.root
18-Jun-2014 00:19:06 CEST  Closed file file:/lustre/cms//store/user/calabria/calabria_SingleMuPt500_GEN-SIM-DIGI-RECO_CMSSW_6_2_0_SLHC12_2023Scenario_Case4/calabria_SingleMuPt500_GEN-SIM-DIGI-RECO_CMSSW_6_2_0_SLHC12_2023Scenario_Case4/41247ff61fcce1e4991e517dad8c5752/out_reco_117_1_sSo.root
18-Jun-2014 00:19:06 CEST  Initiating request to open file file:/lustre/cms//store/user/calabria/calabria_SingleMuPt500_GEN-SIM-DIGI-RECO_CMSSW_6_2_0_SLHC12_2023Scenario_Case4/calabria_SingleMuPt500_GEN-SIM-DIGI-RECO_CMSSW_6_2_0_SLHC12_2023Scenario_Case4/41247ff61fcce1e4991e517dad8c5752/out_reco_118_1_ii8.root
18-Jun-2014 00:19:06 CEST  Successfully opened file file:/lustre/cms//store/user/calabria/calabria_SingleMuPt500_GEN-SIM-DIGI-RECO_CMSSW_6_2_0_SLHC12_2023Scenario_Case4/calabria_SingleMuPt500_GEN-SIM-DIGI-RECO_CMSSW_6_2_0_SLHC12_2023Scenario_Case4/41247ff61fcce1e4991e517dad8c5752/out_reco_118_1_ii8.root
18-Jun-2014 00:19:41 CEST  Closed file file:/lustre/cms//store/user/calabria/calabria_SingleMuPt500_GEN-SIM-DIGI-RECO_CMSSW_6_2_0_SLHC12_2023Scenario_Case4/calabria_SingleMuPt500_GEN-SIM-DIGI-RECO_CMSSW_6_2_0_SLHC12_2023Scenario_Case4/41247ff61fcce1e4991e517dad8c5752/out_reco_118_1_ii8.root
18-Jun-2014 00:19:41 CEST  Initiating request to open file file:/lustre/cms//store/user/calabria/calabria_SingleMuPt500_GEN-SIM-DIGI-RECO_CMSSW_6_2_0_SLHC12_2023Scenario_Case4/calabria_SingleMuPt500_GEN-SIM-DIGI-RECO_CMSSW_6_2_0_SLHC12_2023Scenario_Case4/41247ff61fcce1e4991e517dad8c5752/out_reco_119_1_0pn.root
18-Jun-2014 00:19:41 CEST  Successfully opened file file:/lustre/cms//store/user/calabria/calabria_SingleMuPt500_GEN-SIM-DIGI-RECO_CMSSW_6_2_0_SLHC12_2023Scenario_Case4/calabria_SingleMuPt500_GEN-SIM-DIGI-RECO_CMSSW_6_2_0_SLHC12_2023Scenario_Case4/41247ff61fcce1e4991e517dad8c5752/out_reco_119_1_0pn.root
18-Jun-2014 00:20:20 CEST  Closed file file:/lustre/cms//store/user/calabria/calabria_SingleMuPt500_GEN-SIM-DIGI-RECO_CMSSW_6_2_0_SLHC12_2023Scenario_Case4/calabria_SingleMuPt500_GEN-SIM-DIGI-RECO_CMSSW_6_2_0_SLHC12_2023Scenario_Case4/41247ff61fcce1e4991e517dad8c5752/out_reco_119_1_0pn.root
18-Jun-2014 00:20:20 CEST  Initiating request to open file file:/lustre/cms//store/user/calabria/calabria_SingleMuPt500_GEN-SIM-DIGI-RECO_CMSSW_6_2_0_SLHC12_2023Scenario_Case4/calabria_SingleMuPt500_GEN-SIM-DIGI-RECO_CMSSW_6_2_0_SLHC12_2023Scenario_Case4/41247ff61fcce1e4991e517dad8c5752/out_reco_120_1_nHq.root
18-Jun-2014 00:20:20 CEST  Successfully opened file file:/lustre/cms//store/user/calabria/calabria_SingleMuPt500_GEN-SIM-DIGI-RECO_CMSSW_6_2_0_SLHC12_2023Scenario_Case4/calabria_SingleMuPt500_GEN-SIM-DIGI-RECO_CMSSW_6_2_0_SLHC12_2023Scenario_Case4/41247ff61fcce1e4991e517dad8c5752/out_reco_120_1_nHq.root
18-Jun-2014 00:21:00 CEST  Closed file file:/lustre/cms//store/user/calabria/calabria_SingleMuPt500_GEN-SIM-DIGI-RECO_CMSSW_6_2_0_SLHC12_2023Scenario_Case4/calabria_SingleMuPt500_GEN-SIM-DIGI-RECO_CMSSW_6_2_0_SLHC12_2023Scenario_Case4/41247ff61fcce1e4991e517dad8c5752/out_reco_120_1_nHq.root
18-Jun-2014 00:21:00 CEST  Initiating request to open file file:/lustre/cms//store/user/calabria/calabria_SingleMuPt500_GEN-SIM-DIGI-RECO_CMSSW_6_2_0_SLHC12_2023Scenario_Case4/calabria_SingleMuPt500_GEN-SIM-DIGI-RECO_CMSSW_6_2_0_SLHC12_2023Scenario_Case4/41247ff61fcce1e4991e517dad8c5752/out_reco_121_1_39m.root
18-Jun-2014 00:21:00 CEST  Successfully opened file file:/lustre/cms//store/user/calabria/calabria_SingleMuPt500_GEN-SIM-DIGI-RECO_CMSSW_6_2_0_SLHC12_2023Scenario_Case4/calabria_SingleMuPt500_GEN-SIM-DIGI-RECO_CMSSW_6_2_0_SLHC12_2023Scenario_Case4/41247ff61fcce1e4991e517dad8c5752/out_reco_121_1_39m.root
18-Jun-2014 00:21:38 CEST  Closed file file:/lustre/cms//store/user/calabria/calabria_SingleMuPt500_GEN-SIM-DIGI-RECO_CMSSW_6_2_0_SLHC12_2023Scenario_Case4/calabria_SingleMuPt500_GEN-SIM-DIGI-RECO_CMSSW_6_2_0_SLHC12_2023Scenario_Case4/41247ff61fcce1e4991e517dad8c5752/out_reco_121_1_39m.root
18-Jun-2014 00:21:38 CEST  Initiating request to open file file:/lustre/cms//store/user/calabria/calabria_SingleMuPt500_GEN-SIM-DIGI-RECO_CMSSW_6_2_0_SLHC12_2023Scenario_Case4/calabria_SingleMuPt500_GEN-SIM-DIGI-RECO_CMSSW_6_2_0_SLHC12_2023Scenario_Case4/41247ff61fcce1e4991e517dad8c5752/out_reco_124_1_9Dx.root
18-Jun-2014 00:21:39 CEST  Successfully opened file file:/lustre/cms//store/user/calabria/calabria_SingleMuPt500_GEN-SIM-DIGI-RECO_CMSSW_6_2_0_SLHC12_2023Scenario_Case4/calabria_SingleMuPt500_GEN-SIM-DIGI-RECO_CMSSW_6_2_0_SLHC12_2023Scenario_Case4/41247ff61fcce1e4991e517dad8c5752/out_reco_124_1_9Dx.root
18-Jun-2014 00:23:06 CEST  Closed file file:/lustre/cms//store/user/calabria/calabria_SingleMuPt500_GEN-SIM-DIGI-RECO_CMSSW_6_2_0_SLHC12_2023Scenario_Case4/calabria_SingleMuPt500_GEN-SIM-DIGI-RECO_CMSSW_6_2_0_SLHC12_2023Scenario_Case4/41247ff61fcce1e4991e517dad8c5752/out_reco_124_1_9Dx.root

=============================================

MessageLogger Summary

 type     category        sev    module        subroutine        count    total
 ---- -------------------- -- ---------------- ----------------  -----    -----
    1 fileAction           -s file_close                            10       10
    2 fileAction           -s file_open                             20       20

 type    category    Examples: run/evt        run/evt          run/evt
 ---- -------------------- ---------------- ---------------- ----------------
    1 fileAction           PostProcessEvent PostProcessEvent PostEndRun
    2 fileAction           pre-events       pre-events       PostProcessEvent

Severity    # Occurrences   Total Occurrences
--------    -------------   -----------------
System                 30                  30
>>> END OF printout of 50 lines from stdout+stderr
>>> Parse FrameworkJobReport crab_fjr.xml
Result of parsing the FrameworkJobReport crab_fjr.xml: Popularity start
lumisRange : 1::::1;1::::2;1::::3;1::::4;1::::5;1::::6;1::::7;1::::8;1::::9;1::::10;
lumisParentRange : 
Basename : /store/user/calabria/calabria_SingleMuPt500_GEN-SIM-DIGI-RECO_CMSSW_6_2_0_SLHC12_2023Scenario_Case4/calabria_SingleMuPt500_GEN-SIM-DIGI-RECO_CMSSW_6_2_0_SLHC12_2023Scenario_Case4/41247ff61fcce1e4991e517dad8c5752/out_reco_1
BasenameParent : 
parentFiles : 
inputBlocks : /calabria_SingleMuPt500_GEN-SIM-DIGI-RECO_CMSSW_6_2_0_SLHC12_2023Scenario_Case4/calabria-calabria_SingleMuPt500_GEN-SIM-DIGI-RECO_CMSSW_6_2_0_SLHC12_2023Scenario_Case4-41247ff61fcce1e4991e517dad8c5752/USER#9d12df3b-6d45-4f90-b686-a8050cab8072
inputFiles : 10_1_4eS.root::1::EDM::Local::1;14_1_bTd.root::1::EDM::Local::2;21_1_39m.root::1::EDM::Local::3;24_1_9Dx.root::1::EDM::Local::4;18_1_ii8.root::1::EDM::Local::5;19_1_0pn.root::1::EDM::Local::6;17_1_sSo.root::1::EDM::Local::7;16_1_jCu.root::1::EDM::Local::8;12_1_bpV.root::1::EDM::Local::9;20_1_nHq.root::1::EDM::Local::10;
Popularity stop
Extracted ExitStatus from FrameworkJobReport parsing output: 0
>>> Executable succeded  0
ExeExitCode=0
EXECUTABLE_EXIT_STATUS = 0
>>> current directory /home/cms021/home_cream_660023151/CREAM660023151/glide_ae5cBs/execute/dir_30188/CMSSW_6_2_0_SLHC12
>>>  (SOFTWARE_DIR): /home/cms021/home_cream_660023151/CREAM660023151/glide_ae5cBs/execute/dir_30188/CMSSW_6_2_0_SLHC12
>>> (WORKING_DIR): 
>>> current directory content:
total 11132
drwxr-xr-x 3 cms021 cms    4096 Jun 18 00:14 .SCRAM
-rw------- 1 cms021 cms 3740531 Jun 18 00:14 CMSSW.py.pkl
drwxr-xr-x 3 cms021 cms    4096 Jun 18 00:14 bin
drwxr-xr-x 3 cms021 cms    4096 Jun 18 00:14 cfipython
drwxr-xr-x 4 cms021 cms    4096 Jun 18 00:14 config
-rw------- 1 cms021 cms      17 Jun 18 00:23 cpu_timing.txt
drwxr-xr-x 2 cms021 cms    4096 Jun 18 00:14 doc
-rw------- 1 cms021 cms    9985 Jun 18 00:23 executable.out
drwxr-xr-x 2 cms021 cms    4096 Jun 18 00:14 include
drwx------ 3 cms021 cms    4096 Apr 28 18:12 lib
drwxr-xr-x 3 cms021 cms    4096 Jun 18 00:14 logs
drwxr-xr-x 3 cms021 cms    4096 Jun 18 00:14 objs
-rw------- 1 cms021 cms     104 Jun 18 00:15 pset.py
-rw------- 1 cms021 cms 3712330 Jun 18 00:15 pset.py.pkl
-rw------- 1 cms021 cms     289 Jun 18 00:15 pset.pyc
drwxr-xr-x 2 cms021 cms    4096 Jun 18 00:14 python
-rw------- 1 cms021 cms     398 Jun 18 00:23 report.log
drwx------ 6 cms021 cms    4096 Jun 18 00:14 src
drwxr-xr-x 3 cms021 cms    4096 Jun 18 00:14 test
drwxr-xr-x 3 cms021 cms    4096 Jun 18 00:14 tmp
-rw------- 1 cms021 cms 3846112 Jun 18 00:23 validationEDM.root
>>> current directory /home/cms021/home_cream_660023151/CREAM660023151/glide_ae5cBs/execute/dir_30188/CMSSW_6_2_0_SLHC12
>>> (SOFTWARE_DIR): /home/cms021/home_cream_660023151/CREAM660023151/glide_ae5cBs/execute/dir_30188/CMSSW_6_2_0_SLHC12
>>> (WORKING_DIR): 
>>> current directory content:
total 11132
drwxr-xr-x 3 cms021 cms    4096 Jun 18 00:14 .SCRAM
-rw------- 1 cms021 cms 3740531 Jun 18 00:14 CMSSW.py.pkl
drwxr-xr-x 3 cms021 cms    4096 Jun 18 00:14 bin
drwxr-xr-x 3 cms021 cms    4096 Jun 18 00:14 cfipython
drwxr-xr-x 4 cms021 cms    4096 Jun 18 00:14 config
-rw------- 1 cms021 cms      17 Jun 18 00:23 cpu_timing.txt
drwxr-xr-x 2 cms021 cms    4096 Jun 18 00:14 doc
-rw------- 1 cms021 cms    9985 Jun 18 00:23 executable.out
drwxr-xr-x 2 cms021 cms    4096 Jun 18 00:14 include
drwx------ 3 cms021 cms    4096 Apr 28 18:12 lib
drwxr-xr-x 3 cms021 cms    4096 Jun 18 00:14 logs
drwxr-xr-x 3 cms021 cms    4096 Jun 18 00:14 objs
-rw------- 1 cms021 cms     104 Jun 18 00:15 pset.py
-rw------- 1 cms021 cms 3712330 Jun 18 00:15 pset.py.pkl
-rw------- 1 cms021 cms     289 Jun 18 00:15 pset.pyc
drwxr-xr-x 2 cms021 cms    4096 Jun 18 00:14 python
-rw------- 1 cms021 cms     398 Jun 18 00:23 report.log
drwx------ 6 cms021 cms    4096 Jun 18 00:14 src
drwxr-xr-x 3 cms021 cms    4096 Jun 18 00:14 test
drwxr-xr-x 3 cms021 cms    4096 Jun 18 00:14 tmp
-rw------- 1 cms021 cms 3846112 Jun 18 00:23 validationEDM_10_1_DO8.root
>>> current directory (RUNTIME_AREA):  /home/cms021/home_cream_660023151/CREAM660023151/glide_ae5cBs/execute/dir_30188
SE = storm-se-01.ba.infn.it
SE_PATH = /srm/managerv2?SFN=//cms/store/user/calabria/calabria_SingleMuPt500_GEN-SIM-DIGI-RECO_CMSSW_6_2_0_SLHC12_2023Scenario_Case4/calabria_MuMinus500_GEN-SIM-DIGI-RECO_CMSSW_6_2_0_SLHC12_2023Scenario_VALNOPU2_Case4/5854dd31cbd3cdec44c48628cc181cf0/
LFNBaseName = /store/user/calabria/calabria_SingleMuPt500_GEN-SIM-DIGI-RECO_CMSSW_6_2_0_SLHC12_2023Scenario_Case4/calabria_MuMinus500_GEN-SIM-DIGI-RECO_CMSSW_6_2_0_SLHC12_2023Scenario_VALNOPU2_Case4/5854dd31cbd3cdec44c48628cc181cf0/
USER = calabria
endpoint = srm://storm-se-01.ba.infn.it:8444/srm/managerv2?SFN=//cms/store/user/calabria/calabria_SingleMuPt500_GEN-SIM-DIGI-RECO_CMSSW_6_2_0_SLHC12_2023Scenario_Case4/calabria_MuMinus500_GEN-SIM-DIGI-RECO_CMSSW_6_2_0_SLHC12_2023Scenario_VALNOPU2_Case4/5854dd31cbd3cdec44c48628cc181cf0/
>>> Copy output files from WN = alicegrid50.ba.infn.it to /srm/managerv2?SFN=//cms/store/user/calabria/calabria_SingleMuPt500_GEN-SIM-DIGI-RECO_CMSSW_6_2_0_SLHC12_2023Scenario_Case4/calabria_MuMinus500_GEN-SIM-DIGI-RECO_CMSSW_6_2_0_SLHC12_2023Scenario_VALNOPU2_Case4/5854dd31cbd3cdec44c48628cc181cf0/ :
python cmscp.py  --destination srm://storm-se-01.ba.infn.it:8444/srm/managerv2?SFN=//cms/store/user/calabria/calabria_SingleMuPt500_GEN-SIM-DIGI-RECO_CMSSW_6_2_0_SLHC12_2023Scenario_Case4/calabria_MuMinus500_GEN-SIM-DIGI-RECO_CMSSW_6_2_0_SLHC12_2023Scenario_VALNOPU2_Case4/5854dd31cbd3cdec44c48628cc181cf0/ --inputFileList /home/cms021/home_cream_660023151/CREAM660023151/glide_ae5cBs/execute/dir_30188/CMSSW_6_2_0_SLHC12/validationEDM_10_1_DO8.root --middleware LCG --se_name storm-se-01.ba.infn.it --for_lfn /store/user/calabria/calabria_SingleMuPt500_GEN-SIM-DIGI-RECO_CMSSW_6_2_0_SLHC12_2023Scenario_Case4/calabria_MuMinus500_GEN-SIM-DIGI-RECO_CMSSW_6_2_0_SLHC12_2023Scenario_VALNOPU2_Case4/5854dd31cbd3cdec44c48628cc181cf0/    
******************************************************
localSeName  =  storm-se-01.ba.infn.it
remoteSeName =  storm-se-01.ba.infn.it
******************************************************
{"/home/cms021/home_cream_660023151/CREAM660023151/glide_ae5cBs/execute/dir_30188/CMSSW_6_2_0_SLHC12/validationEDM_10_1_DO8.root": {"endpoint": "srm://storm-se-01.ba.infn.it:8444/srm/managerv2?SFN=//cms/store/user/calabria/calabria_SingleMuPt500_GEN-SIM-DIGI-RECO_CMSSW_6_2_0_SLHC12_2023Scenario_Case4/calabria_MuMinus500_GEN-SIM-DIGI-RECO_CMSSW_6_2_0_SLHC12_2023Scenario_VALNOPU2_Case4/5854dd31cbd3cdec44c48628cc181cf0/", "surl_for_grid": "", "reason": "Copy succedeed with srm-lcg utils", "erCode": "0", "se_name": "storm-se-01.ba.infn.it", "for_lfn": "/store/user/calabria/calabria_SingleMuPt500_GEN-SIM-DIGI-RECO_CMSSW_6_2_0_SLHC12_2023Scenario_Case4/calabria_MuMinus500_GEN-SIM-DIGI-RECO_CMSSW_6_2_0_SLHC12_2023Scenario_VALNOPU2_Case4/5854dd31cbd3cdec44c48628cc181cf0/"}}/home/cms021/home_cream_660023151/CREAM660023151/glide_ae5cBs/execute/dir_30188
-------- cat /home/cms021/home_cream_660023151/CREAM660023151/glide_ae5cBs/execute/dir_30188/cmscpReport.sh 
#!/bin/bash
echo "Report for File: /home/cms021/home_cream_660023151/CREAM660023151/glide_ae5cBs/execute/dir_30188/CMSSW_6_2_0_SLHC12/validationEDM_10_1_DO8.root"
echo "LFN: /store/user/calabria/calabria_SingleMuPt500_GEN-SIM-DIGI-RECO_CMSSW_6_2_0_SLHC12_2023Scenario_Case4/calabria_MuMinus500_GEN-SIM-DIGI-RECO_CMSSW_6_2_0_SLHC12_2023Scenario_VALNOPU2_Case4/5854dd31cbd3cdec44c48628cc181cf0/validationEDM_10_1_DO8.root"
echo "StorageElement: storm-se-01.ba.infn.it"
echo "StageOutExitStatusReason = 'Copy succedeed with srm-lcg utils'" | tee -a $RUNTIME_AREA/$repo
echo "StageOutSE = storm-se-01.ba.infn.it" >> $RUNTIME_AREA/$repo

export StageOutExitStatus=0
echo "StageOutExitStatus = 0" | tee -a $RUNTIME_AREA/$repo
-------- end of /home/cms021/home_cream_660023151/CREAM660023151/glide_ae5cBs/execute/dir_30188/cmscpReport.sh 
Report for File: /home/cms021/home_cream_660023151/CREAM660023151/glide_ae5cBs/execute/dir_30188/CMSSW_6_2_0_SLHC12/validationEDM_10_1_DO8.root
LFN: /store/user/calabria/calabria_SingleMuPt500_GEN-SIM-DIGI-RECO_CMSSW_6_2_0_SLHC12_2023Scenario_Case4/calabria_MuMinus500_GEN-SIM-DIGI-RECO_CMSSW_6_2_0_SLHC12_2023Scenario_VALNOPU2_Case4/5854dd31cbd3cdec44c48628cc181cf0/validationEDM_10_1_DO8.root
StorageElement: storm-se-01.ba.infn.it
StageOutExitStatusReason = 'Copy succedeed with srm-lcg utils'
StageOutExitStatus = 0
>>> current dir: /home/cms021/home_cream_660023151/CREAM660023151/glide_ae5cBs/execute/dir_30188
>>> current dir content:
total 28080
-rw-------  1 cms021 cms     2791 Jun 18 00:24 .SEinteraction.log
-rwx------  1 cms021 cms     6719 Jun 18 00:14 .job.ad
-rwx------  1 cms021 cms     9234 Jun 18 00:14 .machine.ad
-rw-------  1 cms021 cms      105 Jun 16 20:51 CMSSW.py
-rw-------  1 cms021 cms  3740531 Jun 16 20:51 CMSSW.py.pkl
-rwx------  1 cms021 cms    29569 Jun 18 00:14 CMSSW.sh
drwxr-xr-x 15 cms021 cms     4096 Jun 18 00:23 CMSSW_6_2_0_SLHC12
-rw-------  1 cms021 cms      220 Jun 18 00:14 CacheEnv.sh
-rw-------  1 cms021 cms     7291 Apr  4 11:04 DashboardAPI.py
-rw-------  1 cms021 cms     6815 Jun 18 00:14 DashboardAPI.pyc
drwx------  2 cms021 cms     4096 Jun 18 00:23 IMProv
-rw-------  1 cms021 cms     2748 Apr  4 11:04 Logger.py
-rw-------  1 cms021 cms     3347 Jun 18 00:14 Logger.pyc
-rw-------  1 cms021 cms    24524 Apr  4 11:04 ProcInfo.py
-rw-------  1 cms021 cms    23197 Jun 18 00:14 ProcInfo.pyc
drwx------  7 cms021 cms     4096 Jun 18 00:15 ProdCommon
drwx------  3 cms021 cms     4096 Jun 18 00:14 WMCore
-rw-------  1 cms021 cms     2538 Jun 18 00:23 Watchdog_10.log
-rwx------  1 cms021 cms        0 Jun 18 00:14 _condor_stderr
-rwx---r--  1 cms021 cms    29518 Jun 18 00:24 _condor_stdout
-rw-------  1 cms021 cms    32895 Apr  4 11:04 apmon.py
-rw-------  1 cms021 cms    28625 Jun 18 00:14 apmon.pyc
-rwx------  1 cms021 cms    53857 Jun 18 00:14 arguments.xml
-rwx------  1 cms021 cms    38515 Apr  4 11:04 cmscp.py
-rw-------  1 cms021 cms      720 Jun 18 00:24 cmscpReport.sh
-rwx------  1 cms021 cms    29569 Jun 18 00:14 condor_exec.exe
-rw-------  1 cms021 cms      963 Jun 16 20:51 crab.cfg
-rwx------  1 cms021 cms     8610 Apr  4 11:04 crabWatchdog.sh
-rwx---r--  1 cms021 cms   523343 Jun 18 00:23 crab_fjr_10.xml
-rwx------  1 cms021 cms 23957666 Jun 18 00:14 default.tgz
-rwx------  1 cms021 cms     4488 Apr  4 11:04 fillCrabFjr.py
-rw-------  1 cms021 cms     2651 Jun 18 00:15 inputsReport.txt
-rw-------  1 cms021 cms      257 Jun 18 00:24 jobreport.txt
-rw-------  1 cms021 cms    17352 Apr  4 11:04 parseCrabFjr.py
-rw-------  1 cms021 cms      323 Jun 18 00:14 report.log
-rwx--x--x  1 cms021 cms     1497 Apr  4 11:04 report.py
-rw-------  1 cms021 cms      776 Jun 18 00:24 resultCopyFile
lrwxrwxrwx  1 cms021 cms      126 Jun 18 00:23 validationEDM.root -> /home/cms021/home_cream_660023151/CREAM660023151/glide_ae5cBs/execute/dir_30188/CMSSW_6_2_0_SLHC12/validationEDM_10_1_DO8.root
-rwx------  1 cms021 cms     8387 Apr  4 11:04 writeCfg.py
-rw-------  1 cms021 cms     8014 Jun 18 00:14 x509up_u50707
>>> Modify Job Report:
CMSSW_VERSION = CMSSW_6_2_0_SLHC12
ProcessedDataset = calabria_MuMinus500_GEN-SIM-DIGI-RECO_CMSSW_6_2_0_SLHC12_2023Scenario_VALNOPU2_Case4
/home/cms021/home_cream_660023151/CREAM660023151/glide_ae5cBs/execute/dir_30188/ProdCommon/FwkJobRep/ModifyJobReport.py fjr /home/cms021/home_cream_660023151/CREAM660023151/glide_ae5cBs/execute/dir_30188/crab_fjr_10.xml json /home/cms021/home_cream_660023151/CREAM660023151/glide_ae5cBs/execute/dir_30188/resultCopyFile n_job 10_1_DO8 PrimaryDataset calabria_SingleMuPt500_GEN-SIM-DIGI-RECO_CMSSW_6_2_0_SLHC12_2023Scenario_Case4  ApplicationFamily cmsRun ApplicationName cmsRun cmssw_version CMSSW_6_2_0_SLHC12 psethash 5854dd31cbd3cdec44c48628cc181cf0 UserProcessedDataset calabria-calabria_MuMinus500_GEN-SIM-DIGI-RECO_CMSSW_6_2_0_SLHC12_2023Scenario_VALNOPU2_Case4-5854dd31cbd3cdec44c48628cc181cf0
inputDict =  {u'/home/cms021/home_cream_660023151/CREAM660023151/glide_ae5cBs/execute/dir_30188/CMSSW_6_2_0_SLHC12/validationEDM_10_1_DO8.root': {u'endpoint': u'srm://storm-se-01.ba.infn.it:8444/srm/managerv2?SFN=//cms/store/user/calabria/calabria_SingleMuPt500_GEN-SIM-DIGI-RECO_CMSSW_6_2_0_SLHC12_2023Scenario_Case4/calabria_MuMinus500_GEN-SIM-DIGI-RECO_CMSSW_6_2_0_SLHC12_2023Scenario_VALNOPU2_Case4/5854dd31cbd3cdec44c48628cc181cf0/', u'surl_for_grid': u'', u'reason': u'Copy succedeed with srm-lcg utils', u'erCode': u'0', u'se_name': u'storm-se-01.ba.infn.it', u'for_lfn': u'/store/user/calabria/calabria_SingleMuPt500_GEN-SIM-DIGI-RECO_CMSSW_6_2_0_SLHC12_2023Scenario_Case4/calabria_MuMinus500_GEN-SIM-DIGI-RECO_CMSSW_6_2_0_SLHC12_2023Scenario_VALNOPU2_Case4/5854dd31cbd3cdec44c48628cc181cf0/'}}
UserProcessedDataset =  calabria-calabria_MuMinus500_GEN-SIM-DIGI-RECO_CMSSW_6_2_0_SLHC12_2023Scenario_VALNOPU2_Case4-5854dd31cbd3cdec44c48628cc181cf0
file_name in inputDict =  /home/cms021/home_cream_660023151/CREAM660023151/glide_ae5cBs/execute/dir_30188/CMSSW_6_2_0_SLHC12/validationEDM_10_1_DO8.root
(size) os.stat(filename)[6] =  3846112
checksum =  484239796
    file =  validationEDM_10_1_DO8.root
    newPfn =  srm://storm-se-01.ba.infn.it:8444/srm/managerv2?SFN=//cms/store/user/calabria/calabria_SingleMuPt500_GEN-SIM-DIGI-RECO_CMSSW_6_2_0_SLHC12_2023Scenario_Case4/calabria_MuMinus500_GEN-SIM-DIGI-RECO_CMSSW_6_2_0_SLHC12_2023Scenario_VALNOPU2_Case4/5854dd31cbd3cdec44c48628cc181cf0/validationEDM_10_1_DO8.root
    newLfn =  /store/user/calabria/calabria_SingleMuPt500_GEN-SIM-DIGI-RECO_CMSSW_6_2_0_SLHC12_2023Scenario_Case4/calabria_MuMinus500_GEN-SIM-DIGI-RECO_CMSSW_6_2_0_SLHC12_2023Scenario_VALNOPU2_Case4/5854dd31cbd3cdec44c48628cc181cf0/validationEDM_10_1_DO8.root
>>> crab_fjr_*.xml  permission set to 0704
CrabWrapper EXIT_FUNC entered at Wed Jun 18 00:24:39 CEST 2014   -  Tue Jun 17 22:24:39 UTC 2014
Checking output files:  
will tar file crab_fjr_10.xml in  out_files_10
WARNING: output file CMSSW_10.stdout not found!
WARNING: output file CMSSW_10.stderr not found!
WARNING: output file Watchdog_10.log.gz not found!
>>> padding time: Sleeping the wrapper for 5 seconds
STOPPING WATCHDOG. CrabWatchdog PID is 1978
********** LAST 50 LINES OF WATCHDOG LOG
# RESOURCE USAGE SUMMARY FOR PROCESS ID 31173
USER       PID %CPU %MEM    VSZ   RSS TTY      STAT START   TIME COMMAND
cms021   31173  0.1  0.0   9496  1596 ?        S    00:14   0:00 /bin/sh /home/cms021/home_cream_660023151/CREAM660023151/glide_ae5cBs/execute/dir_30188/condor_exec.exe 10 1
 
# LIMITS USED BY CRAB WATCHDOG:
# RSS  (KBytes)   : 2300000
# VSZ  (KBytes)   : 100000000
# DISK (MBytes)   : 19000
# CPU TIME        : 720h:0m:0s
# WALL CLOCK TIME : 21h:50m:0s
 
# FOLLOWING PRINTOUT TRACKS MAXIMUM VALUES OF RESOURCES USE
# ONE LINE IS PRINTED EACH TIME A MAXIMUM CHANGES
# IF CHANGE WAS IN RSS OR VSZ ALSO PROCID AND COMMAND ARE PRINTED
# THERE IS NO PRINTOUT FOR CPU/WALL TIME INCREASE
 
# TIME			PID	RSS(KB)	VSZ(KB)	Dsk(MB)	tCPU(s)	tWALL(s)	COMMAND
 Jun 18 00:14:57 CEST	1978	1412	9388	0	0	1	/bin/bash /home/cms021/home_cream_660023151/CREAM660023151/glide_ae5cBs/execute/dir_30188/crabWatchdog.sh         
 Jun 18 00:14:57 CEST	1988	31068	96756	0	0	1	edmConfigHash pset.py         
 Jun 18 00:14:57 CEST	29314	31068	106092	0	0	1	sh -c "./glidein_startup.sh" -v std -name v1_3 -entry CMS_T2_IT_Bari_ce2 -clientname UCSD-v1_0.main
 Jun 18 00:14:57 CEST	29321	31068	106492	0	0	1	/bin/bash ./glidein_startup.sh -v std -name v1_3 -entry CMS_T2_IT_Bari_ce2 -clientname UCSD-v1_0.main -schedd
 Jun 18 00:14:57 CEST	---	31068	106492	171	----	----	----
 Jun 18 00:15:59 CEST	4574	718888	985460	171	28	62	cmsRun -j /home/cms021/home_cream_660023151/CREAM660023151/glide_ae5cBs/execute/dir_30188/crab_fjr_10.xml -p pset.py      
 Jun 18 00:15:59 CEST	---	718888	985460	175	----	----	----
 Jun 18 00:17:00 CEST	4574	730588	1004088	175	80	124	cmsRun -j /home/cms021/home_cream_660023151/CREAM660023151/glide_ae5cBs/execute/dir_30188/crab_fjr_10.xml -p pset.py      
 Jun 18 00:18:02 CEST	4574	730588	1018424	175	124	186	cmsRun -j /home/cms021/home_cream_660023151/CREAM660023151/glide_ae5cBs/execute/dir_30188/crab_fjr_10.xml -p pset.py      
 Jun 18 00:20:06 CEST	4574	730588	1026360	175	224	310	cmsRun -j /home/cms021/home_cream_660023151/CREAM660023151/glide_ae5cBs/execute/dir_30188/crab_fjr_10.xml -p pset.py      
 Jun 18 00:21:07 CEST	4574	730588	1030224	175	269	372	cmsRun -j /home/cms021/home_cream_660023151/CREAM660023151/glide_ae5cBs/execute/dir_30188/crab_fjr_10.xml -p pset.py      
 Jun 18 00:22:11 CEST	4574	730588	1035088	175	318	435	cmsRun -j /home/cms021/home_cream_660023151/CREAM660023151/glide_ae5cBs/execute/dir_30188/crab_fjr_10.xml -p pset.py      
 Jun 18 00:23:13 CEST	---	730588	1035088	179	----	----	----
********** WATCHDOG LOG ENDED
ZIPPING WATCHDOG LOG
Disk space used:
du -sh /home/cms021/home_cream_660023151/CREAM660023151/glide_ae5cBs/execute/dir_30188
179M	/home/cms021/home_cream_660023151/CREAM660023151/glide_ae5cBs/execute/dir_30188
Found unusual stdout, rename for OSB
`/home/cms021/home_cream_660023151/CREAM660023151/glide_ae5cBs/execute/dir_30188/_condor_stdout' -> `CMSSW_10.stdout'
Found unusual stderr, rename for OSB
`/home/cms021/home_cream_660023151/CREAM660023151/glide_ae5cBs/execute/dir_30188/_condor_stdout' -> `CMSSW_10.stderr'
crab_fjr_10.xml
CMSSW_10.stdout
CMSSW_10.stderr
Watchdog_10.log.gz
Total Output dimension: 69902
WARNING: output files size limit is set to: 50000000
Total Output dimension 69902 is fine.
JOB_EXIT_STATUS = 0
>>> info for dashboard:
***** Cat /home/cms021/home_cream_660023151/CREAM660023151/glide_ae5cBs/execute/dir_30188/jobreport.txt *****
MonitorJobID=10_https://vocms20.cern.ch//140616//1841016.9
MonitorID=calabria_MuMinus500_Case4_ReReco_17lnj5
ExeTime=470
ExeExitCode=0
StageOutExitStatusReason = 'Copy succedeed with srm-lcg utils'
StageOutSE = storm-se-01.ba.infn.it
StageOutExitStatus = 0
CrabUserCpuTime=316.83
CrabSysCpuTime=55.54
CrabCpuPercentage=79%
CrabWrapperTime=600
CrabStageoutTime=84
JobExitCode=0
***** End Cat jobreport *****
Parameters sent to Dashboard.
EXITING at Wed Jun 18 00:24:50 CEST 2014  -  Tue Jun 17 22:24:50 UTC 2014
