This script was generated by crab (version 2.10.5_patch1).
Running /home/cms015/home_cream_125687670/CREAM125687670/glide_jTVDTD/execute/dir_9873/condor_exec.exe with 2 positional parameters: 20 1
Today is Wed Jun 18 01:33:07 CEST 2014 - Tue Jun 17 23:33:07 UTC 2014
Job submitted on host pccms139.ba.infn.it
Linux pccms139.ba.infn.it 2.6.32-358.23.2.el6.x86_64 #1 SMP Thu Oct 17 10:27:22 CEST 2013 x86_64 x86_64 x86_64 GNU/Linux
>>> current directory (RUNTIME_AREA): /home/cms015/home_cream_125687670/CREAM125687670/glide_jTVDTD/execute/dir_9873
>>> current user: uid=11815(cms015) gid=1399(cms) groups=1399(cms)
>>> directory permission set to 0700
>>> umask set to:  u=rwx,g=,o=
>>> stdout stderr permission set to 0704
>>> voms proxy information:
subject   : /C=IT/O=INFN/OU=Personal Certificate/L=Bari/CN=Cesare Calabria/CN=477126703/CN=260852416
issuer    : /C=IT/O=INFN/OU=Personal Certificate/L=Bari/CN=Cesare Calabria/CN=477126703
identity  : /C=IT/O=INFN/OU=Personal Certificate/L=Bari/CN=Cesare Calabria
type      : RFC3820 compliant limited proxy
strength  : 1024
path      : /home/cms015/home_cream_125687670/CREAM125687670/glide_jTVDTD/execute/dir_9873/x509up_u50707
timeleft  : 23:59:48
key usage : Digital Signature, Key Encipherment, Data Encipherment
=== VO cms extension information ===
VO        : cms
subject   : /C=IT/O=INFN/OU=Personal Certificate/L=Bari/CN=Cesare Calabria
issuer    : /DC=ch/DC=cern/OU=computers/CN=voms.cern.ch
attribute : /cms/Role=NULL/Capability=NULL
attribute : /cms/itcms/Role=NULL/Capability=NULL
timeleft  : 153:51:12
uri       : voms.cern.ch:15002

WNHostName=pccms139.ba.infn.it
>>> tar --no-same-permissions -xf /home/cms015/home_cream_125687670/CREAM125687670/glide_jTVDTD/execute/dir_9873/default.tgz :
Successful untar
>>> Include /home/cms015/home_cream_125687670/CREAM125687670/glide_jTVDTD/execute/dir_9873 in PYTHONPATH:
strip arguments
env var CRAB_UNIQUE_JOB_ID set to: calabria_MuMinus50_Case2_ReReco_ntj186_20_1_8t1
out_files_20
>>> list of expected files on output sandbox
output files: crab_fjr_20.xml CMSSW_20.stdout CMSSW_20.stderr Watchdog_20.log.gz
>>> GridFlavour discovery: 
GridFlavour=LCG
>>> SyncSite discovery: 
SyncSite=T2_IT_Bari
>>> SyncCE discovery: 
getting SyncCE from CE_ID
SyncCE=cream-ce-2.ba.infn.it:8443/cream-pbs-cms
>>> info for dashboard:
***** Cat /home/cms015/home_cream_125687670/CREAM125687670/glide_jTVDTD/execute/dir_9873/jobreport.txt *****
WNHostName=pccms139.ba.infn.it
MonitorJobID=20_https://submit-6.t2.ucsd.edu//140616//168558.19
SyncGridJobId=https://submit-6.t2.ucsd.edu//140616//168558.19
MonitorID=calabria_MuMinus50_Case2_ReReco_ntj186
GridFlavour=LCG
SyncSite=T2_IT_Bari
SyncCE=cream-ce-2.ba.infn.it:8443/cream-pbs-cms
***** End Cat jobreport *****
Parameters sent to Dashboard.
>>> setup environment
set SCRAM ARCH to slc5_amd64_gcc472
SCRAM_ARCH = slc5_amd64_gcc472
>>> setup CMS LCG environment:
set SCRAM ARCH and BUILD_ARCH to slc5_amd64_gcc472 ###
Sourcing environment... 
sourcing /cvmfs/cms.cern.ch/cmsset_default.sh
==> setup cms environment ok
>>> specific cmssw setup environment:
CMSSW_VERSION =  CMSSW_6_2_0_SLHC12
>>> current directory (SOFTWARE_DIR): /home/cms015/home_cream_125687670/CREAM125687670/glide_jTVDTD/execute/dir_9873/CMSSW_6_2_0_SLHC12
PreserveSeeds: <>
IncrementSeeds:<>
>>> info for dashboard:
***** Cat /home/cms015/home_cream_125687670/CREAM125687670/glide_jTVDTD/execute/dir_9873/jobreport.txt *****
MonitorJobID=20_https://submit-6.t2.ucsd.edu//140616//168558.19
MonitorID=calabria_MuMinus50_Case2_ReReco_ntj186
***** End Cat jobreport *****
Parameters sent to Dashboard.
crabWatchdog started as process 10943
>>> moving CMSSW software directories in /home/cms015/home_cream_125687670/CREAM125687670/glide_jTVDTD/execute/dir_9873/CMSSW_6_2_0_SLHC12
mv: cannot stat `/home/cms015/home_cream_125687670/CREAM125687670/glide_jTVDTD/execute/dir_9873/module/': No such file or directory
>>> Include /home/cms015/home_cream_125687670/CREAM125687670/glide_jTVDTD/execute/dir_9873 in PYTHONPATH:
PYTHONPATH=/home/cms015/home_cream_125687670/CREAM125687670/glide_jTVDTD/execute/dir_9873/:/home/cms015/home_cream_125687670/CREAM125687670/glide_jTVDTD/execute/dir_9873/CMSSW_6_2_0_SLHC12/python:/home/cms015/home_cream_125687670/CREAM125687670/glide_jTVDTD/execute/dir_9873/CMSSW_6_2_0_SLHC12/lib/slc5_amd64_gcc472:/cvmfs/cms.cern.ch/slc5_amd64_gcc472/cms/cmssw/CMSSW_6_2_0_SLHC12/python:/cvmfs/cms.cern.ch/slc5_amd64_gcc472/cms/cmssw/CMSSW_6_2_0_SLHC12/lib/slc5_amd64_gcc472:/cvmfs/cms.cern.ch/slc5_amd64_gcc472/cms/coral/CORAL_2_3_21-cms36/slc5_amd64_gcc472/python:/cvmfs/cms.cern.ch/slc5_amd64_gcc472/cms/coral/CORAL_2_3_21-cms36/slc5_amd64_gcc472/lib:/cvmfs/cms.cern.ch/slc5_amd64_gcc472/external/pyqt/4.8.1-cms6/lib/python2.7/site-packages:/cvmfs/cms.cern.ch/slc5_amd64_gcc472/external/py2-scipy/0.8.0-cms8/lib/python2.7/site-packages:/cvmfs/cms.cern.ch/slc5_amd64_gcc472/external/py2-matplotlib/1.0.1-cms8/lib/python2.7/site-packages:/cvmfs/cms.cern.ch/slc5_amd64_gcc472/external/python-ldap/2.3.5-cms6/lib/python2.7/site-packages:/cvmfs/cms.cern.ch/slc5_amd64_gcc472/external/sip/4.11.2-cms6/lib/python2.7/site-packages:/cvmfs/cms.cern.ch/slc5_amd64_gcc472/external/py2-pycurl/7.19.0-cms8/lib/python2.7/site-packages:/cvmfs/cms.cern.ch/slc5_amd64_gcc472/external/py2-numpy/1.6.1-cms8/lib/python2.7/site-packages:/cvmfs/cms.cern.ch/slc5_amd64_gcc472/external/py2-lint/0.25.1-cms6/lib/python2.7/site-packages:/cvmfs/cms.cern.ch/slc5_amd64_gcc472/external/py2-ipython/0.10-cms6/lib/python2.7/site-packages:/cvmfs/cms.cern.ch/slc5_amd64_gcc472/external/py2-cx-oracle/5.1-cms7/lib/python2.7/site-packages:/cvmfs/cms.cern.ch/slc5_amd64_gcc472/external/py2-cjson/1.0.5-cms6/lib/python2.7/site-packages:/cvmfs/cms.cern.ch/slc5_amd64_gcc472/cms/das-client/1.11.7/bin:/cvmfs/cms.cern.ch/slc5_amd64_gcc472/external/elementtree/1.2.6-cms6/share/lib/python2.7/site-packages:/cvmfs/cms.cern.ch/slc5_amd64_gcc472/external/rivet/1.8.2-cms8/lib/python2.7/site-packages:/cvmfs/cms.cern.ch/slc5_amd64_gcc472/external/pyminuit2/0.0.1-cms19/lib/python2.7/site-packages:/cvmfs/cms.cern.ch/slc5_amd64_gcc472/external/py2-pygithub/1.23.0/lib/python2.7/site-packages:/cvmfs/cms.cern.ch/slc5_amd64_gcc472/external/professor/1.0.0-cms19/lib/python2.7/site-packages:/cvmfs/cms.cern.ch/slc5_amd64_gcc472/lcg/root/5.34.07-cms/lib:/cvmfs/cms.cern.ch/slc5_amd64_gcc472/cms/dbs-client/DBS_2_1_9-cms5/lib:/cvmfs/cms.cern.ch/slc5_amd64_gcc472/cms/dbs-client/DBS_2_1_9-cms5/lib/DBSAPI:/cvmfs/cms.cern.ch/slc5_amd64_gcc472/external/cvs2git/5419-cms/lib:/home/cms015/home_cream_125687670/CREAM125687670/glide_jTVDTD/execute/dir_9873/
 
# LIMITS USED BY CRAB WATCHDOG:
# RSS  (KBytes)   : 2300000
# VSZ  (KBytes)   : 100000000
# DISK (MBytes)   : 19000
# CPU TIME        : 720h:0m:0s
# WALL CLOCK TIME : 21h:50m:0s
 
5854dd31cbd3cdec44c48628cc181cf0
PSETHASH = 5854dd31cbd3cdec44c48628cc181cf0
/home/cms015/home_cream_125687670/CREAM125687670/glide_jTVDTD/execute/dir_9873/writeCfg.py pset.py pset.py
Importing .py file
Setting parameters
RandomNumberGeneratorService found, will attempt to change seeds
inputBlocks=/calabria_SingleMuPt50_GEN-SIM-DIGI-RECO_CMSSW_6_2_0_SLHC12_2023Scenario_Case2/calabria-calabria_SingleMuPt50_GEN-SIM-DIGI-RECO_CMSSW_6_2_0_SLHC12_2023Scenario_Case2-cd3731874e2e70f741b687550e03a01f/USER#a6420e86-cb5e-427b-a803-654902cdc3f8
inputFiles=/store/user/calabria/calabria_SingleMuPt50_GEN-SIM-DIGI-RECO_CMSSW_6_2_0_SLHC12_2023Scenario_Case2/calabria_SingleMuPt50_GEN-SIM-DIGI-RECO_CMSSW_6_2_0_SLHC12_2023Scenario_Case2/cd3731874e2e70f741b687550e03a01f/out_reco_238_1_tgf.root;/store/user/calabria/calabria_SingleMuPt50_GEN-SIM-DIGI-RECO_CMSSW_6_2_0_SLHC12_2023Scenario_Case2/calabria_SingleMuPt50_GEN-SIM-DIGI-RECO_CMSSW_6_2_0_SLHC12_2023Scenario_Case2/cd3731874e2e70f741b687550e03a01f/out_reco_239_1_KRE.root;/store/user/calabria/calabria_SingleMuPt50_GEN-SIM-DIGI-RECO_CMSSW_6_2_0_SLHC12_2023Scenario_Case2/calabria_SingleMuPt50_GEN-SIM-DIGI-RECO_CMSSW_6_2_0_SLHC12_2023Scenario_Case2/cd3731874e2e70f741b687550e03a01f/out_reco_240_1_LxK.root;/store/user/calabria/calabria_SingleMuPt50_GEN-SIM-DIGI-RECO_CMSSW_6_2_0_SLHC12_2023Scenario_Case2/calabria_SingleMuPt50_GEN-SIM-DIGI-RECO_CMSSW_6_2_0_SLHC12_2023Scenario_Case2/cd3731874e2e70f741b687550e03a01f/out_reco_241_1_DUb.root;/store/user/calabria/calabria_SingleMuPt50_GEN-SIM-DIGI-RECO_CMSSW_6_2_0_SLHC12_2023Scenario_Case2/calabria_SingleMuPt50_GEN-SIM-DIGI-RECO_CMSSW_6_2_0_SLHC12_2023Scenario_Case2/cd3731874e2e70f741b687550e03a01f/out_reco_243_1_SEz.root;/store/user/calabria/calabria_SingleMuPt50_GEN-SIM-DIGI-RECO_CMSSW_6_2_0_SLHC12_2023Scenario_Case2/calabria_SingleMuPt50_GEN-SIM-DIGI-RECO_CMSSW_6_2_0_SLHC12_2023Scenario_Case2/cd3731874e2e70f741b687550e03a01f/out_reco_244_1_nq4.root;/store/user/calabria/calabria_SingleMuPt50_GEN-SIM-DIGI-RECO_CMSSW_6_2_0_SLHC12_2023Scenario_Case2/calabria_SingleMuPt50_GEN-SIM-DIGI-RECO_CMSSW_6_2_0_SLHC12_2023Scenario_Case2/cd3731874e2e70f741b687550e03a01f/out_reco_247_1_RqS.root;/store/user/calabria/calabria_SingleMuPt50_GEN-SIM-DIGI-RECO_CMSSW_6_2_0_SLHC12_2023Scenario_Case2/calabria_SingleMuPt50_GEN-SIM-DIGI-RECO_CMSSW_6_2_0_SLHC12_2023Scenario_Case2/cd3731874e2e70f741b687550e03a01f/out_reco_248_1_zWd.root;/store/user/calabria/calabria_SingleMuPt50_GEN-SIM-DIGI-RECO_CMSSW_6_2_0_SLHC12_2023Scenario_Case2/calabria_SingleMuPt50_GEN-SIM-DIGI-RECO_CMSSW_6_2_0_SLHC12_2023Scenario_Case2/cd3731874e2e70f741b687550e03a01f/out_reco_249_1_QaP.root;/store/user/calabria/calabria_SingleMuPt50_GEN-SIM-DIGI-RECO_CMSSW_6_2_0_SLHC12_2023Scenario_Case2/calabria_SingleMuPt50_GEN-SIM-DIGI-RECO_CMSSW_6_2_0_SLHC12_2023Scenario_Case2/cd3731874e2e70f741b687550e03a01f/out_reco_252_1_GUT.root
parentFiles=
lumisRange=
>>> Executable cmsRun
/cvmfs/cms.cern.ch/slc5_amd64_gcc472/cms/cmssw/CMSSW_6_2_0_SLHC12/bin/slc5_amd64_gcc472/cmsRun
ok executable found
>>> info for dashboard:
***** Cat /home/cms015/home_cream_125687670/CREAM125687670/glide_jTVDTD/execute/dir_9873/jobreport.txt *****
MonitorJobID=20_https://submit-6.t2.ucsd.edu//140616//168558.19
MonitorID=calabria_MuMinus50_Case2_ReReco_ntj186
ExeStart=cmsRun
***** End Cat jobreport *****
Parameters sent to Dashboard.
>>> cmsRun started at Tue Jun 17 23:33:26 UTC 2014
>>> cmsRun ended at Tue Jun 17 23:37:48 UTC 2014
>>> crab_fjr_*.xml  permission set to 0704
>>> info for dashboard:
***** Cat /home/cms015/home_cream_125687670/CREAM125687670/glide_jTVDTD/execute/dir_9873/jobreport.txt *****
MonitorJobID=20_https://submit-6.t2.ucsd.edu//140616//168558.19
MonitorID=calabria_MuMinus50_Case2_ReReco_ntj186
ExeEnd=cmsRun
***** End Cat jobreport *****
Parameters sent to Dashboard.
TIME_EXE = 262 sec
>>> cmsRun wrote 50 lines of stdout+stderr
>>> START OF printout of 50 lines from stdout+stderr
271 DQMStore::DQMStore 
HcalTopologyIdealEP::HcalTopologyIdealEP
18-Jun-2014 01:33:40 CEST  Initiating request to open file file:/lustre/cms//store/user/calabria/calabria_SingleMuPt50_GEN-SIM-DIGI-RECO_CMSSW_6_2_0_SLHC12_2023Scenario_Case2/calabria_SingleMuPt50_GEN-SIM-DIGI-RECO_CMSSW_6_2_0_SLHC12_2023Scenario_Case2/cd3731874e2e70f741b687550e03a01f/out_reco_238_1_tgf.root
18-Jun-2014 01:33:42 CEST  Successfully opened file file:/lustre/cms//store/user/calabria/calabria_SingleMuPt50_GEN-SIM-DIGI-RECO_CMSSW_6_2_0_SLHC12_2023Scenario_Case2/calabria_SingleMuPt50_GEN-SIM-DIGI-RECO_CMSSW_6_2_0_SLHC12_2023Scenario_Case2/cd3731874e2e70f741b687550e03a01f/out_reco_238_1_tgf.root
18-Jun-2014 01:34:06 CEST  Closed file file:/lustre/cms//store/user/calabria/calabria_SingleMuPt50_GEN-SIM-DIGI-RECO_CMSSW_6_2_0_SLHC12_2023Scenario_Case2/calabria_SingleMuPt50_GEN-SIM-DIGI-RECO_CMSSW_6_2_0_SLHC12_2023Scenario_Case2/cd3731874e2e70f741b687550e03a01f/out_reco_238_1_tgf.root
18-Jun-2014 01:34:06 CEST  Initiating request to open file file:/lustre/cms//store/user/calabria/calabria_SingleMuPt50_GEN-SIM-DIGI-RECO_CMSSW_6_2_0_SLHC12_2023Scenario_Case2/calabria_SingleMuPt50_GEN-SIM-DIGI-RECO_CMSSW_6_2_0_SLHC12_2023Scenario_Case2/cd3731874e2e70f741b687550e03a01f/out_reco_239_1_KRE.root
18-Jun-2014 01:34:06 CEST  Successfully opened file file:/lustre/cms//store/user/calabria/calabria_SingleMuPt50_GEN-SIM-DIGI-RECO_CMSSW_6_2_0_SLHC12_2023Scenario_Case2/calabria_SingleMuPt50_GEN-SIM-DIGI-RECO_CMSSW_6_2_0_SLHC12_2023Scenario_Case2/cd3731874e2e70f741b687550e03a01f/out_reco_239_1_KRE.root
18-Jun-2014 01:34:31 CEST  Closed file file:/lustre/cms//store/user/calabria/calabria_SingleMuPt50_GEN-SIM-DIGI-RECO_CMSSW_6_2_0_SLHC12_2023Scenario_Case2/calabria_SingleMuPt50_GEN-SIM-DIGI-RECO_CMSSW_6_2_0_SLHC12_2023Scenario_Case2/cd3731874e2e70f741b687550e03a01f/out_reco_239_1_KRE.root
18-Jun-2014 01:34:31 CEST  Initiating request to open file file:/lustre/cms//store/user/calabria/calabria_SingleMuPt50_GEN-SIM-DIGI-RECO_CMSSW_6_2_0_SLHC12_2023Scenario_Case2/calabria_SingleMuPt50_GEN-SIM-DIGI-RECO_CMSSW_6_2_0_SLHC12_2023Scenario_Case2/cd3731874e2e70f741b687550e03a01f/out_reco_240_1_LxK.root
18-Jun-2014 01:34:31 CEST  Successfully opened file file:/lustre/cms//store/user/calabria/calabria_SingleMuPt50_GEN-SIM-DIGI-RECO_CMSSW_6_2_0_SLHC12_2023Scenario_Case2/calabria_SingleMuPt50_GEN-SIM-DIGI-RECO_CMSSW_6_2_0_SLHC12_2023Scenario_Case2/cd3731874e2e70f741b687550e03a01f/out_reco_240_1_LxK.root
18-Jun-2014 01:34:54 CEST  Closed file file:/lustre/cms//store/user/calabria/calabria_SingleMuPt50_GEN-SIM-DIGI-RECO_CMSSW_6_2_0_SLHC12_2023Scenario_Case2/calabria_SingleMuPt50_GEN-SIM-DIGI-RECO_CMSSW_6_2_0_SLHC12_2023Scenario_Case2/cd3731874e2e70f741b687550e03a01f/out_reco_240_1_LxK.root
18-Jun-2014 01:34:54 CEST  Initiating request to open file file:/lustre/cms//store/user/calabria/calabria_SingleMuPt50_GEN-SIM-DIGI-RECO_CMSSW_6_2_0_SLHC12_2023Scenario_Case2/calabria_SingleMuPt50_GEN-SIM-DIGI-RECO_CMSSW_6_2_0_SLHC12_2023Scenario_Case2/cd3731874e2e70f741b687550e03a01f/out_reco_241_1_DUb.root
18-Jun-2014 01:34:55 CEST  Successfully opened file file:/lustre/cms//store/user/calabria/calabria_SingleMuPt50_GEN-SIM-DIGI-RECO_CMSSW_6_2_0_SLHC12_2023Scenario_Case2/calabria_SingleMuPt50_GEN-SIM-DIGI-RECO_CMSSW_6_2_0_SLHC12_2023Scenario_Case2/cd3731874e2e70f741b687550e03a01f/out_reco_241_1_DUb.root
18-Jun-2014 01:35:17 CEST  Closed file file:/lustre/cms//store/user/calabria/calabria_SingleMuPt50_GEN-SIM-DIGI-RECO_CMSSW_6_2_0_SLHC12_2023Scenario_Case2/calabria_SingleMuPt50_GEN-SIM-DIGI-RECO_CMSSW_6_2_0_SLHC12_2023Scenario_Case2/cd3731874e2e70f741b687550e03a01f/out_reco_241_1_DUb.root
18-Jun-2014 01:35:17 CEST  Initiating request to open file file:/lustre/cms//store/user/calabria/calabria_SingleMuPt50_GEN-SIM-DIGI-RECO_CMSSW_6_2_0_SLHC12_2023Scenario_Case2/calabria_SingleMuPt50_GEN-SIM-DIGI-RECO_CMSSW_6_2_0_SLHC12_2023Scenario_Case2/cd3731874e2e70f741b687550e03a01f/out_reco_243_1_SEz.root
18-Jun-2014 01:35:18 CEST  Successfully opened file file:/lustre/cms//store/user/calabria/calabria_SingleMuPt50_GEN-SIM-DIGI-RECO_CMSSW_6_2_0_SLHC12_2023Scenario_Case2/calabria_SingleMuPt50_GEN-SIM-DIGI-RECO_CMSSW_6_2_0_SLHC12_2023Scenario_Case2/cd3731874e2e70f741b687550e03a01f/out_reco_243_1_SEz.root
18-Jun-2014 01:35:40 CEST  Closed file file:/lustre/cms//store/user/calabria/calabria_SingleMuPt50_GEN-SIM-DIGI-RECO_CMSSW_6_2_0_SLHC12_2023Scenario_Case2/calabria_SingleMuPt50_GEN-SIM-DIGI-RECO_CMSSW_6_2_0_SLHC12_2023Scenario_Case2/cd3731874e2e70f741b687550e03a01f/out_reco_243_1_SEz.root
18-Jun-2014 01:35:40 CEST  Initiating request to open file file:/lustre/cms//store/user/calabria/calabria_SingleMuPt50_GEN-SIM-DIGI-RECO_CMSSW_6_2_0_SLHC12_2023Scenario_Case2/calabria_SingleMuPt50_GEN-SIM-DIGI-RECO_CMSSW_6_2_0_SLHC12_2023Scenario_Case2/cd3731874e2e70f741b687550e03a01f/out_reco_244_1_nq4.root
18-Jun-2014 01:35:40 CEST  Successfully opened file file:/lustre/cms//store/user/calabria/calabria_SingleMuPt50_GEN-SIM-DIGI-RECO_CMSSW_6_2_0_SLHC12_2023Scenario_Case2/calabria_SingleMuPt50_GEN-SIM-DIGI-RECO_CMSSW_6_2_0_SLHC12_2023Scenario_Case2/cd3731874e2e70f741b687550e03a01f/out_reco_244_1_nq4.root
18-Jun-2014 01:36:04 CEST  Closed file file:/lustre/cms//store/user/calabria/calabria_SingleMuPt50_GEN-SIM-DIGI-RECO_CMSSW_6_2_0_SLHC12_2023Scenario_Case2/calabria_SingleMuPt50_GEN-SIM-DIGI-RECO_CMSSW_6_2_0_SLHC12_2023Scenario_Case2/cd3731874e2e70f741b687550e03a01f/out_reco_244_1_nq4.root
18-Jun-2014 01:36:04 CEST  Initiating request to open file file:/lustre/cms//store/user/calabria/calabria_SingleMuPt50_GEN-SIM-DIGI-RECO_CMSSW_6_2_0_SLHC12_2023Scenario_Case2/calabria_SingleMuPt50_GEN-SIM-DIGI-RECO_CMSSW_6_2_0_SLHC12_2023Scenario_Case2/cd3731874e2e70f741b687550e03a01f/out_reco_247_1_RqS.root
18-Jun-2014 01:36:04 CEST  Successfully opened file file:/lustre/cms//store/user/calabria/calabria_SingleMuPt50_GEN-SIM-DIGI-RECO_CMSSW_6_2_0_SLHC12_2023Scenario_Case2/calabria_SingleMuPt50_GEN-SIM-DIGI-RECO_CMSSW_6_2_0_SLHC12_2023Scenario_Case2/cd3731874e2e70f741b687550e03a01f/out_reco_247_1_RqS.root
18-Jun-2014 01:36:29 CEST  Closed file file:/lustre/cms//store/user/calabria/calabria_SingleMuPt50_GEN-SIM-DIGI-RECO_CMSSW_6_2_0_SLHC12_2023Scenario_Case2/calabria_SingleMuPt50_GEN-SIM-DIGI-RECO_CMSSW_6_2_0_SLHC12_2023Scenario_Case2/cd3731874e2e70f741b687550e03a01f/out_reco_247_1_RqS.root
18-Jun-2014 01:36:29 CEST  Initiating request to open file file:/lustre/cms//store/user/calabria/calabria_SingleMuPt50_GEN-SIM-DIGI-RECO_CMSSW_6_2_0_SLHC12_2023Scenario_Case2/calabria_SingleMuPt50_GEN-SIM-DIGI-RECO_CMSSW_6_2_0_SLHC12_2023Scenario_Case2/cd3731874e2e70f741b687550e03a01f/out_reco_248_1_zWd.root
18-Jun-2014 01:36:29 CEST  Successfully opened file file:/lustre/cms//store/user/calabria/calabria_SingleMuPt50_GEN-SIM-DIGI-RECO_CMSSW_6_2_0_SLHC12_2023Scenario_Case2/calabria_SingleMuPt50_GEN-SIM-DIGI-RECO_CMSSW_6_2_0_SLHC12_2023Scenario_Case2/cd3731874e2e70f741b687550e03a01f/out_reco_248_1_zWd.root
18-Jun-2014 01:36:53 CEST  Closed file file:/lustre/cms//store/user/calabria/calabria_SingleMuPt50_GEN-SIM-DIGI-RECO_CMSSW_6_2_0_SLHC12_2023Scenario_Case2/calabria_SingleMuPt50_GEN-SIM-DIGI-RECO_CMSSW_6_2_0_SLHC12_2023Scenario_Case2/cd3731874e2e70f741b687550e03a01f/out_reco_248_1_zWd.root
18-Jun-2014 01:36:53 CEST  Initiating request to open file file:/lustre/cms//store/user/calabria/calabria_SingleMuPt50_GEN-SIM-DIGI-RECO_CMSSW_6_2_0_SLHC12_2023Scenario_Case2/calabria_SingleMuPt50_GEN-SIM-DIGI-RECO_CMSSW_6_2_0_SLHC12_2023Scenario_Case2/cd3731874e2e70f741b687550e03a01f/out_reco_249_1_QaP.root
18-Jun-2014 01:36:53 CEST  Successfully opened file file:/lustre/cms//store/user/calabria/calabria_SingleMuPt50_GEN-SIM-DIGI-RECO_CMSSW_6_2_0_SLHC12_2023Scenario_Case2/calabria_SingleMuPt50_GEN-SIM-DIGI-RECO_CMSSW_6_2_0_SLHC12_2023Scenario_Case2/cd3731874e2e70f741b687550e03a01f/out_reco_249_1_QaP.root
18-Jun-2014 01:37:18 CEST  Closed file file:/lustre/cms//store/user/calabria/calabria_SingleMuPt50_GEN-SIM-DIGI-RECO_CMSSW_6_2_0_SLHC12_2023Scenario_Case2/calabria_SingleMuPt50_GEN-SIM-DIGI-RECO_CMSSW_6_2_0_SLHC12_2023Scenario_Case2/cd3731874e2e70f741b687550e03a01f/out_reco_249_1_QaP.root
18-Jun-2014 01:37:18 CEST  Initiating request to open file file:/lustre/cms//store/user/calabria/calabria_SingleMuPt50_GEN-SIM-DIGI-RECO_CMSSW_6_2_0_SLHC12_2023Scenario_Case2/calabria_SingleMuPt50_GEN-SIM-DIGI-RECO_CMSSW_6_2_0_SLHC12_2023Scenario_Case2/cd3731874e2e70f741b687550e03a01f/out_reco_252_1_GUT.root
18-Jun-2014 01:37:18 CEST  Successfully opened file file:/lustre/cms//store/user/calabria/calabria_SingleMuPt50_GEN-SIM-DIGI-RECO_CMSSW_6_2_0_SLHC12_2023Scenario_Case2/calabria_SingleMuPt50_GEN-SIM-DIGI-RECO_CMSSW_6_2_0_SLHC12_2023Scenario_Case2/cd3731874e2e70f741b687550e03a01f/out_reco_252_1_GUT.root
18-Jun-2014 01:37:47 CEST  Closed file file:/lustre/cms//store/user/calabria/calabria_SingleMuPt50_GEN-SIM-DIGI-RECO_CMSSW_6_2_0_SLHC12_2023Scenario_Case2/calabria_SingleMuPt50_GEN-SIM-DIGI-RECO_CMSSW_6_2_0_SLHC12_2023Scenario_Case2/cd3731874e2e70f741b687550e03a01f/out_reco_252_1_GUT.root

=============================================

MessageLogger Summary

 type     category        sev    module        subroutine        count    total
 ---- -------------------- -- ---------------- ----------------  -----    -----
    1 fileAction           -s file_close                            10       10
    2 fileAction           -s file_open                             20       20

 type    category    Examples: run/evt        run/evt          run/evt
 ---- -------------------- ---------------- ---------------- ----------------
    1 fileAction           PostProcessEvent PostProcessEvent PostEndRun
    2 fileAction           pre-events       pre-events       PostProcessEvent

Severity    # Occurrences   Total Occurrences
--------    -------------   -----------------
System                 30                  30
>>> END OF printout of 50 lines from stdout+stderr
>>> Parse FrameworkJobReport crab_fjr.xml
Result of parsing the FrameworkJobReport crab_fjr.xml: Popularity start
lumisRange : 1::::1;1::::2;1::::3;1::::4;1::::5;1::::6;1::::7;1::::8;1::::9;1::::10;
lumisParentRange : 
Basename : /store/user/calabria/calabria_SingleMuPt50_GEN-SIM-DIGI-RECO_CMSSW_6_2_0_SLHC12_2023Scenario_Case2/calabria_SingleMuPt50_GEN-SIM-DIGI-RECO_CMSSW_6_2_0_SLHC12_2023Scenario_Case2/cd3731874e2e70f741b687550e03a01f/out_reco_2
BasenameParent : 
parentFiles : 
inputBlocks : /calabria_SingleMuPt50_GEN-SIM-DIGI-RECO_CMSSW_6_2_0_SLHC12_2023Scenario_Case2/calabria-calabria_SingleMuPt50_GEN-SIM-DIGI-RECO_CMSSW_6_2_0_SLHC12_2023Scenario_Case2-cd3731874e2e70f741b687550e03a01f/USER#a6420e86-cb5e-427b-a803-654902cdc3f8
inputFiles : 43_1_SEz.root::1::EDM::Local::1;40_1_LxK.root::1::EDM::Local::2;38_1_tgf.root::1::EDM::Local::3;44_1_nq4.root::1::EDM::Local::4;52_1_GUT.root::1::EDM::Local::5;39_1_KRE.root::1::EDM::Local::6;49_1_QaP.root::1::EDM::Local::7;41_1_DUb.root::1::EDM::Local::8;47_1_RqS.root::1::EDM::Local::9;48_1_zWd.root::1::EDM::Local::10;
Popularity stop
Extracted ExitStatus from FrameworkJobReport parsing output: 0
>>> Executable succeded  0
ExeExitCode=0
EXECUTABLE_EXIT_STATUS = 0
>>> current directory /home/cms015/home_cream_125687670/CREAM125687670/glide_jTVDTD/execute/dir_9873/CMSSW_6_2_0_SLHC12
>>>  (SOFTWARE_DIR): /home/cms015/home_cream_125687670/CREAM125687670/glide_jTVDTD/execute/dir_9873/CMSSW_6_2_0_SLHC12
>>> (WORKING_DIR): 
>>> current directory content:
total 10536
drwxr-xr-x 3 cms015 cms    4096 Jun 18 01:33 .SCRAM
-rw------- 1 cms015 cms 3740339 Jun 18 01:33 CMSSW.py.pkl
drwxr-xr-x 3 cms015 cms    4096 Jun 18 01:33 bin
drwxr-xr-x 3 cms015 cms    4096 Jun 18 01:33 cfipython
drwxr-xr-x 4 cms015 cms    4096 Jun 18 01:33 config
-rw------- 1 cms015 cms      16 Jun 18 01:37 cpu_timing.txt
drwxr-xr-x 2 cms015 cms    4096 Jun 18 01:33 doc
-rw------- 1 cms015 cms    9925 Jun 18 01:37 executable.out
drwxr-xr-x 2 cms015 cms    4096 Jun 18 01:33 include
drwx------ 3 cms015 cms    4096 Apr 28 18:12 lib
drwxr-xr-x 3 cms015 cms    4096 Jun 18 01:33 logs
drwxr-xr-x 3 cms015 cms    4096 Jun 18 01:33 objs
-rw------- 1 cms015 cms     104 Jun 18 01:33 pset.py
-rw------- 1 cms015 cms 3712309 Jun 18 01:33 pset.py.pkl
-rw------- 1 cms015 cms     289 Jun 18 01:33 pset.pyc
drwxr-xr-x 2 cms015 cms    4096 Jun 18 01:33 python
-rw------- 1 cms015 cms     410 Jun 18 01:37 report.log
drwx------ 6 cms015 cms    4096 Jun 18 01:33 src
drwxr-xr-x 3 cms015 cms    4096 Jun 18 01:33 test
drwxr-xr-x 3 cms015 cms    4096 Jun 18 01:33 tmp
-rw------- 1 cms015 cms 3233754 Jun 18 01:37 validationEDM.root
>>> current directory /home/cms015/home_cream_125687670/CREAM125687670/glide_jTVDTD/execute/dir_9873/CMSSW_6_2_0_SLHC12
>>> (SOFTWARE_DIR): /home/cms015/home_cream_125687670/CREAM125687670/glide_jTVDTD/execute/dir_9873/CMSSW_6_2_0_SLHC12
>>> (WORKING_DIR): 
>>> current directory content:
total 10536
drwxr-xr-x 3 cms015 cms    4096 Jun 18 01:33 .SCRAM
-rw------- 1 cms015 cms 3740339 Jun 18 01:33 CMSSW.py.pkl
drwxr-xr-x 3 cms015 cms    4096 Jun 18 01:33 bin
drwxr-xr-x 3 cms015 cms    4096 Jun 18 01:33 cfipython
drwxr-xr-x 4 cms015 cms    4096 Jun 18 01:33 config
-rw------- 1 cms015 cms      16 Jun 18 01:37 cpu_timing.txt
drwxr-xr-x 2 cms015 cms    4096 Jun 18 01:33 doc
-rw------- 1 cms015 cms    9925 Jun 18 01:37 executable.out
drwxr-xr-x 2 cms015 cms    4096 Jun 18 01:33 include
drwx------ 3 cms015 cms    4096 Apr 28 18:12 lib
drwxr-xr-x 3 cms015 cms    4096 Jun 18 01:33 logs
drwxr-xr-x 3 cms015 cms    4096 Jun 18 01:33 objs
-rw------- 1 cms015 cms     104 Jun 18 01:33 pset.py
-rw------- 1 cms015 cms 3712309 Jun 18 01:33 pset.py.pkl
-rw------- 1 cms015 cms     289 Jun 18 01:33 pset.pyc
drwxr-xr-x 2 cms015 cms    4096 Jun 18 01:33 python
-rw------- 1 cms015 cms     410 Jun 18 01:37 report.log
drwx------ 6 cms015 cms    4096 Jun 18 01:33 src
drwxr-xr-x 3 cms015 cms    4096 Jun 18 01:33 test
drwxr-xr-x 3 cms015 cms    4096 Jun 18 01:33 tmp
-rw------- 1 cms015 cms 3233754 Jun 18 01:37 validationEDM_20_1_8t1.root
>>> current directory (RUNTIME_AREA):  /home/cms015/home_cream_125687670/CREAM125687670/glide_jTVDTD/execute/dir_9873
SE = storm-se-01.ba.infn.it
SE_PATH = /srm/managerv2?SFN=//cms/store/user/calabria/calabria_SingleMuPt50_GEN-SIM-DIGI-RECO_CMSSW_6_2_0_SLHC12_2023Scenario_Case2/calabria_MuMinus50_GEN-SIM-DIGI-RECO_CMSSW_6_2_0_SLHC12_2023Scenario_VALNOPU2_Case2/5854dd31cbd3cdec44c48628cc181cf0/
LFNBaseName = /store/user/calabria/calabria_SingleMuPt50_GEN-SIM-DIGI-RECO_CMSSW_6_2_0_SLHC12_2023Scenario_Case2/calabria_MuMinus50_GEN-SIM-DIGI-RECO_CMSSW_6_2_0_SLHC12_2023Scenario_VALNOPU2_Case2/5854dd31cbd3cdec44c48628cc181cf0/
USER = calabria
endpoint = srm://storm-se-01.ba.infn.it:8444/srm/managerv2?SFN=//cms/store/user/calabria/calabria_SingleMuPt50_GEN-SIM-DIGI-RECO_CMSSW_6_2_0_SLHC12_2023Scenario_Case2/calabria_MuMinus50_GEN-SIM-DIGI-RECO_CMSSW_6_2_0_SLHC12_2023Scenario_VALNOPU2_Case2/5854dd31cbd3cdec44c48628cc181cf0/
>>> Copy output files from WN = pccms139.ba.infn.it to /srm/managerv2?SFN=//cms/store/user/calabria/calabria_SingleMuPt50_GEN-SIM-DIGI-RECO_CMSSW_6_2_0_SLHC12_2023Scenario_Case2/calabria_MuMinus50_GEN-SIM-DIGI-RECO_CMSSW_6_2_0_SLHC12_2023Scenario_VALNOPU2_Case2/5854dd31cbd3cdec44c48628cc181cf0/ :
python cmscp.py  --destination srm://storm-se-01.ba.infn.it:8444/srm/managerv2?SFN=//cms/store/user/calabria/calabria_SingleMuPt50_GEN-SIM-DIGI-RECO_CMSSW_6_2_0_SLHC12_2023Scenario_Case2/calabria_MuMinus50_GEN-SIM-DIGI-RECO_CMSSW_6_2_0_SLHC12_2023Scenario_VALNOPU2_Case2/5854dd31cbd3cdec44c48628cc181cf0/ --inputFileList /home/cms015/home_cream_125687670/CREAM125687670/glide_jTVDTD/execute/dir_9873/CMSSW_6_2_0_SLHC12/validationEDM_20_1_8t1.root --middleware LCG --se_name storm-se-01.ba.infn.it --for_lfn /store/user/calabria/calabria_SingleMuPt50_GEN-SIM-DIGI-RECO_CMSSW_6_2_0_SLHC12_2023Scenario_Case2/calabria_MuMinus50_GEN-SIM-DIGI-RECO_CMSSW_6_2_0_SLHC12_2023Scenario_VALNOPU2_Case2/5854dd31cbd3cdec44c48628cc181cf0/    
******************************************************
localSeName  =  storm-se-01.ba.infn.it
remoteSeName =  storm-se-01.ba.infn.it
******************************************************
{"/home/cms015/home_cream_125687670/CREAM125687670/glide_jTVDTD/execute/dir_9873/CMSSW_6_2_0_SLHC12/validationEDM_20_1_8t1.root": {"endpoint": "srm://storm-se-01.ba.infn.it:8444/srm/managerv2?SFN=//cms/store/user/calabria/calabria_SingleMuPt50_GEN-SIM-DIGI-RECO_CMSSW_6_2_0_SLHC12_2023Scenario_Case2/calabria_MuMinus50_GEN-SIM-DIGI-RECO_CMSSW_6_2_0_SLHC12_2023Scenario_VALNOPU2_Case2/5854dd31cbd3cdec44c48628cc181cf0/", "surl_for_grid": "", "reason": "Copy succedeed with srm-lcg utils", "erCode": "0", "se_name": "storm-se-01.ba.infn.it", "for_lfn": "/store/user/calabria/calabria_SingleMuPt50_GEN-SIM-DIGI-RECO_CMSSW_6_2_0_SLHC12_2023Scenario_Case2/calabria_MuMinus50_GEN-SIM-DIGI-RECO_CMSSW_6_2_0_SLHC12_2023Scenario_VALNOPU2_Case2/5854dd31cbd3cdec44c48628cc181cf0/"}}/home/cms015/home_cream_125687670/CREAM125687670/glide_jTVDTD/execute/dir_9873
-------- cat /home/cms015/home_cream_125687670/CREAM125687670/glide_jTVDTD/execute/dir_9873/cmscpReport.sh 
#!/bin/bash
echo "Report for File: /home/cms015/home_cream_125687670/CREAM125687670/glide_jTVDTD/execute/dir_9873/CMSSW_6_2_0_SLHC12/validationEDM_20_1_8t1.root"
echo "LFN: /store/user/calabria/calabria_SingleMuPt50_GEN-SIM-DIGI-RECO_CMSSW_6_2_0_SLHC12_2023Scenario_Case2/calabria_MuMinus50_GEN-SIM-DIGI-RECO_CMSSW_6_2_0_SLHC12_2023Scenario_VALNOPU2_Case2/5854dd31cbd3cdec44c48628cc181cf0/validationEDM_20_1_8t1.root"
echo "StorageElement: storm-se-01.ba.infn.it"
echo "StageOutExitStatusReason = 'Copy succedeed with srm-lcg utils'" | tee -a $RUNTIME_AREA/$repo
echo "StageOutSE = storm-se-01.ba.infn.it" >> $RUNTIME_AREA/$repo

export StageOutExitStatus=0
echo "StageOutExitStatus = 0" | tee -a $RUNTIME_AREA/$repo
-------- end of /home/cms015/home_cream_125687670/CREAM125687670/glide_jTVDTD/execute/dir_9873/cmscpReport.sh 
Report for File: /home/cms015/home_cream_125687670/CREAM125687670/glide_jTVDTD/execute/dir_9873/CMSSW_6_2_0_SLHC12/validationEDM_20_1_8t1.root
LFN: /store/user/calabria/calabria_SingleMuPt50_GEN-SIM-DIGI-RECO_CMSSW_6_2_0_SLHC12_2023Scenario_Case2/calabria_MuMinus50_GEN-SIM-DIGI-RECO_CMSSW_6_2_0_SLHC12_2023Scenario_VALNOPU2_Case2/5854dd31cbd3cdec44c48628cc181cf0/validationEDM_20_1_8t1.root
StorageElement: storm-se-01.ba.infn.it
StageOutExitStatusReason = 'Copy succedeed with srm-lcg utils'
StageOutExitStatus = 0
>>> current dir: /home/cms015/home_cream_125687670/CREAM125687670/glide_jTVDTD/execute/dir_9873
>>> current dir content:
total 28080
-rw-------  1 cms015 cms     2778 Jun 18 01:38 .SEinteraction.log
-rwx------  1 cms015 cms     6795 Jun 18 01:32 .job.ad
-rwx------  1 cms015 cms     9296 Jun 18 01:32 .machine.ad
-rw-------  1 cms015 cms      105 Jun 16 20:36 CMSSW.py
-rw-------  1 cms015 cms  3740339 Jun 16 20:36 CMSSW.py.pkl
-rwx------  1 cms015 cms    29556 Jun 18 01:33 CMSSW.sh
drwxr-xr-x 15 cms015 cms     4096 Jun 18 01:37 CMSSW_6_2_0_SLHC12
-rw-------  1 cms015 cms      219 Jun 18 01:33 CacheEnv.sh
-rw-------  1 cms015 cms     7291 Apr  4 11:04 DashboardAPI.py
-rw-------  1 cms015 cms     6800 Jun 18 01:33 DashboardAPI.pyc
drwx------  2 cms015 cms     4096 Jun 18 01:37 IMProv
-rw-------  1 cms015 cms     2748 Apr  4 11:04 Logger.py
-rw-------  1 cms015 cms     3342 Jun 18 01:33 Logger.pyc
-rw-------  1 cms015 cms    24524 Apr  4 11:04 ProcInfo.py
-rw-------  1 cms015 cms    23173 Jun 18 01:33 ProcInfo.pyc
drwx------  7 cms015 cms     4096 Jun 18 01:33 ProdCommon
drwx------  3 cms015 cms     4096 Jun 18 01:33 WMCore
-rw-------  1 cms015 cms     1869 Jun 18 01:38 Watchdog_20.log
-rwx------  1 cms015 cms        0 Jun 18 01:33 _condor_stderr
-rwx---r--  1 cms015 cms    29386 Jun 18 01:38 _condor_stdout
-rw-------  1 cms015 cms    32895 Apr  4 11:04 apmon.py
-rw-------  1 cms015 cms    28596 Jun 18 01:33 apmon.pyc
-rwx------  1 cms015 cms    53790 Jun 18 01:33 arguments.xml
-rwx------  1 cms015 cms    38515 Apr  4 11:04 cmscp.py
-rw-------  1 cms015 cms      717 Jun 18 01:38 cmscpReport.sh
-rwx------  1 cms015 cms    29556 Jun 18 01:33 condor_exec.exe
-rw-------  1 cms015 cms      958 Jun 16 20:36 crab.cfg
-rwx------  1 cms015 cms     8610 Apr  4 11:04 crabWatchdog.sh
-rwx---r--  1 cms015 cms   523220 Jun 18 01:37 crab_fjr_20.xml
-rwx------  1 cms015 cms 23958456 Jun 18 01:33 default.tgz
-rwx------  1 cms015 cms     4488 Apr  4 11:04 fillCrabFjr.py
-rw-------  1 cms015 cms     2629 Jun 18 01:33 inputsReport.txt
-rw-------  1 cms015 cms      261 Jun 18 01:38 jobreport.txt
-rw-------  1 cms015 cms    17352 Apr  4 11:04 parseCrabFjr.py
-rw-------  1 cms015 cms      329 Jun 18 01:33 report.log
-rwx--x--x  1 cms015 cms     1497 Apr  4 11:04 report.py
-rw-------  1 cms015 cms      771 Jun 18 01:38 resultCopyFile
lrwxrwxrwx  1 cms015 cms      125 Jun 18 01:37 validationEDM.root -> /home/cms015/home_cream_125687670/CREAM125687670/glide_jTVDTD/execute/dir_9873/CMSSW_6_2_0_SLHC12/validationEDM_20_1_8t1.root
-rwx------  1 cms015 cms     8387 Apr  4 11:04 writeCfg.py
-rw-------  1 cms015 cms     8010 Jun 18 01:32 x509up_u50707
>>> Modify Job Report:
CMSSW_VERSION = CMSSW_6_2_0_SLHC12
ProcessedDataset = calabria_MuMinus50_GEN-SIM-DIGI-RECO_CMSSW_6_2_0_SLHC12_2023Scenario_VALNOPU2_Case2
/home/cms015/home_cream_125687670/CREAM125687670/glide_jTVDTD/execute/dir_9873/ProdCommon/FwkJobRep/ModifyJobReport.py fjr /home/cms015/home_cream_125687670/CREAM125687670/glide_jTVDTD/execute/dir_9873/crab_fjr_20.xml json /home/cms015/home_cream_125687670/CREAM125687670/glide_jTVDTD/execute/dir_9873/resultCopyFile n_job 20_1_8t1 PrimaryDataset calabria_SingleMuPt50_GEN-SIM-DIGI-RECO_CMSSW_6_2_0_SLHC12_2023Scenario_Case2  ApplicationFamily cmsRun ApplicationName cmsRun cmssw_version CMSSW_6_2_0_SLHC12 psethash 5854dd31cbd3cdec44c48628cc181cf0 UserProcessedDataset calabria-calabria_MuMinus50_GEN-SIM-DIGI-RECO_CMSSW_6_2_0_SLHC12_2023Scenario_VALNOPU2_Case2-5854dd31cbd3cdec44c48628cc181cf0
inputDict =  {u'/home/cms015/home_cream_125687670/CREAM125687670/glide_jTVDTD/execute/dir_9873/CMSSW_6_2_0_SLHC12/validationEDM_20_1_8t1.root': {u'endpoint': u'srm://storm-se-01.ba.infn.it:8444/srm/managerv2?SFN=//cms/store/user/calabria/calabria_SingleMuPt50_GEN-SIM-DIGI-RECO_CMSSW_6_2_0_SLHC12_2023Scenario_Case2/calabria_MuMinus50_GEN-SIM-DIGI-RECO_CMSSW_6_2_0_SLHC12_2023Scenario_VALNOPU2_Case2/5854dd31cbd3cdec44c48628cc181cf0/', u'surl_for_grid': u'', u'reason': u'Copy succedeed with srm-lcg utils', u'erCode': u'0', u'se_name': u'storm-se-01.ba.infn.it', u'for_lfn': u'/store/user/calabria/calabria_SingleMuPt50_GEN-SIM-DIGI-RECO_CMSSW_6_2_0_SLHC12_2023Scenario_Case2/calabria_MuMinus50_GEN-SIM-DIGI-RECO_CMSSW_6_2_0_SLHC12_2023Scenario_VALNOPU2_Case2/5854dd31cbd3cdec44c48628cc181cf0/'}}
UserProcessedDataset =  calabria-calabria_MuMinus50_GEN-SIM-DIGI-RECO_CMSSW_6_2_0_SLHC12_2023Scenario_VALNOPU2_Case2-5854dd31cbd3cdec44c48628cc181cf0
file_name in inputDict =  /home/cms015/home_cream_125687670/CREAM125687670/glide_jTVDTD/execute/dir_9873/CMSSW_6_2_0_SLHC12/validationEDM_20_1_8t1.root
(size) os.stat(filename)[6] =  3233754
checksum =  1854980499
    file =  validationEDM_20_1_8t1.root
    newPfn =  srm://storm-se-01.ba.infn.it:8444/srm/managerv2?SFN=//cms/store/user/calabria/calabria_SingleMuPt50_GEN-SIM-DIGI-RECO_CMSSW_6_2_0_SLHC12_2023Scenario_Case2/calabria_MuMinus50_GEN-SIM-DIGI-RECO_CMSSW_6_2_0_SLHC12_2023Scenario_VALNOPU2_Case2/5854dd31cbd3cdec44c48628cc181cf0/validationEDM_20_1_8t1.root
    newLfn =  /store/user/calabria/calabria_SingleMuPt50_GEN-SIM-DIGI-RECO_CMSSW_6_2_0_SLHC12_2023Scenario_Case2/calabria_MuMinus50_GEN-SIM-DIGI-RECO_CMSSW_6_2_0_SLHC12_2023Scenario_VALNOPU2_Case2/5854dd31cbd3cdec44c48628cc181cf0/validationEDM_20_1_8t1.root
>>> crab_fjr_*.xml  permission set to 0704
CrabWrapper EXIT_FUNC entered at Wed Jun 18 01:38:43 CEST 2014   -  Tue Jun 17 23:38:43 UTC 2014
Checking output files:  
will tar file crab_fjr_20.xml in  out_files_20
WARNING: output file CMSSW_20.stdout not found!
WARNING: output file CMSSW_20.stderr not found!
WARNING: output file Watchdog_20.log.gz not found!
>>> padding time: Sleeping the wrapper for 265 seconds
STOPPING WATCHDOG. CrabWatchdog PID is 10943
********** LAST 50 LINES OF WATCHDOG LOG
# RESOURCE USAGE SUMMARY FOR PROCESS ID 10755
USER       PID %CPU %MEM    VSZ   RSS TTY      STAT START   TIME COMMAND
cms015   10755  0.7  0.0   9496  1596 ?        S    01:33   0:00 /bin/sh /home/cms015/home_cream_125687670/CREAM125687670/glide_jTVDTD/execute/dir_9873/condor_exec.exe 20 1
 
# LIMITS USED BY CRAB WATCHDOG:
# RSS  (KBytes)   : 2300000
# VSZ  (KBytes)   : 100000000
# DISK (MBytes)   : 19000
# CPU TIME        : 720h:0m:0s
# WALL CLOCK TIME : 21h:50m:0s
 
# FOLLOWING PRINTOUT TRACKS MAXIMUM VALUES OF RESOURCES USE
# ONE LINE IS PRINTED EACH TIME A MAXIMUM CHANGES
# IF CHANGE WAS IN RSS OR VSZ ALSO PROCID AND COMMAND ARE PRINTED
# THERE IS NO PRINTOUT FOR CPU/WALL TIME INCREASE
 
# TIME			PID	RSS(KB)	VSZ(KB)	Dsk(MB)	tCPU(s)	tWALL(s)	COMMAND
 Jun 18 01:33:14 CEST	7877	1396	9364	0	0	0	/bin/bash /home/cms015/home_cream_125687670/CREAM125687670/glide_jTVDTD/main/condor_startup.sh glidein_config        
 Jun 18 01:33:14 CEST	9873	8416	93608	0	0	0	condor_starter -f submit-6.t2.ucsd.edu        
 Jun 18 01:33:14 CEST	10554	8724	93908	0	5	0	condor_startd -f         
 Jun 18 01:33:14 CEST	10955	49424	110576	0	1	1	edmConfigHash pset.py         
 Jun 18 01:33:14 CEST	---	49424	110576	171	----	----	----
 Jun 18 01:34:15 CEST	11260	784452	993980	171	34	61	cmsRun -j /home/cms015/home_cream_125687670/CREAM125687670/glide_jTVDTD/execute/dir_9873/crab_fjr_20.xml -p pset.py      
 Jun 18 01:34:15 CEST	---	784452	993980	175	----	----	----
 Jun 18 01:35:16 CEST	11260	807064	1014716	175	84	122	cmsRun -j /home/cms015/home_cream_125687670/CREAM125687670/glide_jTVDTD/execute/dir_9873/crab_fjr_20.xml -p pset.py      
 Jun 18 01:36:16 CEST	11260	820480	1023060	175	126	183	cmsRun -j /home/cms015/home_cream_125687670/CREAM125687670/glide_jTVDTD/execute/dir_9873/crab_fjr_20.xml -p pset.py      
 Jun 18 01:38:18 CEST	---	820480	1023060	179	----	----	----
********** WATCHDOG LOG ENDED
ZIPPING WATCHDOG LOG
Disk space used:
du -sh /home/cms015/home_cream_125687670/CREAM125687670/glide_jTVDTD/execute/dir_9873
179M	/home/cms015/home_cream_125687670/CREAM125687670/glide_jTVDTD/execute/dir_9873
Found unusual stdout, rename for OSB
`/home/cms015/home_cream_125687670/CREAM125687670/glide_jTVDTD/execute/dir_9873/_condor_stdout' -> `CMSSW_20.stdout'
Found unusual stderr, rename for OSB
`/home/cms015/home_cream_125687670/CREAM125687670/glide_jTVDTD/execute/dir_9873/_condor_stdout' -> `CMSSW_20.stderr'
crab_fjr_20.xml
CMSSW_20.stdout
CMSSW_20.stderr
Watchdog_20.log.gz
Total Output dimension: 69617
WARNING: output files size limit is set to: 50000000
Total Output dimension 69617 is fine.
JOB_EXIT_STATUS = 0
>>> info for dashboard:
***** Cat /home/cms015/home_cream_125687670/CREAM125687670/glide_jTVDTD/execute/dir_9873/jobreport.txt *****
MonitorJobID=20_https://submit-6.t2.ucsd.edu//140616//168558.19
MonitorID=calabria_MuMinus50_Case2_ReReco_ntj186
ExeTime=262
ExeExitCode=0
StageOutExitStatusReason = 'Copy succedeed with srm-lcg utils'
StageOutSE = storm-se-01.ba.infn.it
StageOutExitStatus = 0
CrabUserCpuTime=191.12
CrabSysCpuTime=4.85
CrabCpuPercentage=74%
CrabWrapperTime=600
CrabStageoutTime=49
JobExitCode=0
***** End Cat jobreport *****
Parameters sent to Dashboard.
EXITING at Wed Jun 18 01:43:13 CEST 2014  -  Tue Jun 17 23:43:13 UTC 2014
