This script was generated by crab (version 2.10.5_patch1).
Running /home/cms021/home_cream_128233595/CREAM128233595/glide_9KW1W5/execute/dir_24497/condor_exec.exe with 2 positional parameters: 10 1
Today is Wed Jun 18 01:32:59 CEST 2014 - Tue Jun 17 23:32:59 UTC 2014
Job submitted on host pccms130.ba.infn.it
Linux pccms130.ba.infn.it 2.6.32-358.23.2.el6.x86_64 #1 SMP Thu Oct 17 10:27:22 CEST 2013 x86_64 x86_64 x86_64 GNU/Linux
>>> current directory (RUNTIME_AREA): /home/cms021/home_cream_128233595/CREAM128233595/glide_9KW1W5/execute/dir_24497
>>> current user: uid=18547(cms021) gid=1399(cms) groups=1399(cms)
>>> directory permission set to 0700
>>> umask set to:  u=rwx,g=,o=
>>> stdout stderr permission set to 0704
>>> voms proxy information:
subject   : /C=IT/O=INFN/OU=Personal Certificate/L=Bari/CN=Cesare Calabria/CN=477126703/CN=1844936245
issuer    : /C=IT/O=INFN/OU=Personal Certificate/L=Bari/CN=Cesare Calabria/CN=477126703
identity  : /C=IT/O=INFN/OU=Personal Certificate/L=Bari/CN=Cesare Calabria
type      : RFC3820 compliant limited proxy
strength  : 1024
path      : /home/cms021/home_cream_128233595/CREAM128233595/glide_9KW1W5/execute/dir_24497/x509up_u50707
timeleft  : 23:59:45
key usage : Digital Signature, Key Encipherment, Data Encipherment
=== VO cms extension information ===
VO        : cms
subject   : /C=IT/O=INFN/OU=Personal Certificate/L=Bari/CN=Cesare Calabria
issuer    : /DC=ch/DC=cern/OU=computers/CN=voms.cern.ch
attribute : /cms/Role=NULL/Capability=NULL
attribute : /cms/itcms/Role=NULL/Capability=NULL
timeleft  : 153:51:17
uri       : voms.cern.ch:15002

WNHostName=pccms130.ba.infn.it
>>> tar --no-same-permissions -xf /home/cms021/home_cream_128233595/CREAM128233595/glide_9KW1W5/execute/dir_24497/default.tgz :
Successful untar
>>> Include /home/cms021/home_cream_128233595/CREAM128233595/glide_9KW1W5/execute/dir_24497 in PYTHONPATH:
strip arguments
env var CRAB_UNIQUE_JOB_ID set to: calabria_MuMinus50_Case2_ReReco_ntj186_10_1_n1f
out_files_10
>>> list of expected files on output sandbox
output files: crab_fjr_10.xml CMSSW_10.stdout CMSSW_10.stderr Watchdog_10.log.gz
>>> GridFlavour discovery: 
GridFlavour=LCG
>>> SyncSite discovery: 
SyncSite=T2_IT_Bari
>>> SyncCE discovery: 
getting SyncCE from CE_ID
SyncCE=cream-ce-2.ba.infn.it:8443/cream-pbs-cms
>>> info for dashboard:
***** Cat /home/cms021/home_cream_128233595/CREAM128233595/glide_9KW1W5/execute/dir_24497/jobreport.txt *****
WNHostName=pccms130.ba.infn.it
MonitorJobID=10_https://submit-6.t2.ucsd.edu//140616//168558.9
SyncGridJobId=https://submit-6.t2.ucsd.edu//140616//168558.9
MonitorID=calabria_MuMinus50_Case2_ReReco_ntj186
GridFlavour=LCG
SyncSite=T2_IT_Bari
SyncCE=cream-ce-2.ba.infn.it:8443/cream-pbs-cms
***** End Cat jobreport *****
Parameters sent to Dashboard.
>>> setup environment
set SCRAM ARCH to slc5_amd64_gcc472
SCRAM_ARCH = slc5_amd64_gcc472
>>> setup CMS LCG environment:
set SCRAM ARCH and BUILD_ARCH to slc5_amd64_gcc472 ###
Sourcing environment... 
sourcing /cvmfs/cms.cern.ch/cmsset_default.sh
==> setup cms environment ok
>>> specific cmssw setup environment:
CMSSW_VERSION =  CMSSW_6_2_0_SLHC12
>>> current directory (SOFTWARE_DIR): /home/cms021/home_cream_128233595/CREAM128233595/glide_9KW1W5/execute/dir_24497/CMSSW_6_2_0_SLHC12
PreserveSeeds: <>
IncrementSeeds:<>
>>> info for dashboard:
***** Cat /home/cms021/home_cream_128233595/CREAM128233595/glide_9KW1W5/execute/dir_24497/jobreport.txt *****
MonitorJobID=10_https://submit-6.t2.ucsd.edu//140616//168558.9
MonitorID=calabria_MuMinus50_Case2_ReReco_ntj186
***** End Cat jobreport *****
Parameters sent to Dashboard.
crabWatchdog started as process 24808
>>> moving CMSSW software directories in /home/cms021/home_cream_128233595/CREAM128233595/glide_9KW1W5/execute/dir_24497/CMSSW_6_2_0_SLHC12
mv: cannot stat `/home/cms021/home_cream_128233595/CREAM128233595/glide_9KW1W5/execute/dir_24497/module/': No such file or directory
>>> Include /home/cms021/home_cream_128233595/CREAM128233595/glide_9KW1W5/execute/dir_24497 in PYTHONPATH:
PYTHONPATH=/home/cms021/home_cream_128233595/CREAM128233595/glide_9KW1W5/execute/dir_24497/:/home/cms021/home_cream_128233595/CREAM128233595/glide_9KW1W5/execute/dir_24497/CMSSW_6_2_0_SLHC12/python:/home/cms021/home_cream_128233595/CREAM128233595/glide_9KW1W5/execute/dir_24497/CMSSW_6_2_0_SLHC12/lib/slc5_amd64_gcc472:/cvmfs/cms.cern.ch/slc5_amd64_gcc472/cms/cmssw/CMSSW_6_2_0_SLHC12/python:/cvmfs/cms.cern.ch/slc5_amd64_gcc472/cms/cmssw/CMSSW_6_2_0_SLHC12/lib/slc5_amd64_gcc472:/cvmfs/cms.cern.ch/slc5_amd64_gcc472/cms/coral/CORAL_2_3_21-cms36/slc5_amd64_gcc472/python:/cvmfs/cms.cern.ch/slc5_amd64_gcc472/cms/coral/CORAL_2_3_21-cms36/slc5_amd64_gcc472/lib:/cvmfs/cms.cern.ch/slc5_amd64_gcc472/external/pyqt/4.8.1-cms6/lib/python2.7/site-packages:/cvmfs/cms.cern.ch/slc5_amd64_gcc472/external/py2-scipy/0.8.0-cms8/lib/python2.7/site-packages:/cvmfs/cms.cern.ch/slc5_amd64_gcc472/external/py2-matplotlib/1.0.1-cms8/lib/python2.7/site-packages:/cvmfs/cms.cern.ch/slc5_amd64_gcc472/external/python-ldap/2.3.5-cms6/lib/python2.7/site-packages:/cvmfs/cms.cern.ch/slc5_amd64_gcc472/external/sip/4.11.2-cms6/lib/python2.7/site-packages:/cvmfs/cms.cern.ch/slc5_amd64_gcc472/external/py2-pycurl/7.19.0-cms8/lib/python2.7/site-packages:/cvmfs/cms.cern.ch/slc5_amd64_gcc472/external/py2-numpy/1.6.1-cms8/lib/python2.7/site-packages:/cvmfs/cms.cern.ch/slc5_amd64_gcc472/external/py2-lint/0.25.1-cms6/lib/python2.7/site-packages:/cvmfs/cms.cern.ch/slc5_amd64_gcc472/external/py2-ipython/0.10-cms6/lib/python2.7/site-packages:/cvmfs/cms.cern.ch/slc5_amd64_gcc472/external/py2-cx-oracle/5.1-cms7/lib/python2.7/site-packages:/cvmfs/cms.cern.ch/slc5_amd64_gcc472/external/py2-cjson/1.0.5-cms6/lib/python2.7/site-packages:/cvmfs/cms.cern.ch/slc5_amd64_gcc472/cms/das-client/1.11.7/bin:/cvmfs/cms.cern.ch/slc5_amd64_gcc472/external/elementtree/1.2.6-cms6/share/lib/python2.7/site-packages:/cvmfs/cms.cern.ch/slc5_amd64_gcc472/external/rivet/1.8.2-cms8/lib/python2.7/site-packages:/cvmfs/cms.cern.ch/slc5_amd64_gcc472/external/pyminuit2/0.0.1-cms19/lib/python2.7/site-packages:/cvmfs/cms.cern.ch/slc5_amd64_gcc472/external/py2-pygithub/1.23.0/lib/python2.7/site-packages:/cvmfs/cms.cern.ch/slc5_amd64_gcc472/external/professor/1.0.0-cms19/lib/python2.7/site-packages:/cvmfs/cms.cern.ch/slc5_amd64_gcc472/lcg/root/5.34.07-cms/lib:/cvmfs/cms.cern.ch/slc5_amd64_gcc472/cms/dbs-client/DBS_2_1_9-cms5/lib:/cvmfs/cms.cern.ch/slc5_amd64_gcc472/cms/dbs-client/DBS_2_1_9-cms5/lib/DBSAPI:/cvmfs/cms.cern.ch/slc5_amd64_gcc472/external/cvs2git/5419-cms/lib:/home/cms021/home_cream_128233595/CREAM128233595/glide_9KW1W5/execute/dir_24497/
 
# LIMITS USED BY CRAB WATCHDOG:
# RSS  (KBytes)   : 2300000
# VSZ  (KBytes)   : 100000000
# DISK (MBytes)   : 19000
# CPU TIME        : 720h:0m:0s
# WALL CLOCK TIME : 21h:50m:0s
 
5854dd31cbd3cdec44c48628cc181cf0
PSETHASH = 5854dd31cbd3cdec44c48628cc181cf0
/home/cms021/home_cream_128233595/CREAM128233595/glide_9KW1W5/execute/dir_24497/writeCfg.py pset.py pset.py
Importing .py file
Setting parameters
RandomNumberGeneratorService found, will attempt to change seeds
inputBlocks=/calabria_SingleMuPt50_GEN-SIM-DIGI-RECO_CMSSW_6_2_0_SLHC12_2023Scenario_Case2/calabria-calabria_SingleMuPt50_GEN-SIM-DIGI-RECO_CMSSW_6_2_0_SLHC12_2023Scenario_Case2-cd3731874e2e70f741b687550e03a01f/USER#7957ff84-f92c-4c2b-a9ce-073e6942c964
inputFiles=/store/user/calabria/calabria_SingleMuPt50_GEN-SIM-DIGI-RECO_CMSSW_6_2_0_SLHC12_2023Scenario_Case2/calabria_SingleMuPt50_GEN-SIM-DIGI-RECO_CMSSW_6_2_0_SLHC12_2023Scenario_Case2/cd3731874e2e70f741b687550e03a01f/out_reco_269_2_08R.root;/store/user/calabria/calabria_SingleMuPt50_GEN-SIM-DIGI-RECO_CMSSW_6_2_0_SLHC12_2023Scenario_Case2/calabria_SingleMuPt50_GEN-SIM-DIGI-RECO_CMSSW_6_2_0_SLHC12_2023Scenario_Case2/cd3731874e2e70f741b687550e03a01f/out_reco_272_2_kBG.root;/store/user/calabria/calabria_SingleMuPt50_GEN-SIM-DIGI-RECO_CMSSW_6_2_0_SLHC12_2023Scenario_Case2/calabria_SingleMuPt50_GEN-SIM-DIGI-RECO_CMSSW_6_2_0_SLHC12_2023Scenario_Case2/cd3731874e2e70f741b687550e03a01f/out_reco_273_2_rsV.root;/store/user/calabria/calabria_SingleMuPt50_GEN-SIM-DIGI-RECO_CMSSW_6_2_0_SLHC12_2023Scenario_Case2/calabria_SingleMuPt50_GEN-SIM-DIGI-RECO_CMSSW_6_2_0_SLHC12_2023Scenario_Case2/cd3731874e2e70f741b687550e03a01f/out_reco_280_2_uPP.root;/store/user/calabria/calabria_SingleMuPt50_GEN-SIM-DIGI-RECO_CMSSW_6_2_0_SLHC12_2023Scenario_Case2/calabria_SingleMuPt50_GEN-SIM-DIGI-RECO_CMSSW_6_2_0_SLHC12_2023Scenario_Case2/cd3731874e2e70f741b687550e03a01f/out_reco_282_2_Put.root;/store/user/calabria/calabria_SingleMuPt50_GEN-SIM-DIGI-RECO_CMSSW_6_2_0_SLHC12_2023Scenario_Case2/calabria_SingleMuPt50_GEN-SIM-DIGI-RECO_CMSSW_6_2_0_SLHC12_2023Scenario_Case2/cd3731874e2e70f741b687550e03a01f/out_reco_283_2_WhQ.root;/store/user/calabria/calabria_SingleMuPt50_GEN-SIM-DIGI-RECO_CMSSW_6_2_0_SLHC12_2023Scenario_Case2/calabria_SingleMuPt50_GEN-SIM-DIGI-RECO_CMSSW_6_2_0_SLHC12_2023Scenario_Case2/cd3731874e2e70f741b687550e03a01f/out_reco_288_2_cn2.root;/store/user/calabria/calabria_SingleMuPt50_GEN-SIM-DIGI-RECO_CMSSW_6_2_0_SLHC12_2023Scenario_Case2/calabria_SingleMuPt50_GEN-SIM-DIGI-RECO_CMSSW_6_2_0_SLHC12_2023Scenario_Case2/cd3731874e2e70f741b687550e03a01f/out_reco_289_2_dmp.root;/store/user/calabria/calabria_SingleMuPt50_GEN-SIM-DIGI-RECO_CMSSW_6_2_0_SLHC12_2023Scenario_Case2/calabria_SingleMuPt50_GEN-SIM-DIGI-RECO_CMSSW_6_2_0_SLHC12_2023Scenario_Case2/cd3731874e2e70f741b687550e03a01f/out_reco_291_2_uYI.root;/store/user/calabria/calabria_SingleMuPt50_GEN-SIM-DIGI-RECO_CMSSW_6_2_0_SLHC12_2023Scenario_Case2/calabria_SingleMuPt50_GEN-SIM-DIGI-RECO_CMSSW_6_2_0_SLHC12_2023Scenario_Case2/cd3731874e2e70f741b687550e03a01f/out_reco_293_2_pzw.root
parentFiles=
lumisRange=
>>> Executable cmsRun
/cvmfs/cms.cern.ch/slc5_amd64_gcc472/cms/cmssw/CMSSW_6_2_0_SLHC12/bin/slc5_amd64_gcc472/cmsRun
ok executable found
>>> info for dashboard:
***** Cat /home/cms021/home_cream_128233595/CREAM128233595/glide_9KW1W5/execute/dir_24497/jobreport.txt *****
MonitorJobID=10_https://submit-6.t2.ucsd.edu//140616//168558.9
MonitorID=calabria_MuMinus50_Case2_ReReco_ntj186
ExeStart=cmsRun
***** End Cat jobreport *****
Parameters sent to Dashboard.
>>> cmsRun started at Tue Jun 17 23:33:21 UTC 2014
>>> cmsRun ended at Tue Jun 17 23:38:40 UTC 2014
>>> crab_fjr_*.xml  permission set to 0704
>>> info for dashboard:
***** Cat /home/cms021/home_cream_128233595/CREAM128233595/glide_9KW1W5/execute/dir_24497/jobreport.txt *****
MonitorJobID=10_https://submit-6.t2.ucsd.edu//140616//168558.9
MonitorID=calabria_MuMinus50_Case2_ReReco_ntj186
ExeEnd=cmsRun
***** End Cat jobreport *****
Parameters sent to Dashboard.
TIME_EXE = 319 sec
>>> cmsRun wrote 50 lines of stdout+stderr
>>> START OF printout of 50 lines from stdout+stderr
271 DQMStore::DQMStore 
HcalTopologyIdealEP::HcalTopologyIdealEP
18-Jun-2014 01:33:35 CEST  Initiating request to open file file:/lustre/cms//store/user/calabria/calabria_SingleMuPt50_GEN-SIM-DIGI-RECO_CMSSW_6_2_0_SLHC12_2023Scenario_Case2/calabria_SingleMuPt50_GEN-SIM-DIGI-RECO_CMSSW_6_2_0_SLHC12_2023Scenario_Case2/cd3731874e2e70f741b687550e03a01f/out_reco_269_2_08R.root
18-Jun-2014 01:33:37 CEST  Successfully opened file file:/lustre/cms//store/user/calabria/calabria_SingleMuPt50_GEN-SIM-DIGI-RECO_CMSSW_6_2_0_SLHC12_2023Scenario_Case2/calabria_SingleMuPt50_GEN-SIM-DIGI-RECO_CMSSW_6_2_0_SLHC12_2023Scenario_Case2/cd3731874e2e70f741b687550e03a01f/out_reco_269_2_08R.root
18-Jun-2014 01:34:07 CEST  Closed file file:/lustre/cms//store/user/calabria/calabria_SingleMuPt50_GEN-SIM-DIGI-RECO_CMSSW_6_2_0_SLHC12_2023Scenario_Case2/calabria_SingleMuPt50_GEN-SIM-DIGI-RECO_CMSSW_6_2_0_SLHC12_2023Scenario_Case2/cd3731874e2e70f741b687550e03a01f/out_reco_269_2_08R.root
18-Jun-2014 01:34:07 CEST  Initiating request to open file file:/lustre/cms//store/user/calabria/calabria_SingleMuPt50_GEN-SIM-DIGI-RECO_CMSSW_6_2_0_SLHC12_2023Scenario_Case2/calabria_SingleMuPt50_GEN-SIM-DIGI-RECO_CMSSW_6_2_0_SLHC12_2023Scenario_Case2/cd3731874e2e70f741b687550e03a01f/out_reco_272_2_kBG.root
18-Jun-2014 01:34:08 CEST  Successfully opened file file:/lustre/cms//store/user/calabria/calabria_SingleMuPt50_GEN-SIM-DIGI-RECO_CMSSW_6_2_0_SLHC12_2023Scenario_Case2/calabria_SingleMuPt50_GEN-SIM-DIGI-RECO_CMSSW_6_2_0_SLHC12_2023Scenario_Case2/cd3731874e2e70f741b687550e03a01f/out_reco_272_2_kBG.root
18-Jun-2014 01:34:37 CEST  Closed file file:/lustre/cms//store/user/calabria/calabria_SingleMuPt50_GEN-SIM-DIGI-RECO_CMSSW_6_2_0_SLHC12_2023Scenario_Case2/calabria_SingleMuPt50_GEN-SIM-DIGI-RECO_CMSSW_6_2_0_SLHC12_2023Scenario_Case2/cd3731874e2e70f741b687550e03a01f/out_reco_272_2_kBG.root
18-Jun-2014 01:34:37 CEST  Initiating request to open file file:/lustre/cms//store/user/calabria/calabria_SingleMuPt50_GEN-SIM-DIGI-RECO_CMSSW_6_2_0_SLHC12_2023Scenario_Case2/calabria_SingleMuPt50_GEN-SIM-DIGI-RECO_CMSSW_6_2_0_SLHC12_2023Scenario_Case2/cd3731874e2e70f741b687550e03a01f/out_reco_273_2_rsV.root
18-Jun-2014 01:34:37 CEST  Successfully opened file file:/lustre/cms//store/user/calabria/calabria_SingleMuPt50_GEN-SIM-DIGI-RECO_CMSSW_6_2_0_SLHC12_2023Scenario_Case2/calabria_SingleMuPt50_GEN-SIM-DIGI-RECO_CMSSW_6_2_0_SLHC12_2023Scenario_Case2/cd3731874e2e70f741b687550e03a01f/out_reco_273_2_rsV.root
18-Jun-2014 01:35:00 CEST  Closed file file:/lustre/cms//store/user/calabria/calabria_SingleMuPt50_GEN-SIM-DIGI-RECO_CMSSW_6_2_0_SLHC12_2023Scenario_Case2/calabria_SingleMuPt50_GEN-SIM-DIGI-RECO_CMSSW_6_2_0_SLHC12_2023Scenario_Case2/cd3731874e2e70f741b687550e03a01f/out_reco_273_2_rsV.root
18-Jun-2014 01:35:00 CEST  Initiating request to open file file:/lustre/cms//store/user/calabria/calabria_SingleMuPt50_GEN-SIM-DIGI-RECO_CMSSW_6_2_0_SLHC12_2023Scenario_Case2/calabria_SingleMuPt50_GEN-SIM-DIGI-RECO_CMSSW_6_2_0_SLHC12_2023Scenario_Case2/cd3731874e2e70f741b687550e03a01f/out_reco_280_2_uPP.root
18-Jun-2014 01:35:01 CEST  Successfully opened file file:/lustre/cms//store/user/calabria/calabria_SingleMuPt50_GEN-SIM-DIGI-RECO_CMSSW_6_2_0_SLHC12_2023Scenario_Case2/calabria_SingleMuPt50_GEN-SIM-DIGI-RECO_CMSSW_6_2_0_SLHC12_2023Scenario_Case2/cd3731874e2e70f741b687550e03a01f/out_reco_280_2_uPP.root
18-Jun-2014 01:35:24 CEST  Closed file file:/lustre/cms//store/user/calabria/calabria_SingleMuPt50_GEN-SIM-DIGI-RECO_CMSSW_6_2_0_SLHC12_2023Scenario_Case2/calabria_SingleMuPt50_GEN-SIM-DIGI-RECO_CMSSW_6_2_0_SLHC12_2023Scenario_Case2/cd3731874e2e70f741b687550e03a01f/out_reco_280_2_uPP.root
18-Jun-2014 01:35:24 CEST  Initiating request to open file file:/lustre/cms//store/user/calabria/calabria_SingleMuPt50_GEN-SIM-DIGI-RECO_CMSSW_6_2_0_SLHC12_2023Scenario_Case2/calabria_SingleMuPt50_GEN-SIM-DIGI-RECO_CMSSW_6_2_0_SLHC12_2023Scenario_Case2/cd3731874e2e70f741b687550e03a01f/out_reco_282_2_Put.root
18-Jun-2014 01:35:24 CEST  Successfully opened file file:/lustre/cms//store/user/calabria/calabria_SingleMuPt50_GEN-SIM-DIGI-RECO_CMSSW_6_2_0_SLHC12_2023Scenario_Case2/calabria_SingleMuPt50_GEN-SIM-DIGI-RECO_CMSSW_6_2_0_SLHC12_2023Scenario_Case2/cd3731874e2e70f741b687550e03a01f/out_reco_282_2_Put.root
18-Jun-2014 01:35:48 CEST  Closed file file:/lustre/cms//store/user/calabria/calabria_SingleMuPt50_GEN-SIM-DIGI-RECO_CMSSW_6_2_0_SLHC12_2023Scenario_Case2/calabria_SingleMuPt50_GEN-SIM-DIGI-RECO_CMSSW_6_2_0_SLHC12_2023Scenario_Case2/cd3731874e2e70f741b687550e03a01f/out_reco_282_2_Put.root
18-Jun-2014 01:35:48 CEST  Initiating request to open file file:/lustre/cms//store/user/calabria/calabria_SingleMuPt50_GEN-SIM-DIGI-RECO_CMSSW_6_2_0_SLHC12_2023Scenario_Case2/calabria_SingleMuPt50_GEN-SIM-DIGI-RECO_CMSSW_6_2_0_SLHC12_2023Scenario_Case2/cd3731874e2e70f741b687550e03a01f/out_reco_283_2_WhQ.root
18-Jun-2014 01:35:49 CEST  Successfully opened file file:/lustre/cms//store/user/calabria/calabria_SingleMuPt50_GEN-SIM-DIGI-RECO_CMSSW_6_2_0_SLHC12_2023Scenario_Case2/calabria_SingleMuPt50_GEN-SIM-DIGI-RECO_CMSSW_6_2_0_SLHC12_2023Scenario_Case2/cd3731874e2e70f741b687550e03a01f/out_reco_283_2_WhQ.root
18-Jun-2014 01:36:12 CEST  Closed file file:/lustre/cms//store/user/calabria/calabria_SingleMuPt50_GEN-SIM-DIGI-RECO_CMSSW_6_2_0_SLHC12_2023Scenario_Case2/calabria_SingleMuPt50_GEN-SIM-DIGI-RECO_CMSSW_6_2_0_SLHC12_2023Scenario_Case2/cd3731874e2e70f741b687550e03a01f/out_reco_283_2_WhQ.root
18-Jun-2014 01:36:12 CEST  Initiating request to open file file:/lustre/cms//store/user/calabria/calabria_SingleMuPt50_GEN-SIM-DIGI-RECO_CMSSW_6_2_0_SLHC12_2023Scenario_Case2/calabria_SingleMuPt50_GEN-SIM-DIGI-RECO_CMSSW_6_2_0_SLHC12_2023Scenario_Case2/cd3731874e2e70f741b687550e03a01f/out_reco_288_2_cn2.root
18-Jun-2014 01:36:13 CEST  Successfully opened file file:/lustre/cms//store/user/calabria/calabria_SingleMuPt50_GEN-SIM-DIGI-RECO_CMSSW_6_2_0_SLHC12_2023Scenario_Case2/calabria_SingleMuPt50_GEN-SIM-DIGI-RECO_CMSSW_6_2_0_SLHC12_2023Scenario_Case2/cd3731874e2e70f741b687550e03a01f/out_reco_288_2_cn2.root
18-Jun-2014 01:36:36 CEST  Closed file file:/lustre/cms//store/user/calabria/calabria_SingleMuPt50_GEN-SIM-DIGI-RECO_CMSSW_6_2_0_SLHC12_2023Scenario_Case2/calabria_SingleMuPt50_GEN-SIM-DIGI-RECO_CMSSW_6_2_0_SLHC12_2023Scenario_Case2/cd3731874e2e70f741b687550e03a01f/out_reco_288_2_cn2.root
18-Jun-2014 01:36:36 CEST  Initiating request to open file file:/lustre/cms//store/user/calabria/calabria_SingleMuPt50_GEN-SIM-DIGI-RECO_CMSSW_6_2_0_SLHC12_2023Scenario_Case2/calabria_SingleMuPt50_GEN-SIM-DIGI-RECO_CMSSW_6_2_0_SLHC12_2023Scenario_Case2/cd3731874e2e70f741b687550e03a01f/out_reco_289_2_dmp.root
18-Jun-2014 01:36:36 CEST  Successfully opened file file:/lustre/cms//store/user/calabria/calabria_SingleMuPt50_GEN-SIM-DIGI-RECO_CMSSW_6_2_0_SLHC12_2023Scenario_Case2/calabria_SingleMuPt50_GEN-SIM-DIGI-RECO_CMSSW_6_2_0_SLHC12_2023Scenario_Case2/cd3731874e2e70f741b687550e03a01f/out_reco_289_2_dmp.root
18-Jun-2014 01:37:00 CEST  Closed file file:/lustre/cms//store/user/calabria/calabria_SingleMuPt50_GEN-SIM-DIGI-RECO_CMSSW_6_2_0_SLHC12_2023Scenario_Case2/calabria_SingleMuPt50_GEN-SIM-DIGI-RECO_CMSSW_6_2_0_SLHC12_2023Scenario_Case2/cd3731874e2e70f741b687550e03a01f/out_reco_289_2_dmp.root
18-Jun-2014 01:37:00 CEST  Initiating request to open file file:/lustre/cms//store/user/calabria/calabria_SingleMuPt50_GEN-SIM-DIGI-RECO_CMSSW_6_2_0_SLHC12_2023Scenario_Case2/calabria_SingleMuPt50_GEN-SIM-DIGI-RECO_CMSSW_6_2_0_SLHC12_2023Scenario_Case2/cd3731874e2e70f741b687550e03a01f/out_reco_291_2_uYI.root
18-Jun-2014 01:37:00 CEST  Successfully opened file file:/lustre/cms//store/user/calabria/calabria_SingleMuPt50_GEN-SIM-DIGI-RECO_CMSSW_6_2_0_SLHC12_2023Scenario_Case2/calabria_SingleMuPt50_GEN-SIM-DIGI-RECO_CMSSW_6_2_0_SLHC12_2023Scenario_Case2/cd3731874e2e70f741b687550e03a01f/out_reco_291_2_uYI.root
18-Jun-2014 01:37:25 CEST  Closed file file:/lustre/cms//store/user/calabria/calabria_SingleMuPt50_GEN-SIM-DIGI-RECO_CMSSW_6_2_0_SLHC12_2023Scenario_Case2/calabria_SingleMuPt50_GEN-SIM-DIGI-RECO_CMSSW_6_2_0_SLHC12_2023Scenario_Case2/cd3731874e2e70f741b687550e03a01f/out_reco_291_2_uYI.root
18-Jun-2014 01:37:25 CEST  Initiating request to open file file:/lustre/cms//store/user/calabria/calabria_SingleMuPt50_GEN-SIM-DIGI-RECO_CMSSW_6_2_0_SLHC12_2023Scenario_Case2/calabria_SingleMuPt50_GEN-SIM-DIGI-RECO_CMSSW_6_2_0_SLHC12_2023Scenario_Case2/cd3731874e2e70f741b687550e03a01f/out_reco_293_2_pzw.root
18-Jun-2014 01:37:25 CEST  Successfully opened file file:/lustre/cms//store/user/calabria/calabria_SingleMuPt50_GEN-SIM-DIGI-RECO_CMSSW_6_2_0_SLHC12_2023Scenario_Case2/calabria_SingleMuPt50_GEN-SIM-DIGI-RECO_CMSSW_6_2_0_SLHC12_2023Scenario_Case2/cd3731874e2e70f741b687550e03a01f/out_reco_293_2_pzw.root
18-Jun-2014 01:38:39 CEST  Closed file file:/lustre/cms//store/user/calabria/calabria_SingleMuPt50_GEN-SIM-DIGI-RECO_CMSSW_6_2_0_SLHC12_2023Scenario_Case2/calabria_SingleMuPt50_GEN-SIM-DIGI-RECO_CMSSW_6_2_0_SLHC12_2023Scenario_Case2/cd3731874e2e70f741b687550e03a01f/out_reco_293_2_pzw.root

=============================================

MessageLogger Summary

 type     category        sev    module        subroutine        count    total
 ---- -------------------- -- ---------------- ----------------  -----    -----
    1 fileAction           -s file_close                            10       10
    2 fileAction           -s file_open                             20       20

 type    category    Examples: run/evt        run/evt          run/evt
 ---- -------------------- ---------------- ---------------- ----------------
    1 fileAction           PostProcessEvent PostProcessEvent PostEndRun
    2 fileAction           pre-events       pre-events       PostProcessEvent

Severity    # Occurrences   Total Occurrences
--------    -------------   -----------------
System                 30                  30
>>> END OF printout of 50 lines from stdout+stderr
>>> Parse FrameworkJobReport crab_fjr.xml
Result of parsing the FrameworkJobReport crab_fjr.xml: Popularity start
lumisRange : 1::::1;1::::2;1::::3;1::::4;1::::5;1::::6;1::::7;1::::8;1::::9;1::::10;
lumisParentRange : 
Basename : /store/user/calabria/calabria_SingleMuPt50_GEN-SIM-DIGI-RECO_CMSSW_6_2_0_SLHC12_2023Scenario_Case2/calabria_SingleMuPt50_GEN-SIM-DIGI-RECO_CMSSW_6_2_0_SLHC12_2023Scenario_Case2/cd3731874e2e70f741b687550e03a01f/out_reco_2
BasenameParent : 
parentFiles : 
inputBlocks : /calabria_SingleMuPt50_GEN-SIM-DIGI-RECO_CMSSW_6_2_0_SLHC12_2023Scenario_Case2/calabria-calabria_SingleMuPt50_GEN-SIM-DIGI-RECO_CMSSW_6_2_0_SLHC12_2023Scenario_Case2-cd3731874e2e70f741b687550e03a01f/USER#7957ff84-f92c-4c2b-a9ce-073e6942c964
inputFiles : 72_2_kBG.root::1::EDM::Local::1;69_2_08R.root::1::EDM::Local::2;83_2_WhQ.root::1::EDM::Local::3;89_2_dmp.root::1::EDM::Local::4;88_2_cn2.root::1::EDM::Local::5;91_2_uYI.root::1::EDM::Local::6;82_2_Put.root::1::EDM::Local::7;73_2_rsV.root::1::EDM::Local::8;80_2_uPP.root::1::EDM::Local::9;93_2_pzw.root::1::EDM::Local::10;
Popularity stop
Extracted ExitStatus from FrameworkJobReport parsing output: 0
>>> Executable succeded  0
ExeExitCode=0
EXECUTABLE_EXIT_STATUS = 0
>>> current directory /home/cms021/home_cream_128233595/CREAM128233595/glide_9KW1W5/execute/dir_24497/CMSSW_6_2_0_SLHC12
>>>  (SOFTWARE_DIR): /home/cms021/home_cream_128233595/CREAM128233595/glide_9KW1W5/execute/dir_24497/CMSSW_6_2_0_SLHC12
>>> (WORKING_DIR): 
>>> current directory content:
total 10540
drwxr-xr-x 3 cms021 cms    4096 Jun 18 01:33 .SCRAM
-rw------- 1 cms021 cms 3740339 Jun 18 01:33 CMSSW.py.pkl
drwxr-xr-x 3 cms021 cms    4096 Jun 18 01:33 bin
drwxr-xr-x 3 cms021 cms    4096 Jun 18 01:33 cfipython
drwxr-xr-x 4 cms021 cms    4096 Jun 18 01:33 config
-rw------- 1 cms021 cms      17 Jun 18 01:38 cpu_timing.txt
drwxr-xr-x 2 cms021 cms    4096 Jun 18 01:33 doc
-rw------- 1 cms021 cms    9925 Jun 18 01:38 executable.out
drwxr-xr-x 2 cms021 cms    4096 Jun 18 01:33 include
drwx------ 3 cms021 cms    4096 Apr 28 18:12 lib
drwxr-xr-x 3 cms021 cms    4096 Jun 18 01:33 logs
drwxr-xr-x 3 cms021 cms    4096 Jun 18 01:33 objs
-rw------- 1 cms021 cms     104 Jun 18 01:33 pset.py
-rw------- 1 cms021 cms 3712312 Jun 18 01:33 pset.py.pkl
-rw------- 1 cms021 cms     289 Jun 18 01:33 pset.pyc
drwxr-xr-x 2 cms021 cms    4096 Jun 18 01:33 python
-rw------- 1 cms021 cms     407 Jun 18 01:38 report.log
drwx------ 6 cms021 cms    4096 Jun 18 01:33 src
drwxr-xr-x 3 cms021 cms    4096 Jun 18 01:33 test
drwxr-xr-x 3 cms021 cms    4096 Jun 18 01:33 tmp
-rw------- 1 cms021 cms 3238309 Jun 18 01:38 validationEDM.root
>>> current directory /home/cms021/home_cream_128233595/CREAM128233595/glide_9KW1W5/execute/dir_24497/CMSSW_6_2_0_SLHC12
>>> (SOFTWARE_DIR): /home/cms021/home_cream_128233595/CREAM128233595/glide_9KW1W5/execute/dir_24497/CMSSW_6_2_0_SLHC12
>>> (WORKING_DIR): 
>>> current directory content:
total 10540
drwxr-xr-x 3 cms021 cms    4096 Jun 18 01:33 .SCRAM
-rw------- 1 cms021 cms 3740339 Jun 18 01:33 CMSSW.py.pkl
drwxr-xr-x 3 cms021 cms    4096 Jun 18 01:33 bin
drwxr-xr-x 3 cms021 cms    4096 Jun 18 01:33 cfipython
drwxr-xr-x 4 cms021 cms    4096 Jun 18 01:33 config
-rw------- 1 cms021 cms      17 Jun 18 01:38 cpu_timing.txt
drwxr-xr-x 2 cms021 cms    4096 Jun 18 01:33 doc
-rw------- 1 cms021 cms    9925 Jun 18 01:38 executable.out
drwxr-xr-x 2 cms021 cms    4096 Jun 18 01:33 include
drwx------ 3 cms021 cms    4096 Apr 28 18:12 lib
drwxr-xr-x 3 cms021 cms    4096 Jun 18 01:33 logs
drwxr-xr-x 3 cms021 cms    4096 Jun 18 01:33 objs
-rw------- 1 cms021 cms     104 Jun 18 01:33 pset.py
-rw------- 1 cms021 cms 3712312 Jun 18 01:33 pset.py.pkl
-rw------- 1 cms021 cms     289 Jun 18 01:33 pset.pyc
drwxr-xr-x 2 cms021 cms    4096 Jun 18 01:33 python
-rw------- 1 cms021 cms     407 Jun 18 01:38 report.log
drwx------ 6 cms021 cms    4096 Jun 18 01:33 src
drwxr-xr-x 3 cms021 cms    4096 Jun 18 01:33 test
drwxr-xr-x 3 cms021 cms    4096 Jun 18 01:33 tmp
-rw------- 1 cms021 cms 3238309 Jun 18 01:38 validationEDM_10_1_n1f.root
>>> current directory (RUNTIME_AREA):  /home/cms021/home_cream_128233595/CREAM128233595/glide_9KW1W5/execute/dir_24497
SE = storm-se-01.ba.infn.it
SE_PATH = /srm/managerv2?SFN=//cms/store/user/calabria/calabria_SingleMuPt50_GEN-SIM-DIGI-RECO_CMSSW_6_2_0_SLHC12_2023Scenario_Case2/calabria_MuMinus50_GEN-SIM-DIGI-RECO_CMSSW_6_2_0_SLHC12_2023Scenario_VALNOPU2_Case2/5854dd31cbd3cdec44c48628cc181cf0/
LFNBaseName = /store/user/calabria/calabria_SingleMuPt50_GEN-SIM-DIGI-RECO_CMSSW_6_2_0_SLHC12_2023Scenario_Case2/calabria_MuMinus50_GEN-SIM-DIGI-RECO_CMSSW_6_2_0_SLHC12_2023Scenario_VALNOPU2_Case2/5854dd31cbd3cdec44c48628cc181cf0/
USER = calabria
endpoint = srm://storm-se-01.ba.infn.it:8444/srm/managerv2?SFN=//cms/store/user/calabria/calabria_SingleMuPt50_GEN-SIM-DIGI-RECO_CMSSW_6_2_0_SLHC12_2023Scenario_Case2/calabria_MuMinus50_GEN-SIM-DIGI-RECO_CMSSW_6_2_0_SLHC12_2023Scenario_VALNOPU2_Case2/5854dd31cbd3cdec44c48628cc181cf0/
>>> Copy output files from WN = pccms130.ba.infn.it to /srm/managerv2?SFN=//cms/store/user/calabria/calabria_SingleMuPt50_GEN-SIM-DIGI-RECO_CMSSW_6_2_0_SLHC12_2023Scenario_Case2/calabria_MuMinus50_GEN-SIM-DIGI-RECO_CMSSW_6_2_0_SLHC12_2023Scenario_VALNOPU2_Case2/5854dd31cbd3cdec44c48628cc181cf0/ :
python cmscp.py  --destination srm://storm-se-01.ba.infn.it:8444/srm/managerv2?SFN=//cms/store/user/calabria/calabria_SingleMuPt50_GEN-SIM-DIGI-RECO_CMSSW_6_2_0_SLHC12_2023Scenario_Case2/calabria_MuMinus50_GEN-SIM-DIGI-RECO_CMSSW_6_2_0_SLHC12_2023Scenario_VALNOPU2_Case2/5854dd31cbd3cdec44c48628cc181cf0/ --inputFileList /home/cms021/home_cream_128233595/CREAM128233595/glide_9KW1W5/execute/dir_24497/CMSSW_6_2_0_SLHC12/validationEDM_10_1_n1f.root --middleware LCG --se_name storm-se-01.ba.infn.it --for_lfn /store/user/calabria/calabria_SingleMuPt50_GEN-SIM-DIGI-RECO_CMSSW_6_2_0_SLHC12_2023Scenario_Case2/calabria_MuMinus50_GEN-SIM-DIGI-RECO_CMSSW_6_2_0_SLHC12_2023Scenario_VALNOPU2_Case2/5854dd31cbd3cdec44c48628cc181cf0/    
******************************************************
localSeName  =  storm-se-01.ba.infn.it
remoteSeName =  storm-se-01.ba.infn.it
******************************************************
{"/home/cms021/home_cream_128233595/CREAM128233595/glide_9KW1W5/execute/dir_24497/CMSSW_6_2_0_SLHC12/validationEDM_10_1_n1f.root": {"endpoint": "srm://storm-se-01.ba.infn.it:8444/srm/managerv2?SFN=//cms/store/user/calabria/calabria_SingleMuPt50_GEN-SIM-DIGI-RECO_CMSSW_6_2_0_SLHC12_2023Scenario_Case2/calabria_MuMinus50_GEN-SIM-DIGI-RECO_CMSSW_6_2_0_SLHC12_2023Scenario_VALNOPU2_Case2/5854dd31cbd3cdec44c48628cc181cf0/", "surl_for_grid": "", "reason": "Copy succedeed with srm-lcg utils", "erCode": "0", "se_name": "storm-se-01.ba.infn.it", "for_lfn": "/store/user/calabria/calabria_SingleMuPt50_GEN-SIM-DIGI-RECO_CMSSW_6_2_0_SLHC12_2023Scenario_Case2/calabria_MuMinus50_GEN-SIM-DIGI-RECO_CMSSW_6_2_0_SLHC12_2023Scenario_VALNOPU2_Case2/5854dd31cbd3cdec44c48628cc181cf0/"}}/home/cms021/home_cream_128233595/CREAM128233595/glide_9KW1W5/execute/dir_24497
-------- cat /home/cms021/home_cream_128233595/CREAM128233595/glide_9KW1W5/execute/dir_24497/cmscpReport.sh 
#!/bin/bash
echo "Report for File: /home/cms021/home_cream_128233595/CREAM128233595/glide_9KW1W5/execute/dir_24497/CMSSW_6_2_0_SLHC12/validationEDM_10_1_n1f.root"
echo "LFN: /store/user/calabria/calabria_SingleMuPt50_GEN-SIM-DIGI-RECO_CMSSW_6_2_0_SLHC12_2023Scenario_Case2/calabria_MuMinus50_GEN-SIM-DIGI-RECO_CMSSW_6_2_0_SLHC12_2023Scenario_VALNOPU2_Case2/5854dd31cbd3cdec44c48628cc181cf0/validationEDM_10_1_n1f.root"
echo "StorageElement: storm-se-01.ba.infn.it"
echo "StageOutExitStatusReason = 'Copy succedeed with srm-lcg utils'" | tee -a $RUNTIME_AREA/$repo
echo "StageOutSE = storm-se-01.ba.infn.it" >> $RUNTIME_AREA/$repo

export StageOutExitStatus=0
echo "StageOutExitStatus = 0" | tee -a $RUNTIME_AREA/$repo
-------- end of /home/cms021/home_cream_128233595/CREAM128233595/glide_9KW1W5/execute/dir_24497/cmscpReport.sh 
Report for File: /home/cms021/home_cream_128233595/CREAM128233595/glide_9KW1W5/execute/dir_24497/CMSSW_6_2_0_SLHC12/validationEDM_10_1_n1f.root
LFN: /store/user/calabria/calabria_SingleMuPt50_GEN-SIM-DIGI-RECO_CMSSW_6_2_0_SLHC12_2023Scenario_Case2/calabria_MuMinus50_GEN-SIM-DIGI-RECO_CMSSW_6_2_0_SLHC12_2023Scenario_VALNOPU2_Case2/5854dd31cbd3cdec44c48628cc181cf0/validationEDM_10_1_n1f.root
StorageElement: storm-se-01.ba.infn.it
StageOutExitStatusReason = 'Copy succedeed with srm-lcg utils'
StageOutExitStatus = 0
>>> current dir: /home/cms021/home_cream_128233595/CREAM128233595/glide_9KW1W5/execute/dir_24497
>>> current dir content:
total 28080
-rw-------  1 cms021 cms     2783 Jun 18 01:39 .SEinteraction.log
-rwx------  1 cms021 cms     6811 Jun 18 01:32 .job.ad
-rwx------  1 cms021 cms     9443 Jun 18 01:32 .machine.ad
-rw-------  1 cms021 cms      105 Jun 16 20:36 CMSSW.py
-rw-------  1 cms021 cms  3740339 Jun 16 20:36 CMSSW.py.pkl
-rwx------  1 cms021 cms    29556 Jun 18 01:32 CMSSW.sh
drwxr-xr-x 15 cms021 cms     4096 Jun 18 01:38 CMSSW_6_2_0_SLHC12
-rw-------  1 cms021 cms      220 Jun 18 01:33 CacheEnv.sh
-rw-------  1 cms021 cms     7291 Apr  4 11:04 DashboardAPI.py
-rw-------  1 cms021 cms     6815 Jun 18 01:33 DashboardAPI.pyc
drwx------  2 cms021 cms     4096 Jun 18 01:38 IMProv
-rw-------  1 cms021 cms     2748 Apr  4 11:04 Logger.py
-rw-------  1 cms021 cms     3347 Jun 18 01:33 Logger.pyc
-rw-------  1 cms021 cms    24524 Apr  4 11:04 ProcInfo.py
-rw-------  1 cms021 cms    23197 Jun 18 01:33 ProcInfo.pyc
drwx------  7 cms021 cms     4096 Jun 18 01:33 ProdCommon
drwx------  3 cms021 cms     4096 Jun 18 01:33 WMCore
-rw-------  1 cms021 cms     2736 Jun 18 01:39 Watchdog_10.log
-rwx------  1 cms021 cms        0 Jun 18 01:32 _condor_stderr
-rwx---r--  1 cms021 cms    29413 Jun 18 01:39 _condor_stdout
-rw-------  1 cms021 cms    32895 Apr  4 11:04 apmon.py
-rw-------  1 cms021 cms    28625 Jun 18 01:33 apmon.pyc
-rwx------  1 cms021 cms    53790 Jun 18 01:32 arguments.xml
-rwx------  1 cms021 cms    38515 Apr  4 11:04 cmscp.py
-rw-------  1 cms021 cms      718 Jun 18 01:39 cmscpReport.sh
-rwx------  1 cms021 cms    29556 Jun 18 01:32 condor_exec.exe
-rw-------  1 cms021 cms      958 Jun 16 20:36 crab.cfg
-rwx------  1 cms021 cms     8610 Apr  4 11:04 crabWatchdog.sh
-rwx---r--  1 cms021 cms   523288 Jun 18 01:38 crab_fjr_10.xml
-rwx------  1 cms021 cms 23958456 Jun 18 01:32 default.tgz
-rwx------  1 cms021 cms     4488 Apr  4 11:04 fillCrabFjr.py
-rw-------  1 cms021 cms     2629 Jun 18 01:33 inputsReport.txt
-rw-------  1 cms021 cms      260 Jun 18 01:39 jobreport.txt
-rw-------  1 cms021 cms    17352 Apr  4 11:04 parseCrabFjr.py
-rw-------  1 cms021 cms      327 Jun 18 01:33 report.log
-rwx--x--x  1 cms021 cms     1497 Apr  4 11:04 report.py
-rw-------  1 cms021 cms      772 Jun 18 01:39 resultCopyFile
lrwxrwxrwx  1 cms021 cms      126 Jun 18 01:38 validationEDM.root -> /home/cms021/home_cream_128233595/CREAM128233595/glide_9KW1W5/execute/dir_24497/CMSSW_6_2_0_SLHC12/validationEDM_10_1_n1f.root
-rwx------  1 cms021 cms     8387 Apr  4 11:04 writeCfg.py
-rw-------  1 cms021 cms     8014 Jun 18 01:32 x509up_u50707
>>> Modify Job Report:
CMSSW_VERSION = CMSSW_6_2_0_SLHC12
ProcessedDataset = calabria_MuMinus50_GEN-SIM-DIGI-RECO_CMSSW_6_2_0_SLHC12_2023Scenario_VALNOPU2_Case2
/home/cms021/home_cream_128233595/CREAM128233595/glide_9KW1W5/execute/dir_24497/ProdCommon/FwkJobRep/ModifyJobReport.py fjr /home/cms021/home_cream_128233595/CREAM128233595/glide_9KW1W5/execute/dir_24497/crab_fjr_10.xml json /home/cms021/home_cream_128233595/CREAM128233595/glide_9KW1W5/execute/dir_24497/resultCopyFile n_job 10_1_n1f PrimaryDataset calabria_SingleMuPt50_GEN-SIM-DIGI-RECO_CMSSW_6_2_0_SLHC12_2023Scenario_Case2  ApplicationFamily cmsRun ApplicationName cmsRun cmssw_version CMSSW_6_2_0_SLHC12 psethash 5854dd31cbd3cdec44c48628cc181cf0 UserProcessedDataset calabria-calabria_MuMinus50_GEN-SIM-DIGI-RECO_CMSSW_6_2_0_SLHC12_2023Scenario_VALNOPU2_Case2-5854dd31cbd3cdec44c48628cc181cf0
inputDict =  {u'/home/cms021/home_cream_128233595/CREAM128233595/glide_9KW1W5/execute/dir_24497/CMSSW_6_2_0_SLHC12/validationEDM_10_1_n1f.root': {u'endpoint': u'srm://storm-se-01.ba.infn.it:8444/srm/managerv2?SFN=//cms/store/user/calabria/calabria_SingleMuPt50_GEN-SIM-DIGI-RECO_CMSSW_6_2_0_SLHC12_2023Scenario_Case2/calabria_MuMinus50_GEN-SIM-DIGI-RECO_CMSSW_6_2_0_SLHC12_2023Scenario_VALNOPU2_Case2/5854dd31cbd3cdec44c48628cc181cf0/', u'surl_for_grid': u'', u'reason': u'Copy succedeed with srm-lcg utils', u'erCode': u'0', u'se_name': u'storm-se-01.ba.infn.it', u'for_lfn': u'/store/user/calabria/calabria_SingleMuPt50_GEN-SIM-DIGI-RECO_CMSSW_6_2_0_SLHC12_2023Scenario_Case2/calabria_MuMinus50_GEN-SIM-DIGI-RECO_CMSSW_6_2_0_SLHC12_2023Scenario_VALNOPU2_Case2/5854dd31cbd3cdec44c48628cc181cf0/'}}
UserProcessedDataset =  calabria-calabria_MuMinus50_GEN-SIM-DIGI-RECO_CMSSW_6_2_0_SLHC12_2023Scenario_VALNOPU2_Case2-5854dd31cbd3cdec44c48628cc181cf0
file_name in inputDict =  /home/cms021/home_cream_128233595/CREAM128233595/glide_9KW1W5/execute/dir_24497/CMSSW_6_2_0_SLHC12/validationEDM_10_1_n1f.root
(size) os.stat(filename)[6] =  3238309
checksum =  2131407256
    file =  validationEDM_10_1_n1f.root
    newPfn =  srm://storm-se-01.ba.infn.it:8444/srm/managerv2?SFN=//cms/store/user/calabria/calabria_SingleMuPt50_GEN-SIM-DIGI-RECO_CMSSW_6_2_0_SLHC12_2023Scenario_Case2/calabria_MuMinus50_GEN-SIM-DIGI-RECO_CMSSW_6_2_0_SLHC12_2023Scenario_VALNOPU2_Case2/5854dd31cbd3cdec44c48628cc181cf0/validationEDM_10_1_n1f.root
    newLfn =  /store/user/calabria/calabria_SingleMuPt50_GEN-SIM-DIGI-RECO_CMSSW_6_2_0_SLHC12_2023Scenario_Case2/calabria_MuMinus50_GEN-SIM-DIGI-RECO_CMSSW_6_2_0_SLHC12_2023Scenario_VALNOPU2_Case2/5854dd31cbd3cdec44c48628cc181cf0/validationEDM_10_1_n1f.root
>>> crab_fjr_*.xml  permission set to 0704
CrabWrapper EXIT_FUNC entered at Wed Jun 18 01:39:35 CEST 2014   -  Tue Jun 17 23:39:35 UTC 2014
Checking output files:  
will tar file crab_fjr_10.xml in  out_files_10
WARNING: output file CMSSW_10.stdout not found!
WARNING: output file CMSSW_10.stderr not found!
WARNING: output file Watchdog_10.log.gz not found!
>>> padding time: Sleeping the wrapper for 207 seconds
STOPPING WATCHDOG. CrabWatchdog PID is 24808
********** LAST 50 LINES OF WATCHDOG LOG
# RESOURCE USAGE SUMMARY FOR PROCESS ID 24611
USER       PID %CPU %MEM    VSZ   RSS TTY      STAT START   TIME COMMAND
cms021   24611  0.5  0.0   9496  1596 ?        S    01:32   0:00 /bin/sh /home/cms021/home_cream_128233595/CREAM128233595/glide_9KW1W5/execute/dir_24497/condor_exec.exe 10 1
 
# LIMITS USED BY CRAB WATCHDOG:
# RSS  (KBytes)   : 2300000
# VSZ  (KBytes)   : 100000000
# DISK (MBytes)   : 19000
# CPU TIME        : 720h:0m:0s
# WALL CLOCK TIME : 21h:50m:0s
 
# FOLLOWING PRINTOUT TRACKS MAXIMUM VALUES OF RESOURCES USE
# ONE LINE IS PRINTED EACH TIME A MAXIMUM CHANGES
# IF CHANGE WAS IN RSS OR VSZ ALSO PROCID AND COMMAND ARE PRINTED
# THERE IS NO PRINTOUT FOR CPU/WALL TIME INCREASE
 
# TIME			PID	RSS(KB)	VSZ(KB)	Dsk(MB)	tCPU(s)	tWALL(s)	COMMAND
 Jun 18 01:33:08 CEST	3923	1392	9364	0	0	0	/bin/bash /home/cms021/home_cream_128233595/CREAM128233595/glide_9KW1W5/main/condor_startup.sh glidein_config        
 Jun 18 01:33:08 CEST	5550	8008	93336	0	0	1	/home/cms021/home_cream_128233595/CREAM128233595/glide_9KW1W5/main/condor/sbin/condor_master -f -pidfile /home/cms021/home_cream_128233595/CREAM128233595/glide_9KW1W5/condor_master2.pid       
 Jun 18 01:33:08 CEST	6903	8724	93908	0	6	1	condor_startd -f         
 Jun 18 01:33:08 CEST	24686	8724	106092	0	0	1	sh -c "./glidein_startup.sh" -v std -name v1_3 -entry CMS_T2_IT_Bari_ce2 -clientname UCSD-v1_0.main
 Jun 18 01:33:08 CEST	24694	8724	106492	0	0	1	/bin/bash ./glidein_startup.sh -v std -name v1_3 -entry CMS_T2_IT_Bari_ce2 -clientname UCSD-v1_0.main -schedd
 Jun 18 01:33:08 CEST	24820	38204	106492	0	0	1	edmConfigHash pset.py         
 Jun 18 01:33:08 CEST	---	38204	106492	171	----	----	----
 Jun 18 01:34:09 CEST	25468	746276	945356	171	38	62	cmsRun -j /home/cms021/home_cream_128233595/CREAM128233595/glide_9KW1W5/execute/dir_24497/crab_fjr_10.xml -p pset.py      
 Jun 18 01:34:09 CEST	---	746276	945356	175	----	----	----
 Jun 18 01:35:10 CEST	25468	792408	1015372	175	82	123	cmsRun -j /home/cms021/home_cream_128233595/CREAM128233595/glide_9KW1W5/execute/dir_24497/crab_fjr_10.xml -p pset.py      
 Jun 18 01:36:11 CEST	25468	792408	1024660	175	130	184	cmsRun -j /home/cms021/home_cream_128233595/CREAM128233595/glide_9KW1W5/execute/dir_24497/crab_fjr_10.xml -p pset.py      
 Jun 18 01:37:12 CEST	25468	792408	1033876	175	171	244	cmsRun -j /home/cms021/home_cream_128233595/CREAM128233595/glide_9KW1W5/execute/dir_24497/crab_fjr_10.xml -p pset.py      
 Jun 18 01:38:12 CEST	25468	939400	1426836	175	226	305	cmsRun -j /home/cms021/home_cream_128233595/CREAM128233595/glide_9KW1W5/execute/dir_24497/crab_fjr_10.xml -p pset.py      
 Jun 18 01:38:12 CEST	---	939400	1426836	176	----	----	----
 Jun 18 01:39:13 CEST	---	939400	1426836	179	----	----	----
********** WATCHDOG LOG ENDED
ZIPPING WATCHDOG LOG
Disk space used:
du -sh /home/cms021/home_cream_128233595/CREAM128233595/glide_9KW1W5/execute/dir_24497
179M	/home/cms021/home_cream_128233595/CREAM128233595/glide_9KW1W5/execute/dir_24497
Found unusual stdout, rename for OSB
`/home/cms021/home_cream_128233595/CREAM128233595/glide_9KW1W5/execute/dir_24497/_condor_stdout' -> `CMSSW_10.stdout'
Found unusual stderr, rename for OSB
`/home/cms021/home_cream_128233595/CREAM128233595/glide_9KW1W5/execute/dir_24497/_condor_stdout' -> `CMSSW_10.stderr'
crab_fjr_10.xml
CMSSW_10.stdout
CMSSW_10.stderr
Watchdog_10.log.gz
Total Output dimension: 69840
WARNING: output files size limit is set to: 50000000
Total Output dimension 69840 is fine.
JOB_EXIT_STATUS = 0
>>> info for dashboard:
***** Cat /home/cms021/home_cream_128233595/CREAM128233595/glide_9KW1W5/execute/dir_24497/jobreport.txt *****
MonitorJobID=10_https://submit-6.t2.ucsd.edu//140616//168558.9
MonitorID=calabria_MuMinus50_Case2_ReReco_ntj186
ExeTime=319
ExeExitCode=0
StageOutExitStatusReason = 'Copy succedeed with srm-lcg utils'
StageOutSE = storm-se-01.ba.infn.it
StageOutExitStatus = 0
CrabUserCpuTime=192.71
CrabSysCpuTime=60.29
CrabCpuPercentage=79%
CrabWrapperTime=600
CrabStageoutTime=49
JobExitCode=0
***** End Cat jobreport *****
Parameters sent to Dashboard.
EXITING at Wed Jun 18 01:43:07 CEST 2014  -  Tue Jun 17 23:43:07 UTC 2014
