This script was generated by crab (version 2.10.5_patch1).
Running /home/cms037/home_cream_487948402/CREAM487948402/glide_3MDTon/execute/dir_762/condor_exec.exe with 2 positional parameters: 6 1
Today is Wed Jun 18 01:32:10 CEST 2014 - Tue Jun 17 23:32:10 UTC 2014
Job submitted on host alicegrid50.ba.infn.it
Linux alicegrid50.ba.infn.it 2.6.32-358.23.2.el6.x86_64 #1 SMP Thu Oct 17 10:27:22 CEST 2013 x86_64 x86_64 x86_64 GNU/Linux
>>> current directory (RUNTIME_AREA): /home/cms037/home_cream_487948402/CREAM487948402/glide_3MDTon/execute/dir_762
>>> current user: uid=18594(cms037) gid=1399(cms) groups=1399(cms)
>>> directory permission set to 0700
>>> umask set to:  u=rwx,g=,o=
>>> stdout stderr permission set to 0704
>>> voms proxy information:
subject   : /C=IT/O=INFN/OU=Personal Certificate/L=Bari/CN=Cesare Calabria/CN=477126703/CN=739432656
issuer    : /C=IT/O=INFN/OU=Personal Certificate/L=Bari/CN=Cesare Calabria/CN=477126703
identity  : /C=IT/O=INFN/OU=Personal Certificate/L=Bari/CN=Cesare Calabria
type      : RFC3820 compliant limited proxy
strength  : 1024
path      : /home/cms037/home_cream_487948402/CREAM487948402/glide_3MDTon/execute/dir_762/x509up_u50707
timeleft  : 23:59:51
key usage : Digital Signature, Key Encipherment, Data Encipherment
=== VO cms extension information ===
VO        : cms
subject   : /C=IT/O=INFN/OU=Personal Certificate/L=Bari/CN=Cesare Calabria
issuer    : /DC=ch/DC=cern/OU=computers/CN=voms.cern.ch
attribute : /cms/Role=NULL/Capability=NULL
attribute : /cms/itcms/Role=NULL/Capability=NULL
timeleft  : 153:52:09
uri       : voms.cern.ch:15002

WNHostName=alicegrid50.ba.infn.it
>>> tar --no-same-permissions -xf /home/cms037/home_cream_487948402/CREAM487948402/glide_3MDTon/execute/dir_762/default.tgz :
Successful untar
>>> Include /home/cms037/home_cream_487948402/CREAM487948402/glide_3MDTon/execute/dir_762 in PYTHONPATH:
strip arguments
env var CRAB_UNIQUE_JOB_ID set to: calabria_MuMinus50_Case2_ReReco_ntj186_6_1_MCm
out_files_6
>>> list of expected files on output sandbox
output files: crab_fjr_6.xml CMSSW_6.stdout CMSSW_6.stderr Watchdog_6.log.gz
>>> GridFlavour discovery: 
GridFlavour=LCG
>>> SyncSite discovery: 
SyncSite=T2_IT_Bari
>>> SyncCE discovery: 
getting SyncCE from CE_ID
SyncCE=cream-ce-2.ba.infn.it:8443/cream-pbs-cms
>>> info for dashboard:
***** Cat /home/cms037/home_cream_487948402/CREAM487948402/glide_3MDTon/execute/dir_762/jobreport.txt *****
WNHostName=alicegrid50.ba.infn.it
MonitorJobID=6_https://submit-6.t2.ucsd.edu//140616//168558.5
SyncGridJobId=https://submit-6.t2.ucsd.edu//140616//168558.5
MonitorID=calabria_MuMinus50_Case2_ReReco_ntj186
GridFlavour=LCG
SyncSite=T2_IT_Bari
SyncCE=cream-ce-2.ba.infn.it:8443/cream-pbs-cms
***** End Cat jobreport *****
Parameters sent to Dashboard.
>>> setup environment
set SCRAM ARCH to slc5_amd64_gcc472
SCRAM_ARCH = slc5_amd64_gcc472
>>> setup CMS LCG environment:
set SCRAM ARCH and BUILD_ARCH to slc5_amd64_gcc472 ###
Sourcing environment... 
sourcing /cvmfs/cms.cern.ch/cmsset_default.sh
==> setup cms environment ok
>>> specific cmssw setup environment:
CMSSW_VERSION =  CMSSW_6_2_0_SLHC12
>>> current directory (SOFTWARE_DIR): /home/cms037/home_cream_487948402/CREAM487948402/glide_3MDTon/execute/dir_762/CMSSW_6_2_0_SLHC12
PreserveSeeds: <>
IncrementSeeds:<>
>>> info for dashboard:
***** Cat /home/cms037/home_cream_487948402/CREAM487948402/glide_3MDTon/execute/dir_762/jobreport.txt *****
MonitorJobID=6_https://submit-6.t2.ucsd.edu//140616//168558.5
MonitorID=calabria_MuMinus50_Case2_ReReco_ntj186
***** End Cat jobreport *****
Parameters sent to Dashboard.
crabWatchdog started as process 4100
>>> moving CMSSW software directories in /home/cms037/home_cream_487948402/CREAM487948402/glide_3MDTon/execute/dir_762/CMSSW_6_2_0_SLHC12
mv: cannot stat `/home/cms037/home_cream_487948402/CREAM487948402/glide_3MDTon/execute/dir_762/module/': No such file or directory
>>> Include /home/cms037/home_cream_487948402/CREAM487948402/glide_3MDTon/execute/dir_762 in PYTHONPATH:
PYTHONPATH=/home/cms037/home_cream_487948402/CREAM487948402/glide_3MDTon/execute/dir_762/:/home/cms037/home_cream_487948402/CREAM487948402/glide_3MDTon/execute/dir_762/CMSSW_6_2_0_SLHC12/python:/home/cms037/home_cream_487948402/CREAM487948402/glide_3MDTon/execute/dir_762/CMSSW_6_2_0_SLHC12/lib/slc5_amd64_gcc472:/cvmfs/cms.cern.ch/slc5_amd64_gcc472/cms/cmssw/CMSSW_6_2_0_SLHC12/python:/cvmfs/cms.cern.ch/slc5_amd64_gcc472/cms/cmssw/CMSSW_6_2_0_SLHC12/lib/slc5_amd64_gcc472:/cvmfs/cms.cern.ch/slc5_amd64_gcc472/cms/coral/CORAL_2_3_21-cms36/slc5_amd64_gcc472/python:/cvmfs/cms.cern.ch/slc5_amd64_gcc472/cms/coral/CORAL_2_3_21-cms36/slc5_amd64_gcc472/lib:/cvmfs/cms.cern.ch/slc5_amd64_gcc472/external/pyqt/4.8.1-cms6/lib/python2.7/site-packages:/cvmfs/cms.cern.ch/slc5_amd64_gcc472/external/py2-scipy/0.8.0-cms8/lib/python2.7/site-packages:/cvmfs/cms.cern.ch/slc5_amd64_gcc472/external/py2-matplotlib/1.0.1-cms8/lib/python2.7/site-packages:/cvmfs/cms.cern.ch/slc5_amd64_gcc472/external/python-ldap/2.3.5-cms6/lib/python2.7/site-packages:/cvmfs/cms.cern.ch/slc5_amd64_gcc472/external/sip/4.11.2-cms6/lib/python2.7/site-packages:/cvmfs/cms.cern.ch/slc5_amd64_gcc472/external/py2-pycurl/7.19.0-cms8/lib/python2.7/site-packages:/cvmfs/cms.cern.ch/slc5_amd64_gcc472/external/py2-numpy/1.6.1-cms8/lib/python2.7/site-packages:/cvmfs/cms.cern.ch/slc5_amd64_gcc472/external/py2-lint/0.25.1-cms6/lib/python2.7/site-packages:/cvmfs/cms.cern.ch/slc5_amd64_gcc472/external/py2-ipython/0.10-cms6/lib/python2.7/site-packages:/cvmfs/cms.cern.ch/slc5_amd64_gcc472/external/py2-cx-oracle/5.1-cms7/lib/python2.7/site-packages:/cvmfs/cms.cern.ch/slc5_amd64_gcc472/external/py2-cjson/1.0.5-cms6/lib/python2.7/site-packages:/cvmfs/cms.cern.ch/slc5_amd64_gcc472/cms/das-client/1.11.7/bin:/cvmfs/cms.cern.ch/slc5_amd64_gcc472/external/elementtree/1.2.6-cms6/share/lib/python2.7/site-packages:/cvmfs/cms.cern.ch/slc5_amd64_gcc472/external/rivet/1.8.2-cms8/lib/python2.7/site-packages:/cvmfs/cms.cern.ch/slc5_amd64_gcc472/external/pyminuit2/0.0.1-cms19/lib/python2.7/site-packages:/cvmfs/cms.cern.ch/slc5_amd64_gcc472/external/py2-pygithub/1.23.0/lib/python2.7/site-packages:/cvmfs/cms.cern.ch/slc5_amd64_gcc472/external/professor/1.0.0-cms19/lib/python2.7/site-packages:/cvmfs/cms.cern.ch/slc5_amd64_gcc472/lcg/root/5.34.07-cms/lib:/cvmfs/cms.cern.ch/slc5_amd64_gcc472/cms/dbs-client/DBS_2_1_9-cms5/lib:/cvmfs/cms.cern.ch/slc5_amd64_gcc472/cms/dbs-client/DBS_2_1_9-cms5/lib/DBSAPI:/cvmfs/cms.cern.ch/slc5_amd64_gcc472/external/cvs2git/5419-cms/lib:/home/cms037/home_cream_487948402/CREAM487948402/glide_3MDTon/execute/dir_762/
 
# LIMITS USED BY CRAB WATCHDOG:
# RSS  (KBytes)   : 2300000
# VSZ  (KBytes)   : 100000000
# DISK (MBytes)   : 19000
# CPU TIME        : 720h:0m:0s
# WALL CLOCK TIME : 21h:50m:0s
 
5854dd31cbd3cdec44c48628cc181cf0
PSETHASH = 5854dd31cbd3cdec44c48628cc181cf0
/home/cms037/home_cream_487948402/CREAM487948402/glide_3MDTon/execute/dir_762/writeCfg.py pset.py pset.py
Importing .py file
Setting parameters
RandomNumberGeneratorService found, will attempt to change seeds
inputBlocks=/calabria_SingleMuPt50_GEN-SIM-DIGI-RECO_CMSSW_6_2_0_SLHC12_2023Scenario_Case2/calabria-calabria_SingleMuPt50_GEN-SIM-DIGI-RECO_CMSSW_6_2_0_SLHC12_2023Scenario_Case2-cd3731874e2e70f741b687550e03a01f/USER#7957ff84-f92c-4c2b-a9ce-073e6942c964
inputFiles=/store/user/calabria/calabria_SingleMuPt50_GEN-SIM-DIGI-RECO_CMSSW_6_2_0_SLHC12_2023Scenario_Case2/calabria_SingleMuPt50_GEN-SIM-DIGI-RECO_CMSSW_6_2_0_SLHC12_2023Scenario_Case2/cd3731874e2e70f741b687550e03a01f/out_reco_152_2_TfL.root;/store/user/calabria/calabria_SingleMuPt50_GEN-SIM-DIGI-RECO_CMSSW_6_2_0_SLHC12_2023Scenario_Case2/calabria_SingleMuPt50_GEN-SIM-DIGI-RECO_CMSSW_6_2_0_SLHC12_2023Scenario_Case2/cd3731874e2e70f741b687550e03a01f/out_reco_153_2_0bU.root;/store/user/calabria/calabria_SingleMuPt50_GEN-SIM-DIGI-RECO_CMSSW_6_2_0_SLHC12_2023Scenario_Case2/calabria_SingleMuPt50_GEN-SIM-DIGI-RECO_CMSSW_6_2_0_SLHC12_2023Scenario_Case2/cd3731874e2e70f741b687550e03a01f/out_reco_155_2_qVu.root;/store/user/calabria/calabria_SingleMuPt50_GEN-SIM-DIGI-RECO_CMSSW_6_2_0_SLHC12_2023Scenario_Case2/calabria_SingleMuPt50_GEN-SIM-DIGI-RECO_CMSSW_6_2_0_SLHC12_2023Scenario_Case2/cd3731874e2e70f741b687550e03a01f/out_reco_158_2_LAa.root;/store/user/calabria/calabria_SingleMuPt50_GEN-SIM-DIGI-RECO_CMSSW_6_2_0_SLHC12_2023Scenario_Case2/calabria_SingleMuPt50_GEN-SIM-DIGI-RECO_CMSSW_6_2_0_SLHC12_2023Scenario_Case2/cd3731874e2e70f741b687550e03a01f/out_reco_161_2_7Az.root;/store/user/calabria/calabria_SingleMuPt50_GEN-SIM-DIGI-RECO_CMSSW_6_2_0_SLHC12_2023Scenario_Case2/calabria_SingleMuPt50_GEN-SIM-DIGI-RECO_CMSSW_6_2_0_SLHC12_2023Scenario_Case2/cd3731874e2e70f741b687550e03a01f/out_reco_165_2_Yq2.root;/store/user/calabria/calabria_SingleMuPt50_GEN-SIM-DIGI-RECO_CMSSW_6_2_0_SLHC12_2023Scenario_Case2/calabria_SingleMuPt50_GEN-SIM-DIGI-RECO_CMSSW_6_2_0_SLHC12_2023Scenario_Case2/cd3731874e2e70f741b687550e03a01f/out_reco_166_2_gW7.root;/store/user/calabria/calabria_SingleMuPt50_GEN-SIM-DIGI-RECO_CMSSW_6_2_0_SLHC12_2023Scenario_Case2/calabria_SingleMuPt50_GEN-SIM-DIGI-RECO_CMSSW_6_2_0_SLHC12_2023Scenario_Case2/cd3731874e2e70f741b687550e03a01f/out_reco_171_2_fT6.root;/store/user/calabria/calabria_SingleMuPt50_GEN-SIM-DIGI-RECO_CMSSW_6_2_0_SLHC12_2023Scenario_Case2/calabria_SingleMuPt50_GEN-SIM-DIGI-RECO_CMSSW_6_2_0_SLHC12_2023Scenario_Case2/cd3731874e2e70f741b687550e03a01f/out_reco_175_2_HAx.root;/store/user/calabria/calabria_SingleMuPt50_GEN-SIM-DIGI-RECO_CMSSW_6_2_0_SLHC12_2023Scenario_Case2/calabria_SingleMuPt50_GEN-SIM-DIGI-RECO_CMSSW_6_2_0_SLHC12_2023Scenario_Case2/cd3731874e2e70f741b687550e03a01f/out_reco_176_2_b9Z.root
parentFiles=
lumisRange=
>>> Executable cmsRun
/cvmfs/cms.cern.ch/slc5_amd64_gcc472/cms/cmssw/CMSSW_6_2_0_SLHC12/bin/slc5_amd64_gcc472/cmsRun
ok executable found
>>> info for dashboard:
***** Cat /home/cms037/home_cream_487948402/CREAM487948402/glide_3MDTon/execute/dir_762/jobreport.txt *****
MonitorJobID=6_https://submit-6.t2.ucsd.edu//140616//168558.5
MonitorID=calabria_MuMinus50_Case2_ReReco_ntj186
ExeStart=cmsRun
***** End Cat jobreport *****
Parameters sent to Dashboard.
>>> cmsRun started at Tue Jun 17 23:32:27 UTC 2014
>>> cmsRun ended at Tue Jun 17 23:37:44 UTC 2014
>>> crab_fjr_*.xml  permission set to 0704
>>> info for dashboard:
***** Cat /home/cms037/home_cream_487948402/CREAM487948402/glide_3MDTon/execute/dir_762/jobreport.txt *****
MonitorJobID=6_https://submit-6.t2.ucsd.edu//140616//168558.5
MonitorID=calabria_MuMinus50_Case2_ReReco_ntj186
ExeEnd=cmsRun
***** End Cat jobreport *****
Parameters sent to Dashboard.
TIME_EXE = 317 sec
>>> cmsRun wrote 50 lines of stdout+stderr
>>> START OF printout of 50 lines from stdout+stderr
271 DQMStore::DQMStore 
HcalTopologyIdealEP::HcalTopologyIdealEP
18-Jun-2014 01:32:43 CEST  Initiating request to open file file:/lustre/cms//store/user/calabria/calabria_SingleMuPt50_GEN-SIM-DIGI-RECO_CMSSW_6_2_0_SLHC12_2023Scenario_Case2/calabria_SingleMuPt50_GEN-SIM-DIGI-RECO_CMSSW_6_2_0_SLHC12_2023Scenario_Case2/cd3731874e2e70f741b687550e03a01f/out_reco_152_2_TfL.root
18-Jun-2014 01:32:45 CEST  Successfully opened file file:/lustre/cms//store/user/calabria/calabria_SingleMuPt50_GEN-SIM-DIGI-RECO_CMSSW_6_2_0_SLHC12_2023Scenario_Case2/calabria_SingleMuPt50_GEN-SIM-DIGI-RECO_CMSSW_6_2_0_SLHC12_2023Scenario_Case2/cd3731874e2e70f741b687550e03a01f/out_reco_152_2_TfL.root
18-Jun-2014 01:33:18 CEST  Closed file file:/lustre/cms//store/user/calabria/calabria_SingleMuPt50_GEN-SIM-DIGI-RECO_CMSSW_6_2_0_SLHC12_2023Scenario_Case2/calabria_SingleMuPt50_GEN-SIM-DIGI-RECO_CMSSW_6_2_0_SLHC12_2023Scenario_Case2/cd3731874e2e70f741b687550e03a01f/out_reco_152_2_TfL.root
18-Jun-2014 01:33:18 CEST  Initiating request to open file file:/lustre/cms//store/user/calabria/calabria_SingleMuPt50_GEN-SIM-DIGI-RECO_CMSSW_6_2_0_SLHC12_2023Scenario_Case2/calabria_SingleMuPt50_GEN-SIM-DIGI-RECO_CMSSW_6_2_0_SLHC12_2023Scenario_Case2/cd3731874e2e70f741b687550e03a01f/out_reco_153_2_0bU.root
18-Jun-2014 01:33:19 CEST  Successfully opened file file:/lustre/cms//store/user/calabria/calabria_SingleMuPt50_GEN-SIM-DIGI-RECO_CMSSW_6_2_0_SLHC12_2023Scenario_Case2/calabria_SingleMuPt50_GEN-SIM-DIGI-RECO_CMSSW_6_2_0_SLHC12_2023Scenario_Case2/cd3731874e2e70f741b687550e03a01f/out_reco_153_2_0bU.root
18-Jun-2014 01:33:49 CEST  Closed file file:/lustre/cms//store/user/calabria/calabria_SingleMuPt50_GEN-SIM-DIGI-RECO_CMSSW_6_2_0_SLHC12_2023Scenario_Case2/calabria_SingleMuPt50_GEN-SIM-DIGI-RECO_CMSSW_6_2_0_SLHC12_2023Scenario_Case2/cd3731874e2e70f741b687550e03a01f/out_reco_153_2_0bU.root
18-Jun-2014 01:33:49 CEST  Initiating request to open file file:/lustre/cms//store/user/calabria/calabria_SingleMuPt50_GEN-SIM-DIGI-RECO_CMSSW_6_2_0_SLHC12_2023Scenario_Case2/calabria_SingleMuPt50_GEN-SIM-DIGI-RECO_CMSSW_6_2_0_SLHC12_2023Scenario_Case2/cd3731874e2e70f741b687550e03a01f/out_reco_155_2_qVu.root
18-Jun-2014 01:33:49 CEST  Successfully opened file file:/lustre/cms//store/user/calabria/calabria_SingleMuPt50_GEN-SIM-DIGI-RECO_CMSSW_6_2_0_SLHC12_2023Scenario_Case2/calabria_SingleMuPt50_GEN-SIM-DIGI-RECO_CMSSW_6_2_0_SLHC12_2023Scenario_Case2/cd3731874e2e70f741b687550e03a01f/out_reco_155_2_qVu.root
18-Jun-2014 01:34:23 CEST  Closed file file:/lustre/cms//store/user/calabria/calabria_SingleMuPt50_GEN-SIM-DIGI-RECO_CMSSW_6_2_0_SLHC12_2023Scenario_Case2/calabria_SingleMuPt50_GEN-SIM-DIGI-RECO_CMSSW_6_2_0_SLHC12_2023Scenario_Case2/cd3731874e2e70f741b687550e03a01f/out_reco_155_2_qVu.root
18-Jun-2014 01:34:23 CEST  Initiating request to open file file:/lustre/cms//store/user/calabria/calabria_SingleMuPt50_GEN-SIM-DIGI-RECO_CMSSW_6_2_0_SLHC12_2023Scenario_Case2/calabria_SingleMuPt50_GEN-SIM-DIGI-RECO_CMSSW_6_2_0_SLHC12_2023Scenario_Case2/cd3731874e2e70f741b687550e03a01f/out_reco_158_2_LAa.root
18-Jun-2014 01:34:23 CEST  Successfully opened file file:/lustre/cms//store/user/calabria/calabria_SingleMuPt50_GEN-SIM-DIGI-RECO_CMSSW_6_2_0_SLHC12_2023Scenario_Case2/calabria_SingleMuPt50_GEN-SIM-DIGI-RECO_CMSSW_6_2_0_SLHC12_2023Scenario_Case2/cd3731874e2e70f741b687550e03a01f/out_reco_158_2_LAa.root
18-Jun-2014 01:34:50 CEST  Closed file file:/lustre/cms//store/user/calabria/calabria_SingleMuPt50_GEN-SIM-DIGI-RECO_CMSSW_6_2_0_SLHC12_2023Scenario_Case2/calabria_SingleMuPt50_GEN-SIM-DIGI-RECO_CMSSW_6_2_0_SLHC12_2023Scenario_Case2/cd3731874e2e70f741b687550e03a01f/out_reco_158_2_LAa.root
18-Jun-2014 01:34:50 CEST  Initiating request to open file file:/lustre/cms//store/user/calabria/calabria_SingleMuPt50_GEN-SIM-DIGI-RECO_CMSSW_6_2_0_SLHC12_2023Scenario_Case2/calabria_SingleMuPt50_GEN-SIM-DIGI-RECO_CMSSW_6_2_0_SLHC12_2023Scenario_Case2/cd3731874e2e70f741b687550e03a01f/out_reco_161_2_7Az.root
18-Jun-2014 01:34:50 CEST  Successfully opened file file:/lustre/cms//store/user/calabria/calabria_SingleMuPt50_GEN-SIM-DIGI-RECO_CMSSW_6_2_0_SLHC12_2023Scenario_Case2/calabria_SingleMuPt50_GEN-SIM-DIGI-RECO_CMSSW_6_2_0_SLHC12_2023Scenario_Case2/cd3731874e2e70f741b687550e03a01f/out_reco_161_2_7Az.root
18-Jun-2014 01:35:14 CEST  Closed file file:/lustre/cms//store/user/calabria/calabria_SingleMuPt50_GEN-SIM-DIGI-RECO_CMSSW_6_2_0_SLHC12_2023Scenario_Case2/calabria_SingleMuPt50_GEN-SIM-DIGI-RECO_CMSSW_6_2_0_SLHC12_2023Scenario_Case2/cd3731874e2e70f741b687550e03a01f/out_reco_161_2_7Az.root
18-Jun-2014 01:35:14 CEST  Initiating request to open file file:/lustre/cms//store/user/calabria/calabria_SingleMuPt50_GEN-SIM-DIGI-RECO_CMSSW_6_2_0_SLHC12_2023Scenario_Case2/calabria_SingleMuPt50_GEN-SIM-DIGI-RECO_CMSSW_6_2_0_SLHC12_2023Scenario_Case2/cd3731874e2e70f741b687550e03a01f/out_reco_165_2_Yq2.root
18-Jun-2014 01:35:14 CEST  Successfully opened file file:/lustre/cms//store/user/calabria/calabria_SingleMuPt50_GEN-SIM-DIGI-RECO_CMSSW_6_2_0_SLHC12_2023Scenario_Case2/calabria_SingleMuPt50_GEN-SIM-DIGI-RECO_CMSSW_6_2_0_SLHC12_2023Scenario_Case2/cd3731874e2e70f741b687550e03a01f/out_reco_165_2_Yq2.root
18-Jun-2014 01:35:40 CEST  Closed file file:/lustre/cms//store/user/calabria/calabria_SingleMuPt50_GEN-SIM-DIGI-RECO_CMSSW_6_2_0_SLHC12_2023Scenario_Case2/calabria_SingleMuPt50_GEN-SIM-DIGI-RECO_CMSSW_6_2_0_SLHC12_2023Scenario_Case2/cd3731874e2e70f741b687550e03a01f/out_reco_165_2_Yq2.root
18-Jun-2014 01:35:40 CEST  Initiating request to open file file:/lustre/cms//store/user/calabria/calabria_SingleMuPt50_GEN-SIM-DIGI-RECO_CMSSW_6_2_0_SLHC12_2023Scenario_Case2/calabria_SingleMuPt50_GEN-SIM-DIGI-RECO_CMSSW_6_2_0_SLHC12_2023Scenario_Case2/cd3731874e2e70f741b687550e03a01f/out_reco_166_2_gW7.root
18-Jun-2014 01:35:40 CEST  Successfully opened file file:/lustre/cms//store/user/calabria/calabria_SingleMuPt50_GEN-SIM-DIGI-RECO_CMSSW_6_2_0_SLHC12_2023Scenario_Case2/calabria_SingleMuPt50_GEN-SIM-DIGI-RECO_CMSSW_6_2_0_SLHC12_2023Scenario_Case2/cd3731874e2e70f741b687550e03a01f/out_reco_166_2_gW7.root
18-Jun-2014 01:36:05 CEST  Closed file file:/lustre/cms//store/user/calabria/calabria_SingleMuPt50_GEN-SIM-DIGI-RECO_CMSSW_6_2_0_SLHC12_2023Scenario_Case2/calabria_SingleMuPt50_GEN-SIM-DIGI-RECO_CMSSW_6_2_0_SLHC12_2023Scenario_Case2/cd3731874e2e70f741b687550e03a01f/out_reco_166_2_gW7.root
18-Jun-2014 01:36:05 CEST  Initiating request to open file file:/lustre/cms//store/user/calabria/calabria_SingleMuPt50_GEN-SIM-DIGI-RECO_CMSSW_6_2_0_SLHC12_2023Scenario_Case2/calabria_SingleMuPt50_GEN-SIM-DIGI-RECO_CMSSW_6_2_0_SLHC12_2023Scenario_Case2/cd3731874e2e70f741b687550e03a01f/out_reco_171_2_fT6.root
18-Jun-2014 01:36:05 CEST  Successfully opened file file:/lustre/cms//store/user/calabria/calabria_SingleMuPt50_GEN-SIM-DIGI-RECO_CMSSW_6_2_0_SLHC12_2023Scenario_Case2/calabria_SingleMuPt50_GEN-SIM-DIGI-RECO_CMSSW_6_2_0_SLHC12_2023Scenario_Case2/cd3731874e2e70f741b687550e03a01f/out_reco_171_2_fT6.root
18-Jun-2014 01:36:29 CEST  Closed file file:/lustre/cms//store/user/calabria/calabria_SingleMuPt50_GEN-SIM-DIGI-RECO_CMSSW_6_2_0_SLHC12_2023Scenario_Case2/calabria_SingleMuPt50_GEN-SIM-DIGI-RECO_CMSSW_6_2_0_SLHC12_2023Scenario_Case2/cd3731874e2e70f741b687550e03a01f/out_reco_171_2_fT6.root
18-Jun-2014 01:36:29 CEST  Initiating request to open file file:/lustre/cms//store/user/calabria/calabria_SingleMuPt50_GEN-SIM-DIGI-RECO_CMSSW_6_2_0_SLHC12_2023Scenario_Case2/calabria_SingleMuPt50_GEN-SIM-DIGI-RECO_CMSSW_6_2_0_SLHC12_2023Scenario_Case2/cd3731874e2e70f741b687550e03a01f/out_reco_175_2_HAx.root
18-Jun-2014 01:36:30 CEST  Successfully opened file file:/lustre/cms//store/user/calabria/calabria_SingleMuPt50_GEN-SIM-DIGI-RECO_CMSSW_6_2_0_SLHC12_2023Scenario_Case2/calabria_SingleMuPt50_GEN-SIM-DIGI-RECO_CMSSW_6_2_0_SLHC12_2023Scenario_Case2/cd3731874e2e70f741b687550e03a01f/out_reco_175_2_HAx.root
18-Jun-2014 01:36:54 CEST  Closed file file:/lustre/cms//store/user/calabria/calabria_SingleMuPt50_GEN-SIM-DIGI-RECO_CMSSW_6_2_0_SLHC12_2023Scenario_Case2/calabria_SingleMuPt50_GEN-SIM-DIGI-RECO_CMSSW_6_2_0_SLHC12_2023Scenario_Case2/cd3731874e2e70f741b687550e03a01f/out_reco_175_2_HAx.root
18-Jun-2014 01:36:54 CEST  Initiating request to open file file:/lustre/cms//store/user/calabria/calabria_SingleMuPt50_GEN-SIM-DIGI-RECO_CMSSW_6_2_0_SLHC12_2023Scenario_Case2/calabria_SingleMuPt50_GEN-SIM-DIGI-RECO_CMSSW_6_2_0_SLHC12_2023Scenario_Case2/cd3731874e2e70f741b687550e03a01f/out_reco_176_2_b9Z.root
18-Jun-2014 01:36:54 CEST  Successfully opened file file:/lustre/cms//store/user/calabria/calabria_SingleMuPt50_GEN-SIM-DIGI-RECO_CMSSW_6_2_0_SLHC12_2023Scenario_Case2/calabria_SingleMuPt50_GEN-SIM-DIGI-RECO_CMSSW_6_2_0_SLHC12_2023Scenario_Case2/cd3731874e2e70f741b687550e03a01f/out_reco_176_2_b9Z.root
18-Jun-2014 01:37:43 CEST  Closed file file:/lustre/cms//store/user/calabria/calabria_SingleMuPt50_GEN-SIM-DIGI-RECO_CMSSW_6_2_0_SLHC12_2023Scenario_Case2/calabria_SingleMuPt50_GEN-SIM-DIGI-RECO_CMSSW_6_2_0_SLHC12_2023Scenario_Case2/cd3731874e2e70f741b687550e03a01f/out_reco_176_2_b9Z.root

=============================================

MessageLogger Summary

 type     category        sev    module        subroutine        count    total
 ---- -------------------- -- ---------------- ----------------  -----    -----
    1 fileAction           -s file_close                            10       10
    2 fileAction           -s file_open                             20       20

 type    category    Examples: run/evt        run/evt          run/evt
 ---- -------------------- ---------------- ---------------- ----------------
    1 fileAction           PostProcessEvent PostProcessEvent PostEndRun
    2 fileAction           pre-events       pre-events       PostProcessEvent

Severity    # Occurrences   Total Occurrences
--------    -------------   -----------------
System                 30                  30
>>> END OF printout of 50 lines from stdout+stderr
>>> Parse FrameworkJobReport crab_fjr.xml
Result of parsing the FrameworkJobReport crab_fjr.xml: Popularity start
lumisRange : 1::::1;1::::2;1::::3;1::::4;1::::5;1::::6;1::::7;1::::8;1::::9;1::::10;
lumisParentRange : 
Basename : /store/user/calabria/calabria_SingleMuPt50_GEN-SIM-DIGI-RECO_CMSSW_6_2_0_SLHC12_2023Scenario_Case2/calabria_SingleMuPt50_GEN-SIM-DIGI-RECO_CMSSW_6_2_0_SLHC12_2023Scenario_Case2/cd3731874e2e70f741b687550e03a01f/out_reco_1
BasenameParent : 
parentFiles : 
inputBlocks : /calabria_SingleMuPt50_GEN-SIM-DIGI-RECO_CMSSW_6_2_0_SLHC12_2023Scenario_Case2/calabria-calabria_SingleMuPt50_GEN-SIM-DIGI-RECO_CMSSW_6_2_0_SLHC12_2023Scenario_Case2-cd3731874e2e70f741b687550e03a01f/USER#7957ff84-f92c-4c2b-a9ce-073e6942c964
inputFiles : 76_2_b9Z.root::1::EDM::Local::1;55_2_qVu.root::1::EDM::Local::2;65_2_Yq2.root::1::EDM::Local::3;75_2_HAx.root::1::EDM::Local::4;61_2_7Az.root::1::EDM::Local::5;71_2_fT6.root::1::EDM::Local::6;66_2_gW7.root::1::EDM::Local::7;52_2_TfL.root::1::EDM::Local::8;58_2_LAa.root::1::EDM::Local::9;53_2_0bU.root::1::EDM::Local::10;
Popularity stop
Extracted ExitStatus from FrameworkJobReport parsing output: 0
>>> Executable succeded  0
ExeExitCode=0
EXECUTABLE_EXIT_STATUS = 0
>>> current directory /home/cms037/home_cream_487948402/CREAM487948402/glide_3MDTon/execute/dir_762/CMSSW_6_2_0_SLHC12
>>>  (SOFTWARE_DIR): /home/cms037/home_cream_487948402/CREAM487948402/glide_3MDTon/execute/dir_762/CMSSW_6_2_0_SLHC12
>>> (WORKING_DIR): 
>>> current directory content:
total 10520
drwxr-xr-x 3 cms037 cms    4096 Jun 18 01:32 .SCRAM
-rw------- 1 cms037 cms 3740339 Jun 18 01:32 CMSSW.py.pkl
drwxr-xr-x 3 cms037 cms    4096 Jun 18 01:32 bin
drwxr-xr-x 3 cms037 cms    4096 Jun 18 01:32 cfipython
drwxr-xr-x 4 cms037 cms    4096 Jun 18 01:32 config
-rw------- 1 cms037 cms      17 Jun 18 01:37 cpu_timing.txt
drwxr-xr-x 2 cms037 cms    4096 Jun 18 01:32 doc
-rw------- 1 cms037 cms    9925 Jun 18 01:37 executable.out
drwxr-xr-x 2 cms037 cms    4096 Jun 18 01:32 include
drwx------ 3 cms037 cms    4096 Apr 28 18:12 lib
drwxr-xr-x 3 cms037 cms    4096 Jun 18 01:32 logs
drwxr-xr-x 3 cms037 cms    4096 Jun 18 01:32 objs
-rw------- 1 cms037 cms     104 Jun 18 01:32 pset.py
-rw------- 1 cms037 cms 3712311 Jun 18 01:32 pset.py.pkl
-rw------- 1 cms037 cms     289 Jun 18 01:32 pset.pyc
drwxr-xr-x 2 cms037 cms    4096 Jun 18 01:32 python
-rw------- 1 cms037 cms     404 Jun 18 01:37 report.log
drwx------ 6 cms037 cms    4096 Jun 18 01:32 src
drwxr-xr-x 3 cms037 cms    4096 Jun 18 01:32 test
drwxr-xr-x 3 cms037 cms    4096 Jun 18 01:32 tmp
-rw------- 1 cms037 cms 3218871 Jun 18 01:37 validationEDM.root
>>> current directory /home/cms037/home_cream_487948402/CREAM487948402/glide_3MDTon/execute/dir_762/CMSSW_6_2_0_SLHC12
>>> (SOFTWARE_DIR): /home/cms037/home_cream_487948402/CREAM487948402/glide_3MDTon/execute/dir_762/CMSSW_6_2_0_SLHC12
>>> (WORKING_DIR): 
>>> current directory content:
total 10520
drwxr-xr-x 3 cms037 cms    4096 Jun 18 01:32 .SCRAM
-rw------- 1 cms037 cms 3740339 Jun 18 01:32 CMSSW.py.pkl
drwxr-xr-x 3 cms037 cms    4096 Jun 18 01:32 bin
drwxr-xr-x 3 cms037 cms    4096 Jun 18 01:32 cfipython
drwxr-xr-x 4 cms037 cms    4096 Jun 18 01:32 config
-rw------- 1 cms037 cms      17 Jun 18 01:37 cpu_timing.txt
drwxr-xr-x 2 cms037 cms    4096 Jun 18 01:32 doc
-rw------- 1 cms037 cms    9925 Jun 18 01:37 executable.out
drwxr-xr-x 2 cms037 cms    4096 Jun 18 01:32 include
drwx------ 3 cms037 cms    4096 Apr 28 18:12 lib
drwxr-xr-x 3 cms037 cms    4096 Jun 18 01:32 logs
drwxr-xr-x 3 cms037 cms    4096 Jun 18 01:32 objs
-rw------- 1 cms037 cms     104 Jun 18 01:32 pset.py
-rw------- 1 cms037 cms 3712311 Jun 18 01:32 pset.py.pkl
-rw------- 1 cms037 cms     289 Jun 18 01:32 pset.pyc
drwxr-xr-x 2 cms037 cms    4096 Jun 18 01:32 python
-rw------- 1 cms037 cms     404 Jun 18 01:37 report.log
drwx------ 6 cms037 cms    4096 Jun 18 01:32 src
drwxr-xr-x 3 cms037 cms    4096 Jun 18 01:32 test
drwxr-xr-x 3 cms037 cms    4096 Jun 18 01:32 tmp
-rw------- 1 cms037 cms 3218871 Jun 18 01:37 validationEDM_6_1_MCm.root
>>> current directory (RUNTIME_AREA):  /home/cms037/home_cream_487948402/CREAM487948402/glide_3MDTon/execute/dir_762
SE = storm-se-01.ba.infn.it
SE_PATH = /srm/managerv2?SFN=//cms/store/user/calabria/calabria_SingleMuPt50_GEN-SIM-DIGI-RECO_CMSSW_6_2_0_SLHC12_2023Scenario_Case2/calabria_MuMinus50_GEN-SIM-DIGI-RECO_CMSSW_6_2_0_SLHC12_2023Scenario_VALNOPU2_Case2/5854dd31cbd3cdec44c48628cc181cf0/
LFNBaseName = /store/user/calabria/calabria_SingleMuPt50_GEN-SIM-DIGI-RECO_CMSSW_6_2_0_SLHC12_2023Scenario_Case2/calabria_MuMinus50_GEN-SIM-DIGI-RECO_CMSSW_6_2_0_SLHC12_2023Scenario_VALNOPU2_Case2/5854dd31cbd3cdec44c48628cc181cf0/
USER = calabria
endpoint = srm://storm-se-01.ba.infn.it:8444/srm/managerv2?SFN=//cms/store/user/calabria/calabria_SingleMuPt50_GEN-SIM-DIGI-RECO_CMSSW_6_2_0_SLHC12_2023Scenario_Case2/calabria_MuMinus50_GEN-SIM-DIGI-RECO_CMSSW_6_2_0_SLHC12_2023Scenario_VALNOPU2_Case2/5854dd31cbd3cdec44c48628cc181cf0/
>>> Copy output files from WN = alicegrid50.ba.infn.it to /srm/managerv2?SFN=//cms/store/user/calabria/calabria_SingleMuPt50_GEN-SIM-DIGI-RECO_CMSSW_6_2_0_SLHC12_2023Scenario_Case2/calabria_MuMinus50_GEN-SIM-DIGI-RECO_CMSSW_6_2_0_SLHC12_2023Scenario_VALNOPU2_Case2/5854dd31cbd3cdec44c48628cc181cf0/ :
python cmscp.py  --destination srm://storm-se-01.ba.infn.it:8444/srm/managerv2?SFN=//cms/store/user/calabria/calabria_SingleMuPt50_GEN-SIM-DIGI-RECO_CMSSW_6_2_0_SLHC12_2023Scenario_Case2/calabria_MuMinus50_GEN-SIM-DIGI-RECO_CMSSW_6_2_0_SLHC12_2023Scenario_VALNOPU2_Case2/5854dd31cbd3cdec44c48628cc181cf0/ --inputFileList /home/cms037/home_cream_487948402/CREAM487948402/glide_3MDTon/execute/dir_762/CMSSW_6_2_0_SLHC12/validationEDM_6_1_MCm.root --middleware LCG --se_name storm-se-01.ba.infn.it --for_lfn /store/user/calabria/calabria_SingleMuPt50_GEN-SIM-DIGI-RECO_CMSSW_6_2_0_SLHC12_2023Scenario_Case2/calabria_MuMinus50_GEN-SIM-DIGI-RECO_CMSSW_6_2_0_SLHC12_2023Scenario_VALNOPU2_Case2/5854dd31cbd3cdec44c48628cc181cf0/    
******************************************************
localSeName  =  storm-se-01.ba.infn.it
remoteSeName =  storm-se-01.ba.infn.it
******************************************************
{"/home/cms037/home_cream_487948402/CREAM487948402/glide_3MDTon/execute/dir_762/CMSSW_6_2_0_SLHC12/validationEDM_6_1_MCm.root": {"endpoint": "srm://storm-se-01.ba.infn.it:8444/srm/managerv2?SFN=//cms/store/user/calabria/calabria_SingleMuPt50_GEN-SIM-DIGI-RECO_CMSSW_6_2_0_SLHC12_2023Scenario_Case2/calabria_MuMinus50_GEN-SIM-DIGI-RECO_CMSSW_6_2_0_SLHC12_2023Scenario_VALNOPU2_Case2/5854dd31cbd3cdec44c48628cc181cf0/", "surl_for_grid": "", "reason": "Copy succedeed with srm-lcg utils", "erCode": "0", "se_name": "storm-se-01.ba.infn.it", "for_lfn": "/store/user/calabria/calabria_SingleMuPt50_GEN-SIM-DIGI-RECO_CMSSW_6_2_0_SLHC12_2023Scenario_Case2/calabria_MuMinus50_GEN-SIM-DIGI-RECO_CMSSW_6_2_0_SLHC12_2023Scenario_VALNOPU2_Case2/5854dd31cbd3cdec44c48628cc181cf0/"}}/home/cms037/home_cream_487948402/CREAM487948402/glide_3MDTon/execute/dir_762
-------- cat /home/cms037/home_cream_487948402/CREAM487948402/glide_3MDTon/execute/dir_762/cmscpReport.sh 
#!/bin/bash
echo "Report for File: /home/cms037/home_cream_487948402/CREAM487948402/glide_3MDTon/execute/dir_762/CMSSW_6_2_0_SLHC12/validationEDM_6_1_MCm.root"
echo "LFN: /store/user/calabria/calabria_SingleMuPt50_GEN-SIM-DIGI-RECO_CMSSW_6_2_0_SLHC12_2023Scenario_Case2/calabria_MuMinus50_GEN-SIM-DIGI-RECO_CMSSW_6_2_0_SLHC12_2023Scenario_VALNOPU2_Case2/5854dd31cbd3cdec44c48628cc181cf0/validationEDM_6_1_MCm.root"
echo "StorageElement: storm-se-01.ba.infn.it"
echo "StageOutExitStatusReason = 'Copy succedeed with srm-lcg utils'" | tee -a $RUNTIME_AREA/$repo
echo "StageOutSE = storm-se-01.ba.infn.it" >> $RUNTIME_AREA/$repo

export StageOutExitStatus=0
echo "StageOutExitStatus = 0" | tee -a $RUNTIME_AREA/$repo
-------- end of /home/cms037/home_cream_487948402/CREAM487948402/glide_3MDTon/execute/dir_762/cmscpReport.sh 
Report for File: /home/cms037/home_cream_487948402/CREAM487948402/glide_3MDTon/execute/dir_762/CMSSW_6_2_0_SLHC12/validationEDM_6_1_MCm.root
LFN: /store/user/calabria/calabria_SingleMuPt50_GEN-SIM-DIGI-RECO_CMSSW_6_2_0_SLHC12_2023Scenario_Case2/calabria_MuMinus50_GEN-SIM-DIGI-RECO_CMSSW_6_2_0_SLHC12_2023Scenario_VALNOPU2_Case2/5854dd31cbd3cdec44c48628cc181cf0/validationEDM_6_1_MCm.root
StorageElement: storm-se-01.ba.infn.it
StageOutExitStatusReason = 'Copy succedeed with srm-lcg utils'
StageOutExitStatus = 0
>>> current dir: /home/cms037/home_cream_487948402/CREAM487948402/glide_3MDTon/execute/dir_762
>>> current dir content:
total 28080
-rw-------  1 cms037 cms     2766 Jun 18 01:38 .SEinteraction.log
-rwx------  1 cms037 cms     6805 Jun 18 01:32 .job.ad
-rwx------  1 cms037 cms     9456 Jun 18 01:32 .machine.ad
-rw-------  1 cms037 cms      105 Jun 16 20:36 CMSSW.py
-rw-------  1 cms037 cms  3740339 Jun 16 20:36 CMSSW.py.pkl
-rwx------  1 cms037 cms    29556 Jun 18 01:32 CMSSW.sh
drwxr-xr-x 15 cms037 cms     4096 Jun 18 01:37 CMSSW_6_2_0_SLHC12
-rw-------  1 cms037 cms      218 Jun 18 01:32 CacheEnv.sh
-rw-------  1 cms037 cms     7291 Apr  4 11:04 DashboardAPI.py
-rw-------  1 cms037 cms     6785 Jun 18 01:32 DashboardAPI.pyc
drwx------  2 cms037 cms     4096 Jun 18 01:37 IMProv
-rw-------  1 cms037 cms     2748 Apr  4 11:04 Logger.py
-rw-------  1 cms037 cms     3337 Jun 18 01:32 Logger.pyc
-rw-------  1 cms037 cms    24524 Apr  4 11:04 ProcInfo.py
-rw-------  1 cms037 cms    23149 Jun 18 01:32 ProcInfo.pyc
drwx------  7 cms037 cms     4096 Jun 18 01:32 ProdCommon
drwx------  3 cms037 cms     4096 Jun 18 01:32 WMCore
-rw-------  1 cms037 cms     2410 Jun 18 01:38 Watchdog_6.log
-rwx------  1 cms037 cms        0 Jun 18 01:32 _condor_stderr
-rwx---r--  1 cms037 cms    29346 Jun 18 01:38 _condor_stdout
-rw-------  1 cms037 cms    32895 Apr  4 11:04 apmon.py
-rw-------  1 cms037 cms    28567 Jun 18 01:32 apmon.pyc
-rwx------  1 cms037 cms    53790 Jun 18 01:32 arguments.xml
-rwx------  1 cms037 cms    38515 Apr  4 11:04 cmscp.py
-rw-------  1 cms037 cms      714 Jun 18 01:38 cmscpReport.sh
-rwx------  1 cms037 cms    29556 Jun 18 01:32 condor_exec.exe
-rw-------  1 cms037 cms      958 Jun 16 20:36 crab.cfg
-rwx------  1 cms037 cms     8610 Apr  4 11:04 crabWatchdog.sh
-rwx---r--  1 cms037 cms   523264 Jun 18 01:37 crab_fjr_6.xml
-rwx------  1 cms037 cms 23958456 Jun 18 01:32 default.tgz
-rwx------  1 cms037 cms     4488 Apr  4 11:04 fillCrabFjr.py
-rw-------  1 cms037 cms     2629 Jun 18 01:32 inputsReport.txt
-rw-------  1 cms037 cms      259 Jun 18 01:38 jobreport.txt
-rw-------  1 cms037 cms    17352 Apr  4 11:04 parseCrabFjr.py
-rw-------  1 cms037 cms      329 Jun 18 01:32 report.log
-rwx--x--x  1 cms037 cms     1497 Apr  4 11:04 report.py
-rw-------  1 cms037 cms      769 Jun 18 01:38 resultCopyFile
lrwxrwxrwx  1 cms037 cms      123 Jun 18 01:37 validationEDM.root -> /home/cms037/home_cream_487948402/CREAM487948402/glide_3MDTon/execute/dir_762/CMSSW_6_2_0_SLHC12/validationEDM_6_1_MCm.root
-rwx------  1 cms037 cms     8387 Apr  4 11:04 writeCfg.py
-rw-------  1 cms037 cms     8010 Jun 18 01:32 x509up_u50707
>>> Modify Job Report:
CMSSW_VERSION = CMSSW_6_2_0_SLHC12
ProcessedDataset = calabria_MuMinus50_GEN-SIM-DIGI-RECO_CMSSW_6_2_0_SLHC12_2023Scenario_VALNOPU2_Case2
/home/cms037/home_cream_487948402/CREAM487948402/glide_3MDTon/execute/dir_762/ProdCommon/FwkJobRep/ModifyJobReport.py fjr /home/cms037/home_cream_487948402/CREAM487948402/glide_3MDTon/execute/dir_762/crab_fjr_6.xml json /home/cms037/home_cream_487948402/CREAM487948402/glide_3MDTon/execute/dir_762/resultCopyFile n_job 6_1_MCm PrimaryDataset calabria_SingleMuPt50_GEN-SIM-DIGI-RECO_CMSSW_6_2_0_SLHC12_2023Scenario_Case2  ApplicationFamily cmsRun ApplicationName cmsRun cmssw_version CMSSW_6_2_0_SLHC12 psethash 5854dd31cbd3cdec44c48628cc181cf0 UserProcessedDataset calabria-calabria_MuMinus50_GEN-SIM-DIGI-RECO_CMSSW_6_2_0_SLHC12_2023Scenario_VALNOPU2_Case2-5854dd31cbd3cdec44c48628cc181cf0
inputDict =  {u'/home/cms037/home_cream_487948402/CREAM487948402/glide_3MDTon/execute/dir_762/CMSSW_6_2_0_SLHC12/validationEDM_6_1_MCm.root': {u'endpoint': u'srm://storm-se-01.ba.infn.it:8444/srm/managerv2?SFN=//cms/store/user/calabria/calabria_SingleMuPt50_GEN-SIM-DIGI-RECO_CMSSW_6_2_0_SLHC12_2023Scenario_Case2/calabria_MuMinus50_GEN-SIM-DIGI-RECO_CMSSW_6_2_0_SLHC12_2023Scenario_VALNOPU2_Case2/5854dd31cbd3cdec44c48628cc181cf0/', u'surl_for_grid': u'', u'reason': u'Copy succedeed with srm-lcg utils', u'erCode': u'0', u'se_name': u'storm-se-01.ba.infn.it', u'for_lfn': u'/store/user/calabria/calabria_SingleMuPt50_GEN-SIM-DIGI-RECO_CMSSW_6_2_0_SLHC12_2023Scenario_Case2/calabria_MuMinus50_GEN-SIM-DIGI-RECO_CMSSW_6_2_0_SLHC12_2023Scenario_VALNOPU2_Case2/5854dd31cbd3cdec44c48628cc181cf0/'}}
UserProcessedDataset =  calabria-calabria_MuMinus50_GEN-SIM-DIGI-RECO_CMSSW_6_2_0_SLHC12_2023Scenario_VALNOPU2_Case2-5854dd31cbd3cdec44c48628cc181cf0
file_name in inputDict =  /home/cms037/home_cream_487948402/CREAM487948402/glide_3MDTon/execute/dir_762/CMSSW_6_2_0_SLHC12/validationEDM_6_1_MCm.root
(size) os.stat(filename)[6] =  3218871
checksum =  3277010291
    file =  validationEDM_6_1_MCm.root
    newPfn =  srm://storm-se-01.ba.infn.it:8444/srm/managerv2?SFN=//cms/store/user/calabria/calabria_SingleMuPt50_GEN-SIM-DIGI-RECO_CMSSW_6_2_0_SLHC12_2023Scenario_Case2/calabria_MuMinus50_GEN-SIM-DIGI-RECO_CMSSW_6_2_0_SLHC12_2023Scenario_VALNOPU2_Case2/5854dd31cbd3cdec44c48628cc181cf0/validationEDM_6_1_MCm.root
    newLfn =  /store/user/calabria/calabria_SingleMuPt50_GEN-SIM-DIGI-RECO_CMSSW_6_2_0_SLHC12_2023Scenario_Case2/calabria_MuMinus50_GEN-SIM-DIGI-RECO_CMSSW_6_2_0_SLHC12_2023Scenario_VALNOPU2_Case2/5854dd31cbd3cdec44c48628cc181cf0/validationEDM_6_1_MCm.root
>>> crab_fjr_*.xml  permission set to 0704
CrabWrapper EXIT_FUNC entered at Wed Jun 18 01:38:39 CEST 2014   -  Tue Jun 17 23:38:39 UTC 2014
Checking output files:  
will tar file crab_fjr_6.xml in  out_files_6
WARNING: output file CMSSW_6.stdout not found!
WARNING: output file CMSSW_6.stderr not found!
WARNING: output file Watchdog_6.log.gz not found!
>>> padding time: Sleeping the wrapper for 211 seconds
STOPPING WATCHDOG. CrabWatchdog PID is 4100
********** LAST 50 LINES OF WATCHDOG LOG
# RESOURCE USAGE SUMMARY FOR PROCESS ID  3361
USER       PID %CPU %MEM    VSZ   RSS TTY      STAT START   TIME COMMAND
cms037    3361  0.3  0.0   9496  1588 ?        D    01:32   0:00 /bin/sh /home/cms037/home_cream_487948402/CREAM487948402/glide_3MDTon/execute/dir_762/condor_exec.exe 6 1
 
# LIMITS USED BY CRAB WATCHDOG:
# RSS  (KBytes)   : 2300000
# VSZ  (KBytes)   : 100000000
# DISK (MBytes)   : 19000
# CPU TIME        : 720h:0m:0s
# WALL CLOCK TIME : 21h:50m:0s
 
# FOLLOWING PRINTOUT TRACKS MAXIMUM VALUES OF RESOURCES USE
# ONE LINE IS PRINTED EACH TIME A MAXIMUM CHANGES
# IF CHANGE WAS IN RSS OR VSZ ALSO PROCID AND COMMAND ARE PRINTED
# THERE IS NO PRINTOUT FOR CPU/WALL TIME INCREASE
 
# TIME			PID	RSS(KB)	VSZ(KB)	Dsk(MB)	tCPU(s)	tWALL(s)	COMMAND
 Jun 18 01:32:15 CEST	762	8420	93612	0	0	1	condor_starter -f submit-6.t2.ucsd.edu        
 Jun 18 01:32:15 CEST	4276	29952	93612	0	0	1	edmConfigHash pset.py         
 Jun 18 01:32:15 CEST	14652	29952	93780	0	4	1	condor_startd -f         
 Jun 18 01:32:15 CEST	32232	29952	106092	0	0	1	sh -c "./glidein_startup.sh" -v std -name v1_3 -entry CMS_T2_IT_Bari_ce2 -clientname UCSD-v1_0.main
 Jun 18 01:32:15 CEST	32238	29952	106492	0	0	1	/bin/bash ./glidein_startup.sh -v std -name v1_3 -entry CMS_T2_IT_Bari_ce2 -clientname UCSD-v1_0.main -schedd
 Jun 18 01:32:15 CEST	---	29952	106492	171	----	----	----
 Jun 18 01:33:16 CEST	5445	768416	980556	171	42	62	cmsRun -j /home/cms037/home_cream_487948402/CREAM487948402/glide_3MDTon/execute/dir_762/crab_fjr_6.xml -p pset.py      
 Jun 18 01:33:16 CEST	---	768416	980556	175	----	----	----
 Jun 18 01:34:17 CEST	5445	795196	1006352	175	90	123	cmsRun -j /home/cms037/home_cream_487948402/CREAM487948402/glide_3MDTon/execute/dir_762/crab_fjr_6.xml -p pset.py      
 Jun 18 01:35:18 CEST	5445	795196	1024856	175	136	183	cmsRun -j /home/cms037/home_cream_487948402/CREAM487948402/glide_3MDTon/execute/dir_762/crab_fjr_6.xml -p pset.py      
 Jun 18 01:36:19 CEST	5445	795196	1025112	175	184	244	cmsRun -j /home/cms037/home_cream_487948402/CREAM487948402/glide_3MDTon/execute/dir_762/crab_fjr_6.xml -p pset.py      
 Jun 18 01:37:20 CEST	5445	1232772	1707096	175	233	305	cmsRun -j /home/cms037/home_cream_487948402/CREAM487948402/glide_3MDTon/execute/dir_762/crab_fjr_6.xml -p pset.py      
 Jun 18 01:37:20 CEST	---	1232772	1707096	176	----	----	----
 Jun 18 01:38:21 CEST	---	1232772	1707096	179	----	----	----
********** WATCHDOG LOG ENDED
ZIPPING WATCHDOG LOG
Disk space used:
du -sh /home/cms037/home_cream_487948402/CREAM487948402/glide_3MDTon/execute/dir_762
179M	/home/cms037/home_cream_487948402/CREAM487948402/glide_3MDTon/execute/dir_762
Found unusual stdout, rename for OSB
`/home/cms037/home_cream_487948402/CREAM487948402/glide_3MDTon/execute/dir_762/_condor_stdout' -> `CMSSW_6.stdout'
Found unusual stderr, rename for OSB
`/home/cms037/home_cream_487948402/CREAM487948402/glide_3MDTon/execute/dir_762/_condor_stdout' -> `CMSSW_6.stderr'
crab_fjr_6.xml
CMSSW_6.stdout
CMSSW_6.stderr
Watchdog_6.log.gz
Total Output dimension: 69920
WARNING: output files size limit is set to: 50000000
Total Output dimension 69920 is fine.
JOB_EXIT_STATUS = 0
>>> info for dashboard:
***** Cat /home/cms037/home_cream_487948402/CREAM487948402/glide_3MDTon/execute/dir_762/jobreport.txt *****
MonitorJobID=6_https://submit-6.t2.ucsd.edu//140616//168558.5
MonitorID=calabria_MuMinus50_Case2_ReReco_ntj186
ExeTime=317
ExeExitCode=0
StageOutExitStatusReason = 'Copy succedeed with srm-lcg utils'
StageOutSE = storm-se-01.ba.infn.it
StageOutExitStatus = 0
CrabUserCpuTime=232.51
CrabSysCpuTime=24.57
CrabCpuPercentage=81%
CrabWrapperTime=600
CrabStageoutTime=48
JobExitCode=0
***** End Cat jobreport *****
Parameters sent to Dashboard.
EXITING at Wed Jun 18 01:42:16 CEST 2014  -  Tue Jun 17 23:42:16 UTC 2014
