This script was generated by crab (version 2.10.5_patch1).
Running /home/cms043/home_cream_875957013/CREAM875957013/glide_wOGgXM/execute/dir_2269/condor_exec.exe with 2 positional parameters: 9 1
Today is Wed Jun 18 01:32:22 CEST 2014 - Tue Jun 17 23:32:22 UTC 2014
Job submitted on host pccms143.ba.infn.it
Linux pccms143.ba.infn.it 2.6.32-358.23.2.el6.x86_64 #1 SMP Thu Oct 17 10:27:22 CEST 2013 x86_64 x86_64 x86_64 GNU/Linux
>>> current directory (RUNTIME_AREA): /home/cms043/home_cream_875957013/CREAM875957013/glide_wOGgXM/execute/dir_2269
>>> current user: uid=18637(cms043) gid=1399(cms) groups=1399(cms)
>>> directory permission set to 0700
>>> umask set to:  u=rwx,g=,o=
>>> stdout stderr permission set to 0704
>>> voms proxy information:
subject   : /C=IT/O=INFN/OU=Personal Certificate/L=Bari/CN=Cesare Calabria/CN=477126703/CN=1774515214
issuer    : /C=IT/O=INFN/OU=Personal Certificate/L=Bari/CN=Cesare Calabria/CN=477126703
identity  : /C=IT/O=INFN/OU=Personal Certificate/L=Bari/CN=Cesare Calabria
type      : RFC3820 compliant limited proxy
strength  : 1024
path      : /home/cms043/home_cream_875957013/CREAM875957013/glide_wOGgXM/execute/dir_2269/x509up_u50707
timeleft  : 23:59:47
key usage : Digital Signature, Key Encipherment, Data Encipherment
=== VO cms extension information ===
VO        : cms
subject   : /C=IT/O=INFN/OU=Personal Certificate/L=Bari/CN=Cesare Calabria
issuer    : /DC=ch/DC=cern/OU=computers/CN=voms.cern.ch
attribute : /cms/Role=NULL/Capability=NULL
attribute : /cms/itcms/Role=NULL/Capability=NULL
timeleft  : 153:51:57
uri       : voms.cern.ch:15002

WNHostName=pccms143.ba.infn.it
>>> tar --no-same-permissions -xf /home/cms043/home_cream_875957013/CREAM875957013/glide_wOGgXM/execute/dir_2269/default.tgz :
Successful untar
>>> Include /home/cms043/home_cream_875957013/CREAM875957013/glide_wOGgXM/execute/dir_2269 in PYTHONPATH:
strip arguments
env var CRAB_UNIQUE_JOB_ID set to: calabria_MuMinus50_Case2_ReReco_ntj186_9_1_zq9
out_files_9
>>> list of expected files on output sandbox
output files: crab_fjr_9.xml CMSSW_9.stdout CMSSW_9.stderr Watchdog_9.log.gz
>>> GridFlavour discovery: 
GridFlavour=LCG
>>> SyncSite discovery: 
SyncSite=T2_IT_Bari
>>> SyncCE discovery: 
getting SyncCE from CE_ID
SyncCE=cream-ce-2.ba.infn.it:8443/cream-pbs-cms
>>> info for dashboard:
***** Cat /home/cms043/home_cream_875957013/CREAM875957013/glide_wOGgXM/execute/dir_2269/jobreport.txt *****
WNHostName=pccms143.ba.infn.it
MonitorJobID=9_https://submit-6.t2.ucsd.edu//140616//168558.8
SyncGridJobId=https://submit-6.t2.ucsd.edu//140616//168558.8
MonitorID=calabria_MuMinus50_Case2_ReReco_ntj186
GridFlavour=LCG
SyncSite=T2_IT_Bari
SyncCE=cream-ce-2.ba.infn.it:8443/cream-pbs-cms
***** End Cat jobreport *****
Parameters sent to Dashboard.
>>> setup environment
set SCRAM ARCH to slc5_amd64_gcc472
SCRAM_ARCH = slc5_amd64_gcc472
>>> setup CMS LCG environment:
set SCRAM ARCH and BUILD_ARCH to slc5_amd64_gcc472 ###
Sourcing environment... 
sourcing /cvmfs/cms.cern.ch/cmsset_default.sh
==> setup cms environment ok
>>> specific cmssw setup environment:
CMSSW_VERSION =  CMSSW_6_2_0_SLHC12
>>> current directory (SOFTWARE_DIR): /home/cms043/home_cream_875957013/CREAM875957013/glide_wOGgXM/execute/dir_2269/CMSSW_6_2_0_SLHC12
PreserveSeeds: <>
IncrementSeeds:<>
>>> info for dashboard:
***** Cat /home/cms043/home_cream_875957013/CREAM875957013/glide_wOGgXM/execute/dir_2269/jobreport.txt *****
MonitorJobID=9_https://submit-6.t2.ucsd.edu//140616//168558.8
MonitorID=calabria_MuMinus50_Case2_ReReco_ntj186
***** End Cat jobreport *****
Parameters sent to Dashboard.
crabWatchdog started as process 7053
>>> moving CMSSW software directories in /home/cms043/home_cream_875957013/CREAM875957013/glide_wOGgXM/execute/dir_2269/CMSSW_6_2_0_SLHC12
mv: cannot stat `/home/cms043/home_cream_875957013/CREAM875957013/glide_wOGgXM/execute/dir_2269/module/': No such file or directory
>>> Include /home/cms043/home_cream_875957013/CREAM875957013/glide_wOGgXM/execute/dir_2269 in PYTHONPATH:
PYTHONPATH=/home/cms043/home_cream_875957013/CREAM875957013/glide_wOGgXM/execute/dir_2269/:/home/cms043/home_cream_875957013/CREAM875957013/glide_wOGgXM/execute/dir_2269/CMSSW_6_2_0_SLHC12/python:/home/cms043/home_cream_875957013/CREAM875957013/glide_wOGgXM/execute/dir_2269/CMSSW_6_2_0_SLHC12/lib/slc5_amd64_gcc472:/cvmfs/cms.cern.ch/slc5_amd64_gcc472/cms/cmssw/CMSSW_6_2_0_SLHC12/python:/cvmfs/cms.cern.ch/slc5_amd64_gcc472/cms/cmssw/CMSSW_6_2_0_SLHC12/lib/slc5_amd64_gcc472:/cvmfs/cms.cern.ch/slc5_amd64_gcc472/cms/coral/CORAL_2_3_21-cms36/slc5_amd64_gcc472/python:/cvmfs/cms.cern.ch/slc5_amd64_gcc472/cms/coral/CORAL_2_3_21-cms36/slc5_amd64_gcc472/lib:/cvmfs/cms.cern.ch/slc5_amd64_gcc472/external/pyqt/4.8.1-cms6/lib/python2.7/site-packages:/cvmfs/cms.cern.ch/slc5_amd64_gcc472/external/py2-scipy/0.8.0-cms8/lib/python2.7/site-packages:/cvmfs/cms.cern.ch/slc5_amd64_gcc472/external/py2-matplotlib/1.0.1-cms8/lib/python2.7/site-packages:/cvmfs/cms.cern.ch/slc5_amd64_gcc472/external/python-ldap/2.3.5-cms6/lib/python2.7/site-packages:/cvmfs/cms.cern.ch/slc5_amd64_gcc472/external/sip/4.11.2-cms6/lib/python2.7/site-packages:/cvmfs/cms.cern.ch/slc5_amd64_gcc472/external/py2-pycurl/7.19.0-cms8/lib/python2.7/site-packages:/cvmfs/cms.cern.ch/slc5_amd64_gcc472/external/py2-numpy/1.6.1-cms8/lib/python2.7/site-packages:/cvmfs/cms.cern.ch/slc5_amd64_gcc472/external/py2-lint/0.25.1-cms6/lib/python2.7/site-packages:/cvmfs/cms.cern.ch/slc5_amd64_gcc472/external/py2-ipython/0.10-cms6/lib/python2.7/site-packages:/cvmfs/cms.cern.ch/slc5_amd64_gcc472/external/py2-cx-oracle/5.1-cms7/lib/python2.7/site-packages:/cvmfs/cms.cern.ch/slc5_amd64_gcc472/external/py2-cjson/1.0.5-cms6/lib/python2.7/site-packages:/cvmfs/cms.cern.ch/slc5_amd64_gcc472/cms/das-client/1.11.7/bin:/cvmfs/cms.cern.ch/slc5_amd64_gcc472/external/elementtree/1.2.6-cms6/share/lib/python2.7/site-packages:/cvmfs/cms.cern.ch/slc5_amd64_gcc472/external/rivet/1.8.2-cms8/lib/python2.7/site-packages:/cvmfs/cms.cern.ch/slc5_amd64_gcc472/external/pyminuit2/0.0.1-cms19/lib/python2.7/site-packages:/cvmfs/cms.cern.ch/slc5_amd64_gcc472/external/py2-pygithub/1.23.0/lib/python2.7/site-packages:/cvmfs/cms.cern.ch/slc5_amd64_gcc472/external/professor/1.0.0-cms19/lib/python2.7/site-packages:/cvmfs/cms.cern.ch/slc5_amd64_gcc472/lcg/root/5.34.07-cms/lib:/cvmfs/cms.cern.ch/slc5_amd64_gcc472/cms/dbs-client/DBS_2_1_9-cms5/lib:/cvmfs/cms.cern.ch/slc5_amd64_gcc472/cms/dbs-client/DBS_2_1_9-cms5/lib/DBSAPI:/cvmfs/cms.cern.ch/slc5_amd64_gcc472/external/cvs2git/5419-cms/lib:/home/cms043/home_cream_875957013/CREAM875957013/glide_wOGgXM/execute/dir_2269/
 
# LIMITS USED BY CRAB WATCHDOG:
# RSS  (KBytes)   : 2300000
# VSZ  (KBytes)   : 100000000
# DISK (MBytes)   : 19000
# CPU TIME        : 720h:0m:0s
# WALL CLOCK TIME : 21h:50m:0s
 
5854dd31cbd3cdec44c48628cc181cf0
PSETHASH = 5854dd31cbd3cdec44c48628cc181cf0
/home/cms043/home_cream_875957013/CREAM875957013/glide_wOGgXM/execute/dir_2269/writeCfg.py pset.py pset.py
Importing .py file
Setting parameters
RandomNumberGeneratorService found, will attempt to change seeds
inputBlocks=/calabria_SingleMuPt50_GEN-SIM-DIGI-RECO_CMSSW_6_2_0_SLHC12_2023Scenario_Case2/calabria-calabria_SingleMuPt50_GEN-SIM-DIGI-RECO_CMSSW_6_2_0_SLHC12_2023Scenario_Case2-cd3731874e2e70f741b687550e03a01f/USER#7957ff84-f92c-4c2b-a9ce-073e6942c964
inputFiles=/store/user/calabria/calabria_SingleMuPt50_GEN-SIM-DIGI-RECO_CMSSW_6_2_0_SLHC12_2023Scenario_Case2/calabria_SingleMuPt50_GEN-SIM-DIGI-RECO_CMSSW_6_2_0_SLHC12_2023Scenario_Case2/cd3731874e2e70f741b687550e03a01f/out_reco_232_2_l3g.root;/store/user/calabria/calabria_SingleMuPt50_GEN-SIM-DIGI-RECO_CMSSW_6_2_0_SLHC12_2023Scenario_Case2/calabria_SingleMuPt50_GEN-SIM-DIGI-RECO_CMSSW_6_2_0_SLHC12_2023Scenario_Case2/cd3731874e2e70f741b687550e03a01f/out_reco_236_2_7JI.root;/store/user/calabria/calabria_SingleMuPt50_GEN-SIM-DIGI-RECO_CMSSW_6_2_0_SLHC12_2023Scenario_Case2/calabria_SingleMuPt50_GEN-SIM-DIGI-RECO_CMSSW_6_2_0_SLHC12_2023Scenario_Case2/cd3731874e2e70f741b687550e03a01f/out_reco_245_2_2ME.root;/store/user/calabria/calabria_SingleMuPt50_GEN-SIM-DIGI-RECO_CMSSW_6_2_0_SLHC12_2023Scenario_Case2/calabria_SingleMuPt50_GEN-SIM-DIGI-RECO_CMSSW_6_2_0_SLHC12_2023Scenario_Case2/cd3731874e2e70f741b687550e03a01f/out_reco_250_2_Our.root;/store/user/calabria/calabria_SingleMuPt50_GEN-SIM-DIGI-RECO_CMSSW_6_2_0_SLHC12_2023Scenario_Case2/calabria_SingleMuPt50_GEN-SIM-DIGI-RECO_CMSSW_6_2_0_SLHC12_2023Scenario_Case2/cd3731874e2e70f741b687550e03a01f/out_reco_251_2_USU.root;/store/user/calabria/calabria_SingleMuPt50_GEN-SIM-DIGI-RECO_CMSSW_6_2_0_SLHC12_2023Scenario_Case2/calabria_SingleMuPt50_GEN-SIM-DIGI-RECO_CMSSW_6_2_0_SLHC12_2023Scenario_Case2/cd3731874e2e70f741b687550e03a01f/out_reco_256_2_Hm4.root;/store/user/calabria/calabria_SingleMuPt50_GEN-SIM-DIGI-RECO_CMSSW_6_2_0_SLHC12_2023Scenario_Case2/calabria_SingleMuPt50_GEN-SIM-DIGI-RECO_CMSSW_6_2_0_SLHC12_2023Scenario_Case2/cd3731874e2e70f741b687550e03a01f/out_reco_259_2_jDm.root;/store/user/calabria/calabria_SingleMuPt50_GEN-SIM-DIGI-RECO_CMSSW_6_2_0_SLHC12_2023Scenario_Case2/calabria_SingleMuPt50_GEN-SIM-DIGI-RECO_CMSSW_6_2_0_SLHC12_2023Scenario_Case2/cd3731874e2e70f741b687550e03a01f/out_reco_260_2_cOX.root;/store/user/calabria/calabria_SingleMuPt50_GEN-SIM-DIGI-RECO_CMSSW_6_2_0_SLHC12_2023Scenario_Case2/calabria_SingleMuPt50_GEN-SIM-DIGI-RECO_CMSSW_6_2_0_SLHC12_2023Scenario_Case2/cd3731874e2e70f741b687550e03a01f/out_reco_267_2_UTz.root;/store/user/calabria/calabria_SingleMuPt50_GEN-SIM-DIGI-RECO_CMSSW_6_2_0_SLHC12_2023Scenario_Case2/calabria_SingleMuPt50_GEN-SIM-DIGI-RECO_CMSSW_6_2_0_SLHC12_2023Scenario_Case2/cd3731874e2e70f741b687550e03a01f/out_reco_268_2_2SK.root
parentFiles=
lumisRange=
>>> Executable cmsRun
/cvmfs/cms.cern.ch/slc5_amd64_gcc472/cms/cmssw/CMSSW_6_2_0_SLHC12/bin/slc5_amd64_gcc472/cmsRun
ok executable found
>>> info for dashboard:
***** Cat /home/cms043/home_cream_875957013/CREAM875957013/glide_wOGgXM/execute/dir_2269/jobreport.txt *****
MonitorJobID=9_https://submit-6.t2.ucsd.edu//140616//168558.8
MonitorID=calabria_MuMinus50_Case2_ReReco_ntj186
ExeStart=cmsRun
***** End Cat jobreport *****
Parameters sent to Dashboard.
>>> cmsRun started at Tue Jun 17 23:32:49 UTC 2014
>>> cmsRun ended at Tue Jun 17 23:38:49 UTC 2014
>>> crab_fjr_*.xml  permission set to 0704
>>> info for dashboard:
***** Cat /home/cms043/home_cream_875957013/CREAM875957013/glide_wOGgXM/execute/dir_2269/jobreport.txt *****
MonitorJobID=9_https://submit-6.t2.ucsd.edu//140616//168558.8
MonitorID=calabria_MuMinus50_Case2_ReReco_ntj186
ExeEnd=cmsRun
***** End Cat jobreport *****
Parameters sent to Dashboard.
TIME_EXE = 360 sec
>>> cmsRun wrote 50 lines of stdout+stderr
>>> START OF printout of 50 lines from stdout+stderr
271 DQMStore::DQMStore 
HcalTopologyIdealEP::HcalTopologyIdealEP
18-Jun-2014 01:33:07 CEST  Initiating request to open file file:/lustre/cms//store/user/calabria/calabria_SingleMuPt50_GEN-SIM-DIGI-RECO_CMSSW_6_2_0_SLHC12_2023Scenario_Case2/calabria_SingleMuPt50_GEN-SIM-DIGI-RECO_CMSSW_6_2_0_SLHC12_2023Scenario_Case2/cd3731874e2e70f741b687550e03a01f/out_reco_232_2_l3g.root
18-Jun-2014 01:33:10 CEST  Successfully opened file file:/lustre/cms//store/user/calabria/calabria_SingleMuPt50_GEN-SIM-DIGI-RECO_CMSSW_6_2_0_SLHC12_2023Scenario_Case2/calabria_SingleMuPt50_GEN-SIM-DIGI-RECO_CMSSW_6_2_0_SLHC12_2023Scenario_Case2/cd3731874e2e70f741b687550e03a01f/out_reco_232_2_l3g.root
18-Jun-2014 01:33:43 CEST  Closed file file:/lustre/cms//store/user/calabria/calabria_SingleMuPt50_GEN-SIM-DIGI-RECO_CMSSW_6_2_0_SLHC12_2023Scenario_Case2/calabria_SingleMuPt50_GEN-SIM-DIGI-RECO_CMSSW_6_2_0_SLHC12_2023Scenario_Case2/cd3731874e2e70f741b687550e03a01f/out_reco_232_2_l3g.root
18-Jun-2014 01:33:43 CEST  Initiating request to open file file:/lustre/cms//store/user/calabria/calabria_SingleMuPt50_GEN-SIM-DIGI-RECO_CMSSW_6_2_0_SLHC12_2023Scenario_Case2/calabria_SingleMuPt50_GEN-SIM-DIGI-RECO_CMSSW_6_2_0_SLHC12_2023Scenario_Case2/cd3731874e2e70f741b687550e03a01f/out_reco_236_2_7JI.root
18-Jun-2014 01:33:44 CEST  Successfully opened file file:/lustre/cms//store/user/calabria/calabria_SingleMuPt50_GEN-SIM-DIGI-RECO_CMSSW_6_2_0_SLHC12_2023Scenario_Case2/calabria_SingleMuPt50_GEN-SIM-DIGI-RECO_CMSSW_6_2_0_SLHC12_2023Scenario_Case2/cd3731874e2e70f741b687550e03a01f/out_reco_236_2_7JI.root
18-Jun-2014 01:34:13 CEST  Closed file file:/lustre/cms//store/user/calabria/calabria_SingleMuPt50_GEN-SIM-DIGI-RECO_CMSSW_6_2_0_SLHC12_2023Scenario_Case2/calabria_SingleMuPt50_GEN-SIM-DIGI-RECO_CMSSW_6_2_0_SLHC12_2023Scenario_Case2/cd3731874e2e70f741b687550e03a01f/out_reco_236_2_7JI.root
18-Jun-2014 01:34:13 CEST  Initiating request to open file file:/lustre/cms//store/user/calabria/calabria_SingleMuPt50_GEN-SIM-DIGI-RECO_CMSSW_6_2_0_SLHC12_2023Scenario_Case2/calabria_SingleMuPt50_GEN-SIM-DIGI-RECO_CMSSW_6_2_0_SLHC12_2023Scenario_Case2/cd3731874e2e70f741b687550e03a01f/out_reco_245_2_2ME.root
18-Jun-2014 01:34:13 CEST  Successfully opened file file:/lustre/cms//store/user/calabria/calabria_SingleMuPt50_GEN-SIM-DIGI-RECO_CMSSW_6_2_0_SLHC12_2023Scenario_Case2/calabria_SingleMuPt50_GEN-SIM-DIGI-RECO_CMSSW_6_2_0_SLHC12_2023Scenario_Case2/cd3731874e2e70f741b687550e03a01f/out_reco_245_2_2ME.root
18-Jun-2014 01:34:45 CEST  Closed file file:/lustre/cms//store/user/calabria/calabria_SingleMuPt50_GEN-SIM-DIGI-RECO_CMSSW_6_2_0_SLHC12_2023Scenario_Case2/calabria_SingleMuPt50_GEN-SIM-DIGI-RECO_CMSSW_6_2_0_SLHC12_2023Scenario_Case2/cd3731874e2e70f741b687550e03a01f/out_reco_245_2_2ME.root
18-Jun-2014 01:34:45 CEST  Initiating request to open file file:/lustre/cms//store/user/calabria/calabria_SingleMuPt50_GEN-SIM-DIGI-RECO_CMSSW_6_2_0_SLHC12_2023Scenario_Case2/calabria_SingleMuPt50_GEN-SIM-DIGI-RECO_CMSSW_6_2_0_SLHC12_2023Scenario_Case2/cd3731874e2e70f741b687550e03a01f/out_reco_250_2_Our.root
18-Jun-2014 01:34:46 CEST  Successfully opened file file:/lustre/cms//store/user/calabria/calabria_SingleMuPt50_GEN-SIM-DIGI-RECO_CMSSW_6_2_0_SLHC12_2023Scenario_Case2/calabria_SingleMuPt50_GEN-SIM-DIGI-RECO_CMSSW_6_2_0_SLHC12_2023Scenario_Case2/cd3731874e2e70f741b687550e03a01f/out_reco_250_2_Our.root
18-Jun-2014 01:35:19 CEST  Closed file file:/lustre/cms//store/user/calabria/calabria_SingleMuPt50_GEN-SIM-DIGI-RECO_CMSSW_6_2_0_SLHC12_2023Scenario_Case2/calabria_SingleMuPt50_GEN-SIM-DIGI-RECO_CMSSW_6_2_0_SLHC12_2023Scenario_Case2/cd3731874e2e70f741b687550e03a01f/out_reco_250_2_Our.root
18-Jun-2014 01:35:19 CEST  Initiating request to open file file:/lustre/cms//store/user/calabria/calabria_SingleMuPt50_GEN-SIM-DIGI-RECO_CMSSW_6_2_0_SLHC12_2023Scenario_Case2/calabria_SingleMuPt50_GEN-SIM-DIGI-RECO_CMSSW_6_2_0_SLHC12_2023Scenario_Case2/cd3731874e2e70f741b687550e03a01f/out_reco_251_2_USU.root
18-Jun-2014 01:35:19 CEST  Successfully opened file file:/lustre/cms//store/user/calabria/calabria_SingleMuPt50_GEN-SIM-DIGI-RECO_CMSSW_6_2_0_SLHC12_2023Scenario_Case2/calabria_SingleMuPt50_GEN-SIM-DIGI-RECO_CMSSW_6_2_0_SLHC12_2023Scenario_Case2/cd3731874e2e70f741b687550e03a01f/out_reco_251_2_USU.root
18-Jun-2014 01:35:50 CEST  Closed file file:/lustre/cms//store/user/calabria/calabria_SingleMuPt50_GEN-SIM-DIGI-RECO_CMSSW_6_2_0_SLHC12_2023Scenario_Case2/calabria_SingleMuPt50_GEN-SIM-DIGI-RECO_CMSSW_6_2_0_SLHC12_2023Scenario_Case2/cd3731874e2e70f741b687550e03a01f/out_reco_251_2_USU.root
18-Jun-2014 01:35:50 CEST  Initiating request to open file file:/lustre/cms//store/user/calabria/calabria_SingleMuPt50_GEN-SIM-DIGI-RECO_CMSSW_6_2_0_SLHC12_2023Scenario_Case2/calabria_SingleMuPt50_GEN-SIM-DIGI-RECO_CMSSW_6_2_0_SLHC12_2023Scenario_Case2/cd3731874e2e70f741b687550e03a01f/out_reco_256_2_Hm4.root
18-Jun-2014 01:35:50 CEST  Successfully opened file file:/lustre/cms//store/user/calabria/calabria_SingleMuPt50_GEN-SIM-DIGI-RECO_CMSSW_6_2_0_SLHC12_2023Scenario_Case2/calabria_SingleMuPt50_GEN-SIM-DIGI-RECO_CMSSW_6_2_0_SLHC12_2023Scenario_Case2/cd3731874e2e70f741b687550e03a01f/out_reco_256_2_Hm4.root
18-Jun-2014 01:36:24 CEST  Closed file file:/lustre/cms//store/user/calabria/calabria_SingleMuPt50_GEN-SIM-DIGI-RECO_CMSSW_6_2_0_SLHC12_2023Scenario_Case2/calabria_SingleMuPt50_GEN-SIM-DIGI-RECO_CMSSW_6_2_0_SLHC12_2023Scenario_Case2/cd3731874e2e70f741b687550e03a01f/out_reco_256_2_Hm4.root
18-Jun-2014 01:36:24 CEST  Initiating request to open file file:/lustre/cms//store/user/calabria/calabria_SingleMuPt50_GEN-SIM-DIGI-RECO_CMSSW_6_2_0_SLHC12_2023Scenario_Case2/calabria_SingleMuPt50_GEN-SIM-DIGI-RECO_CMSSW_6_2_0_SLHC12_2023Scenario_Case2/cd3731874e2e70f741b687550e03a01f/out_reco_259_2_jDm.root
18-Jun-2014 01:36:24 CEST  Successfully opened file file:/lustre/cms//store/user/calabria/calabria_SingleMuPt50_GEN-SIM-DIGI-RECO_CMSSW_6_2_0_SLHC12_2023Scenario_Case2/calabria_SingleMuPt50_GEN-SIM-DIGI-RECO_CMSSW_6_2_0_SLHC12_2023Scenario_Case2/cd3731874e2e70f741b687550e03a01f/out_reco_259_2_jDm.root
18-Jun-2014 01:36:57 CEST  Closed file file:/lustre/cms//store/user/calabria/calabria_SingleMuPt50_GEN-SIM-DIGI-RECO_CMSSW_6_2_0_SLHC12_2023Scenario_Case2/calabria_SingleMuPt50_GEN-SIM-DIGI-RECO_CMSSW_6_2_0_SLHC12_2023Scenario_Case2/cd3731874e2e70f741b687550e03a01f/out_reco_259_2_jDm.root
18-Jun-2014 01:36:57 CEST  Initiating request to open file file:/lustre/cms//store/user/calabria/calabria_SingleMuPt50_GEN-SIM-DIGI-RECO_CMSSW_6_2_0_SLHC12_2023Scenario_Case2/calabria_SingleMuPt50_GEN-SIM-DIGI-RECO_CMSSW_6_2_0_SLHC12_2023Scenario_Case2/cd3731874e2e70f741b687550e03a01f/out_reco_260_2_cOX.root
18-Jun-2014 01:36:58 CEST  Successfully opened file file:/lustre/cms//store/user/calabria/calabria_SingleMuPt50_GEN-SIM-DIGI-RECO_CMSSW_6_2_0_SLHC12_2023Scenario_Case2/calabria_SingleMuPt50_GEN-SIM-DIGI-RECO_CMSSW_6_2_0_SLHC12_2023Scenario_Case2/cd3731874e2e70f741b687550e03a01f/out_reco_260_2_cOX.root
18-Jun-2014 01:37:31 CEST  Closed file file:/lustre/cms//store/user/calabria/calabria_SingleMuPt50_GEN-SIM-DIGI-RECO_CMSSW_6_2_0_SLHC12_2023Scenario_Case2/calabria_SingleMuPt50_GEN-SIM-DIGI-RECO_CMSSW_6_2_0_SLHC12_2023Scenario_Case2/cd3731874e2e70f741b687550e03a01f/out_reco_260_2_cOX.root
18-Jun-2014 01:37:31 CEST  Initiating request to open file file:/lustre/cms//store/user/calabria/calabria_SingleMuPt50_GEN-SIM-DIGI-RECO_CMSSW_6_2_0_SLHC12_2023Scenario_Case2/calabria_SingleMuPt50_GEN-SIM-DIGI-RECO_CMSSW_6_2_0_SLHC12_2023Scenario_Case2/cd3731874e2e70f741b687550e03a01f/out_reco_267_2_UTz.root
18-Jun-2014 01:37:31 CEST  Successfully opened file file:/lustre/cms//store/user/calabria/calabria_SingleMuPt50_GEN-SIM-DIGI-RECO_CMSSW_6_2_0_SLHC12_2023Scenario_Case2/calabria_SingleMuPt50_GEN-SIM-DIGI-RECO_CMSSW_6_2_0_SLHC12_2023Scenario_Case2/cd3731874e2e70f741b687550e03a01f/out_reco_267_2_UTz.root
18-Jun-2014 01:38:02 CEST  Closed file file:/lustre/cms//store/user/calabria/calabria_SingleMuPt50_GEN-SIM-DIGI-RECO_CMSSW_6_2_0_SLHC12_2023Scenario_Case2/calabria_SingleMuPt50_GEN-SIM-DIGI-RECO_CMSSW_6_2_0_SLHC12_2023Scenario_Case2/cd3731874e2e70f741b687550e03a01f/out_reco_267_2_UTz.root
18-Jun-2014 01:38:02 CEST  Initiating request to open file file:/lustre/cms//store/user/calabria/calabria_SingleMuPt50_GEN-SIM-DIGI-RECO_CMSSW_6_2_0_SLHC12_2023Scenario_Case2/calabria_SingleMuPt50_GEN-SIM-DIGI-RECO_CMSSW_6_2_0_SLHC12_2023Scenario_Case2/cd3731874e2e70f741b687550e03a01f/out_reco_268_2_2SK.root
18-Jun-2014 01:38:02 CEST  Successfully opened file file:/lustre/cms//store/user/calabria/calabria_SingleMuPt50_GEN-SIM-DIGI-RECO_CMSSW_6_2_0_SLHC12_2023Scenario_Case2/calabria_SingleMuPt50_GEN-SIM-DIGI-RECO_CMSSW_6_2_0_SLHC12_2023Scenario_Case2/cd3731874e2e70f741b687550e03a01f/out_reco_268_2_2SK.root
18-Jun-2014 01:38:46 CEST  Closed file file:/lustre/cms//store/user/calabria/calabria_SingleMuPt50_GEN-SIM-DIGI-RECO_CMSSW_6_2_0_SLHC12_2023Scenario_Case2/calabria_SingleMuPt50_GEN-SIM-DIGI-RECO_CMSSW_6_2_0_SLHC12_2023Scenario_Case2/cd3731874e2e70f741b687550e03a01f/out_reco_268_2_2SK.root

=============================================

MessageLogger Summary

 type     category        sev    module        subroutine        count    total
 ---- -------------------- -- ---------------- ----------------  -----    -----
    1 fileAction           -s file_close                            10       10
    2 fileAction           -s file_open                             20       20

 type    category    Examples: run/evt        run/evt          run/evt
 ---- -------------------- ---------------- ---------------- ----------------
    1 fileAction           PostProcessEvent PostProcessEvent PostEndRun
    2 fileAction           pre-events       pre-events       PostProcessEvent

Severity    # Occurrences   Total Occurrences
--------    -------------   -----------------
System                 30                  30
>>> END OF printout of 50 lines from stdout+stderr
>>> Parse FrameworkJobReport crab_fjr.xml
Result of parsing the FrameworkJobReport crab_fjr.xml: Popularity start
lumisRange : 1::::1;1::::2;1::::3;1::::4;1::::5;1::::6;1::::7;1::::8;1::::9;1::::10;
lumisParentRange : 
Basename : /store/user/calabria/calabria_SingleMuPt50_GEN-SIM-DIGI-RECO_CMSSW_6_2_0_SLHC12_2023Scenario_Case2/calabria_SingleMuPt50_GEN-SIM-DIGI-RECO_CMSSW_6_2_0_SLHC12_2023Scenario_Case2/cd3731874e2e70f741b687550e03a01f/out_reco_2
BasenameParent : 
parentFiles : 
inputBlocks : /calabria_SingleMuPt50_GEN-SIM-DIGI-RECO_CMSSW_6_2_0_SLHC12_2023Scenario_Case2/calabria-calabria_SingleMuPt50_GEN-SIM-DIGI-RECO_CMSSW_6_2_0_SLHC12_2023Scenario_Case2-cd3731874e2e70f741b687550e03a01f/USER#7957ff84-f92c-4c2b-a9ce-073e6942c964
inputFiles : 56_2_Hm4.root::1::EDM::Local::1;32_2_l3g.root::1::EDM::Local::2;51_2_USU.root::1::EDM::Local::3;68_2_2SK.root::1::EDM::Local::4;45_2_2ME.root::1::EDM::Local::5;67_2_UTz.root::1::EDM::Local::6;60_2_cOX.root::1::EDM::Local::7;59_2_jDm.root::1::EDM::Local::8;36_2_7JI.root::1::EDM::Local::9;50_2_Our.root::1::EDM::Local::10;
Popularity stop
Extracted ExitStatus from FrameworkJobReport parsing output: 0
>>> Executable succeded  0
ExeExitCode=0
EXECUTABLE_EXIT_STATUS = 0
>>> current directory /home/cms043/home_cream_875957013/CREAM875957013/glide_wOGgXM/execute/dir_2269/CMSSW_6_2_0_SLHC12
>>>  (SOFTWARE_DIR): /home/cms043/home_cream_875957013/CREAM875957013/glide_wOGgXM/execute/dir_2269/CMSSW_6_2_0_SLHC12
>>> (WORKING_DIR): 
>>> current directory content:
total 10540
drwxr-xr-x 3 cms043 cms    4096 Jun 18 01:32 .SCRAM
-rw------- 1 cms043 cms 3740339 Jun 18 01:32 CMSSW.py.pkl
drwxr-xr-x 3 cms043 cms    4096 Jun 18 01:32 bin
drwxr-xr-x 3 cms043 cms    4096 Jun 18 01:32 cfipython
drwxr-xr-x 4 cms043 cms    4096 Jun 18 01:32 config
-rw------- 1 cms043 cms      16 Jun 18 01:38 cpu_timing.txt
drwxr-xr-x 2 cms043 cms    4096 Jun 18 01:32 doc
-rw------- 1 cms043 cms    9925 Jun 18 01:38 executable.out
drwxr-xr-x 2 cms043 cms    4096 Jun 18 01:32 include
drwx------ 3 cms043 cms    4096 Apr 28 18:12 lib
drwxr-xr-x 3 cms043 cms    4096 Jun 18 01:32 logs
drwxr-xr-x 3 cms043 cms    4096 Jun 18 01:32 objs
-rw------- 1 cms043 cms     104 Jun 18 01:32 pset.py
-rw------- 1 cms043 cms 3712274 Jun 18 01:32 pset.py.pkl
-rw------- 1 cms043 cms     289 Jun 18 01:32 pset.pyc
drwxr-xr-x 2 cms043 cms    4096 Jun 18 01:32 python
-rw------- 1 cms043 cms     404 Jun 18 01:39 report.log
drwx------ 6 cms043 cms    4096 Jun 18 01:32 src
drwxr-xr-x 3 cms043 cms    4096 Jun 18 01:32 test
drwxr-xr-x 3 cms043 cms    4096 Jun 18 01:32 tmp
-rw------- 1 cms043 cms 3235965 Jun 18 01:38 validationEDM.root
>>> current directory /home/cms043/home_cream_875957013/CREAM875957013/glide_wOGgXM/execute/dir_2269/CMSSW_6_2_0_SLHC12
>>> (SOFTWARE_DIR): /home/cms043/home_cream_875957013/CREAM875957013/glide_wOGgXM/execute/dir_2269/CMSSW_6_2_0_SLHC12
>>> (WORKING_DIR): 
>>> current directory content:
total 10540
drwxr-xr-x 3 cms043 cms    4096 Jun 18 01:32 .SCRAM
-rw------- 1 cms043 cms 3740339 Jun 18 01:32 CMSSW.py.pkl
drwxr-xr-x 3 cms043 cms    4096 Jun 18 01:32 bin
drwxr-xr-x 3 cms043 cms    4096 Jun 18 01:32 cfipython
drwxr-xr-x 4 cms043 cms    4096 Jun 18 01:32 config
-rw------- 1 cms043 cms      16 Jun 18 01:38 cpu_timing.txt
drwxr-xr-x 2 cms043 cms    4096 Jun 18 01:32 doc
-rw------- 1 cms043 cms    9925 Jun 18 01:38 executable.out
drwxr-xr-x 2 cms043 cms    4096 Jun 18 01:32 include
drwx------ 3 cms043 cms    4096 Apr 28 18:12 lib
drwxr-xr-x 3 cms043 cms    4096 Jun 18 01:32 logs
drwxr-xr-x 3 cms043 cms    4096 Jun 18 01:32 objs
-rw------- 1 cms043 cms     104 Jun 18 01:32 pset.py
-rw------- 1 cms043 cms 3712274 Jun 18 01:32 pset.py.pkl
-rw------- 1 cms043 cms     289 Jun 18 01:32 pset.pyc
drwxr-xr-x 2 cms043 cms    4096 Jun 18 01:32 python
-rw------- 1 cms043 cms     404 Jun 18 01:39 report.log
drwx------ 6 cms043 cms    4096 Jun 18 01:32 src
drwxr-xr-x 3 cms043 cms    4096 Jun 18 01:32 test
drwxr-xr-x 3 cms043 cms    4096 Jun 18 01:32 tmp
-rw------- 1 cms043 cms 3235965 Jun 18 01:38 validationEDM_9_1_zq9.root
>>> current directory (RUNTIME_AREA):  /home/cms043/home_cream_875957013/CREAM875957013/glide_wOGgXM/execute/dir_2269
SE = storm-se-01.ba.infn.it
SE_PATH = /srm/managerv2?SFN=//cms/store/user/calabria/calabria_SingleMuPt50_GEN-SIM-DIGI-RECO_CMSSW_6_2_0_SLHC12_2023Scenario_Case2/calabria_MuMinus50_GEN-SIM-DIGI-RECO_CMSSW_6_2_0_SLHC12_2023Scenario_VALNOPU2_Case2/5854dd31cbd3cdec44c48628cc181cf0/
LFNBaseName = /store/user/calabria/calabria_SingleMuPt50_GEN-SIM-DIGI-RECO_CMSSW_6_2_0_SLHC12_2023Scenario_Case2/calabria_MuMinus50_GEN-SIM-DIGI-RECO_CMSSW_6_2_0_SLHC12_2023Scenario_VALNOPU2_Case2/5854dd31cbd3cdec44c48628cc181cf0/
USER = calabria
endpoint = srm://storm-se-01.ba.infn.it:8444/srm/managerv2?SFN=//cms/store/user/calabria/calabria_SingleMuPt50_GEN-SIM-DIGI-RECO_CMSSW_6_2_0_SLHC12_2023Scenario_Case2/calabria_MuMinus50_GEN-SIM-DIGI-RECO_CMSSW_6_2_0_SLHC12_2023Scenario_VALNOPU2_Case2/5854dd31cbd3cdec44c48628cc181cf0/
>>> Copy output files from WN = pccms143.ba.infn.it to /srm/managerv2?SFN=//cms/store/user/calabria/calabria_SingleMuPt50_GEN-SIM-DIGI-RECO_CMSSW_6_2_0_SLHC12_2023Scenario_Case2/calabria_MuMinus50_GEN-SIM-DIGI-RECO_CMSSW_6_2_0_SLHC12_2023Scenario_VALNOPU2_Case2/5854dd31cbd3cdec44c48628cc181cf0/ :
python cmscp.py  --destination srm://storm-se-01.ba.infn.it:8444/srm/managerv2?SFN=//cms/store/user/calabria/calabria_SingleMuPt50_GEN-SIM-DIGI-RECO_CMSSW_6_2_0_SLHC12_2023Scenario_Case2/calabria_MuMinus50_GEN-SIM-DIGI-RECO_CMSSW_6_2_0_SLHC12_2023Scenario_VALNOPU2_Case2/5854dd31cbd3cdec44c48628cc181cf0/ --inputFileList /home/cms043/home_cream_875957013/CREAM875957013/glide_wOGgXM/execute/dir_2269/CMSSW_6_2_0_SLHC12/validationEDM_9_1_zq9.root --middleware LCG --se_name storm-se-01.ba.infn.it --for_lfn /store/user/calabria/calabria_SingleMuPt50_GEN-SIM-DIGI-RECO_CMSSW_6_2_0_SLHC12_2023Scenario_Case2/calabria_MuMinus50_GEN-SIM-DIGI-RECO_CMSSW_6_2_0_SLHC12_2023Scenario_VALNOPU2_Case2/5854dd31cbd3cdec44c48628cc181cf0/    
******************************************************
localSeName  =  storm-se-01.ba.infn.it
remoteSeName =  storm-se-01.ba.infn.it
******************************************************
{"/home/cms043/home_cream_875957013/CREAM875957013/glide_wOGgXM/execute/dir_2269/CMSSW_6_2_0_SLHC12/validationEDM_9_1_zq9.root": {"endpoint": "srm://storm-se-01.ba.infn.it:8444/srm/managerv2?SFN=//cms/store/user/calabria/calabria_SingleMuPt50_GEN-SIM-DIGI-RECO_CMSSW_6_2_0_SLHC12_2023Scenario_Case2/calabria_MuMinus50_GEN-SIM-DIGI-RECO_CMSSW_6_2_0_SLHC12_2023Scenario_VALNOPU2_Case2/5854dd31cbd3cdec44c48628cc181cf0/", "surl_for_grid": "", "reason": "Copy succedeed with srm-lcg utils", "erCode": "0", "se_name": "storm-se-01.ba.infn.it", "for_lfn": "/store/user/calabria/calabria_SingleMuPt50_GEN-SIM-DIGI-RECO_CMSSW_6_2_0_SLHC12_2023Scenario_Case2/calabria_MuMinus50_GEN-SIM-DIGI-RECO_CMSSW_6_2_0_SLHC12_2023Scenario_VALNOPU2_Case2/5854dd31cbd3cdec44c48628cc181cf0/"}}/home/cms043/home_cream_875957013/CREAM875957013/glide_wOGgXM/execute/dir_2269
-------- cat /home/cms043/home_cream_875957013/CREAM875957013/glide_wOGgXM/execute/dir_2269/cmscpReport.sh 
#!/bin/bash
echo "Report for File: /home/cms043/home_cream_875957013/CREAM875957013/glide_wOGgXM/execute/dir_2269/CMSSW_6_2_0_SLHC12/validationEDM_9_1_zq9.root"
echo "LFN: /store/user/calabria/calabria_SingleMuPt50_GEN-SIM-DIGI-RECO_CMSSW_6_2_0_SLHC12_2023Scenario_Case2/calabria_MuMinus50_GEN-SIM-DIGI-RECO_CMSSW_6_2_0_SLHC12_2023Scenario_VALNOPU2_Case2/5854dd31cbd3cdec44c48628cc181cf0/validationEDM_9_1_zq9.root"
echo "StorageElement: storm-se-01.ba.infn.it"
echo "StageOutExitStatusReason = 'Copy succedeed with srm-lcg utils'" | tee -a $RUNTIME_AREA/$repo
echo "StageOutSE = storm-se-01.ba.infn.it" >> $RUNTIME_AREA/$repo

export StageOutExitStatus=0
echo "StageOutExitStatus = 0" | tee -a $RUNTIME_AREA/$repo
-------- end of /home/cms043/home_cream_875957013/CREAM875957013/glide_wOGgXM/execute/dir_2269/cmscpReport.sh 
Report for File: /home/cms043/home_cream_875957013/CREAM875957013/glide_wOGgXM/execute/dir_2269/CMSSW_6_2_0_SLHC12/validationEDM_9_1_zq9.root
LFN: /store/user/calabria/calabria_SingleMuPt50_GEN-SIM-DIGI-RECO_CMSSW_6_2_0_SLHC12_2023Scenario_Case2/calabria_MuMinus50_GEN-SIM-DIGI-RECO_CMSSW_6_2_0_SLHC12_2023Scenario_VALNOPU2_Case2/5854dd31cbd3cdec44c48628cc181cf0/validationEDM_9_1_zq9.root
StorageElement: storm-se-01.ba.infn.it
StageOutExitStatusReason = 'Copy succedeed with srm-lcg utils'
StageOutExitStatus = 0
>>> current dir: /home/cms043/home_cream_875957013/CREAM875957013/glide_wOGgXM/execute/dir_2269
>>> current dir content:
total 28080
-rw-------  1 cms043 cms     2771 Jun 18 01:40 .SEinteraction.log
-rwx------  1 cms043 cms     6810 Jun 18 01:32 .job.ad
-rwx------  1 cms043 cms     9449 Jun 18 01:32 .machine.ad
-rw-------  1 cms043 cms      105 Jun 16 20:36 CMSSW.py
-rw-------  1 cms043 cms  3740339 Jun 16 20:36 CMSSW.py.pkl
-rwx------  1 cms043 cms    29556 Jun 18 01:32 CMSSW.sh
drwxr-xr-x 15 cms043 cms     4096 Jun 18 01:39 CMSSW_6_2_0_SLHC12
-rw-------  1 cms043 cms      219 Jun 18 01:32 CacheEnv.sh
-rw-------  1 cms043 cms     7291 Apr  4 11:04 DashboardAPI.py
-rw-------  1 cms043 cms     6800 Jun 18 01:32 DashboardAPI.pyc
drwx------  2 cms043 cms     4096 Jun 18 01:39 IMProv
-rw-------  1 cms043 cms     2748 Apr  4 11:04 Logger.py
-rw-------  1 cms043 cms     3342 Jun 18 01:32 Logger.pyc
-rw-------  1 cms043 cms    24524 Apr  4 11:04 ProcInfo.py
-rw-------  1 cms043 cms    23173 Jun 18 01:32 ProcInfo.pyc
drwx------  7 cms043 cms     4096 Jun 18 01:32 ProdCommon
drwx------  3 cms043 cms     4096 Jun 18 01:32 WMCore
-rw-------  1 cms043 cms     2526 Jun 18 01:39 Watchdog_9.log
-rwx------  1 cms043 cms        0 Jun 18 01:32 _condor_stderr
-rwx---r--  1 cms043 cms    29363 Jun 18 01:40 _condor_stdout
-rw-------  1 cms043 cms    32895 Apr  4 11:04 apmon.py
-rw-------  1 cms043 cms    28596 Jun 18 01:32 apmon.pyc
-rwx------  1 cms043 cms    53790 Jun 18 01:32 arguments.xml
-rwx------  1 cms043 cms    38515 Apr  4 11:04 cmscp.py
-rw-------  1 cms043 cms      715 Jun 18 01:40 cmscpReport.sh
-rwx------  1 cms043 cms    29556 Jun 18 01:32 condor_exec.exe
-rw-------  1 cms043 cms      958 Jun 16 20:36 crab.cfg
-rwx------  1 cms043 cms     8610 Apr  4 11:04 crabWatchdog.sh
-rwx---r--  1 cms043 cms   523227 Jun 18 01:38 crab_fjr_9.xml
-rwx------  1 cms043 cms 23958456 Jun 18 01:32 default.tgz
-rwx------  1 cms043 cms     4488 Apr  4 11:04 fillCrabFjr.py
-rw-------  1 cms043 cms     2629 Jun 18 01:32 inputsReport.txt
-rw-------  1 cms043 cms      259 Jun 18 01:40 jobreport.txt
-rw-------  1 cms043 cms    17352 Apr  4 11:04 parseCrabFjr.py
-rw-------  1 cms043 cms      326 Jun 18 01:32 report.log
-rwx--x--x  1 cms043 cms     1497 Apr  4 11:04 report.py
-rw-------  1 cms043 cms      770 Jun 18 01:40 resultCopyFile
lrwxrwxrwx  1 cms043 cms      124 Jun 18 01:39 validationEDM.root -> /home/cms043/home_cream_875957013/CREAM875957013/glide_wOGgXM/execute/dir_2269/CMSSW_6_2_0_SLHC12/validationEDM_9_1_zq9.root
-rwx------  1 cms043 cms     8387 Apr  4 11:04 writeCfg.py
-rw-------  1 cms043 cms     8014 Jun 18 01:32 x509up_u50707
>>> Modify Job Report:
CMSSW_VERSION = CMSSW_6_2_0_SLHC12
ProcessedDataset = calabria_MuMinus50_GEN-SIM-DIGI-RECO_CMSSW_6_2_0_SLHC12_2023Scenario_VALNOPU2_Case2
/home/cms043/home_cream_875957013/CREAM875957013/glide_wOGgXM/execute/dir_2269/ProdCommon/FwkJobRep/ModifyJobReport.py fjr /home/cms043/home_cream_875957013/CREAM875957013/glide_wOGgXM/execute/dir_2269/crab_fjr_9.xml json /home/cms043/home_cream_875957013/CREAM875957013/glide_wOGgXM/execute/dir_2269/resultCopyFile n_job 9_1_zq9 PrimaryDataset calabria_SingleMuPt50_GEN-SIM-DIGI-RECO_CMSSW_6_2_0_SLHC12_2023Scenario_Case2  ApplicationFamily cmsRun ApplicationName cmsRun cmssw_version CMSSW_6_2_0_SLHC12 psethash 5854dd31cbd3cdec44c48628cc181cf0 UserProcessedDataset calabria-calabria_MuMinus50_GEN-SIM-DIGI-RECO_CMSSW_6_2_0_SLHC12_2023Scenario_VALNOPU2_Case2-5854dd31cbd3cdec44c48628cc181cf0
inputDict =  {u'/home/cms043/home_cream_875957013/CREAM875957013/glide_wOGgXM/execute/dir_2269/CMSSW_6_2_0_SLHC12/validationEDM_9_1_zq9.root': {u'endpoint': u'srm://storm-se-01.ba.infn.it:8444/srm/managerv2?SFN=//cms/store/user/calabria/calabria_SingleMuPt50_GEN-SIM-DIGI-RECO_CMSSW_6_2_0_SLHC12_2023Scenario_Case2/calabria_MuMinus50_GEN-SIM-DIGI-RECO_CMSSW_6_2_0_SLHC12_2023Scenario_VALNOPU2_Case2/5854dd31cbd3cdec44c48628cc181cf0/', u'surl_for_grid': u'', u'reason': u'Copy succedeed with srm-lcg utils', u'erCode': u'0', u'se_name': u'storm-se-01.ba.infn.it', u'for_lfn': u'/store/user/calabria/calabria_SingleMuPt50_GEN-SIM-DIGI-RECO_CMSSW_6_2_0_SLHC12_2023Scenario_Case2/calabria_MuMinus50_GEN-SIM-DIGI-RECO_CMSSW_6_2_0_SLHC12_2023Scenario_VALNOPU2_Case2/5854dd31cbd3cdec44c48628cc181cf0/'}}
UserProcessedDataset =  calabria-calabria_MuMinus50_GEN-SIM-DIGI-RECO_CMSSW_6_2_0_SLHC12_2023Scenario_VALNOPU2_Case2-5854dd31cbd3cdec44c48628cc181cf0
file_name in inputDict =  /home/cms043/home_cream_875957013/CREAM875957013/glide_wOGgXM/execute/dir_2269/CMSSW_6_2_0_SLHC12/validationEDM_9_1_zq9.root
(size) os.stat(filename)[6] =  3235965
checksum =  2229106538
    file =  validationEDM_9_1_zq9.root
    newPfn =  srm://storm-se-01.ba.infn.it:8444/srm/managerv2?SFN=//cms/store/user/calabria/calabria_SingleMuPt50_GEN-SIM-DIGI-RECO_CMSSW_6_2_0_SLHC12_2023Scenario_Case2/calabria_MuMinus50_GEN-SIM-DIGI-RECO_CMSSW_6_2_0_SLHC12_2023Scenario_VALNOPU2_Case2/5854dd31cbd3cdec44c48628cc181cf0/validationEDM_9_1_zq9.root
    newLfn =  /store/user/calabria/calabria_SingleMuPt50_GEN-SIM-DIGI-RECO_CMSSW_6_2_0_SLHC12_2023Scenario_Case2/calabria_MuMinus50_GEN-SIM-DIGI-RECO_CMSSW_6_2_0_SLHC12_2023Scenario_VALNOPU2_Case2/5854dd31cbd3cdec44c48628cc181cf0/validationEDM_9_1_zq9.root
>>> crab_fjr_*.xml  permission set to 0704
CrabWrapper EXIT_FUNC entered at Wed Jun 18 01:40:16 CEST 2014   -  Tue Jun 17 23:40:16 UTC 2014
Checking output files:  
will tar file crab_fjr_9.xml in  out_files_9
WARNING: output file CMSSW_9.stdout not found!
WARNING: output file CMSSW_9.stderr not found!
WARNING: output file Watchdog_9.log.gz not found!
>>> padding time: Sleeping the wrapper for 126 seconds
STOPPING WATCHDOG. CrabWatchdog PID is 7053
********** LAST 50 LINES OF WATCHDOG LOG
# RESOURCE USAGE SUMMARY FOR PROCESS ID  6486
USER       PID %CPU %MEM    VSZ   RSS TTY      STAT START   TIME COMMAND
cms043    6486  0.3  0.0   9500  1592 ?        S    01:32   0:00 /bin/sh /home/cms043/home_cream_875957013/CREAM875957013/glide_wOGgXM/execute/dir_2269/condor_exec.exe 9 1
 
# LIMITS USED BY CRAB WATCHDOG:
# RSS  (KBytes)   : 2300000
# VSZ  (KBytes)   : 100000000
# DISK (MBytes)   : 19000
# CPU TIME        : 720h:0m:0s
# WALL CLOCK TIME : 21h:50m:0s
 
# FOLLOWING PRINTOUT TRACKS MAXIMUM VALUES OF RESOURCES USE
# ONE LINE IS PRINTED EACH TIME A MAXIMUM CHANGES
# IF CHANGE WAS IN RSS OR VSZ ALSO PROCID AND COMMAND ARE PRINTED
# THERE IS NO PRINTOUT FOR CPU/WALL TIME INCREASE
 
# TIME			PID	RSS(KB)	VSZ(KB)	Dsk(MB)	tCPU(s)	tWALL(s)	COMMAND
 Jun 18 01:32:30 CEST	2269	8424	93612	0	0	0	condor_starter -f submit-6.t2.ucsd.edu        
 Jun 18 01:32:30 CEST	7079	35728	96552	0	0	0	edmConfigHash pset.py         
 Jun 18 01:32:30 CEST	30624	35728	106092	0	0	2	sh -c "./glidein_startup.sh" -v std -name v3_0 -entry CMS_T2_IT_Bari_ce2 -clientname UCSD-v1_0.main
 Jun 18 01:32:30 CEST	30636	35728	106492	0	0	2	/bin/bash ./glidein_startup.sh -v std -name v3_0 -entry CMS_T2_IT_Bari_ce2 -clientname UCSD-v1_0.main -schedd
 Jun 18 01:32:30 CEST	---	35728	106492	171	----	----	----
 Jun 18 01:33:32 CEST	11095	772396	979940	171	33	63	cmsRun -j /home/cms043/home_cream_875957013/CREAM875957013/glide_wOGgXM/execute/dir_2269/crab_fjr_9.xml -p pset.py      
 Jun 18 01:33:32 CEST	---	772396	979940	175	----	----	----
 Jun 18 01:34:34 CEST	11095	790168	1003848	175	83	124	cmsRun -j /home/cms043/home_cream_875957013/CREAM875957013/glide_wOGgXM/execute/dir_2269/crab_fjr_9.xml -p pset.py      
 Jun 18 01:35:35 CEST	11095	794928	1012808	175	131	185	cmsRun -j /home/cms043/home_cream_875957013/CREAM875957013/glide_wOGgXM/execute/dir_2269/crab_fjr_9.xml -p pset.py      
 Jun 18 01:36:36 CEST	11095	802508	1021524	175	177	246	cmsRun -j /home/cms043/home_cream_875957013/CREAM875957013/glide_wOGgXM/execute/dir_2269/crab_fjr_9.xml -p pset.py      
 Jun 18 01:37:37 CEST	11095	817096	1030228	175	225	308	cmsRun -j /home/cms043/home_cream_875957013/CREAM875957013/glide_wOGgXM/execute/dir_2269/crab_fjr_9.xml -p pset.py      
 Jun 18 01:38:38 CEST	11095	1506184	1718100	175	280	375	cmsRun -j /home/cms043/home_cream_875957013/CREAM875957013/glide_wOGgXM/execute/dir_2269/crab_fjr_9.xml -p pset.py      
 Jun 18 01:38:38 CEST	---	1506184	1718100	178	----	----	----
 Jun 18 01:39:53 CEST	---	1506184	1718100	179	----	----	----
********** WATCHDOG LOG ENDED
ZIPPING WATCHDOG LOG
Disk space used:
du -sh /home/cms043/home_cream_875957013/CREAM875957013/glide_wOGgXM/execute/dir_2269
179M	/home/cms043/home_cream_875957013/CREAM875957013/glide_wOGgXM/execute/dir_2269
Found unusual stdout, rename for OSB
`/home/cms043/home_cream_875957013/CREAM875957013/glide_wOGgXM/execute/dir_2269/_condor_stdout' -> `CMSSW_9.stdout'
Found unusual stderr, rename for OSB
`/home/cms043/home_cream_875957013/CREAM875957013/glide_wOGgXM/execute/dir_2269/_condor_stdout' -> `CMSSW_9.stderr'
crab_fjr_9.xml
CMSSW_9.stdout
CMSSW_9.stderr
Watchdog_9.log.gz
Total Output dimension: 69738
WARNING: output files size limit is set to: 50000000
Total Output dimension 69738 is fine.
JOB_EXIT_STATUS = 0
>>> info for dashboard:
***** Cat /home/cms043/home_cream_875957013/CREAM875957013/glide_wOGgXM/execute/dir_2269/jobreport.txt *****
MonitorJobID=9_https://submit-6.t2.ucsd.edu//140616//168558.8
MonitorID=calabria_MuMinus50_Case2_ReReco_ntj186
ExeTime=360
ExeExitCode=0
StageOutExitStatusReason = 'Copy succedeed with srm-lcg utils'
StageOutSE = storm-se-01.ba.infn.it
StageOutExitStatus = 0
CrabUserCpuTime=278.17
CrabSysCpuTime=4.84
CrabCpuPercentage=78%
CrabWrapperTime=600
CrabStageoutTime=53
JobExitCode=0
***** End Cat jobreport *****
Parameters sent to Dashboard.
EXITING at Wed Jun 18 01:42:29 CEST 2014  -  Tue Jun 17 23:42:29 UTC 2014
