This script was generated by crab (version 2.10.5_patch1).
Running /home/cms021/home_cream_047378354/CREAM047378354/glide_pzWPMH/execute/dir_40477/condor_exec.exe with 2 positional parameters: 5 1
Today is Wed Jun 18 01:14:19 CEST 2014 - Tue Jun 17 23:14:19 UTC 2014
Job submitted on host wn-recas-infn-2.ba.infn.it
Linux wn-recas-infn-2.ba.infn.it 2.6.32-358.23.2.el6.x86_64 #1 SMP Thu Oct 17 10:27:22 CEST 2013 x86_64 x86_64 x86_64 GNU/Linux
>>> current directory (RUNTIME_AREA): /home/cms021/home_cream_047378354/CREAM047378354/glide_pzWPMH/execute/dir_40477
>>> current user: uid=18547(cms021) gid=1399(cms) groups=1399(cms)
>>> directory permission set to 0700
>>> umask set to:  u=rwx,g=,o=
>>> stdout stderr permission set to 0704
>>> voms proxy information:
subject   : /C=IT/O=INFN/OU=Personal Certificate/L=Bari/CN=Cesare Calabria/CN=477126703/CN=755533677
issuer    : /C=IT/O=INFN/OU=Personal Certificate/L=Bari/CN=Cesare Calabria/CN=477126703
identity  : /C=IT/O=INFN/OU=Personal Certificate/L=Bari/CN=Cesare Calabria
type      : RFC3820 compliant limited proxy
strength  : 1024
path      : /home/cms021/home_cream_047378354/CREAM047378354/glide_pzWPMH/execute/dir_40477/x509up_u50707
timeleft  : 23:58:04
key usage : Digital Signature, Key Encipherment, Data Encipherment
=== VO cms extension information ===
VO        : cms
subject   : /C=IT/O=INFN/OU=Personal Certificate/L=Bari/CN=Cesare Calabria
issuer    : /DC=ch/DC=cern/OU=computers/CN=voms.cern.ch
attribute : /cms/Role=NULL/Capability=NULL
attribute : /cms/itcms/Role=NULL/Capability=NULL
timeleft  : 154:09:36
uri       : voms.cern.ch:15002

WNHostName=wn-recas-infn-2.ba.infn.it
>>> tar --no-same-permissions -xf /home/cms021/home_cream_047378354/CREAM047378354/glide_pzWPMH/execute/dir_40477/default.tgz :
Successful untar
>>> Include /home/cms021/home_cream_047378354/CREAM047378354/glide_pzWPMH/execute/dir_40477 in PYTHONPATH:
strip arguments
env var CRAB_UNIQUE_JOB_ID set to: calabria_MuMinus1000_Case5_ReReco_9i3t6q_5_1_FYs
out_files_5
>>> list of expected files on output sandbox
output files: crab_fjr_5.xml CMSSW_5.stdout CMSSW_5.stderr Watchdog_5.log.gz
>>> GridFlavour discovery: 
GridFlavour=LCG
>>> SyncSite discovery: 
SyncSite=T2_IT_Bari
>>> SyncCE discovery: 
getting SyncCE from CE_ID
SyncCE=cream-ce-2.ba.infn.it:8443/cream-pbs-long
>>> info for dashboard:
***** Cat /home/cms021/home_cream_047378354/CREAM047378354/glide_pzWPMH/execute/dir_40477/jobreport.txt *****
WNHostName=wn-recas-infn-2.ba.infn.it
MonitorJobID=5_https://submit-6.t2.ucsd.edu//140616//168551.4
SyncGridJobId=https://submit-6.t2.ucsd.edu//140616//168551.4
MonitorID=calabria_MuMinus1000_Case5_ReReco_9i3t6q
GridFlavour=LCG
SyncSite=T2_IT_Bari
SyncCE=cream-ce-2.ba.infn.it:8443/cream-pbs-long
***** End Cat jobreport *****
Parameters sent to Dashboard.
>>> setup environment
set SCRAM ARCH to slc5_amd64_gcc472
SCRAM_ARCH = slc5_amd64_gcc472
>>> setup CMS LCG environment:
set SCRAM ARCH and BUILD_ARCH to slc5_amd64_gcc472 ###
Sourcing environment... 
sourcing /cvmfs/cms.cern.ch/cmsset_default.sh
==> setup cms environment ok
>>> specific cmssw setup environment:
CMSSW_VERSION =  CMSSW_6_2_0_SLHC12
>>> current directory (SOFTWARE_DIR): /home/cms021/home_cream_047378354/CREAM047378354/glide_pzWPMH/execute/dir_40477/CMSSW_6_2_0_SLHC12
PreserveSeeds: <>
IncrementSeeds:<>
>>> info for dashboard:
***** Cat /home/cms021/home_cream_047378354/CREAM047378354/glide_pzWPMH/execute/dir_40477/jobreport.txt *****
MonitorJobID=5_https://submit-6.t2.ucsd.edu//140616//168551.4
MonitorID=calabria_MuMinus1000_Case5_ReReco_9i3t6q
***** End Cat jobreport *****
Parameters sent to Dashboard.
crabWatchdog started as process 49437
>>> moving CMSSW software directories in /home/cms021/home_cream_047378354/CREAM047378354/glide_pzWPMH/execute/dir_40477/CMSSW_6_2_0_SLHC12
mv: cannot stat `/home/cms021/home_cream_047378354/CREAM047378354/glide_pzWPMH/execute/dir_40477/module/': No such file or directory
>>> Include /home/cms021/home_cream_047378354/CREAM047378354/glide_pzWPMH/execute/dir_40477 in PYTHONPATH:
PYTHONPATH=/home/cms021/home_cream_047378354/CREAM047378354/glide_pzWPMH/execute/dir_40477/:/home/cms021/home_cream_047378354/CREAM047378354/glide_pzWPMH/execute/dir_40477/CMSSW_6_2_0_SLHC12/python:/home/cms021/home_cream_047378354/CREAM047378354/glide_pzWPMH/execute/dir_40477/CMSSW_6_2_0_SLHC12/lib/slc5_amd64_gcc472:/cvmfs/cms.cern.ch/slc5_amd64_gcc472/cms/cmssw/CMSSW_6_2_0_SLHC12/python:/cvmfs/cms.cern.ch/slc5_amd64_gcc472/cms/cmssw/CMSSW_6_2_0_SLHC12/lib/slc5_amd64_gcc472:/cvmfs/cms.cern.ch/slc5_amd64_gcc472/cms/coral/CORAL_2_3_21-cms36/slc5_amd64_gcc472/python:/cvmfs/cms.cern.ch/slc5_amd64_gcc472/cms/coral/CORAL_2_3_21-cms36/slc5_amd64_gcc472/lib:/cvmfs/cms.cern.ch/slc5_amd64_gcc472/external/pyqt/4.8.1-cms6/lib/python2.7/site-packages:/cvmfs/cms.cern.ch/slc5_amd64_gcc472/external/py2-scipy/0.8.0-cms8/lib/python2.7/site-packages:/cvmfs/cms.cern.ch/slc5_amd64_gcc472/external/py2-matplotlib/1.0.1-cms8/lib/python2.7/site-packages:/cvmfs/cms.cern.ch/slc5_amd64_gcc472/external/python-ldap/2.3.5-cms6/lib/python2.7/site-packages:/cvmfs/cms.cern.ch/slc5_amd64_gcc472/external/sip/4.11.2-cms6/lib/python2.7/site-packages:/cvmfs/cms.cern.ch/slc5_amd64_gcc472/external/py2-pycurl/7.19.0-cms8/lib/python2.7/site-packages:/cvmfs/cms.cern.ch/slc5_amd64_gcc472/external/py2-numpy/1.6.1-cms8/lib/python2.7/site-packages:/cvmfs/cms.cern.ch/slc5_amd64_gcc472/external/py2-lint/0.25.1-cms6/lib/python2.7/site-packages:/cvmfs/cms.cern.ch/slc5_amd64_gcc472/external/py2-ipython/0.10-cms6/lib/python2.7/site-packages:/cvmfs/cms.cern.ch/slc5_amd64_gcc472/external/py2-cx-oracle/5.1-cms7/lib/python2.7/site-packages:/cvmfs/cms.cern.ch/slc5_amd64_gcc472/external/py2-cjson/1.0.5-cms6/lib/python2.7/site-packages:/cvmfs/cms.cern.ch/slc5_amd64_gcc472/cms/das-client/1.11.7/bin:/cvmfs/cms.cern.ch/slc5_amd64_gcc472/external/elementtree/1.2.6-cms6/share/lib/python2.7/site-packages:/cvmfs/cms.cern.ch/slc5_amd64_gcc472/external/rivet/1.8.2-cms8/lib/python2.7/site-packages:/cvmfs/cms.cern.ch/slc5_amd64_gcc472/external/pyminuit2/0.0.1-cms19/lib/python2.7/site-packages:/cvmfs/cms.cern.ch/slc5_amd64_gcc472/external/py2-pygithub/1.23.0/lib/python2.7/site-packages:/cvmfs/cms.cern.ch/slc5_amd64_gcc472/external/professor/1.0.0-cms19/lib/python2.7/site-packages:/cvmfs/cms.cern.ch/slc5_amd64_gcc472/lcg/root/5.34.07-cms/lib:/cvmfs/cms.cern.ch/slc5_amd64_gcc472/cms/dbs-client/DBS_2_1_9-cms5/lib:/cvmfs/cms.cern.ch/slc5_amd64_gcc472/cms/dbs-client/DBS_2_1_9-cms5/lib/DBSAPI:/cvmfs/cms.cern.ch/slc5_amd64_gcc472/external/cvs2git/5419-cms/lib:/home/cms021/home_cream_047378354/CREAM047378354/glide_pzWPMH/execute/dir_40477/
 
# LIMITS USED BY CRAB WATCHDOG:
# RSS  (KBytes)   : 2300000
# VSZ  (KBytes)   : 100000000
# DISK (MBytes)   : 19000
# CPU TIME        : 720h:0m:0s
# WALL CLOCK TIME : 21h:50m:0s
 
5854dd31cbd3cdec44c48628cc181cf0
PSETHASH = 5854dd31cbd3cdec44c48628cc181cf0
/home/cms021/home_cream_047378354/CREAM047378354/glide_pzWPMH/execute/dir_40477/writeCfg.py pset.py pset.py
Importing .py file
Setting parameters
RandomNumberGeneratorService found, will attempt to change seeds
inputBlocks=/calabria_SingleMuPt1000_GEN-SIM-DIGI-RECO_CMSSW_6_2_0_SLHC12_2023Scenario_Case5/calabria-calabria_SingleMuPt1000_GEN-SIM-DIGI-RECO_CMSSW_6_2_0_SLHC12_2023Scenario_Case5-922ea90bdbc7e1cb755e8834f64ec204/USER#b97db0a0-7b97-4031-97b3-9d66a9835bde
inputFiles=/store/user/calabria/calabria_SingleMuPt1000_GEN-SIM-DIGI-RECO_CMSSW_6_2_0_SLHC12_2023Scenario_Case5/calabria_SingleMuPt1000_GEN-SIM-DIGI-RECO_CMSSW_6_2_0_SLHC12_2023Scenario_Case5/922ea90bdbc7e1cb755e8834f64ec204/out_reco_82_1_zpS.root;/store/user/calabria/calabria_SingleMuPt1000_GEN-SIM-DIGI-RECO_CMSSW_6_2_0_SLHC12_2023Scenario_Case5/calabria_SingleMuPt1000_GEN-SIM-DIGI-RECO_CMSSW_6_2_0_SLHC12_2023Scenario_Case5/922ea90bdbc7e1cb755e8834f64ec204/out_reco_84_1_pxI.root;/store/user/calabria/calabria_SingleMuPt1000_GEN-SIM-DIGI-RECO_CMSSW_6_2_0_SLHC12_2023Scenario_Case5/calabria_SingleMuPt1000_GEN-SIM-DIGI-RECO_CMSSW_6_2_0_SLHC12_2023Scenario_Case5/922ea90bdbc7e1cb755e8834f64ec204/out_reco_85_1_24v.root;/store/user/calabria/calabria_SingleMuPt1000_GEN-SIM-DIGI-RECO_CMSSW_6_2_0_SLHC12_2023Scenario_Case5/calabria_SingleMuPt1000_GEN-SIM-DIGI-RECO_CMSSW_6_2_0_SLHC12_2023Scenario_Case5/922ea90bdbc7e1cb755e8834f64ec204/out_reco_86_1_ZFA.root;/store/user/calabria/calabria_SingleMuPt1000_GEN-SIM-DIGI-RECO_CMSSW_6_2_0_SLHC12_2023Scenario_Case5/calabria_SingleMuPt1000_GEN-SIM-DIGI-RECO_CMSSW_6_2_0_SLHC12_2023Scenario_Case5/922ea90bdbc7e1cb755e8834f64ec204/out_reco_87_1_EPH.root;/store/user/calabria/calabria_SingleMuPt1000_GEN-SIM-DIGI-RECO_CMSSW_6_2_0_SLHC12_2023Scenario_Case5/calabria_SingleMuPt1000_GEN-SIM-DIGI-RECO_CMSSW_6_2_0_SLHC12_2023Scenario_Case5/922ea90bdbc7e1cb755e8834f64ec204/out_reco_88_1_RS0.root;/store/user/calabria/calabria_SingleMuPt1000_GEN-SIM-DIGI-RECO_CMSSW_6_2_0_SLHC12_2023Scenario_Case5/calabria_SingleMuPt1000_GEN-SIM-DIGI-RECO_CMSSW_6_2_0_SLHC12_2023Scenario_Case5/922ea90bdbc7e1cb755e8834f64ec204/out_reco_89_1_8hM.root;/store/user/calabria/calabria_SingleMuPt1000_GEN-SIM-DIGI-RECO_CMSSW_6_2_0_SLHC12_2023Scenario_Case5/calabria_SingleMuPt1000_GEN-SIM-DIGI-RECO_CMSSW_6_2_0_SLHC12_2023Scenario_Case5/922ea90bdbc7e1cb755e8834f64ec204/out_reco_91_1_Q3J.root;/store/user/calabria/calabria_SingleMuPt1000_GEN-SIM-DIGI-RECO_CMSSW_6_2_0_SLHC12_2023Scenario_Case5/calabria_SingleMuPt1000_GEN-SIM-DIGI-RECO_CMSSW_6_2_0_SLHC12_2023Scenario_Case5/922ea90bdbc7e1cb755e8834f64ec204/out_reco_93_1_cLe.root;/store/user/calabria/calabria_SingleMuPt1000_GEN-SIM-DIGI-RECO_CMSSW_6_2_0_SLHC12_2023Scenario_Case5/calabria_SingleMuPt1000_GEN-SIM-DIGI-RECO_CMSSW_6_2_0_SLHC12_2023Scenario_Case5/922ea90bdbc7e1cb755e8834f64ec204/out_reco_95_1_GYm.root
parentFiles=
lumisRange=
>>> Executable cmsRun
/cvmfs/cms.cern.ch/slc5_amd64_gcc472/cms/cmssw/CMSSW_6_2_0_SLHC12/bin/slc5_amd64_gcc472/cmsRun
ok executable found
>>> info for dashboard:
***** Cat /home/cms021/home_cream_047378354/CREAM047378354/glide_pzWPMH/execute/dir_40477/jobreport.txt *****
MonitorJobID=5_https://submit-6.t2.ucsd.edu//140616//168551.4
MonitorID=calabria_MuMinus1000_Case5_ReReco_9i3t6q
ExeStart=cmsRun
***** End Cat jobreport *****
Parameters sent to Dashboard.
>>> cmsRun started at Tue Jun 17 23:21:32 UTC 2014
>>> cmsRun ended at Wed Jun 18 00:11:34 UTC 2014
>>> crab_fjr_*.xml  permission set to 0704
>>> info for dashboard:
***** Cat /home/cms021/home_cream_047378354/CREAM047378354/glide_pzWPMH/execute/dir_40477/jobreport.txt *****
MonitorJobID=5_https://submit-6.t2.ucsd.edu//140616//168551.4
MonitorID=calabria_MuMinus1000_Case5_ReReco_9i3t6q
ExeEnd=cmsRun
***** End Cat jobreport *****
Parameters sent to Dashboard.
TIME_EXE = 3002 sec
>>> cmsRun wrote 50 lines of stdout+stderr
>>> START OF printout of 50 lines from stdout+stderr
271 DQMStore::DQMStore 
HcalTopologyIdealEP::HcalTopologyIdealEP
18-Jun-2014 01:29:55 CEST  Initiating request to open file file:/lustre/cms//store/user/calabria/calabria_SingleMuPt1000_GEN-SIM-DIGI-RECO_CMSSW_6_2_0_SLHC12_2023Scenario_Case5/calabria_SingleMuPt1000_GEN-SIM-DIGI-RECO_CMSSW_6_2_0_SLHC12_2023Scenario_Case5/922ea90bdbc7e1cb755e8834f64ec204/out_reco_82_1_zpS.root
18-Jun-2014 01:30:46 CEST  Successfully opened file file:/lustre/cms//store/user/calabria/calabria_SingleMuPt1000_GEN-SIM-DIGI-RECO_CMSSW_6_2_0_SLHC12_2023Scenario_Case5/calabria_SingleMuPt1000_GEN-SIM-DIGI-RECO_CMSSW_6_2_0_SLHC12_2023Scenario_Case5/922ea90bdbc7e1cb755e8834f64ec204/out_reco_82_1_zpS.root
18-Jun-2014 01:36:44 CEST  Closed file file:/lustre/cms//store/user/calabria/calabria_SingleMuPt1000_GEN-SIM-DIGI-RECO_CMSSW_6_2_0_SLHC12_2023Scenario_Case5/calabria_SingleMuPt1000_GEN-SIM-DIGI-RECO_CMSSW_6_2_0_SLHC12_2023Scenario_Case5/922ea90bdbc7e1cb755e8834f64ec204/out_reco_82_1_zpS.root
18-Jun-2014 01:36:44 CEST  Initiating request to open file file:/lustre/cms//store/user/calabria/calabria_SingleMuPt1000_GEN-SIM-DIGI-RECO_CMSSW_6_2_0_SLHC12_2023Scenario_Case5/calabria_SingleMuPt1000_GEN-SIM-DIGI-RECO_CMSSW_6_2_0_SLHC12_2023Scenario_Case5/922ea90bdbc7e1cb755e8834f64ec204/out_reco_84_1_pxI.root
18-Jun-2014 01:36:45 CEST  Successfully opened file file:/lustre/cms//store/user/calabria/calabria_SingleMuPt1000_GEN-SIM-DIGI-RECO_CMSSW_6_2_0_SLHC12_2023Scenario_Case5/calabria_SingleMuPt1000_GEN-SIM-DIGI-RECO_CMSSW_6_2_0_SLHC12_2023Scenario_Case5/922ea90bdbc7e1cb755e8834f64ec204/out_reco_84_1_pxI.root
18-Jun-2014 01:40:33 CEST  Closed file file:/lustre/cms//store/user/calabria/calabria_SingleMuPt1000_GEN-SIM-DIGI-RECO_CMSSW_6_2_0_SLHC12_2023Scenario_Case5/calabria_SingleMuPt1000_GEN-SIM-DIGI-RECO_CMSSW_6_2_0_SLHC12_2023Scenario_Case5/922ea90bdbc7e1cb755e8834f64ec204/out_reco_84_1_pxI.root
18-Jun-2014 01:40:33 CEST  Initiating request to open file file:/lustre/cms//store/user/calabria/calabria_SingleMuPt1000_GEN-SIM-DIGI-RECO_CMSSW_6_2_0_SLHC12_2023Scenario_Case5/calabria_SingleMuPt1000_GEN-SIM-DIGI-RECO_CMSSW_6_2_0_SLHC12_2023Scenario_Case5/922ea90bdbc7e1cb755e8834f64ec204/out_reco_85_1_24v.root
18-Jun-2014 01:40:34 CEST  Successfully opened file file:/lustre/cms//store/user/calabria/calabria_SingleMuPt1000_GEN-SIM-DIGI-RECO_CMSSW_6_2_0_SLHC12_2023Scenario_Case5/calabria_SingleMuPt1000_GEN-SIM-DIGI-RECO_CMSSW_6_2_0_SLHC12_2023Scenario_Case5/922ea90bdbc7e1cb755e8834f64ec204/out_reco_85_1_24v.root
18-Jun-2014 01:43:38 CEST  Closed file file:/lustre/cms//store/user/calabria/calabria_SingleMuPt1000_GEN-SIM-DIGI-RECO_CMSSW_6_2_0_SLHC12_2023Scenario_Case5/calabria_SingleMuPt1000_GEN-SIM-DIGI-RECO_CMSSW_6_2_0_SLHC12_2023Scenario_Case5/922ea90bdbc7e1cb755e8834f64ec204/out_reco_85_1_24v.root
18-Jun-2014 01:43:38 CEST  Initiating request to open file file:/lustre/cms//store/user/calabria/calabria_SingleMuPt1000_GEN-SIM-DIGI-RECO_CMSSW_6_2_0_SLHC12_2023Scenario_Case5/calabria_SingleMuPt1000_GEN-SIM-DIGI-RECO_CMSSW_6_2_0_SLHC12_2023Scenario_Case5/922ea90bdbc7e1cb755e8834f64ec204/out_reco_86_1_ZFA.root
18-Jun-2014 01:43:40 CEST  Successfully opened file file:/lustre/cms//store/user/calabria/calabria_SingleMuPt1000_GEN-SIM-DIGI-RECO_CMSSW_6_2_0_SLHC12_2023Scenario_Case5/calabria_SingleMuPt1000_GEN-SIM-DIGI-RECO_CMSSW_6_2_0_SLHC12_2023Scenario_Case5/922ea90bdbc7e1cb755e8834f64ec204/out_reco_86_1_ZFA.root
18-Jun-2014 01:47:22 CEST  Closed file file:/lustre/cms//store/user/calabria/calabria_SingleMuPt1000_GEN-SIM-DIGI-RECO_CMSSW_6_2_0_SLHC12_2023Scenario_Case5/calabria_SingleMuPt1000_GEN-SIM-DIGI-RECO_CMSSW_6_2_0_SLHC12_2023Scenario_Case5/922ea90bdbc7e1cb755e8834f64ec204/out_reco_86_1_ZFA.root
18-Jun-2014 01:47:22 CEST  Initiating request to open file file:/lustre/cms//store/user/calabria/calabria_SingleMuPt1000_GEN-SIM-DIGI-RECO_CMSSW_6_2_0_SLHC12_2023Scenario_Case5/calabria_SingleMuPt1000_GEN-SIM-DIGI-RECO_CMSSW_6_2_0_SLHC12_2023Scenario_Case5/922ea90bdbc7e1cb755e8834f64ec204/out_reco_87_1_EPH.root
18-Jun-2014 01:47:23 CEST  Successfully opened file file:/lustre/cms//store/user/calabria/calabria_SingleMuPt1000_GEN-SIM-DIGI-RECO_CMSSW_6_2_0_SLHC12_2023Scenario_Case5/calabria_SingleMuPt1000_GEN-SIM-DIGI-RECO_CMSSW_6_2_0_SLHC12_2023Scenario_Case5/922ea90bdbc7e1cb755e8834f64ec204/out_reco_87_1_EPH.root
18-Jun-2014 01:51:16 CEST  Closed file file:/lustre/cms//store/user/calabria/calabria_SingleMuPt1000_GEN-SIM-DIGI-RECO_CMSSW_6_2_0_SLHC12_2023Scenario_Case5/calabria_SingleMuPt1000_GEN-SIM-DIGI-RECO_CMSSW_6_2_0_SLHC12_2023Scenario_Case5/922ea90bdbc7e1cb755e8834f64ec204/out_reco_87_1_EPH.root
18-Jun-2014 01:51:16 CEST  Initiating request to open file file:/lustre/cms//store/user/calabria/calabria_SingleMuPt1000_GEN-SIM-DIGI-RECO_CMSSW_6_2_0_SLHC12_2023Scenario_Case5/calabria_SingleMuPt1000_GEN-SIM-DIGI-RECO_CMSSW_6_2_0_SLHC12_2023Scenario_Case5/922ea90bdbc7e1cb755e8834f64ec204/out_reco_88_1_RS0.root
18-Jun-2014 01:51:17 CEST  Successfully opened file file:/lustre/cms//store/user/calabria/calabria_SingleMuPt1000_GEN-SIM-DIGI-RECO_CMSSW_6_2_0_SLHC12_2023Scenario_Case5/calabria_SingleMuPt1000_GEN-SIM-DIGI-RECO_CMSSW_6_2_0_SLHC12_2023Scenario_Case5/922ea90bdbc7e1cb755e8834f64ec204/out_reco_88_1_RS0.root
18-Jun-2014 01:55:32 CEST  Closed file file:/lustre/cms//store/user/calabria/calabria_SingleMuPt1000_GEN-SIM-DIGI-RECO_CMSSW_6_2_0_SLHC12_2023Scenario_Case5/calabria_SingleMuPt1000_GEN-SIM-DIGI-RECO_CMSSW_6_2_0_SLHC12_2023Scenario_Case5/922ea90bdbc7e1cb755e8834f64ec204/out_reco_88_1_RS0.root
18-Jun-2014 01:55:32 CEST  Initiating request to open file file:/lustre/cms//store/user/calabria/calabria_SingleMuPt1000_GEN-SIM-DIGI-RECO_CMSSW_6_2_0_SLHC12_2023Scenario_Case5/calabria_SingleMuPt1000_GEN-SIM-DIGI-RECO_CMSSW_6_2_0_SLHC12_2023Scenario_Case5/922ea90bdbc7e1cb755e8834f64ec204/out_reco_89_1_8hM.root
18-Jun-2014 01:55:32 CEST  Successfully opened file file:/lustre/cms//store/user/calabria/calabria_SingleMuPt1000_GEN-SIM-DIGI-RECO_CMSSW_6_2_0_SLHC12_2023Scenario_Case5/calabria_SingleMuPt1000_GEN-SIM-DIGI-RECO_CMSSW_6_2_0_SLHC12_2023Scenario_Case5/922ea90bdbc7e1cb755e8834f64ec204/out_reco_89_1_8hM.root
18-Jun-2014 01:59:13 CEST  Closed file file:/lustre/cms//store/user/calabria/calabria_SingleMuPt1000_GEN-SIM-DIGI-RECO_CMSSW_6_2_0_SLHC12_2023Scenario_Case5/calabria_SingleMuPt1000_GEN-SIM-DIGI-RECO_CMSSW_6_2_0_SLHC12_2023Scenario_Case5/922ea90bdbc7e1cb755e8834f64ec204/out_reco_89_1_8hM.root
18-Jun-2014 01:59:13 CEST  Initiating request to open file file:/lustre/cms//store/user/calabria/calabria_SingleMuPt1000_GEN-SIM-DIGI-RECO_CMSSW_6_2_0_SLHC12_2023Scenario_Case5/calabria_SingleMuPt1000_GEN-SIM-DIGI-RECO_CMSSW_6_2_0_SLHC12_2023Scenario_Case5/922ea90bdbc7e1cb755e8834f64ec204/out_reco_91_1_Q3J.root
18-Jun-2014 01:59:14 CEST  Successfully opened file file:/lustre/cms//store/user/calabria/calabria_SingleMuPt1000_GEN-SIM-DIGI-RECO_CMSSW_6_2_0_SLHC12_2023Scenario_Case5/calabria_SingleMuPt1000_GEN-SIM-DIGI-RECO_CMSSW_6_2_0_SLHC12_2023Scenario_Case5/922ea90bdbc7e1cb755e8834f64ec204/out_reco_91_1_Q3J.root
18-Jun-2014 02:03:20 CEST  Closed file file:/lustre/cms//store/user/calabria/calabria_SingleMuPt1000_GEN-SIM-DIGI-RECO_CMSSW_6_2_0_SLHC12_2023Scenario_Case5/calabria_SingleMuPt1000_GEN-SIM-DIGI-RECO_CMSSW_6_2_0_SLHC12_2023Scenario_Case5/922ea90bdbc7e1cb755e8834f64ec204/out_reco_91_1_Q3J.root
18-Jun-2014 02:03:21 CEST  Initiating request to open file file:/lustre/cms//store/user/calabria/calabria_SingleMuPt1000_GEN-SIM-DIGI-RECO_CMSSW_6_2_0_SLHC12_2023Scenario_Case5/calabria_SingleMuPt1000_GEN-SIM-DIGI-RECO_CMSSW_6_2_0_SLHC12_2023Scenario_Case5/922ea90bdbc7e1cb755e8834f64ec204/out_reco_93_1_cLe.root
18-Jun-2014 02:03:21 CEST  Successfully opened file file:/lustre/cms//store/user/calabria/calabria_SingleMuPt1000_GEN-SIM-DIGI-RECO_CMSSW_6_2_0_SLHC12_2023Scenario_Case5/calabria_SingleMuPt1000_GEN-SIM-DIGI-RECO_CMSSW_6_2_0_SLHC12_2023Scenario_Case5/922ea90bdbc7e1cb755e8834f64ec204/out_reco_93_1_cLe.root
18-Jun-2014 02:06:50 CEST  Closed file file:/lustre/cms//store/user/calabria/calabria_SingleMuPt1000_GEN-SIM-DIGI-RECO_CMSSW_6_2_0_SLHC12_2023Scenario_Case5/calabria_SingleMuPt1000_GEN-SIM-DIGI-RECO_CMSSW_6_2_0_SLHC12_2023Scenario_Case5/922ea90bdbc7e1cb755e8834f64ec204/out_reco_93_1_cLe.root
18-Jun-2014 02:06:50 CEST  Initiating request to open file file:/lustre/cms//store/user/calabria/calabria_SingleMuPt1000_GEN-SIM-DIGI-RECO_CMSSW_6_2_0_SLHC12_2023Scenario_Case5/calabria_SingleMuPt1000_GEN-SIM-DIGI-RECO_CMSSW_6_2_0_SLHC12_2023Scenario_Case5/922ea90bdbc7e1cb755e8834f64ec204/out_reco_95_1_GYm.root
18-Jun-2014 02:06:50 CEST  Successfully opened file file:/lustre/cms//store/user/calabria/calabria_SingleMuPt1000_GEN-SIM-DIGI-RECO_CMSSW_6_2_0_SLHC12_2023Scenario_Case5/calabria_SingleMuPt1000_GEN-SIM-DIGI-RECO_CMSSW_6_2_0_SLHC12_2023Scenario_Case5/922ea90bdbc7e1cb755e8834f64ec204/out_reco_95_1_GYm.root
18-Jun-2014 02:11:16 CEST  Closed file file:/lustre/cms//store/user/calabria/calabria_SingleMuPt1000_GEN-SIM-DIGI-RECO_CMSSW_6_2_0_SLHC12_2023Scenario_Case5/calabria_SingleMuPt1000_GEN-SIM-DIGI-RECO_CMSSW_6_2_0_SLHC12_2023Scenario_Case5/922ea90bdbc7e1cb755e8834f64ec204/out_reco_95_1_GYm.root

=============================================

MessageLogger Summary

 type     category        sev    module        subroutine        count    total
 ---- -------------------- -- ---------------- ----------------  -----    -----
    1 fileAction           -s file_close                            10       10
    2 fileAction           -s file_open                             20       20

 type    category    Examples: run/evt        run/evt          run/evt
 ---- -------------------- ---------------- ---------------- ----------------
    1 fileAction           PostProcessEvent PostProcessEvent PostEndRun
    2 fileAction           pre-events       pre-events       PostProcessEvent

Severity    # Occurrences   Total Occurrences
--------    -------------   -----------------
System                 30                  30
>>> END OF printout of 50 lines from stdout+stderr
>>> Parse FrameworkJobReport crab_fjr.xml
Result of parsing the FrameworkJobReport crab_fjr.xml: Popularity start
lumisRange : 1::::1;1::::2;1::::3;1::::4;1::::5;1::::6;1::::7;1::::8;1::::9;1::::10;
lumisParentRange : 
Basename : /store/user/calabria/calabria_SingleMuPt1000_GEN-SIM-DIGI-RECO_CMSSW_6_2_0_SLHC12_2023Scenario_Case5/calabria_SingleMuPt1000_GEN-SIM-DIGI-RECO_CMSSW_6_2_0_SLHC12_2023Scenario_Case5/922ea90bdbc7e1cb755e8834f64ec204/out_reco_
BasenameParent : 
parentFiles : 
inputBlocks : /calabria_SingleMuPt1000_GEN-SIM-DIGI-RECO_CMSSW_6_2_0_SLHC12_2023Scenario_Case5/calabria-calabria_SingleMuPt1000_GEN-SIM-DIGI-RECO_CMSSW_6_2_0_SLHC12_2023Scenario_Case5-922ea90bdbc7e1cb755e8834f64ec204/USER#b97db0a0-7b97-4031-97b3-9d66a9835bde
inputFiles : 89_1_8hM.root::1::EDM::Local::1;87_1_EPH.root::1::EDM::Local::2;85_1_24v.root::1::EDM::Local::3;86_1_ZFA.root::1::EDM::Local::4;88_1_RS0.root::1::EDM::Local::5;93_1_cLe.root::1::EDM::Local::6;91_1_Q3J.root::1::EDM::Local::7;82_1_zpS.root::1::EDM::Local::8;95_1_GYm.root::1::EDM::Local::9;84_1_pxI.root::1::EDM::Local::10;
Popularity stop
Extracted ExitStatus from FrameworkJobReport parsing output: 0
>>> Executable succeded  0
ExeExitCode=0
EXECUTABLE_EXIT_STATUS = 0
>>> current directory /home/cms021/home_cream_047378354/CREAM047378354/glide_pzWPMH/execute/dir_40477/CMSSW_6_2_0_SLHC12
>>>  (SOFTWARE_DIR): /home/cms021/home_cream_047378354/CREAM047378354/glide_pzWPMH/execute/dir_40477/CMSSW_6_2_0_SLHC12
>>> (WORKING_DIR): 
>>> current directory content:
total 10680
drwxr-xr-x 3 cms021 cms    4096 Jun 18 01:15 .SCRAM
-rw------- 1 cms021 cms 3740329 Jun 18 01:15 CMSSW.py.pkl
drwxr-xr-x 3 cms021 cms    4096 Jun 18 01:15 bin
drwxr-xr-x 3 cms021 cms    4096 Jun 18 01:15 cfipython
drwxr-xr-x 4 cms021 cms    4096 Jun 18 01:15 config
-rw------- 1 cms021 cms      19 Jun 18 02:11 cpu_timing.txt
drwxr-xr-x 2 cms021 cms    4096 Jun 18 01:15 doc
-rw------- 1 cms021 cms   10015 Jun 18 02:11 executable.out
drwxr-xr-x 2 cms021 cms    4096 Jun 18 01:15 include
drwx------ 3 cms021 cms    4096 Apr 28 18:12 lib
drwxr-xr-x 3 cms021 cms    4096 Jun 18 01:15 logs
drwxr-xr-x 3 cms021 cms    4096 Jun 18 01:15 objs
-rw------- 1 cms021 cms     104 Jun 18 01:19 pset.py
-rw------- 1 cms021 cms 3712321 Jun 18 01:20 pset.py.pkl
-rw------- 1 cms021 cms     289 Jun 18 01:19 pset.pyc
drwxr-xr-x 2 cms021 cms    4096 Jun 18 01:15 python
-rw------- 1 cms021 cms     410 Jun 18 02:12 report.log
drwx------ 6 cms021 cms    4096 Jun 18 01:15 src
drwxr-xr-x 3 cms021 cms    4096 Jun 18 01:15 test
drwxr-xr-x 3 cms021 cms    4096 Jun 18 01:15 tmp
-rw------- 1 cms021 cms 3379506 Jun 18 02:11 validationEDM.root
>>> current directory /home/cms021/home_cream_047378354/CREAM047378354/glide_pzWPMH/execute/dir_40477/CMSSW_6_2_0_SLHC12
>>> (SOFTWARE_DIR): /home/cms021/home_cream_047378354/CREAM047378354/glide_pzWPMH/execute/dir_40477/CMSSW_6_2_0_SLHC12
>>> (WORKING_DIR): 
>>> current directory content:
total 10680
drwxr-xr-x 3 cms021 cms    4096 Jun 18 01:15 .SCRAM
-rw------- 1 cms021 cms 3740329 Jun 18 01:15 CMSSW.py.pkl
drwxr-xr-x 3 cms021 cms    4096 Jun 18 01:15 bin
drwxr-xr-x 3 cms021 cms    4096 Jun 18 01:15 cfipython
drwxr-xr-x 4 cms021 cms    4096 Jun 18 01:15 config
-rw------- 1 cms021 cms      19 Jun 18 02:11 cpu_timing.txt
drwxr-xr-x 2 cms021 cms    4096 Jun 18 01:15 doc
-rw------- 1 cms021 cms   10015 Jun 18 02:11 executable.out
drwxr-xr-x 2 cms021 cms    4096 Jun 18 01:15 include
drwx------ 3 cms021 cms    4096 Apr 28 18:12 lib
drwxr-xr-x 3 cms021 cms    4096 Jun 18 01:15 logs
drwxr-xr-x 3 cms021 cms    4096 Jun 18 01:15 objs
-rw------- 1 cms021 cms     104 Jun 18 01:19 pset.py
-rw------- 1 cms021 cms 3712321 Jun 18 01:20 pset.py.pkl
-rw------- 1 cms021 cms     289 Jun 18 01:19 pset.pyc
drwxr-xr-x 2 cms021 cms    4096 Jun 18 01:15 python
-rw------- 1 cms021 cms     410 Jun 18 02:12 report.log
drwx------ 6 cms021 cms    4096 Jun 18 01:15 src
drwxr-xr-x 3 cms021 cms    4096 Jun 18 01:15 test
drwxr-xr-x 3 cms021 cms    4096 Jun 18 01:15 tmp
-rw------- 1 cms021 cms 3379506 Jun 18 02:11 validationEDM_5_1_FYs.root
>>> current directory (RUNTIME_AREA):  /home/cms021/home_cream_047378354/CREAM047378354/glide_pzWPMH/execute/dir_40477
SE = storm-se-01.ba.infn.it
SE_PATH = /srm/managerv2?SFN=//cms/store/user/calabria/calabria_SingleMuPt1000_GEN-SIM-DIGI-RECO_CMSSW_6_2_0_SLHC12_2023Scenario_Case5/calabria_MuMinus1000_GEN-SIM-DIGI-RECO_CMSSW_6_2_0_SLHC12_2023Scenario_VALNOPU2_Case5/5854dd31cbd3cdec44c48628cc181cf0/
LFNBaseName = /store/user/calabria/calabria_SingleMuPt1000_GEN-SIM-DIGI-RECO_CMSSW_6_2_0_SLHC12_2023Scenario_Case5/calabria_MuMinus1000_GEN-SIM-DIGI-RECO_CMSSW_6_2_0_SLHC12_2023Scenario_VALNOPU2_Case5/5854dd31cbd3cdec44c48628cc181cf0/
USER = calabria
endpoint = srm://storm-se-01.ba.infn.it:8444/srm/managerv2?SFN=//cms/store/user/calabria/calabria_SingleMuPt1000_GEN-SIM-DIGI-RECO_CMSSW_6_2_0_SLHC12_2023Scenario_Case5/calabria_MuMinus1000_GEN-SIM-DIGI-RECO_CMSSW_6_2_0_SLHC12_2023Scenario_VALNOPU2_Case5/5854dd31cbd3cdec44c48628cc181cf0/
>>> Copy output files from WN = wn-recas-infn-2.ba.infn.it to /srm/managerv2?SFN=//cms/store/user/calabria/calabria_SingleMuPt1000_GEN-SIM-DIGI-RECO_CMSSW_6_2_0_SLHC12_2023Scenario_Case5/calabria_MuMinus1000_GEN-SIM-DIGI-RECO_CMSSW_6_2_0_SLHC12_2023Scenario_VALNOPU2_Case5/5854dd31cbd3cdec44c48628cc181cf0/ :
python cmscp.py  --destination srm://storm-se-01.ba.infn.it:8444/srm/managerv2?SFN=//cms/store/user/calabria/calabria_SingleMuPt1000_GEN-SIM-DIGI-RECO_CMSSW_6_2_0_SLHC12_2023Scenario_Case5/calabria_MuMinus1000_GEN-SIM-DIGI-RECO_CMSSW_6_2_0_SLHC12_2023Scenario_VALNOPU2_Case5/5854dd31cbd3cdec44c48628cc181cf0/ --inputFileList /home/cms021/home_cream_047378354/CREAM047378354/glide_pzWPMH/execute/dir_40477/CMSSW_6_2_0_SLHC12/validationEDM_5_1_FYs.root --middleware LCG --se_name storm-se-01.ba.infn.it --for_lfn /store/user/calabria/calabria_SingleMuPt1000_GEN-SIM-DIGI-RECO_CMSSW_6_2_0_SLHC12_2023Scenario_Case5/calabria_MuMinus1000_GEN-SIM-DIGI-RECO_CMSSW_6_2_0_SLHC12_2023Scenario_VALNOPU2_Case5/5854dd31cbd3cdec44c48628cc181cf0/    
******************************************************
localSeName  =  storm-se-01.ba.infn.it
remoteSeName =  storm-se-01.ba.infn.it
******************************************************
{"/home/cms021/home_cream_047378354/CREAM047378354/glide_pzWPMH/execute/dir_40477/CMSSW_6_2_0_SLHC12/validationEDM_5_1_FYs.root": {"endpoint": "srm://storm-se-01.ba.infn.it:8444/srm/managerv2?SFN=//cms/store/user/calabria/calabria_SingleMuPt1000_GEN-SIM-DIGI-RECO_CMSSW_6_2_0_SLHC12_2023Scenario_Case5/calabria_MuMinus1000_GEN-SIM-DIGI-RECO_CMSSW_6_2_0_SLHC12_2023Scenario_VALNOPU2_Case5/5854dd31cbd3cdec44c48628cc181cf0/", "surl_for_grid": "", "reason": "Copy succedeed with srm-lcg utils", "erCode": "0", "se_name": "storm-se-01.ba.infn.it", "for_lfn": "/store/user/calabria/calabria_SingleMuPt1000_GEN-SIM-DIGI-RECO_CMSSW_6_2_0_SLHC12_2023Scenario_Case5/calabria_MuMinus1000_GEN-SIM-DIGI-RECO_CMSSW_6_2_0_SLHC12_2023Scenario_VALNOPU2_Case5/5854dd31cbd3cdec44c48628cc181cf0/"}}/home/cms021/home_cream_047378354/CREAM047378354/glide_pzWPMH/execute/dir_40477
-------- cat /home/cms021/home_cream_047378354/CREAM047378354/glide_pzWPMH/execute/dir_40477/cmscpReport.sh 
#!/bin/bash
echo "Report for File: /home/cms021/home_cream_047378354/CREAM047378354/glide_pzWPMH/execute/dir_40477/CMSSW_6_2_0_SLHC12/validationEDM_5_1_FYs.root"
echo "LFN: /store/user/calabria/calabria_SingleMuPt1000_GEN-SIM-DIGI-RECO_CMSSW_6_2_0_SLHC12_2023Scenario_Case5/calabria_MuMinus1000_GEN-SIM-DIGI-RECO_CMSSW_6_2_0_SLHC12_2023Scenario_VALNOPU2_Case5/5854dd31cbd3cdec44c48628cc181cf0/validationEDM_5_1_FYs.root"
echo "StorageElement: storm-se-01.ba.infn.it"
echo "StageOutExitStatusReason = 'Copy succedeed with srm-lcg utils'" | tee -a $RUNTIME_AREA/$repo
echo "StageOutSE = storm-se-01.ba.infn.it" >> $RUNTIME_AREA/$repo

export StageOutExitStatus=0
echo "StageOutExitStatus = 0" | tee -a $RUNTIME_AREA/$repo
-------- end of /home/cms021/home_cream_047378354/CREAM047378354/glide_pzWPMH/execute/dir_40477/cmscpReport.sh 
Report for File: /home/cms021/home_cream_047378354/CREAM047378354/glide_pzWPMH/execute/dir_40477/CMSSW_6_2_0_SLHC12/validationEDM_5_1_FYs.root
LFN: /store/user/calabria/calabria_SingleMuPt1000_GEN-SIM-DIGI-RECO_CMSSW_6_2_0_SLHC12_2023Scenario_Case5/calabria_MuMinus1000_GEN-SIM-DIGI-RECO_CMSSW_6_2_0_SLHC12_2023Scenario_VALNOPU2_Case5/5854dd31cbd3cdec44c48628cc181cf0/validationEDM_5_1_FYs.root
StorageElement: storm-se-01.ba.infn.it
StageOutExitStatusReason = 'Copy succedeed with srm-lcg utils'
StageOutExitStatus = 0
>>> current dir: /home/cms021/home_cream_047378354/CREAM047378354/glide_pzWPMH/execute/dir_40477
>>> current dir content:
total 28080
-rw-------  1 cms021 cms     2792 Jun 18 02:16 .SEinteraction.log
-rwx------  1 cms021 cms     6869 Jun 18 01:13 .job.ad
-rwx------  1 cms021 cms     9355 Jun 18 01:13 .machine.ad
-rw-------  1 cms021 cms      105 Jun 16 20:39 CMSSW.py
-rw-------  1 cms021 cms  3740329 Jun 16 20:39 CMSSW.py.pkl
-rwx------  1 cms021 cms    29582 Jun 18 01:14 CMSSW.sh
drwxr-xr-x 15 cms021 cms     4096 Jun 18 02:14 CMSSW_6_2_0_SLHC12
-rw-------  1 cms021 cms      220 Jun 18 01:15 CacheEnv.sh
-rw-------  1 cms021 cms     7291 Apr  4 11:04 DashboardAPI.py
-rw-------  1 cms021 cms     6815 Jun 18 01:15 DashboardAPI.pyc
drwx------  2 cms021 cms     4096 Jun 18 02:12 IMProv
-rw-------  1 cms021 cms     2748 Apr  4 11:04 Logger.py
-rw-------  1 cms021 cms     3347 Jun 18 01:16 Logger.pyc
-rw-------  1 cms021 cms    24524 Apr  4 11:04 ProcInfo.py
-rw-------  1 cms021 cms    23197 Jun 18 01:16 ProcInfo.pyc
drwx------  7 cms021 cms     4096 Jun 18 01:19 ProdCommon
drwx------  3 cms021 cms     4096 Jun 18 01:15 WMCore
-rw-------  1 cms021 cms     2846 Jun 18 02:15 Watchdog_5.log
-rwx------  1 cms021 cms        0 Jun 18 01:14 _condor_stderr
-rwx---r--  1 cms021 cms    29613 Jun 18 02:16 _condor_stdout
-rw-------  1 cms021 cms    32895 Apr  4 11:04 apmon.py
-rw-------  1 cms021 cms    28625 Jun 18 01:15 apmon.pyc
-rwx------  1 cms021 cms    54323 Jun 18 01:14 arguments.xml
-rwx------  1 cms021 cms    38515 Apr  4 11:04 cmscp.py
-rw-------  1 cms021 cms      720 Jun 18 02:16 cmscpReport.sh
-rwx------  1 cms021 cms    29582 Jun 18 01:14 condor_exec.exe
-rw-------  1 cms021 cms      968 Jun 16 20:39 crab.cfg
-rwx------  1 cms021 cms     8610 Apr  4 11:04 crabWatchdog.sh
-rwx---r--  1 cms021 cms   523375 Jun 18 02:11 crab_fjr_5.xml
-rwx------  1 cms021 cms 23957744 Jun 18 01:14 default.tgz
-rwx------  1 cms021 cms     4488 Apr  4 11:04 fillCrabFjr.py
-rw-------  1 cms021 cms     2663 Jun 18 01:19 inputsReport.txt
-rw-------  1 cms021 cms      262 Jun 18 02:16 jobreport.txt
-rw-------  1 cms021 cms    17352 Apr  4 11:04 parseCrabFjr.py
-rw-------  1 cms021 cms      336 Jun 18 01:15 report.log
-rwx--x--x  1 cms021 cms     1497 Apr  4 11:04 report.py
-rw-------  1 cms021 cms      779 Jun 18 02:16 resultCopyFile
lrwxrwxrwx  1 cms021 cms      125 Jun 18 02:14 validationEDM.root -> /home/cms021/home_cream_047378354/CREAM047378354/glide_pzWPMH/execute/dir_40477/CMSSW_6_2_0_SLHC12/validationEDM_5_1_FYs.root
-rwx------  1 cms021 cms     8387 Apr  4 11:04 writeCfg.py
-rw-------  1 cms021 cms     8010 Jun 18 01:13 x509up_u50707
>>> Modify Job Report:
CMSSW_VERSION = CMSSW_6_2_0_SLHC12
ProcessedDataset = calabria_MuMinus1000_GEN-SIM-DIGI-RECO_CMSSW_6_2_0_SLHC12_2023Scenario_VALNOPU2_Case5
/home/cms021/home_cream_047378354/CREAM047378354/glide_pzWPMH/execute/dir_40477/ProdCommon/FwkJobRep/ModifyJobReport.py fjr /home/cms021/home_cream_047378354/CREAM047378354/glide_pzWPMH/execute/dir_40477/crab_fjr_5.xml json /home/cms021/home_cream_047378354/CREAM047378354/glide_pzWPMH/execute/dir_40477/resultCopyFile n_job 5_1_FYs PrimaryDataset calabria_SingleMuPt1000_GEN-SIM-DIGI-RECO_CMSSW_6_2_0_SLHC12_2023Scenario_Case5  ApplicationFamily cmsRun ApplicationName cmsRun cmssw_version CMSSW_6_2_0_SLHC12 psethash 5854dd31cbd3cdec44c48628cc181cf0 UserProcessedDataset calabria-calabria_MuMinus1000_GEN-SIM-DIGI-RECO_CMSSW_6_2_0_SLHC12_2023Scenario_VALNOPU2_Case5-5854dd31cbd3cdec44c48628cc181cf0
inputDict =  {u'/home/cms021/home_cream_047378354/CREAM047378354/glide_pzWPMH/execute/dir_40477/CMSSW_6_2_0_SLHC12/validationEDM_5_1_FYs.root': {u'endpoint': u'srm://storm-se-01.ba.infn.it:8444/srm/managerv2?SFN=//cms/store/user/calabria/calabria_SingleMuPt1000_GEN-SIM-DIGI-RECO_CMSSW_6_2_0_SLHC12_2023Scenario_Case5/calabria_MuMinus1000_GEN-SIM-DIGI-RECO_CMSSW_6_2_0_SLHC12_2023Scenario_VALNOPU2_Case5/5854dd31cbd3cdec44c48628cc181cf0/', u'surl_for_grid': u'', u'reason': u'Copy succedeed with srm-lcg utils', u'erCode': u'0', u'se_name': u'storm-se-01.ba.infn.it', u'for_lfn': u'/store/user/calabria/calabria_SingleMuPt1000_GEN-SIM-DIGI-RECO_CMSSW_6_2_0_SLHC12_2023Scenario_Case5/calabria_MuMinus1000_GEN-SIM-DIGI-RECO_CMSSW_6_2_0_SLHC12_2023Scenario_VALNOPU2_Case5/5854dd31cbd3cdec44c48628cc181cf0/'}}
UserProcessedDataset =  calabria-calabria_MuMinus1000_GEN-SIM-DIGI-RECO_CMSSW_6_2_0_SLHC12_2023Scenario_VALNOPU2_Case5-5854dd31cbd3cdec44c48628cc181cf0
file_name in inputDict =  /home/cms021/home_cream_047378354/CREAM047378354/glide_pzWPMH/execute/dir_40477/CMSSW_6_2_0_SLHC12/validationEDM_5_1_FYs.root
(size) os.stat(filename)[6] =  3379506
checksum =  2966257925
    file =  validationEDM_5_1_FYs.root
    newPfn =  srm://storm-se-01.ba.infn.it:8444/srm/managerv2?SFN=//cms/store/user/calabria/calabria_SingleMuPt1000_GEN-SIM-DIGI-RECO_CMSSW_6_2_0_SLHC12_2023Scenario_Case5/calabria_MuMinus1000_GEN-SIM-DIGI-RECO_CMSSW_6_2_0_SLHC12_2023Scenario_VALNOPU2_Case5/5854dd31cbd3cdec44c48628cc181cf0/validationEDM_5_1_FYs.root
    newLfn =  /store/user/calabria/calabria_SingleMuPt1000_GEN-SIM-DIGI-RECO_CMSSW_6_2_0_SLHC12_2023Scenario_Case5/calabria_MuMinus1000_GEN-SIM-DIGI-RECO_CMSSW_6_2_0_SLHC12_2023Scenario_VALNOPU2_Case5/5854dd31cbd3cdec44c48628cc181cf0/validationEDM_5_1_FYs.root
>>> crab_fjr_*.xml  permission set to 0704
CrabWrapper EXIT_FUNC entered at Wed Jun 18 02:17:05 CEST 2014   -  Wed Jun 18 00:17:06 UTC 2014
Checking output files:  
will tar file crab_fjr_5.xml in  out_files_5
WARNING: output file CMSSW_5.stdout not found!
WARNING: output file CMSSW_5.stderr not found!
WARNING: output file Watchdog_5.log.gz not found!
>>> padding time: Wrapper lasting more than 600 seconds. No sleep required.
STOPPING WATCHDOG. CrabWatchdog PID is 49437
********** LAST 50 LINES OF WATCHDOG LOG
# RESOURCE USAGE SUMMARY FOR PROCESS ID 41904
USER       PID %CPU %MEM    VSZ   RSS TTY      STAT START   TIME COMMAND
cms021   41904  0.5  0.0   9500  1596 ?        S    01:14   0:00 /bin/sh /home/cms021/home_cream_047378354/CREAM047378354/glide_pzWPMH/execute/dir_40477/condor_exec.exe 5 1
 
# LIMITS USED BY CRAB WATCHDOG:
# RSS  (KBytes)   : 2300000
# VSZ  (KBytes)   : 100000000
# DISK (MBytes)   : 19000
# CPU TIME        : 720h:0m:0s
# WALL CLOCK TIME : 21h:50m:0s
 
# FOLLOWING PRINTOUT TRACKS MAXIMUM VALUES OF RESOURCES USE
# ONE LINE IS PRINTED EACH TIME A MAXIMUM CHANGES
# IF CHANGE WAS IN RSS OR VSZ ALSO PROCID AND COMMAND ARE PRINTED
# THERE IS NO PRINTOUT FOR CPU/WALL TIME INCREASE
 
# TIME			PID	RSS(KB)	VSZ(KB)	Dsk(MB)	tCPU(s)	tWALL(s)	COMMAND
 Jun 18 01:16:55 CEST	40477	8420	93616	0	1	49	condor_starter -f submit-6.t2.ucsd.edu        
 Jun 18 01:16:55 CEST	48890	15748	93616	0	1798	147	condor_procd -A /home/cms021/home_cream_047378354/CREAM047378354/glide_pzWPMH/log/procd_address -L /home/cms021/home_cream_047378354/CREAM047378354/glide_pzWPMH/log/ProcLog -R 10000000 -S 60 -C 18547
 Jun 18 01:16:55 CEST	48922	15748	93920	0	48	158	condor_startd -f         
 Jun 18 01:16:55 CEST	58959	15748	106100	0	0	240	sh -c "./glidein_startup.sh" -v std -name v1_3 -entry CDF_IT_Bari_ce2 -clientname UCSD-v1_0.main
 Jun 18 01:16:55 CEST	58963	15748	106500	0	3	249	/bin/bash ./glidein_startup.sh -v std -name v1_3 -entry CDF_IT_Bari_ce2 -clientname UCSD-v1_0.main -schedd
 Jun 18 01:16:55 CEST	---	15748	106500	175	----	----	----
 Jun 18 01:22:06 CEST	62508	134500	275680	175	189	632	cmsRun -j /home/cms021/home_cream_047378354/CREAM047378354/glide_pzWPMH/execute/dir_40477/crab_fjr_5.xml -p pset.py      
 Jun 18 01:28:30 CEST	62508	712752	979992	175	348	934	cmsRun -j /home/cms021/home_cream_047378354/CREAM047378354/glide_pzWPMH/execute/dir_40477/crab_fjr_5.xml -p pset.py      
 Jun 18 01:33:30 CEST	62508	730216	998424	175	526	1243	cmsRun -j /home/cms021/home_cream_047378354/CREAM047378354/glide_pzWPMH/execute/dir_40477/crab_fjr_5.xml -p pset.py      
 Jun 18 01:38:41 CEST	62508	737788	1007384	175	731	1580	cmsRun -j /home/cms021/home_cream_047378354/CREAM047378354/glide_pzWPMH/execute/dir_40477/crab_fjr_5.xml -p pset.py      
 Jun 18 01:44:17 CEST	62508	738920	1012760	175	908	1875	cmsRun -j /home/cms021/home_cream_047378354/CREAM047378354/glide_pzWPMH/execute/dir_40477/crab_fjr_5.xml -p pset.py      
 Jun 18 01:49:11 CEST	62508	741512	1021464	175	1101	2210	cmsRun -j /home/cms021/home_cream_047378354/CREAM047378354/glide_pzWPMH/execute/dir_40477/crab_fjr_5.xml -p pset.py      
 Jun 18 02:00:23 CEST	62508	771608	1025816	175	1463	2838	cmsRun -j /home/cms021/home_cream_047378354/CREAM047378354/glide_pzWPMH/execute/dir_40477/crab_fjr_5.xml -p pset.py      
 Jun 18 02:10:42 CEST	---	771608	1025816	179	----	----	----
********** WATCHDOG LOG ENDED
ZIPPING WATCHDOG LOG
Disk space used:
du -sh /home/cms021/home_cream_047378354/CREAM047378354/glide_pzWPMH/execute/dir_40477
179M	/home/cms021/home_cream_047378354/CREAM047378354/glide_pzWPMH/execute/dir_40477
Found unusual stdout, rename for OSB
`/home/cms021/home_cream_047378354/CREAM047378354/glide_pzWPMH/execute/dir_40477/_condor_stdout' -> `CMSSW_5.stdout'
Found unusual stderr, rename for OSB
`/home/cms021/home_cream_047378354/CREAM047378354/glide_pzWPMH/execute/dir_40477/_condor_stdout' -> `CMSSW_5.stderr'
crab_fjr_5.xml
CMSSW_5.stdout
CMSSW_5.stderr
Watchdog_5.log.gz
Total Output dimension: 70556
WARNING: output files size limit is set to: 50000000
Total Output dimension 70556 is fine.
JOB_EXIT_STATUS = 0
>>> info for dashboard:
***** Cat /home/cms021/home_cream_047378354/CREAM047378354/glide_pzWPMH/execute/dir_40477/jobreport.txt *****
MonitorJobID=5_https://submit-6.t2.ucsd.edu//140616//168551.4
MonitorID=calabria_MuMinus1000_Case5_ReReco_9i3t6q
ExeTime=3002
ExeExitCode=0
StageOutExitStatusReason = 'Copy succedeed with srm-lcg utils'
StageOutSE = storm-se-01.ba.infn.it
StageOutExitStatus = 0
CrabUserCpuTime=1550.67
CrabSysCpuTime=184.76
CrabCpuPercentage=57%
CrabWrapperTime=3777
CrabStageoutTime=105
JobExitCode=0
***** End Cat jobreport *****
Parameters sent to Dashboard.
EXITING at Wed Jun 18 02:19:22 CEST 2014  -  Wed Jun 18 00:19:23 UTC 2014
