This script was generated by crab (version 2.10.5_patch1).
Running /home/cms015/home_cream_490479434/CREAM490479434/glide_eVLCnl/execute/dir_15937/condor_exec.exe with 2 positional parameters: 14 1
Today is Wed Jun 18 01:15:50 CEST 2014 - Tue Jun 17 23:15:50 UTC 2014
Job submitted on host pccms138.ba.infn.it
Linux pccms138.ba.infn.it 2.6.32-358.23.2.el6.x86_64 #1 SMP Thu Oct 17 10:27:22 CEST 2013 x86_64 x86_64 x86_64 GNU/Linux
>>> current directory (RUNTIME_AREA): /home/cms015/home_cream_490479434/CREAM490479434/glide_eVLCnl/execute/dir_15937
>>> current user: uid=11815(cms015) gid=1399(cms) groups=1399(cms)
>>> directory permission set to 0700
>>> umask set to:  u=rwx,g=,o=
>>> stdout stderr permission set to 0704
>>> voms proxy information:
subject   : /C=IT/O=INFN/OU=Personal Certificate/L=Bari/CN=Cesare Calabria/CN=477126703/CN=804827748
issuer    : /C=IT/O=INFN/OU=Personal Certificate/L=Bari/CN=Cesare Calabria/CN=477126703
identity  : /C=IT/O=INFN/OU=Personal Certificate/L=Bari/CN=Cesare Calabria
type      : RFC3820 compliant limited proxy
strength  : 1024
path      : /home/cms015/home_cream_490479434/CREAM490479434/glide_eVLCnl/execute/dir_15937/x509up_u50707
timeleft  : 23:59:48
key usage : Digital Signature, Key Encipherment, Data Encipherment
=== VO cms extension information ===
VO        : cms
subject   : /C=IT/O=INFN/OU=Personal Certificate/L=Bari/CN=Cesare Calabria
issuer    : /DC=ch/DC=cern/OU=computers/CN=voms.cern.ch
attribute : /cms/Role=NULL/Capability=NULL
attribute : /cms/itcms/Role=NULL/Capability=NULL
timeleft  : 154:08:29
uri       : voms.cern.ch:15002

WNHostName=pccms138.ba.infn.it
>>> tar --no-same-permissions -xf /home/cms015/home_cream_490479434/CREAM490479434/glide_eVLCnl/execute/dir_15937/default.tgz :
Successful untar
>>> Include /home/cms015/home_cream_490479434/CREAM490479434/glide_eVLCnl/execute/dir_15937 in PYTHONPATH:
strip arguments
env var CRAB_UNIQUE_JOB_ID set to: calabria_MuMinus1000_Case5_ReReco_9i3t6q_14_1_oto
out_files_14
>>> list of expected files on output sandbox
output files: crab_fjr_14.xml CMSSW_14.stdout CMSSW_14.stderr Watchdog_14.log.gz
>>> GridFlavour discovery: 
GridFlavour=LCG
>>> SyncSite discovery: 
SyncSite=T2_IT_Bari
>>> SyncCE discovery: 
getting SyncCE from CE_ID
SyncCE=cream-ce-2.ba.infn.it:8443/cream-pbs-cms
>>> info for dashboard:
***** Cat /home/cms015/home_cream_490479434/CREAM490479434/glide_eVLCnl/execute/dir_15937/jobreport.txt *****
WNHostName=pccms138.ba.infn.it
MonitorJobID=14_https://submit-6.t2.ucsd.edu//140616//168551.13
SyncGridJobId=https://submit-6.t2.ucsd.edu//140616//168551.13
MonitorID=calabria_MuMinus1000_Case5_ReReco_9i3t6q
GridFlavour=LCG
SyncSite=T2_IT_Bari
SyncCE=cream-ce-2.ba.infn.it:8443/cream-pbs-cms
***** End Cat jobreport *****
Parameters sent to Dashboard.
>>> setup environment
set SCRAM ARCH to slc5_amd64_gcc472
SCRAM_ARCH = slc5_amd64_gcc472
>>> setup CMS LCG environment:
set SCRAM ARCH and BUILD_ARCH to slc5_amd64_gcc472 ###
Sourcing environment... 
sourcing /cvmfs/cms.cern.ch/cmsset_default.sh
==> setup cms environment ok
>>> specific cmssw setup environment:
CMSSW_VERSION =  CMSSW_6_2_0_SLHC12
>>> current directory (SOFTWARE_DIR): /home/cms015/home_cream_490479434/CREAM490479434/glide_eVLCnl/execute/dir_15937/CMSSW_6_2_0_SLHC12
PreserveSeeds: <>
IncrementSeeds:<>
>>> info for dashboard:
***** Cat /home/cms015/home_cream_490479434/CREAM490479434/glide_eVLCnl/execute/dir_15937/jobreport.txt *****
MonitorJobID=14_https://submit-6.t2.ucsd.edu//140616//168551.13
MonitorID=calabria_MuMinus1000_Case5_ReReco_9i3t6q
***** End Cat jobreport *****
Parameters sent to Dashboard.
crabWatchdog started as process 16337
>>> moving CMSSW software directories in /home/cms015/home_cream_490479434/CREAM490479434/glide_eVLCnl/execute/dir_15937/CMSSW_6_2_0_SLHC12
mv: cannot stat `/home/cms015/home_cream_490479434/CREAM490479434/glide_eVLCnl/execute/dir_15937/module/': No such file or directory
>>> Include /home/cms015/home_cream_490479434/CREAM490479434/glide_eVLCnl/execute/dir_15937 in PYTHONPATH:
PYTHONPATH=/home/cms015/home_cream_490479434/CREAM490479434/glide_eVLCnl/execute/dir_15937/:/home/cms015/home_cream_490479434/CREAM490479434/glide_eVLCnl/execute/dir_15937/CMSSW_6_2_0_SLHC12/python:/home/cms015/home_cream_490479434/CREAM490479434/glide_eVLCnl/execute/dir_15937/CMSSW_6_2_0_SLHC12/lib/slc5_amd64_gcc472:/cvmfs/cms.cern.ch/slc5_amd64_gcc472/cms/cmssw/CMSSW_6_2_0_SLHC12/python:/cvmfs/cms.cern.ch/slc5_amd64_gcc472/cms/cmssw/CMSSW_6_2_0_SLHC12/lib/slc5_amd64_gcc472:/cvmfs/cms.cern.ch/slc5_amd64_gcc472/cms/coral/CORAL_2_3_21-cms36/slc5_amd64_gcc472/python:/cvmfs/cms.cern.ch/slc5_amd64_gcc472/cms/coral/CORAL_2_3_21-cms36/slc5_amd64_gcc472/lib:/cvmfs/cms.cern.ch/slc5_amd64_gcc472/external/pyqt/4.8.1-cms6/lib/python2.7/site-packages:/cvmfs/cms.cern.ch/slc5_amd64_gcc472/external/py2-scipy/0.8.0-cms8/lib/python2.7/site-packages:/cvmfs/cms.cern.ch/slc5_amd64_gcc472/external/py2-matplotlib/1.0.1-cms8/lib/python2.7/site-packages:/cvmfs/cms.cern.ch/slc5_amd64_gcc472/external/python-ldap/2.3.5-cms6/lib/python2.7/site-packages:/cvmfs/cms.cern.ch/slc5_amd64_gcc472/external/sip/4.11.2-cms6/lib/python2.7/site-packages:/cvmfs/cms.cern.ch/slc5_amd64_gcc472/external/py2-pycurl/7.19.0-cms8/lib/python2.7/site-packages:/cvmfs/cms.cern.ch/slc5_amd64_gcc472/external/py2-numpy/1.6.1-cms8/lib/python2.7/site-packages:/cvmfs/cms.cern.ch/slc5_amd64_gcc472/external/py2-lint/0.25.1-cms6/lib/python2.7/site-packages:/cvmfs/cms.cern.ch/slc5_amd64_gcc472/external/py2-ipython/0.10-cms6/lib/python2.7/site-packages:/cvmfs/cms.cern.ch/slc5_amd64_gcc472/external/py2-cx-oracle/5.1-cms7/lib/python2.7/site-packages:/cvmfs/cms.cern.ch/slc5_amd64_gcc472/external/py2-cjson/1.0.5-cms6/lib/python2.7/site-packages:/cvmfs/cms.cern.ch/slc5_amd64_gcc472/cms/das-client/1.11.7/bin:/cvmfs/cms.cern.ch/slc5_amd64_gcc472/external/elementtree/1.2.6-cms6/share/lib/python2.7/site-packages:/cvmfs/cms.cern.ch/slc5_amd64_gcc472/external/rivet/1.8.2-cms8/lib/python2.7/site-packages:/cvmfs/cms.cern.ch/slc5_amd64_gcc472/external/pyminuit2/0.0.1-cms19/lib/python2.7/site-packages:/cvmfs/cms.cern.ch/slc5_amd64_gcc472/external/py2-pygithub/1.23.0/lib/python2.7/site-packages:/cvmfs/cms.cern.ch/slc5_amd64_gcc472/external/professor/1.0.0-cms19/lib/python2.7/site-packages:/cvmfs/cms.cern.ch/slc5_amd64_gcc472/lcg/root/5.34.07-cms/lib:/cvmfs/cms.cern.ch/slc5_amd64_gcc472/cms/dbs-client/DBS_2_1_9-cms5/lib:/cvmfs/cms.cern.ch/slc5_amd64_gcc472/cms/dbs-client/DBS_2_1_9-cms5/lib/DBSAPI:/cvmfs/cms.cern.ch/slc5_amd64_gcc472/external/cvs2git/5419-cms/lib:/home/cms015/home_cream_490479434/CREAM490479434/glide_eVLCnl/execute/dir_15937/
 
# LIMITS USED BY CRAB WATCHDOG:
# RSS  (KBytes)   : 2300000
# VSZ  (KBytes)   : 100000000
# DISK (MBytes)   : 19000
# CPU TIME        : 720h:0m:0s
# WALL CLOCK TIME : 21h:50m:0s
 
5854dd31cbd3cdec44c48628cc181cf0
PSETHASH = 5854dd31cbd3cdec44c48628cc181cf0
/home/cms015/home_cream_490479434/CREAM490479434/glide_eVLCnl/execute/dir_15937/writeCfg.py pset.py pset.py
Importing .py file
Setting parameters
RandomNumberGeneratorService found, will attempt to change seeds
inputBlocks=/calabria_SingleMuPt1000_GEN-SIM-DIGI-RECO_CMSSW_6_2_0_SLHC12_2023Scenario_Case5/calabria-calabria_SingleMuPt1000_GEN-SIM-DIGI-RECO_CMSSW_6_2_0_SLHC12_2023Scenario_Case5-922ea90bdbc7e1cb755e8834f64ec204/USER#b97db0a0-7b97-4031-97b3-9d66a9835bde
inputFiles=/store/user/calabria/calabria_SingleMuPt1000_GEN-SIM-DIGI-RECO_CMSSW_6_2_0_SLHC12_2023Scenario_Case5/calabria_SingleMuPt1000_GEN-SIM-DIGI-RECO_CMSSW_6_2_0_SLHC12_2023Scenario_Case5/922ea90bdbc7e1cb755e8834f64ec204/out_reco_199_1_d2k.root;/store/user/calabria/calabria_SingleMuPt1000_GEN-SIM-DIGI-RECO_CMSSW_6_2_0_SLHC12_2023Scenario_Case5/calabria_SingleMuPt1000_GEN-SIM-DIGI-RECO_CMSSW_6_2_0_SLHC12_2023Scenario_Case5/922ea90bdbc7e1cb755e8834f64ec204/out_reco_200_1_VLC.root;/store/user/calabria/calabria_SingleMuPt1000_GEN-SIM-DIGI-RECO_CMSSW_6_2_0_SLHC12_2023Scenario_Case5/calabria_SingleMuPt1000_GEN-SIM-DIGI-RECO_CMSSW_6_2_0_SLHC12_2023Scenario_Case5/922ea90bdbc7e1cb755e8834f64ec204/out_reco_201_1_XMu.root;/store/user/calabria/calabria_SingleMuPt1000_GEN-SIM-DIGI-RECO_CMSSW_6_2_0_SLHC12_2023Scenario_Case5/calabria_SingleMuPt1000_GEN-SIM-DIGI-RECO_CMSSW_6_2_0_SLHC12_2023Scenario_Case5/922ea90bdbc7e1cb755e8834f64ec204/out_reco_203_1_aBc.root;/store/user/calabria/calabria_SingleMuPt1000_GEN-SIM-DIGI-RECO_CMSSW_6_2_0_SLHC12_2023Scenario_Case5/calabria_SingleMuPt1000_GEN-SIM-DIGI-RECO_CMSSW_6_2_0_SLHC12_2023Scenario_Case5/922ea90bdbc7e1cb755e8834f64ec204/out_reco_207_1_Ovi.root;/store/user/calabria/calabria_SingleMuPt1000_GEN-SIM-DIGI-RECO_CMSSW_6_2_0_SLHC12_2023Scenario_Case5/calabria_SingleMuPt1000_GEN-SIM-DIGI-RECO_CMSSW_6_2_0_SLHC12_2023Scenario_Case5/922ea90bdbc7e1cb755e8834f64ec204/out_reco_209_1_1b2.root;/store/user/calabria/calabria_SingleMuPt1000_GEN-SIM-DIGI-RECO_CMSSW_6_2_0_SLHC12_2023Scenario_Case5/calabria_SingleMuPt1000_GEN-SIM-DIGI-RECO_CMSSW_6_2_0_SLHC12_2023Scenario_Case5/922ea90bdbc7e1cb755e8834f64ec204/out_reco_210_1_W0o.root;/store/user/calabria/calabria_SingleMuPt1000_GEN-SIM-DIGI-RECO_CMSSW_6_2_0_SLHC12_2023Scenario_Case5/calabria_SingleMuPt1000_GEN-SIM-DIGI-RECO_CMSSW_6_2_0_SLHC12_2023Scenario_Case5/922ea90bdbc7e1cb755e8834f64ec204/out_reco_211_1_ebm.root;/store/user/calabria/calabria_SingleMuPt1000_GEN-SIM-DIGI-RECO_CMSSW_6_2_0_SLHC12_2023Scenario_Case5/calabria_SingleMuPt1000_GEN-SIM-DIGI-RECO_CMSSW_6_2_0_SLHC12_2023Scenario_Case5/922ea90bdbc7e1cb755e8834f64ec204/out_reco_213_1_a9S.root;/store/user/calabria/calabria_SingleMuPt1000_GEN-SIM-DIGI-RECO_CMSSW_6_2_0_SLHC12_2023Scenario_Case5/calabria_SingleMuPt1000_GEN-SIM-DIGI-RECO_CMSSW_6_2_0_SLHC12_2023Scenario_Case5/922ea90bdbc7e1cb755e8834f64ec204/out_reco_214_1_6c5.root
parentFiles=
lumisRange=
>>> Executable cmsRun
/cvmfs/cms.cern.ch/slc5_amd64_gcc472/cms/cmssw/CMSSW_6_2_0_SLHC12/bin/slc5_amd64_gcc472/cmsRun
ok executable found
>>> info for dashboard:
***** Cat /home/cms015/home_cream_490479434/CREAM490479434/glide_eVLCnl/execute/dir_15937/jobreport.txt *****
MonitorJobID=14_https://submit-6.t2.ucsd.edu//140616//168551.13
MonitorID=calabria_MuMinus1000_Case5_ReReco_9i3t6q
ExeStart=cmsRun
***** End Cat jobreport *****
Parameters sent to Dashboard.
>>> cmsRun started at Tue Jun 17 23:16:13 UTC 2014
>>> cmsRun ended at Tue Jun 17 23:19:34 UTC 2014
>>> crab_fjr_*.xml  permission set to 0704
>>> info for dashboard:
***** Cat /home/cms015/home_cream_490479434/CREAM490479434/glide_eVLCnl/execute/dir_15937/jobreport.txt *****
MonitorJobID=14_https://submit-6.t2.ucsd.edu//140616//168551.13
MonitorID=calabria_MuMinus1000_Case5_ReReco_9i3t6q
ExeEnd=cmsRun
***** End Cat jobreport *****
Parameters sent to Dashboard.
TIME_EXE = 201 sec
>>> cmsRun wrote 50 lines of stdout+stderr
>>> START OF printout of 50 lines from stdout+stderr
271 DQMStore::DQMStore 
HcalTopologyIdealEP::HcalTopologyIdealEP
18-Jun-2014 01:16:32 CEST  Initiating request to open file file:/lustre/cms//store/user/calabria/calabria_SingleMuPt1000_GEN-SIM-DIGI-RECO_CMSSW_6_2_0_SLHC12_2023Scenario_Case5/calabria_SingleMuPt1000_GEN-SIM-DIGI-RECO_CMSSW_6_2_0_SLHC12_2023Scenario_Case5/922ea90bdbc7e1cb755e8834f64ec204/out_reco_199_1_d2k.root
18-Jun-2014 01:16:35 CEST  Successfully opened file file:/lustre/cms//store/user/calabria/calabria_SingleMuPt1000_GEN-SIM-DIGI-RECO_CMSSW_6_2_0_SLHC12_2023Scenario_Case5/calabria_SingleMuPt1000_GEN-SIM-DIGI-RECO_CMSSW_6_2_0_SLHC12_2023Scenario_Case5/922ea90bdbc7e1cb755e8834f64ec204/out_reco_199_1_d2k.root
18-Jun-2014 01:16:54 CEST  Closed file file:/lustre/cms//store/user/calabria/calabria_SingleMuPt1000_GEN-SIM-DIGI-RECO_CMSSW_6_2_0_SLHC12_2023Scenario_Case5/calabria_SingleMuPt1000_GEN-SIM-DIGI-RECO_CMSSW_6_2_0_SLHC12_2023Scenario_Case5/922ea90bdbc7e1cb755e8834f64ec204/out_reco_199_1_d2k.root
18-Jun-2014 01:16:54 CEST  Initiating request to open file file:/lustre/cms//store/user/calabria/calabria_SingleMuPt1000_GEN-SIM-DIGI-RECO_CMSSW_6_2_0_SLHC12_2023Scenario_Case5/calabria_SingleMuPt1000_GEN-SIM-DIGI-RECO_CMSSW_6_2_0_SLHC12_2023Scenario_Case5/922ea90bdbc7e1cb755e8834f64ec204/out_reco_200_1_VLC.root
18-Jun-2014 01:16:54 CEST  Successfully opened file file:/lustre/cms//store/user/calabria/calabria_SingleMuPt1000_GEN-SIM-DIGI-RECO_CMSSW_6_2_0_SLHC12_2023Scenario_Case5/calabria_SingleMuPt1000_GEN-SIM-DIGI-RECO_CMSSW_6_2_0_SLHC12_2023Scenario_Case5/922ea90bdbc7e1cb755e8834f64ec204/out_reco_200_1_VLC.root
18-Jun-2014 01:17:14 CEST  Closed file file:/lustre/cms//store/user/calabria/calabria_SingleMuPt1000_GEN-SIM-DIGI-RECO_CMSSW_6_2_0_SLHC12_2023Scenario_Case5/calabria_SingleMuPt1000_GEN-SIM-DIGI-RECO_CMSSW_6_2_0_SLHC12_2023Scenario_Case5/922ea90bdbc7e1cb755e8834f64ec204/out_reco_200_1_VLC.root
18-Jun-2014 01:17:14 CEST  Initiating request to open file file:/lustre/cms//store/user/calabria/calabria_SingleMuPt1000_GEN-SIM-DIGI-RECO_CMSSW_6_2_0_SLHC12_2023Scenario_Case5/calabria_SingleMuPt1000_GEN-SIM-DIGI-RECO_CMSSW_6_2_0_SLHC12_2023Scenario_Case5/922ea90bdbc7e1cb755e8834f64ec204/out_reco_201_1_XMu.root
18-Jun-2014 01:17:14 CEST  Successfully opened file file:/lustre/cms//store/user/calabria/calabria_SingleMuPt1000_GEN-SIM-DIGI-RECO_CMSSW_6_2_0_SLHC12_2023Scenario_Case5/calabria_SingleMuPt1000_GEN-SIM-DIGI-RECO_CMSSW_6_2_0_SLHC12_2023Scenario_Case5/922ea90bdbc7e1cb755e8834f64ec204/out_reco_201_1_XMu.root
18-Jun-2014 01:17:31 CEST  Closed file file:/lustre/cms//store/user/calabria/calabria_SingleMuPt1000_GEN-SIM-DIGI-RECO_CMSSW_6_2_0_SLHC12_2023Scenario_Case5/calabria_SingleMuPt1000_GEN-SIM-DIGI-RECO_CMSSW_6_2_0_SLHC12_2023Scenario_Case5/922ea90bdbc7e1cb755e8834f64ec204/out_reco_201_1_XMu.root
18-Jun-2014 01:17:31 CEST  Initiating request to open file file:/lustre/cms//store/user/calabria/calabria_SingleMuPt1000_GEN-SIM-DIGI-RECO_CMSSW_6_2_0_SLHC12_2023Scenario_Case5/calabria_SingleMuPt1000_GEN-SIM-DIGI-RECO_CMSSW_6_2_0_SLHC12_2023Scenario_Case5/922ea90bdbc7e1cb755e8834f64ec204/out_reco_203_1_aBc.root
18-Jun-2014 01:17:31 CEST  Successfully opened file file:/lustre/cms//store/user/calabria/calabria_SingleMuPt1000_GEN-SIM-DIGI-RECO_CMSSW_6_2_0_SLHC12_2023Scenario_Case5/calabria_SingleMuPt1000_GEN-SIM-DIGI-RECO_CMSSW_6_2_0_SLHC12_2023Scenario_Case5/922ea90bdbc7e1cb755e8834f64ec204/out_reco_203_1_aBc.root
18-Jun-2014 01:17:48 CEST  Closed file file:/lustre/cms//store/user/calabria/calabria_SingleMuPt1000_GEN-SIM-DIGI-RECO_CMSSW_6_2_0_SLHC12_2023Scenario_Case5/calabria_SingleMuPt1000_GEN-SIM-DIGI-RECO_CMSSW_6_2_0_SLHC12_2023Scenario_Case5/922ea90bdbc7e1cb755e8834f64ec204/out_reco_203_1_aBc.root
18-Jun-2014 01:17:48 CEST  Initiating request to open file file:/lustre/cms//store/user/calabria/calabria_SingleMuPt1000_GEN-SIM-DIGI-RECO_CMSSW_6_2_0_SLHC12_2023Scenario_Case5/calabria_SingleMuPt1000_GEN-SIM-DIGI-RECO_CMSSW_6_2_0_SLHC12_2023Scenario_Case5/922ea90bdbc7e1cb755e8834f64ec204/out_reco_207_1_Ovi.root
18-Jun-2014 01:17:49 CEST  Successfully opened file file:/lustre/cms//store/user/calabria/calabria_SingleMuPt1000_GEN-SIM-DIGI-RECO_CMSSW_6_2_0_SLHC12_2023Scenario_Case5/calabria_SingleMuPt1000_GEN-SIM-DIGI-RECO_CMSSW_6_2_0_SLHC12_2023Scenario_Case5/922ea90bdbc7e1cb755e8834f64ec204/out_reco_207_1_Ovi.root
18-Jun-2014 01:18:06 CEST  Closed file file:/lustre/cms//store/user/calabria/calabria_SingleMuPt1000_GEN-SIM-DIGI-RECO_CMSSW_6_2_0_SLHC12_2023Scenario_Case5/calabria_SingleMuPt1000_GEN-SIM-DIGI-RECO_CMSSW_6_2_0_SLHC12_2023Scenario_Case5/922ea90bdbc7e1cb755e8834f64ec204/out_reco_207_1_Ovi.root
18-Jun-2014 01:18:06 CEST  Initiating request to open file file:/lustre/cms//store/user/calabria/calabria_SingleMuPt1000_GEN-SIM-DIGI-RECO_CMSSW_6_2_0_SLHC12_2023Scenario_Case5/calabria_SingleMuPt1000_GEN-SIM-DIGI-RECO_CMSSW_6_2_0_SLHC12_2023Scenario_Case5/922ea90bdbc7e1cb755e8834f64ec204/out_reco_209_1_1b2.root
18-Jun-2014 01:18:06 CEST  Successfully opened file file:/lustre/cms//store/user/calabria/calabria_SingleMuPt1000_GEN-SIM-DIGI-RECO_CMSSW_6_2_0_SLHC12_2023Scenario_Case5/calabria_SingleMuPt1000_GEN-SIM-DIGI-RECO_CMSSW_6_2_0_SLHC12_2023Scenario_Case5/922ea90bdbc7e1cb755e8834f64ec204/out_reco_209_1_1b2.root
18-Jun-2014 01:18:21 CEST  Closed file file:/lustre/cms//store/user/calabria/calabria_SingleMuPt1000_GEN-SIM-DIGI-RECO_CMSSW_6_2_0_SLHC12_2023Scenario_Case5/calabria_SingleMuPt1000_GEN-SIM-DIGI-RECO_CMSSW_6_2_0_SLHC12_2023Scenario_Case5/922ea90bdbc7e1cb755e8834f64ec204/out_reco_209_1_1b2.root
18-Jun-2014 01:18:21 CEST  Initiating request to open file file:/lustre/cms//store/user/calabria/calabria_SingleMuPt1000_GEN-SIM-DIGI-RECO_CMSSW_6_2_0_SLHC12_2023Scenario_Case5/calabria_SingleMuPt1000_GEN-SIM-DIGI-RECO_CMSSW_6_2_0_SLHC12_2023Scenario_Case5/922ea90bdbc7e1cb755e8834f64ec204/out_reco_210_1_W0o.root
18-Jun-2014 01:18:21 CEST  Successfully opened file file:/lustre/cms//store/user/calabria/calabria_SingleMuPt1000_GEN-SIM-DIGI-RECO_CMSSW_6_2_0_SLHC12_2023Scenario_Case5/calabria_SingleMuPt1000_GEN-SIM-DIGI-RECO_CMSSW_6_2_0_SLHC12_2023Scenario_Case5/922ea90bdbc7e1cb755e8834f64ec204/out_reco_210_1_W0o.root
18-Jun-2014 01:18:37 CEST  Closed file file:/lustre/cms//store/user/calabria/calabria_SingleMuPt1000_GEN-SIM-DIGI-RECO_CMSSW_6_2_0_SLHC12_2023Scenario_Case5/calabria_SingleMuPt1000_GEN-SIM-DIGI-RECO_CMSSW_6_2_0_SLHC12_2023Scenario_Case5/922ea90bdbc7e1cb755e8834f64ec204/out_reco_210_1_W0o.root
18-Jun-2014 01:18:37 CEST  Initiating request to open file file:/lustre/cms//store/user/calabria/calabria_SingleMuPt1000_GEN-SIM-DIGI-RECO_CMSSW_6_2_0_SLHC12_2023Scenario_Case5/calabria_SingleMuPt1000_GEN-SIM-DIGI-RECO_CMSSW_6_2_0_SLHC12_2023Scenario_Case5/922ea90bdbc7e1cb755e8834f64ec204/out_reco_211_1_ebm.root
18-Jun-2014 01:18:38 CEST  Successfully opened file file:/lustre/cms//store/user/calabria/calabria_SingleMuPt1000_GEN-SIM-DIGI-RECO_CMSSW_6_2_0_SLHC12_2023Scenario_Case5/calabria_SingleMuPt1000_GEN-SIM-DIGI-RECO_CMSSW_6_2_0_SLHC12_2023Scenario_Case5/922ea90bdbc7e1cb755e8834f64ec204/out_reco_211_1_ebm.root
18-Jun-2014 01:18:54 CEST  Closed file file:/lustre/cms//store/user/calabria/calabria_SingleMuPt1000_GEN-SIM-DIGI-RECO_CMSSW_6_2_0_SLHC12_2023Scenario_Case5/calabria_SingleMuPt1000_GEN-SIM-DIGI-RECO_CMSSW_6_2_0_SLHC12_2023Scenario_Case5/922ea90bdbc7e1cb755e8834f64ec204/out_reco_211_1_ebm.root
18-Jun-2014 01:18:54 CEST  Initiating request to open file file:/lustre/cms//store/user/calabria/calabria_SingleMuPt1000_GEN-SIM-DIGI-RECO_CMSSW_6_2_0_SLHC12_2023Scenario_Case5/calabria_SingleMuPt1000_GEN-SIM-DIGI-RECO_CMSSW_6_2_0_SLHC12_2023Scenario_Case5/922ea90bdbc7e1cb755e8834f64ec204/out_reco_213_1_a9S.root
18-Jun-2014 01:18:54 CEST  Successfully opened file file:/lustre/cms//store/user/calabria/calabria_SingleMuPt1000_GEN-SIM-DIGI-RECO_CMSSW_6_2_0_SLHC12_2023Scenario_Case5/calabria_SingleMuPt1000_GEN-SIM-DIGI-RECO_CMSSW_6_2_0_SLHC12_2023Scenario_Case5/922ea90bdbc7e1cb755e8834f64ec204/out_reco_213_1_a9S.root
18-Jun-2014 01:19:10 CEST  Closed file file:/lustre/cms//store/user/calabria/calabria_SingleMuPt1000_GEN-SIM-DIGI-RECO_CMSSW_6_2_0_SLHC12_2023Scenario_Case5/calabria_SingleMuPt1000_GEN-SIM-DIGI-RECO_CMSSW_6_2_0_SLHC12_2023Scenario_Case5/922ea90bdbc7e1cb755e8834f64ec204/out_reco_213_1_a9S.root
18-Jun-2014 01:19:10 CEST  Initiating request to open file file:/lustre/cms//store/user/calabria/calabria_SingleMuPt1000_GEN-SIM-DIGI-RECO_CMSSW_6_2_0_SLHC12_2023Scenario_Case5/calabria_SingleMuPt1000_GEN-SIM-DIGI-RECO_CMSSW_6_2_0_SLHC12_2023Scenario_Case5/922ea90bdbc7e1cb755e8834f64ec204/out_reco_214_1_6c5.root
18-Jun-2014 01:19:11 CEST  Successfully opened file file:/lustre/cms//store/user/calabria/calabria_SingleMuPt1000_GEN-SIM-DIGI-RECO_CMSSW_6_2_0_SLHC12_2023Scenario_Case5/calabria_SingleMuPt1000_GEN-SIM-DIGI-RECO_CMSSW_6_2_0_SLHC12_2023Scenario_Case5/922ea90bdbc7e1cb755e8834f64ec204/out_reco_214_1_6c5.root
18-Jun-2014 01:19:33 CEST  Closed file file:/lustre/cms//store/user/calabria/calabria_SingleMuPt1000_GEN-SIM-DIGI-RECO_CMSSW_6_2_0_SLHC12_2023Scenario_Case5/calabria_SingleMuPt1000_GEN-SIM-DIGI-RECO_CMSSW_6_2_0_SLHC12_2023Scenario_Case5/922ea90bdbc7e1cb755e8834f64ec204/out_reco_214_1_6c5.root

=============================================

MessageLogger Summary

 type     category        sev    module        subroutine        count    total
 ---- -------------------- -- ---------------- ----------------  -----    -----
    1 fileAction           -s file_close                            10       10
    2 fileAction           -s file_open                             20       20

 type    category    Examples: run/evt        run/evt          run/evt
 ---- -------------------- ---------------- ---------------- ----------------
    1 fileAction           PostProcessEvent PostProcessEvent PostEndRun
    2 fileAction           pre-events       pre-events       PostProcessEvent

Severity    # Occurrences   Total Occurrences
--------    -------------   -----------------
System                 30                  30
>>> END OF printout of 50 lines from stdout+stderr
>>> Parse FrameworkJobReport crab_fjr.xml
Result of parsing the FrameworkJobReport crab_fjr.xml: Popularity start
lumisRange : 1::::1;1::::2;1::::3;1::::4;1::::5;1::::6;1::::7;1::::8;1::::9;1::::10;
lumisParentRange : 
Basename : /store/user/calabria/calabria_SingleMuPt1000_GEN-SIM-DIGI-RECO_CMSSW_6_2_0_SLHC12_2023Scenario_Case5/calabria_SingleMuPt1000_GEN-SIM-DIGI-RECO_CMSSW_6_2_0_SLHC12_2023Scenario_Case5/922ea90bdbc7e1cb755e8834f64ec204/out_reco_
BasenameParent : 
parentFiles : 
inputBlocks : /calabria_SingleMuPt1000_GEN-SIM-DIGI-RECO_CMSSW_6_2_0_SLHC12_2023Scenario_Case5/calabria-calabria_SingleMuPt1000_GEN-SIM-DIGI-RECO_CMSSW_6_2_0_SLHC12_2023Scenario_Case5-922ea90bdbc7e1cb755e8834f64ec204/USER#b97db0a0-7b97-4031-97b3-9d66a9835bde
inputFiles : 207_1_Ovi.root::1::EDM::Local::1;209_1_1b2.root::1::EDM::Local::2;203_1_aBc.root::1::EDM::Local::3;200_1_VLC.root::1::EDM::Local::4;211_1_ebm.root::1::EDM::Local::5;199_1_d2k.root::1::EDM::Local::6;213_1_a9S.root::1::EDM::Local::7;201_1_XMu.root::1::EDM::Local::8;214_1_6c5.root::1::EDM::Local::9;210_1_W0o.root::1::EDM::Local::10;
Popularity stop
Extracted ExitStatus from FrameworkJobReport parsing output: 0
>>> Executable succeded  0
ExeExitCode=0
EXECUTABLE_EXIT_STATUS = 0
>>> current directory /home/cms015/home_cream_490479434/CREAM490479434/glide_eVLCnl/execute/dir_15937/CMSSW_6_2_0_SLHC12
>>>  (SOFTWARE_DIR): /home/cms015/home_cream_490479434/CREAM490479434/glide_eVLCnl/execute/dir_15937/CMSSW_6_2_0_SLHC12
>>> (WORKING_DIR): 
>>> current directory content:
total 10676
drwxr-xr-x 3 cms015 cms    4096 Jun 18 01:15 .SCRAM
-rw------- 1 cms015 cms 3740329 Jun 18 01:15 CMSSW.py.pkl
drwxr-xr-x 3 cms015 cms    4096 Jun 18 01:15 bin
drwxr-xr-x 3 cms015 cms    4096 Jun 18 01:15 cfipython
drwxr-xr-x 4 cms015 cms    4096 Jun 18 01:15 config
-rw------- 1 cms015 cms      16 Jun 18 01:19 cpu_timing.txt
drwxr-xr-x 2 cms015 cms    4096 Jun 18 01:15 doc
-rw------- 1 cms015 cms   10045 Jun 18 01:19 executable.out
drwxr-xr-x 2 cms015 cms    4096 Jun 18 01:15 include
drwx------ 3 cms015 cms    4096 Apr 28 18:12 lib
drwxr-xr-x 3 cms015 cms    4096 Jun 18 01:15 logs
drwxr-xr-x 3 cms015 cms    4096 Jun 18 01:15 objs
-rw------- 1 cms015 cms     104 Jun 18 01:16 pset.py
-rw------- 1 cms015 cms 3712346 Jun 18 01:16 pset.py.pkl
-rw------- 1 cms015 cms     289 Jun 18 01:16 pset.pyc
drwxr-xr-x 2 cms015 cms    4096 Jun 18 01:15 python
-rw------- 1 cms015 cms     416 Jun 18 01:19 report.log
drwx------ 6 cms015 cms    4096 Jun 18 01:15 src
drwxr-xr-x 3 cms015 cms    4096 Jun 18 01:15 test
drwxr-xr-x 3 cms015 cms    4096 Jun 18 01:15 tmp
-rw------- 1 cms015 cms 3377980 Jun 18 01:19 validationEDM.root
>>> current directory /home/cms015/home_cream_490479434/CREAM490479434/glide_eVLCnl/execute/dir_15937/CMSSW_6_2_0_SLHC12
>>> (SOFTWARE_DIR): /home/cms015/home_cream_490479434/CREAM490479434/glide_eVLCnl/execute/dir_15937/CMSSW_6_2_0_SLHC12
>>> (WORKING_DIR): 
>>> current directory content:
total 10676
drwxr-xr-x 3 cms015 cms    4096 Jun 18 01:15 .SCRAM
-rw------- 1 cms015 cms 3740329 Jun 18 01:15 CMSSW.py.pkl
drwxr-xr-x 3 cms015 cms    4096 Jun 18 01:15 bin
drwxr-xr-x 3 cms015 cms    4096 Jun 18 01:15 cfipython
drwxr-xr-x 4 cms015 cms    4096 Jun 18 01:15 config
-rw------- 1 cms015 cms      16 Jun 18 01:19 cpu_timing.txt
drwxr-xr-x 2 cms015 cms    4096 Jun 18 01:15 doc
-rw------- 1 cms015 cms   10045 Jun 18 01:19 executable.out
drwxr-xr-x 2 cms015 cms    4096 Jun 18 01:15 include
drwx------ 3 cms015 cms    4096 Apr 28 18:12 lib
drwxr-xr-x 3 cms015 cms    4096 Jun 18 01:15 logs
drwxr-xr-x 3 cms015 cms    4096 Jun 18 01:15 objs
-rw------- 1 cms015 cms     104 Jun 18 01:16 pset.py
-rw------- 1 cms015 cms 3712346 Jun 18 01:16 pset.py.pkl
-rw------- 1 cms015 cms     289 Jun 18 01:16 pset.pyc
drwxr-xr-x 2 cms015 cms    4096 Jun 18 01:15 python
-rw------- 1 cms015 cms     416 Jun 18 01:19 report.log
drwx------ 6 cms015 cms    4096 Jun 18 01:15 src
drwxr-xr-x 3 cms015 cms    4096 Jun 18 01:15 test
drwxr-xr-x 3 cms015 cms    4096 Jun 18 01:15 tmp
-rw------- 1 cms015 cms 3377980 Jun 18 01:19 validationEDM_14_1_oto.root
>>> current directory (RUNTIME_AREA):  /home/cms015/home_cream_490479434/CREAM490479434/glide_eVLCnl/execute/dir_15937
SE = storm-se-01.ba.infn.it
SE_PATH = /srm/managerv2?SFN=//cms/store/user/calabria/calabria_SingleMuPt1000_GEN-SIM-DIGI-RECO_CMSSW_6_2_0_SLHC12_2023Scenario_Case5/calabria_MuMinus1000_GEN-SIM-DIGI-RECO_CMSSW_6_2_0_SLHC12_2023Scenario_VALNOPU2_Case5/5854dd31cbd3cdec44c48628cc181cf0/
LFNBaseName = /store/user/calabria/calabria_SingleMuPt1000_GEN-SIM-DIGI-RECO_CMSSW_6_2_0_SLHC12_2023Scenario_Case5/calabria_MuMinus1000_GEN-SIM-DIGI-RECO_CMSSW_6_2_0_SLHC12_2023Scenario_VALNOPU2_Case5/5854dd31cbd3cdec44c48628cc181cf0/
USER = calabria
endpoint = srm://storm-se-01.ba.infn.it:8444/srm/managerv2?SFN=//cms/store/user/calabria/calabria_SingleMuPt1000_GEN-SIM-DIGI-RECO_CMSSW_6_2_0_SLHC12_2023Scenario_Case5/calabria_MuMinus1000_GEN-SIM-DIGI-RECO_CMSSW_6_2_0_SLHC12_2023Scenario_VALNOPU2_Case5/5854dd31cbd3cdec44c48628cc181cf0/
>>> Copy output files from WN = pccms138.ba.infn.it to /srm/managerv2?SFN=//cms/store/user/calabria/calabria_SingleMuPt1000_GEN-SIM-DIGI-RECO_CMSSW_6_2_0_SLHC12_2023Scenario_Case5/calabria_MuMinus1000_GEN-SIM-DIGI-RECO_CMSSW_6_2_0_SLHC12_2023Scenario_VALNOPU2_Case5/5854dd31cbd3cdec44c48628cc181cf0/ :
python cmscp.py  --destination srm://storm-se-01.ba.infn.it:8444/srm/managerv2?SFN=//cms/store/user/calabria/calabria_SingleMuPt1000_GEN-SIM-DIGI-RECO_CMSSW_6_2_0_SLHC12_2023Scenario_Case5/calabria_MuMinus1000_GEN-SIM-DIGI-RECO_CMSSW_6_2_0_SLHC12_2023Scenario_VALNOPU2_Case5/5854dd31cbd3cdec44c48628cc181cf0/ --inputFileList /home/cms015/home_cream_490479434/CREAM490479434/glide_eVLCnl/execute/dir_15937/CMSSW_6_2_0_SLHC12/validationEDM_14_1_oto.root --middleware LCG --se_name storm-se-01.ba.infn.it --for_lfn /store/user/calabria/calabria_SingleMuPt1000_GEN-SIM-DIGI-RECO_CMSSW_6_2_0_SLHC12_2023Scenario_Case5/calabria_MuMinus1000_GEN-SIM-DIGI-RECO_CMSSW_6_2_0_SLHC12_2023Scenario_VALNOPU2_Case5/5854dd31cbd3cdec44c48628cc181cf0/    
******************************************************
localSeName  =  storm-se-01.ba.infn.it
remoteSeName =  storm-se-01.ba.infn.it
******************************************************
{"/home/cms015/home_cream_490479434/CREAM490479434/glide_eVLCnl/execute/dir_15937/CMSSW_6_2_0_SLHC12/validationEDM_14_1_oto.root": {"endpoint": "srm://storm-se-01.ba.infn.it:8444/srm/managerv2?SFN=//cms/store/user/calabria/calabria_SingleMuPt1000_GEN-SIM-DIGI-RECO_CMSSW_6_2_0_SLHC12_2023Scenario_Case5/calabria_MuMinus1000_GEN-SIM-DIGI-RECO_CMSSW_6_2_0_SLHC12_2023Scenario_VALNOPU2_Case5/5854dd31cbd3cdec44c48628cc181cf0/", "surl_for_grid": "", "reason": "Copy succedeed with srm-lcg utils", "erCode": "0", "se_name": "storm-se-01.ba.infn.it", "for_lfn": "/store/user/calabria/calabria_SingleMuPt1000_GEN-SIM-DIGI-RECO_CMSSW_6_2_0_SLHC12_2023Scenario_Case5/calabria_MuMinus1000_GEN-SIM-DIGI-RECO_CMSSW_6_2_0_SLHC12_2023Scenario_VALNOPU2_Case5/5854dd31cbd3cdec44c48628cc181cf0/"}}/home/cms015/home_cream_490479434/CREAM490479434/glide_eVLCnl/execute/dir_15937
-------- cat /home/cms015/home_cream_490479434/CREAM490479434/glide_eVLCnl/execute/dir_15937/cmscpReport.sh 
#!/bin/bash
echo "Report for File: /home/cms015/home_cream_490479434/CREAM490479434/glide_eVLCnl/execute/dir_15937/CMSSW_6_2_0_SLHC12/validationEDM_14_1_oto.root"
echo "LFN: /store/user/calabria/calabria_SingleMuPt1000_GEN-SIM-DIGI-RECO_CMSSW_6_2_0_SLHC12_2023Scenario_Case5/calabria_MuMinus1000_GEN-SIM-DIGI-RECO_CMSSW_6_2_0_SLHC12_2023Scenario_VALNOPU2_Case5/5854dd31cbd3cdec44c48628cc181cf0/validationEDM_14_1_oto.root"
echo "StorageElement: storm-se-01.ba.infn.it"
echo "StageOutExitStatusReason = 'Copy succedeed with srm-lcg utils'" | tee -a $RUNTIME_AREA/$repo
echo "StageOutSE = storm-se-01.ba.infn.it" >> $RUNTIME_AREA/$repo

export StageOutExitStatus=0
echo "StageOutExitStatus = 0" | tee -a $RUNTIME_AREA/$repo
-------- end of /home/cms015/home_cream_490479434/CREAM490479434/glide_eVLCnl/execute/dir_15937/cmscpReport.sh 
Report for File: /home/cms015/home_cream_490479434/CREAM490479434/glide_eVLCnl/execute/dir_15937/CMSSW_6_2_0_SLHC12/validationEDM_14_1_oto.root
LFN: /store/user/calabria/calabria_SingleMuPt1000_GEN-SIM-DIGI-RECO_CMSSW_6_2_0_SLHC12_2023Scenario_Case5/calabria_MuMinus1000_GEN-SIM-DIGI-RECO_CMSSW_6_2_0_SLHC12_2023Scenario_VALNOPU2_Case5/5854dd31cbd3cdec44c48628cc181cf0/validationEDM_14_1_oto.root
StorageElement: storm-se-01.ba.infn.it
StageOutExitStatusReason = 'Copy succedeed with srm-lcg utils'
StageOutExitStatus = 0
>>> current dir: /home/cms015/home_cream_490479434/CREAM490479434/glide_eVLCnl/execute/dir_15937
>>> current dir content:
total 28080
-rw-------  1 cms015 cms     2799 Jun 18 01:20 .SEinteraction.log
-rwx------  1 cms015 cms     6812 Jun 18 01:15 .job.ad
-rwx------  1 cms015 cms     9296 Jun 18 01:15 .machine.ad
-rw-------  1 cms015 cms      105 Jun 16 20:39 CMSSW.py
-rw-------  1 cms015 cms  3740329 Jun 16 20:39 CMSSW.py.pkl
-rwx------  1 cms015 cms    29582 Jun 18 01:15 CMSSW.sh
drwxr-xr-x 15 cms015 cms     4096 Jun 18 01:19 CMSSW_6_2_0_SLHC12
-rw-------  1 cms015 cms      220 Jun 18 01:15 CacheEnv.sh
-rw-------  1 cms015 cms     7291 Apr  4 11:04 DashboardAPI.py
-rw-------  1 cms015 cms     6815 Jun 18 01:15 DashboardAPI.pyc
drwx------  2 cms015 cms     4096 Jun 18 01:19 IMProv
-rw-------  1 cms015 cms     2748 Apr  4 11:04 Logger.py
-rw-------  1 cms015 cms     3347 Jun 18 01:15 Logger.pyc
-rw-------  1 cms015 cms    24524 Apr  4 11:04 ProcInfo.py
-rw-------  1 cms015 cms    23197 Jun 18 01:15 ProcInfo.pyc
drwx------  7 cms015 cms     4096 Jun 18 01:16 ProdCommon
drwx------  3 cms015 cms     4096 Jun 18 01:15 WMCore
-rw-------  1 cms015 cms     2321 Jun 18 01:20 Watchdog_14.log
-rwx------  1 cms015 cms        0 Jun 18 01:15 _condor_stderr
-rwx---r--  1 cms015 cms    29648 Jun 18 01:20 _condor_stdout
-rw-------  1 cms015 cms    32895 Apr  4 11:04 apmon.py
-rw-------  1 cms015 cms    28625 Jun 18 01:15 apmon.pyc
-rwx------  1 cms015 cms    54323 Jun 18 01:15 arguments.xml
-rwx------  1 cms015 cms    38515 Apr  4 11:04 cmscp.py
-rw-------  1 cms015 cms      722 Jun 18 01:20 cmscpReport.sh
-rwx------  1 cms015 cms    29582 Jun 18 01:15 condor_exec.exe
-rw-------  1 cms015 cms      968 Jun 16 20:39 crab.cfg
-rwx------  1 cms015 cms     8610 Apr  4 11:04 crabWatchdog.sh
-rwx---r--  1 cms015 cms   523443 Jun 18 01:19 crab_fjr_14.xml
-rwx------  1 cms015 cms 23957744 Jun 18 01:15 default.tgz
-rwx------  1 cms015 cms     4488 Apr  4 11:04 fillCrabFjr.py
-rw-------  1 cms015 cms     2673 Jun 18 01:16 inputsReport.txt
-rw-------  1 cms015 cms      263 Jun 18 01:20 jobreport.txt
-rw-------  1 cms015 cms    17352 Apr  4 11:04 parseCrabFjr.py
-rw-------  1 cms015 cms      331 Jun 18 01:15 report.log
-rwx--x--x  1 cms015 cms     1497 Apr  4 11:04 report.py
-rw-------  1 cms015 cms      780 Jun 18 01:20 resultCopyFile
lrwxrwxrwx  1 cms015 cms      126 Jun 18 01:19 validationEDM.root -> /home/cms015/home_cream_490479434/CREAM490479434/glide_eVLCnl/execute/dir_15937/CMSSW_6_2_0_SLHC12/validationEDM_14_1_oto.root
-rwx------  1 cms015 cms     8387 Apr  4 11:04 writeCfg.py
-rw-------  1 cms015 cms     8010 Jun 18 01:15 x509up_u50707
>>> Modify Job Report:
CMSSW_VERSION = CMSSW_6_2_0_SLHC12
ProcessedDataset = calabria_MuMinus1000_GEN-SIM-DIGI-RECO_CMSSW_6_2_0_SLHC12_2023Scenario_VALNOPU2_Case5
/home/cms015/home_cream_490479434/CREAM490479434/glide_eVLCnl/execute/dir_15937/ProdCommon/FwkJobRep/ModifyJobReport.py fjr /home/cms015/home_cream_490479434/CREAM490479434/glide_eVLCnl/execute/dir_15937/crab_fjr_14.xml json /home/cms015/home_cream_490479434/CREAM490479434/glide_eVLCnl/execute/dir_15937/resultCopyFile n_job 14_1_oto PrimaryDataset calabria_SingleMuPt1000_GEN-SIM-DIGI-RECO_CMSSW_6_2_0_SLHC12_2023Scenario_Case5  ApplicationFamily cmsRun ApplicationName cmsRun cmssw_version CMSSW_6_2_0_SLHC12 psethash 5854dd31cbd3cdec44c48628cc181cf0 UserProcessedDataset calabria-calabria_MuMinus1000_GEN-SIM-DIGI-RECO_CMSSW_6_2_0_SLHC12_2023Scenario_VALNOPU2_Case5-5854dd31cbd3cdec44c48628cc181cf0
inputDict =  {u'/home/cms015/home_cream_490479434/CREAM490479434/glide_eVLCnl/execute/dir_15937/CMSSW_6_2_0_SLHC12/validationEDM_14_1_oto.root': {u'endpoint': u'srm://storm-se-01.ba.infn.it:8444/srm/managerv2?SFN=//cms/store/user/calabria/calabria_SingleMuPt1000_GEN-SIM-DIGI-RECO_CMSSW_6_2_0_SLHC12_2023Scenario_Case5/calabria_MuMinus1000_GEN-SIM-DIGI-RECO_CMSSW_6_2_0_SLHC12_2023Scenario_VALNOPU2_Case5/5854dd31cbd3cdec44c48628cc181cf0/', u'surl_for_grid': u'', u'reason': u'Copy succedeed with srm-lcg utils', u'erCode': u'0', u'se_name': u'storm-se-01.ba.infn.it', u'for_lfn': u'/store/user/calabria/calabria_SingleMuPt1000_GEN-SIM-DIGI-RECO_CMSSW_6_2_0_SLHC12_2023Scenario_Case5/calabria_MuMinus1000_GEN-SIM-DIGI-RECO_CMSSW_6_2_0_SLHC12_2023Scenario_VALNOPU2_Case5/5854dd31cbd3cdec44c48628cc181cf0/'}}
UserProcessedDataset =  calabria-calabria_MuMinus1000_GEN-SIM-DIGI-RECO_CMSSW_6_2_0_SLHC12_2023Scenario_VALNOPU2_Case5-5854dd31cbd3cdec44c48628cc181cf0
file_name in inputDict =  /home/cms015/home_cream_490479434/CREAM490479434/glide_eVLCnl/execute/dir_15937/CMSSW_6_2_0_SLHC12/validationEDM_14_1_oto.root
(size) os.stat(filename)[6] =  3377980
checksum =  784912424
    file =  validationEDM_14_1_oto.root
    newPfn =  srm://storm-se-01.ba.infn.it:8444/srm/managerv2?SFN=//cms/store/user/calabria/calabria_SingleMuPt1000_GEN-SIM-DIGI-RECO_CMSSW_6_2_0_SLHC12_2023Scenario_Case5/calabria_MuMinus1000_GEN-SIM-DIGI-RECO_CMSSW_6_2_0_SLHC12_2023Scenario_VALNOPU2_Case5/5854dd31cbd3cdec44c48628cc181cf0/validationEDM_14_1_oto.root
    newLfn =  /store/user/calabria/calabria_SingleMuPt1000_GEN-SIM-DIGI-RECO_CMSSW_6_2_0_SLHC12_2023Scenario_Case5/calabria_MuMinus1000_GEN-SIM-DIGI-RECO_CMSSW_6_2_0_SLHC12_2023Scenario_VALNOPU2_Case5/5854dd31cbd3cdec44c48628cc181cf0/validationEDM_14_1_oto.root
>>> crab_fjr_*.xml  permission set to 0704
CrabWrapper EXIT_FUNC entered at Wed Jun 18 01:20:28 CEST 2014   -  Tue Jun 17 23:20:28 UTC 2014
Checking output files:  
will tar file crab_fjr_14.xml in  out_files_14
WARNING: output file CMSSW_14.stdout not found!
WARNING: output file CMSSW_14.stderr not found!
WARNING: output file Watchdog_14.log.gz not found!
>>> padding time: Sleeping the wrapper for 322 seconds
STOPPING WATCHDOG. CrabWatchdog PID is 16337
********** LAST 50 LINES OF WATCHDOG LOG
# RESOURCE USAGE SUMMARY FOR PROCESS ID 15956
USER       PID %CPU %MEM    VSZ   RSS TTY      STAT START   TIME COMMAND
cms015   15956  0.5  0.0   9496  1596 ?        S    01:15   0:00 /bin/sh /home/cms015/home_cream_490479434/CREAM490479434/glide_eVLCnl/execute/dir_15937/condor_exec.exe 14 1
 
# LIMITS USED BY CRAB WATCHDOG:
# RSS  (KBytes)   : 2300000
# VSZ  (KBytes)   : 100000000
# DISK (MBytes)   : 19000
# CPU TIME        : 720h:0m:0s
# WALL CLOCK TIME : 21h:50m:0s
 
# FOLLOWING PRINTOUT TRACKS MAXIMUM VALUES OF RESOURCES USE
# ONE LINE IS PRINTED EACH TIME A MAXIMUM CHANGES
# IF CHANGE WAS IN RSS OR VSZ ALSO PROCID AND COMMAND ARE PRINTED
# THERE IS NO PRINTOUT FOR CPU/WALL TIME INCREASE
 
# TIME			PID	RSS(KB)	VSZ(KB)	Dsk(MB)	tCPU(s)	tWALL(s)	COMMAND
 Jun 18 01:16:00 CEST	6568	1396	9364	0	0	0	/bin/bash /home/cms015/home_cream_490479434/CREAM490479434/glide_eVLCnl/main/condor_startup.sh glidein_config        
 Jun 18 01:16:00 CEST	8837	8008	93336	0	0	0	/home/cms015/home_cream_490479434/CREAM490479434/glide_eVLCnl/main/condor/sbin/condor_master -f -pidfile /home/cms015/home_cream_490479434/CREAM490479434/glide_eVLCnl/condor_master2.pid       
 Jun 18 01:16:00 CEST	9468	8724	93912	0	4	0	condor_startd -f         
 Jun 18 01:16:00 CEST	16360	30376	93912	0	0	0	edmConfigHash pset.py         
 Jun 18 01:16:00 CEST	21819	30376	106092	0	0	0	sh -c "./glidein_startup.sh" -v std -name v3_0 -entry CMS_T2_IT_Bari_ce2 -clientname UCSD-v1_0.main
 Jun 18 01:16:00 CEST	21830	30376	106492	0	0	0	/bin/bash ./glidein_startup.sh -v std -name v3_0 -entry CMS_T2_IT_Bari_ce2 -clientname UCSD-v1_0.main -schedd
 Jun 18 01:16:00 CEST	---	30376	106492	171	----	----	----
 Jun 18 01:17:00 CEST	16981	783268	996160	171	28	61	cmsRun -j /home/cms015/home_cream_490479434/CREAM490479434/glide_eVLCnl/execute/dir_15937/crab_fjr_14.xml -p pset.py      
 Jun 18 01:17:00 CEST	---	783268	996160	175	----	----	----
 Jun 18 01:18:01 CEST	16981	793976	1011476	175	66	122	cmsRun -j /home/cms015/home_cream_490479434/CREAM490479434/glide_eVLCnl/execute/dir_15937/crab_fjr_14.xml -p pset.py      
 Jun 18 01:19:02 CEST	16981	802328	1026580	175	104	182	cmsRun -j /home/cms015/home_cream_490479434/CREAM490479434/glide_eVLCnl/execute/dir_15937/crab_fjr_14.xml -p pset.py      
 Jun 18 01:20:03 CEST	---	802328	1026580	179	----	----	----
********** WATCHDOG LOG ENDED
ZIPPING WATCHDOG LOG
Disk space used:
du -sh /home/cms015/home_cream_490479434/CREAM490479434/glide_eVLCnl/execute/dir_15937
179M	/home/cms015/home_cream_490479434/CREAM490479434/glide_eVLCnl/execute/dir_15937
Found unusual stdout, rename for OSB
`/home/cms015/home_cream_490479434/CREAM490479434/glide_eVLCnl/execute/dir_15937/_condor_stdout' -> `CMSSW_14.stdout'
Found unusual stderr, rename for OSB
`/home/cms015/home_cream_490479434/CREAM490479434/glide_eVLCnl/execute/dir_15937/_condor_stdout' -> `CMSSW_14.stderr'
crab_fjr_14.xml
CMSSW_14.stdout
CMSSW_14.stderr
Watchdog_14.log.gz
Total Output dimension: 69997
WARNING: output files size limit is set to: 50000000
Total Output dimension 69997 is fine.
JOB_EXIT_STATUS = 0
>>> info for dashboard:
***** Cat /home/cms015/home_cream_490479434/CREAM490479434/glide_eVLCnl/execute/dir_15937/jobreport.txt *****
MonitorJobID=14_https://submit-6.t2.ucsd.edu//140616//168551.13
MonitorID=calabria_MuMinus1000_Case5_ReReco_9i3t6q
ExeTime=201
ExeExitCode=0
StageOutExitStatusReason = 'Copy succedeed with srm-lcg utils'
StageOutSE = storm-se-01.ba.infn.it
StageOutExitStatus = 0
CrabUserCpuTime=123.99
CrabSysCpuTime=4.91
CrabCpuPercentage=64%
CrabWrapperTime=600
CrabStageoutTime=48
JobExitCode=0
***** End Cat jobreport *****
Parameters sent to Dashboard.
EXITING at Wed Jun 18 01:25:56 CEST 2014  -  Tue Jun 17 23:25:56 UTC 2014
