This script was generated by crab (version 2.10.5_patch1).
Running /home/cms017/home_cream_677387650/CREAM677387650/glide_c1JG1k/execute/dir_11741/condor_exec.exe with 2 positional parameters: 17 1
Today is Wed Jun 18 01:18:16 CEST 2014 - Tue Jun 17 23:18:16 UTC 2014
Job submitted on host pccms149.ba.infn.it
Linux pccms149.ba.infn.it 2.6.32-358.23.2.el6.x86_64 #1 SMP Thu Oct 17 10:27:22 CEST 2013 x86_64 x86_64 x86_64 GNU/Linux
>>> current directory (RUNTIME_AREA): /home/cms017/home_cream_677387650/CREAM677387650/glide_c1JG1k/execute/dir_11741
>>> current user: uid=11830(cms017) gid=1399(cms) groups=1399(cms)
>>> directory permission set to 0700
>>> umask set to:  u=rwx,g=,o=
>>> stdout stderr permission set to 0704
>>> voms proxy information:
subject   : /C=IT/O=INFN/OU=Personal Certificate/L=Bari/CN=Cesare Calabria/CN=477126703/CN=1390828095
issuer    : /C=IT/O=INFN/OU=Personal Certificate/L=Bari/CN=Cesare Calabria/CN=477126703
identity  : /C=IT/O=INFN/OU=Personal Certificate/L=Bari/CN=Cesare Calabria
type      : RFC3820 compliant limited proxy
strength  : 1024
path      : /home/cms017/home_cream_677387650/CREAM677387650/glide_c1JG1k/execute/dir_11741/x509up_u50707
timeleft  : 23:59:49
key usage : Digital Signature, Key Encipherment, Data Encipherment
=== VO cms extension information ===
VO        : cms
subject   : /C=IT/O=INFN/OU=Personal Certificate/L=Bari/CN=Cesare Calabria
issuer    : /DC=ch/DC=cern/OU=computers/CN=voms.cern.ch
attribute : /cms/Role=NULL/Capability=NULL
attribute : /cms/itcms/Role=NULL/Capability=NULL
timeleft  : 154:06:02
uri       : voms.cern.ch:15002

WNHostName=pccms149.ba.infn.it
>>> tar --no-same-permissions -xf /home/cms017/home_cream_677387650/CREAM677387650/glide_c1JG1k/execute/dir_11741/default.tgz :
Successful untar
>>> Include /home/cms017/home_cream_677387650/CREAM677387650/glide_c1JG1k/execute/dir_11741 in PYTHONPATH:
strip arguments
env var CRAB_UNIQUE_JOB_ID set to: calabria_MuMinus1000_Case5_ReReco_9i3t6q_17_1_IOz
out_files_17
>>> list of expected files on output sandbox
output files: crab_fjr_17.xml CMSSW_17.stdout CMSSW_17.stderr Watchdog_17.log.gz
>>> GridFlavour discovery: 
GridFlavour=LCG
>>> SyncSite discovery: 
SyncSite=T2_IT_Bari
>>> SyncCE discovery: 
getting SyncCE from CE_ID
SyncCE=cream-ce-2.ba.infn.it:8443/cream-pbs-long
>>> info for dashboard:
***** Cat /home/cms017/home_cream_677387650/CREAM677387650/glide_c1JG1k/execute/dir_11741/jobreport.txt *****
WNHostName=pccms149.ba.infn.it
MonitorJobID=17_https://submit-6.t2.ucsd.edu//140616//168551.16
SyncGridJobId=https://submit-6.t2.ucsd.edu//140616//168551.16
MonitorID=calabria_MuMinus1000_Case5_ReReco_9i3t6q
GridFlavour=LCG
SyncSite=T2_IT_Bari
SyncCE=cream-ce-2.ba.infn.it:8443/cream-pbs-long
***** End Cat jobreport *****
Parameters sent to Dashboard.
>>> setup environment
set SCRAM ARCH to slc5_amd64_gcc472
SCRAM_ARCH = slc5_amd64_gcc472
>>> setup CMS LCG environment:
set SCRAM ARCH and BUILD_ARCH to slc5_amd64_gcc472 ###
Sourcing environment... 
sourcing /cvmfs/cms.cern.ch/cmsset_default.sh
==> setup cms environment ok
>>> specific cmssw setup environment:
CMSSW_VERSION =  CMSSW_6_2_0_SLHC12
>>> current directory (SOFTWARE_DIR): /home/cms017/home_cream_677387650/CREAM677387650/glide_c1JG1k/execute/dir_11741/CMSSW_6_2_0_SLHC12
PreserveSeeds: <>
IncrementSeeds:<>
>>> info for dashboard:
***** Cat /home/cms017/home_cream_677387650/CREAM677387650/glide_c1JG1k/execute/dir_11741/jobreport.txt *****
MonitorJobID=17_https://submit-6.t2.ucsd.edu//140616//168551.16
MonitorID=calabria_MuMinus1000_Case5_ReReco_9i3t6q
***** End Cat jobreport *****
Parameters sent to Dashboard.
crabWatchdog started as process 12070
>>> moving CMSSW software directories in /home/cms017/home_cream_677387650/CREAM677387650/glide_c1JG1k/execute/dir_11741/CMSSW_6_2_0_SLHC12
mv: cannot stat `/home/cms017/home_cream_677387650/CREAM677387650/glide_c1JG1k/execute/dir_11741/module/': No such file or directory
>>> Include /home/cms017/home_cream_677387650/CREAM677387650/glide_c1JG1k/execute/dir_11741 in PYTHONPATH:
PYTHONPATH=/home/cms017/home_cream_677387650/CREAM677387650/glide_c1JG1k/execute/dir_11741/:/home/cms017/home_cream_677387650/CREAM677387650/glide_c1JG1k/execute/dir_11741/CMSSW_6_2_0_SLHC12/python:/home/cms017/home_cream_677387650/CREAM677387650/glide_c1JG1k/execute/dir_11741/CMSSW_6_2_0_SLHC12/lib/slc5_amd64_gcc472:/cvmfs/cms.cern.ch/slc5_amd64_gcc472/cms/cmssw/CMSSW_6_2_0_SLHC12/python:/cvmfs/cms.cern.ch/slc5_amd64_gcc472/cms/cmssw/CMSSW_6_2_0_SLHC12/lib/slc5_amd64_gcc472:/cvmfs/cms.cern.ch/slc5_amd64_gcc472/cms/coral/CORAL_2_3_21-cms36/slc5_amd64_gcc472/python:/cvmfs/cms.cern.ch/slc5_amd64_gcc472/cms/coral/CORAL_2_3_21-cms36/slc5_amd64_gcc472/lib:/cvmfs/cms.cern.ch/slc5_amd64_gcc472/external/pyqt/4.8.1-cms6/lib/python2.7/site-packages:/cvmfs/cms.cern.ch/slc5_amd64_gcc472/external/py2-scipy/0.8.0-cms8/lib/python2.7/site-packages:/cvmfs/cms.cern.ch/slc5_amd64_gcc472/external/py2-matplotlib/1.0.1-cms8/lib/python2.7/site-packages:/cvmfs/cms.cern.ch/slc5_amd64_gcc472/external/python-ldap/2.3.5-cms6/lib/python2.7/site-packages:/cvmfs/cms.cern.ch/slc5_amd64_gcc472/external/sip/4.11.2-cms6/lib/python2.7/site-packages:/cvmfs/cms.cern.ch/slc5_amd64_gcc472/external/py2-pycurl/7.19.0-cms8/lib/python2.7/site-packages:/cvmfs/cms.cern.ch/slc5_amd64_gcc472/external/py2-numpy/1.6.1-cms8/lib/python2.7/site-packages:/cvmfs/cms.cern.ch/slc5_amd64_gcc472/external/py2-lint/0.25.1-cms6/lib/python2.7/site-packages:/cvmfs/cms.cern.ch/slc5_amd64_gcc472/external/py2-ipython/0.10-cms6/lib/python2.7/site-packages:/cvmfs/cms.cern.ch/slc5_amd64_gcc472/external/py2-cx-oracle/5.1-cms7/lib/python2.7/site-packages:/cvmfs/cms.cern.ch/slc5_amd64_gcc472/external/py2-cjson/1.0.5-cms6/lib/python2.7/site-packages:/cvmfs/cms.cern.ch/slc5_amd64_gcc472/cms/das-client/1.11.7/bin:/cvmfs/cms.cern.ch/slc5_amd64_gcc472/external/elementtree/1.2.6-cms6/share/lib/python2.7/site-packages:/cvmfs/cms.cern.ch/slc5_amd64_gcc472/external/rivet/1.8.2-cms8/lib/python2.7/site-packages:/cvmfs/cms.cern.ch/slc5_amd64_gcc472/external/pyminuit2/0.0.1-cms19/lib/python2.7/site-packages:/cvmfs/cms.cern.ch/slc5_amd64_gcc472/external/py2-pygithub/1.23.0/lib/python2.7/site-packages:/cvmfs/cms.cern.ch/slc5_amd64_gcc472/external/professor/1.0.0-cms19/lib/python2.7/site-packages:/cvmfs/cms.cern.ch/slc5_amd64_gcc472/lcg/root/5.34.07-cms/lib:/cvmfs/cms.cern.ch/slc5_amd64_gcc472/cms/dbs-client/DBS_2_1_9-cms5/lib:/cvmfs/cms.cern.ch/slc5_amd64_gcc472/cms/dbs-client/DBS_2_1_9-cms5/lib/DBSAPI:/cvmfs/cms.cern.ch/slc5_amd64_gcc472/external/cvs2git/5419-cms/lib:/home/cms017/home_cream_677387650/CREAM677387650/glide_c1JG1k/execute/dir_11741/
 
# LIMITS USED BY CRAB WATCHDOG:
# RSS  (KBytes)   : 2300000
# VSZ  (KBytes)   : 100000000
# DISK (MBytes)   : 19000
# CPU TIME        : 720h:0m:0s
# WALL CLOCK TIME : 21h:50m:0s
 
5854dd31cbd3cdec44c48628cc181cf0
PSETHASH = 5854dd31cbd3cdec44c48628cc181cf0
/home/cms017/home_cream_677387650/CREAM677387650/glide_c1JG1k/execute/dir_11741/writeCfg.py pset.py pset.py
Importing .py file
Setting parameters
RandomNumberGeneratorService found, will attempt to change seeds
inputBlocks=/calabria_SingleMuPt1000_GEN-SIM-DIGI-RECO_CMSSW_6_2_0_SLHC12_2023Scenario_Case5/calabria-calabria_SingleMuPt1000_GEN-SIM-DIGI-RECO_CMSSW_6_2_0_SLHC12_2023Scenario_Case5-922ea90bdbc7e1cb755e8834f64ec204/USER#b97db0a0-7b97-4031-97b3-9d66a9835bde
inputFiles=/store/user/calabria/calabria_SingleMuPt1000_GEN-SIM-DIGI-RECO_CMSSW_6_2_0_SLHC12_2023Scenario_Case5/calabria_SingleMuPt1000_GEN-SIM-DIGI-RECO_CMSSW_6_2_0_SLHC12_2023Scenario_Case5/922ea90bdbc7e1cb755e8834f64ec204/out_reco_255_1_VDP.root;/store/user/calabria/calabria_SingleMuPt1000_GEN-SIM-DIGI-RECO_CMSSW_6_2_0_SLHC12_2023Scenario_Case5/calabria_SingleMuPt1000_GEN-SIM-DIGI-RECO_CMSSW_6_2_0_SLHC12_2023Scenario_Case5/922ea90bdbc7e1cb755e8834f64ec204/out_reco_256_1_xQ2.root;/store/user/calabria/calabria_SingleMuPt1000_GEN-SIM-DIGI-RECO_CMSSW_6_2_0_SLHC12_2023Scenario_Case5/calabria_SingleMuPt1000_GEN-SIM-DIGI-RECO_CMSSW_6_2_0_SLHC12_2023Scenario_Case5/922ea90bdbc7e1cb755e8834f64ec204/out_reco_257_1_Bmd.root;/store/user/calabria/calabria_SingleMuPt1000_GEN-SIM-DIGI-RECO_CMSSW_6_2_0_SLHC12_2023Scenario_Case5/calabria_SingleMuPt1000_GEN-SIM-DIGI-RECO_CMSSW_6_2_0_SLHC12_2023Scenario_Case5/922ea90bdbc7e1cb755e8834f64ec204/out_reco_259_1_pYS.root;/store/user/calabria/calabria_SingleMuPt1000_GEN-SIM-DIGI-RECO_CMSSW_6_2_0_SLHC12_2023Scenario_Case5/calabria_SingleMuPt1000_GEN-SIM-DIGI-RECO_CMSSW_6_2_0_SLHC12_2023Scenario_Case5/922ea90bdbc7e1cb755e8834f64ec204/out_reco_262_1_H2i.root;/store/user/calabria/calabria_SingleMuPt1000_GEN-SIM-DIGI-RECO_CMSSW_6_2_0_SLHC12_2023Scenario_Case5/calabria_SingleMuPt1000_GEN-SIM-DIGI-RECO_CMSSW_6_2_0_SLHC12_2023Scenario_Case5/922ea90bdbc7e1cb755e8834f64ec204/out_reco_263_1_mns.root;/store/user/calabria/calabria_SingleMuPt1000_GEN-SIM-DIGI-RECO_CMSSW_6_2_0_SLHC12_2023Scenario_Case5/calabria_SingleMuPt1000_GEN-SIM-DIGI-RECO_CMSSW_6_2_0_SLHC12_2023Scenario_Case5/922ea90bdbc7e1cb755e8834f64ec204/out_reco_269_1_Gjj.root;/store/user/calabria/calabria_SingleMuPt1000_GEN-SIM-DIGI-RECO_CMSSW_6_2_0_SLHC12_2023Scenario_Case5/calabria_SingleMuPt1000_GEN-SIM-DIGI-RECO_CMSSW_6_2_0_SLHC12_2023Scenario_Case5/922ea90bdbc7e1cb755e8834f64ec204/out_reco_270_1_tod.root;/store/user/calabria/calabria_SingleMuPt1000_GEN-SIM-DIGI-RECO_CMSSW_6_2_0_SLHC12_2023Scenario_Case5/calabria_SingleMuPt1000_GEN-SIM-DIGI-RECO_CMSSW_6_2_0_SLHC12_2023Scenario_Case5/922ea90bdbc7e1cb755e8834f64ec204/out_reco_271_1_TMg.root;/store/user/calabria/calabria_SingleMuPt1000_GEN-SIM-DIGI-RECO_CMSSW_6_2_0_SLHC12_2023Scenario_Case5/calabria_SingleMuPt1000_GEN-SIM-DIGI-RECO_CMSSW_6_2_0_SLHC12_2023Scenario_Case5/922ea90bdbc7e1cb755e8834f64ec204/out_reco_272_1_eMR.root
parentFiles=
lumisRange=
>>> Executable cmsRun
/cvmfs/cms.cern.ch/slc5_amd64_gcc472/cms/cmssw/CMSSW_6_2_0_SLHC12/bin/slc5_amd64_gcc472/cmsRun
ok executable found
>>> info for dashboard:
***** Cat /home/cms017/home_cream_677387650/CREAM677387650/glide_c1JG1k/execute/dir_11741/jobreport.txt *****
MonitorJobID=17_https://submit-6.t2.ucsd.edu//140616//168551.16
MonitorID=calabria_MuMinus1000_Case5_ReReco_9i3t6q
ExeStart=cmsRun
***** End Cat jobreport *****
Parameters sent to Dashboard.
>>> cmsRun started at Tue Jun 17 23:18:38 UTC 2014
>>> cmsRun ended at Tue Jun 17 23:23:39 UTC 2014
>>> crab_fjr_*.xml  permission set to 0704
>>> info for dashboard:
***** Cat /home/cms017/home_cream_677387650/CREAM677387650/glide_c1JG1k/execute/dir_11741/jobreport.txt *****
MonitorJobID=17_https://submit-6.t2.ucsd.edu//140616//168551.16
MonitorID=calabria_MuMinus1000_Case5_ReReco_9i3t6q
ExeEnd=cmsRun
***** End Cat jobreport *****
Parameters sent to Dashboard.
TIME_EXE = 301 sec
>>> cmsRun wrote 50 lines of stdout+stderr
>>> START OF printout of 50 lines from stdout+stderr
271 DQMStore::DQMStore 
HcalTopologyIdealEP::HcalTopologyIdealEP
18-Jun-2014 01:18:53 CEST  Initiating request to open file file:/lustre/cms//store/user/calabria/calabria_SingleMuPt1000_GEN-SIM-DIGI-RECO_CMSSW_6_2_0_SLHC12_2023Scenario_Case5/calabria_SingleMuPt1000_GEN-SIM-DIGI-RECO_CMSSW_6_2_0_SLHC12_2023Scenario_Case5/922ea90bdbc7e1cb755e8834f64ec204/out_reco_255_1_VDP.root
18-Jun-2014 01:18:55 CEST  Successfully opened file file:/lustre/cms//store/user/calabria/calabria_SingleMuPt1000_GEN-SIM-DIGI-RECO_CMSSW_6_2_0_SLHC12_2023Scenario_Case5/calabria_SingleMuPt1000_GEN-SIM-DIGI-RECO_CMSSW_6_2_0_SLHC12_2023Scenario_Case5/922ea90bdbc7e1cb755e8834f64ec204/out_reco_255_1_VDP.root
18-Jun-2014 01:19:43 CEST  Closed file file:/lustre/cms//store/user/calabria/calabria_SingleMuPt1000_GEN-SIM-DIGI-RECO_CMSSW_6_2_0_SLHC12_2023Scenario_Case5/calabria_SingleMuPt1000_GEN-SIM-DIGI-RECO_CMSSW_6_2_0_SLHC12_2023Scenario_Case5/922ea90bdbc7e1cb755e8834f64ec204/out_reco_255_1_VDP.root
18-Jun-2014 01:19:43 CEST  Initiating request to open file file:/lustre/cms//store/user/calabria/calabria_SingleMuPt1000_GEN-SIM-DIGI-RECO_CMSSW_6_2_0_SLHC12_2023Scenario_Case5/calabria_SingleMuPt1000_GEN-SIM-DIGI-RECO_CMSSW_6_2_0_SLHC12_2023Scenario_Case5/922ea90bdbc7e1cb755e8834f64ec204/out_reco_256_1_xQ2.root
18-Jun-2014 01:19:43 CEST  Successfully opened file file:/lustre/cms//store/user/calabria/calabria_SingleMuPt1000_GEN-SIM-DIGI-RECO_CMSSW_6_2_0_SLHC12_2023Scenario_Case5/calabria_SingleMuPt1000_GEN-SIM-DIGI-RECO_CMSSW_6_2_0_SLHC12_2023Scenario_Case5/922ea90bdbc7e1cb755e8834f64ec204/out_reco_256_1_xQ2.root
18-Jun-2014 01:20:03 CEST  Closed file file:/lustre/cms//store/user/calabria/calabria_SingleMuPt1000_GEN-SIM-DIGI-RECO_CMSSW_6_2_0_SLHC12_2023Scenario_Case5/calabria_SingleMuPt1000_GEN-SIM-DIGI-RECO_CMSSW_6_2_0_SLHC12_2023Scenario_Case5/922ea90bdbc7e1cb755e8834f64ec204/out_reco_256_1_xQ2.root
18-Jun-2014 01:20:03 CEST  Initiating request to open file file:/lustre/cms//store/user/calabria/calabria_SingleMuPt1000_GEN-SIM-DIGI-RECO_CMSSW_6_2_0_SLHC12_2023Scenario_Case5/calabria_SingleMuPt1000_GEN-SIM-DIGI-RECO_CMSSW_6_2_0_SLHC12_2023Scenario_Case5/922ea90bdbc7e1cb755e8834f64ec204/out_reco_257_1_Bmd.root
18-Jun-2014 01:20:03 CEST  Successfully opened file file:/lustre/cms//store/user/calabria/calabria_SingleMuPt1000_GEN-SIM-DIGI-RECO_CMSSW_6_2_0_SLHC12_2023Scenario_Case5/calabria_SingleMuPt1000_GEN-SIM-DIGI-RECO_CMSSW_6_2_0_SLHC12_2023Scenario_Case5/922ea90bdbc7e1cb755e8834f64ec204/out_reco_257_1_Bmd.root
18-Jun-2014 01:20:20 CEST  Closed file file:/lustre/cms//store/user/calabria/calabria_SingleMuPt1000_GEN-SIM-DIGI-RECO_CMSSW_6_2_0_SLHC12_2023Scenario_Case5/calabria_SingleMuPt1000_GEN-SIM-DIGI-RECO_CMSSW_6_2_0_SLHC12_2023Scenario_Case5/922ea90bdbc7e1cb755e8834f64ec204/out_reco_257_1_Bmd.root
18-Jun-2014 01:20:20 CEST  Initiating request to open file file:/lustre/cms//store/user/calabria/calabria_SingleMuPt1000_GEN-SIM-DIGI-RECO_CMSSW_6_2_0_SLHC12_2023Scenario_Case5/calabria_SingleMuPt1000_GEN-SIM-DIGI-RECO_CMSSW_6_2_0_SLHC12_2023Scenario_Case5/922ea90bdbc7e1cb755e8834f64ec204/out_reco_259_1_pYS.root
18-Jun-2014 01:20:20 CEST  Successfully opened file file:/lustre/cms//store/user/calabria/calabria_SingleMuPt1000_GEN-SIM-DIGI-RECO_CMSSW_6_2_0_SLHC12_2023Scenario_Case5/calabria_SingleMuPt1000_GEN-SIM-DIGI-RECO_CMSSW_6_2_0_SLHC12_2023Scenario_Case5/922ea90bdbc7e1cb755e8834f64ec204/out_reco_259_1_pYS.root
18-Jun-2014 01:20:44 CEST  Closed file file:/lustre/cms//store/user/calabria/calabria_SingleMuPt1000_GEN-SIM-DIGI-RECO_CMSSW_6_2_0_SLHC12_2023Scenario_Case5/calabria_SingleMuPt1000_GEN-SIM-DIGI-RECO_CMSSW_6_2_0_SLHC12_2023Scenario_Case5/922ea90bdbc7e1cb755e8834f64ec204/out_reco_259_1_pYS.root
18-Jun-2014 01:20:44 CEST  Initiating request to open file file:/lustre/cms//store/user/calabria/calabria_SingleMuPt1000_GEN-SIM-DIGI-RECO_CMSSW_6_2_0_SLHC12_2023Scenario_Case5/calabria_SingleMuPt1000_GEN-SIM-DIGI-RECO_CMSSW_6_2_0_SLHC12_2023Scenario_Case5/922ea90bdbc7e1cb755e8834f64ec204/out_reco_262_1_H2i.root
18-Jun-2014 01:20:44 CEST  Successfully opened file file:/lustre/cms//store/user/calabria/calabria_SingleMuPt1000_GEN-SIM-DIGI-RECO_CMSSW_6_2_0_SLHC12_2023Scenario_Case5/calabria_SingleMuPt1000_GEN-SIM-DIGI-RECO_CMSSW_6_2_0_SLHC12_2023Scenario_Case5/922ea90bdbc7e1cb755e8834f64ec204/out_reco_262_1_H2i.root
18-Jun-2014 01:21:07 CEST  Closed file file:/lustre/cms//store/user/calabria/calabria_SingleMuPt1000_GEN-SIM-DIGI-RECO_CMSSW_6_2_0_SLHC12_2023Scenario_Case5/calabria_SingleMuPt1000_GEN-SIM-DIGI-RECO_CMSSW_6_2_0_SLHC12_2023Scenario_Case5/922ea90bdbc7e1cb755e8834f64ec204/out_reco_262_1_H2i.root
18-Jun-2014 01:21:07 CEST  Initiating request to open file file:/lustre/cms//store/user/calabria/calabria_SingleMuPt1000_GEN-SIM-DIGI-RECO_CMSSW_6_2_0_SLHC12_2023Scenario_Case5/calabria_SingleMuPt1000_GEN-SIM-DIGI-RECO_CMSSW_6_2_0_SLHC12_2023Scenario_Case5/922ea90bdbc7e1cb755e8834f64ec204/out_reco_263_1_mns.root
18-Jun-2014 01:21:07 CEST  Successfully opened file file:/lustre/cms//store/user/calabria/calabria_SingleMuPt1000_GEN-SIM-DIGI-RECO_CMSSW_6_2_0_SLHC12_2023Scenario_Case5/calabria_SingleMuPt1000_GEN-SIM-DIGI-RECO_CMSSW_6_2_0_SLHC12_2023Scenario_Case5/922ea90bdbc7e1cb755e8834f64ec204/out_reco_263_1_mns.root
18-Jun-2014 01:21:23 CEST  Closed file file:/lustre/cms//store/user/calabria/calabria_SingleMuPt1000_GEN-SIM-DIGI-RECO_CMSSW_6_2_0_SLHC12_2023Scenario_Case5/calabria_SingleMuPt1000_GEN-SIM-DIGI-RECO_CMSSW_6_2_0_SLHC12_2023Scenario_Case5/922ea90bdbc7e1cb755e8834f64ec204/out_reco_263_1_mns.root
18-Jun-2014 01:21:23 CEST  Initiating request to open file file:/lustre/cms//store/user/calabria/calabria_SingleMuPt1000_GEN-SIM-DIGI-RECO_CMSSW_6_2_0_SLHC12_2023Scenario_Case5/calabria_SingleMuPt1000_GEN-SIM-DIGI-RECO_CMSSW_6_2_0_SLHC12_2023Scenario_Case5/922ea90bdbc7e1cb755e8834f64ec204/out_reco_269_1_Gjj.root
18-Jun-2014 01:21:23 CEST  Successfully opened file file:/lustre/cms//store/user/calabria/calabria_SingleMuPt1000_GEN-SIM-DIGI-RECO_CMSSW_6_2_0_SLHC12_2023Scenario_Case5/calabria_SingleMuPt1000_GEN-SIM-DIGI-RECO_CMSSW_6_2_0_SLHC12_2023Scenario_Case5/922ea90bdbc7e1cb755e8834f64ec204/out_reco_269_1_Gjj.root
18-Jun-2014 01:21:41 CEST  Closed file file:/lustre/cms//store/user/calabria/calabria_SingleMuPt1000_GEN-SIM-DIGI-RECO_CMSSW_6_2_0_SLHC12_2023Scenario_Case5/calabria_SingleMuPt1000_GEN-SIM-DIGI-RECO_CMSSW_6_2_0_SLHC12_2023Scenario_Case5/922ea90bdbc7e1cb755e8834f64ec204/out_reco_269_1_Gjj.root
18-Jun-2014 01:21:41 CEST  Initiating request to open file file:/lustre/cms//store/user/calabria/calabria_SingleMuPt1000_GEN-SIM-DIGI-RECO_CMSSW_6_2_0_SLHC12_2023Scenario_Case5/calabria_SingleMuPt1000_GEN-SIM-DIGI-RECO_CMSSW_6_2_0_SLHC12_2023Scenario_Case5/922ea90bdbc7e1cb755e8834f64ec204/out_reco_270_1_tod.root
18-Jun-2014 01:21:41 CEST  Successfully opened file file:/lustre/cms//store/user/calabria/calabria_SingleMuPt1000_GEN-SIM-DIGI-RECO_CMSSW_6_2_0_SLHC12_2023Scenario_Case5/calabria_SingleMuPt1000_GEN-SIM-DIGI-RECO_CMSSW_6_2_0_SLHC12_2023Scenario_Case5/922ea90bdbc7e1cb755e8834f64ec204/out_reco_270_1_tod.root
18-Jun-2014 01:21:58 CEST  Closed file file:/lustre/cms//store/user/calabria/calabria_SingleMuPt1000_GEN-SIM-DIGI-RECO_CMSSW_6_2_0_SLHC12_2023Scenario_Case5/calabria_SingleMuPt1000_GEN-SIM-DIGI-RECO_CMSSW_6_2_0_SLHC12_2023Scenario_Case5/922ea90bdbc7e1cb755e8834f64ec204/out_reco_270_1_tod.root
18-Jun-2014 01:21:58 CEST  Initiating request to open file file:/lustre/cms//store/user/calabria/calabria_SingleMuPt1000_GEN-SIM-DIGI-RECO_CMSSW_6_2_0_SLHC12_2023Scenario_Case5/calabria_SingleMuPt1000_GEN-SIM-DIGI-RECO_CMSSW_6_2_0_SLHC12_2023Scenario_Case5/922ea90bdbc7e1cb755e8834f64ec204/out_reco_271_1_TMg.root
18-Jun-2014 01:21:58 CEST  Successfully opened file file:/lustre/cms//store/user/calabria/calabria_SingleMuPt1000_GEN-SIM-DIGI-RECO_CMSSW_6_2_0_SLHC12_2023Scenario_Case5/calabria_SingleMuPt1000_GEN-SIM-DIGI-RECO_CMSSW_6_2_0_SLHC12_2023Scenario_Case5/922ea90bdbc7e1cb755e8834f64ec204/out_reco_271_1_TMg.root
18-Jun-2014 01:22:16 CEST  Closed file file:/lustre/cms//store/user/calabria/calabria_SingleMuPt1000_GEN-SIM-DIGI-RECO_CMSSW_6_2_0_SLHC12_2023Scenario_Case5/calabria_SingleMuPt1000_GEN-SIM-DIGI-RECO_CMSSW_6_2_0_SLHC12_2023Scenario_Case5/922ea90bdbc7e1cb755e8834f64ec204/out_reco_271_1_TMg.root
18-Jun-2014 01:22:16 CEST  Initiating request to open file file:/lustre/cms//store/user/calabria/calabria_SingleMuPt1000_GEN-SIM-DIGI-RECO_CMSSW_6_2_0_SLHC12_2023Scenario_Case5/calabria_SingleMuPt1000_GEN-SIM-DIGI-RECO_CMSSW_6_2_0_SLHC12_2023Scenario_Case5/922ea90bdbc7e1cb755e8834f64ec204/out_reco_272_1_eMR.root
18-Jun-2014 01:22:16 CEST  Successfully opened file file:/lustre/cms//store/user/calabria/calabria_SingleMuPt1000_GEN-SIM-DIGI-RECO_CMSSW_6_2_0_SLHC12_2023Scenario_Case5/calabria_SingleMuPt1000_GEN-SIM-DIGI-RECO_CMSSW_6_2_0_SLHC12_2023Scenario_Case5/922ea90bdbc7e1cb755e8834f64ec204/out_reco_272_1_eMR.root
18-Jun-2014 01:23:38 CEST  Closed file file:/lustre/cms//store/user/calabria/calabria_SingleMuPt1000_GEN-SIM-DIGI-RECO_CMSSW_6_2_0_SLHC12_2023Scenario_Case5/calabria_SingleMuPt1000_GEN-SIM-DIGI-RECO_CMSSW_6_2_0_SLHC12_2023Scenario_Case5/922ea90bdbc7e1cb755e8834f64ec204/out_reco_272_1_eMR.root

=============================================

MessageLogger Summary

 type     category        sev    module        subroutine        count    total
 ---- -------------------- -- ---------------- ----------------  -----    -----
    1 fileAction           -s file_close                            10       10
    2 fileAction           -s file_open                             20       20

 type    category    Examples: run/evt        run/evt          run/evt
 ---- -------------------- ---------------- ---------------- ----------------
    1 fileAction           PostProcessEvent PostProcessEvent PostEndRun
    2 fileAction           pre-events       pre-events       PostProcessEvent

Severity    # Occurrences   Total Occurrences
--------    -------------   -----------------
System                 30                  30
>>> END OF printout of 50 lines from stdout+stderr
>>> Parse FrameworkJobReport crab_fjr.xml
Result of parsing the FrameworkJobReport crab_fjr.xml: Popularity start
lumisRange : 1::::1;1::::2;1::::3;1::::4;1::::5;1::::6;1::::7;1::::8;1::::9;1::::10;
lumisParentRange : 
Basename : /store/user/calabria/calabria_SingleMuPt1000_GEN-SIM-DIGI-RECO_CMSSW_6_2_0_SLHC12_2023Scenario_Case5/calabria_SingleMuPt1000_GEN-SIM-DIGI-RECO_CMSSW_6_2_0_SLHC12_2023Scenario_Case5/922ea90bdbc7e1cb755e8834f64ec204/out_reco_2
BasenameParent : 
parentFiles : 
inputBlocks : /calabria_SingleMuPt1000_GEN-SIM-DIGI-RECO_CMSSW_6_2_0_SLHC12_2023Scenario_Case5/calabria-calabria_SingleMuPt1000_GEN-SIM-DIGI-RECO_CMSSW_6_2_0_SLHC12_2023Scenario_Case5-922ea90bdbc7e1cb755e8834f64ec204/USER#b97db0a0-7b97-4031-97b3-9d66a9835bde
inputFiles : 69_1_Gjj.root::1::EDM::Local::1;56_1_xQ2.root::1::EDM::Local::2;57_1_Bmd.root::1::EDM::Local::3;70_1_tod.root::1::EDM::Local::4;55_1_VDP.root::1::EDM::Local::5;63_1_mns.root::1::EDM::Local::6;71_1_TMg.root::1::EDM::Local::7;72_1_eMR.root::1::EDM::Local::8;62_1_H2i.root::1::EDM::Local::9;59_1_pYS.root::1::EDM::Local::10;
Popularity stop
Extracted ExitStatus from FrameworkJobReport parsing output: 0
>>> Executable succeded  0
ExeExitCode=0
EXECUTABLE_EXIT_STATUS = 0
>>> current directory /home/cms017/home_cream_677387650/CREAM677387650/glide_c1JG1k/execute/dir_11741/CMSSW_6_2_0_SLHC12
>>>  (SOFTWARE_DIR): /home/cms017/home_cream_677387650/CREAM677387650/glide_c1JG1k/execute/dir_11741/CMSSW_6_2_0_SLHC12
>>> (WORKING_DIR): 
>>> current directory content:
total 10676
drwxr-xr-x 3 cms017 cms    4096 Jun 18 01:18 .SCRAM
-rw------- 1 cms017 cms 3740329 Jun 18 01:18 CMSSW.py.pkl
drwxr-xr-x 3 cms017 cms    4096 Jun 18 01:18 bin
drwxr-xr-x 3 cms017 cms    4096 Jun 18 01:18 cfipython
drwxr-xr-x 4 cms017 cms    4096 Jun 18 01:18 config
-rw------- 1 cms017 cms      18 Jun 18 01:23 cpu_timing.txt
drwxr-xr-x 2 cms017 cms    4096 Jun 18 01:18 doc
-rw------- 1 cms017 cms   10045 Jun 18 01:23 executable.out
drwxr-xr-x 2 cms017 cms    4096 Jun 18 01:18 include
drwx------ 3 cms017 cms    4096 Apr 28 18:12 lib
drwxr-xr-x 3 cms017 cms    4096 Jun 18 01:18 logs
drwxr-xr-x 3 cms017 cms    4096 Jun 18 01:18 objs
-rw------- 1 cms017 cms     104 Jun 18 01:18 pset.py
-rw------- 1 cms017 cms 3712352 Jun 18 01:18 pset.py.pkl
-rw------- 1 cms017 cms     289 Jun 18 01:18 pset.pyc
drwxr-xr-x 2 cms017 cms    4096 Jun 18 01:18 python
-rw------- 1 cms017 cms     416 Jun 18 01:23 report.log
drwx------ 6 cms017 cms    4096 Jun 18 01:18 src
drwxr-xr-x 3 cms017 cms    4096 Jun 18 01:18 test
drwxr-xr-x 3 cms017 cms    4096 Jun 18 01:18 tmp
-rw------- 1 cms017 cms 3378233 Jun 18 01:23 validationEDM.root
>>> current directory /home/cms017/home_cream_677387650/CREAM677387650/glide_c1JG1k/execute/dir_11741/CMSSW_6_2_0_SLHC12
>>> (SOFTWARE_DIR): /home/cms017/home_cream_677387650/CREAM677387650/glide_c1JG1k/execute/dir_11741/CMSSW_6_2_0_SLHC12
>>> (WORKING_DIR): 
>>> current directory content:
total 10676
drwxr-xr-x 3 cms017 cms    4096 Jun 18 01:18 .SCRAM
-rw------- 1 cms017 cms 3740329 Jun 18 01:18 CMSSW.py.pkl
drwxr-xr-x 3 cms017 cms    4096 Jun 18 01:18 bin
drwxr-xr-x 3 cms017 cms    4096 Jun 18 01:18 cfipython
drwxr-xr-x 4 cms017 cms    4096 Jun 18 01:18 config
-rw------- 1 cms017 cms      18 Jun 18 01:23 cpu_timing.txt
drwxr-xr-x 2 cms017 cms    4096 Jun 18 01:18 doc
-rw------- 1 cms017 cms   10045 Jun 18 01:23 executable.out
drwxr-xr-x 2 cms017 cms    4096 Jun 18 01:18 include
drwx------ 3 cms017 cms    4096 Apr 28 18:12 lib
drwxr-xr-x 3 cms017 cms    4096 Jun 18 01:18 logs
drwxr-xr-x 3 cms017 cms    4096 Jun 18 01:18 objs
-rw------- 1 cms017 cms     104 Jun 18 01:18 pset.py
-rw------- 1 cms017 cms 3712352 Jun 18 01:18 pset.py.pkl
-rw------- 1 cms017 cms     289 Jun 18 01:18 pset.pyc
drwxr-xr-x 2 cms017 cms    4096 Jun 18 01:18 python
-rw------- 1 cms017 cms     416 Jun 18 01:23 report.log
drwx------ 6 cms017 cms    4096 Jun 18 01:18 src
drwxr-xr-x 3 cms017 cms    4096 Jun 18 01:18 test
drwxr-xr-x 3 cms017 cms    4096 Jun 18 01:18 tmp
-rw------- 1 cms017 cms 3378233 Jun 18 01:23 validationEDM_17_1_IOz.root
>>> current directory (RUNTIME_AREA):  /home/cms017/home_cream_677387650/CREAM677387650/glide_c1JG1k/execute/dir_11741
SE = storm-se-01.ba.infn.it
SE_PATH = /srm/managerv2?SFN=//cms/store/user/calabria/calabria_SingleMuPt1000_GEN-SIM-DIGI-RECO_CMSSW_6_2_0_SLHC12_2023Scenario_Case5/calabria_MuMinus1000_GEN-SIM-DIGI-RECO_CMSSW_6_2_0_SLHC12_2023Scenario_VALNOPU2_Case5/5854dd31cbd3cdec44c48628cc181cf0/
LFNBaseName = /store/user/calabria/calabria_SingleMuPt1000_GEN-SIM-DIGI-RECO_CMSSW_6_2_0_SLHC12_2023Scenario_Case5/calabria_MuMinus1000_GEN-SIM-DIGI-RECO_CMSSW_6_2_0_SLHC12_2023Scenario_VALNOPU2_Case5/5854dd31cbd3cdec44c48628cc181cf0/
USER = calabria
endpoint = srm://storm-se-01.ba.infn.it:8444/srm/managerv2?SFN=//cms/store/user/calabria/calabria_SingleMuPt1000_GEN-SIM-DIGI-RECO_CMSSW_6_2_0_SLHC12_2023Scenario_Case5/calabria_MuMinus1000_GEN-SIM-DIGI-RECO_CMSSW_6_2_0_SLHC12_2023Scenario_VALNOPU2_Case5/5854dd31cbd3cdec44c48628cc181cf0/
>>> Copy output files from WN = pccms149.ba.infn.it to /srm/managerv2?SFN=//cms/store/user/calabria/calabria_SingleMuPt1000_GEN-SIM-DIGI-RECO_CMSSW_6_2_0_SLHC12_2023Scenario_Case5/calabria_MuMinus1000_GEN-SIM-DIGI-RECO_CMSSW_6_2_0_SLHC12_2023Scenario_VALNOPU2_Case5/5854dd31cbd3cdec44c48628cc181cf0/ :
python cmscp.py  --destination srm://storm-se-01.ba.infn.it:8444/srm/managerv2?SFN=//cms/store/user/calabria/calabria_SingleMuPt1000_GEN-SIM-DIGI-RECO_CMSSW_6_2_0_SLHC12_2023Scenario_Case5/calabria_MuMinus1000_GEN-SIM-DIGI-RECO_CMSSW_6_2_0_SLHC12_2023Scenario_VALNOPU2_Case5/5854dd31cbd3cdec44c48628cc181cf0/ --inputFileList /home/cms017/home_cream_677387650/CREAM677387650/glide_c1JG1k/execute/dir_11741/CMSSW_6_2_0_SLHC12/validationEDM_17_1_IOz.root --middleware LCG --se_name storm-se-01.ba.infn.it --for_lfn /store/user/calabria/calabria_SingleMuPt1000_GEN-SIM-DIGI-RECO_CMSSW_6_2_0_SLHC12_2023Scenario_Case5/calabria_MuMinus1000_GEN-SIM-DIGI-RECO_CMSSW_6_2_0_SLHC12_2023Scenario_VALNOPU2_Case5/5854dd31cbd3cdec44c48628cc181cf0/    
******************************************************
localSeName  =  storm-se-01.ba.infn.it
remoteSeName =  storm-se-01.ba.infn.it
******************************************************
{"/home/cms017/home_cream_677387650/CREAM677387650/glide_c1JG1k/execute/dir_11741/CMSSW_6_2_0_SLHC12/validationEDM_17_1_IOz.root": {"endpoint": "srm://storm-se-01.ba.infn.it:8444/srm/managerv2?SFN=//cms/store/user/calabria/calabria_SingleMuPt1000_GEN-SIM-DIGI-RECO_CMSSW_6_2_0_SLHC12_2023Scenario_Case5/calabria_MuMinus1000_GEN-SIM-DIGI-RECO_CMSSW_6_2_0_SLHC12_2023Scenario_VALNOPU2_Case5/5854dd31cbd3cdec44c48628cc181cf0/", "surl_for_grid": "", "reason": "Copy succedeed with srm-lcg utils", "erCode": "0", "se_name": "storm-se-01.ba.infn.it", "for_lfn": "/store/user/calabria/calabria_SingleMuPt1000_GEN-SIM-DIGI-RECO_CMSSW_6_2_0_SLHC12_2023Scenario_Case5/calabria_MuMinus1000_GEN-SIM-DIGI-RECO_CMSSW_6_2_0_SLHC12_2023Scenario_VALNOPU2_Case5/5854dd31cbd3cdec44c48628cc181cf0/"}}/home/cms017/home_cream_677387650/CREAM677387650/glide_c1JG1k/execute/dir_11741
-------- cat /home/cms017/home_cream_677387650/CREAM677387650/glide_c1JG1k/execute/dir_11741/cmscpReport.sh 
#!/bin/bash
echo "Report for File: /home/cms017/home_cream_677387650/CREAM677387650/glide_c1JG1k/execute/dir_11741/CMSSW_6_2_0_SLHC12/validationEDM_17_1_IOz.root"
echo "LFN: /store/user/calabria/calabria_SingleMuPt1000_GEN-SIM-DIGI-RECO_CMSSW_6_2_0_SLHC12_2023Scenario_Case5/calabria_MuMinus1000_GEN-SIM-DIGI-RECO_CMSSW_6_2_0_SLHC12_2023Scenario_VALNOPU2_Case5/5854dd31cbd3cdec44c48628cc181cf0/validationEDM_17_1_IOz.root"
echo "StorageElement: storm-se-01.ba.infn.it"
echo "StageOutExitStatusReason = 'Copy succedeed with srm-lcg utils'" | tee -a $RUNTIME_AREA/$repo
echo "StageOutSE = storm-se-01.ba.infn.it" >> $RUNTIME_AREA/$repo

export StageOutExitStatus=0
echo "StageOutExitStatus = 0" | tee -a $RUNTIME_AREA/$repo
-------- end of /home/cms017/home_cream_677387650/CREAM677387650/glide_c1JG1k/execute/dir_11741/cmscpReport.sh 
Report for File: /home/cms017/home_cream_677387650/CREAM677387650/glide_c1JG1k/execute/dir_11741/CMSSW_6_2_0_SLHC12/validationEDM_17_1_IOz.root
LFN: /store/user/calabria/calabria_SingleMuPt1000_GEN-SIM-DIGI-RECO_CMSSW_6_2_0_SLHC12_2023Scenario_Case5/calabria_MuMinus1000_GEN-SIM-DIGI-RECO_CMSSW_6_2_0_SLHC12_2023Scenario_VALNOPU2_Case5/5854dd31cbd3cdec44c48628cc181cf0/validationEDM_17_1_IOz.root
StorageElement: storm-se-01.ba.infn.it
StageOutExitStatusReason = 'Copy succedeed with srm-lcg utils'
StageOutExitStatus = 0
>>> current dir: /home/cms017/home_cream_677387650/CREAM677387650/glide_c1JG1k/execute/dir_11741
>>> current dir content:
total 28080
-rw-------  1 cms017 cms     2799 Jun 18 01:24 .SEinteraction.log
-rwx------  1 cms017 cms     6805 Jun 18 01:18 .job.ad
-rwx------  1 cms017 cms     9294 Jun 18 01:18 .machine.ad
-rw-------  1 cms017 cms      105 Jun 16 20:39 CMSSW.py
-rw-------  1 cms017 cms  3740329 Jun 16 20:39 CMSSW.py.pkl
-rwx------  1 cms017 cms    29582 Jun 18 01:18 CMSSW.sh
drwxr-xr-x 15 cms017 cms     4096 Jun 18 01:23 CMSSW_6_2_0_SLHC12
-rw-------  1 cms017 cms      220 Jun 18 01:18 CacheEnv.sh
-rw-------  1 cms017 cms     7291 Apr  4 11:04 DashboardAPI.py
-rw-------  1 cms017 cms     6815 Jun 18 01:18 DashboardAPI.pyc
drwx------  2 cms017 cms     4096 Jun 18 01:23 IMProv
-rw-------  1 cms017 cms     2748 Apr  4 11:04 Logger.py
-rw-------  1 cms017 cms     3347 Jun 18 01:18 Logger.pyc
-rw-------  1 cms017 cms    24524 Apr  4 11:04 ProcInfo.py
-rw-------  1 cms017 cms    23197 Jun 18 01:18 ProcInfo.pyc
drwx------  7 cms017 cms     4096 Jun 18 01:18 ProdCommon
drwx------  3 cms017 cms     4096 Jun 18 01:18 WMCore
-rw-------  1 cms017 cms     2178 Jun 18 01:24 Watchdog_17.log
-rwx------  1 cms017 cms        0 Jun 18 01:18 _condor_stderr
-rwx---r--  1 cms017 cms    29642 Jun 18 01:24 _condor_stdout
-rw-------  1 cms017 cms    32895 Apr  4 11:04 apmon.py
-rw-------  1 cms017 cms    28625 Jun 18 01:18 apmon.pyc
-rwx------  1 cms017 cms    54323 Jun 18 01:18 arguments.xml
-rwx------  1 cms017 cms    38515 Apr  4 11:04 cmscp.py
-rw-------  1 cms017 cms      722 Jun 18 01:24 cmscpReport.sh
-rwx------  1 cms017 cms    29582 Jun 18 01:18 condor_exec.exe
-rw-------  1 cms017 cms      968 Jun 16 20:39 crab.cfg
-rwx------  1 cms017 cms     8610 Apr  4 11:04 crabWatchdog.sh
-rwx---r--  1 cms017 cms   523450 Jun 18 01:23 crab_fjr_17.xml
-rwx------  1 cms017 cms 23957744 Jun 18 01:18 default.tgz
-rwx------  1 cms017 cms     4488 Apr  4 11:04 fillCrabFjr.py
-rw-------  1 cms017 cms     2673 Jun 18 01:18 inputsReport.txt
-rw-------  1 cms017 cms      263 Jun 18 01:24 jobreport.txt
-rw-------  1 cms017 cms    17352 Apr  4 11:04 parseCrabFjr.py
-rw-------  1 cms017 cms      332 Jun 18 01:18 report.log
-rwx--x--x  1 cms017 cms     1497 Apr  4 11:04 report.py
-rw-------  1 cms017 cms      780 Jun 18 01:24 resultCopyFile
lrwxrwxrwx  1 cms017 cms      126 Jun 18 01:23 validationEDM.root -> /home/cms017/home_cream_677387650/CREAM677387650/glide_c1JG1k/execute/dir_11741/CMSSW_6_2_0_SLHC12/validationEDM_17_1_IOz.root
-rwx------  1 cms017 cms     8387 Apr  4 11:04 writeCfg.py
-rw-------  1 cms017 cms     8014 Jun 18 01:18 x509up_u50707
>>> Modify Job Report:
CMSSW_VERSION = CMSSW_6_2_0_SLHC12
ProcessedDataset = calabria_MuMinus1000_GEN-SIM-DIGI-RECO_CMSSW_6_2_0_SLHC12_2023Scenario_VALNOPU2_Case5
/home/cms017/home_cream_677387650/CREAM677387650/glide_c1JG1k/execute/dir_11741/ProdCommon/FwkJobRep/ModifyJobReport.py fjr /home/cms017/home_cream_677387650/CREAM677387650/glide_c1JG1k/execute/dir_11741/crab_fjr_17.xml json /home/cms017/home_cream_677387650/CREAM677387650/glide_c1JG1k/execute/dir_11741/resultCopyFile n_job 17_1_IOz PrimaryDataset calabria_SingleMuPt1000_GEN-SIM-DIGI-RECO_CMSSW_6_2_0_SLHC12_2023Scenario_Case5  ApplicationFamily cmsRun ApplicationName cmsRun cmssw_version CMSSW_6_2_0_SLHC12 psethash 5854dd31cbd3cdec44c48628cc181cf0 UserProcessedDataset calabria-calabria_MuMinus1000_GEN-SIM-DIGI-RECO_CMSSW_6_2_0_SLHC12_2023Scenario_VALNOPU2_Case5-5854dd31cbd3cdec44c48628cc181cf0
inputDict =  {u'/home/cms017/home_cream_677387650/CREAM677387650/glide_c1JG1k/execute/dir_11741/CMSSW_6_2_0_SLHC12/validationEDM_17_1_IOz.root': {u'endpoint': u'srm://storm-se-01.ba.infn.it:8444/srm/managerv2?SFN=//cms/store/user/calabria/calabria_SingleMuPt1000_GEN-SIM-DIGI-RECO_CMSSW_6_2_0_SLHC12_2023Scenario_Case5/calabria_MuMinus1000_GEN-SIM-DIGI-RECO_CMSSW_6_2_0_SLHC12_2023Scenario_VALNOPU2_Case5/5854dd31cbd3cdec44c48628cc181cf0/', u'surl_for_grid': u'', u'reason': u'Copy succedeed with srm-lcg utils', u'erCode': u'0', u'se_name': u'storm-se-01.ba.infn.it', u'for_lfn': u'/store/user/calabria/calabria_SingleMuPt1000_GEN-SIM-DIGI-RECO_CMSSW_6_2_0_SLHC12_2023Scenario_Case5/calabria_MuMinus1000_GEN-SIM-DIGI-RECO_CMSSW_6_2_0_SLHC12_2023Scenario_VALNOPU2_Case5/5854dd31cbd3cdec44c48628cc181cf0/'}}
UserProcessedDataset =  calabria-calabria_MuMinus1000_GEN-SIM-DIGI-RECO_CMSSW_6_2_0_SLHC12_2023Scenario_VALNOPU2_Case5-5854dd31cbd3cdec44c48628cc181cf0
file_name in inputDict =  /home/cms017/home_cream_677387650/CREAM677387650/glide_c1JG1k/execute/dir_11741/CMSSW_6_2_0_SLHC12/validationEDM_17_1_IOz.root
(size) os.stat(filename)[6] =  3378233
checksum =  4190407922
    file =  validationEDM_17_1_IOz.root
    newPfn =  srm://storm-se-01.ba.infn.it:8444/srm/managerv2?SFN=//cms/store/user/calabria/calabria_SingleMuPt1000_GEN-SIM-DIGI-RECO_CMSSW_6_2_0_SLHC12_2023Scenario_Case5/calabria_MuMinus1000_GEN-SIM-DIGI-RECO_CMSSW_6_2_0_SLHC12_2023Scenario_VALNOPU2_Case5/5854dd31cbd3cdec44c48628cc181cf0/validationEDM_17_1_IOz.root
    newLfn =  /store/user/calabria/calabria_SingleMuPt1000_GEN-SIM-DIGI-RECO_CMSSW_6_2_0_SLHC12_2023Scenario_Case5/calabria_MuMinus1000_GEN-SIM-DIGI-RECO_CMSSW_6_2_0_SLHC12_2023Scenario_VALNOPU2_Case5/5854dd31cbd3cdec44c48628cc181cf0/validationEDM_17_1_IOz.root
>>> crab_fjr_*.xml  permission set to 0704
CrabWrapper EXIT_FUNC entered at Wed Jun 18 01:24:34 CEST 2014   -  Tue Jun 17 23:24:34 UTC 2014
Checking output files:  
will tar file crab_fjr_17.xml in  out_files_17
WARNING: output file CMSSW_17.stdout not found!
WARNING: output file CMSSW_17.stderr not found!
WARNING: output file Watchdog_17.log.gz not found!
>>> padding time: Sleeping the wrapper for 224 seconds
STOPPING WATCHDOG. CrabWatchdog PID is 12070
********** LAST 50 LINES OF WATCHDOG LOG
# RESOURCE USAGE SUMMARY FOR PROCESS ID 11872
USER       PID %CPU %MEM    VSZ   RSS TTY      STAT START   TIME COMMAND
cms017   11872  0.4  0.0   9496  1592 ?        S    01:18   0:00 /bin/sh /home/cms017/home_cream_677387650/CREAM677387650/glide_c1JG1k/execute/dir_11741/condor_exec.exe 17 1
 
# LIMITS USED BY CRAB WATCHDOG:
# RSS  (KBytes)   : 2300000
# VSZ  (KBytes)   : 100000000
# DISK (MBytes)   : 19000
# CPU TIME        : 720h:0m:0s
# WALL CLOCK TIME : 21h:50m:0s
 
# FOLLOWING PRINTOUT TRACKS MAXIMUM VALUES OF RESOURCES USE
# ONE LINE IS PRINTED EACH TIME A MAXIMUM CHANGES
# IF CHANGE WAS IN RSS OR VSZ ALSO PROCID AND COMMAND ARE PRINTED
# THERE IS NO PRINTOUT FOR CPU/WALL TIME INCREASE
 
# TIME			PID	RSS(KB)	VSZ(KB)	Dsk(MB)	tCPU(s)	tWALL(s)	COMMAND
 Jun 18 01:18:23 CEST	7904	1260	106092	0	0	0	sh -c "./glidein_startup.sh" -v std -name v3_0 -entry CDF_IT_Bari_ce2 -clientname UCSD-v1_0.main
 Jun 18 01:18:23 CEST	7910	1772	106492	0	0	0	/bin/bash ./glidein_startup.sh -v std -name v3_0 -entry CDF_IT_Bari_ce2 -clientname UCSD-v1_0.main -schedd
 Jun 18 01:18:23 CEST	11741	8412	106492	0	0	0	condor_starter -f submit-6.t2.ucsd.edu        
 Jun 18 01:18:23 CEST	12082	33764	106492	0	0	0	edmConfigHash pset.py         
 Jun 18 01:18:23 CEST	---	33764	106492	171	----	----	----
 Jun 18 01:19:24 CEST	14691	608680	807124	171	40	61	cmsRun -j /home/cms017/home_cream_677387650/CREAM677387650/glide_c1JG1k/execute/dir_11741/crab_fjr_17.xml -p pset.py      
 Jun 18 01:19:24 CEST	---	608680	807124	175	----	----	----
 Jun 18 01:20:25 CEST	14691	787424	1011524	175	83	122	cmsRun -j /home/cms017/home_cream_677387650/CREAM677387650/glide_c1JG1k/execute/dir_11741/crab_fjr_17.xml -p pset.py      
 Jun 18 01:22:26 CEST	14691	794528	1026372	175	157	243	cmsRun -j /home/cms017/home_cream_677387650/CREAM677387650/glide_c1JG1k/execute/dir_11741/crab_fjr_17.xml -p pset.py      
 Jun 18 01:23:27 CEST	14691	1370160	1700932	175	217	304	cmsRun -j /home/cms017/home_cream_677387650/CREAM677387650/glide_c1JG1k/execute/dir_11741/crab_fjr_17.xml -p pset.py      
 Jun 18 01:23:27 CEST	---	1370160	1700932	176	----	----	----
 Jun 18 01:24:27 CEST	---	1370160	1700932	179	----	----	----
********** WATCHDOG LOG ENDED
ZIPPING WATCHDOG LOG
Disk space used:
du -sh /home/cms017/home_cream_677387650/CREAM677387650/glide_c1JG1k/execute/dir_11741
179M	/home/cms017/home_cream_677387650/CREAM677387650/glide_c1JG1k/execute/dir_11741
Found unusual stdout, rename for OSB
`/home/cms017/home_cream_677387650/CREAM677387650/glide_c1JG1k/execute/dir_11741/_condor_stdout' -> `CMSSW_17.stdout'
Found unusual stderr, rename for OSB
`/home/cms017/home_cream_677387650/CREAM677387650/glide_c1JG1k/execute/dir_11741/_condor_stdout' -> `CMSSW_17.stderr'
crab_fjr_17.xml
CMSSW_17.stdout
CMSSW_17.stderr
Watchdog_17.log.gz
Total Output dimension: 69893
WARNING: output files size limit is set to: 50000000
Total Output dimension 69893 is fine.
JOB_EXIT_STATUS = 0
>>> info for dashboard:
***** Cat /home/cms017/home_cream_677387650/CREAM677387650/glide_c1JG1k/execute/dir_11741/jobreport.txt *****
MonitorJobID=17_https://submit-6.t2.ucsd.edu//140616//168551.16
MonitorID=calabria_MuMinus1000_Case5_ReReco_9i3t6q
ExeTime=301
ExeExitCode=0
StageOutExitStatusReason = 'Copy succedeed with srm-lcg utils'
StageOutSE = storm-se-01.ba.infn.it
StageOutExitStatus = 0
CrabUserCpuTime=127.53
CrabSysCpuTime=102.08
CrabCpuPercentage=76%
CrabWrapperTime=600
CrabStageoutTime=49
JobExitCode=0
***** End Cat jobreport *****
Parameters sent to Dashboard.
EXITING at Wed Jun 18 01:28:23 CEST 2014  -  Tue Jun 17 23:28:23 UTC 2014
