This script was generated by crab (version 2.10.5_patch1).
Running /home/cms037/home_cream_265882258/CREAM265882258/glide_j1hQId/execute/dir_20866/condor_exec.exe with 2 positional parameters: 10 1
Today is Wed Jun 18 00:47:58 CEST 2014 - Tue Jun 17 22:47:58 UTC 2014
Job submitted on host alicegrid68.ba.infn.it
Linux alicegrid68.ba.infn.it 2.6.32-358.23.2.el6.x86_64 #1 SMP Thu Oct 17 10:27:22 CEST 2013 x86_64 x86_64 x86_64 GNU/Linux
>>> current directory (RUNTIME_AREA): /home/cms037/home_cream_265882258/CREAM265882258/glide_j1hQId/execute/dir_20866
>>> current user: uid=18594(cms037) gid=1399(cms) groups=1399(cms)
>>> directory permission set to 0700
>>> umask set to:  u=rwx,g=,o=
>>> stdout stderr permission set to 0704
>>> voms proxy information:
subject   : /C=IT/O=INFN/OU=Personal Certificate/L=Bari/CN=Cesare Calabria/CN=477126703/CN=1481775313
issuer    : /C=IT/O=INFN/OU=Personal Certificate/L=Bari/CN=Cesare Calabria/CN=477126703
identity  : /C=IT/O=INFN/OU=Personal Certificate/L=Bari/CN=Cesare Calabria
type      : RFC3820 compliant limited proxy
strength  : 1024
path      : /home/cms037/home_cream_265882258/CREAM265882258/glide_j1hQId/execute/dir_20866/x509up_u50707
timeleft  : 23:58:49
key usage : Digital Signature, Key Encipherment, Data Encipherment
=== VO cms extension information ===
VO        : cms
subject   : /C=IT/O=INFN/OU=Personal Certificate/L=Bari/CN=Cesare Calabria
issuer    : /DC=ch/DC=cern/OU=computers/CN=voms.cern.ch
attribute : /cms/Role=NULL/Capability=NULL
attribute : /cms/itcms/Role=NULL/Capability=NULL
timeleft  : 154:36:21
uri       : voms.cern.ch:15002

WNHostName=alicegrid68.ba.infn.it
>>> tar --no-same-permissions -xf /home/cms037/home_cream_265882258/CREAM265882258/glide_j1hQId/execute/dir_20866/default.tgz :
Successful untar
>>> Include /home/cms037/home_cream_265882258/CREAM265882258/glide_j1hQId/execute/dir_20866 in PYTHONPATH:
strip arguments
env var CRAB_UNIQUE_JOB_ID set to: calabria_MuMinus50_Case4_ReReco_fa2s89_10_1_p8n
out_files_10
>>> list of expected files on output sandbox
output files: crab_fjr_10.xml CMSSW_10.stdout CMSSW_10.stderr Watchdog_10.log.gz
>>> GridFlavour discovery: 
GridFlavour=LCG
>>> SyncSite discovery: 
SyncSite=T2_IT_Bari
>>> SyncCE discovery: 
getting SyncCE from CE_ID
SyncCE=cream-ce-2.ba.infn.it:8443/cream-pbs-cms
>>> info for dashboard:
***** Cat /home/cms037/home_cream_265882258/CREAM265882258/glide_j1hQId/execute/dir_20866/jobreport.txt *****
WNHostName=alicegrid68.ba.infn.it
MonitorJobID=10_https://submit-4.t2.ucsd.edu//140616//222485.9
SyncGridJobId=https://submit-4.t2.ucsd.edu//140616//222485.9
MonitorID=calabria_MuMinus50_Case4_ReReco_fa2s89
GridFlavour=LCG
SyncSite=T2_IT_Bari
SyncCE=cream-ce-2.ba.infn.it:8443/cream-pbs-cms
***** End Cat jobreport *****
Parameters sent to Dashboard.
>>> setup environment
set SCRAM ARCH to slc5_amd64_gcc472
SCRAM_ARCH = slc5_amd64_gcc472
>>> setup CMS LCG environment:
set SCRAM ARCH and BUILD_ARCH to slc5_amd64_gcc472 ###
Sourcing environment... 
sourcing /cvmfs/cms.cern.ch/cmsset_default.sh
==> setup cms environment ok
>>> specific cmssw setup environment:
CMSSW_VERSION =  CMSSW_6_2_0_SLHC12
>>> current directory (SOFTWARE_DIR): /home/cms037/home_cream_265882258/CREAM265882258/glide_j1hQId/execute/dir_20866/CMSSW_6_2_0_SLHC12
PreserveSeeds: <>
IncrementSeeds:<>
>>> info for dashboard:
***** Cat /home/cms037/home_cream_265882258/CREAM265882258/glide_j1hQId/execute/dir_20866/jobreport.txt *****
MonitorJobID=10_https://submit-4.t2.ucsd.edu//140616//222485.9
MonitorID=calabria_MuMinus50_Case4_ReReco_fa2s89
***** End Cat jobreport *****
Parameters sent to Dashboard.
crabWatchdog started as process 21074
>>> moving CMSSW software directories in /home/cms037/home_cream_265882258/CREAM265882258/glide_j1hQId/execute/dir_20866/CMSSW_6_2_0_SLHC12
mv: cannot stat `/home/cms037/home_cream_265882258/CREAM265882258/glide_j1hQId/execute/dir_20866/module/': No such file or directory
>>> Include /home/cms037/home_cream_265882258/CREAM265882258/glide_j1hQId/execute/dir_20866 in PYTHONPATH:
PYTHONPATH=/home/cms037/home_cream_265882258/CREAM265882258/glide_j1hQId/execute/dir_20866/:/home/cms037/home_cream_265882258/CREAM265882258/glide_j1hQId/execute/dir_20866/CMSSW_6_2_0_SLHC12/python:/home/cms037/home_cream_265882258/CREAM265882258/glide_j1hQId/execute/dir_20866/CMSSW_6_2_0_SLHC12/lib/slc5_amd64_gcc472:/cvmfs/cms.cern.ch/slc5_amd64_gcc472/cms/cmssw/CMSSW_6_2_0_SLHC12/python:/cvmfs/cms.cern.ch/slc5_amd64_gcc472/cms/cmssw/CMSSW_6_2_0_SLHC12/lib/slc5_amd64_gcc472:/cvmfs/cms.cern.ch/slc5_amd64_gcc472/cms/coral/CORAL_2_3_21-cms36/slc5_amd64_gcc472/python:/cvmfs/cms.cern.ch/slc5_amd64_gcc472/cms/coral/CORAL_2_3_21-cms36/slc5_amd64_gcc472/lib:/cvmfs/cms.cern.ch/slc5_amd64_gcc472/external/pyqt/4.8.1-cms6/lib/python2.7/site-packages:/cvmfs/cms.cern.ch/slc5_amd64_gcc472/external/py2-scipy/0.8.0-cms8/lib/python2.7/site-packages:/cvmfs/cms.cern.ch/slc5_amd64_gcc472/external/py2-matplotlib/1.0.1-cms8/lib/python2.7/site-packages:/cvmfs/cms.cern.ch/slc5_amd64_gcc472/external/python-ldap/2.3.5-cms6/lib/python2.7/site-packages:/cvmfs/cms.cern.ch/slc5_amd64_gcc472/external/sip/4.11.2-cms6/lib/python2.7/site-packages:/cvmfs/cms.cern.ch/slc5_amd64_gcc472/external/py2-pycurl/7.19.0-cms8/lib/python2.7/site-packages:/cvmfs/cms.cern.ch/slc5_amd64_gcc472/external/py2-numpy/1.6.1-cms8/lib/python2.7/site-packages:/cvmfs/cms.cern.ch/slc5_amd64_gcc472/external/py2-lint/0.25.1-cms6/lib/python2.7/site-packages:/cvmfs/cms.cern.ch/slc5_amd64_gcc472/external/py2-ipython/0.10-cms6/lib/python2.7/site-packages:/cvmfs/cms.cern.ch/slc5_amd64_gcc472/external/py2-cx-oracle/5.1-cms7/lib/python2.7/site-packages:/cvmfs/cms.cern.ch/slc5_amd64_gcc472/external/py2-cjson/1.0.5-cms6/lib/python2.7/site-packages:/cvmfs/cms.cern.ch/slc5_amd64_gcc472/cms/das-client/1.11.7/bin:/cvmfs/cms.cern.ch/slc5_amd64_gcc472/external/elementtree/1.2.6-cms6/share/lib/python2.7/site-packages:/cvmfs/cms.cern.ch/slc5_amd64_gcc472/external/rivet/1.8.2-cms8/lib/python2.7/site-packages:/cvmfs/cms.cern.ch/slc5_amd64_gcc472/external/pyminuit2/0.0.1-cms19/lib/python2.7/site-packages:/cvmfs/cms.cern.ch/slc5_amd64_gcc472/external/py2-pygithub/1.23.0/lib/python2.7/site-packages:/cvmfs/cms.cern.ch/slc5_amd64_gcc472/external/professor/1.0.0-cms19/lib/python2.7/site-packages:/cvmfs/cms.cern.ch/slc5_amd64_gcc472/lcg/root/5.34.07-cms/lib:/cvmfs/cms.cern.ch/slc5_amd64_gcc472/cms/dbs-client/DBS_2_1_9-cms5/lib:/cvmfs/cms.cern.ch/slc5_amd64_gcc472/cms/dbs-client/DBS_2_1_9-cms5/lib/DBSAPI:/cvmfs/cms.cern.ch/slc5_amd64_gcc472/external/cvs2git/5419-cms/lib:/home/cms037/home_cream_265882258/CREAM265882258/glide_j1hQId/execute/dir_20866/
 
# LIMITS USED BY CRAB WATCHDOG:
# RSS  (KBytes)   : 2300000
# VSZ  (KBytes)   : 100000000
# DISK (MBytes)   : 19000
# CPU TIME        : 720h:0m:0s
# WALL CLOCK TIME : 21h:50m:0s
 
5854dd31cbd3cdec44c48628cc181cf0
PSETHASH = 5854dd31cbd3cdec44c48628cc181cf0
/home/cms037/home_cream_265882258/CREAM265882258/glide_j1hQId/execute/dir_20866/writeCfg.py pset.py pset.py
Importing .py file
Setting parameters
RandomNumberGeneratorService found, will attempt to change seeds
inputBlocks=/calabria_SingleMuPt50_GEN-SIM-DIGI-RECO_CMSSW_6_2_0_SLHC12_2023Scenario_Case4/calabria-calabria_SingleMuPt50_GEN-SIM-DIGI-RECO_CMSSW_6_2_0_SLHC12_2023Scenario_Case4-cd3731874e2e70f741b687550e03a01f/USER#5b86bf7f-d613-4389-8c1d-a0d329504ef9
inputFiles=/store/user/calabria/calabria_SingleMuPt50_GEN-SIM-DIGI-RECO_CMSSW_6_2_0_SLHC12_2023Scenario_Case4/calabria_SingleMuPt50_GEN-SIM-DIGI-RECO_CMSSW_6_2_0_SLHC12_2023Scenario_Case4/cd3731874e2e70f741b687550e03a01f/out_reco_206_6_2pX.root;/store/user/calabria/calabria_SingleMuPt50_GEN-SIM-DIGI-RECO_CMSSW_6_2_0_SLHC12_2023Scenario_Case4/calabria_SingleMuPt50_GEN-SIM-DIGI-RECO_CMSSW_6_2_0_SLHC12_2023Scenario_Case4/cd3731874e2e70f741b687550e03a01f/out_reco_207_6_gll.root;/store/user/calabria/calabria_SingleMuPt50_GEN-SIM-DIGI-RECO_CMSSW_6_2_0_SLHC12_2023Scenario_Case4/calabria_SingleMuPt50_GEN-SIM-DIGI-RECO_CMSSW_6_2_0_SLHC12_2023Scenario_Case4/cd3731874e2e70f741b687550e03a01f/out_reco_208_5_0kk.root;/store/user/calabria/calabria_SingleMuPt50_GEN-SIM-DIGI-RECO_CMSSW_6_2_0_SLHC12_2023Scenario_Case4/calabria_SingleMuPt50_GEN-SIM-DIGI-RECO_CMSSW_6_2_0_SLHC12_2023Scenario_Case4/cd3731874e2e70f741b687550e03a01f/out_reco_209_6_Hxb.root;/store/user/calabria/calabria_SingleMuPt50_GEN-SIM-DIGI-RECO_CMSSW_6_2_0_SLHC12_2023Scenario_Case4/calabria_SingleMuPt50_GEN-SIM-DIGI-RECO_CMSSW_6_2_0_SLHC12_2023Scenario_Case4/cd3731874e2e70f741b687550e03a01f/out_reco_210_6_4Dw.root;/store/user/calabria/calabria_SingleMuPt50_GEN-SIM-DIGI-RECO_CMSSW_6_2_0_SLHC12_2023Scenario_Case4/calabria_SingleMuPt50_GEN-SIM-DIGI-RECO_CMSSW_6_2_0_SLHC12_2023Scenario_Case4/cd3731874e2e70f741b687550e03a01f/out_reco_211_6_1l1.root;/store/user/calabria/calabria_SingleMuPt50_GEN-SIM-DIGI-RECO_CMSSW_6_2_0_SLHC12_2023Scenario_Case4/calabria_SingleMuPt50_GEN-SIM-DIGI-RECO_CMSSW_6_2_0_SLHC12_2023Scenario_Case4/cd3731874e2e70f741b687550e03a01f/out_reco_212_6_unK.root;/store/user/calabria/calabria_SingleMuPt50_GEN-SIM-DIGI-RECO_CMSSW_6_2_0_SLHC12_2023Scenario_Case4/calabria_SingleMuPt50_GEN-SIM-DIGI-RECO_CMSSW_6_2_0_SLHC12_2023Scenario_Case4/cd3731874e2e70f741b687550e03a01f/out_reco_213_5_EfN.root;/store/user/calabria/calabria_SingleMuPt50_GEN-SIM-DIGI-RECO_CMSSW_6_2_0_SLHC12_2023Scenario_Case4/calabria_SingleMuPt50_GEN-SIM-DIGI-RECO_CMSSW_6_2_0_SLHC12_2023Scenario_Case4/cd3731874e2e70f741b687550e03a01f/out_reco_219_6_UHH.root;/store/user/calabria/calabria_SingleMuPt50_GEN-SIM-DIGI-RECO_CMSSW_6_2_0_SLHC12_2023Scenario_Case4/calabria_SingleMuPt50_GEN-SIM-DIGI-RECO_CMSSW_6_2_0_SLHC12_2023Scenario_Case4/cd3731874e2e70f741b687550e03a01f/out_reco_223_6_dN4.root
parentFiles=
lumisRange=
>>> Executable cmsRun
/cvmfs/cms.cern.ch/slc5_amd64_gcc472/cms/cmssw/CMSSW_6_2_0_SLHC12/bin/slc5_amd64_gcc472/cmsRun
ok executable found
>>> info for dashboard:
***** Cat /home/cms037/home_cream_265882258/CREAM265882258/glide_j1hQId/execute/dir_20866/jobreport.txt *****
MonitorJobID=10_https://submit-4.t2.ucsd.edu//140616//222485.9
MonitorID=calabria_MuMinus50_Case4_ReReco_fa2s89
ExeStart=cmsRun
***** End Cat jobreport *****
Parameters sent to Dashboard.
>>> cmsRun started at Tue Jun 17 22:48:24 UTC 2014
>>> cmsRun ended at Tue Jun 17 22:54:18 UTC 2014
>>> crab_fjr_*.xml  permission set to 0704
>>> info for dashboard:
***** Cat /home/cms037/home_cream_265882258/CREAM265882258/glide_j1hQId/execute/dir_20866/jobreport.txt *****
MonitorJobID=10_https://submit-4.t2.ucsd.edu//140616//222485.9
MonitorID=calabria_MuMinus50_Case4_ReReco_fa2s89
ExeEnd=cmsRun
***** End Cat jobreport *****
Parameters sent to Dashboard.
TIME_EXE = 354 sec
>>> cmsRun wrote 50 lines of stdout+stderr
>>> START OF printout of 50 lines from stdout+stderr
271 DQMStore::DQMStore 
HcalTopologyIdealEP::HcalTopologyIdealEP
18-Jun-2014 00:48:42 CEST  Initiating request to open file file:/lustre/cms//store/user/calabria/calabria_SingleMuPt50_GEN-SIM-DIGI-RECO_CMSSW_6_2_0_SLHC12_2023Scenario_Case4/calabria_SingleMuPt50_GEN-SIM-DIGI-RECO_CMSSW_6_2_0_SLHC12_2023Scenario_Case4/cd3731874e2e70f741b687550e03a01f/out_reco_206_6_2pX.root
18-Jun-2014 00:48:44 CEST  Successfully opened file file:/lustre/cms//store/user/calabria/calabria_SingleMuPt50_GEN-SIM-DIGI-RECO_CMSSW_6_2_0_SLHC12_2023Scenario_Case4/calabria_SingleMuPt50_GEN-SIM-DIGI-RECO_CMSSW_6_2_0_SLHC12_2023Scenario_Case4/cd3731874e2e70f741b687550e03a01f/out_reco_206_6_2pX.root
18-Jun-2014 00:49:19 CEST  Closed file file:/lustre/cms//store/user/calabria/calabria_SingleMuPt50_GEN-SIM-DIGI-RECO_CMSSW_6_2_0_SLHC12_2023Scenario_Case4/calabria_SingleMuPt50_GEN-SIM-DIGI-RECO_CMSSW_6_2_0_SLHC12_2023Scenario_Case4/cd3731874e2e70f741b687550e03a01f/out_reco_206_6_2pX.root
18-Jun-2014 00:49:19 CEST  Initiating request to open file file:/lustre/cms//store/user/calabria/calabria_SingleMuPt50_GEN-SIM-DIGI-RECO_CMSSW_6_2_0_SLHC12_2023Scenario_Case4/calabria_SingleMuPt50_GEN-SIM-DIGI-RECO_CMSSW_6_2_0_SLHC12_2023Scenario_Case4/cd3731874e2e70f741b687550e03a01f/out_reco_207_6_gll.root
18-Jun-2014 00:49:20 CEST  Successfully opened file file:/lustre/cms//store/user/calabria/calabria_SingleMuPt50_GEN-SIM-DIGI-RECO_CMSSW_6_2_0_SLHC12_2023Scenario_Case4/calabria_SingleMuPt50_GEN-SIM-DIGI-RECO_CMSSW_6_2_0_SLHC12_2023Scenario_Case4/cd3731874e2e70f741b687550e03a01f/out_reco_207_6_gll.root
18-Jun-2014 00:49:51 CEST  Closed file file:/lustre/cms//store/user/calabria/calabria_SingleMuPt50_GEN-SIM-DIGI-RECO_CMSSW_6_2_0_SLHC12_2023Scenario_Case4/calabria_SingleMuPt50_GEN-SIM-DIGI-RECO_CMSSW_6_2_0_SLHC12_2023Scenario_Case4/cd3731874e2e70f741b687550e03a01f/out_reco_207_6_gll.root
18-Jun-2014 00:49:51 CEST  Initiating request to open file file:/lustre/cms//store/user/calabria/calabria_SingleMuPt50_GEN-SIM-DIGI-RECO_CMSSW_6_2_0_SLHC12_2023Scenario_Case4/calabria_SingleMuPt50_GEN-SIM-DIGI-RECO_CMSSW_6_2_0_SLHC12_2023Scenario_Case4/cd3731874e2e70f741b687550e03a01f/out_reco_208_5_0kk.root
18-Jun-2014 00:49:51 CEST  Successfully opened file file:/lustre/cms//store/user/calabria/calabria_SingleMuPt50_GEN-SIM-DIGI-RECO_CMSSW_6_2_0_SLHC12_2023Scenario_Case4/calabria_SingleMuPt50_GEN-SIM-DIGI-RECO_CMSSW_6_2_0_SLHC12_2023Scenario_Case4/cd3731874e2e70f741b687550e03a01f/out_reco_208_5_0kk.root
18-Jun-2014 00:50:24 CEST  Closed file file:/lustre/cms//store/user/calabria/calabria_SingleMuPt50_GEN-SIM-DIGI-RECO_CMSSW_6_2_0_SLHC12_2023Scenario_Case4/calabria_SingleMuPt50_GEN-SIM-DIGI-RECO_CMSSW_6_2_0_SLHC12_2023Scenario_Case4/cd3731874e2e70f741b687550e03a01f/out_reco_208_5_0kk.root
18-Jun-2014 00:50:24 CEST  Initiating request to open file file:/lustre/cms//store/user/calabria/calabria_SingleMuPt50_GEN-SIM-DIGI-RECO_CMSSW_6_2_0_SLHC12_2023Scenario_Case4/calabria_SingleMuPt50_GEN-SIM-DIGI-RECO_CMSSW_6_2_0_SLHC12_2023Scenario_Case4/cd3731874e2e70f741b687550e03a01f/out_reco_209_6_Hxb.root
18-Jun-2014 00:50:24 CEST  Successfully opened file file:/lustre/cms//store/user/calabria/calabria_SingleMuPt50_GEN-SIM-DIGI-RECO_CMSSW_6_2_0_SLHC12_2023Scenario_Case4/calabria_SingleMuPt50_GEN-SIM-DIGI-RECO_CMSSW_6_2_0_SLHC12_2023Scenario_Case4/cd3731874e2e70f741b687550e03a01f/out_reco_209_6_Hxb.root
18-Jun-2014 00:50:58 CEST  Closed file file:/lustre/cms//store/user/calabria/calabria_SingleMuPt50_GEN-SIM-DIGI-RECO_CMSSW_6_2_0_SLHC12_2023Scenario_Case4/calabria_SingleMuPt50_GEN-SIM-DIGI-RECO_CMSSW_6_2_0_SLHC12_2023Scenario_Case4/cd3731874e2e70f741b687550e03a01f/out_reco_209_6_Hxb.root
18-Jun-2014 00:50:58 CEST  Initiating request to open file file:/lustre/cms//store/user/calabria/calabria_SingleMuPt50_GEN-SIM-DIGI-RECO_CMSSW_6_2_0_SLHC12_2023Scenario_Case4/calabria_SingleMuPt50_GEN-SIM-DIGI-RECO_CMSSW_6_2_0_SLHC12_2023Scenario_Case4/cd3731874e2e70f741b687550e03a01f/out_reco_210_6_4Dw.root
18-Jun-2014 00:50:58 CEST  Successfully opened file file:/lustre/cms//store/user/calabria/calabria_SingleMuPt50_GEN-SIM-DIGI-RECO_CMSSW_6_2_0_SLHC12_2023Scenario_Case4/calabria_SingleMuPt50_GEN-SIM-DIGI-RECO_CMSSW_6_2_0_SLHC12_2023Scenario_Case4/cd3731874e2e70f741b687550e03a01f/out_reco_210_6_4Dw.root
18-Jun-2014 00:51:30 CEST  Closed file file:/lustre/cms//store/user/calabria/calabria_SingleMuPt50_GEN-SIM-DIGI-RECO_CMSSW_6_2_0_SLHC12_2023Scenario_Case4/calabria_SingleMuPt50_GEN-SIM-DIGI-RECO_CMSSW_6_2_0_SLHC12_2023Scenario_Case4/cd3731874e2e70f741b687550e03a01f/out_reco_210_6_4Dw.root
18-Jun-2014 00:51:30 CEST  Initiating request to open file file:/lustre/cms//store/user/calabria/calabria_SingleMuPt50_GEN-SIM-DIGI-RECO_CMSSW_6_2_0_SLHC12_2023Scenario_Case4/calabria_SingleMuPt50_GEN-SIM-DIGI-RECO_CMSSW_6_2_0_SLHC12_2023Scenario_Case4/cd3731874e2e70f741b687550e03a01f/out_reco_211_6_1l1.root
18-Jun-2014 00:51:30 CEST  Successfully opened file file:/lustre/cms//store/user/calabria/calabria_SingleMuPt50_GEN-SIM-DIGI-RECO_CMSSW_6_2_0_SLHC12_2023Scenario_Case4/calabria_SingleMuPt50_GEN-SIM-DIGI-RECO_CMSSW_6_2_0_SLHC12_2023Scenario_Case4/cd3731874e2e70f741b687550e03a01f/out_reco_211_6_1l1.root
18-Jun-2014 00:52:05 CEST  Closed file file:/lustre/cms//store/user/calabria/calabria_SingleMuPt50_GEN-SIM-DIGI-RECO_CMSSW_6_2_0_SLHC12_2023Scenario_Case4/calabria_SingleMuPt50_GEN-SIM-DIGI-RECO_CMSSW_6_2_0_SLHC12_2023Scenario_Case4/cd3731874e2e70f741b687550e03a01f/out_reco_211_6_1l1.root
18-Jun-2014 00:52:05 CEST  Initiating request to open file file:/lustre/cms//store/user/calabria/calabria_SingleMuPt50_GEN-SIM-DIGI-RECO_CMSSW_6_2_0_SLHC12_2023Scenario_Case4/calabria_SingleMuPt50_GEN-SIM-DIGI-RECO_CMSSW_6_2_0_SLHC12_2023Scenario_Case4/cd3731874e2e70f741b687550e03a01f/out_reco_212_6_unK.root
18-Jun-2014 00:52:05 CEST  Successfully opened file file:/lustre/cms//store/user/calabria/calabria_SingleMuPt50_GEN-SIM-DIGI-RECO_CMSSW_6_2_0_SLHC12_2023Scenario_Case4/calabria_SingleMuPt50_GEN-SIM-DIGI-RECO_CMSSW_6_2_0_SLHC12_2023Scenario_Case4/cd3731874e2e70f741b687550e03a01f/out_reco_212_6_unK.root
18-Jun-2014 00:52:37 CEST  Closed file file:/lustre/cms//store/user/calabria/calabria_SingleMuPt50_GEN-SIM-DIGI-RECO_CMSSW_6_2_0_SLHC12_2023Scenario_Case4/calabria_SingleMuPt50_GEN-SIM-DIGI-RECO_CMSSW_6_2_0_SLHC12_2023Scenario_Case4/cd3731874e2e70f741b687550e03a01f/out_reco_212_6_unK.root
18-Jun-2014 00:52:37 CEST  Initiating request to open file file:/lustre/cms//store/user/calabria/calabria_SingleMuPt50_GEN-SIM-DIGI-RECO_CMSSW_6_2_0_SLHC12_2023Scenario_Case4/calabria_SingleMuPt50_GEN-SIM-DIGI-RECO_CMSSW_6_2_0_SLHC12_2023Scenario_Case4/cd3731874e2e70f741b687550e03a01f/out_reco_213_5_EfN.root
18-Jun-2014 00:52:37 CEST  Successfully opened file file:/lustre/cms//store/user/calabria/calabria_SingleMuPt50_GEN-SIM-DIGI-RECO_CMSSW_6_2_0_SLHC12_2023Scenario_Case4/calabria_SingleMuPt50_GEN-SIM-DIGI-RECO_CMSSW_6_2_0_SLHC12_2023Scenario_Case4/cd3731874e2e70f741b687550e03a01f/out_reco_213_5_EfN.root
18-Jun-2014 00:53:10 CEST  Closed file file:/lustre/cms//store/user/calabria/calabria_SingleMuPt50_GEN-SIM-DIGI-RECO_CMSSW_6_2_0_SLHC12_2023Scenario_Case4/calabria_SingleMuPt50_GEN-SIM-DIGI-RECO_CMSSW_6_2_0_SLHC12_2023Scenario_Case4/cd3731874e2e70f741b687550e03a01f/out_reco_213_5_EfN.root
18-Jun-2014 00:53:10 CEST  Initiating request to open file file:/lustre/cms//store/user/calabria/calabria_SingleMuPt50_GEN-SIM-DIGI-RECO_CMSSW_6_2_0_SLHC12_2023Scenario_Case4/calabria_SingleMuPt50_GEN-SIM-DIGI-RECO_CMSSW_6_2_0_SLHC12_2023Scenario_Case4/cd3731874e2e70f741b687550e03a01f/out_reco_219_6_UHH.root
18-Jun-2014 00:53:10 CEST  Successfully opened file file:/lustre/cms//store/user/calabria/calabria_SingleMuPt50_GEN-SIM-DIGI-RECO_CMSSW_6_2_0_SLHC12_2023Scenario_Case4/calabria_SingleMuPt50_GEN-SIM-DIGI-RECO_CMSSW_6_2_0_SLHC12_2023Scenario_Case4/cd3731874e2e70f741b687550e03a01f/out_reco_219_6_UHH.root
18-Jun-2014 00:53:43 CEST  Closed file file:/lustre/cms//store/user/calabria/calabria_SingleMuPt50_GEN-SIM-DIGI-RECO_CMSSW_6_2_0_SLHC12_2023Scenario_Case4/calabria_SingleMuPt50_GEN-SIM-DIGI-RECO_CMSSW_6_2_0_SLHC12_2023Scenario_Case4/cd3731874e2e70f741b687550e03a01f/out_reco_219_6_UHH.root
18-Jun-2014 00:53:43 CEST  Initiating request to open file file:/lustre/cms//store/user/calabria/calabria_SingleMuPt50_GEN-SIM-DIGI-RECO_CMSSW_6_2_0_SLHC12_2023Scenario_Case4/calabria_SingleMuPt50_GEN-SIM-DIGI-RECO_CMSSW_6_2_0_SLHC12_2023Scenario_Case4/cd3731874e2e70f741b687550e03a01f/out_reco_223_6_dN4.root
18-Jun-2014 00:53:43 CEST  Successfully opened file file:/lustre/cms//store/user/calabria/calabria_SingleMuPt50_GEN-SIM-DIGI-RECO_CMSSW_6_2_0_SLHC12_2023Scenario_Case4/calabria_SingleMuPt50_GEN-SIM-DIGI-RECO_CMSSW_6_2_0_SLHC12_2023Scenario_Case4/cd3731874e2e70f741b687550e03a01f/out_reco_223_6_dN4.root
18-Jun-2014 00:54:17 CEST  Closed file file:/lustre/cms//store/user/calabria/calabria_SingleMuPt50_GEN-SIM-DIGI-RECO_CMSSW_6_2_0_SLHC12_2023Scenario_Case4/calabria_SingleMuPt50_GEN-SIM-DIGI-RECO_CMSSW_6_2_0_SLHC12_2023Scenario_Case4/cd3731874e2e70f741b687550e03a01f/out_reco_223_6_dN4.root

=============================================

MessageLogger Summary

 type     category        sev    module        subroutine        count    total
 ---- -------------------- -- ---------------- ----------------  -----    -----
    1 fileAction           -s file_close                            10       10
    2 fileAction           -s file_open                             20       20

 type    category    Examples: run/evt        run/evt          run/evt
 ---- -------------------- ---------------- ---------------- ----------------
    1 fileAction           PostProcessEvent PostProcessEvent PostEndRun
    2 fileAction           pre-events       pre-events       PostProcessEvent

Severity    # Occurrences   Total Occurrences
--------    -------------   -----------------
System                 30                  30
>>> END OF printout of 50 lines from stdout+stderr
>>> Parse FrameworkJobReport crab_fjr.xml
Result of parsing the FrameworkJobReport crab_fjr.xml: Popularity start
lumisRange : 1::::1;1::::2;1::::3;1::::4;1::::5;1::::6;1::::7;1::::8;1::::9;1::::10;
lumisParentRange : 
Basename : /store/user/calabria/calabria_SingleMuPt50_GEN-SIM-DIGI-RECO_CMSSW_6_2_0_SLHC12_2023Scenario_Case4/calabria_SingleMuPt50_GEN-SIM-DIGI-RECO_CMSSW_6_2_0_SLHC12_2023Scenario_Case4/cd3731874e2e70f741b687550e03a01f/out_reco_2
BasenameParent : 
parentFiles : 
inputBlocks : /calabria_SingleMuPt50_GEN-SIM-DIGI-RECO_CMSSW_6_2_0_SLHC12_2023Scenario_Case4/calabria-calabria_SingleMuPt50_GEN-SIM-DIGI-RECO_CMSSW_6_2_0_SLHC12_2023Scenario_Case4-cd3731874e2e70f741b687550e03a01f/USER#5b86bf7f-d613-4389-8c1d-a0d329504ef9
inputFiles : 19_6_UHH.root::1::EDM::Local::1;23_6_dN4.root::1::EDM::Local::2;08_5_0kk.root::1::EDM::Local::3;06_6_2pX.root::1::EDM::Local::4;11_6_1l1.root::1::EDM::Local::5;09_6_Hxb.root::1::EDM::Local::6;07_6_gll.root::1::EDM::Local::7;13_5_EfN.root::1::EDM::Local::8;10_6_4Dw.root::1::EDM::Local::9;12_6_unK.root::1::EDM::Local::10;
Popularity stop
Extracted ExitStatus from FrameworkJobReport parsing output: 0
>>> Executable succeded  0
ExeExitCode=0
EXECUTABLE_EXIT_STATUS = 0
>>> current directory /home/cms037/home_cream_265882258/CREAM265882258/glide_j1hQId/execute/dir_20866/CMSSW_6_2_0_SLHC12
>>>  (SOFTWARE_DIR): /home/cms037/home_cream_265882258/CREAM265882258/glide_j1hQId/execute/dir_20866/CMSSW_6_2_0_SLHC12
>>> (WORKING_DIR): 
>>> current directory content:
total 10532
drwxr-xr-x 3 cms037 cms    4096 Jun 18 00:48 .SCRAM
-rw------- 1 cms037 cms 3740398 Jun 18 00:48 CMSSW.py.pkl
drwxr-xr-x 3 cms037 cms    4096 Jun 18 00:48 bin
drwxr-xr-x 3 cms037 cms    4096 Jun 18 00:48 cfipython
drwxr-xr-x 4 cms037 cms    4096 Jun 18 00:48 config
-rw------- 1 cms037 cms      16 Jun 18 00:54 cpu_timing.txt
drwxr-xr-x 2 cms037 cms    4096 Jun 18 00:48 doc
-rw------- 1 cms037 cms    9925 Jun 18 00:54 executable.out
drwxr-xr-x 2 cms037 cms    4096 Jun 18 00:48 include
drwx------ 3 cms037 cms    4096 Apr 28 18:12 lib
drwxr-xr-x 3 cms037 cms    4096 Jun 18 00:48 logs
drwxr-xr-x 3 cms037 cms    4096 Jun 18 00:48 objs
-rw------- 1 cms037 cms     104 Jun 18 00:48 pset.py
-rw------- 1 cms037 cms 3712312 Jun 18 00:48 pset.py.pkl
-rw------- 1 cms037 cms     289 Jun 18 00:48 pset.pyc
drwxr-xr-x 2 cms037 cms    4096 Jun 18 00:48 python
-rw------- 1 cms037 cms     407 Jun 18 00:54 report.log
drwx------ 6 cms037 cms    4096 Jun 18 00:48 src
drwxr-xr-x 3 cms037 cms    4096 Jun 18 00:48 test
drwxr-xr-x 3 cms037 cms    4096 Jun 18 00:48 tmp
-rw------- 1 cms037 cms 3231704 Jun 18 00:54 validationEDM.root
>>> current directory /home/cms037/home_cream_265882258/CREAM265882258/glide_j1hQId/execute/dir_20866/CMSSW_6_2_0_SLHC12
>>> (SOFTWARE_DIR): /home/cms037/home_cream_265882258/CREAM265882258/glide_j1hQId/execute/dir_20866/CMSSW_6_2_0_SLHC12
>>> (WORKING_DIR): 
>>> current directory content:
total 10532
drwxr-xr-x 3 cms037 cms    4096 Jun 18 00:48 .SCRAM
-rw------- 1 cms037 cms 3740398 Jun 18 00:48 CMSSW.py.pkl
drwxr-xr-x 3 cms037 cms    4096 Jun 18 00:48 bin
drwxr-xr-x 3 cms037 cms    4096 Jun 18 00:48 cfipython
drwxr-xr-x 4 cms037 cms    4096 Jun 18 00:48 config
-rw------- 1 cms037 cms      16 Jun 18 00:54 cpu_timing.txt
drwxr-xr-x 2 cms037 cms    4096 Jun 18 00:48 doc
-rw------- 1 cms037 cms    9925 Jun 18 00:54 executable.out
drwxr-xr-x 2 cms037 cms    4096 Jun 18 00:48 include
drwx------ 3 cms037 cms    4096 Apr 28 18:12 lib
drwxr-xr-x 3 cms037 cms    4096 Jun 18 00:48 logs
drwxr-xr-x 3 cms037 cms    4096 Jun 18 00:48 objs
-rw------- 1 cms037 cms     104 Jun 18 00:48 pset.py
-rw------- 1 cms037 cms 3712312 Jun 18 00:48 pset.py.pkl
-rw------- 1 cms037 cms     289 Jun 18 00:48 pset.pyc
drwxr-xr-x 2 cms037 cms    4096 Jun 18 00:48 python
-rw------- 1 cms037 cms     407 Jun 18 00:54 report.log
drwx------ 6 cms037 cms    4096 Jun 18 00:48 src
drwxr-xr-x 3 cms037 cms    4096 Jun 18 00:48 test
drwxr-xr-x 3 cms037 cms    4096 Jun 18 00:48 tmp
-rw------- 1 cms037 cms 3231704 Jun 18 00:54 validationEDM_10_1_p8n.root
>>> current directory (RUNTIME_AREA):  /home/cms037/home_cream_265882258/CREAM265882258/glide_j1hQId/execute/dir_20866
SE = storm-se-01.ba.infn.it
SE_PATH = /srm/managerv2?SFN=//cms/store/user/calabria/calabria_SingleMuPt50_GEN-SIM-DIGI-RECO_CMSSW_6_2_0_SLHC12_2023Scenario_Case4/calabria_MuMinus50_GEN-SIM-DIGI-RECO_CMSSW_6_2_0_SLHC12_2023Scenario_VALNOPU2_Case4/5854dd31cbd3cdec44c48628cc181cf0/
LFNBaseName = /store/user/calabria/calabria_SingleMuPt50_GEN-SIM-DIGI-RECO_CMSSW_6_2_0_SLHC12_2023Scenario_Case4/calabria_MuMinus50_GEN-SIM-DIGI-RECO_CMSSW_6_2_0_SLHC12_2023Scenario_VALNOPU2_Case4/5854dd31cbd3cdec44c48628cc181cf0/
USER = calabria
endpoint = srm://storm-se-01.ba.infn.it:8444/srm/managerv2?SFN=//cms/store/user/calabria/calabria_SingleMuPt50_GEN-SIM-DIGI-RECO_CMSSW_6_2_0_SLHC12_2023Scenario_Case4/calabria_MuMinus50_GEN-SIM-DIGI-RECO_CMSSW_6_2_0_SLHC12_2023Scenario_VALNOPU2_Case4/5854dd31cbd3cdec44c48628cc181cf0/
>>> Copy output files from WN = alicegrid68.ba.infn.it to /srm/managerv2?SFN=//cms/store/user/calabria/calabria_SingleMuPt50_GEN-SIM-DIGI-RECO_CMSSW_6_2_0_SLHC12_2023Scenario_Case4/calabria_MuMinus50_GEN-SIM-DIGI-RECO_CMSSW_6_2_0_SLHC12_2023Scenario_VALNOPU2_Case4/5854dd31cbd3cdec44c48628cc181cf0/ :
python cmscp.py  --destination srm://storm-se-01.ba.infn.it:8444/srm/managerv2?SFN=//cms/store/user/calabria/calabria_SingleMuPt50_GEN-SIM-DIGI-RECO_CMSSW_6_2_0_SLHC12_2023Scenario_Case4/calabria_MuMinus50_GEN-SIM-DIGI-RECO_CMSSW_6_2_0_SLHC12_2023Scenario_VALNOPU2_Case4/5854dd31cbd3cdec44c48628cc181cf0/ --inputFileList /home/cms037/home_cream_265882258/CREAM265882258/glide_j1hQId/execute/dir_20866/CMSSW_6_2_0_SLHC12/validationEDM_10_1_p8n.root --middleware LCG --se_name storm-se-01.ba.infn.it --for_lfn /store/user/calabria/calabria_SingleMuPt50_GEN-SIM-DIGI-RECO_CMSSW_6_2_0_SLHC12_2023Scenario_Case4/calabria_MuMinus50_GEN-SIM-DIGI-RECO_CMSSW_6_2_0_SLHC12_2023Scenario_VALNOPU2_Case4/5854dd31cbd3cdec44c48628cc181cf0/    
******************************************************
localSeName  =  storm-se-01.ba.infn.it
remoteSeName =  storm-se-01.ba.infn.it
******************************************************
{"/home/cms037/home_cream_265882258/CREAM265882258/glide_j1hQId/execute/dir_20866/CMSSW_6_2_0_SLHC12/validationEDM_10_1_p8n.root": {"endpoint": "srm://storm-se-01.ba.infn.it:8444/srm/managerv2?SFN=//cms/store/user/calabria/calabria_SingleMuPt50_GEN-SIM-DIGI-RECO_CMSSW_6_2_0_SLHC12_2023Scenario_Case4/calabria_MuMinus50_GEN-SIM-DIGI-RECO_CMSSW_6_2_0_SLHC12_2023Scenario_VALNOPU2_Case4/5854dd31cbd3cdec44c48628cc181cf0/", "surl_for_grid": "", "reason": "Copy succedeed with srm-lcg utils", "erCode": "0", "se_name": "storm-se-01.ba.infn.it", "for_lfn": "/store/user/calabria/calabria_SingleMuPt50_GEN-SIM-DIGI-RECO_CMSSW_6_2_0_SLHC12_2023Scenario_Case4/calabria_MuMinus50_GEN-SIM-DIGI-RECO_CMSSW_6_2_0_SLHC12_2023Scenario_VALNOPU2_Case4/5854dd31cbd3cdec44c48628cc181cf0/"}}/home/cms037/home_cream_265882258/CREAM265882258/glide_j1hQId/execute/dir_20866
-------- cat /home/cms037/home_cream_265882258/CREAM265882258/glide_j1hQId/execute/dir_20866/cmscpReport.sh 
#!/bin/bash
echo "Report for File: /home/cms037/home_cream_265882258/CREAM265882258/glide_j1hQId/execute/dir_20866/CMSSW_6_2_0_SLHC12/validationEDM_10_1_p8n.root"
echo "LFN: /store/user/calabria/calabria_SingleMuPt50_GEN-SIM-DIGI-RECO_CMSSW_6_2_0_SLHC12_2023Scenario_Case4/calabria_MuMinus50_GEN-SIM-DIGI-RECO_CMSSW_6_2_0_SLHC12_2023Scenario_VALNOPU2_Case4/5854dd31cbd3cdec44c48628cc181cf0/validationEDM_10_1_p8n.root"
echo "StorageElement: storm-se-01.ba.infn.it"
echo "StageOutExitStatusReason = 'Copy succedeed with srm-lcg utils'" | tee -a $RUNTIME_AREA/$repo
echo "StageOutSE = storm-se-01.ba.infn.it" >> $RUNTIME_AREA/$repo

export StageOutExitStatus=0
echo "StageOutExitStatus = 0" | tee -a $RUNTIME_AREA/$repo
-------- end of /home/cms037/home_cream_265882258/CREAM265882258/glide_j1hQId/execute/dir_20866/cmscpReport.sh 
Report for File: /home/cms037/home_cream_265882258/CREAM265882258/glide_j1hQId/execute/dir_20866/CMSSW_6_2_0_SLHC12/validationEDM_10_1_p8n.root
LFN: /store/user/calabria/calabria_SingleMuPt50_GEN-SIM-DIGI-RECO_CMSSW_6_2_0_SLHC12_2023Scenario_Case4/calabria_MuMinus50_GEN-SIM-DIGI-RECO_CMSSW_6_2_0_SLHC12_2023Scenario_VALNOPU2_Case4/5854dd31cbd3cdec44c48628cc181cf0/validationEDM_10_1_p8n.root
StorageElement: storm-se-01.ba.infn.it
StageOutExitStatusReason = 'Copy succedeed with srm-lcg utils'
StageOutExitStatus = 0
>>> current dir: /home/cms037/home_cream_265882258/CREAM265882258/glide_j1hQId/execute/dir_20866
>>> current dir content:
total 28080
-rw-------  1 cms037 cms     2783 Jun 18 00:55 .SEinteraction.log
-rwx------  1 cms037 cms     6812 Jun 18 00:47 .job.ad
-rwx------  1 cms037 cms     9457 Jun 18 00:47 .machine.ad
-rw-------  1 cms037 cms      105 Jun 16 20:50 CMSSW.py
-rw-------  1 cms037 cms  3740398 Jun 16 20:50 CMSSW.py.pkl
-rwx------  1 cms037 cms    29556 Jun 18 00:47 CMSSW.sh
drwxr-xr-x 15 cms037 cms     4096 Jun 18 00:54 CMSSW_6_2_0_SLHC12
-rw-------  1 cms037 cms      220 Jun 18 00:48 CacheEnv.sh
-rw-------  1 cms037 cms     7291 Apr  4 11:04 DashboardAPI.py
-rw-------  1 cms037 cms     6815 Jun 18 00:48 DashboardAPI.pyc
drwx------  2 cms037 cms     4096 Jun 18 00:54 IMProv
-rw-------  1 cms037 cms     2748 Apr  4 11:04 Logger.py
-rw-------  1 cms037 cms     3347 Jun 18 00:48 Logger.pyc
-rw-------  1 cms037 cms    24524 Apr  4 11:04 ProcInfo.py
-rw-------  1 cms037 cms    23197 Jun 18 00:48 ProcInfo.pyc
drwx------  7 cms037 cms     4096 Jun 18 00:48 ProdCommon
drwx------  3 cms037 cms     4096 Jun 18 00:48 WMCore
-rw-------  1 cms037 cms     2479 Jun 18 00:55 Watchdog_10.log
-rwx------  1 cms037 cms        0 Jun 18 00:47 _condor_stderr
-rwx---r--  1 cms037 cms    29428 Jun 18 00:55 _condor_stdout
-rw-------  1 cms037 cms    32895 Apr  4 11:04 apmon.py
-rw-------  1 cms037 cms    28625 Jun 18 00:48 apmon.pyc
-rwx------  1 cms037 cms    53478 Jun 18 00:47 arguments.xml
-rwx------  1 cms037 cms    38515 Apr  4 11:04 cmscp.py
-rw-------  1 cms037 cms      718 Jun 18 00:55 cmscpReport.sh
-rwx------  1 cms037 cms    29556 Jun 18 00:47 condor_exec.exe
-rw-------  1 cms037 cms      958 Jun 16 20:50 crab.cfg
-rwx------  1 cms037 cms     8610 Apr  4 11:04 crabWatchdog.sh
-rwx---r--  1 cms037 cms   523283 Jun 18 00:54 crab_fjr_10.xml
-rwx------  1 cms037 cms 23957686 Jun 18 00:47 default.tgz
-rwx------  1 cms037 cms     4488 Apr  4 11:04 fillCrabFjr.py
-rw-------  1 cms037 cms     2629 Jun 18 00:48 inputsReport.txt
-rw-------  1 cms037 cms      260 Jun 18 00:55 jobreport.txt
-rw-------  1 cms037 cms    17352 Apr  4 11:04 parseCrabFjr.py
-rw-------  1 cms037 cms      330 Jun 18 00:48 report.log
-rwx--x--x  1 cms037 cms     1497 Apr  4 11:04 report.py
-rw-------  1 cms037 cms      772 Jun 18 00:55 resultCopyFile
lrwxrwxrwx  1 cms037 cms      126 Jun 18 00:54 validationEDM.root -> /home/cms037/home_cream_265882258/CREAM265882258/glide_j1hQId/execute/dir_20866/CMSSW_6_2_0_SLHC12/validationEDM_10_1_p8n.root
-rwx------  1 cms037 cms     8387 Apr  4 11:04 writeCfg.py
-rw-------  1 cms037 cms     8010 Jun 18 00:47 x509up_u50707
>>> Modify Job Report:
CMSSW_VERSION = CMSSW_6_2_0_SLHC12
ProcessedDataset = calabria_MuMinus50_GEN-SIM-DIGI-RECO_CMSSW_6_2_0_SLHC12_2023Scenario_VALNOPU2_Case4
/home/cms037/home_cream_265882258/CREAM265882258/glide_j1hQId/execute/dir_20866/ProdCommon/FwkJobRep/ModifyJobReport.py fjr /home/cms037/home_cream_265882258/CREAM265882258/glide_j1hQId/execute/dir_20866/crab_fjr_10.xml json /home/cms037/home_cream_265882258/CREAM265882258/glide_j1hQId/execute/dir_20866/resultCopyFile n_job 10_1_p8n PrimaryDataset calabria_SingleMuPt50_GEN-SIM-DIGI-RECO_CMSSW_6_2_0_SLHC12_2023Scenario_Case4  ApplicationFamily cmsRun ApplicationName cmsRun cmssw_version CMSSW_6_2_0_SLHC12 psethash 5854dd31cbd3cdec44c48628cc181cf0 UserProcessedDataset calabria-calabria_MuMinus50_GEN-SIM-DIGI-RECO_CMSSW_6_2_0_SLHC12_2023Scenario_VALNOPU2_Case4-5854dd31cbd3cdec44c48628cc181cf0
inputDict =  {u'/home/cms037/home_cream_265882258/CREAM265882258/glide_j1hQId/execute/dir_20866/CMSSW_6_2_0_SLHC12/validationEDM_10_1_p8n.root': {u'endpoint': u'srm://storm-se-01.ba.infn.it:8444/srm/managerv2?SFN=//cms/store/user/calabria/calabria_SingleMuPt50_GEN-SIM-DIGI-RECO_CMSSW_6_2_0_SLHC12_2023Scenario_Case4/calabria_MuMinus50_GEN-SIM-DIGI-RECO_CMSSW_6_2_0_SLHC12_2023Scenario_VALNOPU2_Case4/5854dd31cbd3cdec44c48628cc181cf0/', u'surl_for_grid': u'', u'reason': u'Copy succedeed with srm-lcg utils', u'erCode': u'0', u'se_name': u'storm-se-01.ba.infn.it', u'for_lfn': u'/store/user/calabria/calabria_SingleMuPt50_GEN-SIM-DIGI-RECO_CMSSW_6_2_0_SLHC12_2023Scenario_Case4/calabria_MuMinus50_GEN-SIM-DIGI-RECO_CMSSW_6_2_0_SLHC12_2023Scenario_VALNOPU2_Case4/5854dd31cbd3cdec44c48628cc181cf0/'}}
UserProcessedDataset =  calabria-calabria_MuMinus50_GEN-SIM-DIGI-RECO_CMSSW_6_2_0_SLHC12_2023Scenario_VALNOPU2_Case4-5854dd31cbd3cdec44c48628cc181cf0
file_name in inputDict =  /home/cms037/home_cream_265882258/CREAM265882258/glide_j1hQId/execute/dir_20866/CMSSW_6_2_0_SLHC12/validationEDM_10_1_p8n.root
(size) os.stat(filename)[6] =  3231704
checksum =  1373272261
    file =  validationEDM_10_1_p8n.root
    newPfn =  srm://storm-se-01.ba.infn.it:8444/srm/managerv2?SFN=//cms/store/user/calabria/calabria_SingleMuPt50_GEN-SIM-DIGI-RECO_CMSSW_6_2_0_SLHC12_2023Scenario_Case4/calabria_MuMinus50_GEN-SIM-DIGI-RECO_CMSSW_6_2_0_SLHC12_2023Scenario_VALNOPU2_Case4/5854dd31cbd3cdec44c48628cc181cf0/validationEDM_10_1_p8n.root
    newLfn =  /store/user/calabria/calabria_SingleMuPt50_GEN-SIM-DIGI-RECO_CMSSW_6_2_0_SLHC12_2023Scenario_Case4/calabria_MuMinus50_GEN-SIM-DIGI-RECO_CMSSW_6_2_0_SLHC12_2023Scenario_VALNOPU2_Case4/5854dd31cbd3cdec44c48628cc181cf0/validationEDM_10_1_p8n.root
>>> crab_fjr_*.xml  permission set to 0704
CrabWrapper EXIT_FUNC entered at Wed Jun 18 00:55:26 CEST 2014   -  Tue Jun 17 22:55:26 UTC 2014
Checking output files:  
will tar file crab_fjr_10.xml in  out_files_10
WARNING: output file CMSSW_10.stdout not found!
WARNING: output file CMSSW_10.stderr not found!
WARNING: output file Watchdog_10.log.gz not found!
>>> padding time: Sleeping the wrapper for 152 seconds
STOPPING WATCHDOG. CrabWatchdog PID is 21074
********** LAST 50 LINES OF WATCHDOG LOG
# RESOURCE USAGE SUMMARY FOR PROCESS ID 20880
USER       PID %CPU %MEM    VSZ   RSS TTY      STAT START   TIME COMMAND
cms037   20880  0.4  0.0   9496  1600 ?        S    00:47   0:00 /bin/sh /home/cms037/home_cream_265882258/CREAM265882258/glide_j1hQId/execute/dir_20866/condor_exec.exe 10 1
 
# LIMITS USED BY CRAB WATCHDOG:
# RSS  (KBytes)   : 2300000
# VSZ  (KBytes)   : 100000000
# DISK (MBytes)   : 19000
# CPU TIME        : 720h:0m:0s
# WALL CLOCK TIME : 21h:50m:0s
 
# FOLLOWING PRINTOUT TRACKS MAXIMUM VALUES OF RESOURCES USE
# ONE LINE IS PRINTED EACH TIME A MAXIMUM CHANGES
# IF CHANGE WAS IN RSS OR VSZ ALSO PROCID AND COMMAND ARE PRINTED
# THERE IS NO PRINTOUT FOR CPU/WALL TIME INCREASE
 
# TIME			PID	RSS(KB)	VSZ(KB)	Dsk(MB)	tCPU(s)	tWALL(s)	COMMAND
 Jun 18 00:48:05 CEST	19520	1256	106092	0	0	0	sh -c "./glidein_startup.sh" -v std -name v3_0 -entry CMS_T2_IT_Bari_ce2 -clientname UCSD-v1_0.main
 Jun 18 00:48:05 CEST	19526	1772	106492	0	0	0	/bin/bash ./glidein_startup.sh -v std -name v3_0 -entry CMS_T2_IT_Bari_ce2 -clientname UCSD-v1_0.main -schedd
 Jun 18 00:48:05 CEST	20866	8416	106492	0	0	0	condor_starter -f submit-4.t2.ucsd.edu        
 Jun 18 00:48:05 CEST	21086	35548	106492	0	0	0	edmConfigHash pset.py         
 Jun 18 00:48:05 CEST	---	35548	106492	171	----	----	----
 Jun 18 00:49:05 CEST	22105	771036	980396	171	34	61	cmsRun -j /home/cms037/home_cream_265882258/CREAM265882258/glide_j1hQId/execute/dir_20866/crab_fjr_10.xml -p pset.py      
 Jun 18 00:49:05 CEST	---	771036	980396	175	----	----	----
 Jun 18 00:50:06 CEST	22105	792356	1005740	175	84	122	cmsRun -j /home/cms037/home_cream_265882258/CREAM265882258/glide_j1hQId/execute/dir_20866/crab_fjr_10.xml -p pset.py      
 Jun 18 00:51:07 CEST	22105	801748	1014188	175	135	182	cmsRun -j /home/cms037/home_cream_265882258/CREAM265882258/glide_j1hQId/execute/dir_20866/crab_fjr_10.xml -p pset.py      
 Jun 18 00:52:08 CEST	22105	810148	1022992	175	186	243	cmsRun -j /home/cms037/home_cream_265882258/CREAM265882258/glide_j1hQId/execute/dir_20866/crab_fjr_10.xml -p pset.py      
 Jun 18 00:53:08 CEST	22105	825860	1022992	175	239	304	cmsRun -j /home/cms037/home_cream_265882258/CREAM265882258/glide_j1hQId/execute/dir_20866/crab_fjr_10.xml -p pset.py      
 Jun 18 00:54:09 CEST	22105	825860	1032208	175	289	365	cmsRun -j /home/cms037/home_cream_265882258/CREAM265882258/glide_j1hQId/execute/dir_20866/crab_fjr_10.xml -p pset.py      
 Jun 18 00:55:10 CEST	---	825860	1032208	179	----	----	----
********** WATCHDOG LOG ENDED
ZIPPING WATCHDOG LOG
Disk space used:
du -sh /home/cms037/home_cream_265882258/CREAM265882258/glide_j1hQId/execute/dir_20866
179M	/home/cms037/home_cream_265882258/CREAM265882258/glide_j1hQId/execute/dir_20866
Found unusual stdout, rename for OSB
`/home/cms037/home_cream_265882258/CREAM265882258/glide_j1hQId/execute/dir_20866/_condor_stdout' -> `CMSSW_10.stdout'
Found unusual stderr, rename for OSB
`/home/cms037/home_cream_265882258/CREAM265882258/glide_j1hQId/execute/dir_20866/_condor_stdout' -> `CMSSW_10.stderr'
crab_fjr_10.xml
CMSSW_10.stdout
CMSSW_10.stderr
Watchdog_10.log.gz
Total Output dimension: 69987
WARNING: output files size limit is set to: 50000000
Total Output dimension 69987 is fine.
JOB_EXIT_STATUS = 0
>>> info for dashboard:
***** Cat /home/cms037/home_cream_265882258/CREAM265882258/glide_j1hQId/execute/dir_20866/jobreport.txt *****
MonitorJobID=10_https://submit-4.t2.ucsd.edu//140616//222485.9
MonitorID=calabria_MuMinus50_Case4_ReReco_fa2s89
ExeTime=354
ExeExitCode=0
StageOutExitStatusReason = 'Copy succedeed with srm-lcg utils'
StageOutSE = storm-se-01.ba.infn.it
StageOutExitStatus = 0
CrabUserCpuTime=293.65
CrabSysCpuTime=4.07
CrabCpuPercentage=84%
CrabWrapperTime=600
CrabStageoutTime=60
JobExitCode=0
***** End Cat jobreport *****
Parameters sent to Dashboard.
EXITING at Wed Jun 18 00:58:04 CEST 2014  -  Tue Jun 17 22:58:04 UTC 2014
