This script was generated by crab (version 2.10.5_patch1).
Running /home/cms021/home_cream_721084150/CREAM721084150/glide_Iesb9H/execute/dir_22047/condor_exec.exe with 2 positional parameters: 8 1
Today is Wed Jun 18 00:47:56 CEST 2014 - Tue Jun 17 22:47:56 UTC 2014
Job submitted on host alicegrid64.ba.infn.it
Linux alicegrid64.ba.infn.it 2.6.32-358.23.2.el6.x86_64 #1 SMP Thu Oct 17 10:27:22 CEST 2013 x86_64 x86_64 x86_64 GNU/Linux
>>> current directory (RUNTIME_AREA): /home/cms021/home_cream_721084150/CREAM721084150/glide_Iesb9H/execute/dir_22047
>>> current user: uid=18547(cms021) gid=1399(cms) groups=1399(cms)
>>> directory permission set to 0700
>>> umask set to:  u=rwx,g=,o=
>>> stdout stderr permission set to 0704
>>> voms proxy information:
subject   : /C=IT/O=INFN/OU=Personal Certificate/L=Bari/CN=Cesare Calabria/CN=477126703/CN=939946193
issuer    : /C=IT/O=INFN/OU=Personal Certificate/L=Bari/CN=Cesare Calabria/CN=477126703
identity  : /C=IT/O=INFN/OU=Personal Certificate/L=Bari/CN=Cesare Calabria
type      : RFC3820 compliant limited proxy
strength  : 1024
path      : /home/cms021/home_cream_721084150/CREAM721084150/glide_Iesb9H/execute/dir_22047/x509up_u50707
timeleft  : 23:59:49
key usage : Digital Signature, Key Encipherment, Data Encipherment
=== VO cms extension information ===
VO        : cms
subject   : /C=IT/O=INFN/OU=Personal Certificate/L=Bari/CN=Cesare Calabria
issuer    : /DC=ch/DC=cern/OU=computers/CN=voms.cern.ch
attribute : /cms/Role=NULL/Capability=NULL
attribute : /cms/itcms/Role=NULL/Capability=NULL
timeleft  : 154:36:23
uri       : voms.cern.ch:15002

WNHostName=alicegrid64.ba.infn.it
>>> tar --no-same-permissions -xf /home/cms021/home_cream_721084150/CREAM721084150/glide_Iesb9H/execute/dir_22047/default.tgz :
Successful untar
>>> Include /home/cms021/home_cream_721084150/CREAM721084150/glide_Iesb9H/execute/dir_22047 in PYTHONPATH:
strip arguments
env var CRAB_UNIQUE_JOB_ID set to: calabria_MuMinus50_Case4_ReReco_fa2s89_8_1_YF0
out_files_8
>>> list of expected files on output sandbox
output files: crab_fjr_8.xml CMSSW_8.stdout CMSSW_8.stderr Watchdog_8.log.gz
>>> GridFlavour discovery: 
GridFlavour=LCG
>>> SyncSite discovery: 
SyncSite=T2_IT_Bari
>>> SyncCE discovery: 
getting SyncCE from CE_ID
SyncCE=cream-ce-2.ba.infn.it:8443/cream-pbs-cms
>>> info for dashboard:
***** Cat /home/cms021/home_cream_721084150/CREAM721084150/glide_Iesb9H/execute/dir_22047/jobreport.txt *****
WNHostName=alicegrid64.ba.infn.it
MonitorJobID=8_https://submit-4.t2.ucsd.edu//140616//222485.7
SyncGridJobId=https://submit-4.t2.ucsd.edu//140616//222485.7
MonitorID=calabria_MuMinus50_Case4_ReReco_fa2s89
GridFlavour=LCG
SyncSite=T2_IT_Bari
SyncCE=cream-ce-2.ba.infn.it:8443/cream-pbs-cms
***** End Cat jobreport *****
Parameters sent to Dashboard.
>>> setup environment
set SCRAM ARCH to slc5_amd64_gcc472
SCRAM_ARCH = slc5_amd64_gcc472
>>> setup CMS LCG environment:
set SCRAM ARCH and BUILD_ARCH to slc5_amd64_gcc472 ###
Sourcing environment... 
sourcing /cvmfs/cms.cern.ch/cmsset_default.sh
==> setup cms environment ok
>>> specific cmssw setup environment:
CMSSW_VERSION =  CMSSW_6_2_0_SLHC12
>>> current directory (SOFTWARE_DIR): /home/cms021/home_cream_721084150/CREAM721084150/glide_Iesb9H/execute/dir_22047/CMSSW_6_2_0_SLHC12
PreserveSeeds: <>
IncrementSeeds:<>
>>> info for dashboard:
***** Cat /home/cms021/home_cream_721084150/CREAM721084150/glide_Iesb9H/execute/dir_22047/jobreport.txt *****
MonitorJobID=8_https://submit-4.t2.ucsd.edu//140616//222485.7
MonitorID=calabria_MuMinus50_Case4_ReReco_fa2s89
***** End Cat jobreport *****
Parameters sent to Dashboard.
crabWatchdog started as process 23333
>>> moving CMSSW software directories in /home/cms021/home_cream_721084150/CREAM721084150/glide_Iesb9H/execute/dir_22047/CMSSW_6_2_0_SLHC12
mv: cannot stat `/home/cms021/home_cream_721084150/CREAM721084150/glide_Iesb9H/execute/dir_22047/module/': No such file or directory
>>> Include /home/cms021/home_cream_721084150/CREAM721084150/glide_Iesb9H/execute/dir_22047 in PYTHONPATH:
PYTHONPATH=/home/cms021/home_cream_721084150/CREAM721084150/glide_Iesb9H/execute/dir_22047/:/home/cms021/home_cream_721084150/CREAM721084150/glide_Iesb9H/execute/dir_22047/CMSSW_6_2_0_SLHC12/python:/home/cms021/home_cream_721084150/CREAM721084150/glide_Iesb9H/execute/dir_22047/CMSSW_6_2_0_SLHC12/lib/slc5_amd64_gcc472:/cvmfs/cms.cern.ch/slc5_amd64_gcc472/cms/cmssw/CMSSW_6_2_0_SLHC12/python:/cvmfs/cms.cern.ch/slc5_amd64_gcc472/cms/cmssw/CMSSW_6_2_0_SLHC12/lib/slc5_amd64_gcc472:/cvmfs/cms.cern.ch/slc5_amd64_gcc472/cms/coral/CORAL_2_3_21-cms36/slc5_amd64_gcc472/python:/cvmfs/cms.cern.ch/slc5_amd64_gcc472/cms/coral/CORAL_2_3_21-cms36/slc5_amd64_gcc472/lib:/cvmfs/cms.cern.ch/slc5_amd64_gcc472/external/pyqt/4.8.1-cms6/lib/python2.7/site-packages:/cvmfs/cms.cern.ch/slc5_amd64_gcc472/external/py2-scipy/0.8.0-cms8/lib/python2.7/site-packages:/cvmfs/cms.cern.ch/slc5_amd64_gcc472/external/py2-matplotlib/1.0.1-cms8/lib/python2.7/site-packages:/cvmfs/cms.cern.ch/slc5_amd64_gcc472/external/python-ldap/2.3.5-cms6/lib/python2.7/site-packages:/cvmfs/cms.cern.ch/slc5_amd64_gcc472/external/sip/4.11.2-cms6/lib/python2.7/site-packages:/cvmfs/cms.cern.ch/slc5_amd64_gcc472/external/py2-pycurl/7.19.0-cms8/lib/python2.7/site-packages:/cvmfs/cms.cern.ch/slc5_amd64_gcc472/external/py2-numpy/1.6.1-cms8/lib/python2.7/site-packages:/cvmfs/cms.cern.ch/slc5_amd64_gcc472/external/py2-lint/0.25.1-cms6/lib/python2.7/site-packages:/cvmfs/cms.cern.ch/slc5_amd64_gcc472/external/py2-ipython/0.10-cms6/lib/python2.7/site-packages:/cvmfs/cms.cern.ch/slc5_amd64_gcc472/external/py2-cx-oracle/5.1-cms7/lib/python2.7/site-packages:/cvmfs/cms.cern.ch/slc5_amd64_gcc472/external/py2-cjson/1.0.5-cms6/lib/python2.7/site-packages:/cvmfs/cms.cern.ch/slc5_amd64_gcc472/cms/das-client/1.11.7/bin:/cvmfs/cms.cern.ch/slc5_amd64_gcc472/external/elementtree/1.2.6-cms6/share/lib/python2.7/site-packages:/cvmfs/cms.cern.ch/slc5_amd64_gcc472/external/rivet/1.8.2-cms8/lib/python2.7/site-packages:/cvmfs/cms.cern.ch/slc5_amd64_gcc472/external/pyminuit2/0.0.1-cms19/lib/python2.7/site-packages:/cvmfs/cms.cern.ch/slc5_amd64_gcc472/external/py2-pygithub/1.23.0/lib/python2.7/site-packages:/cvmfs/cms.cern.ch/slc5_amd64_gcc472/external/professor/1.0.0-cms19/lib/python2.7/site-packages:/cvmfs/cms.cern.ch/slc5_amd64_gcc472/lcg/root/5.34.07-cms/lib:/cvmfs/cms.cern.ch/slc5_amd64_gcc472/cms/dbs-client/DBS_2_1_9-cms5/lib:/cvmfs/cms.cern.ch/slc5_amd64_gcc472/cms/dbs-client/DBS_2_1_9-cms5/lib/DBSAPI:/cvmfs/cms.cern.ch/slc5_amd64_gcc472/external/cvs2git/5419-cms/lib:/home/cms021/home_cream_721084150/CREAM721084150/glide_Iesb9H/execute/dir_22047/
 
# LIMITS USED BY CRAB WATCHDOG:
# RSS  (KBytes)   : 2300000
# VSZ  (KBytes)   : 100000000
# DISK (MBytes)   : 19000
# CPU TIME        : 720h:0m:0s
# WALL CLOCK TIME : 21h:50m:0s
 
5854dd31cbd3cdec44c48628cc181cf0
PSETHASH = 5854dd31cbd3cdec44c48628cc181cf0
/home/cms021/home_cream_721084150/CREAM721084150/glide_Iesb9H/execute/dir_22047/writeCfg.py pset.py pset.py
Importing .py file
Setting parameters
RandomNumberGeneratorService found, will attempt to change seeds
inputBlocks=/calabria_SingleMuPt50_GEN-SIM-DIGI-RECO_CMSSW_6_2_0_SLHC12_2023Scenario_Case4/calabria-calabria_SingleMuPt50_GEN-SIM-DIGI-RECO_CMSSW_6_2_0_SLHC12_2023Scenario_Case4-cd3731874e2e70f741b687550e03a01f/USER#5b86bf7f-d613-4389-8c1d-a0d329504ef9
inputFiles=/store/user/calabria/calabria_SingleMuPt50_GEN-SIM-DIGI-RECO_CMSSW_6_2_0_SLHC12_2023Scenario_Case4/calabria_SingleMuPt50_GEN-SIM-DIGI-RECO_CMSSW_6_2_0_SLHC12_2023Scenario_Case4/cd3731874e2e70f741b687550e03a01f/out_reco_179_6_P0t.root;/store/user/calabria/calabria_SingleMuPt50_GEN-SIM-DIGI-RECO_CMSSW_6_2_0_SLHC12_2023Scenario_Case4/calabria_SingleMuPt50_GEN-SIM-DIGI-RECO_CMSSW_6_2_0_SLHC12_2023Scenario_Case4/cd3731874e2e70f741b687550e03a01f/out_reco_180_6_fJr.root;/store/user/calabria/calabria_SingleMuPt50_GEN-SIM-DIGI-RECO_CMSSW_6_2_0_SLHC12_2023Scenario_Case4/calabria_SingleMuPt50_GEN-SIM-DIGI-RECO_CMSSW_6_2_0_SLHC12_2023Scenario_Case4/cd3731874e2e70f741b687550e03a01f/out_reco_181_6_BjU.root;/store/user/calabria/calabria_SingleMuPt50_GEN-SIM-DIGI-RECO_CMSSW_6_2_0_SLHC12_2023Scenario_Case4/calabria_SingleMuPt50_GEN-SIM-DIGI-RECO_CMSSW_6_2_0_SLHC12_2023Scenario_Case4/cd3731874e2e70f741b687550e03a01f/out_reco_183_6_i72.root;/store/user/calabria/calabria_SingleMuPt50_GEN-SIM-DIGI-RECO_CMSSW_6_2_0_SLHC12_2023Scenario_Case4/calabria_SingleMuPt50_GEN-SIM-DIGI-RECO_CMSSW_6_2_0_SLHC12_2023Scenario_Case4/cd3731874e2e70f741b687550e03a01f/out_reco_184_6_6da.root;/store/user/calabria/calabria_SingleMuPt50_GEN-SIM-DIGI-RECO_CMSSW_6_2_0_SLHC12_2023Scenario_Case4/calabria_SingleMuPt50_GEN-SIM-DIGI-RECO_CMSSW_6_2_0_SLHC12_2023Scenario_Case4/cd3731874e2e70f741b687550e03a01f/out_reco_185_6_KLT.root;/store/user/calabria/calabria_SingleMuPt50_GEN-SIM-DIGI-RECO_CMSSW_6_2_0_SLHC12_2023Scenario_Case4/calabria_SingleMuPt50_GEN-SIM-DIGI-RECO_CMSSW_6_2_0_SLHC12_2023Scenario_Case4/cd3731874e2e70f741b687550e03a01f/out_reco_186_6_fEx.root;/store/user/calabria/calabria_SingleMuPt50_GEN-SIM-DIGI-RECO_CMSSW_6_2_0_SLHC12_2023Scenario_Case4/calabria_SingleMuPt50_GEN-SIM-DIGI-RECO_CMSSW_6_2_0_SLHC12_2023Scenario_Case4/cd3731874e2e70f741b687550e03a01f/out_reco_187_6_afL.root;/store/user/calabria/calabria_SingleMuPt50_GEN-SIM-DIGI-RECO_CMSSW_6_2_0_SLHC12_2023Scenario_Case4/calabria_SingleMuPt50_GEN-SIM-DIGI-RECO_CMSSW_6_2_0_SLHC12_2023Scenario_Case4/cd3731874e2e70f741b687550e03a01f/out_reco_190_5_nBL.root;/store/user/calabria/calabria_SingleMuPt50_GEN-SIM-DIGI-RECO_CMSSW_6_2_0_SLHC12_2023Scenario_Case4/calabria_SingleMuPt50_GEN-SIM-DIGI-RECO_CMSSW_6_2_0_SLHC12_2023Scenario_Case4/cd3731874e2e70f741b687550e03a01f/out_reco_193_6_wF6.root
parentFiles=
lumisRange=
>>> Executable cmsRun
/cvmfs/cms.cern.ch/slc5_amd64_gcc472/cms/cmssw/CMSSW_6_2_0_SLHC12/bin/slc5_amd64_gcc472/cmsRun
ok executable found
>>> info for dashboard:
***** Cat /home/cms021/home_cream_721084150/CREAM721084150/glide_Iesb9H/execute/dir_22047/jobreport.txt *****
MonitorJobID=8_https://submit-4.t2.ucsd.edu//140616//222485.7
MonitorID=calabria_MuMinus50_Case4_ReReco_fa2s89
ExeStart=cmsRun
***** End Cat jobreport *****
Parameters sent to Dashboard.
>>> cmsRun started at Tue Jun 17 22:48:21 UTC 2014
>>> cmsRun ended at Tue Jun 17 22:53:56 UTC 2014
>>> crab_fjr_*.xml  permission set to 0704
>>> info for dashboard:
***** Cat /home/cms021/home_cream_721084150/CREAM721084150/glide_Iesb9H/execute/dir_22047/jobreport.txt *****
MonitorJobID=8_https://submit-4.t2.ucsd.edu//140616//222485.7
MonitorID=calabria_MuMinus50_Case4_ReReco_fa2s89
ExeEnd=cmsRun
***** End Cat jobreport *****
Parameters sent to Dashboard.
TIME_EXE = 335 sec
>>> cmsRun wrote 50 lines of stdout+stderr
>>> START OF printout of 50 lines from stdout+stderr
271 DQMStore::DQMStore 
HcalTopologyIdealEP::HcalTopologyIdealEP
18-Jun-2014 00:48:38 CEST  Initiating request to open file file:/lustre/cms//store/user/calabria/calabria_SingleMuPt50_GEN-SIM-DIGI-RECO_CMSSW_6_2_0_SLHC12_2023Scenario_Case4/calabria_SingleMuPt50_GEN-SIM-DIGI-RECO_CMSSW_6_2_0_SLHC12_2023Scenario_Case4/cd3731874e2e70f741b687550e03a01f/out_reco_179_6_P0t.root
18-Jun-2014 00:48:41 CEST  Successfully opened file file:/lustre/cms//store/user/calabria/calabria_SingleMuPt50_GEN-SIM-DIGI-RECO_CMSSW_6_2_0_SLHC12_2023Scenario_Case4/calabria_SingleMuPt50_GEN-SIM-DIGI-RECO_CMSSW_6_2_0_SLHC12_2023Scenario_Case4/cd3731874e2e70f741b687550e03a01f/out_reco_179_6_P0t.root
18-Jun-2014 00:49:11 CEST  Closed file file:/lustre/cms//store/user/calabria/calabria_SingleMuPt50_GEN-SIM-DIGI-RECO_CMSSW_6_2_0_SLHC12_2023Scenario_Case4/calabria_SingleMuPt50_GEN-SIM-DIGI-RECO_CMSSW_6_2_0_SLHC12_2023Scenario_Case4/cd3731874e2e70f741b687550e03a01f/out_reco_179_6_P0t.root
18-Jun-2014 00:49:11 CEST  Initiating request to open file file:/lustre/cms//store/user/calabria/calabria_SingleMuPt50_GEN-SIM-DIGI-RECO_CMSSW_6_2_0_SLHC12_2023Scenario_Case4/calabria_SingleMuPt50_GEN-SIM-DIGI-RECO_CMSSW_6_2_0_SLHC12_2023Scenario_Case4/cd3731874e2e70f741b687550e03a01f/out_reco_180_6_fJr.root
18-Jun-2014 00:49:11 CEST  Successfully opened file file:/lustre/cms//store/user/calabria/calabria_SingleMuPt50_GEN-SIM-DIGI-RECO_CMSSW_6_2_0_SLHC12_2023Scenario_Case4/calabria_SingleMuPt50_GEN-SIM-DIGI-RECO_CMSSW_6_2_0_SLHC12_2023Scenario_Case4/cd3731874e2e70f741b687550e03a01f/out_reco_180_6_fJr.root
18-Jun-2014 00:49:45 CEST  Closed file file:/lustre/cms//store/user/calabria/calabria_SingleMuPt50_GEN-SIM-DIGI-RECO_CMSSW_6_2_0_SLHC12_2023Scenario_Case4/calabria_SingleMuPt50_GEN-SIM-DIGI-RECO_CMSSW_6_2_0_SLHC12_2023Scenario_Case4/cd3731874e2e70f741b687550e03a01f/out_reco_180_6_fJr.root
18-Jun-2014 00:49:45 CEST  Initiating request to open file file:/lustre/cms//store/user/calabria/calabria_SingleMuPt50_GEN-SIM-DIGI-RECO_CMSSW_6_2_0_SLHC12_2023Scenario_Case4/calabria_SingleMuPt50_GEN-SIM-DIGI-RECO_CMSSW_6_2_0_SLHC12_2023Scenario_Case4/cd3731874e2e70f741b687550e03a01f/out_reco_181_6_BjU.root
18-Jun-2014 00:49:45 CEST  Successfully opened file file:/lustre/cms//store/user/calabria/calabria_SingleMuPt50_GEN-SIM-DIGI-RECO_CMSSW_6_2_0_SLHC12_2023Scenario_Case4/calabria_SingleMuPt50_GEN-SIM-DIGI-RECO_CMSSW_6_2_0_SLHC12_2023Scenario_Case4/cd3731874e2e70f741b687550e03a01f/out_reco_181_6_BjU.root
18-Jun-2014 00:50:14 CEST  Closed file file:/lustre/cms//store/user/calabria/calabria_SingleMuPt50_GEN-SIM-DIGI-RECO_CMSSW_6_2_0_SLHC12_2023Scenario_Case4/calabria_SingleMuPt50_GEN-SIM-DIGI-RECO_CMSSW_6_2_0_SLHC12_2023Scenario_Case4/cd3731874e2e70f741b687550e03a01f/out_reco_181_6_BjU.root
18-Jun-2014 00:50:14 CEST  Initiating request to open file file:/lustre/cms//store/user/calabria/calabria_SingleMuPt50_GEN-SIM-DIGI-RECO_CMSSW_6_2_0_SLHC12_2023Scenario_Case4/calabria_SingleMuPt50_GEN-SIM-DIGI-RECO_CMSSW_6_2_0_SLHC12_2023Scenario_Case4/cd3731874e2e70f741b687550e03a01f/out_reco_183_6_i72.root
18-Jun-2014 00:50:14 CEST  Successfully opened file file:/lustre/cms//store/user/calabria/calabria_SingleMuPt50_GEN-SIM-DIGI-RECO_CMSSW_6_2_0_SLHC12_2023Scenario_Case4/calabria_SingleMuPt50_GEN-SIM-DIGI-RECO_CMSSW_6_2_0_SLHC12_2023Scenario_Case4/cd3731874e2e70f741b687550e03a01f/out_reco_183_6_i72.root
18-Jun-2014 00:50:44 CEST  Closed file file:/lustre/cms//store/user/calabria/calabria_SingleMuPt50_GEN-SIM-DIGI-RECO_CMSSW_6_2_0_SLHC12_2023Scenario_Case4/calabria_SingleMuPt50_GEN-SIM-DIGI-RECO_CMSSW_6_2_0_SLHC12_2023Scenario_Case4/cd3731874e2e70f741b687550e03a01f/out_reco_183_6_i72.root
18-Jun-2014 00:50:44 CEST  Initiating request to open file file:/lustre/cms//store/user/calabria/calabria_SingleMuPt50_GEN-SIM-DIGI-RECO_CMSSW_6_2_0_SLHC12_2023Scenario_Case4/calabria_SingleMuPt50_GEN-SIM-DIGI-RECO_CMSSW_6_2_0_SLHC12_2023Scenario_Case4/cd3731874e2e70f741b687550e03a01f/out_reco_184_6_6da.root
18-Jun-2014 00:50:44 CEST  Successfully opened file file:/lustre/cms//store/user/calabria/calabria_SingleMuPt50_GEN-SIM-DIGI-RECO_CMSSW_6_2_0_SLHC12_2023Scenario_Case4/calabria_SingleMuPt50_GEN-SIM-DIGI-RECO_CMSSW_6_2_0_SLHC12_2023Scenario_Case4/cd3731874e2e70f741b687550e03a01f/out_reco_184_6_6da.root
18-Jun-2014 00:51:16 CEST  Closed file file:/lustre/cms//store/user/calabria/calabria_SingleMuPt50_GEN-SIM-DIGI-RECO_CMSSW_6_2_0_SLHC12_2023Scenario_Case4/calabria_SingleMuPt50_GEN-SIM-DIGI-RECO_CMSSW_6_2_0_SLHC12_2023Scenario_Case4/cd3731874e2e70f741b687550e03a01f/out_reco_184_6_6da.root
18-Jun-2014 00:51:16 CEST  Initiating request to open file file:/lustre/cms//store/user/calabria/calabria_SingleMuPt50_GEN-SIM-DIGI-RECO_CMSSW_6_2_0_SLHC12_2023Scenario_Case4/calabria_SingleMuPt50_GEN-SIM-DIGI-RECO_CMSSW_6_2_0_SLHC12_2023Scenario_Case4/cd3731874e2e70f741b687550e03a01f/out_reco_185_6_KLT.root
18-Jun-2014 00:51:16 CEST  Successfully opened file file:/lustre/cms//store/user/calabria/calabria_SingleMuPt50_GEN-SIM-DIGI-RECO_CMSSW_6_2_0_SLHC12_2023Scenario_Case4/calabria_SingleMuPt50_GEN-SIM-DIGI-RECO_CMSSW_6_2_0_SLHC12_2023Scenario_Case4/cd3731874e2e70f741b687550e03a01f/out_reco_185_6_KLT.root
18-Jun-2014 00:51:45 CEST  Closed file file:/lustre/cms//store/user/calabria/calabria_SingleMuPt50_GEN-SIM-DIGI-RECO_CMSSW_6_2_0_SLHC12_2023Scenario_Case4/calabria_SingleMuPt50_GEN-SIM-DIGI-RECO_CMSSW_6_2_0_SLHC12_2023Scenario_Case4/cd3731874e2e70f741b687550e03a01f/out_reco_185_6_KLT.root
18-Jun-2014 00:51:45 CEST  Initiating request to open file file:/lustre/cms//store/user/calabria/calabria_SingleMuPt50_GEN-SIM-DIGI-RECO_CMSSW_6_2_0_SLHC12_2023Scenario_Case4/calabria_SingleMuPt50_GEN-SIM-DIGI-RECO_CMSSW_6_2_0_SLHC12_2023Scenario_Case4/cd3731874e2e70f741b687550e03a01f/out_reco_186_6_fEx.root
18-Jun-2014 00:51:45 CEST  Successfully opened file file:/lustre/cms//store/user/calabria/calabria_SingleMuPt50_GEN-SIM-DIGI-RECO_CMSSW_6_2_0_SLHC12_2023Scenario_Case4/calabria_SingleMuPt50_GEN-SIM-DIGI-RECO_CMSSW_6_2_0_SLHC12_2023Scenario_Case4/cd3731874e2e70f741b687550e03a01f/out_reco_186_6_fEx.root
18-Jun-2014 00:52:19 CEST  Closed file file:/lustre/cms//store/user/calabria/calabria_SingleMuPt50_GEN-SIM-DIGI-RECO_CMSSW_6_2_0_SLHC12_2023Scenario_Case4/calabria_SingleMuPt50_GEN-SIM-DIGI-RECO_CMSSW_6_2_0_SLHC12_2023Scenario_Case4/cd3731874e2e70f741b687550e03a01f/out_reco_186_6_fEx.root
18-Jun-2014 00:52:19 CEST  Initiating request to open file file:/lustre/cms//store/user/calabria/calabria_SingleMuPt50_GEN-SIM-DIGI-RECO_CMSSW_6_2_0_SLHC12_2023Scenario_Case4/calabria_SingleMuPt50_GEN-SIM-DIGI-RECO_CMSSW_6_2_0_SLHC12_2023Scenario_Case4/cd3731874e2e70f741b687550e03a01f/out_reco_187_6_afL.root
18-Jun-2014 00:52:19 CEST  Successfully opened file file:/lustre/cms//store/user/calabria/calabria_SingleMuPt50_GEN-SIM-DIGI-RECO_CMSSW_6_2_0_SLHC12_2023Scenario_Case4/calabria_SingleMuPt50_GEN-SIM-DIGI-RECO_CMSSW_6_2_0_SLHC12_2023Scenario_Case4/cd3731874e2e70f741b687550e03a01f/out_reco_187_6_afL.root
18-Jun-2014 00:52:52 CEST  Closed file file:/lustre/cms//store/user/calabria/calabria_SingleMuPt50_GEN-SIM-DIGI-RECO_CMSSW_6_2_0_SLHC12_2023Scenario_Case4/calabria_SingleMuPt50_GEN-SIM-DIGI-RECO_CMSSW_6_2_0_SLHC12_2023Scenario_Case4/cd3731874e2e70f741b687550e03a01f/out_reco_187_6_afL.root
18-Jun-2014 00:52:52 CEST  Initiating request to open file file:/lustre/cms//store/user/calabria/calabria_SingleMuPt50_GEN-SIM-DIGI-RECO_CMSSW_6_2_0_SLHC12_2023Scenario_Case4/calabria_SingleMuPt50_GEN-SIM-DIGI-RECO_CMSSW_6_2_0_SLHC12_2023Scenario_Case4/cd3731874e2e70f741b687550e03a01f/out_reco_190_5_nBL.root
18-Jun-2014 00:52:52 CEST  Successfully opened file file:/lustre/cms//store/user/calabria/calabria_SingleMuPt50_GEN-SIM-DIGI-RECO_CMSSW_6_2_0_SLHC12_2023Scenario_Case4/calabria_SingleMuPt50_GEN-SIM-DIGI-RECO_CMSSW_6_2_0_SLHC12_2023Scenario_Case4/cd3731874e2e70f741b687550e03a01f/out_reco_190_5_nBL.root
18-Jun-2014 00:53:23 CEST  Closed file file:/lustre/cms//store/user/calabria/calabria_SingleMuPt50_GEN-SIM-DIGI-RECO_CMSSW_6_2_0_SLHC12_2023Scenario_Case4/calabria_SingleMuPt50_GEN-SIM-DIGI-RECO_CMSSW_6_2_0_SLHC12_2023Scenario_Case4/cd3731874e2e70f741b687550e03a01f/out_reco_190_5_nBL.root
18-Jun-2014 00:53:23 CEST  Initiating request to open file file:/lustre/cms//store/user/calabria/calabria_SingleMuPt50_GEN-SIM-DIGI-RECO_CMSSW_6_2_0_SLHC12_2023Scenario_Case4/calabria_SingleMuPt50_GEN-SIM-DIGI-RECO_CMSSW_6_2_0_SLHC12_2023Scenario_Case4/cd3731874e2e70f741b687550e03a01f/out_reco_193_6_wF6.root
18-Jun-2014 00:53:23 CEST  Successfully opened file file:/lustre/cms//store/user/calabria/calabria_SingleMuPt50_GEN-SIM-DIGI-RECO_CMSSW_6_2_0_SLHC12_2023Scenario_Case4/calabria_SingleMuPt50_GEN-SIM-DIGI-RECO_CMSSW_6_2_0_SLHC12_2023Scenario_Case4/cd3731874e2e70f741b687550e03a01f/out_reco_193_6_wF6.root
18-Jun-2014 00:53:55 CEST  Closed file file:/lustre/cms//store/user/calabria/calabria_SingleMuPt50_GEN-SIM-DIGI-RECO_CMSSW_6_2_0_SLHC12_2023Scenario_Case4/calabria_SingleMuPt50_GEN-SIM-DIGI-RECO_CMSSW_6_2_0_SLHC12_2023Scenario_Case4/cd3731874e2e70f741b687550e03a01f/out_reco_193_6_wF6.root

=============================================

MessageLogger Summary

 type     category        sev    module        subroutine        count    total
 ---- -------------------- -- ---------------- ----------------  -----    -----
    1 fileAction           -s file_close                            10       10
    2 fileAction           -s file_open                             20       20

 type    category    Examples: run/evt        run/evt          run/evt
 ---- -------------------- ---------------- ---------------- ----------------
    1 fileAction           PostProcessEvent PostProcessEvent PostEndRun
    2 fileAction           pre-events       pre-events       PostProcessEvent

Severity    # Occurrences   Total Occurrences
--------    -------------   -----------------
System                 30                  30
>>> END OF printout of 50 lines from stdout+stderr
>>> Parse FrameworkJobReport crab_fjr.xml
Result of parsing the FrameworkJobReport crab_fjr.xml: Popularity start
lumisRange : 1::::1;1::::2;1::::3;1::::4;1::::5;1::::6;1::::7;1::::8;1::::9;1::::10;
lumisParentRange : 
Basename : /store/user/calabria/calabria_SingleMuPt50_GEN-SIM-DIGI-RECO_CMSSW_6_2_0_SLHC12_2023Scenario_Case4/calabria_SingleMuPt50_GEN-SIM-DIGI-RECO_CMSSW_6_2_0_SLHC12_2023Scenario_Case4/cd3731874e2e70f741b687550e03a01f/out_reco_1
BasenameParent : 
parentFiles : 
inputBlocks : /calabria_SingleMuPt50_GEN-SIM-DIGI-RECO_CMSSW_6_2_0_SLHC12_2023Scenario_Case4/calabria-calabria_SingleMuPt50_GEN-SIM-DIGI-RECO_CMSSW_6_2_0_SLHC12_2023Scenario_Case4-cd3731874e2e70f741b687550e03a01f/USER#5b86bf7f-d613-4389-8c1d-a0d329504ef9
inputFiles : 93_6_wF6.root::1::EDM::Local::1;79_6_P0t.root::1::EDM::Local::2;80_6_fJr.root::1::EDM::Local::3;84_6_6da.root::1::EDM::Local::4;81_6_BjU.root::1::EDM::Local::5;86_6_fEx.root::1::EDM::Local::6;90_5_nBL.root::1::EDM::Local::7;83_6_i72.root::1::EDM::Local::8;85_6_KLT.root::1::EDM::Local::9;87_6_afL.root::1::EDM::Local::10;
Popularity stop
Extracted ExitStatus from FrameworkJobReport parsing output: 0
>>> Executable succeded  0
ExeExitCode=0
EXECUTABLE_EXIT_STATUS = 0
>>> current directory /home/cms021/home_cream_721084150/CREAM721084150/glide_Iesb9H/execute/dir_22047/CMSSW_6_2_0_SLHC12
>>>  (SOFTWARE_DIR): /home/cms021/home_cream_721084150/CREAM721084150/glide_Iesb9H/execute/dir_22047/CMSSW_6_2_0_SLHC12
>>> (WORKING_DIR): 
>>> current directory content:
total 10536
drwxr-xr-x 3 cms021 cms    4096 Jun 18 00:48 .SCRAM
-rw------- 1 cms021 cms 3740398 Jun 18 00:48 CMSSW.py.pkl
drwxr-xr-x 3 cms021 cms    4096 Jun 18 00:48 bin
drwxr-xr-x 3 cms021 cms    4096 Jun 18 00:48 cfipython
drwxr-xr-x 4 cms021 cms    4096 Jun 18 00:48 config
-rw------- 1 cms021 cms      16 Jun 18 00:53 cpu_timing.txt
drwxr-xr-x 2 cms021 cms    4096 Jun 18 00:48 doc
-rw------- 1 cms021 cms    9925 Jun 18 00:53 executable.out
drwxr-xr-x 2 cms021 cms    4096 Jun 18 00:48 include
drwx------ 3 cms021 cms    4096 Apr 28 18:12 lib
drwxr-xr-x 3 cms021 cms    4096 Jun 18 00:48 logs
drwxr-xr-x 3 cms021 cms    4096 Jun 18 00:48 objs
-rw------- 1 cms021 cms     104 Jun 18 00:48 pset.py
-rw------- 1 cms021 cms 3712313 Jun 18 00:48 pset.py.pkl
-rw------- 1 cms021 cms     289 Jun 18 00:48 pset.pyc
drwxr-xr-x 2 cms021 cms    4096 Jun 18 00:48 python
-rw------- 1 cms021 cms     404 Jun 18 00:53 report.log
drwx------ 6 cms021 cms    4096 Jun 18 00:47 src
drwxr-xr-x 3 cms021 cms    4096 Jun 18 00:48 test
drwxr-xr-x 3 cms021 cms    4096 Jun 18 00:48 tmp
-rw------- 1 cms021 cms 3233064 Jun 18 00:53 validationEDM.root
>>> current directory /home/cms021/home_cream_721084150/CREAM721084150/glide_Iesb9H/execute/dir_22047/CMSSW_6_2_0_SLHC12
>>> (SOFTWARE_DIR): /home/cms021/home_cream_721084150/CREAM721084150/glide_Iesb9H/execute/dir_22047/CMSSW_6_2_0_SLHC12
>>> (WORKING_DIR): 
>>> current directory content:
total 10536
drwxr-xr-x 3 cms021 cms    4096 Jun 18 00:48 .SCRAM
-rw------- 1 cms021 cms 3740398 Jun 18 00:48 CMSSW.py.pkl
drwxr-xr-x 3 cms021 cms    4096 Jun 18 00:48 bin
drwxr-xr-x 3 cms021 cms    4096 Jun 18 00:48 cfipython
drwxr-xr-x 4 cms021 cms    4096 Jun 18 00:48 config
-rw------- 1 cms021 cms      16 Jun 18 00:53 cpu_timing.txt
drwxr-xr-x 2 cms021 cms    4096 Jun 18 00:48 doc
-rw------- 1 cms021 cms    9925 Jun 18 00:53 executable.out
drwxr-xr-x 2 cms021 cms    4096 Jun 18 00:48 include
drwx------ 3 cms021 cms    4096 Apr 28 18:12 lib
drwxr-xr-x 3 cms021 cms    4096 Jun 18 00:48 logs
drwxr-xr-x 3 cms021 cms    4096 Jun 18 00:48 objs
-rw------- 1 cms021 cms     104 Jun 18 00:48 pset.py
-rw------- 1 cms021 cms 3712313 Jun 18 00:48 pset.py.pkl
-rw------- 1 cms021 cms     289 Jun 18 00:48 pset.pyc
drwxr-xr-x 2 cms021 cms    4096 Jun 18 00:48 python
-rw------- 1 cms021 cms     404 Jun 18 00:53 report.log
drwx------ 6 cms021 cms    4096 Jun 18 00:47 src
drwxr-xr-x 3 cms021 cms    4096 Jun 18 00:48 test
drwxr-xr-x 3 cms021 cms    4096 Jun 18 00:48 tmp
-rw------- 1 cms021 cms 3233064 Jun 18 00:53 validationEDM_8_1_YF0.root
>>> current directory (RUNTIME_AREA):  /home/cms021/home_cream_721084150/CREAM721084150/glide_Iesb9H/execute/dir_22047
SE = storm-se-01.ba.infn.it
SE_PATH = /srm/managerv2?SFN=//cms/store/user/calabria/calabria_SingleMuPt50_GEN-SIM-DIGI-RECO_CMSSW_6_2_0_SLHC12_2023Scenario_Case4/calabria_MuMinus50_GEN-SIM-DIGI-RECO_CMSSW_6_2_0_SLHC12_2023Scenario_VALNOPU2_Case4/5854dd31cbd3cdec44c48628cc181cf0/
LFNBaseName = /store/user/calabria/calabria_SingleMuPt50_GEN-SIM-DIGI-RECO_CMSSW_6_2_0_SLHC12_2023Scenario_Case4/calabria_MuMinus50_GEN-SIM-DIGI-RECO_CMSSW_6_2_0_SLHC12_2023Scenario_VALNOPU2_Case4/5854dd31cbd3cdec44c48628cc181cf0/
USER = calabria
endpoint = srm://storm-se-01.ba.infn.it:8444/srm/managerv2?SFN=//cms/store/user/calabria/calabria_SingleMuPt50_GEN-SIM-DIGI-RECO_CMSSW_6_2_0_SLHC12_2023Scenario_Case4/calabria_MuMinus50_GEN-SIM-DIGI-RECO_CMSSW_6_2_0_SLHC12_2023Scenario_VALNOPU2_Case4/5854dd31cbd3cdec44c48628cc181cf0/
>>> Copy output files from WN = alicegrid64.ba.infn.it to /srm/managerv2?SFN=//cms/store/user/calabria/calabria_SingleMuPt50_GEN-SIM-DIGI-RECO_CMSSW_6_2_0_SLHC12_2023Scenario_Case4/calabria_MuMinus50_GEN-SIM-DIGI-RECO_CMSSW_6_2_0_SLHC12_2023Scenario_VALNOPU2_Case4/5854dd31cbd3cdec44c48628cc181cf0/ :
python cmscp.py  --destination srm://storm-se-01.ba.infn.it:8444/srm/managerv2?SFN=//cms/store/user/calabria/calabria_SingleMuPt50_GEN-SIM-DIGI-RECO_CMSSW_6_2_0_SLHC12_2023Scenario_Case4/calabria_MuMinus50_GEN-SIM-DIGI-RECO_CMSSW_6_2_0_SLHC12_2023Scenario_VALNOPU2_Case4/5854dd31cbd3cdec44c48628cc181cf0/ --inputFileList /home/cms021/home_cream_721084150/CREAM721084150/glide_Iesb9H/execute/dir_22047/CMSSW_6_2_0_SLHC12/validationEDM_8_1_YF0.root --middleware LCG --se_name storm-se-01.ba.infn.it --for_lfn /store/user/calabria/calabria_SingleMuPt50_GEN-SIM-DIGI-RECO_CMSSW_6_2_0_SLHC12_2023Scenario_Case4/calabria_MuMinus50_GEN-SIM-DIGI-RECO_CMSSW_6_2_0_SLHC12_2023Scenario_VALNOPU2_Case4/5854dd31cbd3cdec44c48628cc181cf0/    
******************************************************
localSeName  =  storm-se-01.ba.infn.it
remoteSeName =  storm-se-01.ba.infn.it
******************************************************
{"/home/cms021/home_cream_721084150/CREAM721084150/glide_Iesb9H/execute/dir_22047/CMSSW_6_2_0_SLHC12/validationEDM_8_1_YF0.root": {"endpoint": "srm://storm-se-01.ba.infn.it:8444/srm/managerv2?SFN=//cms/store/user/calabria/calabria_SingleMuPt50_GEN-SIM-DIGI-RECO_CMSSW_6_2_0_SLHC12_2023Scenario_Case4/calabria_MuMinus50_GEN-SIM-DIGI-RECO_CMSSW_6_2_0_SLHC12_2023Scenario_VALNOPU2_Case4/5854dd31cbd3cdec44c48628cc181cf0/", "surl_for_grid": "", "reason": "Copy succedeed with srm-lcg utils", "erCode": "0", "se_name": "storm-se-01.ba.infn.it", "for_lfn": "/store/user/calabria/calabria_SingleMuPt50_GEN-SIM-DIGI-RECO_CMSSW_6_2_0_SLHC12_2023Scenario_Case4/calabria_MuMinus50_GEN-SIM-DIGI-RECO_CMSSW_6_2_0_SLHC12_2023Scenario_VALNOPU2_Case4/5854dd31cbd3cdec44c48628cc181cf0/"}}/home/cms021/home_cream_721084150/CREAM721084150/glide_Iesb9H/execute/dir_22047
-------- cat /home/cms021/home_cream_721084150/CREAM721084150/glide_Iesb9H/execute/dir_22047/cmscpReport.sh 
#!/bin/bash
echo "Report for File: /home/cms021/home_cream_721084150/CREAM721084150/glide_Iesb9H/execute/dir_22047/CMSSW_6_2_0_SLHC12/validationEDM_8_1_YF0.root"
echo "LFN: /store/user/calabria/calabria_SingleMuPt50_GEN-SIM-DIGI-RECO_CMSSW_6_2_0_SLHC12_2023Scenario_Case4/calabria_MuMinus50_GEN-SIM-DIGI-RECO_CMSSW_6_2_0_SLHC12_2023Scenario_VALNOPU2_Case4/5854dd31cbd3cdec44c48628cc181cf0/validationEDM_8_1_YF0.root"
echo "StorageElement: storm-se-01.ba.infn.it"
echo "StageOutExitStatusReason = 'Copy succedeed with srm-lcg utils'" | tee -a $RUNTIME_AREA/$repo
echo "StageOutSE = storm-se-01.ba.infn.it" >> $RUNTIME_AREA/$repo

export StageOutExitStatus=0
echo "StageOutExitStatus = 0" | tee -a $RUNTIME_AREA/$repo
-------- end of /home/cms021/home_cream_721084150/CREAM721084150/glide_Iesb9H/execute/dir_22047/cmscpReport.sh 
Report for File: /home/cms021/home_cream_721084150/CREAM721084150/glide_Iesb9H/execute/dir_22047/CMSSW_6_2_0_SLHC12/validationEDM_8_1_YF0.root
LFN: /store/user/calabria/calabria_SingleMuPt50_GEN-SIM-DIGI-RECO_CMSSW_6_2_0_SLHC12_2023Scenario_Case4/calabria_MuMinus50_GEN-SIM-DIGI-RECO_CMSSW_6_2_0_SLHC12_2023Scenario_VALNOPU2_Case4/5854dd31cbd3cdec44c48628cc181cf0/validationEDM_8_1_YF0.root
StorageElement: storm-se-01.ba.infn.it
StageOutExitStatusReason = 'Copy succedeed with srm-lcg utils'
StageOutExitStatus = 0
>>> current dir: /home/cms021/home_cream_721084150/CREAM721084150/glide_Iesb9H/execute/dir_22047
>>> current dir content:
total 28080
-rw-------  1 cms021 cms     2776 Jun 18 00:54 .SEinteraction.log
-rwx------  1 cms021 cms     6810 Jun 18 00:47 .job.ad
-rwx------  1 cms021 cms     9463 Jun 18 00:47 .machine.ad
-rw-------  1 cms021 cms      105 Jun 16 20:50 CMSSW.py
-rw-------  1 cms021 cms  3740398 Jun 16 20:50 CMSSW.py.pkl
-rwx------  1 cms021 cms    29556 Jun 18 00:47 CMSSW.sh
drwxr-xr-x 15 cms021 cms     4096 Jun 18 00:54 CMSSW_6_2_0_SLHC12
-rw-------  1 cms021 cms      220 Jun 18 00:48 CacheEnv.sh
-rw-------  1 cms021 cms     7291 Apr  4 11:04 DashboardAPI.py
-rw-------  1 cms021 cms     6815 Jun 18 00:48 DashboardAPI.pyc
drwx------  2 cms021 cms     4096 Jun 18 00:53 IMProv
-rw-------  1 cms021 cms     2748 Apr  4 11:04 Logger.py
-rw-------  1 cms021 cms     3347 Jun 18 00:48 Logger.pyc
-rw-------  1 cms021 cms    24524 Apr  4 11:04 ProcInfo.py
-rw-------  1 cms021 cms    23197 Jun 18 00:48 ProcInfo.pyc
drwx------  7 cms021 cms     4096 Jun 18 00:48 ProdCommon
drwx------  3 cms021 cms     4096 Jun 18 00:47 WMCore
-rw-------  1 cms021 cms     2513 Jun 18 00:54 Watchdog_8.log
-rwx------  1 cms021 cms        0 Jun 18 00:47 _condor_stderr
-rwx---r--  1 cms021 cms    29409 Jun 18 00:54 _condor_stdout
-rw-------  1 cms021 cms    32895 Apr  4 11:04 apmon.py
-rw-------  1 cms021 cms    28625 Jun 18 00:48 apmon.pyc
-rwx------  1 cms021 cms    53478 Jun 18 00:47 arguments.xml
-rwx------  1 cms021 cms    38515 Apr  4 11:04 cmscp.py
-rw-------  1 cms021 cms      716 Jun 18 00:54 cmscpReport.sh
-rwx------  1 cms021 cms    29556 Jun 18 00:47 condor_exec.exe
-rw-------  1 cms021 cms      958 Jun 16 20:50 crab.cfg
-rwx------  1 cms021 cms     8610 Apr  4 11:04 crabWatchdog.sh
-rwx---r--  1 cms021 cms   523265 Jun 18 00:53 crab_fjr_8.xml
-rwx------  1 cms021 cms 23957686 Jun 18 00:47 default.tgz
-rwx------  1 cms021 cms     4488 Apr  4 11:04 fillCrabFjr.py
-rw-------  1 cms021 cms     2629 Jun 18 00:48 inputsReport.txt
-rw-------  1 cms021 cms      259 Jun 18 00:54 jobreport.txt
-rw-------  1 cms021 cms    17352 Apr  4 11:04 parseCrabFjr.py
-rw-------  1 cms021 cms      329 Jun 18 00:47 report.log
-rwx--x--x  1 cms021 cms     1497 Apr  4 11:04 report.py
-rw-------  1 cms021 cms      771 Jun 18 00:54 resultCopyFile
lrwxrwxrwx  1 cms021 cms      125 Jun 18 00:54 validationEDM.root -> /home/cms021/home_cream_721084150/CREAM721084150/glide_Iesb9H/execute/dir_22047/CMSSW_6_2_0_SLHC12/validationEDM_8_1_YF0.root
-rwx------  1 cms021 cms     8387 Apr  4 11:04 writeCfg.py
-rw-------  1 cms021 cms     8006 Jun 18 00:47 x509up_u50707
>>> Modify Job Report:
CMSSW_VERSION = CMSSW_6_2_0_SLHC12
ProcessedDataset = calabria_MuMinus50_GEN-SIM-DIGI-RECO_CMSSW_6_2_0_SLHC12_2023Scenario_VALNOPU2_Case4
/home/cms021/home_cream_721084150/CREAM721084150/glide_Iesb9H/execute/dir_22047/ProdCommon/FwkJobRep/ModifyJobReport.py fjr /home/cms021/home_cream_721084150/CREAM721084150/glide_Iesb9H/execute/dir_22047/crab_fjr_8.xml json /home/cms021/home_cream_721084150/CREAM721084150/glide_Iesb9H/execute/dir_22047/resultCopyFile n_job 8_1_YF0 PrimaryDataset calabria_SingleMuPt50_GEN-SIM-DIGI-RECO_CMSSW_6_2_0_SLHC12_2023Scenario_Case4  ApplicationFamily cmsRun ApplicationName cmsRun cmssw_version CMSSW_6_2_0_SLHC12 psethash 5854dd31cbd3cdec44c48628cc181cf0 UserProcessedDataset calabria-calabria_MuMinus50_GEN-SIM-DIGI-RECO_CMSSW_6_2_0_SLHC12_2023Scenario_VALNOPU2_Case4-5854dd31cbd3cdec44c48628cc181cf0
inputDict =  {u'/home/cms021/home_cream_721084150/CREAM721084150/glide_Iesb9H/execute/dir_22047/CMSSW_6_2_0_SLHC12/validationEDM_8_1_YF0.root': {u'endpoint': u'srm://storm-se-01.ba.infn.it:8444/srm/managerv2?SFN=//cms/store/user/calabria/calabria_SingleMuPt50_GEN-SIM-DIGI-RECO_CMSSW_6_2_0_SLHC12_2023Scenario_Case4/calabria_MuMinus50_GEN-SIM-DIGI-RECO_CMSSW_6_2_0_SLHC12_2023Scenario_VALNOPU2_Case4/5854dd31cbd3cdec44c48628cc181cf0/', u'surl_for_grid': u'', u'reason': u'Copy succedeed with srm-lcg utils', u'erCode': u'0', u'se_name': u'storm-se-01.ba.infn.it', u'for_lfn': u'/store/user/calabria/calabria_SingleMuPt50_GEN-SIM-DIGI-RECO_CMSSW_6_2_0_SLHC12_2023Scenario_Case4/calabria_MuMinus50_GEN-SIM-DIGI-RECO_CMSSW_6_2_0_SLHC12_2023Scenario_VALNOPU2_Case4/5854dd31cbd3cdec44c48628cc181cf0/'}}
UserProcessedDataset =  calabria-calabria_MuMinus50_GEN-SIM-DIGI-RECO_CMSSW_6_2_0_SLHC12_2023Scenario_VALNOPU2_Case4-5854dd31cbd3cdec44c48628cc181cf0
file_name in inputDict =  /home/cms021/home_cream_721084150/CREAM721084150/glide_Iesb9H/execute/dir_22047/CMSSW_6_2_0_SLHC12/validationEDM_8_1_YF0.root
(size) os.stat(filename)[6] =  3233064
checksum =  810314113
    file =  validationEDM_8_1_YF0.root
    newPfn =  srm://storm-se-01.ba.infn.it:8444/srm/managerv2?SFN=//cms/store/user/calabria/calabria_SingleMuPt50_GEN-SIM-DIGI-RECO_CMSSW_6_2_0_SLHC12_2023Scenario_Case4/calabria_MuMinus50_GEN-SIM-DIGI-RECO_CMSSW_6_2_0_SLHC12_2023Scenario_VALNOPU2_Case4/5854dd31cbd3cdec44c48628cc181cf0/validationEDM_8_1_YF0.root
    newLfn =  /store/user/calabria/calabria_SingleMuPt50_GEN-SIM-DIGI-RECO_CMSSW_6_2_0_SLHC12_2023Scenario_Case4/calabria_MuMinus50_GEN-SIM-DIGI-RECO_CMSSW_6_2_0_SLHC12_2023Scenario_VALNOPU2_Case4/5854dd31cbd3cdec44c48628cc181cf0/validationEDM_8_1_YF0.root
>>> crab_fjr_*.xml  permission set to 0704
CrabWrapper EXIT_FUNC entered at Wed Jun 18 00:54:52 CEST 2014   -  Tue Jun 17 22:54:52 UTC 2014
Checking output files:  
will tar file crab_fjr_8.xml in  out_files_8
WARNING: output file CMSSW_8.stdout not found!
WARNING: output file CMSSW_8.stderr not found!
WARNING: output file Watchdog_8.log.gz not found!
>>> padding time: Sleeping the wrapper for 183 seconds
STOPPING WATCHDOG. CrabWatchdog PID is 23333
********** LAST 50 LINES OF WATCHDOG LOG
# RESOURCE USAGE SUMMARY FOR PROCESS ID 22566
USER       PID %CPU %MEM    VSZ   RSS TTY      STAT START   TIME COMMAND
cms021   22566  0.5  0.0   9500  1596 ?        S    00:47   0:00 /bin/sh /home/cms021/home_cream_721084150/CREAM721084150/glide_Iesb9H/execute/dir_22047/condor_exec.exe 8 1
 
# LIMITS USED BY CRAB WATCHDOG:
# RSS  (KBytes)   : 2300000
# VSZ  (KBytes)   : 100000000
# DISK (MBytes)   : 19000
# CPU TIME        : 720h:0m:0s
# WALL CLOCK TIME : 21h:50m:0s
 
# FOLLOWING PRINTOUT TRACKS MAXIMUM VALUES OF RESOURCES USE
# ONE LINE IS PRINTED EACH TIME A MAXIMUM CHANGES
# IF CHANGE WAS IN RSS OR VSZ ALSO PROCID AND COMMAND ARE PRINTED
# THERE IS NO PRINTOUT FOR CPU/WALL TIME INCREASE
 
# TIME			PID	RSS(KB)	VSZ(KB)	Dsk(MB)	tCPU(s)	tWALL(s)	COMMAND
 Jun 18 00:48:02 CEST	11542	1256	106092	0	0	1	sh -c "./glidein_startup.sh" -v std -name v3_0 -entry CMS_T2_IT_Bari_ce2 -clientname UCSD-v1_0.main
 Jun 18 00:48:02 CEST	11547	1772	106492	0	0	1	/bin/bash ./glidein_startup.sh -v std -name v3_0 -entry CMS_T2_IT_Bari_ce2 -clientname UCSD-v1_0.main -schedd
 Jun 18 00:48:02 CEST	21693	8012	106492	0	0	1	/home/cms021/home_cream_721084150/CREAM721084150/glide_Iesb9H/main/condor/sbin/condor_master -f -pidfile /home/cms021/home_cream_721084150/CREAM721084150/glide_Iesb9H/condor_master2.pid       
 Jun 18 00:48:02 CEST	21699	8696	106492	0	0	1	condor_startd -f         
 Jun 18 00:48:02 CEST	23363	43632	106492	0	0	1	edmConfigHash pset.py         
 Jun 18 00:48:02 CEST	---	43632	106492	171	----	----	----
 Jun 18 00:49:03 CEST	24912	715348	981696	171	35	62	cmsRun -j /home/cms021/home_cream_721084150/CREAM721084150/glide_Iesb9H/execute/dir_22047/crab_fjr_8.xml -p pset.py      
 Jun 18 00:49:03 CEST	---	715348	981696	175	----	----	----
 Jun 18 00:50:04 CEST	24912	737252	1004224	175	86	123	cmsRun -j /home/cms021/home_cream_721084150/CREAM721084150/glide_Iesb9H/execute/dir_22047/crab_fjr_8.xml -p pset.py      
 Jun 18 00:51:05 CEST	24912	737252	1012672	175	135	184	cmsRun -j /home/cms021/home_cream_721084150/CREAM721084150/glide_Iesb9H/execute/dir_22047/crab_fjr_8.xml -p pset.py      
 Jun 18 00:52:06 CEST	24912	737252	1021632	175	184	245	cmsRun -j /home/cms021/home_cream_721084150/CREAM721084150/glide_Iesb9H/execute/dir_22047/crab_fjr_8.xml -p pset.py      
 Jun 18 00:53:07 CEST	24912	737252	1030848	175	232	306	cmsRun -j /home/cms021/home_cream_721084150/CREAM721084150/glide_Iesb9H/execute/dir_22047/crab_fjr_8.xml -p pset.py      
 Jun 18 00:54:08 CEST	---	737252	1030848	179	----	----	----
********** WATCHDOG LOG ENDED
ZIPPING WATCHDOG LOG
Disk space used:
du -sh /home/cms021/home_cream_721084150/CREAM721084150/glide_Iesb9H/execute/dir_22047
179M	/home/cms021/home_cream_721084150/CREAM721084150/glide_Iesb9H/execute/dir_22047
Found unusual stdout, rename for OSB
`/home/cms021/home_cream_721084150/CREAM721084150/glide_Iesb9H/execute/dir_22047/_condor_stdout' -> `CMSSW_8.stdout'
Found unusual stderr, rename for OSB
`/home/cms021/home_cream_721084150/CREAM721084150/glide_Iesb9H/execute/dir_22047/_condor_stdout' -> `CMSSW_8.stderr'
crab_fjr_8.xml
CMSSW_8.stdout
CMSSW_8.stderr
Watchdog_8.log.gz
Total Output dimension: 70015
WARNING: output files size limit is set to: 50000000
Total Output dimension 70015 is fine.
JOB_EXIT_STATUS = 0
>>> info for dashboard:
***** Cat /home/cms021/home_cream_721084150/CREAM721084150/glide_Iesb9H/execute/dir_22047/jobreport.txt *****
MonitorJobID=8_https://submit-4.t2.ucsd.edu//140616//222485.7
MonitorID=calabria_MuMinus50_Case4_ReReco_fa2s89
ExeTime=335
ExeExitCode=0
StageOutExitStatusReason = 'Copy succedeed with srm-lcg utils'
StageOutSE = storm-se-01.ba.infn.it
StageOutExitStatus = 0
CrabUserCpuTime=268.48
CrabSysCpuTime=6.20
CrabCpuPercentage=82%
CrabWrapperTime=600
CrabStageoutTime=48
JobExitCode=0
***** End Cat jobreport *****
Parameters sent to Dashboard.
EXITING at Wed Jun 18 00:58:01 CEST 2014  -  Tue Jun 17 22:58:01 UTC 2014
