This script was generated by crab (version 2.10.5_patch1).
Running /home/cms037/home_cream_780819192/CREAM780819192/glide_OVOA32/execute/dir_10170/condor_exec.exe with 2 positional parameters: 12 1
Today is Wed Jun 18 00:48:03 CEST 2014 - Tue Jun 17 22:48:03 UTC 2014
Job submitted on host pccms118.ba.infn.it
Linux pccms118.ba.infn.it 2.6.32-358.23.2.el6.x86_64 #1 SMP Thu Oct 17 10:27:22 CEST 2013 x86_64 x86_64 x86_64 GNU/Linux
>>> current directory (RUNTIME_AREA): /home/cms037/home_cream_780819192/CREAM780819192/glide_OVOA32/execute/dir_10170
>>> current user: uid=18594(cms037) gid=1399(cms) groups=1399(cms)
>>> directory permission set to 0700
>>> umask set to:  u=rwx,g=,o=
>>> stdout stderr permission set to 0704
>>> voms proxy information:
subject   : /C=IT/O=INFN/OU=Personal Certificate/L=Bari/CN=Cesare Calabria/CN=477126703/CN=655289392
issuer    : /C=IT/O=INFN/OU=Personal Certificate/L=Bari/CN=Cesare Calabria/CN=477126703
identity  : /C=IT/O=INFN/OU=Personal Certificate/L=Bari/CN=Cesare Calabria
type      : RFC3820 compliant limited proxy
strength  : 1024
path      : /home/cms037/home_cream_780819192/CREAM780819192/glide_OVOA32/execute/dir_10170/x509up_u50707
timeleft  : 23:59:49
key usage : Digital Signature, Key Encipherment, Data Encipherment
=== VO cms extension information ===
VO        : cms
subject   : /C=IT/O=INFN/OU=Personal Certificate/L=Bari/CN=Cesare Calabria
issuer    : /DC=ch/DC=cern/OU=computers/CN=voms.cern.ch
attribute : /cms/Role=NULL/Capability=NULL
attribute : /cms/itcms/Role=NULL/Capability=NULL
timeleft  : 154:36:16
uri       : voms.cern.ch:15002

WNHostName=pccms118.ba.infn.it
>>> tar --no-same-permissions -xf /home/cms037/home_cream_780819192/CREAM780819192/glide_OVOA32/execute/dir_10170/default.tgz :
Successful untar
>>> Include /home/cms037/home_cream_780819192/CREAM780819192/glide_OVOA32/execute/dir_10170 in PYTHONPATH:
strip arguments
env var CRAB_UNIQUE_JOB_ID set to: calabria_MuMinus50_Case4_ReReco_fa2s89_12_1_MvZ
out_files_12
>>> list of expected files on output sandbox
output files: crab_fjr_12.xml CMSSW_12.stdout CMSSW_12.stderr Watchdog_12.log.gz
>>> GridFlavour discovery: 
GridFlavour=LCG
>>> SyncSite discovery: 
SyncSite=T2_IT_Bari
>>> SyncCE discovery: 
getting SyncCE from CE_ID
SyncCE=cream-ce-4.ba.infn.it:8443/cream-pbs-cms
>>> info for dashboard:
***** Cat /home/cms037/home_cream_780819192/CREAM780819192/glide_OVOA32/execute/dir_10170/jobreport.txt *****
WNHostName=pccms118.ba.infn.it
MonitorJobID=12_https://submit-4.t2.ucsd.edu//140616//222485.11
SyncGridJobId=https://submit-4.t2.ucsd.edu//140616//222485.11
MonitorID=calabria_MuMinus50_Case4_ReReco_fa2s89
GridFlavour=LCG
SyncSite=T2_IT_Bari
SyncCE=cream-ce-4.ba.infn.it:8443/cream-pbs-cms
***** End Cat jobreport *****
Parameters sent to Dashboard.
>>> setup environment
set SCRAM ARCH to slc5_amd64_gcc472
SCRAM_ARCH = slc5_amd64_gcc472
>>> setup CMS LCG environment:
set SCRAM ARCH and BUILD_ARCH to slc5_amd64_gcc472 ###
Sourcing environment... 
sourcing /cvmfs/cms.cern.ch/cmsset_default.sh
==> setup cms environment ok
>>> specific cmssw setup environment:
CMSSW_VERSION =  CMSSW_6_2_0_SLHC12
>>> current directory (SOFTWARE_DIR): /home/cms037/home_cream_780819192/CREAM780819192/glide_OVOA32/execute/dir_10170/CMSSW_6_2_0_SLHC12
PreserveSeeds: <>
IncrementSeeds:<>
>>> info for dashboard:
***** Cat /home/cms037/home_cream_780819192/CREAM780819192/glide_OVOA32/execute/dir_10170/jobreport.txt *****
MonitorJobID=12_https://submit-4.t2.ucsd.edu//140616//222485.11
MonitorID=calabria_MuMinus50_Case4_ReReco_fa2s89
***** End Cat jobreport *****
Parameters sent to Dashboard.
crabWatchdog started as process 10972
>>> moving CMSSW software directories in /home/cms037/home_cream_780819192/CREAM780819192/glide_OVOA32/execute/dir_10170/CMSSW_6_2_0_SLHC12
mv: cannot stat `/home/cms037/home_cream_780819192/CREAM780819192/glide_OVOA32/execute/dir_10170/module/': No such file or directory
>>> Include /home/cms037/home_cream_780819192/CREAM780819192/glide_OVOA32/execute/dir_10170 in PYTHONPATH:
PYTHONPATH=/home/cms037/home_cream_780819192/CREAM780819192/glide_OVOA32/execute/dir_10170/:/home/cms037/home_cream_780819192/CREAM780819192/glide_OVOA32/execute/dir_10170/CMSSW_6_2_0_SLHC12/python:/home/cms037/home_cream_780819192/CREAM780819192/glide_OVOA32/execute/dir_10170/CMSSW_6_2_0_SLHC12/lib/slc5_amd64_gcc472:/cvmfs/cms.cern.ch/slc5_amd64_gcc472/cms/cmssw/CMSSW_6_2_0_SLHC12/python:/cvmfs/cms.cern.ch/slc5_amd64_gcc472/cms/cmssw/CMSSW_6_2_0_SLHC12/lib/slc5_amd64_gcc472:/cvmfs/cms.cern.ch/slc5_amd64_gcc472/cms/coral/CORAL_2_3_21-cms36/slc5_amd64_gcc472/python:/cvmfs/cms.cern.ch/slc5_amd64_gcc472/cms/coral/CORAL_2_3_21-cms36/slc5_amd64_gcc472/lib:/cvmfs/cms.cern.ch/slc5_amd64_gcc472/external/pyqt/4.8.1-cms6/lib/python2.7/site-packages:/cvmfs/cms.cern.ch/slc5_amd64_gcc472/external/py2-scipy/0.8.0-cms8/lib/python2.7/site-packages:/cvmfs/cms.cern.ch/slc5_amd64_gcc472/external/py2-matplotlib/1.0.1-cms8/lib/python2.7/site-packages:/cvmfs/cms.cern.ch/slc5_amd64_gcc472/external/python-ldap/2.3.5-cms6/lib/python2.7/site-packages:/cvmfs/cms.cern.ch/slc5_amd64_gcc472/external/sip/4.11.2-cms6/lib/python2.7/site-packages:/cvmfs/cms.cern.ch/slc5_amd64_gcc472/external/py2-pycurl/7.19.0-cms8/lib/python2.7/site-packages:/cvmfs/cms.cern.ch/slc5_amd64_gcc472/external/py2-numpy/1.6.1-cms8/lib/python2.7/site-packages:/cvmfs/cms.cern.ch/slc5_amd64_gcc472/external/py2-lint/0.25.1-cms6/lib/python2.7/site-packages:/cvmfs/cms.cern.ch/slc5_amd64_gcc472/external/py2-ipython/0.10-cms6/lib/python2.7/site-packages:/cvmfs/cms.cern.ch/slc5_amd64_gcc472/external/py2-cx-oracle/5.1-cms7/lib/python2.7/site-packages:/cvmfs/cms.cern.ch/slc5_amd64_gcc472/external/py2-cjson/1.0.5-cms6/lib/python2.7/site-packages:/cvmfs/cms.cern.ch/slc5_amd64_gcc472/cms/das-client/1.11.7/bin:/cvmfs/cms.cern.ch/slc5_amd64_gcc472/external/elementtree/1.2.6-cms6/share/lib/python2.7/site-packages:/cvmfs/cms.cern.ch/slc5_amd64_gcc472/external/rivet/1.8.2-cms8/lib/python2.7/site-packages:/cvmfs/cms.cern.ch/slc5_amd64_gcc472/external/pyminuit2/0.0.1-cms19/lib/python2.7/site-packages:/cvmfs/cms.cern.ch/slc5_amd64_gcc472/external/py2-pygithub/1.23.0/lib/python2.7/site-packages:/cvmfs/cms.cern.ch/slc5_amd64_gcc472/external/professor/1.0.0-cms19/lib/python2.7/site-packages:/cvmfs/cms.cern.ch/slc5_amd64_gcc472/lcg/root/5.34.07-cms/lib:/cvmfs/cms.cern.ch/slc5_amd64_gcc472/cms/dbs-client/DBS_2_1_9-cms5/lib:/cvmfs/cms.cern.ch/slc5_amd64_gcc472/cms/dbs-client/DBS_2_1_9-cms5/lib/DBSAPI:/cvmfs/cms.cern.ch/slc5_amd64_gcc472/external/cvs2git/5419-cms/lib:/home/cms037/home_cream_780819192/CREAM780819192/glide_OVOA32/execute/dir_10170/
 
# LIMITS USED BY CRAB WATCHDOG:
# RSS  (KBytes)   : 2300000
# VSZ  (KBytes)   : 100000000
# DISK (MBytes)   : 19000
# CPU TIME        : 720h:0m:0s
# WALL CLOCK TIME : 21h:50m:0s
 
5854dd31cbd3cdec44c48628cc181cf0
PSETHASH = 5854dd31cbd3cdec44c48628cc181cf0
/home/cms037/home_cream_780819192/CREAM780819192/glide_OVOA32/execute/dir_10170/writeCfg.py pset.py pset.py
Importing .py file
Setting parameters
RandomNumberGeneratorService found, will attempt to change seeds
inputBlocks=/calabria_SingleMuPt50_GEN-SIM-DIGI-RECO_CMSSW_6_2_0_SLHC12_2023Scenario_Case4/calabria-calabria_SingleMuPt50_GEN-SIM-DIGI-RECO_CMSSW_6_2_0_SLHC12_2023Scenario_Case4-cd3731874e2e70f741b687550e03a01f/USER#5b86bf7f-d613-4389-8c1d-a0d329504ef9
inputFiles=/store/user/calabria/calabria_SingleMuPt50_GEN-SIM-DIGI-RECO_CMSSW_6_2_0_SLHC12_2023Scenario_Case4/calabria_SingleMuPt50_GEN-SIM-DIGI-RECO_CMSSW_6_2_0_SLHC12_2023Scenario_Case4/cd3731874e2e70f741b687550e03a01f/out_reco_234_6_tzA.root;/store/user/calabria/calabria_SingleMuPt50_GEN-SIM-DIGI-RECO_CMSSW_6_2_0_SLHC12_2023Scenario_Case4/calabria_SingleMuPt50_GEN-SIM-DIGI-RECO_CMSSW_6_2_0_SLHC12_2023Scenario_Case4/cd3731874e2e70f741b687550e03a01f/out_reco_235_6_Z0F.root;/store/user/calabria/calabria_SingleMuPt50_GEN-SIM-DIGI-RECO_CMSSW_6_2_0_SLHC12_2023Scenario_Case4/calabria_SingleMuPt50_GEN-SIM-DIGI-RECO_CMSSW_6_2_0_SLHC12_2023Scenario_Case4/cd3731874e2e70f741b687550e03a01f/out_reco_236_6_akf.root;/store/user/calabria/calabria_SingleMuPt50_GEN-SIM-DIGI-RECO_CMSSW_6_2_0_SLHC12_2023Scenario_Case4/calabria_SingleMuPt50_GEN-SIM-DIGI-RECO_CMSSW_6_2_0_SLHC12_2023Scenario_Case4/cd3731874e2e70f741b687550e03a01f/out_reco_237_6_KHh.root;/store/user/calabria/calabria_SingleMuPt50_GEN-SIM-DIGI-RECO_CMSSW_6_2_0_SLHC12_2023Scenario_Case4/calabria_SingleMuPt50_GEN-SIM-DIGI-RECO_CMSSW_6_2_0_SLHC12_2023Scenario_Case4/cd3731874e2e70f741b687550e03a01f/out_reco_238_6_ZCy.root;/store/user/calabria/calabria_SingleMuPt50_GEN-SIM-DIGI-RECO_CMSSW_6_2_0_SLHC12_2023Scenario_Case4/calabria_SingleMuPt50_GEN-SIM-DIGI-RECO_CMSSW_6_2_0_SLHC12_2023Scenario_Case4/cd3731874e2e70f741b687550e03a01f/out_reco_239_6_H6z.root;/store/user/calabria/calabria_SingleMuPt50_GEN-SIM-DIGI-RECO_CMSSW_6_2_0_SLHC12_2023Scenario_Case4/calabria_SingleMuPt50_GEN-SIM-DIGI-RECO_CMSSW_6_2_0_SLHC12_2023Scenario_Case4/cd3731874e2e70f741b687550e03a01f/out_reco_240_6_kJV.root;/store/user/calabria/calabria_SingleMuPt50_GEN-SIM-DIGI-RECO_CMSSW_6_2_0_SLHC12_2023Scenario_Case4/calabria_SingleMuPt50_GEN-SIM-DIGI-RECO_CMSSW_6_2_0_SLHC12_2023Scenario_Case4/cd3731874e2e70f741b687550e03a01f/out_reco_242_6_Vz1.root;/store/user/calabria/calabria_SingleMuPt50_GEN-SIM-DIGI-RECO_CMSSW_6_2_0_SLHC12_2023Scenario_Case4/calabria_SingleMuPt50_GEN-SIM-DIGI-RECO_CMSSW_6_2_0_SLHC12_2023Scenario_Case4/cd3731874e2e70f741b687550e03a01f/out_reco_243_6_72k.root;/store/user/calabria/calabria_SingleMuPt50_GEN-SIM-DIGI-RECO_CMSSW_6_2_0_SLHC12_2023Scenario_Case4/calabria_SingleMuPt50_GEN-SIM-DIGI-RECO_CMSSW_6_2_0_SLHC12_2023Scenario_Case4/cd3731874e2e70f741b687550e03a01f/out_reco_246_5_pcZ.root
parentFiles=
lumisRange=
>>> Executable cmsRun
/cvmfs/cms.cern.ch/slc5_amd64_gcc472/cms/cmssw/CMSSW_6_2_0_SLHC12/bin/slc5_amd64_gcc472/cmsRun
ok executable found
>>> info for dashboard:
***** Cat /home/cms037/home_cream_780819192/CREAM780819192/glide_OVOA32/execute/dir_10170/jobreport.txt *****
MonitorJobID=12_https://submit-4.t2.ucsd.edu//140616//222485.11
MonitorID=calabria_MuMinus50_Case4_ReReco_fa2s89
ExeStart=cmsRun
***** End Cat jobreport *****
Parameters sent to Dashboard.
>>> cmsRun started at Tue Jun 17 22:48:21 UTC 2014
>>> cmsRun ended at Tue Jun 17 22:54:25 UTC 2014
>>> crab_fjr_*.xml  permission set to 0704
>>> info for dashboard:
***** Cat /home/cms037/home_cream_780819192/CREAM780819192/glide_OVOA32/execute/dir_10170/jobreport.txt *****
MonitorJobID=12_https://submit-4.t2.ucsd.edu//140616//222485.11
MonitorID=calabria_MuMinus50_Case4_ReReco_fa2s89
ExeEnd=cmsRun
***** End Cat jobreport *****
Parameters sent to Dashboard.
TIME_EXE = 364 sec
>>> cmsRun wrote 50 lines of stdout+stderr
>>> START OF printout of 50 lines from stdout+stderr
271 DQMStore::DQMStore 
HcalTopologyIdealEP::HcalTopologyIdealEP
18-Jun-2014 00:48:38 CEST  Initiating request to open file file:/lustre/cms//store/user/calabria/calabria_SingleMuPt50_GEN-SIM-DIGI-RECO_CMSSW_6_2_0_SLHC12_2023Scenario_Case4/calabria_SingleMuPt50_GEN-SIM-DIGI-RECO_CMSSW_6_2_0_SLHC12_2023Scenario_Case4/cd3731874e2e70f741b687550e03a01f/out_reco_234_6_tzA.root
18-Jun-2014 00:48:41 CEST  Successfully opened file file:/lustre/cms//store/user/calabria/calabria_SingleMuPt50_GEN-SIM-DIGI-RECO_CMSSW_6_2_0_SLHC12_2023Scenario_Case4/calabria_SingleMuPt50_GEN-SIM-DIGI-RECO_CMSSW_6_2_0_SLHC12_2023Scenario_Case4/cd3731874e2e70f741b687550e03a01f/out_reco_234_6_tzA.root
18-Jun-2014 00:49:16 CEST  Closed file file:/lustre/cms//store/user/calabria/calabria_SingleMuPt50_GEN-SIM-DIGI-RECO_CMSSW_6_2_0_SLHC12_2023Scenario_Case4/calabria_SingleMuPt50_GEN-SIM-DIGI-RECO_CMSSW_6_2_0_SLHC12_2023Scenario_Case4/cd3731874e2e70f741b687550e03a01f/out_reco_234_6_tzA.root
18-Jun-2014 00:49:16 CEST  Initiating request to open file file:/lustre/cms//store/user/calabria/calabria_SingleMuPt50_GEN-SIM-DIGI-RECO_CMSSW_6_2_0_SLHC12_2023Scenario_Case4/calabria_SingleMuPt50_GEN-SIM-DIGI-RECO_CMSSW_6_2_0_SLHC12_2023Scenario_Case4/cd3731874e2e70f741b687550e03a01f/out_reco_235_6_Z0F.root
18-Jun-2014 00:49:16 CEST  Successfully opened file file:/lustre/cms//store/user/calabria/calabria_SingleMuPt50_GEN-SIM-DIGI-RECO_CMSSW_6_2_0_SLHC12_2023Scenario_Case4/calabria_SingleMuPt50_GEN-SIM-DIGI-RECO_CMSSW_6_2_0_SLHC12_2023Scenario_Case4/cd3731874e2e70f741b687550e03a01f/out_reco_235_6_Z0F.root
18-Jun-2014 00:49:48 CEST  Closed file file:/lustre/cms//store/user/calabria/calabria_SingleMuPt50_GEN-SIM-DIGI-RECO_CMSSW_6_2_0_SLHC12_2023Scenario_Case4/calabria_SingleMuPt50_GEN-SIM-DIGI-RECO_CMSSW_6_2_0_SLHC12_2023Scenario_Case4/cd3731874e2e70f741b687550e03a01f/out_reco_235_6_Z0F.root
18-Jun-2014 00:49:48 CEST  Initiating request to open file file:/lustre/cms//store/user/calabria/calabria_SingleMuPt50_GEN-SIM-DIGI-RECO_CMSSW_6_2_0_SLHC12_2023Scenario_Case4/calabria_SingleMuPt50_GEN-SIM-DIGI-RECO_CMSSW_6_2_0_SLHC12_2023Scenario_Case4/cd3731874e2e70f741b687550e03a01f/out_reco_236_6_akf.root
18-Jun-2014 00:49:48 CEST  Successfully opened file file:/lustre/cms//store/user/calabria/calabria_SingleMuPt50_GEN-SIM-DIGI-RECO_CMSSW_6_2_0_SLHC12_2023Scenario_Case4/calabria_SingleMuPt50_GEN-SIM-DIGI-RECO_CMSSW_6_2_0_SLHC12_2023Scenario_Case4/cd3731874e2e70f741b687550e03a01f/out_reco_236_6_akf.root
18-Jun-2014 00:50:21 CEST  Closed file file:/lustre/cms//store/user/calabria/calabria_SingleMuPt50_GEN-SIM-DIGI-RECO_CMSSW_6_2_0_SLHC12_2023Scenario_Case4/calabria_SingleMuPt50_GEN-SIM-DIGI-RECO_CMSSW_6_2_0_SLHC12_2023Scenario_Case4/cd3731874e2e70f741b687550e03a01f/out_reco_236_6_akf.root
18-Jun-2014 00:50:21 CEST  Initiating request to open file file:/lustre/cms//store/user/calabria/calabria_SingleMuPt50_GEN-SIM-DIGI-RECO_CMSSW_6_2_0_SLHC12_2023Scenario_Case4/calabria_SingleMuPt50_GEN-SIM-DIGI-RECO_CMSSW_6_2_0_SLHC12_2023Scenario_Case4/cd3731874e2e70f741b687550e03a01f/out_reco_237_6_KHh.root
18-Jun-2014 00:50:21 CEST  Successfully opened file file:/lustre/cms//store/user/calabria/calabria_SingleMuPt50_GEN-SIM-DIGI-RECO_CMSSW_6_2_0_SLHC12_2023Scenario_Case4/calabria_SingleMuPt50_GEN-SIM-DIGI-RECO_CMSSW_6_2_0_SLHC12_2023Scenario_Case4/cd3731874e2e70f741b687550e03a01f/out_reco_237_6_KHh.root
18-Jun-2014 00:50:54 CEST  Closed file file:/lustre/cms//store/user/calabria/calabria_SingleMuPt50_GEN-SIM-DIGI-RECO_CMSSW_6_2_0_SLHC12_2023Scenario_Case4/calabria_SingleMuPt50_GEN-SIM-DIGI-RECO_CMSSW_6_2_0_SLHC12_2023Scenario_Case4/cd3731874e2e70f741b687550e03a01f/out_reco_237_6_KHh.root
18-Jun-2014 00:50:54 CEST  Initiating request to open file file:/lustre/cms//store/user/calabria/calabria_SingleMuPt50_GEN-SIM-DIGI-RECO_CMSSW_6_2_0_SLHC12_2023Scenario_Case4/calabria_SingleMuPt50_GEN-SIM-DIGI-RECO_CMSSW_6_2_0_SLHC12_2023Scenario_Case4/cd3731874e2e70f741b687550e03a01f/out_reco_238_6_ZCy.root
18-Jun-2014 00:50:54 CEST  Successfully opened file file:/lustre/cms//store/user/calabria/calabria_SingleMuPt50_GEN-SIM-DIGI-RECO_CMSSW_6_2_0_SLHC12_2023Scenario_Case4/calabria_SingleMuPt50_GEN-SIM-DIGI-RECO_CMSSW_6_2_0_SLHC12_2023Scenario_Case4/cd3731874e2e70f741b687550e03a01f/out_reco_238_6_ZCy.root
18-Jun-2014 00:51:28 CEST  Closed file file:/lustre/cms//store/user/calabria/calabria_SingleMuPt50_GEN-SIM-DIGI-RECO_CMSSW_6_2_0_SLHC12_2023Scenario_Case4/calabria_SingleMuPt50_GEN-SIM-DIGI-RECO_CMSSW_6_2_0_SLHC12_2023Scenario_Case4/cd3731874e2e70f741b687550e03a01f/out_reco_238_6_ZCy.root
18-Jun-2014 00:51:28 CEST  Initiating request to open file file:/lustre/cms//store/user/calabria/calabria_SingleMuPt50_GEN-SIM-DIGI-RECO_CMSSW_6_2_0_SLHC12_2023Scenario_Case4/calabria_SingleMuPt50_GEN-SIM-DIGI-RECO_CMSSW_6_2_0_SLHC12_2023Scenario_Case4/cd3731874e2e70f741b687550e03a01f/out_reco_239_6_H6z.root
18-Jun-2014 00:51:28 CEST  Successfully opened file file:/lustre/cms//store/user/calabria/calabria_SingleMuPt50_GEN-SIM-DIGI-RECO_CMSSW_6_2_0_SLHC12_2023Scenario_Case4/calabria_SingleMuPt50_GEN-SIM-DIGI-RECO_CMSSW_6_2_0_SLHC12_2023Scenario_Case4/cd3731874e2e70f741b687550e03a01f/out_reco_239_6_H6z.root
18-Jun-2014 00:52:02 CEST  Closed file file:/lustre/cms//store/user/calabria/calabria_SingleMuPt50_GEN-SIM-DIGI-RECO_CMSSW_6_2_0_SLHC12_2023Scenario_Case4/calabria_SingleMuPt50_GEN-SIM-DIGI-RECO_CMSSW_6_2_0_SLHC12_2023Scenario_Case4/cd3731874e2e70f741b687550e03a01f/out_reco_239_6_H6z.root
18-Jun-2014 00:52:02 CEST  Initiating request to open file file:/lustre/cms//store/user/calabria/calabria_SingleMuPt50_GEN-SIM-DIGI-RECO_CMSSW_6_2_0_SLHC12_2023Scenario_Case4/calabria_SingleMuPt50_GEN-SIM-DIGI-RECO_CMSSW_6_2_0_SLHC12_2023Scenario_Case4/cd3731874e2e70f741b687550e03a01f/out_reco_240_6_kJV.root
18-Jun-2014 00:52:02 CEST  Successfully opened file file:/lustre/cms//store/user/calabria/calabria_SingleMuPt50_GEN-SIM-DIGI-RECO_CMSSW_6_2_0_SLHC12_2023Scenario_Case4/calabria_SingleMuPt50_GEN-SIM-DIGI-RECO_CMSSW_6_2_0_SLHC12_2023Scenario_Case4/cd3731874e2e70f741b687550e03a01f/out_reco_240_6_kJV.root
18-Jun-2014 00:52:35 CEST  Closed file file:/lustre/cms//store/user/calabria/calabria_SingleMuPt50_GEN-SIM-DIGI-RECO_CMSSW_6_2_0_SLHC12_2023Scenario_Case4/calabria_SingleMuPt50_GEN-SIM-DIGI-RECO_CMSSW_6_2_0_SLHC12_2023Scenario_Case4/cd3731874e2e70f741b687550e03a01f/out_reco_240_6_kJV.root
18-Jun-2014 00:52:35 CEST  Initiating request to open file file:/lustre/cms//store/user/calabria/calabria_SingleMuPt50_GEN-SIM-DIGI-RECO_CMSSW_6_2_0_SLHC12_2023Scenario_Case4/calabria_SingleMuPt50_GEN-SIM-DIGI-RECO_CMSSW_6_2_0_SLHC12_2023Scenario_Case4/cd3731874e2e70f741b687550e03a01f/out_reco_242_6_Vz1.root
18-Jun-2014 00:52:35 CEST  Successfully opened file file:/lustre/cms//store/user/calabria/calabria_SingleMuPt50_GEN-SIM-DIGI-RECO_CMSSW_6_2_0_SLHC12_2023Scenario_Case4/calabria_SingleMuPt50_GEN-SIM-DIGI-RECO_CMSSW_6_2_0_SLHC12_2023Scenario_Case4/cd3731874e2e70f741b687550e03a01f/out_reco_242_6_Vz1.root
18-Jun-2014 00:53:08 CEST  Closed file file:/lustre/cms//store/user/calabria/calabria_SingleMuPt50_GEN-SIM-DIGI-RECO_CMSSW_6_2_0_SLHC12_2023Scenario_Case4/calabria_SingleMuPt50_GEN-SIM-DIGI-RECO_CMSSW_6_2_0_SLHC12_2023Scenario_Case4/cd3731874e2e70f741b687550e03a01f/out_reco_242_6_Vz1.root
18-Jun-2014 00:53:08 CEST  Initiating request to open file file:/lustre/cms//store/user/calabria/calabria_SingleMuPt50_GEN-SIM-DIGI-RECO_CMSSW_6_2_0_SLHC12_2023Scenario_Case4/calabria_SingleMuPt50_GEN-SIM-DIGI-RECO_CMSSW_6_2_0_SLHC12_2023Scenario_Case4/cd3731874e2e70f741b687550e03a01f/out_reco_243_6_72k.root
18-Jun-2014 00:53:08 CEST  Successfully opened file file:/lustre/cms//store/user/calabria/calabria_SingleMuPt50_GEN-SIM-DIGI-RECO_CMSSW_6_2_0_SLHC12_2023Scenario_Case4/calabria_SingleMuPt50_GEN-SIM-DIGI-RECO_CMSSW_6_2_0_SLHC12_2023Scenario_Case4/cd3731874e2e70f741b687550e03a01f/out_reco_243_6_72k.root
18-Jun-2014 00:53:41 CEST  Closed file file:/lustre/cms//store/user/calabria/calabria_SingleMuPt50_GEN-SIM-DIGI-RECO_CMSSW_6_2_0_SLHC12_2023Scenario_Case4/calabria_SingleMuPt50_GEN-SIM-DIGI-RECO_CMSSW_6_2_0_SLHC12_2023Scenario_Case4/cd3731874e2e70f741b687550e03a01f/out_reco_243_6_72k.root
18-Jun-2014 00:53:41 CEST  Initiating request to open file file:/lustre/cms//store/user/calabria/calabria_SingleMuPt50_GEN-SIM-DIGI-RECO_CMSSW_6_2_0_SLHC12_2023Scenario_Case4/calabria_SingleMuPt50_GEN-SIM-DIGI-RECO_CMSSW_6_2_0_SLHC12_2023Scenario_Case4/cd3731874e2e70f741b687550e03a01f/out_reco_246_5_pcZ.root
18-Jun-2014 00:53:41 CEST  Successfully opened file file:/lustre/cms//store/user/calabria/calabria_SingleMuPt50_GEN-SIM-DIGI-RECO_CMSSW_6_2_0_SLHC12_2023Scenario_Case4/calabria_SingleMuPt50_GEN-SIM-DIGI-RECO_CMSSW_6_2_0_SLHC12_2023Scenario_Case4/cd3731874e2e70f741b687550e03a01f/out_reco_246_5_pcZ.root
18-Jun-2014 00:54:24 CEST  Closed file file:/lustre/cms//store/user/calabria/calabria_SingleMuPt50_GEN-SIM-DIGI-RECO_CMSSW_6_2_0_SLHC12_2023Scenario_Case4/calabria_SingleMuPt50_GEN-SIM-DIGI-RECO_CMSSW_6_2_0_SLHC12_2023Scenario_Case4/cd3731874e2e70f741b687550e03a01f/out_reco_246_5_pcZ.root

=============================================

MessageLogger Summary

 type     category        sev    module        subroutine        count    total
 ---- -------------------- -- ---------------- ----------------  -----    -----
    1 fileAction           -s file_close                            10       10
    2 fileAction           -s file_open                             20       20

 type    category    Examples: run/evt        run/evt          run/evt
 ---- -------------------- ---------------- ---------------- ----------------
    1 fileAction           PostProcessEvent PostProcessEvent PostEndRun
    2 fileAction           pre-events       pre-events       PostProcessEvent

Severity    # Occurrences   Total Occurrences
--------    -------------   -----------------
System                 30                  30
>>> END OF printout of 50 lines from stdout+stderr
>>> Parse FrameworkJobReport crab_fjr.xml
Result of parsing the FrameworkJobReport crab_fjr.xml: Popularity start
lumisRange : 1::::1;1::::2;1::::3;1::::4;1::::5;1::::6;1::::7;1::::8;1::::9;1::::10;
lumisParentRange : 
Basename : /store/user/calabria/calabria_SingleMuPt50_GEN-SIM-DIGI-RECO_CMSSW_6_2_0_SLHC12_2023Scenario_Case4/calabria_SingleMuPt50_GEN-SIM-DIGI-RECO_CMSSW_6_2_0_SLHC12_2023Scenario_Case4/cd3731874e2e70f741b687550e03a01f/out_reco_2
BasenameParent : 
parentFiles : 
inputBlocks : /calabria_SingleMuPt50_GEN-SIM-DIGI-RECO_CMSSW_6_2_0_SLHC12_2023Scenario_Case4/calabria-calabria_SingleMuPt50_GEN-SIM-DIGI-RECO_CMSSW_6_2_0_SLHC12_2023Scenario_Case4-cd3731874e2e70f741b687550e03a01f/USER#5b86bf7f-d613-4389-8c1d-a0d329504ef9
inputFiles : 42_6_Vz1.root::1::EDM::Local::1;36_6_akf.root::1::EDM::Local::2;43_6_72k.root::1::EDM::Local::3;40_6_kJV.root::1::EDM::Local::4;39_6_H6z.root::1::EDM::Local::5;37_6_KHh.root::1::EDM::Local::6;34_6_tzA.root::1::EDM::Local::7;38_6_ZCy.root::1::EDM::Local::8;35_6_Z0F.root::1::EDM::Local::9;46_5_pcZ.root::1::EDM::Local::10;
Popularity stop
Extracted ExitStatus from FrameworkJobReport parsing output: 0
>>> Executable succeded  0
ExeExitCode=0
EXECUTABLE_EXIT_STATUS = 0
>>> current directory /home/cms037/home_cream_780819192/CREAM780819192/glide_OVOA32/execute/dir_10170/CMSSW_6_2_0_SLHC12
>>>  (SOFTWARE_DIR): /home/cms037/home_cream_780819192/CREAM780819192/glide_OVOA32/execute/dir_10170/CMSSW_6_2_0_SLHC12
>>> (WORKING_DIR): 
>>> current directory content:
total 10544
drwxr-xr-x 3 cms037 cms    4096 Jun 18 00:48 .SCRAM
-rw------- 1 cms037 cms 3740398 Jun 18 00:48 CMSSW.py.pkl
drwxr-xr-x 3 cms037 cms    4096 Jun 18 00:48 bin
drwxr-xr-x 3 cms037 cms    4096 Jun 18 00:48 cfipython
drwxr-xr-x 4 cms037 cms    4096 Jun 18 00:48 config
-rw------- 1 cms037 cms      16 Jun 18 00:54 cpu_timing.txt
drwxr-xr-x 2 cms037 cms    4096 Jun 18 00:48 doc
-rw------- 1 cms037 cms    9925 Jun 18 00:54 executable.out
drwxr-xr-x 2 cms037 cms    4096 Jun 18 00:48 include
drwx------ 3 cms037 cms    4096 Apr 28 18:12 lib
drwxr-xr-x 3 cms037 cms    4096 Jun 18 00:48 logs
drwxr-xr-x 3 cms037 cms    4096 Jun 18 00:48 objs
-rw------- 1 cms037 cms     104 Jun 18 00:48 pset.py
-rw------- 1 cms037 cms 3712311 Jun 18 00:48 pset.py.pkl
-rw------- 1 cms037 cms     289 Jun 18 00:48 pset.pyc
drwxr-xr-x 2 cms037 cms    4096 Jun 18 00:48 python
-rw------- 1 cms037 cms     410 Jun 18 00:54 report.log
drwx------ 6 cms037 cms    4096 Jun 18 00:48 src
drwxr-xr-x 3 cms037 cms    4096 Jun 18 00:48 test
drwxr-xr-x 3 cms037 cms    4096 Jun 18 00:48 tmp
-rw------- 1 cms037 cms 3240073 Jun 18 00:54 validationEDM.root
>>> current directory /home/cms037/home_cream_780819192/CREAM780819192/glide_OVOA32/execute/dir_10170/CMSSW_6_2_0_SLHC12
>>> (SOFTWARE_DIR): /home/cms037/home_cream_780819192/CREAM780819192/glide_OVOA32/execute/dir_10170/CMSSW_6_2_0_SLHC12
>>> (WORKING_DIR): 
>>> current directory content:
total 10544
drwxr-xr-x 3 cms037 cms    4096 Jun 18 00:48 .SCRAM
-rw------- 1 cms037 cms 3740398 Jun 18 00:48 CMSSW.py.pkl
drwxr-xr-x 3 cms037 cms    4096 Jun 18 00:48 bin
drwxr-xr-x 3 cms037 cms    4096 Jun 18 00:48 cfipython
drwxr-xr-x 4 cms037 cms    4096 Jun 18 00:48 config
-rw------- 1 cms037 cms      16 Jun 18 00:54 cpu_timing.txt
drwxr-xr-x 2 cms037 cms    4096 Jun 18 00:48 doc
-rw------- 1 cms037 cms    9925 Jun 18 00:54 executable.out
drwxr-xr-x 2 cms037 cms    4096 Jun 18 00:48 include
drwx------ 3 cms037 cms    4096 Apr 28 18:12 lib
drwxr-xr-x 3 cms037 cms    4096 Jun 18 00:48 logs
drwxr-xr-x 3 cms037 cms    4096 Jun 18 00:48 objs
-rw------- 1 cms037 cms     104 Jun 18 00:48 pset.py
-rw------- 1 cms037 cms 3712311 Jun 18 00:48 pset.py.pkl
-rw------- 1 cms037 cms     289 Jun 18 00:48 pset.pyc
drwxr-xr-x 2 cms037 cms    4096 Jun 18 00:48 python
-rw------- 1 cms037 cms     410 Jun 18 00:54 report.log
drwx------ 6 cms037 cms    4096 Jun 18 00:48 src
drwxr-xr-x 3 cms037 cms    4096 Jun 18 00:48 test
drwxr-xr-x 3 cms037 cms    4096 Jun 18 00:48 tmp
-rw------- 1 cms037 cms 3240073 Jun 18 00:54 validationEDM_12_1_MvZ.root
>>> current directory (RUNTIME_AREA):  /home/cms037/home_cream_780819192/CREAM780819192/glide_OVOA32/execute/dir_10170
SE = storm-se-01.ba.infn.it
SE_PATH = /srm/managerv2?SFN=//cms/store/user/calabria/calabria_SingleMuPt50_GEN-SIM-DIGI-RECO_CMSSW_6_2_0_SLHC12_2023Scenario_Case4/calabria_MuMinus50_GEN-SIM-DIGI-RECO_CMSSW_6_2_0_SLHC12_2023Scenario_VALNOPU2_Case4/5854dd31cbd3cdec44c48628cc181cf0/
LFNBaseName = /store/user/calabria/calabria_SingleMuPt50_GEN-SIM-DIGI-RECO_CMSSW_6_2_0_SLHC12_2023Scenario_Case4/calabria_MuMinus50_GEN-SIM-DIGI-RECO_CMSSW_6_2_0_SLHC12_2023Scenario_VALNOPU2_Case4/5854dd31cbd3cdec44c48628cc181cf0/
USER = calabria
endpoint = srm://storm-se-01.ba.infn.it:8444/srm/managerv2?SFN=//cms/store/user/calabria/calabria_SingleMuPt50_GEN-SIM-DIGI-RECO_CMSSW_6_2_0_SLHC12_2023Scenario_Case4/calabria_MuMinus50_GEN-SIM-DIGI-RECO_CMSSW_6_2_0_SLHC12_2023Scenario_VALNOPU2_Case4/5854dd31cbd3cdec44c48628cc181cf0/
>>> Copy output files from WN = pccms118.ba.infn.it to /srm/managerv2?SFN=//cms/store/user/calabria/calabria_SingleMuPt50_GEN-SIM-DIGI-RECO_CMSSW_6_2_0_SLHC12_2023Scenario_Case4/calabria_MuMinus50_GEN-SIM-DIGI-RECO_CMSSW_6_2_0_SLHC12_2023Scenario_VALNOPU2_Case4/5854dd31cbd3cdec44c48628cc181cf0/ :
python cmscp.py  --destination srm://storm-se-01.ba.infn.it:8444/srm/managerv2?SFN=//cms/store/user/calabria/calabria_SingleMuPt50_GEN-SIM-DIGI-RECO_CMSSW_6_2_0_SLHC12_2023Scenario_Case4/calabria_MuMinus50_GEN-SIM-DIGI-RECO_CMSSW_6_2_0_SLHC12_2023Scenario_VALNOPU2_Case4/5854dd31cbd3cdec44c48628cc181cf0/ --inputFileList /home/cms037/home_cream_780819192/CREAM780819192/glide_OVOA32/execute/dir_10170/CMSSW_6_2_0_SLHC12/validationEDM_12_1_MvZ.root --middleware LCG --se_name storm-se-01.ba.infn.it --for_lfn /store/user/calabria/calabria_SingleMuPt50_GEN-SIM-DIGI-RECO_CMSSW_6_2_0_SLHC12_2023Scenario_Case4/calabria_MuMinus50_GEN-SIM-DIGI-RECO_CMSSW_6_2_0_SLHC12_2023Scenario_VALNOPU2_Case4/5854dd31cbd3cdec44c48628cc181cf0/    
******************************************************
localSeName  =  storm-se-01.ba.infn.it
remoteSeName =  storm-se-01.ba.infn.it
******************************************************
{"/home/cms037/home_cream_780819192/CREAM780819192/glide_OVOA32/execute/dir_10170/CMSSW_6_2_0_SLHC12/validationEDM_12_1_MvZ.root": {"endpoint": "srm://storm-se-01.ba.infn.it:8444/srm/managerv2?SFN=//cms/store/user/calabria/calabria_SingleMuPt50_GEN-SIM-DIGI-RECO_CMSSW_6_2_0_SLHC12_2023Scenario_Case4/calabria_MuMinus50_GEN-SIM-DIGI-RECO_CMSSW_6_2_0_SLHC12_2023Scenario_VALNOPU2_Case4/5854dd31cbd3cdec44c48628cc181cf0/", "surl_for_grid": "", "reason": "Copy succedeed with srm-lcg utils", "erCode": "0", "se_name": "storm-se-01.ba.infn.it", "for_lfn": "/store/user/calabria/calabria_SingleMuPt50_GEN-SIM-DIGI-RECO_CMSSW_6_2_0_SLHC12_2023Scenario_Case4/calabria_MuMinus50_GEN-SIM-DIGI-RECO_CMSSW_6_2_0_SLHC12_2023Scenario_VALNOPU2_Case4/5854dd31cbd3cdec44c48628cc181cf0/"}}/home/cms037/home_cream_780819192/CREAM780819192/glide_OVOA32/execute/dir_10170
-------- cat /home/cms037/home_cream_780819192/CREAM780819192/glide_OVOA32/execute/dir_10170/cmscpReport.sh 
#!/bin/bash
echo "Report for File: /home/cms037/home_cream_780819192/CREAM780819192/glide_OVOA32/execute/dir_10170/CMSSW_6_2_0_SLHC12/validationEDM_12_1_MvZ.root"
echo "LFN: /store/user/calabria/calabria_SingleMuPt50_GEN-SIM-DIGI-RECO_CMSSW_6_2_0_SLHC12_2023Scenario_Case4/calabria_MuMinus50_GEN-SIM-DIGI-RECO_CMSSW_6_2_0_SLHC12_2023Scenario_VALNOPU2_Case4/5854dd31cbd3cdec44c48628cc181cf0/validationEDM_12_1_MvZ.root"
echo "StorageElement: storm-se-01.ba.infn.it"
echo "StageOutExitStatusReason = 'Copy succedeed with srm-lcg utils'" | tee -a $RUNTIME_AREA/$repo
echo "StageOutSE = storm-se-01.ba.infn.it" >> $RUNTIME_AREA/$repo

export StageOutExitStatus=0
echo "StageOutExitStatus = 0" | tee -a $RUNTIME_AREA/$repo
-------- end of /home/cms037/home_cream_780819192/CREAM780819192/glide_OVOA32/execute/dir_10170/cmscpReport.sh 
Report for File: /home/cms037/home_cream_780819192/CREAM780819192/glide_OVOA32/execute/dir_10170/CMSSW_6_2_0_SLHC12/validationEDM_12_1_MvZ.root
LFN: /store/user/calabria/calabria_SingleMuPt50_GEN-SIM-DIGI-RECO_CMSSW_6_2_0_SLHC12_2023Scenario_Case4/calabria_MuMinus50_GEN-SIM-DIGI-RECO_CMSSW_6_2_0_SLHC12_2023Scenario_VALNOPU2_Case4/5854dd31cbd3cdec44c48628cc181cf0/validationEDM_12_1_MvZ.root
StorageElement: storm-se-01.ba.infn.it
StageOutExitStatusReason = 'Copy succedeed with srm-lcg utils'
StageOutExitStatus = 0
>>> current dir: /home/cms037/home_cream_780819192/CREAM780819192/glide_OVOA32/execute/dir_10170
>>> current dir content:
total 28080
-rw-------  1 cms037 cms     2783 Jun 18 00:55 .SEinteraction.log
-rwx------  1 cms037 cms     6814 Jun 18 00:47 .job.ad
-rwx------  1 cms037 cms     9439 Jun 18 00:47 .machine.ad
-rw-------  1 cms037 cms      105 Jun 16 20:50 CMSSW.py
-rw-------  1 cms037 cms  3740398 Jun 16 20:50 CMSSW.py.pkl
-rwx------  1 cms037 cms    29556 Jun 18 00:48 CMSSW.sh
drwxr-xr-x 15 cms037 cms     4096 Jun 18 00:54 CMSSW_6_2_0_SLHC12
-rw-------  1 cms037 cms      220 Jun 18 00:48 CacheEnv.sh
-rw-------  1 cms037 cms     7291 Apr  4 11:04 DashboardAPI.py
-rw-------  1 cms037 cms     6815 Jun 18 00:48 DashboardAPI.pyc
drwx------  2 cms037 cms     4096 Jun 18 00:54 IMProv
-rw-------  1 cms037 cms     2748 Apr  4 11:04 Logger.py
-rw-------  1 cms037 cms     3347 Jun 18 00:48 Logger.pyc
-rw-------  1 cms037 cms    24524 Apr  4 11:04 ProcInfo.py
-rw-------  1 cms037 cms    23197 Jun 18 00:48 ProcInfo.pyc
drwx------  7 cms037 cms     4096 Jun 18 00:48 ProdCommon
drwx------  3 cms037 cms     4096 Jun 18 00:48 WMCore
-rw-------  1 cms037 cms     2300 Jun 18 00:55 Watchdog_12.log
-rwx------  1 cms037 cms        0 Jun 18 00:48 _condor_stderr
-rwx---r--  1 cms037 cms    29417 Jun 18 00:55 _condor_stdout
-rw-------  1 cms037 cms    32895 Apr  4 11:04 apmon.py
-rw-------  1 cms037 cms    28625 Jun 18 00:48 apmon.pyc
-rwx------  1 cms037 cms    53478 Jun 18 00:48 arguments.xml
-rwx------  1 cms037 cms    38515 Apr  4 11:04 cmscp.py
-rw-------  1 cms037 cms      718 Jun 18 00:55 cmscpReport.sh
-rwx------  1 cms037 cms    29556 Jun 18 00:48 condor_exec.exe
-rw-------  1 cms037 cms      958 Jun 16 20:50 crab.cfg
-rwx------  1 cms037 cms     8610 Apr  4 11:04 crabWatchdog.sh
-rwx---r--  1 cms037 cms   523281 Jun 18 00:54 crab_fjr_12.xml
-rwx------  1 cms037 cms 23957686 Jun 18 00:48 default.tgz
-rwx------  1 cms037 cms     4488 Apr  4 11:04 fillCrabFjr.py
-rw-------  1 cms037 cms     2629 Jun 18 00:48 inputsReport.txt
-rw-------  1 cms037 cms      261 Jun 18 00:55 jobreport.txt
-rw-------  1 cms037 cms    17352 Apr  4 11:04 parseCrabFjr.py
-rw-------  1 cms037 cms      329 Jun 18 00:48 report.log
-rwx--x--x  1 cms037 cms     1497 Apr  4 11:04 report.py
-rw-------  1 cms037 cms      772 Jun 18 00:55 resultCopyFile
lrwxrwxrwx  1 cms037 cms      126 Jun 18 00:54 validationEDM.root -> /home/cms037/home_cream_780819192/CREAM780819192/glide_OVOA32/execute/dir_10170/CMSSW_6_2_0_SLHC12/validationEDM_12_1_MvZ.root
-rwx------  1 cms037 cms     8387 Apr  4 11:04 writeCfg.py
-rw-------  1 cms037 cms     8010 Jun 18 00:47 x509up_u50707
>>> Modify Job Report:
CMSSW_VERSION = CMSSW_6_2_0_SLHC12
ProcessedDataset = calabria_MuMinus50_GEN-SIM-DIGI-RECO_CMSSW_6_2_0_SLHC12_2023Scenario_VALNOPU2_Case4
/home/cms037/home_cream_780819192/CREAM780819192/glide_OVOA32/execute/dir_10170/ProdCommon/FwkJobRep/ModifyJobReport.py fjr /home/cms037/home_cream_780819192/CREAM780819192/glide_OVOA32/execute/dir_10170/crab_fjr_12.xml json /home/cms037/home_cream_780819192/CREAM780819192/glide_OVOA32/execute/dir_10170/resultCopyFile n_job 12_1_MvZ PrimaryDataset calabria_SingleMuPt50_GEN-SIM-DIGI-RECO_CMSSW_6_2_0_SLHC12_2023Scenario_Case4  ApplicationFamily cmsRun ApplicationName cmsRun cmssw_version CMSSW_6_2_0_SLHC12 psethash 5854dd31cbd3cdec44c48628cc181cf0 UserProcessedDataset calabria-calabria_MuMinus50_GEN-SIM-DIGI-RECO_CMSSW_6_2_0_SLHC12_2023Scenario_VALNOPU2_Case4-5854dd31cbd3cdec44c48628cc181cf0
inputDict =  {u'/home/cms037/home_cream_780819192/CREAM780819192/glide_OVOA32/execute/dir_10170/CMSSW_6_2_0_SLHC12/validationEDM_12_1_MvZ.root': {u'endpoint': u'srm://storm-se-01.ba.infn.it:8444/srm/managerv2?SFN=//cms/store/user/calabria/calabria_SingleMuPt50_GEN-SIM-DIGI-RECO_CMSSW_6_2_0_SLHC12_2023Scenario_Case4/calabria_MuMinus50_GEN-SIM-DIGI-RECO_CMSSW_6_2_0_SLHC12_2023Scenario_VALNOPU2_Case4/5854dd31cbd3cdec44c48628cc181cf0/', u'surl_for_grid': u'', u'reason': u'Copy succedeed with srm-lcg utils', u'erCode': u'0', u'se_name': u'storm-se-01.ba.infn.it', u'for_lfn': u'/store/user/calabria/calabria_SingleMuPt50_GEN-SIM-DIGI-RECO_CMSSW_6_2_0_SLHC12_2023Scenario_Case4/calabria_MuMinus50_GEN-SIM-DIGI-RECO_CMSSW_6_2_0_SLHC12_2023Scenario_VALNOPU2_Case4/5854dd31cbd3cdec44c48628cc181cf0/'}}
UserProcessedDataset =  calabria-calabria_MuMinus50_GEN-SIM-DIGI-RECO_CMSSW_6_2_0_SLHC12_2023Scenario_VALNOPU2_Case4-5854dd31cbd3cdec44c48628cc181cf0
file_name in inputDict =  /home/cms037/home_cream_780819192/CREAM780819192/glide_OVOA32/execute/dir_10170/CMSSW_6_2_0_SLHC12/validationEDM_12_1_MvZ.root
(size) os.stat(filename)[6] =  3240073
checksum =  983092711
    file =  validationEDM_12_1_MvZ.root
    newPfn =  srm://storm-se-01.ba.infn.it:8444/srm/managerv2?SFN=//cms/store/user/calabria/calabria_SingleMuPt50_GEN-SIM-DIGI-RECO_CMSSW_6_2_0_SLHC12_2023Scenario_Case4/calabria_MuMinus50_GEN-SIM-DIGI-RECO_CMSSW_6_2_0_SLHC12_2023Scenario_VALNOPU2_Case4/5854dd31cbd3cdec44c48628cc181cf0/validationEDM_12_1_MvZ.root
    newLfn =  /store/user/calabria/calabria_SingleMuPt50_GEN-SIM-DIGI-RECO_CMSSW_6_2_0_SLHC12_2023Scenario_Case4/calabria_MuMinus50_GEN-SIM-DIGI-RECO_CMSSW_6_2_0_SLHC12_2023Scenario_VALNOPU2_Case4/5854dd31cbd3cdec44c48628cc181cf0/validationEDM_12_1_MvZ.root
>>> crab_fjr_*.xml  permission set to 0704
CrabWrapper EXIT_FUNC entered at Wed Jun 18 00:55:32 CEST 2014   -  Tue Jun 17 22:55:32 UTC 2014
Checking output files:  
will tar file crab_fjr_12.xml in  out_files_12
WARNING: output file CMSSW_12.stdout not found!
WARNING: output file CMSSW_12.stderr not found!
WARNING: output file Watchdog_12.log.gz not found!
>>> padding time: Sleeping the wrapper for 150 seconds
STOPPING WATCHDOG. CrabWatchdog PID is 10972
********** LAST 50 LINES OF WATCHDOG LOG
# RESOURCE USAGE SUMMARY FOR PROCESS ID 10691
USER       PID %CPU %MEM    VSZ   RSS TTY      STAT START   TIME COMMAND
cms037   10691  0.4  0.0   9496  1592 ?        S    00:48   0:00 /bin/sh /home/cms037/home_cream_780819192/CREAM780819192/glide_OVOA32/execute/dir_10170/condor_exec.exe 12 1
 
# LIMITS USED BY CRAB WATCHDOG:
# RSS  (KBytes)   : 2300000
# VSZ  (KBytes)   : 100000000
# DISK (MBytes)   : 19000
# CPU TIME        : 720h:0m:0s
# WALL CLOCK TIME : 21h:50m:0s
 
# FOLLOWING PRINTOUT TRACKS MAXIMUM VALUES OF RESOURCES USE
# ONE LINE IS PRINTED EACH TIME A MAXIMUM CHANGES
# IF CHANGE WAS IN RSS OR VSZ ALSO PROCID AND COMMAND ARE PRINTED
# THERE IS NO PRINTOUT FOR CPU/WALL TIME INCREASE
 
# TIME			PID	RSS(KB)	VSZ(KB)	Dsk(MB)	tCPU(s)	tWALL(s)	COMMAND
 Jun 18 00:48:09 CEST	10170	8416	93608	0	0	0	condor_starter -f submit-4.t2.ucsd.edu        
 Jun 18 00:48:09 CEST	10440	8416	106092	0	0	0	sh -c "./glidein_startup.sh" -v std -name v3_0 -entry CMS_T2_IT_Bari_ce4 -clientname UCSD-v1_0.main
 Jun 18 00:48:09 CEST	10444	8416	106492	0	0	0	/bin/bash ./glidein_startup.sh -v std -name v3_0 -entry CMS_T2_IT_Bari_ce4 -clientname UCSD-v1_0.main -schedd
 Jun 18 00:48:09 CEST	10998	35720	106492	0	0	0	edmConfigHash pset.py         
 Jun 18 00:48:09 CEST	---	35720	106492	171	----	----	----
 Jun 18 00:49:10 CEST	12230	770092	981648	171	42	61	cmsRun -j /home/cms037/home_cream_780819192/CREAM780819192/glide_OVOA32/execute/dir_10170/crab_fjr_12.xml -p pset.py      
 Jun 18 00:49:10 CEST	---	770092	981648	175	----	----	----
 Jun 18 00:50:10 CEST	12230	795636	1006480	175	92	122	cmsRun -j /home/cms037/home_cream_780819192/CREAM780819192/glide_OVOA32/execute/dir_10170/crab_fjr_12.xml -p pset.py      
 Jun 18 00:51:11 CEST	12230	799668	1014612	175	141	183	cmsRun -j /home/cms037/home_cream_780819192/CREAM780819192/glide_OVOA32/execute/dir_10170/crab_fjr_12.xml -p pset.py      
 Jun 18 00:52:12 CEST	12230	806532	1022804	175	191	243	cmsRun -j /home/cms037/home_cream_780819192/CREAM780819192/glide_OVOA32/execute/dir_10170/crab_fjr_12.xml -p pset.py      
 Jun 18 00:53:13 CEST	12230	817888	1030484	175	243	304	cmsRun -j /home/cms037/home_cream_780819192/CREAM780819192/glide_OVOA32/execute/dir_10170/crab_fjr_12.xml -p pset.py      
 Jun 18 00:55:14 CEST	---	817888	1030484	179	----	----	----
********** WATCHDOG LOG ENDED
ZIPPING WATCHDOG LOG
Disk space used:
du -sh /home/cms037/home_cream_780819192/CREAM780819192/glide_OVOA32/execute/dir_10170
179M	/home/cms037/home_cream_780819192/CREAM780819192/glide_OVOA32/execute/dir_10170
Found unusual stdout, rename for OSB
`/home/cms037/home_cream_780819192/CREAM780819192/glide_OVOA32/execute/dir_10170/_condor_stdout' -> `CMSSW_12.stdout'
Found unusual stderr, rename for OSB
`/home/cms037/home_cream_780819192/CREAM780819192/glide_OVOA32/execute/dir_10170/_condor_stdout' -> `CMSSW_12.stderr'
crab_fjr_12.xml
CMSSW_12.stdout
CMSSW_12.stderr
Watchdog_12.log.gz
Total Output dimension: 69622
WARNING: output files size limit is set to: 50000000
Total Output dimension 69622 is fine.
JOB_EXIT_STATUS = 0
>>> info for dashboard:
***** Cat /home/cms037/home_cream_780819192/CREAM780819192/glide_OVOA32/execute/dir_10170/jobreport.txt *****
MonitorJobID=12_https://submit-4.t2.ucsd.edu//140616//222485.11
MonitorID=calabria_MuMinus50_Case4_ReReco_fa2s89
ExeTime=364
ExeExitCode=0
StageOutExitStatusReason = 'Copy succedeed with srm-lcg utils'
StageOutSE = storm-se-01.ba.infn.it
StageOutExitStatus = 0
CrabUserCpuTime=302.09
CrabSysCpuTime=3.63
CrabCpuPercentage=83%
CrabWrapperTime=600
CrabStageoutTime=61
JobExitCode=0
***** End Cat jobreport *****
Parameters sent to Dashboard.
EXITING at Wed Jun 18 00:58:08 CEST 2014  -  Tue Jun 17 22:58:08 UTC 2014
