This script was generated by crab (version 2.10.5_patch1).
Running /home/cms040/home_cream_740848213/CREAM740848213/glide_VUcYgI/execute/dir_24488/condor_exec.exe with 2 positional parameters: 19 1
Today is Wed Jun 18 00:06:40 CEST 2014 - Tue Jun 17 22:06:40 UTC 2014
Job submitted on host wn-recas-uniba-17.ba.infn.it
Linux wn-recas-uniba-17.ba.infn.it 2.6.32-358.23.2.el6.x86_64 #1 SMP Thu Oct 17 10:27:22 CEST 2013 x86_64 x86_64 x86_64 GNU/Linux
>>> current directory (RUNTIME_AREA): /home/cms040/home_cream_740848213/CREAM740848213/glide_VUcYgI/execute/dir_24488
>>> current user: uid=18598(cms040) gid=1399(cms) groups=1399(cms)
>>> directory permission set to 0700
>>> umask set to:  u=rwx,g=,o=
>>> stdout stderr permission set to 0704
>>> voms proxy information:
subject   : /C=IT/O=INFN/OU=Personal Certificate/L=Bari/CN=Cesare Calabria/CN=477126703/CN=234239943
issuer    : /C=IT/O=INFN/OU=Personal Certificate/L=Bari/CN=Cesare Calabria/CN=477126703
identity  : /C=IT/O=INFN/OU=Personal Certificate/L=Bari/CN=Cesare Calabria
type      : RFC3820 compliant limited proxy
strength  : 1024
path      : /home/cms040/home_cream_740848213/CREAM740848213/glide_VUcYgI/execute/dir_24488/x509up_u50707
timeleft  : 23:58:51
key usage : Digital Signature, Key Encipherment, Data Encipherment
=== VO cms extension information ===
VO        : cms
subject   : /C=IT/O=INFN/OU=Personal Certificate/L=Bari/CN=Cesare Calabria
issuer    : /DC=ch/DC=cern/OU=computers/CN=voms.cern.ch
attribute : /cms/Role=NULL/Capability=NULL
attribute : /cms/itcms/Role=NULL/Capability=NULL
timeleft  : 155:17:38
uri       : voms.cern.ch:15002

WNHostName=wn-recas-uniba-17.ba.infn.it
>>> tar --no-same-permissions -xf /home/cms040/home_cream_740848213/CREAM740848213/glide_VUcYgI/execute/dir_24488/default.tgz :
Successful untar
>>> Include /home/cms040/home_cream_740848213/CREAM740848213/glide_VUcYgI/execute/dir_24488 in PYTHONPATH:
strip arguments
env var CRAB_UNIQUE_JOB_ID set to: calabria_MuMinus100_Case3_ReReco_0fw46a_19_1_nEj
out_files_19
>>> list of expected files on output sandbox
output files: crab_fjr_19.xml CMSSW_19.stdout CMSSW_19.stderr Watchdog_19.log.gz
>>> GridFlavour discovery: 
GridFlavour=LCG
>>> SyncSite discovery: 
SyncSite=T2_IT_Bari
>>> SyncCE discovery: 
getting SyncCE from CE_ID
SyncCE=cream-ce-2.ba.infn.it:8443/cream-pbs-cms
>>> info for dashboard:
***** Cat /home/cms040/home_cream_740848213/CREAM740848213/glide_VUcYgI/execute/dir_24488/jobreport.txt *****
WNHostName=wn-recas-uniba-17.ba.infn.it
MonitorJobID=19_https://submit-4.t2.ucsd.edu//140616//222478.18
SyncGridJobId=https://submit-4.t2.ucsd.edu//140616//222478.18
MonitorID=calabria_MuMinus100_Case3_ReReco_0fw46a
GridFlavour=LCG
SyncSite=T2_IT_Bari
SyncCE=cream-ce-2.ba.infn.it:8443/cream-pbs-cms
***** End Cat jobreport *****
Parameters sent to Dashboard.
>>> setup environment
set SCRAM ARCH to slc5_amd64_gcc472
SCRAM_ARCH = slc5_amd64_gcc472
>>> setup CMS LCG environment:
set SCRAM ARCH and BUILD_ARCH to slc5_amd64_gcc472 ###
Sourcing environment... 
sourcing /cvmfs/cms.cern.ch/cmsset_default.sh
==> setup cms environment ok
>>> specific cmssw setup environment:
CMSSW_VERSION =  CMSSW_6_2_0_SLHC12
>>> current directory (SOFTWARE_DIR): /home/cms040/home_cream_740848213/CREAM740848213/glide_VUcYgI/execute/dir_24488/CMSSW_6_2_0_SLHC12
PreserveSeeds: <>
IncrementSeeds:<>
>>> info for dashboard:
***** Cat /home/cms040/home_cream_740848213/CREAM740848213/glide_VUcYgI/execute/dir_24488/jobreport.txt *****
MonitorJobID=19_https://submit-4.t2.ucsd.edu//140616//222478.18
MonitorID=calabria_MuMinus100_Case3_ReReco_0fw46a
***** End Cat jobreport *****
Parameters sent to Dashboard.
crabWatchdog started as process 24687
>>> moving CMSSW software directories in /home/cms040/home_cream_740848213/CREAM740848213/glide_VUcYgI/execute/dir_24488/CMSSW_6_2_0_SLHC12
mv: cannot stat `/home/cms040/home_cream_740848213/CREAM740848213/glide_VUcYgI/execute/dir_24488/module/': No such file or directory
>>> Include /home/cms040/home_cream_740848213/CREAM740848213/glide_VUcYgI/execute/dir_24488 in PYTHONPATH:
PYTHONPATH=/home/cms040/home_cream_740848213/CREAM740848213/glide_VUcYgI/execute/dir_24488/:/home/cms040/home_cream_740848213/CREAM740848213/glide_VUcYgI/execute/dir_24488/CMSSW_6_2_0_SLHC12/python:/home/cms040/home_cream_740848213/CREAM740848213/glide_VUcYgI/execute/dir_24488/CMSSW_6_2_0_SLHC12/lib/slc5_amd64_gcc472:/cvmfs/cms.cern.ch/slc5_amd64_gcc472/cms/cmssw/CMSSW_6_2_0_SLHC12/python:/cvmfs/cms.cern.ch/slc5_amd64_gcc472/cms/cmssw/CMSSW_6_2_0_SLHC12/lib/slc5_amd64_gcc472:/cvmfs/cms.cern.ch/slc5_amd64_gcc472/cms/coral/CORAL_2_3_21-cms36/slc5_amd64_gcc472/python:/cvmfs/cms.cern.ch/slc5_amd64_gcc472/cms/coral/CORAL_2_3_21-cms36/slc5_amd64_gcc472/lib:/cvmfs/cms.cern.ch/slc5_amd64_gcc472/external/pyqt/4.8.1-cms6/lib/python2.7/site-packages:/cvmfs/cms.cern.ch/slc5_amd64_gcc472/external/py2-scipy/0.8.0-cms8/lib/python2.7/site-packages:/cvmfs/cms.cern.ch/slc5_amd64_gcc472/external/py2-matplotlib/1.0.1-cms8/lib/python2.7/site-packages:/cvmfs/cms.cern.ch/slc5_amd64_gcc472/external/python-ldap/2.3.5-cms6/lib/python2.7/site-packages:/cvmfs/cms.cern.ch/slc5_amd64_gcc472/external/sip/4.11.2-cms6/lib/python2.7/site-packages:/cvmfs/cms.cern.ch/slc5_amd64_gcc472/external/py2-pycurl/7.19.0-cms8/lib/python2.7/site-packages:/cvmfs/cms.cern.ch/slc5_amd64_gcc472/external/py2-numpy/1.6.1-cms8/lib/python2.7/site-packages:/cvmfs/cms.cern.ch/slc5_amd64_gcc472/external/py2-lint/0.25.1-cms6/lib/python2.7/site-packages:/cvmfs/cms.cern.ch/slc5_amd64_gcc472/external/py2-ipython/0.10-cms6/lib/python2.7/site-packages:/cvmfs/cms.cern.ch/slc5_amd64_gcc472/external/py2-cx-oracle/5.1-cms7/lib/python2.7/site-packages:/cvmfs/cms.cern.ch/slc5_amd64_gcc472/external/py2-cjson/1.0.5-cms6/lib/python2.7/site-packages:/cvmfs/cms.cern.ch/slc5_amd64_gcc472/cms/das-client/1.11.7/bin:/cvmfs/cms.cern.ch/slc5_amd64_gcc472/external/elementtree/1.2.6-cms6/share/lib/python2.7/site-packages:/cvmfs/cms.cern.ch/slc5_amd64_gcc472/external/rivet/1.8.2-cms8/lib/python2.7/site-packages:/cvmfs/cms.cern.ch/slc5_amd64_gcc472/external/pyminuit2/0.0.1-cms19/lib/python2.7/site-packages:/cvmfs/cms.cern.ch/slc5_amd64_gcc472/external/py2-pygithub/1.23.0/lib/python2.7/site-packages:/cvmfs/cms.cern.ch/slc5_amd64_gcc472/external/professor/1.0.0-cms19/lib/python2.7/site-packages:/cvmfs/cms.cern.ch/slc5_amd64_gcc472/lcg/root/5.34.07-cms/lib:/cvmfs/cms.cern.ch/slc5_amd64_gcc472/cms/dbs-client/DBS_2_1_9-cms5/lib:/cvmfs/cms.cern.ch/slc5_amd64_gcc472/cms/dbs-client/DBS_2_1_9-cms5/lib/DBSAPI:/cvmfs/cms.cern.ch/slc5_amd64_gcc472/external/cvs2git/5419-cms/lib:/home/cms040/home_cream_740848213/CREAM740848213/glide_VUcYgI/execute/dir_24488/
 
# LIMITS USED BY CRAB WATCHDOG:
# RSS  (KBytes)   : 2300000
# VSZ  (KBytes)   : 100000000
# DISK (MBytes)   : 19000
# CPU TIME        : 720h:0m:0s
# WALL CLOCK TIME : 21h:50m:0s
 
5854dd31cbd3cdec44c48628cc181cf0
PSETHASH = 5854dd31cbd3cdec44c48628cc181cf0
/home/cms040/home_cream_740848213/CREAM740848213/glide_VUcYgI/execute/dir_24488/writeCfg.py pset.py pset.py
Importing .py file
Setting parameters
RandomNumberGeneratorService found, will attempt to change seeds
inputBlocks=/calabria_SingleMuPt100_GEN-SIM-DIGI-RECO_CMSSW_6_2_0_SLHC12_2023Scenario_Case3/calabria-calabria_SingleMuPt100_GEN-SIM-DIGI-RECO_CMSSW_6_2_0_SLHC12_2023Scenario_Case3-7828650cf335f3b092f375624d26bb6d/USER#907ce174-7c2d-4b99-bcc9-5f402515d873
inputFiles=/store/user/calabria/calabria_SingleMuPt100_GEN-SIM-DIGI-RECO_CMSSW_6_2_0_SLHC12_2023Scenario_Case3/calabria_SingleMuPt100_GEN-SIM-DIGI-RECO_CMSSW_6_2_0_SLHC12_2023Scenario_Case3/7828650cf335f3b092f375624d26bb6d/out_reco_409_1_CgE.root;/store/user/calabria/calabria_SingleMuPt100_GEN-SIM-DIGI-RECO_CMSSW_6_2_0_SLHC12_2023Scenario_Case3/calabria_SingleMuPt100_GEN-SIM-DIGI-RECO_CMSSW_6_2_0_SLHC12_2023Scenario_Case3/7828650cf335f3b092f375624d26bb6d/out_reco_410_1_QKm.root;/store/user/calabria/calabria_SingleMuPt100_GEN-SIM-DIGI-RECO_CMSSW_6_2_0_SLHC12_2023Scenario_Case3/calabria_SingleMuPt100_GEN-SIM-DIGI-RECO_CMSSW_6_2_0_SLHC12_2023Scenario_Case3/7828650cf335f3b092f375624d26bb6d/out_reco_418_1_li5.root;/store/user/calabria/calabria_SingleMuPt100_GEN-SIM-DIGI-RECO_CMSSW_6_2_0_SLHC12_2023Scenario_Case3/calabria_SingleMuPt100_GEN-SIM-DIGI-RECO_CMSSW_6_2_0_SLHC12_2023Scenario_Case3/7828650cf335f3b092f375624d26bb6d/out_reco_419_1_GEW.root;/store/user/calabria/calabria_SingleMuPt100_GEN-SIM-DIGI-RECO_CMSSW_6_2_0_SLHC12_2023Scenario_Case3/calabria_SingleMuPt100_GEN-SIM-DIGI-RECO_CMSSW_6_2_0_SLHC12_2023Scenario_Case3/7828650cf335f3b092f375624d26bb6d/out_reco_420_1_EII.root;/store/user/calabria/calabria_SingleMuPt100_GEN-SIM-DIGI-RECO_CMSSW_6_2_0_SLHC12_2023Scenario_Case3/calabria_SingleMuPt100_GEN-SIM-DIGI-RECO_CMSSW_6_2_0_SLHC12_2023Scenario_Case3/7828650cf335f3b092f375624d26bb6d/out_reco_421_1_2u4.root;/store/user/calabria/calabria_SingleMuPt100_GEN-SIM-DIGI-RECO_CMSSW_6_2_0_SLHC12_2023Scenario_Case3/calabria_SingleMuPt100_GEN-SIM-DIGI-RECO_CMSSW_6_2_0_SLHC12_2023Scenario_Case3/7828650cf335f3b092f375624d26bb6d/out_reco_422_1_uxJ.root;/store/user/calabria/calabria_SingleMuPt100_GEN-SIM-DIGI-RECO_CMSSW_6_2_0_SLHC12_2023Scenario_Case3/calabria_SingleMuPt100_GEN-SIM-DIGI-RECO_CMSSW_6_2_0_SLHC12_2023Scenario_Case3/7828650cf335f3b092f375624d26bb6d/out_reco_429_1_fKW.root;/store/user/calabria/calabria_SingleMuPt100_GEN-SIM-DIGI-RECO_CMSSW_6_2_0_SLHC12_2023Scenario_Case3/calabria_SingleMuPt100_GEN-SIM-DIGI-RECO_CMSSW_6_2_0_SLHC12_2023Scenario_Case3/7828650cf335f3b092f375624d26bb6d/out_reco_431_1_ZTt.root;/store/user/calabria/calabria_SingleMuPt100_GEN-SIM-DIGI-RECO_CMSSW_6_2_0_SLHC12_2023Scenario_Case3/calabria_SingleMuPt100_GEN-SIM-DIGI-RECO_CMSSW_6_2_0_SLHC12_2023Scenario_Case3/7828650cf335f3b092f375624d26bb6d/out_reco_432_1_qAD.root
parentFiles=
lumisRange=
>>> Executable cmsRun
/cvmfs/cms.cern.ch/slc5_amd64_gcc472/cms/cmssw/CMSSW_6_2_0_SLHC12/bin/slc5_amd64_gcc472/cmsRun
ok executable found
>>> info for dashboard:
***** Cat /home/cms040/home_cream_740848213/CREAM740848213/glide_VUcYgI/execute/dir_24488/jobreport.txt *****
MonitorJobID=19_https://submit-4.t2.ucsd.edu//140616//222478.18
MonitorID=calabria_MuMinus100_Case3_ReReco_0fw46a
ExeStart=cmsRun
***** End Cat jobreport *****
Parameters sent to Dashboard.
>>> cmsRun started at Tue Jun 17 22:07:05 UTC 2014
>>> cmsRun ended at Tue Jun 17 22:12:28 UTC 2014
>>> crab_fjr_*.xml  permission set to 0704
>>> info for dashboard:
***** Cat /home/cms040/home_cream_740848213/CREAM740848213/glide_VUcYgI/execute/dir_24488/jobreport.txt *****
MonitorJobID=19_https://submit-4.t2.ucsd.edu//140616//222478.18
MonitorID=calabria_MuMinus100_Case3_ReReco_0fw46a
ExeEnd=cmsRun
***** End Cat jobreport *****
Parameters sent to Dashboard.
TIME_EXE = 323 sec
>>> cmsRun wrote 50 lines of stdout+stderr
>>> START OF printout of 50 lines from stdout+stderr
271 DQMStore::DQMStore 
HcalTopologyIdealEP::HcalTopologyIdealEP
18-Jun-2014 00:07:20 CEST  Initiating request to open file file:/lustre/cms//store/user/calabria/calabria_SingleMuPt100_GEN-SIM-DIGI-RECO_CMSSW_6_2_0_SLHC12_2023Scenario_Case3/calabria_SingleMuPt100_GEN-SIM-DIGI-RECO_CMSSW_6_2_0_SLHC12_2023Scenario_Case3/7828650cf335f3b092f375624d26bb6d/out_reco_409_1_CgE.root
18-Jun-2014 00:07:22 CEST  Successfully opened file file:/lustre/cms//store/user/calabria/calabria_SingleMuPt100_GEN-SIM-DIGI-RECO_CMSSW_6_2_0_SLHC12_2023Scenario_Case3/calabria_SingleMuPt100_GEN-SIM-DIGI-RECO_CMSSW_6_2_0_SLHC12_2023Scenario_Case3/7828650cf335f3b092f375624d26bb6d/out_reco_409_1_CgE.root
18-Jun-2014 00:07:54 CEST  Closed file file:/lustre/cms//store/user/calabria/calabria_SingleMuPt100_GEN-SIM-DIGI-RECO_CMSSW_6_2_0_SLHC12_2023Scenario_Case3/calabria_SingleMuPt100_GEN-SIM-DIGI-RECO_CMSSW_6_2_0_SLHC12_2023Scenario_Case3/7828650cf335f3b092f375624d26bb6d/out_reco_409_1_CgE.root
18-Jun-2014 00:07:54 CEST  Initiating request to open file file:/lustre/cms//store/user/calabria/calabria_SingleMuPt100_GEN-SIM-DIGI-RECO_CMSSW_6_2_0_SLHC12_2023Scenario_Case3/calabria_SingleMuPt100_GEN-SIM-DIGI-RECO_CMSSW_6_2_0_SLHC12_2023Scenario_Case3/7828650cf335f3b092f375624d26bb6d/out_reco_410_1_QKm.root
18-Jun-2014 00:07:54 CEST  Successfully opened file file:/lustre/cms//store/user/calabria/calabria_SingleMuPt100_GEN-SIM-DIGI-RECO_CMSSW_6_2_0_SLHC12_2023Scenario_Case3/calabria_SingleMuPt100_GEN-SIM-DIGI-RECO_CMSSW_6_2_0_SLHC12_2023Scenario_Case3/7828650cf335f3b092f375624d26bb6d/out_reco_410_1_QKm.root
18-Jun-2014 00:08:23 CEST  Closed file file:/lustre/cms//store/user/calabria/calabria_SingleMuPt100_GEN-SIM-DIGI-RECO_CMSSW_6_2_0_SLHC12_2023Scenario_Case3/calabria_SingleMuPt100_GEN-SIM-DIGI-RECO_CMSSW_6_2_0_SLHC12_2023Scenario_Case3/7828650cf335f3b092f375624d26bb6d/out_reco_410_1_QKm.root
18-Jun-2014 00:08:23 CEST  Initiating request to open file file:/lustre/cms//store/user/calabria/calabria_SingleMuPt100_GEN-SIM-DIGI-RECO_CMSSW_6_2_0_SLHC12_2023Scenario_Case3/calabria_SingleMuPt100_GEN-SIM-DIGI-RECO_CMSSW_6_2_0_SLHC12_2023Scenario_Case3/7828650cf335f3b092f375624d26bb6d/out_reco_418_1_li5.root
18-Jun-2014 00:08:23 CEST  Successfully opened file file:/lustre/cms//store/user/calabria/calabria_SingleMuPt100_GEN-SIM-DIGI-RECO_CMSSW_6_2_0_SLHC12_2023Scenario_Case3/calabria_SingleMuPt100_GEN-SIM-DIGI-RECO_CMSSW_6_2_0_SLHC12_2023Scenario_Case3/7828650cf335f3b092f375624d26bb6d/out_reco_418_1_li5.root
18-Jun-2014 00:08:53 CEST  Closed file file:/lustre/cms//store/user/calabria/calabria_SingleMuPt100_GEN-SIM-DIGI-RECO_CMSSW_6_2_0_SLHC12_2023Scenario_Case3/calabria_SingleMuPt100_GEN-SIM-DIGI-RECO_CMSSW_6_2_0_SLHC12_2023Scenario_Case3/7828650cf335f3b092f375624d26bb6d/out_reco_418_1_li5.root
18-Jun-2014 00:08:53 CEST  Initiating request to open file file:/lustre/cms//store/user/calabria/calabria_SingleMuPt100_GEN-SIM-DIGI-RECO_CMSSW_6_2_0_SLHC12_2023Scenario_Case3/calabria_SingleMuPt100_GEN-SIM-DIGI-RECO_CMSSW_6_2_0_SLHC12_2023Scenario_Case3/7828650cf335f3b092f375624d26bb6d/out_reco_419_1_GEW.root
18-Jun-2014 00:08:53 CEST  Successfully opened file file:/lustre/cms//store/user/calabria/calabria_SingleMuPt100_GEN-SIM-DIGI-RECO_CMSSW_6_2_0_SLHC12_2023Scenario_Case3/calabria_SingleMuPt100_GEN-SIM-DIGI-RECO_CMSSW_6_2_0_SLHC12_2023Scenario_Case3/7828650cf335f3b092f375624d26bb6d/out_reco_419_1_GEW.root
18-Jun-2014 00:09:22 CEST  Closed file file:/lustre/cms//store/user/calabria/calabria_SingleMuPt100_GEN-SIM-DIGI-RECO_CMSSW_6_2_0_SLHC12_2023Scenario_Case3/calabria_SingleMuPt100_GEN-SIM-DIGI-RECO_CMSSW_6_2_0_SLHC12_2023Scenario_Case3/7828650cf335f3b092f375624d26bb6d/out_reco_419_1_GEW.root
18-Jun-2014 00:09:22 CEST  Initiating request to open file file:/lustre/cms//store/user/calabria/calabria_SingleMuPt100_GEN-SIM-DIGI-RECO_CMSSW_6_2_0_SLHC12_2023Scenario_Case3/calabria_SingleMuPt100_GEN-SIM-DIGI-RECO_CMSSW_6_2_0_SLHC12_2023Scenario_Case3/7828650cf335f3b092f375624d26bb6d/out_reco_420_1_EII.root
18-Jun-2014 00:09:22 CEST  Successfully opened file file:/lustre/cms//store/user/calabria/calabria_SingleMuPt100_GEN-SIM-DIGI-RECO_CMSSW_6_2_0_SLHC12_2023Scenario_Case3/calabria_SingleMuPt100_GEN-SIM-DIGI-RECO_CMSSW_6_2_0_SLHC12_2023Scenario_Case3/7828650cf335f3b092f375624d26bb6d/out_reco_420_1_EII.root
18-Jun-2014 00:09:51 CEST  Closed file file:/lustre/cms//store/user/calabria/calabria_SingleMuPt100_GEN-SIM-DIGI-RECO_CMSSW_6_2_0_SLHC12_2023Scenario_Case3/calabria_SingleMuPt100_GEN-SIM-DIGI-RECO_CMSSW_6_2_0_SLHC12_2023Scenario_Case3/7828650cf335f3b092f375624d26bb6d/out_reco_420_1_EII.root
18-Jun-2014 00:09:51 CEST  Initiating request to open file file:/lustre/cms//store/user/calabria/calabria_SingleMuPt100_GEN-SIM-DIGI-RECO_CMSSW_6_2_0_SLHC12_2023Scenario_Case3/calabria_SingleMuPt100_GEN-SIM-DIGI-RECO_CMSSW_6_2_0_SLHC12_2023Scenario_Case3/7828650cf335f3b092f375624d26bb6d/out_reco_421_1_2u4.root
18-Jun-2014 00:09:51 CEST  Successfully opened file file:/lustre/cms//store/user/calabria/calabria_SingleMuPt100_GEN-SIM-DIGI-RECO_CMSSW_6_2_0_SLHC12_2023Scenario_Case3/calabria_SingleMuPt100_GEN-SIM-DIGI-RECO_CMSSW_6_2_0_SLHC12_2023Scenario_Case3/7828650cf335f3b092f375624d26bb6d/out_reco_421_1_2u4.root
18-Jun-2014 00:10:22 CEST  Closed file file:/lustre/cms//store/user/calabria/calabria_SingleMuPt100_GEN-SIM-DIGI-RECO_CMSSW_6_2_0_SLHC12_2023Scenario_Case3/calabria_SingleMuPt100_GEN-SIM-DIGI-RECO_CMSSW_6_2_0_SLHC12_2023Scenario_Case3/7828650cf335f3b092f375624d26bb6d/out_reco_421_1_2u4.root
18-Jun-2014 00:10:22 CEST  Initiating request to open file file:/lustre/cms//store/user/calabria/calabria_SingleMuPt100_GEN-SIM-DIGI-RECO_CMSSW_6_2_0_SLHC12_2023Scenario_Case3/calabria_SingleMuPt100_GEN-SIM-DIGI-RECO_CMSSW_6_2_0_SLHC12_2023Scenario_Case3/7828650cf335f3b092f375624d26bb6d/out_reco_422_1_uxJ.root
18-Jun-2014 00:10:22 CEST  Successfully opened file file:/lustre/cms//store/user/calabria/calabria_SingleMuPt100_GEN-SIM-DIGI-RECO_CMSSW_6_2_0_SLHC12_2023Scenario_Case3/calabria_SingleMuPt100_GEN-SIM-DIGI-RECO_CMSSW_6_2_0_SLHC12_2023Scenario_Case3/7828650cf335f3b092f375624d26bb6d/out_reco_422_1_uxJ.root
18-Jun-2014 00:10:51 CEST  Closed file file:/lustre/cms//store/user/calabria/calabria_SingleMuPt100_GEN-SIM-DIGI-RECO_CMSSW_6_2_0_SLHC12_2023Scenario_Case3/calabria_SingleMuPt100_GEN-SIM-DIGI-RECO_CMSSW_6_2_0_SLHC12_2023Scenario_Case3/7828650cf335f3b092f375624d26bb6d/out_reco_422_1_uxJ.root
18-Jun-2014 00:10:51 CEST  Initiating request to open file file:/lustre/cms//store/user/calabria/calabria_SingleMuPt100_GEN-SIM-DIGI-RECO_CMSSW_6_2_0_SLHC12_2023Scenario_Case3/calabria_SingleMuPt100_GEN-SIM-DIGI-RECO_CMSSW_6_2_0_SLHC12_2023Scenario_Case3/7828650cf335f3b092f375624d26bb6d/out_reco_429_1_fKW.root
18-Jun-2014 00:10:51 CEST  Successfully opened file file:/lustre/cms//store/user/calabria/calabria_SingleMuPt100_GEN-SIM-DIGI-RECO_CMSSW_6_2_0_SLHC12_2023Scenario_Case3/calabria_SingleMuPt100_GEN-SIM-DIGI-RECO_CMSSW_6_2_0_SLHC12_2023Scenario_Case3/7828650cf335f3b092f375624d26bb6d/out_reco_429_1_fKW.root
18-Jun-2014 00:11:21 CEST  Closed file file:/lustre/cms//store/user/calabria/calabria_SingleMuPt100_GEN-SIM-DIGI-RECO_CMSSW_6_2_0_SLHC12_2023Scenario_Case3/calabria_SingleMuPt100_GEN-SIM-DIGI-RECO_CMSSW_6_2_0_SLHC12_2023Scenario_Case3/7828650cf335f3b092f375624d26bb6d/out_reco_429_1_fKW.root
18-Jun-2014 00:11:21 CEST  Initiating request to open file file:/lustre/cms//store/user/calabria/calabria_SingleMuPt100_GEN-SIM-DIGI-RECO_CMSSW_6_2_0_SLHC12_2023Scenario_Case3/calabria_SingleMuPt100_GEN-SIM-DIGI-RECO_CMSSW_6_2_0_SLHC12_2023Scenario_Case3/7828650cf335f3b092f375624d26bb6d/out_reco_431_1_ZTt.root
18-Jun-2014 00:11:21 CEST  Successfully opened file file:/lustre/cms//store/user/calabria/calabria_SingleMuPt100_GEN-SIM-DIGI-RECO_CMSSW_6_2_0_SLHC12_2023Scenario_Case3/calabria_SingleMuPt100_GEN-SIM-DIGI-RECO_CMSSW_6_2_0_SLHC12_2023Scenario_Case3/7828650cf335f3b092f375624d26bb6d/out_reco_431_1_ZTt.root
18-Jun-2014 00:11:51 CEST  Closed file file:/lustre/cms//store/user/calabria/calabria_SingleMuPt100_GEN-SIM-DIGI-RECO_CMSSW_6_2_0_SLHC12_2023Scenario_Case3/calabria_SingleMuPt100_GEN-SIM-DIGI-RECO_CMSSW_6_2_0_SLHC12_2023Scenario_Case3/7828650cf335f3b092f375624d26bb6d/out_reco_431_1_ZTt.root
18-Jun-2014 00:11:51 CEST  Initiating request to open file file:/lustre/cms//store/user/calabria/calabria_SingleMuPt100_GEN-SIM-DIGI-RECO_CMSSW_6_2_0_SLHC12_2023Scenario_Case3/calabria_SingleMuPt100_GEN-SIM-DIGI-RECO_CMSSW_6_2_0_SLHC12_2023Scenario_Case3/7828650cf335f3b092f375624d26bb6d/out_reco_432_1_qAD.root
18-Jun-2014 00:11:51 CEST  Successfully opened file file:/lustre/cms//store/user/calabria/calabria_SingleMuPt100_GEN-SIM-DIGI-RECO_CMSSW_6_2_0_SLHC12_2023Scenario_Case3/calabria_SingleMuPt100_GEN-SIM-DIGI-RECO_CMSSW_6_2_0_SLHC12_2023Scenario_Case3/7828650cf335f3b092f375624d26bb6d/out_reco_432_1_qAD.root
18-Jun-2014 00:12:27 CEST  Closed file file:/lustre/cms//store/user/calabria/calabria_SingleMuPt100_GEN-SIM-DIGI-RECO_CMSSW_6_2_0_SLHC12_2023Scenario_Case3/calabria_SingleMuPt100_GEN-SIM-DIGI-RECO_CMSSW_6_2_0_SLHC12_2023Scenario_Case3/7828650cf335f3b092f375624d26bb6d/out_reco_432_1_qAD.root

=============================================

MessageLogger Summary

 type     category        sev    module        subroutine        count    total
 ---- -------------------- -- ---------------- ----------------  -----    -----
    1 fileAction           -s file_close                            10       10
    2 fileAction           -s file_open                             20       20

 type    category    Examples: run/evt        run/evt          run/evt
 ---- -------------------- ---------------- ---------------- ----------------
    1 fileAction           PostProcessEvent PostProcessEvent PostEndRun
    2 fileAction           pre-events       pre-events       PostProcessEvent

Severity    # Occurrences   Total Occurrences
--------    -------------   -----------------
System                 30                  30
>>> END OF printout of 50 lines from stdout+stderr
>>> Parse FrameworkJobReport crab_fjr.xml
Result of parsing the FrameworkJobReport crab_fjr.xml: Popularity start
lumisRange : 1::::1;1::::2;1::::3;1::::4;1::::5;1::::6;1::::7;1::::8;1::::9;1::::10;
lumisParentRange : 
Basename : /store/user/calabria/calabria_SingleMuPt100_GEN-SIM-DIGI-RECO_CMSSW_6_2_0_SLHC12_2023Scenario_Case3/calabria_SingleMuPt100_GEN-SIM-DIGI-RECO_CMSSW_6_2_0_SLHC12_2023Scenario_Case3/7828650cf335f3b092f375624d26bb6d/out_reco_4
BasenameParent : 
parentFiles : 
inputBlocks : /calabria_SingleMuPt100_GEN-SIM-DIGI-RECO_CMSSW_6_2_0_SLHC12_2023Scenario_Case3/calabria-calabria_SingleMuPt100_GEN-SIM-DIGI-RECO_CMSSW_6_2_0_SLHC12_2023Scenario_Case3-7828650cf335f3b092f375624d26bb6d/USER#907ce174-7c2d-4b99-bcc9-5f402515d873
inputFiles : 32_1_qAD.root::1::EDM::Local::1;20_1_EII.root::1::EDM::Local::2;18_1_li5.root::1::EDM::Local::3;22_1_uxJ.root::1::EDM::Local::4;09_1_CgE.root::1::EDM::Local::5;10_1_QKm.root::1::EDM::Local::6;21_1_2u4.root::1::EDM::Local::7;29_1_fKW.root::1::EDM::Local::8;31_1_ZTt.root::1::EDM::Local::9;19_1_GEW.root::1::EDM::Local::10;
Popularity stop
Extracted ExitStatus from FrameworkJobReport parsing output: 0
>>> Executable succeded  0
ExeExitCode=0
EXECUTABLE_EXIT_STATUS = 0
>>> current directory /home/cms040/home_cream_740848213/CREAM740848213/glide_VUcYgI/execute/dir_24488/CMSSW_6_2_0_SLHC12
>>>  (SOFTWARE_DIR): /home/cms040/home_cream_740848213/CREAM740848213/glide_VUcYgI/execute/dir_24488/CMSSW_6_2_0_SLHC12
>>> (WORKING_DIR): 
>>> current directory content:
total 10664
drwxr-xr-x 3 cms040 cms    4096 Jun 18 00:06 .SCRAM
-rw------- 1 cms040 cms 3740221 Jun 18 00:06 CMSSW.py.pkl
drwxr-xr-x 3 cms040 cms    4096 Jun 18 00:06 bin
drwxr-xr-x 3 cms040 cms    4096 Jun 18 00:06 cfipython
drwxr-xr-x 4 cms040 cms    4096 Jun 18 00:06 config
-rw------- 1 cms040 cms      16 Jun 18 00:12 cpu_timing.txt
drwxr-xr-x 2 cms040 cms    4096 Jun 18 00:06 doc
-rw------- 1 cms040 cms    9985 Jun 18 00:12 executable.out
drwxr-xr-x 2 cms040 cms    4096 Jun 18 00:06 include
drwx------ 3 cms040 cms    4096 Apr 28 18:12 lib
drwxr-xr-x 3 cms040 cms    4096 Jun 18 00:06 logs
drwxr-xr-x 3 cms040 cms    4096 Jun 18 00:06 objs
-rw------- 1 cms040 cms     104 Jun 18 00:06 pset.py
-rw------- 1 cms040 cms 3712332 Jun 18 00:07 pset.py.pkl
-rw------- 1 cms040 cms     289 Jun 18 00:06 pset.pyc
drwxr-xr-x 2 cms040 cms    4096 Jun 18 00:06 python
-rw------- 1 cms040 cms     413 Jun 18 00:12 report.log
drwx------ 6 cms040 cms    4096 Jun 18 00:06 src
drwxr-xr-x 3 cms040 cms    4096 Jun 18 00:06 test
drwxr-xr-x 3 cms040 cms    4096 Jun 18 00:06 tmp
-rw------- 1 cms040 cms 3365338 Jun 18 00:12 validationEDM.root
>>> current directory /home/cms040/home_cream_740848213/CREAM740848213/glide_VUcYgI/execute/dir_24488/CMSSW_6_2_0_SLHC12
>>> (SOFTWARE_DIR): /home/cms040/home_cream_740848213/CREAM740848213/glide_VUcYgI/execute/dir_24488/CMSSW_6_2_0_SLHC12
>>> (WORKING_DIR): 
>>> current directory content:
total 10664
drwxr-xr-x 3 cms040 cms    4096 Jun 18 00:06 .SCRAM
-rw------- 1 cms040 cms 3740221 Jun 18 00:06 CMSSW.py.pkl
drwxr-xr-x 3 cms040 cms    4096 Jun 18 00:06 bin
drwxr-xr-x 3 cms040 cms    4096 Jun 18 00:06 cfipython
drwxr-xr-x 4 cms040 cms    4096 Jun 18 00:06 config
-rw------- 1 cms040 cms      16 Jun 18 00:12 cpu_timing.txt
drwxr-xr-x 2 cms040 cms    4096 Jun 18 00:06 doc
-rw------- 1 cms040 cms    9985 Jun 18 00:12 executable.out
drwxr-xr-x 2 cms040 cms    4096 Jun 18 00:06 include
drwx------ 3 cms040 cms    4096 Apr 28 18:12 lib
drwxr-xr-x 3 cms040 cms    4096 Jun 18 00:06 logs
drwxr-xr-x 3 cms040 cms    4096 Jun 18 00:06 objs
-rw------- 1 cms040 cms     104 Jun 18 00:06 pset.py
-rw------- 1 cms040 cms 3712332 Jun 18 00:07 pset.py.pkl
-rw------- 1 cms040 cms     289 Jun 18 00:06 pset.pyc
drwxr-xr-x 2 cms040 cms    4096 Jun 18 00:06 python
-rw------- 1 cms040 cms     413 Jun 18 00:12 report.log
drwx------ 6 cms040 cms    4096 Jun 18 00:06 src
drwxr-xr-x 3 cms040 cms    4096 Jun 18 00:06 test
drwxr-xr-x 3 cms040 cms    4096 Jun 18 00:06 tmp
-rw------- 1 cms040 cms 3365338 Jun 18 00:12 validationEDM_19_1_nEj.root
>>> current directory (RUNTIME_AREA):  /home/cms040/home_cream_740848213/CREAM740848213/glide_VUcYgI/execute/dir_24488
SE = storm-se-01.ba.infn.it
SE_PATH = /srm/managerv2?SFN=//cms/store/user/calabria/calabria_SingleMuPt100_GEN-SIM-DIGI-RECO_CMSSW_6_2_0_SLHC12_2023Scenario_Case3/calabria_MuMinus100_GEN-SIM-DIGI-RECO_CMSSW_6_2_0_SLHC12_2023Scenario_VALNOPU2_Case3/5854dd31cbd3cdec44c48628cc181cf0/
LFNBaseName = /store/user/calabria/calabria_SingleMuPt100_GEN-SIM-DIGI-RECO_CMSSW_6_2_0_SLHC12_2023Scenario_Case3/calabria_MuMinus100_GEN-SIM-DIGI-RECO_CMSSW_6_2_0_SLHC12_2023Scenario_VALNOPU2_Case3/5854dd31cbd3cdec44c48628cc181cf0/
USER = calabria
endpoint = srm://storm-se-01.ba.infn.it:8444/srm/managerv2?SFN=//cms/store/user/calabria/calabria_SingleMuPt100_GEN-SIM-DIGI-RECO_CMSSW_6_2_0_SLHC12_2023Scenario_Case3/calabria_MuMinus100_GEN-SIM-DIGI-RECO_CMSSW_6_2_0_SLHC12_2023Scenario_VALNOPU2_Case3/5854dd31cbd3cdec44c48628cc181cf0/
>>> Copy output files from WN = wn-recas-uniba-17.ba.infn.it to /srm/managerv2?SFN=//cms/store/user/calabria/calabria_SingleMuPt100_GEN-SIM-DIGI-RECO_CMSSW_6_2_0_SLHC12_2023Scenario_Case3/calabria_MuMinus100_GEN-SIM-DIGI-RECO_CMSSW_6_2_0_SLHC12_2023Scenario_VALNOPU2_Case3/5854dd31cbd3cdec44c48628cc181cf0/ :
python cmscp.py  --destination srm://storm-se-01.ba.infn.it:8444/srm/managerv2?SFN=//cms/store/user/calabria/calabria_SingleMuPt100_GEN-SIM-DIGI-RECO_CMSSW_6_2_0_SLHC12_2023Scenario_Case3/calabria_MuMinus100_GEN-SIM-DIGI-RECO_CMSSW_6_2_0_SLHC12_2023Scenario_VALNOPU2_Case3/5854dd31cbd3cdec44c48628cc181cf0/ --inputFileList /home/cms040/home_cream_740848213/CREAM740848213/glide_VUcYgI/execute/dir_24488/CMSSW_6_2_0_SLHC12/validationEDM_19_1_nEj.root --middleware LCG --se_name storm-se-01.ba.infn.it --for_lfn /store/user/calabria/calabria_SingleMuPt100_GEN-SIM-DIGI-RECO_CMSSW_6_2_0_SLHC12_2023Scenario_Case3/calabria_MuMinus100_GEN-SIM-DIGI-RECO_CMSSW_6_2_0_SLHC12_2023Scenario_VALNOPU2_Case3/5854dd31cbd3cdec44c48628cc181cf0/    
******************************************************
localSeName  =  storm-se-01.ba.infn.it
remoteSeName =  storm-se-01.ba.infn.it
******************************************************
{"/home/cms040/home_cream_740848213/CREAM740848213/glide_VUcYgI/execute/dir_24488/CMSSW_6_2_0_SLHC12/validationEDM_19_1_nEj.root": {"endpoint": "srm://storm-se-01.ba.infn.it:8444/srm/managerv2?SFN=//cms/store/user/calabria/calabria_SingleMuPt100_GEN-SIM-DIGI-RECO_CMSSW_6_2_0_SLHC12_2023Scenario_Case3/calabria_MuMinus100_GEN-SIM-DIGI-RECO_CMSSW_6_2_0_SLHC12_2023Scenario_VALNOPU2_Case3/5854dd31cbd3cdec44c48628cc181cf0/", "surl_for_grid": "", "reason": "Copy succedeed with srm-lcg utils", "erCode": "0", "se_name": "storm-se-01.ba.infn.it", "for_lfn": "/store/user/calabria/calabria_SingleMuPt100_GEN-SIM-DIGI-RECO_CMSSW_6_2_0_SLHC12_2023Scenario_Case3/calabria_MuMinus100_GEN-SIM-DIGI-RECO_CMSSW_6_2_0_SLHC12_2023Scenario_VALNOPU2_Case3/5854dd31cbd3cdec44c48628cc181cf0/"}}/home/cms040/home_cream_740848213/CREAM740848213/glide_VUcYgI/execute/dir_24488
-------- cat /home/cms040/home_cream_740848213/CREAM740848213/glide_VUcYgI/execute/dir_24488/cmscpReport.sh 
#!/bin/bash
echo "Report for File: /home/cms040/home_cream_740848213/CREAM740848213/glide_VUcYgI/execute/dir_24488/CMSSW_6_2_0_SLHC12/validationEDM_19_1_nEj.root"
echo "LFN: /store/user/calabria/calabria_SingleMuPt100_GEN-SIM-DIGI-RECO_CMSSW_6_2_0_SLHC12_2023Scenario_Case3/calabria_MuMinus100_GEN-SIM-DIGI-RECO_CMSSW_6_2_0_SLHC12_2023Scenario_VALNOPU2_Case3/5854dd31cbd3cdec44c48628cc181cf0/validationEDM_19_1_nEj.root"
echo "StorageElement: storm-se-01.ba.infn.it"
echo "StageOutExitStatusReason = 'Copy succedeed with srm-lcg utils'" | tee -a $RUNTIME_AREA/$repo
echo "StageOutSE = storm-se-01.ba.infn.it" >> $RUNTIME_AREA/$repo

export StageOutExitStatus=0
echo "StageOutExitStatus = 0" | tee -a $RUNTIME_AREA/$repo
-------- end of /home/cms040/home_cream_740848213/CREAM740848213/glide_VUcYgI/execute/dir_24488/cmscpReport.sh 
Report for File: /home/cms040/home_cream_740848213/CREAM740848213/glide_VUcYgI/execute/dir_24488/CMSSW_6_2_0_SLHC12/validationEDM_19_1_nEj.root
LFN: /store/user/calabria/calabria_SingleMuPt100_GEN-SIM-DIGI-RECO_CMSSW_6_2_0_SLHC12_2023Scenario_Case3/calabria_MuMinus100_GEN-SIM-DIGI-RECO_CMSSW_6_2_0_SLHC12_2023Scenario_VALNOPU2_Case3/5854dd31cbd3cdec44c48628cc181cf0/validationEDM_19_1_nEj.root
StorageElement: storm-se-01.ba.infn.it
StageOutExitStatusReason = 'Copy succedeed with srm-lcg utils'
StageOutExitStatus = 0
>>> current dir: /home/cms040/home_cream_740848213/CREAM740848213/glide_VUcYgI/execute/dir_24488
>>> current dir content:
total 28080
-rw-------  1 cms040 cms     2791 Jun 18 00:13 .SEinteraction.log
-rwx------  1 cms040 cms     6899 Jun 18 00:06 .job.ad
-rwx------  1 cms040 cms     9498 Jun 18 00:06 .machine.ad
-rw-------  1 cms040 cms      105 Jun 16 20:46 CMSSW.py
-rw-------  1 cms040 cms  3740221 Jun 16 20:46 CMSSW.py.pkl
-rwx------  1 cms040 cms    29569 Jun 18 00:06 CMSSW.sh
drwxr-xr-x 15 cms040 cms     4096 Jun 18 00:12 CMSSW_6_2_0_SLHC12
-rw-------  1 cms040 cms      220 Jun 18 00:06 CacheEnv.sh
-rw-------  1 cms040 cms     7291 Apr  4 11:04 DashboardAPI.py
-rw-------  1 cms040 cms     6815 Jun 18 00:06 DashboardAPI.pyc
drwx------  2 cms040 cms     4096 Jun 18 00:12 IMProv
-rw-------  1 cms040 cms     2748 Apr  4 11:04 Logger.py
-rw-------  1 cms040 cms     3347 Jun 18 00:06 Logger.pyc
-rw-------  1 cms040 cms    24524 Apr  4 11:04 ProcInfo.py
-rw-------  1 cms040 cms    23197 Jun 18 00:06 ProcInfo.pyc
drwx------  7 cms040 cms     4096 Jun 18 00:06 ProdCommon
drwx------  3 cms040 cms     4096 Jun 18 00:06 WMCore
-rw-------  1 cms040 cms     2515 Jun 18 00:13 Watchdog_19.log
-rwx------  1 cms040 cms        0 Jun 18 00:06 _condor_stderr
-rwx---r--  1 cms040 cms    29573 Jun 18 00:13 _condor_stdout
-rw-------  1 cms040 cms    32895 Apr  4 11:04 apmon.py
-rw-------  1 cms040 cms    28625 Jun 18 00:06 apmon.pyc
-rwx------  1 cms040 cms    53877 Jun 18 00:06 arguments.xml
-rwx------  1 cms040 cms    38515 Apr  4 11:04 cmscp.py
-rw-------  1 cms040 cms      720 Jun 18 00:13 cmscpReport.sh
-rwx------  1 cms040 cms    29569 Jun 18 00:06 condor_exec.exe
-rw-------  1 cms040 cms      963 Jun 16 20:46 crab.cfg
-rwx------  1 cms040 cms     8610 Apr  4 11:04 crabWatchdog.sh
-rwx---r--  1 cms040 cms   523360 Jun 18 00:12 crab_fjr_19.xml
-rwx------  1 cms040 cms 23958839 Jun 18 00:06 default.tgz
-rwx------  1 cms040 cms     4488 Apr  4 11:04 fillCrabFjr.py
-rw-------  1 cms040 cms     2651 Jun 18 00:06 inputsReport.txt
-rw-------  1 cms040 cms      262 Jun 18 00:13 jobreport.txt
-rw-------  1 cms040 cms    17352 Apr  4 11:04 parseCrabFjr.py
-rw-------  1 cms040 cms      339 Jun 18 00:06 report.log
-rwx--x--x  1 cms040 cms     1497 Apr  4 11:04 report.py
-rw-------  1 cms040 cms      776 Jun 18 00:13 resultCopyFile
lrwxrwxrwx  1 cms040 cms      126 Jun 18 00:12 validationEDM.root -> /home/cms040/home_cream_740848213/CREAM740848213/glide_VUcYgI/execute/dir_24488/CMSSW_6_2_0_SLHC12/validationEDM_19_1_nEj.root
-rwx------  1 cms040 cms     8387 Apr  4 11:04 writeCfg.py
-rw-------  1 cms040 cms     8010 Jun 18 00:06 x509up_u50707
>>> Modify Job Report:
CMSSW_VERSION = CMSSW_6_2_0_SLHC12
ProcessedDataset = calabria_MuMinus100_GEN-SIM-DIGI-RECO_CMSSW_6_2_0_SLHC12_2023Scenario_VALNOPU2_Case3
/home/cms040/home_cream_740848213/CREAM740848213/glide_VUcYgI/execute/dir_24488/ProdCommon/FwkJobRep/ModifyJobReport.py fjr /home/cms040/home_cream_740848213/CREAM740848213/glide_VUcYgI/execute/dir_24488/crab_fjr_19.xml json /home/cms040/home_cream_740848213/CREAM740848213/glide_VUcYgI/execute/dir_24488/resultCopyFile n_job 19_1_nEj PrimaryDataset calabria_SingleMuPt100_GEN-SIM-DIGI-RECO_CMSSW_6_2_0_SLHC12_2023Scenario_Case3  ApplicationFamily cmsRun ApplicationName cmsRun cmssw_version CMSSW_6_2_0_SLHC12 psethash 5854dd31cbd3cdec44c48628cc181cf0 UserProcessedDataset calabria-calabria_MuMinus100_GEN-SIM-DIGI-RECO_CMSSW_6_2_0_SLHC12_2023Scenario_VALNOPU2_Case3-5854dd31cbd3cdec44c48628cc181cf0
inputDict =  {u'/home/cms040/home_cream_740848213/CREAM740848213/glide_VUcYgI/execute/dir_24488/CMSSW_6_2_0_SLHC12/validationEDM_19_1_nEj.root': {u'endpoint': u'srm://storm-se-01.ba.infn.it:8444/srm/managerv2?SFN=//cms/store/user/calabria/calabria_SingleMuPt100_GEN-SIM-DIGI-RECO_CMSSW_6_2_0_SLHC12_2023Scenario_Case3/calabria_MuMinus100_GEN-SIM-DIGI-RECO_CMSSW_6_2_0_SLHC12_2023Scenario_VALNOPU2_Case3/5854dd31cbd3cdec44c48628cc181cf0/', u'surl_for_grid': u'', u'reason': u'Copy succedeed with srm-lcg utils', u'erCode': u'0', u'se_name': u'storm-se-01.ba.infn.it', u'for_lfn': u'/store/user/calabria/calabria_SingleMuPt100_GEN-SIM-DIGI-RECO_CMSSW_6_2_0_SLHC12_2023Scenario_Case3/calabria_MuMinus100_GEN-SIM-DIGI-RECO_CMSSW_6_2_0_SLHC12_2023Scenario_VALNOPU2_Case3/5854dd31cbd3cdec44c48628cc181cf0/'}}
UserProcessedDataset =  calabria-calabria_MuMinus100_GEN-SIM-DIGI-RECO_CMSSW_6_2_0_SLHC12_2023Scenario_VALNOPU2_Case3-5854dd31cbd3cdec44c48628cc181cf0
file_name in inputDict =  /home/cms040/home_cream_740848213/CREAM740848213/glide_VUcYgI/execute/dir_24488/CMSSW_6_2_0_SLHC12/validationEDM_19_1_nEj.root
(size) os.stat(filename)[6] =  3365338
checksum =  3730155946
    file =  validationEDM_19_1_nEj.root
    newPfn =  srm://storm-se-01.ba.infn.it:8444/srm/managerv2?SFN=//cms/store/user/calabria/calabria_SingleMuPt100_GEN-SIM-DIGI-RECO_CMSSW_6_2_0_SLHC12_2023Scenario_Case3/calabria_MuMinus100_GEN-SIM-DIGI-RECO_CMSSW_6_2_0_SLHC12_2023Scenario_VALNOPU2_Case3/5854dd31cbd3cdec44c48628cc181cf0/validationEDM_19_1_nEj.root
    newLfn =  /store/user/calabria/calabria_SingleMuPt100_GEN-SIM-DIGI-RECO_CMSSW_6_2_0_SLHC12_2023Scenario_Case3/calabria_MuMinus100_GEN-SIM-DIGI-RECO_CMSSW_6_2_0_SLHC12_2023Scenario_VALNOPU2_Case3/5854dd31cbd3cdec44c48628cc181cf0/validationEDM_19_1_nEj.root
>>> crab_fjr_*.xml  permission set to 0704
CrabWrapper EXIT_FUNC entered at Wed Jun 18 00:13:23 CEST 2014   -  Tue Jun 17 22:13:23 UTC 2014
Checking output files:  
will tar file crab_fjr_19.xml in  out_files_19
WARNING: output file CMSSW_19.stdout not found!
WARNING: output file CMSSW_19.stderr not found!
WARNING: output file Watchdog_19.log.gz not found!
>>> padding time: Sleeping the wrapper for 199 seconds
STOPPING WATCHDOG. CrabWatchdog PID is 24687
********** LAST 50 LINES OF WATCHDOG LOG
# RESOURCE USAGE SUMMARY FOR PROCESS ID 24503
USER       PID %CPU %MEM    VSZ   RSS TTY      STAT START   TIME COMMAND
cms040   24503  0.2  0.0   9500  1596 ?        S    00:06   0:00 /bin/sh /home/cms040/home_cream_740848213/CREAM740848213/glide_VUcYgI/execute/dir_24488/condor_exec.exe 19 1
 
# LIMITS USED BY CRAB WATCHDOG:
# RSS  (KBytes)   : 2300000
# VSZ  (KBytes)   : 100000000
# DISK (MBytes)   : 19000
# CPU TIME        : 720h:0m:0s
# WALL CLOCK TIME : 21h:50m:0s
 
# FOLLOWING PRINTOUT TRACKS MAXIMUM VALUES OF RESOURCES USE
# ONE LINE IS PRINTED EACH TIME A MAXIMUM CHANGES
# IF CHANGE WAS IN RSS OR VSZ ALSO PROCID AND COMMAND ARE PRINTED
# THERE IS NO PRINTOUT FOR CPU/WALL TIME INCREASE
 
# TIME			PID	RSS(KB)	VSZ(KB)	Dsk(MB)	tCPU(s)	tWALL(s)	COMMAND
 Jun 18 00:06:49 CEST	1858	1256	106092	0	0	0	sh -c "./glidein_startup.sh" -v std -name v1_3 -entry CMS_T2_IT_Bari_ce2 -clientname UCSD-v1_0.main
 Jun 18 00:06:49 CEST	1862	1776	106492	0	0	0	/bin/bash ./glidein_startup.sh -v std -name v1_3 -entry CMS_T2_IT_Bari_ce2 -clientname UCSD-v1_0.main -schedd
 Jun 18 00:06:49 CEST	7035	8000	106492	0	0	1	/home/cms040/home_cream_740848213/CREAM740848213/glide_VUcYgI/main/condor/sbin/condor_master -f -pidfile /home/cms040/home_cream_740848213/CREAM740848213/glide_VUcYgI/condor_master2.pid       
 Jun 18 00:06:49 CEST	7046	8708	106492	0	3	2	condor_startd -f         
 Jun 18 00:06:49 CEST	24702	77468	138264	0	3	3	edmConfigHash pset.py         
 Jun 18 00:06:49 CEST	---	77468	138264	171	----	----	----
 Jun 18 00:07:52 CEST	25072	751240	945976	171	41	66	cmsRun -j /home/cms040/home_cream_740848213/CREAM740848213/glide_VUcYgI/execute/dir_24488/crab_fjr_19.xml -p pset.py      
 Jun 18 00:07:52 CEST	---	751240	945976	175	----	----	----
 Jun 18 00:08:55 CEST	25072	799188	1014840	175	89	129	cmsRun -j /home/cms040/home_cream_740848213/CREAM740848213/glide_VUcYgI/execute/dir_24488/crab_fjr_19.xml -p pset.py      
 Jun 18 00:09:58 CEST	25072	805480	1021240	175	136	190	cmsRun -j /home/cms040/home_cream_740848213/CREAM740848213/glide_VUcYgI/execute/dir_24488/crab_fjr_19.xml -p pset.py      
 Jun 18 00:11:00 CEST	25072	805948	1021240	175	187	254	cmsRun -j /home/cms040/home_cream_740848213/CREAM740848213/glide_VUcYgI/execute/dir_24488/crab_fjr_19.xml -p pset.py      
 Jun 18 00:12:03 CEST	25072	813380	1029716	175	238	317	cmsRun -j /home/cms040/home_cream_740848213/CREAM740848213/glide_VUcYgI/execute/dir_24488/crab_fjr_19.xml -p pset.py      
 Jun 18 00:13:06 CEST	---	813380	1029716	179	----	----	----
********** WATCHDOG LOG ENDED
ZIPPING WATCHDOG LOG
Disk space used:
du -sh /home/cms040/home_cream_740848213/CREAM740848213/glide_VUcYgI/execute/dir_24488
179M	/home/cms040/home_cream_740848213/CREAM740848213/glide_VUcYgI/execute/dir_24488
Found unusual stdout, rename for OSB
`/home/cms040/home_cream_740848213/CREAM740848213/glide_VUcYgI/execute/dir_24488/_condor_stdout' -> `CMSSW_19.stdout'
Found unusual stderr, rename for OSB
`/home/cms040/home_cream_740848213/CREAM740848213/glide_VUcYgI/execute/dir_24488/_condor_stdout' -> `CMSSW_19.stderr'
crab_fjr_19.xml
CMSSW_19.stdout
CMSSW_19.stderr
Watchdog_19.log.gz
Total Output dimension: 70112
WARNING: output files size limit is set to: 50000000
Total Output dimension 70112 is fine.
JOB_EXIT_STATUS = 0
>>> info for dashboard:
***** Cat /home/cms040/home_cream_740848213/CREAM740848213/glide_VUcYgI/execute/dir_24488/jobreport.txt *****
MonitorJobID=19_https://submit-4.t2.ucsd.edu//140616//222478.18
MonitorID=calabria_MuMinus100_Case3_ReReco_0fw46a
ExeTime=323
ExeExitCode=0
StageOutExitStatusReason = 'Copy succedeed with srm-lcg utils'
StageOutSE = storm-se-01.ba.infn.it
StageOutExitStatus = 0
CrabUserCpuTime=256.65
CrabSysCpuTime=3.61
CrabCpuPercentage=80%
CrabWrapperTime=600
CrabStageoutTime=49
JobExitCode=0
***** End Cat jobreport *****
Parameters sent to Dashboard.
EXITING at Wed Jun 18 00:16:47 CEST 2014  -  Tue Jun 17 22:16:47 UTC 2014
