This script was generated by crab (version 2.10.5_patch1).
Running /home/cms040/home_cream_140254986/CREAM140254986/glide_Q4guMP/execute/dir_11650/condor_exec.exe with 2 positional parameters: 3 1
Today is Tue Jun 17 23:55:35 CEST 2014 - Tue Jun 17 21:55:35 UTC 2014
Job submitted on host alicegrid82.ba.infn.it
Linux alicegrid82.ba.infn.it 2.6.32-358.23.2.el6.x86_64 #1 SMP Thu Oct 17 10:27:22 CEST 2013 x86_64 x86_64 x86_64 GNU/Linux
>>> current directory (RUNTIME_AREA): /home/cms040/home_cream_140254986/CREAM140254986/glide_Q4guMP/execute/dir_11650
>>> current user: uid=18598(cms040) gid=1399(cms) groups=1399(cms)
>>> directory permission set to 0700
>>> umask set to:  u=rwx,g=,o=
>>> stdout stderr permission set to 0704
>>> voms proxy information:
subject   : /C=IT/O=INFN/OU=Personal Certificate/L=Bari/CN=Cesare Calabria/CN=477126703/CN=595931569
issuer    : /C=IT/O=INFN/OU=Personal Certificate/L=Bari/CN=Cesare Calabria/CN=477126703
identity  : /C=IT/O=INFN/OU=Personal Certificate/L=Bari/CN=Cesare Calabria
type      : RFC3820 compliant limited proxy
strength  : 1024
path      : /home/cms040/home_cream_140254986/CREAM140254986/glide_Q4guMP/execute/dir_11650/x509up_u50707
timeleft  : 23:59:51
key usage : Digital Signature, Key Encipherment, Data Encipherment
=== VO cms extension information ===
VO        : cms
subject   : /C=IT/O=INFN/OU=Personal Certificate/L=Bari/CN=Cesare Calabria
issuer    : /DC=ch/DC=cern/OU=computers/CN=voms.cern.ch
attribute : /cms/Role=NULL/Capability=NULL
attribute : /cms/itcms/Role=NULL/Capability=NULL
timeleft  : 155:28:44
uri       : voms.cern.ch:15002

WNHostName=alicegrid82.ba.infn.it
>>> tar --no-same-permissions -xf /home/cms040/home_cream_140254986/CREAM140254986/glide_Q4guMP/execute/dir_11650/default.tgz :
Successful untar
>>> Include /home/cms040/home_cream_140254986/CREAM140254986/glide_Q4guMP/execute/dir_11650 in PYTHONPATH:
strip arguments
env var CRAB_UNIQUE_JOB_ID set to: calabria_MuMinus100_Case3_ReReco_0fw46a_3_1_i6T
out_files_3
>>> list of expected files on output sandbox
output files: crab_fjr_3.xml CMSSW_3.stdout CMSSW_3.stderr Watchdog_3.log.gz
>>> GridFlavour discovery: 
GridFlavour=LCG
>>> SyncSite discovery: 
SyncSite=T2_IT_Bari
>>> SyncCE discovery: 
getting SyncCE from CE_ID
SyncCE=cream-ce-2.ba.infn.it:8443/cream-pbs-cms
>>> info for dashboard:
***** Cat /home/cms040/home_cream_140254986/CREAM140254986/glide_Q4guMP/execute/dir_11650/jobreport.txt *****
WNHostName=alicegrid82.ba.infn.it
MonitorJobID=3_https://submit-4.t2.ucsd.edu//140616//222478.2
SyncGridJobId=https://submit-4.t2.ucsd.edu//140616//222478.2
MonitorID=calabria_MuMinus100_Case3_ReReco_0fw46a
GridFlavour=LCG
SyncSite=T2_IT_Bari
SyncCE=cream-ce-2.ba.infn.it:8443/cream-pbs-cms
***** End Cat jobreport *****
Parameters sent to Dashboard.
>>> setup environment
set SCRAM ARCH to slc5_amd64_gcc472
SCRAM_ARCH = slc5_amd64_gcc472
>>> setup CMS LCG environment:
set SCRAM ARCH and BUILD_ARCH to slc5_amd64_gcc472 ###
Sourcing environment... 
sourcing /cvmfs/cms.cern.ch/cmsset_default.sh
==> setup cms environment ok
>>> specific cmssw setup environment:
CMSSW_VERSION =  CMSSW_6_2_0_SLHC12
>>> current directory (SOFTWARE_DIR): /home/cms040/home_cream_140254986/CREAM140254986/glide_Q4guMP/execute/dir_11650/CMSSW_6_2_0_SLHC12
PreserveSeeds: <>
IncrementSeeds:<>
>>> info for dashboard:
***** Cat /home/cms040/home_cream_140254986/CREAM140254986/glide_Q4guMP/execute/dir_11650/jobreport.txt *****
MonitorJobID=3_https://submit-4.t2.ucsd.edu//140616//222478.2
MonitorID=calabria_MuMinus100_Case3_ReReco_0fw46a
***** End Cat jobreport *****
Parameters sent to Dashboard.
crabWatchdog started as process 12870
>>> moving CMSSW software directories in /home/cms040/home_cream_140254986/CREAM140254986/glide_Q4guMP/execute/dir_11650/CMSSW_6_2_0_SLHC12
mv: cannot stat `/home/cms040/home_cream_140254986/CREAM140254986/glide_Q4guMP/execute/dir_11650/module/': No such file or directory
>>> Include /home/cms040/home_cream_140254986/CREAM140254986/glide_Q4guMP/execute/dir_11650 in PYTHONPATH:
PYTHONPATH=/home/cms040/home_cream_140254986/CREAM140254986/glide_Q4guMP/execute/dir_11650/:/home/cms040/home_cream_140254986/CREAM140254986/glide_Q4guMP/execute/dir_11650/CMSSW_6_2_0_SLHC12/python:/home/cms040/home_cream_140254986/CREAM140254986/glide_Q4guMP/execute/dir_11650/CMSSW_6_2_0_SLHC12/lib/slc5_amd64_gcc472:/cvmfs/cms.cern.ch/slc5_amd64_gcc472/cms/cmssw/CMSSW_6_2_0_SLHC12/python:/cvmfs/cms.cern.ch/slc5_amd64_gcc472/cms/cmssw/CMSSW_6_2_0_SLHC12/lib/slc5_amd64_gcc472:/cvmfs/cms.cern.ch/slc5_amd64_gcc472/cms/coral/CORAL_2_3_21-cms36/slc5_amd64_gcc472/python:/cvmfs/cms.cern.ch/slc5_amd64_gcc472/cms/coral/CORAL_2_3_21-cms36/slc5_amd64_gcc472/lib:/cvmfs/cms.cern.ch/slc5_amd64_gcc472/external/pyqt/4.8.1-cms6/lib/python2.7/site-packages:/cvmfs/cms.cern.ch/slc5_amd64_gcc472/external/py2-scipy/0.8.0-cms8/lib/python2.7/site-packages:/cvmfs/cms.cern.ch/slc5_amd64_gcc472/external/py2-matplotlib/1.0.1-cms8/lib/python2.7/site-packages:/cvmfs/cms.cern.ch/slc5_amd64_gcc472/external/python-ldap/2.3.5-cms6/lib/python2.7/site-packages:/cvmfs/cms.cern.ch/slc5_amd64_gcc472/external/sip/4.11.2-cms6/lib/python2.7/site-packages:/cvmfs/cms.cern.ch/slc5_amd64_gcc472/external/py2-pycurl/7.19.0-cms8/lib/python2.7/site-packages:/cvmfs/cms.cern.ch/slc5_amd64_gcc472/external/py2-numpy/1.6.1-cms8/lib/python2.7/site-packages:/cvmfs/cms.cern.ch/slc5_amd64_gcc472/external/py2-lint/0.25.1-cms6/lib/python2.7/site-packages:/cvmfs/cms.cern.ch/slc5_amd64_gcc472/external/py2-ipython/0.10-cms6/lib/python2.7/site-packages:/cvmfs/cms.cern.ch/slc5_amd64_gcc472/external/py2-cx-oracle/5.1-cms7/lib/python2.7/site-packages:/cvmfs/cms.cern.ch/slc5_amd64_gcc472/external/py2-cjson/1.0.5-cms6/lib/python2.7/site-packages:/cvmfs/cms.cern.ch/slc5_amd64_gcc472/cms/das-client/1.11.7/bin:/cvmfs/cms.cern.ch/slc5_amd64_gcc472/external/elementtree/1.2.6-cms6/share/lib/python2.7/site-packages:/cvmfs/cms.cern.ch/slc5_amd64_gcc472/external/rivet/1.8.2-cms8/lib/python2.7/site-packages:/cvmfs/cms.cern.ch/slc5_amd64_gcc472/external/pyminuit2/0.0.1-cms19/lib/python2.7/site-packages:/cvmfs/cms.cern.ch/slc5_amd64_gcc472/external/py2-pygithub/1.23.0/lib/python2.7/site-packages:/cvmfs/cms.cern.ch/slc5_amd64_gcc472/external/professor/1.0.0-cms19/lib/python2.7/site-packages:/cvmfs/cms.cern.ch/slc5_amd64_gcc472/lcg/root/5.34.07-cms/lib:/cvmfs/cms.cern.ch/slc5_amd64_gcc472/cms/dbs-client/DBS_2_1_9-cms5/lib:/cvmfs/cms.cern.ch/slc5_amd64_gcc472/cms/dbs-client/DBS_2_1_9-cms5/lib/DBSAPI:/cvmfs/cms.cern.ch/slc5_amd64_gcc472/external/cvs2git/5419-cms/lib:/home/cms040/home_cream_140254986/CREAM140254986/glide_Q4guMP/execute/dir_11650/
 
# LIMITS USED BY CRAB WATCHDOG:
# RSS  (KBytes)   : 2300000
# VSZ  (KBytes)   : 100000000
# DISK (MBytes)   : 19000
# CPU TIME        : 720h:0m:0s
# WALL CLOCK TIME : 21h:50m:0s
 
5854dd31cbd3cdec44c48628cc181cf0
PSETHASH = 5854dd31cbd3cdec44c48628cc181cf0
/home/cms040/home_cream_140254986/CREAM140254986/glide_Q4guMP/execute/dir_11650/writeCfg.py pset.py pset.py
Importing .py file
Setting parameters
RandomNumberGeneratorService found, will attempt to change seeds
inputBlocks=/calabria_SingleMuPt100_GEN-SIM-DIGI-RECO_CMSSW_6_2_0_SLHC12_2023Scenario_Case3/calabria-calabria_SingleMuPt100_GEN-SIM-DIGI-RECO_CMSSW_6_2_0_SLHC12_2023Scenario_Case3-7828650cf335f3b092f375624d26bb6d/USER#907ce174-7c2d-4b99-bcc9-5f402515d873
inputFiles=/store/user/calabria/calabria_SingleMuPt100_GEN-SIM-DIGI-RECO_CMSSW_6_2_0_SLHC12_2023Scenario_Case3/calabria_SingleMuPt100_GEN-SIM-DIGI-RECO_CMSSW_6_2_0_SLHC12_2023Scenario_Case3/7828650cf335f3b092f375624d26bb6d/out_reco_32_1_adp.root;/store/user/calabria/calabria_SingleMuPt100_GEN-SIM-DIGI-RECO_CMSSW_6_2_0_SLHC12_2023Scenario_Case3/calabria_SingleMuPt100_GEN-SIM-DIGI-RECO_CMSSW_6_2_0_SLHC12_2023Scenario_Case3/7828650cf335f3b092f375624d26bb6d/out_reco_37_1_Uyd.root;/store/user/calabria/calabria_SingleMuPt100_GEN-SIM-DIGI-RECO_CMSSW_6_2_0_SLHC12_2023Scenario_Case3/calabria_SingleMuPt100_GEN-SIM-DIGI-RECO_CMSSW_6_2_0_SLHC12_2023Scenario_Case3/7828650cf335f3b092f375624d26bb6d/out_reco_38_1_ipL.root;/store/user/calabria/calabria_SingleMuPt100_GEN-SIM-DIGI-RECO_CMSSW_6_2_0_SLHC12_2023Scenario_Case3/calabria_SingleMuPt100_GEN-SIM-DIGI-RECO_CMSSW_6_2_0_SLHC12_2023Scenario_Case3/7828650cf335f3b092f375624d26bb6d/out_reco_39_1_IOl.root;/store/user/calabria/calabria_SingleMuPt100_GEN-SIM-DIGI-RECO_CMSSW_6_2_0_SLHC12_2023Scenario_Case3/calabria_SingleMuPt100_GEN-SIM-DIGI-RECO_CMSSW_6_2_0_SLHC12_2023Scenario_Case3/7828650cf335f3b092f375624d26bb6d/out_reco_40_1_rMu.root;/store/user/calabria/calabria_SingleMuPt100_GEN-SIM-DIGI-RECO_CMSSW_6_2_0_SLHC12_2023Scenario_Case3/calabria_SingleMuPt100_GEN-SIM-DIGI-RECO_CMSSW_6_2_0_SLHC12_2023Scenario_Case3/7828650cf335f3b092f375624d26bb6d/out_reco_45_1_XBk.root;/store/user/calabria/calabria_SingleMuPt100_GEN-SIM-DIGI-RECO_CMSSW_6_2_0_SLHC12_2023Scenario_Case3/calabria_SingleMuPt100_GEN-SIM-DIGI-RECO_CMSSW_6_2_0_SLHC12_2023Scenario_Case3/7828650cf335f3b092f375624d26bb6d/out_reco_46_1_oVr.root;/store/user/calabria/calabria_SingleMuPt100_GEN-SIM-DIGI-RECO_CMSSW_6_2_0_SLHC12_2023Scenario_Case3/calabria_SingleMuPt100_GEN-SIM-DIGI-RECO_CMSSW_6_2_0_SLHC12_2023Scenario_Case3/7828650cf335f3b092f375624d26bb6d/out_reco_47_1_4xF.root;/store/user/calabria/calabria_SingleMuPt100_GEN-SIM-DIGI-RECO_CMSSW_6_2_0_SLHC12_2023Scenario_Case3/calabria_SingleMuPt100_GEN-SIM-DIGI-RECO_CMSSW_6_2_0_SLHC12_2023Scenario_Case3/7828650cf335f3b092f375624d26bb6d/out_reco_48_1_nC9.root;/store/user/calabria/calabria_SingleMuPt100_GEN-SIM-DIGI-RECO_CMSSW_6_2_0_SLHC12_2023Scenario_Case3/calabria_SingleMuPt100_GEN-SIM-DIGI-RECO_CMSSW_6_2_0_SLHC12_2023Scenario_Case3/7828650cf335f3b092f375624d26bb6d/out_reco_49_1_gTO.root
parentFiles=
lumisRange=
>>> Executable cmsRun
/cvmfs/cms.cern.ch/slc5_amd64_gcc472/cms/cmssw/CMSSW_6_2_0_SLHC12/bin/slc5_amd64_gcc472/cmsRun
ok executable found
>>> info for dashboard:
***** Cat /home/cms040/home_cream_140254986/CREAM140254986/glide_Q4guMP/execute/dir_11650/jobreport.txt *****
MonitorJobID=3_https://submit-4.t2.ucsd.edu//140616//222478.2
MonitorID=calabria_MuMinus100_Case3_ReReco_0fw46a
ExeStart=cmsRun
***** End Cat jobreport *****
Parameters sent to Dashboard.
>>> cmsRun started at Tue Jun 17 21:56:04 UTC 2014
>>> cmsRun ended at Tue Jun 17 22:02:38 UTC 2014
>>> crab_fjr_*.xml  permission set to 0704
>>> info for dashboard:
***** Cat /home/cms040/home_cream_140254986/CREAM140254986/glide_Q4guMP/execute/dir_11650/jobreport.txt *****
MonitorJobID=3_https://submit-4.t2.ucsd.edu//140616//222478.2
MonitorID=calabria_MuMinus100_Case3_ReReco_0fw46a
ExeEnd=cmsRun
***** End Cat jobreport *****
Parameters sent to Dashboard.
TIME_EXE = 394 sec
>>> cmsRun wrote 50 lines of stdout+stderr
>>> START OF printout of 50 lines from stdout+stderr
271 DQMStore::DQMStore 
HcalTopologyIdealEP::HcalTopologyIdealEP
17-Jun-2014 23:56:26 CEST  Initiating request to open file file:/lustre/cms//store/user/calabria/calabria_SingleMuPt100_GEN-SIM-DIGI-RECO_CMSSW_6_2_0_SLHC12_2023Scenario_Case3/calabria_SingleMuPt100_GEN-SIM-DIGI-RECO_CMSSW_6_2_0_SLHC12_2023Scenario_Case3/7828650cf335f3b092f375624d26bb6d/out_reco_32_1_adp.root
17-Jun-2014 23:56:29 CEST  Successfully opened file file:/lustre/cms//store/user/calabria/calabria_SingleMuPt100_GEN-SIM-DIGI-RECO_CMSSW_6_2_0_SLHC12_2023Scenario_Case3/calabria_SingleMuPt100_GEN-SIM-DIGI-RECO_CMSSW_6_2_0_SLHC12_2023Scenario_Case3/7828650cf335f3b092f375624d26bb6d/out_reco_32_1_adp.root
17-Jun-2014 23:57:05 CEST  Closed file file:/lustre/cms//store/user/calabria/calabria_SingleMuPt100_GEN-SIM-DIGI-RECO_CMSSW_6_2_0_SLHC12_2023Scenario_Case3/calabria_SingleMuPt100_GEN-SIM-DIGI-RECO_CMSSW_6_2_0_SLHC12_2023Scenario_Case3/7828650cf335f3b092f375624d26bb6d/out_reco_32_1_adp.root
17-Jun-2014 23:57:05 CEST  Initiating request to open file file:/lustre/cms//store/user/calabria/calabria_SingleMuPt100_GEN-SIM-DIGI-RECO_CMSSW_6_2_0_SLHC12_2023Scenario_Case3/calabria_SingleMuPt100_GEN-SIM-DIGI-RECO_CMSSW_6_2_0_SLHC12_2023Scenario_Case3/7828650cf335f3b092f375624d26bb6d/out_reco_37_1_Uyd.root
17-Jun-2014 23:57:05 CEST  Successfully opened file file:/lustre/cms//store/user/calabria/calabria_SingleMuPt100_GEN-SIM-DIGI-RECO_CMSSW_6_2_0_SLHC12_2023Scenario_Case3/calabria_SingleMuPt100_GEN-SIM-DIGI-RECO_CMSSW_6_2_0_SLHC12_2023Scenario_Case3/7828650cf335f3b092f375624d26bb6d/out_reco_37_1_Uyd.root
17-Jun-2014 23:57:37 CEST  Closed file file:/lustre/cms//store/user/calabria/calabria_SingleMuPt100_GEN-SIM-DIGI-RECO_CMSSW_6_2_0_SLHC12_2023Scenario_Case3/calabria_SingleMuPt100_GEN-SIM-DIGI-RECO_CMSSW_6_2_0_SLHC12_2023Scenario_Case3/7828650cf335f3b092f375624d26bb6d/out_reco_37_1_Uyd.root
17-Jun-2014 23:57:37 CEST  Initiating request to open file file:/lustre/cms//store/user/calabria/calabria_SingleMuPt100_GEN-SIM-DIGI-RECO_CMSSW_6_2_0_SLHC12_2023Scenario_Case3/calabria_SingleMuPt100_GEN-SIM-DIGI-RECO_CMSSW_6_2_0_SLHC12_2023Scenario_Case3/7828650cf335f3b092f375624d26bb6d/out_reco_38_1_ipL.root
17-Jun-2014 23:57:37 CEST  Successfully opened file file:/lustre/cms//store/user/calabria/calabria_SingleMuPt100_GEN-SIM-DIGI-RECO_CMSSW_6_2_0_SLHC12_2023Scenario_Case3/calabria_SingleMuPt100_GEN-SIM-DIGI-RECO_CMSSW_6_2_0_SLHC12_2023Scenario_Case3/7828650cf335f3b092f375624d26bb6d/out_reco_38_1_ipL.root
17-Jun-2014 23:58:16 CEST  Closed file file:/lustre/cms//store/user/calabria/calabria_SingleMuPt100_GEN-SIM-DIGI-RECO_CMSSW_6_2_0_SLHC12_2023Scenario_Case3/calabria_SingleMuPt100_GEN-SIM-DIGI-RECO_CMSSW_6_2_0_SLHC12_2023Scenario_Case3/7828650cf335f3b092f375624d26bb6d/out_reco_38_1_ipL.root
17-Jun-2014 23:58:16 CEST  Initiating request to open file file:/lustre/cms//store/user/calabria/calabria_SingleMuPt100_GEN-SIM-DIGI-RECO_CMSSW_6_2_0_SLHC12_2023Scenario_Case3/calabria_SingleMuPt100_GEN-SIM-DIGI-RECO_CMSSW_6_2_0_SLHC12_2023Scenario_Case3/7828650cf335f3b092f375624d26bb6d/out_reco_39_1_IOl.root
17-Jun-2014 23:58:16 CEST  Successfully opened file file:/lustre/cms//store/user/calabria/calabria_SingleMuPt100_GEN-SIM-DIGI-RECO_CMSSW_6_2_0_SLHC12_2023Scenario_Case3/calabria_SingleMuPt100_GEN-SIM-DIGI-RECO_CMSSW_6_2_0_SLHC12_2023Scenario_Case3/7828650cf335f3b092f375624d26bb6d/out_reco_39_1_IOl.root
17-Jun-2014 23:58:56 CEST  Closed file file:/lustre/cms//store/user/calabria/calabria_SingleMuPt100_GEN-SIM-DIGI-RECO_CMSSW_6_2_0_SLHC12_2023Scenario_Case3/calabria_SingleMuPt100_GEN-SIM-DIGI-RECO_CMSSW_6_2_0_SLHC12_2023Scenario_Case3/7828650cf335f3b092f375624d26bb6d/out_reco_39_1_IOl.root
17-Jun-2014 23:58:56 CEST  Initiating request to open file file:/lustre/cms//store/user/calabria/calabria_SingleMuPt100_GEN-SIM-DIGI-RECO_CMSSW_6_2_0_SLHC12_2023Scenario_Case3/calabria_SingleMuPt100_GEN-SIM-DIGI-RECO_CMSSW_6_2_0_SLHC12_2023Scenario_Case3/7828650cf335f3b092f375624d26bb6d/out_reco_40_1_rMu.root
17-Jun-2014 23:58:56 CEST  Successfully opened file file:/lustre/cms//store/user/calabria/calabria_SingleMuPt100_GEN-SIM-DIGI-RECO_CMSSW_6_2_0_SLHC12_2023Scenario_Case3/calabria_SingleMuPt100_GEN-SIM-DIGI-RECO_CMSSW_6_2_0_SLHC12_2023Scenario_Case3/7828650cf335f3b092f375624d26bb6d/out_reco_40_1_rMu.root
17-Jun-2014 23:59:39 CEST  Closed file file:/lustre/cms//store/user/calabria/calabria_SingleMuPt100_GEN-SIM-DIGI-RECO_CMSSW_6_2_0_SLHC12_2023Scenario_Case3/calabria_SingleMuPt100_GEN-SIM-DIGI-RECO_CMSSW_6_2_0_SLHC12_2023Scenario_Case3/7828650cf335f3b092f375624d26bb6d/out_reco_40_1_rMu.root
17-Jun-2014 23:59:39 CEST  Initiating request to open file file:/lustre/cms//store/user/calabria/calabria_SingleMuPt100_GEN-SIM-DIGI-RECO_CMSSW_6_2_0_SLHC12_2023Scenario_Case3/calabria_SingleMuPt100_GEN-SIM-DIGI-RECO_CMSSW_6_2_0_SLHC12_2023Scenario_Case3/7828650cf335f3b092f375624d26bb6d/out_reco_45_1_XBk.root
17-Jun-2014 23:59:40 CEST  Successfully opened file file:/lustre/cms//store/user/calabria/calabria_SingleMuPt100_GEN-SIM-DIGI-RECO_CMSSW_6_2_0_SLHC12_2023Scenario_Case3/calabria_SingleMuPt100_GEN-SIM-DIGI-RECO_CMSSW_6_2_0_SLHC12_2023Scenario_Case3/7828650cf335f3b092f375624d26bb6d/out_reco_45_1_XBk.root
18-Jun-2014 00:00:09 CEST  Closed file file:/lustre/cms//store/user/calabria/calabria_SingleMuPt100_GEN-SIM-DIGI-RECO_CMSSW_6_2_0_SLHC12_2023Scenario_Case3/calabria_SingleMuPt100_GEN-SIM-DIGI-RECO_CMSSW_6_2_0_SLHC12_2023Scenario_Case3/7828650cf335f3b092f375624d26bb6d/out_reco_45_1_XBk.root
18-Jun-2014 00:00:09 CEST  Initiating request to open file file:/lustre/cms//store/user/calabria/calabria_SingleMuPt100_GEN-SIM-DIGI-RECO_CMSSW_6_2_0_SLHC12_2023Scenario_Case3/calabria_SingleMuPt100_GEN-SIM-DIGI-RECO_CMSSW_6_2_0_SLHC12_2023Scenario_Case3/7828650cf335f3b092f375624d26bb6d/out_reco_46_1_oVr.root
18-Jun-2014 00:00:09 CEST  Successfully opened file file:/lustre/cms//store/user/calabria/calabria_SingleMuPt100_GEN-SIM-DIGI-RECO_CMSSW_6_2_0_SLHC12_2023Scenario_Case3/calabria_SingleMuPt100_GEN-SIM-DIGI-RECO_CMSSW_6_2_0_SLHC12_2023Scenario_Case3/7828650cf335f3b092f375624d26bb6d/out_reco_46_1_oVr.root
18-Jun-2014 00:00:45 CEST  Closed file file:/lustre/cms//store/user/calabria/calabria_SingleMuPt100_GEN-SIM-DIGI-RECO_CMSSW_6_2_0_SLHC12_2023Scenario_Case3/calabria_SingleMuPt100_GEN-SIM-DIGI-RECO_CMSSW_6_2_0_SLHC12_2023Scenario_Case3/7828650cf335f3b092f375624d26bb6d/out_reco_46_1_oVr.root
18-Jun-2014 00:00:45 CEST  Initiating request to open file file:/lustre/cms//store/user/calabria/calabria_SingleMuPt100_GEN-SIM-DIGI-RECO_CMSSW_6_2_0_SLHC12_2023Scenario_Case3/calabria_SingleMuPt100_GEN-SIM-DIGI-RECO_CMSSW_6_2_0_SLHC12_2023Scenario_Case3/7828650cf335f3b092f375624d26bb6d/out_reco_47_1_4xF.root
18-Jun-2014 00:00:45 CEST  Successfully opened file file:/lustre/cms//store/user/calabria/calabria_SingleMuPt100_GEN-SIM-DIGI-RECO_CMSSW_6_2_0_SLHC12_2023Scenario_Case3/calabria_SingleMuPt100_GEN-SIM-DIGI-RECO_CMSSW_6_2_0_SLHC12_2023Scenario_Case3/7828650cf335f3b092f375624d26bb6d/out_reco_47_1_4xF.root
18-Jun-2014 00:01:19 CEST  Closed file file:/lustre/cms//store/user/calabria/calabria_SingleMuPt100_GEN-SIM-DIGI-RECO_CMSSW_6_2_0_SLHC12_2023Scenario_Case3/calabria_SingleMuPt100_GEN-SIM-DIGI-RECO_CMSSW_6_2_0_SLHC12_2023Scenario_Case3/7828650cf335f3b092f375624d26bb6d/out_reco_47_1_4xF.root
18-Jun-2014 00:01:19 CEST  Initiating request to open file file:/lustre/cms//store/user/calabria/calabria_SingleMuPt100_GEN-SIM-DIGI-RECO_CMSSW_6_2_0_SLHC12_2023Scenario_Case3/calabria_SingleMuPt100_GEN-SIM-DIGI-RECO_CMSSW_6_2_0_SLHC12_2023Scenario_Case3/7828650cf335f3b092f375624d26bb6d/out_reco_48_1_nC9.root
18-Jun-2014 00:01:19 CEST  Successfully opened file file:/lustre/cms//store/user/calabria/calabria_SingleMuPt100_GEN-SIM-DIGI-RECO_CMSSW_6_2_0_SLHC12_2023Scenario_Case3/calabria_SingleMuPt100_GEN-SIM-DIGI-RECO_CMSSW_6_2_0_SLHC12_2023Scenario_Case3/7828650cf335f3b092f375624d26bb6d/out_reco_48_1_nC9.root
18-Jun-2014 00:01:55 CEST  Closed file file:/lustre/cms//store/user/calabria/calabria_SingleMuPt100_GEN-SIM-DIGI-RECO_CMSSW_6_2_0_SLHC12_2023Scenario_Case3/calabria_SingleMuPt100_GEN-SIM-DIGI-RECO_CMSSW_6_2_0_SLHC12_2023Scenario_Case3/7828650cf335f3b092f375624d26bb6d/out_reco_48_1_nC9.root
18-Jun-2014 00:01:55 CEST  Initiating request to open file file:/lustre/cms//store/user/calabria/calabria_SingleMuPt100_GEN-SIM-DIGI-RECO_CMSSW_6_2_0_SLHC12_2023Scenario_Case3/calabria_SingleMuPt100_GEN-SIM-DIGI-RECO_CMSSW_6_2_0_SLHC12_2023Scenario_Case3/7828650cf335f3b092f375624d26bb6d/out_reco_49_1_gTO.root
18-Jun-2014 00:01:55 CEST  Successfully opened file file:/lustre/cms//store/user/calabria/calabria_SingleMuPt100_GEN-SIM-DIGI-RECO_CMSSW_6_2_0_SLHC12_2023Scenario_Case3/calabria_SingleMuPt100_GEN-SIM-DIGI-RECO_CMSSW_6_2_0_SLHC12_2023Scenario_Case3/7828650cf335f3b092f375624d26bb6d/out_reco_49_1_gTO.root
18-Jun-2014 00:02:37 CEST  Closed file file:/lustre/cms//store/user/calabria/calabria_SingleMuPt100_GEN-SIM-DIGI-RECO_CMSSW_6_2_0_SLHC12_2023Scenario_Case3/calabria_SingleMuPt100_GEN-SIM-DIGI-RECO_CMSSW_6_2_0_SLHC12_2023Scenario_Case3/7828650cf335f3b092f375624d26bb6d/out_reco_49_1_gTO.root

=============================================

MessageLogger Summary

 type     category        sev    module        subroutine        count    total
 ---- -------------------- -- ---------------- ----------------  -----    -----
    1 fileAction           -s file_close                            10       10
    2 fileAction           -s file_open                             20       20

 type    category    Examples: run/evt        run/evt          run/evt
 ---- -------------------- ---------------- ---------------- ----------------
    1 fileAction           PostProcessEvent PostProcessEvent PostEndRun
    2 fileAction           pre-events       pre-events       PostProcessEvent

Severity    # Occurrences   Total Occurrences
--------    -------------   -----------------
System                 30                  30
>>> END OF printout of 50 lines from stdout+stderr
>>> Parse FrameworkJobReport crab_fjr.xml
Result of parsing the FrameworkJobReport crab_fjr.xml: Popularity start
lumisRange : 1::::1;1::::2;1::::3;1::::4;1::::5;1::::6;1::::7;1::::8;1::::9;1::::10;
lumisParentRange : 
Basename : /store/user/calabria/calabria_SingleMuPt100_GEN-SIM-DIGI-RECO_CMSSW_6_2_0_SLHC12_2023Scenario_Case3/calabria_SingleMuPt100_GEN-SIM-DIGI-RECO_CMSSW_6_2_0_SLHC12_2023Scenario_Case3/7828650cf335f3b092f375624d26bb6d/out_reco_
BasenameParent : 
parentFiles : 
inputBlocks : /calabria_SingleMuPt100_GEN-SIM-DIGI-RECO_CMSSW_6_2_0_SLHC12_2023Scenario_Case3/calabria-calabria_SingleMuPt100_GEN-SIM-DIGI-RECO_CMSSW_6_2_0_SLHC12_2023Scenario_Case3-7828650cf335f3b092f375624d26bb6d/USER#907ce174-7c2d-4b99-bcc9-5f402515d873
inputFiles : 45_1_XBk.root::1::EDM::Local::1;48_1_nC9.root::1::EDM::Local::2;32_1_adp.root::1::EDM::Local::3;47_1_4xF.root::1::EDM::Local::4;39_1_IOl.root::1::EDM::Local::5;49_1_gTO.root::1::EDM::Local::6;38_1_ipL.root::1::EDM::Local::7;46_1_oVr.root::1::EDM::Local::8;37_1_Uyd.root::1::EDM::Local::9;40_1_rMu.root::1::EDM::Local::10;
Popularity stop
Extracted ExitStatus from FrameworkJobReport parsing output: 0
>>> Executable succeded  0
ExeExitCode=0
EXECUTABLE_EXIT_STATUS = 0
>>> current directory /home/cms040/home_cream_140254986/CREAM140254986/glide_Q4guMP/execute/dir_11650/CMSSW_6_2_0_SLHC12
>>>  (SOFTWARE_DIR): /home/cms040/home_cream_140254986/CREAM140254986/glide_Q4guMP/execute/dir_11650/CMSSW_6_2_0_SLHC12
>>> (WORKING_DIR): 
>>> current directory content:
total 10672
drwxr-xr-x 3 cms040 cms    4096 Jun 17 23:55 .SCRAM
-rw------- 1 cms040 cms 3740221 Jun 17 23:55 CMSSW.py.pkl
drwxr-xr-x 3 cms040 cms    4096 Jun 17 23:55 bin
drwxr-xr-x 3 cms040 cms    4096 Jun 17 23:55 cfipython
drwxr-xr-x 4 cms040 cms    4096 Jun 17 23:55 config
-rw------- 1 cms040 cms      16 Jun 18 00:02 cpu_timing.txt
drwxr-xr-x 2 cms040 cms    4096 Jun 17 23:55 doc
-rw------- 1 cms040 cms    9955 Jun 18 00:02 executable.out
drwxr-xr-x 2 cms040 cms    4096 Jun 17 23:55 include
drwx------ 3 cms040 cms    4096 Apr 28 18:12 lib
drwxr-xr-x 3 cms040 cms    4096 Jun 17 23:55 logs
drwxr-xr-x 3 cms040 cms    4096 Jun 17 23:55 objs
-rw------- 1 cms040 cms     104 Jun 17 23:55 pset.py
-rw------- 1 cms040 cms 3712318 Jun 17 23:56 pset.py.pkl
-rw------- 1 cms040 cms     289 Jun 17 23:55 pset.pyc
drwxr-xr-x 2 cms040 cms    4096 Jun 17 23:55 python
-rw------- 1 cms040 cms     407 Jun 18 00:02 report.log
drwx------ 6 cms040 cms    4096 Jun 17 23:55 src
drwxr-xr-x 3 cms040 cms    4096 Jun 17 23:55 test
drwxr-xr-x 3 cms040 cms    4096 Jun 17 23:55 tmp
-rw------- 1 cms040 cms 3371274 Jun 18 00:02 validationEDM.root
>>> current directory /home/cms040/home_cream_140254986/CREAM140254986/glide_Q4guMP/execute/dir_11650/CMSSW_6_2_0_SLHC12
>>> (SOFTWARE_DIR): /home/cms040/home_cream_140254986/CREAM140254986/glide_Q4guMP/execute/dir_11650/CMSSW_6_2_0_SLHC12
>>> (WORKING_DIR): 
>>> current directory content:
total 10672
drwxr-xr-x 3 cms040 cms    4096 Jun 17 23:55 .SCRAM
-rw------- 1 cms040 cms 3740221 Jun 17 23:55 CMSSW.py.pkl
drwxr-xr-x 3 cms040 cms    4096 Jun 17 23:55 bin
drwxr-xr-x 3 cms040 cms    4096 Jun 17 23:55 cfipython
drwxr-xr-x 4 cms040 cms    4096 Jun 17 23:55 config
-rw------- 1 cms040 cms      16 Jun 18 00:02 cpu_timing.txt
drwxr-xr-x 2 cms040 cms    4096 Jun 17 23:55 doc
-rw------- 1 cms040 cms    9955 Jun 18 00:02 executable.out
drwxr-xr-x 2 cms040 cms    4096 Jun 17 23:55 include
drwx------ 3 cms040 cms    4096 Apr 28 18:12 lib
drwxr-xr-x 3 cms040 cms    4096 Jun 17 23:55 logs
drwxr-xr-x 3 cms040 cms    4096 Jun 17 23:55 objs
-rw------- 1 cms040 cms     104 Jun 17 23:55 pset.py
-rw------- 1 cms040 cms 3712318 Jun 17 23:56 pset.py.pkl
-rw------- 1 cms040 cms     289 Jun 17 23:55 pset.pyc
drwxr-xr-x 2 cms040 cms    4096 Jun 17 23:55 python
-rw------- 1 cms040 cms     407 Jun 18 00:02 report.log
drwx------ 6 cms040 cms    4096 Jun 17 23:55 src
drwxr-xr-x 3 cms040 cms    4096 Jun 17 23:55 test
drwxr-xr-x 3 cms040 cms    4096 Jun 17 23:55 tmp
-rw------- 1 cms040 cms 3371274 Jun 18 00:02 validationEDM_3_1_i6T.root
>>> current directory (RUNTIME_AREA):  /home/cms040/home_cream_140254986/CREAM140254986/glide_Q4guMP/execute/dir_11650
SE = storm-se-01.ba.infn.it
SE_PATH = /srm/managerv2?SFN=//cms/store/user/calabria/calabria_SingleMuPt100_GEN-SIM-DIGI-RECO_CMSSW_6_2_0_SLHC12_2023Scenario_Case3/calabria_MuMinus100_GEN-SIM-DIGI-RECO_CMSSW_6_2_0_SLHC12_2023Scenario_VALNOPU2_Case3/5854dd31cbd3cdec44c48628cc181cf0/
LFNBaseName = /store/user/calabria/calabria_SingleMuPt100_GEN-SIM-DIGI-RECO_CMSSW_6_2_0_SLHC12_2023Scenario_Case3/calabria_MuMinus100_GEN-SIM-DIGI-RECO_CMSSW_6_2_0_SLHC12_2023Scenario_VALNOPU2_Case3/5854dd31cbd3cdec44c48628cc181cf0/
USER = calabria
endpoint = srm://storm-se-01.ba.infn.it:8444/srm/managerv2?SFN=//cms/store/user/calabria/calabria_SingleMuPt100_GEN-SIM-DIGI-RECO_CMSSW_6_2_0_SLHC12_2023Scenario_Case3/calabria_MuMinus100_GEN-SIM-DIGI-RECO_CMSSW_6_2_0_SLHC12_2023Scenario_VALNOPU2_Case3/5854dd31cbd3cdec44c48628cc181cf0/
>>> Copy output files from WN = alicegrid82.ba.infn.it to /srm/managerv2?SFN=//cms/store/user/calabria/calabria_SingleMuPt100_GEN-SIM-DIGI-RECO_CMSSW_6_2_0_SLHC12_2023Scenario_Case3/calabria_MuMinus100_GEN-SIM-DIGI-RECO_CMSSW_6_2_0_SLHC12_2023Scenario_VALNOPU2_Case3/5854dd31cbd3cdec44c48628cc181cf0/ :
python cmscp.py  --destination srm://storm-se-01.ba.infn.it:8444/srm/managerv2?SFN=//cms/store/user/calabria/calabria_SingleMuPt100_GEN-SIM-DIGI-RECO_CMSSW_6_2_0_SLHC12_2023Scenario_Case3/calabria_MuMinus100_GEN-SIM-DIGI-RECO_CMSSW_6_2_0_SLHC12_2023Scenario_VALNOPU2_Case3/5854dd31cbd3cdec44c48628cc181cf0/ --inputFileList /home/cms040/home_cream_140254986/CREAM140254986/glide_Q4guMP/execute/dir_11650/CMSSW_6_2_0_SLHC12/validationEDM_3_1_i6T.root --middleware LCG --se_name storm-se-01.ba.infn.it --for_lfn /store/user/calabria/calabria_SingleMuPt100_GEN-SIM-DIGI-RECO_CMSSW_6_2_0_SLHC12_2023Scenario_Case3/calabria_MuMinus100_GEN-SIM-DIGI-RECO_CMSSW_6_2_0_SLHC12_2023Scenario_VALNOPU2_Case3/5854dd31cbd3cdec44c48628cc181cf0/    
******************************************************
localSeName  =  storm-se-01.ba.infn.it
remoteSeName =  storm-se-01.ba.infn.it
******************************************************
{"/home/cms040/home_cream_140254986/CREAM140254986/glide_Q4guMP/execute/dir_11650/CMSSW_6_2_0_SLHC12/validationEDM_3_1_i6T.root": {"endpoint": "srm://storm-se-01.ba.infn.it:8444/srm/managerv2?SFN=//cms/store/user/calabria/calabria_SingleMuPt100_GEN-SIM-DIGI-RECO_CMSSW_6_2_0_SLHC12_2023Scenario_Case3/calabria_MuMinus100_GEN-SIM-DIGI-RECO_CMSSW_6_2_0_SLHC12_2023Scenario_VALNOPU2_Case3/5854dd31cbd3cdec44c48628cc181cf0/", "surl_for_grid": "", "reason": "Copy succedeed with srm-lcg utils", "erCode": "0", "se_name": "storm-se-01.ba.infn.it", "for_lfn": "/store/user/calabria/calabria_SingleMuPt100_GEN-SIM-DIGI-RECO_CMSSW_6_2_0_SLHC12_2023Scenario_Case3/calabria_MuMinus100_GEN-SIM-DIGI-RECO_CMSSW_6_2_0_SLHC12_2023Scenario_VALNOPU2_Case3/5854dd31cbd3cdec44c48628cc181cf0/"}}/home/cms040/home_cream_140254986/CREAM140254986/glide_Q4guMP/execute/dir_11650
-------- cat /home/cms040/home_cream_140254986/CREAM140254986/glide_Q4guMP/execute/dir_11650/cmscpReport.sh 
#!/bin/bash
echo "Report for File: /home/cms040/home_cream_140254986/CREAM140254986/glide_Q4guMP/execute/dir_11650/CMSSW_6_2_0_SLHC12/validationEDM_3_1_i6T.root"
echo "LFN: /store/user/calabria/calabria_SingleMuPt100_GEN-SIM-DIGI-RECO_CMSSW_6_2_0_SLHC12_2023Scenario_Case3/calabria_MuMinus100_GEN-SIM-DIGI-RECO_CMSSW_6_2_0_SLHC12_2023Scenario_VALNOPU2_Case3/5854dd31cbd3cdec44c48628cc181cf0/validationEDM_3_1_i6T.root"
echo "StorageElement: storm-se-01.ba.infn.it"
echo "StageOutExitStatusReason = 'Copy succedeed with srm-lcg utils'" | tee -a $RUNTIME_AREA/$repo
echo "StageOutSE = storm-se-01.ba.infn.it" >> $RUNTIME_AREA/$repo

export StageOutExitStatus=0
echo "StageOutExitStatus = 0" | tee -a $RUNTIME_AREA/$repo
-------- end of /home/cms040/home_cream_140254986/CREAM140254986/glide_Q4guMP/execute/dir_11650/cmscpReport.sh 
Report for File: /home/cms040/home_cream_140254986/CREAM140254986/glide_Q4guMP/execute/dir_11650/CMSSW_6_2_0_SLHC12/validationEDM_3_1_i6T.root
LFN: /store/user/calabria/calabria_SingleMuPt100_GEN-SIM-DIGI-RECO_CMSSW_6_2_0_SLHC12_2023Scenario_Case3/calabria_MuMinus100_GEN-SIM-DIGI-RECO_CMSSW_6_2_0_SLHC12_2023Scenario_VALNOPU2_Case3/5854dd31cbd3cdec44c48628cc181cf0/validationEDM_3_1_i6T.root
StorageElement: storm-se-01.ba.infn.it
StageOutExitStatusReason = 'Copy succedeed with srm-lcg utils'
StageOutExitStatus = 0
>>> current dir: /home/cms040/home_cream_140254986/CREAM140254986/glide_Q4guMP/execute/dir_11650
>>> current dir content:
total 28080
-rw-------  1 cms040 cms     2784 Jun 18 00:03 .SEinteraction.log
-rwx------  1 cms040 cms     6791 Jun 17 23:55 .job.ad
-rwx------  1 cms040 cms     9457 Jun 17 23:55 .machine.ad
-rw-------  1 cms040 cms      105 Jun 16 20:46 CMSSW.py
-rw-------  1 cms040 cms  3740221 Jun 16 20:46 CMSSW.py.pkl
-rwx------  1 cms040 cms    29569 Jun 17 23:55 CMSSW.sh
drwxr-xr-x 15 cms040 cms     4096 Jun 18 00:02 CMSSW_6_2_0_SLHC12
-rw-------  1 cms040 cms      220 Jun 17 23:55 CacheEnv.sh
-rw-------  1 cms040 cms     7291 Apr  4 11:04 DashboardAPI.py
-rw-------  1 cms040 cms     6815 Jun 17 23:55 DashboardAPI.pyc
drwx------  2 cms040 cms     4096 Jun 18 00:02 IMProv
-rw-------  1 cms040 cms     2748 Apr  4 11:04 Logger.py
-rw-------  1 cms040 cms     3347 Jun 17 23:55 Logger.pyc
-rw-------  1 cms040 cms    24524 Apr  4 11:04 ProcInfo.py
-rw-------  1 cms040 cms    23197 Jun 17 23:55 ProcInfo.pyc
drwx------  7 cms040 cms     4096 Jun 17 23:55 ProdCommon
drwx------  3 cms040 cms     4096 Jun 17 23:55 WMCore
-rw-------  1 cms040 cms     2849 Jun 18 00:02 Watchdog_3.log
-rwx------  1 cms040 cms        0 Jun 17 23:55 _condor_stderr
-rwx---r--  1 cms040 cms    29479 Jun 18 00:03 _condor_stdout
-rw-------  1 cms040 cms    32895 Apr  4 11:04 apmon.py
-rw-------  1 cms040 cms    28625 Jun 17 23:55 apmon.pyc
-rwx------  1 cms040 cms    53877 Jun 17 23:55 arguments.xml
-rwx------  1 cms040 cms    38515 Apr  4 11:04 cmscp.py
-rw-------  1 cms040 cms      718 Jun 18 00:03 cmscpReport.sh
-rwx------  1 cms040 cms    29569 Jun 17 23:55 condor_exec.exe
-rw-------  1 cms040 cms      963 Jun 16 20:46 crab.cfg
-rwx------  1 cms040 cms     8610 Apr  4 11:04 crabWatchdog.sh
-rwx---r--  1 cms040 cms   523281 Jun 18 00:02 crab_fjr_3.xml
-rwx------  1 cms040 cms 23958839 Jun 17 23:55 default.tgz
-rwx------  1 cms040 cms     4488 Apr  4 11:04 fillCrabFjr.py
-rw-------  1 cms040 cms     2641 Jun 17 23:55 inputsReport.txt
-rw-------  1 cms040 cms      260 Jun 18 00:03 jobreport.txt
-rw-------  1 cms040 cms    17352 Apr  4 11:04 parseCrabFjr.py
-rw-------  1 cms040 cms      330 Jun 17 23:55 report.log
-rwx--x--x  1 cms040 cms     1497 Apr  4 11:04 report.py
-rw-------  1 cms040 cms      775 Jun 18 00:03 resultCopyFile
lrwxrwxrwx  1 cms040 cms      125 Jun 18 00:02 validationEDM.root -> /home/cms040/home_cream_140254986/CREAM140254986/glide_Q4guMP/execute/dir_11650/CMSSW_6_2_0_SLHC12/validationEDM_3_1_i6T.root
-rwx------  1 cms040 cms     8387 Apr  4 11:04 writeCfg.py
-rw-------  1 cms040 cms     8010 Jun 17 23:55 x509up_u50707
>>> Modify Job Report:
CMSSW_VERSION = CMSSW_6_2_0_SLHC12
ProcessedDataset = calabria_MuMinus100_GEN-SIM-DIGI-RECO_CMSSW_6_2_0_SLHC12_2023Scenario_VALNOPU2_Case3
/home/cms040/home_cream_140254986/CREAM140254986/glide_Q4guMP/execute/dir_11650/ProdCommon/FwkJobRep/ModifyJobReport.py fjr /home/cms040/home_cream_140254986/CREAM140254986/glide_Q4guMP/execute/dir_11650/crab_fjr_3.xml json /home/cms040/home_cream_140254986/CREAM140254986/glide_Q4guMP/execute/dir_11650/resultCopyFile n_job 3_1_i6T PrimaryDataset calabria_SingleMuPt100_GEN-SIM-DIGI-RECO_CMSSW_6_2_0_SLHC12_2023Scenario_Case3  ApplicationFamily cmsRun ApplicationName cmsRun cmssw_version CMSSW_6_2_0_SLHC12 psethash 5854dd31cbd3cdec44c48628cc181cf0 UserProcessedDataset calabria-calabria_MuMinus100_GEN-SIM-DIGI-RECO_CMSSW_6_2_0_SLHC12_2023Scenario_VALNOPU2_Case3-5854dd31cbd3cdec44c48628cc181cf0
inputDict =  {u'/home/cms040/home_cream_140254986/CREAM140254986/glide_Q4guMP/execute/dir_11650/CMSSW_6_2_0_SLHC12/validationEDM_3_1_i6T.root': {u'endpoint': u'srm://storm-se-01.ba.infn.it:8444/srm/managerv2?SFN=//cms/store/user/calabria/calabria_SingleMuPt100_GEN-SIM-DIGI-RECO_CMSSW_6_2_0_SLHC12_2023Scenario_Case3/calabria_MuMinus100_GEN-SIM-DIGI-RECO_CMSSW_6_2_0_SLHC12_2023Scenario_VALNOPU2_Case3/5854dd31cbd3cdec44c48628cc181cf0/', u'surl_for_grid': u'', u'reason': u'Copy succedeed with srm-lcg utils', u'erCode': u'0', u'se_name': u'storm-se-01.ba.infn.it', u'for_lfn': u'/store/user/calabria/calabria_SingleMuPt100_GEN-SIM-DIGI-RECO_CMSSW_6_2_0_SLHC12_2023Scenario_Case3/calabria_MuMinus100_GEN-SIM-DIGI-RECO_CMSSW_6_2_0_SLHC12_2023Scenario_VALNOPU2_Case3/5854dd31cbd3cdec44c48628cc181cf0/'}}
UserProcessedDataset =  calabria-calabria_MuMinus100_GEN-SIM-DIGI-RECO_CMSSW_6_2_0_SLHC12_2023Scenario_VALNOPU2_Case3-5854dd31cbd3cdec44c48628cc181cf0
file_name in inputDict =  /home/cms040/home_cream_140254986/CREAM140254986/glide_Q4guMP/execute/dir_11650/CMSSW_6_2_0_SLHC12/validationEDM_3_1_i6T.root
(size) os.stat(filename)[6] =  3371274
checksum =  1135383261
    file =  validationEDM_3_1_i6T.root
    newPfn =  srm://storm-se-01.ba.infn.it:8444/srm/managerv2?SFN=//cms/store/user/calabria/calabria_SingleMuPt100_GEN-SIM-DIGI-RECO_CMSSW_6_2_0_SLHC12_2023Scenario_Case3/calabria_MuMinus100_GEN-SIM-DIGI-RECO_CMSSW_6_2_0_SLHC12_2023Scenario_VALNOPU2_Case3/5854dd31cbd3cdec44c48628cc181cf0/validationEDM_3_1_i6T.root
    newLfn =  /store/user/calabria/calabria_SingleMuPt100_GEN-SIM-DIGI-RECO_CMSSW_6_2_0_SLHC12_2023Scenario_Case3/calabria_MuMinus100_GEN-SIM-DIGI-RECO_CMSSW_6_2_0_SLHC12_2023Scenario_VALNOPU2_Case3/5854dd31cbd3cdec44c48628cc181cf0/validationEDM_3_1_i6T.root
>>> crab_fjr_*.xml  permission set to 0704
CrabWrapper EXIT_FUNC entered at Wed Jun 18 00:03:35 CEST 2014   -  Tue Jun 17 22:03:35 UTC 2014
Checking output files:  
will tar file crab_fjr_3.xml in  out_files_3
WARNING: output file CMSSW_3.stdout not found!
WARNING: output file CMSSW_3.stderr not found!
WARNING: output file Watchdog_3.log.gz not found!
>>> padding time: Sleeping the wrapper for 120 seconds
STOPPING WATCHDOG. CrabWatchdog PID is 12870
********** LAST 50 LINES OF WATCHDOG LOG
# RESOURCE USAGE SUMMARY FOR PROCESS ID 12519
USER       PID %CPU %MEM    VSZ   RSS TTY      STAT START   TIME COMMAND
cms040   12519  0.4  0.0   9496  1592 ?        S    23:55   0:00 /bin/sh /home/cms040/home_cream_140254986/CREAM140254986/glide_Q4guMP/execute/dir_11650/condor_exec.exe 3 1
 
# LIMITS USED BY CRAB WATCHDOG:
# RSS  (KBytes)   : 2300000
# VSZ  (KBytes)   : 100000000
# DISK (MBytes)   : 19000
# CPU TIME        : 720h:0m:0s
# WALL CLOCK TIME : 21h:50m:0s
 
# FOLLOWING PRINTOUT TRACKS MAXIMUM VALUES OF RESOURCES USE
# ONE LINE IS PRINTED EACH TIME A MAXIMUM CHANGES
# IF CHANGE WAS IN RSS OR VSZ ALSO PROCID AND COMMAND ARE PRINTED
# THERE IS NO PRINTOUT FOR CPU/WALL TIME INCREASE
 
# TIME			PID	RSS(KB)	VSZ(KB)	Dsk(MB)	tCPU(s)	tWALL(s)	COMMAND
 Jun 17 23:55:43 CEST	3218	1396	9364	0	0	0	/bin/bash /home/cms040/home_cream_140254986/CREAM140254986/glide_Q4guMP/main/condor_startup.sh glidein_config        
 Jun 17 23:55:43 CEST	3982	8004	93340	0	0	0	/home/cms040/home_cream_140254986/CREAM140254986/glide_Q4guMP/main/condor/sbin/condor_master -f -pidfile /home/cms040/home_cream_140254986/CREAM140254986/glide_Q4guMP/condor_master2.pid       
 Jun 17 23:55:43 CEST	4294	8712	93784	0	2	0	condor_startd -f         
 Jun 17 23:55:43 CEST	12882	37760	101888	0	0	1	edmConfigHash pset.py         
 Jun 17 23:55:43 CEST	29100	37760	106092	0	0	1	sh -c "./glidein_startup.sh" -v std -name v1_3 -entry CMS_T2_IT_Bari_ce2 -clientname UCSD-v1_0.main
 Jun 17 23:55:43 CEST	29104	37760	106492	0	0	1	/bin/bash ./glidein_startup.sh -v std -name v1_3 -entry CMS_T2_IT_Bari_ce2 -clientname UCSD-v1_0.main -schedd
 Jun 17 23:55:43 CEST	---	37760	106492	171	----	----	----
 Jun 17 23:56:44 CEST	14128	768200	977728	171	32	62	cmsRun -j /home/cms040/home_cream_140254986/CREAM140254986/glide_Q4guMP/execute/dir_11650/crab_fjr_3.xml -p pset.py      
 Jun 17 23:56:44 CEST	---	768200	977728	175	----	----	----
 Jun 17 23:57:45 CEST	14128	797496	1005140	175	80	123	cmsRun -j /home/cms040/home_cream_140254986/CREAM140254986/glide_Q4guMP/execute/dir_11650/crab_fjr_3.xml -p pset.py      
 Jun 17 23:58:46 CEST	14128	801656	1013844	175	134	184	cmsRun -j /home/cms040/home_cream_140254986/CREAM140254986/glide_Q4guMP/execute/dir_11650/crab_fjr_3.xml -p pset.py      
 Jun 17 23:59:47 CEST	14128	811516	1021780	175	182	245	cmsRun -j /home/cms040/home_cream_140254986/CREAM140254986/glide_Q4guMP/execute/dir_11650/crab_fjr_3.xml -p pset.py      
 Jun 18 00:00:48 CEST	14128	815856	1021780	175	234	306	cmsRun -j /home/cms040/home_cream_140254986/CREAM140254986/glide_Q4guMP/execute/dir_11650/crab_fjr_3.xml -p pset.py      
 Jun 18 00:01:49 CEST	14128	834236	1030440	175	286	367	cmsRun -j /home/cms040/home_cream_140254986/CREAM140254986/glide_Q4guMP/execute/dir_11650/crab_fjr_3.xml -p pset.py      
 Jun 18 00:02:51 CEST	---	834236	1030440	179	----	----	----
********** WATCHDOG LOG ENDED
ZIPPING WATCHDOG LOG
Disk space used:
du -sh /home/cms040/home_cream_140254986/CREAM140254986/glide_Q4guMP/execute/dir_11650
179M	/home/cms040/home_cream_140254986/CREAM140254986/glide_Q4guMP/execute/dir_11650
Found unusual stdout, rename for OSB
`/home/cms040/home_cream_140254986/CREAM140254986/glide_Q4guMP/execute/dir_11650/_condor_stdout' -> `CMSSW_3.stdout'
Found unusual stderr, rename for OSB
`/home/cms040/home_cream_140254986/CREAM140254986/glide_Q4guMP/execute/dir_11650/_condor_stdout' -> `CMSSW_3.stderr'
crab_fjr_3.xml
CMSSW_3.stdout
CMSSW_3.stderr
Watchdog_3.log.gz
Total Output dimension: 70228
WARNING: output files size limit is set to: 50000000
Total Output dimension 70228 is fine.
JOB_EXIT_STATUS = 0
>>> info for dashboard:
***** Cat /home/cms040/home_cream_140254986/CREAM140254986/glide_Q4guMP/execute/dir_11650/jobreport.txt *****
MonitorJobID=3_https://submit-4.t2.ucsd.edu//140616//222478.2
MonitorID=calabria_MuMinus100_Case3_ReReco_0fw46a
ExeTime=394
ExeExitCode=0
StageOutExitStatusReason = 'Copy succedeed with srm-lcg utils'
StageOutSE = storm-se-01.ba.infn.it
StageOutExitStatus = 0
CrabUserCpuTime=323.58
CrabSysCpuTime=4.25
CrabCpuPercentage=83%
CrabWrapperTime=600
CrabStageoutTime=48
JobExitCode=0
***** End Cat jobreport *****
Parameters sent to Dashboard.
EXITING at Wed Jun 18 00:05:45 CEST 2014  -  Tue Jun 17 22:05:45 UTC 2014
