This script was generated by crab (version 2.10.5_patch1).
Running /home/cms017/home_cream_877751844/CREAM877751844/glide_2qv9Dc/execute/dir_12330/condor_exec.exe with 2 positional parameters: 17 1
Today is Wed Jun 18 01:33:07 CEST 2014 - Tue Jun 17 23:33:07 UTC 2014
Job submitted on host pccms115.ba.infn.it
Linux pccms115.ba.infn.it 2.6.32-358.23.2.el6.x86_64 #1 SMP Thu Oct 17 10:27:22 CEST 2013 x86_64 x86_64 x86_64 GNU/Linux
>>> current directory (RUNTIME_AREA): /home/cms017/home_cream_877751844/CREAM877751844/glide_2qv9Dc/execute/dir_12330
>>> current user: uid=11830(cms017) gid=1399(cms) groups=1399(cms)
>>> directory permission set to 0700
>>> umask set to:  u=rwx,g=,o=
>>> stdout stderr permission set to 0704
>>> voms proxy information:
subject   : /C=IT/O=INFN/OU=Personal Certificate/L=Bari/CN=Cesare Calabria/CN=477126703/CN=1123067612
issuer    : /C=IT/O=INFN/OU=Personal Certificate/L=Bari/CN=Cesare Calabria/CN=477126703
identity  : /C=IT/O=INFN/OU=Personal Certificate/L=Bari/CN=Cesare Calabria
type      : RFC3820 compliant limited proxy
strength  : 1024
path      : /home/cms017/home_cream_877751844/CREAM877751844/glide_2qv9Dc/execute/dir_12330/x509up_u50707
timeleft  : 23:56:45
key usage : Digital Signature, Key Encipherment, Data Encipherment
=== VO cms extension information ===
VO        : cms
subject   : /C=IT/O=INFN/OU=Personal Certificate/L=Bari/CN=Cesare Calabria
issuer    : /DC=ch/DC=cern/OU=computers/CN=voms.cern.ch
attribute : /cms/Role=NULL/Capability=NULL
attribute : /cms/itcms/Role=NULL/Capability=NULL
timeleft  : 153:51:12
uri       : voms.cern.ch:15002

WNHostName=pccms115.ba.infn.it
>>> tar --no-same-permissions -xf /home/cms017/home_cream_877751844/CREAM877751844/glide_2qv9Dc/execute/dir_12330/default.tgz :
Successful untar
>>> Include /home/cms017/home_cream_877751844/CREAM877751844/glide_2qv9Dc/execute/dir_12330 in PYTHONPATH:
strip arguments
env var CRAB_UNIQUE_JOB_ID set to: calabria_MuMinus10_Case5_ReReco_0ct8s3_17_1_0B9
out_files_17
>>> list of expected files on output sandbox
output files: crab_fjr_17.xml CMSSW_17.stdout CMSSW_17.stderr Watchdog_17.log.gz
>>> GridFlavour discovery: 
GridFlavour=LCG
>>> SyncSite discovery: 
SyncSite=T2_IT_Bari
>>> SyncCE discovery: 
getting SyncCE from CE_ID
SyncCE=cream-ce-4.ba.infn.it:8443/cream-pbs-cms
>>> info for dashboard:
***** Cat /home/cms017/home_cream_877751844/CREAM877751844/glide_2qv9Dc/execute/dir_12330/jobreport.txt *****
WNHostName=pccms115.ba.infn.it
MonitorJobID=17_https://submit-6.t2.ucsd.edu//140616//168557.16
SyncGridJobId=https://submit-6.t2.ucsd.edu//140616//168557.16
MonitorID=calabria_MuMinus10_Case5_ReReco_0ct8s3
GridFlavour=LCG
SyncSite=T2_IT_Bari
SyncCE=cream-ce-4.ba.infn.it:8443/cream-pbs-cms
***** End Cat jobreport *****
Parameters sent to Dashboard.
>>> setup environment
set SCRAM ARCH to slc5_amd64_gcc472
SCRAM_ARCH = slc5_amd64_gcc472
>>> setup CMS LCG environment:
set SCRAM ARCH and BUILD_ARCH to slc5_amd64_gcc472 ###
Sourcing environment... 
sourcing /cvmfs/cms.cern.ch/cmsset_default.sh
==> setup cms environment ok
>>> specific cmssw setup environment:
CMSSW_VERSION =  CMSSW_6_2_0_SLHC12
>>> current directory (SOFTWARE_DIR): /home/cms017/home_cream_877751844/CREAM877751844/glide_2qv9Dc/execute/dir_12330/CMSSW_6_2_0_SLHC12
PreserveSeeds: <>
IncrementSeeds:<>
>>> info for dashboard:
***** Cat /home/cms017/home_cream_877751844/CREAM877751844/glide_2qv9Dc/execute/dir_12330/jobreport.txt *****
MonitorJobID=17_https://submit-6.t2.ucsd.edu//140616//168557.16
MonitorID=calabria_MuMinus10_Case5_ReReco_0ct8s3
***** End Cat jobreport *****
Parameters sent to Dashboard.
crabWatchdog started as process 9412
>>> moving CMSSW software directories in /home/cms017/home_cream_877751844/CREAM877751844/glide_2qv9Dc/execute/dir_12330/CMSSW_6_2_0_SLHC12
mv: cannot stat `/home/cms017/home_cream_877751844/CREAM877751844/glide_2qv9Dc/execute/dir_12330/module/': No such file or directory
>>> Include /home/cms017/home_cream_877751844/CREAM877751844/glide_2qv9Dc/execute/dir_12330 in PYTHONPATH:
PYTHONPATH=/home/cms017/home_cream_877751844/CREAM877751844/glide_2qv9Dc/execute/dir_12330/:/home/cms017/home_cream_877751844/CREAM877751844/glide_2qv9Dc/execute/dir_12330/CMSSW_6_2_0_SLHC12/python:/home/cms017/home_cream_877751844/CREAM877751844/glide_2qv9Dc/execute/dir_12330/CMSSW_6_2_0_SLHC12/lib/slc5_amd64_gcc472:/cvmfs/cms.cern.ch/slc5_amd64_gcc472/cms/cmssw/CMSSW_6_2_0_SLHC12/python:/cvmfs/cms.cern.ch/slc5_amd64_gcc472/cms/cmssw/CMSSW_6_2_0_SLHC12/lib/slc5_amd64_gcc472:/cvmfs/cms.cern.ch/slc5_amd64_gcc472/cms/coral/CORAL_2_3_21-cms36/slc5_amd64_gcc472/python:/cvmfs/cms.cern.ch/slc5_amd64_gcc472/cms/coral/CORAL_2_3_21-cms36/slc5_amd64_gcc472/lib:/cvmfs/cms.cern.ch/slc5_amd64_gcc472/external/pyqt/4.8.1-cms6/lib/python2.7/site-packages:/cvmfs/cms.cern.ch/slc5_amd64_gcc472/external/py2-scipy/0.8.0-cms8/lib/python2.7/site-packages:/cvmfs/cms.cern.ch/slc5_amd64_gcc472/external/py2-matplotlib/1.0.1-cms8/lib/python2.7/site-packages:/cvmfs/cms.cern.ch/slc5_amd64_gcc472/external/python-ldap/2.3.5-cms6/lib/python2.7/site-packages:/cvmfs/cms.cern.ch/slc5_amd64_gcc472/external/sip/4.11.2-cms6/lib/python2.7/site-packages:/cvmfs/cms.cern.ch/slc5_amd64_gcc472/external/py2-pycurl/7.19.0-cms8/lib/python2.7/site-packages:/cvmfs/cms.cern.ch/slc5_amd64_gcc472/external/py2-numpy/1.6.1-cms8/lib/python2.7/site-packages:/cvmfs/cms.cern.ch/slc5_amd64_gcc472/external/py2-lint/0.25.1-cms6/lib/python2.7/site-packages:/cvmfs/cms.cern.ch/slc5_amd64_gcc472/external/py2-ipython/0.10-cms6/lib/python2.7/site-packages:/cvmfs/cms.cern.ch/slc5_amd64_gcc472/external/py2-cx-oracle/5.1-cms7/lib/python2.7/site-packages:/cvmfs/cms.cern.ch/slc5_amd64_gcc472/external/py2-cjson/1.0.5-cms6/lib/python2.7/site-packages:/cvmfs/cms.cern.ch/slc5_amd64_gcc472/cms/das-client/1.11.7/bin:/cvmfs/cms.cern.ch/slc5_amd64_gcc472/external/elementtree/1.2.6-cms6/share/lib/python2.7/site-packages:/cvmfs/cms.cern.ch/slc5_amd64_gcc472/external/rivet/1.8.2-cms8/lib/python2.7/site-packages:/cvmfs/cms.cern.ch/slc5_amd64_gcc472/external/pyminuit2/0.0.1-cms19/lib/python2.7/site-packages:/cvmfs/cms.cern.ch/slc5_amd64_gcc472/external/py2-pygithub/1.23.0/lib/python2.7/site-packages:/cvmfs/cms.cern.ch/slc5_amd64_gcc472/external/professor/1.0.0-cms19/lib/python2.7/site-packages:/cvmfs/cms.cern.ch/slc5_amd64_gcc472/lcg/root/5.34.07-cms/lib:/cvmfs/cms.cern.ch/slc5_amd64_gcc472/cms/dbs-client/DBS_2_1_9-cms5/lib:/cvmfs/cms.cern.ch/slc5_amd64_gcc472/cms/dbs-client/DBS_2_1_9-cms5/lib/DBSAPI:/cvmfs/cms.cern.ch/slc5_amd64_gcc472/external/cvs2git/5419-cms/lib:/home/cms017/home_cream_877751844/CREAM877751844/glide_2qv9Dc/execute/dir_12330/
 
# LIMITS USED BY CRAB WATCHDOG:
# RSS  (KBytes)   : 2300000
# VSZ  (KBytes)   : 100000000
# DISK (MBytes)   : 19000
# CPU TIME        : 720h:0m:0s
# WALL CLOCK TIME : 21h:50m:0s
 
5854dd31cbd3cdec44c48628cc181cf0
PSETHASH = 5854dd31cbd3cdec44c48628cc181cf0
/home/cms017/home_cream_877751844/CREAM877751844/glide_2qv9Dc/execute/dir_12330/writeCfg.py pset.py pset.py
Importing .py file
Setting parameters
RandomNumberGeneratorService found, will attempt to change seeds
inputBlocks=/calabria_SingleMuPt10_GEN-SIM-DIGI-RECO_CMSSW_6_2_0_SLHC12_2023Scenario_Case5/calabria-calabria_SingleMuPt10_GEN-SIM-DIGI-RECO_CMSSW_6_2_0_SLHC12_2023Scenario_Case5-b6da911bb96a528ccff7d001f1ad0373/USER#8093e635-3811-46da-a067-d69b0235e534
inputFiles=/store/user/calabria/calabria_SingleMuPt10_GEN-SIM-DIGI-RECO_CMSSW_6_2_0_SLHC12_2023Scenario_Case5/calabria_SingleMuPt10_GEN-SIM-DIGI-RECO_CMSSW_6_2_0_SLHC12_2023Scenario_Case5/b6da911bb96a528ccff7d001f1ad0373/out_reco_135_1_PSs.root;/store/user/calabria/calabria_SingleMuPt10_GEN-SIM-DIGI-RECO_CMSSW_6_2_0_SLHC12_2023Scenario_Case5/calabria_SingleMuPt10_GEN-SIM-DIGI-RECO_CMSSW_6_2_0_SLHC12_2023Scenario_Case5/b6da911bb96a528ccff7d001f1ad0373/out_reco_136_1_81z.root;/store/user/calabria/calabria_SingleMuPt10_GEN-SIM-DIGI-RECO_CMSSW_6_2_0_SLHC12_2023Scenario_Case5/calabria_SingleMuPt10_GEN-SIM-DIGI-RECO_CMSSW_6_2_0_SLHC12_2023Scenario_Case5/b6da911bb96a528ccff7d001f1ad0373/out_reco_137_1_NMR.root;/store/user/calabria/calabria_SingleMuPt10_GEN-SIM-DIGI-RECO_CMSSW_6_2_0_SLHC12_2023Scenario_Case5/calabria_SingleMuPt10_GEN-SIM-DIGI-RECO_CMSSW_6_2_0_SLHC12_2023Scenario_Case5/b6da911bb96a528ccff7d001f1ad0373/out_reco_139_1_f4r.root;/store/user/calabria/calabria_SingleMuPt10_GEN-SIM-DIGI-RECO_CMSSW_6_2_0_SLHC12_2023Scenario_Case5/calabria_SingleMuPt10_GEN-SIM-DIGI-RECO_CMSSW_6_2_0_SLHC12_2023Scenario_Case5/b6da911bb96a528ccff7d001f1ad0373/out_reco_140_1_CcH.root;/store/user/calabria/calabria_SingleMuPt10_GEN-SIM-DIGI-RECO_CMSSW_6_2_0_SLHC12_2023Scenario_Case5/calabria_SingleMuPt10_GEN-SIM-DIGI-RECO_CMSSW_6_2_0_SLHC12_2023Scenario_Case5/b6da911bb96a528ccff7d001f1ad0373/out_reco_141_1_QcM.root;/store/user/calabria/calabria_SingleMuPt10_GEN-SIM-DIGI-RECO_CMSSW_6_2_0_SLHC12_2023Scenario_Case5/calabria_SingleMuPt10_GEN-SIM-DIGI-RECO_CMSSW_6_2_0_SLHC12_2023Scenario_Case5/b6da911bb96a528ccff7d001f1ad0373/out_reco_142_1_NAF.root;/store/user/calabria/calabria_SingleMuPt10_GEN-SIM-DIGI-RECO_CMSSW_6_2_0_SLHC12_2023Scenario_Case5/calabria_SingleMuPt10_GEN-SIM-DIGI-RECO_CMSSW_6_2_0_SLHC12_2023Scenario_Case5/b6da911bb96a528ccff7d001f1ad0373/out_reco_144_1_QFm.root;/store/user/calabria/calabria_SingleMuPt10_GEN-SIM-DIGI-RECO_CMSSW_6_2_0_SLHC12_2023Scenario_Case5/calabria_SingleMuPt10_GEN-SIM-DIGI-RECO_CMSSW_6_2_0_SLHC12_2023Scenario_Case5/b6da911bb96a528ccff7d001f1ad0373/out_reco_145_1_Cjc.root;/store/user/calabria/calabria_SingleMuPt10_GEN-SIM-DIGI-RECO_CMSSW_6_2_0_SLHC12_2023Scenario_Case5/calabria_SingleMuPt10_GEN-SIM-DIGI-RECO_CMSSW_6_2_0_SLHC12_2023Scenario_Case5/b6da911bb96a528ccff7d001f1ad0373/out_reco_146_1_TST.root
parentFiles=
lumisRange=
>>> Executable cmsRun
/cvmfs/cms.cern.ch/slc5_amd64_gcc472/cms/cmssw/CMSSW_6_2_0_SLHC12/bin/slc5_amd64_gcc472/cmsRun
ok executable found
>>> info for dashboard:
***** Cat /home/cms017/home_cream_877751844/CREAM877751844/glide_2qv9Dc/execute/dir_12330/jobreport.txt *****
MonitorJobID=17_https://submit-6.t2.ucsd.edu//140616//168557.16
MonitorID=calabria_MuMinus10_Case5_ReReco_0ct8s3
ExeStart=cmsRun
***** End Cat jobreport *****
Parameters sent to Dashboard.
>>> cmsRun started at Tue Jun 17 23:33:25 UTC 2014
>>> cmsRun ended at Tue Jun 17 23:39:29 UTC 2014
>>> crab_fjr_*.xml  permission set to 0704
>>> info for dashboard:
***** Cat /home/cms017/home_cream_877751844/CREAM877751844/glide_2qv9Dc/execute/dir_12330/jobreport.txt *****
MonitorJobID=17_https://submit-6.t2.ucsd.edu//140616//168557.16
MonitorID=calabria_MuMinus10_Case5_ReReco_0ct8s3
ExeEnd=cmsRun
***** End Cat jobreport *****
Parameters sent to Dashboard.
TIME_EXE = 364 sec
>>> cmsRun wrote 50 lines of stdout+stderr
>>> START OF printout of 50 lines from stdout+stderr
271 DQMStore::DQMStore 
HcalTopologyIdealEP::HcalTopologyIdealEP
18-Jun-2014 01:33:56 CEST  Initiating request to open file file:/lustre/cms//store/user/calabria/calabria_SingleMuPt10_GEN-SIM-DIGI-RECO_CMSSW_6_2_0_SLHC12_2023Scenario_Case5/calabria_SingleMuPt10_GEN-SIM-DIGI-RECO_CMSSW_6_2_0_SLHC12_2023Scenario_Case5/b6da911bb96a528ccff7d001f1ad0373/out_reco_135_1_PSs.root
18-Jun-2014 01:33:58 CEST  Successfully opened file file:/lustre/cms//store/user/calabria/calabria_SingleMuPt10_GEN-SIM-DIGI-RECO_CMSSW_6_2_0_SLHC12_2023Scenario_Case5/calabria_SingleMuPt10_GEN-SIM-DIGI-RECO_CMSSW_6_2_0_SLHC12_2023Scenario_Case5/b6da911bb96a528ccff7d001f1ad0373/out_reco_135_1_PSs.root
18-Jun-2014 01:34:43 CEST  Closed file file:/lustre/cms//store/user/calabria/calabria_SingleMuPt10_GEN-SIM-DIGI-RECO_CMSSW_6_2_0_SLHC12_2023Scenario_Case5/calabria_SingleMuPt10_GEN-SIM-DIGI-RECO_CMSSW_6_2_0_SLHC12_2023Scenario_Case5/b6da911bb96a528ccff7d001f1ad0373/out_reco_135_1_PSs.root
18-Jun-2014 01:34:43 CEST  Initiating request to open file file:/lustre/cms//store/user/calabria/calabria_SingleMuPt10_GEN-SIM-DIGI-RECO_CMSSW_6_2_0_SLHC12_2023Scenario_Case5/calabria_SingleMuPt10_GEN-SIM-DIGI-RECO_CMSSW_6_2_0_SLHC12_2023Scenario_Case5/b6da911bb96a528ccff7d001f1ad0373/out_reco_136_1_81z.root
18-Jun-2014 01:34:44 CEST  Successfully opened file file:/lustre/cms//store/user/calabria/calabria_SingleMuPt10_GEN-SIM-DIGI-RECO_CMSSW_6_2_0_SLHC12_2023Scenario_Case5/calabria_SingleMuPt10_GEN-SIM-DIGI-RECO_CMSSW_6_2_0_SLHC12_2023Scenario_Case5/b6da911bb96a528ccff7d001f1ad0373/out_reco_136_1_81z.root
18-Jun-2014 01:35:46 CEST  Closed file file:/lustre/cms//store/user/calabria/calabria_SingleMuPt10_GEN-SIM-DIGI-RECO_CMSSW_6_2_0_SLHC12_2023Scenario_Case5/calabria_SingleMuPt10_GEN-SIM-DIGI-RECO_CMSSW_6_2_0_SLHC12_2023Scenario_Case5/b6da911bb96a528ccff7d001f1ad0373/out_reco_136_1_81z.root
18-Jun-2014 01:35:46 CEST  Initiating request to open file file:/lustre/cms//store/user/calabria/calabria_SingleMuPt10_GEN-SIM-DIGI-RECO_CMSSW_6_2_0_SLHC12_2023Scenario_Case5/calabria_SingleMuPt10_GEN-SIM-DIGI-RECO_CMSSW_6_2_0_SLHC12_2023Scenario_Case5/b6da911bb96a528ccff7d001f1ad0373/out_reco_137_1_NMR.root
18-Jun-2014 01:35:47 CEST  Successfully opened file file:/lustre/cms//store/user/calabria/calabria_SingleMuPt10_GEN-SIM-DIGI-RECO_CMSSW_6_2_0_SLHC12_2023Scenario_Case5/calabria_SingleMuPt10_GEN-SIM-DIGI-RECO_CMSSW_6_2_0_SLHC12_2023Scenario_Case5/b6da911bb96a528ccff7d001f1ad0373/out_reco_137_1_NMR.root
18-Jun-2014 01:36:24 CEST  Closed file file:/lustre/cms//store/user/calabria/calabria_SingleMuPt10_GEN-SIM-DIGI-RECO_CMSSW_6_2_0_SLHC12_2023Scenario_Case5/calabria_SingleMuPt10_GEN-SIM-DIGI-RECO_CMSSW_6_2_0_SLHC12_2023Scenario_Case5/b6da911bb96a528ccff7d001f1ad0373/out_reco_137_1_NMR.root
18-Jun-2014 01:36:24 CEST  Initiating request to open file file:/lustre/cms//store/user/calabria/calabria_SingleMuPt10_GEN-SIM-DIGI-RECO_CMSSW_6_2_0_SLHC12_2023Scenario_Case5/calabria_SingleMuPt10_GEN-SIM-DIGI-RECO_CMSSW_6_2_0_SLHC12_2023Scenario_Case5/b6da911bb96a528ccff7d001f1ad0373/out_reco_139_1_f4r.root
18-Jun-2014 01:36:24 CEST  Successfully opened file file:/lustre/cms//store/user/calabria/calabria_SingleMuPt10_GEN-SIM-DIGI-RECO_CMSSW_6_2_0_SLHC12_2023Scenario_Case5/calabria_SingleMuPt10_GEN-SIM-DIGI-RECO_CMSSW_6_2_0_SLHC12_2023Scenario_Case5/b6da911bb96a528ccff7d001f1ad0373/out_reco_139_1_f4r.root
18-Jun-2014 01:37:09 CEST  Closed file file:/lustre/cms//store/user/calabria/calabria_SingleMuPt10_GEN-SIM-DIGI-RECO_CMSSW_6_2_0_SLHC12_2023Scenario_Case5/calabria_SingleMuPt10_GEN-SIM-DIGI-RECO_CMSSW_6_2_0_SLHC12_2023Scenario_Case5/b6da911bb96a528ccff7d001f1ad0373/out_reco_139_1_f4r.root
18-Jun-2014 01:37:09 CEST  Initiating request to open file file:/lustre/cms//store/user/calabria/calabria_SingleMuPt10_GEN-SIM-DIGI-RECO_CMSSW_6_2_0_SLHC12_2023Scenario_Case5/calabria_SingleMuPt10_GEN-SIM-DIGI-RECO_CMSSW_6_2_0_SLHC12_2023Scenario_Case5/b6da911bb96a528ccff7d001f1ad0373/out_reco_140_1_CcH.root
18-Jun-2014 01:37:09 CEST  Successfully opened file file:/lustre/cms//store/user/calabria/calabria_SingleMuPt10_GEN-SIM-DIGI-RECO_CMSSW_6_2_0_SLHC12_2023Scenario_Case5/calabria_SingleMuPt10_GEN-SIM-DIGI-RECO_CMSSW_6_2_0_SLHC12_2023Scenario_Case5/b6da911bb96a528ccff7d001f1ad0373/out_reco_140_1_CcH.root
18-Jun-2014 01:37:29 CEST  Closed file file:/lustre/cms//store/user/calabria/calabria_SingleMuPt10_GEN-SIM-DIGI-RECO_CMSSW_6_2_0_SLHC12_2023Scenario_Case5/calabria_SingleMuPt10_GEN-SIM-DIGI-RECO_CMSSW_6_2_0_SLHC12_2023Scenario_Case5/b6da911bb96a528ccff7d001f1ad0373/out_reco_140_1_CcH.root
18-Jun-2014 01:37:29 CEST  Initiating request to open file file:/lustre/cms//store/user/calabria/calabria_SingleMuPt10_GEN-SIM-DIGI-RECO_CMSSW_6_2_0_SLHC12_2023Scenario_Case5/calabria_SingleMuPt10_GEN-SIM-DIGI-RECO_CMSSW_6_2_0_SLHC12_2023Scenario_Case5/b6da911bb96a528ccff7d001f1ad0373/out_reco_141_1_QcM.root
18-Jun-2014 01:37:29 CEST  Successfully opened file file:/lustre/cms//store/user/calabria/calabria_SingleMuPt10_GEN-SIM-DIGI-RECO_CMSSW_6_2_0_SLHC12_2023Scenario_Case5/calabria_SingleMuPt10_GEN-SIM-DIGI-RECO_CMSSW_6_2_0_SLHC12_2023Scenario_Case5/b6da911bb96a528ccff7d001f1ad0373/out_reco_141_1_QcM.root
18-Jun-2014 01:37:52 CEST  Closed file file:/lustre/cms//store/user/calabria/calabria_SingleMuPt10_GEN-SIM-DIGI-RECO_CMSSW_6_2_0_SLHC12_2023Scenario_Case5/calabria_SingleMuPt10_GEN-SIM-DIGI-RECO_CMSSW_6_2_0_SLHC12_2023Scenario_Case5/b6da911bb96a528ccff7d001f1ad0373/out_reco_141_1_QcM.root
18-Jun-2014 01:37:52 CEST  Initiating request to open file file:/lustre/cms//store/user/calabria/calabria_SingleMuPt10_GEN-SIM-DIGI-RECO_CMSSW_6_2_0_SLHC12_2023Scenario_Case5/calabria_SingleMuPt10_GEN-SIM-DIGI-RECO_CMSSW_6_2_0_SLHC12_2023Scenario_Case5/b6da911bb96a528ccff7d001f1ad0373/out_reco_142_1_NAF.root
18-Jun-2014 01:37:52 CEST  Successfully opened file file:/lustre/cms//store/user/calabria/calabria_SingleMuPt10_GEN-SIM-DIGI-RECO_CMSSW_6_2_0_SLHC12_2023Scenario_Case5/calabria_SingleMuPt10_GEN-SIM-DIGI-RECO_CMSSW_6_2_0_SLHC12_2023Scenario_Case5/b6da911bb96a528ccff7d001f1ad0373/out_reco_142_1_NAF.root
18-Jun-2014 01:38:12 CEST  Closed file file:/lustre/cms//store/user/calabria/calabria_SingleMuPt10_GEN-SIM-DIGI-RECO_CMSSW_6_2_0_SLHC12_2023Scenario_Case5/calabria_SingleMuPt10_GEN-SIM-DIGI-RECO_CMSSW_6_2_0_SLHC12_2023Scenario_Case5/b6da911bb96a528ccff7d001f1ad0373/out_reco_142_1_NAF.root
18-Jun-2014 01:38:12 CEST  Initiating request to open file file:/lustre/cms//store/user/calabria/calabria_SingleMuPt10_GEN-SIM-DIGI-RECO_CMSSW_6_2_0_SLHC12_2023Scenario_Case5/calabria_SingleMuPt10_GEN-SIM-DIGI-RECO_CMSSW_6_2_0_SLHC12_2023Scenario_Case5/b6da911bb96a528ccff7d001f1ad0373/out_reco_144_1_QFm.root
18-Jun-2014 01:38:12 CEST  Successfully opened file file:/lustre/cms//store/user/calabria/calabria_SingleMuPt10_GEN-SIM-DIGI-RECO_CMSSW_6_2_0_SLHC12_2023Scenario_Case5/calabria_SingleMuPt10_GEN-SIM-DIGI-RECO_CMSSW_6_2_0_SLHC12_2023Scenario_Case5/b6da911bb96a528ccff7d001f1ad0373/out_reco_144_1_QFm.root
18-Jun-2014 01:38:37 CEST  Closed file file:/lustre/cms//store/user/calabria/calabria_SingleMuPt10_GEN-SIM-DIGI-RECO_CMSSW_6_2_0_SLHC12_2023Scenario_Case5/calabria_SingleMuPt10_GEN-SIM-DIGI-RECO_CMSSW_6_2_0_SLHC12_2023Scenario_Case5/b6da911bb96a528ccff7d001f1ad0373/out_reco_144_1_QFm.root
18-Jun-2014 01:38:37 CEST  Initiating request to open file file:/lustre/cms//store/user/calabria/calabria_SingleMuPt10_GEN-SIM-DIGI-RECO_CMSSW_6_2_0_SLHC12_2023Scenario_Case5/calabria_SingleMuPt10_GEN-SIM-DIGI-RECO_CMSSW_6_2_0_SLHC12_2023Scenario_Case5/b6da911bb96a528ccff7d001f1ad0373/out_reco_145_1_Cjc.root
18-Jun-2014 01:38:37 CEST  Successfully opened file file:/lustre/cms//store/user/calabria/calabria_SingleMuPt10_GEN-SIM-DIGI-RECO_CMSSW_6_2_0_SLHC12_2023Scenario_Case5/calabria_SingleMuPt10_GEN-SIM-DIGI-RECO_CMSSW_6_2_0_SLHC12_2023Scenario_Case5/b6da911bb96a528ccff7d001f1ad0373/out_reco_145_1_Cjc.root
18-Jun-2014 01:38:58 CEST  Closed file file:/lustre/cms//store/user/calabria/calabria_SingleMuPt10_GEN-SIM-DIGI-RECO_CMSSW_6_2_0_SLHC12_2023Scenario_Case5/calabria_SingleMuPt10_GEN-SIM-DIGI-RECO_CMSSW_6_2_0_SLHC12_2023Scenario_Case5/b6da911bb96a528ccff7d001f1ad0373/out_reco_145_1_Cjc.root
18-Jun-2014 01:38:58 CEST  Initiating request to open file file:/lustre/cms//store/user/calabria/calabria_SingleMuPt10_GEN-SIM-DIGI-RECO_CMSSW_6_2_0_SLHC12_2023Scenario_Case5/calabria_SingleMuPt10_GEN-SIM-DIGI-RECO_CMSSW_6_2_0_SLHC12_2023Scenario_Case5/b6da911bb96a528ccff7d001f1ad0373/out_reco_146_1_TST.root
18-Jun-2014 01:38:59 CEST  Successfully opened file file:/lustre/cms//store/user/calabria/calabria_SingleMuPt10_GEN-SIM-DIGI-RECO_CMSSW_6_2_0_SLHC12_2023Scenario_Case5/calabria_SingleMuPt10_GEN-SIM-DIGI-RECO_CMSSW_6_2_0_SLHC12_2023Scenario_Case5/b6da911bb96a528ccff7d001f1ad0373/out_reco_146_1_TST.root
18-Jun-2014 01:39:29 CEST  Closed file file:/lustre/cms//store/user/calabria/calabria_SingleMuPt10_GEN-SIM-DIGI-RECO_CMSSW_6_2_0_SLHC12_2023Scenario_Case5/calabria_SingleMuPt10_GEN-SIM-DIGI-RECO_CMSSW_6_2_0_SLHC12_2023Scenario_Case5/b6da911bb96a528ccff7d001f1ad0373/out_reco_146_1_TST.root

=============================================

MessageLogger Summary

 type     category        sev    module        subroutine        count    total
 ---- -------------------- -- ---------------- ----------------  -----    -----
    1 fileAction           -s file_close                            10       10
    2 fileAction           -s file_open                             20       20

 type    category    Examples: run/evt        run/evt          run/evt
 ---- -------------------- ---------------- ---------------- ----------------
    1 fileAction           PostProcessEvent PostProcessEvent PostEndRun
    2 fileAction           pre-events       pre-events       PostProcessEvent

Severity    # Occurrences   Total Occurrences
--------    -------------   -----------------
System                 30                  30
>>> END OF printout of 50 lines from stdout+stderr
>>> Parse FrameworkJobReport crab_fjr.xml
Result of parsing the FrameworkJobReport crab_fjr.xml: Popularity start
lumisRange : 1::::1;1::::2;1::::3;1::::4;1::::5;1::::6;1::::7;1::::8;1::::9;1::::10;
lumisParentRange : 
Basename : /store/user/calabria/calabria_SingleMuPt10_GEN-SIM-DIGI-RECO_CMSSW_6_2_0_SLHC12_2023Scenario_Case5/calabria_SingleMuPt10_GEN-SIM-DIGI-RECO_CMSSW_6_2_0_SLHC12_2023Scenario_Case5/b6da911bb96a528ccff7d001f1ad0373/out_reco_1
BasenameParent : 
parentFiles : 
inputBlocks : /calabria_SingleMuPt10_GEN-SIM-DIGI-RECO_CMSSW_6_2_0_SLHC12_2023Scenario_Case5/calabria-calabria_SingleMuPt10_GEN-SIM-DIGI-RECO_CMSSW_6_2_0_SLHC12_2023Scenario_Case5-b6da911bb96a528ccff7d001f1ad0373/USER#8093e635-3811-46da-a067-d69b0235e534
inputFiles : 41_1_QcM.root::1::EDM::Local::1;35_1_PSs.root::1::EDM::Local::2;42_1_NAF.root::1::EDM::Local::3;46_1_TST.root::1::EDM::Local::4;36_1_81z.root::1::EDM::Local::5;37_1_NMR.root::1::EDM::Local::6;39_1_f4r.root::1::EDM::Local::7;40_1_CcH.root::1::EDM::Local::8;45_1_Cjc.root::1::EDM::Local::9;44_1_QFm.root::1::EDM::Local::10;
Popularity stop
Extracted ExitStatus from FrameworkJobReport parsing output: 0
>>> Executable succeded  0
ExeExitCode=0
EXECUTABLE_EXIT_STATUS = 0
>>> current directory /home/cms017/home_cream_877751844/CREAM877751844/glide_2qv9Dc/execute/dir_12330/CMSSW_6_2_0_SLHC12
>>>  (SOFTWARE_DIR): /home/cms017/home_cream_877751844/CREAM877751844/glide_2qv9Dc/execute/dir_12330/CMSSW_6_2_0_SLHC12
>>> (WORKING_DIR): 
>>> current directory content:
total 10068
drwxr-xr-x 3 cms017 cms    4096 Jun 18 01:33 .SCRAM
-rw------- 1 cms017 cms 3740110 Jun 18 01:33 CMSSW.py.pkl
drwxr-xr-x 3 cms017 cms    4096 Jun 18 01:33 bin
drwxr-xr-x 3 cms017 cms    4096 Jun 18 01:33 cfipython
drwxr-xr-x 4 cms017 cms    4096 Jun 18 01:33 config
-rw------- 1 cms017 cms      16 Jun 18 01:39 cpu_timing.txt
drwxr-xr-x 2 cms017 cms    4096 Jun 18 01:33 doc
-rw------- 1 cms017 cms    9925 Jun 18 01:39 executable.out
drwxr-xr-x 2 cms017 cms    4096 Jun 18 01:33 include
drwx------ 3 cms017 cms    4096 Apr 28 18:12 lib
drwxr-xr-x 3 cms017 cms    4096 Jun 18 01:33 logs
drwxr-xr-x 3 cms017 cms    4096 Jun 18 01:33 objs
-rw------- 1 cms017 cms     104 Jun 18 01:33 pset.py
-rw------- 1 cms017 cms 3712314 Jun 18 01:33 pset.py.pkl
-rw------- 1 cms017 cms     289 Jun 18 01:33 pset.pyc
drwxr-xr-x 2 cms017 cms    4096 Jun 18 01:33 python
-rw------- 1 cms017 cms     410 Jun 18 01:39 report.log
drwx------ 6 cms017 cms    4096 Jun 18 01:33 src
drwxr-xr-x 3 cms017 cms    4096 Jun 18 01:33 test
drwxr-xr-x 3 cms017 cms    4096 Jun 18 01:33 tmp
-rw------- 1 cms017 cms 2754463 Jun 18 01:39 validationEDM.root
>>> current directory /home/cms017/home_cream_877751844/CREAM877751844/glide_2qv9Dc/execute/dir_12330/CMSSW_6_2_0_SLHC12
>>> (SOFTWARE_DIR): /home/cms017/home_cream_877751844/CREAM877751844/glide_2qv9Dc/execute/dir_12330/CMSSW_6_2_0_SLHC12
>>> (WORKING_DIR): 
>>> current directory content:
total 10068
drwxr-xr-x 3 cms017 cms    4096 Jun 18 01:33 .SCRAM
-rw------- 1 cms017 cms 3740110 Jun 18 01:33 CMSSW.py.pkl
drwxr-xr-x 3 cms017 cms    4096 Jun 18 01:33 bin
drwxr-xr-x 3 cms017 cms    4096 Jun 18 01:33 cfipython
drwxr-xr-x 4 cms017 cms    4096 Jun 18 01:33 config
-rw------- 1 cms017 cms      16 Jun 18 01:39 cpu_timing.txt
drwxr-xr-x 2 cms017 cms    4096 Jun 18 01:33 doc
-rw------- 1 cms017 cms    9925 Jun 18 01:39 executable.out
drwxr-xr-x 2 cms017 cms    4096 Jun 18 01:33 include
drwx------ 3 cms017 cms    4096 Apr 28 18:12 lib
drwxr-xr-x 3 cms017 cms    4096 Jun 18 01:33 logs
drwxr-xr-x 3 cms017 cms    4096 Jun 18 01:33 objs
-rw------- 1 cms017 cms     104 Jun 18 01:33 pset.py
-rw------- 1 cms017 cms 3712314 Jun 18 01:33 pset.py.pkl
-rw------- 1 cms017 cms     289 Jun 18 01:33 pset.pyc
drwxr-xr-x 2 cms017 cms    4096 Jun 18 01:33 python
-rw------- 1 cms017 cms     410 Jun 18 01:39 report.log
drwx------ 6 cms017 cms    4096 Jun 18 01:33 src
drwxr-xr-x 3 cms017 cms    4096 Jun 18 01:33 test
drwxr-xr-x 3 cms017 cms    4096 Jun 18 01:33 tmp
-rw------- 1 cms017 cms 2754463 Jun 18 01:39 validationEDM_17_1_0B9.root
>>> current directory (RUNTIME_AREA):  /home/cms017/home_cream_877751844/CREAM877751844/glide_2qv9Dc/execute/dir_12330
SE = storm-se-01.ba.infn.it
SE_PATH = /srm/managerv2?SFN=//cms/store/user/calabria/calabria_SingleMuPt10_GEN-SIM-DIGI-RECO_CMSSW_6_2_0_SLHC12_2023Scenario_Case5/calabria_MuMinus10_GEN-SIM-DIGI-RECO_CMSSW_6_2_0_SLHC12_2023Scenario_VALNOPU2_Case5/5854dd31cbd3cdec44c48628cc181cf0/
LFNBaseName = /store/user/calabria/calabria_SingleMuPt10_GEN-SIM-DIGI-RECO_CMSSW_6_2_0_SLHC12_2023Scenario_Case5/calabria_MuMinus10_GEN-SIM-DIGI-RECO_CMSSW_6_2_0_SLHC12_2023Scenario_VALNOPU2_Case5/5854dd31cbd3cdec44c48628cc181cf0/
USER = calabria
endpoint = srm://storm-se-01.ba.infn.it:8444/srm/managerv2?SFN=//cms/store/user/calabria/calabria_SingleMuPt10_GEN-SIM-DIGI-RECO_CMSSW_6_2_0_SLHC12_2023Scenario_Case5/calabria_MuMinus10_GEN-SIM-DIGI-RECO_CMSSW_6_2_0_SLHC12_2023Scenario_VALNOPU2_Case5/5854dd31cbd3cdec44c48628cc181cf0/
>>> Copy output files from WN = pccms115.ba.infn.it to /srm/managerv2?SFN=//cms/store/user/calabria/calabria_SingleMuPt10_GEN-SIM-DIGI-RECO_CMSSW_6_2_0_SLHC12_2023Scenario_Case5/calabria_MuMinus10_GEN-SIM-DIGI-RECO_CMSSW_6_2_0_SLHC12_2023Scenario_VALNOPU2_Case5/5854dd31cbd3cdec44c48628cc181cf0/ :
python cmscp.py  --destination srm://storm-se-01.ba.infn.it:8444/srm/managerv2?SFN=//cms/store/user/calabria/calabria_SingleMuPt10_GEN-SIM-DIGI-RECO_CMSSW_6_2_0_SLHC12_2023Scenario_Case5/calabria_MuMinus10_GEN-SIM-DIGI-RECO_CMSSW_6_2_0_SLHC12_2023Scenario_VALNOPU2_Case5/5854dd31cbd3cdec44c48628cc181cf0/ --inputFileList /home/cms017/home_cream_877751844/CREAM877751844/glide_2qv9Dc/execute/dir_12330/CMSSW_6_2_0_SLHC12/validationEDM_17_1_0B9.root --middleware LCG --se_name storm-se-01.ba.infn.it --for_lfn /store/user/calabria/calabria_SingleMuPt10_GEN-SIM-DIGI-RECO_CMSSW_6_2_0_SLHC12_2023Scenario_Case5/calabria_MuMinus10_GEN-SIM-DIGI-RECO_CMSSW_6_2_0_SLHC12_2023Scenario_VALNOPU2_Case5/5854dd31cbd3cdec44c48628cc181cf0/    
******************************************************
localSeName  =  storm-se-01.ba.infn.it
remoteSeName =  storm-se-01.ba.infn.it
******************************************************
{"/home/cms017/home_cream_877751844/CREAM877751844/glide_2qv9Dc/execute/dir_12330/CMSSW_6_2_0_SLHC12/validationEDM_17_1_0B9.root": {"endpoint": "srm://storm-se-01.ba.infn.it:8444/srm/managerv2?SFN=//cms/store/user/calabria/calabria_SingleMuPt10_GEN-SIM-DIGI-RECO_CMSSW_6_2_0_SLHC12_2023Scenario_Case5/calabria_MuMinus10_GEN-SIM-DIGI-RECO_CMSSW_6_2_0_SLHC12_2023Scenario_VALNOPU2_Case5/5854dd31cbd3cdec44c48628cc181cf0/", "surl_for_grid": "", "reason": "Copy succedeed with srm-lcg utils", "erCode": "0", "se_name": "storm-se-01.ba.infn.it", "for_lfn": "/store/user/calabria/calabria_SingleMuPt10_GEN-SIM-DIGI-RECO_CMSSW_6_2_0_SLHC12_2023Scenario_Case5/calabria_MuMinus10_GEN-SIM-DIGI-RECO_CMSSW_6_2_0_SLHC12_2023Scenario_VALNOPU2_Case5/5854dd31cbd3cdec44c48628cc181cf0/"}}/home/cms017/home_cream_877751844/CREAM877751844/glide_2qv9Dc/execute/dir_12330
-------- cat /home/cms017/home_cream_877751844/CREAM877751844/glide_2qv9Dc/execute/dir_12330/cmscpReport.sh 
#!/bin/bash
echo "Report for File: /home/cms017/home_cream_877751844/CREAM877751844/glide_2qv9Dc/execute/dir_12330/CMSSW_6_2_0_SLHC12/validationEDM_17_1_0B9.root"
echo "LFN: /store/user/calabria/calabria_SingleMuPt10_GEN-SIM-DIGI-RECO_CMSSW_6_2_0_SLHC12_2023Scenario_Case5/calabria_MuMinus10_GEN-SIM-DIGI-RECO_CMSSW_6_2_0_SLHC12_2023Scenario_VALNOPU2_Case5/5854dd31cbd3cdec44c48628cc181cf0/validationEDM_17_1_0B9.root"
echo "StorageElement: storm-se-01.ba.infn.it"
echo "StageOutExitStatusReason = 'Copy succedeed with srm-lcg utils'" | tee -a $RUNTIME_AREA/$repo
echo "StageOutSE = storm-se-01.ba.infn.it" >> $RUNTIME_AREA/$repo

export StageOutExitStatus=0
echo "StageOutExitStatus = 0" | tee -a $RUNTIME_AREA/$repo
-------- end of /home/cms017/home_cream_877751844/CREAM877751844/glide_2qv9Dc/execute/dir_12330/cmscpReport.sh 
Report for File: /home/cms017/home_cream_877751844/CREAM877751844/glide_2qv9Dc/execute/dir_12330/CMSSW_6_2_0_SLHC12/validationEDM_17_1_0B9.root
LFN: /store/user/calabria/calabria_SingleMuPt10_GEN-SIM-DIGI-RECO_CMSSW_6_2_0_SLHC12_2023Scenario_Case5/calabria_MuMinus10_GEN-SIM-DIGI-RECO_CMSSW_6_2_0_SLHC12_2023Scenario_VALNOPU2_Case5/5854dd31cbd3cdec44c48628cc181cf0/validationEDM_17_1_0B9.root
StorageElement: storm-se-01.ba.infn.it
StageOutExitStatusReason = 'Copy succedeed with srm-lcg utils'
StageOutExitStatus = 0
>>> current dir: /home/cms017/home_cream_877751844/CREAM877751844/glide_2qv9Dc/execute/dir_12330
>>> current dir content:
total 28080
-rw-------  1 cms017 cms     2783 Jun 18 01:40 .SEinteraction.log
-rwx------  1 cms017 cms     6814 Jun 18 01:29 .job.ad
-rwx------  1 cms017 cms     9441 Jun 18 01:29 .machine.ad
-rw-------  1 cms017 cms      105 Jun 16 20:50 CMSSW.py
-rw-------  1 cms017 cms  3740110 Jun 16 20:50 CMSSW.py.pkl
-rwx------  1 cms017 cms    29556 Jun 18 01:33 CMSSW.sh
drwxr-xr-x 15 cms017 cms     4096 Jun 18 01:39 CMSSW_6_2_0_SLHC12
-rw-------  1 cms017 cms      220 Jun 18 01:33 CacheEnv.sh
-rw-------  1 cms017 cms     7291 Apr  4 11:04 DashboardAPI.py
-rw-------  1 cms017 cms     6815 Jun 18 01:33 DashboardAPI.pyc
drwx------  2 cms017 cms     4096 Jun 18 01:39 IMProv
-rw-------  1 cms017 cms     2748 Apr  4 11:04 Logger.py
-rw-------  1 cms017 cms     3347 Jun 18 01:33 Logger.pyc
-rw-------  1 cms017 cms    24524 Apr  4 11:04 ProcInfo.py
-rw-------  1 cms017 cms    23197 Jun 18 01:33 ProcInfo.pyc
drwx------  7 cms017 cms     4096 Jun 18 01:33 ProdCommon
drwx------  3 cms017 cms     4096 Jun 18 01:33 WMCore
-rw-------  1 cms017 cms     2524 Jun 18 01:40 Watchdog_17.log
-rwx------  1 cms017 cms        0 Jun 18 01:33 _condor_stderr
-rwx---r--  1 cms017 cms    29417 Jun 18 01:40 _condor_stdout
-rw-------  1 cms017 cms    32895 Apr  4 11:04 apmon.py
-rw-------  1 cms017 cms    28625 Jun 18 01:33 apmon.pyc
-rwx------  1 cms017 cms    53760 Jun 18 01:33 arguments.xml
-rwx------  1 cms017 cms    38515 Apr  4 11:04 cmscp.py
-rw-------  1 cms017 cms      718 Jun 18 01:40 cmscpReport.sh
-rwx------  1 cms017 cms    29556 Jun 18 01:33 condor_exec.exe
-rw-------  1 cms017 cms      958 Jun 16 20:50 crab.cfg
-rwx------  1 cms017 cms     8610 Apr  4 11:04 crabWatchdog.sh
-rwx---r--  1 cms017 cms   523267 Jun 18 01:39 crab_fjr_17.xml
-rwx------  1 cms017 cms 23960431 Jun 18 01:33 default.tgz
-rwx------  1 cms017 cms     4488 Apr  4 11:04 fillCrabFjr.py
-rw-------  1 cms017 cms     2629 Jun 18 01:33 inputsReport.txt
-rw-------  1 cms017 cms      261 Jun 18 01:40 jobreport.txt
-rw-------  1 cms017 cms    17352 Apr  4 11:04 parseCrabFjr.py
-rw-------  1 cms017 cms      329 Jun 18 01:33 report.log
-rwx--x--x  1 cms017 cms     1497 Apr  4 11:04 report.py
-rw-------  1 cms017 cms      772 Jun 18 01:40 resultCopyFile
lrwxrwxrwx  1 cms017 cms      126 Jun 18 01:39 validationEDM.root -> /home/cms017/home_cream_877751844/CREAM877751844/glide_2qv9Dc/execute/dir_12330/CMSSW_6_2_0_SLHC12/validationEDM_17_1_0B9.root
-rwx------  1 cms017 cms     8387 Apr  4 11:04 writeCfg.py
-rw-------  1 cms017 cms     8014 Jun 18 01:29 x509up_u50707
>>> Modify Job Report:
CMSSW_VERSION = CMSSW_6_2_0_SLHC12
ProcessedDataset = calabria_MuMinus10_GEN-SIM-DIGI-RECO_CMSSW_6_2_0_SLHC12_2023Scenario_VALNOPU2_Case5
/home/cms017/home_cream_877751844/CREAM877751844/glide_2qv9Dc/execute/dir_12330/ProdCommon/FwkJobRep/ModifyJobReport.py fjr /home/cms017/home_cream_877751844/CREAM877751844/glide_2qv9Dc/execute/dir_12330/crab_fjr_17.xml json /home/cms017/home_cream_877751844/CREAM877751844/glide_2qv9Dc/execute/dir_12330/resultCopyFile n_job 17_1_0B9 PrimaryDataset calabria_SingleMuPt10_GEN-SIM-DIGI-RECO_CMSSW_6_2_0_SLHC12_2023Scenario_Case5  ApplicationFamily cmsRun ApplicationName cmsRun cmssw_version CMSSW_6_2_0_SLHC12 psethash 5854dd31cbd3cdec44c48628cc181cf0 UserProcessedDataset calabria-calabria_MuMinus10_GEN-SIM-DIGI-RECO_CMSSW_6_2_0_SLHC12_2023Scenario_VALNOPU2_Case5-5854dd31cbd3cdec44c48628cc181cf0
inputDict =  {u'/home/cms017/home_cream_877751844/CREAM877751844/glide_2qv9Dc/execute/dir_12330/CMSSW_6_2_0_SLHC12/validationEDM_17_1_0B9.root': {u'endpoint': u'srm://storm-se-01.ba.infn.it:8444/srm/managerv2?SFN=//cms/store/user/calabria/calabria_SingleMuPt10_GEN-SIM-DIGI-RECO_CMSSW_6_2_0_SLHC12_2023Scenario_Case5/calabria_MuMinus10_GEN-SIM-DIGI-RECO_CMSSW_6_2_0_SLHC12_2023Scenario_VALNOPU2_Case5/5854dd31cbd3cdec44c48628cc181cf0/', u'surl_for_grid': u'', u'reason': u'Copy succedeed with srm-lcg utils', u'erCode': u'0', u'se_name': u'storm-se-01.ba.infn.it', u'for_lfn': u'/store/user/calabria/calabria_SingleMuPt10_GEN-SIM-DIGI-RECO_CMSSW_6_2_0_SLHC12_2023Scenario_Case5/calabria_MuMinus10_GEN-SIM-DIGI-RECO_CMSSW_6_2_0_SLHC12_2023Scenario_VALNOPU2_Case5/5854dd31cbd3cdec44c48628cc181cf0/'}}
UserProcessedDataset =  calabria-calabria_MuMinus10_GEN-SIM-DIGI-RECO_CMSSW_6_2_0_SLHC12_2023Scenario_VALNOPU2_Case5-5854dd31cbd3cdec44c48628cc181cf0
file_name in inputDict =  /home/cms017/home_cream_877751844/CREAM877751844/glide_2qv9Dc/execute/dir_12330/CMSSW_6_2_0_SLHC12/validationEDM_17_1_0B9.root
(size) os.stat(filename)[6] =  2754463
checksum =  3906715561
    file =  validationEDM_17_1_0B9.root
    newPfn =  srm://storm-se-01.ba.infn.it:8444/srm/managerv2?SFN=//cms/store/user/calabria/calabria_SingleMuPt10_GEN-SIM-DIGI-RECO_CMSSW_6_2_0_SLHC12_2023Scenario_Case5/calabria_MuMinus10_GEN-SIM-DIGI-RECO_CMSSW_6_2_0_SLHC12_2023Scenario_VALNOPU2_Case5/5854dd31cbd3cdec44c48628cc181cf0/validationEDM_17_1_0B9.root
    newLfn =  /store/user/calabria/calabria_SingleMuPt10_GEN-SIM-DIGI-RECO_CMSSW_6_2_0_SLHC12_2023Scenario_Case5/calabria_MuMinus10_GEN-SIM-DIGI-RECO_CMSSW_6_2_0_SLHC12_2023Scenario_VALNOPU2_Case5/5854dd31cbd3cdec44c48628cc181cf0/validationEDM_17_1_0B9.root
>>> crab_fjr_*.xml  permission set to 0704
CrabWrapper EXIT_FUNC entered at Wed Jun 18 01:40:25 CEST 2014   -  Tue Jun 17 23:40:25 UTC 2014
Checking output files:  
will tar file crab_fjr_17.xml in  out_files_17
WARNING: output file CMSSW_17.stdout not found!
WARNING: output file CMSSW_17.stderr not found!
WARNING: output file Watchdog_17.log.gz not found!
>>> padding time: Sleeping the wrapper for 160 seconds
STOPPING WATCHDOG. CrabWatchdog PID is 9412
********** LAST 50 LINES OF WATCHDOG LOG
# RESOURCE USAGE SUMMARY FOR PROCESS ID  8736
USER       PID %CPU %MEM    VSZ   RSS TTY      STAT START   TIME COMMAND
cms017    8736  0.3  0.0   9496  1592 ?        S    01:33   0:00 /bin/sh /home/cms017/home_cream_877751844/CREAM877751844/glide_2qv9Dc/execute/dir_12330/condor_exec.exe 17 1
 
# LIMITS USED BY CRAB WATCHDOG:
# RSS  (KBytes)   : 2300000
# VSZ  (KBytes)   : 100000000
# DISK (MBytes)   : 19000
# CPU TIME        : 720h:0m:0s
# WALL CLOCK TIME : 21h:50m:0s
 
# FOLLOWING PRINTOUT TRACKS MAXIMUM VALUES OF RESOURCES USE
# ONE LINE IS PRINTED EACH TIME A MAXIMUM CHANGES
# IF CHANGE WAS IN RSS OR VSZ ALSO PROCID AND COMMAND ARE PRINTED
# THERE IS NO PRINTOUT FOR CPU/WALL TIME INCREASE
 
# TIME			PID	RSS(KB)	VSZ(KB)	Dsk(MB)	tCPU(s)	tWALL(s)	COMMAND
 Jun 18 01:33:13 CEST	8736	1592	9496	0	0	0	/bin/sh /home/cms017/home_cream_877751844/CREAM877751844/glide_2qv9Dc/execute/dir_12330/condor_exec.exe 17 1       
 Jun 18 01:33:13 CEST	9424	30192	91380	0	0	0	edmConfigHash pset.py         
 Jun 18 01:33:13 CEST	12330	30192	93608	0	0	0	condor_starter -f submit-6.t2.ucsd.edu        
 Jun 18 01:33:13 CEST	14918	30192	93808	0	2	1	condor_startd -f         
 Jun 18 01:33:13 CEST	25913	30192	106092	0	0	1	sh -c "./glidein_startup.sh" -v std -name v3_0 -entry CMS_T2_IT_Bari_ce4 -clientname UCSD-v1_0.main
 Jun 18 01:33:13 CEST	25923	30192	106492	0	0	1	/bin/bash ./glidein_startup.sh -v std -name v3_0 -entry CMS_T2_IT_Bari_ce4 -clientname UCSD-v1_0.main -schedd
 Jun 18 01:33:13 CEST	---	30192	106492	171	----	----	----
 Jun 18 01:34:14 CEST	9738	482408	667056	171	14	61	cmsRun -j /home/cms017/home_cream_877751844/CREAM877751844/glide_2qv9Dc/execute/dir_12330/crab_fjr_17.xml -p pset.py      
 Jun 18 01:34:14 CEST	---	482408	667056	175	----	----	----
 Jun 18 01:35:14 CEST	9738	777444	991236	175	25	122	cmsRun -j /home/cms017/home_cream_877751844/CREAM877751844/glide_2qv9Dc/execute/dir_12330/crab_fjr_17.xml -p pset.py      
 Jun 18 01:36:15 CEST	9738	789728	1000584	175	36	182	cmsRun -j /home/cms017/home_cream_877751844/CREAM877751844/glide_2qv9Dc/execute/dir_12330/crab_fjr_17.xml -p pset.py      
 Jun 18 01:37:16 CEST	9738	789728	1008180	175	56	243	cmsRun -j /home/cms017/home_cream_877751844/CREAM877751844/glide_2qv9Dc/execute/dir_12330/crab_fjr_17.xml -p pset.py      
 Jun 18 01:39:17 CEST	9738	789728	1020980	175	108	364	cmsRun -j /home/cms017/home_cream_877751844/CREAM877751844/glide_2qv9Dc/execute/dir_12330/crab_fjr_17.xml -p pset.py      
 Jun 18 01:40:18 CEST	---	789728	1020980	178	----	----	----
********** WATCHDOG LOG ENDED
ZIPPING WATCHDOG LOG
Disk space used:
du -sh /home/cms017/home_cream_877751844/CREAM877751844/glide_2qv9Dc/execute/dir_12330
178M	/home/cms017/home_cream_877751844/CREAM877751844/glide_2qv9Dc/execute/dir_12330
Found unusual stdout, rename for OSB
`/home/cms017/home_cream_877751844/CREAM877751844/glide_2qv9Dc/execute/dir_12330/_condor_stdout' -> `CMSSW_17.stdout'
Found unusual stderr, rename for OSB
`/home/cms017/home_cream_877751844/CREAM877751844/glide_2qv9Dc/execute/dir_12330/_condor_stdout' -> `CMSSW_17.stderr'
crab_fjr_17.xml
CMSSW_17.stdout
CMSSW_17.stderr
Watchdog_17.log.gz
Total Output dimension: 69958
WARNING: output files size limit is set to: 50000000
Total Output dimension 69958 is fine.
JOB_EXIT_STATUS = 0
>>> info for dashboard:
***** Cat /home/cms017/home_cream_877751844/CREAM877751844/glide_2qv9Dc/execute/dir_12330/jobreport.txt *****
MonitorJobID=17_https://submit-6.t2.ucsd.edu//140616//168557.16
MonitorID=calabria_MuMinus10_Case5_ReReco_0ct8s3
ExeTime=364
ExeExitCode=0
StageOutExitStatusReason = 'Copy succedeed with srm-lcg utils'
StageOutSE = storm-se-01.ba.infn.it
StageOutExitStatus = 0
CrabUserCpuTime=117.45
CrabSysCpuTime=2.92
CrabCpuPercentage=33%
CrabWrapperTime=600
CrabStageoutTime=48
JobExitCode=0
***** End Cat jobreport *****
Parameters sent to Dashboard.
EXITING at Wed Jun 18 01:43:12 CEST 2014  -  Tue Jun 17 23:43:12 UTC 2014
