This script was generated by crab (version 2.10.5_patch1).
Running /home/cms017/home_cream_677387650/CREAM677387650/glide_c1JG1k/execute/dir_7888/condor_exec.exe with 2 positional parameters: 13 1
Today is Wed Jun 18 01:28:45 CEST 2014 - Tue Jun 17 23:28:45 UTC 2014
Job submitted on host pccms149.ba.infn.it
Linux pccms149.ba.infn.it 2.6.32-358.23.2.el6.x86_64 #1 SMP Thu Oct 17 10:27:22 CEST 2013 x86_64 x86_64 x86_64 GNU/Linux
>>> current directory (RUNTIME_AREA): /home/cms017/home_cream_677387650/CREAM677387650/glide_c1JG1k/execute/dir_7888
>>> current user: uid=11830(cms017) gid=1399(cms) groups=1399(cms)
>>> directory permission set to 0700
>>> umask set to:  u=rwx,g=,o=
>>> stdout stderr permission set to 0704
>>> voms proxy information:
subject   : /C=IT/O=INFN/OU=Personal Certificate/L=Bari/CN=Cesare Calabria/CN=477126703/CN=739123158
issuer    : /C=IT/O=INFN/OU=Personal Certificate/L=Bari/CN=Cesare Calabria/CN=477126703
identity  : /C=IT/O=INFN/OU=Personal Certificate/L=Bari/CN=Cesare Calabria
type      : RFC3820 compliant limited proxy
strength  : 1024
path      : /home/cms017/home_cream_677387650/CREAM677387650/glide_c1JG1k/execute/dir_7888/x509up_u50707
timeleft  : 23:59:44
key usage : Digital Signature, Key Encipherment, Data Encipherment
=== VO cms extension information ===
VO        : cms
subject   : /C=IT/O=INFN/OU=Personal Certificate/L=Bari/CN=Cesare Calabria
issuer    : /DC=ch/DC=cern/OU=computers/CN=voms.cern.ch
attribute : /cms/Role=NULL/Capability=NULL
attribute : /cms/itcms/Role=NULL/Capability=NULL
timeleft  : 153:55:29
uri       : voms.cern.ch:15002

WNHostName=pccms149.ba.infn.it
>>> tar --no-same-permissions -xf /home/cms017/home_cream_677387650/CREAM677387650/glide_c1JG1k/execute/dir_7888/default.tgz :
Successful untar
>>> Include /home/cms017/home_cream_677387650/CREAM677387650/glide_c1JG1k/execute/dir_7888 in PYTHONPATH:
strip arguments
env var CRAB_UNIQUE_JOB_ID set to: calabria_MuMinus10_Case5_ReReco_0ct8s3_13_1_1ah
out_files_13
>>> list of expected files on output sandbox
output files: crab_fjr_13.xml CMSSW_13.stdout CMSSW_13.stderr Watchdog_13.log.gz
>>> GridFlavour discovery: 
GridFlavour=LCG
>>> SyncSite discovery: 
SyncSite=T2_IT_Bari
>>> SyncCE discovery: 
getting SyncCE from CE_ID
SyncCE=cream-ce-2.ba.infn.it:8443/cream-pbs-long
>>> info for dashboard:
***** Cat /home/cms017/home_cream_677387650/CREAM677387650/glide_c1JG1k/execute/dir_7888/jobreport.txt *****
WNHostName=pccms149.ba.infn.it
MonitorJobID=13_https://submit-6.t2.ucsd.edu//140616//168557.12
SyncGridJobId=https://submit-6.t2.ucsd.edu//140616//168557.12
MonitorID=calabria_MuMinus10_Case5_ReReco_0ct8s3
GridFlavour=LCG
SyncSite=T2_IT_Bari
SyncCE=cream-ce-2.ba.infn.it:8443/cream-pbs-long
***** End Cat jobreport *****
Parameters sent to Dashboard.
>>> setup environment
set SCRAM ARCH to slc5_amd64_gcc472
SCRAM_ARCH = slc5_amd64_gcc472
>>> setup CMS LCG environment:
set SCRAM ARCH and BUILD_ARCH to slc5_amd64_gcc472 ###
Sourcing environment... 
sourcing /cvmfs/cms.cern.ch/cmsset_default.sh
==> setup cms environment ok
>>> specific cmssw setup environment:
CMSSW_VERSION =  CMSSW_6_2_0_SLHC12
>>> current directory (SOFTWARE_DIR): /home/cms017/home_cream_677387650/CREAM677387650/glide_c1JG1k/execute/dir_7888/CMSSW_6_2_0_SLHC12
PreserveSeeds: <>
IncrementSeeds:<>
>>> info for dashboard:
***** Cat /home/cms017/home_cream_677387650/CREAM677387650/glide_c1JG1k/execute/dir_7888/jobreport.txt *****
MonitorJobID=13_https://submit-6.t2.ucsd.edu//140616//168557.12
MonitorID=calabria_MuMinus10_Case5_ReReco_0ct8s3
***** End Cat jobreport *****
Parameters sent to Dashboard.
crabWatchdog started as process 9692
>>> moving CMSSW software directories in /home/cms017/home_cream_677387650/CREAM677387650/glide_c1JG1k/execute/dir_7888/CMSSW_6_2_0_SLHC12
mv: cannot stat `/home/cms017/home_cream_677387650/CREAM677387650/glide_c1JG1k/execute/dir_7888/module/': No such file or directory
>>> Include /home/cms017/home_cream_677387650/CREAM677387650/glide_c1JG1k/execute/dir_7888 in PYTHONPATH:
PYTHONPATH=/home/cms017/home_cream_677387650/CREAM677387650/glide_c1JG1k/execute/dir_7888/:/home/cms017/home_cream_677387650/CREAM677387650/glide_c1JG1k/execute/dir_7888/CMSSW_6_2_0_SLHC12/python:/home/cms017/home_cream_677387650/CREAM677387650/glide_c1JG1k/execute/dir_7888/CMSSW_6_2_0_SLHC12/lib/slc5_amd64_gcc472:/cvmfs/cms.cern.ch/slc5_amd64_gcc472/cms/cmssw/CMSSW_6_2_0_SLHC12/python:/cvmfs/cms.cern.ch/slc5_amd64_gcc472/cms/cmssw/CMSSW_6_2_0_SLHC12/lib/slc5_amd64_gcc472:/cvmfs/cms.cern.ch/slc5_amd64_gcc472/cms/coral/CORAL_2_3_21-cms36/slc5_amd64_gcc472/python:/cvmfs/cms.cern.ch/slc5_amd64_gcc472/cms/coral/CORAL_2_3_21-cms36/slc5_amd64_gcc472/lib:/cvmfs/cms.cern.ch/slc5_amd64_gcc472/external/pyqt/4.8.1-cms6/lib/python2.7/site-packages:/cvmfs/cms.cern.ch/slc5_amd64_gcc472/external/py2-scipy/0.8.0-cms8/lib/python2.7/site-packages:/cvmfs/cms.cern.ch/slc5_amd64_gcc472/external/py2-matplotlib/1.0.1-cms8/lib/python2.7/site-packages:/cvmfs/cms.cern.ch/slc5_amd64_gcc472/external/python-ldap/2.3.5-cms6/lib/python2.7/site-packages:/cvmfs/cms.cern.ch/slc5_amd64_gcc472/external/sip/4.11.2-cms6/lib/python2.7/site-packages:/cvmfs/cms.cern.ch/slc5_amd64_gcc472/external/py2-pycurl/7.19.0-cms8/lib/python2.7/site-packages:/cvmfs/cms.cern.ch/slc5_amd64_gcc472/external/py2-numpy/1.6.1-cms8/lib/python2.7/site-packages:/cvmfs/cms.cern.ch/slc5_amd64_gcc472/external/py2-lint/0.25.1-cms6/lib/python2.7/site-packages:/cvmfs/cms.cern.ch/slc5_amd64_gcc472/external/py2-ipython/0.10-cms6/lib/python2.7/site-packages:/cvmfs/cms.cern.ch/slc5_amd64_gcc472/external/py2-cx-oracle/5.1-cms7/lib/python2.7/site-packages:/cvmfs/cms.cern.ch/slc5_amd64_gcc472/external/py2-cjson/1.0.5-cms6/lib/python2.7/site-packages:/cvmfs/cms.cern.ch/slc5_amd64_gcc472/cms/das-client/1.11.7/bin:/cvmfs/cms.cern.ch/slc5_amd64_gcc472/external/elementtree/1.2.6-cms6/share/lib/python2.7/site-packages:/cvmfs/cms.cern.ch/slc5_amd64_gcc472/external/rivet/1.8.2-cms8/lib/python2.7/site-packages:/cvmfs/cms.cern.ch/slc5_amd64_gcc472/external/pyminuit2/0.0.1-cms19/lib/python2.7/site-packages:/cvmfs/cms.cern.ch/slc5_amd64_gcc472/external/py2-pygithub/1.23.0/lib/python2.7/site-packages:/cvmfs/cms.cern.ch/slc5_amd64_gcc472/external/professor/1.0.0-cms19/lib/python2.7/site-packages:/cvmfs/cms.cern.ch/slc5_amd64_gcc472/lcg/root/5.34.07-cms/lib:/cvmfs/cms.cern.ch/slc5_amd64_gcc472/cms/dbs-client/DBS_2_1_9-cms5/lib:/cvmfs/cms.cern.ch/slc5_amd64_gcc472/cms/dbs-client/DBS_2_1_9-cms5/lib/DBSAPI:/cvmfs/cms.cern.ch/slc5_amd64_gcc472/external/cvs2git/5419-cms/lib:/home/cms017/home_cream_677387650/CREAM677387650/glide_c1JG1k/execute/dir_7888/
 
# LIMITS USED BY CRAB WATCHDOG:
# RSS  (KBytes)   : 2300000
# VSZ  (KBytes)   : 100000000
# DISK (MBytes)   : 19000
# CPU TIME        : 720h:0m:0s
# WALL CLOCK TIME : 21h:50m:0s
 
5854dd31cbd3cdec44c48628cc181cf0
PSETHASH = 5854dd31cbd3cdec44c48628cc181cf0
/home/cms017/home_cream_677387650/CREAM677387650/glide_c1JG1k/execute/dir_7888/writeCfg.py pset.py pset.py
Importing .py file
Setting parameters
RandomNumberGeneratorService found, will attempt to change seeds
inputBlocks=/calabria_SingleMuPt10_GEN-SIM-DIGI-RECO_CMSSW_6_2_0_SLHC12_2023Scenario_Case5/calabria-calabria_SingleMuPt10_GEN-SIM-DIGI-RECO_CMSSW_6_2_0_SLHC12_2023Scenario_Case5-b6da911bb96a528ccff7d001f1ad0373/USER#8093e635-3811-46da-a067-d69b0235e534
inputFiles=/store/user/calabria/calabria_SingleMuPt10_GEN-SIM-DIGI-RECO_CMSSW_6_2_0_SLHC12_2023Scenario_Case5/calabria_SingleMuPt10_GEN-SIM-DIGI-RECO_CMSSW_6_2_0_SLHC12_2023Scenario_Case5/b6da911bb96a528ccff7d001f1ad0373/out_reco_73_1_Ier.root;/store/user/calabria/calabria_SingleMuPt10_GEN-SIM-DIGI-RECO_CMSSW_6_2_0_SLHC12_2023Scenario_Case5/calabria_SingleMuPt10_GEN-SIM-DIGI-RECO_CMSSW_6_2_0_SLHC12_2023Scenario_Case5/b6da911bb96a528ccff7d001f1ad0373/out_reco_74_1_aD6.root;/store/user/calabria/calabria_SingleMuPt10_GEN-SIM-DIGI-RECO_CMSSW_6_2_0_SLHC12_2023Scenario_Case5/calabria_SingleMuPt10_GEN-SIM-DIGI-RECO_CMSSW_6_2_0_SLHC12_2023Scenario_Case5/b6da911bb96a528ccff7d001f1ad0373/out_reco_75_1_gUp.root;/store/user/calabria/calabria_SingleMuPt10_GEN-SIM-DIGI-RECO_CMSSW_6_2_0_SLHC12_2023Scenario_Case5/calabria_SingleMuPt10_GEN-SIM-DIGI-RECO_CMSSW_6_2_0_SLHC12_2023Scenario_Case5/b6da911bb96a528ccff7d001f1ad0373/out_reco_76_1_zH5.root;/store/user/calabria/calabria_SingleMuPt10_GEN-SIM-DIGI-RECO_CMSSW_6_2_0_SLHC12_2023Scenario_Case5/calabria_SingleMuPt10_GEN-SIM-DIGI-RECO_CMSSW_6_2_0_SLHC12_2023Scenario_Case5/b6da911bb96a528ccff7d001f1ad0373/out_reco_77_1_0BY.root;/store/user/calabria/calabria_SingleMuPt10_GEN-SIM-DIGI-RECO_CMSSW_6_2_0_SLHC12_2023Scenario_Case5/calabria_SingleMuPt10_GEN-SIM-DIGI-RECO_CMSSW_6_2_0_SLHC12_2023Scenario_Case5/b6da911bb96a528ccff7d001f1ad0373/out_reco_82_1_myN.root;/store/user/calabria/calabria_SingleMuPt10_GEN-SIM-DIGI-RECO_CMSSW_6_2_0_SLHC12_2023Scenario_Case5/calabria_SingleMuPt10_GEN-SIM-DIGI-RECO_CMSSW_6_2_0_SLHC12_2023Scenario_Case5/b6da911bb96a528ccff7d001f1ad0373/out_reco_83_1_Kdx.root;/store/user/calabria/calabria_SingleMuPt10_GEN-SIM-DIGI-RECO_CMSSW_6_2_0_SLHC12_2023Scenario_Case5/calabria_SingleMuPt10_GEN-SIM-DIGI-RECO_CMSSW_6_2_0_SLHC12_2023Scenario_Case5/b6da911bb96a528ccff7d001f1ad0373/out_reco_84_1_u1g.root;/store/user/calabria/calabria_SingleMuPt10_GEN-SIM-DIGI-RECO_CMSSW_6_2_0_SLHC12_2023Scenario_Case5/calabria_SingleMuPt10_GEN-SIM-DIGI-RECO_CMSSW_6_2_0_SLHC12_2023Scenario_Case5/b6da911bb96a528ccff7d001f1ad0373/out_reco_88_1_jct.root;/store/user/calabria/calabria_SingleMuPt10_GEN-SIM-DIGI-RECO_CMSSW_6_2_0_SLHC12_2023Scenario_Case5/calabria_SingleMuPt10_GEN-SIM-DIGI-RECO_CMSSW_6_2_0_SLHC12_2023Scenario_Case5/b6da911bb96a528ccff7d001f1ad0373/out_reco_89_1_5Yb.root
parentFiles=
lumisRange=
>>> Executable cmsRun
/cvmfs/cms.cern.ch/slc5_amd64_gcc472/cms/cmssw/CMSSW_6_2_0_SLHC12/bin/slc5_amd64_gcc472/cmsRun
ok executable found
>>> info for dashboard:
***** Cat /home/cms017/home_cream_677387650/CREAM677387650/glide_c1JG1k/execute/dir_7888/jobreport.txt *****
MonitorJobID=13_https://submit-6.t2.ucsd.edu//140616//168557.12
MonitorID=calabria_MuMinus10_Case5_ReReco_0ct8s3
ExeStart=cmsRun
***** End Cat jobreport *****
Parameters sent to Dashboard.
>>> cmsRun started at Tue Jun 17 23:29:11 UTC 2014
>>> cmsRun ended at Tue Jun 17 23:33:01 UTC 2014
>>> crab_fjr_*.xml  permission set to 0704
>>> info for dashboard:
***** Cat /home/cms017/home_cream_677387650/CREAM677387650/glide_c1JG1k/execute/dir_7888/jobreport.txt *****
MonitorJobID=13_https://submit-6.t2.ucsd.edu//140616//168557.12
MonitorID=calabria_MuMinus10_Case5_ReReco_0ct8s3
ExeEnd=cmsRun
***** End Cat jobreport *****
Parameters sent to Dashboard.
TIME_EXE = 230 sec
>>> cmsRun wrote 50 lines of stdout+stderr
>>> START OF printout of 50 lines from stdout+stderr
271 DQMStore::DQMStore 
HcalTopologyIdealEP::HcalTopologyIdealEP
18-Jun-2014 01:29:28 CEST  Initiating request to open file file:/lustre/cms//store/user/calabria/calabria_SingleMuPt10_GEN-SIM-DIGI-RECO_CMSSW_6_2_0_SLHC12_2023Scenario_Case5/calabria_SingleMuPt10_GEN-SIM-DIGI-RECO_CMSSW_6_2_0_SLHC12_2023Scenario_Case5/b6da911bb96a528ccff7d001f1ad0373/out_reco_73_1_Ier.root
18-Jun-2014 01:29:30 CEST  Successfully opened file file:/lustre/cms//store/user/calabria/calabria_SingleMuPt10_GEN-SIM-DIGI-RECO_CMSSW_6_2_0_SLHC12_2023Scenario_Case5/calabria_SingleMuPt10_GEN-SIM-DIGI-RECO_CMSSW_6_2_0_SLHC12_2023Scenario_Case5/b6da911bb96a528ccff7d001f1ad0373/out_reco_73_1_Ier.root
18-Jun-2014 01:29:50 CEST  Closed file file:/lustre/cms//store/user/calabria/calabria_SingleMuPt10_GEN-SIM-DIGI-RECO_CMSSW_6_2_0_SLHC12_2023Scenario_Case5/calabria_SingleMuPt10_GEN-SIM-DIGI-RECO_CMSSW_6_2_0_SLHC12_2023Scenario_Case5/b6da911bb96a528ccff7d001f1ad0373/out_reco_73_1_Ier.root
18-Jun-2014 01:29:50 CEST  Initiating request to open file file:/lustre/cms//store/user/calabria/calabria_SingleMuPt10_GEN-SIM-DIGI-RECO_CMSSW_6_2_0_SLHC12_2023Scenario_Case5/calabria_SingleMuPt10_GEN-SIM-DIGI-RECO_CMSSW_6_2_0_SLHC12_2023Scenario_Case5/b6da911bb96a528ccff7d001f1ad0373/out_reco_74_1_aD6.root
18-Jun-2014 01:29:50 CEST  Successfully opened file file:/lustre/cms//store/user/calabria/calabria_SingleMuPt10_GEN-SIM-DIGI-RECO_CMSSW_6_2_0_SLHC12_2023Scenario_Case5/calabria_SingleMuPt10_GEN-SIM-DIGI-RECO_CMSSW_6_2_0_SLHC12_2023Scenario_Case5/b6da911bb96a528ccff7d001f1ad0373/out_reco_74_1_aD6.root
18-Jun-2014 01:30:04 CEST  Closed file file:/lustre/cms//store/user/calabria/calabria_SingleMuPt10_GEN-SIM-DIGI-RECO_CMSSW_6_2_0_SLHC12_2023Scenario_Case5/calabria_SingleMuPt10_GEN-SIM-DIGI-RECO_CMSSW_6_2_0_SLHC12_2023Scenario_Case5/b6da911bb96a528ccff7d001f1ad0373/out_reco_74_1_aD6.root
18-Jun-2014 01:30:04 CEST  Initiating request to open file file:/lustre/cms//store/user/calabria/calabria_SingleMuPt10_GEN-SIM-DIGI-RECO_CMSSW_6_2_0_SLHC12_2023Scenario_Case5/calabria_SingleMuPt10_GEN-SIM-DIGI-RECO_CMSSW_6_2_0_SLHC12_2023Scenario_Case5/b6da911bb96a528ccff7d001f1ad0373/out_reco_75_1_gUp.root
18-Jun-2014 01:30:04 CEST  Successfully opened file file:/lustre/cms//store/user/calabria/calabria_SingleMuPt10_GEN-SIM-DIGI-RECO_CMSSW_6_2_0_SLHC12_2023Scenario_Case5/calabria_SingleMuPt10_GEN-SIM-DIGI-RECO_CMSSW_6_2_0_SLHC12_2023Scenario_Case5/b6da911bb96a528ccff7d001f1ad0373/out_reco_75_1_gUp.root
18-Jun-2014 01:30:31 CEST  Closed file file:/lustre/cms//store/user/calabria/calabria_SingleMuPt10_GEN-SIM-DIGI-RECO_CMSSW_6_2_0_SLHC12_2023Scenario_Case5/calabria_SingleMuPt10_GEN-SIM-DIGI-RECO_CMSSW_6_2_0_SLHC12_2023Scenario_Case5/b6da911bb96a528ccff7d001f1ad0373/out_reco_75_1_gUp.root
18-Jun-2014 01:30:32 CEST  Initiating request to open file file:/lustre/cms//store/user/calabria/calabria_SingleMuPt10_GEN-SIM-DIGI-RECO_CMSSW_6_2_0_SLHC12_2023Scenario_Case5/calabria_SingleMuPt10_GEN-SIM-DIGI-RECO_CMSSW_6_2_0_SLHC12_2023Scenario_Case5/b6da911bb96a528ccff7d001f1ad0373/out_reco_76_1_zH5.root
18-Jun-2014 01:30:32 CEST  Successfully opened file file:/lustre/cms//store/user/calabria/calabria_SingleMuPt10_GEN-SIM-DIGI-RECO_CMSSW_6_2_0_SLHC12_2023Scenario_Case5/calabria_SingleMuPt10_GEN-SIM-DIGI-RECO_CMSSW_6_2_0_SLHC12_2023Scenario_Case5/b6da911bb96a528ccff7d001f1ad0373/out_reco_76_1_zH5.root
18-Jun-2014 01:30:47 CEST  Closed file file:/lustre/cms//store/user/calabria/calabria_SingleMuPt10_GEN-SIM-DIGI-RECO_CMSSW_6_2_0_SLHC12_2023Scenario_Case5/calabria_SingleMuPt10_GEN-SIM-DIGI-RECO_CMSSW_6_2_0_SLHC12_2023Scenario_Case5/b6da911bb96a528ccff7d001f1ad0373/out_reco_76_1_zH5.root
18-Jun-2014 01:30:47 CEST  Initiating request to open file file:/lustre/cms//store/user/calabria/calabria_SingleMuPt10_GEN-SIM-DIGI-RECO_CMSSW_6_2_0_SLHC12_2023Scenario_Case5/calabria_SingleMuPt10_GEN-SIM-DIGI-RECO_CMSSW_6_2_0_SLHC12_2023Scenario_Case5/b6da911bb96a528ccff7d001f1ad0373/out_reco_77_1_0BY.root
18-Jun-2014 01:30:47 CEST  Successfully opened file file:/lustre/cms//store/user/calabria/calabria_SingleMuPt10_GEN-SIM-DIGI-RECO_CMSSW_6_2_0_SLHC12_2023Scenario_Case5/calabria_SingleMuPt10_GEN-SIM-DIGI-RECO_CMSSW_6_2_0_SLHC12_2023Scenario_Case5/b6da911bb96a528ccff7d001f1ad0373/out_reco_77_1_0BY.root
18-Jun-2014 01:31:04 CEST  Closed file file:/lustre/cms//store/user/calabria/calabria_SingleMuPt10_GEN-SIM-DIGI-RECO_CMSSW_6_2_0_SLHC12_2023Scenario_Case5/calabria_SingleMuPt10_GEN-SIM-DIGI-RECO_CMSSW_6_2_0_SLHC12_2023Scenario_Case5/b6da911bb96a528ccff7d001f1ad0373/out_reco_77_1_0BY.root
18-Jun-2014 01:31:04 CEST  Initiating request to open file file:/lustre/cms//store/user/calabria/calabria_SingleMuPt10_GEN-SIM-DIGI-RECO_CMSSW_6_2_0_SLHC12_2023Scenario_Case5/calabria_SingleMuPt10_GEN-SIM-DIGI-RECO_CMSSW_6_2_0_SLHC12_2023Scenario_Case5/b6da911bb96a528ccff7d001f1ad0373/out_reco_82_1_myN.root
18-Jun-2014 01:31:04 CEST  Successfully opened file file:/lustre/cms//store/user/calabria/calabria_SingleMuPt10_GEN-SIM-DIGI-RECO_CMSSW_6_2_0_SLHC12_2023Scenario_Case5/calabria_SingleMuPt10_GEN-SIM-DIGI-RECO_CMSSW_6_2_0_SLHC12_2023Scenario_Case5/b6da911bb96a528ccff7d001f1ad0373/out_reco_82_1_myN.root
18-Jun-2014 01:31:19 CEST  Closed file file:/lustre/cms//store/user/calabria/calabria_SingleMuPt10_GEN-SIM-DIGI-RECO_CMSSW_6_2_0_SLHC12_2023Scenario_Case5/calabria_SingleMuPt10_GEN-SIM-DIGI-RECO_CMSSW_6_2_0_SLHC12_2023Scenario_Case5/b6da911bb96a528ccff7d001f1ad0373/out_reco_82_1_myN.root
18-Jun-2014 01:31:19 CEST  Initiating request to open file file:/lustre/cms//store/user/calabria/calabria_SingleMuPt10_GEN-SIM-DIGI-RECO_CMSSW_6_2_0_SLHC12_2023Scenario_Case5/calabria_SingleMuPt10_GEN-SIM-DIGI-RECO_CMSSW_6_2_0_SLHC12_2023Scenario_Case5/b6da911bb96a528ccff7d001f1ad0373/out_reco_83_1_Kdx.root
18-Jun-2014 01:31:19 CEST  Successfully opened file file:/lustre/cms//store/user/calabria/calabria_SingleMuPt10_GEN-SIM-DIGI-RECO_CMSSW_6_2_0_SLHC12_2023Scenario_Case5/calabria_SingleMuPt10_GEN-SIM-DIGI-RECO_CMSSW_6_2_0_SLHC12_2023Scenario_Case5/b6da911bb96a528ccff7d001f1ad0373/out_reco_83_1_Kdx.root
18-Jun-2014 01:31:35 CEST  Closed file file:/lustre/cms//store/user/calabria/calabria_SingleMuPt10_GEN-SIM-DIGI-RECO_CMSSW_6_2_0_SLHC12_2023Scenario_Case5/calabria_SingleMuPt10_GEN-SIM-DIGI-RECO_CMSSW_6_2_0_SLHC12_2023Scenario_Case5/b6da911bb96a528ccff7d001f1ad0373/out_reco_83_1_Kdx.root
18-Jun-2014 01:31:35 CEST  Initiating request to open file file:/lustre/cms//store/user/calabria/calabria_SingleMuPt10_GEN-SIM-DIGI-RECO_CMSSW_6_2_0_SLHC12_2023Scenario_Case5/calabria_SingleMuPt10_GEN-SIM-DIGI-RECO_CMSSW_6_2_0_SLHC12_2023Scenario_Case5/b6da911bb96a528ccff7d001f1ad0373/out_reco_84_1_u1g.root
18-Jun-2014 01:31:35 CEST  Successfully opened file file:/lustre/cms//store/user/calabria/calabria_SingleMuPt10_GEN-SIM-DIGI-RECO_CMSSW_6_2_0_SLHC12_2023Scenario_Case5/calabria_SingleMuPt10_GEN-SIM-DIGI-RECO_CMSSW_6_2_0_SLHC12_2023Scenario_Case5/b6da911bb96a528ccff7d001f1ad0373/out_reco_84_1_u1g.root
18-Jun-2014 01:31:51 CEST  Closed file file:/lustre/cms//store/user/calabria/calabria_SingleMuPt10_GEN-SIM-DIGI-RECO_CMSSW_6_2_0_SLHC12_2023Scenario_Case5/calabria_SingleMuPt10_GEN-SIM-DIGI-RECO_CMSSW_6_2_0_SLHC12_2023Scenario_Case5/b6da911bb96a528ccff7d001f1ad0373/out_reco_84_1_u1g.root
18-Jun-2014 01:31:51 CEST  Initiating request to open file file:/lustre/cms//store/user/calabria/calabria_SingleMuPt10_GEN-SIM-DIGI-RECO_CMSSW_6_2_0_SLHC12_2023Scenario_Case5/calabria_SingleMuPt10_GEN-SIM-DIGI-RECO_CMSSW_6_2_0_SLHC12_2023Scenario_Case5/b6da911bb96a528ccff7d001f1ad0373/out_reco_88_1_jct.root
18-Jun-2014 01:31:51 CEST  Successfully opened file file:/lustre/cms//store/user/calabria/calabria_SingleMuPt10_GEN-SIM-DIGI-RECO_CMSSW_6_2_0_SLHC12_2023Scenario_Case5/calabria_SingleMuPt10_GEN-SIM-DIGI-RECO_CMSSW_6_2_0_SLHC12_2023Scenario_Case5/b6da911bb96a528ccff7d001f1ad0373/out_reco_88_1_jct.root
18-Jun-2014 01:32:13 CEST  Closed file file:/lustre/cms//store/user/calabria/calabria_SingleMuPt10_GEN-SIM-DIGI-RECO_CMSSW_6_2_0_SLHC12_2023Scenario_Case5/calabria_SingleMuPt10_GEN-SIM-DIGI-RECO_CMSSW_6_2_0_SLHC12_2023Scenario_Case5/b6da911bb96a528ccff7d001f1ad0373/out_reco_88_1_jct.root
18-Jun-2014 01:32:13 CEST  Initiating request to open file file:/lustre/cms//store/user/calabria/calabria_SingleMuPt10_GEN-SIM-DIGI-RECO_CMSSW_6_2_0_SLHC12_2023Scenario_Case5/calabria_SingleMuPt10_GEN-SIM-DIGI-RECO_CMSSW_6_2_0_SLHC12_2023Scenario_Case5/b6da911bb96a528ccff7d001f1ad0373/out_reco_89_1_5Yb.root
18-Jun-2014 01:32:13 CEST  Successfully opened file file:/lustre/cms//store/user/calabria/calabria_SingleMuPt10_GEN-SIM-DIGI-RECO_CMSSW_6_2_0_SLHC12_2023Scenario_Case5/calabria_SingleMuPt10_GEN-SIM-DIGI-RECO_CMSSW_6_2_0_SLHC12_2023Scenario_Case5/b6da911bb96a528ccff7d001f1ad0373/out_reco_89_1_5Yb.root
18-Jun-2014 01:33:01 CEST  Closed file file:/lustre/cms//store/user/calabria/calabria_SingleMuPt10_GEN-SIM-DIGI-RECO_CMSSW_6_2_0_SLHC12_2023Scenario_Case5/calabria_SingleMuPt10_GEN-SIM-DIGI-RECO_CMSSW_6_2_0_SLHC12_2023Scenario_Case5/b6da911bb96a528ccff7d001f1ad0373/out_reco_89_1_5Yb.root

=============================================

MessageLogger Summary

 type     category        sev    module        subroutine        count    total
 ---- -------------------- -- ---------------- ----------------  -----    -----
    1 fileAction           -s file_close                            10       10
    2 fileAction           -s file_open                             20       20

 type    category    Examples: run/evt        run/evt          run/evt
 ---- -------------------- ---------------- ---------------- ----------------
    1 fileAction           PostProcessEvent PostProcessEvent PostEndRun
    2 fileAction           pre-events       pre-events       PostProcessEvent

Severity    # Occurrences   Total Occurrences
--------    -------------   -----------------
System                 30                  30
>>> END OF printout of 50 lines from stdout+stderr
>>> Parse FrameworkJobReport crab_fjr.xml
Result of parsing the FrameworkJobReport crab_fjr.xml: Popularity start
lumisRange : 1::::1;1::::2;1::::3;1::::4;1::::5;1::::6;1::::7;1::::8;1::::9;1::::10;
lumisParentRange : 
Basename : /store/user/calabria/calabria_SingleMuPt10_GEN-SIM-DIGI-RECO_CMSSW_6_2_0_SLHC12_2023Scenario_Case5/calabria_SingleMuPt10_GEN-SIM-DIGI-RECO_CMSSW_6_2_0_SLHC12_2023Scenario_Case5/b6da911bb96a528ccff7d001f1ad0373/out_reco_
BasenameParent : 
parentFiles : 
inputBlocks : /calabria_SingleMuPt10_GEN-SIM-DIGI-RECO_CMSSW_6_2_0_SLHC12_2023Scenario_Case5/calabria-calabria_SingleMuPt10_GEN-SIM-DIGI-RECO_CMSSW_6_2_0_SLHC12_2023Scenario_Case5-b6da911bb96a528ccff7d001f1ad0373/USER#8093e635-3811-46da-a067-d69b0235e534
inputFiles : 83_1_Kdx.root::1::EDM::Local::1;82_1_myN.root::1::EDM::Local::2;89_1_5Yb.root::1::EDM::Local::3;75_1_gUp.root::1::EDM::Local::4;77_1_0BY.root::1::EDM::Local::5;84_1_u1g.root::1::EDM::Local::6;73_1_Ier.root::1::EDM::Local::7;76_1_zH5.root::1::EDM::Local::8;74_1_aD6.root::1::EDM::Local::9;88_1_jct.root::1::EDM::Local::10;
Popularity stop
Extracted ExitStatus from FrameworkJobReport parsing output: 0
>>> Executable succeded  0
ExeExitCode=0
EXECUTABLE_EXIT_STATUS = 0
>>> current directory /home/cms017/home_cream_677387650/CREAM677387650/glide_c1JG1k/execute/dir_7888/CMSSW_6_2_0_SLHC12
>>>  (SOFTWARE_DIR): /home/cms017/home_cream_677387650/CREAM677387650/glide_c1JG1k/execute/dir_7888/CMSSW_6_2_0_SLHC12
>>> (WORKING_DIR): 
>>> current directory content:
total 10064
drwxr-xr-x 3 cms017 cms    4096 Jun 18 01:28 .SCRAM
-rw------- 1 cms017 cms 3740110 Jun 18 01:28 CMSSW.py.pkl
drwxr-xr-x 3 cms017 cms    4096 Jun 18 01:28 bin
drwxr-xr-x 3 cms017 cms    4096 Jun 18 01:28 cfipython
drwxr-xr-x 4 cms017 cms    4096 Jun 18 01:28 config
-rw------- 1 cms017 cms      17 Jun 18 01:33 cpu_timing.txt
drwxr-xr-x 2 cms017 cms    4096 Jun 18 01:28 doc
-rw------- 1 cms017 cms    9895 Jun 18 01:33 executable.out
drwxr-xr-x 2 cms017 cms    4096 Jun 18 01:28 include
drwx------ 3 cms017 cms    4096 Apr 28 18:12 lib
drwxr-xr-x 3 cms017 cms    4096 Jun 18 01:28 logs
drwxr-xr-x 3 cms017 cms    4096 Jun 18 01:28 objs
-rw------- 1 cms017 cms     104 Jun 18 01:29 pset.py
-rw------- 1 cms017 cms 3712302 Jun 18 01:29 pset.py.pkl
-rw------- 1 cms017 cms     289 Jun 18 01:29 pset.pyc
drwxr-xr-x 2 cms017 cms    4096 Jun 18 01:28 python
-rw------- 1 cms017 cms     410 Jun 18 01:33 report.log
drwx------ 6 cms017 cms    4096 Jun 18 01:28 src
drwxr-xr-x 3 cms017 cms    4096 Jun 18 01:28 test
drwxr-xr-x 3 cms017 cms    4096 Jun 18 01:28 tmp
-rw------- 1 cms017 cms 2750604 Jun 18 01:33 validationEDM.root
>>> current directory /home/cms017/home_cream_677387650/CREAM677387650/glide_c1JG1k/execute/dir_7888/CMSSW_6_2_0_SLHC12
>>> (SOFTWARE_DIR): /home/cms017/home_cream_677387650/CREAM677387650/glide_c1JG1k/execute/dir_7888/CMSSW_6_2_0_SLHC12
>>> (WORKING_DIR): 
>>> current directory content:
total 10064
drwxr-xr-x 3 cms017 cms    4096 Jun 18 01:28 .SCRAM
-rw------- 1 cms017 cms 3740110 Jun 18 01:28 CMSSW.py.pkl
drwxr-xr-x 3 cms017 cms    4096 Jun 18 01:28 bin
drwxr-xr-x 3 cms017 cms    4096 Jun 18 01:28 cfipython
drwxr-xr-x 4 cms017 cms    4096 Jun 18 01:28 config
-rw------- 1 cms017 cms      17 Jun 18 01:33 cpu_timing.txt
drwxr-xr-x 2 cms017 cms    4096 Jun 18 01:28 doc
-rw------- 1 cms017 cms    9895 Jun 18 01:33 executable.out
drwxr-xr-x 2 cms017 cms    4096 Jun 18 01:28 include
drwx------ 3 cms017 cms    4096 Apr 28 18:12 lib
drwxr-xr-x 3 cms017 cms    4096 Jun 18 01:28 logs
drwxr-xr-x 3 cms017 cms    4096 Jun 18 01:28 objs
-rw------- 1 cms017 cms     104 Jun 18 01:29 pset.py
-rw------- 1 cms017 cms 3712302 Jun 18 01:29 pset.py.pkl
-rw------- 1 cms017 cms     289 Jun 18 01:29 pset.pyc
drwxr-xr-x 2 cms017 cms    4096 Jun 18 01:28 python
-rw------- 1 cms017 cms     410 Jun 18 01:33 report.log
drwx------ 6 cms017 cms    4096 Jun 18 01:28 src
drwxr-xr-x 3 cms017 cms    4096 Jun 18 01:28 test
drwxr-xr-x 3 cms017 cms    4096 Jun 18 01:28 tmp
-rw------- 1 cms017 cms 2750604 Jun 18 01:33 validationEDM_13_1_1ah.root
>>> current directory (RUNTIME_AREA):  /home/cms017/home_cream_677387650/CREAM677387650/glide_c1JG1k/execute/dir_7888
SE = storm-se-01.ba.infn.it
SE_PATH = /srm/managerv2?SFN=//cms/store/user/calabria/calabria_SingleMuPt10_GEN-SIM-DIGI-RECO_CMSSW_6_2_0_SLHC12_2023Scenario_Case5/calabria_MuMinus10_GEN-SIM-DIGI-RECO_CMSSW_6_2_0_SLHC12_2023Scenario_VALNOPU2_Case5/5854dd31cbd3cdec44c48628cc181cf0/
LFNBaseName = /store/user/calabria/calabria_SingleMuPt10_GEN-SIM-DIGI-RECO_CMSSW_6_2_0_SLHC12_2023Scenario_Case5/calabria_MuMinus10_GEN-SIM-DIGI-RECO_CMSSW_6_2_0_SLHC12_2023Scenario_VALNOPU2_Case5/5854dd31cbd3cdec44c48628cc181cf0/
USER = calabria
endpoint = srm://storm-se-01.ba.infn.it:8444/srm/managerv2?SFN=//cms/store/user/calabria/calabria_SingleMuPt10_GEN-SIM-DIGI-RECO_CMSSW_6_2_0_SLHC12_2023Scenario_Case5/calabria_MuMinus10_GEN-SIM-DIGI-RECO_CMSSW_6_2_0_SLHC12_2023Scenario_VALNOPU2_Case5/5854dd31cbd3cdec44c48628cc181cf0/
>>> Copy output files from WN = pccms149.ba.infn.it to /srm/managerv2?SFN=//cms/store/user/calabria/calabria_SingleMuPt10_GEN-SIM-DIGI-RECO_CMSSW_6_2_0_SLHC12_2023Scenario_Case5/calabria_MuMinus10_GEN-SIM-DIGI-RECO_CMSSW_6_2_0_SLHC12_2023Scenario_VALNOPU2_Case5/5854dd31cbd3cdec44c48628cc181cf0/ :
python cmscp.py  --destination srm://storm-se-01.ba.infn.it:8444/srm/managerv2?SFN=//cms/store/user/calabria/calabria_SingleMuPt10_GEN-SIM-DIGI-RECO_CMSSW_6_2_0_SLHC12_2023Scenario_Case5/calabria_MuMinus10_GEN-SIM-DIGI-RECO_CMSSW_6_2_0_SLHC12_2023Scenario_VALNOPU2_Case5/5854dd31cbd3cdec44c48628cc181cf0/ --inputFileList /home/cms017/home_cream_677387650/CREAM677387650/glide_c1JG1k/execute/dir_7888/CMSSW_6_2_0_SLHC12/validationEDM_13_1_1ah.root --middleware LCG --se_name storm-se-01.ba.infn.it --for_lfn /store/user/calabria/calabria_SingleMuPt10_GEN-SIM-DIGI-RECO_CMSSW_6_2_0_SLHC12_2023Scenario_Case5/calabria_MuMinus10_GEN-SIM-DIGI-RECO_CMSSW_6_2_0_SLHC12_2023Scenario_VALNOPU2_Case5/5854dd31cbd3cdec44c48628cc181cf0/    
******************************************************
localSeName  =  storm-se-01.ba.infn.it
remoteSeName =  storm-se-01.ba.infn.it
******************************************************
{"/home/cms017/home_cream_677387650/CREAM677387650/glide_c1JG1k/execute/dir_7888/CMSSW_6_2_0_SLHC12/validationEDM_13_1_1ah.root": {"endpoint": "srm://storm-se-01.ba.infn.it:8444/srm/managerv2?SFN=//cms/store/user/calabria/calabria_SingleMuPt10_GEN-SIM-DIGI-RECO_CMSSW_6_2_0_SLHC12_2023Scenario_Case5/calabria_MuMinus10_GEN-SIM-DIGI-RECO_CMSSW_6_2_0_SLHC12_2023Scenario_VALNOPU2_Case5/5854dd31cbd3cdec44c48628cc181cf0/", "surl_for_grid": "", "reason": "Copy succedeed with srm-lcg utils", "erCode": "0", "se_name": "storm-se-01.ba.infn.it", "for_lfn": "/store/user/calabria/calabria_SingleMuPt10_GEN-SIM-DIGI-RECO_CMSSW_6_2_0_SLHC12_2023Scenario_Case5/calabria_MuMinus10_GEN-SIM-DIGI-RECO_CMSSW_6_2_0_SLHC12_2023Scenario_VALNOPU2_Case5/5854dd31cbd3cdec44c48628cc181cf0/"}}/home/cms017/home_cream_677387650/CREAM677387650/glide_c1JG1k/execute/dir_7888
-------- cat /home/cms017/home_cream_677387650/CREAM677387650/glide_c1JG1k/execute/dir_7888/cmscpReport.sh 
#!/bin/bash
echo "Report for File: /home/cms017/home_cream_677387650/CREAM677387650/glide_c1JG1k/execute/dir_7888/CMSSW_6_2_0_SLHC12/validationEDM_13_1_1ah.root"
echo "LFN: /store/user/calabria/calabria_SingleMuPt10_GEN-SIM-DIGI-RECO_CMSSW_6_2_0_SLHC12_2023Scenario_Case5/calabria_MuMinus10_GEN-SIM-DIGI-RECO_CMSSW_6_2_0_SLHC12_2023Scenario_VALNOPU2_Case5/5854dd31cbd3cdec44c48628cc181cf0/validationEDM_13_1_1ah.root"
echo "StorageElement: storm-se-01.ba.infn.it"
echo "StageOutExitStatusReason = 'Copy succedeed with srm-lcg utils'" | tee -a $RUNTIME_AREA/$repo
echo "StageOutSE = storm-se-01.ba.infn.it" >> $RUNTIME_AREA/$repo

export StageOutExitStatus=0
echo "StageOutExitStatus = 0" | tee -a $RUNTIME_AREA/$repo
-------- end of /home/cms017/home_cream_677387650/CREAM677387650/glide_c1JG1k/execute/dir_7888/cmscpReport.sh 
Report for File: /home/cms017/home_cream_677387650/CREAM677387650/glide_c1JG1k/execute/dir_7888/CMSSW_6_2_0_SLHC12/validationEDM_13_1_1ah.root
LFN: /store/user/calabria/calabria_SingleMuPt10_GEN-SIM-DIGI-RECO_CMSSW_6_2_0_SLHC12_2023Scenario_Case5/calabria_MuMinus10_GEN-SIM-DIGI-RECO_CMSSW_6_2_0_SLHC12_2023Scenario_VALNOPU2_Case5/5854dd31cbd3cdec44c48628cc181cf0/validationEDM_13_1_1ah.root
StorageElement: storm-se-01.ba.infn.it
StageOutExitStatusReason = 'Copy succedeed with srm-lcg utils'
StageOutExitStatus = 0
>>> current dir: /home/cms017/home_cream_677387650/CREAM677387650/glide_c1JG1k/execute/dir_7888
>>> current dir content:
total 28080
-rw-------  1 cms017 cms     2778 Jun 18 01:33 .SEinteraction.log
-rwx------  1 cms017 cms     6812 Jun 18 01:28 .job.ad
-rwx------  1 cms017 cms     9455 Jun 18 01:28 .machine.ad
-rw-------  1 cms017 cms      105 Jun 16 20:50 CMSSW.py
-rw-------  1 cms017 cms  3740110 Jun 16 20:50 CMSSW.py.pkl
-rwx------  1 cms017 cms    29556 Jun 18 01:28 CMSSW.sh
drwxr-xr-x 15 cms017 cms     4096 Jun 18 01:33 CMSSW_6_2_0_SLHC12
-rw-------  1 cms017 cms      219 Jun 18 01:28 CacheEnv.sh
-rw-------  1 cms017 cms     7291 Apr  4 11:04 DashboardAPI.py
-rw-------  1 cms017 cms     6800 Jun 18 01:28 DashboardAPI.pyc
drwx------  2 cms017 cms     4096 Jun 18 01:33 IMProv
-rw-------  1 cms017 cms     2748 Apr  4 11:04 Logger.py
-rw-------  1 cms017 cms     3342 Jun 18 01:28 Logger.pyc
-rw-------  1 cms017 cms    24524 Apr  4 11:04 ProcInfo.py
-rw-------  1 cms017 cms    23173 Jun 18 01:28 ProcInfo.pyc
drwx------  7 cms017 cms     4096 Jun 18 01:29 ProdCommon
drwx------  3 cms017 cms     4096 Jun 18 01:28 WMCore
-rw-------  1 cms017 cms     2109 Jun 18 01:33 Watchdog_13.log
-rwx------  1 cms017 cms        0 Jun 18 01:28 _condor_stderr
-rwx---r--  1 cms017 cms    29346 Jun 18 01:33 _condor_stdout
-rw-------  1 cms017 cms    32895 Apr  4 11:04 apmon.py
-rw-------  1 cms017 cms    28596 Jun 18 01:28 apmon.pyc
-rwx------  1 cms017 cms    53760 Jun 18 01:28 arguments.xml
-rwx------  1 cms017 cms    38515 Apr  4 11:04 cmscp.py
-rw-------  1 cms017 cms      717 Jun 18 01:33 cmscpReport.sh
-rwx------  1 cms017 cms    29556 Jun 18 01:28 condor_exec.exe
-rw-------  1 cms017 cms      958 Jun 16 20:50 crab.cfg
-rwx------  1 cms017 cms     8610 Apr  4 11:04 crabWatchdog.sh
-rwx---r--  1 cms017 cms   523224 Jun 18 01:33 crab_fjr_13.xml
-rwx------  1 cms017 cms 23960431 Jun 18 01:28 default.tgz
-rwx------  1 cms017 cms     4488 Apr  4 11:04 fillCrabFjr.py
-rw-------  1 cms017 cms     2619 Jun 18 01:29 inputsReport.txt
-rw-------  1 cms017 cms      261 Jun 18 01:33 jobreport.txt
-rw-------  1 cms017 cms    17352 Apr  4 11:04 parseCrabFjr.py
-rw-------  1 cms017 cms      330 Jun 18 01:28 report.log
-rwx--x--x  1 cms017 cms     1497 Apr  4 11:04 report.py
-rw-------  1 cms017 cms      771 Jun 18 01:33 resultCopyFile
lrwxrwxrwx  1 cms017 cms      125 Jun 18 01:33 validationEDM.root -> /home/cms017/home_cream_677387650/CREAM677387650/glide_c1JG1k/execute/dir_7888/CMSSW_6_2_0_SLHC12/validationEDM_13_1_1ah.root
-rwx------  1 cms017 cms     8387 Apr  4 11:04 writeCfg.py
-rw-------  1 cms017 cms     8010 Jun 18 01:28 x509up_u50707
>>> Modify Job Report:
CMSSW_VERSION = CMSSW_6_2_0_SLHC12
ProcessedDataset = calabria_MuMinus10_GEN-SIM-DIGI-RECO_CMSSW_6_2_0_SLHC12_2023Scenario_VALNOPU2_Case5
/home/cms017/home_cream_677387650/CREAM677387650/glide_c1JG1k/execute/dir_7888/ProdCommon/FwkJobRep/ModifyJobReport.py fjr /home/cms017/home_cream_677387650/CREAM677387650/glide_c1JG1k/execute/dir_7888/crab_fjr_13.xml json /home/cms017/home_cream_677387650/CREAM677387650/glide_c1JG1k/execute/dir_7888/resultCopyFile n_job 13_1_1ah PrimaryDataset calabria_SingleMuPt10_GEN-SIM-DIGI-RECO_CMSSW_6_2_0_SLHC12_2023Scenario_Case5  ApplicationFamily cmsRun ApplicationName cmsRun cmssw_version CMSSW_6_2_0_SLHC12 psethash 5854dd31cbd3cdec44c48628cc181cf0 UserProcessedDataset calabria-calabria_MuMinus10_GEN-SIM-DIGI-RECO_CMSSW_6_2_0_SLHC12_2023Scenario_VALNOPU2_Case5-5854dd31cbd3cdec44c48628cc181cf0
inputDict =  {u'/home/cms017/home_cream_677387650/CREAM677387650/glide_c1JG1k/execute/dir_7888/CMSSW_6_2_0_SLHC12/validationEDM_13_1_1ah.root': {u'endpoint': u'srm://storm-se-01.ba.infn.it:8444/srm/managerv2?SFN=//cms/store/user/calabria/calabria_SingleMuPt10_GEN-SIM-DIGI-RECO_CMSSW_6_2_0_SLHC12_2023Scenario_Case5/calabria_MuMinus10_GEN-SIM-DIGI-RECO_CMSSW_6_2_0_SLHC12_2023Scenario_VALNOPU2_Case5/5854dd31cbd3cdec44c48628cc181cf0/', u'surl_for_grid': u'', u'reason': u'Copy succedeed with srm-lcg utils', u'erCode': u'0', u'se_name': u'storm-se-01.ba.infn.it', u'for_lfn': u'/store/user/calabria/calabria_SingleMuPt10_GEN-SIM-DIGI-RECO_CMSSW_6_2_0_SLHC12_2023Scenario_Case5/calabria_MuMinus10_GEN-SIM-DIGI-RECO_CMSSW_6_2_0_SLHC12_2023Scenario_VALNOPU2_Case5/5854dd31cbd3cdec44c48628cc181cf0/'}}
UserProcessedDataset =  calabria-calabria_MuMinus10_GEN-SIM-DIGI-RECO_CMSSW_6_2_0_SLHC12_2023Scenario_VALNOPU2_Case5-5854dd31cbd3cdec44c48628cc181cf0
file_name in inputDict =  /home/cms017/home_cream_677387650/CREAM677387650/glide_c1JG1k/execute/dir_7888/CMSSW_6_2_0_SLHC12/validationEDM_13_1_1ah.root
(size) os.stat(filename)[6] =  2750604
checksum =  3211161066
    file =  validationEDM_13_1_1ah.root
    newPfn =  srm://storm-se-01.ba.infn.it:8444/srm/managerv2?SFN=//cms/store/user/calabria/calabria_SingleMuPt10_GEN-SIM-DIGI-RECO_CMSSW_6_2_0_SLHC12_2023Scenario_Case5/calabria_MuMinus10_GEN-SIM-DIGI-RECO_CMSSW_6_2_0_SLHC12_2023Scenario_VALNOPU2_Case5/5854dd31cbd3cdec44c48628cc181cf0/validationEDM_13_1_1ah.root
    newLfn =  /store/user/calabria/calabria_SingleMuPt10_GEN-SIM-DIGI-RECO_CMSSW_6_2_0_SLHC12_2023Scenario_Case5/calabria_MuMinus10_GEN-SIM-DIGI-RECO_CMSSW_6_2_0_SLHC12_2023Scenario_VALNOPU2_Case5/5854dd31cbd3cdec44c48628cc181cf0/validationEDM_13_1_1ah.root
>>> crab_fjr_*.xml  permission set to 0704
CrabWrapper EXIT_FUNC entered at Wed Jun 18 01:33:55 CEST 2014   -  Tue Jun 17 23:33:55 UTC 2014
Checking output files:  
will tar file crab_fjr_13.xml in  out_files_13
WARNING: output file CMSSW_13.stdout not found!
WARNING: output file CMSSW_13.stderr not found!
WARNING: output file Watchdog_13.log.gz not found!
>>> padding time: Sleeping the wrapper for 297 seconds
STOPPING WATCHDOG. CrabWatchdog PID is 9692
********** LAST 50 LINES OF WATCHDOG LOG
# RESOURCE USAGE SUMMARY FOR PROCESS ID  9459
USER       PID %CPU %MEM    VSZ   RSS TTY      STAT START   TIME COMMAND
cms017    9459  0.2  0.0   9496  1596 ?        S    01:28   0:00 /bin/sh /home/cms017/home_cream_677387650/CREAM677387650/glide_c1JG1k/execute/dir_7888/condor_exec.exe 13 1
 
# LIMITS USED BY CRAB WATCHDOG:
# RSS  (KBytes)   : 2300000
# VSZ  (KBytes)   : 100000000
# DISK (MBytes)   : 19000
# CPU TIME        : 720h:0m:0s
# WALL CLOCK TIME : 21h:50m:0s
 
# FOLLOWING PRINTOUT TRACKS MAXIMUM VALUES OF RESOURCES USE
# ONE LINE IS PRINTED EACH TIME A MAXIMUM CHANGES
# IF CHANGE WAS IN RSS OR VSZ ALSO PROCID AND COMMAND ARE PRINTED
# THERE IS NO PRINTOUT FOR CPU/WALL TIME INCREASE
 
# TIME			PID	RSS(KB)	VSZ(KB)	Dsk(MB)	tCPU(s)	tWALL(s)	COMMAND
 Jun 18 01:28:57 CEST	7888	8424	93608	0	0	0	condor_starter -f submit-6.t2.ucsd.edu        
 Jun 18 01:28:57 CEST	7904	8424	106092	0	0	0	sh -c "./glidein_startup.sh" -v std -name v3_0 -entry CDF_IT_Bari_ce2 -clientname UCSD-v1_0.main
 Jun 18 01:28:57 CEST	7910	8424	106492	0	0	0	/bin/bash ./glidein_startup.sh -v std -name v3_0 -entry CDF_IT_Bari_ce2 -clientname UCSD-v1_0.main -schedd
 Jun 18 01:28:57 CEST	9704	34392	106492	0	0	0	edmConfigHash pset.py         
 Jun 18 01:28:57 CEST	---	34392	106492	171	----	----	----
 Jun 18 01:29:58 CEST	10039	771952	990468	171	32	61	cmsRun -j /home/cms017/home_cream_677387650/CREAM677387650/glide_c1JG1k/execute/dir_7888/crab_fjr_13.xml -p pset.py      
 Jun 18 01:29:58 CEST	---	771952	990468	175	----	----	----
 Jun 18 01:30:58 CEST	10039	772472	1007776	175	74	122	cmsRun -j /home/cms017/home_cream_677387650/CREAM677387650/glide_c1JG1k/execute/dir_7888/crab_fjr_13.xml -p pset.py      
 Jun 18 01:31:59 CEST	10039	772472	1020064	175	114	182	cmsRun -j /home/cms017/home_cream_677387650/CREAM677387650/glide_c1JG1k/execute/dir_7888/crab_fjr_13.xml -p pset.py      
 Jun 18 01:33:00 CEST	10039	1390164	1705376	175	165	243	cmsRun -j /home/cms017/home_cream_677387650/CREAM677387650/glide_c1JG1k/execute/dir_7888/crab_fjr_13.xml -p pset.py      
 Jun 18 01:33:00 CEST	---	1390164	1705376	176	----	----	----
 Jun 18 01:34:00 CEST	---	1390164	1705376	178	----	----	----
********** WATCHDOG LOG ENDED
ZIPPING WATCHDOG LOG
Disk space used:
du -sh /home/cms017/home_cream_677387650/CREAM677387650/glide_c1JG1k/execute/dir_7888
178M	/home/cms017/home_cream_677387650/CREAM677387650/glide_c1JG1k/execute/dir_7888
Found unusual stdout, rename for OSB
`/home/cms017/home_cream_677387650/CREAM677387650/glide_c1JG1k/execute/dir_7888/_condor_stdout' -> `CMSSW_13.stdout'
Found unusual stderr, rename for OSB
`/home/cms017/home_cream_677387650/CREAM677387650/glide_c1JG1k/execute/dir_7888/_condor_stdout' -> `CMSSW_13.stderr'
crab_fjr_13.xml
CMSSW_13.stdout
CMSSW_13.stderr
Watchdog_13.log.gz
Total Output dimension: 69817
WARNING: output files size limit is set to: 50000000
Total Output dimension 69817 is fine.
JOB_EXIT_STATUS = 0
>>> info for dashboard:
***** Cat /home/cms017/home_cream_677387650/CREAM677387650/glide_c1JG1k/execute/dir_7888/jobreport.txt *****
MonitorJobID=13_https://submit-6.t2.ucsd.edu//140616//168557.12
MonitorID=calabria_MuMinus10_Case5_ReReco_0ct8s3
ExeTime=230
ExeExitCode=0
StageOutExitStatusReason = 'Copy succedeed with srm-lcg utils'
StageOutSE = storm-se-01.ba.infn.it
StageOutExitStatus = 0
CrabUserCpuTime=114.08
CrabSysCpuTime=52.75
CrabCpuPercentage=72%
CrabWrapperTime=600
CrabStageoutTime=49
JobExitCode=0
***** End Cat jobreport *****
Parameters sent to Dashboard.
EXITING at Wed Jun 18 01:38:57 CEST 2014  -  Tue Jun 17 23:38:57 UTC 2014
