This script was generated by crab (version 2.10.5_patch1).
Running /home/cms011/home_cream_496463864/CREAM496463864/glide_ZItiqQ/execute/dir_30719/condor_exec.exe with 2 positional parameters: 7 1
Today is Wed Jun 18 01:28:26 CEST 2014 - Tue Jun 17 23:28:26 UTC 2014
Job submitted on host pccms143.ba.infn.it
Linux pccms143.ba.infn.it 2.6.32-358.23.2.el6.x86_64 #1 SMP Thu Oct 17 10:27:22 CEST 2013 x86_64 x86_64 x86_64 GNU/Linux
>>> current directory (RUNTIME_AREA): /home/cms011/home_cream_496463864/CREAM496463864/glide_ZItiqQ/execute/dir_30719
>>> current user: uid=11720(cms011) gid=1399(cms) groups=1399(cms)
>>> directory permission set to 0700
>>> umask set to:  u=rwx,g=,o=
>>> stdout stderr permission set to 0704
>>> voms proxy information:
subject   : /C=IT/O=INFN/OU=Personal Certificate/L=Bari/CN=Cesare Calabria/CN=477126703/CN=1012117572
issuer    : /C=IT/O=INFN/OU=Personal Certificate/L=Bari/CN=Cesare Calabria/CN=477126703
identity  : /C=IT/O=INFN/OU=Personal Certificate/L=Bari/CN=Cesare Calabria
type      : RFC3820 compliant limited proxy
strength  : 1024
path      : /home/cms011/home_cream_496463864/CREAM496463864/glide_ZItiqQ/execute/dir_30719/x509up_u50707
timeleft  : 23:59:46
key usage : Digital Signature, Key Encipherment, Data Encipherment
=== VO cms extension information ===
VO        : cms
subject   : /C=IT/O=INFN/OU=Personal Certificate/L=Bari/CN=Cesare Calabria
issuer    : /DC=ch/DC=cern/OU=computers/CN=voms.cern.ch
attribute : /cms/Role=NULL/Capability=NULL
attribute : /cms/itcms/Role=NULL/Capability=NULL
timeleft  : 153:55:52
uri       : voms.cern.ch:15002

WNHostName=pccms143.ba.infn.it
>>> tar --no-same-permissions -xf /home/cms011/home_cream_496463864/CREAM496463864/glide_ZItiqQ/execute/dir_30719/default.tgz :
Successful untar
>>> Include /home/cms011/home_cream_496463864/CREAM496463864/glide_ZItiqQ/execute/dir_30719 in PYTHONPATH:
strip arguments
env var CRAB_UNIQUE_JOB_ID set to: calabria_MuMinus10_Case5_ReReco_0ct8s3_7_1_F0q
out_files_7
>>> list of expected files on output sandbox
output files: crab_fjr_7.xml CMSSW_7.stdout CMSSW_7.stderr Watchdog_7.log.gz
>>> GridFlavour discovery: 
GridFlavour=LCG
>>> SyncSite discovery: 
SyncSite=T2_IT_Bari
>>> SyncCE discovery: 
getting SyncCE from CE_ID
SyncCE=cream-ce-2.ba.infn.it:8443/cream-pbs-long
>>> info for dashboard:
***** Cat /home/cms011/home_cream_496463864/CREAM496463864/glide_ZItiqQ/execute/dir_30719/jobreport.txt *****
WNHostName=pccms143.ba.infn.it
MonitorJobID=7_https://submit-6.t2.ucsd.edu//140616//168557.6
SyncGridJobId=https://submit-6.t2.ucsd.edu//140616//168557.6
MonitorID=calabria_MuMinus10_Case5_ReReco_0ct8s3
GridFlavour=LCG
SyncSite=T2_IT_Bari
SyncCE=cream-ce-2.ba.infn.it:8443/cream-pbs-long
***** End Cat jobreport *****
Parameters sent to Dashboard.
>>> setup environment
set SCRAM ARCH to slc5_amd64_gcc472
SCRAM_ARCH = slc5_amd64_gcc472
>>> setup CMS LCG environment:
set SCRAM ARCH and BUILD_ARCH to slc5_amd64_gcc472 ###
Sourcing environment... 
sourcing /cvmfs/cms.cern.ch/cmsset_default.sh
==> setup cms environment ok
>>> specific cmssw setup environment:
CMSSW_VERSION =  CMSSW_6_2_0_SLHC12
>>> current directory (SOFTWARE_DIR): /home/cms011/home_cream_496463864/CREAM496463864/glide_ZItiqQ/execute/dir_30719/CMSSW_6_2_0_SLHC12
PreserveSeeds: <>
IncrementSeeds:<>
>>> info for dashboard:
***** Cat /home/cms011/home_cream_496463864/CREAM496463864/glide_ZItiqQ/execute/dir_30719/jobreport.txt *****
MonitorJobID=7_https://submit-6.t2.ucsd.edu//140616//168557.6
MonitorID=calabria_MuMinus10_Case5_ReReco_0ct8s3
***** End Cat jobreport *****
Parameters sent to Dashboard.
crabWatchdog started as process 4062
>>> moving CMSSW software directories in /home/cms011/home_cream_496463864/CREAM496463864/glide_ZItiqQ/execute/dir_30719/CMSSW_6_2_0_SLHC12
mv: cannot stat `/home/cms011/home_cream_496463864/CREAM496463864/glide_ZItiqQ/execute/dir_30719/module/': No such file or directory
>>> Include /home/cms011/home_cream_496463864/CREAM496463864/glide_ZItiqQ/execute/dir_30719 in PYTHONPATH:
PYTHONPATH=/home/cms011/home_cream_496463864/CREAM496463864/glide_ZItiqQ/execute/dir_30719/:/home/cms011/home_cream_496463864/CREAM496463864/glide_ZItiqQ/execute/dir_30719/CMSSW_6_2_0_SLHC12/python:/home/cms011/home_cream_496463864/CREAM496463864/glide_ZItiqQ/execute/dir_30719/CMSSW_6_2_0_SLHC12/lib/slc5_amd64_gcc472:/cvmfs/cms.cern.ch/slc5_amd64_gcc472/cms/cmssw/CMSSW_6_2_0_SLHC12/python:/cvmfs/cms.cern.ch/slc5_amd64_gcc472/cms/cmssw/CMSSW_6_2_0_SLHC12/lib/slc5_amd64_gcc472:/cvmfs/cms.cern.ch/slc5_amd64_gcc472/cms/coral/CORAL_2_3_21-cms36/slc5_amd64_gcc472/python:/cvmfs/cms.cern.ch/slc5_amd64_gcc472/cms/coral/CORAL_2_3_21-cms36/slc5_amd64_gcc472/lib:/cvmfs/cms.cern.ch/slc5_amd64_gcc472/external/pyqt/4.8.1-cms6/lib/python2.7/site-packages:/cvmfs/cms.cern.ch/slc5_amd64_gcc472/external/py2-scipy/0.8.0-cms8/lib/python2.7/site-packages:/cvmfs/cms.cern.ch/slc5_amd64_gcc472/external/py2-matplotlib/1.0.1-cms8/lib/python2.7/site-packages:/cvmfs/cms.cern.ch/slc5_amd64_gcc472/external/python-ldap/2.3.5-cms6/lib/python2.7/site-packages:/cvmfs/cms.cern.ch/slc5_amd64_gcc472/external/sip/4.11.2-cms6/lib/python2.7/site-packages:/cvmfs/cms.cern.ch/slc5_amd64_gcc472/external/py2-pycurl/7.19.0-cms8/lib/python2.7/site-packages:/cvmfs/cms.cern.ch/slc5_amd64_gcc472/external/py2-numpy/1.6.1-cms8/lib/python2.7/site-packages:/cvmfs/cms.cern.ch/slc5_amd64_gcc472/external/py2-lint/0.25.1-cms6/lib/python2.7/site-packages:/cvmfs/cms.cern.ch/slc5_amd64_gcc472/external/py2-ipython/0.10-cms6/lib/python2.7/site-packages:/cvmfs/cms.cern.ch/slc5_amd64_gcc472/external/py2-cx-oracle/5.1-cms7/lib/python2.7/site-packages:/cvmfs/cms.cern.ch/slc5_amd64_gcc472/external/py2-cjson/1.0.5-cms6/lib/python2.7/site-packages:/cvmfs/cms.cern.ch/slc5_amd64_gcc472/cms/das-client/1.11.7/bin:/cvmfs/cms.cern.ch/slc5_amd64_gcc472/external/elementtree/1.2.6-cms6/share/lib/python2.7/site-packages:/cvmfs/cms.cern.ch/slc5_amd64_gcc472/external/rivet/1.8.2-cms8/lib/python2.7/site-packages:/cvmfs/cms.cern.ch/slc5_amd64_gcc472/external/pyminuit2/0.0.1-cms19/lib/python2.7/site-packages:/cvmfs/cms.cern.ch/slc5_amd64_gcc472/external/py2-pygithub/1.23.0/lib/python2.7/site-packages:/cvmfs/cms.cern.ch/slc5_amd64_gcc472/external/professor/1.0.0-cms19/lib/python2.7/site-packages:/cvmfs/cms.cern.ch/slc5_amd64_gcc472/lcg/root/5.34.07-cms/lib:/cvmfs/cms.cern.ch/slc5_amd64_gcc472/cms/dbs-client/DBS_2_1_9-cms5/lib:/cvmfs/cms.cern.ch/slc5_amd64_gcc472/cms/dbs-client/DBS_2_1_9-cms5/lib/DBSAPI:/cvmfs/cms.cern.ch/slc5_amd64_gcc472/external/cvs2git/5419-cms/lib:/home/cms011/home_cream_496463864/CREAM496463864/glide_ZItiqQ/execute/dir_30719/
 
# LIMITS USED BY CRAB WATCHDOG:
# RSS  (KBytes)   : 2300000
# VSZ  (KBytes)   : 100000000
# DISK (MBytes)   : 19000
# CPU TIME        : 720h:0m:0s
# WALL CLOCK TIME : 21h:50m:0s
 
5854dd31cbd3cdec44c48628cc181cf0
PSETHASH = 5854dd31cbd3cdec44c48628cc181cf0
/home/cms011/home_cream_496463864/CREAM496463864/glide_ZItiqQ/execute/dir_30719/writeCfg.py pset.py pset.py
Importing .py file
Setting parameters
RandomNumberGeneratorService found, will attempt to change seeds
inputBlocks=/calabria_SingleMuPt10_GEN-SIM-DIGI-RECO_CMSSW_6_2_0_SLHC12_2023Scenario_Case5/calabria-calabria_SingleMuPt10_GEN-SIM-DIGI-RECO_CMSSW_6_2_0_SLHC12_2023Scenario_Case5-b6da911bb96a528ccff7d001f1ad0373/USER#7b58dcf0-047e-4023-bb9c-88dd3f87d783
inputFiles=/store/user/calabria/calabria_SingleMuPt10_GEN-SIM-DIGI-RECO_CMSSW_6_2_0_SLHC12_2023Scenario_Case5/calabria_SingleMuPt10_GEN-SIM-DIGI-RECO_CMSSW_6_2_0_SLHC12_2023Scenario_Case5/b6da911bb96a528ccff7d001f1ad0373/out_reco_457_2_qFN.root;/store/user/calabria/calabria_SingleMuPt10_GEN-SIM-DIGI-RECO_CMSSW_6_2_0_SLHC12_2023Scenario_Case5/calabria_SingleMuPt10_GEN-SIM-DIGI-RECO_CMSSW_6_2_0_SLHC12_2023Scenario_Case5/b6da911bb96a528ccff7d001f1ad0373/out_reco_458_2_WLo.root;/store/user/calabria/calabria_SingleMuPt10_GEN-SIM-DIGI-RECO_CMSSW_6_2_0_SLHC12_2023Scenario_Case5/calabria_SingleMuPt10_GEN-SIM-DIGI-RECO_CMSSW_6_2_0_SLHC12_2023Scenario_Case5/b6da911bb96a528ccff7d001f1ad0373/out_reco_459_2_HTb.root;/store/user/calabria/calabria_SingleMuPt10_GEN-SIM-DIGI-RECO_CMSSW_6_2_0_SLHC12_2023Scenario_Case5/calabria_SingleMuPt10_GEN-SIM-DIGI-RECO_CMSSW_6_2_0_SLHC12_2023Scenario_Case5/b6da911bb96a528ccff7d001f1ad0373/out_reco_463_2_ABf.root;/store/user/calabria/calabria_SingleMuPt10_GEN-SIM-DIGI-RECO_CMSSW_6_2_0_SLHC12_2023Scenario_Case5/calabria_SingleMuPt10_GEN-SIM-DIGI-RECO_CMSSW_6_2_0_SLHC12_2023Scenario_Case5/b6da911bb96a528ccff7d001f1ad0373/out_reco_464_2_1JM.root;/store/user/calabria/calabria_SingleMuPt10_GEN-SIM-DIGI-RECO_CMSSW_6_2_0_SLHC12_2023Scenario_Case5/calabria_SingleMuPt10_GEN-SIM-DIGI-RECO_CMSSW_6_2_0_SLHC12_2023Scenario_Case5/b6da911bb96a528ccff7d001f1ad0373/out_reco_471_2_RH1.root;/store/user/calabria/calabria_SingleMuPt10_GEN-SIM-DIGI-RECO_CMSSW_6_2_0_SLHC12_2023Scenario_Case5/calabria_SingleMuPt10_GEN-SIM-DIGI-RECO_CMSSW_6_2_0_SLHC12_2023Scenario_Case5/b6da911bb96a528ccff7d001f1ad0373/out_reco_484_2_eFJ.root;/store/user/calabria/calabria_SingleMuPt10_GEN-SIM-DIGI-RECO_CMSSW_6_2_0_SLHC12_2023Scenario_Case5/calabria_SingleMuPt10_GEN-SIM-DIGI-RECO_CMSSW_6_2_0_SLHC12_2023Scenario_Case5/b6da911bb96a528ccff7d001f1ad0373/out_reco_487_2_bzL.root;/store/user/calabria/calabria_SingleMuPt10_GEN-SIM-DIGI-RECO_CMSSW_6_2_0_SLHC12_2023Scenario_Case5/calabria_SingleMuPt10_GEN-SIM-DIGI-RECO_CMSSW_6_2_0_SLHC12_2023Scenario_Case5/b6da911bb96a528ccff7d001f1ad0373/out_reco_495_2_TGs.root;/store/user/calabria/calabria_SingleMuPt10_GEN-SIM-DIGI-RECO_CMSSW_6_2_0_SLHC12_2023Scenario_Case5/calabria_SingleMuPt10_GEN-SIM-DIGI-RECO_CMSSW_6_2_0_SLHC12_2023Scenario_Case5/b6da911bb96a528ccff7d001f1ad0373/out_reco_498_2_rBK.root
parentFiles=
lumisRange=
>>> Executable cmsRun
/cvmfs/cms.cern.ch/slc5_amd64_gcc472/cms/cmssw/CMSSW_6_2_0_SLHC12/bin/slc5_amd64_gcc472/cmsRun
ok executable found
>>> info for dashboard:
***** Cat /home/cms011/home_cream_496463864/CREAM496463864/glide_ZItiqQ/execute/dir_30719/jobreport.txt *****
MonitorJobID=7_https://submit-6.t2.ucsd.edu//140616//168557.6
MonitorID=calabria_MuMinus10_Case5_ReReco_0ct8s3
ExeStart=cmsRun
***** End Cat jobreport *****
Parameters sent to Dashboard.
>>> cmsRun started at Tue Jun 17 23:28:57 UTC 2014
>>> cmsRun ended at Tue Jun 17 23:33:11 UTC 2014
>>> crab_fjr_*.xml  permission set to 0704
>>> info for dashboard:
***** Cat /home/cms011/home_cream_496463864/CREAM496463864/glide_ZItiqQ/execute/dir_30719/jobreport.txt *****
MonitorJobID=7_https://submit-6.t2.ucsd.edu//140616//168557.6
MonitorID=calabria_MuMinus10_Case5_ReReco_0ct8s3
ExeEnd=cmsRun
***** End Cat jobreport *****
Parameters sent to Dashboard.
TIME_EXE = 254 sec
>>> cmsRun wrote 50 lines of stdout+stderr
>>> START OF printout of 50 lines from stdout+stderr
271 DQMStore::DQMStore 
HcalTopologyIdealEP::HcalTopologyIdealEP
18-Jun-2014 01:29:22 CEST  Initiating request to open file file:/lustre/cms//store/user/calabria/calabria_SingleMuPt10_GEN-SIM-DIGI-RECO_CMSSW_6_2_0_SLHC12_2023Scenario_Case5/calabria_SingleMuPt10_GEN-SIM-DIGI-RECO_CMSSW_6_2_0_SLHC12_2023Scenario_Case5/b6da911bb96a528ccff7d001f1ad0373/out_reco_457_2_qFN.root
18-Jun-2014 01:29:25 CEST  Successfully opened file file:/lustre/cms//store/user/calabria/calabria_SingleMuPt10_GEN-SIM-DIGI-RECO_CMSSW_6_2_0_SLHC12_2023Scenario_Case5/calabria_SingleMuPt10_GEN-SIM-DIGI-RECO_CMSSW_6_2_0_SLHC12_2023Scenario_Case5/b6da911bb96a528ccff7d001f1ad0373/out_reco_457_2_qFN.root
18-Jun-2014 01:29:49 CEST  Closed file file:/lustre/cms//store/user/calabria/calabria_SingleMuPt10_GEN-SIM-DIGI-RECO_CMSSW_6_2_0_SLHC12_2023Scenario_Case5/calabria_SingleMuPt10_GEN-SIM-DIGI-RECO_CMSSW_6_2_0_SLHC12_2023Scenario_Case5/b6da911bb96a528ccff7d001f1ad0373/out_reco_457_2_qFN.root
18-Jun-2014 01:29:49 CEST  Initiating request to open file file:/lustre/cms//store/user/calabria/calabria_SingleMuPt10_GEN-SIM-DIGI-RECO_CMSSW_6_2_0_SLHC12_2023Scenario_Case5/calabria_SingleMuPt10_GEN-SIM-DIGI-RECO_CMSSW_6_2_0_SLHC12_2023Scenario_Case5/b6da911bb96a528ccff7d001f1ad0373/out_reco_458_2_WLo.root
18-Jun-2014 01:29:50 CEST  Successfully opened file file:/lustre/cms//store/user/calabria/calabria_SingleMuPt10_GEN-SIM-DIGI-RECO_CMSSW_6_2_0_SLHC12_2023Scenario_Case5/calabria_SingleMuPt10_GEN-SIM-DIGI-RECO_CMSSW_6_2_0_SLHC12_2023Scenario_Case5/b6da911bb96a528ccff7d001f1ad0373/out_reco_458_2_WLo.root
18-Jun-2014 01:30:10 CEST  Closed file file:/lustre/cms//store/user/calabria/calabria_SingleMuPt10_GEN-SIM-DIGI-RECO_CMSSW_6_2_0_SLHC12_2023Scenario_Case5/calabria_SingleMuPt10_GEN-SIM-DIGI-RECO_CMSSW_6_2_0_SLHC12_2023Scenario_Case5/b6da911bb96a528ccff7d001f1ad0373/out_reco_458_2_WLo.root
18-Jun-2014 01:30:10 CEST  Initiating request to open file file:/lustre/cms//store/user/calabria/calabria_SingleMuPt10_GEN-SIM-DIGI-RECO_CMSSW_6_2_0_SLHC12_2023Scenario_Case5/calabria_SingleMuPt10_GEN-SIM-DIGI-RECO_CMSSW_6_2_0_SLHC12_2023Scenario_Case5/b6da911bb96a528ccff7d001f1ad0373/out_reco_459_2_HTb.root
18-Jun-2014 01:30:10 CEST  Successfully opened file file:/lustre/cms//store/user/calabria/calabria_SingleMuPt10_GEN-SIM-DIGI-RECO_CMSSW_6_2_0_SLHC12_2023Scenario_Case5/calabria_SingleMuPt10_GEN-SIM-DIGI-RECO_CMSSW_6_2_0_SLHC12_2023Scenario_Case5/b6da911bb96a528ccff7d001f1ad0373/out_reco_459_2_HTb.root
18-Jun-2014 01:30:30 CEST  Closed file file:/lustre/cms//store/user/calabria/calabria_SingleMuPt10_GEN-SIM-DIGI-RECO_CMSSW_6_2_0_SLHC12_2023Scenario_Case5/calabria_SingleMuPt10_GEN-SIM-DIGI-RECO_CMSSW_6_2_0_SLHC12_2023Scenario_Case5/b6da911bb96a528ccff7d001f1ad0373/out_reco_459_2_HTb.root
18-Jun-2014 01:30:30 CEST  Initiating request to open file file:/lustre/cms//store/user/calabria/calabria_SingleMuPt10_GEN-SIM-DIGI-RECO_CMSSW_6_2_0_SLHC12_2023Scenario_Case5/calabria_SingleMuPt10_GEN-SIM-DIGI-RECO_CMSSW_6_2_0_SLHC12_2023Scenario_Case5/b6da911bb96a528ccff7d001f1ad0373/out_reco_463_2_ABf.root
18-Jun-2014 01:30:30 CEST  Successfully opened file file:/lustre/cms//store/user/calabria/calabria_SingleMuPt10_GEN-SIM-DIGI-RECO_CMSSW_6_2_0_SLHC12_2023Scenario_Case5/calabria_SingleMuPt10_GEN-SIM-DIGI-RECO_CMSSW_6_2_0_SLHC12_2023Scenario_Case5/b6da911bb96a528ccff7d001f1ad0373/out_reco_463_2_ABf.root
18-Jun-2014 01:30:52 CEST  Closed file file:/lustre/cms//store/user/calabria/calabria_SingleMuPt10_GEN-SIM-DIGI-RECO_CMSSW_6_2_0_SLHC12_2023Scenario_Case5/calabria_SingleMuPt10_GEN-SIM-DIGI-RECO_CMSSW_6_2_0_SLHC12_2023Scenario_Case5/b6da911bb96a528ccff7d001f1ad0373/out_reco_463_2_ABf.root
18-Jun-2014 01:30:52 CEST  Initiating request to open file file:/lustre/cms//store/user/calabria/calabria_SingleMuPt10_GEN-SIM-DIGI-RECO_CMSSW_6_2_0_SLHC12_2023Scenario_Case5/calabria_SingleMuPt10_GEN-SIM-DIGI-RECO_CMSSW_6_2_0_SLHC12_2023Scenario_Case5/b6da911bb96a528ccff7d001f1ad0373/out_reco_464_2_1JM.root
18-Jun-2014 01:30:52 CEST  Successfully opened file file:/lustre/cms//store/user/calabria/calabria_SingleMuPt10_GEN-SIM-DIGI-RECO_CMSSW_6_2_0_SLHC12_2023Scenario_Case5/calabria_SingleMuPt10_GEN-SIM-DIGI-RECO_CMSSW_6_2_0_SLHC12_2023Scenario_Case5/b6da911bb96a528ccff7d001f1ad0373/out_reco_464_2_1JM.root
18-Jun-2014 01:31:15 CEST  Closed file file:/lustre/cms//store/user/calabria/calabria_SingleMuPt10_GEN-SIM-DIGI-RECO_CMSSW_6_2_0_SLHC12_2023Scenario_Case5/calabria_SingleMuPt10_GEN-SIM-DIGI-RECO_CMSSW_6_2_0_SLHC12_2023Scenario_Case5/b6da911bb96a528ccff7d001f1ad0373/out_reco_464_2_1JM.root
18-Jun-2014 01:31:15 CEST  Initiating request to open file file:/lustre/cms//store/user/calabria/calabria_SingleMuPt10_GEN-SIM-DIGI-RECO_CMSSW_6_2_0_SLHC12_2023Scenario_Case5/calabria_SingleMuPt10_GEN-SIM-DIGI-RECO_CMSSW_6_2_0_SLHC12_2023Scenario_Case5/b6da911bb96a528ccff7d001f1ad0373/out_reco_471_2_RH1.root
18-Jun-2014 01:31:16 CEST  Successfully opened file file:/lustre/cms//store/user/calabria/calabria_SingleMuPt10_GEN-SIM-DIGI-RECO_CMSSW_6_2_0_SLHC12_2023Scenario_Case5/calabria_SingleMuPt10_GEN-SIM-DIGI-RECO_CMSSW_6_2_0_SLHC12_2023Scenario_Case5/b6da911bb96a528ccff7d001f1ad0373/out_reco_471_2_RH1.root
18-Jun-2014 01:31:37 CEST  Closed file file:/lustre/cms//store/user/calabria/calabria_SingleMuPt10_GEN-SIM-DIGI-RECO_CMSSW_6_2_0_SLHC12_2023Scenario_Case5/calabria_SingleMuPt10_GEN-SIM-DIGI-RECO_CMSSW_6_2_0_SLHC12_2023Scenario_Case5/b6da911bb96a528ccff7d001f1ad0373/out_reco_471_2_RH1.root
18-Jun-2014 01:31:37 CEST  Initiating request to open file file:/lustre/cms//store/user/calabria/calabria_SingleMuPt10_GEN-SIM-DIGI-RECO_CMSSW_6_2_0_SLHC12_2023Scenario_Case5/calabria_SingleMuPt10_GEN-SIM-DIGI-RECO_CMSSW_6_2_0_SLHC12_2023Scenario_Case5/b6da911bb96a528ccff7d001f1ad0373/out_reco_484_2_eFJ.root
18-Jun-2014 01:31:37 CEST  Successfully opened file file:/lustre/cms//store/user/calabria/calabria_SingleMuPt10_GEN-SIM-DIGI-RECO_CMSSW_6_2_0_SLHC12_2023Scenario_Case5/calabria_SingleMuPt10_GEN-SIM-DIGI-RECO_CMSSW_6_2_0_SLHC12_2023Scenario_Case5/b6da911bb96a528ccff7d001f1ad0373/out_reco_484_2_eFJ.root
18-Jun-2014 01:31:58 CEST  Closed file file:/lustre/cms//store/user/calabria/calabria_SingleMuPt10_GEN-SIM-DIGI-RECO_CMSSW_6_2_0_SLHC12_2023Scenario_Case5/calabria_SingleMuPt10_GEN-SIM-DIGI-RECO_CMSSW_6_2_0_SLHC12_2023Scenario_Case5/b6da911bb96a528ccff7d001f1ad0373/out_reco_484_2_eFJ.root
18-Jun-2014 01:31:58 CEST  Initiating request to open file file:/lustre/cms//store/user/calabria/calabria_SingleMuPt10_GEN-SIM-DIGI-RECO_CMSSW_6_2_0_SLHC12_2023Scenario_Case5/calabria_SingleMuPt10_GEN-SIM-DIGI-RECO_CMSSW_6_2_0_SLHC12_2023Scenario_Case5/b6da911bb96a528ccff7d001f1ad0373/out_reco_487_2_bzL.root
18-Jun-2014 01:31:58 CEST  Successfully opened file file:/lustre/cms//store/user/calabria/calabria_SingleMuPt10_GEN-SIM-DIGI-RECO_CMSSW_6_2_0_SLHC12_2023Scenario_Case5/calabria_SingleMuPt10_GEN-SIM-DIGI-RECO_CMSSW_6_2_0_SLHC12_2023Scenario_Case5/b6da911bb96a528ccff7d001f1ad0373/out_reco_487_2_bzL.root
18-Jun-2014 01:32:20 CEST  Closed file file:/lustre/cms//store/user/calabria/calabria_SingleMuPt10_GEN-SIM-DIGI-RECO_CMSSW_6_2_0_SLHC12_2023Scenario_Case5/calabria_SingleMuPt10_GEN-SIM-DIGI-RECO_CMSSW_6_2_0_SLHC12_2023Scenario_Case5/b6da911bb96a528ccff7d001f1ad0373/out_reco_487_2_bzL.root
18-Jun-2014 01:32:20 CEST  Initiating request to open file file:/lustre/cms//store/user/calabria/calabria_SingleMuPt10_GEN-SIM-DIGI-RECO_CMSSW_6_2_0_SLHC12_2023Scenario_Case5/calabria_SingleMuPt10_GEN-SIM-DIGI-RECO_CMSSW_6_2_0_SLHC12_2023Scenario_Case5/b6da911bb96a528ccff7d001f1ad0373/out_reco_495_2_TGs.root
18-Jun-2014 01:32:20 CEST  Successfully opened file file:/lustre/cms//store/user/calabria/calabria_SingleMuPt10_GEN-SIM-DIGI-RECO_CMSSW_6_2_0_SLHC12_2023Scenario_Case5/calabria_SingleMuPt10_GEN-SIM-DIGI-RECO_CMSSW_6_2_0_SLHC12_2023Scenario_Case5/b6da911bb96a528ccff7d001f1ad0373/out_reco_495_2_TGs.root
18-Jun-2014 01:32:42 CEST  Closed file file:/lustre/cms//store/user/calabria/calabria_SingleMuPt10_GEN-SIM-DIGI-RECO_CMSSW_6_2_0_SLHC12_2023Scenario_Case5/calabria_SingleMuPt10_GEN-SIM-DIGI-RECO_CMSSW_6_2_0_SLHC12_2023Scenario_Case5/b6da911bb96a528ccff7d001f1ad0373/out_reco_495_2_TGs.root
18-Jun-2014 01:32:42 CEST  Initiating request to open file file:/lustre/cms//store/user/calabria/calabria_SingleMuPt10_GEN-SIM-DIGI-RECO_CMSSW_6_2_0_SLHC12_2023Scenario_Case5/calabria_SingleMuPt10_GEN-SIM-DIGI-RECO_CMSSW_6_2_0_SLHC12_2023Scenario_Case5/b6da911bb96a528ccff7d001f1ad0373/out_reco_498_2_rBK.root
18-Jun-2014 01:32:42 CEST  Successfully opened file file:/lustre/cms//store/user/calabria/calabria_SingleMuPt10_GEN-SIM-DIGI-RECO_CMSSW_6_2_0_SLHC12_2023Scenario_Case5/calabria_SingleMuPt10_GEN-SIM-DIGI-RECO_CMSSW_6_2_0_SLHC12_2023Scenario_Case5/b6da911bb96a528ccff7d001f1ad0373/out_reco_498_2_rBK.root
18-Jun-2014 01:33:10 CEST  Closed file file:/lustre/cms//store/user/calabria/calabria_SingleMuPt10_GEN-SIM-DIGI-RECO_CMSSW_6_2_0_SLHC12_2023Scenario_Case5/calabria_SingleMuPt10_GEN-SIM-DIGI-RECO_CMSSW_6_2_0_SLHC12_2023Scenario_Case5/b6da911bb96a528ccff7d001f1ad0373/out_reco_498_2_rBK.root

=============================================

MessageLogger Summary

 type     category        sev    module        subroutine        count    total
 ---- -------------------- -- ---------------- ----------------  -----    -----
    1 fileAction           -s file_close                            10       10
    2 fileAction           -s file_open                             20       20

 type    category    Examples: run/evt        run/evt          run/evt
 ---- -------------------- ---------------- ---------------- ----------------
    1 fileAction           PostProcessEvent PostProcessEvent PostEndRun
    2 fileAction           pre-events       pre-events       PostProcessEvent

Severity    # Occurrences   Total Occurrences
--------    -------------   -----------------
System                 30                  30
>>> END OF printout of 50 lines from stdout+stderr
>>> Parse FrameworkJobReport crab_fjr.xml
Result of parsing the FrameworkJobReport crab_fjr.xml: Popularity start
lumisRange : 1::::1;1::::2;1::::3;1::::4;1::::5;1::::6;1::::7;1::::8;1::::9;1::::10;
lumisParentRange : 
Basename : /store/user/calabria/calabria_SingleMuPt10_GEN-SIM-DIGI-RECO_CMSSW_6_2_0_SLHC12_2023Scenario_Case5/calabria_SingleMuPt10_GEN-SIM-DIGI-RECO_CMSSW_6_2_0_SLHC12_2023Scenario_Case5/b6da911bb96a528ccff7d001f1ad0373/out_reco_4
BasenameParent : 
parentFiles : 
inputBlocks : /calabria_SingleMuPt10_GEN-SIM-DIGI-RECO_CMSSW_6_2_0_SLHC12_2023Scenario_Case5/calabria-calabria_SingleMuPt10_GEN-SIM-DIGI-RECO_CMSSW_6_2_0_SLHC12_2023Scenario_Case5-b6da911bb96a528ccff7d001f1ad0373/USER#7b58dcf0-047e-4023-bb9c-88dd3f87d783
inputFiles : 64_2_1JM.root::1::EDM::Local::1;57_2_qFN.root::1::EDM::Local::2;63_2_ABf.root::1::EDM::Local::3;98_2_rBK.root::1::EDM::Local::4;87_2_bzL.root::1::EDM::Local::5;59_2_HTb.root::1::EDM::Local::6;71_2_RH1.root::1::EDM::Local::7;95_2_TGs.root::1::EDM::Local::8;58_2_WLo.root::1::EDM::Local::9;84_2_eFJ.root::1::EDM::Local::10;
Popularity stop
Extracted ExitStatus from FrameworkJobReport parsing output: 0
>>> Executable succeded  0
ExeExitCode=0
EXECUTABLE_EXIT_STATUS = 0
>>> current directory /home/cms011/home_cream_496463864/CREAM496463864/glide_ZItiqQ/execute/dir_30719/CMSSW_6_2_0_SLHC12
>>>  (SOFTWARE_DIR): /home/cms011/home_cream_496463864/CREAM496463864/glide_ZItiqQ/execute/dir_30719/CMSSW_6_2_0_SLHC12
>>> (WORKING_DIR): 
>>> current directory content:
total 10064
drwxr-xr-x 3 cms011 cms    4096 Jun 18 01:28 .SCRAM
-rw------- 1 cms011 cms 3740110 Jun 18 01:28 CMSSW.py.pkl
drwxr-xr-x 3 cms011 cms    4096 Jun 18 01:28 bin
drwxr-xr-x 3 cms011 cms    4096 Jun 18 01:28 cfipython
drwxr-xr-x 4 cms011 cms    4096 Jun 18 01:28 config
-rw------- 1 cms011 cms      16 Jun 18 01:33 cpu_timing.txt
drwxr-xr-x 2 cms011 cms    4096 Jun 18 01:28 doc
-rw------- 1 cms011 cms    9925 Jun 18 01:33 executable.out
drwxr-xr-x 2 cms011 cms    4096 Jun 18 01:28 include
drwx------ 3 cms011 cms    4096 Apr 28 18:12 lib
drwxr-xr-x 3 cms011 cms    4096 Jun 18 01:28 logs
drwxr-xr-x 3 cms011 cms    4096 Jun 18 01:28 objs
-rw------- 1 cms011 cms     104 Jun 18 01:28 pset.py
-rw------- 1 cms011 cms 3712311 Jun 18 01:28 pset.py.pkl
-rw------- 1 cms011 cms     289 Jun 18 01:28 pset.pyc
drwxr-xr-x 2 cms011 cms    4096 Jun 18 01:28 python
-rw------- 1 cms011 cms     404 Jun 18 01:33 report.log
drwx------ 6 cms011 cms    4096 Jun 18 01:28 src
drwxr-xr-x 3 cms011 cms    4096 Jun 18 01:28 test
drwxr-xr-x 3 cms011 cms    4096 Jun 18 01:28 tmp
-rw------- 1 cms011 cms 2751993 Jun 18 01:33 validationEDM.root
>>> current directory /home/cms011/home_cream_496463864/CREAM496463864/glide_ZItiqQ/execute/dir_30719/CMSSW_6_2_0_SLHC12
>>> (SOFTWARE_DIR): /home/cms011/home_cream_496463864/CREAM496463864/glide_ZItiqQ/execute/dir_30719/CMSSW_6_2_0_SLHC12
>>> (WORKING_DIR): 
>>> current directory content:
total 10064
drwxr-xr-x 3 cms011 cms    4096 Jun 18 01:28 .SCRAM
-rw------- 1 cms011 cms 3740110 Jun 18 01:28 CMSSW.py.pkl
drwxr-xr-x 3 cms011 cms    4096 Jun 18 01:28 bin
drwxr-xr-x 3 cms011 cms    4096 Jun 18 01:28 cfipython
drwxr-xr-x 4 cms011 cms    4096 Jun 18 01:28 config
-rw------- 1 cms011 cms      16 Jun 18 01:33 cpu_timing.txt
drwxr-xr-x 2 cms011 cms    4096 Jun 18 01:28 doc
-rw------- 1 cms011 cms    9925 Jun 18 01:33 executable.out
drwxr-xr-x 2 cms011 cms    4096 Jun 18 01:28 include
drwx------ 3 cms011 cms    4096 Apr 28 18:12 lib
drwxr-xr-x 3 cms011 cms    4096 Jun 18 01:28 logs
drwxr-xr-x 3 cms011 cms    4096 Jun 18 01:28 objs
-rw------- 1 cms011 cms     104 Jun 18 01:28 pset.py
-rw------- 1 cms011 cms 3712311 Jun 18 01:28 pset.py.pkl
-rw------- 1 cms011 cms     289 Jun 18 01:28 pset.pyc
drwxr-xr-x 2 cms011 cms    4096 Jun 18 01:28 python
-rw------- 1 cms011 cms     404 Jun 18 01:33 report.log
drwx------ 6 cms011 cms    4096 Jun 18 01:28 src
drwxr-xr-x 3 cms011 cms    4096 Jun 18 01:28 test
drwxr-xr-x 3 cms011 cms    4096 Jun 18 01:28 tmp
-rw------- 1 cms011 cms 2751993 Jun 18 01:33 validationEDM_7_1_F0q.root
>>> current directory (RUNTIME_AREA):  /home/cms011/home_cream_496463864/CREAM496463864/glide_ZItiqQ/execute/dir_30719
SE = storm-se-01.ba.infn.it
SE_PATH = /srm/managerv2?SFN=//cms/store/user/calabria/calabria_SingleMuPt10_GEN-SIM-DIGI-RECO_CMSSW_6_2_0_SLHC12_2023Scenario_Case5/calabria_MuMinus10_GEN-SIM-DIGI-RECO_CMSSW_6_2_0_SLHC12_2023Scenario_VALNOPU2_Case5/5854dd31cbd3cdec44c48628cc181cf0/
LFNBaseName = /store/user/calabria/calabria_SingleMuPt10_GEN-SIM-DIGI-RECO_CMSSW_6_2_0_SLHC12_2023Scenario_Case5/calabria_MuMinus10_GEN-SIM-DIGI-RECO_CMSSW_6_2_0_SLHC12_2023Scenario_VALNOPU2_Case5/5854dd31cbd3cdec44c48628cc181cf0/
USER = calabria
endpoint = srm://storm-se-01.ba.infn.it:8444/srm/managerv2?SFN=//cms/store/user/calabria/calabria_SingleMuPt10_GEN-SIM-DIGI-RECO_CMSSW_6_2_0_SLHC12_2023Scenario_Case5/calabria_MuMinus10_GEN-SIM-DIGI-RECO_CMSSW_6_2_0_SLHC12_2023Scenario_VALNOPU2_Case5/5854dd31cbd3cdec44c48628cc181cf0/
>>> Copy output files from WN = pccms143.ba.infn.it to /srm/managerv2?SFN=//cms/store/user/calabria/calabria_SingleMuPt10_GEN-SIM-DIGI-RECO_CMSSW_6_2_0_SLHC12_2023Scenario_Case5/calabria_MuMinus10_GEN-SIM-DIGI-RECO_CMSSW_6_2_0_SLHC12_2023Scenario_VALNOPU2_Case5/5854dd31cbd3cdec44c48628cc181cf0/ :
python cmscp.py  --destination srm://storm-se-01.ba.infn.it:8444/srm/managerv2?SFN=//cms/store/user/calabria/calabria_SingleMuPt10_GEN-SIM-DIGI-RECO_CMSSW_6_2_0_SLHC12_2023Scenario_Case5/calabria_MuMinus10_GEN-SIM-DIGI-RECO_CMSSW_6_2_0_SLHC12_2023Scenario_VALNOPU2_Case5/5854dd31cbd3cdec44c48628cc181cf0/ --inputFileList /home/cms011/home_cream_496463864/CREAM496463864/glide_ZItiqQ/execute/dir_30719/CMSSW_6_2_0_SLHC12/validationEDM_7_1_F0q.root --middleware LCG --se_name storm-se-01.ba.infn.it --for_lfn /store/user/calabria/calabria_SingleMuPt10_GEN-SIM-DIGI-RECO_CMSSW_6_2_0_SLHC12_2023Scenario_Case5/calabria_MuMinus10_GEN-SIM-DIGI-RECO_CMSSW_6_2_0_SLHC12_2023Scenario_VALNOPU2_Case5/5854dd31cbd3cdec44c48628cc181cf0/    
******************************************************
localSeName  =  storm-se-01.ba.infn.it
remoteSeName =  storm-se-01.ba.infn.it
******************************************************
{"/home/cms011/home_cream_496463864/CREAM496463864/glide_ZItiqQ/execute/dir_30719/CMSSW_6_2_0_SLHC12/validationEDM_7_1_F0q.root": {"endpoint": "srm://storm-se-01.ba.infn.it:8444/srm/managerv2?SFN=//cms/store/user/calabria/calabria_SingleMuPt10_GEN-SIM-DIGI-RECO_CMSSW_6_2_0_SLHC12_2023Scenario_Case5/calabria_MuMinus10_GEN-SIM-DIGI-RECO_CMSSW_6_2_0_SLHC12_2023Scenario_VALNOPU2_Case5/5854dd31cbd3cdec44c48628cc181cf0/", "surl_for_grid": "", "reason": "Copy succedeed with srm-lcg utils", "erCode": "0", "se_name": "storm-se-01.ba.infn.it", "for_lfn": "/store/user/calabria/calabria_SingleMuPt10_GEN-SIM-DIGI-RECO_CMSSW_6_2_0_SLHC12_2023Scenario_Case5/calabria_MuMinus10_GEN-SIM-DIGI-RECO_CMSSW_6_2_0_SLHC12_2023Scenario_VALNOPU2_Case5/5854dd31cbd3cdec44c48628cc181cf0/"}}/home/cms011/home_cream_496463864/CREAM496463864/glide_ZItiqQ/execute/dir_30719
-------- cat /home/cms011/home_cream_496463864/CREAM496463864/glide_ZItiqQ/execute/dir_30719/cmscpReport.sh 
#!/bin/bash
echo "Report for File: /home/cms011/home_cream_496463864/CREAM496463864/glide_ZItiqQ/execute/dir_30719/CMSSW_6_2_0_SLHC12/validationEDM_7_1_F0q.root"
echo "LFN: /store/user/calabria/calabria_SingleMuPt10_GEN-SIM-DIGI-RECO_CMSSW_6_2_0_SLHC12_2023Scenario_Case5/calabria_MuMinus10_GEN-SIM-DIGI-RECO_CMSSW_6_2_0_SLHC12_2023Scenario_VALNOPU2_Case5/5854dd31cbd3cdec44c48628cc181cf0/validationEDM_7_1_F0q.root"
echo "StorageElement: storm-se-01.ba.infn.it"
echo "StageOutExitStatusReason = 'Copy succedeed with srm-lcg utils'" | tee -a $RUNTIME_AREA/$repo
echo "StageOutSE = storm-se-01.ba.infn.it" >> $RUNTIME_AREA/$repo

export StageOutExitStatus=0
echo "StageOutExitStatus = 0" | tee -a $RUNTIME_AREA/$repo
-------- end of /home/cms011/home_cream_496463864/CREAM496463864/glide_ZItiqQ/execute/dir_30719/cmscpReport.sh 
Report for File: /home/cms011/home_cream_496463864/CREAM496463864/glide_ZItiqQ/execute/dir_30719/CMSSW_6_2_0_SLHC12/validationEDM_7_1_F0q.root
LFN: /store/user/calabria/calabria_SingleMuPt10_GEN-SIM-DIGI-RECO_CMSSW_6_2_0_SLHC12_2023Scenario_Case5/calabria_MuMinus10_GEN-SIM-DIGI-RECO_CMSSW_6_2_0_SLHC12_2023Scenario_VALNOPU2_Case5/5854dd31cbd3cdec44c48628cc181cf0/validationEDM_7_1_F0q.root
StorageElement: storm-se-01.ba.infn.it
StageOutExitStatusReason = 'Copy succedeed with srm-lcg utils'
StageOutExitStatus = 0
>>> current dir: /home/cms011/home_cream_496463864/CREAM496463864/glide_ZItiqQ/execute/dir_30719
>>> current dir content:
total 28080
-rw-------  1 cms011 cms     2776 Jun 18 01:34 .SEinteraction.log
-rwx------  1 cms011 cms     6784 Jun 18 01:28 .job.ad
-rwx------  1 cms011 cms     9293 Jun 18 01:28 .machine.ad
-rw-------  1 cms011 cms      105 Jun 16 20:50 CMSSW.py
-rw-------  1 cms011 cms  3740110 Jun 16 20:50 CMSSW.py.pkl
-rwx------  1 cms011 cms    29556 Jun 18 01:28 CMSSW.sh
drwxr-xr-x 15 cms011 cms     4096 Jun 18 01:33 CMSSW_6_2_0_SLHC12
-rw-------  1 cms011 cms      220 Jun 18 01:28 CacheEnv.sh
-rw-------  1 cms011 cms     7291 Apr  4 11:04 DashboardAPI.py
-rw-------  1 cms011 cms     6815 Jun 18 01:28 DashboardAPI.pyc
drwx------  2 cms011 cms     4096 Jun 18 01:33 IMProv
-rw-------  1 cms011 cms     2748 Apr  4 11:04 Logger.py
-rw-------  1 cms011 cms     3347 Jun 18 01:28 Logger.pyc
-rw-------  1 cms011 cms    24524 Apr  4 11:04 ProcInfo.py
-rw-------  1 cms011 cms    23197 Jun 18 01:28 ProcInfo.pyc
drwx------  7 cms011 cms     4096 Jun 18 01:28 ProdCommon
drwx------  3 cms011 cms     4096 Jun 18 01:28 WMCore
-rw-------  1 cms011 cms     1994 Jun 18 01:33 Watchdog_7.log
-rwx------  1 cms011 cms        0 Jun 18 01:28 _condor_stderr
-rwx---r--  1 cms011 cms    29396 Jun 18 01:34 _condor_stdout
-rw-------  1 cms011 cms    32895 Apr  4 11:04 apmon.py
-rw-------  1 cms011 cms    28625 Jun 18 01:28 apmon.pyc
-rwx------  1 cms011 cms    53760 Jun 18 01:28 arguments.xml
-rwx------  1 cms011 cms    38515 Apr  4 11:04 cmscp.py
-rw-------  1 cms011 cms      716 Jun 18 01:34 cmscpReport.sh
-rwx------  1 cms011 cms    29556 Jun 18 01:28 condor_exec.exe
-rw-------  1 cms011 cms      958 Jun 16 20:50 crab.cfg
-rwx------  1 cms011 cms     8610 Apr  4 11:04 crabWatchdog.sh
-rwx---r--  1 cms011 cms   523286 Jun 18 01:33 crab_fjr_7.xml
-rwx------  1 cms011 cms 23960431 Jun 18 01:28 default.tgz
-rwx------  1 cms011 cms     4488 Apr  4 11:04 fillCrabFjr.py
-rw-------  1 cms011 cms     2629 Jun 18 01:28 inputsReport.txt
-rw-------  1 cms011 cms      259 Jun 18 01:34 jobreport.txt
-rw-------  1 cms011 cms    17352 Apr  4 11:04 parseCrabFjr.py
-rw-------  1 cms011 cms      327 Jun 18 01:28 report.log
-rwx--x--x  1 cms011 cms     1497 Apr  4 11:04 report.py
-rw-------  1 cms011 cms      771 Jun 18 01:34 resultCopyFile
lrwxrwxrwx  1 cms011 cms      125 Jun 18 01:33 validationEDM.root -> /home/cms011/home_cream_496463864/CREAM496463864/glide_ZItiqQ/execute/dir_30719/CMSSW_6_2_0_SLHC12/validationEDM_7_1_F0q.root
-rwx------  1 cms011 cms     8387 Apr  4 11:04 writeCfg.py
-rw-------  1 cms011 cms     8010 Jun 18 01:28 x509up_u50707
>>> Modify Job Report:
CMSSW_VERSION = CMSSW_6_2_0_SLHC12
ProcessedDataset = calabria_MuMinus10_GEN-SIM-DIGI-RECO_CMSSW_6_2_0_SLHC12_2023Scenario_VALNOPU2_Case5
/home/cms011/home_cream_496463864/CREAM496463864/glide_ZItiqQ/execute/dir_30719/ProdCommon/FwkJobRep/ModifyJobReport.py fjr /home/cms011/home_cream_496463864/CREAM496463864/glide_ZItiqQ/execute/dir_30719/crab_fjr_7.xml json /home/cms011/home_cream_496463864/CREAM496463864/glide_ZItiqQ/execute/dir_30719/resultCopyFile n_job 7_1_F0q PrimaryDataset calabria_SingleMuPt10_GEN-SIM-DIGI-RECO_CMSSW_6_2_0_SLHC12_2023Scenario_Case5  ApplicationFamily cmsRun ApplicationName cmsRun cmssw_version CMSSW_6_2_0_SLHC12 psethash 5854dd31cbd3cdec44c48628cc181cf0 UserProcessedDataset calabria-calabria_MuMinus10_GEN-SIM-DIGI-RECO_CMSSW_6_2_0_SLHC12_2023Scenario_VALNOPU2_Case5-5854dd31cbd3cdec44c48628cc181cf0
inputDict =  {u'/home/cms011/home_cream_496463864/CREAM496463864/glide_ZItiqQ/execute/dir_30719/CMSSW_6_2_0_SLHC12/validationEDM_7_1_F0q.root': {u'endpoint': u'srm://storm-se-01.ba.infn.it:8444/srm/managerv2?SFN=//cms/store/user/calabria/calabria_SingleMuPt10_GEN-SIM-DIGI-RECO_CMSSW_6_2_0_SLHC12_2023Scenario_Case5/calabria_MuMinus10_GEN-SIM-DIGI-RECO_CMSSW_6_2_0_SLHC12_2023Scenario_VALNOPU2_Case5/5854dd31cbd3cdec44c48628cc181cf0/', u'surl_for_grid': u'', u'reason': u'Copy succedeed with srm-lcg utils', u'erCode': u'0', u'se_name': u'storm-se-01.ba.infn.it', u'for_lfn': u'/store/user/calabria/calabria_SingleMuPt10_GEN-SIM-DIGI-RECO_CMSSW_6_2_0_SLHC12_2023Scenario_Case5/calabria_MuMinus10_GEN-SIM-DIGI-RECO_CMSSW_6_2_0_SLHC12_2023Scenario_VALNOPU2_Case5/5854dd31cbd3cdec44c48628cc181cf0/'}}
UserProcessedDataset =  calabria-calabria_MuMinus10_GEN-SIM-DIGI-RECO_CMSSW_6_2_0_SLHC12_2023Scenario_VALNOPU2_Case5-5854dd31cbd3cdec44c48628cc181cf0
file_name in inputDict =  /home/cms011/home_cream_496463864/CREAM496463864/glide_ZItiqQ/execute/dir_30719/CMSSW_6_2_0_SLHC12/validationEDM_7_1_F0q.root
(size) os.stat(filename)[6] =  2751993
checksum =  3541118540
    file =  validationEDM_7_1_F0q.root
    newPfn =  srm://storm-se-01.ba.infn.it:8444/srm/managerv2?SFN=//cms/store/user/calabria/calabria_SingleMuPt10_GEN-SIM-DIGI-RECO_CMSSW_6_2_0_SLHC12_2023Scenario_Case5/calabria_MuMinus10_GEN-SIM-DIGI-RECO_CMSSW_6_2_0_SLHC12_2023Scenario_VALNOPU2_Case5/5854dd31cbd3cdec44c48628cc181cf0/validationEDM_7_1_F0q.root
    newLfn =  /store/user/calabria/calabria_SingleMuPt10_GEN-SIM-DIGI-RECO_CMSSW_6_2_0_SLHC12_2023Scenario_Case5/calabria_MuMinus10_GEN-SIM-DIGI-RECO_CMSSW_6_2_0_SLHC12_2023Scenario_VALNOPU2_Case5/5854dd31cbd3cdec44c48628cc181cf0/validationEDM_7_1_F0q.root
>>> crab_fjr_*.xml  permission set to 0704
CrabWrapper EXIT_FUNC entered at Wed Jun 18 01:34:07 CEST 2014   -  Tue Jun 17 23:34:07 UTC 2014
Checking output files:  
will tar file crab_fjr_7.xml in  out_files_7
WARNING: output file CMSSW_7.stdout not found!
WARNING: output file CMSSW_7.stderr not found!
WARNING: output file Watchdog_7.log.gz not found!
>>> padding time: Sleeping the wrapper for 262 seconds
STOPPING WATCHDOG. CrabWatchdog PID is 4062
********** LAST 50 LINES OF WATCHDOG LOG
# RESOURCE USAGE SUMMARY FOR PROCESS ID  1196
USER       PID %CPU %MEM    VSZ   RSS TTY      STAT START   TIME COMMAND
cms011    1196  0.3  0.0   9500  1596 ?        S    01:28   0:00 /bin/sh /home/cms011/home_cream_496463864/CREAM496463864/glide_ZItiqQ/execute/dir_30719/condor_exec.exe 7 1
 
# LIMITS USED BY CRAB WATCHDOG:
# RSS  (KBytes)   : 2300000
# VSZ  (KBytes)   : 100000000
# DISK (MBytes)   : 19000
# CPU TIME        : 720h:0m:0s
# WALL CLOCK TIME : 21h:50m:0s
 
# FOLLOWING PRINTOUT TRACKS MAXIMUM VALUES OF RESOURCES USE
# ONE LINE IS PRINTED EACH TIME A MAXIMUM CHANGES
# IF CHANGE WAS IN RSS OR VSZ ALSO PROCID AND COMMAND ARE PRINTED
# THERE IS NO PRINTOUT FOR CPU/WALL TIME INCREASE
 
# TIME			PID	RSS(KB)	VSZ(KB)	Dsk(MB)	tCPU(s)	tWALL(s)	COMMAND
 Jun 18 01:28:38 CEST	1196	1596	9500	0	0	0	/bin/sh /home/cms011/home_cream_496463864/CREAM496463864/glide_ZItiqQ/execute/dir_30719/condor_exec.exe 7 1       
 Jun 18 01:28:38 CEST	3729	1596	106092	0	0	0	sh -c "./glidein_startup.sh" -v std -name v3_0 -entry CDF_IT_Bari_ce2 -clientname UCSD-v1_0.main
 Jun 18 01:28:38 CEST	3742	1776	106492	0	0	1	/bin/bash ./glidein_startup.sh -v std -name v3_0 -entry CDF_IT_Bari_ce2 -clientname UCSD-v1_0.main -schedd
 Jun 18 01:28:38 CEST	4076	43052	106492	0	1	1	edmConfigHash pset.py         
 Jun 18 01:28:38 CEST	---	43052	106492	171	----	----	----
 Jun 18 01:29:41 CEST	5016	736108	980828	171	29	64	cmsRun -j /home/cms011/home_cream_496463864/CREAM496463864/glide_ZItiqQ/execute/dir_30719/crab_fjr_7.xml -p pset.py      
 Jun 18 01:29:41 CEST	---	736108	980828	175	----	----	----
 Jun 18 01:30:43 CEST	5016	760220	1008324	175	75	127	cmsRun -j /home/cms011/home_cream_496463864/CREAM496463864/glide_ZItiqQ/execute/dir_30719/crab_fjr_7.xml -p pset.py      
 Jun 18 01:31:46 CEST	5016	767688	1019404	175	120	190	cmsRun -j /home/cms011/home_cream_496463864/CREAM496463864/glide_ZItiqQ/execute/dir_30719/crab_fjr_7.xml -p pset.py      
 Jun 18 01:33:52 CEST	---	767688	1019404	178	----	----	----
********** WATCHDOG LOG ENDED
ZIPPING WATCHDOG LOG
Disk space used:
du -sh /home/cms011/home_cream_496463864/CREAM496463864/glide_ZItiqQ/execute/dir_30719
178M	/home/cms011/home_cream_496463864/CREAM496463864/glide_ZItiqQ/execute/dir_30719
Found unusual stdout, rename for OSB
`/home/cms011/home_cream_496463864/CREAM496463864/glide_ZItiqQ/execute/dir_30719/_condor_stdout' -> `CMSSW_7.stdout'
Found unusual stderr, rename for OSB
`/home/cms011/home_cream_496463864/CREAM496463864/glide_ZItiqQ/execute/dir_30719/_condor_stdout' -> `CMSSW_7.stderr'
crab_fjr_7.xml
CMSSW_7.stdout
CMSSW_7.stderr
Watchdog_7.log.gz
Total Output dimension: 69705
WARNING: output files size limit is set to: 50000000
Total Output dimension 69705 is fine.
JOB_EXIT_STATUS = 0
>>> info for dashboard:
***** Cat /home/cms011/home_cream_496463864/CREAM496463864/glide_ZItiqQ/execute/dir_30719/jobreport.txt *****
MonitorJobID=7_https://submit-6.t2.ucsd.edu//140616//168557.6
MonitorID=calabria_MuMinus10_Case5_ReReco_0ct8s3
ExeTime=254
ExeExitCode=0
StageOutExitStatusReason = 'Copy succedeed with srm-lcg utils'
StageOutSE = storm-se-01.ba.infn.it
StageOutExitStatus = 0
CrabUserCpuTime=179.16
CrabSysCpuTime=5.03
CrabCpuPercentage=72%
CrabWrapperTime=600
CrabStageoutTime=48
JobExitCode=0
***** End Cat jobreport *****
Parameters sent to Dashboard.
EXITING at Wed Jun 18 01:39:06 CEST 2014  -  Tue Jun 17 23:39:06 UTC 2014
