This script was generated by crab (version 2.10.5_patch1).
Running /home/cms017/home_cream_340752776/CREAM340752776/glide_0IFHpk/execute/dir_2483/condor_exec.exe with 2 positional parameters: 3 1
Today is Wed Jun 18 01:29:17 CEST 2014 - Tue Jun 17 23:29:17 UTC 2014
Job submitted on host pccms116.ba.infn.it
Linux pccms116.ba.infn.it 2.6.32-358.23.2.el6.x86_64 #1 SMP Thu Oct 17 10:27:22 CEST 2013 x86_64 x86_64 x86_64 GNU/Linux
>>> current directory (RUNTIME_AREA): /home/cms017/home_cream_340752776/CREAM340752776/glide_0IFHpk/execute/dir_2483
>>> current user: uid=11830(cms017) gid=1399(cms) groups=1399(cms)
>>> directory permission set to 0700
>>> umask set to:  u=rwx,g=,o=
>>> stdout stderr permission set to 0704
>>> voms proxy information:
subject   : /C=IT/O=INFN/OU=Personal Certificate/L=Bari/CN=Cesare Calabria/CN=477126703/CN=1689783847
issuer    : /C=IT/O=INFN/OU=Personal Certificate/L=Bari/CN=Cesare Calabria/CN=477126703
identity  : /C=IT/O=INFN/OU=Personal Certificate/L=Bari/CN=Cesare Calabria
type      : RFC3820 compliant limited proxy
strength  : 1024
path      : /home/cms017/home_cream_340752776/CREAM340752776/glide_0IFHpk/execute/dir_2483/x509up_u50707
timeleft  : 23:57:53
key usage : Digital Signature, Key Encipherment, Data Encipherment
=== VO cms extension information ===
VO        : cms
subject   : /C=IT/O=INFN/OU=Personal Certificate/L=Bari/CN=Cesare Calabria
issuer    : /DC=ch/DC=cern/OU=computers/CN=voms.cern.ch
attribute : /cms/Role=NULL/Capability=NULL
attribute : /cms/itcms/Role=NULL/Capability=NULL
timeleft  : 153:55:02
uri       : voms.cern.ch:15002

WNHostName=pccms116.ba.infn.it
>>> tar --no-same-permissions -xf /home/cms017/home_cream_340752776/CREAM340752776/glide_0IFHpk/execute/dir_2483/default.tgz :
Successful untar
>>> Include /home/cms017/home_cream_340752776/CREAM340752776/glide_0IFHpk/execute/dir_2483 in PYTHONPATH:
strip arguments
env var CRAB_UNIQUE_JOB_ID set to: calabria_MuMinus10_Case5_ReReco_0ct8s3_3_1_EOu
out_files_3
>>> list of expected files on output sandbox
output files: crab_fjr_3.xml CMSSW_3.stdout CMSSW_3.stderr Watchdog_3.log.gz
>>> GridFlavour discovery: 
GridFlavour=LCG
>>> SyncSite discovery: 
SyncSite=T2_IT_Bari
>>> SyncCE discovery: 
getting SyncCE from CE_ID
SyncCE=cream-ce-2.ba.infn.it:8443/cream-pbs-long
>>> info for dashboard:
***** Cat /home/cms017/home_cream_340752776/CREAM340752776/glide_0IFHpk/execute/dir_2483/jobreport.txt *****
WNHostName=pccms116.ba.infn.it
MonitorJobID=3_https://submit-6.t2.ucsd.edu//140616//168557.2
SyncGridJobId=https://submit-6.t2.ucsd.edu//140616//168557.2
MonitorID=calabria_MuMinus10_Case5_ReReco_0ct8s3
GridFlavour=LCG
SyncSite=T2_IT_Bari
SyncCE=cream-ce-2.ba.infn.it:8443/cream-pbs-long
***** End Cat jobreport *****
Parameters sent to Dashboard.
>>> setup environment
set SCRAM ARCH to slc5_amd64_gcc472
SCRAM_ARCH = slc5_amd64_gcc472
>>> setup CMS LCG environment:
set SCRAM ARCH and BUILD_ARCH to slc5_amd64_gcc472 ###
Sourcing environment... 
sourcing /cvmfs/cms.cern.ch/cmsset_default.sh
==> setup cms environment ok
>>> specific cmssw setup environment:
CMSSW_VERSION =  CMSSW_6_2_0_SLHC12
>>> current directory (SOFTWARE_DIR): /home/cms017/home_cream_340752776/CREAM340752776/glide_0IFHpk/execute/dir_2483/CMSSW_6_2_0_SLHC12
PreserveSeeds: <>
IncrementSeeds:<>
>>> info for dashboard:
***** Cat /home/cms017/home_cream_340752776/CREAM340752776/glide_0IFHpk/execute/dir_2483/jobreport.txt *****
MonitorJobID=3_https://submit-6.t2.ucsd.edu//140616//168557.2
MonitorID=calabria_MuMinus10_Case5_ReReco_0ct8s3
***** End Cat jobreport *****
Parameters sent to Dashboard.
crabWatchdog started as process 5571
>>> moving CMSSW software directories in /home/cms017/home_cream_340752776/CREAM340752776/glide_0IFHpk/execute/dir_2483/CMSSW_6_2_0_SLHC12
mv: cannot stat `/home/cms017/home_cream_340752776/CREAM340752776/glide_0IFHpk/execute/dir_2483/module/': No such file or directory
>>> Include /home/cms017/home_cream_340752776/CREAM340752776/glide_0IFHpk/execute/dir_2483 in PYTHONPATH:
PYTHONPATH=/home/cms017/home_cream_340752776/CREAM340752776/glide_0IFHpk/execute/dir_2483/:/home/cms017/home_cream_340752776/CREAM340752776/glide_0IFHpk/execute/dir_2483/CMSSW_6_2_0_SLHC12/python:/home/cms017/home_cream_340752776/CREAM340752776/glide_0IFHpk/execute/dir_2483/CMSSW_6_2_0_SLHC12/lib/slc5_amd64_gcc472:/cvmfs/cms.cern.ch/slc5_amd64_gcc472/cms/cmssw/CMSSW_6_2_0_SLHC12/python:/cvmfs/cms.cern.ch/slc5_amd64_gcc472/cms/cmssw/CMSSW_6_2_0_SLHC12/lib/slc5_amd64_gcc472:/cvmfs/cms.cern.ch/slc5_amd64_gcc472/cms/coral/CORAL_2_3_21-cms36/slc5_amd64_gcc472/python:/cvmfs/cms.cern.ch/slc5_amd64_gcc472/cms/coral/CORAL_2_3_21-cms36/slc5_amd64_gcc472/lib:/cvmfs/cms.cern.ch/slc5_amd64_gcc472/external/pyqt/4.8.1-cms6/lib/python2.7/site-packages:/cvmfs/cms.cern.ch/slc5_amd64_gcc472/external/py2-scipy/0.8.0-cms8/lib/python2.7/site-packages:/cvmfs/cms.cern.ch/slc5_amd64_gcc472/external/py2-matplotlib/1.0.1-cms8/lib/python2.7/site-packages:/cvmfs/cms.cern.ch/slc5_amd64_gcc472/external/python-ldap/2.3.5-cms6/lib/python2.7/site-packages:/cvmfs/cms.cern.ch/slc5_amd64_gcc472/external/sip/4.11.2-cms6/lib/python2.7/site-packages:/cvmfs/cms.cern.ch/slc5_amd64_gcc472/external/py2-pycurl/7.19.0-cms8/lib/python2.7/site-packages:/cvmfs/cms.cern.ch/slc5_amd64_gcc472/external/py2-numpy/1.6.1-cms8/lib/python2.7/site-packages:/cvmfs/cms.cern.ch/slc5_amd64_gcc472/external/py2-lint/0.25.1-cms6/lib/python2.7/site-packages:/cvmfs/cms.cern.ch/slc5_amd64_gcc472/external/py2-ipython/0.10-cms6/lib/python2.7/site-packages:/cvmfs/cms.cern.ch/slc5_amd64_gcc472/external/py2-cx-oracle/5.1-cms7/lib/python2.7/site-packages:/cvmfs/cms.cern.ch/slc5_amd64_gcc472/external/py2-cjson/1.0.5-cms6/lib/python2.7/site-packages:/cvmfs/cms.cern.ch/slc5_amd64_gcc472/cms/das-client/1.11.7/bin:/cvmfs/cms.cern.ch/slc5_amd64_gcc472/external/elementtree/1.2.6-cms6/share/lib/python2.7/site-packages:/cvmfs/cms.cern.ch/slc5_amd64_gcc472/external/rivet/1.8.2-cms8/lib/python2.7/site-packages:/cvmfs/cms.cern.ch/slc5_amd64_gcc472/external/pyminuit2/0.0.1-cms19/lib/python2.7/site-packages:/cvmfs/cms.cern.ch/slc5_amd64_gcc472/external/py2-pygithub/1.23.0/lib/python2.7/site-packages:/cvmfs/cms.cern.ch/slc5_amd64_gcc472/external/professor/1.0.0-cms19/lib/python2.7/site-packages:/cvmfs/cms.cern.ch/slc5_amd64_gcc472/lcg/root/5.34.07-cms/lib:/cvmfs/cms.cern.ch/slc5_amd64_gcc472/cms/dbs-client/DBS_2_1_9-cms5/lib:/cvmfs/cms.cern.ch/slc5_amd64_gcc472/cms/dbs-client/DBS_2_1_9-cms5/lib/DBSAPI:/cvmfs/cms.cern.ch/slc5_amd64_gcc472/external/cvs2git/5419-cms/lib:/home/cms017/home_cream_340752776/CREAM340752776/glide_0IFHpk/execute/dir_2483/
 
# LIMITS USED BY CRAB WATCHDOG:
# RSS  (KBytes)   : 2300000
# VSZ  (KBytes)   : 100000000
# DISK (MBytes)   : 19000
# CPU TIME        : 720h:0m:0s
# WALL CLOCK TIME : 21h:50m:0s
 
5854dd31cbd3cdec44c48628cc181cf0
PSETHASH = 5854dd31cbd3cdec44c48628cc181cf0
/home/cms017/home_cream_340752776/CREAM340752776/glide_0IFHpk/execute/dir_2483/writeCfg.py pset.py pset.py
Importing .py file
Setting parameters
RandomNumberGeneratorService found, will attempt to change seeds
inputBlocks=/calabria_SingleMuPt10_GEN-SIM-DIGI-RECO_CMSSW_6_2_0_SLHC12_2023Scenario_Case5/calabria-calabria_SingleMuPt10_GEN-SIM-DIGI-RECO_CMSSW_6_2_0_SLHC12_2023Scenario_Case5-b6da911bb96a528ccff7d001f1ad0373/USER#7b58dcf0-047e-4023-bb9c-88dd3f87d783
inputFiles=/store/user/calabria/calabria_SingleMuPt10_GEN-SIM-DIGI-RECO_CMSSW_6_2_0_SLHC12_2023Scenario_Case5/calabria_SingleMuPt10_GEN-SIM-DIGI-RECO_CMSSW_6_2_0_SLHC12_2023Scenario_Case5/b6da911bb96a528ccff7d001f1ad0373/out_reco_189_2_sOR.root;/store/user/calabria/calabria_SingleMuPt10_GEN-SIM-DIGI-RECO_CMSSW_6_2_0_SLHC12_2023Scenario_Case5/calabria_SingleMuPt10_GEN-SIM-DIGI-RECO_CMSSW_6_2_0_SLHC12_2023Scenario_Case5/b6da911bb96a528ccff7d001f1ad0373/out_reco_194_2_lEl.root;/store/user/calabria/calabria_SingleMuPt10_GEN-SIM-DIGI-RECO_CMSSW_6_2_0_SLHC12_2023Scenario_Case5/calabria_SingleMuPt10_GEN-SIM-DIGI-RECO_CMSSW_6_2_0_SLHC12_2023Scenario_Case5/b6da911bb96a528ccff7d001f1ad0373/out_reco_209_2_wNq.root;/store/user/calabria/calabria_SingleMuPt10_GEN-SIM-DIGI-RECO_CMSSW_6_2_0_SLHC12_2023Scenario_Case5/calabria_SingleMuPt10_GEN-SIM-DIGI-RECO_CMSSW_6_2_0_SLHC12_2023Scenario_Case5/b6da911bb96a528ccff7d001f1ad0373/out_reco_214_2_47z.root;/store/user/calabria/calabria_SingleMuPt10_GEN-SIM-DIGI-RECO_CMSSW_6_2_0_SLHC12_2023Scenario_Case5/calabria_SingleMuPt10_GEN-SIM-DIGI-RECO_CMSSW_6_2_0_SLHC12_2023Scenario_Case5/b6da911bb96a528ccff7d001f1ad0373/out_reco_247_2_Ard.root;/store/user/calabria/calabria_SingleMuPt10_GEN-SIM-DIGI-RECO_CMSSW_6_2_0_SLHC12_2023Scenario_Case5/calabria_SingleMuPt10_GEN-SIM-DIGI-RECO_CMSSW_6_2_0_SLHC12_2023Scenario_Case5/b6da911bb96a528ccff7d001f1ad0373/out_reco_248_2_enA.root;/store/user/calabria/calabria_SingleMuPt10_GEN-SIM-DIGI-RECO_CMSSW_6_2_0_SLHC12_2023Scenario_Case5/calabria_SingleMuPt10_GEN-SIM-DIGI-RECO_CMSSW_6_2_0_SLHC12_2023Scenario_Case5/b6da911bb96a528ccff7d001f1ad0373/out_reco_249_2_p6F.root;/store/user/calabria/calabria_SingleMuPt10_GEN-SIM-DIGI-RECO_CMSSW_6_2_0_SLHC12_2023Scenario_Case5/calabria_SingleMuPt10_GEN-SIM-DIGI-RECO_CMSSW_6_2_0_SLHC12_2023Scenario_Case5/b6da911bb96a528ccff7d001f1ad0373/out_reco_250_2_xm4.root;/store/user/calabria/calabria_SingleMuPt10_GEN-SIM-DIGI-RECO_CMSSW_6_2_0_SLHC12_2023Scenario_Case5/calabria_SingleMuPt10_GEN-SIM-DIGI-RECO_CMSSW_6_2_0_SLHC12_2023Scenario_Case5/b6da911bb96a528ccff7d001f1ad0373/out_reco_252_2_Ga5.root;/store/user/calabria/calabria_SingleMuPt10_GEN-SIM-DIGI-RECO_CMSSW_6_2_0_SLHC12_2023Scenario_Case5/calabria_SingleMuPt10_GEN-SIM-DIGI-RECO_CMSSW_6_2_0_SLHC12_2023Scenario_Case5/b6da911bb96a528ccff7d001f1ad0373/out_reco_253_2_mpL.root
parentFiles=
lumisRange=
>>> Executable cmsRun
/cvmfs/cms.cern.ch/slc5_amd64_gcc472/cms/cmssw/CMSSW_6_2_0_SLHC12/bin/slc5_amd64_gcc472/cmsRun
ok executable found
>>> info for dashboard:
***** Cat /home/cms017/home_cream_340752776/CREAM340752776/glide_0IFHpk/execute/dir_2483/jobreport.txt *****
MonitorJobID=3_https://submit-6.t2.ucsd.edu//140616//168557.2
MonitorID=calabria_MuMinus10_Case5_ReReco_0ct8s3
ExeStart=cmsRun
***** End Cat jobreport *****
Parameters sent to Dashboard.
>>> cmsRun started at Tue Jun 17 23:29:48 UTC 2014
>>> cmsRun ended at Tue Jun 17 23:38:48 UTC 2014
>>> crab_fjr_*.xml  permission set to 0704
>>> info for dashboard:
***** Cat /home/cms017/home_cream_340752776/CREAM340752776/glide_0IFHpk/execute/dir_2483/jobreport.txt *****
MonitorJobID=3_https://submit-6.t2.ucsd.edu//140616//168557.2
MonitorID=calabria_MuMinus10_Case5_ReReco_0ct8s3
ExeEnd=cmsRun
***** End Cat jobreport *****
Parameters sent to Dashboard.
TIME_EXE = 540 sec
>>> cmsRun wrote 50 lines of stdout+stderr
>>> START OF printout of 50 lines from stdout+stderr
271 DQMStore::DQMStore 
HcalTopologyIdealEP::HcalTopologyIdealEP
18-Jun-2014 01:30:24 CEST  Initiating request to open file file:/lustre/cms//store/user/calabria/calabria_SingleMuPt10_GEN-SIM-DIGI-RECO_CMSSW_6_2_0_SLHC12_2023Scenario_Case5/calabria_SingleMuPt10_GEN-SIM-DIGI-RECO_CMSSW_6_2_0_SLHC12_2023Scenario_Case5/b6da911bb96a528ccff7d001f1ad0373/out_reco_189_2_sOR.root
18-Jun-2014 01:30:28 CEST  Successfully opened file file:/lustre/cms//store/user/calabria/calabria_SingleMuPt10_GEN-SIM-DIGI-RECO_CMSSW_6_2_0_SLHC12_2023Scenario_Case5/calabria_SingleMuPt10_GEN-SIM-DIGI-RECO_CMSSW_6_2_0_SLHC12_2023Scenario_Case5/b6da911bb96a528ccff7d001f1ad0373/out_reco_189_2_sOR.root
18-Jun-2014 01:31:37 CEST  Closed file file:/lustre/cms//store/user/calabria/calabria_SingleMuPt10_GEN-SIM-DIGI-RECO_CMSSW_6_2_0_SLHC12_2023Scenario_Case5/calabria_SingleMuPt10_GEN-SIM-DIGI-RECO_CMSSW_6_2_0_SLHC12_2023Scenario_Case5/b6da911bb96a528ccff7d001f1ad0373/out_reco_189_2_sOR.root
18-Jun-2014 01:31:37 CEST  Initiating request to open file file:/lustre/cms//store/user/calabria/calabria_SingleMuPt10_GEN-SIM-DIGI-RECO_CMSSW_6_2_0_SLHC12_2023Scenario_Case5/calabria_SingleMuPt10_GEN-SIM-DIGI-RECO_CMSSW_6_2_0_SLHC12_2023Scenario_Case5/b6da911bb96a528ccff7d001f1ad0373/out_reco_194_2_lEl.root
18-Jun-2014 01:31:37 CEST  Successfully opened file file:/lustre/cms//store/user/calabria/calabria_SingleMuPt10_GEN-SIM-DIGI-RECO_CMSSW_6_2_0_SLHC12_2023Scenario_Case5/calabria_SingleMuPt10_GEN-SIM-DIGI-RECO_CMSSW_6_2_0_SLHC12_2023Scenario_Case5/b6da911bb96a528ccff7d001f1ad0373/out_reco_194_2_lEl.root
18-Jun-2014 01:32:15 CEST  Closed file file:/lustre/cms//store/user/calabria/calabria_SingleMuPt10_GEN-SIM-DIGI-RECO_CMSSW_6_2_0_SLHC12_2023Scenario_Case5/calabria_SingleMuPt10_GEN-SIM-DIGI-RECO_CMSSW_6_2_0_SLHC12_2023Scenario_Case5/b6da911bb96a528ccff7d001f1ad0373/out_reco_194_2_lEl.root
18-Jun-2014 01:32:15 CEST  Initiating request to open file file:/lustre/cms//store/user/calabria/calabria_SingleMuPt10_GEN-SIM-DIGI-RECO_CMSSW_6_2_0_SLHC12_2023Scenario_Case5/calabria_SingleMuPt10_GEN-SIM-DIGI-RECO_CMSSW_6_2_0_SLHC12_2023Scenario_Case5/b6da911bb96a528ccff7d001f1ad0373/out_reco_209_2_wNq.root
18-Jun-2014 01:32:15 CEST  Successfully opened file file:/lustre/cms//store/user/calabria/calabria_SingleMuPt10_GEN-SIM-DIGI-RECO_CMSSW_6_2_0_SLHC12_2023Scenario_Case5/calabria_SingleMuPt10_GEN-SIM-DIGI-RECO_CMSSW_6_2_0_SLHC12_2023Scenario_Case5/b6da911bb96a528ccff7d001f1ad0373/out_reco_209_2_wNq.root
18-Jun-2014 01:33:01 CEST  Closed file file:/lustre/cms//store/user/calabria/calabria_SingleMuPt10_GEN-SIM-DIGI-RECO_CMSSW_6_2_0_SLHC12_2023Scenario_Case5/calabria_SingleMuPt10_GEN-SIM-DIGI-RECO_CMSSW_6_2_0_SLHC12_2023Scenario_Case5/b6da911bb96a528ccff7d001f1ad0373/out_reco_209_2_wNq.root
18-Jun-2014 01:33:01 CEST  Initiating request to open file file:/lustre/cms//store/user/calabria/calabria_SingleMuPt10_GEN-SIM-DIGI-RECO_CMSSW_6_2_0_SLHC12_2023Scenario_Case5/calabria_SingleMuPt10_GEN-SIM-DIGI-RECO_CMSSW_6_2_0_SLHC12_2023Scenario_Case5/b6da911bb96a528ccff7d001f1ad0373/out_reco_214_2_47z.root
18-Jun-2014 01:33:03 CEST  Successfully opened file file:/lustre/cms//store/user/calabria/calabria_SingleMuPt10_GEN-SIM-DIGI-RECO_CMSSW_6_2_0_SLHC12_2023Scenario_Case5/calabria_SingleMuPt10_GEN-SIM-DIGI-RECO_CMSSW_6_2_0_SLHC12_2023Scenario_Case5/b6da911bb96a528ccff7d001f1ad0373/out_reco_214_2_47z.root
18-Jun-2014 01:33:59 CEST  Closed file file:/lustre/cms//store/user/calabria/calabria_SingleMuPt10_GEN-SIM-DIGI-RECO_CMSSW_6_2_0_SLHC12_2023Scenario_Case5/calabria_SingleMuPt10_GEN-SIM-DIGI-RECO_CMSSW_6_2_0_SLHC12_2023Scenario_Case5/b6da911bb96a528ccff7d001f1ad0373/out_reco_214_2_47z.root
18-Jun-2014 01:33:59 CEST  Initiating request to open file file:/lustre/cms//store/user/calabria/calabria_SingleMuPt10_GEN-SIM-DIGI-RECO_CMSSW_6_2_0_SLHC12_2023Scenario_Case5/calabria_SingleMuPt10_GEN-SIM-DIGI-RECO_CMSSW_6_2_0_SLHC12_2023Scenario_Case5/b6da911bb96a528ccff7d001f1ad0373/out_reco_247_2_Ard.root
18-Jun-2014 01:33:59 CEST  Successfully opened file file:/lustre/cms//store/user/calabria/calabria_SingleMuPt10_GEN-SIM-DIGI-RECO_CMSSW_6_2_0_SLHC12_2023Scenario_Case5/calabria_SingleMuPt10_GEN-SIM-DIGI-RECO_CMSSW_6_2_0_SLHC12_2023Scenario_Case5/b6da911bb96a528ccff7d001f1ad0373/out_reco_247_2_Ard.root
18-Jun-2014 01:35:05 CEST  Closed file file:/lustre/cms//store/user/calabria/calabria_SingleMuPt10_GEN-SIM-DIGI-RECO_CMSSW_6_2_0_SLHC12_2023Scenario_Case5/calabria_SingleMuPt10_GEN-SIM-DIGI-RECO_CMSSW_6_2_0_SLHC12_2023Scenario_Case5/b6da911bb96a528ccff7d001f1ad0373/out_reco_247_2_Ard.root
18-Jun-2014 01:35:05 CEST  Initiating request to open file file:/lustre/cms//store/user/calabria/calabria_SingleMuPt10_GEN-SIM-DIGI-RECO_CMSSW_6_2_0_SLHC12_2023Scenario_Case5/calabria_SingleMuPt10_GEN-SIM-DIGI-RECO_CMSSW_6_2_0_SLHC12_2023Scenario_Case5/b6da911bb96a528ccff7d001f1ad0373/out_reco_248_2_enA.root
18-Jun-2014 01:35:06 CEST  Successfully opened file file:/lustre/cms//store/user/calabria/calabria_SingleMuPt10_GEN-SIM-DIGI-RECO_CMSSW_6_2_0_SLHC12_2023Scenario_Case5/calabria_SingleMuPt10_GEN-SIM-DIGI-RECO_CMSSW_6_2_0_SLHC12_2023Scenario_Case5/b6da911bb96a528ccff7d001f1ad0373/out_reco_248_2_enA.root
18-Jun-2014 01:36:09 CEST  Closed file file:/lustre/cms//store/user/calabria/calabria_SingleMuPt10_GEN-SIM-DIGI-RECO_CMSSW_6_2_0_SLHC12_2023Scenario_Case5/calabria_SingleMuPt10_GEN-SIM-DIGI-RECO_CMSSW_6_2_0_SLHC12_2023Scenario_Case5/b6da911bb96a528ccff7d001f1ad0373/out_reco_248_2_enA.root
18-Jun-2014 01:36:09 CEST  Initiating request to open file file:/lustre/cms//store/user/calabria/calabria_SingleMuPt10_GEN-SIM-DIGI-RECO_CMSSW_6_2_0_SLHC12_2023Scenario_Case5/calabria_SingleMuPt10_GEN-SIM-DIGI-RECO_CMSSW_6_2_0_SLHC12_2023Scenario_Case5/b6da911bb96a528ccff7d001f1ad0373/out_reco_249_2_p6F.root
18-Jun-2014 01:36:10 CEST  Successfully opened file file:/lustre/cms//store/user/calabria/calabria_SingleMuPt10_GEN-SIM-DIGI-RECO_CMSSW_6_2_0_SLHC12_2023Scenario_Case5/calabria_SingleMuPt10_GEN-SIM-DIGI-RECO_CMSSW_6_2_0_SLHC12_2023Scenario_Case5/b6da911bb96a528ccff7d001f1ad0373/out_reco_249_2_p6F.root
18-Jun-2014 01:37:03 CEST  Closed file file:/lustre/cms//store/user/calabria/calabria_SingleMuPt10_GEN-SIM-DIGI-RECO_CMSSW_6_2_0_SLHC12_2023Scenario_Case5/calabria_SingleMuPt10_GEN-SIM-DIGI-RECO_CMSSW_6_2_0_SLHC12_2023Scenario_Case5/b6da911bb96a528ccff7d001f1ad0373/out_reco_249_2_p6F.root
18-Jun-2014 01:37:03 CEST  Initiating request to open file file:/lustre/cms//store/user/calabria/calabria_SingleMuPt10_GEN-SIM-DIGI-RECO_CMSSW_6_2_0_SLHC12_2023Scenario_Case5/calabria_SingleMuPt10_GEN-SIM-DIGI-RECO_CMSSW_6_2_0_SLHC12_2023Scenario_Case5/b6da911bb96a528ccff7d001f1ad0373/out_reco_250_2_xm4.root
18-Jun-2014 01:37:04 CEST  Successfully opened file file:/lustre/cms//store/user/calabria/calabria_SingleMuPt10_GEN-SIM-DIGI-RECO_CMSSW_6_2_0_SLHC12_2023Scenario_Case5/calabria_SingleMuPt10_GEN-SIM-DIGI-RECO_CMSSW_6_2_0_SLHC12_2023Scenario_Case5/b6da911bb96a528ccff7d001f1ad0373/out_reco_250_2_xm4.root
18-Jun-2014 01:37:37 CEST  Closed file file:/lustre/cms//store/user/calabria/calabria_SingleMuPt10_GEN-SIM-DIGI-RECO_CMSSW_6_2_0_SLHC12_2023Scenario_Case5/calabria_SingleMuPt10_GEN-SIM-DIGI-RECO_CMSSW_6_2_0_SLHC12_2023Scenario_Case5/b6da911bb96a528ccff7d001f1ad0373/out_reco_250_2_xm4.root
18-Jun-2014 01:37:37 CEST  Initiating request to open file file:/lustre/cms//store/user/calabria/calabria_SingleMuPt10_GEN-SIM-DIGI-RECO_CMSSW_6_2_0_SLHC12_2023Scenario_Case5/calabria_SingleMuPt10_GEN-SIM-DIGI-RECO_CMSSW_6_2_0_SLHC12_2023Scenario_Case5/b6da911bb96a528ccff7d001f1ad0373/out_reco_252_2_Ga5.root
18-Jun-2014 01:37:37 CEST  Successfully opened file file:/lustre/cms//store/user/calabria/calabria_SingleMuPt10_GEN-SIM-DIGI-RECO_CMSSW_6_2_0_SLHC12_2023Scenario_Case5/calabria_SingleMuPt10_GEN-SIM-DIGI-RECO_CMSSW_6_2_0_SLHC12_2023Scenario_Case5/b6da911bb96a528ccff7d001f1ad0373/out_reco_252_2_Ga5.root
18-Jun-2014 01:38:03 CEST  Closed file file:/lustre/cms//store/user/calabria/calabria_SingleMuPt10_GEN-SIM-DIGI-RECO_CMSSW_6_2_0_SLHC12_2023Scenario_Case5/calabria_SingleMuPt10_GEN-SIM-DIGI-RECO_CMSSW_6_2_0_SLHC12_2023Scenario_Case5/b6da911bb96a528ccff7d001f1ad0373/out_reco_252_2_Ga5.root
18-Jun-2014 01:38:03 CEST  Initiating request to open file file:/lustre/cms//store/user/calabria/calabria_SingleMuPt10_GEN-SIM-DIGI-RECO_CMSSW_6_2_0_SLHC12_2023Scenario_Case5/calabria_SingleMuPt10_GEN-SIM-DIGI-RECO_CMSSW_6_2_0_SLHC12_2023Scenario_Case5/b6da911bb96a528ccff7d001f1ad0373/out_reco_253_2_mpL.root
18-Jun-2014 01:38:03 CEST  Successfully opened file file:/lustre/cms//store/user/calabria/calabria_SingleMuPt10_GEN-SIM-DIGI-RECO_CMSSW_6_2_0_SLHC12_2023Scenario_Case5/calabria_SingleMuPt10_GEN-SIM-DIGI-RECO_CMSSW_6_2_0_SLHC12_2023Scenario_Case5/b6da911bb96a528ccff7d001f1ad0373/out_reco_253_2_mpL.root
18-Jun-2014 01:38:47 CEST  Closed file file:/lustre/cms//store/user/calabria/calabria_SingleMuPt10_GEN-SIM-DIGI-RECO_CMSSW_6_2_0_SLHC12_2023Scenario_Case5/calabria_SingleMuPt10_GEN-SIM-DIGI-RECO_CMSSW_6_2_0_SLHC12_2023Scenario_Case5/b6da911bb96a528ccff7d001f1ad0373/out_reco_253_2_mpL.root

=============================================

MessageLogger Summary

 type     category        sev    module        subroutine        count    total
 ---- -------------------- -- ---------------- ----------------  -----    -----
    1 fileAction           -s file_close                            10       10
    2 fileAction           -s file_open                             20       20

 type    category    Examples: run/evt        run/evt          run/evt
 ---- -------------------- ---------------- ---------------- ----------------
    1 fileAction           PostProcessEvent PostProcessEvent PostEndRun
    2 fileAction           pre-events       pre-events       PostProcessEvent

Severity    # Occurrences   Total Occurrences
--------    -------------   -----------------
System                 30                  30
>>> END OF printout of 50 lines from stdout+stderr
>>> Parse FrameworkJobReport crab_fjr.xml
Result of parsing the FrameworkJobReport crab_fjr.xml: Popularity start
lumisRange : 1::::1;1::::2;1::::3;1::::4;1::::5;1::::6;1::::7;1::::8;1::::9;1::::10;
lumisParentRange : 
Basename : /store/user/calabria/calabria_SingleMuPt10_GEN-SIM-DIGI-RECO_CMSSW_6_2_0_SLHC12_2023Scenario_Case5/calabria_SingleMuPt10_GEN-SIM-DIGI-RECO_CMSSW_6_2_0_SLHC12_2023Scenario_Case5/b6da911bb96a528ccff7d001f1ad0373/out_reco_
BasenameParent : 
parentFiles : 
inputBlocks : /calabria_SingleMuPt10_GEN-SIM-DIGI-RECO_CMSSW_6_2_0_SLHC12_2023Scenario_Case5/calabria-calabria_SingleMuPt10_GEN-SIM-DIGI-RECO_CMSSW_6_2_0_SLHC12_2023Scenario_Case5-b6da911bb96a528ccff7d001f1ad0373/USER#7b58dcf0-047e-4023-bb9c-88dd3f87d783
inputFiles : 250_2_xm4.root::1::EDM::Local::1;194_2_lEl.root::1::EDM::Local::2;214_2_47z.root::1::EDM::Local::3;248_2_enA.root::1::EDM::Local::4;247_2_Ard.root::1::EDM::Local::5;253_2_mpL.root::1::EDM::Local::6;252_2_Ga5.root::1::EDM::Local::7;189_2_sOR.root::1::EDM::Local::8;249_2_p6F.root::1::EDM::Local::9;209_2_wNq.root::1::EDM::Local::10;
Popularity stop
Extracted ExitStatus from FrameworkJobReport parsing output: 0
>>> Executable succeded  0
ExeExitCode=0
EXECUTABLE_EXIT_STATUS = 0
>>> current directory /home/cms017/home_cream_340752776/CREAM340752776/glide_0IFHpk/execute/dir_2483/CMSSW_6_2_0_SLHC12
>>>  (SOFTWARE_DIR): /home/cms017/home_cream_340752776/CREAM340752776/glide_0IFHpk/execute/dir_2483/CMSSW_6_2_0_SLHC12
>>> (WORKING_DIR): 
>>> current directory content:
total 10080
drwxr-xr-x 3 cms017 cms    4096 Jun 18 01:29 .SCRAM
-rw------- 1 cms017 cms 3740110 Jun 18 01:29 CMSSW.py.pkl
drwxr-xr-x 3 cms017 cms    4096 Jun 18 01:29 bin
drwxr-xr-x 3 cms017 cms    4096 Jun 18 01:29 cfipython
drwxr-xr-x 4 cms017 cms    4096 Jun 18 01:29 config
-rw------- 1 cms017 cms      17 Jun 18 01:38 cpu_timing.txt
drwxr-xr-x 2 cms017 cms    4096 Jun 18 01:29 doc
-rw------- 1 cms017 cms    9925 Jun 18 01:38 executable.out
drwxr-xr-x 2 cms017 cms    4096 Jun 18 01:29 include
drwx------ 3 cms017 cms    4096 Apr 28 18:12 lib
drwxr-xr-x 3 cms017 cms    4096 Jun 18 01:29 logs
drwxr-xr-x 3 cms017 cms    4096 Jun 18 01:29 objs
-rw------- 1 cms017 cms     104 Jun 18 01:29 pset.py
-rw------- 1 cms017 cms 3712311 Jun 18 01:29 pset.py.pkl
-rw------- 1 cms017 cms     289 Jun 18 01:29 pset.pyc
drwxr-xr-x 2 cms017 cms    4096 Jun 18 01:29 python
-rw------- 1 cms017 cms     404 Jun 18 01:38 report.log
drwx------ 6 cms017 cms    4096 Jun 18 01:29 src
drwxr-xr-x 3 cms017 cms    4096 Jun 18 01:29 test
drwxr-xr-x 3 cms017 cms    4096 Jun 18 01:29 tmp
-rw------- 1 cms017 cms 2768022 Jun 18 01:38 validationEDM.root
>>> current directory /home/cms017/home_cream_340752776/CREAM340752776/glide_0IFHpk/execute/dir_2483/CMSSW_6_2_0_SLHC12
>>> (SOFTWARE_DIR): /home/cms017/home_cream_340752776/CREAM340752776/glide_0IFHpk/execute/dir_2483/CMSSW_6_2_0_SLHC12
>>> (WORKING_DIR): 
>>> current directory content:
total 10080
drwxr-xr-x 3 cms017 cms    4096 Jun 18 01:29 .SCRAM
-rw------- 1 cms017 cms 3740110 Jun 18 01:29 CMSSW.py.pkl
drwxr-xr-x 3 cms017 cms    4096 Jun 18 01:29 bin
drwxr-xr-x 3 cms017 cms    4096 Jun 18 01:29 cfipython
drwxr-xr-x 4 cms017 cms    4096 Jun 18 01:29 config
-rw------- 1 cms017 cms      17 Jun 18 01:38 cpu_timing.txt
drwxr-xr-x 2 cms017 cms    4096 Jun 18 01:29 doc
-rw------- 1 cms017 cms    9925 Jun 18 01:38 executable.out
drwxr-xr-x 2 cms017 cms    4096 Jun 18 01:29 include
drwx------ 3 cms017 cms    4096 Apr 28 18:12 lib
drwxr-xr-x 3 cms017 cms    4096 Jun 18 01:29 logs
drwxr-xr-x 3 cms017 cms    4096 Jun 18 01:29 objs
-rw------- 1 cms017 cms     104 Jun 18 01:29 pset.py
-rw------- 1 cms017 cms 3712311 Jun 18 01:29 pset.py.pkl
-rw------- 1 cms017 cms     289 Jun 18 01:29 pset.pyc
drwxr-xr-x 2 cms017 cms    4096 Jun 18 01:29 python
-rw------- 1 cms017 cms     404 Jun 18 01:38 report.log
drwx------ 6 cms017 cms    4096 Jun 18 01:29 src
drwxr-xr-x 3 cms017 cms    4096 Jun 18 01:29 test
drwxr-xr-x 3 cms017 cms    4096 Jun 18 01:29 tmp
-rw------- 1 cms017 cms 2768022 Jun 18 01:38 validationEDM_3_1_EOu.root
>>> current directory (RUNTIME_AREA):  /home/cms017/home_cream_340752776/CREAM340752776/glide_0IFHpk/execute/dir_2483
SE = storm-se-01.ba.infn.it
SE_PATH = /srm/managerv2?SFN=//cms/store/user/calabria/calabria_SingleMuPt10_GEN-SIM-DIGI-RECO_CMSSW_6_2_0_SLHC12_2023Scenario_Case5/calabria_MuMinus10_GEN-SIM-DIGI-RECO_CMSSW_6_2_0_SLHC12_2023Scenario_VALNOPU2_Case5/5854dd31cbd3cdec44c48628cc181cf0/
LFNBaseName = /store/user/calabria/calabria_SingleMuPt10_GEN-SIM-DIGI-RECO_CMSSW_6_2_0_SLHC12_2023Scenario_Case5/calabria_MuMinus10_GEN-SIM-DIGI-RECO_CMSSW_6_2_0_SLHC12_2023Scenario_VALNOPU2_Case5/5854dd31cbd3cdec44c48628cc181cf0/
USER = calabria
endpoint = srm://storm-se-01.ba.infn.it:8444/srm/managerv2?SFN=//cms/store/user/calabria/calabria_SingleMuPt10_GEN-SIM-DIGI-RECO_CMSSW_6_2_0_SLHC12_2023Scenario_Case5/calabria_MuMinus10_GEN-SIM-DIGI-RECO_CMSSW_6_2_0_SLHC12_2023Scenario_VALNOPU2_Case5/5854dd31cbd3cdec44c48628cc181cf0/
>>> Copy output files from WN = pccms116.ba.infn.it to /srm/managerv2?SFN=//cms/store/user/calabria/calabria_SingleMuPt10_GEN-SIM-DIGI-RECO_CMSSW_6_2_0_SLHC12_2023Scenario_Case5/calabria_MuMinus10_GEN-SIM-DIGI-RECO_CMSSW_6_2_0_SLHC12_2023Scenario_VALNOPU2_Case5/5854dd31cbd3cdec44c48628cc181cf0/ :
python cmscp.py  --destination srm://storm-se-01.ba.infn.it:8444/srm/managerv2?SFN=//cms/store/user/calabria/calabria_SingleMuPt10_GEN-SIM-DIGI-RECO_CMSSW_6_2_0_SLHC12_2023Scenario_Case5/calabria_MuMinus10_GEN-SIM-DIGI-RECO_CMSSW_6_2_0_SLHC12_2023Scenario_VALNOPU2_Case5/5854dd31cbd3cdec44c48628cc181cf0/ --inputFileList /home/cms017/home_cream_340752776/CREAM340752776/glide_0IFHpk/execute/dir_2483/CMSSW_6_2_0_SLHC12/validationEDM_3_1_EOu.root --middleware LCG --se_name storm-se-01.ba.infn.it --for_lfn /store/user/calabria/calabria_SingleMuPt10_GEN-SIM-DIGI-RECO_CMSSW_6_2_0_SLHC12_2023Scenario_Case5/calabria_MuMinus10_GEN-SIM-DIGI-RECO_CMSSW_6_2_0_SLHC12_2023Scenario_VALNOPU2_Case5/5854dd31cbd3cdec44c48628cc181cf0/    
******************************************************
localSeName  =  storm-se-01.ba.infn.it
remoteSeName =  storm-se-01.ba.infn.it
******************************************************
{"/home/cms017/home_cream_340752776/CREAM340752776/glide_0IFHpk/execute/dir_2483/CMSSW_6_2_0_SLHC12/validationEDM_3_1_EOu.root": {"endpoint": "srm://storm-se-01.ba.infn.it:8444/srm/managerv2?SFN=//cms/store/user/calabria/calabria_SingleMuPt10_GEN-SIM-DIGI-RECO_CMSSW_6_2_0_SLHC12_2023Scenario_Case5/calabria_MuMinus10_GEN-SIM-DIGI-RECO_CMSSW_6_2_0_SLHC12_2023Scenario_VALNOPU2_Case5/5854dd31cbd3cdec44c48628cc181cf0/", "surl_for_grid": "", "reason": "Copy succedeed with srm-lcg utils", "erCode": "0", "se_name": "storm-se-01.ba.infn.it", "for_lfn": "/store/user/calabria/calabria_SingleMuPt10_GEN-SIM-DIGI-RECO_CMSSW_6_2_0_SLHC12_2023Scenario_Case5/calabria_MuMinus10_GEN-SIM-DIGI-RECO_CMSSW_6_2_0_SLHC12_2023Scenario_VALNOPU2_Case5/5854dd31cbd3cdec44c48628cc181cf0/"}}/home/cms017/home_cream_340752776/CREAM340752776/glide_0IFHpk/execute/dir_2483
-------- cat /home/cms017/home_cream_340752776/CREAM340752776/glide_0IFHpk/execute/dir_2483/cmscpReport.sh 
#!/bin/bash
echo "Report for File: /home/cms017/home_cream_340752776/CREAM340752776/glide_0IFHpk/execute/dir_2483/CMSSW_6_2_0_SLHC12/validationEDM_3_1_EOu.root"
echo "LFN: /store/user/calabria/calabria_SingleMuPt10_GEN-SIM-DIGI-RECO_CMSSW_6_2_0_SLHC12_2023Scenario_Case5/calabria_MuMinus10_GEN-SIM-DIGI-RECO_CMSSW_6_2_0_SLHC12_2023Scenario_VALNOPU2_Case5/5854dd31cbd3cdec44c48628cc181cf0/validationEDM_3_1_EOu.root"
echo "StorageElement: storm-se-01.ba.infn.it"
echo "StageOutExitStatusReason = 'Copy succedeed with srm-lcg utils'" | tee -a $RUNTIME_AREA/$repo
echo "StageOutSE = storm-se-01.ba.infn.it" >> $RUNTIME_AREA/$repo

export StageOutExitStatus=0
echo "StageOutExitStatus = 0" | tee -a $RUNTIME_AREA/$repo
-------- end of /home/cms017/home_cream_340752776/CREAM340752776/glide_0IFHpk/execute/dir_2483/cmscpReport.sh 
Report for File: /home/cms017/home_cream_340752776/CREAM340752776/glide_0IFHpk/execute/dir_2483/CMSSW_6_2_0_SLHC12/validationEDM_3_1_EOu.root
LFN: /store/user/calabria/calabria_SingleMuPt10_GEN-SIM-DIGI-RECO_CMSSW_6_2_0_SLHC12_2023Scenario_Case5/calabria_MuMinus10_GEN-SIM-DIGI-RECO_CMSSW_6_2_0_SLHC12_2023Scenario_VALNOPU2_Case5/5854dd31cbd3cdec44c48628cc181cf0/validationEDM_3_1_EOu.root
StorageElement: storm-se-01.ba.infn.it
StageOutExitStatusReason = 'Copy succedeed with srm-lcg utils'
StageOutExitStatus = 0
>>> current dir: /home/cms017/home_cream_340752776/CREAM340752776/glide_0IFHpk/execute/dir_2483
>>> current dir content:
total 28080
-rw-------  1 cms017 cms     2771 Jun 18 01:39 .SEinteraction.log
-rwx------  1 cms017 cms     6777 Jun 18 01:28 .job.ad
-rwx------  1 cms017 cms     9284 Jun 18 01:28 .machine.ad
-rw-------  1 cms017 cms      105 Jun 16 20:50 CMSSW.py
-rw-------  1 cms017 cms  3740110 Jun 16 20:50 CMSSW.py.pkl
-rwx------  1 cms017 cms    29556 Jun 18 01:29 CMSSW.sh
drwxr-xr-x 15 cms017 cms     4096 Jun 18 01:38 CMSSW_6_2_0_SLHC12
-rw-------  1 cms017 cms      219 Jun 18 01:29 CacheEnv.sh
-rw-------  1 cms017 cms     7291 Apr  4 11:04 DashboardAPI.py
-rw-------  1 cms017 cms     6800 Jun 18 01:29 DashboardAPI.pyc
drwx------  2 cms017 cms     4096 Jun 18 01:38 IMProv
-rw-------  1 cms017 cms     2748 Apr  4 11:04 Logger.py
-rw-------  1 cms017 cms     3342 Jun 18 01:29 Logger.pyc
-rw-------  1 cms017 cms    24524 Apr  4 11:04 ProcInfo.py
-rw-------  1 cms017 cms    23173 Jun 18 01:29 ProcInfo.pyc
drwx------  7 cms017 cms     4096 Jun 18 01:29 ProdCommon
drwx------  3 cms017 cms     4096 Jun 18 01:29 WMCore
-rw-------  1 cms017 cms     2582 Jun 18 01:39 Watchdog_3.log
-rwx------  1 cms017 cms        0 Jun 18 01:29 _condor_stderr
-rwx---r--  1 cms017 cms    29374 Jun 18 01:39 _condor_stdout
-rw-------  1 cms017 cms    32895 Apr  4 11:04 apmon.py
-rw-------  1 cms017 cms    28596 Jun 18 01:29 apmon.pyc
-rwx------  1 cms017 cms    53760 Jun 18 01:29 arguments.xml
-rwx------  1 cms017 cms    38515 Apr  4 11:04 cmscp.py
-rw-------  1 cms017 cms      715 Jun 18 01:39 cmscpReport.sh
-rwx------  1 cms017 cms    29556 Jun 18 01:29 condor_exec.exe
-rw-------  1 cms017 cms      958 Jun 16 20:50 crab.cfg
-rwx------  1 cms017 cms     8610 Apr  4 11:04 crabWatchdog.sh
-rwx---r--  1 cms017 cms   523277 Jun 18 01:38 crab_fjr_3.xml
-rwx------  1 cms017 cms 23960431 Jun 18 01:29 default.tgz
-rwx------  1 cms017 cms     4488 Apr  4 11:04 fillCrabFjr.py
-rw-------  1 cms017 cms     2629 Jun 18 01:29 inputsReport.txt
-rw-------  1 cms017 cms      259 Jun 18 01:39 jobreport.txt
-rw-------  1 cms017 cms    17352 Apr  4 11:04 parseCrabFjr.py
-rw-------  1 cms017 cms      327 Jun 18 01:29 report.log
-rwx--x--x  1 cms017 cms     1497 Apr  4 11:04 report.py
-rw-------  1 cms017 cms      770 Jun 18 01:39 resultCopyFile
lrwxrwxrwx  1 cms017 cms      124 Jun 18 01:38 validationEDM.root -> /home/cms017/home_cream_340752776/CREAM340752776/glide_0IFHpk/execute/dir_2483/CMSSW_6_2_0_SLHC12/validationEDM_3_1_EOu.root
-rwx------  1 cms017 cms     8387 Apr  4 11:04 writeCfg.py
-rw-------  1 cms017 cms     8010 Jun 18 01:28 x509up_u50707
>>> Modify Job Report:
CMSSW_VERSION = CMSSW_6_2_0_SLHC12
ProcessedDataset = calabria_MuMinus10_GEN-SIM-DIGI-RECO_CMSSW_6_2_0_SLHC12_2023Scenario_VALNOPU2_Case5
/home/cms017/home_cream_340752776/CREAM340752776/glide_0IFHpk/execute/dir_2483/ProdCommon/FwkJobRep/ModifyJobReport.py fjr /home/cms017/home_cream_340752776/CREAM340752776/glide_0IFHpk/execute/dir_2483/crab_fjr_3.xml json /home/cms017/home_cream_340752776/CREAM340752776/glide_0IFHpk/execute/dir_2483/resultCopyFile n_job 3_1_EOu PrimaryDataset calabria_SingleMuPt10_GEN-SIM-DIGI-RECO_CMSSW_6_2_0_SLHC12_2023Scenario_Case5  ApplicationFamily cmsRun ApplicationName cmsRun cmssw_version CMSSW_6_2_0_SLHC12 psethash 5854dd31cbd3cdec44c48628cc181cf0 UserProcessedDataset calabria-calabria_MuMinus10_GEN-SIM-DIGI-RECO_CMSSW_6_2_0_SLHC12_2023Scenario_VALNOPU2_Case5-5854dd31cbd3cdec44c48628cc181cf0
inputDict =  {u'/home/cms017/home_cream_340752776/CREAM340752776/glide_0IFHpk/execute/dir_2483/CMSSW_6_2_0_SLHC12/validationEDM_3_1_EOu.root': {u'endpoint': u'srm://storm-se-01.ba.infn.it:8444/srm/managerv2?SFN=//cms/store/user/calabria/calabria_SingleMuPt10_GEN-SIM-DIGI-RECO_CMSSW_6_2_0_SLHC12_2023Scenario_Case5/calabria_MuMinus10_GEN-SIM-DIGI-RECO_CMSSW_6_2_0_SLHC12_2023Scenario_VALNOPU2_Case5/5854dd31cbd3cdec44c48628cc181cf0/', u'surl_for_grid': u'', u'reason': u'Copy succedeed with srm-lcg utils', u'erCode': u'0', u'se_name': u'storm-se-01.ba.infn.it', u'for_lfn': u'/store/user/calabria/calabria_SingleMuPt10_GEN-SIM-DIGI-RECO_CMSSW_6_2_0_SLHC12_2023Scenario_Case5/calabria_MuMinus10_GEN-SIM-DIGI-RECO_CMSSW_6_2_0_SLHC12_2023Scenario_VALNOPU2_Case5/5854dd31cbd3cdec44c48628cc181cf0/'}}
UserProcessedDataset =  calabria-calabria_MuMinus10_GEN-SIM-DIGI-RECO_CMSSW_6_2_0_SLHC12_2023Scenario_VALNOPU2_Case5-5854dd31cbd3cdec44c48628cc181cf0
file_name in inputDict =  /home/cms017/home_cream_340752776/CREAM340752776/glide_0IFHpk/execute/dir_2483/CMSSW_6_2_0_SLHC12/validationEDM_3_1_EOu.root
(size) os.stat(filename)[6] =  2768022
checksum =  2288799056
    file =  validationEDM_3_1_EOu.root
    newPfn =  srm://storm-se-01.ba.infn.it:8444/srm/managerv2?SFN=//cms/store/user/calabria/calabria_SingleMuPt10_GEN-SIM-DIGI-RECO_CMSSW_6_2_0_SLHC12_2023Scenario_Case5/calabria_MuMinus10_GEN-SIM-DIGI-RECO_CMSSW_6_2_0_SLHC12_2023Scenario_VALNOPU2_Case5/5854dd31cbd3cdec44c48628cc181cf0/validationEDM_3_1_EOu.root
    newLfn =  /store/user/calabria/calabria_SingleMuPt10_GEN-SIM-DIGI-RECO_CMSSW_6_2_0_SLHC12_2023Scenario_Case5/calabria_MuMinus10_GEN-SIM-DIGI-RECO_CMSSW_6_2_0_SLHC12_2023Scenario_VALNOPU2_Case5/5854dd31cbd3cdec44c48628cc181cf0/validationEDM_3_1_EOu.root
>>> crab_fjr_*.xml  permission set to 0704
CrabWrapper EXIT_FUNC entered at Wed Jun 18 01:39:49 CEST 2014   -  Tue Jun 17 23:39:49 UTC 2014
Checking output files:  
will tar file crab_fjr_3.xml in  out_files_3
WARNING: output file CMSSW_3.stdout not found!
WARNING: output file CMSSW_3.stderr not found!
WARNING: output file Watchdog_3.log.gz not found!
>>> padding time: Wrapper lasting more than 600 seconds. No sleep required.
STOPPING WATCHDOG. CrabWatchdog PID is 5571
********** LAST 50 LINES OF WATCHDOG LOG
# RESOURCE USAGE SUMMARY FOR PROCESS ID  4850
USER       PID %CPU %MEM    VSZ   RSS TTY      STAT START   TIME COMMAND
cms017    4850  0.2  0.0   9496  1596 ?        S    01:29   0:00 /bin/sh /home/cms017/home_cream_340752776/CREAM340752776/glide_0IFHpk/execute/dir_2483/condor_exec.exe 3 1
 
# LIMITS USED BY CRAB WATCHDOG:
# RSS  (KBytes)   : 2300000
# VSZ  (KBytes)   : 100000000
# DISK (MBytes)   : 19000
# CPU TIME        : 720h:0m:0s
# WALL CLOCK TIME : 21h:50m:0s
 
# FOLLOWING PRINTOUT TRACKS MAXIMUM VALUES OF RESOURCES USE
# ONE LINE IS PRINTED EACH TIME A MAXIMUM CHANGES
# IF CHANGE WAS IN RSS OR VSZ ALSO PROCID AND COMMAND ARE PRINTED
# THERE IS NO PRINTOUT FOR CPU/WALL TIME INCREASE
 
# TIME			PID	RSS(KB)	VSZ(KB)	Dsk(MB)	tCPU(s)	tWALL(s)	COMMAND
 Jun 18 01:29:30 CEST	2483	8424	93608	0	0	1	condor_starter -f submit-6.t2.ucsd.edu        
 Jun 18 01:29:30 CEST	5583	29968	93608	0	0	1	edmConfigHash pset.py         
 Jun 18 01:29:30 CEST	13748	29968	93904	0	4	1	condor_startd -f         
 Jun 18 01:29:30 CEST	32763	29968	106092	0	0	1	sh -c "./glidein_startup.sh" -v std -name v1_3 -entry CDF_IT_Bari_ce2 -clientname UCSD-v1_0.main
 Jun 18 01:29:30 CEST	32767	29968	106492	0	0	1	/bin/bash ./glidein_startup.sh -v std -name v1_3 -entry CDF_IT_Bari_ce2 -clientname UCSD-v1_0.main -schedd
 Jun 18 01:29:30 CEST	---	29968	106492	171	----	----	----
 Jun 18 01:30:31 CEST	7383	309624	559328	171	21	62	cmsRun -j /home/cms017/home_cream_340752776/CREAM340752776/glide_0IFHpk/execute/dir_2483/crab_fjr_3.xml -p pset.py      
 Jun 18 01:30:31 CEST	---	309624	559328	175	----	----	----
 Jun 18 01:31:32 CEST	7383	697764	978092	175	37	123	cmsRun -j /home/cms017/home_cream_340752776/CREAM340752776/glide_0IFHpk/execute/dir_2483/crab_fjr_3.xml -p pset.py      
 Jun 18 01:32:33 CEST	7383	724552	999684	175	58	184	cmsRun -j /home/cms017/home_cream_340752776/CREAM340752776/glide_0IFHpk/execute/dir_2483/crab_fjr_3.xml -p pset.py      
 Jun 18 01:33:34 CEST	7383	727144	1008388	175	76	245	cmsRun -j /home/cms017/home_cream_340752776/CREAM340752776/glide_0IFHpk/execute/dir_2483/crab_fjr_3.xml -p pset.py      
 Jun 18 01:35:37 CEST	7383	731492	1014512	175	111	367	cmsRun -j /home/cms017/home_cream_340752776/CREAM340752776/glide_0IFHpk/execute/dir_2483/crab_fjr_3.xml -p pset.py      
 Jun 18 01:38:40 CEST	7383	1351356	1690608	175	204	551	cmsRun -j /home/cms017/home_cream_340752776/CREAM340752776/glide_0IFHpk/execute/dir_2483/crab_fjr_3.xml -p pset.py      
 Jun 18 01:38:40 CEST	---	1351356	1690608	176	----	----	----
 Jun 18 01:39:41 CEST	---	1351356	1690608	178	----	----	----
********** WATCHDOG LOG ENDED
ZIPPING WATCHDOG LOG
Disk space used:
du -sh /home/cms017/home_cream_340752776/CREAM340752776/glide_0IFHpk/execute/dir_2483
178M	/home/cms017/home_cream_340752776/CREAM340752776/glide_0IFHpk/execute/dir_2483
Found unusual stdout, rename for OSB
`/home/cms017/home_cream_340752776/CREAM340752776/glide_0IFHpk/execute/dir_2483/_condor_stdout' -> `CMSSW_3.stdout'
Found unusual stderr, rename for OSB
`/home/cms017/home_cream_340752776/CREAM340752776/glide_0IFHpk/execute/dir_2483/_condor_stdout' -> `CMSSW_3.stderr'
crab_fjr_3.xml
CMSSW_3.stdout
CMSSW_3.stderr
Watchdog_3.log.gz
Total Output dimension: 70139
WARNING: output files size limit is set to: 50000000
Total Output dimension 70139 is fine.
JOB_EXIT_STATUS = 0
>>> info for dashboard:
***** Cat /home/cms017/home_cream_340752776/CREAM340752776/glide_0IFHpk/execute/dir_2483/jobreport.txt *****
MonitorJobID=3_https://submit-6.t2.ucsd.edu//140616//168557.2
MonitorID=calabria_MuMinus10_Case5_ReReco_0ct8s3
ExeTime=540
ExeExitCode=0
StageOutExitStatusReason = 'Copy succedeed with srm-lcg utils'
StageOutSE = storm-se-01.ba.infn.it
StageOutExitStatus = 0
CrabUserCpuTime=193.20
CrabSysCpuTime=18.83
CrabCpuPercentage=39%
CrabWrapperTime=633
CrabStageoutTime=49
JobExitCode=0
***** End Cat jobreport *****
Parameters sent to Dashboard.
EXITING at Wed Jun 18 01:39:56 CEST 2014  -  Tue Jun 17 23:39:56 UTC 2014
