This script was generated by crab (version 2.10.5_patch1).
Running /home/cms015/home_cream_028292738/CREAM028292738/glide_qn6i2l/execute/dir_3191/condor_exec.exe with 2 positional parameters: 14 1
Today is Wed Jun 18 01:28:48 CEST 2014 - Tue Jun 17 23:28:48 UTC 2014
Job submitted on host pccms139.ba.infn.it
Linux pccms139.ba.infn.it 2.6.32-358.23.2.el6.x86_64 #1 SMP Thu Oct 17 10:27:22 CEST 2013 x86_64 x86_64 x86_64 GNU/Linux
>>> current directory (RUNTIME_AREA): /home/cms015/home_cream_028292738/CREAM028292738/glide_qn6i2l/execute/dir_3191
>>> current user: uid=11815(cms015) gid=1399(cms) groups=1399(cms)
>>> directory permission set to 0700
>>> umask set to:  u=rwx,g=,o=
>>> stdout stderr permission set to 0704
>>> voms proxy information:
subject   : /C=IT/O=INFN/OU=Personal Certificate/L=Bari/CN=Cesare Calabria/CN=477126703/CN=441580867
issuer    : /C=IT/O=INFN/OU=Personal Certificate/L=Bari/CN=Cesare Calabria/CN=477126703
identity  : /C=IT/O=INFN/OU=Personal Certificate/L=Bari/CN=Cesare Calabria
type      : RFC3820 compliant limited proxy
strength  : 1024
path      : /home/cms015/home_cream_028292738/CREAM028292738/glide_qn6i2l/execute/dir_3191/x509up_u50707
timeleft  : 23:58:48
key usage : Digital Signature, Key Encipherment, Data Encipherment
=== VO cms extension information ===
VO        : cms
subject   : /C=IT/O=INFN/OU=Personal Certificate/L=Bari/CN=Cesare Calabria
issuer    : /DC=ch/DC=cern/OU=computers/CN=voms.cern.ch
attribute : /cms/Role=NULL/Capability=NULL
attribute : /cms/itcms/Role=NULL/Capability=NULL
timeleft  : 153:55:31
uri       : voms.cern.ch:15002

WNHostName=pccms139.ba.infn.it
>>> tar --no-same-permissions -xf /home/cms015/home_cream_028292738/CREAM028292738/glide_qn6i2l/execute/dir_3191/default.tgz :
Successful untar
>>> Include /home/cms015/home_cream_028292738/CREAM028292738/glide_qn6i2l/execute/dir_3191 in PYTHONPATH:
strip arguments
env var CRAB_UNIQUE_JOB_ID set to: calabria_MuMinus10_Case5_ReReco_0ct8s3_14_1_ukZ
out_files_14
>>> list of expected files on output sandbox
output files: crab_fjr_14.xml CMSSW_14.stdout CMSSW_14.stderr Watchdog_14.log.gz
>>> GridFlavour discovery: 
GridFlavour=LCG
>>> SyncSite discovery: 
SyncSite=T2_IT_Bari
>>> SyncCE discovery: 
getting SyncCE from CE_ID
SyncCE=cream-ce-2.ba.infn.it:8443/cream-pbs-cms
>>> info for dashboard:
***** Cat /home/cms015/home_cream_028292738/CREAM028292738/glide_qn6i2l/execute/dir_3191/jobreport.txt *****
WNHostName=pccms139.ba.infn.it
MonitorJobID=14_https://submit-6.t2.ucsd.edu//140616//168557.13
SyncGridJobId=https://submit-6.t2.ucsd.edu//140616//168557.13
MonitorID=calabria_MuMinus10_Case5_ReReco_0ct8s3
GridFlavour=LCG
SyncSite=T2_IT_Bari
SyncCE=cream-ce-2.ba.infn.it:8443/cream-pbs-cms
***** End Cat jobreport *****
Parameters sent to Dashboard.
>>> setup environment
set SCRAM ARCH to slc5_amd64_gcc472
SCRAM_ARCH = slc5_amd64_gcc472
>>> setup CMS LCG environment:
set SCRAM ARCH and BUILD_ARCH to slc5_amd64_gcc472 ###
Sourcing environment... 
sourcing /cvmfs/cms.cern.ch/cmsset_default.sh
==> setup cms environment ok
>>> specific cmssw setup environment:
CMSSW_VERSION =  CMSSW_6_2_0_SLHC12
>>> current directory (SOFTWARE_DIR): /home/cms015/home_cream_028292738/CREAM028292738/glide_qn6i2l/execute/dir_3191/CMSSW_6_2_0_SLHC12
PreserveSeeds: <>
IncrementSeeds:<>
>>> info for dashboard:
***** Cat /home/cms015/home_cream_028292738/CREAM028292738/glide_qn6i2l/execute/dir_3191/jobreport.txt *****
MonitorJobID=14_https://submit-6.t2.ucsd.edu//140616//168557.13
MonitorID=calabria_MuMinus10_Case5_ReReco_0ct8s3
***** End Cat jobreport *****
Parameters sent to Dashboard.
crabWatchdog started as process 4206
>>> moving CMSSW software directories in /home/cms015/home_cream_028292738/CREAM028292738/glide_qn6i2l/execute/dir_3191/CMSSW_6_2_0_SLHC12
mv: cannot stat `/home/cms015/home_cream_028292738/CREAM028292738/glide_qn6i2l/execute/dir_3191/module/': No such file or directory
>>> Include /home/cms015/home_cream_028292738/CREAM028292738/glide_qn6i2l/execute/dir_3191 in PYTHONPATH:
PYTHONPATH=/home/cms015/home_cream_028292738/CREAM028292738/glide_qn6i2l/execute/dir_3191/:/home/cms015/home_cream_028292738/CREAM028292738/glide_qn6i2l/execute/dir_3191/CMSSW_6_2_0_SLHC12/python:/home/cms015/home_cream_028292738/CREAM028292738/glide_qn6i2l/execute/dir_3191/CMSSW_6_2_0_SLHC12/lib/slc5_amd64_gcc472:/cvmfs/cms.cern.ch/slc5_amd64_gcc472/cms/cmssw/CMSSW_6_2_0_SLHC12/python:/cvmfs/cms.cern.ch/slc5_amd64_gcc472/cms/cmssw/CMSSW_6_2_0_SLHC12/lib/slc5_amd64_gcc472:/cvmfs/cms.cern.ch/slc5_amd64_gcc472/cms/coral/CORAL_2_3_21-cms36/slc5_amd64_gcc472/python:/cvmfs/cms.cern.ch/slc5_amd64_gcc472/cms/coral/CORAL_2_3_21-cms36/slc5_amd64_gcc472/lib:/cvmfs/cms.cern.ch/slc5_amd64_gcc472/external/pyqt/4.8.1-cms6/lib/python2.7/site-packages:/cvmfs/cms.cern.ch/slc5_amd64_gcc472/external/py2-scipy/0.8.0-cms8/lib/python2.7/site-packages:/cvmfs/cms.cern.ch/slc5_amd64_gcc472/external/py2-matplotlib/1.0.1-cms8/lib/python2.7/site-packages:/cvmfs/cms.cern.ch/slc5_amd64_gcc472/external/python-ldap/2.3.5-cms6/lib/python2.7/site-packages:/cvmfs/cms.cern.ch/slc5_amd64_gcc472/external/sip/4.11.2-cms6/lib/python2.7/site-packages:/cvmfs/cms.cern.ch/slc5_amd64_gcc472/external/py2-pycurl/7.19.0-cms8/lib/python2.7/site-packages:/cvmfs/cms.cern.ch/slc5_amd64_gcc472/external/py2-numpy/1.6.1-cms8/lib/python2.7/site-packages:/cvmfs/cms.cern.ch/slc5_amd64_gcc472/external/py2-lint/0.25.1-cms6/lib/python2.7/site-packages:/cvmfs/cms.cern.ch/slc5_amd64_gcc472/external/py2-ipython/0.10-cms6/lib/python2.7/site-packages:/cvmfs/cms.cern.ch/slc5_amd64_gcc472/external/py2-cx-oracle/5.1-cms7/lib/python2.7/site-packages:/cvmfs/cms.cern.ch/slc5_amd64_gcc472/external/py2-cjson/1.0.5-cms6/lib/python2.7/site-packages:/cvmfs/cms.cern.ch/slc5_amd64_gcc472/cms/das-client/1.11.7/bin:/cvmfs/cms.cern.ch/slc5_amd64_gcc472/external/elementtree/1.2.6-cms6/share/lib/python2.7/site-packages:/cvmfs/cms.cern.ch/slc5_amd64_gcc472/external/rivet/1.8.2-cms8/lib/python2.7/site-packages:/cvmfs/cms.cern.ch/slc5_amd64_gcc472/external/pyminuit2/0.0.1-cms19/lib/python2.7/site-packages:/cvmfs/cms.cern.ch/slc5_amd64_gcc472/external/py2-pygithub/1.23.0/lib/python2.7/site-packages:/cvmfs/cms.cern.ch/slc5_amd64_gcc472/external/professor/1.0.0-cms19/lib/python2.7/site-packages:/cvmfs/cms.cern.ch/slc5_amd64_gcc472/lcg/root/5.34.07-cms/lib:/cvmfs/cms.cern.ch/slc5_amd64_gcc472/cms/dbs-client/DBS_2_1_9-cms5/lib:/cvmfs/cms.cern.ch/slc5_amd64_gcc472/cms/dbs-client/DBS_2_1_9-cms5/lib/DBSAPI:/cvmfs/cms.cern.ch/slc5_amd64_gcc472/external/cvs2git/5419-cms/lib:/home/cms015/home_cream_028292738/CREAM028292738/glide_qn6i2l/execute/dir_3191/
 
# LIMITS USED BY CRAB WATCHDOG:
# RSS  (KBytes)   : 2300000
# VSZ  (KBytes)   : 100000000
# DISK (MBytes)   : 19000
# CPU TIME        : 720h:0m:0s
# WALL CLOCK TIME : 21h:50m:0s
 
5854dd31cbd3cdec44c48628cc181cf0
PSETHASH = 5854dd31cbd3cdec44c48628cc181cf0
/home/cms015/home_cream_028292738/CREAM028292738/glide_qn6i2l/execute/dir_3191/writeCfg.py pset.py pset.py
Importing .py file
Setting parameters
RandomNumberGeneratorService found, will attempt to change seeds
inputBlocks=/calabria_SingleMuPt10_GEN-SIM-DIGI-RECO_CMSSW_6_2_0_SLHC12_2023Scenario_Case5/calabria-calabria_SingleMuPt10_GEN-SIM-DIGI-RECO_CMSSW_6_2_0_SLHC12_2023Scenario_Case5-b6da911bb96a528ccff7d001f1ad0373/USER#8093e635-3811-46da-a067-d69b0235e534
inputFiles=/store/user/calabria/calabria_SingleMuPt10_GEN-SIM-DIGI-RECO_CMSSW_6_2_0_SLHC12_2023Scenario_Case5/calabria_SingleMuPt10_GEN-SIM-DIGI-RECO_CMSSW_6_2_0_SLHC12_2023Scenario_Case5/b6da911bb96a528ccff7d001f1ad0373/out_reco_90_1_hQG.root;/store/user/calabria/calabria_SingleMuPt10_GEN-SIM-DIGI-RECO_CMSSW_6_2_0_SLHC12_2023Scenario_Case5/calabria_SingleMuPt10_GEN-SIM-DIGI-RECO_CMSSW_6_2_0_SLHC12_2023Scenario_Case5/b6da911bb96a528ccff7d001f1ad0373/out_reco_91_1_aRm.root;/store/user/calabria/calabria_SingleMuPt10_GEN-SIM-DIGI-RECO_CMSSW_6_2_0_SLHC12_2023Scenario_Case5/calabria_SingleMuPt10_GEN-SIM-DIGI-RECO_CMSSW_6_2_0_SLHC12_2023Scenario_Case5/b6da911bb96a528ccff7d001f1ad0373/out_reco_92_1_oa8.root;/store/user/calabria/calabria_SingleMuPt10_GEN-SIM-DIGI-RECO_CMSSW_6_2_0_SLHC12_2023Scenario_Case5/calabria_SingleMuPt10_GEN-SIM-DIGI-RECO_CMSSW_6_2_0_SLHC12_2023Scenario_Case5/b6da911bb96a528ccff7d001f1ad0373/out_reco_93_1_Hb7.root;/store/user/calabria/calabria_SingleMuPt10_GEN-SIM-DIGI-RECO_CMSSW_6_2_0_SLHC12_2023Scenario_Case5/calabria_SingleMuPt10_GEN-SIM-DIGI-RECO_CMSSW_6_2_0_SLHC12_2023Scenario_Case5/b6da911bb96a528ccff7d001f1ad0373/out_reco_94_1_OI9.root;/store/user/calabria/calabria_SingleMuPt10_GEN-SIM-DIGI-RECO_CMSSW_6_2_0_SLHC12_2023Scenario_Case5/calabria_SingleMuPt10_GEN-SIM-DIGI-RECO_CMSSW_6_2_0_SLHC12_2023Scenario_Case5/b6da911bb96a528ccff7d001f1ad0373/out_reco_98_1_dkF.root;/store/user/calabria/calabria_SingleMuPt10_GEN-SIM-DIGI-RECO_CMSSW_6_2_0_SLHC12_2023Scenario_Case5/calabria_SingleMuPt10_GEN-SIM-DIGI-RECO_CMSSW_6_2_0_SLHC12_2023Scenario_Case5/b6da911bb96a528ccff7d001f1ad0373/out_reco_104_1_Urh.root;/store/user/calabria/calabria_SingleMuPt10_GEN-SIM-DIGI-RECO_CMSSW_6_2_0_SLHC12_2023Scenario_Case5/calabria_SingleMuPt10_GEN-SIM-DIGI-RECO_CMSSW_6_2_0_SLHC12_2023Scenario_Case5/b6da911bb96a528ccff7d001f1ad0373/out_reco_105_1_Y0x.root;/store/user/calabria/calabria_SingleMuPt10_GEN-SIM-DIGI-RECO_CMSSW_6_2_0_SLHC12_2023Scenario_Case5/calabria_SingleMuPt10_GEN-SIM-DIGI-RECO_CMSSW_6_2_0_SLHC12_2023Scenario_Case5/b6da911bb96a528ccff7d001f1ad0373/out_reco_106_1_eAg.root;/store/user/calabria/calabria_SingleMuPt10_GEN-SIM-DIGI-RECO_CMSSW_6_2_0_SLHC12_2023Scenario_Case5/calabria_SingleMuPt10_GEN-SIM-DIGI-RECO_CMSSW_6_2_0_SLHC12_2023Scenario_Case5/b6da911bb96a528ccff7d001f1ad0373/out_reco_107_1_90G.root
parentFiles=
lumisRange=
>>> Executable cmsRun
/cvmfs/cms.cern.ch/slc5_amd64_gcc472/cms/cmssw/CMSSW_6_2_0_SLHC12/bin/slc5_amd64_gcc472/cmsRun
ok executable found
>>> info for dashboard:
***** Cat /home/cms015/home_cream_028292738/CREAM028292738/glide_qn6i2l/execute/dir_3191/jobreport.txt *****
MonitorJobID=14_https://submit-6.t2.ucsd.edu//140616//168557.13
MonitorID=calabria_MuMinus10_Case5_ReReco_0ct8s3
ExeStart=cmsRun
***** End Cat jobreport *****
Parameters sent to Dashboard.
>>> cmsRun started at Tue Jun 17 23:29:07 UTC 2014
>>> cmsRun ended at Tue Jun 17 23:32:11 UTC 2014
>>> crab_fjr_*.xml  permission set to 0704
>>> info for dashboard:
***** Cat /home/cms015/home_cream_028292738/CREAM028292738/glide_qn6i2l/execute/dir_3191/jobreport.txt *****
MonitorJobID=14_https://submit-6.t2.ucsd.edu//140616//168557.13
MonitorID=calabria_MuMinus10_Case5_ReReco_0ct8s3
ExeEnd=cmsRun
***** End Cat jobreport *****
Parameters sent to Dashboard.
TIME_EXE = 184 sec
>>> cmsRun wrote 50 lines of stdout+stderr
>>> START OF printout of 50 lines from stdout+stderr
271 DQMStore::DQMStore 
HcalTopologyIdealEP::HcalTopologyIdealEP
18-Jun-2014 01:29:21 CEST  Initiating request to open file file:/lustre/cms//store/user/calabria/calabria_SingleMuPt10_GEN-SIM-DIGI-RECO_CMSSW_6_2_0_SLHC12_2023Scenario_Case5/calabria_SingleMuPt10_GEN-SIM-DIGI-RECO_CMSSW_6_2_0_SLHC12_2023Scenario_Case5/b6da911bb96a528ccff7d001f1ad0373/out_reco_90_1_hQG.root
18-Jun-2014 01:29:23 CEST  Successfully opened file file:/lustre/cms//store/user/calabria/calabria_SingleMuPt10_GEN-SIM-DIGI-RECO_CMSSW_6_2_0_SLHC12_2023Scenario_Case5/calabria_SingleMuPt10_GEN-SIM-DIGI-RECO_CMSSW_6_2_0_SLHC12_2023Scenario_Case5/b6da911bb96a528ccff7d001f1ad0373/out_reco_90_1_hQG.root
18-Jun-2014 01:29:41 CEST  Closed file file:/lustre/cms//store/user/calabria/calabria_SingleMuPt10_GEN-SIM-DIGI-RECO_CMSSW_6_2_0_SLHC12_2023Scenario_Case5/calabria_SingleMuPt10_GEN-SIM-DIGI-RECO_CMSSW_6_2_0_SLHC12_2023Scenario_Case5/b6da911bb96a528ccff7d001f1ad0373/out_reco_90_1_hQG.root
18-Jun-2014 01:29:41 CEST  Initiating request to open file file:/lustre/cms//store/user/calabria/calabria_SingleMuPt10_GEN-SIM-DIGI-RECO_CMSSW_6_2_0_SLHC12_2023Scenario_Case5/calabria_SingleMuPt10_GEN-SIM-DIGI-RECO_CMSSW_6_2_0_SLHC12_2023Scenario_Case5/b6da911bb96a528ccff7d001f1ad0373/out_reco_91_1_aRm.root
18-Jun-2014 01:29:41 CEST  Successfully opened file file:/lustre/cms//store/user/calabria/calabria_SingleMuPt10_GEN-SIM-DIGI-RECO_CMSSW_6_2_0_SLHC12_2023Scenario_Case5/calabria_SingleMuPt10_GEN-SIM-DIGI-RECO_CMSSW_6_2_0_SLHC12_2023Scenario_Case5/b6da911bb96a528ccff7d001f1ad0373/out_reco_91_1_aRm.root
18-Jun-2014 01:29:57 CEST  Closed file file:/lustre/cms//store/user/calabria/calabria_SingleMuPt10_GEN-SIM-DIGI-RECO_CMSSW_6_2_0_SLHC12_2023Scenario_Case5/calabria_SingleMuPt10_GEN-SIM-DIGI-RECO_CMSSW_6_2_0_SLHC12_2023Scenario_Case5/b6da911bb96a528ccff7d001f1ad0373/out_reco_91_1_aRm.root
18-Jun-2014 01:29:57 CEST  Initiating request to open file file:/lustre/cms//store/user/calabria/calabria_SingleMuPt10_GEN-SIM-DIGI-RECO_CMSSW_6_2_0_SLHC12_2023Scenario_Case5/calabria_SingleMuPt10_GEN-SIM-DIGI-RECO_CMSSW_6_2_0_SLHC12_2023Scenario_Case5/b6da911bb96a528ccff7d001f1ad0373/out_reco_92_1_oa8.root
18-Jun-2014 01:29:57 CEST  Successfully opened file file:/lustre/cms//store/user/calabria/calabria_SingleMuPt10_GEN-SIM-DIGI-RECO_CMSSW_6_2_0_SLHC12_2023Scenario_Case5/calabria_SingleMuPt10_GEN-SIM-DIGI-RECO_CMSSW_6_2_0_SLHC12_2023Scenario_Case5/b6da911bb96a528ccff7d001f1ad0373/out_reco_92_1_oa8.root
18-Jun-2014 01:30:13 CEST  Closed file file:/lustre/cms//store/user/calabria/calabria_SingleMuPt10_GEN-SIM-DIGI-RECO_CMSSW_6_2_0_SLHC12_2023Scenario_Case5/calabria_SingleMuPt10_GEN-SIM-DIGI-RECO_CMSSW_6_2_0_SLHC12_2023Scenario_Case5/b6da911bb96a528ccff7d001f1ad0373/out_reco_92_1_oa8.root
18-Jun-2014 01:30:13 CEST  Initiating request to open file file:/lustre/cms//store/user/calabria/calabria_SingleMuPt10_GEN-SIM-DIGI-RECO_CMSSW_6_2_0_SLHC12_2023Scenario_Case5/calabria_SingleMuPt10_GEN-SIM-DIGI-RECO_CMSSW_6_2_0_SLHC12_2023Scenario_Case5/b6da911bb96a528ccff7d001f1ad0373/out_reco_93_1_Hb7.root
18-Jun-2014 01:30:13 CEST  Successfully opened file file:/lustre/cms//store/user/calabria/calabria_SingleMuPt10_GEN-SIM-DIGI-RECO_CMSSW_6_2_0_SLHC12_2023Scenario_Case5/calabria_SingleMuPt10_GEN-SIM-DIGI-RECO_CMSSW_6_2_0_SLHC12_2023Scenario_Case5/b6da911bb96a528ccff7d001f1ad0373/out_reco_93_1_Hb7.root
18-Jun-2014 01:30:28 CEST  Closed file file:/lustre/cms//store/user/calabria/calabria_SingleMuPt10_GEN-SIM-DIGI-RECO_CMSSW_6_2_0_SLHC12_2023Scenario_Case5/calabria_SingleMuPt10_GEN-SIM-DIGI-RECO_CMSSW_6_2_0_SLHC12_2023Scenario_Case5/b6da911bb96a528ccff7d001f1ad0373/out_reco_93_1_Hb7.root
18-Jun-2014 01:30:28 CEST  Initiating request to open file file:/lustre/cms//store/user/calabria/calabria_SingleMuPt10_GEN-SIM-DIGI-RECO_CMSSW_6_2_0_SLHC12_2023Scenario_Case5/calabria_SingleMuPt10_GEN-SIM-DIGI-RECO_CMSSW_6_2_0_SLHC12_2023Scenario_Case5/b6da911bb96a528ccff7d001f1ad0373/out_reco_94_1_OI9.root
18-Jun-2014 01:30:28 CEST  Successfully opened file file:/lustre/cms//store/user/calabria/calabria_SingleMuPt10_GEN-SIM-DIGI-RECO_CMSSW_6_2_0_SLHC12_2023Scenario_Case5/calabria_SingleMuPt10_GEN-SIM-DIGI-RECO_CMSSW_6_2_0_SLHC12_2023Scenario_Case5/b6da911bb96a528ccff7d001f1ad0373/out_reco_94_1_OI9.root
18-Jun-2014 01:30:45 CEST  Closed file file:/lustre/cms//store/user/calabria/calabria_SingleMuPt10_GEN-SIM-DIGI-RECO_CMSSW_6_2_0_SLHC12_2023Scenario_Case5/calabria_SingleMuPt10_GEN-SIM-DIGI-RECO_CMSSW_6_2_0_SLHC12_2023Scenario_Case5/b6da911bb96a528ccff7d001f1ad0373/out_reco_94_1_OI9.root
18-Jun-2014 01:30:45 CEST  Initiating request to open file file:/lustre/cms//store/user/calabria/calabria_SingleMuPt10_GEN-SIM-DIGI-RECO_CMSSW_6_2_0_SLHC12_2023Scenario_Case5/calabria_SingleMuPt10_GEN-SIM-DIGI-RECO_CMSSW_6_2_0_SLHC12_2023Scenario_Case5/b6da911bb96a528ccff7d001f1ad0373/out_reco_98_1_dkF.root
18-Jun-2014 01:30:45 CEST  Successfully opened file file:/lustre/cms//store/user/calabria/calabria_SingleMuPt10_GEN-SIM-DIGI-RECO_CMSSW_6_2_0_SLHC12_2023Scenario_Case5/calabria_SingleMuPt10_GEN-SIM-DIGI-RECO_CMSSW_6_2_0_SLHC12_2023Scenario_Case5/b6da911bb96a528ccff7d001f1ad0373/out_reco_98_1_dkF.root
18-Jun-2014 01:31:01 CEST  Closed file file:/lustre/cms//store/user/calabria/calabria_SingleMuPt10_GEN-SIM-DIGI-RECO_CMSSW_6_2_0_SLHC12_2023Scenario_Case5/calabria_SingleMuPt10_GEN-SIM-DIGI-RECO_CMSSW_6_2_0_SLHC12_2023Scenario_Case5/b6da911bb96a528ccff7d001f1ad0373/out_reco_98_1_dkF.root
18-Jun-2014 01:31:01 CEST  Initiating request to open file file:/lustre/cms//store/user/calabria/calabria_SingleMuPt10_GEN-SIM-DIGI-RECO_CMSSW_6_2_0_SLHC12_2023Scenario_Case5/calabria_SingleMuPt10_GEN-SIM-DIGI-RECO_CMSSW_6_2_0_SLHC12_2023Scenario_Case5/b6da911bb96a528ccff7d001f1ad0373/out_reco_104_1_Urh.root
18-Jun-2014 01:31:01 CEST  Successfully opened file file:/lustre/cms//store/user/calabria/calabria_SingleMuPt10_GEN-SIM-DIGI-RECO_CMSSW_6_2_0_SLHC12_2023Scenario_Case5/calabria_SingleMuPt10_GEN-SIM-DIGI-RECO_CMSSW_6_2_0_SLHC12_2023Scenario_Case5/b6da911bb96a528ccff7d001f1ad0373/out_reco_104_1_Urh.root
18-Jun-2014 01:31:17 CEST  Closed file file:/lustre/cms//store/user/calabria/calabria_SingleMuPt10_GEN-SIM-DIGI-RECO_CMSSW_6_2_0_SLHC12_2023Scenario_Case5/calabria_SingleMuPt10_GEN-SIM-DIGI-RECO_CMSSW_6_2_0_SLHC12_2023Scenario_Case5/b6da911bb96a528ccff7d001f1ad0373/out_reco_104_1_Urh.root
18-Jun-2014 01:31:17 CEST  Initiating request to open file file:/lustre/cms//store/user/calabria/calabria_SingleMuPt10_GEN-SIM-DIGI-RECO_CMSSW_6_2_0_SLHC12_2023Scenario_Case5/calabria_SingleMuPt10_GEN-SIM-DIGI-RECO_CMSSW_6_2_0_SLHC12_2023Scenario_Case5/b6da911bb96a528ccff7d001f1ad0373/out_reco_105_1_Y0x.root
18-Jun-2014 01:31:18 CEST  Successfully opened file file:/lustre/cms//store/user/calabria/calabria_SingleMuPt10_GEN-SIM-DIGI-RECO_CMSSW_6_2_0_SLHC12_2023Scenario_Case5/calabria_SingleMuPt10_GEN-SIM-DIGI-RECO_CMSSW_6_2_0_SLHC12_2023Scenario_Case5/b6da911bb96a528ccff7d001f1ad0373/out_reco_105_1_Y0x.root
18-Jun-2014 01:31:34 CEST  Closed file file:/lustre/cms//store/user/calabria/calabria_SingleMuPt10_GEN-SIM-DIGI-RECO_CMSSW_6_2_0_SLHC12_2023Scenario_Case5/calabria_SingleMuPt10_GEN-SIM-DIGI-RECO_CMSSW_6_2_0_SLHC12_2023Scenario_Case5/b6da911bb96a528ccff7d001f1ad0373/out_reco_105_1_Y0x.root
18-Jun-2014 01:31:34 CEST  Initiating request to open file file:/lustre/cms//store/user/calabria/calabria_SingleMuPt10_GEN-SIM-DIGI-RECO_CMSSW_6_2_0_SLHC12_2023Scenario_Case5/calabria_SingleMuPt10_GEN-SIM-DIGI-RECO_CMSSW_6_2_0_SLHC12_2023Scenario_Case5/b6da911bb96a528ccff7d001f1ad0373/out_reco_106_1_eAg.root
18-Jun-2014 01:31:34 CEST  Successfully opened file file:/lustre/cms//store/user/calabria/calabria_SingleMuPt10_GEN-SIM-DIGI-RECO_CMSSW_6_2_0_SLHC12_2023Scenario_Case5/calabria_SingleMuPt10_GEN-SIM-DIGI-RECO_CMSSW_6_2_0_SLHC12_2023Scenario_Case5/b6da911bb96a528ccff7d001f1ad0373/out_reco_106_1_eAg.root
18-Jun-2014 01:31:50 CEST  Closed file file:/lustre/cms//store/user/calabria/calabria_SingleMuPt10_GEN-SIM-DIGI-RECO_CMSSW_6_2_0_SLHC12_2023Scenario_Case5/calabria_SingleMuPt10_GEN-SIM-DIGI-RECO_CMSSW_6_2_0_SLHC12_2023Scenario_Case5/b6da911bb96a528ccff7d001f1ad0373/out_reco_106_1_eAg.root
18-Jun-2014 01:31:50 CEST  Initiating request to open file file:/lustre/cms//store/user/calabria/calabria_SingleMuPt10_GEN-SIM-DIGI-RECO_CMSSW_6_2_0_SLHC12_2023Scenario_Case5/calabria_SingleMuPt10_GEN-SIM-DIGI-RECO_CMSSW_6_2_0_SLHC12_2023Scenario_Case5/b6da911bb96a528ccff7d001f1ad0373/out_reco_107_1_90G.root
18-Jun-2014 01:31:50 CEST  Successfully opened file file:/lustre/cms//store/user/calabria/calabria_SingleMuPt10_GEN-SIM-DIGI-RECO_CMSSW_6_2_0_SLHC12_2023Scenario_Case5/calabria_SingleMuPt10_GEN-SIM-DIGI-RECO_CMSSW_6_2_0_SLHC12_2023Scenario_Case5/b6da911bb96a528ccff7d001f1ad0373/out_reco_107_1_90G.root
18-Jun-2014 01:32:11 CEST  Closed file file:/lustre/cms//store/user/calabria/calabria_SingleMuPt10_GEN-SIM-DIGI-RECO_CMSSW_6_2_0_SLHC12_2023Scenario_Case5/calabria_SingleMuPt10_GEN-SIM-DIGI-RECO_CMSSW_6_2_0_SLHC12_2023Scenario_Case5/b6da911bb96a528ccff7d001f1ad0373/out_reco_107_1_90G.root

=============================================

MessageLogger Summary

 type     category        sev    module        subroutine        count    total
 ---- -------------------- -- ---------------- ----------------  -----    -----
    1 fileAction           -s file_close                            10       10
    2 fileAction           -s file_open                             20       20

 type    category    Examples: run/evt        run/evt          run/evt
 ---- -------------------- ---------------- ---------------- ----------------
    1 fileAction           PostProcessEvent PostProcessEvent PostEndRun
    2 fileAction           pre-events       pre-events       PostProcessEvent

Severity    # Occurrences   Total Occurrences
--------    -------------   -----------------
System                 30                  30
>>> END OF printout of 50 lines from stdout+stderr
>>> Parse FrameworkJobReport crab_fjr.xml
Result of parsing the FrameworkJobReport crab_fjr.xml: Popularity start
lumisRange : 1::::1;1::::2;1::::3;1::::4;1::::5;1::::6;1::::7;1::::8;1::::9;1::::10;
lumisParentRange : 
Basename : /store/user/calabria/calabria_SingleMuPt10_GEN-SIM-DIGI-RECO_CMSSW_6_2_0_SLHC12_2023Scenario_Case5/calabria_SingleMuPt10_GEN-SIM-DIGI-RECO_CMSSW_6_2_0_SLHC12_2023Scenario_Case5/b6da911bb96a528ccff7d001f1ad0373/out_reco_
BasenameParent : 
parentFiles : 
inputBlocks : /calabria_SingleMuPt10_GEN-SIM-DIGI-RECO_CMSSW_6_2_0_SLHC12_2023Scenario_Case5/calabria-calabria_SingleMuPt10_GEN-SIM-DIGI-RECO_CMSSW_6_2_0_SLHC12_2023Scenario_Case5-b6da911bb96a528ccff7d001f1ad0373/USER#8093e635-3811-46da-a067-d69b0235e534
inputFiles : 98_1_dkF.root::1::EDM::Local::1;105_1_Y0x.root::1::EDM::Local::2;93_1_Hb7.root::1::EDM::Local::3;90_1_hQG.root::1::EDM::Local::4;94_1_OI9.root::1::EDM::Local::5;106_1_eAg.root::1::EDM::Local::6;107_1_90G.root::1::EDM::Local::7;104_1_Urh.root::1::EDM::Local::8;92_1_oa8.root::1::EDM::Local::9;91_1_aRm.root::1::EDM::Local::10;
Popularity stop
Extracted ExitStatus from FrameworkJobReport parsing output: 0
>>> Executable succeded  0
ExeExitCode=0
EXECUTABLE_EXIT_STATUS = 0
>>> current directory /home/cms015/home_cream_028292738/CREAM028292738/glide_qn6i2l/execute/dir_3191/CMSSW_6_2_0_SLHC12
>>>  (SOFTWARE_DIR): /home/cms015/home_cream_028292738/CREAM028292738/glide_qn6i2l/execute/dir_3191/CMSSW_6_2_0_SLHC12
>>> (WORKING_DIR): 
>>> current directory content:
total 10076
drwxr-xr-x 3 cms015 cms    4096 Jun 18 01:28 .SCRAM
-rw------- 1 cms015 cms 3740110 Jun 18 01:28 CMSSW.py.pkl
drwxr-xr-x 3 cms015 cms    4096 Jun 18 01:28 bin
drwxr-xr-x 3 cms015 cms    4096 Jun 18 01:28 cfipython
drwxr-xr-x 4 cms015 cms    4096 Jun 18 01:28 config
-rw------- 1 cms015 cms      16 Jun 18 01:32 cpu_timing.txt
drwxr-xr-x 2 cms015 cms    4096 Jun 18 01:28 doc
-rw------- 1 cms015 cms    9907 Jun 18 01:32 executable.out
drwxr-xr-x 2 cms015 cms    4096 Jun 18 01:28 include
drwx------ 3 cms015 cms    4096 Apr 28 18:12 lib
drwxr-xr-x 3 cms015 cms    4096 Jun 18 01:28 logs
drwxr-xr-x 3 cms015 cms    4096 Jun 18 01:28 objs
-rw------- 1 cms015 cms     104 Jun 18 01:29 pset.py
-rw------- 1 cms015 cms 3712305 Jun 18 01:29 pset.py.pkl
-rw------- 1 cms015 cms     289 Jun 18 01:29 pset.pyc
drwxr-xr-x 2 cms015 cms    4096 Jun 18 01:28 python
-rw------- 1 cms015 cms     410 Jun 18 01:32 report.log
drwx------ 6 cms015 cms    4096 Jun 18 01:28 src
drwxr-xr-x 3 cms015 cms    4096 Jun 18 01:28 test
drwxr-xr-x 3 cms015 cms    4096 Jun 18 01:28 tmp
-rw------- 1 cms015 cms 2763979 Jun 18 01:32 validationEDM.root
>>> current directory /home/cms015/home_cream_028292738/CREAM028292738/glide_qn6i2l/execute/dir_3191/CMSSW_6_2_0_SLHC12
>>> (SOFTWARE_DIR): /home/cms015/home_cream_028292738/CREAM028292738/glide_qn6i2l/execute/dir_3191/CMSSW_6_2_0_SLHC12
>>> (WORKING_DIR): 
>>> current directory content:
total 10076
drwxr-xr-x 3 cms015 cms    4096 Jun 18 01:28 .SCRAM
-rw------- 1 cms015 cms 3740110 Jun 18 01:28 CMSSW.py.pkl
drwxr-xr-x 3 cms015 cms    4096 Jun 18 01:28 bin
drwxr-xr-x 3 cms015 cms    4096 Jun 18 01:28 cfipython
drwxr-xr-x 4 cms015 cms    4096 Jun 18 01:28 config
-rw------- 1 cms015 cms      16 Jun 18 01:32 cpu_timing.txt
drwxr-xr-x 2 cms015 cms    4096 Jun 18 01:28 doc
-rw------- 1 cms015 cms    9907 Jun 18 01:32 executable.out
drwxr-xr-x 2 cms015 cms    4096 Jun 18 01:28 include
drwx------ 3 cms015 cms    4096 Apr 28 18:12 lib
drwxr-xr-x 3 cms015 cms    4096 Jun 18 01:28 logs
drwxr-xr-x 3 cms015 cms    4096 Jun 18 01:28 objs
-rw------- 1 cms015 cms     104 Jun 18 01:29 pset.py
-rw------- 1 cms015 cms 3712305 Jun 18 01:29 pset.py.pkl
-rw------- 1 cms015 cms     289 Jun 18 01:29 pset.pyc
drwxr-xr-x 2 cms015 cms    4096 Jun 18 01:28 python
-rw------- 1 cms015 cms     410 Jun 18 01:32 report.log
drwx------ 6 cms015 cms    4096 Jun 18 01:28 src
drwxr-xr-x 3 cms015 cms    4096 Jun 18 01:28 test
drwxr-xr-x 3 cms015 cms    4096 Jun 18 01:28 tmp
-rw------- 1 cms015 cms 2763979 Jun 18 01:32 validationEDM_14_1_ukZ.root
>>> current directory (RUNTIME_AREA):  /home/cms015/home_cream_028292738/CREAM028292738/glide_qn6i2l/execute/dir_3191
SE = storm-se-01.ba.infn.it
SE_PATH = /srm/managerv2?SFN=//cms/store/user/calabria/calabria_SingleMuPt10_GEN-SIM-DIGI-RECO_CMSSW_6_2_0_SLHC12_2023Scenario_Case5/calabria_MuMinus10_GEN-SIM-DIGI-RECO_CMSSW_6_2_0_SLHC12_2023Scenario_VALNOPU2_Case5/5854dd31cbd3cdec44c48628cc181cf0/
LFNBaseName = /store/user/calabria/calabria_SingleMuPt10_GEN-SIM-DIGI-RECO_CMSSW_6_2_0_SLHC12_2023Scenario_Case5/calabria_MuMinus10_GEN-SIM-DIGI-RECO_CMSSW_6_2_0_SLHC12_2023Scenario_VALNOPU2_Case5/5854dd31cbd3cdec44c48628cc181cf0/
USER = calabria
endpoint = srm://storm-se-01.ba.infn.it:8444/srm/managerv2?SFN=//cms/store/user/calabria/calabria_SingleMuPt10_GEN-SIM-DIGI-RECO_CMSSW_6_2_0_SLHC12_2023Scenario_Case5/calabria_MuMinus10_GEN-SIM-DIGI-RECO_CMSSW_6_2_0_SLHC12_2023Scenario_VALNOPU2_Case5/5854dd31cbd3cdec44c48628cc181cf0/
>>> Copy output files from WN = pccms139.ba.infn.it to /srm/managerv2?SFN=//cms/store/user/calabria/calabria_SingleMuPt10_GEN-SIM-DIGI-RECO_CMSSW_6_2_0_SLHC12_2023Scenario_Case5/calabria_MuMinus10_GEN-SIM-DIGI-RECO_CMSSW_6_2_0_SLHC12_2023Scenario_VALNOPU2_Case5/5854dd31cbd3cdec44c48628cc181cf0/ :
python cmscp.py  --destination srm://storm-se-01.ba.infn.it:8444/srm/managerv2?SFN=//cms/store/user/calabria/calabria_SingleMuPt10_GEN-SIM-DIGI-RECO_CMSSW_6_2_0_SLHC12_2023Scenario_Case5/calabria_MuMinus10_GEN-SIM-DIGI-RECO_CMSSW_6_2_0_SLHC12_2023Scenario_VALNOPU2_Case5/5854dd31cbd3cdec44c48628cc181cf0/ --inputFileList /home/cms015/home_cream_028292738/CREAM028292738/glide_qn6i2l/execute/dir_3191/CMSSW_6_2_0_SLHC12/validationEDM_14_1_ukZ.root --middleware LCG --se_name storm-se-01.ba.infn.it --for_lfn /store/user/calabria/calabria_SingleMuPt10_GEN-SIM-DIGI-RECO_CMSSW_6_2_0_SLHC12_2023Scenario_Case5/calabria_MuMinus10_GEN-SIM-DIGI-RECO_CMSSW_6_2_0_SLHC12_2023Scenario_VALNOPU2_Case5/5854dd31cbd3cdec44c48628cc181cf0/    
******************************************************
localSeName  =  storm-se-01.ba.infn.it
remoteSeName =  storm-se-01.ba.infn.it
******************************************************
{"/home/cms015/home_cream_028292738/CREAM028292738/glide_qn6i2l/execute/dir_3191/CMSSW_6_2_0_SLHC12/validationEDM_14_1_ukZ.root": {"endpoint": "srm://storm-se-01.ba.infn.it:8444/srm/managerv2?SFN=//cms/store/user/calabria/calabria_SingleMuPt10_GEN-SIM-DIGI-RECO_CMSSW_6_2_0_SLHC12_2023Scenario_Case5/calabria_MuMinus10_GEN-SIM-DIGI-RECO_CMSSW_6_2_0_SLHC12_2023Scenario_VALNOPU2_Case5/5854dd31cbd3cdec44c48628cc181cf0/", "surl_for_grid": "", "reason": "Copy succedeed with srm-lcg utils", "erCode": "0", "se_name": "storm-se-01.ba.infn.it", "for_lfn": "/store/user/calabria/calabria_SingleMuPt10_GEN-SIM-DIGI-RECO_CMSSW_6_2_0_SLHC12_2023Scenario_Case5/calabria_MuMinus10_GEN-SIM-DIGI-RECO_CMSSW_6_2_0_SLHC12_2023Scenario_VALNOPU2_Case5/5854dd31cbd3cdec44c48628cc181cf0/"}}/home/cms015/home_cream_028292738/CREAM028292738/glide_qn6i2l/execute/dir_3191
-------- cat /home/cms015/home_cream_028292738/CREAM028292738/glide_qn6i2l/execute/dir_3191/cmscpReport.sh 
#!/bin/bash
echo "Report for File: /home/cms015/home_cream_028292738/CREAM028292738/glide_qn6i2l/execute/dir_3191/CMSSW_6_2_0_SLHC12/validationEDM_14_1_ukZ.root"
echo "LFN: /store/user/calabria/calabria_SingleMuPt10_GEN-SIM-DIGI-RECO_CMSSW_6_2_0_SLHC12_2023Scenario_Case5/calabria_MuMinus10_GEN-SIM-DIGI-RECO_CMSSW_6_2_0_SLHC12_2023Scenario_VALNOPU2_Case5/5854dd31cbd3cdec44c48628cc181cf0/validationEDM_14_1_ukZ.root"
echo "StorageElement: storm-se-01.ba.infn.it"
echo "StageOutExitStatusReason = 'Copy succedeed with srm-lcg utils'" | tee -a $RUNTIME_AREA/$repo
echo "StageOutSE = storm-se-01.ba.infn.it" >> $RUNTIME_AREA/$repo

export StageOutExitStatus=0
echo "StageOutExitStatus = 0" | tee -a $RUNTIME_AREA/$repo
-------- end of /home/cms015/home_cream_028292738/CREAM028292738/glide_qn6i2l/execute/dir_3191/cmscpReport.sh 
Report for File: /home/cms015/home_cream_028292738/CREAM028292738/glide_qn6i2l/execute/dir_3191/CMSSW_6_2_0_SLHC12/validationEDM_14_1_ukZ.root
LFN: /store/user/calabria/calabria_SingleMuPt10_GEN-SIM-DIGI-RECO_CMSSW_6_2_0_SLHC12_2023Scenario_Case5/calabria_MuMinus10_GEN-SIM-DIGI-RECO_CMSSW_6_2_0_SLHC12_2023Scenario_VALNOPU2_Case5/5854dd31cbd3cdec44c48628cc181cf0/validationEDM_14_1_ukZ.root
StorageElement: storm-se-01.ba.infn.it
StageOutExitStatusReason = 'Copy succedeed with srm-lcg utils'
StageOutExitStatus = 0
>>> current dir: /home/cms015/home_cream_028292738/CREAM028292738/glide_qn6i2l/execute/dir_3191
>>> current dir content:
total 28080
-rw-------  1 cms015 cms     2778 Jun 18 01:33 .SEinteraction.log
-rwx------  1 cms015 cms     6821 Jun 18 01:28 .job.ad
-rwx------  1 cms015 cms     9453 Jun 18 01:28 .machine.ad
-rw-------  1 cms015 cms      105 Jun 16 20:50 CMSSW.py
-rw-------  1 cms015 cms  3740110 Jun 16 20:50 CMSSW.py.pkl
-rwx------  1 cms015 cms    29556 Jun 18 01:28 CMSSW.sh
drwxr-xr-x 15 cms015 cms     4096 Jun 18 01:32 CMSSW_6_2_0_SLHC12
-rw-------  1 cms015 cms      219 Jun 18 01:28 CacheEnv.sh
-rw-------  1 cms015 cms     7291 Apr  4 11:04 DashboardAPI.py
-rw-------  1 cms015 cms     6800 Jun 18 01:28 DashboardAPI.pyc
drwx------  2 cms015 cms     4096 Jun 18 01:32 IMProv
-rw-------  1 cms015 cms     2748 Apr  4 11:04 Logger.py
-rw-------  1 cms015 cms     3342 Jun 18 01:28 Logger.pyc
-rw-------  1 cms015 cms    24524 Apr  4 11:04 ProcInfo.py
-rw-------  1 cms015 cms    23173 Jun 18 01:28 ProcInfo.pyc
drwx------  7 cms015 cms     4096 Jun 18 01:29 ProdCommon
drwx------  3 cms015 cms     4096 Jun 18 01:28 WMCore
-rw-------  1 cms015 cms     2008 Jun 18 01:32 Watchdog_14.log
-rwx------  1 cms015 cms        0 Jun 18 01:28 _condor_stderr
-rwx---r--  1 cms015 cms    29364 Jun 18 01:33 _condor_stdout
-rw-------  1 cms015 cms    32895 Apr  4 11:04 apmon.py
-rw-------  1 cms015 cms    28596 Jun 18 01:28 apmon.pyc
-rwx------  1 cms015 cms    53760 Jun 18 01:28 arguments.xml
-rwx------  1 cms015 cms    38515 Apr  4 11:04 cmscp.py
-rw-------  1 cms015 cms      717 Jun 18 01:33 cmscpReport.sh
-rwx------  1 cms015 cms    29556 Jun 18 01:28 condor_exec.exe
-rw-------  1 cms015 cms      958 Jun 16 20:50 crab.cfg
-rwx------  1 cms015 cms     8610 Apr  4 11:04 crabWatchdog.sh
-rwx---r--  1 cms015 cms   523247 Jun 18 01:32 crab_fjr_14.xml
-rwx------  1 cms015 cms 23960431 Jun 18 01:28 default.tgz
-rwx------  1 cms015 cms     4488 Apr  4 11:04 fillCrabFjr.py
-rw-------  1 cms015 cms     2623 Jun 18 01:29 inputsReport.txt
-rw-------  1 cms015 cms      261 Jun 18 01:33 jobreport.txt
-rw-------  1 cms015 cms    17352 Apr  4 11:04 parseCrabFjr.py
-rw-------  1 cms015 cms      329 Jun 18 01:28 report.log
-rwx--x--x  1 cms015 cms     1497 Apr  4 11:04 report.py
-rw-------  1 cms015 cms      771 Jun 18 01:33 resultCopyFile
lrwxrwxrwx  1 cms015 cms      125 Jun 18 01:32 validationEDM.root -> /home/cms015/home_cream_028292738/CREAM028292738/glide_qn6i2l/execute/dir_3191/CMSSW_6_2_0_SLHC12/validationEDM_14_1_ukZ.root
-rwx------  1 cms015 cms     8387 Apr  4 11:04 writeCfg.py
-rw-------  1 cms015 cms     8010 Jun 18 01:28 x509up_u50707
>>> Modify Job Report:
CMSSW_VERSION = CMSSW_6_2_0_SLHC12
ProcessedDataset = calabria_MuMinus10_GEN-SIM-DIGI-RECO_CMSSW_6_2_0_SLHC12_2023Scenario_VALNOPU2_Case5
/home/cms015/home_cream_028292738/CREAM028292738/glide_qn6i2l/execute/dir_3191/ProdCommon/FwkJobRep/ModifyJobReport.py fjr /home/cms015/home_cream_028292738/CREAM028292738/glide_qn6i2l/execute/dir_3191/crab_fjr_14.xml json /home/cms015/home_cream_028292738/CREAM028292738/glide_qn6i2l/execute/dir_3191/resultCopyFile n_job 14_1_ukZ PrimaryDataset calabria_SingleMuPt10_GEN-SIM-DIGI-RECO_CMSSW_6_2_0_SLHC12_2023Scenario_Case5  ApplicationFamily cmsRun ApplicationName cmsRun cmssw_version CMSSW_6_2_0_SLHC12 psethash 5854dd31cbd3cdec44c48628cc181cf0 UserProcessedDataset calabria-calabria_MuMinus10_GEN-SIM-DIGI-RECO_CMSSW_6_2_0_SLHC12_2023Scenario_VALNOPU2_Case5-5854dd31cbd3cdec44c48628cc181cf0
inputDict =  {u'/home/cms015/home_cream_028292738/CREAM028292738/glide_qn6i2l/execute/dir_3191/CMSSW_6_2_0_SLHC12/validationEDM_14_1_ukZ.root': {u'endpoint': u'srm://storm-se-01.ba.infn.it:8444/srm/managerv2?SFN=//cms/store/user/calabria/calabria_SingleMuPt10_GEN-SIM-DIGI-RECO_CMSSW_6_2_0_SLHC12_2023Scenario_Case5/calabria_MuMinus10_GEN-SIM-DIGI-RECO_CMSSW_6_2_0_SLHC12_2023Scenario_VALNOPU2_Case5/5854dd31cbd3cdec44c48628cc181cf0/', u'surl_for_grid': u'', u'reason': u'Copy succedeed with srm-lcg utils', u'erCode': u'0', u'se_name': u'storm-se-01.ba.infn.it', u'for_lfn': u'/store/user/calabria/calabria_SingleMuPt10_GEN-SIM-DIGI-RECO_CMSSW_6_2_0_SLHC12_2023Scenario_Case5/calabria_MuMinus10_GEN-SIM-DIGI-RECO_CMSSW_6_2_0_SLHC12_2023Scenario_VALNOPU2_Case5/5854dd31cbd3cdec44c48628cc181cf0/'}}
UserProcessedDataset =  calabria-calabria_MuMinus10_GEN-SIM-DIGI-RECO_CMSSW_6_2_0_SLHC12_2023Scenario_VALNOPU2_Case5-5854dd31cbd3cdec44c48628cc181cf0
file_name in inputDict =  /home/cms015/home_cream_028292738/CREAM028292738/glide_qn6i2l/execute/dir_3191/CMSSW_6_2_0_SLHC12/validationEDM_14_1_ukZ.root
(size) os.stat(filename)[6] =  2763979
checksum =  468387970
    file =  validationEDM_14_1_ukZ.root
    newPfn =  srm://storm-se-01.ba.infn.it:8444/srm/managerv2?SFN=//cms/store/user/calabria/calabria_SingleMuPt10_GEN-SIM-DIGI-RECO_CMSSW_6_2_0_SLHC12_2023Scenario_Case5/calabria_MuMinus10_GEN-SIM-DIGI-RECO_CMSSW_6_2_0_SLHC12_2023Scenario_VALNOPU2_Case5/5854dd31cbd3cdec44c48628cc181cf0/validationEDM_14_1_ukZ.root
    newLfn =  /store/user/calabria/calabria_SingleMuPt10_GEN-SIM-DIGI-RECO_CMSSW_6_2_0_SLHC12_2023Scenario_Case5/calabria_MuMinus10_GEN-SIM-DIGI-RECO_CMSSW_6_2_0_SLHC12_2023Scenario_VALNOPU2_Case5/5854dd31cbd3cdec44c48628cc181cf0/validationEDM_14_1_ukZ.root
>>> crab_fjr_*.xml  permission set to 0704
CrabWrapper EXIT_FUNC entered at Wed Jun 18 01:33:06 CEST 2014   -  Tue Jun 17 23:33:06 UTC 2014
Checking output files:  
will tar file crab_fjr_14.xml in  out_files_14
WARNING: output file CMSSW_14.stdout not found!
WARNING: output file CMSSW_14.stderr not found!
WARNING: output file Watchdog_14.log.gz not found!
>>> padding time: Sleeping the wrapper for 342 seconds
STOPPING WATCHDOG. CrabWatchdog PID is 4206
********** LAST 50 LINES OF WATCHDOG LOG
# RESOURCE USAGE SUMMARY FOR PROCESS ID  3392
USER       PID %CPU %MEM    VSZ   RSS TTY      STAT START   TIME COMMAND
cms015    3392  0.7  0.0   9496  1592 ?        S    01:28   0:00 /bin/sh /home/cms015/home_cream_028292738/CREAM028292738/glide_qn6i2l/execute/dir_3191/condor_exec.exe 14 1
 
# LIMITS USED BY CRAB WATCHDOG:
# RSS  (KBytes)   : 2300000
# VSZ  (KBytes)   : 100000000
# DISK (MBytes)   : 19000
# CPU TIME        : 720h:0m:0s
# WALL CLOCK TIME : 21h:50m:0s
 
# FOLLOWING PRINTOUT TRACKS MAXIMUM VALUES OF RESOURCES USE
# ONE LINE IS PRINTED EACH TIME A MAXIMUM CHANGES
# IF CHANGE WAS IN RSS OR VSZ ALSO PROCID AND COMMAND ARE PRINTED
# THERE IS NO PRINTOUT FOR CPU/WALL TIME INCREASE
 
# TIME			PID	RSS(KB)	VSZ(KB)	Dsk(MB)	tCPU(s)	tWALL(s)	COMMAND
 Jun 18 01:28:55 CEST	3191	8416	93612	0	0	0	condor_starter -f submit-6.t2.ucsd.edu        
 Jun 18 01:28:55 CEST	4218	30932	93612	0	0	0	edmConfigHash pset.py         
 Jun 18 01:28:55 CEST	10552	30932	93916	0	5	0	condor_startd -f         
 Jun 18 01:28:55 CEST	23039	30932	106092	0	0	0	sh -c "./glidein_startup.sh" -v std -name v3_0 -entry CMS_T2_IT_Bari_ce2 -clientname UCSD-v1_0.main
 Jun 18 01:28:55 CEST	23047	30932	106492	0	0	0	/bin/bash ./glidein_startup.sh -v std -name v3_0 -entry CMS_T2_IT_Bari_ce2 -clientname UCSD-v1_0.main -schedd
 Jun 18 01:28:55 CEST	---	30932	106492	171	----	----	----
 Jun 18 01:29:55 CEST	4553	772480	988792	171	36	61	cmsRun -j /home/cms015/home_cream_028292738/CREAM028292738/glide_qn6i2l/execute/dir_3191/crab_fjr_14.xml -p pset.py      
 Jun 18 01:29:55 CEST	---	772480	988792	175	----	----	----
 Jun 18 01:30:56 CEST	4553	794540	1015156	175	75	121	cmsRun -j /home/cms015/home_cream_028292738/CREAM028292738/glide_qn6i2l/execute/dir_3191/crab_fjr_14.xml -p pset.py      
 Jun 18 01:31:57 CEST	4553	795264	1024728	175	114	182	cmsRun -j /home/cms015/home_cream_028292738/CREAM028292738/glide_qn6i2l/execute/dir_3191/crab_fjr_14.xml -p pset.py      
 Jun 18 01:32:58 CEST	---	795264	1024728	178	----	----	----
********** WATCHDOG LOG ENDED
ZIPPING WATCHDOG LOG
Disk space used:
du -sh /home/cms015/home_cream_028292738/CREAM028292738/glide_qn6i2l/execute/dir_3191
178M	/home/cms015/home_cream_028292738/CREAM028292738/glide_qn6i2l/execute/dir_3191
Found unusual stdout, rename for OSB
`/home/cms015/home_cream_028292738/CREAM028292738/glide_qn6i2l/execute/dir_3191/_condor_stdout' -> `CMSSW_14.stdout'
Found unusual stderr, rename for OSB
`/home/cms015/home_cream_028292738/CREAM028292738/glide_qn6i2l/execute/dir_3191/_condor_stdout' -> `CMSSW_14.stderr'
crab_fjr_14.xml
CMSSW_14.stdout
CMSSW_14.stderr
Watchdog_14.log.gz
Total Output dimension: 69802
WARNING: output files size limit is set to: 50000000
Total Output dimension 69802 is fine.
JOB_EXIT_STATUS = 0
>>> info for dashboard:
***** Cat /home/cms015/home_cream_028292738/CREAM028292738/glide_qn6i2l/execute/dir_3191/jobreport.txt *****
MonitorJobID=14_https://submit-6.t2.ucsd.edu//140616//168557.13
MonitorID=calabria_MuMinus10_Case5_ReReco_0ct8s3
ExeTime=184
ExeExitCode=0
StageOutExitStatusReason = 'Copy succedeed with srm-lcg utils'
StageOutSE = storm-se-01.ba.infn.it
StageOutExitStatus = 0
CrabUserCpuTime=123.87
CrabSysCpuTime=4.37
CrabCpuPercentage=69%
CrabWrapperTime=600
CrabStageoutTime=49
JobExitCode=0
***** End Cat jobreport *****
Parameters sent to Dashboard.
EXITING at Wed Jun 18 01:38:53 CEST 2014  -  Tue Jun 17 23:38:53 UTC 2014
