This script was generated by crab (version 2.10.5_patch1).
Running /home/cms011/home_cream_767551766/CREAM767551766/glide_Tyqww2/execute/dir_5399/condor_exec.exe with 2 positional parameters: 18 1
Today is Wed Jun 18 00:37:15 CEST 2014 - Tue Jun 17 22:37:15 UTC 2014
Job submitted on host pccms119.ba.infn.it
Linux pccms119.ba.infn.it 2.6.32-358.23.2.el6.x86_64 #1 SMP Thu Oct 17 10:27:22 CEST 2013 x86_64 x86_64 x86_64 GNU/Linux
>>> current directory (RUNTIME_AREA): /home/cms011/home_cream_767551766/CREAM767551766/glide_Tyqww2/execute/dir_5399
>>> current user: uid=11720(cms011) gid=1399(cms) groups=1399(cms)
>>> directory permission set to 0700
>>> umask set to:  u=rwx,g=,o=
>>> stdout stderr permission set to 0704
>>> voms proxy information:
subject   : /C=IT/O=INFN/OU=Personal Certificate/L=Bari/CN=Cesare Calabria/CN=477126703/CN=1706009420
issuer    : /C=IT/O=INFN/OU=Personal Certificate/L=Bari/CN=Cesare Calabria/CN=477126703
identity  : /C=IT/O=INFN/OU=Personal Certificate/L=Bari/CN=Cesare Calabria
type      : RFC3820 compliant limited proxy
strength  : 1024
path      : /home/cms011/home_cream_767551766/CREAM767551766/glide_Tyqww2/execute/dir_5399/x509up_u50707
timeleft  : 23:59:49
key usage : Digital Signature, Key Encipherment, Data Encipherment
=== VO cms extension information ===
VO        : cms
subject   : /C=IT/O=INFN/OU=Personal Certificate/L=Bari/CN=Cesare Calabria
issuer    : /DC=ch/DC=cern/OU=computers/CN=voms.cern.ch
attribute : /cms/Role=NULL/Capability=NULL
attribute : /cms/itcms/Role=NULL/Capability=NULL
timeleft  : 154:47:03
uri       : voms.cern.ch:15002

WNHostName=pccms119.ba.infn.it
>>> tar --no-same-permissions -xf /home/cms011/home_cream_767551766/CREAM767551766/glide_Tyqww2/execute/dir_5399/default.tgz :
Successful untar
>>> Include /home/cms011/home_cream_767551766/CREAM767551766/glide_Tyqww2/execute/dir_5399 in PYTHONPATH:
strip arguments
env var CRAB_UNIQUE_JOB_ID set to: calabria_MuMinus500_Case1_ReReco_6udr80_18_1_pKN
out_files_18
>>> list of expected files on output sandbox
output files: crab_fjr_18.xml CMSSW_18.stdout CMSSW_18.stderr Watchdog_18.log.gz
>>> GridFlavour discovery: 
GridFlavour=LCG
>>> SyncSite discovery: 
SyncSite=T2_IT_Bari
>>> SyncCE discovery: 
getting SyncCE from CE_ID
SyncCE=cream-ce-4.ba.infn.it:8443/cream-pbs-cms
>>> info for dashboard:
***** Cat /home/cms011/home_cream_767551766/CREAM767551766/glide_Tyqww2/execute/dir_5399/jobreport.txt *****
WNHostName=pccms119.ba.infn.it
MonitorJobID=18_https://submit-4.t2.ucsd.edu//140616//222481.17
SyncGridJobId=https://submit-4.t2.ucsd.edu//140616//222481.17
MonitorID=calabria_MuMinus500_Case1_ReReco_6udr80
GridFlavour=LCG
SyncSite=T2_IT_Bari
SyncCE=cream-ce-4.ba.infn.it:8443/cream-pbs-cms
***** End Cat jobreport *****
Parameters sent to Dashboard.
>>> setup environment
set SCRAM ARCH to slc5_amd64_gcc472
SCRAM_ARCH = slc5_amd64_gcc472
>>> setup CMS LCG environment:
set SCRAM ARCH and BUILD_ARCH to slc5_amd64_gcc472 ###
Sourcing environment... 
sourcing /cvmfs/cms.cern.ch/cmsset_default.sh
==> setup cms environment ok
>>> specific cmssw setup environment:
CMSSW_VERSION =  CMSSW_6_2_0_SLHC12
>>> current directory (SOFTWARE_DIR): /home/cms011/home_cream_767551766/CREAM767551766/glide_Tyqww2/execute/dir_5399/CMSSW_6_2_0_SLHC12
PreserveSeeds: <>
IncrementSeeds:<>
>>> info for dashboard:
***** Cat /home/cms011/home_cream_767551766/CREAM767551766/glide_Tyqww2/execute/dir_5399/jobreport.txt *****
MonitorJobID=18_https://submit-4.t2.ucsd.edu//140616//222481.17
MonitorID=calabria_MuMinus500_Case1_ReReco_6udr80
***** End Cat jobreport *****
Parameters sent to Dashboard.
crabWatchdog started as process 5841
>>> moving CMSSW software directories in /home/cms011/home_cream_767551766/CREAM767551766/glide_Tyqww2/execute/dir_5399/CMSSW_6_2_0_SLHC12
mv: cannot stat `/home/cms011/home_cream_767551766/CREAM767551766/glide_Tyqww2/execute/dir_5399/module/': No such file or directory
>>> Include /home/cms011/home_cream_767551766/CREAM767551766/glide_Tyqww2/execute/dir_5399 in PYTHONPATH:
PYTHONPATH=/home/cms011/home_cream_767551766/CREAM767551766/glide_Tyqww2/execute/dir_5399/:/home/cms011/home_cream_767551766/CREAM767551766/glide_Tyqww2/execute/dir_5399/CMSSW_6_2_0_SLHC12/python:/home/cms011/home_cream_767551766/CREAM767551766/glide_Tyqww2/execute/dir_5399/CMSSW_6_2_0_SLHC12/lib/slc5_amd64_gcc472:/cvmfs/cms.cern.ch/slc5_amd64_gcc472/cms/cmssw/CMSSW_6_2_0_SLHC12/python:/cvmfs/cms.cern.ch/slc5_amd64_gcc472/cms/cmssw/CMSSW_6_2_0_SLHC12/lib/slc5_amd64_gcc472:/cvmfs/cms.cern.ch/slc5_amd64_gcc472/cms/coral/CORAL_2_3_21-cms36/slc5_amd64_gcc472/python:/cvmfs/cms.cern.ch/slc5_amd64_gcc472/cms/coral/CORAL_2_3_21-cms36/slc5_amd64_gcc472/lib:/cvmfs/cms.cern.ch/slc5_amd64_gcc472/external/pyqt/4.8.1-cms6/lib/python2.7/site-packages:/cvmfs/cms.cern.ch/slc5_amd64_gcc472/external/py2-scipy/0.8.0-cms8/lib/python2.7/site-packages:/cvmfs/cms.cern.ch/slc5_amd64_gcc472/external/py2-matplotlib/1.0.1-cms8/lib/python2.7/site-packages:/cvmfs/cms.cern.ch/slc5_amd64_gcc472/external/python-ldap/2.3.5-cms6/lib/python2.7/site-packages:/cvmfs/cms.cern.ch/slc5_amd64_gcc472/external/sip/4.11.2-cms6/lib/python2.7/site-packages:/cvmfs/cms.cern.ch/slc5_amd64_gcc472/external/py2-pycurl/7.19.0-cms8/lib/python2.7/site-packages:/cvmfs/cms.cern.ch/slc5_amd64_gcc472/external/py2-numpy/1.6.1-cms8/lib/python2.7/site-packages:/cvmfs/cms.cern.ch/slc5_amd64_gcc472/external/py2-lint/0.25.1-cms6/lib/python2.7/site-packages:/cvmfs/cms.cern.ch/slc5_amd64_gcc472/external/py2-ipython/0.10-cms6/lib/python2.7/site-packages:/cvmfs/cms.cern.ch/slc5_amd64_gcc472/external/py2-cx-oracle/5.1-cms7/lib/python2.7/site-packages:/cvmfs/cms.cern.ch/slc5_amd64_gcc472/external/py2-cjson/1.0.5-cms6/lib/python2.7/site-packages:/cvmfs/cms.cern.ch/slc5_amd64_gcc472/cms/das-client/1.11.7/bin:/cvmfs/cms.cern.ch/slc5_amd64_gcc472/external/elementtree/1.2.6-cms6/share/lib/python2.7/site-packages:/cvmfs/cms.cern.ch/slc5_amd64_gcc472/external/rivet/1.8.2-cms8/lib/python2.7/site-packages:/cvmfs/cms.cern.ch/slc5_amd64_gcc472/external/pyminuit2/0.0.1-cms19/lib/python2.7/site-packages:/cvmfs/cms.cern.ch/slc5_amd64_gcc472/external/py2-pygithub/1.23.0/lib/python2.7/site-packages:/cvmfs/cms.cern.ch/slc5_amd64_gcc472/external/professor/1.0.0-cms19/lib/python2.7/site-packages:/cvmfs/cms.cern.ch/slc5_amd64_gcc472/lcg/root/5.34.07-cms/lib:/cvmfs/cms.cern.ch/slc5_amd64_gcc472/cms/dbs-client/DBS_2_1_9-cms5/lib:/cvmfs/cms.cern.ch/slc5_amd64_gcc472/cms/dbs-client/DBS_2_1_9-cms5/lib/DBSAPI:/cvmfs/cms.cern.ch/slc5_amd64_gcc472/external/cvs2git/5419-cms/lib:/home/cms011/home_cream_767551766/CREAM767551766/glide_Tyqww2/execute/dir_5399/
 
# LIMITS USED BY CRAB WATCHDOG:
# RSS  (KBytes)   : 2300000
# VSZ  (KBytes)   : 100000000
# DISK (MBytes)   : 19000
# CPU TIME        : 720h:0m:0s
# WALL CLOCK TIME : 21h:50m:0s
 
5854dd31cbd3cdec44c48628cc181cf0
PSETHASH = 5854dd31cbd3cdec44c48628cc181cf0
/home/cms011/home_cream_767551766/CREAM767551766/glide_Tyqww2/execute/dir_5399/writeCfg.py pset.py pset.py
Importing .py file
Setting parameters
RandomNumberGeneratorService found, will attempt to change seeds
inputBlocks=/calabria_SingleMuPt500_GEN-SIM-DIGI-RECO_CMSSW_6_2_0_SLHC12_2023Scenario_Case1/calabria-calabria_SingleMuPt500_GEN-SIM-DIGI-RECO_CMSSW_6_2_0_SLHC12_2023Scenario_Case1-41247ff61fcce1e4991e517dad8c5752/USER#9c05c672-2cfe-4577-b004-2c4eae5865e4
inputFiles=/store/user/calabria/calabria_SingleMuPt500_GEN-SIM-DIGI-RECO_CMSSW_6_2_0_SLHC12_2023Scenario_Case1/calabria_SingleMuPt500_GEN-SIM-DIGI-RECO_CMSSW_6_2_0_SLHC12_2023Scenario_Case1/41247ff61fcce1e4991e517dad8c5752/out_reco_157_2_VcG.root;/store/user/calabria/calabria_SingleMuPt500_GEN-SIM-DIGI-RECO_CMSSW_6_2_0_SLHC12_2023Scenario_Case1/calabria_SingleMuPt500_GEN-SIM-DIGI-RECO_CMSSW_6_2_0_SLHC12_2023Scenario_Case1/41247ff61fcce1e4991e517dad8c5752/out_reco_159_2_RoH.root;/store/user/calabria/calabria_SingleMuPt500_GEN-SIM-DIGI-RECO_CMSSW_6_2_0_SLHC12_2023Scenario_Case1/calabria_SingleMuPt500_GEN-SIM-DIGI-RECO_CMSSW_6_2_0_SLHC12_2023Scenario_Case1/41247ff61fcce1e4991e517dad8c5752/out_reco_160_1_5Xn.root;/store/user/calabria/calabria_SingleMuPt500_GEN-SIM-DIGI-RECO_CMSSW_6_2_0_SLHC12_2023Scenario_Case1/calabria_SingleMuPt500_GEN-SIM-DIGI-RECO_CMSSW_6_2_0_SLHC12_2023Scenario_Case1/41247ff61fcce1e4991e517dad8c5752/out_reco_161_2_vql.root;/store/user/calabria/calabria_SingleMuPt500_GEN-SIM-DIGI-RECO_CMSSW_6_2_0_SLHC12_2023Scenario_Case1/calabria_SingleMuPt500_GEN-SIM-DIGI-RECO_CMSSW_6_2_0_SLHC12_2023Scenario_Case1/41247ff61fcce1e4991e517dad8c5752/out_reco_162_2_uou.root;/store/user/calabria/calabria_SingleMuPt500_GEN-SIM-DIGI-RECO_CMSSW_6_2_0_SLHC12_2023Scenario_Case1/calabria_SingleMuPt500_GEN-SIM-DIGI-RECO_CMSSW_6_2_0_SLHC12_2023Scenario_Case1/41247ff61fcce1e4991e517dad8c5752/out_reco_163_2_KmF.root;/store/user/calabria/calabria_SingleMuPt500_GEN-SIM-DIGI-RECO_CMSSW_6_2_0_SLHC12_2023Scenario_Case1/calabria_SingleMuPt500_GEN-SIM-DIGI-RECO_CMSSW_6_2_0_SLHC12_2023Scenario_Case1/41247ff61fcce1e4991e517dad8c5752/out_reco_164_2_Tyf.root;/store/user/calabria/calabria_SingleMuPt500_GEN-SIM-DIGI-RECO_CMSSW_6_2_0_SLHC12_2023Scenario_Case1/calabria_SingleMuPt500_GEN-SIM-DIGI-RECO_CMSSW_6_2_0_SLHC12_2023Scenario_Case1/41247ff61fcce1e4991e517dad8c5752/out_reco_165_2_iPb.root;/store/user/calabria/calabria_SingleMuPt500_GEN-SIM-DIGI-RECO_CMSSW_6_2_0_SLHC12_2023Scenario_Case1/calabria_SingleMuPt500_GEN-SIM-DIGI-RECO_CMSSW_6_2_0_SLHC12_2023Scenario_Case1/41247ff61fcce1e4991e517dad8c5752/out_reco_167_2_HBH.root;/store/user/calabria/calabria_SingleMuPt500_GEN-SIM-DIGI-RECO_CMSSW_6_2_0_SLHC12_2023Scenario_Case1/calabria_SingleMuPt500_GEN-SIM-DIGI-RECO_CMSSW_6_2_0_SLHC12_2023Scenario_Case1/41247ff61fcce1e4991e517dad8c5752/out_reco_169_1_lvU.root
parentFiles=
lumisRange=
>>> Executable cmsRun
/cvmfs/cms.cern.ch/slc5_amd64_gcc472/cms/cmssw/CMSSW_6_2_0_SLHC12/bin/slc5_amd64_gcc472/cmsRun
ok executable found
>>> info for dashboard:
***** Cat /home/cms011/home_cream_767551766/CREAM767551766/glide_Tyqww2/execute/dir_5399/jobreport.txt *****
MonitorJobID=18_https://submit-4.t2.ucsd.edu//140616//222481.17
MonitorID=calabria_MuMinus500_Case1_ReReco_6udr80
ExeStart=cmsRun
***** End Cat jobreport *****
Parameters sent to Dashboard.
>>> cmsRun started at Tue Jun 17 22:37:37 UTC 2014
>>> cmsRun ended at Tue Jun 17 22:43:54 UTC 2014
>>> crab_fjr_*.xml  permission set to 0704
>>> info for dashboard:
***** Cat /home/cms011/home_cream_767551766/CREAM767551766/glide_Tyqww2/execute/dir_5399/jobreport.txt *****
MonitorJobID=18_https://submit-4.t2.ucsd.edu//140616//222481.17
MonitorID=calabria_MuMinus500_Case1_ReReco_6udr80
ExeEnd=cmsRun
***** End Cat jobreport *****
Parameters sent to Dashboard.
TIME_EXE = 377 sec
>>> cmsRun wrote 50 lines of stdout+stderr
>>> START OF printout of 50 lines from stdout+stderr
271 DQMStore::DQMStore 
HcalTopologyIdealEP::HcalTopologyIdealEP
18-Jun-2014 00:37:53 CEST  Initiating request to open file file:/lustre/cms//store/user/calabria/calabria_SingleMuPt500_GEN-SIM-DIGI-RECO_CMSSW_6_2_0_SLHC12_2023Scenario_Case1/calabria_SingleMuPt500_GEN-SIM-DIGI-RECO_CMSSW_6_2_0_SLHC12_2023Scenario_Case1/41247ff61fcce1e4991e517dad8c5752/out_reco_157_2_VcG.root
18-Jun-2014 00:37:55 CEST  Successfully opened file file:/lustre/cms//store/user/calabria/calabria_SingleMuPt500_GEN-SIM-DIGI-RECO_CMSSW_6_2_0_SLHC12_2023Scenario_Case1/calabria_SingleMuPt500_GEN-SIM-DIGI-RECO_CMSSW_6_2_0_SLHC12_2023Scenario_Case1/41247ff61fcce1e4991e517dad8c5752/out_reco_157_2_VcG.root
18-Jun-2014 00:38:32 CEST  Closed file file:/lustre/cms//store/user/calabria/calabria_SingleMuPt500_GEN-SIM-DIGI-RECO_CMSSW_6_2_0_SLHC12_2023Scenario_Case1/calabria_SingleMuPt500_GEN-SIM-DIGI-RECO_CMSSW_6_2_0_SLHC12_2023Scenario_Case1/41247ff61fcce1e4991e517dad8c5752/out_reco_157_2_VcG.root
18-Jun-2014 00:38:32 CEST  Initiating request to open file file:/lustre/cms//store/user/calabria/calabria_SingleMuPt500_GEN-SIM-DIGI-RECO_CMSSW_6_2_0_SLHC12_2023Scenario_Case1/calabria_SingleMuPt500_GEN-SIM-DIGI-RECO_CMSSW_6_2_0_SLHC12_2023Scenario_Case1/41247ff61fcce1e4991e517dad8c5752/out_reco_159_2_RoH.root
18-Jun-2014 00:38:32 CEST  Successfully opened file file:/lustre/cms//store/user/calabria/calabria_SingleMuPt500_GEN-SIM-DIGI-RECO_CMSSW_6_2_0_SLHC12_2023Scenario_Case1/calabria_SingleMuPt500_GEN-SIM-DIGI-RECO_CMSSW_6_2_0_SLHC12_2023Scenario_Case1/41247ff61fcce1e4991e517dad8c5752/out_reco_159_2_RoH.root
18-Jun-2014 00:39:07 CEST  Closed file file:/lustre/cms//store/user/calabria/calabria_SingleMuPt500_GEN-SIM-DIGI-RECO_CMSSW_6_2_0_SLHC12_2023Scenario_Case1/calabria_SingleMuPt500_GEN-SIM-DIGI-RECO_CMSSW_6_2_0_SLHC12_2023Scenario_Case1/41247ff61fcce1e4991e517dad8c5752/out_reco_159_2_RoH.root
18-Jun-2014 00:39:07 CEST  Initiating request to open file file:/lustre/cms//store/user/calabria/calabria_SingleMuPt500_GEN-SIM-DIGI-RECO_CMSSW_6_2_0_SLHC12_2023Scenario_Case1/calabria_SingleMuPt500_GEN-SIM-DIGI-RECO_CMSSW_6_2_0_SLHC12_2023Scenario_Case1/41247ff61fcce1e4991e517dad8c5752/out_reco_160_1_5Xn.root
18-Jun-2014 00:39:07 CEST  Successfully opened file file:/lustre/cms//store/user/calabria/calabria_SingleMuPt500_GEN-SIM-DIGI-RECO_CMSSW_6_2_0_SLHC12_2023Scenario_Case1/calabria_SingleMuPt500_GEN-SIM-DIGI-RECO_CMSSW_6_2_0_SLHC12_2023Scenario_Case1/41247ff61fcce1e4991e517dad8c5752/out_reco_160_1_5Xn.root
18-Jun-2014 00:39:41 CEST  Closed file file:/lustre/cms//store/user/calabria/calabria_SingleMuPt500_GEN-SIM-DIGI-RECO_CMSSW_6_2_0_SLHC12_2023Scenario_Case1/calabria_SingleMuPt500_GEN-SIM-DIGI-RECO_CMSSW_6_2_0_SLHC12_2023Scenario_Case1/41247ff61fcce1e4991e517dad8c5752/out_reco_160_1_5Xn.root
18-Jun-2014 00:39:41 CEST  Initiating request to open file file:/lustre/cms//store/user/calabria/calabria_SingleMuPt500_GEN-SIM-DIGI-RECO_CMSSW_6_2_0_SLHC12_2023Scenario_Case1/calabria_SingleMuPt500_GEN-SIM-DIGI-RECO_CMSSW_6_2_0_SLHC12_2023Scenario_Case1/41247ff61fcce1e4991e517dad8c5752/out_reco_161_2_vql.root
18-Jun-2014 00:39:41 CEST  Successfully opened file file:/lustre/cms//store/user/calabria/calabria_SingleMuPt500_GEN-SIM-DIGI-RECO_CMSSW_6_2_0_SLHC12_2023Scenario_Case1/calabria_SingleMuPt500_GEN-SIM-DIGI-RECO_CMSSW_6_2_0_SLHC12_2023Scenario_Case1/41247ff61fcce1e4991e517dad8c5752/out_reco_161_2_vql.root
18-Jun-2014 00:40:14 CEST  Closed file file:/lustre/cms//store/user/calabria/calabria_SingleMuPt500_GEN-SIM-DIGI-RECO_CMSSW_6_2_0_SLHC12_2023Scenario_Case1/calabria_SingleMuPt500_GEN-SIM-DIGI-RECO_CMSSW_6_2_0_SLHC12_2023Scenario_Case1/41247ff61fcce1e4991e517dad8c5752/out_reco_161_2_vql.root
18-Jun-2014 00:40:14 CEST  Initiating request to open file file:/lustre/cms//store/user/calabria/calabria_SingleMuPt500_GEN-SIM-DIGI-RECO_CMSSW_6_2_0_SLHC12_2023Scenario_Case1/calabria_SingleMuPt500_GEN-SIM-DIGI-RECO_CMSSW_6_2_0_SLHC12_2023Scenario_Case1/41247ff61fcce1e4991e517dad8c5752/out_reco_162_2_uou.root
18-Jun-2014 00:40:14 CEST  Successfully opened file file:/lustre/cms//store/user/calabria/calabria_SingleMuPt500_GEN-SIM-DIGI-RECO_CMSSW_6_2_0_SLHC12_2023Scenario_Case1/calabria_SingleMuPt500_GEN-SIM-DIGI-RECO_CMSSW_6_2_0_SLHC12_2023Scenario_Case1/41247ff61fcce1e4991e517dad8c5752/out_reco_162_2_uou.root
18-Jun-2014 00:40:48 CEST  Closed file file:/lustre/cms//store/user/calabria/calabria_SingleMuPt500_GEN-SIM-DIGI-RECO_CMSSW_6_2_0_SLHC12_2023Scenario_Case1/calabria_SingleMuPt500_GEN-SIM-DIGI-RECO_CMSSW_6_2_0_SLHC12_2023Scenario_Case1/41247ff61fcce1e4991e517dad8c5752/out_reco_162_2_uou.root
18-Jun-2014 00:40:48 CEST  Initiating request to open file file:/lustre/cms//store/user/calabria/calabria_SingleMuPt500_GEN-SIM-DIGI-RECO_CMSSW_6_2_0_SLHC12_2023Scenario_Case1/calabria_SingleMuPt500_GEN-SIM-DIGI-RECO_CMSSW_6_2_0_SLHC12_2023Scenario_Case1/41247ff61fcce1e4991e517dad8c5752/out_reco_163_2_KmF.root
18-Jun-2014 00:40:48 CEST  Successfully opened file file:/lustre/cms//store/user/calabria/calabria_SingleMuPt500_GEN-SIM-DIGI-RECO_CMSSW_6_2_0_SLHC12_2023Scenario_Case1/calabria_SingleMuPt500_GEN-SIM-DIGI-RECO_CMSSW_6_2_0_SLHC12_2023Scenario_Case1/41247ff61fcce1e4991e517dad8c5752/out_reco_163_2_KmF.root
18-Jun-2014 00:41:23 CEST  Closed file file:/lustre/cms//store/user/calabria/calabria_SingleMuPt500_GEN-SIM-DIGI-RECO_CMSSW_6_2_0_SLHC12_2023Scenario_Case1/calabria_SingleMuPt500_GEN-SIM-DIGI-RECO_CMSSW_6_2_0_SLHC12_2023Scenario_Case1/41247ff61fcce1e4991e517dad8c5752/out_reco_163_2_KmF.root
18-Jun-2014 00:41:23 CEST  Initiating request to open file file:/lustre/cms//store/user/calabria/calabria_SingleMuPt500_GEN-SIM-DIGI-RECO_CMSSW_6_2_0_SLHC12_2023Scenario_Case1/calabria_SingleMuPt500_GEN-SIM-DIGI-RECO_CMSSW_6_2_0_SLHC12_2023Scenario_Case1/41247ff61fcce1e4991e517dad8c5752/out_reco_164_2_Tyf.root
18-Jun-2014 00:41:23 CEST  Successfully opened file file:/lustre/cms//store/user/calabria/calabria_SingleMuPt500_GEN-SIM-DIGI-RECO_CMSSW_6_2_0_SLHC12_2023Scenario_Case1/calabria_SingleMuPt500_GEN-SIM-DIGI-RECO_CMSSW_6_2_0_SLHC12_2023Scenario_Case1/41247ff61fcce1e4991e517dad8c5752/out_reco_164_2_Tyf.root
18-Jun-2014 00:41:59 CEST  Closed file file:/lustre/cms//store/user/calabria/calabria_SingleMuPt500_GEN-SIM-DIGI-RECO_CMSSW_6_2_0_SLHC12_2023Scenario_Case1/calabria_SingleMuPt500_GEN-SIM-DIGI-RECO_CMSSW_6_2_0_SLHC12_2023Scenario_Case1/41247ff61fcce1e4991e517dad8c5752/out_reco_164_2_Tyf.root
18-Jun-2014 00:41:59 CEST  Initiating request to open file file:/lustre/cms//store/user/calabria/calabria_SingleMuPt500_GEN-SIM-DIGI-RECO_CMSSW_6_2_0_SLHC12_2023Scenario_Case1/calabria_SingleMuPt500_GEN-SIM-DIGI-RECO_CMSSW_6_2_0_SLHC12_2023Scenario_Case1/41247ff61fcce1e4991e517dad8c5752/out_reco_165_2_iPb.root
18-Jun-2014 00:41:59 CEST  Successfully opened file file:/lustre/cms//store/user/calabria/calabria_SingleMuPt500_GEN-SIM-DIGI-RECO_CMSSW_6_2_0_SLHC12_2023Scenario_Case1/calabria_SingleMuPt500_GEN-SIM-DIGI-RECO_CMSSW_6_2_0_SLHC12_2023Scenario_Case1/41247ff61fcce1e4991e517dad8c5752/out_reco_165_2_iPb.root
18-Jun-2014 00:42:35 CEST  Closed file file:/lustre/cms//store/user/calabria/calabria_SingleMuPt500_GEN-SIM-DIGI-RECO_CMSSW_6_2_0_SLHC12_2023Scenario_Case1/calabria_SingleMuPt500_GEN-SIM-DIGI-RECO_CMSSW_6_2_0_SLHC12_2023Scenario_Case1/41247ff61fcce1e4991e517dad8c5752/out_reco_165_2_iPb.root
18-Jun-2014 00:42:35 CEST  Initiating request to open file file:/lustre/cms//store/user/calabria/calabria_SingleMuPt500_GEN-SIM-DIGI-RECO_CMSSW_6_2_0_SLHC12_2023Scenario_Case1/calabria_SingleMuPt500_GEN-SIM-DIGI-RECO_CMSSW_6_2_0_SLHC12_2023Scenario_Case1/41247ff61fcce1e4991e517dad8c5752/out_reco_167_2_HBH.root
18-Jun-2014 00:42:35 CEST  Successfully opened file file:/lustre/cms//store/user/calabria/calabria_SingleMuPt500_GEN-SIM-DIGI-RECO_CMSSW_6_2_0_SLHC12_2023Scenario_Case1/calabria_SingleMuPt500_GEN-SIM-DIGI-RECO_CMSSW_6_2_0_SLHC12_2023Scenario_Case1/41247ff61fcce1e4991e517dad8c5752/out_reco_167_2_HBH.root
18-Jun-2014 00:43:10 CEST  Closed file file:/lustre/cms//store/user/calabria/calabria_SingleMuPt500_GEN-SIM-DIGI-RECO_CMSSW_6_2_0_SLHC12_2023Scenario_Case1/calabria_SingleMuPt500_GEN-SIM-DIGI-RECO_CMSSW_6_2_0_SLHC12_2023Scenario_Case1/41247ff61fcce1e4991e517dad8c5752/out_reco_167_2_HBH.root
18-Jun-2014 00:43:10 CEST  Initiating request to open file file:/lustre/cms//store/user/calabria/calabria_SingleMuPt500_GEN-SIM-DIGI-RECO_CMSSW_6_2_0_SLHC12_2023Scenario_Case1/calabria_SingleMuPt500_GEN-SIM-DIGI-RECO_CMSSW_6_2_0_SLHC12_2023Scenario_Case1/41247ff61fcce1e4991e517dad8c5752/out_reco_169_1_lvU.root
18-Jun-2014 00:43:10 CEST  Successfully opened file file:/lustre/cms//store/user/calabria/calabria_SingleMuPt500_GEN-SIM-DIGI-RECO_CMSSW_6_2_0_SLHC12_2023Scenario_Case1/calabria_SingleMuPt500_GEN-SIM-DIGI-RECO_CMSSW_6_2_0_SLHC12_2023Scenario_Case1/41247ff61fcce1e4991e517dad8c5752/out_reco_169_1_lvU.root
18-Jun-2014 00:43:53 CEST  Closed file file:/lustre/cms//store/user/calabria/calabria_SingleMuPt500_GEN-SIM-DIGI-RECO_CMSSW_6_2_0_SLHC12_2023Scenario_Case1/calabria_SingleMuPt500_GEN-SIM-DIGI-RECO_CMSSW_6_2_0_SLHC12_2023Scenario_Case1/41247ff61fcce1e4991e517dad8c5752/out_reco_169_1_lvU.root

=============================================

MessageLogger Summary

 type     category        sev    module        subroutine        count    total
 ---- -------------------- -- ---------------- ----------------  -----    -----
    1 fileAction           -s file_close                            10       10
    2 fileAction           -s file_open                             20       20

 type    category    Examples: run/evt        run/evt          run/evt
 ---- -------------------- ---------------- ---------------- ----------------
    1 fileAction           PostProcessEvent PostProcessEvent PostEndRun
    2 fileAction           pre-events       pre-events       PostProcessEvent

Severity    # Occurrences   Total Occurrences
--------    -------------   -----------------
System                 30                  30
>>> END OF printout of 50 lines from stdout+stderr
>>> Parse FrameworkJobReport crab_fjr.xml
Result of parsing the FrameworkJobReport crab_fjr.xml: Popularity start
lumisRange : 1::::1;1::::2;1::::3;1::::4;1::::5;1::::6;1::::7;1::::8;1::::9;1::::10;
lumisParentRange : 
Basename : /store/user/calabria/calabria_SingleMuPt500_GEN-SIM-DIGI-RECO_CMSSW_6_2_0_SLHC12_2023Scenario_Case1/calabria_SingleMuPt500_GEN-SIM-DIGI-RECO_CMSSW_6_2_0_SLHC12_2023Scenario_Case1/41247ff61fcce1e4991e517dad8c5752/out_reco_1
BasenameParent : 
parentFiles : 
inputBlocks : /calabria_SingleMuPt500_GEN-SIM-DIGI-RECO_CMSSW_6_2_0_SLHC12_2023Scenario_Case1/calabria-calabria_SingleMuPt500_GEN-SIM-DIGI-RECO_CMSSW_6_2_0_SLHC12_2023Scenario_Case1-41247ff61fcce1e4991e517dad8c5752/USER#9c05c672-2cfe-4577-b004-2c4eae5865e4
inputFiles : 63_2_KmF.root::1::EDM::Local::1;57_2_VcG.root::1::EDM::Local::2;61_2_vql.root::1::EDM::Local::3;67_2_HBH.root::1::EDM::Local::4;64_2_Tyf.root::1::EDM::Local::5;69_1_lvU.root::1::EDM::Local::6;65_2_iPb.root::1::EDM::Local::7;60_1_5Xn.root::1::EDM::Local::8;59_2_RoH.root::1::EDM::Local::9;62_2_uou.root::1::EDM::Local::10;
Popularity stop
Extracted ExitStatus from FrameworkJobReport parsing output: 0
>>> Executable succeded  0
ExeExitCode=0
EXECUTABLE_EXIT_STATUS = 0
>>> current directory /home/cms011/home_cream_767551766/CREAM767551766/glide_Tyqww2/execute/dir_5399/CMSSW_6_2_0_SLHC12
>>>  (SOFTWARE_DIR): /home/cms011/home_cream_767551766/CREAM767551766/glide_Tyqww2/execute/dir_5399/CMSSW_6_2_0_SLHC12
>>> (WORKING_DIR): 
>>> current directory content:
total 11148
drwxr-xr-x 3 cms011 cms    4096 Jun 18 00:37 .SCRAM
-rw------- 1 cms011 cms 3740401 Jun 18 00:37 CMSSW.py.pkl
drwxr-xr-x 3 cms011 cms    4096 Jun 18 00:37 bin
drwxr-xr-x 3 cms011 cms    4096 Jun 18 00:37 cfipython
drwxr-xr-x 4 cms011 cms    4096 Jun 18 00:37 config
-rw------- 1 cms011 cms      16 Jun 18 00:43 cpu_timing.txt
drwxr-xr-x 2 cms011 cms    4096 Jun 18 00:37 doc
-rw------- 1 cms011 cms    9985 Jun 18 00:43 executable.out
drwxr-xr-x 2 cms011 cms    4096 Jun 18 00:37 include
drwx------ 3 cms011 cms    4096 Apr 28 18:12 lib
drwxr-xr-x 3 cms011 cms    4096 Jun 18 00:37 logs
drwxr-xr-x 3 cms011 cms    4096 Jun 18 00:37 objs
-rw------- 1 cms011 cms     104 Jun 18 00:37 pset.py
-rw------- 1 cms011 cms 3712326 Jun 18 00:37 pset.py.pkl
-rw------- 1 cms011 cms     289 Jun 18 00:37 pset.pyc
drwxr-xr-x 2 cms011 cms    4096 Jun 18 00:37 python
-rw------- 1 cms011 cms     413 Jun 18 00:43 report.log
drwx------ 6 cms011 cms    4096 Jun 18 00:37 src
drwxr-xr-x 3 cms011 cms    4096 Jun 18 00:37 test
drwxr-xr-x 3 cms011 cms    4096 Jun 18 00:37 tmp
-rw------- 1 cms011 cms 3858562 Jun 18 00:43 validationEDM.root
>>> current directory /home/cms011/home_cream_767551766/CREAM767551766/glide_Tyqww2/execute/dir_5399/CMSSW_6_2_0_SLHC12
>>> (SOFTWARE_DIR): /home/cms011/home_cream_767551766/CREAM767551766/glide_Tyqww2/execute/dir_5399/CMSSW_6_2_0_SLHC12
>>> (WORKING_DIR): 
>>> current directory content:
total 11148
drwxr-xr-x 3 cms011 cms    4096 Jun 18 00:37 .SCRAM
-rw------- 1 cms011 cms 3740401 Jun 18 00:37 CMSSW.py.pkl
drwxr-xr-x 3 cms011 cms    4096 Jun 18 00:37 bin
drwxr-xr-x 3 cms011 cms    4096 Jun 18 00:37 cfipython
drwxr-xr-x 4 cms011 cms    4096 Jun 18 00:37 config
-rw------- 1 cms011 cms      16 Jun 18 00:43 cpu_timing.txt
drwxr-xr-x 2 cms011 cms    4096 Jun 18 00:37 doc
-rw------- 1 cms011 cms    9985 Jun 18 00:43 executable.out
drwxr-xr-x 2 cms011 cms    4096 Jun 18 00:37 include
drwx------ 3 cms011 cms    4096 Apr 28 18:12 lib
drwxr-xr-x 3 cms011 cms    4096 Jun 18 00:37 logs
drwxr-xr-x 3 cms011 cms    4096 Jun 18 00:37 objs
-rw------- 1 cms011 cms     104 Jun 18 00:37 pset.py
-rw------- 1 cms011 cms 3712326 Jun 18 00:37 pset.py.pkl
-rw------- 1 cms011 cms     289 Jun 18 00:37 pset.pyc
drwxr-xr-x 2 cms011 cms    4096 Jun 18 00:37 python
-rw------- 1 cms011 cms     413 Jun 18 00:43 report.log
drwx------ 6 cms011 cms    4096 Jun 18 00:37 src
drwxr-xr-x 3 cms011 cms    4096 Jun 18 00:37 test
drwxr-xr-x 3 cms011 cms    4096 Jun 18 00:37 tmp
-rw------- 1 cms011 cms 3858562 Jun 18 00:43 validationEDM_18_1_pKN.root
>>> current directory (RUNTIME_AREA):  /home/cms011/home_cream_767551766/CREAM767551766/glide_Tyqww2/execute/dir_5399
SE = storm-se-01.ba.infn.it
SE_PATH = /srm/managerv2?SFN=//cms/store/user/calabria/calabria_SingleMuPt500_GEN-SIM-DIGI-RECO_CMSSW_6_2_0_SLHC12_2023Scenario_Case1/calabria_MuMinus500_GEN-SIM-DIGI-RECO_CMSSW_6_2_0_SLHC12_2023Scenario_VALNOPU2_Case1/5854dd31cbd3cdec44c48628cc181cf0/
LFNBaseName = /store/user/calabria/calabria_SingleMuPt500_GEN-SIM-DIGI-RECO_CMSSW_6_2_0_SLHC12_2023Scenario_Case1/calabria_MuMinus500_GEN-SIM-DIGI-RECO_CMSSW_6_2_0_SLHC12_2023Scenario_VALNOPU2_Case1/5854dd31cbd3cdec44c48628cc181cf0/
USER = calabria
endpoint = srm://storm-se-01.ba.infn.it:8444/srm/managerv2?SFN=//cms/store/user/calabria/calabria_SingleMuPt500_GEN-SIM-DIGI-RECO_CMSSW_6_2_0_SLHC12_2023Scenario_Case1/calabria_MuMinus500_GEN-SIM-DIGI-RECO_CMSSW_6_2_0_SLHC12_2023Scenario_VALNOPU2_Case1/5854dd31cbd3cdec44c48628cc181cf0/
>>> Copy output files from WN = pccms119.ba.infn.it to /srm/managerv2?SFN=//cms/store/user/calabria/calabria_SingleMuPt500_GEN-SIM-DIGI-RECO_CMSSW_6_2_0_SLHC12_2023Scenario_Case1/calabria_MuMinus500_GEN-SIM-DIGI-RECO_CMSSW_6_2_0_SLHC12_2023Scenario_VALNOPU2_Case1/5854dd31cbd3cdec44c48628cc181cf0/ :
python cmscp.py  --destination srm://storm-se-01.ba.infn.it:8444/srm/managerv2?SFN=//cms/store/user/calabria/calabria_SingleMuPt500_GEN-SIM-DIGI-RECO_CMSSW_6_2_0_SLHC12_2023Scenario_Case1/calabria_MuMinus500_GEN-SIM-DIGI-RECO_CMSSW_6_2_0_SLHC12_2023Scenario_VALNOPU2_Case1/5854dd31cbd3cdec44c48628cc181cf0/ --inputFileList /home/cms011/home_cream_767551766/CREAM767551766/glide_Tyqww2/execute/dir_5399/CMSSW_6_2_0_SLHC12/validationEDM_18_1_pKN.root --middleware LCG --se_name storm-se-01.ba.infn.it --for_lfn /store/user/calabria/calabria_SingleMuPt500_GEN-SIM-DIGI-RECO_CMSSW_6_2_0_SLHC12_2023Scenario_Case1/calabria_MuMinus500_GEN-SIM-DIGI-RECO_CMSSW_6_2_0_SLHC12_2023Scenario_VALNOPU2_Case1/5854dd31cbd3cdec44c48628cc181cf0/    
******************************************************
localSeName  =  storm-se-01.ba.infn.it
remoteSeName =  storm-se-01.ba.infn.it
******************************************************
{"/home/cms011/home_cream_767551766/CREAM767551766/glide_Tyqww2/execute/dir_5399/CMSSW_6_2_0_SLHC12/validationEDM_18_1_pKN.root": {"endpoint": "srm://storm-se-01.ba.infn.it:8444/srm/managerv2?SFN=//cms/store/user/calabria/calabria_SingleMuPt500_GEN-SIM-DIGI-RECO_CMSSW_6_2_0_SLHC12_2023Scenario_Case1/calabria_MuMinus500_GEN-SIM-DIGI-RECO_CMSSW_6_2_0_SLHC12_2023Scenario_VALNOPU2_Case1/5854dd31cbd3cdec44c48628cc181cf0/", "surl_for_grid": "", "reason": "Copy succedeed with srm-lcg utils", "erCode": "0", "se_name": "storm-se-01.ba.infn.it", "for_lfn": "/store/user/calabria/calabria_SingleMuPt500_GEN-SIM-DIGI-RECO_CMSSW_6_2_0_SLHC12_2023Scenario_Case1/calabria_MuMinus500_GEN-SIM-DIGI-RECO_CMSSW_6_2_0_SLHC12_2023Scenario_VALNOPU2_Case1/5854dd31cbd3cdec44c48628cc181cf0/"}}/home/cms011/home_cream_767551766/CREAM767551766/glide_Tyqww2/execute/dir_5399
-------- cat /home/cms011/home_cream_767551766/CREAM767551766/glide_Tyqww2/execute/dir_5399/cmscpReport.sh 
#!/bin/bash
echo "Report for File: /home/cms011/home_cream_767551766/CREAM767551766/glide_Tyqww2/execute/dir_5399/CMSSW_6_2_0_SLHC12/validationEDM_18_1_pKN.root"
echo "LFN: /store/user/calabria/calabria_SingleMuPt500_GEN-SIM-DIGI-RECO_CMSSW_6_2_0_SLHC12_2023Scenario_Case1/calabria_MuMinus500_GEN-SIM-DIGI-RECO_CMSSW_6_2_0_SLHC12_2023Scenario_VALNOPU2_Case1/5854dd31cbd3cdec44c48628cc181cf0/validationEDM_18_1_pKN.root"
echo "StorageElement: storm-se-01.ba.infn.it"
echo "StageOutExitStatusReason = 'Copy succedeed with srm-lcg utils'" | tee -a $RUNTIME_AREA/$repo
echo "StageOutSE = storm-se-01.ba.infn.it" >> $RUNTIME_AREA/$repo

export StageOutExitStatus=0
echo "StageOutExitStatus = 0" | tee -a $RUNTIME_AREA/$repo
-------- end of /home/cms011/home_cream_767551766/CREAM767551766/glide_Tyqww2/execute/dir_5399/cmscpReport.sh 
Report for File: /home/cms011/home_cream_767551766/CREAM767551766/glide_Tyqww2/execute/dir_5399/CMSSW_6_2_0_SLHC12/validationEDM_18_1_pKN.root
LFN: /store/user/calabria/calabria_SingleMuPt500_GEN-SIM-DIGI-RECO_CMSSW_6_2_0_SLHC12_2023Scenario_Case1/calabria_MuMinus500_GEN-SIM-DIGI-RECO_CMSSW_6_2_0_SLHC12_2023Scenario_VALNOPU2_Case1/5854dd31cbd3cdec44c48628cc181cf0/validationEDM_18_1_pKN.root
StorageElement: storm-se-01.ba.infn.it
StageOutExitStatusReason = 'Copy succedeed with srm-lcg utils'
StageOutExitStatus = 0
>>> current dir: /home/cms011/home_cream_767551766/CREAM767551766/glide_Tyqww2/execute/dir_5399
>>> current dir content:
total 28080
-rw-------  1 cms011 cms     2786 Jun 18 00:44 .SEinteraction.log
-rwx------  1 cms011 cms     6797 Jun 18 00:37 .job.ad
-rwx------  1 cms011 cms     9225 Jun 18 00:37 .machine.ad
-rw-------  1 cms011 cms      105 Jun 16 20:49 CMSSW.py
-rw-------  1 cms011 cms  3740401 Jun 16 20:49 CMSSW.py.pkl
-rwx------  1 cms011 cms    29569 Jun 18 00:37 CMSSW.sh
drwxr-xr-x 15 cms011 cms     4096 Jun 18 00:43 CMSSW_6_2_0_SLHC12
-rw-------  1 cms011 cms      219 Jun 18 00:37 CacheEnv.sh
-rw-------  1 cms011 cms     7291 Apr  4 11:04 DashboardAPI.py
-rw-------  1 cms011 cms     6800 Jun 18 00:37 DashboardAPI.pyc
drwx------  2 cms011 cms     4096 Jun 18 00:43 IMProv
-rw-------  1 cms011 cms     2748 Apr  4 11:04 Logger.py
-rw-------  1 cms011 cms     3342 Jun 18 00:37 Logger.pyc
-rw-------  1 cms011 cms    24524 Apr  4 11:04 ProcInfo.py
-rw-------  1 cms011 cms    23173 Jun 18 00:37 ProcInfo.pyc
drwx------  7 cms011 cms     4096 Jun 18 00:37 ProdCommon
drwx------  3 cms011 cms     4096 Jun 18 00:37 WMCore
-rw-------  1 cms011 cms     2288 Jun 18 00:44 Watchdog_18.log
-rwx------  1 cms011 cms        0 Jun 18 00:37 _condor_stderr
-rwx---r--  1 cms011 cms    29497 Jun 18 00:44 _condor_stdout
-rw-------  1 cms011 cms    32895 Apr  4 11:04 apmon.py
-rw-------  1 cms011 cms    28596 Jun 18 00:37 apmon.pyc
-rwx------  1 cms011 cms    53877 Jun 18 00:37 arguments.xml
-rwx------  1 cms011 cms    38515 Apr  4 11:04 cmscp.py
-rw-------  1 cms011 cms      719 Jun 18 00:44 cmscpReport.sh
-rwx------  1 cms011 cms    29569 Jun 18 00:37 condor_exec.exe
-rw-------  1 cms011 cms      963 Jun 16 20:49 crab.cfg
-rwx------  1 cms011 cms     8610 Apr  4 11:04 crabWatchdog.sh
-rwx---r--  1 cms011 cms   523353 Jun 18 00:43 crab_fjr_18.xml
-rwx------  1 cms011 cms 23959724 Jun 18 00:37 default.tgz
-rwx------  1 cms011 cms     4488 Apr  4 11:04 fillCrabFjr.py
-rw-------  1 cms011 cms     2651 Jun 18 00:37 inputsReport.txt
-rw-------  1 cms011 cms      262 Jun 18 00:44 jobreport.txt
-rw-------  1 cms011 cms    17352 Apr  4 11:04 parseCrabFjr.py
-rw-------  1 cms011 cms      330 Jun 18 00:37 report.log
-rwx--x--x  1 cms011 cms     1497 Apr  4 11:04 report.py
-rw-------  1 cms011 cms      775 Jun 18 00:44 resultCopyFile
lrwxrwxrwx  1 cms011 cms      125 Jun 18 00:43 validationEDM.root -> /home/cms011/home_cream_767551766/CREAM767551766/glide_Tyqww2/execute/dir_5399/CMSSW_6_2_0_SLHC12/validationEDM_18_1_pKN.root
-rwx------  1 cms011 cms     8387 Apr  4 11:04 writeCfg.py
-rw-------  1 cms011 cms     8014 Jun 18 00:37 x509up_u50707
>>> Modify Job Report:
CMSSW_VERSION = CMSSW_6_2_0_SLHC12
ProcessedDataset = calabria_MuMinus500_GEN-SIM-DIGI-RECO_CMSSW_6_2_0_SLHC12_2023Scenario_VALNOPU2_Case1
/home/cms011/home_cream_767551766/CREAM767551766/glide_Tyqww2/execute/dir_5399/ProdCommon/FwkJobRep/ModifyJobReport.py fjr /home/cms011/home_cream_767551766/CREAM767551766/glide_Tyqww2/execute/dir_5399/crab_fjr_18.xml json /home/cms011/home_cream_767551766/CREAM767551766/glide_Tyqww2/execute/dir_5399/resultCopyFile n_job 18_1_pKN PrimaryDataset calabria_SingleMuPt500_GEN-SIM-DIGI-RECO_CMSSW_6_2_0_SLHC12_2023Scenario_Case1  ApplicationFamily cmsRun ApplicationName cmsRun cmssw_version CMSSW_6_2_0_SLHC12 psethash 5854dd31cbd3cdec44c48628cc181cf0 UserProcessedDataset calabria-calabria_MuMinus500_GEN-SIM-DIGI-RECO_CMSSW_6_2_0_SLHC12_2023Scenario_VALNOPU2_Case1-5854dd31cbd3cdec44c48628cc181cf0
inputDict =  {u'/home/cms011/home_cream_767551766/CREAM767551766/glide_Tyqww2/execute/dir_5399/CMSSW_6_2_0_SLHC12/validationEDM_18_1_pKN.root': {u'endpoint': u'srm://storm-se-01.ba.infn.it:8444/srm/managerv2?SFN=//cms/store/user/calabria/calabria_SingleMuPt500_GEN-SIM-DIGI-RECO_CMSSW_6_2_0_SLHC12_2023Scenario_Case1/calabria_MuMinus500_GEN-SIM-DIGI-RECO_CMSSW_6_2_0_SLHC12_2023Scenario_VALNOPU2_Case1/5854dd31cbd3cdec44c48628cc181cf0/', u'surl_for_grid': u'', u'reason': u'Copy succedeed with srm-lcg utils', u'erCode': u'0', u'se_name': u'storm-se-01.ba.infn.it', u'for_lfn': u'/store/user/calabria/calabria_SingleMuPt500_GEN-SIM-DIGI-RECO_CMSSW_6_2_0_SLHC12_2023Scenario_Case1/calabria_MuMinus500_GEN-SIM-DIGI-RECO_CMSSW_6_2_0_SLHC12_2023Scenario_VALNOPU2_Case1/5854dd31cbd3cdec44c48628cc181cf0/'}}
UserProcessedDataset =  calabria-calabria_MuMinus500_GEN-SIM-DIGI-RECO_CMSSW_6_2_0_SLHC12_2023Scenario_VALNOPU2_Case1-5854dd31cbd3cdec44c48628cc181cf0
file_name in inputDict =  /home/cms011/home_cream_767551766/CREAM767551766/glide_Tyqww2/execute/dir_5399/CMSSW_6_2_0_SLHC12/validationEDM_18_1_pKN.root
(size) os.stat(filename)[6] =  3858562
checksum =  3289465612
    file =  validationEDM_18_1_pKN.root
    newPfn =  srm://storm-se-01.ba.infn.it:8444/srm/managerv2?SFN=//cms/store/user/calabria/calabria_SingleMuPt500_GEN-SIM-DIGI-RECO_CMSSW_6_2_0_SLHC12_2023Scenario_Case1/calabria_MuMinus500_GEN-SIM-DIGI-RECO_CMSSW_6_2_0_SLHC12_2023Scenario_VALNOPU2_Case1/5854dd31cbd3cdec44c48628cc181cf0/validationEDM_18_1_pKN.root
    newLfn =  /store/user/calabria/calabria_SingleMuPt500_GEN-SIM-DIGI-RECO_CMSSW_6_2_0_SLHC12_2023Scenario_Case1/calabria_MuMinus500_GEN-SIM-DIGI-RECO_CMSSW_6_2_0_SLHC12_2023Scenario_VALNOPU2_Case1/5854dd31cbd3cdec44c48628cc181cf0/validationEDM_18_1_pKN.root
>>> crab_fjr_*.xml  permission set to 0704
CrabWrapper EXIT_FUNC entered at Wed Jun 18 00:44:49 CEST 2014   -  Tue Jun 17 22:44:49 UTC 2014
Checking output files:  
will tar file crab_fjr_18.xml in  out_files_18
WARNING: output file CMSSW_18.stdout not found!
WARNING: output file CMSSW_18.stderr not found!
WARNING: output file Watchdog_18.log.gz not found!
>>> padding time: Sleeping the wrapper for 147 seconds
STOPPING WATCHDOG. CrabWatchdog PID is 5841
********** LAST 50 LINES OF WATCHDOG LOG
# RESOURCE USAGE SUMMARY FOR PROCESS ID  5466
USER       PID %CPU %MEM    VSZ   RSS TTY      STAT START   TIME COMMAND
cms011    5466  0.4  0.0   9496  1596 ?        S    00:37   0:00 /bin/sh /home/cms011/home_cream_767551766/CREAM767551766/glide_Tyqww2/execute/dir_5399/condor_exec.exe 18 1
 
# LIMITS USED BY CRAB WATCHDOG:
# RSS  (KBytes)   : 2300000
# VSZ  (KBytes)   : 100000000
# DISK (MBytes)   : 19000
# CPU TIME        : 720h:0m:0s
# WALL CLOCK TIME : 21h:50m:0s
 
# FOLLOWING PRINTOUT TRACKS MAXIMUM VALUES OF RESOURCES USE
# ONE LINE IS PRINTED EACH TIME A MAXIMUM CHANGES
# IF CHANGE WAS IN RSS OR VSZ ALSO PROCID AND COMMAND ARE PRINTED
# THERE IS NO PRINTOUT FOR CPU/WALL TIME INCREASE
 
# TIME			PID	RSS(KB)	VSZ(KB)	Dsk(MB)	tCPU(s)	tWALL(s)	COMMAND
 Jun 18 00:37:22 CEST	5399	8416	93612	0	0	0	condor_starter -f submit-4.t2.ucsd.edu        
 Jun 18 00:37:22 CEST	5857	32028	96756	0	0	0	edmConfigHash pset.py         
 Jun 18 00:37:22 CEST	11381	32028	106092	0	0	1	sh -c "./glidein_startup.sh" -v std -name v3_0 -entry CMS_T2_IT_Bari_ce4 -clientname UCSD-v1_0.main
 Jun 18 00:37:22 CEST	11385	32028	106492	0	0	1	/bin/bash ./glidein_startup.sh -v std -name v3_0 -entry CMS_T2_IT_Bari_ce4 -clientname UCSD-v1_0.main -schedd
 Jun 18 00:37:22 CEST	---	32028	106492	171	----	----	----
 Jun 18 00:38:23 CEST	6980	696696	986996	171	37	62	cmsRun -j /home/cms011/home_cream_767551766/CREAM767551766/glide_Tyqww2/execute/dir_5399/crab_fjr_18.xml -p pset.py      
 Jun 18 00:38:23 CEST	---	696696	986996	175	----	----	----
 Jun 18 00:39:24 CEST	6980	726896	1012236	175	83	122	cmsRun -j /home/cms011/home_cream_767551766/CREAM767551766/glide_Tyqww2/execute/dir_5399/crab_fjr_18.xml -p pset.py      
 Jun 18 00:40:25 CEST	6980	728336	1019148	175	132	183	cmsRun -j /home/cms011/home_cream_767551766/CREAM767551766/glide_Tyqww2/execute/dir_5399/crab_fjr_18.xml -p pset.py      
 Jun 18 00:42:26 CEST	6980	737736	1025548	175	233	305	cmsRun -j /home/cms011/home_cream_767551766/CREAM767551766/glide_Tyqww2/execute/dir_5399/crab_fjr_18.xml -p pset.py      
 Jun 18 00:43:27 CEST	6980	739692	1030156	175	281	366	cmsRun -j /home/cms011/home_cream_767551766/CREAM767551766/glide_Tyqww2/execute/dir_5399/crab_fjr_18.xml -p pset.py      
 Jun 18 00:44:28 CEST	---	739692	1030156	179	----	----	----
********** WATCHDOG LOG ENDED
ZIPPING WATCHDOG LOG
Disk space used:
du -sh /home/cms011/home_cream_767551766/CREAM767551766/glide_Tyqww2/execute/dir_5399
179M	/home/cms011/home_cream_767551766/CREAM767551766/glide_Tyqww2/execute/dir_5399
Found unusual stdout, rename for OSB
`/home/cms011/home_cream_767551766/CREAM767551766/glide_Tyqww2/execute/dir_5399/_condor_stdout' -> `CMSSW_18.stdout'
Found unusual stderr, rename for OSB
`/home/cms011/home_cream_767551766/CREAM767551766/glide_Tyqww2/execute/dir_5399/_condor_stdout' -> `CMSSW_18.stderr'
crab_fjr_18.xml
CMSSW_18.stdout
CMSSW_18.stderr
Watchdog_18.log.gz
Total Output dimension: 69953
WARNING: output files size limit is set to: 50000000
Total Output dimension 69953 is fine.
JOB_EXIT_STATUS = 0
>>> info for dashboard:
***** Cat /home/cms011/home_cream_767551766/CREAM767551766/glide_Tyqww2/execute/dir_5399/jobreport.txt *****
MonitorJobID=18_https://submit-4.t2.ucsd.edu//140616//222481.17
MonitorID=calabria_MuMinus500_Case1_ReReco_6udr80
ExeTime=377
ExeExitCode=0
StageOutExitStatusReason = 'Copy succedeed with srm-lcg utils'
StageOutSE = storm-se-01.ba.infn.it
StageOutExitStatus = 0
CrabUserCpuTime=303.83
CrabSysCpuTime=3.84
CrabCpuPercentage=81%
CrabWrapperTime=600
CrabStageoutTime=49
JobExitCode=0
***** End Cat jobreport *****
Parameters sent to Dashboard.
EXITING at Wed Jun 18 00:47:22 CEST 2014  -  Tue Jun 17 22:47:22 UTC 2014
