This script was generated by crab (version 2.10.5_patch1).
Running /home/cms037/home_cream_290866883/CREAM290866883/glide_kXGWCe/execute/dir_17738/condor_exec.exe with 2 positional parameters: 15 1
Today is Wed Jun 18 00:37:18 CEST 2014 - Tue Jun 17 22:37:18 UTC 2014
Job submitted on host pccms118.ba.infn.it
Linux pccms118.ba.infn.it 2.6.32-358.23.2.el6.x86_64 #1 SMP Thu Oct 17 10:27:22 CEST 2013 x86_64 x86_64 x86_64 GNU/Linux
>>> current directory (RUNTIME_AREA): /home/cms037/home_cream_290866883/CREAM290866883/glide_kXGWCe/execute/dir_17738
>>> current user: uid=18594(cms037) gid=1399(cms) groups=1399(cms)
>>> directory permission set to 0700
>>> umask set to:  u=rwx,g=,o=
>>> stdout stderr permission set to 0704
>>> voms proxy information:
subject   : /C=IT/O=INFN/OU=Personal Certificate/L=Bari/CN=Cesare Calabria/CN=477126703/CN=2129833696
issuer    : /C=IT/O=INFN/OU=Personal Certificate/L=Bari/CN=Cesare Calabria/CN=477126703
identity  : /C=IT/O=INFN/OU=Personal Certificate/L=Bari/CN=Cesare Calabria
type      : RFC3820 compliant limited proxy
strength  : 1024
path      : /home/cms037/home_cream_290866883/CREAM290866883/glide_kXGWCe/execute/dir_17738/x509up_u50707
timeleft  : 23:59:46
key usage : Digital Signature, Key Encipherment, Data Encipherment
=== VO cms extension information ===
VO        : cms
subject   : /C=IT/O=INFN/OU=Personal Certificate/L=Bari/CN=Cesare Calabria
issuer    : /DC=ch/DC=cern/OU=computers/CN=voms.cern.ch
attribute : /cms/Role=NULL/Capability=NULL
attribute : /cms/itcms/Role=NULL/Capability=NULL
timeleft  : 154:47:01
uri       : voms.cern.ch:15002

WNHostName=pccms118.ba.infn.it
>>> tar --no-same-permissions -xf /home/cms037/home_cream_290866883/CREAM290866883/glide_kXGWCe/execute/dir_17738/default.tgz :
Successful untar
>>> Include /home/cms037/home_cream_290866883/CREAM290866883/glide_kXGWCe/execute/dir_17738 in PYTHONPATH:
strip arguments
env var CRAB_UNIQUE_JOB_ID set to: calabria_MuMinus500_Case1_ReReco_6udr80_15_1_zbp
out_files_15
>>> list of expected files on output sandbox
output files: crab_fjr_15.xml CMSSW_15.stdout CMSSW_15.stderr Watchdog_15.log.gz
>>> GridFlavour discovery: 
GridFlavour=LCG
>>> SyncSite discovery: 
SyncSite=T2_IT_Bari
>>> SyncCE discovery: 
getting SyncCE from CE_ID
SyncCE=cream-ce-4.ba.infn.it:8443/cream-pbs-cms
>>> info for dashboard:
***** Cat /home/cms037/home_cream_290866883/CREAM290866883/glide_kXGWCe/execute/dir_17738/jobreport.txt *****
WNHostName=pccms118.ba.infn.it
MonitorJobID=15_https://submit-4.t2.ucsd.edu//140616//222481.14
SyncGridJobId=https://submit-4.t2.ucsd.edu//140616//222481.14
MonitorID=calabria_MuMinus500_Case1_ReReco_6udr80
GridFlavour=LCG
SyncSite=T2_IT_Bari
SyncCE=cream-ce-4.ba.infn.it:8443/cream-pbs-cms
***** End Cat jobreport *****
Parameters sent to Dashboard.
>>> setup environment
set SCRAM ARCH to slc5_amd64_gcc472
SCRAM_ARCH = slc5_amd64_gcc472
>>> setup CMS LCG environment:
set SCRAM ARCH and BUILD_ARCH to slc5_amd64_gcc472 ###
Sourcing environment... 
sourcing /cvmfs/cms.cern.ch/cmsset_default.sh
==> setup cms environment ok
>>> specific cmssw setup environment:
CMSSW_VERSION =  CMSSW_6_2_0_SLHC12
>>> current directory (SOFTWARE_DIR): /home/cms037/home_cream_290866883/CREAM290866883/glide_kXGWCe/execute/dir_17738/CMSSW_6_2_0_SLHC12
PreserveSeeds: <>
IncrementSeeds:<>
>>> info for dashboard:
***** Cat /home/cms037/home_cream_290866883/CREAM290866883/glide_kXGWCe/execute/dir_17738/jobreport.txt *****
MonitorJobID=15_https://submit-4.t2.ucsd.edu//140616//222481.14
MonitorID=calabria_MuMinus500_Case1_ReReco_6udr80
***** End Cat jobreport *****
Parameters sent to Dashboard.
crabWatchdog started as process 19726
 
# LIMITS USED BY CRAB WATCHDOG:
>>> moving CMSSW software directories in /home/cms037/home_cream_290866883/CREAM290866883/glide_kXGWCe/execute/dir_17738/CMSSW_6_2_0_SLHC12
# RSS  (KBytes)   : 2300000
# VSZ  (KBytes)   : 100000000
# DISK (MBytes)   : 19000
mv: cannot stat `/home/cms037/home_cream_290866883/CREAM290866883/glide_kXGWCe/execute/dir_17738/module/': No such file or directory
# CPU TIME        : 720h:0m:0s
# WALL CLOCK TIME : 21h:50m:0s
>>> Include /home/cms037/home_cream_290866883/CREAM290866883/glide_kXGWCe/execute/dir_17738 in PYTHONPATH:
PYTHONPATH=/home/cms037/home_cream_290866883/CREAM290866883/glide_kXGWCe/execute/dir_17738/:/home/cms037/home_cream_290866883/CREAM290866883/glide_kXGWCe/execute/dir_17738/CMSSW_6_2_0_SLHC12/python:/home/cms037/home_cream_290866883/CREAM290866883/glide_kXGWCe/execute/dir_17738/CMSSW_6_2_0_SLHC12/lib/slc5_amd64_gcc472:/cvmfs/cms.cern.ch/slc5_amd64_gcc472/cms/cmssw/CMSSW_6_2_0_SLHC12/python:/cvmfs/cms.cern.ch/slc5_amd64_gcc472/cms/cmssw/CMSSW_6_2_0_SLHC12/lib/slc5_amd64_gcc472:/cvmfs/cms.cern.ch/slc5_amd64_gcc472/cms/coral/CORAL_2_3_21-cms36/slc5_amd64_gcc472/python:/cvmfs/cms.cern.ch/slc5_amd64_gcc472/cms/coral/CORAL_2_3_21-cms36/slc5_amd64_gcc472/lib:/cvmfs/cms.cern.ch/slc5_amd64_gcc472/external/pyqt/4.8.1-cms6/lib/python2.7/site-packages:/cvmfs/cms.cern.ch/slc5_amd64_gcc472/external/py2-scipy/0.8.0-cms8/lib/python2.7/site-packages:/cvmfs/cms.cern.ch/slc5_amd64_gcc472/external/py2-matplotlib/1.0.1-cms8/lib/python2.7/site-packages:/cvmfs/cms.cern.ch/slc5_amd64_gcc472/external/python-ldap/2.3.5-cms6/lib/python2.7/site-packages:/cvmfs/cms.cern.ch/slc5_amd64_gcc472/external/sip/4.11.2-cms6/lib/python2.7/site-packages:/cvmfs/cms.cern.ch/slc5_amd64_gcc472/external/py2-pycurl/7.19.0-cms8/lib/python2.7/site-packages:/cvmfs/cms.cern.ch/slc5_amd64_gcc472/external/py2-numpy/1.6.1-cms8/lib/python2.7/site-packages:/cvmfs/cms.cern.ch/slc5_amd64_gcc472/external/py2-lint/0.25.1-cms6/lib/python2.7/site-packages:/cvmfs/cms.cern.ch/slc5_amd64_gcc472/external/py2-ipython/0.10-cms6/lib/python2.7/site-packages:/cvmfs/cms.cern.ch/slc5_amd64_gcc472/external/py2-cx-oracle/5.1-cms7/lib/python2.7/site-packages:/cvmfs/cms.cern.ch/slc5_amd64_gcc472/external/py2-cjson/1.0.5-cms6/lib/python2.7/site-packages:/cvmfs/cms.cern.ch/slc5_amd64_gcc472/cms/das-client/1.11.7/bin:/cvmfs/cms.cern.ch/slc5_amd64_gcc472/external/elementtree/1.2.6-cms6/share/lib/python2.7/site-packages:/cvmfs/cms.cern.ch/slc5_amd64_gcc472/external/rivet/1.8.2-cms8/lib/python2.7/site-packages:/cvmfs/cms.cern.ch/slc5_amd64_gcc472/external/pyminuit2/0.0.1-cms19/lib/python2.7/site-packages:/cvmfs/cms.cern.ch/slc5_amd64_gcc472/external/py2-pygithub/1.23.0/lib/python2.7/site-packages:/cvmfs/cms.cern.ch/slc5_amd64_gcc472/external/professor/1.0.0-cms19/lib/python2.7/site-packages:/cvmfs/cms.cern.ch/slc5_amd64_gcc472/lcg/root/5.34.07-cms/lib:/cvmfs/cms.cern.ch/slc5_amd64_gcc472/cms/dbs-client/DBS_2_1_9-cms5/lib:/cvmfs/cms.cern.ch/slc5_amd64_gcc472/cms/dbs-client/DBS_2_1_9-cms5/lib/DBSAPI:/cvmfs/cms.cern.ch/slc5_amd64_gcc472/external/cvs2git/5419-cms/lib:/home/cms037/home_cream_290866883/CREAM290866883/glide_kXGWCe/execute/dir_17738/
 
5854dd31cbd3cdec44c48628cc181cf0
PSETHASH = 5854dd31cbd3cdec44c48628cc181cf0
/home/cms037/home_cream_290866883/CREAM290866883/glide_kXGWCe/execute/dir_17738/writeCfg.py pset.py pset.py
Importing .py file
Setting parameters
RandomNumberGeneratorService found, will attempt to change seeds
inputBlocks=/calabria_SingleMuPt500_GEN-SIM-DIGI-RECO_CMSSW_6_2_0_SLHC12_2023Scenario_Case1/calabria-calabria_SingleMuPt500_GEN-SIM-DIGI-RECO_CMSSW_6_2_0_SLHC12_2023Scenario_Case1-41247ff61fcce1e4991e517dad8c5752/USER#9c05c672-2cfe-4577-b004-2c4eae5865e4
inputFiles=/store/user/calabria/calabria_SingleMuPt500_GEN-SIM-DIGI-RECO_CMSSW_6_2_0_SLHC12_2023Scenario_Case1/calabria_SingleMuPt500_GEN-SIM-DIGI-RECO_CMSSW_6_2_0_SLHC12_2023Scenario_Case1/41247ff61fcce1e4991e517dad8c5752/out_reco_119_1_P1n.root;/store/user/calabria/calabria_SingleMuPt500_GEN-SIM-DIGI-RECO_CMSSW_6_2_0_SLHC12_2023Scenario_Case1/calabria_SingleMuPt500_GEN-SIM-DIGI-RECO_CMSSW_6_2_0_SLHC12_2023Scenario_Case1/41247ff61fcce1e4991e517dad8c5752/out_reco_120_1_SSo.root;/store/user/calabria/calabria_SingleMuPt500_GEN-SIM-DIGI-RECO_CMSSW_6_2_0_SLHC12_2023Scenario_Case1/calabria_SingleMuPt500_GEN-SIM-DIGI-RECO_CMSSW_6_2_0_SLHC12_2023Scenario_Case1/41247ff61fcce1e4991e517dad8c5752/out_reco_121_1_zdb.root;/store/user/calabria/calabria_SingleMuPt500_GEN-SIM-DIGI-RECO_CMSSW_6_2_0_SLHC12_2023Scenario_Case1/calabria_SingleMuPt500_GEN-SIM-DIGI-RECO_CMSSW_6_2_0_SLHC12_2023Scenario_Case1/41247ff61fcce1e4991e517dad8c5752/out_reco_122_1_x0W.root;/store/user/calabria/calabria_SingleMuPt500_GEN-SIM-DIGI-RECO_CMSSW_6_2_0_SLHC12_2023Scenario_Case1/calabria_SingleMuPt500_GEN-SIM-DIGI-RECO_CMSSW_6_2_0_SLHC12_2023Scenario_Case1/41247ff61fcce1e4991e517dad8c5752/out_reco_123_2_U4a.root;/store/user/calabria/calabria_SingleMuPt500_GEN-SIM-DIGI-RECO_CMSSW_6_2_0_SLHC12_2023Scenario_Case1/calabria_SingleMuPt500_GEN-SIM-DIGI-RECO_CMSSW_6_2_0_SLHC12_2023Scenario_Case1/41247ff61fcce1e4991e517dad8c5752/out_reco_124_1_0py.root;/store/user/calabria/calabria_SingleMuPt500_GEN-SIM-DIGI-RECO_CMSSW_6_2_0_SLHC12_2023Scenario_Case1/calabria_SingleMuPt500_GEN-SIM-DIGI-RECO_CMSSW_6_2_0_SLHC12_2023Scenario_Case1/41247ff61fcce1e4991e517dad8c5752/out_reco_125_1_B8S.root;/store/user/calabria/calabria_SingleMuPt500_GEN-SIM-DIGI-RECO_CMSSW_6_2_0_SLHC12_2023Scenario_Case1/calabria_SingleMuPt500_GEN-SIM-DIGI-RECO_CMSSW_6_2_0_SLHC12_2023Scenario_Case1/41247ff61fcce1e4991e517dad8c5752/out_reco_126_1_VZB.root;/store/user/calabria/calabria_SingleMuPt500_GEN-SIM-DIGI-RECO_CMSSW_6_2_0_SLHC12_2023Scenario_Case1/calabria_SingleMuPt500_GEN-SIM-DIGI-RECO_CMSSW_6_2_0_SLHC12_2023Scenario_Case1/41247ff61fcce1e4991e517dad8c5752/out_reco_127_2_pOh.root;/store/user/calabria/calabria_SingleMuPt500_GEN-SIM-DIGI-RECO_CMSSW_6_2_0_SLHC12_2023Scenario_Case1/calabria_SingleMuPt500_GEN-SIM-DIGI-RECO_CMSSW_6_2_0_SLHC12_2023Scenario_Case1/41247ff61fcce1e4991e517dad8c5752/out_reco_128_1_GTF.root
parentFiles=
lumisRange=
>>> Executable cmsRun
/cvmfs/cms.cern.ch/slc5_amd64_gcc472/cms/cmssw/CMSSW_6_2_0_SLHC12/bin/slc5_amd64_gcc472/cmsRun
ok executable found
>>> info for dashboard:
***** Cat /home/cms037/home_cream_290866883/CREAM290866883/glide_kXGWCe/execute/dir_17738/jobreport.txt *****
MonitorJobID=15_https://submit-4.t2.ucsd.edu//140616//222481.14
MonitorID=calabria_MuMinus500_Case1_ReReco_6udr80
ExeStart=cmsRun
***** End Cat jobreport *****
Parameters sent to Dashboard.
>>> cmsRun started at Tue Jun 17 22:37:43 UTC 2014
>>> cmsRun ended at Tue Jun 17 22:43:50 UTC 2014
>>> crab_fjr_*.xml  permission set to 0704
>>> info for dashboard:
***** Cat /home/cms037/home_cream_290866883/CREAM290866883/glide_kXGWCe/execute/dir_17738/jobreport.txt *****
MonitorJobID=15_https://submit-4.t2.ucsd.edu//140616//222481.14
MonitorID=calabria_MuMinus500_Case1_ReReco_6udr80
ExeEnd=cmsRun
***** End Cat jobreport *****
Parameters sent to Dashboard.
TIME_EXE = 367 sec
>>> cmsRun wrote 50 lines of stdout+stderr
>>> START OF printout of 50 lines from stdout+stderr
271 DQMStore::DQMStore 
HcalTopologyIdealEP::HcalTopologyIdealEP
18-Jun-2014 00:38:03 CEST  Initiating request to open file file:/lustre/cms//store/user/calabria/calabria_SingleMuPt500_GEN-SIM-DIGI-RECO_CMSSW_6_2_0_SLHC12_2023Scenario_Case1/calabria_SingleMuPt500_GEN-SIM-DIGI-RECO_CMSSW_6_2_0_SLHC12_2023Scenario_Case1/41247ff61fcce1e4991e517dad8c5752/out_reco_119_1_P1n.root
18-Jun-2014 00:38:06 CEST  Successfully opened file file:/lustre/cms//store/user/calabria/calabria_SingleMuPt500_GEN-SIM-DIGI-RECO_CMSSW_6_2_0_SLHC12_2023Scenario_Case1/calabria_SingleMuPt500_GEN-SIM-DIGI-RECO_CMSSW_6_2_0_SLHC12_2023Scenario_Case1/41247ff61fcce1e4991e517dad8c5752/out_reco_119_1_P1n.root
18-Jun-2014 00:38:41 CEST  Closed file file:/lustre/cms//store/user/calabria/calabria_SingleMuPt500_GEN-SIM-DIGI-RECO_CMSSW_6_2_0_SLHC12_2023Scenario_Case1/calabria_SingleMuPt500_GEN-SIM-DIGI-RECO_CMSSW_6_2_0_SLHC12_2023Scenario_Case1/41247ff61fcce1e4991e517dad8c5752/out_reco_119_1_P1n.root
18-Jun-2014 00:38:41 CEST  Initiating request to open file file:/lustre/cms//store/user/calabria/calabria_SingleMuPt500_GEN-SIM-DIGI-RECO_CMSSW_6_2_0_SLHC12_2023Scenario_Case1/calabria_SingleMuPt500_GEN-SIM-DIGI-RECO_CMSSW_6_2_0_SLHC12_2023Scenario_Case1/41247ff61fcce1e4991e517dad8c5752/out_reco_120_1_SSo.root
18-Jun-2014 00:38:41 CEST  Successfully opened file file:/lustre/cms//store/user/calabria/calabria_SingleMuPt500_GEN-SIM-DIGI-RECO_CMSSW_6_2_0_SLHC12_2023Scenario_Case1/calabria_SingleMuPt500_GEN-SIM-DIGI-RECO_CMSSW_6_2_0_SLHC12_2023Scenario_Case1/41247ff61fcce1e4991e517dad8c5752/out_reco_120_1_SSo.root
18-Jun-2014 00:39:15 CEST  Closed file file:/lustre/cms//store/user/calabria/calabria_SingleMuPt500_GEN-SIM-DIGI-RECO_CMSSW_6_2_0_SLHC12_2023Scenario_Case1/calabria_SingleMuPt500_GEN-SIM-DIGI-RECO_CMSSW_6_2_0_SLHC12_2023Scenario_Case1/41247ff61fcce1e4991e517dad8c5752/out_reco_120_1_SSo.root
18-Jun-2014 00:39:15 CEST  Initiating request to open file file:/lustre/cms//store/user/calabria/calabria_SingleMuPt500_GEN-SIM-DIGI-RECO_CMSSW_6_2_0_SLHC12_2023Scenario_Case1/calabria_SingleMuPt500_GEN-SIM-DIGI-RECO_CMSSW_6_2_0_SLHC12_2023Scenario_Case1/41247ff61fcce1e4991e517dad8c5752/out_reco_121_1_zdb.root
18-Jun-2014 00:39:15 CEST  Successfully opened file file:/lustre/cms//store/user/calabria/calabria_SingleMuPt500_GEN-SIM-DIGI-RECO_CMSSW_6_2_0_SLHC12_2023Scenario_Case1/calabria_SingleMuPt500_GEN-SIM-DIGI-RECO_CMSSW_6_2_0_SLHC12_2023Scenario_Case1/41247ff61fcce1e4991e517dad8c5752/out_reco_121_1_zdb.root
18-Jun-2014 00:39:49 CEST  Closed file file:/lustre/cms//store/user/calabria/calabria_SingleMuPt500_GEN-SIM-DIGI-RECO_CMSSW_6_2_0_SLHC12_2023Scenario_Case1/calabria_SingleMuPt500_GEN-SIM-DIGI-RECO_CMSSW_6_2_0_SLHC12_2023Scenario_Case1/41247ff61fcce1e4991e517dad8c5752/out_reco_121_1_zdb.root
18-Jun-2014 00:39:49 CEST  Initiating request to open file file:/lustre/cms//store/user/calabria/calabria_SingleMuPt500_GEN-SIM-DIGI-RECO_CMSSW_6_2_0_SLHC12_2023Scenario_Case1/calabria_SingleMuPt500_GEN-SIM-DIGI-RECO_CMSSW_6_2_0_SLHC12_2023Scenario_Case1/41247ff61fcce1e4991e517dad8c5752/out_reco_122_1_x0W.root
18-Jun-2014 00:39:49 CEST  Successfully opened file file:/lustre/cms//store/user/calabria/calabria_SingleMuPt500_GEN-SIM-DIGI-RECO_CMSSW_6_2_0_SLHC12_2023Scenario_Case1/calabria_SingleMuPt500_GEN-SIM-DIGI-RECO_CMSSW_6_2_0_SLHC12_2023Scenario_Case1/41247ff61fcce1e4991e517dad8c5752/out_reco_122_1_x0W.root
18-Jun-2014 00:40:22 CEST  Closed file file:/lustre/cms//store/user/calabria/calabria_SingleMuPt500_GEN-SIM-DIGI-RECO_CMSSW_6_2_0_SLHC12_2023Scenario_Case1/calabria_SingleMuPt500_GEN-SIM-DIGI-RECO_CMSSW_6_2_0_SLHC12_2023Scenario_Case1/41247ff61fcce1e4991e517dad8c5752/out_reco_122_1_x0W.root
18-Jun-2014 00:40:22 CEST  Initiating request to open file file:/lustre/cms//store/user/calabria/calabria_SingleMuPt500_GEN-SIM-DIGI-RECO_CMSSW_6_2_0_SLHC12_2023Scenario_Case1/calabria_SingleMuPt500_GEN-SIM-DIGI-RECO_CMSSW_6_2_0_SLHC12_2023Scenario_Case1/41247ff61fcce1e4991e517dad8c5752/out_reco_123_2_U4a.root
18-Jun-2014 00:40:22 CEST  Successfully opened file file:/lustre/cms//store/user/calabria/calabria_SingleMuPt500_GEN-SIM-DIGI-RECO_CMSSW_6_2_0_SLHC12_2023Scenario_Case1/calabria_SingleMuPt500_GEN-SIM-DIGI-RECO_CMSSW_6_2_0_SLHC12_2023Scenario_Case1/41247ff61fcce1e4991e517dad8c5752/out_reco_123_2_U4a.root
18-Jun-2014 00:40:54 CEST  Closed file file:/lustre/cms//store/user/calabria/calabria_SingleMuPt500_GEN-SIM-DIGI-RECO_CMSSW_6_2_0_SLHC12_2023Scenario_Case1/calabria_SingleMuPt500_GEN-SIM-DIGI-RECO_CMSSW_6_2_0_SLHC12_2023Scenario_Case1/41247ff61fcce1e4991e517dad8c5752/out_reco_123_2_U4a.root
18-Jun-2014 00:40:54 CEST  Initiating request to open file file:/lustre/cms//store/user/calabria/calabria_SingleMuPt500_GEN-SIM-DIGI-RECO_CMSSW_6_2_0_SLHC12_2023Scenario_Case1/calabria_SingleMuPt500_GEN-SIM-DIGI-RECO_CMSSW_6_2_0_SLHC12_2023Scenario_Case1/41247ff61fcce1e4991e517dad8c5752/out_reco_124_1_0py.root
18-Jun-2014 00:40:55 CEST  Successfully opened file file:/lustre/cms//store/user/calabria/calabria_SingleMuPt500_GEN-SIM-DIGI-RECO_CMSSW_6_2_0_SLHC12_2023Scenario_Case1/calabria_SingleMuPt500_GEN-SIM-DIGI-RECO_CMSSW_6_2_0_SLHC12_2023Scenario_Case1/41247ff61fcce1e4991e517dad8c5752/out_reco_124_1_0py.root
18-Jun-2014 00:41:28 CEST  Closed file file:/lustre/cms//store/user/calabria/calabria_SingleMuPt500_GEN-SIM-DIGI-RECO_CMSSW_6_2_0_SLHC12_2023Scenario_Case1/calabria_SingleMuPt500_GEN-SIM-DIGI-RECO_CMSSW_6_2_0_SLHC12_2023Scenario_Case1/41247ff61fcce1e4991e517dad8c5752/out_reco_124_1_0py.root
18-Jun-2014 00:41:28 CEST  Initiating request to open file file:/lustre/cms//store/user/calabria/calabria_SingleMuPt500_GEN-SIM-DIGI-RECO_CMSSW_6_2_0_SLHC12_2023Scenario_Case1/calabria_SingleMuPt500_GEN-SIM-DIGI-RECO_CMSSW_6_2_0_SLHC12_2023Scenario_Case1/41247ff61fcce1e4991e517dad8c5752/out_reco_125_1_B8S.root
18-Jun-2014 00:41:29 CEST  Successfully opened file file:/lustre/cms//store/user/calabria/calabria_SingleMuPt500_GEN-SIM-DIGI-RECO_CMSSW_6_2_0_SLHC12_2023Scenario_Case1/calabria_SingleMuPt500_GEN-SIM-DIGI-RECO_CMSSW_6_2_0_SLHC12_2023Scenario_Case1/41247ff61fcce1e4991e517dad8c5752/out_reco_125_1_B8S.root
18-Jun-2014 00:42:02 CEST  Closed file file:/lustre/cms//store/user/calabria/calabria_SingleMuPt500_GEN-SIM-DIGI-RECO_CMSSW_6_2_0_SLHC12_2023Scenario_Case1/calabria_SingleMuPt500_GEN-SIM-DIGI-RECO_CMSSW_6_2_0_SLHC12_2023Scenario_Case1/41247ff61fcce1e4991e517dad8c5752/out_reco_125_1_B8S.root
18-Jun-2014 00:42:03 CEST  Initiating request to open file file:/lustre/cms//store/user/calabria/calabria_SingleMuPt500_GEN-SIM-DIGI-RECO_CMSSW_6_2_0_SLHC12_2023Scenario_Case1/calabria_SingleMuPt500_GEN-SIM-DIGI-RECO_CMSSW_6_2_0_SLHC12_2023Scenario_Case1/41247ff61fcce1e4991e517dad8c5752/out_reco_126_1_VZB.root
18-Jun-2014 00:42:03 CEST  Successfully opened file file:/lustre/cms//store/user/calabria/calabria_SingleMuPt500_GEN-SIM-DIGI-RECO_CMSSW_6_2_0_SLHC12_2023Scenario_Case1/calabria_SingleMuPt500_GEN-SIM-DIGI-RECO_CMSSW_6_2_0_SLHC12_2023Scenario_Case1/41247ff61fcce1e4991e517dad8c5752/out_reco_126_1_VZB.root
18-Jun-2014 00:42:39 CEST  Closed file file:/lustre/cms//store/user/calabria/calabria_SingleMuPt500_GEN-SIM-DIGI-RECO_CMSSW_6_2_0_SLHC12_2023Scenario_Case1/calabria_SingleMuPt500_GEN-SIM-DIGI-RECO_CMSSW_6_2_0_SLHC12_2023Scenario_Case1/41247ff61fcce1e4991e517dad8c5752/out_reco_126_1_VZB.root
18-Jun-2014 00:42:39 CEST  Initiating request to open file file:/lustre/cms//store/user/calabria/calabria_SingleMuPt500_GEN-SIM-DIGI-RECO_CMSSW_6_2_0_SLHC12_2023Scenario_Case1/calabria_SingleMuPt500_GEN-SIM-DIGI-RECO_CMSSW_6_2_0_SLHC12_2023Scenario_Case1/41247ff61fcce1e4991e517dad8c5752/out_reco_127_2_pOh.root
18-Jun-2014 00:42:39 CEST  Successfully opened file file:/lustre/cms//store/user/calabria/calabria_SingleMuPt500_GEN-SIM-DIGI-RECO_CMSSW_6_2_0_SLHC12_2023Scenario_Case1/calabria_SingleMuPt500_GEN-SIM-DIGI-RECO_CMSSW_6_2_0_SLHC12_2023Scenario_Case1/41247ff61fcce1e4991e517dad8c5752/out_reco_127_2_pOh.root
18-Jun-2014 00:43:14 CEST  Closed file file:/lustre/cms//store/user/calabria/calabria_SingleMuPt500_GEN-SIM-DIGI-RECO_CMSSW_6_2_0_SLHC12_2023Scenario_Case1/calabria_SingleMuPt500_GEN-SIM-DIGI-RECO_CMSSW_6_2_0_SLHC12_2023Scenario_Case1/41247ff61fcce1e4991e517dad8c5752/out_reco_127_2_pOh.root
18-Jun-2014 00:43:14 CEST  Initiating request to open file file:/lustre/cms//store/user/calabria/calabria_SingleMuPt500_GEN-SIM-DIGI-RECO_CMSSW_6_2_0_SLHC12_2023Scenario_Case1/calabria_SingleMuPt500_GEN-SIM-DIGI-RECO_CMSSW_6_2_0_SLHC12_2023Scenario_Case1/41247ff61fcce1e4991e517dad8c5752/out_reco_128_1_GTF.root
18-Jun-2014 00:43:14 CEST  Successfully opened file file:/lustre/cms//store/user/calabria/calabria_SingleMuPt500_GEN-SIM-DIGI-RECO_CMSSW_6_2_0_SLHC12_2023Scenario_Case1/calabria_SingleMuPt500_GEN-SIM-DIGI-RECO_CMSSW_6_2_0_SLHC12_2023Scenario_Case1/41247ff61fcce1e4991e517dad8c5752/out_reco_128_1_GTF.root
18-Jun-2014 00:43:49 CEST  Closed file file:/lustre/cms//store/user/calabria/calabria_SingleMuPt500_GEN-SIM-DIGI-RECO_CMSSW_6_2_0_SLHC12_2023Scenario_Case1/calabria_SingleMuPt500_GEN-SIM-DIGI-RECO_CMSSW_6_2_0_SLHC12_2023Scenario_Case1/41247ff61fcce1e4991e517dad8c5752/out_reco_128_1_GTF.root

=============================================

MessageLogger Summary

 type     category        sev    module        subroutine        count    total
 ---- -------------------- -- ---------------- ----------------  -----    -----
    1 fileAction           -s file_close                            10       10
    2 fileAction           -s file_open                             20       20

 type    category    Examples: run/evt        run/evt          run/evt
 ---- -------------------- ---------------- ---------------- ----------------
    1 fileAction           PostProcessEvent PostProcessEvent PostEndRun
    2 fileAction           pre-events       pre-events       PostProcessEvent

Severity    # Occurrences   Total Occurrences
--------    -------------   -----------------
System                 30                  30
>>> END OF printout of 50 lines from stdout+stderr
>>> Parse FrameworkJobReport crab_fjr.xml
Result of parsing the FrameworkJobReport crab_fjr.xml: Popularity start
lumisRange : 1::::1;1::::2;1::::3;1::::4;1::::5;1::::6;1::::7;1::::8;1::::9;1::::10;
lumisParentRange : 
Basename : /store/user/calabria/calabria_SingleMuPt500_GEN-SIM-DIGI-RECO_CMSSW_6_2_0_SLHC12_2023Scenario_Case1/calabria_SingleMuPt500_GEN-SIM-DIGI-RECO_CMSSW_6_2_0_SLHC12_2023Scenario_Case1/41247ff61fcce1e4991e517dad8c5752/out_reco_1
BasenameParent : 
parentFiles : 
inputBlocks : /calabria_SingleMuPt500_GEN-SIM-DIGI-RECO_CMSSW_6_2_0_SLHC12_2023Scenario_Case1/calabria-calabria_SingleMuPt500_GEN-SIM-DIGI-RECO_CMSSW_6_2_0_SLHC12_2023Scenario_Case1-41247ff61fcce1e4991e517dad8c5752/USER#9c05c672-2cfe-4577-b004-2c4eae5865e4
inputFiles : 27_2_pOh.root::1::EDM::Local::1;26_1_VZB.root::1::EDM::Local::2;21_1_zdb.root::1::EDM::Local::3;22_1_x0W.root::1::EDM::Local::4;20_1_SSo.root::1::EDM::Local::5;23_2_U4a.root::1::EDM::Local::6;25_1_B8S.root::1::EDM::Local::7;28_1_GTF.root::1::EDM::Local::8;19_1_P1n.root::1::EDM::Local::9;24_1_0py.root::1::EDM::Local::10;
Popularity stop
Extracted ExitStatus from FrameworkJobReport parsing output: 0
>>> Executable succeded  0
ExeExitCode=0
EXECUTABLE_EXIT_STATUS = 0
>>> current directory /home/cms037/home_cream_290866883/CREAM290866883/glide_kXGWCe/execute/dir_17738/CMSSW_6_2_0_SLHC12
>>>  (SOFTWARE_DIR): /home/cms037/home_cream_290866883/CREAM290866883/glide_kXGWCe/execute/dir_17738/CMSSW_6_2_0_SLHC12
>>> (WORKING_DIR): 
>>> current directory content:
total 11124
drwxr-xr-x 3 cms037 cms    4096 Jun 18 00:37 .SCRAM
-rw------- 1 cms037 cms 3740401 Jun 18 00:37 CMSSW.py.pkl
drwxr-xr-x 3 cms037 cms    4096 Jun 18 00:37 bin
drwxr-xr-x 3 cms037 cms    4096 Jun 18 00:37 cfipython
drwxr-xr-x 4 cms037 cms    4096 Jun 18 00:37 config
-rw------- 1 cms037 cms      16 Jun 18 00:43 cpu_timing.txt
drwxr-xr-x 2 cms037 cms    4096 Jun 18 00:37 doc
-rw------- 1 cms037 cms    9985 Jun 18 00:43 executable.out
drwxr-xr-x 2 cms037 cms    4096 Jun 18 00:37 include
drwx------ 3 cms037 cms    4096 Apr 28 18:12 lib
drwxr-xr-x 3 cms037 cms    4096 Jun 18 00:37 logs
drwxr-xr-x 3 cms037 cms    4096 Jun 18 00:37 objs
-rw------- 1 cms037 cms     104 Jun 18 00:37 pset.py
-rw------- 1 cms037 cms 3712330 Jun 18 00:37 pset.py.pkl
-rw------- 1 cms037 cms     289 Jun 18 00:37 pset.pyc
drwxr-xr-x 2 cms037 cms    4096 Jun 18 00:37 python
-rw------- 1 cms037 cms     413 Jun 18 00:43 report.log
drwx------ 6 cms037 cms    4096 Jun 18 00:37 src
drwxr-xr-x 3 cms037 cms    4096 Jun 18 00:37 test
drwxr-xr-x 3 cms037 cms    4096 Jun 18 00:37 tmp
-rw------- 1 cms037 cms 3837739 Jun 18 00:43 validationEDM.root
>>> current directory /home/cms037/home_cream_290866883/CREAM290866883/glide_kXGWCe/execute/dir_17738/CMSSW_6_2_0_SLHC12
>>> (SOFTWARE_DIR): /home/cms037/home_cream_290866883/CREAM290866883/glide_kXGWCe/execute/dir_17738/CMSSW_6_2_0_SLHC12
>>> (WORKING_DIR): 
>>> current directory content:
total 11124
drwxr-xr-x 3 cms037 cms    4096 Jun 18 00:37 .SCRAM
-rw------- 1 cms037 cms 3740401 Jun 18 00:37 CMSSW.py.pkl
drwxr-xr-x 3 cms037 cms    4096 Jun 18 00:37 bin
drwxr-xr-x 3 cms037 cms    4096 Jun 18 00:37 cfipython
drwxr-xr-x 4 cms037 cms    4096 Jun 18 00:37 config
-rw------- 1 cms037 cms      16 Jun 18 00:43 cpu_timing.txt
drwxr-xr-x 2 cms037 cms    4096 Jun 18 00:37 doc
-rw------- 1 cms037 cms    9985 Jun 18 00:43 executable.out
drwxr-xr-x 2 cms037 cms    4096 Jun 18 00:37 include
drwx------ 3 cms037 cms    4096 Apr 28 18:12 lib
drwxr-xr-x 3 cms037 cms    4096 Jun 18 00:37 logs
drwxr-xr-x 3 cms037 cms    4096 Jun 18 00:37 objs
-rw------- 1 cms037 cms     104 Jun 18 00:37 pset.py
-rw------- 1 cms037 cms 3712330 Jun 18 00:37 pset.py.pkl
-rw------- 1 cms037 cms     289 Jun 18 00:37 pset.pyc
drwxr-xr-x 2 cms037 cms    4096 Jun 18 00:37 python
-rw------- 1 cms037 cms     413 Jun 18 00:43 report.log
drwx------ 6 cms037 cms    4096 Jun 18 00:37 src
drwxr-xr-x 3 cms037 cms    4096 Jun 18 00:37 test
drwxr-xr-x 3 cms037 cms    4096 Jun 18 00:37 tmp
-rw------- 1 cms037 cms 3837739 Jun 18 00:43 validationEDM_15_1_zbp.root
>>> current directory (RUNTIME_AREA):  /home/cms037/home_cream_290866883/CREAM290866883/glide_kXGWCe/execute/dir_17738
SE = storm-se-01.ba.infn.it
SE_PATH = /srm/managerv2?SFN=//cms/store/user/calabria/calabria_SingleMuPt500_GEN-SIM-DIGI-RECO_CMSSW_6_2_0_SLHC12_2023Scenario_Case1/calabria_MuMinus500_GEN-SIM-DIGI-RECO_CMSSW_6_2_0_SLHC12_2023Scenario_VALNOPU2_Case1/5854dd31cbd3cdec44c48628cc181cf0/
LFNBaseName = /store/user/calabria/calabria_SingleMuPt500_GEN-SIM-DIGI-RECO_CMSSW_6_2_0_SLHC12_2023Scenario_Case1/calabria_MuMinus500_GEN-SIM-DIGI-RECO_CMSSW_6_2_0_SLHC12_2023Scenario_VALNOPU2_Case1/5854dd31cbd3cdec44c48628cc181cf0/
USER = calabria
endpoint = srm://storm-se-01.ba.infn.it:8444/srm/managerv2?SFN=//cms/store/user/calabria/calabria_SingleMuPt500_GEN-SIM-DIGI-RECO_CMSSW_6_2_0_SLHC12_2023Scenario_Case1/calabria_MuMinus500_GEN-SIM-DIGI-RECO_CMSSW_6_2_0_SLHC12_2023Scenario_VALNOPU2_Case1/5854dd31cbd3cdec44c48628cc181cf0/
>>> Copy output files from WN = pccms118.ba.infn.it to /srm/managerv2?SFN=//cms/store/user/calabria/calabria_SingleMuPt500_GEN-SIM-DIGI-RECO_CMSSW_6_2_0_SLHC12_2023Scenario_Case1/calabria_MuMinus500_GEN-SIM-DIGI-RECO_CMSSW_6_2_0_SLHC12_2023Scenario_VALNOPU2_Case1/5854dd31cbd3cdec44c48628cc181cf0/ :
python cmscp.py  --destination srm://storm-se-01.ba.infn.it:8444/srm/managerv2?SFN=//cms/store/user/calabria/calabria_SingleMuPt500_GEN-SIM-DIGI-RECO_CMSSW_6_2_0_SLHC12_2023Scenario_Case1/calabria_MuMinus500_GEN-SIM-DIGI-RECO_CMSSW_6_2_0_SLHC12_2023Scenario_VALNOPU2_Case1/5854dd31cbd3cdec44c48628cc181cf0/ --inputFileList /home/cms037/home_cream_290866883/CREAM290866883/glide_kXGWCe/execute/dir_17738/CMSSW_6_2_0_SLHC12/validationEDM_15_1_zbp.root --middleware LCG --se_name storm-se-01.ba.infn.it --for_lfn /store/user/calabria/calabria_SingleMuPt500_GEN-SIM-DIGI-RECO_CMSSW_6_2_0_SLHC12_2023Scenario_Case1/calabria_MuMinus500_GEN-SIM-DIGI-RECO_CMSSW_6_2_0_SLHC12_2023Scenario_VALNOPU2_Case1/5854dd31cbd3cdec44c48628cc181cf0/    
******************************************************
localSeName  =  storm-se-01.ba.infn.it
remoteSeName =  storm-se-01.ba.infn.it
******************************************************
{"/home/cms037/home_cream_290866883/CREAM290866883/glide_kXGWCe/execute/dir_17738/CMSSW_6_2_0_SLHC12/validationEDM_15_1_zbp.root": {"endpoint": "srm://storm-se-01.ba.infn.it:8444/srm/managerv2?SFN=//cms/store/user/calabria/calabria_SingleMuPt500_GEN-SIM-DIGI-RECO_CMSSW_6_2_0_SLHC12_2023Scenario_Case1/calabria_MuMinus500_GEN-SIM-DIGI-RECO_CMSSW_6_2_0_SLHC12_2023Scenario_VALNOPU2_Case1/5854dd31cbd3cdec44c48628cc181cf0/", "surl_for_grid": "", "reason": "Copy succedeed with srm-lcg utils", "erCode": "0", "se_name": "storm-se-01.ba.infn.it", "for_lfn": "/store/user/calabria/calabria_SingleMuPt500_GEN-SIM-DIGI-RECO_CMSSW_6_2_0_SLHC12_2023Scenario_Case1/calabria_MuMinus500_GEN-SIM-DIGI-RECO_CMSSW_6_2_0_SLHC12_2023Scenario_VALNOPU2_Case1/5854dd31cbd3cdec44c48628cc181cf0/"}}/home/cms037/home_cream_290866883/CREAM290866883/glide_kXGWCe/execute/dir_17738
-------- cat /home/cms037/home_cream_290866883/CREAM290866883/glide_kXGWCe/execute/dir_17738/cmscpReport.sh 
#!/bin/bash
echo "Report for File: /home/cms037/home_cream_290866883/CREAM290866883/glide_kXGWCe/execute/dir_17738/CMSSW_6_2_0_SLHC12/validationEDM_15_1_zbp.root"
echo "LFN: /store/user/calabria/calabria_SingleMuPt500_GEN-SIM-DIGI-RECO_CMSSW_6_2_0_SLHC12_2023Scenario_Case1/calabria_MuMinus500_GEN-SIM-DIGI-RECO_CMSSW_6_2_0_SLHC12_2023Scenario_VALNOPU2_Case1/5854dd31cbd3cdec44c48628cc181cf0/validationEDM_15_1_zbp.root"
echo "StorageElement: storm-se-01.ba.infn.it"
echo "StageOutExitStatusReason = 'Copy succedeed with srm-lcg utils'" | tee -a $RUNTIME_AREA/$repo
echo "StageOutSE = storm-se-01.ba.infn.it" >> $RUNTIME_AREA/$repo

export StageOutExitStatus=0
echo "StageOutExitStatus = 0" | tee -a $RUNTIME_AREA/$repo
-------- end of /home/cms037/home_cream_290866883/CREAM290866883/glide_kXGWCe/execute/dir_17738/cmscpReport.sh 
Report for File: /home/cms037/home_cream_290866883/CREAM290866883/glide_kXGWCe/execute/dir_17738/CMSSW_6_2_0_SLHC12/validationEDM_15_1_zbp.root
LFN: /store/user/calabria/calabria_SingleMuPt500_GEN-SIM-DIGI-RECO_CMSSW_6_2_0_SLHC12_2023Scenario_Case1/calabria_MuMinus500_GEN-SIM-DIGI-RECO_CMSSW_6_2_0_SLHC12_2023Scenario_VALNOPU2_Case1/5854dd31cbd3cdec44c48628cc181cf0/validationEDM_15_1_zbp.root
StorageElement: storm-se-01.ba.infn.it
StageOutExitStatusReason = 'Copy succedeed with srm-lcg utils'
StageOutExitStatus = 0
>>> current dir: /home/cms037/home_cream_290866883/CREAM290866883/glide_kXGWCe/execute/dir_17738
>>> current dir content:
total 28080
-rw-------  1 cms037 cms     2791 Jun 18 00:44 .SEinteraction.log
-rwx------  1 cms037 cms     6798 Jun 18 00:37 .job.ad
-rwx------  1 cms037 cms     9225 Jun 18 00:37 .machine.ad
-rw-------  1 cms037 cms      105 Jun 16 20:49 CMSSW.py
-rw-------  1 cms037 cms  3740401 Jun 16 20:49 CMSSW.py.pkl
-rwx------  1 cms037 cms    29569 Jun 18 00:37 CMSSW.sh
drwxr-xr-x 15 cms037 cms     4096 Jun 18 00:43 CMSSW_6_2_0_SLHC12
-rw-------  1 cms037 cms      220 Jun 18 00:37 CacheEnv.sh
-rw-------  1 cms037 cms     7291 Apr  4 11:04 DashboardAPI.py
-rw-------  1 cms037 cms     6815 Jun 18 00:37 DashboardAPI.pyc
drwx------  2 cms037 cms     4096 Jun 18 00:43 IMProv
-rw-------  1 cms037 cms     2748 Apr  4 11:04 Logger.py
-rw-------  1 cms037 cms     3347 Jun 18 00:37 Logger.pyc
-rw-------  1 cms037 cms    24524 Apr  4 11:04 ProcInfo.py
-rw-------  1 cms037 cms    23197 Jun 18 00:37 ProcInfo.pyc
drwx------  7 cms037 cms     4096 Jun 18 00:37 ProdCommon
drwx------  3 cms037 cms     4096 Jun 18 00:37 WMCore
-rw-------  1 cms037 cms     2301 Jun 18 00:44 Watchdog_15.log
-rwx------  1 cms037 cms        0 Jun 18 00:37 _condor_stderr
-rwx---r--  1 cms037 cms    29529 Jun 18 00:44 _condor_stdout
-rw-------  1 cms037 cms    32895 Apr  4 11:04 apmon.py
-rw-------  1 cms037 cms    28625 Jun 18 00:37 apmon.pyc
-rwx------  1 cms037 cms    53877 Jun 18 00:37 arguments.xml
-rwx------  1 cms037 cms    38515 Apr  4 11:04 cmscp.py
-rw-------  1 cms037 cms      720 Jun 18 00:44 cmscpReport.sh
-rwx------  1 cms037 cms    29569 Jun 18 00:37 condor_exec.exe
-rw-------  1 cms037 cms      963 Jun 16 20:49 crab.cfg
-rwx------  1 cms037 cms     8610 Apr  4 11:04 crabWatchdog.sh
-rwx---r--  1 cms037 cms   523354 Jun 18 00:43 crab_fjr_15.xml
-rwx------  1 cms037 cms 23959724 Jun 18 00:37 default.tgz
-rwx------  1 cms037 cms     4488 Apr  4 11:04 fillCrabFjr.py
-rw-------  1 cms037 cms     2651 Jun 18 00:37 inputsReport.txt
-rw-------  1 cms037 cms      262 Jun 18 00:44 jobreport.txt
-rw-------  1 cms037 cms    17352 Apr  4 11:04 parseCrabFjr.py
-rw-------  1 cms037 cms      330 Jun 18 00:37 report.log
-rwx--x--x  1 cms037 cms     1497 Apr  4 11:04 report.py
-rw-------  1 cms037 cms      776 Jun 18 00:44 resultCopyFile
lrwxrwxrwx  1 cms037 cms      126 Jun 18 00:43 validationEDM.root -> /home/cms037/home_cream_290866883/CREAM290866883/glide_kXGWCe/execute/dir_17738/CMSSW_6_2_0_SLHC12/validationEDM_15_1_zbp.root
-rwx------  1 cms037 cms     8387 Apr  4 11:04 writeCfg.py
-rw-------  1 cms037 cms     8010 Jun 18 00:37 x509up_u50707
>>> Modify Job Report:
CMSSW_VERSION = CMSSW_6_2_0_SLHC12
ProcessedDataset = calabria_MuMinus500_GEN-SIM-DIGI-RECO_CMSSW_6_2_0_SLHC12_2023Scenario_VALNOPU2_Case1
/home/cms037/home_cream_290866883/CREAM290866883/glide_kXGWCe/execute/dir_17738/ProdCommon/FwkJobRep/ModifyJobReport.py fjr /home/cms037/home_cream_290866883/CREAM290866883/glide_kXGWCe/execute/dir_17738/crab_fjr_15.xml json /home/cms037/home_cream_290866883/CREAM290866883/glide_kXGWCe/execute/dir_17738/resultCopyFile n_job 15_1_zbp PrimaryDataset calabria_SingleMuPt500_GEN-SIM-DIGI-RECO_CMSSW_6_2_0_SLHC12_2023Scenario_Case1  ApplicationFamily cmsRun ApplicationName cmsRun cmssw_version CMSSW_6_2_0_SLHC12 psethash 5854dd31cbd3cdec44c48628cc181cf0 UserProcessedDataset calabria-calabria_MuMinus500_GEN-SIM-DIGI-RECO_CMSSW_6_2_0_SLHC12_2023Scenario_VALNOPU2_Case1-5854dd31cbd3cdec44c48628cc181cf0
inputDict =  {u'/home/cms037/home_cream_290866883/CREAM290866883/glide_kXGWCe/execute/dir_17738/CMSSW_6_2_0_SLHC12/validationEDM_15_1_zbp.root': {u'endpoint': u'srm://storm-se-01.ba.infn.it:8444/srm/managerv2?SFN=//cms/store/user/calabria/calabria_SingleMuPt500_GEN-SIM-DIGI-RECO_CMSSW_6_2_0_SLHC12_2023Scenario_Case1/calabria_MuMinus500_GEN-SIM-DIGI-RECO_CMSSW_6_2_0_SLHC12_2023Scenario_VALNOPU2_Case1/5854dd31cbd3cdec44c48628cc181cf0/', u'surl_for_grid': u'', u'reason': u'Copy succedeed with srm-lcg utils', u'erCode': u'0', u'se_name': u'storm-se-01.ba.infn.it', u'for_lfn': u'/store/user/calabria/calabria_SingleMuPt500_GEN-SIM-DIGI-RECO_CMSSW_6_2_0_SLHC12_2023Scenario_Case1/calabria_MuMinus500_GEN-SIM-DIGI-RECO_CMSSW_6_2_0_SLHC12_2023Scenario_VALNOPU2_Case1/5854dd31cbd3cdec44c48628cc181cf0/'}}
UserProcessedDataset =  calabria-calabria_MuMinus500_GEN-SIM-DIGI-RECO_CMSSW_6_2_0_SLHC12_2023Scenario_VALNOPU2_Case1-5854dd31cbd3cdec44c48628cc181cf0
file_name in inputDict =  /home/cms037/home_cream_290866883/CREAM290866883/glide_kXGWCe/execute/dir_17738/CMSSW_6_2_0_SLHC12/validationEDM_15_1_zbp.root
(size) os.stat(filename)[6] =  3837739
checksum =  1900151047
    file =  validationEDM_15_1_zbp.root
    newPfn =  srm://storm-se-01.ba.infn.it:8444/srm/managerv2?SFN=//cms/store/user/calabria/calabria_SingleMuPt500_GEN-SIM-DIGI-RECO_CMSSW_6_2_0_SLHC12_2023Scenario_Case1/calabria_MuMinus500_GEN-SIM-DIGI-RECO_CMSSW_6_2_0_SLHC12_2023Scenario_VALNOPU2_Case1/5854dd31cbd3cdec44c48628cc181cf0/validationEDM_15_1_zbp.root
    newLfn =  /store/user/calabria/calabria_SingleMuPt500_GEN-SIM-DIGI-RECO_CMSSW_6_2_0_SLHC12_2023Scenario_Case1/calabria_MuMinus500_GEN-SIM-DIGI-RECO_CMSSW_6_2_0_SLHC12_2023Scenario_VALNOPU2_Case1/5854dd31cbd3cdec44c48628cc181cf0/validationEDM_15_1_zbp.root
>>> crab_fjr_*.xml  permission set to 0704
CrabWrapper EXIT_FUNC entered at Wed Jun 18 00:44:45 CEST 2014   -  Tue Jun 17 22:44:45 UTC 2014
Checking output files:  
will tar file crab_fjr_15.xml in  out_files_15
WARNING: output file CMSSW_15.stdout not found!
WARNING: output file CMSSW_15.stderr not found!
WARNING: output file Watchdog_15.log.gz not found!
>>> padding time: Sleeping the wrapper for 154 seconds
STOPPING WATCHDOG. CrabWatchdog PID is 19726
********** LAST 50 LINES OF WATCHDOG LOG
# RESOURCE USAGE SUMMARY FOR PROCESS ID 19539
USER       PID %CPU %MEM    VSZ   RSS TTY      STAT START   TIME COMMAND
cms037   19539  0.3  0.0   9496  1580 ?        D    00:37   0:00 /bin/sh /home/cms037/home_cream_290866883/CREAM290866883/glide_kXGWCe/execute/dir_17738/condor_exec.exe 15 1
 
# LIMITS USED BY CRAB WATCHDOG:
# RSS  (KBytes)   : 2300000
# VSZ  (KBytes)   : 100000000
# DISK (MBytes)   : 19000
# CPU TIME        : 720h:0m:0s
# WALL CLOCK TIME : 21h:50m:0s
 
# FOLLOWING PRINTOUT TRACKS MAXIMUM VALUES OF RESOURCES USE
# ONE LINE IS PRINTED EACH TIME A MAXIMUM CHANGES
# IF CHANGE WAS IN RSS OR VSZ ALSO PROCID AND COMMAND ARE PRINTED
# THERE IS NO PRINTOUT FOR CPU/WALL TIME INCREASE
 
# TIME			PID	RSS(KB)	VSZ(KB)	Dsk(MB)	tCPU(s)	tWALL(s)	COMMAND
 Jun 18 00:37:25 CEST	10448	1260	106092	0	0	0	sh -c "./glidein_startup.sh" -v std -name v3_0 -entry CMS_T2_IT_Bari_ce4 -clientname UCSD-v1_0.main
 Jun 18 00:37:25 CEST	10458	1772	106492	0	0	0	/bin/bash ./glidein_startup.sh -v std -name v3_0 -entry CMS_T2_IT_Bari_ce4 -clientname UCSD-v1_0.main -schedd
 Jun 18 00:37:25 CEST	17738	8416	106492	0	0	0	condor_starter -f submit-4.t2.ucsd.edu        
 Jun 18 00:37:25 CEST	19755	33680	106492	0	0	1	edmConfigHash pset.py         
 Jun 18 00:37:25 CEST	---	33680	106492	171	----	----	----
 Jun 18 00:38:26 CEST	20588	696588	987960	171	33	61	cmsRun -j /home/cms037/home_cream_290866883/CREAM290866883/glide_kXGWCe/execute/dir_17738/crab_fjr_15.xml -p pset.py      
 Jun 18 00:38:26 CEST	---	696588	987960	175	----	----	----
 Jun 18 00:39:27 CEST	20588	722564	1006420	175	81	122	cmsRun -j /home/cms037/home_cream_290866883/CREAM290866883/glide_kXGWCe/execute/dir_17738/crab_fjr_15.xml -p pset.py      
 Jun 18 00:40:28 CEST	20588	722564	1015336	175	131	183	cmsRun -j /home/cms037/home_cream_290866883/CREAM290866883/glide_kXGWCe/execute/dir_17738/crab_fjr_15.xml -p pset.py      
 Jun 18 00:42:29 CEST	20588	732536	1027880	175	232	305	cmsRun -j /home/cms037/home_cream_290866883/CREAM290866883/glide_kXGWCe/execute/dir_17738/crab_fjr_15.xml -p pset.py      
 Jun 18 00:43:30 CEST	20588	738912	1035816	175	281	365	cmsRun -j /home/cms037/home_cream_290866883/CREAM290866883/glide_kXGWCe/execute/dir_17738/crab_fjr_15.xml -p pset.py      
 Jun 18 00:44:31 CEST	---	738912	1035816	179	----	----	----
********** WATCHDOG LOG ENDED
ZIPPING WATCHDOG LOG
Disk space used:
du -sh /home/cms037/home_cream_290866883/CREAM290866883/glide_kXGWCe/execute/dir_17738
179M	/home/cms037/home_cream_290866883/CREAM290866883/glide_kXGWCe/execute/dir_17738
Found unusual stdout, rename for OSB
`/home/cms037/home_cream_290866883/CREAM290866883/glide_kXGWCe/execute/dir_17738/_condor_stdout' -> `CMSSW_15.stdout'
Found unusual stderr, rename for OSB
`/home/cms037/home_cream_290866883/CREAM290866883/glide_kXGWCe/execute/dir_17738/_condor_stdout' -> `CMSSW_15.stderr'
crab_fjr_15.xml
CMSSW_15.stdout
CMSSW_15.stderr
Watchdog_15.log.gz
Total Output dimension: 69970
WARNING: output files size limit is set to: 50000000
Total Output dimension 69970 is fine.
JOB_EXIT_STATUS = 0
>>> info for dashboard:
***** Cat /home/cms037/home_cream_290866883/CREAM290866883/glide_kXGWCe/execute/dir_17738/jobreport.txt *****
MonitorJobID=15_https://submit-4.t2.ucsd.edu//140616//222481.14
MonitorID=calabria_MuMinus500_Case1_ReReco_6udr80
ExeTime=367
ExeExitCode=0
StageOutExitStatusReason = 'Copy succedeed with srm-lcg utils'
StageOutSE = storm-se-01.ba.infn.it
StageOutExitStatus = 0
CrabUserCpuTime=296.74
CrabSysCpuTime=3.95
CrabCpuPercentage=81%
CrabWrapperTime=600
CrabStageoutTime=48
JobExitCode=0
***** End Cat jobreport *****
Parameters sent to Dashboard.
EXITING at Wed Jun 18 00:47:25 CEST 2014  -  Tue Jun 17 22:47:25 UTC 2014
