This script was generated by crab (version 2.10.5_patch1).
Running /home/cms015/home_cream_039903670/CREAM039903670/glide_el4bBt/execute/dir_20334/condor_exec.exe with 2 positional parameters: 12 1
Today is Wed Jun 18 00:37:15 CEST 2014 - Tue Jun 17 22:37:15 UTC 2014
Job submitted on host pccms121.ba.infn.it
Linux pccms121.ba.infn.it 2.6.32-358.23.2.el6.x86_64 #1 SMP Thu Oct 17 10:27:22 CEST 2013 x86_64 x86_64 x86_64 GNU/Linux
>>> current directory (RUNTIME_AREA): /home/cms015/home_cream_039903670/CREAM039903670/glide_el4bBt/execute/dir_20334
>>> current user: uid=11815(cms015) gid=1399(cms) groups=1399(cms)
>>> directory permission set to 0700
>>> umask set to:  u=rwx,g=,o=
>>> stdout stderr permission set to 0704
>>> voms proxy information:
subject   : /C=IT/O=INFN/OU=Personal Certificate/L=Bari/CN=Cesare Calabria/CN=477126703/CN=302214147
issuer    : /C=IT/O=INFN/OU=Personal Certificate/L=Bari/CN=Cesare Calabria/CN=477126703
identity  : /C=IT/O=INFN/OU=Personal Certificate/L=Bari/CN=Cesare Calabria
type      : RFC3820 compliant limited proxy
strength  : 1024
path      : /home/cms015/home_cream_039903670/CREAM039903670/glide_el4bBt/execute/dir_20334/x509up_u50707
timeleft  : 23:59:47
key usage : Digital Signature, Key Encipherment, Data Encipherment
=== VO cms extension information ===
VO        : cms
subject   : /C=IT/O=INFN/OU=Personal Certificate/L=Bari/CN=Cesare Calabria
issuer    : /DC=ch/DC=cern/OU=computers/CN=voms.cern.ch
attribute : /cms/Role=NULL/Capability=NULL
attribute : /cms/itcms/Role=NULL/Capability=NULL
timeleft  : 154:47:04
uri       : voms.cern.ch:15002

WNHostName=pccms121.ba.infn.it
>>> tar --no-same-permissions -xf /home/cms015/home_cream_039903670/CREAM039903670/glide_el4bBt/execute/dir_20334/default.tgz :
Successful untar
>>> Include /home/cms015/home_cream_039903670/CREAM039903670/glide_el4bBt/execute/dir_20334 in PYTHONPATH:
strip arguments
env var CRAB_UNIQUE_JOB_ID set to: calabria_MuMinus500_Case1_ReReco_6udr80_12_1_0jy
out_files_12
>>> list of expected files on output sandbox
output files: crab_fjr_12.xml CMSSW_12.stdout CMSSW_12.stderr Watchdog_12.log.gz
>>> GridFlavour discovery: 
GridFlavour=LCG
>>> SyncSite discovery: 
SyncSite=T2_IT_Bari
>>> SyncCE discovery: 
getting SyncCE from CE_ID
SyncCE=cream-ce-2.ba.infn.it:8443/cream-pbs-cms
>>> info for dashboard:
***** Cat /home/cms015/home_cream_039903670/CREAM039903670/glide_el4bBt/execute/dir_20334/jobreport.txt *****
WNHostName=pccms121.ba.infn.it
MonitorJobID=12_https://submit-4.t2.ucsd.edu//140616//222481.11
SyncGridJobId=https://submit-4.t2.ucsd.edu//140616//222481.11
MonitorID=calabria_MuMinus500_Case1_ReReco_6udr80
GridFlavour=LCG
SyncSite=T2_IT_Bari
SyncCE=cream-ce-2.ba.infn.it:8443/cream-pbs-cms
***** End Cat jobreport *****
Parameters sent to Dashboard.
>>> setup environment
set SCRAM ARCH to slc5_amd64_gcc472
SCRAM_ARCH = slc5_amd64_gcc472
>>> setup CMS LCG environment:
set SCRAM ARCH and BUILD_ARCH to slc5_amd64_gcc472 ###
Sourcing environment... 
sourcing /cvmfs/cms.cern.ch/cmsset_default.sh
==> setup cms environment ok
>>> specific cmssw setup environment:
CMSSW_VERSION =  CMSSW_6_2_0_SLHC12
>>> current directory (SOFTWARE_DIR): /home/cms015/home_cream_039903670/CREAM039903670/glide_el4bBt/execute/dir_20334/CMSSW_6_2_0_SLHC12
PreserveSeeds: <>
IncrementSeeds:<>
>>> info for dashboard:
***** Cat /home/cms015/home_cream_039903670/CREAM039903670/glide_el4bBt/execute/dir_20334/jobreport.txt *****
MonitorJobID=12_https://submit-4.t2.ucsd.edu//140616//222481.11
MonitorID=calabria_MuMinus500_Case1_ReReco_6udr80
***** End Cat jobreport *****
Parameters sent to Dashboard.
crabWatchdog started as process 21425
>>> moving CMSSW software directories in /home/cms015/home_cream_039903670/CREAM039903670/glide_el4bBt/execute/dir_20334/CMSSW_6_2_0_SLHC12
mv: cannot stat `/home/cms015/home_cream_039903670/CREAM039903670/glide_el4bBt/execute/dir_20334/module/': No such file or directory
>>> Include /home/cms015/home_cream_039903670/CREAM039903670/glide_el4bBt/execute/dir_20334 in PYTHONPATH:
PYTHONPATH=/home/cms015/home_cream_039903670/CREAM039903670/glide_el4bBt/execute/dir_20334/:/home/cms015/home_cream_039903670/CREAM039903670/glide_el4bBt/execute/dir_20334/CMSSW_6_2_0_SLHC12/python:/home/cms015/home_cream_039903670/CREAM039903670/glide_el4bBt/execute/dir_20334/CMSSW_6_2_0_SLHC12/lib/slc5_amd64_gcc472:/cvmfs/cms.cern.ch/slc5_amd64_gcc472/cms/cmssw/CMSSW_6_2_0_SLHC12/python:/cvmfs/cms.cern.ch/slc5_amd64_gcc472/cms/cmssw/CMSSW_6_2_0_SLHC12/lib/slc5_amd64_gcc472:/cvmfs/cms.cern.ch/slc5_amd64_gcc472/cms/coral/CORAL_2_3_21-cms36/slc5_amd64_gcc472/python:/cvmfs/cms.cern.ch/slc5_amd64_gcc472/cms/coral/CORAL_2_3_21-cms36/slc5_amd64_gcc472/lib:/cvmfs/cms.cern.ch/slc5_amd64_gcc472/external/pyqt/4.8.1-cms6/lib/python2.7/site-packages:/cvmfs/cms.cern.ch/slc5_amd64_gcc472/external/py2-scipy/0.8.0-cms8/lib/python2.7/site-packages:/cvmfs/cms.cern.ch/slc5_amd64_gcc472/external/py2-matplotlib/1.0.1-cms8/lib/python2.7/site-packages:/cvmfs/cms.cern.ch/slc5_amd64_gcc472/external/python-ldap/2.3.5-cms6/lib/python2.7/site-packages:/cvmfs/cms.cern.ch/slc5_amd64_gcc472/external/sip/4.11.2-cms6/lib/python2.7/site-packages:/cvmfs/cms.cern.ch/slc5_amd64_gcc472/external/py2-pycurl/7.19.0-cms8/lib/python2.7/site-packages:/cvmfs/cms.cern.ch/slc5_amd64_gcc472/external/py2-numpy/1.6.1-cms8/lib/python2.7/site-packages:/cvmfs/cms.cern.ch/slc5_amd64_gcc472/external/py2-lint/0.25.1-cms6/lib/python2.7/site-packages:/cvmfs/cms.cern.ch/slc5_amd64_gcc472/external/py2-ipython/0.10-cms6/lib/python2.7/site-packages:/cvmfs/cms.cern.ch/slc5_amd64_gcc472/external/py2-cx-oracle/5.1-cms7/lib/python2.7/site-packages:/cvmfs/cms.cern.ch/slc5_amd64_gcc472/external/py2-cjson/1.0.5-cms6/lib/python2.7/site-packages:/cvmfs/cms.cern.ch/slc5_amd64_gcc472/cms/das-client/1.11.7/bin:/cvmfs/cms.cern.ch/slc5_amd64_gcc472/external/elementtree/1.2.6-cms6/share/lib/python2.7/site-packages:/cvmfs/cms.cern.ch/slc5_amd64_gcc472/external/rivet/1.8.2-cms8/lib/python2.7/site-packages:/cvmfs/cms.cern.ch/slc5_amd64_gcc472/external/pyminuit2/0.0.1-cms19/lib/python2.7/site-packages:/cvmfs/cms.cern.ch/slc5_amd64_gcc472/external/py2-pygithub/1.23.0/lib/python2.7/site-packages:/cvmfs/cms.cern.ch/slc5_amd64_gcc472/external/professor/1.0.0-cms19/lib/python2.7/site-packages:/cvmfs/cms.cern.ch/slc5_amd64_gcc472/lcg/root/5.34.07-cms/lib:/cvmfs/cms.cern.ch/slc5_amd64_gcc472/cms/dbs-client/DBS_2_1_9-cms5/lib:/cvmfs/cms.cern.ch/slc5_amd64_gcc472/cms/dbs-client/DBS_2_1_9-cms5/lib/DBSAPI:/cvmfs/cms.cern.ch/slc5_amd64_gcc472/external/cvs2git/5419-cms/lib:/home/cms015/home_cream_039903670/CREAM039903670/glide_el4bBt/execute/dir_20334/
 
# LIMITS USED BY CRAB WATCHDOG:
# RSS  (KBytes)   : 2300000
# VSZ  (KBytes)   : 100000000
# DISK (MBytes)   : 19000
# CPU TIME        : 720h:0m:0s
# WALL CLOCK TIME : 21h:50m:0s
 
5854dd31cbd3cdec44c48628cc181cf0
PSETHASH = 5854dd31cbd3cdec44c48628cc181cf0
/home/cms015/home_cream_039903670/CREAM039903670/glide_el4bBt/execute/dir_20334/writeCfg.py pset.py pset.py
Importing .py file
Setting parameters
RandomNumberGeneratorService found, will attempt to change seeds
inputBlocks=/calabria_SingleMuPt500_GEN-SIM-DIGI-RECO_CMSSW_6_2_0_SLHC12_2023Scenario_Case1/calabria-calabria_SingleMuPt500_GEN-SIM-DIGI-RECO_CMSSW_6_2_0_SLHC12_2023Scenario_Case1-41247ff61fcce1e4991e517dad8c5752/USER#9c05c672-2cfe-4577-b004-2c4eae5865e4
inputFiles=/store/user/calabria/calabria_SingleMuPt500_GEN-SIM-DIGI-RECO_CMSSW_6_2_0_SLHC12_2023Scenario_Case1/calabria_SingleMuPt500_GEN-SIM-DIGI-RECO_CMSSW_6_2_0_SLHC12_2023Scenario_Case1/41247ff61fcce1e4991e517dad8c5752/out_reco_61_2_S7T.root;/store/user/calabria/calabria_SingleMuPt500_GEN-SIM-DIGI-RECO_CMSSW_6_2_0_SLHC12_2023Scenario_Case1/calabria_SingleMuPt500_GEN-SIM-DIGI-RECO_CMSSW_6_2_0_SLHC12_2023Scenario_Case1/41247ff61fcce1e4991e517dad8c5752/out_reco_62_2_aE5.root;/store/user/calabria/calabria_SingleMuPt500_GEN-SIM-DIGI-RECO_CMSSW_6_2_0_SLHC12_2023Scenario_Case1/calabria_SingleMuPt500_GEN-SIM-DIGI-RECO_CMSSW_6_2_0_SLHC12_2023Scenario_Case1/41247ff61fcce1e4991e517dad8c5752/out_reco_63_2_zTg.root;/store/user/calabria/calabria_SingleMuPt500_GEN-SIM-DIGI-RECO_CMSSW_6_2_0_SLHC12_2023Scenario_Case1/calabria_SingleMuPt500_GEN-SIM-DIGI-RECO_CMSSW_6_2_0_SLHC12_2023Scenario_Case1/41247ff61fcce1e4991e517dad8c5752/out_reco_65_2_Rsq.root;/store/user/calabria/calabria_SingleMuPt500_GEN-SIM-DIGI-RECO_CMSSW_6_2_0_SLHC12_2023Scenario_Case1/calabria_SingleMuPt500_GEN-SIM-DIGI-RECO_CMSSW_6_2_0_SLHC12_2023Scenario_Case1/41247ff61fcce1e4991e517dad8c5752/out_reco_66_2_pbb.root;/store/user/calabria/calabria_SingleMuPt500_GEN-SIM-DIGI-RECO_CMSSW_6_2_0_SLHC12_2023Scenario_Case1/calabria_SingleMuPt500_GEN-SIM-DIGI-RECO_CMSSW_6_2_0_SLHC12_2023Scenario_Case1/41247ff61fcce1e4991e517dad8c5752/out_reco_67_2_cr2.root;/store/user/calabria/calabria_SingleMuPt500_GEN-SIM-DIGI-RECO_CMSSW_6_2_0_SLHC12_2023Scenario_Case1/calabria_SingleMuPt500_GEN-SIM-DIGI-RECO_CMSSW_6_2_0_SLHC12_2023Scenario_Case1/41247ff61fcce1e4991e517dad8c5752/out_reco_68_2_TCF.root;/store/user/calabria/calabria_SingleMuPt500_GEN-SIM-DIGI-RECO_CMSSW_6_2_0_SLHC12_2023Scenario_Case1/calabria_SingleMuPt500_GEN-SIM-DIGI-RECO_CMSSW_6_2_0_SLHC12_2023Scenario_Case1/41247ff61fcce1e4991e517dad8c5752/out_reco_70_2_eTl.root;/store/user/calabria/calabria_SingleMuPt500_GEN-SIM-DIGI-RECO_CMSSW_6_2_0_SLHC12_2023Scenario_Case1/calabria_SingleMuPt500_GEN-SIM-DIGI-RECO_CMSSW_6_2_0_SLHC12_2023Scenario_Case1/41247ff61fcce1e4991e517dad8c5752/out_reco_71_2_QAe.root;/store/user/calabria/calabria_SingleMuPt500_GEN-SIM-DIGI-RECO_CMSSW_6_2_0_SLHC12_2023Scenario_Case1/calabria_SingleMuPt500_GEN-SIM-DIGI-RECO_CMSSW_6_2_0_SLHC12_2023Scenario_Case1/41247ff61fcce1e4991e517dad8c5752/out_reco_72_1_Gdx.root
parentFiles=
lumisRange=
>>> Executable cmsRun
/cvmfs/cms.cern.ch/slc5_amd64_gcc472/cms/cmssw/CMSSW_6_2_0_SLHC12/bin/slc5_amd64_gcc472/cmsRun
ok executable found
>>> info for dashboard:
***** Cat /home/cms015/home_cream_039903670/CREAM039903670/glide_el4bBt/execute/dir_20334/jobreport.txt *****
MonitorJobID=12_https://submit-4.t2.ucsd.edu//140616//222481.11
MonitorID=calabria_MuMinus500_Case1_ReReco_6udr80
ExeStart=cmsRun
***** End Cat jobreport *****
Parameters sent to Dashboard.
>>> cmsRun started at Tue Jun 17 22:37:31 UTC 2014
>>> cmsRun ended at Tue Jun 17 22:41:45 UTC 2014
>>> crab_fjr_*.xml  permission set to 0704
>>> info for dashboard:
***** Cat /home/cms015/home_cream_039903670/CREAM039903670/glide_el4bBt/execute/dir_20334/jobreport.txt *****
MonitorJobID=12_https://submit-4.t2.ucsd.edu//140616//222481.11
MonitorID=calabria_MuMinus500_Case1_ReReco_6udr80
ExeEnd=cmsRun
***** End Cat jobreport *****
Parameters sent to Dashboard.
TIME_EXE = 254 sec
>>> cmsRun wrote 50 lines of stdout+stderr
>>> START OF printout of 50 lines from stdout+stderr
271 DQMStore::DQMStore 
HcalTopologyIdealEP::HcalTopologyIdealEP
18-Jun-2014 00:37:42 CEST  Initiating request to open file file:/lustre/cms//store/user/calabria/calabria_SingleMuPt500_GEN-SIM-DIGI-RECO_CMSSW_6_2_0_SLHC12_2023Scenario_Case1/calabria_SingleMuPt500_GEN-SIM-DIGI-RECO_CMSSW_6_2_0_SLHC12_2023Scenario_Case1/41247ff61fcce1e4991e517dad8c5752/out_reco_61_2_S7T.root
18-Jun-2014 00:37:44 CEST  Successfully opened file file:/lustre/cms//store/user/calabria/calabria_SingleMuPt500_GEN-SIM-DIGI-RECO_CMSSW_6_2_0_SLHC12_2023Scenario_Case1/calabria_SingleMuPt500_GEN-SIM-DIGI-RECO_CMSSW_6_2_0_SLHC12_2023Scenario_Case1/41247ff61fcce1e4991e517dad8c5752/out_reco_61_2_S7T.root
18-Jun-2014 00:38:09 CEST  Closed file file:/lustre/cms//store/user/calabria/calabria_SingleMuPt500_GEN-SIM-DIGI-RECO_CMSSW_6_2_0_SLHC12_2023Scenario_Case1/calabria_SingleMuPt500_GEN-SIM-DIGI-RECO_CMSSW_6_2_0_SLHC12_2023Scenario_Case1/41247ff61fcce1e4991e517dad8c5752/out_reco_61_2_S7T.root
18-Jun-2014 00:38:09 CEST  Initiating request to open file file:/lustre/cms//store/user/calabria/calabria_SingleMuPt500_GEN-SIM-DIGI-RECO_CMSSW_6_2_0_SLHC12_2023Scenario_Case1/calabria_SingleMuPt500_GEN-SIM-DIGI-RECO_CMSSW_6_2_0_SLHC12_2023Scenario_Case1/41247ff61fcce1e4991e517dad8c5752/out_reco_62_2_aE5.root
18-Jun-2014 00:38:09 CEST  Successfully opened file file:/lustre/cms//store/user/calabria/calabria_SingleMuPt500_GEN-SIM-DIGI-RECO_CMSSW_6_2_0_SLHC12_2023Scenario_Case1/calabria_SingleMuPt500_GEN-SIM-DIGI-RECO_CMSSW_6_2_0_SLHC12_2023Scenario_Case1/41247ff61fcce1e4991e517dad8c5752/out_reco_62_2_aE5.root
18-Jun-2014 00:38:35 CEST  Closed file file:/lustre/cms//store/user/calabria/calabria_SingleMuPt500_GEN-SIM-DIGI-RECO_CMSSW_6_2_0_SLHC12_2023Scenario_Case1/calabria_SingleMuPt500_GEN-SIM-DIGI-RECO_CMSSW_6_2_0_SLHC12_2023Scenario_Case1/41247ff61fcce1e4991e517dad8c5752/out_reco_62_2_aE5.root
18-Jun-2014 00:38:35 CEST  Initiating request to open file file:/lustre/cms//store/user/calabria/calabria_SingleMuPt500_GEN-SIM-DIGI-RECO_CMSSW_6_2_0_SLHC12_2023Scenario_Case1/calabria_SingleMuPt500_GEN-SIM-DIGI-RECO_CMSSW_6_2_0_SLHC12_2023Scenario_Case1/41247ff61fcce1e4991e517dad8c5752/out_reco_63_2_zTg.root
18-Jun-2014 00:38:35 CEST  Successfully opened file file:/lustre/cms//store/user/calabria/calabria_SingleMuPt500_GEN-SIM-DIGI-RECO_CMSSW_6_2_0_SLHC12_2023Scenario_Case1/calabria_SingleMuPt500_GEN-SIM-DIGI-RECO_CMSSW_6_2_0_SLHC12_2023Scenario_Case1/41247ff61fcce1e4991e517dad8c5752/out_reco_63_2_zTg.root
18-Jun-2014 00:38:58 CEST  Closed file file:/lustre/cms//store/user/calabria/calabria_SingleMuPt500_GEN-SIM-DIGI-RECO_CMSSW_6_2_0_SLHC12_2023Scenario_Case1/calabria_SingleMuPt500_GEN-SIM-DIGI-RECO_CMSSW_6_2_0_SLHC12_2023Scenario_Case1/41247ff61fcce1e4991e517dad8c5752/out_reco_63_2_zTg.root
18-Jun-2014 00:38:58 CEST  Initiating request to open file file:/lustre/cms//store/user/calabria/calabria_SingleMuPt500_GEN-SIM-DIGI-RECO_CMSSW_6_2_0_SLHC12_2023Scenario_Case1/calabria_SingleMuPt500_GEN-SIM-DIGI-RECO_CMSSW_6_2_0_SLHC12_2023Scenario_Case1/41247ff61fcce1e4991e517dad8c5752/out_reco_65_2_Rsq.root
18-Jun-2014 00:38:58 CEST  Successfully opened file file:/lustre/cms//store/user/calabria/calabria_SingleMuPt500_GEN-SIM-DIGI-RECO_CMSSW_6_2_0_SLHC12_2023Scenario_Case1/calabria_SingleMuPt500_GEN-SIM-DIGI-RECO_CMSSW_6_2_0_SLHC12_2023Scenario_Case1/41247ff61fcce1e4991e517dad8c5752/out_reco_65_2_Rsq.root
18-Jun-2014 00:39:20 CEST  Closed file file:/lustre/cms//store/user/calabria/calabria_SingleMuPt500_GEN-SIM-DIGI-RECO_CMSSW_6_2_0_SLHC12_2023Scenario_Case1/calabria_SingleMuPt500_GEN-SIM-DIGI-RECO_CMSSW_6_2_0_SLHC12_2023Scenario_Case1/41247ff61fcce1e4991e517dad8c5752/out_reco_65_2_Rsq.root
18-Jun-2014 00:39:20 CEST  Initiating request to open file file:/lustre/cms//store/user/calabria/calabria_SingleMuPt500_GEN-SIM-DIGI-RECO_CMSSW_6_2_0_SLHC12_2023Scenario_Case1/calabria_SingleMuPt500_GEN-SIM-DIGI-RECO_CMSSW_6_2_0_SLHC12_2023Scenario_Case1/41247ff61fcce1e4991e517dad8c5752/out_reco_66_2_pbb.root
18-Jun-2014 00:39:20 CEST  Successfully opened file file:/lustre/cms//store/user/calabria/calabria_SingleMuPt500_GEN-SIM-DIGI-RECO_CMSSW_6_2_0_SLHC12_2023Scenario_Case1/calabria_SingleMuPt500_GEN-SIM-DIGI-RECO_CMSSW_6_2_0_SLHC12_2023Scenario_Case1/41247ff61fcce1e4991e517dad8c5752/out_reco_66_2_pbb.root
18-Jun-2014 00:39:42 CEST  Closed file file:/lustre/cms//store/user/calabria/calabria_SingleMuPt500_GEN-SIM-DIGI-RECO_CMSSW_6_2_0_SLHC12_2023Scenario_Case1/calabria_SingleMuPt500_GEN-SIM-DIGI-RECO_CMSSW_6_2_0_SLHC12_2023Scenario_Case1/41247ff61fcce1e4991e517dad8c5752/out_reco_66_2_pbb.root
18-Jun-2014 00:39:42 CEST  Initiating request to open file file:/lustre/cms//store/user/calabria/calabria_SingleMuPt500_GEN-SIM-DIGI-RECO_CMSSW_6_2_0_SLHC12_2023Scenario_Case1/calabria_SingleMuPt500_GEN-SIM-DIGI-RECO_CMSSW_6_2_0_SLHC12_2023Scenario_Case1/41247ff61fcce1e4991e517dad8c5752/out_reco_67_2_cr2.root
18-Jun-2014 00:39:42 CEST  Successfully opened file file:/lustre/cms//store/user/calabria/calabria_SingleMuPt500_GEN-SIM-DIGI-RECO_CMSSW_6_2_0_SLHC12_2023Scenario_Case1/calabria_SingleMuPt500_GEN-SIM-DIGI-RECO_CMSSW_6_2_0_SLHC12_2023Scenario_Case1/41247ff61fcce1e4991e517dad8c5752/out_reco_67_2_cr2.root
18-Jun-2014 00:40:06 CEST  Closed file file:/lustre/cms//store/user/calabria/calabria_SingleMuPt500_GEN-SIM-DIGI-RECO_CMSSW_6_2_0_SLHC12_2023Scenario_Case1/calabria_SingleMuPt500_GEN-SIM-DIGI-RECO_CMSSW_6_2_0_SLHC12_2023Scenario_Case1/41247ff61fcce1e4991e517dad8c5752/out_reco_67_2_cr2.root
18-Jun-2014 00:40:06 CEST  Initiating request to open file file:/lustre/cms//store/user/calabria/calabria_SingleMuPt500_GEN-SIM-DIGI-RECO_CMSSW_6_2_0_SLHC12_2023Scenario_Case1/calabria_SingleMuPt500_GEN-SIM-DIGI-RECO_CMSSW_6_2_0_SLHC12_2023Scenario_Case1/41247ff61fcce1e4991e517dad8c5752/out_reco_68_2_TCF.root
18-Jun-2014 00:40:06 CEST  Successfully opened file file:/lustre/cms//store/user/calabria/calabria_SingleMuPt500_GEN-SIM-DIGI-RECO_CMSSW_6_2_0_SLHC12_2023Scenario_Case1/calabria_SingleMuPt500_GEN-SIM-DIGI-RECO_CMSSW_6_2_0_SLHC12_2023Scenario_Case1/41247ff61fcce1e4991e517dad8c5752/out_reco_68_2_TCF.root
18-Jun-2014 00:40:28 CEST  Closed file file:/lustre/cms//store/user/calabria/calabria_SingleMuPt500_GEN-SIM-DIGI-RECO_CMSSW_6_2_0_SLHC12_2023Scenario_Case1/calabria_SingleMuPt500_GEN-SIM-DIGI-RECO_CMSSW_6_2_0_SLHC12_2023Scenario_Case1/41247ff61fcce1e4991e517dad8c5752/out_reco_68_2_TCF.root
18-Jun-2014 00:40:28 CEST  Initiating request to open file file:/lustre/cms//store/user/calabria/calabria_SingleMuPt500_GEN-SIM-DIGI-RECO_CMSSW_6_2_0_SLHC12_2023Scenario_Case1/calabria_SingleMuPt500_GEN-SIM-DIGI-RECO_CMSSW_6_2_0_SLHC12_2023Scenario_Case1/41247ff61fcce1e4991e517dad8c5752/out_reco_70_2_eTl.root
18-Jun-2014 00:40:28 CEST  Successfully opened file file:/lustre/cms//store/user/calabria/calabria_SingleMuPt500_GEN-SIM-DIGI-RECO_CMSSW_6_2_0_SLHC12_2023Scenario_Case1/calabria_SingleMuPt500_GEN-SIM-DIGI-RECO_CMSSW_6_2_0_SLHC12_2023Scenario_Case1/41247ff61fcce1e4991e517dad8c5752/out_reco_70_2_eTl.root
18-Jun-2014 00:40:52 CEST  Closed file file:/lustre/cms//store/user/calabria/calabria_SingleMuPt500_GEN-SIM-DIGI-RECO_CMSSW_6_2_0_SLHC12_2023Scenario_Case1/calabria_SingleMuPt500_GEN-SIM-DIGI-RECO_CMSSW_6_2_0_SLHC12_2023Scenario_Case1/41247ff61fcce1e4991e517dad8c5752/out_reco_70_2_eTl.root
18-Jun-2014 00:40:52 CEST  Initiating request to open file file:/lustre/cms//store/user/calabria/calabria_SingleMuPt500_GEN-SIM-DIGI-RECO_CMSSW_6_2_0_SLHC12_2023Scenario_Case1/calabria_SingleMuPt500_GEN-SIM-DIGI-RECO_CMSSW_6_2_0_SLHC12_2023Scenario_Case1/41247ff61fcce1e4991e517dad8c5752/out_reco_71_2_QAe.root
18-Jun-2014 00:40:52 CEST  Successfully opened file file:/lustre/cms//store/user/calabria/calabria_SingleMuPt500_GEN-SIM-DIGI-RECO_CMSSW_6_2_0_SLHC12_2023Scenario_Case1/calabria_SingleMuPt500_GEN-SIM-DIGI-RECO_CMSSW_6_2_0_SLHC12_2023Scenario_Case1/41247ff61fcce1e4991e517dad8c5752/out_reco_71_2_QAe.root
18-Jun-2014 00:41:16 CEST  Closed file file:/lustre/cms//store/user/calabria/calabria_SingleMuPt500_GEN-SIM-DIGI-RECO_CMSSW_6_2_0_SLHC12_2023Scenario_Case1/calabria_SingleMuPt500_GEN-SIM-DIGI-RECO_CMSSW_6_2_0_SLHC12_2023Scenario_Case1/41247ff61fcce1e4991e517dad8c5752/out_reco_71_2_QAe.root
18-Jun-2014 00:41:16 CEST  Initiating request to open file file:/lustre/cms//store/user/calabria/calabria_SingleMuPt500_GEN-SIM-DIGI-RECO_CMSSW_6_2_0_SLHC12_2023Scenario_Case1/calabria_SingleMuPt500_GEN-SIM-DIGI-RECO_CMSSW_6_2_0_SLHC12_2023Scenario_Case1/41247ff61fcce1e4991e517dad8c5752/out_reco_72_1_Gdx.root
18-Jun-2014 00:41:16 CEST  Successfully opened file file:/lustre/cms//store/user/calabria/calabria_SingleMuPt500_GEN-SIM-DIGI-RECO_CMSSW_6_2_0_SLHC12_2023Scenario_Case1/calabria_SingleMuPt500_GEN-SIM-DIGI-RECO_CMSSW_6_2_0_SLHC12_2023Scenario_Case1/41247ff61fcce1e4991e517dad8c5752/out_reco_72_1_Gdx.root
18-Jun-2014 00:41:44 CEST  Closed file file:/lustre/cms//store/user/calabria/calabria_SingleMuPt500_GEN-SIM-DIGI-RECO_CMSSW_6_2_0_SLHC12_2023Scenario_Case1/calabria_SingleMuPt500_GEN-SIM-DIGI-RECO_CMSSW_6_2_0_SLHC12_2023Scenario_Case1/41247ff61fcce1e4991e517dad8c5752/out_reco_72_1_Gdx.root

=============================================

MessageLogger Summary

 type     category        sev    module        subroutine        count    total
 ---- -------------------- -- ---------------- ----------------  -----    -----
    1 fileAction           -s file_close                            10       10
    2 fileAction           -s file_open                             20       20

 type    category    Examples: run/evt        run/evt          run/evt
 ---- -------------------- ---------------- ---------------- ----------------
    1 fileAction           PostProcessEvent PostProcessEvent PostEndRun
    2 fileAction           pre-events       pre-events       PostProcessEvent

Severity    # Occurrences   Total Occurrences
--------    -------------   -----------------
System                 30                  30
>>> END OF printout of 50 lines from stdout+stderr
>>> Parse FrameworkJobReport crab_fjr.xml
Result of parsing the FrameworkJobReport crab_fjr.xml: Popularity start
lumisRange : 1::::1;1::::2;1::::3;1::::4;1::::5;1::::6;1::::7;1::::8;1::::9;1::::10;
lumisParentRange : 
Basename : /store/user/calabria/calabria_SingleMuPt500_GEN-SIM-DIGI-RECO_CMSSW_6_2_0_SLHC12_2023Scenario_Case1/calabria_SingleMuPt500_GEN-SIM-DIGI-RECO_CMSSW_6_2_0_SLHC12_2023Scenario_Case1/41247ff61fcce1e4991e517dad8c5752/out_reco_
BasenameParent : 
parentFiles : 
inputBlocks : /calabria_SingleMuPt500_GEN-SIM-DIGI-RECO_CMSSW_6_2_0_SLHC12_2023Scenario_Case1/calabria-calabria_SingleMuPt500_GEN-SIM-DIGI-RECO_CMSSW_6_2_0_SLHC12_2023Scenario_Case1-41247ff61fcce1e4991e517dad8c5752/USER#9c05c672-2cfe-4577-b004-2c4eae5865e4
inputFiles : 72_1_Gdx.root::1::EDM::Local::1;67_2_cr2.root::1::EDM::Local::2;68_2_TCF.root::1::EDM::Local::3;65_2_Rsq.root::1::EDM::Local::4;70_2_eTl.root::1::EDM::Local::5;62_2_aE5.root::1::EDM::Local::6;66_2_pbb.root::1::EDM::Local::7;71_2_QAe.root::1::EDM::Local::8;63_2_zTg.root::1::EDM::Local::9;61_2_S7T.root::1::EDM::Local::10;
Popularity stop
Extracted ExitStatus from FrameworkJobReport parsing output: 0
>>> Executable succeded  0
ExeExitCode=0
EXECUTABLE_EXIT_STATUS = 0
>>> current directory /home/cms015/home_cream_039903670/CREAM039903670/glide_el4bBt/execute/dir_20334/CMSSW_6_2_0_SLHC12
>>>  (SOFTWARE_DIR): /home/cms015/home_cream_039903670/CREAM039903670/glide_el4bBt/execute/dir_20334/CMSSW_6_2_0_SLHC12
>>> (WORKING_DIR): 
>>> current directory content:
total 11144
drwxr-xr-x 3 cms015 cms    4096 Jun 18 00:37 .SCRAM
-rw------- 1 cms015 cms 3740401 Jun 18 00:37 CMSSW.py.pkl
drwxr-xr-x 3 cms015 cms    4096 Jun 18 00:37 bin
drwxr-xr-x 3 cms015 cms    4096 Jun 18 00:37 cfipython
drwxr-xr-x 4 cms015 cms    4096 Jun 18 00:37 config
-rw------- 1 cms015 cms      16 Jun 18 00:41 cpu_timing.txt
drwxr-xr-x 2 cms015 cms    4096 Jun 18 00:37 doc
-rw------- 1 cms015 cms    9955 Jun 18 00:41 executable.out
drwxr-xr-x 2 cms015 cms    4096 Jun 18 00:37 include
drwx------ 3 cms015 cms    4096 Apr 28 18:12 lib
drwxr-xr-x 3 cms015 cms    4096 Jun 18 00:37 logs
drwxr-xr-x 3 cms015 cms    4096 Jun 18 00:37 objs
-rw------- 1 cms015 cms     104 Jun 18 00:37 pset.py
-rw------- 1 cms015 cms 3712325 Jun 18 00:37 pset.py.pkl
-rw------- 1 cms015 cms     289 Jun 18 00:37 pset.pyc
drwxr-xr-x 2 cms015 cms    4096 Jun 18 00:37 python
-rw------- 1 cms015 cms     413 Jun 18 00:41 report.log
drwx------ 6 cms015 cms    4096 Jun 18 00:37 src
drwxr-xr-x 3 cms015 cms    4096 Jun 18 00:37 test
drwxr-xr-x 3 cms015 cms    4096 Jun 18 00:37 tmp
-rw------- 1 cms015 cms 3857269 Jun 18 00:41 validationEDM.root
>>> current directory /home/cms015/home_cream_039903670/CREAM039903670/glide_el4bBt/execute/dir_20334/CMSSW_6_2_0_SLHC12
>>> (SOFTWARE_DIR): /home/cms015/home_cream_039903670/CREAM039903670/glide_el4bBt/execute/dir_20334/CMSSW_6_2_0_SLHC12
>>> (WORKING_DIR): 
>>> current directory content:
total 11144
drwxr-xr-x 3 cms015 cms    4096 Jun 18 00:37 .SCRAM
-rw------- 1 cms015 cms 3740401 Jun 18 00:37 CMSSW.py.pkl
drwxr-xr-x 3 cms015 cms    4096 Jun 18 00:37 bin
drwxr-xr-x 3 cms015 cms    4096 Jun 18 00:37 cfipython
drwxr-xr-x 4 cms015 cms    4096 Jun 18 00:37 config
-rw------- 1 cms015 cms      16 Jun 18 00:41 cpu_timing.txt
drwxr-xr-x 2 cms015 cms    4096 Jun 18 00:37 doc
-rw------- 1 cms015 cms    9955 Jun 18 00:41 executable.out
drwxr-xr-x 2 cms015 cms    4096 Jun 18 00:37 include
drwx------ 3 cms015 cms    4096 Apr 28 18:12 lib
drwxr-xr-x 3 cms015 cms    4096 Jun 18 00:37 logs
drwxr-xr-x 3 cms015 cms    4096 Jun 18 00:37 objs
-rw------- 1 cms015 cms     104 Jun 18 00:37 pset.py
-rw------- 1 cms015 cms 3712325 Jun 18 00:37 pset.py.pkl
-rw------- 1 cms015 cms     289 Jun 18 00:37 pset.pyc
drwxr-xr-x 2 cms015 cms    4096 Jun 18 00:37 python
-rw------- 1 cms015 cms     413 Jun 18 00:41 report.log
drwx------ 6 cms015 cms    4096 Jun 18 00:37 src
drwxr-xr-x 3 cms015 cms    4096 Jun 18 00:37 test
drwxr-xr-x 3 cms015 cms    4096 Jun 18 00:37 tmp
-rw------- 1 cms015 cms 3857269 Jun 18 00:41 validationEDM_12_1_0jy.root
>>> current directory (RUNTIME_AREA):  /home/cms015/home_cream_039903670/CREAM039903670/glide_el4bBt/execute/dir_20334
SE = storm-se-01.ba.infn.it
SE_PATH = /srm/managerv2?SFN=//cms/store/user/calabria/calabria_SingleMuPt500_GEN-SIM-DIGI-RECO_CMSSW_6_2_0_SLHC12_2023Scenario_Case1/calabria_MuMinus500_GEN-SIM-DIGI-RECO_CMSSW_6_2_0_SLHC12_2023Scenario_VALNOPU2_Case1/5854dd31cbd3cdec44c48628cc181cf0/
LFNBaseName = /store/user/calabria/calabria_SingleMuPt500_GEN-SIM-DIGI-RECO_CMSSW_6_2_0_SLHC12_2023Scenario_Case1/calabria_MuMinus500_GEN-SIM-DIGI-RECO_CMSSW_6_2_0_SLHC12_2023Scenario_VALNOPU2_Case1/5854dd31cbd3cdec44c48628cc181cf0/
USER = calabria
endpoint = srm://storm-se-01.ba.infn.it:8444/srm/managerv2?SFN=//cms/store/user/calabria/calabria_SingleMuPt500_GEN-SIM-DIGI-RECO_CMSSW_6_2_0_SLHC12_2023Scenario_Case1/calabria_MuMinus500_GEN-SIM-DIGI-RECO_CMSSW_6_2_0_SLHC12_2023Scenario_VALNOPU2_Case1/5854dd31cbd3cdec44c48628cc181cf0/
>>> Copy output files from WN = pccms121.ba.infn.it to /srm/managerv2?SFN=//cms/store/user/calabria/calabria_SingleMuPt500_GEN-SIM-DIGI-RECO_CMSSW_6_2_0_SLHC12_2023Scenario_Case1/calabria_MuMinus500_GEN-SIM-DIGI-RECO_CMSSW_6_2_0_SLHC12_2023Scenario_VALNOPU2_Case1/5854dd31cbd3cdec44c48628cc181cf0/ :
python cmscp.py  --destination srm://storm-se-01.ba.infn.it:8444/srm/managerv2?SFN=//cms/store/user/calabria/calabria_SingleMuPt500_GEN-SIM-DIGI-RECO_CMSSW_6_2_0_SLHC12_2023Scenario_Case1/calabria_MuMinus500_GEN-SIM-DIGI-RECO_CMSSW_6_2_0_SLHC12_2023Scenario_VALNOPU2_Case1/5854dd31cbd3cdec44c48628cc181cf0/ --inputFileList /home/cms015/home_cream_039903670/CREAM039903670/glide_el4bBt/execute/dir_20334/CMSSW_6_2_0_SLHC12/validationEDM_12_1_0jy.root --middleware LCG --se_name storm-se-01.ba.infn.it --for_lfn /store/user/calabria/calabria_SingleMuPt500_GEN-SIM-DIGI-RECO_CMSSW_6_2_0_SLHC12_2023Scenario_Case1/calabria_MuMinus500_GEN-SIM-DIGI-RECO_CMSSW_6_2_0_SLHC12_2023Scenario_VALNOPU2_Case1/5854dd31cbd3cdec44c48628cc181cf0/    
******************************************************
localSeName  =  storm-se-01.ba.infn.it
remoteSeName =  storm-se-01.ba.infn.it
******************************************************
{"/home/cms015/home_cream_039903670/CREAM039903670/glide_el4bBt/execute/dir_20334/CMSSW_6_2_0_SLHC12/validationEDM_12_1_0jy.root": {"endpoint": "srm://storm-se-01.ba.infn.it:8444/srm/managerv2?SFN=//cms/store/user/calabria/calabria_SingleMuPt500_GEN-SIM-DIGI-RECO_CMSSW_6_2_0_SLHC12_2023Scenario_Case1/calabria_MuMinus500_GEN-SIM-DIGI-RECO_CMSSW_6_2_0_SLHC12_2023Scenario_VALNOPU2_Case1/5854dd31cbd3cdec44c48628cc181cf0/", "surl_for_grid": "", "reason": "Copy succedeed with srm-lcg utils", "erCode": "0", "se_name": "storm-se-01.ba.infn.it", "for_lfn": "/store/user/calabria/calabria_SingleMuPt500_GEN-SIM-DIGI-RECO_CMSSW_6_2_0_SLHC12_2023Scenario_Case1/calabria_MuMinus500_GEN-SIM-DIGI-RECO_CMSSW_6_2_0_SLHC12_2023Scenario_VALNOPU2_Case1/5854dd31cbd3cdec44c48628cc181cf0/"}}/home/cms015/home_cream_039903670/CREAM039903670/glide_el4bBt/execute/dir_20334
-------- cat /home/cms015/home_cream_039903670/CREAM039903670/glide_el4bBt/execute/dir_20334/cmscpReport.sh 
#!/bin/bash
echo "Report for File: /home/cms015/home_cream_039903670/CREAM039903670/glide_el4bBt/execute/dir_20334/CMSSW_6_2_0_SLHC12/validationEDM_12_1_0jy.root"
echo "LFN: /store/user/calabria/calabria_SingleMuPt500_GEN-SIM-DIGI-RECO_CMSSW_6_2_0_SLHC12_2023Scenario_Case1/calabria_MuMinus500_GEN-SIM-DIGI-RECO_CMSSW_6_2_0_SLHC12_2023Scenario_VALNOPU2_Case1/5854dd31cbd3cdec44c48628cc181cf0/validationEDM_12_1_0jy.root"
echo "StorageElement: storm-se-01.ba.infn.it"
echo "StageOutExitStatusReason = 'Copy succedeed with srm-lcg utils'" | tee -a $RUNTIME_AREA/$repo
echo "StageOutSE = storm-se-01.ba.infn.it" >> $RUNTIME_AREA/$repo

export StageOutExitStatus=0
echo "StageOutExitStatus = 0" | tee -a $RUNTIME_AREA/$repo
-------- end of /home/cms015/home_cream_039903670/CREAM039903670/glide_el4bBt/execute/dir_20334/cmscpReport.sh 
Report for File: /home/cms015/home_cream_039903670/CREAM039903670/glide_el4bBt/execute/dir_20334/CMSSW_6_2_0_SLHC12/validationEDM_12_1_0jy.root
LFN: /store/user/calabria/calabria_SingleMuPt500_GEN-SIM-DIGI-RECO_CMSSW_6_2_0_SLHC12_2023Scenario_Case1/calabria_MuMinus500_GEN-SIM-DIGI-RECO_CMSSW_6_2_0_SLHC12_2023Scenario_VALNOPU2_Case1/5854dd31cbd3cdec44c48628cc181cf0/validationEDM_12_1_0jy.root
StorageElement: storm-se-01.ba.infn.it
StageOutExitStatusReason = 'Copy succedeed with srm-lcg utils'
StageOutExitStatus = 0
>>> current dir: /home/cms015/home_cream_039903670/CREAM039903670/glide_el4bBt/execute/dir_20334
>>> current dir content:
total 28080
-rw-------  1 cms015 cms     2791 Jun 18 00:42 .SEinteraction.log
-rwx------  1 cms015 cms     6798 Jun 18 00:37 .job.ad
-rwx------  1 cms015 cms     9218 Jun 18 00:37 .machine.ad
-rw-------  1 cms015 cms      105 Jun 16 20:49 CMSSW.py
-rw-------  1 cms015 cms  3740401 Jun 16 20:49 CMSSW.py.pkl
-rwx------  1 cms015 cms    29569 Jun 18 00:37 CMSSW.sh
drwxr-xr-x 15 cms015 cms     4096 Jun 18 00:41 CMSSW_6_2_0_SLHC12
-rw-------  1 cms015 cms      220 Jun 18 00:37 CacheEnv.sh
-rw-------  1 cms015 cms     7291 Apr  4 11:04 DashboardAPI.py
-rw-------  1 cms015 cms     6815 Jun 18 00:37 DashboardAPI.pyc
drwx------  2 cms015 cms     4096 Jun 18 00:41 IMProv
-rw-------  1 cms015 cms     2748 Apr  4 11:04 Logger.py
-rw-------  1 cms015 cms     3347 Jun 18 00:37 Logger.pyc
-rw-------  1 cms015 cms    24524 Apr  4 11:04 ProcInfo.py
-rw-------  1 cms015 cms    23197 Jun 18 00:37 ProcInfo.pyc
drwx------  7 cms015 cms     4096 Jun 18 00:37 ProdCommon
drwx------  3 cms015 cms     4096 Jun 18 00:37 WMCore
-rw-------  1 cms015 cms     1948 Jun 18 00:42 Watchdog_12.log
-rwx------  1 cms015 cms        0 Jun 18 00:37 _condor_stderr
-rwx---r--  1 cms015 cms    29487 Jun 18 00:42 _condor_stdout
-rw-------  1 cms015 cms    32895 Apr  4 11:04 apmon.py
-rw-------  1 cms015 cms    28625 Jun 18 00:37 apmon.pyc
-rwx------  1 cms015 cms    53877 Jun 18 00:37 arguments.xml
-rwx------  1 cms015 cms    38515 Apr  4 11:04 cmscp.py
-rw-------  1 cms015 cms      720 Jun 18 00:42 cmscpReport.sh
-rwx------  1 cms015 cms    29569 Jun 18 00:37 condor_exec.exe
-rw-------  1 cms015 cms      963 Jun 16 20:49 crab.cfg
-rwx------  1 cms015 cms     8610 Apr  4 11:04 crabWatchdog.sh
-rwx---r--  1 cms015 cms   523292 Jun 18 00:41 crab_fjr_12.xml
-rwx------  1 cms015 cms 23959724 Jun 18 00:37 default.tgz
-rwx------  1 cms015 cms     4488 Apr  4 11:04 fillCrabFjr.py
-rw-------  1 cms015 cms     2641 Jun 18 00:37 inputsReport.txt
-rw-------  1 cms015 cms      262 Jun 18 00:42 jobreport.txt
-rw-------  1 cms015 cms    17352 Apr  4 11:04 parseCrabFjr.py
-rw-------  1 cms015 cms      330 Jun 18 00:37 report.log
-rwx--x--x  1 cms015 cms     1497 Apr  4 11:04 report.py
-rw-------  1 cms015 cms      776 Jun 18 00:42 resultCopyFile
lrwxrwxrwx  1 cms015 cms      126 Jun 18 00:41 validationEDM.root -> /home/cms015/home_cream_039903670/CREAM039903670/glide_el4bBt/execute/dir_20334/CMSSW_6_2_0_SLHC12/validationEDM_12_1_0jy.root
-rwx------  1 cms015 cms     8387 Apr  4 11:04 writeCfg.py
-rw-------  1 cms015 cms     8010 Jun 18 00:37 x509up_u50707
>>> Modify Job Report:
CMSSW_VERSION = CMSSW_6_2_0_SLHC12
ProcessedDataset = calabria_MuMinus500_GEN-SIM-DIGI-RECO_CMSSW_6_2_0_SLHC12_2023Scenario_VALNOPU2_Case1
/home/cms015/home_cream_039903670/CREAM039903670/glide_el4bBt/execute/dir_20334/ProdCommon/FwkJobRep/ModifyJobReport.py fjr /home/cms015/home_cream_039903670/CREAM039903670/glide_el4bBt/execute/dir_20334/crab_fjr_12.xml json /home/cms015/home_cream_039903670/CREAM039903670/glide_el4bBt/execute/dir_20334/resultCopyFile n_job 12_1_0jy PrimaryDataset calabria_SingleMuPt500_GEN-SIM-DIGI-RECO_CMSSW_6_2_0_SLHC12_2023Scenario_Case1  ApplicationFamily cmsRun ApplicationName cmsRun cmssw_version CMSSW_6_2_0_SLHC12 psethash 5854dd31cbd3cdec44c48628cc181cf0 UserProcessedDataset calabria-calabria_MuMinus500_GEN-SIM-DIGI-RECO_CMSSW_6_2_0_SLHC12_2023Scenario_VALNOPU2_Case1-5854dd31cbd3cdec44c48628cc181cf0
inputDict =  {u'/home/cms015/home_cream_039903670/CREAM039903670/glide_el4bBt/execute/dir_20334/CMSSW_6_2_0_SLHC12/validationEDM_12_1_0jy.root': {u'endpoint': u'srm://storm-se-01.ba.infn.it:8444/srm/managerv2?SFN=//cms/store/user/calabria/calabria_SingleMuPt500_GEN-SIM-DIGI-RECO_CMSSW_6_2_0_SLHC12_2023Scenario_Case1/calabria_MuMinus500_GEN-SIM-DIGI-RECO_CMSSW_6_2_0_SLHC12_2023Scenario_VALNOPU2_Case1/5854dd31cbd3cdec44c48628cc181cf0/', u'surl_for_grid': u'', u'reason': u'Copy succedeed with srm-lcg utils', u'erCode': u'0', u'se_name': u'storm-se-01.ba.infn.it', u'for_lfn': u'/store/user/calabria/calabria_SingleMuPt500_GEN-SIM-DIGI-RECO_CMSSW_6_2_0_SLHC12_2023Scenario_Case1/calabria_MuMinus500_GEN-SIM-DIGI-RECO_CMSSW_6_2_0_SLHC12_2023Scenario_VALNOPU2_Case1/5854dd31cbd3cdec44c48628cc181cf0/'}}
UserProcessedDataset =  calabria-calabria_MuMinus500_GEN-SIM-DIGI-RECO_CMSSW_6_2_0_SLHC12_2023Scenario_VALNOPU2_Case1-5854dd31cbd3cdec44c48628cc181cf0
file_name in inputDict =  /home/cms015/home_cream_039903670/CREAM039903670/glide_el4bBt/execute/dir_20334/CMSSW_6_2_0_SLHC12/validationEDM_12_1_0jy.root
(size) os.stat(filename)[6] =  3857269
checksum =  277217784
    file =  validationEDM_12_1_0jy.root
    newPfn =  srm://storm-se-01.ba.infn.it:8444/srm/managerv2?SFN=//cms/store/user/calabria/calabria_SingleMuPt500_GEN-SIM-DIGI-RECO_CMSSW_6_2_0_SLHC12_2023Scenario_Case1/calabria_MuMinus500_GEN-SIM-DIGI-RECO_CMSSW_6_2_0_SLHC12_2023Scenario_VALNOPU2_Case1/5854dd31cbd3cdec44c48628cc181cf0/validationEDM_12_1_0jy.root
    newLfn =  /store/user/calabria/calabria_SingleMuPt500_GEN-SIM-DIGI-RECO_CMSSW_6_2_0_SLHC12_2023Scenario_Case1/calabria_MuMinus500_GEN-SIM-DIGI-RECO_CMSSW_6_2_0_SLHC12_2023Scenario_VALNOPU2_Case1/5854dd31cbd3cdec44c48628cc181cf0/validationEDM_12_1_0jy.root
>>> crab_fjr_*.xml  permission set to 0704
CrabWrapper EXIT_FUNC entered at Wed Jun 18 00:42:38 CEST 2014   -  Tue Jun 17 22:42:38 UTC 2014
Checking output files:  
will tar file crab_fjr_12.xml in  out_files_12
WARNING: output file CMSSW_12.stdout not found!
WARNING: output file CMSSW_12.stderr not found!
WARNING: output file Watchdog_12.log.gz not found!
>>> padding time: Sleeping the wrapper for 278 seconds
STOPPING WATCHDOG. CrabWatchdog PID is 21425
********** LAST 50 LINES OF WATCHDOG LOG
# RESOURCE USAGE SUMMARY FOR PROCESS ID 20867
USER       PID %CPU %MEM    VSZ   RSS TTY      STAT START   TIME COMMAND
cms015   20867  0.2  0.0   9496  1596 ?        S    00:37   0:00 /bin/sh /home/cms015/home_cream_039903670/CREAM039903670/glide_el4bBt/execute/dir_20334/condor_exec.exe 12 1
 
# LIMITS USED BY CRAB WATCHDOG:
# RSS  (KBytes)   : 2300000
# VSZ  (KBytes)   : 100000000
# DISK (MBytes)   : 19000
# CPU TIME        : 720h:0m:0s
# WALL CLOCK TIME : 21h:50m:0s
 
# FOLLOWING PRINTOUT TRACKS MAXIMUM VALUES OF RESOURCES USE
# ONE LINE IS PRINTED EACH TIME A MAXIMUM CHANGES
# IF CHANGE WAS IN RSS OR VSZ ALSO PROCID AND COMMAND ARE PRINTED
# THERE IS NO PRINTOUT FOR CPU/WALL TIME INCREASE
 
# TIME			PID	RSS(KB)	VSZ(KB)	Dsk(MB)	tCPU(s)	tWALL(s)	COMMAND
 Jun 18 00:37:21 CEST	11708	1260	106092	0	0	0	sh -c "./glidein_startup.sh" -v std -name v3_0 -entry CMS_T2_IT_Bari_ce2 -clientname UCSD-v1_0.main
 Jun 18 00:37:21 CEST	11715	1772	106492	0	0	0	/bin/bash ./glidein_startup.sh -v std -name v3_0 -entry CMS_T2_IT_Bari_ce2 -clientname UCSD-v1_0.main -schedd
 Jun 18 00:37:21 CEST	20334	8412	106492	0	0	0	condor_starter -f submit-4.t2.ucsd.edu        
 Jun 18 00:37:21 CEST	21437	33400	106492	0	0	0	edmConfigHash pset.py         
 Jun 18 00:37:21 CEST	---	33400	106492	171	----	----	----
 Jun 18 00:38:21 CEST	22979	787268	1001272	171	32	61	cmsRun -j /home/cms015/home_cream_039903670/CREAM039903670/glide_el4bBt/execute/dir_20334/crab_fjr_12.xml -p pset.py      
 Jun 18 00:38:21 CEST	---	787268	1001272	175	----	----	----
 Jun 18 00:40:22 CEST	22979	809896	1027084	175	122	182	cmsRun -j /home/cms015/home_cream_039903670/CREAM039903670/glide_el4bBt/execute/dir_20334/crab_fjr_12.xml -p pset.py      
 Jun 18 00:41:23 CEST	22979	816736	1035276	175	164	242	cmsRun -j /home/cms015/home_cream_039903670/CREAM039903670/glide_el4bBt/execute/dir_20334/crab_fjr_12.xml -p pset.py      
 Jun 18 00:42:24 CEST	---	816736	1035276	179	----	----	----
********** WATCHDOG LOG ENDED
ZIPPING WATCHDOG LOG
Disk space used:
du -sh /home/cms015/home_cream_039903670/CREAM039903670/glide_el4bBt/execute/dir_20334
179M	/home/cms015/home_cream_039903670/CREAM039903670/glide_el4bBt/execute/dir_20334
Found unusual stdout, rename for OSB
`/home/cms015/home_cream_039903670/CREAM039903670/glide_el4bBt/execute/dir_20334/_condor_stdout' -> `CMSSW_12.stdout'
Found unusual stderr, rename for OSB
`/home/cms015/home_cream_039903670/CREAM039903670/glide_el4bBt/execute/dir_20334/_condor_stdout' -> `CMSSW_12.stderr'
crab_fjr_12.xml
CMSSW_12.stdout
CMSSW_12.stderr
Watchdog_12.log.gz
Total Output dimension: 69749
WARNING: output files size limit is set to: 50000000
Total Output dimension 69749 is fine.
JOB_EXIT_STATUS = 0
>>> info for dashboard:
***** Cat /home/cms015/home_cream_039903670/CREAM039903670/glide_el4bBt/execute/dir_20334/jobreport.txt *****
MonitorJobID=12_https://submit-4.t2.ucsd.edu//140616//222481.11
MonitorID=calabria_MuMinus500_Case1_ReReco_6udr80
ExeTime=254
ExeExitCode=0
StageOutExitStatusReason = 'Copy succedeed with srm-lcg utils'
StageOutSE = storm-se-01.ba.infn.it
StageOutExitStatus = 0
CrabUserCpuTime=181.97
CrabSysCpuTime=3.50
CrabCpuPercentage=73%
CrabWrapperTime=600
CrabStageoutTime=48
JobExitCode=0
***** End Cat jobreport *****
Parameters sent to Dashboard.
EXITING at Wed Jun 18 00:47:20 CEST 2014  -  Tue Jun 17 22:47:20 UTC 2014
