This script was generated by crab (version 2.10.5_patch1).
Running /home/cms049/home_cream_870425185/CREAM870425185/glide_lRmdga/execute/dir_8721/condor_exec.exe with 2 positional parameters: 3 1
Today is Wed Jun 18 00:38:18 CEST 2014 - Tue Jun 17 22:38:18 UTC 2014
Job submitted on host pccms115.ba.infn.it
Linux pccms115.ba.infn.it 2.6.32-358.23.2.el6.x86_64 #1 SMP Thu Oct 17 10:27:22 CEST 2013 x86_64 x86_64 x86_64 GNU/Linux
>>> current directory (RUNTIME_AREA): /home/cms049/home_cream_870425185/CREAM870425185/glide_lRmdga/execute/dir_8721
>>> current user: uid=18671(cms049) gid=1399(cms) groups=1399(cms)
>>> directory permission set to 0700
>>> umask set to:  u=rwx,g=,o=
>>> stdout stderr permission set to 0704
>>> voms proxy information:
subject   : /C=IT/O=INFN/OU=Personal Certificate/L=Bari/CN=Cesare Calabria/CN=477126703/CN=866502366
issuer    : /C=IT/O=INFN/OU=Personal Certificate/L=Bari/CN=Cesare Calabria/CN=477126703
identity  : /C=IT/O=INFN/OU=Personal Certificate/L=Bari/CN=Cesare Calabria
type      : RFC3820 compliant limited proxy
strength  : 1024
path      : /home/cms049/home_cream_870425185/CREAM870425185/glide_lRmdga/execute/dir_8721/x509up_u50707
timeleft  : 23:58:48
key usage : Digital Signature, Key Encipherment, Data Encipherment
=== VO cms extension information ===
VO        : cms
subject   : /C=IT/O=INFN/OU=Personal Certificate/L=Bari/CN=Cesare Calabria
issuer    : /DC=ch/DC=cern/OU=computers/CN=voms.cern.ch
attribute : /cms/Role=NULL/Capability=NULL
attribute : /cms/itcms/Role=NULL/Capability=NULL
timeleft  : 154:46:00
uri       : voms.cern.ch:15002

WNHostName=pccms115.ba.infn.it
>>> tar --no-same-permissions -xf /home/cms049/home_cream_870425185/CREAM870425185/glide_lRmdga/execute/dir_8721/default.tgz :
Successful untar
>>> Include /home/cms049/home_cream_870425185/CREAM870425185/glide_lRmdga/execute/dir_8721 in PYTHONPATH:
strip arguments
env var CRAB_UNIQUE_JOB_ID set to: calabria_MuMinus500_Case2_ReReco_5nf8i1_3_1_Cty
out_files_3
>>> list of expected files on output sandbox
output files: crab_fjr_3.xml CMSSW_3.stdout CMSSW_3.stderr Watchdog_3.log.gz
>>> GridFlavour discovery: 
GridFlavour=LCG
>>> SyncSite discovery: 
SyncSite=T2_IT_Bari
>>> SyncCE discovery: 
getting SyncCE from CE_ID
SyncCE=cream-ce-4.ba.infn.it:8443/cream-pbs-cms
>>> info for dashboard:
***** Cat /home/cms049/home_cream_870425185/CREAM870425185/glide_lRmdga/execute/dir_8721/jobreport.txt *****
WNHostName=pccms115.ba.infn.it
MonitorJobID=3_https://submit-4.t2.ucsd.edu//140616//222482.2
SyncGridJobId=https://submit-4.t2.ucsd.edu//140616//222482.2
MonitorID=calabria_MuMinus500_Case2_ReReco_5nf8i1
GridFlavour=LCG
SyncSite=T2_IT_Bari
SyncCE=cream-ce-4.ba.infn.it:8443/cream-pbs-cms
***** End Cat jobreport *****
Parameters sent to Dashboard.
>>> setup environment
set SCRAM ARCH to slc5_amd64_gcc472
SCRAM_ARCH = slc5_amd64_gcc472
>>> setup CMS LCG environment:
set SCRAM ARCH and BUILD_ARCH to slc5_amd64_gcc472 ###
Sourcing environment... 
sourcing /cvmfs/cms.cern.ch/cmsset_default.sh
==> setup cms environment ok
>>> specific cmssw setup environment:
CMSSW_VERSION =  CMSSW_6_2_0_SLHC12
>>> current directory (SOFTWARE_DIR): /home/cms049/home_cream_870425185/CREAM870425185/glide_lRmdga/execute/dir_8721/CMSSW_6_2_0_SLHC12
PreserveSeeds: <>
IncrementSeeds:<>
>>> info for dashboard:
***** Cat /home/cms049/home_cream_870425185/CREAM870425185/glide_lRmdga/execute/dir_8721/jobreport.txt *****
MonitorJobID=3_https://submit-4.t2.ucsd.edu//140616//222482.2
MonitorID=calabria_MuMinus500_Case2_ReReco_5nf8i1
***** End Cat jobreport *****
Parameters sent to Dashboard.
crabWatchdog started as process 13191
>>> moving CMSSW software directories in /home/cms049/home_cream_870425185/CREAM870425185/glide_lRmdga/execute/dir_8721/CMSSW_6_2_0_SLHC12
mv: cannot stat `/home/cms049/home_cream_870425185/CREAM870425185/glide_lRmdga/execute/dir_8721/module/': No such file or directory
>>> Include /home/cms049/home_cream_870425185/CREAM870425185/glide_lRmdga/execute/dir_8721 in PYTHONPATH:
PYTHONPATH=/home/cms049/home_cream_870425185/CREAM870425185/glide_lRmdga/execute/dir_8721/:/home/cms049/home_cream_870425185/CREAM870425185/glide_lRmdga/execute/dir_8721/CMSSW_6_2_0_SLHC12/python:/home/cms049/home_cream_870425185/CREAM870425185/glide_lRmdga/execute/dir_8721/CMSSW_6_2_0_SLHC12/lib/slc5_amd64_gcc472:/cvmfs/cms.cern.ch/slc5_amd64_gcc472/cms/cmssw/CMSSW_6_2_0_SLHC12/python:/cvmfs/cms.cern.ch/slc5_amd64_gcc472/cms/cmssw/CMSSW_6_2_0_SLHC12/lib/slc5_amd64_gcc472:/cvmfs/cms.cern.ch/slc5_amd64_gcc472/cms/coral/CORAL_2_3_21-cms36/slc5_amd64_gcc472/python:/cvmfs/cms.cern.ch/slc5_amd64_gcc472/cms/coral/CORAL_2_3_21-cms36/slc5_amd64_gcc472/lib:/cvmfs/cms.cern.ch/slc5_amd64_gcc472/external/pyqt/4.8.1-cms6/lib/python2.7/site-packages:/cvmfs/cms.cern.ch/slc5_amd64_gcc472/external/py2-scipy/0.8.0-cms8/lib/python2.7/site-packages:/cvmfs/cms.cern.ch/slc5_amd64_gcc472/external/py2-matplotlib/1.0.1-cms8/lib/python2.7/site-packages:/cvmfs/cms.cern.ch/slc5_amd64_gcc472/external/python-ldap/2.3.5-cms6/lib/python2.7/site-packages:/cvmfs/cms.cern.ch/slc5_amd64_gcc472/external/sip/4.11.2-cms6/lib/python2.7/site-packages:/cvmfs/cms.cern.ch/slc5_amd64_gcc472/external/py2-pycurl/7.19.0-cms8/lib/python2.7/site-packages:/cvmfs/cms.cern.ch/slc5_amd64_gcc472/external/py2-numpy/1.6.1-cms8/lib/python2.7/site-packages:/cvmfs/cms.cern.ch/slc5_amd64_gcc472/external/py2-lint/0.25.1-cms6/lib/python2.7/site-packages:/cvmfs/cms.cern.ch/slc5_amd64_gcc472/external/py2-ipython/0.10-cms6/lib/python2.7/site-packages:/cvmfs/cms.cern.ch/slc5_amd64_gcc472/external/py2-cx-oracle/5.1-cms7/lib/python2.7/site-packages:/cvmfs/cms.cern.ch/slc5_amd64_gcc472/external/py2-cjson/1.0.5-cms6/lib/python2.7/site-packages:/cvmfs/cms.cern.ch/slc5_amd64_gcc472/cms/das-client/1.11.7/bin:/cvmfs/cms.cern.ch/slc5_amd64_gcc472/external/elementtree/1.2.6-cms6/share/lib/python2.7/site-packages:/cvmfs/cms.cern.ch/slc5_amd64_gcc472/external/rivet/1.8.2-cms8/lib/python2.7/site-packages:/cvmfs/cms.cern.ch/slc5_amd64_gcc472/external/pyminuit2/0.0.1-cms19/lib/python2.7/site-packages:/cvmfs/cms.cern.ch/slc5_amd64_gcc472/external/py2-pygithub/1.23.0/lib/python2.7/site-packages:/cvmfs/cms.cern.ch/slc5_amd64_gcc472/external/professor/1.0.0-cms19/lib/python2.7/site-packages:/cvmfs/cms.cern.ch/slc5_amd64_gcc472/lcg/root/5.34.07-cms/lib:/cvmfs/cms.cern.ch/slc5_amd64_gcc472/cms/dbs-client/DBS_2_1_9-cms5/lib:/cvmfs/cms.cern.ch/slc5_amd64_gcc472/cms/dbs-client/DBS_2_1_9-cms5/lib/DBSAPI:/cvmfs/cms.cern.ch/slc5_amd64_gcc472/external/cvs2git/5419-cms/lib:/home/cms049/home_cream_870425185/CREAM870425185/glide_lRmdga/execute/dir_8721/
 
# LIMITS USED BY CRAB WATCHDOG:
# RSS  (KBytes)   : 2300000
# VSZ  (KBytes)   : 100000000
# DISK (MBytes)   : 19000
# CPU TIME        : 720h:0m:0s
# WALL CLOCK TIME : 21h:50m:0s
 
5854dd31cbd3cdec44c48628cc181cf0
PSETHASH = 5854dd31cbd3cdec44c48628cc181cf0
/home/cms049/home_cream_870425185/CREAM870425185/glide_lRmdga/execute/dir_8721/writeCfg.py pset.py pset.py
Importing .py file
Setting parameters
RandomNumberGeneratorService found, will attempt to change seeds
inputBlocks=/calabria_SingleMuPt500_GEN-SIM-DIGI-RECO_CMSSW_6_2_0_SLHC12_2023Scenario_Case2/calabria-calabria_SingleMuPt500_GEN-SIM-DIGI-RECO_CMSSW_6_2_0_SLHC12_2023Scenario_Case2-41247ff61fcce1e4991e517dad8c5752/USER#e4166a20-4166-40b4-b61a-4a5c3dfcd099
inputFiles=/store/user/calabria/calabria_SingleMuPt500_GEN-SIM-DIGI-RECO_CMSSW_6_2_0_SLHC12_2023Scenario_Case2/calabria_SingleMuPt500_GEN-SIM-DIGI-RECO_CMSSW_6_2_0_SLHC12_2023Scenario_Case2/41247ff61fcce1e4991e517dad8c5752/out_reco_106_2_WAv.root;/store/user/calabria/calabria_SingleMuPt500_GEN-SIM-DIGI-RECO_CMSSW_6_2_0_SLHC12_2023Scenario_Case2/calabria_SingleMuPt500_GEN-SIM-DIGI-RECO_CMSSW_6_2_0_SLHC12_2023Scenario_Case2/41247ff61fcce1e4991e517dad8c5752/out_reco_107_2_qsq.root;/store/user/calabria/calabria_SingleMuPt500_GEN-SIM-DIGI-RECO_CMSSW_6_2_0_SLHC12_2023Scenario_Case2/calabria_SingleMuPt500_GEN-SIM-DIGI-RECO_CMSSW_6_2_0_SLHC12_2023Scenario_Case2/41247ff61fcce1e4991e517dad8c5752/out_reco_108_2_ZNE.root;/store/user/calabria/calabria_SingleMuPt500_GEN-SIM-DIGI-RECO_CMSSW_6_2_0_SLHC12_2023Scenario_Case2/calabria_SingleMuPt500_GEN-SIM-DIGI-RECO_CMSSW_6_2_0_SLHC12_2023Scenario_Case2/41247ff61fcce1e4991e517dad8c5752/out_reco_112_2_RiB.root;/store/user/calabria/calabria_SingleMuPt500_GEN-SIM-DIGI-RECO_CMSSW_6_2_0_SLHC12_2023Scenario_Case2/calabria_SingleMuPt500_GEN-SIM-DIGI-RECO_CMSSW_6_2_0_SLHC12_2023Scenario_Case2/41247ff61fcce1e4991e517dad8c5752/out_reco_114_2_Dlm.root;/store/user/calabria/calabria_SingleMuPt500_GEN-SIM-DIGI-RECO_CMSSW_6_2_0_SLHC12_2023Scenario_Case2/calabria_SingleMuPt500_GEN-SIM-DIGI-RECO_CMSSW_6_2_0_SLHC12_2023Scenario_Case2/41247ff61fcce1e4991e517dad8c5752/out_reco_121_2_uX9.root;/store/user/calabria/calabria_SingleMuPt500_GEN-SIM-DIGI-RECO_CMSSW_6_2_0_SLHC12_2023Scenario_Case2/calabria_SingleMuPt500_GEN-SIM-DIGI-RECO_CMSSW_6_2_0_SLHC12_2023Scenario_Case2/41247ff61fcce1e4991e517dad8c5752/out_reco_123_2_RWI.root;/store/user/calabria/calabria_SingleMuPt500_GEN-SIM-DIGI-RECO_CMSSW_6_2_0_SLHC12_2023Scenario_Case2/calabria_SingleMuPt500_GEN-SIM-DIGI-RECO_CMSSW_6_2_0_SLHC12_2023Scenario_Case2/41247ff61fcce1e4991e517dad8c5752/out_reco_126_2_ilW.root;/store/user/calabria/calabria_SingleMuPt500_GEN-SIM-DIGI-RECO_CMSSW_6_2_0_SLHC12_2023Scenario_Case2/calabria_SingleMuPt500_GEN-SIM-DIGI-RECO_CMSSW_6_2_0_SLHC12_2023Scenario_Case2/41247ff61fcce1e4991e517dad8c5752/out_reco_132_2_PTL.root;/store/user/calabria/calabria_SingleMuPt500_GEN-SIM-DIGI-RECO_CMSSW_6_2_0_SLHC12_2023Scenario_Case2/calabria_SingleMuPt500_GEN-SIM-DIGI-RECO_CMSSW_6_2_0_SLHC12_2023Scenario_Case2/41247ff61fcce1e4991e517dad8c5752/out_reco_146_2_XNr.root
parentFiles=
lumisRange=
>>> Executable cmsRun
/cvmfs/cms.cern.ch/slc5_amd64_gcc472/cms/cmssw/CMSSW_6_2_0_SLHC12/bin/slc5_amd64_gcc472/cmsRun
ok executable found
>>> info for dashboard:
***** Cat /home/cms049/home_cream_870425185/CREAM870425185/glide_lRmdga/execute/dir_8721/jobreport.txt *****
MonitorJobID=3_https://submit-4.t2.ucsd.edu//140616//222482.2
MonitorID=calabria_MuMinus500_Case2_ReReco_5nf8i1
ExeStart=cmsRun
***** End Cat jobreport *****
Parameters sent to Dashboard.
>>> cmsRun started at Tue Jun 17 22:38:38 UTC 2014
>>> cmsRun ended at Tue Jun 17 22:49:34 UTC 2014
>>> crab_fjr_*.xml  permission set to 0704
>>> info for dashboard:
***** Cat /home/cms049/home_cream_870425185/CREAM870425185/glide_lRmdga/execute/dir_8721/jobreport.txt *****
MonitorJobID=3_https://submit-4.t2.ucsd.edu//140616//222482.2
MonitorID=calabria_MuMinus500_Case2_ReReco_5nf8i1
ExeEnd=cmsRun
***** End Cat jobreport *****
Parameters sent to Dashboard.
TIME_EXE = 656 sec
>>> cmsRun wrote 50 lines of stdout+stderr
>>> START OF printout of 50 lines from stdout+stderr
271 DQMStore::DQMStore 
HcalTopologyIdealEP::HcalTopologyIdealEP
18-Jun-2014 00:39:01 CEST  Initiating request to open file file:/lustre/cms//store/user/calabria/calabria_SingleMuPt500_GEN-SIM-DIGI-RECO_CMSSW_6_2_0_SLHC12_2023Scenario_Case2/calabria_SingleMuPt500_GEN-SIM-DIGI-RECO_CMSSW_6_2_0_SLHC12_2023Scenario_Case2/41247ff61fcce1e4991e517dad8c5752/out_reco_106_2_WAv.root
18-Jun-2014 00:39:03 CEST  Successfully opened file file:/lustre/cms//store/user/calabria/calabria_SingleMuPt500_GEN-SIM-DIGI-RECO_CMSSW_6_2_0_SLHC12_2023Scenario_Case2/calabria_SingleMuPt500_GEN-SIM-DIGI-RECO_CMSSW_6_2_0_SLHC12_2023Scenario_Case2/41247ff61fcce1e4991e517dad8c5752/out_reco_106_2_WAv.root
18-Jun-2014 00:40:20 CEST  Closed file file:/lustre/cms//store/user/calabria/calabria_SingleMuPt500_GEN-SIM-DIGI-RECO_CMSSW_6_2_0_SLHC12_2023Scenario_Case2/calabria_SingleMuPt500_GEN-SIM-DIGI-RECO_CMSSW_6_2_0_SLHC12_2023Scenario_Case2/41247ff61fcce1e4991e517dad8c5752/out_reco_106_2_WAv.root
18-Jun-2014 00:40:20 CEST  Initiating request to open file file:/lustre/cms//store/user/calabria/calabria_SingleMuPt500_GEN-SIM-DIGI-RECO_CMSSW_6_2_0_SLHC12_2023Scenario_Case2/calabria_SingleMuPt500_GEN-SIM-DIGI-RECO_CMSSW_6_2_0_SLHC12_2023Scenario_Case2/41247ff61fcce1e4991e517dad8c5752/out_reco_107_2_qsq.root
18-Jun-2014 00:40:20 CEST  Successfully opened file file:/lustre/cms//store/user/calabria/calabria_SingleMuPt500_GEN-SIM-DIGI-RECO_CMSSW_6_2_0_SLHC12_2023Scenario_Case2/calabria_SingleMuPt500_GEN-SIM-DIGI-RECO_CMSSW_6_2_0_SLHC12_2023Scenario_Case2/41247ff61fcce1e4991e517dad8c5752/out_reco_107_2_qsq.root
18-Jun-2014 00:41:29 CEST  Closed file file:/lustre/cms//store/user/calabria/calabria_SingleMuPt500_GEN-SIM-DIGI-RECO_CMSSW_6_2_0_SLHC12_2023Scenario_Case2/calabria_SingleMuPt500_GEN-SIM-DIGI-RECO_CMSSW_6_2_0_SLHC12_2023Scenario_Case2/41247ff61fcce1e4991e517dad8c5752/out_reco_107_2_qsq.root
18-Jun-2014 00:41:29 CEST  Initiating request to open file file:/lustre/cms//store/user/calabria/calabria_SingleMuPt500_GEN-SIM-DIGI-RECO_CMSSW_6_2_0_SLHC12_2023Scenario_Case2/calabria_SingleMuPt500_GEN-SIM-DIGI-RECO_CMSSW_6_2_0_SLHC12_2023Scenario_Case2/41247ff61fcce1e4991e517dad8c5752/out_reco_108_2_ZNE.root
18-Jun-2014 00:41:29 CEST  Successfully opened file file:/lustre/cms//store/user/calabria/calabria_SingleMuPt500_GEN-SIM-DIGI-RECO_CMSSW_6_2_0_SLHC12_2023Scenario_Case2/calabria_SingleMuPt500_GEN-SIM-DIGI-RECO_CMSSW_6_2_0_SLHC12_2023Scenario_Case2/41247ff61fcce1e4991e517dad8c5752/out_reco_108_2_ZNE.root
18-Jun-2014 00:42:24 CEST  Closed file file:/lustre/cms//store/user/calabria/calabria_SingleMuPt500_GEN-SIM-DIGI-RECO_CMSSW_6_2_0_SLHC12_2023Scenario_Case2/calabria_SingleMuPt500_GEN-SIM-DIGI-RECO_CMSSW_6_2_0_SLHC12_2023Scenario_Case2/41247ff61fcce1e4991e517dad8c5752/out_reco_108_2_ZNE.root
18-Jun-2014 00:42:24 CEST  Initiating request to open file file:/lustre/cms//store/user/calabria/calabria_SingleMuPt500_GEN-SIM-DIGI-RECO_CMSSW_6_2_0_SLHC12_2023Scenario_Case2/calabria_SingleMuPt500_GEN-SIM-DIGI-RECO_CMSSW_6_2_0_SLHC12_2023Scenario_Case2/41247ff61fcce1e4991e517dad8c5752/out_reco_112_2_RiB.root
18-Jun-2014 00:42:24 CEST  Successfully opened file file:/lustre/cms//store/user/calabria/calabria_SingleMuPt500_GEN-SIM-DIGI-RECO_CMSSW_6_2_0_SLHC12_2023Scenario_Case2/calabria_SingleMuPt500_GEN-SIM-DIGI-RECO_CMSSW_6_2_0_SLHC12_2023Scenario_Case2/41247ff61fcce1e4991e517dad8c5752/out_reco_112_2_RiB.root
18-Jun-2014 00:43:26 CEST  Closed file file:/lustre/cms//store/user/calabria/calabria_SingleMuPt500_GEN-SIM-DIGI-RECO_CMSSW_6_2_0_SLHC12_2023Scenario_Case2/calabria_SingleMuPt500_GEN-SIM-DIGI-RECO_CMSSW_6_2_0_SLHC12_2023Scenario_Case2/41247ff61fcce1e4991e517dad8c5752/out_reco_112_2_RiB.root
18-Jun-2014 00:43:26 CEST  Initiating request to open file file:/lustre/cms//store/user/calabria/calabria_SingleMuPt500_GEN-SIM-DIGI-RECO_CMSSW_6_2_0_SLHC12_2023Scenario_Case2/calabria_SingleMuPt500_GEN-SIM-DIGI-RECO_CMSSW_6_2_0_SLHC12_2023Scenario_Case2/41247ff61fcce1e4991e517dad8c5752/out_reco_114_2_Dlm.root
18-Jun-2014 00:43:26 CEST  Successfully opened file file:/lustre/cms//store/user/calabria/calabria_SingleMuPt500_GEN-SIM-DIGI-RECO_CMSSW_6_2_0_SLHC12_2023Scenario_Case2/calabria_SingleMuPt500_GEN-SIM-DIGI-RECO_CMSSW_6_2_0_SLHC12_2023Scenario_Case2/41247ff61fcce1e4991e517dad8c5752/out_reco_114_2_Dlm.root
18-Jun-2014 00:44:36 CEST  Closed file file:/lustre/cms//store/user/calabria/calabria_SingleMuPt500_GEN-SIM-DIGI-RECO_CMSSW_6_2_0_SLHC12_2023Scenario_Case2/calabria_SingleMuPt500_GEN-SIM-DIGI-RECO_CMSSW_6_2_0_SLHC12_2023Scenario_Case2/41247ff61fcce1e4991e517dad8c5752/out_reco_114_2_Dlm.root
18-Jun-2014 00:44:36 CEST  Initiating request to open file file:/lustre/cms//store/user/calabria/calabria_SingleMuPt500_GEN-SIM-DIGI-RECO_CMSSW_6_2_0_SLHC12_2023Scenario_Case2/calabria_SingleMuPt500_GEN-SIM-DIGI-RECO_CMSSW_6_2_0_SLHC12_2023Scenario_Case2/41247ff61fcce1e4991e517dad8c5752/out_reco_121_2_uX9.root
18-Jun-2014 00:44:36 CEST  Successfully opened file file:/lustre/cms//store/user/calabria/calabria_SingleMuPt500_GEN-SIM-DIGI-RECO_CMSSW_6_2_0_SLHC12_2023Scenario_Case2/calabria_SingleMuPt500_GEN-SIM-DIGI-RECO_CMSSW_6_2_0_SLHC12_2023Scenario_Case2/41247ff61fcce1e4991e517dad8c5752/out_reco_121_2_uX9.root
18-Jun-2014 00:45:37 CEST  Closed file file:/lustre/cms//store/user/calabria/calabria_SingleMuPt500_GEN-SIM-DIGI-RECO_CMSSW_6_2_0_SLHC12_2023Scenario_Case2/calabria_SingleMuPt500_GEN-SIM-DIGI-RECO_CMSSW_6_2_0_SLHC12_2023Scenario_Case2/41247ff61fcce1e4991e517dad8c5752/out_reco_121_2_uX9.root
18-Jun-2014 00:45:37 CEST  Initiating request to open file file:/lustre/cms//store/user/calabria/calabria_SingleMuPt500_GEN-SIM-DIGI-RECO_CMSSW_6_2_0_SLHC12_2023Scenario_Case2/calabria_SingleMuPt500_GEN-SIM-DIGI-RECO_CMSSW_6_2_0_SLHC12_2023Scenario_Case2/41247ff61fcce1e4991e517dad8c5752/out_reco_123_2_RWI.root
18-Jun-2014 00:45:38 CEST  Successfully opened file file:/lustre/cms//store/user/calabria/calabria_SingleMuPt500_GEN-SIM-DIGI-RECO_CMSSW_6_2_0_SLHC12_2023Scenario_Case2/calabria_SingleMuPt500_GEN-SIM-DIGI-RECO_CMSSW_6_2_0_SLHC12_2023Scenario_Case2/41247ff61fcce1e4991e517dad8c5752/out_reco_123_2_RWI.root
18-Jun-2014 00:46:43 CEST  Closed file file:/lustre/cms//store/user/calabria/calabria_SingleMuPt500_GEN-SIM-DIGI-RECO_CMSSW_6_2_0_SLHC12_2023Scenario_Case2/calabria_SingleMuPt500_GEN-SIM-DIGI-RECO_CMSSW_6_2_0_SLHC12_2023Scenario_Case2/41247ff61fcce1e4991e517dad8c5752/out_reco_123_2_RWI.root
18-Jun-2014 00:46:43 CEST  Initiating request to open file file:/lustre/cms//store/user/calabria/calabria_SingleMuPt500_GEN-SIM-DIGI-RECO_CMSSW_6_2_0_SLHC12_2023Scenario_Case2/calabria_SingleMuPt500_GEN-SIM-DIGI-RECO_CMSSW_6_2_0_SLHC12_2023Scenario_Case2/41247ff61fcce1e4991e517dad8c5752/out_reco_126_2_ilW.root
18-Jun-2014 00:46:43 CEST  Successfully opened file file:/lustre/cms//store/user/calabria/calabria_SingleMuPt500_GEN-SIM-DIGI-RECO_CMSSW_6_2_0_SLHC12_2023Scenario_Case2/calabria_SingleMuPt500_GEN-SIM-DIGI-RECO_CMSSW_6_2_0_SLHC12_2023Scenario_Case2/41247ff61fcce1e4991e517dad8c5752/out_reco_126_2_ilW.root
18-Jun-2014 00:48:02 CEST  Closed file file:/lustre/cms//store/user/calabria/calabria_SingleMuPt500_GEN-SIM-DIGI-RECO_CMSSW_6_2_0_SLHC12_2023Scenario_Case2/calabria_SingleMuPt500_GEN-SIM-DIGI-RECO_CMSSW_6_2_0_SLHC12_2023Scenario_Case2/41247ff61fcce1e4991e517dad8c5752/out_reco_126_2_ilW.root
18-Jun-2014 00:48:02 CEST  Initiating request to open file file:/lustre/cms//store/user/calabria/calabria_SingleMuPt500_GEN-SIM-DIGI-RECO_CMSSW_6_2_0_SLHC12_2023Scenario_Case2/calabria_SingleMuPt500_GEN-SIM-DIGI-RECO_CMSSW_6_2_0_SLHC12_2023Scenario_Case2/41247ff61fcce1e4991e517dad8c5752/out_reco_132_2_PTL.root
18-Jun-2014 00:48:04 CEST  Successfully opened file file:/lustre/cms//store/user/calabria/calabria_SingleMuPt500_GEN-SIM-DIGI-RECO_CMSSW_6_2_0_SLHC12_2023Scenario_Case2/calabria_SingleMuPt500_GEN-SIM-DIGI-RECO_CMSSW_6_2_0_SLHC12_2023Scenario_Case2/41247ff61fcce1e4991e517dad8c5752/out_reco_132_2_PTL.root
18-Jun-2014 00:48:57 CEST  Closed file file:/lustre/cms//store/user/calabria/calabria_SingleMuPt500_GEN-SIM-DIGI-RECO_CMSSW_6_2_0_SLHC12_2023Scenario_Case2/calabria_SingleMuPt500_GEN-SIM-DIGI-RECO_CMSSW_6_2_0_SLHC12_2023Scenario_Case2/41247ff61fcce1e4991e517dad8c5752/out_reco_132_2_PTL.root
18-Jun-2014 00:48:57 CEST  Initiating request to open file file:/lustre/cms//store/user/calabria/calabria_SingleMuPt500_GEN-SIM-DIGI-RECO_CMSSW_6_2_0_SLHC12_2023Scenario_Case2/calabria_SingleMuPt500_GEN-SIM-DIGI-RECO_CMSSW_6_2_0_SLHC12_2023Scenario_Case2/41247ff61fcce1e4991e517dad8c5752/out_reco_146_2_XNr.root
18-Jun-2014 00:48:58 CEST  Successfully opened file file:/lustre/cms//store/user/calabria/calabria_SingleMuPt500_GEN-SIM-DIGI-RECO_CMSSW_6_2_0_SLHC12_2023Scenario_Case2/calabria_SingleMuPt500_GEN-SIM-DIGI-RECO_CMSSW_6_2_0_SLHC12_2023Scenario_Case2/41247ff61fcce1e4991e517dad8c5752/out_reco_146_2_XNr.root
18-Jun-2014 00:49:33 CEST  Closed file file:/lustre/cms//store/user/calabria/calabria_SingleMuPt500_GEN-SIM-DIGI-RECO_CMSSW_6_2_0_SLHC12_2023Scenario_Case2/calabria_SingleMuPt500_GEN-SIM-DIGI-RECO_CMSSW_6_2_0_SLHC12_2023Scenario_Case2/41247ff61fcce1e4991e517dad8c5752/out_reco_146_2_XNr.root

=============================================

MessageLogger Summary

 type     category        sev    module        subroutine        count    total
 ---- -------------------- -- ---------------- ----------------  -----    -----
    1 fileAction           -s file_close                            10       10
    2 fileAction           -s file_open                             20       20

 type    category    Examples: run/evt        run/evt          run/evt
 ---- -------------------- ---------------- ---------------- ----------------
    1 fileAction           PostProcessEvent PostProcessEvent PostEndRun
    2 fileAction           pre-events       pre-events       PostProcessEvent

Severity    # Occurrences   Total Occurrences
--------    -------------   -----------------
System                 30                  30
>>> END OF printout of 50 lines from stdout+stderr
>>> Parse FrameworkJobReport crab_fjr.xml
Result of parsing the FrameworkJobReport crab_fjr.xml: Popularity start
lumisRange : 1::::1;1::::2;1::::3;1::::4;1::::5;1::::6;1::::7;1::::8;1::::9;1::::10;
lumisParentRange : 
Basename : /store/user/calabria/calabria_SingleMuPt500_GEN-SIM-DIGI-RECO_CMSSW_6_2_0_SLHC12_2023Scenario_Case2/calabria_SingleMuPt500_GEN-SIM-DIGI-RECO_CMSSW_6_2_0_SLHC12_2023Scenario_Case2/41247ff61fcce1e4991e517dad8c5752/out_reco_1
BasenameParent : 
parentFiles : 
inputBlocks : /calabria_SingleMuPt500_GEN-SIM-DIGI-RECO_CMSSW_6_2_0_SLHC12_2023Scenario_Case2/calabria-calabria_SingleMuPt500_GEN-SIM-DIGI-RECO_CMSSW_6_2_0_SLHC12_2023Scenario_Case2-41247ff61fcce1e4991e517dad8c5752/USER#e4166a20-4166-40b4-b61a-4a5c3dfcd099
inputFiles : 32_2_PTL.root::1::EDM::Local::1;46_2_XNr.root::1::EDM::Local::2;21_2_uX9.root::1::EDM::Local::3;14_2_Dlm.root::1::EDM::Local::4;07_2_qsq.root::1::EDM::Local::5;23_2_RWI.root::1::EDM::Local::6;06_2_WAv.root::1::EDM::Local::7;12_2_RiB.root::1::EDM::Local::8;08_2_ZNE.root::1::EDM::Local::9;26_2_ilW.root::1::EDM::Local::10;
Popularity stop
Extracted ExitStatus from FrameworkJobReport parsing output: 0
>>> Executable succeded  0
ExeExitCode=0
EXECUTABLE_EXIT_STATUS = 0
>>> current directory /home/cms049/home_cream_870425185/CREAM870425185/glide_lRmdga/execute/dir_8721/CMSSW_6_2_0_SLHC12
>>>  (SOFTWARE_DIR): /home/cms049/home_cream_870425185/CREAM870425185/glide_lRmdga/execute/dir_8721/CMSSW_6_2_0_SLHC12
>>> (WORKING_DIR): 
>>> current directory content:
total 11192
drwxr-xr-x 3 cms049 cms    4096 Jun 18 00:38 .SCRAM
-rw------- 1 cms049 cms 3739080 Jun 18 00:38 CMSSW.py.pkl
drwxr-xr-x 3 cms049 cms    4096 Jun 18 00:38 bin
drwxr-xr-x 3 cms049 cms    4096 Jun 18 00:38 cfipython
drwxr-xr-x 4 cms049 cms    4096 Jun 18 00:38 config
-rw------- 1 cms049 cms      16 Jun 18 00:49 cpu_timing.txt
drwxr-xr-x 2 cms049 cms    4096 Jun 18 00:38 doc
-rw------- 1 cms049 cms    9985 Jun 18 00:49 executable.out
drwxr-xr-x 2 cms049 cms    4096 Jun 18 00:38 include
drwx------ 3 cms049 cms    4096 Apr 28 18:12 lib
drwxr-xr-x 3 cms049 cms    4096 Jun 18 00:38 logs
drwxr-xr-x 3 cms049 cms    4096 Jun 18 00:38 objs
-rw------- 1 cms049 cms     104 Jun 18 00:38 pset.py
-rw------- 1 cms049 cms 3712324 Jun 18 00:38 pset.py.pkl
-rw------- 1 cms049 cms     289 Jun 18 00:38 pset.pyc
drwxr-xr-x 2 cms049 cms    4096 Jun 18 00:38 python
-rw------- 1 cms049 cms     407 Jun 18 00:49 report.log
drwx------ 6 cms049 cms    4096 Jun 18 00:38 src
drwxr-xr-x 3 cms049 cms    4096 Jun 18 00:38 test
drwxr-xr-x 3 cms049 cms    4096 Jun 18 00:38 tmp
-rw------- 1 cms049 cms 3909811 Jun 18 00:49 validationEDM.root
>>> current directory /home/cms049/home_cream_870425185/CREAM870425185/glide_lRmdga/execute/dir_8721/CMSSW_6_2_0_SLHC12
>>> (SOFTWARE_DIR): /home/cms049/home_cream_870425185/CREAM870425185/glide_lRmdga/execute/dir_8721/CMSSW_6_2_0_SLHC12
>>> (WORKING_DIR): 
>>> current directory content:
total 11192
drwxr-xr-x 3 cms049 cms    4096 Jun 18 00:38 .SCRAM
-rw------- 1 cms049 cms 3739080 Jun 18 00:38 CMSSW.py.pkl
drwxr-xr-x 3 cms049 cms    4096 Jun 18 00:38 bin
drwxr-xr-x 3 cms049 cms    4096 Jun 18 00:38 cfipython
drwxr-xr-x 4 cms049 cms    4096 Jun 18 00:38 config
-rw------- 1 cms049 cms      16 Jun 18 00:49 cpu_timing.txt
drwxr-xr-x 2 cms049 cms    4096 Jun 18 00:38 doc
-rw------- 1 cms049 cms    9985 Jun 18 00:49 executable.out
drwxr-xr-x 2 cms049 cms    4096 Jun 18 00:38 include
drwx------ 3 cms049 cms    4096 Apr 28 18:12 lib
drwxr-xr-x 3 cms049 cms    4096 Jun 18 00:38 logs
drwxr-xr-x 3 cms049 cms    4096 Jun 18 00:38 objs
-rw------- 1 cms049 cms     104 Jun 18 00:38 pset.py
-rw------- 1 cms049 cms 3712324 Jun 18 00:38 pset.py.pkl
-rw------- 1 cms049 cms     289 Jun 18 00:38 pset.pyc
drwxr-xr-x 2 cms049 cms    4096 Jun 18 00:38 python
-rw------- 1 cms049 cms     407 Jun 18 00:49 report.log
drwx------ 6 cms049 cms    4096 Jun 18 00:38 src
drwxr-xr-x 3 cms049 cms    4096 Jun 18 00:38 test
drwxr-xr-x 3 cms049 cms    4096 Jun 18 00:38 tmp
-rw------- 1 cms049 cms 3909811 Jun 18 00:49 validationEDM_3_1_Cty.root
>>> current directory (RUNTIME_AREA):  /home/cms049/home_cream_870425185/CREAM870425185/glide_lRmdga/execute/dir_8721
SE = storm-se-01.ba.infn.it
SE_PATH = /srm/managerv2?SFN=//cms/store/user/calabria/calabria_SingleMuPt500_GEN-SIM-DIGI-RECO_CMSSW_6_2_0_SLHC12_2023Scenario_Case2/calabria_MuMinus500_GEN-SIM-DIGI-RECO_CMSSW_6_2_0_SLHC12_2023Scenario_VALNOPU2_Case2/5854dd31cbd3cdec44c48628cc181cf0/
LFNBaseName = /store/user/calabria/calabria_SingleMuPt500_GEN-SIM-DIGI-RECO_CMSSW_6_2_0_SLHC12_2023Scenario_Case2/calabria_MuMinus500_GEN-SIM-DIGI-RECO_CMSSW_6_2_0_SLHC12_2023Scenario_VALNOPU2_Case2/5854dd31cbd3cdec44c48628cc181cf0/
USER = calabria
endpoint = srm://storm-se-01.ba.infn.it:8444/srm/managerv2?SFN=//cms/store/user/calabria/calabria_SingleMuPt500_GEN-SIM-DIGI-RECO_CMSSW_6_2_0_SLHC12_2023Scenario_Case2/calabria_MuMinus500_GEN-SIM-DIGI-RECO_CMSSW_6_2_0_SLHC12_2023Scenario_VALNOPU2_Case2/5854dd31cbd3cdec44c48628cc181cf0/
>>> Copy output files from WN = pccms115.ba.infn.it to /srm/managerv2?SFN=//cms/store/user/calabria/calabria_SingleMuPt500_GEN-SIM-DIGI-RECO_CMSSW_6_2_0_SLHC12_2023Scenario_Case2/calabria_MuMinus500_GEN-SIM-DIGI-RECO_CMSSW_6_2_0_SLHC12_2023Scenario_VALNOPU2_Case2/5854dd31cbd3cdec44c48628cc181cf0/ :
python cmscp.py  --destination srm://storm-se-01.ba.infn.it:8444/srm/managerv2?SFN=//cms/store/user/calabria/calabria_SingleMuPt500_GEN-SIM-DIGI-RECO_CMSSW_6_2_0_SLHC12_2023Scenario_Case2/calabria_MuMinus500_GEN-SIM-DIGI-RECO_CMSSW_6_2_0_SLHC12_2023Scenario_VALNOPU2_Case2/5854dd31cbd3cdec44c48628cc181cf0/ --inputFileList /home/cms049/home_cream_870425185/CREAM870425185/glide_lRmdga/execute/dir_8721/CMSSW_6_2_0_SLHC12/validationEDM_3_1_Cty.root --middleware LCG --se_name storm-se-01.ba.infn.it --for_lfn /store/user/calabria/calabria_SingleMuPt500_GEN-SIM-DIGI-RECO_CMSSW_6_2_0_SLHC12_2023Scenario_Case2/calabria_MuMinus500_GEN-SIM-DIGI-RECO_CMSSW_6_2_0_SLHC12_2023Scenario_VALNOPU2_Case2/5854dd31cbd3cdec44c48628cc181cf0/    
******************************************************
localSeName  =  storm-se-01.ba.infn.it
remoteSeName =  storm-se-01.ba.infn.it
******************************************************
{"/home/cms049/home_cream_870425185/CREAM870425185/glide_lRmdga/execute/dir_8721/CMSSW_6_2_0_SLHC12/validationEDM_3_1_Cty.root": {"endpoint": "srm://storm-se-01.ba.infn.it:8444/srm/managerv2?SFN=//cms/store/user/calabria/calabria_SingleMuPt500_GEN-SIM-DIGI-RECO_CMSSW_6_2_0_SLHC12_2023Scenario_Case2/calabria_MuMinus500_GEN-SIM-DIGI-RECO_CMSSW_6_2_0_SLHC12_2023Scenario_VALNOPU2_Case2/5854dd31cbd3cdec44c48628cc181cf0/", "surl_for_grid": "", "reason": "Copy succedeed with srm-lcg utils", "erCode": "0", "se_name": "storm-se-01.ba.infn.it", "for_lfn": "/store/user/calabria/calabria_SingleMuPt500_GEN-SIM-DIGI-RECO_CMSSW_6_2_0_SLHC12_2023Scenario_Case2/calabria_MuMinus500_GEN-SIM-DIGI-RECO_CMSSW_6_2_0_SLHC12_2023Scenario_VALNOPU2_Case2/5854dd31cbd3cdec44c48628cc181cf0/"}}/home/cms049/home_cream_870425185/CREAM870425185/glide_lRmdga/execute/dir_8721
-------- cat /home/cms049/home_cream_870425185/CREAM870425185/glide_lRmdga/execute/dir_8721/cmscpReport.sh 
#!/bin/bash
echo "Report for File: /home/cms049/home_cream_870425185/CREAM870425185/glide_lRmdga/execute/dir_8721/CMSSW_6_2_0_SLHC12/validationEDM_3_1_Cty.root"
echo "LFN: /store/user/calabria/calabria_SingleMuPt500_GEN-SIM-DIGI-RECO_CMSSW_6_2_0_SLHC12_2023Scenario_Case2/calabria_MuMinus500_GEN-SIM-DIGI-RECO_CMSSW_6_2_0_SLHC12_2023Scenario_VALNOPU2_Case2/5854dd31cbd3cdec44c48628cc181cf0/validationEDM_3_1_Cty.root"
echo "StorageElement: storm-se-01.ba.infn.it"
echo "StageOutExitStatusReason = 'Copy succedeed with srm-lcg utils'" | tee -a $RUNTIME_AREA/$repo
echo "StageOutSE = storm-se-01.ba.infn.it" >> $RUNTIME_AREA/$repo

export StageOutExitStatus=0
echo "StageOutExitStatus = 0" | tee -a $RUNTIME_AREA/$repo
-------- end of /home/cms049/home_cream_870425185/CREAM870425185/glide_lRmdga/execute/dir_8721/cmscpReport.sh 
Report for File: /home/cms049/home_cream_870425185/CREAM870425185/glide_lRmdga/execute/dir_8721/CMSSW_6_2_0_SLHC12/validationEDM_3_1_Cty.root
LFN: /store/user/calabria/calabria_SingleMuPt500_GEN-SIM-DIGI-RECO_CMSSW_6_2_0_SLHC12_2023Scenario_Case2/calabria_MuMinus500_GEN-SIM-DIGI-RECO_CMSSW_6_2_0_SLHC12_2023Scenario_VALNOPU2_Case2/5854dd31cbd3cdec44c48628cc181cf0/validationEDM_3_1_Cty.root
StorageElement: storm-se-01.ba.infn.it
StageOutExitStatusReason = 'Copy succedeed with srm-lcg utils'
StageOutExitStatus = 0
>>> current dir: /home/cms049/home_cream_870425185/CREAM870425185/glide_lRmdga/execute/dir_8721
>>> current dir content:
total 28076
-rw-------  1 cms049 cms     2779 Jun 18 00:50 .SEinteraction.log
-rwx------  1 cms049 cms     6788 Jun 18 00:37 .job.ad
-rwx------  1 cms049 cms     9219 Jun 18 00:37 .machine.ad
-rw-------  1 cms049 cms      105 Jun 16 20:48 CMSSW.py
-rw-------  1 cms049 cms  3739080 Jun 16 20:48 CMSSW.py.pkl
-rwx------  1 cms049 cms    29569 Jun 18 00:38 CMSSW.sh
drwxr-xr-x 15 cms049 cms     4096 Jun 18 00:49 CMSSW_6_2_0_SLHC12
-rw-------  1 cms049 cms      219 Jun 18 00:38 CacheEnv.sh
-rw-------  1 cms049 cms     7291 Apr  4 11:04 DashboardAPI.py
-rw-------  1 cms049 cms     6800 Jun 18 00:38 DashboardAPI.pyc
drwx------  2 cms049 cms     4096 Jun 18 00:49 IMProv
-rw-------  1 cms049 cms     2748 Apr  4 11:04 Logger.py
-rw-------  1 cms049 cms     3342 Jun 18 00:38 Logger.pyc
-rw-------  1 cms049 cms    24524 Apr  4 11:04 ProcInfo.py
-rw-------  1 cms049 cms    23173 Jun 18 00:38 ProcInfo.pyc
drwx------  7 cms049 cms     4096 Jun 18 00:38 ProdCommon
drwx------  3 cms049 cms     4096 Jun 18 00:38 WMCore
-rw-------  1 cms049 cms     3362 Jun 18 00:49 Watchdog_3.log
-rwx------  1 cms049 cms        0 Jun 18 00:38 _condor_stderr
-rwx---r--  1 cms049 cms    29474 Jun 18 00:50 _condor_stdout
-rw-------  1 cms049 cms    32895 Apr  4 11:04 apmon.py
-rw-------  1 cms049 cms    28596 Jun 18 00:38 apmon.pyc
-rwx------  1 cms049 cms    54248 Jun 18 00:38 arguments.xml
-rwx------  1 cms049 cms    38515 Apr  4 11:04 cmscp.py
-rw-------  1 cms049 cms      717 Jun 18 00:50 cmscpReport.sh
-rwx------  1 cms049 cms    29569 Jun 18 00:38 condor_exec.exe
-rw-------  1 cms049 cms      963 Jun 16 20:47 crab.cfg
-rwx------  1 cms049 cms     8610 Apr  4 11:04 crabWatchdog.sh
-rwx---r--  1 cms049 cms   523349 Jun 18 00:49 crab_fjr_3.xml
-rwx------  1 cms049 cms 23959035 Jun 18 00:38 default.tgz
-rwx------  1 cms049 cms     4488 Apr  4 11:04 fillCrabFjr.py
-rw-------  1 cms049 cms     2651 Jun 18 00:38 inputsReport.txt
-rw-------  1 cms049 cms      260 Jun 18 00:50 jobreport.txt
-rw-------  1 cms049 cms    17352 Apr  4 11:04 parseCrabFjr.py
-rw-------  1 cms049 cms      327 Jun 18 00:38 report.log
-rwx--x--x  1 cms049 cms     1497 Apr  4 11:04 report.py
-rw-------  1 cms049 cms      774 Jun 18 00:50 resultCopyFile
lrwxrwxrwx  1 cms049 cms      124 Jun 18 00:49 validationEDM.root -> /home/cms049/home_cream_870425185/CREAM870425185/glide_lRmdga/execute/dir_8721/CMSSW_6_2_0_SLHC12/validationEDM_3_1_Cty.root
-rwx------  1 cms049 cms     8387 Apr  4 11:04 writeCfg.py
-rw-------  1 cms049 cms     8010 Jun 18 00:37 x509up_u50707
>>> Modify Job Report:
CMSSW_VERSION = CMSSW_6_2_0_SLHC12
ProcessedDataset = calabria_MuMinus500_GEN-SIM-DIGI-RECO_CMSSW_6_2_0_SLHC12_2023Scenario_VALNOPU2_Case2
/home/cms049/home_cream_870425185/CREAM870425185/glide_lRmdga/execute/dir_8721/ProdCommon/FwkJobRep/ModifyJobReport.py fjr /home/cms049/home_cream_870425185/CREAM870425185/glide_lRmdga/execute/dir_8721/crab_fjr_3.xml json /home/cms049/home_cream_870425185/CREAM870425185/glide_lRmdga/execute/dir_8721/resultCopyFile n_job 3_1_Cty PrimaryDataset calabria_SingleMuPt500_GEN-SIM-DIGI-RECO_CMSSW_6_2_0_SLHC12_2023Scenario_Case2  ApplicationFamily cmsRun ApplicationName cmsRun cmssw_version CMSSW_6_2_0_SLHC12 psethash 5854dd31cbd3cdec44c48628cc181cf0 UserProcessedDataset calabria-calabria_MuMinus500_GEN-SIM-DIGI-RECO_CMSSW_6_2_0_SLHC12_2023Scenario_VALNOPU2_Case2-5854dd31cbd3cdec44c48628cc181cf0
inputDict =  {u'/home/cms049/home_cream_870425185/CREAM870425185/glide_lRmdga/execute/dir_8721/CMSSW_6_2_0_SLHC12/validationEDM_3_1_Cty.root': {u'endpoint': u'srm://storm-se-01.ba.infn.it:8444/srm/managerv2?SFN=//cms/store/user/calabria/calabria_SingleMuPt500_GEN-SIM-DIGI-RECO_CMSSW_6_2_0_SLHC12_2023Scenario_Case2/calabria_MuMinus500_GEN-SIM-DIGI-RECO_CMSSW_6_2_0_SLHC12_2023Scenario_VALNOPU2_Case2/5854dd31cbd3cdec44c48628cc181cf0/', u'surl_for_grid': u'', u'reason': u'Copy succedeed with srm-lcg utils', u'erCode': u'0', u'se_name': u'storm-se-01.ba.infn.it', u'for_lfn': u'/store/user/calabria/calabria_SingleMuPt500_GEN-SIM-DIGI-RECO_CMSSW_6_2_0_SLHC12_2023Scenario_Case2/calabria_MuMinus500_GEN-SIM-DIGI-RECO_CMSSW_6_2_0_SLHC12_2023Scenario_VALNOPU2_Case2/5854dd31cbd3cdec44c48628cc181cf0/'}}
UserProcessedDataset =  calabria-calabria_MuMinus500_GEN-SIM-DIGI-RECO_CMSSW_6_2_0_SLHC12_2023Scenario_VALNOPU2_Case2-5854dd31cbd3cdec44c48628cc181cf0
file_name in inputDict =  /home/cms049/home_cream_870425185/CREAM870425185/glide_lRmdga/execute/dir_8721/CMSSW_6_2_0_SLHC12/validationEDM_3_1_Cty.root
(size) os.stat(filename)[6] =  3909811
checksum =  3859105576
    file =  validationEDM_3_1_Cty.root
    newPfn =  srm://storm-se-01.ba.infn.it:8444/srm/managerv2?SFN=//cms/store/user/calabria/calabria_SingleMuPt500_GEN-SIM-DIGI-RECO_CMSSW_6_2_0_SLHC12_2023Scenario_Case2/calabria_MuMinus500_GEN-SIM-DIGI-RECO_CMSSW_6_2_0_SLHC12_2023Scenario_VALNOPU2_Case2/5854dd31cbd3cdec44c48628cc181cf0/validationEDM_3_1_Cty.root
    newLfn =  /store/user/calabria/calabria_SingleMuPt500_GEN-SIM-DIGI-RECO_CMSSW_6_2_0_SLHC12_2023Scenario_Case2/calabria_MuMinus500_GEN-SIM-DIGI-RECO_CMSSW_6_2_0_SLHC12_2023Scenario_VALNOPU2_Case2/5854dd31cbd3cdec44c48628cc181cf0/validationEDM_3_1_Cty.root
>>> crab_fjr_*.xml  permission set to 0704
CrabWrapper EXIT_FUNC entered at Wed Jun 18 00:50:28 CEST 2014   -  Tue Jun 17 22:50:28 UTC 2014
Checking output files:  
will tar file crab_fjr_3.xml in  out_files_3
WARNING: output file CMSSW_3.stdout not found!
WARNING: output file CMSSW_3.stderr not found!
WARNING: output file Watchdog_3.log.gz not found!
>>> padding time: Wrapper lasting more than 600 seconds. No sleep required.
STOPPING WATCHDOG. CrabWatchdog PID is 13191
********** LAST 50 LINES OF WATCHDOG LOG
# RESOURCE USAGE SUMMARY FOR PROCESS ID 12402
USER       PID %CPU %MEM    VSZ   RSS TTY      STAT START   TIME COMMAND
cms049   12402  0.3  0.0   9500  1596 ?        S    00:38   0:00 /bin/sh /home/cms049/home_cream_870425185/CREAM870425185/glide_lRmdga/execute/dir_8721/condor_exec.exe 3 1
 
# LIMITS USED BY CRAB WATCHDOG:
# RSS  (KBytes)   : 2300000
# VSZ  (KBytes)   : 100000000
# DISK (MBytes)   : 19000
# CPU TIME        : 720h:0m:0s
# WALL CLOCK TIME : 21h:50m:0s
 
# FOLLOWING PRINTOUT TRACKS MAXIMUM VALUES OF RESOURCES USE
# ONE LINE IS PRINTED EACH TIME A MAXIMUM CHANGES
# IF CHANGE WAS IN RSS OR VSZ ALSO PROCID AND COMMAND ARE PRINTED
# THERE IS NO PRINTOUT FOR CPU/WALL TIME INCREASE
 
# TIME			PID	RSS(KB)	VSZ(KB)	Dsk(MB)	tCPU(s)	tWALL(s)	COMMAND
 Jun 18 00:38:26 CEST	2981	1392	9364	0	0	0	/bin/bash /home/cms049/home_cream_870425185/CREAM870425185/glide_lRmdga/main/condor_startup.sh glidein_config        
 Jun 18 00:38:26 CEST	4136	8004	93340	0	0	0	/home/cms049/home_cream_870425185/CREAM870425185/glide_lRmdga/main/condor/sbin/condor_master -f -pidfile /home/cms049/home_cream_870425185/CREAM870425185/glide_lRmdga/condor_master2.pid       
 Jun 18 00:38:26 CEST	7842	8688	93808	0	0	0	condor_startd -f         
 Jun 18 00:38:26 CEST	13203	22880	96756	0	0	0	edmConfigHash pset.py         
 Jun 18 00:38:26 CEST	15644	22880	106092	0	0	0	sh -c "./glidein_startup.sh" -v std -name v3_0 -entry CMS_T2_IT_Bari_ce4 -clientname UCSD-v1_0.main
 Jun 18 00:38:26 CEST	15655	22880	106492	0	0	0	/bin/bash ./glidein_startup.sh -v std -name v3_0 -entry CMS_T2_IT_Bari_ce4 -clientname UCSD-v1_0.main -schedd
 Jun 18 00:38:26 CEST	---	22880	106492	171	----	----	----
 Jun 18 00:39:26 CEST	13875	362468	608864	171	13	61	cmsRun -j /home/cms049/home_cream_870425185/CREAM870425185/glide_lRmdga/execute/dir_8721/crab_fjr_3.xml -p pset.py      
 Jun 18 00:39:26 CEST	---	362468	608864	175	----	----	----
 Jun 18 00:40:27 CEST	13875	664372	945932	175	32	122	cmsRun -j /home/cms049/home_cream_870425185/CREAM870425185/glide_lRmdga/execute/dir_8721/crab_fjr_3.xml -p pset.py      
 Jun 18 00:41:28 CEST	13875	677796	946188	175	56	183	cmsRun -j /home/cms049/home_cream_870425185/CREAM870425185/glide_lRmdga/execute/dir_8721/crab_fjr_3.xml -p pset.py      
 Jun 18 00:42:29 CEST	13875	686744	977676	175	77	244	cmsRun -j /home/cms049/home_cream_870425185/CREAM870425185/glide_lRmdga/execute/dir_8721/crab_fjr_3.xml -p pset.py      
 Jun 18 00:43:30 CEST	13875	689316	984332	175	99	304	cmsRun -j /home/cms049/home_cream_870425185/CREAM870425185/glide_lRmdga/execute/dir_8721/crab_fjr_3.xml -p pset.py      
 Jun 18 00:44:30 CEST	13875	711792	1018636	175	118	365	cmsRun -j /home/cms049/home_cream_870425185/CREAM870425185/glide_lRmdga/execute/dir_8721/crab_fjr_3.xml -p pset.py      
 Jun 18 00:45:31 CEST	13875	711792	1027596	175	145	426	cmsRun -j /home/cms049/home_cream_870425185/CREAM870425185/glide_lRmdga/execute/dir_8721/crab_fjr_3.xml -p pset.py      
 Jun 18 00:46:32 CEST	13875	714428	1027596	175	168	487	cmsRun -j /home/cms049/home_cream_870425185/CREAM870425185/glide_lRmdga/execute/dir_8721/crab_fjr_3.xml -p pset.py      
 Jun 18 00:48:34 CEST	13875	726712	1031016	175	203	609	cmsRun -j /home/cms049/home_cream_870425185/CREAM870425185/glide_lRmdga/execute/dir_8721/crab_fjr_3.xml -p pset.py      
 Jun 18 00:49:35 CEST	---	726712	1031016	179	----	----	----
********** WATCHDOG LOG ENDED
ZIPPING WATCHDOG LOG
Disk space used:
du -sh /home/cms049/home_cream_870425185/CREAM870425185/glide_lRmdga/execute/dir_8721
179M	/home/cms049/home_cream_870425185/CREAM870425185/glide_lRmdga/execute/dir_8721
Found unusual stdout, rename for OSB
`/home/cms049/home_cream_870425185/CREAM870425185/glide_lRmdga/execute/dir_8721/_condor_stdout' -> `CMSSW_3.stdout'
Found unusual stderr, rename for OSB
`/home/cms049/home_cream_870425185/CREAM870425185/glide_lRmdga/execute/dir_8721/_condor_stdout' -> `CMSSW_3.stderr'
crab_fjr_3.xml
CMSSW_3.stdout
CMSSW_3.stderr
Watchdog_3.log.gz
Total Output dimension: 70509
WARNING: output files size limit is set to: 50000000
Total Output dimension 70509 is fine.
JOB_EXIT_STATUS = 0
>>> info for dashboard:
***** Cat /home/cms049/home_cream_870425185/CREAM870425185/glide_lRmdga/execute/dir_8721/jobreport.txt *****
MonitorJobID=3_https://submit-4.t2.ucsd.edu//140616//222482.2
MonitorID=calabria_MuMinus500_Case2_ReReco_5nf8i1
ExeTime=656
ExeExitCode=0
StageOutExitStatusReason = 'Copy succedeed with srm-lcg utils'
StageOutSE = storm-se-01.ba.infn.it
StageOutExitStatus = 0
CrabUserCpuTime=246.67
CrabSysCpuTime=4.75
CrabCpuPercentage=38%
CrabWrapperTime=729
CrabStageoutTime=48
JobExitCode=0
***** End Cat jobreport *****
Parameters sent to Dashboard.
EXITING at Wed Jun 18 00:50:34 CEST 2014  -  Tue Jun 17 22:50:34 UTC 2014
