This script was generated by crab (version 2.10.5_patch1).
Running /home/cms017/home_cream_764644357/CREAM764644357/glide_9P6YXE/execute/dir_8720/condor_exec.exe with 2 positional parameters: 5 1
Today is Wed Jun 18 00:37:54 CEST 2014 - Tue Jun 17 22:37:54 UTC 2014
Job submitted on host pccms115.ba.infn.it
Linux pccms115.ba.infn.it 2.6.32-358.23.2.el6.x86_64 #1 SMP Thu Oct 17 10:27:22 CEST 2013 x86_64 x86_64 x86_64 GNU/Linux
>>> current directory (RUNTIME_AREA): /home/cms017/home_cream_764644357/CREAM764644357/glide_9P6YXE/execute/dir_8720
>>> current user: uid=11830(cms017) gid=1399(cms) groups=1399(cms)
>>> directory permission set to 0700
>>> umask set to:  u=rwx,g=,o=
>>> stdout stderr permission set to 0704
>>> voms proxy information:
subject   : /C=IT/O=INFN/OU=Personal Certificate/L=Bari/CN=Cesare Calabria/CN=477126703/CN=300024957
issuer    : /C=IT/O=INFN/OU=Personal Certificate/L=Bari/CN=Cesare Calabria/CN=477126703
identity  : /C=IT/O=INFN/OU=Personal Certificate/L=Bari/CN=Cesare Calabria
type      : RFC3820 compliant limited proxy
strength  : 1024
path      : /home/cms017/home_cream_764644357/CREAM764644357/glide_9P6YXE/execute/dir_8720/x509up_u50707
timeleft  : 23:59:14
key usage : Digital Signature, Key Encipherment, Data Encipherment
=== VO cms extension information ===
VO        : cms
subject   : /C=IT/O=INFN/OU=Personal Certificate/L=Bari/CN=Cesare Calabria
issuer    : /DC=ch/DC=cern/OU=computers/CN=voms.cern.ch
attribute : /cms/Role=NULL/Capability=NULL
attribute : /cms/itcms/Role=NULL/Capability=NULL
timeleft  : 154:46:25
uri       : voms.cern.ch:15002

WNHostName=pccms115.ba.infn.it
>>> tar --no-same-permissions -xf /home/cms017/home_cream_764644357/CREAM764644357/glide_9P6YXE/execute/dir_8720/default.tgz :
Successful untar
>>> Include /home/cms017/home_cream_764644357/CREAM764644357/glide_9P6YXE/execute/dir_8720 in PYTHONPATH:
strip arguments
env var CRAB_UNIQUE_JOB_ID set to: calabria_MuMinus500_Case2_ReReco_5nf8i1_5_1_qJU
out_files_5
>>> list of expected files on output sandbox
output files: crab_fjr_5.xml CMSSW_5.stdout CMSSW_5.stderr Watchdog_5.log.gz
>>> GridFlavour discovery: 
GridFlavour=LCG
>>> SyncSite discovery: 
SyncSite=T2_IT_Bari
>>> SyncCE discovery: 
getting SyncCE from CE_ID
SyncCE=cream-ce-4.ba.infn.it:8443/cream-pbs-cms
>>> info for dashboard:
***** Cat /home/cms017/home_cream_764644357/CREAM764644357/glide_9P6YXE/execute/dir_8720/jobreport.txt *****
WNHostName=pccms115.ba.infn.it
MonitorJobID=5_https://submit-4.t2.ucsd.edu//140616//222482.4
SyncGridJobId=https://submit-4.t2.ucsd.edu//140616//222482.4
MonitorID=calabria_MuMinus500_Case2_ReReco_5nf8i1
GridFlavour=LCG
SyncSite=T2_IT_Bari
SyncCE=cream-ce-4.ba.infn.it:8443/cream-pbs-cms
***** End Cat jobreport *****
Parameters sent to Dashboard.
>>> setup environment
set SCRAM ARCH to slc5_amd64_gcc472
SCRAM_ARCH = slc5_amd64_gcc472
>>> setup CMS LCG environment:
set SCRAM ARCH and BUILD_ARCH to slc5_amd64_gcc472 ###
Sourcing environment... 
sourcing /cvmfs/cms.cern.ch/cmsset_default.sh
==> setup cms environment ok
>>> specific cmssw setup environment:
CMSSW_VERSION =  CMSSW_6_2_0_SLHC12
>>> current directory (SOFTWARE_DIR): /home/cms017/home_cream_764644357/CREAM764644357/glide_9P6YXE/execute/dir_8720/CMSSW_6_2_0_SLHC12
PreserveSeeds: <>
IncrementSeeds:<>
>>> info for dashboard:
***** Cat /home/cms017/home_cream_764644357/CREAM764644357/glide_9P6YXE/execute/dir_8720/jobreport.txt *****
MonitorJobID=5_https://submit-4.t2.ucsd.edu//140616//222482.4
MonitorID=calabria_MuMinus500_Case2_ReReco_5nf8i1
***** End Cat jobreport *****
Parameters sent to Dashboard.
crabWatchdog started as process 11419
>>> moving CMSSW software directories in /home/cms017/home_cream_764644357/CREAM764644357/glide_9P6YXE/execute/dir_8720/CMSSW_6_2_0_SLHC12
mv: cannot stat `/home/cms017/home_cream_764644357/CREAM764644357/glide_9P6YXE/execute/dir_8720/module/': No such file or directory
>>> Include /home/cms017/home_cream_764644357/CREAM764644357/glide_9P6YXE/execute/dir_8720 in PYTHONPATH:
PYTHONPATH=/home/cms017/home_cream_764644357/CREAM764644357/glide_9P6YXE/execute/dir_8720/:/home/cms017/home_cream_764644357/CREAM764644357/glide_9P6YXE/execute/dir_8720/CMSSW_6_2_0_SLHC12/python:/home/cms017/home_cream_764644357/CREAM764644357/glide_9P6YXE/execute/dir_8720/CMSSW_6_2_0_SLHC12/lib/slc5_amd64_gcc472:/cvmfs/cms.cern.ch/slc5_amd64_gcc472/cms/cmssw/CMSSW_6_2_0_SLHC12/python:/cvmfs/cms.cern.ch/slc5_amd64_gcc472/cms/cmssw/CMSSW_6_2_0_SLHC12/lib/slc5_amd64_gcc472:/cvmfs/cms.cern.ch/slc5_amd64_gcc472/cms/coral/CORAL_2_3_21-cms36/slc5_amd64_gcc472/python:/cvmfs/cms.cern.ch/slc5_amd64_gcc472/cms/coral/CORAL_2_3_21-cms36/slc5_amd64_gcc472/lib:/cvmfs/cms.cern.ch/slc5_amd64_gcc472/external/pyqt/4.8.1-cms6/lib/python2.7/site-packages:/cvmfs/cms.cern.ch/slc5_amd64_gcc472/external/py2-scipy/0.8.0-cms8/lib/python2.7/site-packages:/cvmfs/cms.cern.ch/slc5_amd64_gcc472/external/py2-matplotlib/1.0.1-cms8/lib/python2.7/site-packages:/cvmfs/cms.cern.ch/slc5_amd64_gcc472/external/python-ldap/2.3.5-cms6/lib/python2.7/site-packages:/cvmfs/cms.cern.ch/slc5_amd64_gcc472/external/sip/4.11.2-cms6/lib/python2.7/site-packages:/cvmfs/cms.cern.ch/slc5_amd64_gcc472/external/py2-pycurl/7.19.0-cms8/lib/python2.7/site-packages:/cvmfs/cms.cern.ch/slc5_amd64_gcc472/external/py2-numpy/1.6.1-cms8/lib/python2.7/site-packages:/cvmfs/cms.cern.ch/slc5_amd64_gcc472/external/py2-lint/0.25.1-cms6/lib/python2.7/site-packages:/cvmfs/cms.cern.ch/slc5_amd64_gcc472/external/py2-ipython/0.10-cms6/lib/python2.7/site-packages:/cvmfs/cms.cern.ch/slc5_amd64_gcc472/external/py2-cx-oracle/5.1-cms7/lib/python2.7/site-packages:/cvmfs/cms.cern.ch/slc5_amd64_gcc472/external/py2-cjson/1.0.5-cms6/lib/python2.7/site-packages:/cvmfs/cms.cern.ch/slc5_amd64_gcc472/cms/das-client/1.11.7/bin:/cvmfs/cms.cern.ch/slc5_amd64_gcc472/external/elementtree/1.2.6-cms6/share/lib/python2.7/site-packages:/cvmfs/cms.cern.ch/slc5_amd64_gcc472/external/rivet/1.8.2-cms8/lib/python2.7/site-packages:/cvmfs/cms.cern.ch/slc5_amd64_gcc472/external/pyminuit2/0.0.1-cms19/lib/python2.7/site-packages:/cvmfs/cms.cern.ch/slc5_amd64_gcc472/external/py2-pygithub/1.23.0/lib/python2.7/site-packages:/cvmfs/cms.cern.ch/slc5_amd64_gcc472/external/professor/1.0.0-cms19/lib/python2.7/site-packages:/cvmfs/cms.cern.ch/slc5_amd64_gcc472/lcg/root/5.34.07-cms/lib:/cvmfs/cms.cern.ch/slc5_amd64_gcc472/cms/dbs-client/DBS_2_1_9-cms5/lib:/cvmfs/cms.cern.ch/slc5_amd64_gcc472/cms/dbs-client/DBS_2_1_9-cms5/lib/DBSAPI:/cvmfs/cms.cern.ch/slc5_amd64_gcc472/external/cvs2git/5419-cms/lib:/home/cms017/home_cream_764644357/CREAM764644357/glide_9P6YXE/execute/dir_8720/
 
# LIMITS USED BY CRAB WATCHDOG:
# RSS  (KBytes)   : 2300000
# VSZ  (KBytes)   : 100000000
# DISK (MBytes)   : 19000
# CPU TIME        : 720h:0m:0s
# WALL CLOCK TIME : 21h:50m:0s
 
5854dd31cbd3cdec44c48628cc181cf0
PSETHASH = 5854dd31cbd3cdec44c48628cc181cf0
/home/cms017/home_cream_764644357/CREAM764644357/glide_9P6YXE/execute/dir_8720/writeCfg.py pset.py pset.py
Importing .py file
Setting parameters
RandomNumberGeneratorService found, will attempt to change seeds
inputBlocks=/calabria_SingleMuPt500_GEN-SIM-DIGI-RECO_CMSSW_6_2_0_SLHC12_2023Scenario_Case2/calabria-calabria_SingleMuPt500_GEN-SIM-DIGI-RECO_CMSSW_6_2_0_SLHC12_2023Scenario_Case2-41247ff61fcce1e4991e517dad8c5752/USER#e4166a20-4166-40b4-b61a-4a5c3dfcd099
inputFiles=/store/user/calabria/calabria_SingleMuPt500_GEN-SIM-DIGI-RECO_CMSSW_6_2_0_SLHC12_2023Scenario_Case2/calabria_SingleMuPt500_GEN-SIM-DIGI-RECO_CMSSW_6_2_0_SLHC12_2023Scenario_Case2/41247ff61fcce1e4991e517dad8c5752/out_reco_158_2_UPN.root;/store/user/calabria/calabria_SingleMuPt500_GEN-SIM-DIGI-RECO_CMSSW_6_2_0_SLHC12_2023Scenario_Case2/calabria_SingleMuPt500_GEN-SIM-DIGI-RECO_CMSSW_6_2_0_SLHC12_2023Scenario_Case2/41247ff61fcce1e4991e517dad8c5752/out_reco_163_2_jrd.root;/store/user/calabria/calabria_SingleMuPt500_GEN-SIM-DIGI-RECO_CMSSW_6_2_0_SLHC12_2023Scenario_Case2/calabria_SingleMuPt500_GEN-SIM-DIGI-RECO_CMSSW_6_2_0_SLHC12_2023Scenario_Case2/41247ff61fcce1e4991e517dad8c5752/out_reco_165_2_ITo.root;/store/user/calabria/calabria_SingleMuPt500_GEN-SIM-DIGI-RECO_CMSSW_6_2_0_SLHC12_2023Scenario_Case2/calabria_SingleMuPt500_GEN-SIM-DIGI-RECO_CMSSW_6_2_0_SLHC12_2023Scenario_Case2/41247ff61fcce1e4991e517dad8c5752/out_reco_171_2_rKL.root;/store/user/calabria/calabria_SingleMuPt500_GEN-SIM-DIGI-RECO_CMSSW_6_2_0_SLHC12_2023Scenario_Case2/calabria_SingleMuPt500_GEN-SIM-DIGI-RECO_CMSSW_6_2_0_SLHC12_2023Scenario_Case2/41247ff61fcce1e4991e517dad8c5752/out_reco_174_2_dJb.root;/store/user/calabria/calabria_SingleMuPt500_GEN-SIM-DIGI-RECO_CMSSW_6_2_0_SLHC12_2023Scenario_Case2/calabria_SingleMuPt500_GEN-SIM-DIGI-RECO_CMSSW_6_2_0_SLHC12_2023Scenario_Case2/41247ff61fcce1e4991e517dad8c5752/out_reco_178_2_IXt.root;/store/user/calabria/calabria_SingleMuPt500_GEN-SIM-DIGI-RECO_CMSSW_6_2_0_SLHC12_2023Scenario_Case2/calabria_SingleMuPt500_GEN-SIM-DIGI-RECO_CMSSW_6_2_0_SLHC12_2023Scenario_Case2/41247ff61fcce1e4991e517dad8c5752/out_reco_179_2_Ipz.root;/store/user/calabria/calabria_SingleMuPt500_GEN-SIM-DIGI-RECO_CMSSW_6_2_0_SLHC12_2023Scenario_Case2/calabria_SingleMuPt500_GEN-SIM-DIGI-RECO_CMSSW_6_2_0_SLHC12_2023Scenario_Case2/41247ff61fcce1e4991e517dad8c5752/out_reco_185_2_H6C.root;/store/user/calabria/calabria_SingleMuPt500_GEN-SIM-DIGI-RECO_CMSSW_6_2_0_SLHC12_2023Scenario_Case2/calabria_SingleMuPt500_GEN-SIM-DIGI-RECO_CMSSW_6_2_0_SLHC12_2023Scenario_Case2/41247ff61fcce1e4991e517dad8c5752/out_reco_197_2_7v1.root;/store/user/calabria/calabria_SingleMuPt500_GEN-SIM-DIGI-RECO_CMSSW_6_2_0_SLHC12_2023Scenario_Case2/calabria_SingleMuPt500_GEN-SIM-DIGI-RECO_CMSSW_6_2_0_SLHC12_2023Scenario_Case2/41247ff61fcce1e4991e517dad8c5752/out_reco_199_2_ALD.root
parentFiles=
lumisRange=
>>> Executable cmsRun
/cvmfs/cms.cern.ch/slc5_amd64_gcc472/cms/cmssw/CMSSW_6_2_0_SLHC12/bin/slc5_amd64_gcc472/cmsRun
ok executable found
>>> info for dashboard:
***** Cat /home/cms017/home_cream_764644357/CREAM764644357/glide_9P6YXE/execute/dir_8720/jobreport.txt *****
MonitorJobID=5_https://submit-4.t2.ucsd.edu//140616//222482.4
MonitorID=calabria_MuMinus500_Case2_ReReco_5nf8i1
ExeStart=cmsRun
***** End Cat jobreport *****
Parameters sent to Dashboard.
>>> cmsRun started at Tue Jun 17 22:38:15 UTC 2014
>>> cmsRun ended at Tue Jun 17 22:48:36 UTC 2014
>>> crab_fjr_*.xml  permission set to 0704
>>> info for dashboard:
***** Cat /home/cms017/home_cream_764644357/CREAM764644357/glide_9P6YXE/execute/dir_8720/jobreport.txt *****
MonitorJobID=5_https://submit-4.t2.ucsd.edu//140616//222482.4
MonitorID=calabria_MuMinus500_Case2_ReReco_5nf8i1
ExeEnd=cmsRun
***** End Cat jobreport *****
Parameters sent to Dashboard.
TIME_EXE = 621 sec
>>> cmsRun wrote 50 lines of stdout+stderr
>>> START OF printout of 50 lines from stdout+stderr
271 DQMStore::DQMStore 
HcalTopologyIdealEP::HcalTopologyIdealEP
18-Jun-2014 00:38:36 CEST  Initiating request to open file file:/lustre/cms//store/user/calabria/calabria_SingleMuPt500_GEN-SIM-DIGI-RECO_CMSSW_6_2_0_SLHC12_2023Scenario_Case2/calabria_SingleMuPt500_GEN-SIM-DIGI-RECO_CMSSW_6_2_0_SLHC12_2023Scenario_Case2/41247ff61fcce1e4991e517dad8c5752/out_reco_158_2_UPN.root
18-Jun-2014 00:38:38 CEST  Successfully opened file file:/lustre/cms//store/user/calabria/calabria_SingleMuPt500_GEN-SIM-DIGI-RECO_CMSSW_6_2_0_SLHC12_2023Scenario_Case2/calabria_SingleMuPt500_GEN-SIM-DIGI-RECO_CMSSW_6_2_0_SLHC12_2023Scenario_Case2/41247ff61fcce1e4991e517dad8c5752/out_reco_158_2_UPN.root
18-Jun-2014 00:39:55 CEST  Closed file file:/lustre/cms//store/user/calabria/calabria_SingleMuPt500_GEN-SIM-DIGI-RECO_CMSSW_6_2_0_SLHC12_2023Scenario_Case2/calabria_SingleMuPt500_GEN-SIM-DIGI-RECO_CMSSW_6_2_0_SLHC12_2023Scenario_Case2/41247ff61fcce1e4991e517dad8c5752/out_reco_158_2_UPN.root
18-Jun-2014 00:39:55 CEST  Initiating request to open file file:/lustre/cms//store/user/calabria/calabria_SingleMuPt500_GEN-SIM-DIGI-RECO_CMSSW_6_2_0_SLHC12_2023Scenario_Case2/calabria_SingleMuPt500_GEN-SIM-DIGI-RECO_CMSSW_6_2_0_SLHC12_2023Scenario_Case2/41247ff61fcce1e4991e517dad8c5752/out_reco_163_2_jrd.root
18-Jun-2014 00:39:57 CEST  Successfully opened file file:/lustre/cms//store/user/calabria/calabria_SingleMuPt500_GEN-SIM-DIGI-RECO_CMSSW_6_2_0_SLHC12_2023Scenario_Case2/calabria_SingleMuPt500_GEN-SIM-DIGI-RECO_CMSSW_6_2_0_SLHC12_2023Scenario_Case2/41247ff61fcce1e4991e517dad8c5752/out_reco_163_2_jrd.root
18-Jun-2014 00:40:56 CEST  Closed file file:/lustre/cms//store/user/calabria/calabria_SingleMuPt500_GEN-SIM-DIGI-RECO_CMSSW_6_2_0_SLHC12_2023Scenario_Case2/calabria_SingleMuPt500_GEN-SIM-DIGI-RECO_CMSSW_6_2_0_SLHC12_2023Scenario_Case2/41247ff61fcce1e4991e517dad8c5752/out_reco_163_2_jrd.root
18-Jun-2014 00:40:56 CEST  Initiating request to open file file:/lustre/cms//store/user/calabria/calabria_SingleMuPt500_GEN-SIM-DIGI-RECO_CMSSW_6_2_0_SLHC12_2023Scenario_Case2/calabria_SingleMuPt500_GEN-SIM-DIGI-RECO_CMSSW_6_2_0_SLHC12_2023Scenario_Case2/41247ff61fcce1e4991e517dad8c5752/out_reco_165_2_ITo.root
18-Jun-2014 00:40:56 CEST  Successfully opened file file:/lustre/cms//store/user/calabria/calabria_SingleMuPt500_GEN-SIM-DIGI-RECO_CMSSW_6_2_0_SLHC12_2023Scenario_Case2/calabria_SingleMuPt500_GEN-SIM-DIGI-RECO_CMSSW_6_2_0_SLHC12_2023Scenario_Case2/41247ff61fcce1e4991e517dad8c5752/out_reco_165_2_ITo.root
18-Jun-2014 00:41:39 CEST  Closed file file:/lustre/cms//store/user/calabria/calabria_SingleMuPt500_GEN-SIM-DIGI-RECO_CMSSW_6_2_0_SLHC12_2023Scenario_Case2/calabria_SingleMuPt500_GEN-SIM-DIGI-RECO_CMSSW_6_2_0_SLHC12_2023Scenario_Case2/41247ff61fcce1e4991e517dad8c5752/out_reco_165_2_ITo.root
18-Jun-2014 00:41:39 CEST  Initiating request to open file file:/lustre/cms//store/user/calabria/calabria_SingleMuPt500_GEN-SIM-DIGI-RECO_CMSSW_6_2_0_SLHC12_2023Scenario_Case2/calabria_SingleMuPt500_GEN-SIM-DIGI-RECO_CMSSW_6_2_0_SLHC12_2023Scenario_Case2/41247ff61fcce1e4991e517dad8c5752/out_reco_171_2_rKL.root
18-Jun-2014 00:41:39 CEST  Successfully opened file file:/lustre/cms//store/user/calabria/calabria_SingleMuPt500_GEN-SIM-DIGI-RECO_CMSSW_6_2_0_SLHC12_2023Scenario_Case2/calabria_SingleMuPt500_GEN-SIM-DIGI-RECO_CMSSW_6_2_0_SLHC12_2023Scenario_Case2/41247ff61fcce1e4991e517dad8c5752/out_reco_171_2_rKL.root
18-Jun-2014 00:42:33 CEST  Closed file file:/lustre/cms//store/user/calabria/calabria_SingleMuPt500_GEN-SIM-DIGI-RECO_CMSSW_6_2_0_SLHC12_2023Scenario_Case2/calabria_SingleMuPt500_GEN-SIM-DIGI-RECO_CMSSW_6_2_0_SLHC12_2023Scenario_Case2/41247ff61fcce1e4991e517dad8c5752/out_reco_171_2_rKL.root
18-Jun-2014 00:42:33 CEST  Initiating request to open file file:/lustre/cms//store/user/calabria/calabria_SingleMuPt500_GEN-SIM-DIGI-RECO_CMSSW_6_2_0_SLHC12_2023Scenario_Case2/calabria_SingleMuPt500_GEN-SIM-DIGI-RECO_CMSSW_6_2_0_SLHC12_2023Scenario_Case2/41247ff61fcce1e4991e517dad8c5752/out_reco_174_2_dJb.root
18-Jun-2014 00:42:33 CEST  Successfully opened file file:/lustre/cms//store/user/calabria/calabria_SingleMuPt500_GEN-SIM-DIGI-RECO_CMSSW_6_2_0_SLHC12_2023Scenario_Case2/calabria_SingleMuPt500_GEN-SIM-DIGI-RECO_CMSSW_6_2_0_SLHC12_2023Scenario_Case2/41247ff61fcce1e4991e517dad8c5752/out_reco_174_2_dJb.root
18-Jun-2014 00:43:24 CEST  Closed file file:/lustre/cms//store/user/calabria/calabria_SingleMuPt500_GEN-SIM-DIGI-RECO_CMSSW_6_2_0_SLHC12_2023Scenario_Case2/calabria_SingleMuPt500_GEN-SIM-DIGI-RECO_CMSSW_6_2_0_SLHC12_2023Scenario_Case2/41247ff61fcce1e4991e517dad8c5752/out_reco_174_2_dJb.root
18-Jun-2014 00:43:24 CEST  Initiating request to open file file:/lustre/cms//store/user/calabria/calabria_SingleMuPt500_GEN-SIM-DIGI-RECO_CMSSW_6_2_0_SLHC12_2023Scenario_Case2/calabria_SingleMuPt500_GEN-SIM-DIGI-RECO_CMSSW_6_2_0_SLHC12_2023Scenario_Case2/41247ff61fcce1e4991e517dad8c5752/out_reco_178_2_IXt.root
18-Jun-2014 00:43:25 CEST  Successfully opened file file:/lustre/cms//store/user/calabria/calabria_SingleMuPt500_GEN-SIM-DIGI-RECO_CMSSW_6_2_0_SLHC12_2023Scenario_Case2/calabria_SingleMuPt500_GEN-SIM-DIGI-RECO_CMSSW_6_2_0_SLHC12_2023Scenario_Case2/41247ff61fcce1e4991e517dad8c5752/out_reco_178_2_IXt.root
18-Jun-2014 00:44:41 CEST  Closed file file:/lustre/cms//store/user/calabria/calabria_SingleMuPt500_GEN-SIM-DIGI-RECO_CMSSW_6_2_0_SLHC12_2023Scenario_Case2/calabria_SingleMuPt500_GEN-SIM-DIGI-RECO_CMSSW_6_2_0_SLHC12_2023Scenario_Case2/41247ff61fcce1e4991e517dad8c5752/out_reco_178_2_IXt.root
18-Jun-2014 00:44:41 CEST  Initiating request to open file file:/lustre/cms//store/user/calabria/calabria_SingleMuPt500_GEN-SIM-DIGI-RECO_CMSSW_6_2_0_SLHC12_2023Scenario_Case2/calabria_SingleMuPt500_GEN-SIM-DIGI-RECO_CMSSW_6_2_0_SLHC12_2023Scenario_Case2/41247ff61fcce1e4991e517dad8c5752/out_reco_179_2_Ipz.root
18-Jun-2014 00:44:41 CEST  Successfully opened file file:/lustre/cms//store/user/calabria/calabria_SingleMuPt500_GEN-SIM-DIGI-RECO_CMSSW_6_2_0_SLHC12_2023Scenario_Case2/calabria_SingleMuPt500_GEN-SIM-DIGI-RECO_CMSSW_6_2_0_SLHC12_2023Scenario_Case2/41247ff61fcce1e4991e517dad8c5752/out_reco_179_2_Ipz.root
18-Jun-2014 00:45:45 CEST  Closed file file:/lustre/cms//store/user/calabria/calabria_SingleMuPt500_GEN-SIM-DIGI-RECO_CMSSW_6_2_0_SLHC12_2023Scenario_Case2/calabria_SingleMuPt500_GEN-SIM-DIGI-RECO_CMSSW_6_2_0_SLHC12_2023Scenario_Case2/41247ff61fcce1e4991e517dad8c5752/out_reco_179_2_Ipz.root
18-Jun-2014 00:45:45 CEST  Initiating request to open file file:/lustre/cms//store/user/calabria/calabria_SingleMuPt500_GEN-SIM-DIGI-RECO_CMSSW_6_2_0_SLHC12_2023Scenario_Case2/calabria_SingleMuPt500_GEN-SIM-DIGI-RECO_CMSSW_6_2_0_SLHC12_2023Scenario_Case2/41247ff61fcce1e4991e517dad8c5752/out_reco_185_2_H6C.root
18-Jun-2014 00:45:46 CEST  Successfully opened file file:/lustre/cms//store/user/calabria/calabria_SingleMuPt500_GEN-SIM-DIGI-RECO_CMSSW_6_2_0_SLHC12_2023Scenario_Case2/calabria_SingleMuPt500_GEN-SIM-DIGI-RECO_CMSSW_6_2_0_SLHC12_2023Scenario_Case2/41247ff61fcce1e4991e517dad8c5752/out_reco_185_2_H6C.root
18-Jun-2014 00:46:38 CEST  Closed file file:/lustre/cms//store/user/calabria/calabria_SingleMuPt500_GEN-SIM-DIGI-RECO_CMSSW_6_2_0_SLHC12_2023Scenario_Case2/calabria_SingleMuPt500_GEN-SIM-DIGI-RECO_CMSSW_6_2_0_SLHC12_2023Scenario_Case2/41247ff61fcce1e4991e517dad8c5752/out_reco_185_2_H6C.root
18-Jun-2014 00:46:38 CEST  Initiating request to open file file:/lustre/cms//store/user/calabria/calabria_SingleMuPt500_GEN-SIM-DIGI-RECO_CMSSW_6_2_0_SLHC12_2023Scenario_Case2/calabria_SingleMuPt500_GEN-SIM-DIGI-RECO_CMSSW_6_2_0_SLHC12_2023Scenario_Case2/41247ff61fcce1e4991e517dad8c5752/out_reco_197_2_7v1.root
18-Jun-2014 00:46:38 CEST  Successfully opened file file:/lustre/cms//store/user/calabria/calabria_SingleMuPt500_GEN-SIM-DIGI-RECO_CMSSW_6_2_0_SLHC12_2023Scenario_Case2/calabria_SingleMuPt500_GEN-SIM-DIGI-RECO_CMSSW_6_2_0_SLHC12_2023Scenario_Case2/41247ff61fcce1e4991e517dad8c5752/out_reco_197_2_7v1.root
18-Jun-2014 00:47:11 CEST  Closed file file:/lustre/cms//store/user/calabria/calabria_SingleMuPt500_GEN-SIM-DIGI-RECO_CMSSW_6_2_0_SLHC12_2023Scenario_Case2/calabria_SingleMuPt500_GEN-SIM-DIGI-RECO_CMSSW_6_2_0_SLHC12_2023Scenario_Case2/41247ff61fcce1e4991e517dad8c5752/out_reco_197_2_7v1.root
18-Jun-2014 00:47:11 CEST  Initiating request to open file file:/lustre/cms//store/user/calabria/calabria_SingleMuPt500_GEN-SIM-DIGI-RECO_CMSSW_6_2_0_SLHC12_2023Scenario_Case2/calabria_SingleMuPt500_GEN-SIM-DIGI-RECO_CMSSW_6_2_0_SLHC12_2023Scenario_Case2/41247ff61fcce1e4991e517dad8c5752/out_reco_199_2_ALD.root
18-Jun-2014 00:47:12 CEST  Successfully opened file file:/lustre/cms//store/user/calabria/calabria_SingleMuPt500_GEN-SIM-DIGI-RECO_CMSSW_6_2_0_SLHC12_2023Scenario_Case2/calabria_SingleMuPt500_GEN-SIM-DIGI-RECO_CMSSW_6_2_0_SLHC12_2023Scenario_Case2/41247ff61fcce1e4991e517dad8c5752/out_reco_199_2_ALD.root
18-Jun-2014 00:48:35 CEST  Closed file file:/lustre/cms//store/user/calabria/calabria_SingleMuPt500_GEN-SIM-DIGI-RECO_CMSSW_6_2_0_SLHC12_2023Scenario_Case2/calabria_SingleMuPt500_GEN-SIM-DIGI-RECO_CMSSW_6_2_0_SLHC12_2023Scenario_Case2/41247ff61fcce1e4991e517dad8c5752/out_reco_199_2_ALD.root

=============================================

MessageLogger Summary

 type     category        sev    module        subroutine        count    total
 ---- -------------------- -- ---------------- ----------------  -----    -----
    1 fileAction           -s file_close                            10       10
    2 fileAction           -s file_open                             20       20

 type    category    Examples: run/evt        run/evt          run/evt
 ---- -------------------- ---------------- ---------------- ----------------
    1 fileAction           PostProcessEvent PostProcessEvent PostEndRun
    2 fileAction           pre-events       pre-events       PostProcessEvent

Severity    # Occurrences   Total Occurrences
--------    -------------   -----------------
System                 30                  30
>>> END OF printout of 50 lines from stdout+stderr
>>> Parse FrameworkJobReport crab_fjr.xml
Result of parsing the FrameworkJobReport crab_fjr.xml: Popularity start
lumisRange : 1::::1;1::::2;1::::3;1::::4;1::::5;1::::6;1::::7;1::::8;1::::9;1::::10;
lumisParentRange : 
Basename : /store/user/calabria/calabria_SingleMuPt500_GEN-SIM-DIGI-RECO_CMSSW_6_2_0_SLHC12_2023Scenario_Case2/calabria_SingleMuPt500_GEN-SIM-DIGI-RECO_CMSSW_6_2_0_SLHC12_2023Scenario_Case2/41247ff61fcce1e4991e517dad8c5752/out_reco_1
BasenameParent : 
parentFiles : 
inputBlocks : /calabria_SingleMuPt500_GEN-SIM-DIGI-RECO_CMSSW_6_2_0_SLHC12_2023Scenario_Case2/calabria-calabria_SingleMuPt500_GEN-SIM-DIGI-RECO_CMSSW_6_2_0_SLHC12_2023Scenario_Case2-41247ff61fcce1e4991e517dad8c5752/USER#e4166a20-4166-40b4-b61a-4a5c3dfcd099
inputFiles : 99_2_ALD.root::1::EDM::Local::1;74_2_dJb.root::1::EDM::Local::2;85_2_H6C.root::1::EDM::Local::3;71_2_rKL.root::1::EDM::Local::4;79_2_Ipz.root::1::EDM::Local::5;65_2_ITo.root::1::EDM::Local::6;78_2_IXt.root::1::EDM::Local::7;63_2_jrd.root::1::EDM::Local::8;58_2_UPN.root::1::EDM::Local::9;97_2_7v1.root::1::EDM::Local::10;
Popularity stop
Extracted ExitStatus from FrameworkJobReport parsing output: 0
>>> Executable succeded  0
ExeExitCode=0
EXECUTABLE_EXIT_STATUS = 0
>>> current directory /home/cms017/home_cream_764644357/CREAM764644357/glide_9P6YXE/execute/dir_8720/CMSSW_6_2_0_SLHC12
>>>  (SOFTWARE_DIR): /home/cms017/home_cream_764644357/CREAM764644357/glide_9P6YXE/execute/dir_8720/CMSSW_6_2_0_SLHC12
>>> (WORKING_DIR): 
>>> current directory content:
total 11140
drwxr-xr-x 3 cms017 cms    4096 Jun 18 00:37 .SCRAM
-rw------- 1 cms017 cms 3739080 Jun 18 00:37 CMSSW.py.pkl
drwxr-xr-x 3 cms017 cms    4096 Jun 18 00:37 bin
drwxr-xr-x 3 cms017 cms    4096 Jun 18 00:37 cfipython
drwxr-xr-x 4 cms017 cms    4096 Jun 18 00:37 config
-rw------- 1 cms017 cms      16 Jun 18 00:48 cpu_timing.txt
drwxr-xr-x 2 cms017 cms    4096 Jun 18 00:37 doc
-rw------- 1 cms017 cms    9985 Jun 18 00:48 executable.out
drwxr-xr-x 2 cms017 cms    4096 Jun 18 00:37 include
drwx------ 3 cms017 cms    4096 Apr 28 18:12 lib
drwxr-xr-x 3 cms017 cms    4096 Jun 18 00:37 logs
drwxr-xr-x 3 cms017 cms    4096 Jun 18 00:37 objs
-rw------- 1 cms017 cms     104 Jun 18 00:38 pset.py
-rw------- 1 cms017 cms 3712331 Jun 18 00:38 pset.py.pkl
-rw------- 1 cms017 cms     289 Jun 18 00:38 pset.pyc
drwxr-xr-x 2 cms017 cms    4096 Jun 18 00:37 python
-rw------- 1 cms017 cms     407 Jun 18 00:48 report.log
drwx------ 6 cms017 cms    4096 Jun 18 00:37 src
drwxr-xr-x 3 cms017 cms    4096 Jun 18 00:37 test
drwxr-xr-x 3 cms017 cms    4096 Jun 18 00:37 tmp
-rw------- 1 cms017 cms 3855228 Jun 18 00:48 validationEDM.root
>>> current directory /home/cms017/home_cream_764644357/CREAM764644357/glide_9P6YXE/execute/dir_8720/CMSSW_6_2_0_SLHC12
>>> (SOFTWARE_DIR): /home/cms017/home_cream_764644357/CREAM764644357/glide_9P6YXE/execute/dir_8720/CMSSW_6_2_0_SLHC12
>>> (WORKING_DIR): 
>>> current directory content:
total 11140
drwxr-xr-x 3 cms017 cms    4096 Jun 18 00:37 .SCRAM
-rw------- 1 cms017 cms 3739080 Jun 18 00:37 CMSSW.py.pkl
drwxr-xr-x 3 cms017 cms    4096 Jun 18 00:37 bin
drwxr-xr-x 3 cms017 cms    4096 Jun 18 00:37 cfipython
drwxr-xr-x 4 cms017 cms    4096 Jun 18 00:37 config
-rw------- 1 cms017 cms      16 Jun 18 00:48 cpu_timing.txt
drwxr-xr-x 2 cms017 cms    4096 Jun 18 00:37 doc
-rw------- 1 cms017 cms    9985 Jun 18 00:48 executable.out
drwxr-xr-x 2 cms017 cms    4096 Jun 18 00:37 include
drwx------ 3 cms017 cms    4096 Apr 28 18:12 lib
drwxr-xr-x 3 cms017 cms    4096 Jun 18 00:37 logs
drwxr-xr-x 3 cms017 cms    4096 Jun 18 00:37 objs
-rw------- 1 cms017 cms     104 Jun 18 00:38 pset.py
-rw------- 1 cms017 cms 3712331 Jun 18 00:38 pset.py.pkl
-rw------- 1 cms017 cms     289 Jun 18 00:38 pset.pyc
drwxr-xr-x 2 cms017 cms    4096 Jun 18 00:37 python
-rw------- 1 cms017 cms     407 Jun 18 00:48 report.log
drwx------ 6 cms017 cms    4096 Jun 18 00:37 src
drwxr-xr-x 3 cms017 cms    4096 Jun 18 00:37 test
drwxr-xr-x 3 cms017 cms    4096 Jun 18 00:37 tmp
-rw------- 1 cms017 cms 3855228 Jun 18 00:48 validationEDM_5_1_qJU.root
>>> current directory (RUNTIME_AREA):  /home/cms017/home_cream_764644357/CREAM764644357/glide_9P6YXE/execute/dir_8720
SE = storm-se-01.ba.infn.it
SE_PATH = /srm/managerv2?SFN=//cms/store/user/calabria/calabria_SingleMuPt500_GEN-SIM-DIGI-RECO_CMSSW_6_2_0_SLHC12_2023Scenario_Case2/calabria_MuMinus500_GEN-SIM-DIGI-RECO_CMSSW_6_2_0_SLHC12_2023Scenario_VALNOPU2_Case2/5854dd31cbd3cdec44c48628cc181cf0/
LFNBaseName = /store/user/calabria/calabria_SingleMuPt500_GEN-SIM-DIGI-RECO_CMSSW_6_2_0_SLHC12_2023Scenario_Case2/calabria_MuMinus500_GEN-SIM-DIGI-RECO_CMSSW_6_2_0_SLHC12_2023Scenario_VALNOPU2_Case2/5854dd31cbd3cdec44c48628cc181cf0/
USER = calabria
endpoint = srm://storm-se-01.ba.infn.it:8444/srm/managerv2?SFN=//cms/store/user/calabria/calabria_SingleMuPt500_GEN-SIM-DIGI-RECO_CMSSW_6_2_0_SLHC12_2023Scenario_Case2/calabria_MuMinus500_GEN-SIM-DIGI-RECO_CMSSW_6_2_0_SLHC12_2023Scenario_VALNOPU2_Case2/5854dd31cbd3cdec44c48628cc181cf0/
>>> Copy output files from WN = pccms115.ba.infn.it to /srm/managerv2?SFN=//cms/store/user/calabria/calabria_SingleMuPt500_GEN-SIM-DIGI-RECO_CMSSW_6_2_0_SLHC12_2023Scenario_Case2/calabria_MuMinus500_GEN-SIM-DIGI-RECO_CMSSW_6_2_0_SLHC12_2023Scenario_VALNOPU2_Case2/5854dd31cbd3cdec44c48628cc181cf0/ :
python cmscp.py  --destination srm://storm-se-01.ba.infn.it:8444/srm/managerv2?SFN=//cms/store/user/calabria/calabria_SingleMuPt500_GEN-SIM-DIGI-RECO_CMSSW_6_2_0_SLHC12_2023Scenario_Case2/calabria_MuMinus500_GEN-SIM-DIGI-RECO_CMSSW_6_2_0_SLHC12_2023Scenario_VALNOPU2_Case2/5854dd31cbd3cdec44c48628cc181cf0/ --inputFileList /home/cms017/home_cream_764644357/CREAM764644357/glide_9P6YXE/execute/dir_8720/CMSSW_6_2_0_SLHC12/validationEDM_5_1_qJU.root --middleware LCG --se_name storm-se-01.ba.infn.it --for_lfn /store/user/calabria/calabria_SingleMuPt500_GEN-SIM-DIGI-RECO_CMSSW_6_2_0_SLHC12_2023Scenario_Case2/calabria_MuMinus500_GEN-SIM-DIGI-RECO_CMSSW_6_2_0_SLHC12_2023Scenario_VALNOPU2_Case2/5854dd31cbd3cdec44c48628cc181cf0/    
******************************************************
localSeName  =  storm-se-01.ba.infn.it
remoteSeName =  storm-se-01.ba.infn.it
******************************************************
{"/home/cms017/home_cream_764644357/CREAM764644357/glide_9P6YXE/execute/dir_8720/CMSSW_6_2_0_SLHC12/validationEDM_5_1_qJU.root": {"endpoint": "srm://storm-se-01.ba.infn.it:8444/srm/managerv2?SFN=//cms/store/user/calabria/calabria_SingleMuPt500_GEN-SIM-DIGI-RECO_CMSSW_6_2_0_SLHC12_2023Scenario_Case2/calabria_MuMinus500_GEN-SIM-DIGI-RECO_CMSSW_6_2_0_SLHC12_2023Scenario_VALNOPU2_Case2/5854dd31cbd3cdec44c48628cc181cf0/", "surl_for_grid": "", "reason": "Copy succedeed with srm-lcg utils", "erCode": "0", "se_name": "storm-se-01.ba.infn.it", "for_lfn": "/store/user/calabria/calabria_SingleMuPt500_GEN-SIM-DIGI-RECO_CMSSW_6_2_0_SLHC12_2023Scenario_Case2/calabria_MuMinus500_GEN-SIM-DIGI-RECO_CMSSW_6_2_0_SLHC12_2023Scenario_VALNOPU2_Case2/5854dd31cbd3cdec44c48628cc181cf0/"}}/home/cms017/home_cream_764644357/CREAM764644357/glide_9P6YXE/execute/dir_8720
-------- cat /home/cms017/home_cream_764644357/CREAM764644357/glide_9P6YXE/execute/dir_8720/cmscpReport.sh 
#!/bin/bash
echo "Report for File: /home/cms017/home_cream_764644357/CREAM764644357/glide_9P6YXE/execute/dir_8720/CMSSW_6_2_0_SLHC12/validationEDM_5_1_qJU.root"
echo "LFN: /store/user/calabria/calabria_SingleMuPt500_GEN-SIM-DIGI-RECO_CMSSW_6_2_0_SLHC12_2023Scenario_Case2/calabria_MuMinus500_GEN-SIM-DIGI-RECO_CMSSW_6_2_0_SLHC12_2023Scenario_VALNOPU2_Case2/5854dd31cbd3cdec44c48628cc181cf0/validationEDM_5_1_qJU.root"
echo "StorageElement: storm-se-01.ba.infn.it"
echo "StageOutExitStatusReason = 'Copy succedeed with srm-lcg utils'" | tee -a $RUNTIME_AREA/$repo
echo "StageOutSE = storm-se-01.ba.infn.it" >> $RUNTIME_AREA/$repo

export StageOutExitStatus=0
echo "StageOutExitStatus = 0" | tee -a $RUNTIME_AREA/$repo
-------- end of /home/cms017/home_cream_764644357/CREAM764644357/glide_9P6YXE/execute/dir_8720/cmscpReport.sh 
Report for File: /home/cms017/home_cream_764644357/CREAM764644357/glide_9P6YXE/execute/dir_8720/CMSSW_6_2_0_SLHC12/validationEDM_5_1_qJU.root
LFN: /store/user/calabria/calabria_SingleMuPt500_GEN-SIM-DIGI-RECO_CMSSW_6_2_0_SLHC12_2023Scenario_Case2/calabria_MuMinus500_GEN-SIM-DIGI-RECO_CMSSW_6_2_0_SLHC12_2023Scenario_VALNOPU2_Case2/5854dd31cbd3cdec44c48628cc181cf0/validationEDM_5_1_qJU.root
StorageElement: storm-se-01.ba.infn.it
StageOutExitStatusReason = 'Copy succedeed with srm-lcg utils'
StageOutExitStatus = 0
>>> current dir: /home/cms017/home_cream_764644357/CREAM764644357/glide_9P6YXE/execute/dir_8720
>>> current dir content:
total 28076
-rw-------  1 cms017 cms     2779 Jun 18 00:49 .SEinteraction.log
-rwx------  1 cms017 cms     6788 Jun 18 00:37 .job.ad
-rwx------  1 cms017 cms     9282 Jun 18 00:37 .machine.ad
-rw-------  1 cms017 cms      105 Jun 16 20:48 CMSSW.py
-rw-------  1 cms017 cms  3739080 Jun 16 20:48 CMSSW.py.pkl
-rwx------  1 cms017 cms    29569 Jun 18 00:37 CMSSW.sh
drwxr-xr-x 15 cms017 cms     4096 Jun 18 00:48 CMSSW_6_2_0_SLHC12
-rw-------  1 cms017 cms      219 Jun 18 00:37 CacheEnv.sh
-rw-------  1 cms017 cms     7291 Apr  4 11:04 DashboardAPI.py
-rw-------  1 cms017 cms     6800 Jun 18 00:37 DashboardAPI.pyc
drwx------  2 cms017 cms     4096 Jun 18 00:48 IMProv
-rw-------  1 cms017 cms     2748 Apr  4 11:04 Logger.py
-rw-------  1 cms017 cms     3342 Jun 18 00:37 Logger.pyc
-rw-------  1 cms017 cms    24524 Apr  4 11:04 ProcInfo.py
-rw-------  1 cms017 cms    23173 Jun 18 00:37 ProcInfo.pyc
drwx------  7 cms017 cms     4096 Jun 18 00:38 ProdCommon
drwx------  3 cms017 cms     4096 Jun 18 00:37 WMCore
-rw-------  1 cms017 cms     2460 Jun 18 00:49 Watchdog_5.log
-rwx------  1 cms017 cms        0 Jun 18 00:37 _condor_stderr
-rwx---r--  1 cms017 cms    29474 Jun 18 00:49 _condor_stdout
-rw-------  1 cms017 cms    32895 Apr  4 11:04 apmon.py
-rw-------  1 cms017 cms    28596 Jun 18 00:37 apmon.pyc
-rwx------  1 cms017 cms    54248 Jun 18 00:37 arguments.xml
-rwx------  1 cms017 cms    38515 Apr  4 11:04 cmscp.py
-rw-------  1 cms017 cms      717 Jun 18 00:49 cmscpReport.sh
-rwx------  1 cms017 cms    29569 Jun 18 00:37 condor_exec.exe
-rw-------  1 cms017 cms      963 Jun 16 20:47 crab.cfg
-rwx------  1 cms017 cms     8610 Apr  4 11:04 crabWatchdog.sh
-rwx---r--  1 cms017 cms   523354 Jun 18 00:48 crab_fjr_5.xml
-rwx------  1 cms017 cms 23959035 Jun 18 00:37 default.tgz
-rwx------  1 cms017 cms     4488 Apr  4 11:04 fillCrabFjr.py
-rw-------  1 cms017 cms     2651 Jun 18 00:38 inputsReport.txt
-rw-------  1 cms017 cms      260 Jun 18 00:49 jobreport.txt
-rw-------  1 cms017 cms    17352 Apr  4 11:04 parseCrabFjr.py
-rw-------  1 cms017 cms      327 Jun 18 00:37 report.log
-rwx--x--x  1 cms017 cms     1497 Apr  4 11:04 report.py
-rw-------  1 cms017 cms      774 Jun 18 00:49 resultCopyFile
lrwxrwxrwx  1 cms017 cms      124 Jun 18 00:48 validationEDM.root -> /home/cms017/home_cream_764644357/CREAM764644357/glide_9P6YXE/execute/dir_8720/CMSSW_6_2_0_SLHC12/validationEDM_5_1_qJU.root
-rwx------  1 cms017 cms     8387 Apr  4 11:04 writeCfg.py
-rw-------  1 cms017 cms     8010 Jun 18 00:37 x509up_u50707
>>> Modify Job Report:
CMSSW_VERSION = CMSSW_6_2_0_SLHC12
ProcessedDataset = calabria_MuMinus500_GEN-SIM-DIGI-RECO_CMSSW_6_2_0_SLHC12_2023Scenario_VALNOPU2_Case2
/home/cms017/home_cream_764644357/CREAM764644357/glide_9P6YXE/execute/dir_8720/ProdCommon/FwkJobRep/ModifyJobReport.py fjr /home/cms017/home_cream_764644357/CREAM764644357/glide_9P6YXE/execute/dir_8720/crab_fjr_5.xml json /home/cms017/home_cream_764644357/CREAM764644357/glide_9P6YXE/execute/dir_8720/resultCopyFile n_job 5_1_qJU PrimaryDataset calabria_SingleMuPt500_GEN-SIM-DIGI-RECO_CMSSW_6_2_0_SLHC12_2023Scenario_Case2  ApplicationFamily cmsRun ApplicationName cmsRun cmssw_version CMSSW_6_2_0_SLHC12 psethash 5854dd31cbd3cdec44c48628cc181cf0 UserProcessedDataset calabria-calabria_MuMinus500_GEN-SIM-DIGI-RECO_CMSSW_6_2_0_SLHC12_2023Scenario_VALNOPU2_Case2-5854dd31cbd3cdec44c48628cc181cf0
inputDict =  {u'/home/cms017/home_cream_764644357/CREAM764644357/glide_9P6YXE/execute/dir_8720/CMSSW_6_2_0_SLHC12/validationEDM_5_1_qJU.root': {u'endpoint': u'srm://storm-se-01.ba.infn.it:8444/srm/managerv2?SFN=//cms/store/user/calabria/calabria_SingleMuPt500_GEN-SIM-DIGI-RECO_CMSSW_6_2_0_SLHC12_2023Scenario_Case2/calabria_MuMinus500_GEN-SIM-DIGI-RECO_CMSSW_6_2_0_SLHC12_2023Scenario_VALNOPU2_Case2/5854dd31cbd3cdec44c48628cc181cf0/', u'surl_for_grid': u'', u'reason': u'Copy succedeed with srm-lcg utils', u'erCode': u'0', u'se_name': u'storm-se-01.ba.infn.it', u'for_lfn': u'/store/user/calabria/calabria_SingleMuPt500_GEN-SIM-DIGI-RECO_CMSSW_6_2_0_SLHC12_2023Scenario_Case2/calabria_MuMinus500_GEN-SIM-DIGI-RECO_CMSSW_6_2_0_SLHC12_2023Scenario_VALNOPU2_Case2/5854dd31cbd3cdec44c48628cc181cf0/'}}
UserProcessedDataset =  calabria-calabria_MuMinus500_GEN-SIM-DIGI-RECO_CMSSW_6_2_0_SLHC12_2023Scenario_VALNOPU2_Case2-5854dd31cbd3cdec44c48628cc181cf0
file_name in inputDict =  /home/cms017/home_cream_764644357/CREAM764644357/glide_9P6YXE/execute/dir_8720/CMSSW_6_2_0_SLHC12/validationEDM_5_1_qJU.root
(size) os.stat(filename)[6] =  3855228
checksum =  4085318055
    file =  validationEDM_5_1_qJU.root
    newPfn =  srm://storm-se-01.ba.infn.it:8444/srm/managerv2?SFN=//cms/store/user/calabria/calabria_SingleMuPt500_GEN-SIM-DIGI-RECO_CMSSW_6_2_0_SLHC12_2023Scenario_Case2/calabria_MuMinus500_GEN-SIM-DIGI-RECO_CMSSW_6_2_0_SLHC12_2023Scenario_VALNOPU2_Case2/5854dd31cbd3cdec44c48628cc181cf0/validationEDM_5_1_qJU.root
    newLfn =  /store/user/calabria/calabria_SingleMuPt500_GEN-SIM-DIGI-RECO_CMSSW_6_2_0_SLHC12_2023Scenario_Case2/calabria_MuMinus500_GEN-SIM-DIGI-RECO_CMSSW_6_2_0_SLHC12_2023Scenario_VALNOPU2_Case2/5854dd31cbd3cdec44c48628cc181cf0/validationEDM_5_1_qJU.root
>>> crab_fjr_*.xml  permission set to 0704
CrabWrapper EXIT_FUNC entered at Wed Jun 18 00:49:42 CEST 2014   -  Tue Jun 17 22:49:42 UTC 2014
Checking output files:  
will tar file crab_fjr_5.xml in  out_files_5
WARNING: output file CMSSW_5.stdout not found!
WARNING: output file CMSSW_5.stderr not found!
WARNING: output file Watchdog_5.log.gz not found!
>>> padding time: Wrapper lasting more than 600 seconds. No sleep required.
STOPPING WATCHDOG. CrabWatchdog PID is 11419
********** LAST 50 LINES OF WATCHDOG LOG
# RESOURCE USAGE SUMMARY FOR PROCESS ID 11214
USER       PID %CPU %MEM    VSZ   RSS TTY      STAT START   TIME COMMAND
cms017   11214  0.5  0.0   9500  1596 ?        S    00:37   0:00 /bin/sh /home/cms017/home_cream_764644357/CREAM764644357/glide_9P6YXE/execute/dir_8720/condor_exec.exe 5 1
 
# LIMITS USED BY CRAB WATCHDOG:
# RSS  (KBytes)   : 2300000
# VSZ  (KBytes)   : 100000000
# DISK (MBytes)   : 19000
# CPU TIME        : 720h:0m:0s
# WALL CLOCK TIME : 21h:50m:0s
 
# FOLLOWING PRINTOUT TRACKS MAXIMUM VALUES OF RESOURCES USE
# ONE LINE IS PRINTED EACH TIME A MAXIMUM CHANGES
# IF CHANGE WAS IN RSS OR VSZ ALSO PROCID AND COMMAND ARE PRINTED
# THERE IS NO PRINTOUT FOR CPU/WALL TIME INCREASE
 
# TIME			PID	RSS(KB)	VSZ(KB)	Dsk(MB)	tCPU(s)	tWALL(s)	COMMAND
 Jun 18 00:38:00 CEST	8720	8412	93608	0	0	0	condor_starter -f submit-4.t2.ucsd.edu        
 Jun 18 00:38:00 CEST	11431	31980	96760	0	0	0	edmConfigHash pset.py         
 Jun 18 00:38:00 CEST	25905	31980	106092	0	0	1	sh -c "./glidein_startup.sh" -v std -name v3_0 -entry CMS_T2_IT_Bari_ce4 -clientname UCSD-v1_0.main
 Jun 18 00:38:00 CEST	25909	31980	106492	0	0	1	/bin/bash ./glidein_startup.sh -v std -name v3_0 -entry CMS_T2_IT_Bari_ce4 -clientname UCSD-v1_0.main -schedd
 Jun 18 00:38:00 CEST	---	31980	106492	171	----	----	----
 Jun 18 00:39:01 CEST	12085	306180	568384	171	14	61	cmsRun -j /home/cms017/home_cream_764644357/CREAM764644357/glide_9P6YXE/execute/dir_8720/crab_fjr_5.xml -p pset.py      
 Jun 18 00:39:01 CEST	---	306180	568384	175	----	----	----
 Jun 18 00:40:01 CEST	12085	672276	946084	175	34	122	cmsRun -j /home/cms017/home_cream_764644357/CREAM764644357/glide_9P6YXE/execute/dir_8720/crab_fjr_5.xml -p pset.py      
 Jun 18 00:41:02 CEST	12085	674940	967696	175	53	183	cmsRun -j /home/cms017/home_cream_764644357/CREAM764644357/glide_9P6YXE/execute/dir_8720/crab_fjr_5.xml -p pset.py      
 Jun 18 00:42:03 CEST	12085	709436	1014800	175	79	244	cmsRun -j /home/cms017/home_cream_764644357/CREAM764644357/glide_9P6YXE/execute/dir_8720/crab_fjr_5.xml -p pset.py      
 Jun 18 00:44:05 CEST	12085	716012	1021200	175	122	365	cmsRun -j /home/cms017/home_cream_764644357/CREAM764644357/glide_9P6YXE/execute/dir_8720/crab_fjr_5.xml -p pset.py      
 Jun 18 00:47:07 CEST	12085	723296	1035308	175	212	548	cmsRun -j /home/cms017/home_cream_764644357/CREAM764644357/glide_9P6YXE/execute/dir_8720/crab_fjr_5.xml -p pset.py      
 Jun 18 00:49:09 CEST	---	723296	1035308	179	----	----	----
********** WATCHDOG LOG ENDED
ZIPPING WATCHDOG LOG
Disk space used:
du -sh /home/cms017/home_cream_764644357/CREAM764644357/glide_9P6YXE/execute/dir_8720
179M	/home/cms017/home_cream_764644357/CREAM764644357/glide_9P6YXE/execute/dir_8720
Found unusual stdout, rename for OSB
`/home/cms017/home_cream_764644357/CREAM764644357/glide_9P6YXE/execute/dir_8720/_condor_stdout' -> `CMSSW_5.stdout'
Found unusual stderr, rename for OSB
`/home/cms017/home_cream_764644357/CREAM764644357/glide_9P6YXE/execute/dir_8720/_condor_stdout' -> `CMSSW_5.stderr'
crab_fjr_5.xml
CMSSW_5.stdout
CMSSW_5.stderr
Watchdog_5.log.gz
Total Output dimension: 70071
WARNING: output files size limit is set to: 50000000
Total Output dimension 70071 is fine.
JOB_EXIT_STATUS = 0
>>> info for dashboard:
***** Cat /home/cms017/home_cream_764644357/CREAM764644357/glide_9P6YXE/execute/dir_8720/jobreport.txt *****
MonitorJobID=5_https://submit-4.t2.ucsd.edu//140616//222482.4
MonitorID=calabria_MuMinus500_Case2_ReReco_5nf8i1
ExeTime=621
ExeExitCode=0
StageOutExitStatusReason = 'Copy succedeed with srm-lcg utils'
StageOutSE = storm-se-01.ba.infn.it
StageOutExitStatus = 0
CrabUserCpuTime=236.06
CrabSysCpuTime=5.72
CrabCpuPercentage=38%
CrabWrapperTime=708
CrabStageoutTime=48
JobExitCode=0
***** End Cat jobreport *****
Parameters sent to Dashboard.
EXITING at Wed Jun 18 00:49:47 CEST 2014  -  Tue Jun 17 22:49:47 UTC 2014
