This script was generated by crab (version 2.10.5_patch1).
Running /home/cms040/home_cream_140254986/CREAM140254986/glide_Q4guMP/execute/dir_26739/condor_exec.exe with 2 positional parameters: 21 1
Today is Wed Jun 18 00:38:06 CEST 2014 - Tue Jun 17 22:38:06 UTC 2014
Job submitted on host alicegrid82.ba.infn.it
Linux alicegrid82.ba.infn.it 2.6.32-358.23.2.el6.x86_64 #1 SMP Thu Oct 17 10:27:22 CEST 2013 x86_64 x86_64 x86_64 GNU/Linux
>>> current directory (RUNTIME_AREA): /home/cms040/home_cream_140254986/CREAM140254986/glide_Q4guMP/execute/dir_26739
>>> current user: uid=18598(cms040) gid=1399(cms) groups=1399(cms)
>>> directory permission set to 0700
>>> umask set to:  u=rwx,g=,o=
>>> stdout stderr permission set to 0704
>>> voms proxy information:
subject   : /C=IT/O=INFN/OU=Personal Certificate/L=Bari/CN=Cesare Calabria/CN=477126703/CN=892540514
issuer    : /C=IT/O=INFN/OU=Personal Certificate/L=Bari/CN=Cesare Calabria/CN=477126703
identity  : /C=IT/O=INFN/OU=Personal Certificate/L=Bari/CN=Cesare Calabria
type      : RFC3820 compliant limited proxy
strength  : 1024
path      : /home/cms040/home_cream_140254986/CREAM140254986/glide_Q4guMP/execute/dir_26739/x509up_u50707
timeleft  : 23:58:51
key usage : Digital Signature, Key Encipherment, Data Encipherment
=== VO cms extension information ===
VO        : cms
subject   : /C=IT/O=INFN/OU=Personal Certificate/L=Bari/CN=Cesare Calabria
issuer    : /DC=ch/DC=cern/OU=computers/CN=voms.cern.ch
attribute : /cms/Role=NULL/Capability=NULL
attribute : /cms/itcms/Role=NULL/Capability=NULL
timeleft  : 154:46:13
uri       : voms.cern.ch:15002

WNHostName=alicegrid82.ba.infn.it
>>> tar --no-same-permissions -xf /home/cms040/home_cream_140254986/CREAM140254986/glide_Q4guMP/execute/dir_26739/default.tgz :
Successful untar
>>> Include /home/cms040/home_cream_140254986/CREAM140254986/glide_Q4guMP/execute/dir_26739 in PYTHONPATH:
strip arguments
env var CRAB_UNIQUE_JOB_ID set to: calabria_MuMinus500_Case2_ReReco_5nf8i1_21_1_Zcn
out_files_21
>>> list of expected files on output sandbox
output files: crab_fjr_21.xml CMSSW_21.stdout CMSSW_21.stderr Watchdog_21.log.gz
>>> GridFlavour discovery: 
GridFlavour=LCG
>>> SyncSite discovery: 
SyncSite=T2_IT_Bari
>>> SyncCE discovery: 
getting SyncCE from CE_ID
SyncCE=cream-ce-2.ba.infn.it:8443/cream-pbs-cms
>>> info for dashboard:
***** Cat /home/cms040/home_cream_140254986/CREAM140254986/glide_Q4guMP/execute/dir_26739/jobreport.txt *****
WNHostName=alicegrid82.ba.infn.it
MonitorJobID=21_https://submit-4.t2.ucsd.edu//140616//222482.20
SyncGridJobId=https://submit-4.t2.ucsd.edu//140616//222482.20
MonitorID=calabria_MuMinus500_Case2_ReReco_5nf8i1
GridFlavour=LCG
SyncSite=T2_IT_Bari
SyncCE=cream-ce-2.ba.infn.it:8443/cream-pbs-cms
***** End Cat jobreport *****
Parameters sent to Dashboard.
>>> setup environment
set SCRAM ARCH to slc5_amd64_gcc472
SCRAM_ARCH = slc5_amd64_gcc472
>>> setup CMS LCG environment:
set SCRAM ARCH and BUILD_ARCH to slc5_amd64_gcc472 ###
Sourcing environment... 
sourcing /cvmfs/cms.cern.ch/cmsset_default.sh
==> setup cms environment ok
>>> specific cmssw setup environment:
CMSSW_VERSION =  CMSSW_6_2_0_SLHC12
>>> current directory (SOFTWARE_DIR): /home/cms040/home_cream_140254986/CREAM140254986/glide_Q4guMP/execute/dir_26739/CMSSW_6_2_0_SLHC12
PreserveSeeds: <>
IncrementSeeds:<>
>>> info for dashboard:
***** Cat /home/cms040/home_cream_140254986/CREAM140254986/glide_Q4guMP/execute/dir_26739/jobreport.txt *****
MonitorJobID=21_https://submit-4.t2.ucsd.edu//140616//222482.20
MonitorID=calabria_MuMinus500_Case2_ReReco_5nf8i1
***** End Cat jobreport *****
Parameters sent to Dashboard.
crabWatchdog started as process 26972
>>> moving CMSSW software directories in /home/cms040/home_cream_140254986/CREAM140254986/glide_Q4guMP/execute/dir_26739/CMSSW_6_2_0_SLHC12
mv: cannot stat `/home/cms040/home_cream_140254986/CREAM140254986/glide_Q4guMP/execute/dir_26739/module/': No such file or directory
>>> Include /home/cms040/home_cream_140254986/CREAM140254986/glide_Q4guMP/execute/dir_26739 in PYTHONPATH:
PYTHONPATH=/home/cms040/home_cream_140254986/CREAM140254986/glide_Q4guMP/execute/dir_26739/:/home/cms040/home_cream_140254986/CREAM140254986/glide_Q4guMP/execute/dir_26739/CMSSW_6_2_0_SLHC12/python:/home/cms040/home_cream_140254986/CREAM140254986/glide_Q4guMP/execute/dir_26739/CMSSW_6_2_0_SLHC12/lib/slc5_amd64_gcc472:/cvmfs/cms.cern.ch/slc5_amd64_gcc472/cms/cmssw/CMSSW_6_2_0_SLHC12/python:/cvmfs/cms.cern.ch/slc5_amd64_gcc472/cms/cmssw/CMSSW_6_2_0_SLHC12/lib/slc5_amd64_gcc472:/cvmfs/cms.cern.ch/slc5_amd64_gcc472/cms/coral/CORAL_2_3_21-cms36/slc5_amd64_gcc472/python:/cvmfs/cms.cern.ch/slc5_amd64_gcc472/cms/coral/CORAL_2_3_21-cms36/slc5_amd64_gcc472/lib:/cvmfs/cms.cern.ch/slc5_amd64_gcc472/external/pyqt/4.8.1-cms6/lib/python2.7/site-packages:/cvmfs/cms.cern.ch/slc5_amd64_gcc472/external/py2-scipy/0.8.0-cms8/lib/python2.7/site-packages:/cvmfs/cms.cern.ch/slc5_amd64_gcc472/external/py2-matplotlib/1.0.1-cms8/lib/python2.7/site-packages:/cvmfs/cms.cern.ch/slc5_amd64_gcc472/external/python-ldap/2.3.5-cms6/lib/python2.7/site-packages:/cvmfs/cms.cern.ch/slc5_amd64_gcc472/external/sip/4.11.2-cms6/lib/python2.7/site-packages:/cvmfs/cms.cern.ch/slc5_amd64_gcc472/external/py2-pycurl/7.19.0-cms8/lib/python2.7/site-packages:/cvmfs/cms.cern.ch/slc5_amd64_gcc472/external/py2-numpy/1.6.1-cms8/lib/python2.7/site-packages:/cvmfs/cms.cern.ch/slc5_amd64_gcc472/external/py2-lint/0.25.1-cms6/lib/python2.7/site-packages:/cvmfs/cms.cern.ch/slc5_amd64_gcc472/external/py2-ipython/0.10-cms6/lib/python2.7/site-packages:/cvmfs/cms.cern.ch/slc5_amd64_gcc472/external/py2-cx-oracle/5.1-cms7/lib/python2.7/site-packages:/cvmfs/cms.cern.ch/slc5_amd64_gcc472/external/py2-cjson/1.0.5-cms6/lib/python2.7/site-packages:/cvmfs/cms.cern.ch/slc5_amd64_gcc472/cms/das-client/1.11.7/bin:/cvmfs/cms.cern.ch/slc5_amd64_gcc472/external/elementtree/1.2.6-cms6/share/lib/python2.7/site-packages:/cvmfs/cms.cern.ch/slc5_amd64_gcc472/external/rivet/1.8.2-cms8/lib/python2.7/site-packages:/cvmfs/cms.cern.ch/slc5_amd64_gcc472/external/pyminuit2/0.0.1-cms19/lib/python2.7/site-packages:/cvmfs/cms.cern.ch/slc5_amd64_gcc472/external/py2-pygithub/1.23.0/lib/python2.7/site-packages:/cvmfs/cms.cern.ch/slc5_amd64_gcc472/external/professor/1.0.0-cms19/lib/python2.7/site-packages:/cvmfs/cms.cern.ch/slc5_amd64_gcc472/lcg/root/5.34.07-cms/lib:/cvmfs/cms.cern.ch/slc5_amd64_gcc472/cms/dbs-client/DBS_2_1_9-cms5/lib:/cvmfs/cms.cern.ch/slc5_amd64_gcc472/cms/dbs-client/DBS_2_1_9-cms5/lib/DBSAPI:/cvmfs/cms.cern.ch/slc5_amd64_gcc472/external/cvs2git/5419-cms/lib:/home/cms040/home_cream_140254986/CREAM140254986/glide_Q4guMP/execute/dir_26739/
 
# LIMITS USED BY CRAB WATCHDOG:
# RSS  (KBytes)   : 2300000
# VSZ  (KBytes)   : 100000000
# DISK (MBytes)   : 19000
# CPU TIME        : 720h:0m:0s
# WALL CLOCK TIME : 21h:50m:0s
 
5854dd31cbd3cdec44c48628cc181cf0
PSETHASH = 5854dd31cbd3cdec44c48628cc181cf0
/home/cms040/home_cream_140254986/CREAM140254986/glide_Q4guMP/execute/dir_26739/writeCfg.py pset.py pset.py
Importing .py file
Setting parameters
RandomNumberGeneratorService found, will attempt to change seeds
inputBlocks=/calabria_SingleMuPt500_GEN-SIM-DIGI-RECO_CMSSW_6_2_0_SLHC12_2023Scenario_Case2/calabria-calabria_SingleMuPt500_GEN-SIM-DIGI-RECO_CMSSW_6_2_0_SLHC12_2023Scenario_Case2-41247ff61fcce1e4991e517dad8c5752/USER#5b7734b9-16ec-4b2a-82c1-9842055fca25
inputFiles=/store/user/calabria/calabria_SingleMuPt500_GEN-SIM-DIGI-RECO_CMSSW_6_2_0_SLHC12_2023Scenario_Case2/calabria_SingleMuPt500_GEN-SIM-DIGI-RECO_CMSSW_6_2_0_SLHC12_2023Scenario_Case2/41247ff61fcce1e4991e517dad8c5752/out_reco_480_1_gSk.root;/store/user/calabria/calabria_SingleMuPt500_GEN-SIM-DIGI-RECO_CMSSW_6_2_0_SLHC12_2023Scenario_Case2/calabria_SingleMuPt500_GEN-SIM-DIGI-RECO_CMSSW_6_2_0_SLHC12_2023Scenario_Case2/41247ff61fcce1e4991e517dad8c5752/out_reco_484_1_UKY.root;/store/user/calabria/calabria_SingleMuPt500_GEN-SIM-DIGI-RECO_CMSSW_6_2_0_SLHC12_2023Scenario_Case2/calabria_SingleMuPt500_GEN-SIM-DIGI-RECO_CMSSW_6_2_0_SLHC12_2023Scenario_Case2/41247ff61fcce1e4991e517dad8c5752/out_reco_487_1_z33.root;/store/user/calabria/calabria_SingleMuPt500_GEN-SIM-DIGI-RECO_CMSSW_6_2_0_SLHC12_2023Scenario_Case2/calabria_SingleMuPt500_GEN-SIM-DIGI-RECO_CMSSW_6_2_0_SLHC12_2023Scenario_Case2/41247ff61fcce1e4991e517dad8c5752/out_reco_489_1_Wp8.root;/store/user/calabria/calabria_SingleMuPt500_GEN-SIM-DIGI-RECO_CMSSW_6_2_0_SLHC12_2023Scenario_Case2/calabria_SingleMuPt500_GEN-SIM-DIGI-RECO_CMSSW_6_2_0_SLHC12_2023Scenario_Case2/41247ff61fcce1e4991e517dad8c5752/out_reco_498_1_BkT.root
parentFiles=
lumisRange=
>>> Executable cmsRun
/cvmfs/cms.cern.ch/slc5_amd64_gcc472/cms/cmssw/CMSSW_6_2_0_SLHC12/bin/slc5_amd64_gcc472/cmsRun
ok executable found
>>> info for dashboard:
***** Cat /home/cms040/home_cream_140254986/CREAM140254986/glide_Q4guMP/execute/dir_26739/jobreport.txt *****
MonitorJobID=21_https://submit-4.t2.ucsd.edu//140616//222482.20
MonitorID=calabria_MuMinus500_Case2_ReReco_5nf8i1
ExeStart=cmsRun
***** End Cat jobreport *****
Parameters sent to Dashboard.
>>> cmsRun started at Tue Jun 17 22:38:34 UTC 2014
>>> cmsRun ended at Tue Jun 17 22:42:13 UTC 2014
>>> crab_fjr_*.xml  permission set to 0704
>>> info for dashboard:
***** Cat /home/cms040/home_cream_140254986/CREAM140254986/glide_Q4guMP/execute/dir_26739/jobreport.txt *****
MonitorJobID=21_https://submit-4.t2.ucsd.edu//140616//222482.20
MonitorID=calabria_MuMinus500_Case2_ReReco_5nf8i1
ExeEnd=cmsRun
***** End Cat jobreport *****
Parameters sent to Dashboard.
TIME_EXE = 219 sec
>>> cmsRun wrote 35 lines of stdout+stderr
>>> START OF printout of 35 lines from stdout+stderr
271 DQMStore::DQMStore 
HcalTopologyIdealEP::HcalTopologyIdealEP
18-Jun-2014 00:38:56 CEST  Initiating request to open file file:/lustre/cms//store/user/calabria/calabria_SingleMuPt500_GEN-SIM-DIGI-RECO_CMSSW_6_2_0_SLHC12_2023Scenario_Case2/calabria_SingleMuPt500_GEN-SIM-DIGI-RECO_CMSSW_6_2_0_SLHC12_2023Scenario_Case2/41247ff61fcce1e4991e517dad8c5752/out_reco_480_1_gSk.root
18-Jun-2014 00:38:59 CEST  Successfully opened file file:/lustre/cms//store/user/calabria/calabria_SingleMuPt500_GEN-SIM-DIGI-RECO_CMSSW_6_2_0_SLHC12_2023Scenario_Case2/calabria_SingleMuPt500_GEN-SIM-DIGI-RECO_CMSSW_6_2_0_SLHC12_2023Scenario_Case2/41247ff61fcce1e4991e517dad8c5752/out_reco_480_1_gSk.root
18-Jun-2014 00:39:37 CEST  Closed file file:/lustre/cms//store/user/calabria/calabria_SingleMuPt500_GEN-SIM-DIGI-RECO_CMSSW_6_2_0_SLHC12_2023Scenario_Case2/calabria_SingleMuPt500_GEN-SIM-DIGI-RECO_CMSSW_6_2_0_SLHC12_2023Scenario_Case2/41247ff61fcce1e4991e517dad8c5752/out_reco_480_1_gSk.root
18-Jun-2014 00:39:37 CEST  Initiating request to open file file:/lustre/cms//store/user/calabria/calabria_SingleMuPt500_GEN-SIM-DIGI-RECO_CMSSW_6_2_0_SLHC12_2023Scenario_Case2/calabria_SingleMuPt500_GEN-SIM-DIGI-RECO_CMSSW_6_2_0_SLHC12_2023Scenario_Case2/41247ff61fcce1e4991e517dad8c5752/out_reco_484_1_UKY.root
18-Jun-2014 00:39:37 CEST  Successfully opened file file:/lustre/cms//store/user/calabria/calabria_SingleMuPt500_GEN-SIM-DIGI-RECO_CMSSW_6_2_0_SLHC12_2023Scenario_Case2/calabria_SingleMuPt500_GEN-SIM-DIGI-RECO_CMSSW_6_2_0_SLHC12_2023Scenario_Case2/41247ff61fcce1e4991e517dad8c5752/out_reco_484_1_UKY.root
18-Jun-2014 00:40:15 CEST  Closed file file:/lustre/cms//store/user/calabria/calabria_SingleMuPt500_GEN-SIM-DIGI-RECO_CMSSW_6_2_0_SLHC12_2023Scenario_Case2/calabria_SingleMuPt500_GEN-SIM-DIGI-RECO_CMSSW_6_2_0_SLHC12_2023Scenario_Case2/41247ff61fcce1e4991e517dad8c5752/out_reco_484_1_UKY.root
18-Jun-2014 00:40:15 CEST  Initiating request to open file file:/lustre/cms//store/user/calabria/calabria_SingleMuPt500_GEN-SIM-DIGI-RECO_CMSSW_6_2_0_SLHC12_2023Scenario_Case2/calabria_SingleMuPt500_GEN-SIM-DIGI-RECO_CMSSW_6_2_0_SLHC12_2023Scenario_Case2/41247ff61fcce1e4991e517dad8c5752/out_reco_487_1_z33.root
18-Jun-2014 00:40:15 CEST  Successfully opened file file:/lustre/cms//store/user/calabria/calabria_SingleMuPt500_GEN-SIM-DIGI-RECO_CMSSW_6_2_0_SLHC12_2023Scenario_Case2/calabria_SingleMuPt500_GEN-SIM-DIGI-RECO_CMSSW_6_2_0_SLHC12_2023Scenario_Case2/41247ff61fcce1e4991e517dad8c5752/out_reco_487_1_z33.root
18-Jun-2014 00:40:53 CEST  Closed file file:/lustre/cms//store/user/calabria/calabria_SingleMuPt500_GEN-SIM-DIGI-RECO_CMSSW_6_2_0_SLHC12_2023Scenario_Case2/calabria_SingleMuPt500_GEN-SIM-DIGI-RECO_CMSSW_6_2_0_SLHC12_2023Scenario_Case2/41247ff61fcce1e4991e517dad8c5752/out_reco_487_1_z33.root
18-Jun-2014 00:40:53 CEST  Initiating request to open file file:/lustre/cms//store/user/calabria/calabria_SingleMuPt500_GEN-SIM-DIGI-RECO_CMSSW_6_2_0_SLHC12_2023Scenario_Case2/calabria_SingleMuPt500_GEN-SIM-DIGI-RECO_CMSSW_6_2_0_SLHC12_2023Scenario_Case2/41247ff61fcce1e4991e517dad8c5752/out_reco_489_1_Wp8.root
18-Jun-2014 00:40:53 CEST  Successfully opened file file:/lustre/cms//store/user/calabria/calabria_SingleMuPt500_GEN-SIM-DIGI-RECO_CMSSW_6_2_0_SLHC12_2023Scenario_Case2/calabria_SingleMuPt500_GEN-SIM-DIGI-RECO_CMSSW_6_2_0_SLHC12_2023Scenario_Case2/41247ff61fcce1e4991e517dad8c5752/out_reco_489_1_Wp8.root
18-Jun-2014 00:41:31 CEST  Closed file file:/lustre/cms//store/user/calabria/calabria_SingleMuPt500_GEN-SIM-DIGI-RECO_CMSSW_6_2_0_SLHC12_2023Scenario_Case2/calabria_SingleMuPt500_GEN-SIM-DIGI-RECO_CMSSW_6_2_0_SLHC12_2023Scenario_Case2/41247ff61fcce1e4991e517dad8c5752/out_reco_489_1_Wp8.root
18-Jun-2014 00:41:31 CEST  Initiating request to open file file:/lustre/cms//store/user/calabria/calabria_SingleMuPt500_GEN-SIM-DIGI-RECO_CMSSW_6_2_0_SLHC12_2023Scenario_Case2/calabria_SingleMuPt500_GEN-SIM-DIGI-RECO_CMSSW_6_2_0_SLHC12_2023Scenario_Case2/41247ff61fcce1e4991e517dad8c5752/out_reco_498_1_BkT.root
18-Jun-2014 00:41:31 CEST  Successfully opened file file:/lustre/cms//store/user/calabria/calabria_SingleMuPt500_GEN-SIM-DIGI-RECO_CMSSW_6_2_0_SLHC12_2023Scenario_Case2/calabria_SingleMuPt500_GEN-SIM-DIGI-RECO_CMSSW_6_2_0_SLHC12_2023Scenario_Case2/41247ff61fcce1e4991e517dad8c5752/out_reco_498_1_BkT.root
18-Jun-2014 00:42:12 CEST  Closed file file:/lustre/cms//store/user/calabria/calabria_SingleMuPt500_GEN-SIM-DIGI-RECO_CMSSW_6_2_0_SLHC12_2023Scenario_Case2/calabria_SingleMuPt500_GEN-SIM-DIGI-RECO_CMSSW_6_2_0_SLHC12_2023Scenario_Case2/41247ff61fcce1e4991e517dad8c5752/out_reco_498_1_BkT.root

=============================================

MessageLogger Summary

 type     category        sev    module        subroutine        count    total
 ---- -------------------- -- ---------------- ----------------  -----    -----
    1 fileAction           -s file_close                             5        5
    2 fileAction           -s file_open                             10       10

 type    category    Examples: run/evt        run/evt          run/evt
 ---- -------------------- ---------------- ---------------- ----------------
    1 fileAction           PostProcessEvent PostProcessEvent PostEndRun
    2 fileAction           pre-events       pre-events       PostProcessEvent

Severity    # Occurrences   Total Occurrences
--------    -------------   -----------------
System                 15                  15
>>> END OF printout of 35 lines from stdout+stderr
>>> Parse FrameworkJobReport crab_fjr.xml
Result of parsing the FrameworkJobReport crab_fjr.xml: Popularity start
lumisRange : 1::::1;1::::2;1::::3;1::::4;1::::5;
lumisParentRange : 
Basename : /store/user/calabria/calabria_SingleMuPt500_GEN-SIM-DIGI-RECO_CMSSW_6_2_0_SLHC12_2023Scenario_Case2/calabria_SingleMuPt500_GEN-SIM-DIGI-RECO_CMSSW_6_2_0_SLHC12_2023Scenario_Case2/41247ff61fcce1e4991e517dad8c5752/out_reco_4
BasenameParent : 
parentFiles : 
inputBlocks : /calabria_SingleMuPt500_GEN-SIM-DIGI-RECO_CMSSW_6_2_0_SLHC12_2023Scenario_Case2/calabria-calabria_SingleMuPt500_GEN-SIM-DIGI-RECO_CMSSW_6_2_0_SLHC12_2023Scenario_Case2-41247ff61fcce1e4991e517dad8c5752/USER#5b7734b9-16ec-4b2a-82c1-9842055fca25
inputFiles : 98_1_BkT.root::1::EDM::Local::1;87_1_z33.root::1::EDM::Local::2;84_1_UKY.root::1::EDM::Local::3;89_1_Wp8.root::1::EDM::Local::4;80_1_gSk.root::1::EDM::Local::5;
Popularity stop
Extracted ExitStatus from FrameworkJobReport parsing output: 0
>>> Executable succeded  0
ExeExitCode=0
EXECUTABLE_EXIT_STATUS = 0
>>> current directory /home/cms040/home_cream_140254986/CREAM140254986/glide_Q4guMP/execute/dir_26739/CMSSW_6_2_0_SLHC12
>>>  (SOFTWARE_DIR): /home/cms040/home_cream_140254986/CREAM140254986/glide_Q4guMP/execute/dir_26739/CMSSW_6_2_0_SLHC12
>>> (WORKING_DIR): 
>>> current directory content:
total 10488
drwxr-xr-x 3 cms040 cms    4096 Jun 18 00:38 .SCRAM
-rw------- 1 cms040 cms 3739080 Jun 18 00:38 CMSSW.py.pkl
drwxr-xr-x 3 cms040 cms    4096 Jun 18 00:38 bin
drwxr-xr-x 3 cms040 cms    4096 Jun 18 00:38 cfipython
drwxr-xr-x 4 cms040 cms    4096 Jun 18 00:38 config
-rw------- 1 cms040 cms      16 Jun 18 00:42 cpu_timing.txt
drwxr-xr-x 2 cms040 cms    4096 Jun 18 00:38 doc
-rw------- 1 cms040 cms    5440 Jun 18 00:42 executable.out
drwxr-xr-x 2 cms040 cms    4096 Jun 18 00:38 include
drwx------ 3 cms040 cms    4096 Apr 28 18:12 lib
drwxr-xr-x 3 cms040 cms    4096 Jun 18 00:38 logs
drwxr-xr-x 3 cms040 cms    4096 Jun 18 00:38 objs
-rw------- 1 cms040 cms     104 Jun 18 00:38 pset.py
-rw------- 1 cms040 cms 3711086 Jun 18 00:38 pset.py.pkl
-rw------- 1 cms040 cms     289 Jun 18 00:38 pset.pyc
drwxr-xr-x 2 cms040 cms    4096 Jun 18 00:38 python
-rw------- 1 cms040 cms     413 Jun 18 00:42 report.log
drwx------ 6 cms040 cms    4096 Jun 18 00:38 src
drwxr-xr-x 3 cms040 cms    4096 Jun 18 00:38 test
drwxr-xr-x 3 cms040 cms    4096 Jun 18 00:38 tmp
-rw------- 1 cms040 cms 3190893 Jun 18 00:42 validationEDM.root
>>> current directory /home/cms040/home_cream_140254986/CREAM140254986/glide_Q4guMP/execute/dir_26739/CMSSW_6_2_0_SLHC12
>>> (SOFTWARE_DIR): /home/cms040/home_cream_140254986/CREAM140254986/glide_Q4guMP/execute/dir_26739/CMSSW_6_2_0_SLHC12
>>> (WORKING_DIR): 
>>> current directory content:
total 10488
drwxr-xr-x 3 cms040 cms    4096 Jun 18 00:38 .SCRAM
-rw------- 1 cms040 cms 3739080 Jun 18 00:38 CMSSW.py.pkl
drwxr-xr-x 3 cms040 cms    4096 Jun 18 00:38 bin
drwxr-xr-x 3 cms040 cms    4096 Jun 18 00:38 cfipython
drwxr-xr-x 4 cms040 cms    4096 Jun 18 00:38 config
-rw------- 1 cms040 cms      16 Jun 18 00:42 cpu_timing.txt
drwxr-xr-x 2 cms040 cms    4096 Jun 18 00:38 doc
-rw------- 1 cms040 cms    5440 Jun 18 00:42 executable.out
drwxr-xr-x 2 cms040 cms    4096 Jun 18 00:38 include
drwx------ 3 cms040 cms    4096 Apr 28 18:12 lib
drwxr-xr-x 3 cms040 cms    4096 Jun 18 00:38 logs
drwxr-xr-x 3 cms040 cms    4096 Jun 18 00:38 objs
-rw------- 1 cms040 cms     104 Jun 18 00:38 pset.py
-rw------- 1 cms040 cms 3711086 Jun 18 00:38 pset.py.pkl
-rw------- 1 cms040 cms     289 Jun 18 00:38 pset.pyc
drwxr-xr-x 2 cms040 cms    4096 Jun 18 00:38 python
-rw------- 1 cms040 cms     413 Jun 18 00:42 report.log
drwx------ 6 cms040 cms    4096 Jun 18 00:38 src
drwxr-xr-x 3 cms040 cms    4096 Jun 18 00:38 test
drwxr-xr-x 3 cms040 cms    4096 Jun 18 00:38 tmp
-rw------- 1 cms040 cms 3190893 Jun 18 00:42 validationEDM_21_1_Zcn.root
>>> current directory (RUNTIME_AREA):  /home/cms040/home_cream_140254986/CREAM140254986/glide_Q4guMP/execute/dir_26739
SE = storm-se-01.ba.infn.it
SE_PATH = /srm/managerv2?SFN=//cms/store/user/calabria/calabria_SingleMuPt500_GEN-SIM-DIGI-RECO_CMSSW_6_2_0_SLHC12_2023Scenario_Case2/calabria_MuMinus500_GEN-SIM-DIGI-RECO_CMSSW_6_2_0_SLHC12_2023Scenario_VALNOPU2_Case2/5854dd31cbd3cdec44c48628cc181cf0/
LFNBaseName = /store/user/calabria/calabria_SingleMuPt500_GEN-SIM-DIGI-RECO_CMSSW_6_2_0_SLHC12_2023Scenario_Case2/calabria_MuMinus500_GEN-SIM-DIGI-RECO_CMSSW_6_2_0_SLHC12_2023Scenario_VALNOPU2_Case2/5854dd31cbd3cdec44c48628cc181cf0/
USER = calabria
endpoint = srm://storm-se-01.ba.infn.it:8444/srm/managerv2?SFN=//cms/store/user/calabria/calabria_SingleMuPt500_GEN-SIM-DIGI-RECO_CMSSW_6_2_0_SLHC12_2023Scenario_Case2/calabria_MuMinus500_GEN-SIM-DIGI-RECO_CMSSW_6_2_0_SLHC12_2023Scenario_VALNOPU2_Case2/5854dd31cbd3cdec44c48628cc181cf0/
>>> Copy output files from WN = alicegrid82.ba.infn.it to /srm/managerv2?SFN=//cms/store/user/calabria/calabria_SingleMuPt500_GEN-SIM-DIGI-RECO_CMSSW_6_2_0_SLHC12_2023Scenario_Case2/calabria_MuMinus500_GEN-SIM-DIGI-RECO_CMSSW_6_2_0_SLHC12_2023Scenario_VALNOPU2_Case2/5854dd31cbd3cdec44c48628cc181cf0/ :
python cmscp.py  --destination srm://storm-se-01.ba.infn.it:8444/srm/managerv2?SFN=//cms/store/user/calabria/calabria_SingleMuPt500_GEN-SIM-DIGI-RECO_CMSSW_6_2_0_SLHC12_2023Scenario_Case2/calabria_MuMinus500_GEN-SIM-DIGI-RECO_CMSSW_6_2_0_SLHC12_2023Scenario_VALNOPU2_Case2/5854dd31cbd3cdec44c48628cc181cf0/ --inputFileList /home/cms040/home_cream_140254986/CREAM140254986/glide_Q4guMP/execute/dir_26739/CMSSW_6_2_0_SLHC12/validationEDM_21_1_Zcn.root --middleware LCG --se_name storm-se-01.ba.infn.it --for_lfn /store/user/calabria/calabria_SingleMuPt500_GEN-SIM-DIGI-RECO_CMSSW_6_2_0_SLHC12_2023Scenario_Case2/calabria_MuMinus500_GEN-SIM-DIGI-RECO_CMSSW_6_2_0_SLHC12_2023Scenario_VALNOPU2_Case2/5854dd31cbd3cdec44c48628cc181cf0/    
******************************************************
localSeName  =  storm-se-01.ba.infn.it
remoteSeName =  storm-se-01.ba.infn.it
******************************************************
{"/home/cms040/home_cream_140254986/CREAM140254986/glide_Q4guMP/execute/dir_26739/CMSSW_6_2_0_SLHC12/validationEDM_21_1_Zcn.root": {"endpoint": "srm://storm-se-01.ba.infn.it:8444/srm/managerv2?SFN=//cms/store/user/calabria/calabria_SingleMuPt500_GEN-SIM-DIGI-RECO_CMSSW_6_2_0_SLHC12_2023Scenario_Case2/calabria_MuMinus500_GEN-SIM-DIGI-RECO_CMSSW_6_2_0_SLHC12_2023Scenario_VALNOPU2_Case2/5854dd31cbd3cdec44c48628cc181cf0/", "surl_for_grid": "", "reason": "Copy succedeed with srm-lcg utils", "erCode": "0", "se_name": "storm-se-01.ba.infn.it", "for_lfn": "/store/user/calabria/calabria_SingleMuPt500_GEN-SIM-DIGI-RECO_CMSSW_6_2_0_SLHC12_2023Scenario_Case2/calabria_MuMinus500_GEN-SIM-DIGI-RECO_CMSSW_6_2_0_SLHC12_2023Scenario_VALNOPU2_Case2/5854dd31cbd3cdec44c48628cc181cf0/"}}/home/cms040/home_cream_140254986/CREAM140254986/glide_Q4guMP/execute/dir_26739
-------- cat /home/cms040/home_cream_140254986/CREAM140254986/glide_Q4guMP/execute/dir_26739/cmscpReport.sh 
#!/bin/bash
echo "Report for File: /home/cms040/home_cream_140254986/CREAM140254986/glide_Q4guMP/execute/dir_26739/CMSSW_6_2_0_SLHC12/validationEDM_21_1_Zcn.root"
echo "LFN: /store/user/calabria/calabria_SingleMuPt500_GEN-SIM-DIGI-RECO_CMSSW_6_2_0_SLHC12_2023Scenario_Case2/calabria_MuMinus500_GEN-SIM-DIGI-RECO_CMSSW_6_2_0_SLHC12_2023Scenario_VALNOPU2_Case2/5854dd31cbd3cdec44c48628cc181cf0/validationEDM_21_1_Zcn.root"
echo "StorageElement: storm-se-01.ba.infn.it"
echo "StageOutExitStatusReason = 'Copy succedeed with srm-lcg utils'" | tee -a $RUNTIME_AREA/$repo
echo "StageOutSE = storm-se-01.ba.infn.it" >> $RUNTIME_AREA/$repo

export StageOutExitStatus=0
echo "StageOutExitStatus = 0" | tee -a $RUNTIME_AREA/$repo
-------- end of /home/cms040/home_cream_140254986/CREAM140254986/glide_Q4guMP/execute/dir_26739/cmscpReport.sh 
Report for File: /home/cms040/home_cream_140254986/CREAM140254986/glide_Q4guMP/execute/dir_26739/CMSSW_6_2_0_SLHC12/validationEDM_21_1_Zcn.root
LFN: /store/user/calabria/calabria_SingleMuPt500_GEN-SIM-DIGI-RECO_CMSSW_6_2_0_SLHC12_2023Scenario_Case2/calabria_MuMinus500_GEN-SIM-DIGI-RECO_CMSSW_6_2_0_SLHC12_2023Scenario_VALNOPU2_Case2/5854dd31cbd3cdec44c48628cc181cf0/validationEDM_21_1_Zcn.root
StorageElement: storm-se-01.ba.infn.it
StageOutExitStatusReason = 'Copy succedeed with srm-lcg utils'
StageOutExitStatus = 0
>>> current dir: /home/cms040/home_cream_140254986/CREAM140254986/glide_Q4guMP/execute/dir_26739
>>> current dir content:
total 27820
-rw-------  1 cms040 cms     2791 Jun 18 00:43 .SEinteraction.log
-rwx------  1 cms040 cms     6824 Jun 18 00:37 .job.ad
-rwx------  1 cms040 cms     9455 Jun 18 00:37 .machine.ad
-rw-------  1 cms040 cms      105 Jun 16 20:48 CMSSW.py
-rw-------  1 cms040 cms  3739080 Jun 16 20:48 CMSSW.py.pkl
-rwx------  1 cms040 cms    29569 Jun 18 00:38 CMSSW.sh
drwxr-xr-x 15 cms040 cms     4096 Jun 18 00:42 CMSSW_6_2_0_SLHC12
-rw-------  1 cms040 cms      220 Jun 18 00:38 CacheEnv.sh
-rw-------  1 cms040 cms     7291 Apr  4 11:04 DashboardAPI.py
-rw-------  1 cms040 cms     6815 Jun 18 00:38 DashboardAPI.pyc
drwx------  2 cms040 cms     4096 Jun 18 00:42 IMProv
-rw-------  1 cms040 cms     2748 Apr  4 11:04 Logger.py
-rw-------  1 cms040 cms     3347 Jun 18 00:38 Logger.pyc
-rw-------  1 cms040 cms    24524 Apr  4 11:04 ProcInfo.py
-rw-------  1 cms040 cms    23197 Jun 18 00:38 ProcInfo.pyc
drwx------  7 cms040 cms     4096 Jun 18 00:38 ProdCommon
drwx------  3 cms040 cms     4096 Jun 18 00:38 WMCore
-rw-------  1 cms040 cms     2145 Jun 18 00:42 Watchdog_21.log
-rwx------  1 cms040 cms        0 Jun 18 00:38 _condor_stderr
-rwx---r--  1 cms040 cms    23621 Jun 18 00:43 _condor_stdout
-rw-------  1 cms040 cms    32895 Apr  4 11:04 apmon.py
-rw-------  1 cms040 cms    28625 Jun 18 00:38 apmon.pyc
-rwx------  1 cms040 cms    54248 Jun 18 00:38 arguments.xml
-rwx------  1 cms040 cms    38515 Apr  4 11:04 cmscp.py
-rw-------  1 cms040 cms      720 Jun 18 00:43 cmscpReport.sh
-rwx------  1 cms040 cms    29569 Jun 18 00:38 condor_exec.exe
-rw-------  1 cms040 cms      963 Jun 16 20:47 crab.cfg
-rwx------  1 cms040 cms     8610 Apr  4 11:04 crabWatchdog.sh
-rwx---r--  1 cms040 cms   267796 Jun 18 00:42 crab_fjr_21.xml
-rwx------  1 cms040 cms 23959035 Jun 18 00:38 default.tgz
-rwx------  1 cms040 cms     4488 Apr  4 11:04 fillCrabFjr.py
-rw-------  1 cms040 cms     1471 Jun 18 00:38 inputsReport.txt
-rw-------  1 cms040 cms      262 Jun 18 00:43 jobreport.txt
-rw-------  1 cms040 cms    17352 Apr  4 11:04 parseCrabFjr.py
-rw-------  1 cms040 cms      333 Jun 18 00:38 report.log
-rwx--x--x  1 cms040 cms     1497 Apr  4 11:04 report.py
-rw-------  1 cms040 cms      776 Jun 18 00:43 resultCopyFile
lrwxrwxrwx  1 cms040 cms      126 Jun 18 00:42 validationEDM.root -> /home/cms040/home_cream_140254986/CREAM140254986/glide_Q4guMP/execute/dir_26739/CMSSW_6_2_0_SLHC12/validationEDM_21_1_Zcn.root
-rwx------  1 cms040 cms     8387 Apr  4 11:04 writeCfg.py
-rw-------  1 cms040 cms     8014 Jun 18 00:37 x509up_u50707
>>> Modify Job Report:
CMSSW_VERSION = CMSSW_6_2_0_SLHC12
ProcessedDataset = calabria_MuMinus500_GEN-SIM-DIGI-RECO_CMSSW_6_2_0_SLHC12_2023Scenario_VALNOPU2_Case2
/home/cms040/home_cream_140254986/CREAM140254986/glide_Q4guMP/execute/dir_26739/ProdCommon/FwkJobRep/ModifyJobReport.py fjr /home/cms040/home_cream_140254986/CREAM140254986/glide_Q4guMP/execute/dir_26739/crab_fjr_21.xml json /home/cms040/home_cream_140254986/CREAM140254986/glide_Q4guMP/execute/dir_26739/resultCopyFile n_job 21_1_Zcn PrimaryDataset calabria_SingleMuPt500_GEN-SIM-DIGI-RECO_CMSSW_6_2_0_SLHC12_2023Scenario_Case2  ApplicationFamily cmsRun ApplicationName cmsRun cmssw_version CMSSW_6_2_0_SLHC12 psethash 5854dd31cbd3cdec44c48628cc181cf0 UserProcessedDataset calabria-calabria_MuMinus500_GEN-SIM-DIGI-RECO_CMSSW_6_2_0_SLHC12_2023Scenario_VALNOPU2_Case2-5854dd31cbd3cdec44c48628cc181cf0
inputDict =  {u'/home/cms040/home_cream_140254986/CREAM140254986/glide_Q4guMP/execute/dir_26739/CMSSW_6_2_0_SLHC12/validationEDM_21_1_Zcn.root': {u'endpoint': u'srm://storm-se-01.ba.infn.it:8444/srm/managerv2?SFN=//cms/store/user/calabria/calabria_SingleMuPt500_GEN-SIM-DIGI-RECO_CMSSW_6_2_0_SLHC12_2023Scenario_Case2/calabria_MuMinus500_GEN-SIM-DIGI-RECO_CMSSW_6_2_0_SLHC12_2023Scenario_VALNOPU2_Case2/5854dd31cbd3cdec44c48628cc181cf0/', u'surl_for_grid': u'', u'reason': u'Copy succedeed with srm-lcg utils', u'erCode': u'0', u'se_name': u'storm-se-01.ba.infn.it', u'for_lfn': u'/store/user/calabria/calabria_SingleMuPt500_GEN-SIM-DIGI-RECO_CMSSW_6_2_0_SLHC12_2023Scenario_Case2/calabria_MuMinus500_GEN-SIM-DIGI-RECO_CMSSW_6_2_0_SLHC12_2023Scenario_VALNOPU2_Case2/5854dd31cbd3cdec44c48628cc181cf0/'}}
UserProcessedDataset =  calabria-calabria_MuMinus500_GEN-SIM-DIGI-RECO_CMSSW_6_2_0_SLHC12_2023Scenario_VALNOPU2_Case2-5854dd31cbd3cdec44c48628cc181cf0
file_name in inputDict =  /home/cms040/home_cream_140254986/CREAM140254986/glide_Q4guMP/execute/dir_26739/CMSSW_6_2_0_SLHC12/validationEDM_21_1_Zcn.root
(size) os.stat(filename)[6] =  3190893
checksum =  3523360903
    file =  validationEDM_21_1_Zcn.root
    newPfn =  srm://storm-se-01.ba.infn.it:8444/srm/managerv2?SFN=//cms/store/user/calabria/calabria_SingleMuPt500_GEN-SIM-DIGI-RECO_CMSSW_6_2_0_SLHC12_2023Scenario_Case2/calabria_MuMinus500_GEN-SIM-DIGI-RECO_CMSSW_6_2_0_SLHC12_2023Scenario_VALNOPU2_Case2/5854dd31cbd3cdec44c48628cc181cf0/validationEDM_21_1_Zcn.root
    newLfn =  /store/user/calabria/calabria_SingleMuPt500_GEN-SIM-DIGI-RECO_CMSSW_6_2_0_SLHC12_2023Scenario_Case2/calabria_MuMinus500_GEN-SIM-DIGI-RECO_CMSSW_6_2_0_SLHC12_2023Scenario_VALNOPU2_Case2/5854dd31cbd3cdec44c48628cc181cf0/validationEDM_21_1_Zcn.root
>>> crab_fjr_*.xml  permission set to 0704
CrabWrapper EXIT_FUNC entered at Wed Jun 18 00:43:07 CEST 2014   -  Tue Jun 17 22:43:07 UTC 2014
Checking output files:  
will tar file crab_fjr_21.xml in  out_files_21
WARNING: output file CMSSW_21.stdout not found!
WARNING: output file CMSSW_21.stderr not found!
WARNING: output file Watchdog_21.log.gz not found!
>>> padding time: Sleeping the wrapper for 300 seconds
STOPPING WATCHDOG. CrabWatchdog PID is 26972
********** LAST 50 LINES OF WATCHDOG LOG
# RESOURCE USAGE SUMMARY FOR PROCESS ID 26780
USER       PID %CPU %MEM    VSZ   RSS TTY      STAT START   TIME COMMAND
cms040   26780  0.3  0.0   9496  1592 ?        S    00:38   0:00 /bin/sh /home/cms040/home_cream_140254986/CREAM140254986/glide_Q4guMP/execute/dir_26739/condor_exec.exe 21 1
 
# LIMITS USED BY CRAB WATCHDOG:
# RSS  (KBytes)   : 2300000
# VSZ  (KBytes)   : 100000000
# DISK (MBytes)   : 19000
# CPU TIME        : 720h:0m:0s
# WALL CLOCK TIME : 21h:50m:0s
 
# FOLLOWING PRINTOUT TRACKS MAXIMUM VALUES OF RESOURCES USE
# ONE LINE IS PRINTED EACH TIME A MAXIMUM CHANGES
# IF CHANGE WAS IN RSS OR VSZ ALSO PROCID AND COMMAND ARE PRINTED
# THERE IS NO PRINTOUT FOR CPU/WALL TIME INCREASE
 
# TIME			PID	RSS(KB)	VSZ(KB)	Dsk(MB)	tCPU(s)	tWALL(s)	COMMAND
 Jun 18 00:38:14 CEST	3218	1396	9364	0	0	0	/bin/bash /home/cms040/home_cream_140254986/CREAM140254986/glide_Q4guMP/main/condor_startup.sh glidein_config        
 Jun 18 00:38:14 CEST	3982	8004	93340	0	0	1	/home/cms040/home_cream_140254986/CREAM140254986/glide_Q4guMP/main/condor/sbin/condor_master -f -pidfile /home/cms040/home_cream_140254986/CREAM140254986/glide_Q4guMP/condor_master2.pid       
 Jun 18 00:38:14 CEST	4294	8720	93784	0	3	1	condor_startd -f         
 Jun 18 00:38:14 CEST	26984	38576	101884	0	0	1	edmConfigHash pset.py         
 Jun 18 00:38:14 CEST	29100	38576	106092	0	0	1	sh -c "./glidein_startup.sh" -v std -name v1_3 -entry CMS_T2_IT_Bari_ce2 -clientname UCSD-v1_0.main
 Jun 18 00:38:14 CEST	29104	38576	106492	0	0	1	/bin/bash ./glidein_startup.sh -v std -name v1_3 -entry CMS_T2_IT_Bari_ce2 -clientname UCSD-v1_0.main -schedd
 Jun 18 00:38:14 CEST	---	38576	106492	171	----	----	----
 Jun 18 00:39:15 CEST	28630	771716	986424	171	33	62	cmsRun -j /home/cms040/home_cream_140254986/CREAM140254986/glide_Q4guMP/execute/dir_26739/crab_fjr_21.xml -p pset.py      
 Jun 18 00:39:15 CEST	---	771716	986424	175	----	----	----
 Jun 18 00:41:17 CEST	28630	798776	1018936	175	125	184	cmsRun -j /home/cms040/home_cream_140254986/CREAM140254986/glide_Q4guMP/execute/dir_26739/crab_fjr_21.xml -p pset.py      
 Jun 18 00:42:18 CEST	---	798776	1018936	178	----	----	----
********** WATCHDOG LOG ENDED
ZIPPING WATCHDOG LOG
Disk space used:
du -sh /home/cms040/home_cream_140254986/CREAM140254986/glide_Q4guMP/execute/dir_26739
178M	/home/cms040/home_cream_140254986/CREAM140254986/glide_Q4guMP/execute/dir_26739
Found unusual stdout, rename for OSB
`/home/cms040/home_cream_140254986/CREAM140254986/glide_Q4guMP/execute/dir_26739/_condor_stdout' -> `CMSSW_21.stdout'
Found unusual stderr, rename for OSB
`/home/cms040/home_cream_140254986/CREAM140254986/glide_Q4guMP/execute/dir_26739/_condor_stdout' -> `CMSSW_21.stderr'
crab_fjr_21.xml
CMSSW_21.stdout
CMSSW_21.stderr
Watchdog_21.log.gz
Total Output dimension: 37546
WARNING: output files size limit is set to: 50000000
Total Output dimension 37546 is fine.
JOB_EXIT_STATUS = 0
>>> info for dashboard:
***** Cat /home/cms040/home_cream_140254986/CREAM140254986/glide_Q4guMP/execute/dir_26739/jobreport.txt *****
MonitorJobID=21_https://submit-4.t2.ucsd.edu//140616//222482.20
MonitorID=calabria_MuMinus500_Case2_ReReco_5nf8i1
ExeTime=219
ExeExitCode=0
StageOutExitStatusReason = 'Copy succedeed with srm-lcg utils'
StageOutSE = storm-se-01.ba.infn.it
StageOutExitStatus = 0
CrabUserCpuTime=169.06
CrabSysCpuTime=4.11
CrabCpuPercentage=79%
CrabWrapperTime=600
CrabStageoutTime=48
JobExitCode=0
***** End Cat jobreport *****
Parameters sent to Dashboard.
EXITING at Wed Jun 18 00:48:12 CEST 2014  -  Tue Jun 17 22:48:12 UTC 2014
