This script was generated by crab (version 2.10.5_patch1).
Running /home/cms015/home_cream_468252061/CREAM468252061/glide_Qwj2CV/execute/dir_11828/condor_exec.exe with 2 positional parameters: 13 1
Today is Wed Jun 18 00:37:25 CEST 2014 - Tue Jun 17 22:37:25 UTC 2014
Job submitted on host alicegrid66.ba.infn.it
Linux alicegrid66.ba.infn.it 2.6.32-358.23.2.el6.x86_64 #1 SMP Thu Oct 17 10:27:22 CEST 2013 x86_64 x86_64 x86_64 GNU/Linux
>>> current directory (RUNTIME_AREA): /home/cms015/home_cream_468252061/CREAM468252061/glide_Qwj2CV/execute/dir_11828
>>> current user: uid=11815(cms015) gid=1399(cms) groups=1399(cms)
>>> directory permission set to 0700
>>> umask set to:  u=rwx,g=,o=
>>> stdout stderr permission set to 0704
>>> voms proxy information:
subject   : /C=IT/O=INFN/OU=Personal Certificate/L=Bari/CN=Cesare Calabria/CN=477126703/CN=918038687
issuer    : /C=IT/O=INFN/OU=Personal Certificate/L=Bari/CN=Cesare Calabria/CN=477126703
identity  : /C=IT/O=INFN/OU=Personal Certificate/L=Bari/CN=Cesare Calabria
type      : RFC3820 compliant limited proxy
strength  : 1024
path      : /home/cms015/home_cream_468252061/CREAM468252061/glide_Qwj2CV/execute/dir_11828/x509up_u50707
timeleft  : 23:59:41
key usage : Digital Signature, Key Encipherment, Data Encipherment
=== VO cms extension information ===
VO        : cms
subject   : /C=IT/O=INFN/OU=Personal Certificate/L=Bari/CN=Cesare Calabria
issuer    : /DC=ch/DC=cern/OU=computers/CN=voms.cern.ch
attribute : /cms/Role=NULL/Capability=NULL
attribute : /cms/itcms/Role=NULL/Capability=NULL
timeleft  : 154:46:54
uri       : voms.cern.ch:15002

WNHostName=alicegrid66.ba.infn.it
>>> tar --no-same-permissions -xf /home/cms015/home_cream_468252061/CREAM468252061/glide_Qwj2CV/execute/dir_11828/default.tgz :
Successful untar
>>> Include /home/cms015/home_cream_468252061/CREAM468252061/glide_Qwj2CV/execute/dir_11828 in PYTHONPATH:
strip arguments
env var CRAB_UNIQUE_JOB_ID set to: calabria_MuMinus500_Case2_ReReco_5nf8i1_13_1_027
out_files_13
>>> list of expected files on output sandbox
output files: crab_fjr_13.xml CMSSW_13.stdout CMSSW_13.stderr Watchdog_13.log.gz
>>> GridFlavour discovery: 
GridFlavour=LCG
>>> SyncSite discovery: 
SyncSite=T2_IT_Bari
>>> SyncCE discovery: 
getting SyncCE from CE_ID
SyncCE=cream-ce-4.ba.infn.it:8443/cream-pbs-cms
>>> info for dashboard:
***** Cat /home/cms015/home_cream_468252061/CREAM468252061/glide_Qwj2CV/execute/dir_11828/jobreport.txt *****
WNHostName=alicegrid66.ba.infn.it
MonitorJobID=13_https://submit-4.t2.ucsd.edu//140616//222482.12
SyncGridJobId=https://submit-4.t2.ucsd.edu//140616//222482.12
MonitorID=calabria_MuMinus500_Case2_ReReco_5nf8i1
GridFlavour=LCG
SyncSite=T2_IT_Bari
SyncCE=cream-ce-4.ba.infn.it:8443/cream-pbs-cms
***** End Cat jobreport *****
Parameters sent to Dashboard.
>>> setup environment
set SCRAM ARCH to slc5_amd64_gcc472
SCRAM_ARCH = slc5_amd64_gcc472
>>> setup CMS LCG environment:
set SCRAM ARCH and BUILD_ARCH to slc5_amd64_gcc472 ###
Sourcing environment... 
sourcing /cvmfs/cms.cern.ch/cmsset_default.sh
==> setup cms environment ok
>>> specific cmssw setup environment:
CMSSW_VERSION =  CMSSW_6_2_0_SLHC12
>>> current directory (SOFTWARE_DIR): /home/cms015/home_cream_468252061/CREAM468252061/glide_Qwj2CV/execute/dir_11828/CMSSW_6_2_0_SLHC12
PreserveSeeds: <>
IncrementSeeds:<>
>>> info for dashboard:
***** Cat /home/cms015/home_cream_468252061/CREAM468252061/glide_Qwj2CV/execute/dir_11828/jobreport.txt *****
MonitorJobID=13_https://submit-4.t2.ucsd.edu//140616//222482.12
MonitorID=calabria_MuMinus500_Case2_ReReco_5nf8i1
***** End Cat jobreport *****
Parameters sent to Dashboard.
crabWatchdog started as process 13632
>>> moving CMSSW software directories in /home/cms015/home_cream_468252061/CREAM468252061/glide_Qwj2CV/execute/dir_11828/CMSSW_6_2_0_SLHC12
mv: cannot stat `/home/cms015/home_cream_468252061/CREAM468252061/glide_Qwj2CV/execute/dir_11828/module/': No such file or directory
>>> Include /home/cms015/home_cream_468252061/CREAM468252061/glide_Qwj2CV/execute/dir_11828 in PYTHONPATH:
PYTHONPATH=/home/cms015/home_cream_468252061/CREAM468252061/glide_Qwj2CV/execute/dir_11828/:/home/cms015/home_cream_468252061/CREAM468252061/glide_Qwj2CV/execute/dir_11828/CMSSW_6_2_0_SLHC12/python:/home/cms015/home_cream_468252061/CREAM468252061/glide_Qwj2CV/execute/dir_11828/CMSSW_6_2_0_SLHC12/lib/slc5_amd64_gcc472:/cvmfs/cms.cern.ch/slc5_amd64_gcc472/cms/cmssw/CMSSW_6_2_0_SLHC12/python:/cvmfs/cms.cern.ch/slc5_amd64_gcc472/cms/cmssw/CMSSW_6_2_0_SLHC12/lib/slc5_amd64_gcc472:/cvmfs/cms.cern.ch/slc5_amd64_gcc472/cms/coral/CORAL_2_3_21-cms36/slc5_amd64_gcc472/python:/cvmfs/cms.cern.ch/slc5_amd64_gcc472/cms/coral/CORAL_2_3_21-cms36/slc5_amd64_gcc472/lib:/cvmfs/cms.cern.ch/slc5_amd64_gcc472/external/pyqt/4.8.1-cms6/lib/python2.7/site-packages:/cvmfs/cms.cern.ch/slc5_amd64_gcc472/external/py2-scipy/0.8.0-cms8/lib/python2.7/site-packages:/cvmfs/cms.cern.ch/slc5_amd64_gcc472/external/py2-matplotlib/1.0.1-cms8/lib/python2.7/site-packages:/cvmfs/cms.cern.ch/slc5_amd64_gcc472/external/python-ldap/2.3.5-cms6/lib/python2.7/site-packages:/cvmfs/cms.cern.ch/slc5_amd64_gcc472/external/sip/4.11.2-cms6/lib/python2.7/site-packages:/cvmfs/cms.cern.ch/slc5_amd64_gcc472/external/py2-pycurl/7.19.0-cms8/lib/python2.7/site-packages:/cvmfs/cms.cern.ch/slc5_amd64_gcc472/external/py2-numpy/1.6.1-cms8/lib/python2.7/site-packages:/cvmfs/cms.cern.ch/slc5_amd64_gcc472/external/py2-lint/0.25.1-cms6/lib/python2.7/site-packages:/cvmfs/cms.cern.ch/slc5_amd64_gcc472/external/py2-ipython/0.10-cms6/lib/python2.7/site-packages:/cvmfs/cms.cern.ch/slc5_amd64_gcc472/external/py2-cx-oracle/5.1-cms7/lib/python2.7/site-packages:/cvmfs/cms.cern.ch/slc5_amd64_gcc472/external/py2-cjson/1.0.5-cms6/lib/python2.7/site-packages:/cvmfs/cms.cern.ch/slc5_amd64_gcc472/cms/das-client/1.11.7/bin:/cvmfs/cms.cern.ch/slc5_amd64_gcc472/external/elementtree/1.2.6-cms6/share/lib/python2.7/site-packages:/cvmfs/cms.cern.ch/slc5_amd64_gcc472/external/rivet/1.8.2-cms8/lib/python2.7/site-packages:/cvmfs/cms.cern.ch/slc5_amd64_gcc472/external/pyminuit2/0.0.1-cms19/lib/python2.7/site-packages:/cvmfs/cms.cern.ch/slc5_amd64_gcc472/external/py2-pygithub/1.23.0/lib/python2.7/site-packages:/cvmfs/cms.cern.ch/slc5_amd64_gcc472/external/professor/1.0.0-cms19/lib/python2.7/site-packages:/cvmfs/cms.cern.ch/slc5_amd64_gcc472/lcg/root/5.34.07-cms/lib:/cvmfs/cms.cern.ch/slc5_amd64_gcc472/cms/dbs-client/DBS_2_1_9-cms5/lib:/cvmfs/cms.cern.ch/slc5_amd64_gcc472/cms/dbs-client/DBS_2_1_9-cms5/lib/DBSAPI:/cvmfs/cms.cern.ch/slc5_amd64_gcc472/external/cvs2git/5419-cms/lib:/home/cms015/home_cream_468252061/CREAM468252061/glide_Qwj2CV/execute/dir_11828/
 
# LIMITS USED BY CRAB WATCHDOG:
# RSS  (KBytes)   : 2300000
# VSZ  (KBytes)   : 100000000
# DISK (MBytes)   : 19000
# CPU TIME        : 720h:0m:0s
# WALL CLOCK TIME : 21h:50m:0s
 
5854dd31cbd3cdec44c48628cc181cf0
PSETHASH = 5854dd31cbd3cdec44c48628cc181cf0
/home/cms015/home_cream_468252061/CREAM468252061/glide_Qwj2CV/execute/dir_11828/writeCfg.py pset.py pset.py
Importing .py file
Setting parameters
RandomNumberGeneratorService found, will attempt to change seeds
inputBlocks=/calabria_SingleMuPt500_GEN-SIM-DIGI-RECO_CMSSW_6_2_0_SLHC12_2023Scenario_Case2/calabria-calabria_SingleMuPt500_GEN-SIM-DIGI-RECO_CMSSW_6_2_0_SLHC12_2023Scenario_Case2-41247ff61fcce1e4991e517dad8c5752/USER#e4166a20-4166-40b4-b61a-4a5c3dfcd099
inputFiles=/store/user/calabria/calabria_SingleMuPt500_GEN-SIM-DIGI-RECO_CMSSW_6_2_0_SLHC12_2023Scenario_Case2/calabria_SingleMuPt500_GEN-SIM-DIGI-RECO_CMSSW_6_2_0_SLHC12_2023Scenario_Case2/41247ff61fcce1e4991e517dad8c5752/out_reco_397_2_6rI.root;/store/user/calabria/calabria_SingleMuPt500_GEN-SIM-DIGI-RECO_CMSSW_6_2_0_SLHC12_2023Scenario_Case2/calabria_SingleMuPt500_GEN-SIM-DIGI-RECO_CMSSW_6_2_0_SLHC12_2023Scenario_Case2/41247ff61fcce1e4991e517dad8c5752/out_reco_398_2_l8o.root;/store/user/calabria/calabria_SingleMuPt500_GEN-SIM-DIGI-RECO_CMSSW_6_2_0_SLHC12_2023Scenario_Case2/calabria_SingleMuPt500_GEN-SIM-DIGI-RECO_CMSSW_6_2_0_SLHC12_2023Scenario_Case2/41247ff61fcce1e4991e517dad8c5752/out_reco_399_2_MpU.root;/store/user/calabria/calabria_SingleMuPt500_GEN-SIM-DIGI-RECO_CMSSW_6_2_0_SLHC12_2023Scenario_Case2/calabria_SingleMuPt500_GEN-SIM-DIGI-RECO_CMSSW_6_2_0_SLHC12_2023Scenario_Case2/41247ff61fcce1e4991e517dad8c5752/out_reco_400_2_UOP.root;/store/user/calabria/calabria_SingleMuPt500_GEN-SIM-DIGI-RECO_CMSSW_6_2_0_SLHC12_2023Scenario_Case2/calabria_SingleMuPt500_GEN-SIM-DIGI-RECO_CMSSW_6_2_0_SLHC12_2023Scenario_Case2/41247ff61fcce1e4991e517dad8c5752/out_reco_401_2_fSI.root;/store/user/calabria/calabria_SingleMuPt500_GEN-SIM-DIGI-RECO_CMSSW_6_2_0_SLHC12_2023Scenario_Case2/calabria_SingleMuPt500_GEN-SIM-DIGI-RECO_CMSSW_6_2_0_SLHC12_2023Scenario_Case2/41247ff61fcce1e4991e517dad8c5752/out_reco_402_2_aM8.root;/store/user/calabria/calabria_SingleMuPt500_GEN-SIM-DIGI-RECO_CMSSW_6_2_0_SLHC12_2023Scenario_Case2/calabria_SingleMuPt500_GEN-SIM-DIGI-RECO_CMSSW_6_2_0_SLHC12_2023Scenario_Case2/41247ff61fcce1e4991e517dad8c5752/out_reco_404_2_2xy.root;/store/user/calabria/calabria_SingleMuPt500_GEN-SIM-DIGI-RECO_CMSSW_6_2_0_SLHC12_2023Scenario_Case2/calabria_SingleMuPt500_GEN-SIM-DIGI-RECO_CMSSW_6_2_0_SLHC12_2023Scenario_Case2/41247ff61fcce1e4991e517dad8c5752/out_reco_405_2_HSk.root;/store/user/calabria/calabria_SingleMuPt500_GEN-SIM-DIGI-RECO_CMSSW_6_2_0_SLHC12_2023Scenario_Case2/calabria_SingleMuPt500_GEN-SIM-DIGI-RECO_CMSSW_6_2_0_SLHC12_2023Scenario_Case2/41247ff61fcce1e4991e517dad8c5752/out_reco_406_2_zg9.root;/store/user/calabria/calabria_SingleMuPt500_GEN-SIM-DIGI-RECO_CMSSW_6_2_0_SLHC12_2023Scenario_Case2/calabria_SingleMuPt500_GEN-SIM-DIGI-RECO_CMSSW_6_2_0_SLHC12_2023Scenario_Case2/41247ff61fcce1e4991e517dad8c5752/out_reco_407_2_vtl.root
parentFiles=
lumisRange=
>>> Executable cmsRun
/cvmfs/cms.cern.ch/slc5_amd64_gcc472/cms/cmssw/CMSSW_6_2_0_SLHC12/bin/slc5_amd64_gcc472/cmsRun
ok executable found
>>> info for dashboard:
***** Cat /home/cms015/home_cream_468252061/CREAM468252061/glide_Qwj2CV/execute/dir_11828/jobreport.txt *****
MonitorJobID=13_https://submit-4.t2.ucsd.edu//140616//222482.12
MonitorID=calabria_MuMinus500_Case2_ReReco_5nf8i1
ExeStart=cmsRun
***** End Cat jobreport *****
Parameters sent to Dashboard.
>>> cmsRun started at Tue Jun 17 22:37:52 UTC 2014
>>> cmsRun ended at Tue Jun 17 22:43:40 UTC 2014
>>> crab_fjr_*.xml  permission set to 0704
>>> info for dashboard:
***** Cat /home/cms015/home_cream_468252061/CREAM468252061/glide_Qwj2CV/execute/dir_11828/jobreport.txt *****
MonitorJobID=13_https://submit-4.t2.ucsd.edu//140616//222482.12
MonitorID=calabria_MuMinus500_Case2_ReReco_5nf8i1
ExeEnd=cmsRun
***** End Cat jobreport *****
Parameters sent to Dashboard.
TIME_EXE = 348 sec
>>> cmsRun wrote 50 lines of stdout+stderr
>>> START OF printout of 50 lines from stdout+stderr
271 DQMStore::DQMStore 
HcalTopologyIdealEP::HcalTopologyIdealEP
18-Jun-2014 00:38:09 CEST  Initiating request to open file file:/lustre/cms//store/user/calabria/calabria_SingleMuPt500_GEN-SIM-DIGI-RECO_CMSSW_6_2_0_SLHC12_2023Scenario_Case2/calabria_SingleMuPt500_GEN-SIM-DIGI-RECO_CMSSW_6_2_0_SLHC12_2023Scenario_Case2/41247ff61fcce1e4991e517dad8c5752/out_reco_397_2_6rI.root
18-Jun-2014 00:38:12 CEST  Successfully opened file file:/lustre/cms//store/user/calabria/calabria_SingleMuPt500_GEN-SIM-DIGI-RECO_CMSSW_6_2_0_SLHC12_2023Scenario_Case2/calabria_SingleMuPt500_GEN-SIM-DIGI-RECO_CMSSW_6_2_0_SLHC12_2023Scenario_Case2/41247ff61fcce1e4991e517dad8c5752/out_reco_397_2_6rI.root
18-Jun-2014 00:38:48 CEST  Closed file file:/lustre/cms//store/user/calabria/calabria_SingleMuPt500_GEN-SIM-DIGI-RECO_CMSSW_6_2_0_SLHC12_2023Scenario_Case2/calabria_SingleMuPt500_GEN-SIM-DIGI-RECO_CMSSW_6_2_0_SLHC12_2023Scenario_Case2/41247ff61fcce1e4991e517dad8c5752/out_reco_397_2_6rI.root
18-Jun-2014 00:38:48 CEST  Initiating request to open file file:/lustre/cms//store/user/calabria/calabria_SingleMuPt500_GEN-SIM-DIGI-RECO_CMSSW_6_2_0_SLHC12_2023Scenario_Case2/calabria_SingleMuPt500_GEN-SIM-DIGI-RECO_CMSSW_6_2_0_SLHC12_2023Scenario_Case2/41247ff61fcce1e4991e517dad8c5752/out_reco_398_2_l8o.root
18-Jun-2014 00:38:48 CEST  Successfully opened file file:/lustre/cms//store/user/calabria/calabria_SingleMuPt500_GEN-SIM-DIGI-RECO_CMSSW_6_2_0_SLHC12_2023Scenario_Case2/calabria_SingleMuPt500_GEN-SIM-DIGI-RECO_CMSSW_6_2_0_SLHC12_2023Scenario_Case2/41247ff61fcce1e4991e517dad8c5752/out_reco_398_2_l8o.root
18-Jun-2014 00:39:15 CEST  Closed file file:/lustre/cms//store/user/calabria/calabria_SingleMuPt500_GEN-SIM-DIGI-RECO_CMSSW_6_2_0_SLHC12_2023Scenario_Case2/calabria_SingleMuPt500_GEN-SIM-DIGI-RECO_CMSSW_6_2_0_SLHC12_2023Scenario_Case2/41247ff61fcce1e4991e517dad8c5752/out_reco_398_2_l8o.root
18-Jun-2014 00:39:15 CEST  Initiating request to open file file:/lustre/cms//store/user/calabria/calabria_SingleMuPt500_GEN-SIM-DIGI-RECO_CMSSW_6_2_0_SLHC12_2023Scenario_Case2/calabria_SingleMuPt500_GEN-SIM-DIGI-RECO_CMSSW_6_2_0_SLHC12_2023Scenario_Case2/41247ff61fcce1e4991e517dad8c5752/out_reco_399_2_MpU.root
18-Jun-2014 00:39:16 CEST  Successfully opened file file:/lustre/cms//store/user/calabria/calabria_SingleMuPt500_GEN-SIM-DIGI-RECO_CMSSW_6_2_0_SLHC12_2023Scenario_Case2/calabria_SingleMuPt500_GEN-SIM-DIGI-RECO_CMSSW_6_2_0_SLHC12_2023Scenario_Case2/41247ff61fcce1e4991e517dad8c5752/out_reco_399_2_MpU.root
18-Jun-2014 00:39:49 CEST  Closed file file:/lustre/cms//store/user/calabria/calabria_SingleMuPt500_GEN-SIM-DIGI-RECO_CMSSW_6_2_0_SLHC12_2023Scenario_Case2/calabria_SingleMuPt500_GEN-SIM-DIGI-RECO_CMSSW_6_2_0_SLHC12_2023Scenario_Case2/41247ff61fcce1e4991e517dad8c5752/out_reco_399_2_MpU.root
18-Jun-2014 00:39:49 CEST  Initiating request to open file file:/lustre/cms//store/user/calabria/calabria_SingleMuPt500_GEN-SIM-DIGI-RECO_CMSSW_6_2_0_SLHC12_2023Scenario_Case2/calabria_SingleMuPt500_GEN-SIM-DIGI-RECO_CMSSW_6_2_0_SLHC12_2023Scenario_Case2/41247ff61fcce1e4991e517dad8c5752/out_reco_400_2_UOP.root
18-Jun-2014 00:39:49 CEST  Successfully opened file file:/lustre/cms//store/user/calabria/calabria_SingleMuPt500_GEN-SIM-DIGI-RECO_CMSSW_6_2_0_SLHC12_2023Scenario_Case2/calabria_SingleMuPt500_GEN-SIM-DIGI-RECO_CMSSW_6_2_0_SLHC12_2023Scenario_Case2/41247ff61fcce1e4991e517dad8c5752/out_reco_400_2_UOP.root
18-Jun-2014 00:40:24 CEST  Closed file file:/lustre/cms//store/user/calabria/calabria_SingleMuPt500_GEN-SIM-DIGI-RECO_CMSSW_6_2_0_SLHC12_2023Scenario_Case2/calabria_SingleMuPt500_GEN-SIM-DIGI-RECO_CMSSW_6_2_0_SLHC12_2023Scenario_Case2/41247ff61fcce1e4991e517dad8c5752/out_reco_400_2_UOP.root
18-Jun-2014 00:40:24 CEST  Initiating request to open file file:/lustre/cms//store/user/calabria/calabria_SingleMuPt500_GEN-SIM-DIGI-RECO_CMSSW_6_2_0_SLHC12_2023Scenario_Case2/calabria_SingleMuPt500_GEN-SIM-DIGI-RECO_CMSSW_6_2_0_SLHC12_2023Scenario_Case2/41247ff61fcce1e4991e517dad8c5752/out_reco_401_2_fSI.root
18-Jun-2014 00:40:25 CEST  Successfully opened file file:/lustre/cms//store/user/calabria/calabria_SingleMuPt500_GEN-SIM-DIGI-RECO_CMSSW_6_2_0_SLHC12_2023Scenario_Case2/calabria_SingleMuPt500_GEN-SIM-DIGI-RECO_CMSSW_6_2_0_SLHC12_2023Scenario_Case2/41247ff61fcce1e4991e517dad8c5752/out_reco_401_2_fSI.root
18-Jun-2014 00:40:58 CEST  Closed file file:/lustre/cms//store/user/calabria/calabria_SingleMuPt500_GEN-SIM-DIGI-RECO_CMSSW_6_2_0_SLHC12_2023Scenario_Case2/calabria_SingleMuPt500_GEN-SIM-DIGI-RECO_CMSSW_6_2_0_SLHC12_2023Scenario_Case2/41247ff61fcce1e4991e517dad8c5752/out_reco_401_2_fSI.root
18-Jun-2014 00:40:58 CEST  Initiating request to open file file:/lustre/cms//store/user/calabria/calabria_SingleMuPt500_GEN-SIM-DIGI-RECO_CMSSW_6_2_0_SLHC12_2023Scenario_Case2/calabria_SingleMuPt500_GEN-SIM-DIGI-RECO_CMSSW_6_2_0_SLHC12_2023Scenario_Case2/41247ff61fcce1e4991e517dad8c5752/out_reco_402_2_aM8.root
18-Jun-2014 00:40:58 CEST  Successfully opened file file:/lustre/cms//store/user/calabria/calabria_SingleMuPt500_GEN-SIM-DIGI-RECO_CMSSW_6_2_0_SLHC12_2023Scenario_Case2/calabria_SingleMuPt500_GEN-SIM-DIGI-RECO_CMSSW_6_2_0_SLHC12_2023Scenario_Case2/41247ff61fcce1e4991e517dad8c5752/out_reco_402_2_aM8.root
18-Jun-2014 00:41:32 CEST  Closed file file:/lustre/cms//store/user/calabria/calabria_SingleMuPt500_GEN-SIM-DIGI-RECO_CMSSW_6_2_0_SLHC12_2023Scenario_Case2/calabria_SingleMuPt500_GEN-SIM-DIGI-RECO_CMSSW_6_2_0_SLHC12_2023Scenario_Case2/41247ff61fcce1e4991e517dad8c5752/out_reco_402_2_aM8.root
18-Jun-2014 00:41:32 CEST  Initiating request to open file file:/lustre/cms//store/user/calabria/calabria_SingleMuPt500_GEN-SIM-DIGI-RECO_CMSSW_6_2_0_SLHC12_2023Scenario_Case2/calabria_SingleMuPt500_GEN-SIM-DIGI-RECO_CMSSW_6_2_0_SLHC12_2023Scenario_Case2/41247ff61fcce1e4991e517dad8c5752/out_reco_404_2_2xy.root
18-Jun-2014 00:41:32 CEST  Successfully opened file file:/lustre/cms//store/user/calabria/calabria_SingleMuPt500_GEN-SIM-DIGI-RECO_CMSSW_6_2_0_SLHC12_2023Scenario_Case2/calabria_SingleMuPt500_GEN-SIM-DIGI-RECO_CMSSW_6_2_0_SLHC12_2023Scenario_Case2/41247ff61fcce1e4991e517dad8c5752/out_reco_404_2_2xy.root
18-Jun-2014 00:42:06 CEST  Closed file file:/lustre/cms//store/user/calabria/calabria_SingleMuPt500_GEN-SIM-DIGI-RECO_CMSSW_6_2_0_SLHC12_2023Scenario_Case2/calabria_SingleMuPt500_GEN-SIM-DIGI-RECO_CMSSW_6_2_0_SLHC12_2023Scenario_Case2/41247ff61fcce1e4991e517dad8c5752/out_reco_404_2_2xy.root
18-Jun-2014 00:42:06 CEST  Initiating request to open file file:/lustre/cms//store/user/calabria/calabria_SingleMuPt500_GEN-SIM-DIGI-RECO_CMSSW_6_2_0_SLHC12_2023Scenario_Case2/calabria_SingleMuPt500_GEN-SIM-DIGI-RECO_CMSSW_6_2_0_SLHC12_2023Scenario_Case2/41247ff61fcce1e4991e517dad8c5752/out_reco_405_2_HSk.root
18-Jun-2014 00:42:06 CEST  Successfully opened file file:/lustre/cms//store/user/calabria/calabria_SingleMuPt500_GEN-SIM-DIGI-RECO_CMSSW_6_2_0_SLHC12_2023Scenario_Case2/calabria_SingleMuPt500_GEN-SIM-DIGI-RECO_CMSSW_6_2_0_SLHC12_2023Scenario_Case2/41247ff61fcce1e4991e517dad8c5752/out_reco_405_2_HSk.root
18-Jun-2014 00:42:34 CEST  Closed file file:/lustre/cms//store/user/calabria/calabria_SingleMuPt500_GEN-SIM-DIGI-RECO_CMSSW_6_2_0_SLHC12_2023Scenario_Case2/calabria_SingleMuPt500_GEN-SIM-DIGI-RECO_CMSSW_6_2_0_SLHC12_2023Scenario_Case2/41247ff61fcce1e4991e517dad8c5752/out_reco_405_2_HSk.root
18-Jun-2014 00:42:34 CEST  Initiating request to open file file:/lustre/cms//store/user/calabria/calabria_SingleMuPt500_GEN-SIM-DIGI-RECO_CMSSW_6_2_0_SLHC12_2023Scenario_Case2/calabria_SingleMuPt500_GEN-SIM-DIGI-RECO_CMSSW_6_2_0_SLHC12_2023Scenario_Case2/41247ff61fcce1e4991e517dad8c5752/out_reco_406_2_zg9.root
18-Jun-2014 00:42:34 CEST  Successfully opened file file:/lustre/cms//store/user/calabria/calabria_SingleMuPt500_GEN-SIM-DIGI-RECO_CMSSW_6_2_0_SLHC12_2023Scenario_Case2/calabria_SingleMuPt500_GEN-SIM-DIGI-RECO_CMSSW_6_2_0_SLHC12_2023Scenario_Case2/41247ff61fcce1e4991e517dad8c5752/out_reco_406_2_zg9.root
18-Jun-2014 00:42:59 CEST  Closed file file:/lustre/cms//store/user/calabria/calabria_SingleMuPt500_GEN-SIM-DIGI-RECO_CMSSW_6_2_0_SLHC12_2023Scenario_Case2/calabria_SingleMuPt500_GEN-SIM-DIGI-RECO_CMSSW_6_2_0_SLHC12_2023Scenario_Case2/41247ff61fcce1e4991e517dad8c5752/out_reco_406_2_zg9.root
18-Jun-2014 00:42:59 CEST  Initiating request to open file file:/lustre/cms//store/user/calabria/calabria_SingleMuPt500_GEN-SIM-DIGI-RECO_CMSSW_6_2_0_SLHC12_2023Scenario_Case2/calabria_SingleMuPt500_GEN-SIM-DIGI-RECO_CMSSW_6_2_0_SLHC12_2023Scenario_Case2/41247ff61fcce1e4991e517dad8c5752/out_reco_407_2_vtl.root
18-Jun-2014 00:42:59 CEST  Successfully opened file file:/lustre/cms//store/user/calabria/calabria_SingleMuPt500_GEN-SIM-DIGI-RECO_CMSSW_6_2_0_SLHC12_2023Scenario_Case2/calabria_SingleMuPt500_GEN-SIM-DIGI-RECO_CMSSW_6_2_0_SLHC12_2023Scenario_Case2/41247ff61fcce1e4991e517dad8c5752/out_reco_407_2_vtl.root
18-Jun-2014 00:43:39 CEST  Closed file file:/lustre/cms//store/user/calabria/calabria_SingleMuPt500_GEN-SIM-DIGI-RECO_CMSSW_6_2_0_SLHC12_2023Scenario_Case2/calabria_SingleMuPt500_GEN-SIM-DIGI-RECO_CMSSW_6_2_0_SLHC12_2023Scenario_Case2/41247ff61fcce1e4991e517dad8c5752/out_reco_407_2_vtl.root

=============================================

MessageLogger Summary

 type     category        sev    module        subroutine        count    total
 ---- -------------------- -- ---------------- ----------------  -----    -----
    1 fileAction           -s file_close                            10       10
    2 fileAction           -s file_open                             20       20

 type    category    Examples: run/evt        run/evt          run/evt
 ---- -------------------- ---------------- ---------------- ----------------
    1 fileAction           PostProcessEvent PostProcessEvent PostEndRun
    2 fileAction           pre-events       pre-events       PostProcessEvent

Severity    # Occurrences   Total Occurrences
--------    -------------   -----------------
System                 30                  30
>>> END OF printout of 50 lines from stdout+stderr
>>> Parse FrameworkJobReport crab_fjr.xml
Result of parsing the FrameworkJobReport crab_fjr.xml: Popularity start
lumisRange : 1::::1;1::::2;1::::3;1::::4;1::::5;1::::6;1::::7;1::::8;1::::9;1::::10;
lumisParentRange : 
Basename : /store/user/calabria/calabria_SingleMuPt500_GEN-SIM-DIGI-RECO_CMSSW_6_2_0_SLHC12_2023Scenario_Case2/calabria_SingleMuPt500_GEN-SIM-DIGI-RECO_CMSSW_6_2_0_SLHC12_2023Scenario_Case2/41247ff61fcce1e4991e517dad8c5752/out_reco_
BasenameParent : 
parentFiles : 
inputBlocks : /calabria_SingleMuPt500_GEN-SIM-DIGI-RECO_CMSSW_6_2_0_SLHC12_2023Scenario_Case2/calabria-calabria_SingleMuPt500_GEN-SIM-DIGI-RECO_CMSSW_6_2_0_SLHC12_2023Scenario_Case2-41247ff61fcce1e4991e517dad8c5752/USER#e4166a20-4166-40b4-b61a-4a5c3dfcd099
inputFiles : 406_2_zg9.root::1::EDM::Local::1;404_2_2xy.root::1::EDM::Local::2;405_2_HSk.root::1::EDM::Local::3;407_2_vtl.root::1::EDM::Local::4;401_2_fSI.root::1::EDM::Local::5;399_2_MpU.root::1::EDM::Local::6;402_2_aM8.root::1::EDM::Local::7;397_2_6rI.root::1::EDM::Local::8;400_2_UOP.root::1::EDM::Local::9;398_2_l8o.root::1::EDM::Local::10;
Popularity stop
Extracted ExitStatus from FrameworkJobReport parsing output: 0
>>> Executable succeded  0
ExeExitCode=0
EXECUTABLE_EXIT_STATUS = 0
>>> current directory /home/cms015/home_cream_468252061/CREAM468252061/glide_Qwj2CV/execute/dir_11828/CMSSW_6_2_0_SLHC12
>>>  (SOFTWARE_DIR): /home/cms015/home_cream_468252061/CREAM468252061/glide_Qwj2CV/execute/dir_11828/CMSSW_6_2_0_SLHC12
>>> (WORKING_DIR): 
>>> current directory content:
total 11120
drwxr-xr-x 3 cms015 cms    4096 Jun 18 00:37 .SCRAM
-rw------- 1 cms015 cms 3739080 Jun 18 00:37 CMSSW.py.pkl
drwxr-xr-x 3 cms015 cms    4096 Jun 18 00:37 bin
drwxr-xr-x 3 cms015 cms    4096 Jun 18 00:37 cfipython
drwxr-xr-x 4 cms015 cms    4096 Jun 18 00:37 config
-rw------- 1 cms015 cms      16 Jun 18 00:43 cpu_timing.txt
drwxr-xr-x 2 cms015 cms    4096 Jun 18 00:37 doc
-rw------- 1 cms015 cms    9985 Jun 18 00:43 executable.out
drwxr-xr-x 2 cms015 cms    4096 Jun 18 00:37 include
drwx------ 3 cms015 cms    4096 Apr 28 18:12 lib
drwxr-xr-x 3 cms015 cms    4096 Jun 18 00:37 logs
drwxr-xr-x 3 cms015 cms    4096 Jun 18 00:37 objs
-rw------- 1 cms015 cms     104 Jun 18 00:37 pset.py
-rw------- 1 cms015 cms 3712334 Jun 18 00:37 pset.py.pkl
-rw------- 1 cms015 cms     289 Jun 18 00:37 pset.pyc
drwxr-xr-x 2 cms015 cms    4096 Jun 18 00:37 python
-rw------- 1 cms015 cms     413 Jun 18 00:43 report.log
drwx------ 6 cms015 cms    4096 Jun 18 00:37 src
drwxr-xr-x 3 cms015 cms    4096 Jun 18 00:37 test
drwxr-xr-x 3 cms015 cms    4096 Jun 18 00:37 tmp
-rw------- 1 cms015 cms 3833898 Jun 18 00:43 validationEDM.root
>>> current directory /home/cms015/home_cream_468252061/CREAM468252061/glide_Qwj2CV/execute/dir_11828/CMSSW_6_2_0_SLHC12
>>> (SOFTWARE_DIR): /home/cms015/home_cream_468252061/CREAM468252061/glide_Qwj2CV/execute/dir_11828/CMSSW_6_2_0_SLHC12
>>> (WORKING_DIR): 
>>> current directory content:
total 11120
drwxr-xr-x 3 cms015 cms    4096 Jun 18 00:37 .SCRAM
-rw------- 1 cms015 cms 3739080 Jun 18 00:37 CMSSW.py.pkl
drwxr-xr-x 3 cms015 cms    4096 Jun 18 00:37 bin
drwxr-xr-x 3 cms015 cms    4096 Jun 18 00:37 cfipython
drwxr-xr-x 4 cms015 cms    4096 Jun 18 00:37 config
-rw------- 1 cms015 cms      16 Jun 18 00:43 cpu_timing.txt
drwxr-xr-x 2 cms015 cms    4096 Jun 18 00:37 doc
-rw------- 1 cms015 cms    9985 Jun 18 00:43 executable.out
drwxr-xr-x 2 cms015 cms    4096 Jun 18 00:37 include
drwx------ 3 cms015 cms    4096 Apr 28 18:12 lib
drwxr-xr-x 3 cms015 cms    4096 Jun 18 00:37 logs
drwxr-xr-x 3 cms015 cms    4096 Jun 18 00:37 objs
-rw------- 1 cms015 cms     104 Jun 18 00:37 pset.py
-rw------- 1 cms015 cms 3712334 Jun 18 00:37 pset.py.pkl
-rw------- 1 cms015 cms     289 Jun 18 00:37 pset.pyc
drwxr-xr-x 2 cms015 cms    4096 Jun 18 00:37 python
-rw------- 1 cms015 cms     413 Jun 18 00:43 report.log
drwx------ 6 cms015 cms    4096 Jun 18 00:37 src
drwxr-xr-x 3 cms015 cms    4096 Jun 18 00:37 test
drwxr-xr-x 3 cms015 cms    4096 Jun 18 00:37 tmp
-rw------- 1 cms015 cms 3833898 Jun 18 00:43 validationEDM_13_1_027.root
>>> current directory (RUNTIME_AREA):  /home/cms015/home_cream_468252061/CREAM468252061/glide_Qwj2CV/execute/dir_11828
SE = storm-se-01.ba.infn.it
SE_PATH = /srm/managerv2?SFN=//cms/store/user/calabria/calabria_SingleMuPt500_GEN-SIM-DIGI-RECO_CMSSW_6_2_0_SLHC12_2023Scenario_Case2/calabria_MuMinus500_GEN-SIM-DIGI-RECO_CMSSW_6_2_0_SLHC12_2023Scenario_VALNOPU2_Case2/5854dd31cbd3cdec44c48628cc181cf0/
LFNBaseName = /store/user/calabria/calabria_SingleMuPt500_GEN-SIM-DIGI-RECO_CMSSW_6_2_0_SLHC12_2023Scenario_Case2/calabria_MuMinus500_GEN-SIM-DIGI-RECO_CMSSW_6_2_0_SLHC12_2023Scenario_VALNOPU2_Case2/5854dd31cbd3cdec44c48628cc181cf0/
USER = calabria
endpoint = srm://storm-se-01.ba.infn.it:8444/srm/managerv2?SFN=//cms/store/user/calabria/calabria_SingleMuPt500_GEN-SIM-DIGI-RECO_CMSSW_6_2_0_SLHC12_2023Scenario_Case2/calabria_MuMinus500_GEN-SIM-DIGI-RECO_CMSSW_6_2_0_SLHC12_2023Scenario_VALNOPU2_Case2/5854dd31cbd3cdec44c48628cc181cf0/
>>> Copy output files from WN = alicegrid66.ba.infn.it to /srm/managerv2?SFN=//cms/store/user/calabria/calabria_SingleMuPt500_GEN-SIM-DIGI-RECO_CMSSW_6_2_0_SLHC12_2023Scenario_Case2/calabria_MuMinus500_GEN-SIM-DIGI-RECO_CMSSW_6_2_0_SLHC12_2023Scenario_VALNOPU2_Case2/5854dd31cbd3cdec44c48628cc181cf0/ :
python cmscp.py  --destination srm://storm-se-01.ba.infn.it:8444/srm/managerv2?SFN=//cms/store/user/calabria/calabria_SingleMuPt500_GEN-SIM-DIGI-RECO_CMSSW_6_2_0_SLHC12_2023Scenario_Case2/calabria_MuMinus500_GEN-SIM-DIGI-RECO_CMSSW_6_2_0_SLHC12_2023Scenario_VALNOPU2_Case2/5854dd31cbd3cdec44c48628cc181cf0/ --inputFileList /home/cms015/home_cream_468252061/CREAM468252061/glide_Qwj2CV/execute/dir_11828/CMSSW_6_2_0_SLHC12/validationEDM_13_1_027.root --middleware LCG --se_name storm-se-01.ba.infn.it --for_lfn /store/user/calabria/calabria_SingleMuPt500_GEN-SIM-DIGI-RECO_CMSSW_6_2_0_SLHC12_2023Scenario_Case2/calabria_MuMinus500_GEN-SIM-DIGI-RECO_CMSSW_6_2_0_SLHC12_2023Scenario_VALNOPU2_Case2/5854dd31cbd3cdec44c48628cc181cf0/    
******************************************************
localSeName  =  storm-se-01.ba.infn.it
remoteSeName =  storm-se-01.ba.infn.it
******************************************************
{"/home/cms015/home_cream_468252061/CREAM468252061/glide_Qwj2CV/execute/dir_11828/CMSSW_6_2_0_SLHC12/validationEDM_13_1_027.root": {"endpoint": "srm://storm-se-01.ba.infn.it:8444/srm/managerv2?SFN=//cms/store/user/calabria/calabria_SingleMuPt500_GEN-SIM-DIGI-RECO_CMSSW_6_2_0_SLHC12_2023Scenario_Case2/calabria_MuMinus500_GEN-SIM-DIGI-RECO_CMSSW_6_2_0_SLHC12_2023Scenario_VALNOPU2_Case2/5854dd31cbd3cdec44c48628cc181cf0/", "surl_for_grid": "", "reason": "Copy succedeed with srm-lcg utils", "erCode": "0", "se_name": "storm-se-01.ba.infn.it", "for_lfn": "/store/user/calabria/calabria_SingleMuPt500_GEN-SIM-DIGI-RECO_CMSSW_6_2_0_SLHC12_2023Scenario_Case2/calabria_MuMinus500_GEN-SIM-DIGI-RECO_CMSSW_6_2_0_SLHC12_2023Scenario_VALNOPU2_Case2/5854dd31cbd3cdec44c48628cc181cf0/"}}/home/cms015/home_cream_468252061/CREAM468252061/glide_Qwj2CV/execute/dir_11828
-------- cat /home/cms015/home_cream_468252061/CREAM468252061/glide_Qwj2CV/execute/dir_11828/cmscpReport.sh 
#!/bin/bash
echo "Report for File: /home/cms015/home_cream_468252061/CREAM468252061/glide_Qwj2CV/execute/dir_11828/CMSSW_6_2_0_SLHC12/validationEDM_13_1_027.root"
echo "LFN: /store/user/calabria/calabria_SingleMuPt500_GEN-SIM-DIGI-RECO_CMSSW_6_2_0_SLHC12_2023Scenario_Case2/calabria_MuMinus500_GEN-SIM-DIGI-RECO_CMSSW_6_2_0_SLHC12_2023Scenario_VALNOPU2_Case2/5854dd31cbd3cdec44c48628cc181cf0/validationEDM_13_1_027.root"
echo "StorageElement: storm-se-01.ba.infn.it"
echo "StageOutExitStatusReason = 'Copy succedeed with srm-lcg utils'" | tee -a $RUNTIME_AREA/$repo
echo "StageOutSE = storm-se-01.ba.infn.it" >> $RUNTIME_AREA/$repo

export StageOutExitStatus=0
echo "StageOutExitStatus = 0" | tee -a $RUNTIME_AREA/$repo
-------- end of /home/cms015/home_cream_468252061/CREAM468252061/glide_Qwj2CV/execute/dir_11828/cmscpReport.sh 
Report for File: /home/cms015/home_cream_468252061/CREAM468252061/glide_Qwj2CV/execute/dir_11828/CMSSW_6_2_0_SLHC12/validationEDM_13_1_027.root
LFN: /store/user/calabria/calabria_SingleMuPt500_GEN-SIM-DIGI-RECO_CMSSW_6_2_0_SLHC12_2023Scenario_Case2/calabria_MuMinus500_GEN-SIM-DIGI-RECO_CMSSW_6_2_0_SLHC12_2023Scenario_VALNOPU2_Case2/5854dd31cbd3cdec44c48628cc181cf0/validationEDM_13_1_027.root
StorageElement: storm-se-01.ba.infn.it
StageOutExitStatusReason = 'Copy succedeed with srm-lcg utils'
StageOutExitStatus = 0
>>> current dir: /home/cms015/home_cream_468252061/CREAM468252061/glide_Qwj2CV/execute/dir_11828
>>> current dir content:
total 28076
-rw-------  1 cms015 cms     2791 Jun 18 00:44 .SEinteraction.log
-rwx------  1 cms015 cms     6801 Jun 18 00:37 .job.ad
-rwx------  1 cms015 cms     9243 Jun 18 00:37 .machine.ad
-rw-------  1 cms015 cms      105 Jun 16 20:48 CMSSW.py
-rw-------  1 cms015 cms  3739080 Jun 16 20:48 CMSSW.py.pkl
-rwx------  1 cms015 cms    29569 Jun 18 00:37 CMSSW.sh
drwxr-xr-x 15 cms015 cms     4096 Jun 18 00:43 CMSSW_6_2_0_SLHC12
-rw-------  1 cms015 cms      220 Jun 18 00:37 CacheEnv.sh
-rw-------  1 cms015 cms     7291 Apr  4 11:04 DashboardAPI.py
-rw-------  1 cms015 cms     6815 Jun 18 00:37 DashboardAPI.pyc
drwx------  2 cms015 cms     4096 Jun 18 00:43 IMProv
-rw-------  1 cms015 cms     2748 Apr  4 11:04 Logger.py
-rw-------  1 cms015 cms     3347 Jun 18 00:37 Logger.pyc
-rw-------  1 cms015 cms    24524 Apr  4 11:04 ProcInfo.py
-rw-------  1 cms015 cms    23197 Jun 18 00:37 ProcInfo.pyc
drwx------  7 cms015 cms     4096 Jun 18 00:37 ProdCommon
drwx------  3 cms015 cms     4096 Jun 18 00:37 WMCore
-rw-------  1 cms015 cms     2480 Jun 18 00:43 Watchdog_13.log
-rwx------  1 cms015 cms        0 Jun 18 00:37 _condor_stderr
-rwx---r--  1 cms015 cms    29552 Jun 18 00:44 _condor_stdout
-rw-------  1 cms015 cms    32895 Apr  4 11:04 apmon.py
-rw-------  1 cms015 cms    28625 Jun 18 00:37 apmon.pyc
-rwx------  1 cms015 cms    54248 Jun 18 00:37 arguments.xml
-rwx------  1 cms015 cms    38515 Apr  4 11:04 cmscp.py
-rw-------  1 cms015 cms      720 Jun 18 00:44 cmscpReport.sh
-rwx------  1 cms015 cms    29569 Jun 18 00:37 condor_exec.exe
-rw-------  1 cms015 cms      963 Jun 16 20:47 crab.cfg
-rwx------  1 cms015 cms     8610 Apr  4 11:04 crabWatchdog.sh
-rwx---r--  1 cms015 cms   523348 Jun 18 00:43 crab_fjr_13.xml
-rwx------  1 cms015 cms 23959035 Jun 18 00:37 default.tgz
-rwx------  1 cms015 cms     4488 Apr  4 11:04 fillCrabFjr.py
-rw-------  1 cms015 cms     2651 Jun 18 00:37 inputsReport.txt
-rw-------  1 cms015 cms      262 Jun 18 00:44 jobreport.txt
-rw-------  1 cms015 cms    17352 Apr  4 11:04 parseCrabFjr.py
-rw-------  1 cms015 cms      333 Jun 18 00:37 report.log
-rwx--x--x  1 cms015 cms     1497 Apr  4 11:04 report.py
-rw-------  1 cms015 cms      776 Jun 18 00:44 resultCopyFile
lrwxrwxrwx  1 cms015 cms      126 Jun 18 00:43 validationEDM.root -> /home/cms015/home_cream_468252061/CREAM468252061/glide_Qwj2CV/execute/dir_11828/CMSSW_6_2_0_SLHC12/validationEDM_13_1_027.root
-rwx------  1 cms015 cms     8387 Apr  4 11:04 writeCfg.py
-rw-------  1 cms015 cms     8010 Jun 18 00:37 x509up_u50707
>>> Modify Job Report:
CMSSW_VERSION = CMSSW_6_2_0_SLHC12
ProcessedDataset = calabria_MuMinus500_GEN-SIM-DIGI-RECO_CMSSW_6_2_0_SLHC12_2023Scenario_VALNOPU2_Case2
/home/cms015/home_cream_468252061/CREAM468252061/glide_Qwj2CV/execute/dir_11828/ProdCommon/FwkJobRep/ModifyJobReport.py fjr /home/cms015/home_cream_468252061/CREAM468252061/glide_Qwj2CV/execute/dir_11828/crab_fjr_13.xml json /home/cms015/home_cream_468252061/CREAM468252061/glide_Qwj2CV/execute/dir_11828/resultCopyFile n_job 13_1_027 PrimaryDataset calabria_SingleMuPt500_GEN-SIM-DIGI-RECO_CMSSW_6_2_0_SLHC12_2023Scenario_Case2  ApplicationFamily cmsRun ApplicationName cmsRun cmssw_version CMSSW_6_2_0_SLHC12 psethash 5854dd31cbd3cdec44c48628cc181cf0 UserProcessedDataset calabria-calabria_MuMinus500_GEN-SIM-DIGI-RECO_CMSSW_6_2_0_SLHC12_2023Scenario_VALNOPU2_Case2-5854dd31cbd3cdec44c48628cc181cf0
inputDict =  {u'/home/cms015/home_cream_468252061/CREAM468252061/glide_Qwj2CV/execute/dir_11828/CMSSW_6_2_0_SLHC12/validationEDM_13_1_027.root': {u'endpoint': u'srm://storm-se-01.ba.infn.it:8444/srm/managerv2?SFN=//cms/store/user/calabria/calabria_SingleMuPt500_GEN-SIM-DIGI-RECO_CMSSW_6_2_0_SLHC12_2023Scenario_Case2/calabria_MuMinus500_GEN-SIM-DIGI-RECO_CMSSW_6_2_0_SLHC12_2023Scenario_VALNOPU2_Case2/5854dd31cbd3cdec44c48628cc181cf0/', u'surl_for_grid': u'', u'reason': u'Copy succedeed with srm-lcg utils', u'erCode': u'0', u'se_name': u'storm-se-01.ba.infn.it', u'for_lfn': u'/store/user/calabria/calabria_SingleMuPt500_GEN-SIM-DIGI-RECO_CMSSW_6_2_0_SLHC12_2023Scenario_Case2/calabria_MuMinus500_GEN-SIM-DIGI-RECO_CMSSW_6_2_0_SLHC12_2023Scenario_VALNOPU2_Case2/5854dd31cbd3cdec44c48628cc181cf0/'}}
UserProcessedDataset =  calabria-calabria_MuMinus500_GEN-SIM-DIGI-RECO_CMSSW_6_2_0_SLHC12_2023Scenario_VALNOPU2_Case2-5854dd31cbd3cdec44c48628cc181cf0
file_name in inputDict =  /home/cms015/home_cream_468252061/CREAM468252061/glide_Qwj2CV/execute/dir_11828/CMSSW_6_2_0_SLHC12/validationEDM_13_1_027.root
(size) os.stat(filename)[6] =  3833898
checksum =  2285019793
    file =  validationEDM_13_1_027.root
    newPfn =  srm://storm-se-01.ba.infn.it:8444/srm/managerv2?SFN=//cms/store/user/calabria/calabria_SingleMuPt500_GEN-SIM-DIGI-RECO_CMSSW_6_2_0_SLHC12_2023Scenario_Case2/calabria_MuMinus500_GEN-SIM-DIGI-RECO_CMSSW_6_2_0_SLHC12_2023Scenario_VALNOPU2_Case2/5854dd31cbd3cdec44c48628cc181cf0/validationEDM_13_1_027.root
    newLfn =  /store/user/calabria/calabria_SingleMuPt500_GEN-SIM-DIGI-RECO_CMSSW_6_2_0_SLHC12_2023Scenario_Case2/calabria_MuMinus500_GEN-SIM-DIGI-RECO_CMSSW_6_2_0_SLHC12_2023Scenario_VALNOPU2_Case2/5854dd31cbd3cdec44c48628cc181cf0/validationEDM_13_1_027.root
>>> crab_fjr_*.xml  permission set to 0704
CrabWrapper EXIT_FUNC entered at Wed Jun 18 00:44:34 CEST 2014   -  Tue Jun 17 22:44:34 UTC 2014
Checking output files:  
will tar file crab_fjr_13.xml in  out_files_13
WARNING: output file CMSSW_13.stdout not found!
WARNING: output file CMSSW_13.stderr not found!
WARNING: output file Watchdog_13.log.gz not found!
>>> padding time: Sleeping the wrapper for 172 seconds
STOPPING WATCHDOG. CrabWatchdog PID is 13632
********** LAST 50 LINES OF WATCHDOG LOG
# RESOURCE USAGE SUMMARY FOR PROCESS ID 12757
USER       PID %CPU %MEM    VSZ   RSS TTY      STAT START   TIME COMMAND
cms015   12757  0.3  0.0   9500  1600 ?        S    00:37   0:00 /bin/sh /home/cms015/home_cream_468252061/CREAM468252061/glide_Qwj2CV/execute/dir_11828/condor_exec.exe 13 1
 
# LIMITS USED BY CRAB WATCHDOG:
# RSS  (KBytes)   : 2300000
# VSZ  (KBytes)   : 100000000
# DISK (MBytes)   : 19000
# CPU TIME        : 720h:0m:0s
# WALL CLOCK TIME : 21h:50m:0s
 
# FOLLOWING PRINTOUT TRACKS MAXIMUM VALUES OF RESOURCES USE
# ONE LINE IS PRINTED EACH TIME A MAXIMUM CHANGES
# IF CHANGE WAS IN RSS OR VSZ ALSO PROCID AND COMMAND ARE PRINTED
# THERE IS NO PRINTOUT FOR CPU/WALL TIME INCREASE
 
# TIME			PID	RSS(KB)	VSZ(KB)	Dsk(MB)	tCPU(s)	tWALL(s)	COMMAND
 Jun 18 00:37:33 CEST	11828	8424	93612	0	0	0	condor_starter -f submit-4.t2.ucsd.edu        
 Jun 18 00:37:33 CEST	12818	8424	106092	0	0	0	sh -c "./glidein_startup.sh" -v std -name v3_0 -entry CMS_T2_IT_Bari_ce4 -clientname UCSD-v1_0.main
 Jun 18 00:37:33 CEST	12828	8424	106492	0	0	0	/bin/bash ./glidein_startup.sh -v std -name v3_0 -entry CMS_T2_IT_Bari_ce4 -clientname UCSD-v1_0.main -schedd
 Jun 18 00:37:33 CEST	13656	35876	106492	0	0	0	edmConfigHash pset.py         
 Jun 18 00:37:33 CEST	---	35876	106492	171	----	----	----
 Jun 18 00:38:34 CEST	14203	771176	986680	171	29	61	cmsRun -j /home/cms015/home_cream_468252061/CREAM468252061/glide_Qwj2CV/execute/dir_11828/crab_fjr_13.xml -p pset.py      
 Jun 18 00:38:34 CEST	---	771176	986680	175	----	----	----
 Jun 18 00:39:34 CEST	14203	791084	1012280	175	75	122	cmsRun -j /home/cms015/home_cream_468252061/CREAM468252061/glide_Qwj2CV/execute/dir_11828/crab_fjr_13.xml -p pset.py      
 Jun 18 00:40:35 CEST	14203	792680	1019448	175	123	182	cmsRun -j /home/cms015/home_cream_468252061/CREAM468252061/glide_Qwj2CV/execute/dir_11828/crab_fjr_13.xml -p pset.py      
 Jun 18 00:41:36 CEST	14203	798316	1022988	175	174	243	cmsRun -j /home/cms015/home_cream_468252061/CREAM468252061/glide_Qwj2CV/execute/dir_11828/crab_fjr_13.xml -p pset.py      
 Jun 18 00:42:36 CEST	14203	811292	1050636	175	224	304	cmsRun -j /home/cms015/home_cream_468252061/CREAM468252061/glide_Qwj2CV/execute/dir_11828/crab_fjr_13.xml -p pset.py      
 Jun 18 00:43:37 CEST	14203	1499488	1722380	175	274	365	cmsRun -j /home/cms015/home_cream_468252061/CREAM468252061/glide_Qwj2CV/execute/dir_11828/crab_fjr_13.xml -p pset.py      
 Jun 18 00:43:37 CEST	---	1499488	1722380	176	----	----	----
 Jun 18 00:44:38 CEST	---	1499488	1722380	179	----	----	----
********** WATCHDOG LOG ENDED
ZIPPING WATCHDOG LOG
Disk space used:
du -sh /home/cms015/home_cream_468252061/CREAM468252061/glide_Qwj2CV/execute/dir_11828
179M	/home/cms015/home_cream_468252061/CREAM468252061/glide_Qwj2CV/execute/dir_11828
Found unusual stdout, rename for OSB
`/home/cms015/home_cream_468252061/CREAM468252061/glide_Qwj2CV/execute/dir_11828/_condor_stdout' -> `CMSSW_13.stdout'
Found unusual stderr, rename for OSB
`/home/cms015/home_cream_468252061/CREAM468252061/glide_Qwj2CV/execute/dir_11828/_condor_stdout' -> `CMSSW_13.stderr'
crab_fjr_13.xml
CMSSW_13.stdout
CMSSW_13.stderr
Watchdog_13.log.gz
Total Output dimension: 69702
WARNING: output files size limit is set to: 50000000
Total Output dimension 69702 is fine.
JOB_EXIT_STATUS = 0
>>> info for dashboard:
***** Cat /home/cms015/home_cream_468252061/CREAM468252061/glide_Qwj2CV/execute/dir_11828/jobreport.txt *****
MonitorJobID=13_https://submit-4.t2.ucsd.edu//140616//222482.12
MonitorID=calabria_MuMinus500_Case2_ReReco_5nf8i1
ExeTime=348
ExeExitCode=0
StageOutExitStatusReason = 'Copy succedeed with srm-lcg utils'
StageOutSE = storm-se-01.ba.infn.it
StageOutExitStatus = 0
CrabUserCpuTime=271.80
CrabSysCpuTime=4.21
CrabCpuPercentage=79%
CrabWrapperTime=600
CrabStageoutTime=48
JobExitCode=0
***** End Cat jobreport *****
Parameters sent to Dashboard.
EXITING at Wed Jun 18 00:47:32 CEST 2014  -  Tue Jun 17 22:47:32 UTC 2014
