This script was generated by crab (version 2.10.5_patch1).
Running /home/cms037/home_cream_888836499/CREAM888836499/glide_iKaaew/execute/dir_16822/condor_exec.exe with 2 positional parameters: 7 1
Today is Wed Jun 18 01:24:44 CEST 2014 - Tue Jun 17 23:24:44 UTC 2014
Job submitted on host pccms130.ba.infn.it
Linux pccms130.ba.infn.it 2.6.32-358.23.2.el6.x86_64 #1 SMP Thu Oct 17 10:27:22 CEST 2013 x86_64 x86_64 x86_64 GNU/Linux
>>> current directory (RUNTIME_AREA): /home/cms037/home_cream_888836499/CREAM888836499/glide_iKaaew/execute/dir_16822
>>> current user: uid=18594(cms037) gid=1399(cms) groups=1399(cms)
>>> directory permission set to 0700
>>> umask set to:  u=rwx,g=,o=
>>> stdout stderr permission set to 0704
>>> voms proxy information:
subject   : /C=IT/O=INFN/OU=Personal Certificate/L=Bari/CN=Cesare Calabria/CN=477126703/CN=1275485453
issuer    : /C=IT/O=INFN/OU=Personal Certificate/L=Bari/CN=Cesare Calabria/CN=477126703
identity  : /C=IT/O=INFN/OU=Personal Certificate/L=Bari/CN=Cesare Calabria
type      : RFC3820 compliant limited proxy
strength  : 1024
path      : /home/cms037/home_cream_888836499/CREAM888836499/glide_iKaaew/execute/dir_16822/x509up_u50707
timeleft  : 23:59:31
key usage : Digital Signature, Key Encipherment, Data Encipherment
=== VO cms extension information ===
VO        : cms
subject   : /C=IT/O=INFN/OU=Personal Certificate/L=Bari/CN=Cesare Calabria
issuer    : /DC=ch/DC=cern/OU=computers/CN=voms.cern.ch
attribute : /cms/Role=NULL/Capability=NULL
attribute : /cms/itcms/Role=NULL/Capability=NULL
timeleft  : 153:59:22
uri       : voms.cern.ch:15002

WNHostName=pccms130.ba.infn.it
>>> tar --no-same-permissions -xf /home/cms037/home_cream_888836499/CREAM888836499/glide_iKaaew/execute/dir_16822/default.tgz :
Successful untar
>>> Include /home/cms037/home_cream_888836499/CREAM888836499/glide_iKaaew/execute/dir_16822 in PYTHONPATH:
strip arguments
env var CRAB_UNIQUE_JOB_ID set to: calabria_MuMinus100_Case4_ReReco_b1ck93_7_1_uN6
out_files_7
>>> list of expected files on output sandbox
output files: crab_fjr_7.xml CMSSW_7.stdout CMSSW_7.stderr Watchdog_7.log.gz
>>> GridFlavour discovery: 
GridFlavour=LCG
>>> SyncSite discovery: 
SyncSite=T2_IT_Bari
>>> SyncCE discovery: 
getting SyncCE from CE_ID
SyncCE=cream-ce-2.ba.infn.it:8443/cream-pbs-cms
>>> info for dashboard:
***** Cat /home/cms037/home_cream_888836499/CREAM888836499/glide_iKaaew/execute/dir_16822/jobreport.txt *****
WNHostName=pccms130.ba.infn.it
MonitorJobID=7_https://submit-6.t2.ucsd.edu//140616//168555.6
SyncGridJobId=https://submit-6.t2.ucsd.edu//140616//168555.6
MonitorID=calabria_MuMinus100_Case4_ReReco_b1ck93
GridFlavour=LCG
SyncSite=T2_IT_Bari
SyncCE=cream-ce-2.ba.infn.it:8443/cream-pbs-cms
***** End Cat jobreport *****
Parameters sent to Dashboard.
>>> setup environment
set SCRAM ARCH to slc5_amd64_gcc472
SCRAM_ARCH = slc5_amd64_gcc472
>>> setup CMS LCG environment:
set SCRAM ARCH and BUILD_ARCH to slc5_amd64_gcc472 ###
Sourcing environment... 
sourcing /cvmfs/cms.cern.ch/cmsset_default.sh
==> setup cms environment ok
>>> specific cmssw setup environment:
CMSSW_VERSION =  CMSSW_6_2_0_SLHC12
>>> current directory (SOFTWARE_DIR): /home/cms037/home_cream_888836499/CREAM888836499/glide_iKaaew/execute/dir_16822/CMSSW_6_2_0_SLHC12
PreserveSeeds: <>
IncrementSeeds:<>
>>> info for dashboard:
***** Cat /home/cms037/home_cream_888836499/CREAM888836499/glide_iKaaew/execute/dir_16822/jobreport.txt *****
MonitorJobID=7_https://submit-6.t2.ucsd.edu//140616//168555.6
MonitorID=calabria_MuMinus100_Case4_ReReco_b1ck93
***** End Cat jobreport *****
Parameters sent to Dashboard.
crabWatchdog started as process 17341
>>> moving CMSSW software directories in /home/cms037/home_cream_888836499/CREAM888836499/glide_iKaaew/execute/dir_16822/CMSSW_6_2_0_SLHC12
mv: cannot stat `/home/cms037/home_cream_888836499/CREAM888836499/glide_iKaaew/execute/dir_16822/module/': No such file or directory
>>> Include /home/cms037/home_cream_888836499/CREAM888836499/glide_iKaaew/execute/dir_16822 in PYTHONPATH:
PYTHONPATH=/home/cms037/home_cream_888836499/CREAM888836499/glide_iKaaew/execute/dir_16822/:/home/cms037/home_cream_888836499/CREAM888836499/glide_iKaaew/execute/dir_16822/CMSSW_6_2_0_SLHC12/python:/home/cms037/home_cream_888836499/CREAM888836499/glide_iKaaew/execute/dir_16822/CMSSW_6_2_0_SLHC12/lib/slc5_amd64_gcc472:/cvmfs/cms.cern.ch/slc5_amd64_gcc472/cms/cmssw/CMSSW_6_2_0_SLHC12/python:/cvmfs/cms.cern.ch/slc5_amd64_gcc472/cms/cmssw/CMSSW_6_2_0_SLHC12/lib/slc5_amd64_gcc472:/cvmfs/cms.cern.ch/slc5_amd64_gcc472/cms/coral/CORAL_2_3_21-cms36/slc5_amd64_gcc472/python:/cvmfs/cms.cern.ch/slc5_amd64_gcc472/cms/coral/CORAL_2_3_21-cms36/slc5_amd64_gcc472/lib:/cvmfs/cms.cern.ch/slc5_amd64_gcc472/external/pyqt/4.8.1-cms6/lib/python2.7/site-packages:/cvmfs/cms.cern.ch/slc5_amd64_gcc472/external/py2-scipy/0.8.0-cms8/lib/python2.7/site-packages:/cvmfs/cms.cern.ch/slc5_amd64_gcc472/external/py2-matplotlib/1.0.1-cms8/lib/python2.7/site-packages:/cvmfs/cms.cern.ch/slc5_amd64_gcc472/external/python-ldap/2.3.5-cms6/lib/python2.7/site-packages:/cvmfs/cms.cern.ch/slc5_amd64_gcc472/external/sip/4.11.2-cms6/lib/python2.7/site-packages:/cvmfs/cms.cern.ch/slc5_amd64_gcc472/external/py2-pycurl/7.19.0-cms8/lib/python2.7/site-packages:/cvmfs/cms.cern.ch/slc5_amd64_gcc472/external/py2-numpy/1.6.1-cms8/lib/python2.7/site-packages:/cvmfs/cms.cern.ch/slc5_amd64_gcc472/external/py2-lint/0.25.1-cms6/lib/python2.7/site-packages:/cvmfs/cms.cern.ch/slc5_amd64_gcc472/external/py2-ipython/0.10-cms6/lib/python2.7/site-packages:/cvmfs/cms.cern.ch/slc5_amd64_gcc472/external/py2-cx-oracle/5.1-cms7/lib/python2.7/site-packages:/cvmfs/cms.cern.ch/slc5_amd64_gcc472/external/py2-cjson/1.0.5-cms6/lib/python2.7/site-packages:/cvmfs/cms.cern.ch/slc5_amd64_gcc472/cms/das-client/1.11.7/bin:/cvmfs/cms.cern.ch/slc5_amd64_gcc472/external/elementtree/1.2.6-cms6/share/lib/python2.7/site-packages:/cvmfs/cms.cern.ch/slc5_amd64_gcc472/external/rivet/1.8.2-cms8/lib/python2.7/site-packages:/cvmfs/cms.cern.ch/slc5_amd64_gcc472/external/pyminuit2/0.0.1-cms19/lib/python2.7/site-packages:/cvmfs/cms.cern.ch/slc5_amd64_gcc472/external/py2-pygithub/1.23.0/lib/python2.7/site-packages:/cvmfs/cms.cern.ch/slc5_amd64_gcc472/external/professor/1.0.0-cms19/lib/python2.7/site-packages:/cvmfs/cms.cern.ch/slc5_amd64_gcc472/lcg/root/5.34.07-cms/lib:/cvmfs/cms.cern.ch/slc5_amd64_gcc472/cms/dbs-client/DBS_2_1_9-cms5/lib:/cvmfs/cms.cern.ch/slc5_amd64_gcc472/cms/dbs-client/DBS_2_1_9-cms5/lib/DBSAPI:/cvmfs/cms.cern.ch/slc5_amd64_gcc472/external/cvs2git/5419-cms/lib:/home/cms037/home_cream_888836499/CREAM888836499/glide_iKaaew/execute/dir_16822/
 
# LIMITS USED BY CRAB WATCHDOG:
# RSS  (KBytes)   : 2300000
# VSZ  (KBytes)   : 100000000
# DISK (MBytes)   : 19000
# CPU TIME        : 720h:0m:0s
# WALL CLOCK TIME : 21h:50m:0s
 
5854dd31cbd3cdec44c48628cc181cf0
PSETHASH = 5854dd31cbd3cdec44c48628cc181cf0
/home/cms037/home_cream_888836499/CREAM888836499/glide_iKaaew/execute/dir_16822/writeCfg.py pset.py pset.py
Importing .py file
Setting parameters
RandomNumberGeneratorService found, will attempt to change seeds
inputBlocks=/calabria_SingleMuPt100_GEN-SIM-DIGI-RECO_CMSSW_6_2_0_SLHC12_2023Scenario_Case4/calabria-calabria_SingleMuPt100_GEN-SIM-DIGI-RECO_CMSSW_6_2_0_SLHC12_2023Scenario_Case4-7828650cf335f3b092f375624d26bb6d/USER#7f04d4b0-6894-42ce-8f9e-23ac29aff389
inputFiles=/store/user/calabria/calabria_SingleMuPt100_GEN-SIM-DIGI-RECO_CMSSW_6_2_0_SLHC12_2023Scenario_Case4/calabria_SingleMuPt100_GEN-SIM-DIGI-RECO_CMSSW_6_2_0_SLHC12_2023Scenario_Case4/7828650cf335f3b092f375624d26bb6d/out_reco_127_1_mcL.root;/store/user/calabria/calabria_SingleMuPt100_GEN-SIM-DIGI-RECO_CMSSW_6_2_0_SLHC12_2023Scenario_Case4/calabria_SingleMuPt100_GEN-SIM-DIGI-RECO_CMSSW_6_2_0_SLHC12_2023Scenario_Case4/7828650cf335f3b092f375624d26bb6d/out_reco_129_1_Rn6.root;/store/user/calabria/calabria_SingleMuPt100_GEN-SIM-DIGI-RECO_CMSSW_6_2_0_SLHC12_2023Scenario_Case4/calabria_SingleMuPt100_GEN-SIM-DIGI-RECO_CMSSW_6_2_0_SLHC12_2023Scenario_Case4/7828650cf335f3b092f375624d26bb6d/out_reco_130_1_e9s.root;/store/user/calabria/calabria_SingleMuPt100_GEN-SIM-DIGI-RECO_CMSSW_6_2_0_SLHC12_2023Scenario_Case4/calabria_SingleMuPt100_GEN-SIM-DIGI-RECO_CMSSW_6_2_0_SLHC12_2023Scenario_Case4/7828650cf335f3b092f375624d26bb6d/out_reco_133_1_8Os.root;/store/user/calabria/calabria_SingleMuPt100_GEN-SIM-DIGI-RECO_CMSSW_6_2_0_SLHC12_2023Scenario_Case4/calabria_SingleMuPt100_GEN-SIM-DIGI-RECO_CMSSW_6_2_0_SLHC12_2023Scenario_Case4/7828650cf335f3b092f375624d26bb6d/out_reco_134_1_my3.root;/store/user/calabria/calabria_SingleMuPt100_GEN-SIM-DIGI-RECO_CMSSW_6_2_0_SLHC12_2023Scenario_Case4/calabria_SingleMuPt100_GEN-SIM-DIGI-RECO_CMSSW_6_2_0_SLHC12_2023Scenario_Case4/7828650cf335f3b092f375624d26bb6d/out_reco_135_1_Pom.root;/store/user/calabria/calabria_SingleMuPt100_GEN-SIM-DIGI-RECO_CMSSW_6_2_0_SLHC12_2023Scenario_Case4/calabria_SingleMuPt100_GEN-SIM-DIGI-RECO_CMSSW_6_2_0_SLHC12_2023Scenario_Case4/7828650cf335f3b092f375624d26bb6d/out_reco_136_1_fVi.root;/store/user/calabria/calabria_SingleMuPt100_GEN-SIM-DIGI-RECO_CMSSW_6_2_0_SLHC12_2023Scenario_Case4/calabria_SingleMuPt100_GEN-SIM-DIGI-RECO_CMSSW_6_2_0_SLHC12_2023Scenario_Case4/7828650cf335f3b092f375624d26bb6d/out_reco_138_1_axh.root;/store/user/calabria/calabria_SingleMuPt100_GEN-SIM-DIGI-RECO_CMSSW_6_2_0_SLHC12_2023Scenario_Case4/calabria_SingleMuPt100_GEN-SIM-DIGI-RECO_CMSSW_6_2_0_SLHC12_2023Scenario_Case4/7828650cf335f3b092f375624d26bb6d/out_reco_192_2_2gZ.root;/store/user/calabria/calabria_SingleMuPt100_GEN-SIM-DIGI-RECO_CMSSW_6_2_0_SLHC12_2023Scenario_Case4/calabria_SingleMuPt100_GEN-SIM-DIGI-RECO_CMSSW_6_2_0_SLHC12_2023Scenario_Case4/7828650cf335f3b092f375624d26bb6d/out_reco_193_1_Jk6.root
parentFiles=
lumisRange=
>>> Executable cmsRun
/cvmfs/cms.cern.ch/slc5_amd64_gcc472/cms/cmssw/CMSSW_6_2_0_SLHC12/bin/slc5_amd64_gcc472/cmsRun
ok executable found
>>> info for dashboard:
***** Cat /home/cms037/home_cream_888836499/CREAM888836499/glide_iKaaew/execute/dir_16822/jobreport.txt *****
MonitorJobID=7_https://submit-6.t2.ucsd.edu//140616//168555.6
MonitorID=calabria_MuMinus100_Case4_ReReco_b1ck93
ExeStart=cmsRun
***** End Cat jobreport *****
Parameters sent to Dashboard.
>>> cmsRun started at Tue Jun 17 23:25:19 UTC 2014
>>> cmsRun ended at Tue Jun 17 23:32:36 UTC 2014
>>> crab_fjr_*.xml  permission set to 0704
>>> info for dashboard:
***** Cat /home/cms037/home_cream_888836499/CREAM888836499/glide_iKaaew/execute/dir_16822/jobreport.txt *****
MonitorJobID=7_https://submit-6.t2.ucsd.edu//140616//168555.6
MonitorID=calabria_MuMinus100_Case4_ReReco_b1ck93
ExeEnd=cmsRun
***** End Cat jobreport *****
Parameters sent to Dashboard.
TIME_EXE = 437 sec
>>> cmsRun wrote 50 lines of stdout+stderr
>>> START OF printout of 50 lines from stdout+stderr
271 DQMStore::DQMStore 
HcalTopologyIdealEP::HcalTopologyIdealEP
18-Jun-2014 01:25:35 CEST  Initiating request to open file file:/lustre/cms//store/user/calabria/calabria_SingleMuPt100_GEN-SIM-DIGI-RECO_CMSSW_6_2_0_SLHC12_2023Scenario_Case4/calabria_SingleMuPt100_GEN-SIM-DIGI-RECO_CMSSW_6_2_0_SLHC12_2023Scenario_Case4/7828650cf335f3b092f375624d26bb6d/out_reco_127_1_mcL.root
18-Jun-2014 01:25:37 CEST  Successfully opened file file:/lustre/cms//store/user/calabria/calabria_SingleMuPt100_GEN-SIM-DIGI-RECO_CMSSW_6_2_0_SLHC12_2023Scenario_Case4/calabria_SingleMuPt100_GEN-SIM-DIGI-RECO_CMSSW_6_2_0_SLHC12_2023Scenario_Case4/7828650cf335f3b092f375624d26bb6d/out_reco_127_1_mcL.root
18-Jun-2014 01:26:14 CEST  Closed file file:/lustre/cms//store/user/calabria/calabria_SingleMuPt100_GEN-SIM-DIGI-RECO_CMSSW_6_2_0_SLHC12_2023Scenario_Case4/calabria_SingleMuPt100_GEN-SIM-DIGI-RECO_CMSSW_6_2_0_SLHC12_2023Scenario_Case4/7828650cf335f3b092f375624d26bb6d/out_reco_127_1_mcL.root
18-Jun-2014 01:26:14 CEST  Initiating request to open file file:/lustre/cms//store/user/calabria/calabria_SingleMuPt100_GEN-SIM-DIGI-RECO_CMSSW_6_2_0_SLHC12_2023Scenario_Case4/calabria_SingleMuPt100_GEN-SIM-DIGI-RECO_CMSSW_6_2_0_SLHC12_2023Scenario_Case4/7828650cf335f3b092f375624d26bb6d/out_reco_129_1_Rn6.root
18-Jun-2014 01:26:14 CEST  Successfully opened file file:/lustre/cms//store/user/calabria/calabria_SingleMuPt100_GEN-SIM-DIGI-RECO_CMSSW_6_2_0_SLHC12_2023Scenario_Case4/calabria_SingleMuPt100_GEN-SIM-DIGI-RECO_CMSSW_6_2_0_SLHC12_2023Scenario_Case4/7828650cf335f3b092f375624d26bb6d/out_reco_129_1_Rn6.root
18-Jun-2014 01:26:39 CEST  Closed file file:/lustre/cms//store/user/calabria/calabria_SingleMuPt100_GEN-SIM-DIGI-RECO_CMSSW_6_2_0_SLHC12_2023Scenario_Case4/calabria_SingleMuPt100_GEN-SIM-DIGI-RECO_CMSSW_6_2_0_SLHC12_2023Scenario_Case4/7828650cf335f3b092f375624d26bb6d/out_reco_129_1_Rn6.root
18-Jun-2014 01:26:39 CEST  Initiating request to open file file:/lustre/cms//store/user/calabria/calabria_SingleMuPt100_GEN-SIM-DIGI-RECO_CMSSW_6_2_0_SLHC12_2023Scenario_Case4/calabria_SingleMuPt100_GEN-SIM-DIGI-RECO_CMSSW_6_2_0_SLHC12_2023Scenario_Case4/7828650cf335f3b092f375624d26bb6d/out_reco_130_1_e9s.root
18-Jun-2014 01:26:39 CEST  Successfully opened file file:/lustre/cms//store/user/calabria/calabria_SingleMuPt100_GEN-SIM-DIGI-RECO_CMSSW_6_2_0_SLHC12_2023Scenario_Case4/calabria_SingleMuPt100_GEN-SIM-DIGI-RECO_CMSSW_6_2_0_SLHC12_2023Scenario_Case4/7828650cf335f3b092f375624d26bb6d/out_reco_130_1_e9s.root
18-Jun-2014 01:27:27 CEST  Closed file file:/lustre/cms//store/user/calabria/calabria_SingleMuPt100_GEN-SIM-DIGI-RECO_CMSSW_6_2_0_SLHC12_2023Scenario_Case4/calabria_SingleMuPt100_GEN-SIM-DIGI-RECO_CMSSW_6_2_0_SLHC12_2023Scenario_Case4/7828650cf335f3b092f375624d26bb6d/out_reco_130_1_e9s.root
18-Jun-2014 01:27:27 CEST  Initiating request to open file file:/lustre/cms//store/user/calabria/calabria_SingleMuPt100_GEN-SIM-DIGI-RECO_CMSSW_6_2_0_SLHC12_2023Scenario_Case4/calabria_SingleMuPt100_GEN-SIM-DIGI-RECO_CMSSW_6_2_0_SLHC12_2023Scenario_Case4/7828650cf335f3b092f375624d26bb6d/out_reco_133_1_8Os.root
18-Jun-2014 01:27:27 CEST  Successfully opened file file:/lustre/cms//store/user/calabria/calabria_SingleMuPt100_GEN-SIM-DIGI-RECO_CMSSW_6_2_0_SLHC12_2023Scenario_Case4/calabria_SingleMuPt100_GEN-SIM-DIGI-RECO_CMSSW_6_2_0_SLHC12_2023Scenario_Case4/7828650cf335f3b092f375624d26bb6d/out_reco_133_1_8Os.root
18-Jun-2014 01:27:58 CEST  Closed file file:/lustre/cms//store/user/calabria/calabria_SingleMuPt100_GEN-SIM-DIGI-RECO_CMSSW_6_2_0_SLHC12_2023Scenario_Case4/calabria_SingleMuPt100_GEN-SIM-DIGI-RECO_CMSSW_6_2_0_SLHC12_2023Scenario_Case4/7828650cf335f3b092f375624d26bb6d/out_reco_133_1_8Os.root
18-Jun-2014 01:27:58 CEST  Initiating request to open file file:/lustre/cms//store/user/calabria/calabria_SingleMuPt100_GEN-SIM-DIGI-RECO_CMSSW_6_2_0_SLHC12_2023Scenario_Case4/calabria_SingleMuPt100_GEN-SIM-DIGI-RECO_CMSSW_6_2_0_SLHC12_2023Scenario_Case4/7828650cf335f3b092f375624d26bb6d/out_reco_134_1_my3.root
18-Jun-2014 01:27:58 CEST  Successfully opened file file:/lustre/cms//store/user/calabria/calabria_SingleMuPt100_GEN-SIM-DIGI-RECO_CMSSW_6_2_0_SLHC12_2023Scenario_Case4/calabria_SingleMuPt100_GEN-SIM-DIGI-RECO_CMSSW_6_2_0_SLHC12_2023Scenario_Case4/7828650cf335f3b092f375624d26bb6d/out_reco_134_1_my3.root
18-Jun-2014 01:28:29 CEST  Closed file file:/lustre/cms//store/user/calabria/calabria_SingleMuPt100_GEN-SIM-DIGI-RECO_CMSSW_6_2_0_SLHC12_2023Scenario_Case4/calabria_SingleMuPt100_GEN-SIM-DIGI-RECO_CMSSW_6_2_0_SLHC12_2023Scenario_Case4/7828650cf335f3b092f375624d26bb6d/out_reco_134_1_my3.root
18-Jun-2014 01:28:29 CEST  Initiating request to open file file:/lustre/cms//store/user/calabria/calabria_SingleMuPt100_GEN-SIM-DIGI-RECO_CMSSW_6_2_0_SLHC12_2023Scenario_Case4/calabria_SingleMuPt100_GEN-SIM-DIGI-RECO_CMSSW_6_2_0_SLHC12_2023Scenario_Case4/7828650cf335f3b092f375624d26bb6d/out_reco_135_1_Pom.root
18-Jun-2014 01:28:29 CEST  Successfully opened file file:/lustre/cms//store/user/calabria/calabria_SingleMuPt100_GEN-SIM-DIGI-RECO_CMSSW_6_2_0_SLHC12_2023Scenario_Case4/calabria_SingleMuPt100_GEN-SIM-DIGI-RECO_CMSSW_6_2_0_SLHC12_2023Scenario_Case4/7828650cf335f3b092f375624d26bb6d/out_reco_135_1_Pom.root
18-Jun-2014 01:29:00 CEST  Closed file file:/lustre/cms//store/user/calabria/calabria_SingleMuPt100_GEN-SIM-DIGI-RECO_CMSSW_6_2_0_SLHC12_2023Scenario_Case4/calabria_SingleMuPt100_GEN-SIM-DIGI-RECO_CMSSW_6_2_0_SLHC12_2023Scenario_Case4/7828650cf335f3b092f375624d26bb6d/out_reco_135_1_Pom.root
18-Jun-2014 01:29:00 CEST  Initiating request to open file file:/lustre/cms//store/user/calabria/calabria_SingleMuPt100_GEN-SIM-DIGI-RECO_CMSSW_6_2_0_SLHC12_2023Scenario_Case4/calabria_SingleMuPt100_GEN-SIM-DIGI-RECO_CMSSW_6_2_0_SLHC12_2023Scenario_Case4/7828650cf335f3b092f375624d26bb6d/out_reco_136_1_fVi.root
18-Jun-2014 01:29:00 CEST  Successfully opened file file:/lustre/cms//store/user/calabria/calabria_SingleMuPt100_GEN-SIM-DIGI-RECO_CMSSW_6_2_0_SLHC12_2023Scenario_Case4/calabria_SingleMuPt100_GEN-SIM-DIGI-RECO_CMSSW_6_2_0_SLHC12_2023Scenario_Case4/7828650cf335f3b092f375624d26bb6d/out_reco_136_1_fVi.root
18-Jun-2014 01:29:47 CEST  Closed file file:/lustre/cms//store/user/calabria/calabria_SingleMuPt100_GEN-SIM-DIGI-RECO_CMSSW_6_2_0_SLHC12_2023Scenario_Case4/calabria_SingleMuPt100_GEN-SIM-DIGI-RECO_CMSSW_6_2_0_SLHC12_2023Scenario_Case4/7828650cf335f3b092f375624d26bb6d/out_reco_136_1_fVi.root
18-Jun-2014 01:29:47 CEST  Initiating request to open file file:/lustre/cms//store/user/calabria/calabria_SingleMuPt100_GEN-SIM-DIGI-RECO_CMSSW_6_2_0_SLHC12_2023Scenario_Case4/calabria_SingleMuPt100_GEN-SIM-DIGI-RECO_CMSSW_6_2_0_SLHC12_2023Scenario_Case4/7828650cf335f3b092f375624d26bb6d/out_reco_138_1_axh.root
18-Jun-2014 01:29:47 CEST  Successfully opened file file:/lustre/cms//store/user/calabria/calabria_SingleMuPt100_GEN-SIM-DIGI-RECO_CMSSW_6_2_0_SLHC12_2023Scenario_Case4/calabria_SingleMuPt100_GEN-SIM-DIGI-RECO_CMSSW_6_2_0_SLHC12_2023Scenario_Case4/7828650cf335f3b092f375624d26bb6d/out_reco_138_1_axh.root
18-Jun-2014 01:30:25 CEST  Closed file file:/lustre/cms//store/user/calabria/calabria_SingleMuPt100_GEN-SIM-DIGI-RECO_CMSSW_6_2_0_SLHC12_2023Scenario_Case4/calabria_SingleMuPt100_GEN-SIM-DIGI-RECO_CMSSW_6_2_0_SLHC12_2023Scenario_Case4/7828650cf335f3b092f375624d26bb6d/out_reco_138_1_axh.root
18-Jun-2014 01:30:25 CEST  Initiating request to open file file:/lustre/cms//store/user/calabria/calabria_SingleMuPt100_GEN-SIM-DIGI-RECO_CMSSW_6_2_0_SLHC12_2023Scenario_Case4/calabria_SingleMuPt100_GEN-SIM-DIGI-RECO_CMSSW_6_2_0_SLHC12_2023Scenario_Case4/7828650cf335f3b092f375624d26bb6d/out_reco_192_2_2gZ.root
18-Jun-2014 01:30:26 CEST  Successfully opened file file:/lustre/cms//store/user/calabria/calabria_SingleMuPt100_GEN-SIM-DIGI-RECO_CMSSW_6_2_0_SLHC12_2023Scenario_Case4/calabria_SingleMuPt100_GEN-SIM-DIGI-RECO_CMSSW_6_2_0_SLHC12_2023Scenario_Case4/7828650cf335f3b092f375624d26bb6d/out_reco_192_2_2gZ.root
18-Jun-2014 01:30:52 CEST  Closed file file:/lustre/cms//store/user/calabria/calabria_SingleMuPt100_GEN-SIM-DIGI-RECO_CMSSW_6_2_0_SLHC12_2023Scenario_Case4/calabria_SingleMuPt100_GEN-SIM-DIGI-RECO_CMSSW_6_2_0_SLHC12_2023Scenario_Case4/7828650cf335f3b092f375624d26bb6d/out_reco_192_2_2gZ.root
18-Jun-2014 01:30:52 CEST  Initiating request to open file file:/lustre/cms//store/user/calabria/calabria_SingleMuPt100_GEN-SIM-DIGI-RECO_CMSSW_6_2_0_SLHC12_2023Scenario_Case4/calabria_SingleMuPt100_GEN-SIM-DIGI-RECO_CMSSW_6_2_0_SLHC12_2023Scenario_Case4/7828650cf335f3b092f375624d26bb6d/out_reco_193_1_Jk6.root
18-Jun-2014 01:30:53 CEST  Successfully opened file file:/lustre/cms//store/user/calabria/calabria_SingleMuPt100_GEN-SIM-DIGI-RECO_CMSSW_6_2_0_SLHC12_2023Scenario_Case4/calabria_SingleMuPt100_GEN-SIM-DIGI-RECO_CMSSW_6_2_0_SLHC12_2023Scenario_Case4/7828650cf335f3b092f375624d26bb6d/out_reco_193_1_Jk6.root
18-Jun-2014 01:32:35 CEST  Closed file file:/lustre/cms//store/user/calabria/calabria_SingleMuPt100_GEN-SIM-DIGI-RECO_CMSSW_6_2_0_SLHC12_2023Scenario_Case4/calabria_SingleMuPt100_GEN-SIM-DIGI-RECO_CMSSW_6_2_0_SLHC12_2023Scenario_Case4/7828650cf335f3b092f375624d26bb6d/out_reco_193_1_Jk6.root

=============================================

MessageLogger Summary

 type     category        sev    module        subroutine        count    total
 ---- -------------------- -- ---------------- ----------------  -----    -----
    1 fileAction           -s file_close                            10       10
    2 fileAction           -s file_open                             20       20

 type    category    Examples: run/evt        run/evt          run/evt
 ---- -------------------- ---------------- ---------------- ----------------
    1 fileAction           PostProcessEvent PostProcessEvent PostEndRun
    2 fileAction           pre-events       pre-events       PostProcessEvent

Severity    # Occurrences   Total Occurrences
--------    -------------   -----------------
System                 30                  30
>>> END OF printout of 50 lines from stdout+stderr
>>> Parse FrameworkJobReport crab_fjr.xml
Result of parsing the FrameworkJobReport crab_fjr.xml: Popularity start
lumisRange : 1::::1;1::::2;1::::3;1::::4;1::::5;1::::6;1::::7;1::::8;1::::9;1::::10;
lumisParentRange : 
Basename : /store/user/calabria/calabria_SingleMuPt100_GEN-SIM-DIGI-RECO_CMSSW_6_2_0_SLHC12_2023Scenario_Case4/calabria_SingleMuPt100_GEN-SIM-DIGI-RECO_CMSSW_6_2_0_SLHC12_2023Scenario_Case4/7828650cf335f3b092f375624d26bb6d/out_reco_1
BasenameParent : 
parentFiles : 
inputBlocks : /calabria_SingleMuPt100_GEN-SIM-DIGI-RECO_CMSSW_6_2_0_SLHC12_2023Scenario_Case4/calabria-calabria_SingleMuPt100_GEN-SIM-DIGI-RECO_CMSSW_6_2_0_SLHC12_2023Scenario_Case4-7828650cf335f3b092f375624d26bb6d/USER#7f04d4b0-6894-42ce-8f9e-23ac29aff389
inputFiles : 34_1_my3.root::1::EDM::Local::1;33_1_8Os.root::1::EDM::Local::2;27_1_mcL.root::1::EDM::Local::3;36_1_fVi.root::1::EDM::Local::4;93_1_Jk6.root::1::EDM::Local::5;30_1_e9s.root::1::EDM::Local::6;29_1_Rn6.root::1::EDM::Local::7;92_2_2gZ.root::1::EDM::Local::8;35_1_Pom.root::1::EDM::Local::9;38_1_axh.root::1::EDM::Local::10;
Popularity stop
Extracted ExitStatus from FrameworkJobReport parsing output: 0
>>> Executable succeded  0
ExeExitCode=0
EXECUTABLE_EXIT_STATUS = 0
>>> current directory /home/cms037/home_cream_888836499/CREAM888836499/glide_iKaaew/execute/dir_16822/CMSSW_6_2_0_SLHC12
>>>  (SOFTWARE_DIR): /home/cms037/home_cream_888836499/CREAM888836499/glide_iKaaew/execute/dir_16822/CMSSW_6_2_0_SLHC12
>>> (WORKING_DIR): 
>>> current directory content:
total 10660
drwxr-xr-x 3 cms037 cms    4096 Jun 18 01:25 .SCRAM
-rw------- 1 cms037 cms 3740268 Jun 18 01:25 CMSSW.py.pkl
drwxr-xr-x 3 cms037 cms    4096 Jun 18 01:25 bin
drwxr-xr-x 3 cms037 cms    4096 Jun 18 01:25 cfipython
drwxr-xr-x 4 cms037 cms    4096 Jun 18 01:25 config
-rw------- 1 cms037 cms      18 Jun 18 01:32 cpu_timing.txt
drwxr-xr-x 2 cms037 cms    4096 Jun 18 01:25 doc
-rw------- 1 cms037 cms    9985 Jun 18 01:32 executable.out
drwxr-xr-x 2 cms037 cms    4096 Jun 18 01:25 include
drwx------ 3 cms037 cms    4096 Apr 28 18:12 lib
drwxr-xr-x 3 cms037 cms    4096 Jun 18 01:25 logs
drwxr-xr-x 3 cms037 cms    4096 Jun 18 01:25 objs
-rw------- 1 cms037 cms     104 Jun 18 01:25 pset.py
-rw------- 1 cms037 cms 3712332 Jun 18 01:25 pset.py.pkl
-rw------- 1 cms037 cms     289 Jun 18 01:25 pset.pyc
drwxr-xr-x 2 cms037 cms    4096 Jun 18 01:25 python
-rw------- 1 cms037 cms     407 Jun 18 01:32 report.log
drwx------ 6 cms037 cms    4096 Jun 18 01:24 src
drwxr-xr-x 3 cms037 cms    4096 Jun 18 01:25 test
drwxr-xr-x 3 cms037 cms    4096 Jun 18 01:25 tmp
-rw------- 1 cms037 cms 3361947 Jun 18 01:32 validationEDM.root
>>> current directory /home/cms037/home_cream_888836499/CREAM888836499/glide_iKaaew/execute/dir_16822/CMSSW_6_2_0_SLHC12
>>> (SOFTWARE_DIR): /home/cms037/home_cream_888836499/CREAM888836499/glide_iKaaew/execute/dir_16822/CMSSW_6_2_0_SLHC12
>>> (WORKING_DIR): 
>>> current directory content:
total 10660
drwxr-xr-x 3 cms037 cms    4096 Jun 18 01:25 .SCRAM
-rw------- 1 cms037 cms 3740268 Jun 18 01:25 CMSSW.py.pkl
drwxr-xr-x 3 cms037 cms    4096 Jun 18 01:25 bin
drwxr-xr-x 3 cms037 cms    4096 Jun 18 01:25 cfipython
drwxr-xr-x 4 cms037 cms    4096 Jun 18 01:25 config
-rw------- 1 cms037 cms      18 Jun 18 01:32 cpu_timing.txt
drwxr-xr-x 2 cms037 cms    4096 Jun 18 01:25 doc
-rw------- 1 cms037 cms    9985 Jun 18 01:32 executable.out
drwxr-xr-x 2 cms037 cms    4096 Jun 18 01:25 include
drwx------ 3 cms037 cms    4096 Apr 28 18:12 lib
drwxr-xr-x 3 cms037 cms    4096 Jun 18 01:25 logs
drwxr-xr-x 3 cms037 cms    4096 Jun 18 01:25 objs
-rw------- 1 cms037 cms     104 Jun 18 01:25 pset.py
-rw------- 1 cms037 cms 3712332 Jun 18 01:25 pset.py.pkl
-rw------- 1 cms037 cms     289 Jun 18 01:25 pset.pyc
drwxr-xr-x 2 cms037 cms    4096 Jun 18 01:25 python
-rw------- 1 cms037 cms     407 Jun 18 01:32 report.log
drwx------ 6 cms037 cms    4096 Jun 18 01:24 src
drwxr-xr-x 3 cms037 cms    4096 Jun 18 01:25 test
drwxr-xr-x 3 cms037 cms    4096 Jun 18 01:25 tmp
-rw------- 1 cms037 cms 3361947 Jun 18 01:32 validationEDM_7_1_uN6.root
>>> current directory (RUNTIME_AREA):  /home/cms037/home_cream_888836499/CREAM888836499/glide_iKaaew/execute/dir_16822
SE = storm-se-01.ba.infn.it
SE_PATH = /srm/managerv2?SFN=//cms/store/user/calabria/calabria_SingleMuPt100_GEN-SIM-DIGI-RECO_CMSSW_6_2_0_SLHC12_2023Scenario_Case4/calabria_MuMinus100_GEN-SIM-DIGI-RECO_CMSSW_6_2_0_SLHC12_2023Scenario_VALNOPU2_Case4/5854dd31cbd3cdec44c48628cc181cf0/
LFNBaseName = /store/user/calabria/calabria_SingleMuPt100_GEN-SIM-DIGI-RECO_CMSSW_6_2_0_SLHC12_2023Scenario_Case4/calabria_MuMinus100_GEN-SIM-DIGI-RECO_CMSSW_6_2_0_SLHC12_2023Scenario_VALNOPU2_Case4/5854dd31cbd3cdec44c48628cc181cf0/
USER = calabria
endpoint = srm://storm-se-01.ba.infn.it:8444/srm/managerv2?SFN=//cms/store/user/calabria/calabria_SingleMuPt100_GEN-SIM-DIGI-RECO_CMSSW_6_2_0_SLHC12_2023Scenario_Case4/calabria_MuMinus100_GEN-SIM-DIGI-RECO_CMSSW_6_2_0_SLHC12_2023Scenario_VALNOPU2_Case4/5854dd31cbd3cdec44c48628cc181cf0/
>>> Copy output files from WN = pccms130.ba.infn.it to /srm/managerv2?SFN=//cms/store/user/calabria/calabria_SingleMuPt100_GEN-SIM-DIGI-RECO_CMSSW_6_2_0_SLHC12_2023Scenario_Case4/calabria_MuMinus100_GEN-SIM-DIGI-RECO_CMSSW_6_2_0_SLHC12_2023Scenario_VALNOPU2_Case4/5854dd31cbd3cdec44c48628cc181cf0/ :
python cmscp.py  --destination srm://storm-se-01.ba.infn.it:8444/srm/managerv2?SFN=//cms/store/user/calabria/calabria_SingleMuPt100_GEN-SIM-DIGI-RECO_CMSSW_6_2_0_SLHC12_2023Scenario_Case4/calabria_MuMinus100_GEN-SIM-DIGI-RECO_CMSSW_6_2_0_SLHC12_2023Scenario_VALNOPU2_Case4/5854dd31cbd3cdec44c48628cc181cf0/ --inputFileList /home/cms037/home_cream_888836499/CREAM888836499/glide_iKaaew/execute/dir_16822/CMSSW_6_2_0_SLHC12/validationEDM_7_1_uN6.root --middleware LCG --se_name storm-se-01.ba.infn.it --for_lfn /store/user/calabria/calabria_SingleMuPt100_GEN-SIM-DIGI-RECO_CMSSW_6_2_0_SLHC12_2023Scenario_Case4/calabria_MuMinus100_GEN-SIM-DIGI-RECO_CMSSW_6_2_0_SLHC12_2023Scenario_VALNOPU2_Case4/5854dd31cbd3cdec44c48628cc181cf0/    
******************************************************
localSeName  =  storm-se-01.ba.infn.it
remoteSeName =  storm-se-01.ba.infn.it
******************************************************
{"/home/cms037/home_cream_888836499/CREAM888836499/glide_iKaaew/execute/dir_16822/CMSSW_6_2_0_SLHC12/validationEDM_7_1_uN6.root": {"endpoint": "srm://storm-se-01.ba.infn.it:8444/srm/managerv2?SFN=//cms/store/user/calabria/calabria_SingleMuPt100_GEN-SIM-DIGI-RECO_CMSSW_6_2_0_SLHC12_2023Scenario_Case4/calabria_MuMinus100_GEN-SIM-DIGI-RECO_CMSSW_6_2_0_SLHC12_2023Scenario_VALNOPU2_Case4/5854dd31cbd3cdec44c48628cc181cf0/", "surl_for_grid": "", "reason": "Copy succedeed with srm-lcg utils", "erCode": "0", "se_name": "storm-se-01.ba.infn.it", "for_lfn": "/store/user/calabria/calabria_SingleMuPt100_GEN-SIM-DIGI-RECO_CMSSW_6_2_0_SLHC12_2023Scenario_Case4/calabria_MuMinus100_GEN-SIM-DIGI-RECO_CMSSW_6_2_0_SLHC12_2023Scenario_VALNOPU2_Case4/5854dd31cbd3cdec44c48628cc181cf0/"}}/home/cms037/home_cream_888836499/CREAM888836499/glide_iKaaew/execute/dir_16822
-------- cat /home/cms037/home_cream_888836499/CREAM888836499/glide_iKaaew/execute/dir_16822/cmscpReport.sh 
#!/bin/bash
echo "Report for File: /home/cms037/home_cream_888836499/CREAM888836499/glide_iKaaew/execute/dir_16822/CMSSW_6_2_0_SLHC12/validationEDM_7_1_uN6.root"
echo "LFN: /store/user/calabria/calabria_SingleMuPt100_GEN-SIM-DIGI-RECO_CMSSW_6_2_0_SLHC12_2023Scenario_Case4/calabria_MuMinus100_GEN-SIM-DIGI-RECO_CMSSW_6_2_0_SLHC12_2023Scenario_VALNOPU2_Case4/5854dd31cbd3cdec44c48628cc181cf0/validationEDM_7_1_uN6.root"
echo "StorageElement: storm-se-01.ba.infn.it"
echo "StageOutExitStatusReason = 'Copy succedeed with srm-lcg utils'" | tee -a $RUNTIME_AREA/$repo
echo "StageOutSE = storm-se-01.ba.infn.it" >> $RUNTIME_AREA/$repo

export StageOutExitStatus=0
echo "StageOutExitStatus = 0" | tee -a $RUNTIME_AREA/$repo
-------- end of /home/cms037/home_cream_888836499/CREAM888836499/glide_iKaaew/execute/dir_16822/cmscpReport.sh 
Report for File: /home/cms037/home_cream_888836499/CREAM888836499/glide_iKaaew/execute/dir_16822/CMSSW_6_2_0_SLHC12/validationEDM_7_1_uN6.root
LFN: /store/user/calabria/calabria_SingleMuPt100_GEN-SIM-DIGI-RECO_CMSSW_6_2_0_SLHC12_2023Scenario_Case4/calabria_MuMinus100_GEN-SIM-DIGI-RECO_CMSSW_6_2_0_SLHC12_2023Scenario_VALNOPU2_Case4/5854dd31cbd3cdec44c48628cc181cf0/validationEDM_7_1_uN6.root
StorageElement: storm-se-01.ba.infn.it
StageOutExitStatusReason = 'Copy succedeed with srm-lcg utils'
StageOutExitStatus = 0
>>> current dir: /home/cms037/home_cream_888836499/CREAM888836499/glide_iKaaew/execute/dir_16822
>>> current dir content:
total 28080
-rw-------  1 cms037 cms     2784 Jun 18 01:33 .SEinteraction.log
-rwx------  1 cms037 cms     6815 Jun 18 01:24 .job.ad
-rwx------  1 cms037 cms     9472 Jun 18 01:24 .machine.ad
-rw-------  1 cms037 cms      105 Jun 16 20:40 CMSSW.py
-rw-------  1 cms037 cms  3740268 Jun 16 20:40 CMSSW.py.pkl
-rwx------  1 cms037 cms    29569 Jun 18 01:24 CMSSW.sh
drwxr-xr-x 15 cms037 cms     4096 Jun 18 01:32 CMSSW_6_2_0_SLHC12
-rw-------  1 cms037 cms      220 Jun 18 01:25 CacheEnv.sh
-rw-------  1 cms037 cms     7291 Apr  4 11:04 DashboardAPI.py
-rw-------  1 cms037 cms     6815 Jun 18 01:25 DashboardAPI.pyc
drwx------  2 cms037 cms     4096 Jun 18 01:32 IMProv
-rw-------  1 cms037 cms     2748 Apr  4 11:04 Logger.py
-rw-------  1 cms037 cms     3347 Jun 18 01:25 Logger.pyc
-rw-------  1 cms037 cms    24524 Apr  4 11:04 ProcInfo.py
-rw-------  1 cms037 cms    23197 Jun 18 01:25 ProcInfo.pyc
drwx------  7 cms037 cms     4096 Jun 18 01:25 ProdCommon
drwx------  3 cms037 cms     4096 Jun 18 01:24 WMCore
-rw-------  1 cms037 cms     2911 Jun 18 01:33 Watchdog_7.log
-rwx------  1 cms037 cms        0 Jun 18 01:24 _condor_stderr
-rwx---r--  1 cms037 cms    29506 Jun 18 01:33 _condor_stdout
-rw-------  1 cms037 cms    32895 Apr  4 11:04 apmon.py
-rw-------  1 cms037 cms    28625 Jun 18 01:25 apmon.pyc
-rwx------  1 cms037 cms    53894 Jun 18 01:24 arguments.xml
-rwx------  1 cms037 cms    38515 Apr  4 11:04 cmscp.py
-rw-------  1 cms037 cms      718 Jun 18 01:33 cmscpReport.sh
-rwx------  1 cms037 cms    29569 Jun 18 01:24 condor_exec.exe
-rw-------  1 cms037 cms      963 Jun 16 20:40 crab.cfg
-rwx------  1 cms037 cms     8610 Apr  4 11:04 crabWatchdog.sh
-rwx---r--  1 cms037 cms   523365 Jun 18 01:32 crab_fjr_7.xml
-rwx------  1 cms037 cms 23959832 Jun 18 01:24 default.tgz
-rwx------  1 cms037 cms     4488 Apr  4 11:04 fillCrabFjr.py
-rw-------  1 cms037 cms     2651 Jun 18 01:25 inputsReport.txt
-rw-------  1 cms037 cms      260 Jun 18 01:33 jobreport.txt
-rw-------  1 cms037 cms    17352 Apr  4 11:04 parseCrabFjr.py
-rw-------  1 cms037 cms      327 Jun 18 01:24 report.log
-rwx--x--x  1 cms037 cms     1497 Apr  4 11:04 report.py
-rw-------  1 cms037 cms      775 Jun 18 01:33 resultCopyFile
lrwxrwxrwx  1 cms037 cms      125 Jun 18 01:32 validationEDM.root -> /home/cms037/home_cream_888836499/CREAM888836499/glide_iKaaew/execute/dir_16822/CMSSW_6_2_0_SLHC12/validationEDM_7_1_uN6.root
-rwx------  1 cms037 cms     8387 Apr  4 11:04 writeCfg.py
-rw-------  1 cms037 cms     8010 Jun 18 01:24 x509up_u50707
>>> Modify Job Report:
CMSSW_VERSION = CMSSW_6_2_0_SLHC12
ProcessedDataset = calabria_MuMinus100_GEN-SIM-DIGI-RECO_CMSSW_6_2_0_SLHC12_2023Scenario_VALNOPU2_Case4
/home/cms037/home_cream_888836499/CREAM888836499/glide_iKaaew/execute/dir_16822/ProdCommon/FwkJobRep/ModifyJobReport.py fjr /home/cms037/home_cream_888836499/CREAM888836499/glide_iKaaew/execute/dir_16822/crab_fjr_7.xml json /home/cms037/home_cream_888836499/CREAM888836499/glide_iKaaew/execute/dir_16822/resultCopyFile n_job 7_1_uN6 PrimaryDataset calabria_SingleMuPt100_GEN-SIM-DIGI-RECO_CMSSW_6_2_0_SLHC12_2023Scenario_Case4  ApplicationFamily cmsRun ApplicationName cmsRun cmssw_version CMSSW_6_2_0_SLHC12 psethash 5854dd31cbd3cdec44c48628cc181cf0 UserProcessedDataset calabria-calabria_MuMinus100_GEN-SIM-DIGI-RECO_CMSSW_6_2_0_SLHC12_2023Scenario_VALNOPU2_Case4-5854dd31cbd3cdec44c48628cc181cf0
inputDict =  {u'/home/cms037/home_cream_888836499/CREAM888836499/glide_iKaaew/execute/dir_16822/CMSSW_6_2_0_SLHC12/validationEDM_7_1_uN6.root': {u'endpoint': u'srm://storm-se-01.ba.infn.it:8444/srm/managerv2?SFN=//cms/store/user/calabria/calabria_SingleMuPt100_GEN-SIM-DIGI-RECO_CMSSW_6_2_0_SLHC12_2023Scenario_Case4/calabria_MuMinus100_GEN-SIM-DIGI-RECO_CMSSW_6_2_0_SLHC12_2023Scenario_VALNOPU2_Case4/5854dd31cbd3cdec44c48628cc181cf0/', u'surl_for_grid': u'', u'reason': u'Copy succedeed with srm-lcg utils', u'erCode': u'0', u'se_name': u'storm-se-01.ba.infn.it', u'for_lfn': u'/store/user/calabria/calabria_SingleMuPt100_GEN-SIM-DIGI-RECO_CMSSW_6_2_0_SLHC12_2023Scenario_Case4/calabria_MuMinus100_GEN-SIM-DIGI-RECO_CMSSW_6_2_0_SLHC12_2023Scenario_VALNOPU2_Case4/5854dd31cbd3cdec44c48628cc181cf0/'}}
UserProcessedDataset =  calabria-calabria_MuMinus100_GEN-SIM-DIGI-RECO_CMSSW_6_2_0_SLHC12_2023Scenario_VALNOPU2_Case4-5854dd31cbd3cdec44c48628cc181cf0
file_name in inputDict =  /home/cms037/home_cream_888836499/CREAM888836499/glide_iKaaew/execute/dir_16822/CMSSW_6_2_0_SLHC12/validationEDM_7_1_uN6.root
(size) os.stat(filename)[6] =  3361947
checksum =  1281366206
    file =  validationEDM_7_1_uN6.root
    newPfn =  srm://storm-se-01.ba.infn.it:8444/srm/managerv2?SFN=//cms/store/user/calabria/calabria_SingleMuPt100_GEN-SIM-DIGI-RECO_CMSSW_6_2_0_SLHC12_2023Scenario_Case4/calabria_MuMinus100_GEN-SIM-DIGI-RECO_CMSSW_6_2_0_SLHC12_2023Scenario_VALNOPU2_Case4/5854dd31cbd3cdec44c48628cc181cf0/validationEDM_7_1_uN6.root
    newLfn =  /store/user/calabria/calabria_SingleMuPt100_GEN-SIM-DIGI-RECO_CMSSW_6_2_0_SLHC12_2023Scenario_Case4/calabria_MuMinus100_GEN-SIM-DIGI-RECO_CMSSW_6_2_0_SLHC12_2023Scenario_VALNOPU2_Case4/5854dd31cbd3cdec44c48628cc181cf0/validationEDM_7_1_uN6.root
>>> crab_fjr_*.xml  permission set to 0704
CrabWrapper EXIT_FUNC entered at Wed Jun 18 01:33:31 CEST 2014   -  Tue Jun 17 23:33:31 UTC 2014
Checking output files:  
will tar file crab_fjr_7.xml in  out_files_7
WARNING: output file CMSSW_7.stdout not found!
WARNING: output file CMSSW_7.stderr not found!
WARNING: output file Watchdog_7.log.gz not found!
>>> padding time: Sleeping the wrapper for 86 seconds
STOPPING WATCHDOG. CrabWatchdog PID is 17341
********** LAST 50 LINES OF WATCHDOG LOG
# RESOURCE USAGE SUMMARY FOR PROCESS ID 17157
USER       PID %CPU %MEM    VSZ   RSS TTY      STAT START   TIME COMMAND
cms037   17157  0.2  0.0   9496  1592 ?        S    01:24   0:00 /bin/sh /home/cms037/home_cream_888836499/CREAM888836499/glide_iKaaew/execute/dir_16822/condor_exec.exe 7 1
 
# LIMITS USED BY CRAB WATCHDOG:
# RSS  (KBytes)   : 2300000
# VSZ  (KBytes)   : 100000000
# DISK (MBytes)   : 19000
# CPU TIME        : 720h:0m:0s
# WALL CLOCK TIME : 21h:50m:0s
 
# FOLLOWING PRINTOUT TRACKS MAXIMUM VALUES OF RESOURCES USE
# ONE LINE IS PRINTED EACH TIME A MAXIMUM CHANGES
# IF CHANGE WAS IN RSS OR VSZ ALSO PROCID AND COMMAND ARE PRINTED
# THERE IS NO PRINTOUT FOR CPU/WALL TIME INCREASE
 
# TIME			PID	RSS(KB)	VSZ(KB)	Dsk(MB)	tCPU(s)	tWALL(s)	COMMAND
 Jun 18 01:25:03 CEST	6561	1396	9364	0	0	0	/bin/bash /home/cms037/home_cream_888836499/CREAM888836499/glide_iKaaew/main/condor_startup.sh glidein_config        
 Jun 18 01:25:03 CEST	7286	8060	93384	0	0	0	/home/cms037/home_cream_888836499/CREAM888836499/glide_iKaaew/main/condor/sbin/condor_master -f -pidfile /home/cms037/home_cream_888836499/CREAM888836499/glide_iKaaew/condor_master2.pid       
 Jun 18 01:25:03 CEST	7307	8716	93784	0	6	0	condor_startd -f         
 Jun 18 01:25:03 CEST	17353	32112	96948	0	0	0	edmConfigHash pset.py         
 Jun 18 01:25:03 CEST	24782	32112	106092	0	0	1	sh -c "./glidein_startup.sh" -v std -name v1_3 -entry CMS_T2_IT_Bari_ce2 -clientname UCSD-v1_0.main
 Jun 18 01:25:03 CEST	24793	32112	106492	0	0	1	/bin/bash ./glidein_startup.sh -v std -name v1_3 -entry CMS_T2_IT_Bari_ce2 -clientname UCSD-v1_0.main -schedd
 Jun 18 01:25:03 CEST	---	32112	106492	171	----	----	----
 Jun 18 01:26:04 CEST	17721	767036	980424	171	36	61	cmsRun -j /home/cms037/home_cream_888836499/CREAM888836499/glide_iKaaew/execute/dir_16822/crab_fjr_7.xml -p pset.py      
 Jun 18 01:26:04 CEST	---	767036	980424	175	----	----	----
 Jun 18 01:27:04 CEST	17721	791148	1007660	175	86	122	cmsRun -j /home/cms037/home_cream_888836499/CREAM888836499/glide_iKaaew/execute/dir_16822/crab_fjr_7.xml -p pset.py      
 Jun 18 01:28:05 CEST	17721	791148	1015340	175	136	183	cmsRun -j /home/cms037/home_cream_888836499/CREAM888836499/glide_iKaaew/execute/dir_16822/crab_fjr_7.xml -p pset.py      
 Jun 18 01:30:07 CEST	17721	800916	1024812	175	235	306	cmsRun -j /home/cms037/home_cream_888836499/CREAM888836499/glide_iKaaew/execute/dir_16822/crab_fjr_7.xml -p pset.py      
 Jun 18 01:31:09 CEST	17721	805976	1033516	175	281	366	cmsRun -j /home/cms037/home_cream_888836499/CREAM888836499/glide_iKaaew/execute/dir_16822/crab_fjr_7.xml -p pset.py      
 Jun 18 01:32:10 CEST	17721	1377020	1708588	175	342	427	cmsRun -j /home/cms037/home_cream_888836499/CREAM888836499/glide_iKaaew/execute/dir_16822/crab_fjr_7.xml -p pset.py      
 Jun 18 01:32:10 CEST	---	1377020	1708588	176	----	----	----
 Jun 18 01:33:10 CEST	---	1377020	1708588	179	----	----	----
********** WATCHDOG LOG ENDED
ZIPPING WATCHDOG LOG
Disk space used:
du -sh /home/cms037/home_cream_888836499/CREAM888836499/glide_iKaaew/execute/dir_16822
179M	/home/cms037/home_cream_888836499/CREAM888836499/glide_iKaaew/execute/dir_16822
Found unusual stdout, rename for OSB
`/home/cms037/home_cream_888836499/CREAM888836499/glide_iKaaew/execute/dir_16822/_condor_stdout' -> `CMSSW_7.stdout'
Found unusual stderr, rename for OSB
`/home/cms037/home_cream_888836499/CREAM888836499/glide_iKaaew/execute/dir_16822/_condor_stdout' -> `CMSSW_7.stderr'
crab_fjr_7.xml
CMSSW_7.stdout
CMSSW_7.stderr
Watchdog_7.log.gz
Total Output dimension: 70294
WARNING: output files size limit is set to: 50000000
Total Output dimension 70294 is fine.
JOB_EXIT_STATUS = 0
>>> info for dashboard:
***** Cat /home/cms037/home_cream_888836499/CREAM888836499/glide_iKaaew/execute/dir_16822/jobreport.txt *****
MonitorJobID=7_https://submit-6.t2.ucsd.edu//140616//168555.6
MonitorID=calabria_MuMinus100_Case4_ReReco_b1ck93
ExeTime=437
ExeExitCode=0
StageOutExitStatusReason = 'Copy succedeed with srm-lcg utils'
StageOutSE = storm-se-01.ba.infn.it
StageOutExitStatus = 0
CrabUserCpuTime=201.94
CrabSysCpuTime=165.61
CrabCpuPercentage=84%
CrabWrapperTime=600
CrabStageoutTime=49
JobExitCode=0
***** End Cat jobreport *****
Parameters sent to Dashboard.
EXITING at Wed Jun 18 01:35:02 CEST 2014  -  Tue Jun 17 23:35:02 UTC 2014
