This script was generated by crab (version 2.10.5_patch1).
Running /home/cms011/home_cream_383624233/CREAM383624233/glide_AVxN1e/execute/dir_1851/condor_exec.exe with 2 positional parameters: 8 1
Today is Wed Jun 18 01:24:42 CEST 2014 - Tue Jun 17 23:24:42 UTC 2014
Job submitted on host alicegrid63.ba.infn.it
Linux alicegrid63.ba.infn.it 2.6.32-358.23.2.el6.x86_64 #1 SMP Thu Oct 17 10:27:22 CEST 2013 x86_64 x86_64 x86_64 GNU/Linux
>>> current directory (RUNTIME_AREA): /home/cms011/home_cream_383624233/CREAM383624233/glide_AVxN1e/execute/dir_1851
>>> current user: uid=11720(cms011) gid=1399(cms) groups=1399(cms)
>>> directory permission set to 0700
>>> umask set to:  u=rwx,g=,o=
>>> stdout stderr permission set to 0704
>>> voms proxy information:
subject   : /C=IT/O=INFN/OU=Personal Certificate/L=Bari/CN=Cesare Calabria/CN=477126703/CN=1243499946
issuer    : /C=IT/O=INFN/OU=Personal Certificate/L=Bari/CN=Cesare Calabria/CN=477126703
identity  : /C=IT/O=INFN/OU=Personal Certificate/L=Bari/CN=Cesare Calabria
type      : RFC3820 compliant limited proxy
strength  : 1024
path      : /home/cms011/home_cream_383624233/CREAM383624233/glide_AVxN1e/execute/dir_1851/x509up_u50707
timeleft  : 23:59:51
key usage : Digital Signature, Key Encipherment, Data Encipherment
=== VO cms extension information ===
VO        : cms
subject   : /C=IT/O=INFN/OU=Personal Certificate/L=Bari/CN=Cesare Calabria
issuer    : /DC=ch/DC=cern/OU=computers/CN=voms.cern.ch
attribute : /cms/Role=NULL/Capability=NULL
attribute : /cms/itcms/Role=NULL/Capability=NULL
timeleft  : 153:59:37
uri       : voms.cern.ch:15002

WNHostName=alicegrid63.ba.infn.it
>>> tar --no-same-permissions -xf /home/cms011/home_cream_383624233/CREAM383624233/glide_AVxN1e/execute/dir_1851/default.tgz :
Successful untar
>>> Include /home/cms011/home_cream_383624233/CREAM383624233/glide_AVxN1e/execute/dir_1851 in PYTHONPATH:
strip arguments
env var CRAB_UNIQUE_JOB_ID set to: calabria_MuMinus100_Case4_ReReco_b1ck93_8_1_kVj
out_files_8
>>> list of expected files on output sandbox
output files: crab_fjr_8.xml CMSSW_8.stdout CMSSW_8.stderr Watchdog_8.log.gz
>>> GridFlavour discovery: 
GridFlavour=LCG
>>> SyncSite discovery: 
SyncSite=T2_IT_Bari
>>> SyncCE discovery: 
getting SyncCE from CE_ID
SyncCE=cream-ce-2.ba.infn.it:8443/cream-pbs-cms
>>> info for dashboard:
***** Cat /home/cms011/home_cream_383624233/CREAM383624233/glide_AVxN1e/execute/dir_1851/jobreport.txt *****
WNHostName=alicegrid63.ba.infn.it
MonitorJobID=8_https://submit-6.t2.ucsd.edu//140616//168555.7
SyncGridJobId=https://submit-6.t2.ucsd.edu//140616//168555.7
MonitorID=calabria_MuMinus100_Case4_ReReco_b1ck93
GridFlavour=LCG
SyncSite=T2_IT_Bari
SyncCE=cream-ce-2.ba.infn.it:8443/cream-pbs-cms
***** End Cat jobreport *****
Parameters sent to Dashboard.
>>> setup environment
set SCRAM ARCH to slc5_amd64_gcc472
SCRAM_ARCH = slc5_amd64_gcc472
>>> setup CMS LCG environment:
set SCRAM ARCH and BUILD_ARCH to slc5_amd64_gcc472 ###
Sourcing environment... 
sourcing /cvmfs/cms.cern.ch/cmsset_default.sh
==> setup cms environment ok
>>> specific cmssw setup environment:
CMSSW_VERSION =  CMSSW_6_2_0_SLHC12
>>> current directory (SOFTWARE_DIR): /home/cms011/home_cream_383624233/CREAM383624233/glide_AVxN1e/execute/dir_1851/CMSSW_6_2_0_SLHC12
PreserveSeeds: <>
IncrementSeeds:<>
>>> info for dashboard:
***** Cat /home/cms011/home_cream_383624233/CREAM383624233/glide_AVxN1e/execute/dir_1851/jobreport.txt *****
MonitorJobID=8_https://submit-6.t2.ucsd.edu//140616//168555.7
MonitorID=calabria_MuMinus100_Case4_ReReco_b1ck93
***** End Cat jobreport *****
Parameters sent to Dashboard.
crabWatchdog started as process 2827
>>> moving CMSSW software directories in /home/cms011/home_cream_383624233/CREAM383624233/glide_AVxN1e/execute/dir_1851/CMSSW_6_2_0_SLHC12
mv: cannot stat `/home/cms011/home_cream_383624233/CREAM383624233/glide_AVxN1e/execute/dir_1851/module/': No such file or directory
>>> Include /home/cms011/home_cream_383624233/CREAM383624233/glide_AVxN1e/execute/dir_1851 in PYTHONPATH:
PYTHONPATH=/home/cms011/home_cream_383624233/CREAM383624233/glide_AVxN1e/execute/dir_1851/:/home/cms011/home_cream_383624233/CREAM383624233/glide_AVxN1e/execute/dir_1851/CMSSW_6_2_0_SLHC12/python:/home/cms011/home_cream_383624233/CREAM383624233/glide_AVxN1e/execute/dir_1851/CMSSW_6_2_0_SLHC12/lib/slc5_amd64_gcc472:/cvmfs/cms.cern.ch/slc5_amd64_gcc472/cms/cmssw/CMSSW_6_2_0_SLHC12/python:/cvmfs/cms.cern.ch/slc5_amd64_gcc472/cms/cmssw/CMSSW_6_2_0_SLHC12/lib/slc5_amd64_gcc472:/cvmfs/cms.cern.ch/slc5_amd64_gcc472/cms/coral/CORAL_2_3_21-cms36/slc5_amd64_gcc472/python:/cvmfs/cms.cern.ch/slc5_amd64_gcc472/cms/coral/CORAL_2_3_21-cms36/slc5_amd64_gcc472/lib:/cvmfs/cms.cern.ch/slc5_amd64_gcc472/external/pyqt/4.8.1-cms6/lib/python2.7/site-packages:/cvmfs/cms.cern.ch/slc5_amd64_gcc472/external/py2-scipy/0.8.0-cms8/lib/python2.7/site-packages:/cvmfs/cms.cern.ch/slc5_amd64_gcc472/external/py2-matplotlib/1.0.1-cms8/lib/python2.7/site-packages:/cvmfs/cms.cern.ch/slc5_amd64_gcc472/external/python-ldap/2.3.5-cms6/lib/python2.7/site-packages:/cvmfs/cms.cern.ch/slc5_amd64_gcc472/external/sip/4.11.2-cms6/lib/python2.7/site-packages:/cvmfs/cms.cern.ch/slc5_amd64_gcc472/external/py2-pycurl/7.19.0-cms8/lib/python2.7/site-packages:/cvmfs/cms.cern.ch/slc5_amd64_gcc472/external/py2-numpy/1.6.1-cms8/lib/python2.7/site-packages:/cvmfs/cms.cern.ch/slc5_amd64_gcc472/external/py2-lint/0.25.1-cms6/lib/python2.7/site-packages:/cvmfs/cms.cern.ch/slc5_amd64_gcc472/external/py2-ipython/0.10-cms6/lib/python2.7/site-packages:/cvmfs/cms.cern.ch/slc5_amd64_gcc472/external/py2-cx-oracle/5.1-cms7/lib/python2.7/site-packages:/cvmfs/cms.cern.ch/slc5_amd64_gcc472/external/py2-cjson/1.0.5-cms6/lib/python2.7/site-packages:/cvmfs/cms.cern.ch/slc5_amd64_gcc472/cms/das-client/1.11.7/bin:/cvmfs/cms.cern.ch/slc5_amd64_gcc472/external/elementtree/1.2.6-cms6/share/lib/python2.7/site-packages:/cvmfs/cms.cern.ch/slc5_amd64_gcc472/external/rivet/1.8.2-cms8/lib/python2.7/site-packages:/cvmfs/cms.cern.ch/slc5_amd64_gcc472/external/pyminuit2/0.0.1-cms19/lib/python2.7/site-packages:/cvmfs/cms.cern.ch/slc5_amd64_gcc472/external/py2-pygithub/1.23.0/lib/python2.7/site-packages:/cvmfs/cms.cern.ch/slc5_amd64_gcc472/external/professor/1.0.0-cms19/lib/python2.7/site-packages:/cvmfs/cms.cern.ch/slc5_amd64_gcc472/lcg/root/5.34.07-cms/lib:/cvmfs/cms.cern.ch/slc5_amd64_gcc472/cms/dbs-client/DBS_2_1_9-cms5/lib:/cvmfs/cms.cern.ch/slc5_amd64_gcc472/cms/dbs-client/DBS_2_1_9-cms5/lib/DBSAPI:/cvmfs/cms.cern.ch/slc5_amd64_gcc472/external/cvs2git/5419-cms/lib:/home/cms011/home_cream_383624233/CREAM383624233/glide_AVxN1e/execute/dir_1851/
 
# LIMITS USED BY CRAB WATCHDOG:
# RSS  (KBytes)   : 2300000
# VSZ  (KBytes)   : 100000000
# DISK (MBytes)   : 19000
# CPU TIME        : 720h:0m:0s
# WALL CLOCK TIME : 21h:50m:0s
 
5854dd31cbd3cdec44c48628cc181cf0
PSETHASH = 5854dd31cbd3cdec44c48628cc181cf0
/home/cms011/home_cream_383624233/CREAM383624233/glide_AVxN1e/execute/dir_1851/writeCfg.py pset.py pset.py
Importing .py file
Setting parameters
RandomNumberGeneratorService found, will attempt to change seeds
inputBlocks=/calabria_SingleMuPt100_GEN-SIM-DIGI-RECO_CMSSW_6_2_0_SLHC12_2023Scenario_Case4/calabria-calabria_SingleMuPt100_GEN-SIM-DIGI-RECO_CMSSW_6_2_0_SLHC12_2023Scenario_Case4-7828650cf335f3b092f375624d26bb6d/USER#7f04d4b0-6894-42ce-8f9e-23ac29aff389
inputFiles=/store/user/calabria/calabria_SingleMuPt100_GEN-SIM-DIGI-RECO_CMSSW_6_2_0_SLHC12_2023Scenario_Case4/calabria_SingleMuPt100_GEN-SIM-DIGI-RECO_CMSSW_6_2_0_SLHC12_2023Scenario_Case4/7828650cf335f3b092f375624d26bb6d/out_reco_194_2_3qO.root;/store/user/calabria/calabria_SingleMuPt100_GEN-SIM-DIGI-RECO_CMSSW_6_2_0_SLHC12_2023Scenario_Case4/calabria_SingleMuPt100_GEN-SIM-DIGI-RECO_CMSSW_6_2_0_SLHC12_2023Scenario_Case4/7828650cf335f3b092f375624d26bb6d/out_reco_195_1_hsY.root;/store/user/calabria/calabria_SingleMuPt100_GEN-SIM-DIGI-RECO_CMSSW_6_2_0_SLHC12_2023Scenario_Case4/calabria_SingleMuPt100_GEN-SIM-DIGI-RECO_CMSSW_6_2_0_SLHC12_2023Scenario_Case4/7828650cf335f3b092f375624d26bb6d/out_reco_196_1_Qag.root;/store/user/calabria/calabria_SingleMuPt100_GEN-SIM-DIGI-RECO_CMSSW_6_2_0_SLHC12_2023Scenario_Case4/calabria_SingleMuPt100_GEN-SIM-DIGI-RECO_CMSSW_6_2_0_SLHC12_2023Scenario_Case4/7828650cf335f3b092f375624d26bb6d/out_reco_197_1_v7S.root;/store/user/calabria/calabria_SingleMuPt100_GEN-SIM-DIGI-RECO_CMSSW_6_2_0_SLHC12_2023Scenario_Case4/calabria_SingleMuPt100_GEN-SIM-DIGI-RECO_CMSSW_6_2_0_SLHC12_2023Scenario_Case4/7828650cf335f3b092f375624d26bb6d/out_reco_199_1_SJR.root;/store/user/calabria/calabria_SingleMuPt100_GEN-SIM-DIGI-RECO_CMSSW_6_2_0_SLHC12_2023Scenario_Case4/calabria_SingleMuPt100_GEN-SIM-DIGI-RECO_CMSSW_6_2_0_SLHC12_2023Scenario_Case4/7828650cf335f3b092f375624d26bb6d/out_reco_200_1_Dje.root;/store/user/calabria/calabria_SingleMuPt100_GEN-SIM-DIGI-RECO_CMSSW_6_2_0_SLHC12_2023Scenario_Case4/calabria_SingleMuPt100_GEN-SIM-DIGI-RECO_CMSSW_6_2_0_SLHC12_2023Scenario_Case4/7828650cf335f3b092f375624d26bb6d/out_reco_203_1_c2O.root;/store/user/calabria/calabria_SingleMuPt100_GEN-SIM-DIGI-RECO_CMSSW_6_2_0_SLHC12_2023Scenario_Case4/calabria_SingleMuPt100_GEN-SIM-DIGI-RECO_CMSSW_6_2_0_SLHC12_2023Scenario_Case4/7828650cf335f3b092f375624d26bb6d/out_reco_209_1_U4x.root;/store/user/calabria/calabria_SingleMuPt100_GEN-SIM-DIGI-RECO_CMSSW_6_2_0_SLHC12_2023Scenario_Case4/calabria_SingleMuPt100_GEN-SIM-DIGI-RECO_CMSSW_6_2_0_SLHC12_2023Scenario_Case4/7828650cf335f3b092f375624d26bb6d/out_reco_210_1_vOt.root;/store/user/calabria/calabria_SingleMuPt100_GEN-SIM-DIGI-RECO_CMSSW_6_2_0_SLHC12_2023Scenario_Case4/calabria_SingleMuPt100_GEN-SIM-DIGI-RECO_CMSSW_6_2_0_SLHC12_2023Scenario_Case4/7828650cf335f3b092f375624d26bb6d/out_reco_212_1_N9I.root
parentFiles=
lumisRange=
>>> Executable cmsRun
/cvmfs/cms.cern.ch/slc5_amd64_gcc472/cms/cmssw/CMSSW_6_2_0_SLHC12/bin/slc5_amd64_gcc472/cmsRun
ok executable found
>>> info for dashboard:
***** Cat /home/cms011/home_cream_383624233/CREAM383624233/glide_AVxN1e/execute/dir_1851/jobreport.txt *****
MonitorJobID=8_https://submit-6.t2.ucsd.edu//140616//168555.7
MonitorID=calabria_MuMinus100_Case4_ReReco_b1ck93
ExeStart=cmsRun
***** End Cat jobreport *****
Parameters sent to Dashboard.
>>> cmsRun started at Tue Jun 17 23:25:08 UTC 2014
>>> cmsRun ended at Tue Jun 17 23:31:18 UTC 2014
>>> crab_fjr_*.xml  permission set to 0704
>>> info for dashboard:
***** Cat /home/cms011/home_cream_383624233/CREAM383624233/glide_AVxN1e/execute/dir_1851/jobreport.txt *****
MonitorJobID=8_https://submit-6.t2.ucsd.edu//140616//168555.7
MonitorID=calabria_MuMinus100_Case4_ReReco_b1ck93
ExeEnd=cmsRun
***** End Cat jobreport *****
Parameters sent to Dashboard.
TIME_EXE = 370 sec
>>> cmsRun wrote 50 lines of stdout+stderr
>>> START OF printout of 50 lines from stdout+stderr
271 DQMStore::DQMStore 
HcalTopologyIdealEP::HcalTopologyIdealEP
18-Jun-2014 01:25:26 CEST  Initiating request to open file file:/lustre/cms//store/user/calabria/calabria_SingleMuPt100_GEN-SIM-DIGI-RECO_CMSSW_6_2_0_SLHC12_2023Scenario_Case4/calabria_SingleMuPt100_GEN-SIM-DIGI-RECO_CMSSW_6_2_0_SLHC12_2023Scenario_Case4/7828650cf335f3b092f375624d26bb6d/out_reco_194_2_3qO.root
18-Jun-2014 01:25:30 CEST  Successfully opened file file:/lustre/cms//store/user/calabria/calabria_SingleMuPt100_GEN-SIM-DIGI-RECO_CMSSW_6_2_0_SLHC12_2023Scenario_Case4/calabria_SingleMuPt100_GEN-SIM-DIGI-RECO_CMSSW_6_2_0_SLHC12_2023Scenario_Case4/7828650cf335f3b092f375624d26bb6d/out_reco_194_2_3qO.root
18-Jun-2014 01:26:05 CEST  Closed file file:/lustre/cms//store/user/calabria/calabria_SingleMuPt100_GEN-SIM-DIGI-RECO_CMSSW_6_2_0_SLHC12_2023Scenario_Case4/calabria_SingleMuPt100_GEN-SIM-DIGI-RECO_CMSSW_6_2_0_SLHC12_2023Scenario_Case4/7828650cf335f3b092f375624d26bb6d/out_reco_194_2_3qO.root
18-Jun-2014 01:26:05 CEST  Initiating request to open file file:/lustre/cms//store/user/calabria/calabria_SingleMuPt100_GEN-SIM-DIGI-RECO_CMSSW_6_2_0_SLHC12_2023Scenario_Case4/calabria_SingleMuPt100_GEN-SIM-DIGI-RECO_CMSSW_6_2_0_SLHC12_2023Scenario_Case4/7828650cf335f3b092f375624d26bb6d/out_reco_195_1_hsY.root
18-Jun-2014 01:26:05 CEST  Successfully opened file file:/lustre/cms//store/user/calabria/calabria_SingleMuPt100_GEN-SIM-DIGI-RECO_CMSSW_6_2_0_SLHC12_2023Scenario_Case4/calabria_SingleMuPt100_GEN-SIM-DIGI-RECO_CMSSW_6_2_0_SLHC12_2023Scenario_Case4/7828650cf335f3b092f375624d26bb6d/out_reco_195_1_hsY.root
18-Jun-2014 01:26:38 CEST  Closed file file:/lustre/cms//store/user/calabria/calabria_SingleMuPt100_GEN-SIM-DIGI-RECO_CMSSW_6_2_0_SLHC12_2023Scenario_Case4/calabria_SingleMuPt100_GEN-SIM-DIGI-RECO_CMSSW_6_2_0_SLHC12_2023Scenario_Case4/7828650cf335f3b092f375624d26bb6d/out_reco_195_1_hsY.root
18-Jun-2014 01:26:38 CEST  Initiating request to open file file:/lustre/cms//store/user/calabria/calabria_SingleMuPt100_GEN-SIM-DIGI-RECO_CMSSW_6_2_0_SLHC12_2023Scenario_Case4/calabria_SingleMuPt100_GEN-SIM-DIGI-RECO_CMSSW_6_2_0_SLHC12_2023Scenario_Case4/7828650cf335f3b092f375624d26bb6d/out_reco_196_1_Qag.root
18-Jun-2014 01:26:38 CEST  Successfully opened file file:/lustre/cms//store/user/calabria/calabria_SingleMuPt100_GEN-SIM-DIGI-RECO_CMSSW_6_2_0_SLHC12_2023Scenario_Case4/calabria_SingleMuPt100_GEN-SIM-DIGI-RECO_CMSSW_6_2_0_SLHC12_2023Scenario_Case4/7828650cf335f3b092f375624d26bb6d/out_reco_196_1_Qag.root
18-Jun-2014 01:27:11 CEST  Closed file file:/lustre/cms//store/user/calabria/calabria_SingleMuPt100_GEN-SIM-DIGI-RECO_CMSSW_6_2_0_SLHC12_2023Scenario_Case4/calabria_SingleMuPt100_GEN-SIM-DIGI-RECO_CMSSW_6_2_0_SLHC12_2023Scenario_Case4/7828650cf335f3b092f375624d26bb6d/out_reco_196_1_Qag.root
18-Jun-2014 01:27:11 CEST  Initiating request to open file file:/lustre/cms//store/user/calabria/calabria_SingleMuPt100_GEN-SIM-DIGI-RECO_CMSSW_6_2_0_SLHC12_2023Scenario_Case4/calabria_SingleMuPt100_GEN-SIM-DIGI-RECO_CMSSW_6_2_0_SLHC12_2023Scenario_Case4/7828650cf335f3b092f375624d26bb6d/out_reco_197_1_v7S.root
18-Jun-2014 01:27:11 CEST  Successfully opened file file:/lustre/cms//store/user/calabria/calabria_SingleMuPt100_GEN-SIM-DIGI-RECO_CMSSW_6_2_0_SLHC12_2023Scenario_Case4/calabria_SingleMuPt100_GEN-SIM-DIGI-RECO_CMSSW_6_2_0_SLHC12_2023Scenario_Case4/7828650cf335f3b092f375624d26bb6d/out_reco_197_1_v7S.root
18-Jun-2014 01:27:45 CEST  Closed file file:/lustre/cms//store/user/calabria/calabria_SingleMuPt100_GEN-SIM-DIGI-RECO_CMSSW_6_2_0_SLHC12_2023Scenario_Case4/calabria_SingleMuPt100_GEN-SIM-DIGI-RECO_CMSSW_6_2_0_SLHC12_2023Scenario_Case4/7828650cf335f3b092f375624d26bb6d/out_reco_197_1_v7S.root
18-Jun-2014 01:27:45 CEST  Initiating request to open file file:/lustre/cms//store/user/calabria/calabria_SingleMuPt100_GEN-SIM-DIGI-RECO_CMSSW_6_2_0_SLHC12_2023Scenario_Case4/calabria_SingleMuPt100_GEN-SIM-DIGI-RECO_CMSSW_6_2_0_SLHC12_2023Scenario_Case4/7828650cf335f3b092f375624d26bb6d/out_reco_199_1_SJR.root
18-Jun-2014 01:27:45 CEST  Successfully opened file file:/lustre/cms//store/user/calabria/calabria_SingleMuPt100_GEN-SIM-DIGI-RECO_CMSSW_6_2_0_SLHC12_2023Scenario_Case4/calabria_SingleMuPt100_GEN-SIM-DIGI-RECO_CMSSW_6_2_0_SLHC12_2023Scenario_Case4/7828650cf335f3b092f375624d26bb6d/out_reco_199_1_SJR.root
18-Jun-2014 01:28:17 CEST  Closed file file:/lustre/cms//store/user/calabria/calabria_SingleMuPt100_GEN-SIM-DIGI-RECO_CMSSW_6_2_0_SLHC12_2023Scenario_Case4/calabria_SingleMuPt100_GEN-SIM-DIGI-RECO_CMSSW_6_2_0_SLHC12_2023Scenario_Case4/7828650cf335f3b092f375624d26bb6d/out_reco_199_1_SJR.root
18-Jun-2014 01:28:17 CEST  Initiating request to open file file:/lustre/cms//store/user/calabria/calabria_SingleMuPt100_GEN-SIM-DIGI-RECO_CMSSW_6_2_0_SLHC12_2023Scenario_Case4/calabria_SingleMuPt100_GEN-SIM-DIGI-RECO_CMSSW_6_2_0_SLHC12_2023Scenario_Case4/7828650cf335f3b092f375624d26bb6d/out_reco_200_1_Dje.root
18-Jun-2014 01:28:18 CEST  Successfully opened file file:/lustre/cms//store/user/calabria/calabria_SingleMuPt100_GEN-SIM-DIGI-RECO_CMSSW_6_2_0_SLHC12_2023Scenario_Case4/calabria_SingleMuPt100_GEN-SIM-DIGI-RECO_CMSSW_6_2_0_SLHC12_2023Scenario_Case4/7828650cf335f3b092f375624d26bb6d/out_reco_200_1_Dje.root
18-Jun-2014 01:28:52 CEST  Closed file file:/lustre/cms//store/user/calabria/calabria_SingleMuPt100_GEN-SIM-DIGI-RECO_CMSSW_6_2_0_SLHC12_2023Scenario_Case4/calabria_SingleMuPt100_GEN-SIM-DIGI-RECO_CMSSW_6_2_0_SLHC12_2023Scenario_Case4/7828650cf335f3b092f375624d26bb6d/out_reco_200_1_Dje.root
18-Jun-2014 01:28:52 CEST  Initiating request to open file file:/lustre/cms//store/user/calabria/calabria_SingleMuPt100_GEN-SIM-DIGI-RECO_CMSSW_6_2_0_SLHC12_2023Scenario_Case4/calabria_SingleMuPt100_GEN-SIM-DIGI-RECO_CMSSW_6_2_0_SLHC12_2023Scenario_Case4/7828650cf335f3b092f375624d26bb6d/out_reco_203_1_c2O.root
18-Jun-2014 01:28:52 CEST  Successfully opened file file:/lustre/cms//store/user/calabria/calabria_SingleMuPt100_GEN-SIM-DIGI-RECO_CMSSW_6_2_0_SLHC12_2023Scenario_Case4/calabria_SingleMuPt100_GEN-SIM-DIGI-RECO_CMSSW_6_2_0_SLHC12_2023Scenario_Case4/7828650cf335f3b092f375624d26bb6d/out_reco_203_1_c2O.root
18-Jun-2014 01:29:26 CEST  Closed file file:/lustre/cms//store/user/calabria/calabria_SingleMuPt100_GEN-SIM-DIGI-RECO_CMSSW_6_2_0_SLHC12_2023Scenario_Case4/calabria_SingleMuPt100_GEN-SIM-DIGI-RECO_CMSSW_6_2_0_SLHC12_2023Scenario_Case4/7828650cf335f3b092f375624d26bb6d/out_reco_203_1_c2O.root
18-Jun-2014 01:29:26 CEST  Initiating request to open file file:/lustre/cms//store/user/calabria/calabria_SingleMuPt100_GEN-SIM-DIGI-RECO_CMSSW_6_2_0_SLHC12_2023Scenario_Case4/calabria_SingleMuPt100_GEN-SIM-DIGI-RECO_CMSSW_6_2_0_SLHC12_2023Scenario_Case4/7828650cf335f3b092f375624d26bb6d/out_reco_209_1_U4x.root
18-Jun-2014 01:29:26 CEST  Successfully opened file file:/lustre/cms//store/user/calabria/calabria_SingleMuPt100_GEN-SIM-DIGI-RECO_CMSSW_6_2_0_SLHC12_2023Scenario_Case4/calabria_SingleMuPt100_GEN-SIM-DIGI-RECO_CMSSW_6_2_0_SLHC12_2023Scenario_Case4/7828650cf335f3b092f375624d26bb6d/out_reco_209_1_U4x.root
18-Jun-2014 01:30:00 CEST  Closed file file:/lustre/cms//store/user/calabria/calabria_SingleMuPt100_GEN-SIM-DIGI-RECO_CMSSW_6_2_0_SLHC12_2023Scenario_Case4/calabria_SingleMuPt100_GEN-SIM-DIGI-RECO_CMSSW_6_2_0_SLHC12_2023Scenario_Case4/7828650cf335f3b092f375624d26bb6d/out_reco_209_1_U4x.root
18-Jun-2014 01:30:00 CEST  Initiating request to open file file:/lustre/cms//store/user/calabria/calabria_SingleMuPt100_GEN-SIM-DIGI-RECO_CMSSW_6_2_0_SLHC12_2023Scenario_Case4/calabria_SingleMuPt100_GEN-SIM-DIGI-RECO_CMSSW_6_2_0_SLHC12_2023Scenario_Case4/7828650cf335f3b092f375624d26bb6d/out_reco_210_1_vOt.root
18-Jun-2014 01:30:00 CEST  Successfully opened file file:/lustre/cms//store/user/calabria/calabria_SingleMuPt100_GEN-SIM-DIGI-RECO_CMSSW_6_2_0_SLHC12_2023Scenario_Case4/calabria_SingleMuPt100_GEN-SIM-DIGI-RECO_CMSSW_6_2_0_SLHC12_2023Scenario_Case4/7828650cf335f3b092f375624d26bb6d/out_reco_210_1_vOt.root
18-Jun-2014 01:30:35 CEST  Closed file file:/lustre/cms//store/user/calabria/calabria_SingleMuPt100_GEN-SIM-DIGI-RECO_CMSSW_6_2_0_SLHC12_2023Scenario_Case4/calabria_SingleMuPt100_GEN-SIM-DIGI-RECO_CMSSW_6_2_0_SLHC12_2023Scenario_Case4/7828650cf335f3b092f375624d26bb6d/out_reco_210_1_vOt.root
18-Jun-2014 01:30:35 CEST  Initiating request to open file file:/lustre/cms//store/user/calabria/calabria_SingleMuPt100_GEN-SIM-DIGI-RECO_CMSSW_6_2_0_SLHC12_2023Scenario_Case4/calabria_SingleMuPt100_GEN-SIM-DIGI-RECO_CMSSW_6_2_0_SLHC12_2023Scenario_Case4/7828650cf335f3b092f375624d26bb6d/out_reco_212_1_N9I.root
18-Jun-2014 01:30:35 CEST  Successfully opened file file:/lustre/cms//store/user/calabria/calabria_SingleMuPt100_GEN-SIM-DIGI-RECO_CMSSW_6_2_0_SLHC12_2023Scenario_Case4/calabria_SingleMuPt100_GEN-SIM-DIGI-RECO_CMSSW_6_2_0_SLHC12_2023Scenario_Case4/7828650cf335f3b092f375624d26bb6d/out_reco_212_1_N9I.root
18-Jun-2014 01:31:17 CEST  Closed file file:/lustre/cms//store/user/calabria/calabria_SingleMuPt100_GEN-SIM-DIGI-RECO_CMSSW_6_2_0_SLHC12_2023Scenario_Case4/calabria_SingleMuPt100_GEN-SIM-DIGI-RECO_CMSSW_6_2_0_SLHC12_2023Scenario_Case4/7828650cf335f3b092f375624d26bb6d/out_reco_212_1_N9I.root

=============================================

MessageLogger Summary

 type     category        sev    module        subroutine        count    total
 ---- -------------------- -- ---------------- ----------------  -----    -----
    1 fileAction           -s file_close                            10       10
    2 fileAction           -s file_open                             20       20

 type    category    Examples: run/evt        run/evt          run/evt
 ---- -------------------- ---------------- ---------------- ----------------
    1 fileAction           PostProcessEvent PostProcessEvent PostEndRun
    2 fileAction           pre-events       pre-events       PostProcessEvent

Severity    # Occurrences   Total Occurrences
--------    -------------   -----------------
System                 30                  30
>>> END OF printout of 50 lines from stdout+stderr
>>> Parse FrameworkJobReport crab_fjr.xml
Result of parsing the FrameworkJobReport crab_fjr.xml: Popularity start
lumisRange : 1::::1;1::::2;1::::3;1::::4;1::::5;1::::6;1::::7;1::::8;1::::9;1::::10;
lumisParentRange : 
Basename : /store/user/calabria/calabria_SingleMuPt100_GEN-SIM-DIGI-RECO_CMSSW_6_2_0_SLHC12_2023Scenario_Case4/calabria_SingleMuPt100_GEN-SIM-DIGI-RECO_CMSSW_6_2_0_SLHC12_2023Scenario_Case4/7828650cf335f3b092f375624d26bb6d/out_reco_
BasenameParent : 
parentFiles : 
inputBlocks : /calabria_SingleMuPt100_GEN-SIM-DIGI-RECO_CMSSW_6_2_0_SLHC12_2023Scenario_Case4/calabria-calabria_SingleMuPt100_GEN-SIM-DIGI-RECO_CMSSW_6_2_0_SLHC12_2023Scenario_Case4-7828650cf335f3b092f375624d26bb6d/USER#7f04d4b0-6894-42ce-8f9e-23ac29aff389
inputFiles : 195_1_hsY.root::1::EDM::Local::1;210_1_vOt.root::1::EDM::Local::2;194_2_3qO.root::1::EDM::Local::3;203_1_c2O.root::1::EDM::Local::4;200_1_Dje.root::1::EDM::Local::5;196_1_Qag.root::1::EDM::Local::6;199_1_SJR.root::1::EDM::Local::7;212_1_N9I.root::1::EDM::Local::8;209_1_U4x.root::1::EDM::Local::9;197_1_v7S.root::1::EDM::Local::10;
Popularity stop
Extracted ExitStatus from FrameworkJobReport parsing output: 0
>>> Executable succeded  0
ExeExitCode=0
EXECUTABLE_EXIT_STATUS = 0
>>> current directory /home/cms011/home_cream_383624233/CREAM383624233/glide_AVxN1e/execute/dir_1851/CMSSW_6_2_0_SLHC12
>>>  (SOFTWARE_DIR): /home/cms011/home_cream_383624233/CREAM383624233/glide_AVxN1e/execute/dir_1851/CMSSW_6_2_0_SLHC12
>>> (WORKING_DIR): 
>>> current directory content:
total 10672
drwxr-xr-x 3 cms011 cms    4096 Jun 18 01:24 .SCRAM
-rw------- 1 cms011 cms 3740268 Jun 18 01:24 CMSSW.py.pkl
drwxr-xr-x 3 cms011 cms    4096 Jun 18 01:24 bin
drwxr-xr-x 3 cms011 cms    4096 Jun 18 01:24 cfipython
drwxr-xr-x 4 cms011 cms    4096 Jun 18 01:24 config
-rw------- 1 cms011 cms      16 Jun 18 01:31 cpu_timing.txt
drwxr-xr-x 2 cms011 cms    4096 Jun 18 01:24 doc
-rw------- 1 cms011 cms    9985 Jun 18 01:31 executable.out
drwxr-xr-x 2 cms011 cms    4096 Jun 18 01:24 include
drwx------ 3 cms011 cms    4096 Apr 28 18:12 lib
drwxr-xr-x 3 cms011 cms    4096 Jun 18 01:24 logs
drwxr-xr-x 3 cms011 cms    4096 Jun 18 01:24 objs
-rw------- 1 cms011 cms     104 Jun 18 01:25 pset.py
-rw------- 1 cms011 cms 3712333 Jun 18 01:25 pset.py.pkl
-rw------- 1 cms011 cms     289 Jun 18 01:24 pset.pyc
drwxr-xr-x 2 cms011 cms    4096 Jun 18 01:24 python
-rw------- 1 cms011 cms     407 Jun 18 01:31 report.log
drwx------ 6 cms011 cms    4096 Jun 18 01:24 src
drwxr-xr-x 3 cms011 cms    4096 Jun 18 01:24 test
drwxr-xr-x 3 cms011 cms    4096 Jun 18 01:24 tmp
-rw------- 1 cms011 cms 3373212 Jun 18 01:31 validationEDM.root
>>> current directory /home/cms011/home_cream_383624233/CREAM383624233/glide_AVxN1e/execute/dir_1851/CMSSW_6_2_0_SLHC12
>>> (SOFTWARE_DIR): /home/cms011/home_cream_383624233/CREAM383624233/glide_AVxN1e/execute/dir_1851/CMSSW_6_2_0_SLHC12
>>> (WORKING_DIR): 
>>> current directory content:
total 10672
drwxr-xr-x 3 cms011 cms    4096 Jun 18 01:24 .SCRAM
-rw------- 1 cms011 cms 3740268 Jun 18 01:24 CMSSW.py.pkl
drwxr-xr-x 3 cms011 cms    4096 Jun 18 01:24 bin
drwxr-xr-x 3 cms011 cms    4096 Jun 18 01:24 cfipython
drwxr-xr-x 4 cms011 cms    4096 Jun 18 01:24 config
-rw------- 1 cms011 cms      16 Jun 18 01:31 cpu_timing.txt
drwxr-xr-x 2 cms011 cms    4096 Jun 18 01:24 doc
-rw------- 1 cms011 cms    9985 Jun 18 01:31 executable.out
drwxr-xr-x 2 cms011 cms    4096 Jun 18 01:24 include
drwx------ 3 cms011 cms    4096 Apr 28 18:12 lib
drwxr-xr-x 3 cms011 cms    4096 Jun 18 01:24 logs
drwxr-xr-x 3 cms011 cms    4096 Jun 18 01:24 objs
-rw------- 1 cms011 cms     104 Jun 18 01:25 pset.py
-rw------- 1 cms011 cms 3712333 Jun 18 01:25 pset.py.pkl
-rw------- 1 cms011 cms     289 Jun 18 01:24 pset.pyc
drwxr-xr-x 2 cms011 cms    4096 Jun 18 01:24 python
-rw------- 1 cms011 cms     407 Jun 18 01:31 report.log
drwx------ 6 cms011 cms    4096 Jun 18 01:24 src
drwxr-xr-x 3 cms011 cms    4096 Jun 18 01:24 test
drwxr-xr-x 3 cms011 cms    4096 Jun 18 01:24 tmp
-rw------- 1 cms011 cms 3373212 Jun 18 01:31 validationEDM_8_1_kVj.root
>>> current directory (RUNTIME_AREA):  /home/cms011/home_cream_383624233/CREAM383624233/glide_AVxN1e/execute/dir_1851
SE = storm-se-01.ba.infn.it
SE_PATH = /srm/managerv2?SFN=//cms/store/user/calabria/calabria_SingleMuPt100_GEN-SIM-DIGI-RECO_CMSSW_6_2_0_SLHC12_2023Scenario_Case4/calabria_MuMinus100_GEN-SIM-DIGI-RECO_CMSSW_6_2_0_SLHC12_2023Scenario_VALNOPU2_Case4/5854dd31cbd3cdec44c48628cc181cf0/
LFNBaseName = /store/user/calabria/calabria_SingleMuPt100_GEN-SIM-DIGI-RECO_CMSSW_6_2_0_SLHC12_2023Scenario_Case4/calabria_MuMinus100_GEN-SIM-DIGI-RECO_CMSSW_6_2_0_SLHC12_2023Scenario_VALNOPU2_Case4/5854dd31cbd3cdec44c48628cc181cf0/
USER = calabria
endpoint = srm://storm-se-01.ba.infn.it:8444/srm/managerv2?SFN=//cms/store/user/calabria/calabria_SingleMuPt100_GEN-SIM-DIGI-RECO_CMSSW_6_2_0_SLHC12_2023Scenario_Case4/calabria_MuMinus100_GEN-SIM-DIGI-RECO_CMSSW_6_2_0_SLHC12_2023Scenario_VALNOPU2_Case4/5854dd31cbd3cdec44c48628cc181cf0/
>>> Copy output files from WN = alicegrid63.ba.infn.it to /srm/managerv2?SFN=//cms/store/user/calabria/calabria_SingleMuPt100_GEN-SIM-DIGI-RECO_CMSSW_6_2_0_SLHC12_2023Scenario_Case4/calabria_MuMinus100_GEN-SIM-DIGI-RECO_CMSSW_6_2_0_SLHC12_2023Scenario_VALNOPU2_Case4/5854dd31cbd3cdec44c48628cc181cf0/ :
python cmscp.py  --destination srm://storm-se-01.ba.infn.it:8444/srm/managerv2?SFN=//cms/store/user/calabria/calabria_SingleMuPt100_GEN-SIM-DIGI-RECO_CMSSW_6_2_0_SLHC12_2023Scenario_Case4/calabria_MuMinus100_GEN-SIM-DIGI-RECO_CMSSW_6_2_0_SLHC12_2023Scenario_VALNOPU2_Case4/5854dd31cbd3cdec44c48628cc181cf0/ --inputFileList /home/cms011/home_cream_383624233/CREAM383624233/glide_AVxN1e/execute/dir_1851/CMSSW_6_2_0_SLHC12/validationEDM_8_1_kVj.root --middleware LCG --se_name storm-se-01.ba.infn.it --for_lfn /store/user/calabria/calabria_SingleMuPt100_GEN-SIM-DIGI-RECO_CMSSW_6_2_0_SLHC12_2023Scenario_Case4/calabria_MuMinus100_GEN-SIM-DIGI-RECO_CMSSW_6_2_0_SLHC12_2023Scenario_VALNOPU2_Case4/5854dd31cbd3cdec44c48628cc181cf0/    
******************************************************
localSeName  =  storm-se-01.ba.infn.it
remoteSeName =  storm-se-01.ba.infn.it
******************************************************
{"/home/cms011/home_cream_383624233/CREAM383624233/glide_AVxN1e/execute/dir_1851/CMSSW_6_2_0_SLHC12/validationEDM_8_1_kVj.root": {"endpoint": "srm://storm-se-01.ba.infn.it:8444/srm/managerv2?SFN=//cms/store/user/calabria/calabria_SingleMuPt100_GEN-SIM-DIGI-RECO_CMSSW_6_2_0_SLHC12_2023Scenario_Case4/calabria_MuMinus100_GEN-SIM-DIGI-RECO_CMSSW_6_2_0_SLHC12_2023Scenario_VALNOPU2_Case4/5854dd31cbd3cdec44c48628cc181cf0/", "surl_for_grid": "", "reason": "Copy succedeed with srm-lcg utils", "erCode": "0", "se_name": "storm-se-01.ba.infn.it", "for_lfn": "/store/user/calabria/calabria_SingleMuPt100_GEN-SIM-DIGI-RECO_CMSSW_6_2_0_SLHC12_2023Scenario_Case4/calabria_MuMinus100_GEN-SIM-DIGI-RECO_CMSSW_6_2_0_SLHC12_2023Scenario_VALNOPU2_Case4/5854dd31cbd3cdec44c48628cc181cf0/"}}/home/cms011/home_cream_383624233/CREAM383624233/glide_AVxN1e/execute/dir_1851
-------- cat /home/cms011/home_cream_383624233/CREAM383624233/glide_AVxN1e/execute/dir_1851/cmscpReport.sh 
#!/bin/bash
echo "Report for File: /home/cms011/home_cream_383624233/CREAM383624233/glide_AVxN1e/execute/dir_1851/CMSSW_6_2_0_SLHC12/validationEDM_8_1_kVj.root"
echo "LFN: /store/user/calabria/calabria_SingleMuPt100_GEN-SIM-DIGI-RECO_CMSSW_6_2_0_SLHC12_2023Scenario_Case4/calabria_MuMinus100_GEN-SIM-DIGI-RECO_CMSSW_6_2_0_SLHC12_2023Scenario_VALNOPU2_Case4/5854dd31cbd3cdec44c48628cc181cf0/validationEDM_8_1_kVj.root"
echo "StorageElement: storm-se-01.ba.infn.it"
echo "StageOutExitStatusReason = 'Copy succedeed with srm-lcg utils'" | tee -a $RUNTIME_AREA/$repo
echo "StageOutSE = storm-se-01.ba.infn.it" >> $RUNTIME_AREA/$repo

export StageOutExitStatus=0
echo "StageOutExitStatus = 0" | tee -a $RUNTIME_AREA/$repo
-------- end of /home/cms011/home_cream_383624233/CREAM383624233/glide_AVxN1e/execute/dir_1851/cmscpReport.sh 
Report for File: /home/cms011/home_cream_383624233/CREAM383624233/glide_AVxN1e/execute/dir_1851/CMSSW_6_2_0_SLHC12/validationEDM_8_1_kVj.root
LFN: /store/user/calabria/calabria_SingleMuPt100_GEN-SIM-DIGI-RECO_CMSSW_6_2_0_SLHC12_2023Scenario_Case4/calabria_MuMinus100_GEN-SIM-DIGI-RECO_CMSSW_6_2_0_SLHC12_2023Scenario_VALNOPU2_Case4/5854dd31cbd3cdec44c48628cc181cf0/validationEDM_8_1_kVj.root
StorageElement: storm-se-01.ba.infn.it
StageOutExitStatusReason = 'Copy succedeed with srm-lcg utils'
StageOutExitStatus = 0
>>> current dir: /home/cms011/home_cream_383624233/CREAM383624233/glide_AVxN1e/execute/dir_1851
>>> current dir content:
total 28080
-rw-------  1 cms011 cms     2779 Jun 18 01:32 .SEinteraction.log
-rwx------  1 cms011 cms     6815 Jun 18 01:24 .job.ad
-rwx------  1 cms011 cms     9461 Jun 18 01:24 .machine.ad
-rw-------  1 cms011 cms      105 Jun 16 20:40 CMSSW.py
-rw-------  1 cms011 cms  3740268 Jun 16 20:40 CMSSW.py.pkl
-rwx------  1 cms011 cms    29569 Jun 18 01:24 CMSSW.sh
drwxr-xr-x 15 cms011 cms     4096 Jun 18 01:31 CMSSW_6_2_0_SLHC12
-rw-------  1 cms011 cms      219 Jun 18 01:24 CacheEnv.sh
-rw-------  1 cms011 cms     7291 Apr  4 11:04 DashboardAPI.py
-rw-------  1 cms011 cms     6800 Jun 18 01:24 DashboardAPI.pyc
drwx------  2 cms011 cms     4096 Jun 18 01:31 IMProv
-rw-------  1 cms011 cms     2748 Apr  4 11:04 Logger.py
-rw-------  1 cms011 cms     3342 Jun 18 01:24 Logger.pyc
-rw-------  1 cms011 cms    24524 Apr  4 11:04 ProcInfo.py
-rw-------  1 cms011 cms    23173 Jun 18 01:24 ProcInfo.pyc
drwx------  7 cms011 cms     4096 Jun 18 01:24 ProdCommon
drwx------  3 cms011 cms     4096 Jun 18 01:24 WMCore
-rw-------  1 cms011 cms     2278 Jun 18 01:31 Watchdog_8.log
-rwx------  1 cms011 cms        0 Jun 18 01:24 _condor_stderr
-rwx---r--  1 cms011 cms    29498 Jun 18 01:32 _condor_stdout
-rw-------  1 cms011 cms    32895 Apr  4 11:04 apmon.py
-rw-------  1 cms011 cms    28596 Jun 18 01:24 apmon.pyc
-rwx------  1 cms011 cms    53894 Jun 18 01:24 arguments.xml
-rwx------  1 cms011 cms    38515 Apr  4 11:04 cmscp.py
-rw-------  1 cms011 cms      717 Jun 18 01:32 cmscpReport.sh
-rwx------  1 cms011 cms    29569 Jun 18 01:24 condor_exec.exe
-rw-------  1 cms011 cms      963 Jun 16 20:40 crab.cfg
-rwx------  1 cms011 cms     8610 Apr  4 11:04 crabWatchdog.sh
-rwx---r--  1 cms011 cms   523347 Jun 18 01:31 crab_fjr_8.xml
-rwx------  1 cms011 cms 23959832 Jun 18 01:24 default.tgz
-rwx------  1 cms011 cms     4488 Apr  4 11:04 fillCrabFjr.py
-rw-------  1 cms011 cms     2651 Jun 18 01:24 inputsReport.txt
-rw-------  1 cms011 cms      260 Jun 18 01:32 jobreport.txt
-rw-------  1 cms011 cms    17352 Apr  4 11:04 parseCrabFjr.py
-rw-------  1 cms011 cms      330 Jun 18 01:24 report.log
-rwx--x--x  1 cms011 cms     1497 Apr  4 11:04 report.py
-rw-------  1 cms011 cms      774 Jun 18 01:32 resultCopyFile
lrwxrwxrwx  1 cms011 cms      124 Jun 18 01:31 validationEDM.root -> /home/cms011/home_cream_383624233/CREAM383624233/glide_AVxN1e/execute/dir_1851/CMSSW_6_2_0_SLHC12/validationEDM_8_1_kVj.root
-rwx------  1 cms011 cms     8387 Apr  4 11:04 writeCfg.py
-rw-------  1 cms011 cms     8010 Jun 18 01:24 x509up_u50707
>>> Modify Job Report:
CMSSW_VERSION = CMSSW_6_2_0_SLHC12
ProcessedDataset = calabria_MuMinus100_GEN-SIM-DIGI-RECO_CMSSW_6_2_0_SLHC12_2023Scenario_VALNOPU2_Case4
/home/cms011/home_cream_383624233/CREAM383624233/glide_AVxN1e/execute/dir_1851/ProdCommon/FwkJobRep/ModifyJobReport.py fjr /home/cms011/home_cream_383624233/CREAM383624233/glide_AVxN1e/execute/dir_1851/crab_fjr_8.xml json /home/cms011/home_cream_383624233/CREAM383624233/glide_AVxN1e/execute/dir_1851/resultCopyFile n_job 8_1_kVj PrimaryDataset calabria_SingleMuPt100_GEN-SIM-DIGI-RECO_CMSSW_6_2_0_SLHC12_2023Scenario_Case4  ApplicationFamily cmsRun ApplicationName cmsRun cmssw_version CMSSW_6_2_0_SLHC12 psethash 5854dd31cbd3cdec44c48628cc181cf0 UserProcessedDataset calabria-calabria_MuMinus100_GEN-SIM-DIGI-RECO_CMSSW_6_2_0_SLHC12_2023Scenario_VALNOPU2_Case4-5854dd31cbd3cdec44c48628cc181cf0
inputDict =  {u'/home/cms011/home_cream_383624233/CREAM383624233/glide_AVxN1e/execute/dir_1851/CMSSW_6_2_0_SLHC12/validationEDM_8_1_kVj.root': {u'endpoint': u'srm://storm-se-01.ba.infn.it:8444/srm/managerv2?SFN=//cms/store/user/calabria/calabria_SingleMuPt100_GEN-SIM-DIGI-RECO_CMSSW_6_2_0_SLHC12_2023Scenario_Case4/calabria_MuMinus100_GEN-SIM-DIGI-RECO_CMSSW_6_2_0_SLHC12_2023Scenario_VALNOPU2_Case4/5854dd31cbd3cdec44c48628cc181cf0/', u'surl_for_grid': u'', u'reason': u'Copy succedeed with srm-lcg utils', u'erCode': u'0', u'se_name': u'storm-se-01.ba.infn.it', u'for_lfn': u'/store/user/calabria/calabria_SingleMuPt100_GEN-SIM-DIGI-RECO_CMSSW_6_2_0_SLHC12_2023Scenario_Case4/calabria_MuMinus100_GEN-SIM-DIGI-RECO_CMSSW_6_2_0_SLHC12_2023Scenario_VALNOPU2_Case4/5854dd31cbd3cdec44c48628cc181cf0/'}}
UserProcessedDataset =  calabria-calabria_MuMinus100_GEN-SIM-DIGI-RECO_CMSSW_6_2_0_SLHC12_2023Scenario_VALNOPU2_Case4-5854dd31cbd3cdec44c48628cc181cf0
file_name in inputDict =  /home/cms011/home_cream_383624233/CREAM383624233/glide_AVxN1e/execute/dir_1851/CMSSW_6_2_0_SLHC12/validationEDM_8_1_kVj.root
(size) os.stat(filename)[6] =  3373212
checksum =  2389017587
    file =  validationEDM_8_1_kVj.root
    newPfn =  srm://storm-se-01.ba.infn.it:8444/srm/managerv2?SFN=//cms/store/user/calabria/calabria_SingleMuPt100_GEN-SIM-DIGI-RECO_CMSSW_6_2_0_SLHC12_2023Scenario_Case4/calabria_MuMinus100_GEN-SIM-DIGI-RECO_CMSSW_6_2_0_SLHC12_2023Scenario_VALNOPU2_Case4/5854dd31cbd3cdec44c48628cc181cf0/validationEDM_8_1_kVj.root
    newLfn =  /store/user/calabria/calabria_SingleMuPt100_GEN-SIM-DIGI-RECO_CMSSW_6_2_0_SLHC12_2023Scenario_Case4/calabria_MuMinus100_GEN-SIM-DIGI-RECO_CMSSW_6_2_0_SLHC12_2023Scenario_VALNOPU2_Case4/5854dd31cbd3cdec44c48628cc181cf0/validationEDM_8_1_kVj.root
>>> crab_fjr_*.xml  permission set to 0704
CrabWrapper EXIT_FUNC entered at Wed Jun 18 01:32:13 CEST 2014   -  Tue Jun 17 23:32:13 UTC 2014
Checking output files:  
will tar file crab_fjr_8.xml in  out_files_8
WARNING: output file CMSSW_8.stdout not found!
WARNING: output file CMSSW_8.stderr not found!
WARNING: output file Watchdog_8.log.gz not found!
>>> padding time: Sleeping the wrapper for 149 seconds
STOPPING WATCHDOG. CrabWatchdog PID is 2827
********** LAST 50 LINES OF WATCHDOG LOG
# RESOURCE USAGE SUMMARY FOR PROCESS ID  2389
USER       PID %CPU %MEM    VSZ   RSS TTY      STAT START   TIME COMMAND
cms011    2389  0.5  0.0   9496  1596 ?        S    01:24   0:00 /bin/sh /home/cms011/home_cream_383624233/CREAM383624233/glide_AVxN1e/execute/dir_1851/condor_exec.exe 8 1
 
# LIMITS USED BY CRAB WATCHDOG:
# RSS  (KBytes)   : 2300000
# VSZ  (KBytes)   : 100000000
# DISK (MBytes)   : 19000
# CPU TIME        : 720h:0m:0s
# WALL CLOCK TIME : 21h:50m:0s
 
# FOLLOWING PRINTOUT TRACKS MAXIMUM VALUES OF RESOURCES USE
# ONE LINE IS PRINTED EACH TIME A MAXIMUM CHANGES
# IF CHANGE WAS IN RSS OR VSZ ALSO PROCID AND COMMAND ARE PRINTED
# THERE IS NO PRINTOUT FOR CPU/WALL TIME INCREASE
 
# TIME			PID	RSS(KB)	VSZ(KB)	Dsk(MB)	tCPU(s)	tWALL(s)	COMMAND
 Jun 18 01:24:49 CEST	825	1260	106092	0	0	0	sh -c "./glidein_startup.sh" -v std -name v3_0 -entry CMS_T2_IT_Bari_ce2 -clientname UCSD-v1_0.main
 Jun 18 01:24:49 CEST	836	1772	106492	0	0	0	/bin/bash ./glidein_startup.sh -v std -name v3_0 -entry CMS_T2_IT_Bari_ce2 -clientname UCSD-v1_0.main -schedd
 Jun 18 01:24:49 CEST	1851	8416	106492	0	0	0	condor_starter -f submit-6.t2.ucsd.edu        
 Jun 18 01:24:49 CEST	2839	34956	106492	0	0	0	edmConfigHash pset.py         
 Jun 18 01:24:49 CEST	---	34956	106492	171	----	----	----
 Jun 18 01:25:49 CEST	3483	725744	979640	171	33	61	cmsRun -j /home/cms011/home_cream_383624233/CREAM383624233/glide_AVxN1e/execute/dir_1851/crab_fjr_8.xml -p pset.py      
 Jun 18 01:25:49 CEST	---	725744	979640	175	----	----	----
 Jun 18 01:26:50 CEST	3483	749348	1003448	175	83	121	cmsRun -j /home/cms011/home_cream_383624233/CREAM383624233/glide_AVxN1e/execute/dir_1851/crab_fjr_8.xml -p pset.py      
 Jun 18 01:27:51 CEST	3483	755696	1012856	175	133	182	cmsRun -j /home/cms011/home_cream_383624233/CREAM383624233/glide_AVxN1e/execute/dir_1851/crab_fjr_8.xml -p pset.py      
 Jun 18 01:29:52 CEST	3483	768592	1022656	175	235	304	cmsRun -j /home/cms011/home_cream_383624233/CREAM383624233/glide_AVxN1e/execute/dir_1851/crab_fjr_8.xml -p pset.py      
 Jun 18 01:30:53 CEST	3483	775188	1031360	175	284	364	cmsRun -j /home/cms011/home_cream_383624233/CREAM383624233/glide_AVxN1e/execute/dir_1851/crab_fjr_8.xml -p pset.py      
 Jun 18 01:31:54 CEST	---	775188	1031360	179	----	----	----
********** WATCHDOG LOG ENDED
ZIPPING WATCHDOG LOG
Disk space used:
du -sh /home/cms011/home_cream_383624233/CREAM383624233/glide_AVxN1e/execute/dir_1851
179M	/home/cms011/home_cream_383624233/CREAM383624233/glide_AVxN1e/execute/dir_1851
Found unusual stdout, rename for OSB
`/home/cms011/home_cream_383624233/CREAM383624233/glide_AVxN1e/execute/dir_1851/_condor_stdout' -> `CMSSW_8.stdout'
Found unusual stderr, rename for OSB
`/home/cms011/home_cream_383624233/CREAM383624233/glide_AVxN1e/execute/dir_1851/_condor_stdout' -> `CMSSW_8.stderr'
crab_fjr_8.xml
CMSSW_8.stdout
CMSSW_8.stderr
Watchdog_8.log.gz
Total Output dimension: 69975
WARNING: output files size limit is set to: 50000000
Total Output dimension 69975 is fine.
JOB_EXIT_STATUS = 0
>>> info for dashboard:
***** Cat /home/cms011/home_cream_383624233/CREAM383624233/glide_AVxN1e/execute/dir_1851/jobreport.txt *****
MonitorJobID=8_https://submit-6.t2.ucsd.edu//140616//168555.7
MonitorID=calabria_MuMinus100_Case4_ReReco_b1ck93
ExeTime=370
ExeExitCode=0
StageOutExitStatusReason = 'Copy succedeed with srm-lcg utils'
StageOutSE = storm-se-01.ba.infn.it
StageOutExitStatus = 0
CrabUserCpuTime=303.43
CrabSysCpuTime=4.68
CrabCpuPercentage=83%
CrabWrapperTime=600
CrabStageoutTime=49
JobExitCode=0
***** End Cat jobreport *****
Parameters sent to Dashboard.
EXITING at Wed Jun 18 01:34:48 CEST 2014  -  Tue Jun 17 23:34:48 UTC 2014
