This script was generated by crab (version 2.10.5_patch1).
Running /home/cms043/home_cream_088750228/CREAM088750228/glide_IcnYjX/execute/dir_6693/condor_exec.exe with 2 positional parameters: 3 1
Today is Wed Jun 18 00:09:29 CEST 2014 - Tue Jun 17 22:09:29 UTC 2014
Job submitted on host pccms92.ba.infn.it
Linux pccms92.ba.infn.it 2.6.32-358.23.2.el6.x86_64 #1 SMP Thu Oct 17 10:27:22 CEST 2013 x86_64 x86_64 x86_64 GNU/Linux
>>> current directory (RUNTIME_AREA): /home/cms043/home_cream_088750228/CREAM088750228/glide_IcnYjX/execute/dir_6693
>>> current user: uid=18637(cms043) gid=1399(cms) groups=1399(cms)
>>> directory permission set to 0700
>>> umask set to:  u=rwx,g=,o=
>>> stdout stderr permission set to 0704
>>> voms proxy information:
subject   : /C=IT/O=INFN/OU=Personal Certificate/L=Bari/CN=Cesare Calabria/CN=477126703/CN=1664660341
issuer    : /C=IT/O=INFN/OU=Personal Certificate/L=Bari/CN=Cesare Calabria/CN=477126703
identity  : /C=IT/O=INFN/OU=Personal Certificate/L=Bari/CN=Cesare Calabria
type      : RFC3820 compliant limited proxy
strength  : 1024
path      : /home/cms043/home_cream_088750228/CREAM088750228/glide_IcnYjX/execute/dir_6693/x509up_u50707
timeleft  : 23:59:57
key usage : Digital Signature, Key Encipherment, Data Encipherment
=== VO cms extension information ===
VO        : cms
subject   : /C=IT/O=INFN/OU=Personal Certificate/L=Bari/CN=Cesare Calabria
issuer    : /DC=ch/DC=cern/OU=computers/CN=voms.cern.ch
attribute : /cms/Role=NULL/Capability=NULL
attribute : /cms/itcms/Role=NULL/Capability=NULL
timeleft  : 155:14:50
uri       : voms.cern.ch:15002

WNHostName=pccms92.ba.infn.it
>>> tar --no-same-permissions -xf /home/cms043/home_cream_088750228/CREAM088750228/glide_IcnYjX/execute/dir_6693/default.tgz :
Successful untar
>>> Include /home/cms043/home_cream_088750228/CREAM088750228/glide_IcnYjX/execute/dir_6693 in PYTHONPATH:
strip arguments
env var CRAB_UNIQUE_JOB_ID set to: calabria_MuMinus50_Case3_ReReco_9o02eb_3_1_iDN
out_files_3
>>> list of expected files on output sandbox
output files: crab_fjr_3.xml CMSSW_3.stdout CMSSW_3.stderr Watchdog_3.log.gz
>>> GridFlavour discovery: 
GridFlavour=LCG
>>> SyncSite discovery: 
SyncSite=T2_IT_Bari
>>> SyncCE discovery: 
getting SyncCE from CE_ID
SyncCE=cream-ce-4.ba.infn.it:8443/cream-pbs-cms
>>> info for dashboard:
***** Cat /home/cms043/home_cream_088750228/CREAM088750228/glide_IcnYjX/execute/dir_6693/jobreport.txt *****
WNHostName=pccms92.ba.infn.it
MonitorJobID=3_https://vocms83.cern.ch//140616//86811.2
SyncGridJobId=https://vocms83.cern.ch//140616//86811.2
MonitorID=calabria_MuMinus50_Case3_ReReco_9o02eb
GridFlavour=LCG
SyncSite=T2_IT_Bari
SyncCE=cream-ce-4.ba.infn.it:8443/cream-pbs-cms
***** End Cat jobreport *****
Parameters sent to Dashboard.
>>> setup environment
set SCRAM ARCH to slc5_amd64_gcc472
SCRAM_ARCH = slc5_amd64_gcc472
>>> setup CMS LCG environment:
set SCRAM ARCH and BUILD_ARCH to slc5_amd64_gcc472 ###
Sourcing environment... 
sourcing /cvmfs/cms.cern.ch/cmsset_default.sh
==> setup cms environment ok
>>> specific cmssw setup environment:
CMSSW_VERSION =  CMSSW_6_2_0_SLHC12
>>> current directory (SOFTWARE_DIR): /home/cms043/home_cream_088750228/CREAM088750228/glide_IcnYjX/execute/dir_6693/CMSSW_6_2_0_SLHC12
PreserveSeeds: <>
IncrementSeeds:<>
>>> info for dashboard:
***** Cat /home/cms043/home_cream_088750228/CREAM088750228/glide_IcnYjX/execute/dir_6693/jobreport.txt *****
MonitorJobID=3_https://vocms83.cern.ch//140616//86811.2
MonitorID=calabria_MuMinus50_Case3_ReReco_9o02eb
***** End Cat jobreport *****
Parameters sent to Dashboard.
crabWatchdog started as process 7338
>>> moving CMSSW software directories in /home/cms043/home_cream_088750228/CREAM088750228/glide_IcnYjX/execute/dir_6693/CMSSW_6_2_0_SLHC12
mv: cannot stat `/home/cms043/home_cream_088750228/CREAM088750228/glide_IcnYjX/execute/dir_6693/module/': No such file or directory
>>> Include /home/cms043/home_cream_088750228/CREAM088750228/glide_IcnYjX/execute/dir_6693 in PYTHONPATH:
PYTHONPATH=/home/cms043/home_cream_088750228/CREAM088750228/glide_IcnYjX/execute/dir_6693/:/home/cms043/home_cream_088750228/CREAM088750228/glide_IcnYjX/execute/dir_6693/CMSSW_6_2_0_SLHC12/python:/home/cms043/home_cream_088750228/CREAM088750228/glide_IcnYjX/execute/dir_6693/CMSSW_6_2_0_SLHC12/lib/slc5_amd64_gcc472:/cvmfs/cms.cern.ch/slc5_amd64_gcc472/cms/cmssw/CMSSW_6_2_0_SLHC12/python:/cvmfs/cms.cern.ch/slc5_amd64_gcc472/cms/cmssw/CMSSW_6_2_0_SLHC12/lib/slc5_amd64_gcc472:/cvmfs/cms.cern.ch/slc5_amd64_gcc472/cms/coral/CORAL_2_3_21-cms36/slc5_amd64_gcc472/python:/cvmfs/cms.cern.ch/slc5_amd64_gcc472/cms/coral/CORAL_2_3_21-cms36/slc5_amd64_gcc472/lib:/cvmfs/cms.cern.ch/slc5_amd64_gcc472/external/pyqt/4.8.1-cms6/lib/python2.7/site-packages:/cvmfs/cms.cern.ch/slc5_amd64_gcc472/external/py2-scipy/0.8.0-cms8/lib/python2.7/site-packages:/cvmfs/cms.cern.ch/slc5_amd64_gcc472/external/py2-matplotlib/1.0.1-cms8/lib/python2.7/site-packages:/cvmfs/cms.cern.ch/slc5_amd64_gcc472/external/python-ldap/2.3.5-cms6/lib/python2.7/site-packages:/cvmfs/cms.cern.ch/slc5_amd64_gcc472/external/sip/4.11.2-cms6/lib/python2.7/site-packages:/cvmfs/cms.cern.ch/slc5_amd64_gcc472/external/py2-pycurl/7.19.0-cms8/lib/python2.7/site-packages:/cvmfs/cms.cern.ch/slc5_amd64_gcc472/external/py2-numpy/1.6.1-cms8/lib/python2.7/site-packages:/cvmfs/cms.cern.ch/slc5_amd64_gcc472/external/py2-lint/0.25.1-cms6/lib/python2.7/site-packages:/cvmfs/cms.cern.ch/slc5_amd64_gcc472/external/py2-ipython/0.10-cms6/lib/python2.7/site-packages:/cvmfs/cms.cern.ch/slc5_amd64_gcc472/external/py2-cx-oracle/5.1-cms7/lib/python2.7/site-packages:/cvmfs/cms.cern.ch/slc5_amd64_gcc472/external/py2-cjson/1.0.5-cms6/lib/python2.7/site-packages:/cvmfs/cms.cern.ch/slc5_amd64_gcc472/cms/das-client/1.11.7/bin:/cvmfs/cms.cern.ch/slc5_amd64_gcc472/external/elementtree/1.2.6-cms6/share/lib/python2.7/site-packages:/cvmfs/cms.cern.ch/slc5_amd64_gcc472/external/rivet/1.8.2-cms8/lib/python2.7/site-packages:/cvmfs/cms.cern.ch/slc5_amd64_gcc472/external/pyminuit2/0.0.1-cms19/lib/python2.7/site-packages:/cvmfs/cms.cern.ch/slc5_amd64_gcc472/external/py2-pygithub/1.23.0/lib/python2.7/site-packages:/cvmfs/cms.cern.ch/slc5_amd64_gcc472/external/professor/1.0.0-cms19/lib/python2.7/site-packages:/cvmfs/cms.cern.ch/slc5_amd64_gcc472/lcg/root/5.34.07-cms/lib:/cvmfs/cms.cern.ch/slc5_amd64_gcc472/cms/dbs-client/DBS_2_1_9-cms5/lib:/cvmfs/cms.cern.ch/slc5_amd64_gcc472/cms/dbs-client/DBS_2_1_9-cms5/lib/DBSAPI:/cvmfs/cms.cern.ch/slc5_amd64_gcc472/external/cvs2git/5419-cms/lib:/home/cms043/home_cream_088750228/CREAM088750228/glide_IcnYjX/execute/dir_6693/
 
# LIMITS USED BY CRAB WATCHDOG:
# RSS  (KBytes)   : 2300000
# VSZ  (KBytes)   : 100000000
# DISK (MBytes)   : 19000
# CPU TIME        : 720h:0m:0s
# WALL CLOCK TIME : 21h:50m:0s
 
5854dd31cbd3cdec44c48628cc181cf0
PSETHASH = 5854dd31cbd3cdec44c48628cc181cf0
/home/cms043/home_cream_088750228/CREAM088750228/glide_IcnYjX/execute/dir_6693/writeCfg.py pset.py pset.py
Importing .py file
Setting parameters
RandomNumberGeneratorService found, will attempt to change seeds
inputBlocks=/calabria_SingleMuPt50_GEN-SIM-DIGI-RECO_CMSSW_6_2_0_SLHC12_2023Scenario_Case3/calabria-calabria_SingleMuPt50_GEN-SIM-DIGI-RECO_CMSSW_6_2_0_SLHC12_2023Scenario_Case3-cd3731874e2e70f741b687550e03a01f/USER#07dedc8c-8ee0-4add-8cce-85c812e3adce
inputFiles=/store/user/calabria/calabria_SingleMuPt50_GEN-SIM-DIGI-RECO_CMSSW_6_2_0_SLHC12_2023Scenario_Case3/calabria_SingleMuPt50_GEN-SIM-DIGI-RECO_CMSSW_6_2_0_SLHC12_2023Scenario_Case3/cd3731874e2e70f741b687550e03a01f/out_reco_169_1_cmS.root;/store/user/calabria/calabria_SingleMuPt50_GEN-SIM-DIGI-RECO_CMSSW_6_2_0_SLHC12_2023Scenario_Case3/calabria_SingleMuPt50_GEN-SIM-DIGI-RECO_CMSSW_6_2_0_SLHC12_2023Scenario_Case3/cd3731874e2e70f741b687550e03a01f/out_reco_172_1_M1O.root;/store/user/calabria/calabria_SingleMuPt50_GEN-SIM-DIGI-RECO_CMSSW_6_2_0_SLHC12_2023Scenario_Case3/calabria_SingleMuPt50_GEN-SIM-DIGI-RECO_CMSSW_6_2_0_SLHC12_2023Scenario_Case3/cd3731874e2e70f741b687550e03a01f/out_reco_174_1_309.root;/store/user/calabria/calabria_SingleMuPt50_GEN-SIM-DIGI-RECO_CMSSW_6_2_0_SLHC12_2023Scenario_Case3/calabria_SingleMuPt50_GEN-SIM-DIGI-RECO_CMSSW_6_2_0_SLHC12_2023Scenario_Case3/cd3731874e2e70f741b687550e03a01f/out_reco_177_1_7Oa.root;/store/user/calabria/calabria_SingleMuPt50_GEN-SIM-DIGI-RECO_CMSSW_6_2_0_SLHC12_2023Scenario_Case3/calabria_SingleMuPt50_GEN-SIM-DIGI-RECO_CMSSW_6_2_0_SLHC12_2023Scenario_Case3/cd3731874e2e70f741b687550e03a01f/out_reco_179_1_MQX.root;/store/user/calabria/calabria_SingleMuPt50_GEN-SIM-DIGI-RECO_CMSSW_6_2_0_SLHC12_2023Scenario_Case3/calabria_SingleMuPt50_GEN-SIM-DIGI-RECO_CMSSW_6_2_0_SLHC12_2023Scenario_Case3/cd3731874e2e70f741b687550e03a01f/out_reco_181_1_t0z.root;/store/user/calabria/calabria_SingleMuPt50_GEN-SIM-DIGI-RECO_CMSSW_6_2_0_SLHC12_2023Scenario_Case3/calabria_SingleMuPt50_GEN-SIM-DIGI-RECO_CMSSW_6_2_0_SLHC12_2023Scenario_Case3/cd3731874e2e70f741b687550e03a01f/out_reco_183_1_w2r.root;/store/user/calabria/calabria_SingleMuPt50_GEN-SIM-DIGI-RECO_CMSSW_6_2_0_SLHC12_2023Scenario_Case3/calabria_SingleMuPt50_GEN-SIM-DIGI-RECO_CMSSW_6_2_0_SLHC12_2023Scenario_Case3/cd3731874e2e70f741b687550e03a01f/out_reco_185_1_9WM.root;/store/user/calabria/calabria_SingleMuPt50_GEN-SIM-DIGI-RECO_CMSSW_6_2_0_SLHC12_2023Scenario_Case3/calabria_SingleMuPt50_GEN-SIM-DIGI-RECO_CMSSW_6_2_0_SLHC12_2023Scenario_Case3/cd3731874e2e70f741b687550e03a01f/out_reco_187_1_cjZ.root;/store/user/calabria/calabria_SingleMuPt50_GEN-SIM-DIGI-RECO_CMSSW_6_2_0_SLHC12_2023Scenario_Case3/calabria_SingleMuPt50_GEN-SIM-DIGI-RECO_CMSSW_6_2_0_SLHC12_2023Scenario_Case3/cd3731874e2e70f741b687550e03a01f/out_reco_189_1_8wa.root
parentFiles=
lumisRange=
>>> Executable cmsRun
/cvmfs/cms.cern.ch/slc5_amd64_gcc472/cms/cmssw/CMSSW_6_2_0_SLHC12/bin/slc5_amd64_gcc472/cmsRun
ok executable found
>>> info for dashboard:
***** Cat /home/cms043/home_cream_088750228/CREAM088750228/glide_IcnYjX/execute/dir_6693/jobreport.txt *****
MonitorJobID=3_https://vocms83.cern.ch//140616//86811.2
MonitorID=calabria_MuMinus50_Case3_ReReco_9o02eb
ExeStart=cmsRun
***** End Cat jobreport *****
Parameters sent to Dashboard.
>>> cmsRun started at Tue Jun 17 22:09:55 UTC 2014
>>> cmsRun ended at Tue Jun 17 22:16:18 UTC 2014
>>> crab_fjr_*.xml  permission set to 0704
>>> info for dashboard:
***** Cat /home/cms043/home_cream_088750228/CREAM088750228/glide_IcnYjX/execute/dir_6693/jobreport.txt *****
MonitorJobID=3_https://vocms83.cern.ch//140616//86811.2
MonitorID=calabria_MuMinus50_Case3_ReReco_9o02eb
ExeEnd=cmsRun
***** End Cat jobreport *****
Parameters sent to Dashboard.
TIME_EXE = 383 sec
>>> cmsRun wrote 50 lines of stdout+stderr
>>> START OF printout of 50 lines from stdout+stderr
271 DQMStore::DQMStore 
HcalTopologyIdealEP::HcalTopologyIdealEP
18-Jun-2014 00:10:16 CEST  Initiating request to open file file:/lustre/cms//store/user/calabria/calabria_SingleMuPt50_GEN-SIM-DIGI-RECO_CMSSW_6_2_0_SLHC12_2023Scenario_Case3/calabria_SingleMuPt50_GEN-SIM-DIGI-RECO_CMSSW_6_2_0_SLHC12_2023Scenario_Case3/cd3731874e2e70f741b687550e03a01f/out_reco_169_1_cmS.root
18-Jun-2014 00:10:19 CEST  Successfully opened file file:/lustre/cms//store/user/calabria/calabria_SingleMuPt50_GEN-SIM-DIGI-RECO_CMSSW_6_2_0_SLHC12_2023Scenario_Case3/calabria_SingleMuPt50_GEN-SIM-DIGI-RECO_CMSSW_6_2_0_SLHC12_2023Scenario_Case3/cd3731874e2e70f741b687550e03a01f/out_reco_169_1_cmS.root
18-Jun-2014 00:10:56 CEST  Closed file file:/lustre/cms//store/user/calabria/calabria_SingleMuPt50_GEN-SIM-DIGI-RECO_CMSSW_6_2_0_SLHC12_2023Scenario_Case3/calabria_SingleMuPt50_GEN-SIM-DIGI-RECO_CMSSW_6_2_0_SLHC12_2023Scenario_Case3/cd3731874e2e70f741b687550e03a01f/out_reco_169_1_cmS.root
18-Jun-2014 00:10:56 CEST  Initiating request to open file file:/lustre/cms//store/user/calabria/calabria_SingleMuPt50_GEN-SIM-DIGI-RECO_CMSSW_6_2_0_SLHC12_2023Scenario_Case3/calabria_SingleMuPt50_GEN-SIM-DIGI-RECO_CMSSW_6_2_0_SLHC12_2023Scenario_Case3/cd3731874e2e70f741b687550e03a01f/out_reco_172_1_M1O.root
18-Jun-2014 00:10:56 CEST  Successfully opened file file:/lustre/cms//store/user/calabria/calabria_SingleMuPt50_GEN-SIM-DIGI-RECO_CMSSW_6_2_0_SLHC12_2023Scenario_Case3/calabria_SingleMuPt50_GEN-SIM-DIGI-RECO_CMSSW_6_2_0_SLHC12_2023Scenario_Case3/cd3731874e2e70f741b687550e03a01f/out_reco_172_1_M1O.root
18-Jun-2014 00:11:28 CEST  Closed file file:/lustre/cms//store/user/calabria/calabria_SingleMuPt50_GEN-SIM-DIGI-RECO_CMSSW_6_2_0_SLHC12_2023Scenario_Case3/calabria_SingleMuPt50_GEN-SIM-DIGI-RECO_CMSSW_6_2_0_SLHC12_2023Scenario_Case3/cd3731874e2e70f741b687550e03a01f/out_reco_172_1_M1O.root
18-Jun-2014 00:11:28 CEST  Initiating request to open file file:/lustre/cms//store/user/calabria/calabria_SingleMuPt50_GEN-SIM-DIGI-RECO_CMSSW_6_2_0_SLHC12_2023Scenario_Case3/calabria_SingleMuPt50_GEN-SIM-DIGI-RECO_CMSSW_6_2_0_SLHC12_2023Scenario_Case3/cd3731874e2e70f741b687550e03a01f/out_reco_174_1_309.root
18-Jun-2014 00:11:28 CEST  Successfully opened file file:/lustre/cms//store/user/calabria/calabria_SingleMuPt50_GEN-SIM-DIGI-RECO_CMSSW_6_2_0_SLHC12_2023Scenario_Case3/calabria_SingleMuPt50_GEN-SIM-DIGI-RECO_CMSSW_6_2_0_SLHC12_2023Scenario_Case3/cd3731874e2e70f741b687550e03a01f/out_reco_174_1_309.root
18-Jun-2014 00:12:04 CEST  Closed file file:/lustre/cms//store/user/calabria/calabria_SingleMuPt50_GEN-SIM-DIGI-RECO_CMSSW_6_2_0_SLHC12_2023Scenario_Case3/calabria_SingleMuPt50_GEN-SIM-DIGI-RECO_CMSSW_6_2_0_SLHC12_2023Scenario_Case3/cd3731874e2e70f741b687550e03a01f/out_reco_174_1_309.root
18-Jun-2014 00:12:04 CEST  Initiating request to open file file:/lustre/cms//store/user/calabria/calabria_SingleMuPt50_GEN-SIM-DIGI-RECO_CMSSW_6_2_0_SLHC12_2023Scenario_Case3/calabria_SingleMuPt50_GEN-SIM-DIGI-RECO_CMSSW_6_2_0_SLHC12_2023Scenario_Case3/cd3731874e2e70f741b687550e03a01f/out_reco_177_1_7Oa.root
18-Jun-2014 00:12:04 CEST  Successfully opened file file:/lustre/cms//store/user/calabria/calabria_SingleMuPt50_GEN-SIM-DIGI-RECO_CMSSW_6_2_0_SLHC12_2023Scenario_Case3/calabria_SingleMuPt50_GEN-SIM-DIGI-RECO_CMSSW_6_2_0_SLHC12_2023Scenario_Case3/cd3731874e2e70f741b687550e03a01f/out_reco_177_1_7Oa.root
18-Jun-2014 00:12:36 CEST  Closed file file:/lustre/cms//store/user/calabria/calabria_SingleMuPt50_GEN-SIM-DIGI-RECO_CMSSW_6_2_0_SLHC12_2023Scenario_Case3/calabria_SingleMuPt50_GEN-SIM-DIGI-RECO_CMSSW_6_2_0_SLHC12_2023Scenario_Case3/cd3731874e2e70f741b687550e03a01f/out_reco_177_1_7Oa.root
18-Jun-2014 00:12:36 CEST  Initiating request to open file file:/lustre/cms//store/user/calabria/calabria_SingleMuPt50_GEN-SIM-DIGI-RECO_CMSSW_6_2_0_SLHC12_2023Scenario_Case3/calabria_SingleMuPt50_GEN-SIM-DIGI-RECO_CMSSW_6_2_0_SLHC12_2023Scenario_Case3/cd3731874e2e70f741b687550e03a01f/out_reco_179_1_MQX.root
18-Jun-2014 00:12:36 CEST  Successfully opened file file:/lustre/cms//store/user/calabria/calabria_SingleMuPt50_GEN-SIM-DIGI-RECO_CMSSW_6_2_0_SLHC12_2023Scenario_Case3/calabria_SingleMuPt50_GEN-SIM-DIGI-RECO_CMSSW_6_2_0_SLHC12_2023Scenario_Case3/cd3731874e2e70f741b687550e03a01f/out_reco_179_1_MQX.root
18-Jun-2014 00:13:11 CEST  Closed file file:/lustre/cms//store/user/calabria/calabria_SingleMuPt50_GEN-SIM-DIGI-RECO_CMSSW_6_2_0_SLHC12_2023Scenario_Case3/calabria_SingleMuPt50_GEN-SIM-DIGI-RECO_CMSSW_6_2_0_SLHC12_2023Scenario_Case3/cd3731874e2e70f741b687550e03a01f/out_reco_179_1_MQX.root
18-Jun-2014 00:13:11 CEST  Initiating request to open file file:/lustre/cms//store/user/calabria/calabria_SingleMuPt50_GEN-SIM-DIGI-RECO_CMSSW_6_2_0_SLHC12_2023Scenario_Case3/calabria_SingleMuPt50_GEN-SIM-DIGI-RECO_CMSSW_6_2_0_SLHC12_2023Scenario_Case3/cd3731874e2e70f741b687550e03a01f/out_reco_181_1_t0z.root
18-Jun-2014 00:13:11 CEST  Successfully opened file file:/lustre/cms//store/user/calabria/calabria_SingleMuPt50_GEN-SIM-DIGI-RECO_CMSSW_6_2_0_SLHC12_2023Scenario_Case3/calabria_SingleMuPt50_GEN-SIM-DIGI-RECO_CMSSW_6_2_0_SLHC12_2023Scenario_Case3/cd3731874e2e70f741b687550e03a01f/out_reco_181_1_t0z.root
18-Jun-2014 00:13:47 CEST  Closed file file:/lustre/cms//store/user/calabria/calabria_SingleMuPt50_GEN-SIM-DIGI-RECO_CMSSW_6_2_0_SLHC12_2023Scenario_Case3/calabria_SingleMuPt50_GEN-SIM-DIGI-RECO_CMSSW_6_2_0_SLHC12_2023Scenario_Case3/cd3731874e2e70f741b687550e03a01f/out_reco_181_1_t0z.root
18-Jun-2014 00:13:47 CEST  Initiating request to open file file:/lustre/cms//store/user/calabria/calabria_SingleMuPt50_GEN-SIM-DIGI-RECO_CMSSW_6_2_0_SLHC12_2023Scenario_Case3/calabria_SingleMuPt50_GEN-SIM-DIGI-RECO_CMSSW_6_2_0_SLHC12_2023Scenario_Case3/cd3731874e2e70f741b687550e03a01f/out_reco_183_1_w2r.root
18-Jun-2014 00:13:47 CEST  Successfully opened file file:/lustre/cms//store/user/calabria/calabria_SingleMuPt50_GEN-SIM-DIGI-RECO_CMSSW_6_2_0_SLHC12_2023Scenario_Case3/calabria_SingleMuPt50_GEN-SIM-DIGI-RECO_CMSSW_6_2_0_SLHC12_2023Scenario_Case3/cd3731874e2e70f741b687550e03a01f/out_reco_183_1_w2r.root
18-Jun-2014 00:14:17 CEST  Closed file file:/lustre/cms//store/user/calabria/calabria_SingleMuPt50_GEN-SIM-DIGI-RECO_CMSSW_6_2_0_SLHC12_2023Scenario_Case3/calabria_SingleMuPt50_GEN-SIM-DIGI-RECO_CMSSW_6_2_0_SLHC12_2023Scenario_Case3/cd3731874e2e70f741b687550e03a01f/out_reco_183_1_w2r.root
18-Jun-2014 00:14:17 CEST  Initiating request to open file file:/lustre/cms//store/user/calabria/calabria_SingleMuPt50_GEN-SIM-DIGI-RECO_CMSSW_6_2_0_SLHC12_2023Scenario_Case3/calabria_SingleMuPt50_GEN-SIM-DIGI-RECO_CMSSW_6_2_0_SLHC12_2023Scenario_Case3/cd3731874e2e70f741b687550e03a01f/out_reco_185_1_9WM.root
18-Jun-2014 00:14:17 CEST  Successfully opened file file:/lustre/cms//store/user/calabria/calabria_SingleMuPt50_GEN-SIM-DIGI-RECO_CMSSW_6_2_0_SLHC12_2023Scenario_Case3/calabria_SingleMuPt50_GEN-SIM-DIGI-RECO_CMSSW_6_2_0_SLHC12_2023Scenario_Case3/cd3731874e2e70f741b687550e03a01f/out_reco_185_1_9WM.root
18-Jun-2014 00:14:46 CEST  Closed file file:/lustre/cms//store/user/calabria/calabria_SingleMuPt50_GEN-SIM-DIGI-RECO_CMSSW_6_2_0_SLHC12_2023Scenario_Case3/calabria_SingleMuPt50_GEN-SIM-DIGI-RECO_CMSSW_6_2_0_SLHC12_2023Scenario_Case3/cd3731874e2e70f741b687550e03a01f/out_reco_185_1_9WM.root
18-Jun-2014 00:14:46 CEST  Initiating request to open file file:/lustre/cms//store/user/calabria/calabria_SingleMuPt50_GEN-SIM-DIGI-RECO_CMSSW_6_2_0_SLHC12_2023Scenario_Case3/calabria_SingleMuPt50_GEN-SIM-DIGI-RECO_CMSSW_6_2_0_SLHC12_2023Scenario_Case3/cd3731874e2e70f741b687550e03a01f/out_reco_187_1_cjZ.root
18-Jun-2014 00:14:46 CEST  Successfully opened file file:/lustre/cms//store/user/calabria/calabria_SingleMuPt50_GEN-SIM-DIGI-RECO_CMSSW_6_2_0_SLHC12_2023Scenario_Case3/calabria_SingleMuPt50_GEN-SIM-DIGI-RECO_CMSSW_6_2_0_SLHC12_2023Scenario_Case3/cd3731874e2e70f741b687550e03a01f/out_reco_187_1_cjZ.root
18-Jun-2014 00:15:18 CEST  Closed file file:/lustre/cms//store/user/calabria/calabria_SingleMuPt50_GEN-SIM-DIGI-RECO_CMSSW_6_2_0_SLHC12_2023Scenario_Case3/calabria_SingleMuPt50_GEN-SIM-DIGI-RECO_CMSSW_6_2_0_SLHC12_2023Scenario_Case3/cd3731874e2e70f741b687550e03a01f/out_reco_187_1_cjZ.root
18-Jun-2014 00:15:18 CEST  Initiating request to open file file:/lustre/cms//store/user/calabria/calabria_SingleMuPt50_GEN-SIM-DIGI-RECO_CMSSW_6_2_0_SLHC12_2023Scenario_Case3/calabria_SingleMuPt50_GEN-SIM-DIGI-RECO_CMSSW_6_2_0_SLHC12_2023Scenario_Case3/cd3731874e2e70f741b687550e03a01f/out_reco_189_1_8wa.root
18-Jun-2014 00:15:18 CEST  Successfully opened file file:/lustre/cms//store/user/calabria/calabria_SingleMuPt50_GEN-SIM-DIGI-RECO_CMSSW_6_2_0_SLHC12_2023Scenario_Case3/calabria_SingleMuPt50_GEN-SIM-DIGI-RECO_CMSSW_6_2_0_SLHC12_2023Scenario_Case3/cd3731874e2e70f741b687550e03a01f/out_reco_189_1_8wa.root
18-Jun-2014 00:16:18 CEST  Closed file file:/lustre/cms//store/user/calabria/calabria_SingleMuPt50_GEN-SIM-DIGI-RECO_CMSSW_6_2_0_SLHC12_2023Scenario_Case3/calabria_SingleMuPt50_GEN-SIM-DIGI-RECO_CMSSW_6_2_0_SLHC12_2023Scenario_Case3/cd3731874e2e70f741b687550e03a01f/out_reco_189_1_8wa.root

=============================================

MessageLogger Summary

 type     category        sev    module        subroutine        count    total
 ---- -------------------- -- ---------------- ----------------  -----    -----
    1 fileAction           -s file_close                            10       10
    2 fileAction           -s file_open                             20       20

 type    category    Examples: run/evt        run/evt          run/evt
 ---- -------------------- ---------------- ---------------- ----------------
    1 fileAction           PostProcessEvent PostProcessEvent PostEndRun
    2 fileAction           pre-events       pre-events       PostProcessEvent

Severity    # Occurrences   Total Occurrences
--------    -------------   -----------------
System                 30                  30
>>> END OF printout of 50 lines from stdout+stderr
>>> Parse FrameworkJobReport crab_fjr.xml
Result of parsing the FrameworkJobReport crab_fjr.xml: Popularity start
lumisRange : 1::::1;1::::2;1::::3;1::::4;1::::5;1::::6;1::::7;1::::8;1::::9;1::::10;
lumisParentRange : 
Basename : /store/user/calabria/calabria_SingleMuPt50_GEN-SIM-DIGI-RECO_CMSSW_6_2_0_SLHC12_2023Scenario_Case3/calabria_SingleMuPt50_GEN-SIM-DIGI-RECO_CMSSW_6_2_0_SLHC12_2023Scenario_Case3/cd3731874e2e70f741b687550e03a01f/out_reco_1
BasenameParent : 
parentFiles : 
inputBlocks : /calabria_SingleMuPt50_GEN-SIM-DIGI-RECO_CMSSW_6_2_0_SLHC12_2023Scenario_Case3/calabria-calabria_SingleMuPt50_GEN-SIM-DIGI-RECO_CMSSW_6_2_0_SLHC12_2023Scenario_Case3-cd3731874e2e70f741b687550e03a01f/USER#07dedc8c-8ee0-4add-8cce-85c812e3adce
inputFiles : 81_1_t0z.root::1::EDM::Local::1;87_1_cjZ.root::1::EDM::Local::2;89_1_8wa.root::1::EDM::Local::3;74_1_309.root::1::EDM::Local::4;83_1_w2r.root::1::EDM::Local::5;79_1_MQX.root::1::EDM::Local::6;69_1_cmS.root::1::EDM::Local::7;72_1_M1O.root::1::EDM::Local::8;85_1_9WM.root::1::EDM::Local::9;77_1_7Oa.root::1::EDM::Local::10;
Popularity stop
Extracted ExitStatus from FrameworkJobReport parsing output: 0
>>> Executable succeded  0
ExeExitCode=0
EXECUTABLE_EXIT_STATUS = 0
>>> current directory /home/cms043/home_cream_088750228/CREAM088750228/glide_IcnYjX/execute/dir_6693/CMSSW_6_2_0_SLHC12
>>>  (SOFTWARE_DIR): /home/cms043/home_cream_088750228/CREAM088750228/glide_IcnYjX/execute/dir_6693/CMSSW_6_2_0_SLHC12
>>> (WORKING_DIR): 
>>> current directory content:
total 10516
drwxr-xr-x 3 cms043 cms    4096 Jun 18 00:09 .SCRAM
-rw------- 1 cms043 cms 3739063 Jun 18 00:09 CMSSW.py.pkl
drwxr-xr-x 3 cms043 cms    4096 Jun 18 00:09 bin
drwxr-xr-x 3 cms043 cms    4096 Jun 18 00:09 cfipython
drwxr-xr-x 4 cms043 cms    4096 Jun 18 00:09 config
-rw------- 1 cms043 cms      17 Jun 18 00:16 cpu_timing.txt
drwxr-xr-x 2 cms043 cms    4096 Jun 18 00:09 doc
-rw------- 1 cms043 cms    9925 Jun 18 00:16 executable.out
drwxr-xr-x 2 cms043 cms    4096 Jun 18 00:09 include
drwx------ 3 cms043 cms    4096 Apr 28 18:12 lib
drwxr-xr-x 3 cms043 cms    4096 Jun 18 00:09 logs
drwxr-xr-x 3 cms043 cms    4096 Jun 18 00:09 objs
-rw------- 1 cms043 cms     104 Jun 18 00:09 pset.py
-rw------- 1 cms043 cms 3712312 Jun 18 00:09 pset.py.pkl
-rw------- 1 cms043 cms     289 Jun 18 00:09 pset.pyc
drwxr-xr-x 2 cms043 cms    4096 Jun 18 00:09 python
-rw------- 1 cms043 cms     386 Jun 18 00:16 report.log
drwx------ 6 cms043 cms    4096 Jun 18 00:09 src
drwxr-xr-x 3 cms043 cms    4096 Jun 18 00:09 test
drwxr-xr-x 3 cms043 cms    4096 Jun 18 00:09 tmp
-rw------- 1 cms043 cms 3216224 Jun 18 00:16 validationEDM.root
>>> current directory /home/cms043/home_cream_088750228/CREAM088750228/glide_IcnYjX/execute/dir_6693/CMSSW_6_2_0_SLHC12
>>> (SOFTWARE_DIR): /home/cms043/home_cream_088750228/CREAM088750228/glide_IcnYjX/execute/dir_6693/CMSSW_6_2_0_SLHC12
>>> (WORKING_DIR): 
>>> current directory content:
total 10516
drwxr-xr-x 3 cms043 cms    4096 Jun 18 00:09 .SCRAM
-rw------- 1 cms043 cms 3739063 Jun 18 00:09 CMSSW.py.pkl
drwxr-xr-x 3 cms043 cms    4096 Jun 18 00:09 bin
drwxr-xr-x 3 cms043 cms    4096 Jun 18 00:09 cfipython
drwxr-xr-x 4 cms043 cms    4096 Jun 18 00:09 config
-rw------- 1 cms043 cms      17 Jun 18 00:16 cpu_timing.txt
drwxr-xr-x 2 cms043 cms    4096 Jun 18 00:09 doc
-rw------- 1 cms043 cms    9925 Jun 18 00:16 executable.out
drwxr-xr-x 2 cms043 cms    4096 Jun 18 00:09 include
drwx------ 3 cms043 cms    4096 Apr 28 18:12 lib
drwxr-xr-x 3 cms043 cms    4096 Jun 18 00:09 logs
drwxr-xr-x 3 cms043 cms    4096 Jun 18 00:09 objs
-rw------- 1 cms043 cms     104 Jun 18 00:09 pset.py
-rw------- 1 cms043 cms 3712312 Jun 18 00:09 pset.py.pkl
-rw------- 1 cms043 cms     289 Jun 18 00:09 pset.pyc
drwxr-xr-x 2 cms043 cms    4096 Jun 18 00:09 python
-rw------- 1 cms043 cms     386 Jun 18 00:16 report.log
drwx------ 6 cms043 cms    4096 Jun 18 00:09 src
drwxr-xr-x 3 cms043 cms    4096 Jun 18 00:09 test
drwxr-xr-x 3 cms043 cms    4096 Jun 18 00:09 tmp
-rw------- 1 cms043 cms 3216224 Jun 18 00:16 validationEDM_3_1_iDN.root
>>> current directory (RUNTIME_AREA):  /home/cms043/home_cream_088750228/CREAM088750228/glide_IcnYjX/execute/dir_6693
SE = storm-se-01.ba.infn.it
SE_PATH = /srm/managerv2?SFN=//cms/store/user/calabria/calabria_SingleMuPt50_GEN-SIM-DIGI-RECO_CMSSW_6_2_0_SLHC12_2023Scenario_Case3/calabria_MuMinus50_GEN-SIM-DIGI-RECO_CMSSW_6_2_0_SLHC12_2023Scenario_VALNOPU2_Case3/5854dd31cbd3cdec44c48628cc181cf0/
LFNBaseName = /store/user/calabria/calabria_SingleMuPt50_GEN-SIM-DIGI-RECO_CMSSW_6_2_0_SLHC12_2023Scenario_Case3/calabria_MuMinus50_GEN-SIM-DIGI-RECO_CMSSW_6_2_0_SLHC12_2023Scenario_VALNOPU2_Case3/5854dd31cbd3cdec44c48628cc181cf0/
USER = calabria
endpoint = srm://storm-se-01.ba.infn.it:8444/srm/managerv2?SFN=//cms/store/user/calabria/calabria_SingleMuPt50_GEN-SIM-DIGI-RECO_CMSSW_6_2_0_SLHC12_2023Scenario_Case3/calabria_MuMinus50_GEN-SIM-DIGI-RECO_CMSSW_6_2_0_SLHC12_2023Scenario_VALNOPU2_Case3/5854dd31cbd3cdec44c48628cc181cf0/
>>> Copy output files from WN = pccms92.ba.infn.it to /srm/managerv2?SFN=//cms/store/user/calabria/calabria_SingleMuPt50_GEN-SIM-DIGI-RECO_CMSSW_6_2_0_SLHC12_2023Scenario_Case3/calabria_MuMinus50_GEN-SIM-DIGI-RECO_CMSSW_6_2_0_SLHC12_2023Scenario_VALNOPU2_Case3/5854dd31cbd3cdec44c48628cc181cf0/ :
python cmscp.py  --destination srm://storm-se-01.ba.infn.it:8444/srm/managerv2?SFN=//cms/store/user/calabria/calabria_SingleMuPt50_GEN-SIM-DIGI-RECO_CMSSW_6_2_0_SLHC12_2023Scenario_Case3/calabria_MuMinus50_GEN-SIM-DIGI-RECO_CMSSW_6_2_0_SLHC12_2023Scenario_VALNOPU2_Case3/5854dd31cbd3cdec44c48628cc181cf0/ --inputFileList /home/cms043/home_cream_088750228/CREAM088750228/glide_IcnYjX/execute/dir_6693/CMSSW_6_2_0_SLHC12/validationEDM_3_1_iDN.root --middleware LCG --se_name storm-se-01.ba.infn.it --for_lfn /store/user/calabria/calabria_SingleMuPt50_GEN-SIM-DIGI-RECO_CMSSW_6_2_0_SLHC12_2023Scenario_Case3/calabria_MuMinus50_GEN-SIM-DIGI-RECO_CMSSW_6_2_0_SLHC12_2023Scenario_VALNOPU2_Case3/5854dd31cbd3cdec44c48628cc181cf0/    
******************************************************
localSeName  =  storm-se-01.ba.infn.it
remoteSeName =  storm-se-01.ba.infn.it
******************************************************
{"/home/cms043/home_cream_088750228/CREAM088750228/glide_IcnYjX/execute/dir_6693/CMSSW_6_2_0_SLHC12/validationEDM_3_1_iDN.root": {"endpoint": "srm://storm-se-01.ba.infn.it:8444/srm/managerv2?SFN=//cms/store/user/calabria/calabria_SingleMuPt50_GEN-SIM-DIGI-RECO_CMSSW_6_2_0_SLHC12_2023Scenario_Case3/calabria_MuMinus50_GEN-SIM-DIGI-RECO_CMSSW_6_2_0_SLHC12_2023Scenario_VALNOPU2_Case3/5854dd31cbd3cdec44c48628cc181cf0/", "surl_for_grid": "", "reason": "Copy succedeed with srm-lcg utils", "erCode": "0", "se_name": "storm-se-01.ba.infn.it", "for_lfn": "/store/user/calabria/calabria_SingleMuPt50_GEN-SIM-DIGI-RECO_CMSSW_6_2_0_SLHC12_2023Scenario_Case3/calabria_MuMinus50_GEN-SIM-DIGI-RECO_CMSSW_6_2_0_SLHC12_2023Scenario_VALNOPU2_Case3/5854dd31cbd3cdec44c48628cc181cf0/"}}/home/cms043/home_cream_088750228/CREAM088750228/glide_IcnYjX/execute/dir_6693
-------- cat /home/cms043/home_cream_088750228/CREAM088750228/glide_IcnYjX/execute/dir_6693/cmscpReport.sh 
#!/bin/bash
echo "Report for File: /home/cms043/home_cream_088750228/CREAM088750228/glide_IcnYjX/execute/dir_6693/CMSSW_6_2_0_SLHC12/validationEDM_3_1_iDN.root"
echo "LFN: /store/user/calabria/calabria_SingleMuPt50_GEN-SIM-DIGI-RECO_CMSSW_6_2_0_SLHC12_2023Scenario_Case3/calabria_MuMinus50_GEN-SIM-DIGI-RECO_CMSSW_6_2_0_SLHC12_2023Scenario_VALNOPU2_Case3/5854dd31cbd3cdec44c48628cc181cf0/validationEDM_3_1_iDN.root"
echo "StorageElement: storm-se-01.ba.infn.it"
echo "StageOutExitStatusReason = 'Copy succedeed with srm-lcg utils'" | tee -a $RUNTIME_AREA/$repo
echo "StageOutSE = storm-se-01.ba.infn.it" >> $RUNTIME_AREA/$repo

export StageOutExitStatus=0
echo "StageOutExitStatus = 0" | tee -a $RUNTIME_AREA/$repo
-------- end of /home/cms043/home_cream_088750228/CREAM088750228/glide_IcnYjX/execute/dir_6693/cmscpReport.sh 
Report for File: /home/cms043/home_cream_088750228/CREAM088750228/glide_IcnYjX/execute/dir_6693/CMSSW_6_2_0_SLHC12/validationEDM_3_1_iDN.root
LFN: /store/user/calabria/calabria_SingleMuPt50_GEN-SIM-DIGI-RECO_CMSSW_6_2_0_SLHC12_2023Scenario_Case3/calabria_MuMinus50_GEN-SIM-DIGI-RECO_CMSSW_6_2_0_SLHC12_2023Scenario_VALNOPU2_Case3/5854dd31cbd3cdec44c48628cc181cf0/validationEDM_3_1_iDN.root
StorageElement: storm-se-01.ba.infn.it
StageOutExitStatusReason = 'Copy succedeed with srm-lcg utils'
StageOutExitStatus = 0
>>> current dir: /home/cms043/home_cream_088750228/CREAM088750228/glide_IcnYjX/execute/dir_6693
>>> current dir content:
total 28076
-rw-------  1 cms043 cms     2771 Jun 18 00:17 .SEinteraction.log
-rwx------  1 cms043 cms     6782 Jun 18 00:09 .job.ad
-rwx------  1 cms043 cms     9418 Jun 18 00:09 .machine.ad
-rw-------  1 cms043 cms      105 Jun 16 20:39 CMSSW.py
-rw-------  1 cms043 cms  3739063 Jun 16 20:39 CMSSW.py.pkl
-rwx------  1 cms043 cms    29556 Jun 18 00:09 CMSSW.sh
drwxr-xr-x 15 cms043 cms     4096 Jun 18 00:16 CMSSW_6_2_0_SLHC12
-rw-------  1 cms043 cms      219 Jun 18 00:09 CacheEnv.sh
-rw-------  1 cms043 cms     7291 Apr  4 11:04 DashboardAPI.py
-rw-------  1 cms043 cms     6800 Jun 18 00:09 DashboardAPI.pyc
drwx------  2 cms043 cms     4096 Jun 18 00:16 IMProv
-rw-------  1 cms043 cms     2748 Apr  4 11:04 Logger.py
-rw-------  1 cms043 cms     3342 Jun 18 00:09 Logger.pyc
-rw-------  1 cms043 cms    24524 Apr  4 11:04 ProcInfo.py
-rw-------  1 cms043 cms    23173 Jun 18 00:09 ProcInfo.pyc
drwx------  7 cms043 cms     4096 Jun 18 00:09 ProdCommon
drwx------  3 cms043 cms     4096 Jun 18 00:09 WMCore
-rw-------  1 cms043 cms     2100 Jun 18 00:16 Watchdog_3.log
-rwx------  1 cms043 cms        0 Jun 18 00:09 _condor_stderr
-rwx---r--  1 cms043 cms    29328 Jun 18 00:17 _condor_stdout
-rw-------  1 cms043 cms    32895 Apr  4 11:04 apmon.py
-rw-------  1 cms043 cms    28596 Jun 18 00:09 apmon.pyc
-rwx------  1 cms043 cms    53473 Jun 18 00:09 arguments.xml
-rwx------  1 cms043 cms    38515 Apr  4 11:04 cmscp.py
-rw-------  1 cms043 cms      715 Jun 18 00:17 cmscpReport.sh
-rwx------  1 cms043 cms    29556 Jun 18 00:09 condor_exec.exe
-rw-------  1 cms043 cms      958 Jun 16 20:39 crab.cfg
-rwx------  1 cms043 cms     8610 Apr  4 11:04 crabWatchdog.sh
-rwx---r--  1 cms043 cms   523265 Jun 18 00:16 crab_fjr_3.xml
-rwx------  1 cms043 cms 23959846 Jun 18 00:09 default.tgz
-rwx------  1 cms043 cms     4488 Apr  4 11:04 fillCrabFjr.py
-rw-------  1 cms043 cms     2629 Jun 18 00:09 inputsReport.txt
-rw-------  1 cms043 cms      253 Jun 18 00:17 jobreport.txt
-rw-------  1 cms043 cms    17352 Apr  4 11:04 parseCrabFjr.py
-rw-------  1 cms043 cms      313 Jun 18 00:09 report.log
-rwx--x--x  1 cms043 cms     1497 Apr  4 11:04 report.py
-rw-------  1 cms043 cms      770 Jun 18 00:17 resultCopyFile
lrwxrwxrwx  1 cms043 cms      124 Jun 18 00:16 validationEDM.root -> /home/cms043/home_cream_088750228/CREAM088750228/glide_IcnYjX/execute/dir_6693/CMSSW_6_2_0_SLHC12/validationEDM_3_1_iDN.root
-rwx------  1 cms043 cms     8387 Apr  4 11:04 writeCfg.py
-rw-------  1 cms043 cms     8010 Jun 18 00:09 x509up_u50707
>>> Modify Job Report:
CMSSW_VERSION = CMSSW_6_2_0_SLHC12
ProcessedDataset = calabria_MuMinus50_GEN-SIM-DIGI-RECO_CMSSW_6_2_0_SLHC12_2023Scenario_VALNOPU2_Case3
/home/cms043/home_cream_088750228/CREAM088750228/glide_IcnYjX/execute/dir_6693/ProdCommon/FwkJobRep/ModifyJobReport.py fjr /home/cms043/home_cream_088750228/CREAM088750228/glide_IcnYjX/execute/dir_6693/crab_fjr_3.xml json /home/cms043/home_cream_088750228/CREAM088750228/glide_IcnYjX/execute/dir_6693/resultCopyFile n_job 3_1_iDN PrimaryDataset calabria_SingleMuPt50_GEN-SIM-DIGI-RECO_CMSSW_6_2_0_SLHC12_2023Scenario_Case3  ApplicationFamily cmsRun ApplicationName cmsRun cmssw_version CMSSW_6_2_0_SLHC12 psethash 5854dd31cbd3cdec44c48628cc181cf0 UserProcessedDataset calabria-calabria_MuMinus50_GEN-SIM-DIGI-RECO_CMSSW_6_2_0_SLHC12_2023Scenario_VALNOPU2_Case3-5854dd31cbd3cdec44c48628cc181cf0
inputDict =  {u'/home/cms043/home_cream_088750228/CREAM088750228/glide_IcnYjX/execute/dir_6693/CMSSW_6_2_0_SLHC12/validationEDM_3_1_iDN.root': {u'endpoint': u'srm://storm-se-01.ba.infn.it:8444/srm/managerv2?SFN=//cms/store/user/calabria/calabria_SingleMuPt50_GEN-SIM-DIGI-RECO_CMSSW_6_2_0_SLHC12_2023Scenario_Case3/calabria_MuMinus50_GEN-SIM-DIGI-RECO_CMSSW_6_2_0_SLHC12_2023Scenario_VALNOPU2_Case3/5854dd31cbd3cdec44c48628cc181cf0/', u'surl_for_grid': u'', u'reason': u'Copy succedeed with srm-lcg utils', u'erCode': u'0', u'se_name': u'storm-se-01.ba.infn.it', u'for_lfn': u'/store/user/calabria/calabria_SingleMuPt50_GEN-SIM-DIGI-RECO_CMSSW_6_2_0_SLHC12_2023Scenario_Case3/calabria_MuMinus50_GEN-SIM-DIGI-RECO_CMSSW_6_2_0_SLHC12_2023Scenario_VALNOPU2_Case3/5854dd31cbd3cdec44c48628cc181cf0/'}}
UserProcessedDataset =  calabria-calabria_MuMinus50_GEN-SIM-DIGI-RECO_CMSSW_6_2_0_SLHC12_2023Scenario_VALNOPU2_Case3-5854dd31cbd3cdec44c48628cc181cf0
file_name in inputDict =  /home/cms043/home_cream_088750228/CREAM088750228/glide_IcnYjX/execute/dir_6693/CMSSW_6_2_0_SLHC12/validationEDM_3_1_iDN.root
(size) os.stat(filename)[6] =  3216224
checksum =  3481767917
    file =  validationEDM_3_1_iDN.root
    newPfn =  srm://storm-se-01.ba.infn.it:8444/srm/managerv2?SFN=//cms/store/user/calabria/calabria_SingleMuPt50_GEN-SIM-DIGI-RECO_CMSSW_6_2_0_SLHC12_2023Scenario_Case3/calabria_MuMinus50_GEN-SIM-DIGI-RECO_CMSSW_6_2_0_SLHC12_2023Scenario_VALNOPU2_Case3/5854dd31cbd3cdec44c48628cc181cf0/validationEDM_3_1_iDN.root
    newLfn =  /store/user/calabria/calabria_SingleMuPt50_GEN-SIM-DIGI-RECO_CMSSW_6_2_0_SLHC12_2023Scenario_Case3/calabria_MuMinus50_GEN-SIM-DIGI-RECO_CMSSW_6_2_0_SLHC12_2023Scenario_VALNOPU2_Case3/5854dd31cbd3cdec44c48628cc181cf0/validationEDM_3_1_iDN.root
>>> crab_fjr_*.xml  permission set to 0704
CrabWrapper EXIT_FUNC entered at Wed Jun 18 00:17:14 CEST 2014   -  Tue Jun 17 22:17:14 UTC 2014
Checking output files:  
will tar file crab_fjr_3.xml in  out_files_3
WARNING: output file CMSSW_3.stdout not found!
WARNING: output file CMSSW_3.stderr not found!
WARNING: output file Watchdog_3.log.gz not found!
>>> padding time: Sleeping the wrapper for 135 seconds
STOPPING WATCHDOG. CrabWatchdog PID is 7338
********** LAST 50 LINES OF WATCHDOG LOG
# RESOURCE USAGE SUMMARY FOR PROCESS ID  7139
USER       PID %CPU %MEM    VSZ   RSS TTY      STAT START   TIME COMMAND
cms043    7139  0.5  0.0   9496  1596 ?        S    00:09   0:00 /bin/sh /home/cms043/home_cream_088750228/CREAM088750228/glide_IcnYjX/execute/dir_6693/condor_exec.exe 3 1
 
# LIMITS USED BY CRAB WATCHDOG:
# RSS  (KBytes)   : 2300000
# VSZ  (KBytes)   : 100000000
# DISK (MBytes)   : 19000
# CPU TIME        : 720h:0m:0s
# WALL CLOCK TIME : 21h:50m:0s
 
# FOLLOWING PRINTOUT TRACKS MAXIMUM VALUES OF RESOURCES USE
# ONE LINE IS PRINTED EACH TIME A MAXIMUM CHANGES
# IF CHANGE WAS IN RSS OR VSZ ALSO PROCID AND COMMAND ARE PRINTED
# THERE IS NO PRINTOUT FOR CPU/WALL TIME INCREASE
 
# TIME			PID	RSS(KB)	VSZ(KB)	Dsk(MB)	tCPU(s)	tWALL(s)	COMMAND
 Jun 18 00:09:35 CEST	6693	8416	93608	0	0	1	condor_starter -f vocms83.cern.ch        
 Jun 18 00:09:35 CEST	7350	30168	96760	0	0	1	edmConfigHash pset.py         
 Jun 18 00:09:35 CEST	9628	30168	106092	0	0	1	sh -c "./glidein_startup.sh" -v std -name v1_3 -entry CMS_T2_IT_Bari_ce4 -clientname UCSD-v1_0.main
 Jun 18 00:09:35 CEST	9635	30168	106492	0	0	1	/bin/bash ./glidein_startup.sh -v std -name v1_3 -entry CMS_T2_IT_Bari_ce4 -clientname UCSD-v1_0.main -schedd
 Jun 18 00:09:35 CEST	---	30168	106492	171	----	----	----
 Jun 18 00:10:37 CEST	8190	709984	979272	171	34	62	cmsRun -j /home/cms043/home_cream_088750228/CREAM088750228/glide_IcnYjX/execute/dir_6693/crab_fjr_3.xml -p pset.py      
 Jun 18 00:10:37 CEST	---	709984	979272	175	----	----	----
 Jun 18 00:11:38 CEST	8190	736788	1005456	175	85	123	cmsRun -j /home/cms043/home_cream_088750228/CREAM088750228/glide_IcnYjX/execute/dir_6693/crab_fjr_3.xml -p pset.py      
 Jun 18 00:13:40 CEST	8190	746916	1021328	175	189	245	cmsRun -j /home/cms043/home_cream_088750228/CREAM088750228/glide_IcnYjX/execute/dir_6693/crab_fjr_3.xml -p pset.py      
 Jun 18 00:15:42 CEST	8190	752364	1035664	175	289	367	cmsRun -j /home/cms043/home_cream_088750228/CREAM088750228/glide_IcnYjX/execute/dir_6693/crab_fjr_3.xml -p pset.py      
 Jun 18 00:16:43 CEST	---	752364	1035664	179	----	----	----
********** WATCHDOG LOG ENDED
ZIPPING WATCHDOG LOG
Disk space used:
du -sh /home/cms043/home_cream_088750228/CREAM088750228/glide_IcnYjX/execute/dir_6693
179M	/home/cms043/home_cream_088750228/CREAM088750228/glide_IcnYjX/execute/dir_6693
Found unusual stdout, rename for OSB
`/home/cms043/home_cream_088750228/CREAM088750228/glide_IcnYjX/execute/dir_6693/_condor_stdout' -> `CMSSW_3.stdout'
Found unusual stderr, rename for OSB
`/home/cms043/home_cream_088750228/CREAM088750228/glide_IcnYjX/execute/dir_6693/_condor_stdout' -> `CMSSW_3.stderr'
crab_fjr_3.xml
CMSSW_3.stdout
CMSSW_3.stderr
Watchdog_3.log.gz
Total Output dimension: 69815
WARNING: output files size limit is set to: 50000000
Total Output dimension 69815 is fine.
JOB_EXIT_STATUS = 0
>>> info for dashboard:
***** Cat /home/cms043/home_cream_088750228/CREAM088750228/glide_IcnYjX/execute/dir_6693/jobreport.txt *****
MonitorJobID=3_https://vocms83.cern.ch//140616//86811.2
MonitorID=calabria_MuMinus50_Case3_ReReco_9o02eb
ExeTime=383
ExeExitCode=0
StageOutExitStatusReason = 'Copy succedeed with srm-lcg utils'
StageOutSE = storm-se-01.ba.infn.it
StageOutExitStatus = 0
CrabUserCpuTime=288.66
CrabSysCpuTime=37.35
CrabCpuPercentage=85%
CrabWrapperTime=600
CrabStageoutTime=48
JobExitCode=0
***** End Cat jobreport *****
Parameters sent to Dashboard.
EXITING at Wed Jun 18 00:19:34 CEST 2014  -  Tue Jun 17 22:19:34 UTC 2014
