This script was generated by crab (version 2.10.5_patch1).
Running /home/cms036/home_cream_285285239/CREAM285285239/glide_MIMFty/execute/dir_423/condor_exec.exe with 2 positional parameters: 12 1
Today is Wed Jun 18 00:19:52 CEST 2014 - Tue Jun 17 22:19:52 UTC 2014
Job submitted on host wizard05.ba.infn.it
Linux wizard05.ba.infn.it 2.6.32-358.23.2.el6.x86_64 #1 SMP Thu Oct 17 10:27:22 CEST 2013 x86_64 x86_64 x86_64 GNU/Linux
>>> current directory (RUNTIME_AREA): /home/cms036/home_cream_285285239/CREAM285285239/glide_MIMFty/execute/dir_423
>>> current user: uid=18592(cms036) gid=1399(cms) groups=1399(cms)
>>> directory permission set to 0700
>>> umask set to:  u=rwx,g=,o=
>>> stdout stderr permission set to 0704
>>> voms proxy information:
subject   : /C=IT/O=INFN/OU=Personal Certificate/L=Bari/CN=Cesare Calabria/CN=477126703/CN=1395158235
issuer    : /C=IT/O=INFN/OU=Personal Certificate/L=Bari/CN=Cesare Calabria/CN=477126703
identity  : /C=IT/O=INFN/OU=Personal Certificate/L=Bari/CN=Cesare Calabria
type      : RFC3820 compliant limited proxy
strength  : 1024
path      : /home/cms036/home_cream_285285239/CREAM285285239/glide_MIMFty/execute/dir_423/x509up_u50707
timeleft  : 23:59:55
key usage : Digital Signature, Key Encipherment, Data Encipherment
=== VO cms extension information ===
VO        : cms
subject   : /C=IT/O=INFN/OU=Personal Certificate/L=Bari/CN=Cesare Calabria
issuer    : /DC=ch/DC=cern/OU=computers/CN=voms.cern.ch
attribute : /cms/Role=NULL/Capability=NULL
attribute : /cms/itcms/Role=NULL/Capability=NULL
timeleft  : 155:04:25
uri       : voms.cern.ch:15002

WNHostName=wizard05.ba.infn.it
>>> tar --no-same-permissions -xf /home/cms036/home_cream_285285239/CREAM285285239/glide_MIMFty/execute/dir_423/default.tgz :
Successful untar
>>> Include /home/cms036/home_cream_285285239/CREAM285285239/glide_MIMFty/execute/dir_423 in PYTHONPATH:
strip arguments
env var CRAB_UNIQUE_JOB_ID set to: calabria_MuMinus50_Case3_ReReco_9o02eb_12_1_wYS
out_files_12
>>> list of expected files on output sandbox
output files: crab_fjr_12.xml CMSSW_12.stdout CMSSW_12.stderr Watchdog_12.log.gz
>>> GridFlavour discovery: 
GridFlavour=LCG
>>> SyncSite discovery: 
SyncSite=T2_IT_Bari
>>> SyncCE discovery: 
getting SyncCE from CE_ID
SyncCE=cream-ce-4.ba.infn.it:8443/cream-pbs-cms
>>> info for dashboard:
***** Cat /home/cms036/home_cream_285285239/CREAM285285239/glide_MIMFty/execute/dir_423/jobreport.txt *****
WNHostName=wizard05.ba.infn.it
MonitorJobID=12_https://vocms83.cern.ch//140616//86811.11
SyncGridJobId=https://vocms83.cern.ch//140616//86811.11
MonitorID=calabria_MuMinus50_Case3_ReReco_9o02eb
GridFlavour=LCG
SyncSite=T2_IT_Bari
SyncCE=cream-ce-4.ba.infn.it:8443/cream-pbs-cms
***** End Cat jobreport *****
Parameters sent to Dashboard.
>>> setup environment
set SCRAM ARCH to slc5_amd64_gcc472
SCRAM_ARCH = slc5_amd64_gcc472
>>> setup CMS LCG environment:
set SCRAM ARCH and BUILD_ARCH to slc5_amd64_gcc472 ###
Sourcing environment... 
sourcing /cvmfs/cms.cern.ch/cmsset_default.sh
==> setup cms environment ok
>>> specific cmssw setup environment:
CMSSW_VERSION =  CMSSW_6_2_0_SLHC12
>>> current directory (SOFTWARE_DIR): /home/cms036/home_cream_285285239/CREAM285285239/glide_MIMFty/execute/dir_423/CMSSW_6_2_0_SLHC12
PreserveSeeds: <>
IncrementSeeds:<>
>>> info for dashboard:
***** Cat /home/cms036/home_cream_285285239/CREAM285285239/glide_MIMFty/execute/dir_423/jobreport.txt *****
MonitorJobID=12_https://vocms83.cern.ch//140616//86811.11
MonitorID=calabria_MuMinus50_Case3_ReReco_9o02eb
***** End Cat jobreport *****
Parameters sent to Dashboard.
crabWatchdog started as process 2903
>>> moving CMSSW software directories in /home/cms036/home_cream_285285239/CREAM285285239/glide_MIMFty/execute/dir_423/CMSSW_6_2_0_SLHC12
mv: cannot stat `/home/cms036/home_cream_285285239/CREAM285285239/glide_MIMFty/execute/dir_423/module/': No such file or directory
>>> Include /home/cms036/home_cream_285285239/CREAM285285239/glide_MIMFty/execute/dir_423 in PYTHONPATH:
PYTHONPATH=/home/cms036/home_cream_285285239/CREAM285285239/glide_MIMFty/execute/dir_423/:/home/cms036/home_cream_285285239/CREAM285285239/glide_MIMFty/execute/dir_423/CMSSW_6_2_0_SLHC12/python:/home/cms036/home_cream_285285239/CREAM285285239/glide_MIMFty/execute/dir_423/CMSSW_6_2_0_SLHC12/lib/slc5_amd64_gcc472:/cvmfs/cms.cern.ch/slc5_amd64_gcc472/cms/cmssw/CMSSW_6_2_0_SLHC12/python:/cvmfs/cms.cern.ch/slc5_amd64_gcc472/cms/cmssw/CMSSW_6_2_0_SLHC12/lib/slc5_amd64_gcc472:/cvmfs/cms.cern.ch/slc5_amd64_gcc472/cms/coral/CORAL_2_3_21-cms36/slc5_amd64_gcc472/python:/cvmfs/cms.cern.ch/slc5_amd64_gcc472/cms/coral/CORAL_2_3_21-cms36/slc5_amd64_gcc472/lib:/cvmfs/cms.cern.ch/slc5_amd64_gcc472/external/pyqt/4.8.1-cms6/lib/python2.7/site-packages:/cvmfs/cms.cern.ch/slc5_amd64_gcc472/external/py2-scipy/0.8.0-cms8/lib/python2.7/site-packages:/cvmfs/cms.cern.ch/slc5_amd64_gcc472/external/py2-matplotlib/1.0.1-cms8/lib/python2.7/site-packages:/cvmfs/cms.cern.ch/slc5_amd64_gcc472/external/python-ldap/2.3.5-cms6/lib/python2.7/site-packages:/cvmfs/cms.cern.ch/slc5_amd64_gcc472/external/sip/4.11.2-cms6/lib/python2.7/site-packages:/cvmfs/cms.cern.ch/slc5_amd64_gcc472/external/py2-pycurl/7.19.0-cms8/lib/python2.7/site-packages:/cvmfs/cms.cern.ch/slc5_amd64_gcc472/external/py2-numpy/1.6.1-cms8/lib/python2.7/site-packages:/cvmfs/cms.cern.ch/slc5_amd64_gcc472/external/py2-lint/0.25.1-cms6/lib/python2.7/site-packages:/cvmfs/cms.cern.ch/slc5_amd64_gcc472/external/py2-ipython/0.10-cms6/lib/python2.7/site-packages:/cvmfs/cms.cern.ch/slc5_amd64_gcc472/external/py2-cx-oracle/5.1-cms7/lib/python2.7/site-packages:/cvmfs/cms.cern.ch/slc5_amd64_gcc472/external/py2-cjson/1.0.5-cms6/lib/python2.7/site-packages:/cvmfs/cms.cern.ch/slc5_amd64_gcc472/cms/das-client/1.11.7/bin:/cvmfs/cms.cern.ch/slc5_amd64_gcc472/external/elementtree/1.2.6-cms6/share/lib/python2.7/site-packages:/cvmfs/cms.cern.ch/slc5_amd64_gcc472/external/rivet/1.8.2-cms8/lib/python2.7/site-packages:/cvmfs/cms.cern.ch/slc5_amd64_gcc472/external/pyminuit2/0.0.1-cms19/lib/python2.7/site-packages:/cvmfs/cms.cern.ch/slc5_amd64_gcc472/external/py2-pygithub/1.23.0/lib/python2.7/site-packages:/cvmfs/cms.cern.ch/slc5_amd64_gcc472/external/professor/1.0.0-cms19/lib/python2.7/site-packages:/cvmfs/cms.cern.ch/slc5_amd64_gcc472/lcg/root/5.34.07-cms/lib:/cvmfs/cms.cern.ch/slc5_amd64_gcc472/cms/dbs-client/DBS_2_1_9-cms5/lib:/cvmfs/cms.cern.ch/slc5_amd64_gcc472/cms/dbs-client/DBS_2_1_9-cms5/lib/DBSAPI:/cvmfs/cms.cern.ch/slc5_amd64_gcc472/external/cvs2git/5419-cms/lib:/home/cms036/home_cream_285285239/CREAM285285239/glide_MIMFty/execute/dir_423/
 
# LIMITS USED BY CRAB WATCHDOG:
# RSS  (KBytes)   : 2300000
# VSZ  (KBytes)   : 100000000
# DISK (MBytes)   : 19000
# CPU TIME        : 720h:0m:0s
# WALL CLOCK TIME : 21h:50m:0s
 
5854dd31cbd3cdec44c48628cc181cf0
PSETHASH = 5854dd31cbd3cdec44c48628cc181cf0
/home/cms036/home_cream_285285239/CREAM285285239/glide_MIMFty/execute/dir_423/writeCfg.py pset.py pset.py
Importing .py file
Setting parameters
RandomNumberGeneratorService found, will attempt to change seeds
inputBlocks=/calabria_SingleMuPt50_GEN-SIM-DIGI-RECO_CMSSW_6_2_0_SLHC12_2023Scenario_Case3/calabria-calabria_SingleMuPt50_GEN-SIM-DIGI-RECO_CMSSW_6_2_0_SLHC12_2023Scenario_Case3-cd3731874e2e70f741b687550e03a01f/USER#07dedc8c-8ee0-4add-8cce-85c812e3adce
inputFiles=/store/user/calabria/calabria_SingleMuPt50_GEN-SIM-DIGI-RECO_CMSSW_6_2_0_SLHC12_2023Scenario_Case3/calabria_SingleMuPt50_GEN-SIM-DIGI-RECO_CMSSW_6_2_0_SLHC12_2023Scenario_Case3/cd3731874e2e70f741b687550e03a01f/out_reco_312_1_tHZ.root;/store/user/calabria/calabria_SingleMuPt50_GEN-SIM-DIGI-RECO_CMSSW_6_2_0_SLHC12_2023Scenario_Case3/calabria_SingleMuPt50_GEN-SIM-DIGI-RECO_CMSSW_6_2_0_SLHC12_2023Scenario_Case3/cd3731874e2e70f741b687550e03a01f/out_reco_313_1_jwh.root;/store/user/calabria/calabria_SingleMuPt50_GEN-SIM-DIGI-RECO_CMSSW_6_2_0_SLHC12_2023Scenario_Case3/calabria_SingleMuPt50_GEN-SIM-DIGI-RECO_CMSSW_6_2_0_SLHC12_2023Scenario_Case3/cd3731874e2e70f741b687550e03a01f/out_reco_315_1_nQn.root;/store/user/calabria/calabria_SingleMuPt50_GEN-SIM-DIGI-RECO_CMSSW_6_2_0_SLHC12_2023Scenario_Case3/calabria_SingleMuPt50_GEN-SIM-DIGI-RECO_CMSSW_6_2_0_SLHC12_2023Scenario_Case3/cd3731874e2e70f741b687550e03a01f/out_reco_317_1_hdt.root;/store/user/calabria/calabria_SingleMuPt50_GEN-SIM-DIGI-RECO_CMSSW_6_2_0_SLHC12_2023Scenario_Case3/calabria_SingleMuPt50_GEN-SIM-DIGI-RECO_CMSSW_6_2_0_SLHC12_2023Scenario_Case3/cd3731874e2e70f741b687550e03a01f/out_reco_318_1_Vuz.root;/store/user/calabria/calabria_SingleMuPt50_GEN-SIM-DIGI-RECO_CMSSW_6_2_0_SLHC12_2023Scenario_Case3/calabria_SingleMuPt50_GEN-SIM-DIGI-RECO_CMSSW_6_2_0_SLHC12_2023Scenario_Case3/cd3731874e2e70f741b687550e03a01f/out_reco_319_1_Ef0.root;/store/user/calabria/calabria_SingleMuPt50_GEN-SIM-DIGI-RECO_CMSSW_6_2_0_SLHC12_2023Scenario_Case3/calabria_SingleMuPt50_GEN-SIM-DIGI-RECO_CMSSW_6_2_0_SLHC12_2023Scenario_Case3/cd3731874e2e70f741b687550e03a01f/out_reco_322_1_Cuk.root;/store/user/calabria/calabria_SingleMuPt50_GEN-SIM-DIGI-RECO_CMSSW_6_2_0_SLHC12_2023Scenario_Case3/calabria_SingleMuPt50_GEN-SIM-DIGI-RECO_CMSSW_6_2_0_SLHC12_2023Scenario_Case3/cd3731874e2e70f741b687550e03a01f/out_reco_323_1_QGk.root;/store/user/calabria/calabria_SingleMuPt50_GEN-SIM-DIGI-RECO_CMSSW_6_2_0_SLHC12_2023Scenario_Case3/calabria_SingleMuPt50_GEN-SIM-DIGI-RECO_CMSSW_6_2_0_SLHC12_2023Scenario_Case3/cd3731874e2e70f741b687550e03a01f/out_reco_325_1_CW5.root;/store/user/calabria/calabria_SingleMuPt50_GEN-SIM-DIGI-RECO_CMSSW_6_2_0_SLHC12_2023Scenario_Case3/calabria_SingleMuPt50_GEN-SIM-DIGI-RECO_CMSSW_6_2_0_SLHC12_2023Scenario_Case3/cd3731874e2e70f741b687550e03a01f/out_reco_326_1_X2n.root
parentFiles=
lumisRange=
>>> Executable cmsRun
/cvmfs/cms.cern.ch/slc5_amd64_gcc472/cms/cmssw/CMSSW_6_2_0_SLHC12/bin/slc5_amd64_gcc472/cmsRun
ok executable found
>>> info for dashboard:
***** Cat /home/cms036/home_cream_285285239/CREAM285285239/glide_MIMFty/execute/dir_423/jobreport.txt *****
MonitorJobID=12_https://vocms83.cern.ch//140616//86811.11
MonitorID=calabria_MuMinus50_Case3_ReReco_9o02eb
ExeStart=cmsRun
***** End Cat jobreport *****
Parameters sent to Dashboard.
>>> cmsRun started at Tue Jun 17 22:20:19 UTC 2014
>>> cmsRun ended at Tue Jun 17 22:22:25 UTC 2014
>>> crab_fjr_*.xml  permission set to 0704
>>> info for dashboard:
***** Cat /home/cms036/home_cream_285285239/CREAM285285239/glide_MIMFty/execute/dir_423/jobreport.txt *****
MonitorJobID=12_https://vocms83.cern.ch//140616//86811.11
MonitorID=calabria_MuMinus50_Case3_ReReco_9o02eb
ExeEnd=cmsRun
***** End Cat jobreport *****
Parameters sent to Dashboard.
TIME_EXE = 126 sec
>>> cmsRun wrote 44 lines of stdout+stderr
>>> START OF printout of 44 lines from stdout+stderr
271 DQMStore::DQMStore 
HcalTopologyIdealEP::HcalTopologyIdealEP
18-Jun-2014 00:20:35 CEST  Initiating request to open file file:/lustre/cms//store/user/calabria/calabria_SingleMuPt50_GEN-SIM-DIGI-RECO_CMSSW_6_2_0_SLHC12_2023Scenario_Case3/calabria_SingleMuPt50_GEN-SIM-DIGI-RECO_CMSSW_6_2_0_SLHC12_2023Scenario_Case3/cd3731874e2e70f741b687550e03a01f/out_reco_312_1_tHZ.root
18-Jun-2014 00:20:38 CEST  Successfully opened file file:/lustre/cms//store/user/calabria/calabria_SingleMuPt50_GEN-SIM-DIGI-RECO_CMSSW_6_2_0_SLHC12_2023Scenario_Case3/calabria_SingleMuPt50_GEN-SIM-DIGI-RECO_CMSSW_6_2_0_SLHC12_2023Scenario_Case3/cd3731874e2e70f741b687550e03a01f/out_reco_312_1_tHZ.root
18-Jun-2014 00:21:15 CEST  Closed file file:/lustre/cms//store/user/calabria/calabria_SingleMuPt50_GEN-SIM-DIGI-RECO_CMSSW_6_2_0_SLHC12_2023Scenario_Case3/calabria_SingleMuPt50_GEN-SIM-DIGI-RECO_CMSSW_6_2_0_SLHC12_2023Scenario_Case3/cd3731874e2e70f741b687550e03a01f/out_reco_312_1_tHZ.root
18-Jun-2014 00:21:15 CEST  Initiating request to open file file:/lustre/cms//store/user/calabria/calabria_SingleMuPt50_GEN-SIM-DIGI-RECO_CMSSW_6_2_0_SLHC12_2023Scenario_Case3/calabria_SingleMuPt50_GEN-SIM-DIGI-RECO_CMSSW_6_2_0_SLHC12_2023Scenario_Case3/cd3731874e2e70f741b687550e03a01f/out_reco_313_1_jwh.root
18-Jun-2014 00:21:15 CEST  Fallback request to file root://xrootd-cms.infn.it:1194//store/user/calabria/calabria_SingleMuPt50_GEN-SIM-DIGI-RECO_CMSSW_6_2_0_SLHC12_2023Scenario_Case3/calabria_SingleMuPt50_GEN-SIM-DIGI-RECO_CMSSW_6_2_0_SLHC12_2023Scenario_Case3/cd3731874e2e70f741b687550e03a01f/out_reco_313_1_jwh.root
140618 00:21:56 10944 Xrd: CheckErrorStatus: Server [xrootd-redic.pi.infn.it:1094] declared: No servers are available to read the file.(error code: 3011)
140618 00:22:01 10944 Xrd: CheckErrorStatus: Server [xrootd-redic.pi.infn.it:1094] declared: No servers are available to read the file.(error code: 3011)
140618 00:22:01 10944 Xrd: Open: Error opening the file.
----- Begin Fatal Exception 18-Jun-2014 00:22:01 CEST-----------------------
An exception of category 'FallbackFileOpenError' occurred while
   [0] Calling InputSource::readFile_
   [1] Calling RootInputFileSequence::initFile()
   [2] Calling StorageFactory::open()
   [3] Calling XrdFile::open()
Exception Message:
Failed to open the file 'root://xrootd-cms.infn.it:1194//store/user/calabria/calabria_SingleMuPt50_GEN-SIM-DIGI-RECO_CMSSW_6_2_0_SLHC12_2023Scenario_Case3/calabria_SingleMuPt50_GEN-SIM-DIGI-RECO_CMSSW_6_2_0_SLHC12_2023Scenario_Case3/cd3731874e2e70f741b687550e03a01f/out_reco_313_1_jwh.root'
   Additional Info:
      [a] Input file file:/lustre/cms//store/user/calabria/calabria_SingleMuPt50_GEN-SIM-DIGI-RECO_CMSSW_6_2_0_SLHC12_2023Scenario_Case3/calabria_SingleMuPt50_GEN-SIM-DIGI-RECO_CMSSW_6_2_0_SLHC12_2023Scenario_Case3/cd3731874e2e70f741b687550e03a01f/out_reco_313_1_jwh.root could not be opened.
Fallback Input file root://xrootd-cms.infn.it:1194//store/user/calabria/calabria_SingleMuPt50_GEN-SIM-DIGI-RECO_CMSSW_6_2_0_SLHC12_2023Scenario_Case3/calabria_SingleMuPt50_GEN-SIM-DIGI-RECO_CMSSW_6_2_0_SLHC12_2023Scenario_Case3/cd3731874e2e70f741b687550e03a01f/out_reco_313_1_jwh.root also could not be opened.
      [b] XrdClient::Open(name='root://xrootd-cms.infn.it:1194//store/user/calabria/calabria_SingleMuPt50_GEN-SIM-DIGI-RECO_CMSSW_6_2_0_SLHC12_2023Scenario_Case3/calabria_SingleMuPt50_GEN-SIM-DIGI-RECO_CMSSW_6_2_0_SLHC12_2023Scenario_Case3/cd3731874e2e70f741b687550e03a01f/out_reco_313_1_jwh.root', flags=0x10, permissions=0666) => error 'No servers are available to read the file.' (errno=3011)
      [c] Current server connection: root://cms-xrd-global.cern.ch:1094//store/user/calabria/calabria_SingleMuPt50_GEN-SIM-DIGI-RECO_CMSSW_6_2_0_SLHC12_2023Scenario_Case3/calabria_SingleMuPt50_GEN-SIM-DIGI-RECO_CMSSW_6_2_0_SLHC12_2023Scenario_Case3/cd3731874e2e70f741b687550e03a01f/out_reco_313_1_jwh.root
----- End Fatal Exception -------------------------------------------------

=============================================

MessageLogger Summary

 type     category        sev    module        subroutine        count    total
 ---- -------------------- -- ---------------- ----------------  -----    -----
    1 Fatal Exception      -s AfterFile                              1        1
    2 fileAction           -s file_close                             1        1
    3 fileAction           -s file_open                              4        4

 type    category    Examples: run/evt        run/evt          run/evt
 ---- -------------------- ---------------- ---------------- ----------------
    1 Fatal Exception      PostProcessEvent                  
    2 fileAction           PostProcessEvent                  
    3 fileAction           pre-events       pre-events       PostProcessEvent

Severity    # Occurrences   Total Occurrences
--------    -------------   -----------------
System                  6                   6
>>> END OF printout of 44 lines from stdout+stderr
>>> ERROR: Fatal Exception from CMSSW:
----- Begin Fatal Exception 18-Jun-2014 00:22:01 CEST-----------------------
An exception of category 'FallbackFileOpenError' occurred while
   [0] Calling InputSource::readFile_
   [1] Calling RootInputFileSequence::initFile()
   [2] Calling StorageFactory::open()
   [3] Calling XrdFile::open()
Exception Message:
Failed to open the file 'root://xrootd-cms.infn.it:1194//store/user/calabria/calabria_SingleMuPt50_GEN-SIM-DIGI-RECO_CMSSW_6_2_0_SLHC12_2023Scenario_Case3/calabria_SingleMuPt50_GEN-SIM-DIGI-RECO_CMSSW_6_2_0_SLHC12_2023Scenario_Case3/cd3731874e2e70f741b687550e03a01f/out_reco_313_1_jwh.root'
   Additional Info:
      [a] Input file file:/lustre/cms//store/user/calabria/calabria_SingleMuPt50_GEN-SIM-DIGI-RECO_CMSSW_6_2_0_SLHC12_2023Scenario_Case3/calabria_SingleMuPt50_GEN-SIM-DIGI-RECO_CMSSW_6_2_0_SLHC12_2023Scenario_Case3/cd3731874e2e70f741b687550e03a01f/out_reco_313_1_jwh.root could not be opened.
Fallback Input file root://xrootd-cms.infn.it:1194//store/user/calabria/calabria_SingleMuPt50_GEN-SIM-DIGI-RECO_CMSSW_6_2_0_SLHC12_2023Scenario_Case3/calabria_SingleMuPt50_GEN-SIM-DIGI-RECO_CMSSW_6_2_0_SLHC12_2023Scenario_Case3/cd3731874e2e70f741b687550e03a01f/out_reco_313_1_jwh.root also could not be opened.
      [b] XrdClient::Open(name='root://xrootd-cms.infn.it:1194//store/user/calabria/calabria_SingleMuPt50_GEN-SIM-DIGI-RECO_CMSSW_6_2_0_SLHC12_2023Scenario_Case3/calabria_SingleMuPt50_GEN-SIM-DIGI-RECO_CMSSW_6_2_0_SLHC12_2023Scenario_Case3/cd3731874e2e70f741b687550e03a01f/out_reco_313_1_jwh.root', flags=0x10, permissions=0666) => error 'No servers are available to read the file.' (errno=3011)
      [c] Current server connection: root://cms-xrd-global.cern.ch:1094//store/user/calabria/calabria_SingleMuPt50_GEN-SIM-DIGI-RECO_CMSSW_6_2_0_SLHC12_2023Scenario_Case3/calabria_SingleMuPt50_GEN-SIM-DIGI-RECO_CMSSW_6_2_0_SLHC12_2023Scenario_Case3/cd3731874e2e70f741b687550e03a01f/out_reco_313_1_jwh.root
----- End Fatal Exception -------------------------------------------------
>>> Parse FrameworkJobReport crab_fjr.xml
Result of parsing the FrameworkJobReport crab_fjr.xml: Popularity start
lumisRange : 1::::1;
lumisParentRange : 
Basename : /store/user/calabria/calabria_SingleMuPt50_GEN-SIM-DIGI-RECO_CMSSW_6_2_0_SLHC12_2023Scenario_Case3/calabria_SingleMuPt50_GEN-SIM-DIGI-RECO_CMSSW_6_2_0_SLHC12_2023Scenario_Case3/cd3731874e2e70f741b687550e03a01f/out_reco_3
BasenameParent : 
parentFiles : 
inputBlocks : /calabria_SingleMuPt50_GEN-SIM-DIGI-RECO_CMSSW_6_2_0_SLHC12_2023Scenario_Case3/calabria-calabria_SingleMuPt50_GEN-SIM-DIGI-RECO_CMSSW_6_2_0_SLHC12_2023Scenario_Case3-cd3731874e2e70f741b687550e03a01f/USER#07dedc8c-8ee0-4add-8cce-85c812e3adce
inputFiles : 12_1_tHZ.root::1::EDM::Local::1;13_1_jwh.root::0::Unknown::Remote::Unknown;15_1_nQn.root::2::Unknown::Unknown::Unknown;17_1_hdt.root::2::Unknown::Unknown::Unknown;18_1_Vuz.root::2::Unknown::Unknown::Unknown;19_1_Ef0.root::2::Unknown::Unknown::Unknown;22_1_Cuk.root::2::Unknown::Unknown::Unknown;23_1_QGk.root::2::Unknown::Unknown::Unknown;25_1_CW5.root::2::Unknown::Unknown::Unknown;26_1_X2n.root::2::Unknown::Unknown::Unknown;
Popularity stop
Extracted ExitStatus from FrameworkJobReport parsing output: 8028
>>> Executable failed  8028
ExeExitCode=8028
EXECUTABLE_EXIT_STATUS = 8028
CrabWrapper EXIT_FUNC entered at Wed Jun 18 00:22:30 CEST 2014   -  Tue Jun 17 22:22:30 UTC 2014
Checking output files:  
will tar file crab_fjr_12.xml in  out_files_12
WARNING: output file CMSSW_12.stdout not found!
WARNING: output file CMSSW_12.stderr not found!
WARNING: output file Watchdog_12.log.gz not found!
>>> padding time: Sleeping the wrapper for 446 seconds
STOPPING WATCHDOG. CrabWatchdog PID is 2903
********** LAST 50 LINES OF WATCHDOG LOG
# RESOURCE USAGE SUMMARY FOR PROCESS ID   432
USER       PID %CPU %MEM    VSZ   RSS TTY      STAT START   TIME COMMAND
cms036     432  0.3  0.0   9496  1600 ?        S    00:19   0:00 /bin/sh /home/cms036/home_cream_285285239/CREAM285285239/glide_MIMFty/execute/dir_423/condor_exec.exe 12 1
 
# LIMITS USED BY CRAB WATCHDOG:
# RSS  (KBytes)   : 2300000
# VSZ  (KBytes)   : 100000000
# DISK (MBytes)   : 19000
# CPU TIME        : 720h:0m:0s
# WALL CLOCK TIME : 21h:50m:0s
 
# FOLLOWING PRINTOUT TRACKS MAXIMUM VALUES OF RESOURCES USE
# ONE LINE IS PRINTED EACH TIME A MAXIMUM CHANGES
# IF CHANGE WAS IN RSS OR VSZ ALSO PROCID AND COMMAND ARE PRINTED
# THERE IS NO PRINTOUT FOR CPU/WALL TIME INCREASE
 
# TIME			PID	RSS(KB)	VSZ(KB)	Dsk(MB)	tCPU(s)	tWALL(s)	COMMAND
 Jun 18 00:20:01 CEST	423	8416	93608	0	0	0	condor_starter -f vocms83.cern.ch        
 Jun 18 00:20:01 CEST	2932	50632	115468	0	1	1	edmConfigHash pset.py         
 Jun 18 00:20:01 CEST	---	50632	115468	171	----	----	----
 Jun 18 00:21:04 CEST	4937	769436	979784	171	36	64	cmsRun -j /home/cms036/home_cream_285285239/CREAM285285239/glide_MIMFty/execute/dir_423/crab_fjr_12.xml -p pset.py      
 Jun 18 00:21:04 CEST	---	769436	979784	175	----	----	----
 Jun 18 00:22:08 CEST	4937	889332	1089956	175	52	129	cmsRun -j /home/cms036/home_cream_285285239/CREAM285285239/glide_MIMFty/execute/dir_423/crab_fjr_12.xml -p pset.py      
 Jun 18 00:23:12 CEST	---	889332	1089956	177	----	----	----
********** WATCHDOG LOG ENDED
ZIPPING WATCHDOG LOG
Disk space used:
du -sh /home/cms036/home_cream_285285239/CREAM285285239/glide_MIMFty/execute/dir_423
177M	/home/cms036/home_cream_285285239/CREAM285285239/glide_MIMFty/execute/dir_423
Found unusual stdout, rename for OSB
`/home/cms036/home_cream_285285239/CREAM285285239/glide_MIMFty/execute/dir_423/_condor_stdout' -> `CMSSW_12.stdout'
Found unusual stderr, rename for OSB
`/home/cms036/home_cream_285285239/CREAM285285239/glide_MIMFty/execute/dir_423/_condor_stdout' -> `CMSSW_12.stderr'
crab_fjr_12.xml
CMSSW_12.stdout
CMSSW_12.stderr
Watchdog_12.log.gz
Total Output dimension: 13305
WARNING: output files size limit is set to: 50000000
Total Output dimension 13305 is fine.
JOB_EXIT_STATUS = 8028
>>> info for dashboard:
***** Cat /home/cms036/home_cream_285285239/CREAM285285239/glide_MIMFty/execute/dir_423/jobreport.txt *****
MonitorJobID=12_https://vocms83.cern.ch//140616//86811.11
MonitorID=calabria_MuMinus50_Case3_ReReco_9o02eb
ExeTime=126
ExeExitCode=8028
CrabUserCpuTime=48.96
CrabSysCpuTime=17.36
CrabCpuPercentage=52%
CrabWrapperTime=600
CrabStageoutTime=NULL
JobExitCode=8028
***** End Cat jobreport *****
Parameters sent to Dashboard.
EXITING at Wed Jun 18 00:29:58 CEST 2014  -  Tue Jun 17 22:29:58 UTC 2014
