This script was generated by crab (version 2.10.5_patch1).
Running /home/cms015/home_cream_555205907/CREAM555205907/glide_IoxR1V/execute/dir_13695/condor_exec.exe with 2 positional parameters: 20 1
Today is Wed Jun 18 00:32:14 CEST 2014 - Tue Jun 17 22:32:14 UTC 2014
Job submitted on host pccms109.ba.infn.it
Linux pccms109.ba.infn.it 2.6.32-431.5.1.el6.x86_64 #1 SMP Wed Feb 12 09:03:27 CET 2014 x86_64 x86_64 x86_64 GNU/Linux
>>> current directory (RUNTIME_AREA): /home/cms015/home_cream_555205907/CREAM555205907/glide_IoxR1V/execute/dir_13695
>>> current user: uid=11815(cms015) gid=1399(cms) groups=1399(cms)
>>> directory permission set to 0700
>>> umask set to:  u=rwx,g=,o=
>>> stdout stderr permission set to 0704
>>> voms proxy information:
subject   : /C=IT/O=INFN/OU=Personal Certificate/L=Bari/CN=Cesare Calabria/CN=477126703/CN=455261284
issuer    : /C=IT/O=INFN/OU=Personal Certificate/L=Bari/CN=Cesare Calabria/CN=477126703
identity  : /C=IT/O=INFN/OU=Personal Certificate/L=Bari/CN=Cesare Calabria
type      : RFC3820 compliant limited proxy
strength  : 1024
path      : /home/cms015/home_cream_555205907/CREAM555205907/glide_IoxR1V/execute/dir_13695/x509up_u50707
timeleft  : 23:59:53
key usage : Digital Signature, Key Encipherment, Data Encipherment
=== VO cms extension information ===
VO        : cms
subject   : /C=IT/O=INFN/OU=Personal Certificate/L=Bari/CN=Cesare Calabria
issuer    : /DC=ch/DC=cern/OU=computers/CN=voms.cern.ch
attribute : /cms/Role=NULL/Capability=NULL
attribute : /cms/itcms/Role=NULL/Capability=NULL
timeleft  : 154:52:04
uri       : voms.cern.ch:15002

WNHostName=pccms109.ba.infn.it
>>> tar --no-same-permissions -xf /home/cms015/home_cream_555205907/CREAM555205907/glide_IoxR1V/execute/dir_13695/default.tgz :
Successful untar
>>> Include /home/cms015/home_cream_555205907/CREAM555205907/glide_IoxR1V/execute/dir_13695 in PYTHONPATH:
strip arguments
env var CRAB_UNIQUE_JOB_ID set to: calabria_MuMinus50_Case3_ReReco_9o02eb_20_1_iuO
out_files_20
>>> list of expected files on output sandbox
output files: crab_fjr_20.xml CMSSW_20.stdout CMSSW_20.stderr Watchdog_20.log.gz
>>> GridFlavour discovery: 
GridFlavour=LCG
>>> SyncSite discovery: 
SyncSite=T2_IT_Bari
>>> SyncCE discovery: 
getting SyncCE from CE_ID
SyncCE=cream-ce-4.ba.infn.it:8443/cream-pbs-cms
>>> info for dashboard:
***** Cat /home/cms015/home_cream_555205907/CREAM555205907/glide_IoxR1V/execute/dir_13695/jobreport.txt *****
WNHostName=pccms109.ba.infn.it
MonitorJobID=20_https://vocms83.cern.ch//140616//86811.19
SyncGridJobId=https://vocms83.cern.ch//140616//86811.19
MonitorID=calabria_MuMinus50_Case3_ReReco_9o02eb
GridFlavour=LCG
SyncSite=T2_IT_Bari
SyncCE=cream-ce-4.ba.infn.it:8443/cream-pbs-cms
***** End Cat jobreport *****
Parameters sent to Dashboard.
>>> setup environment
set SCRAM ARCH to slc5_amd64_gcc472
SCRAM_ARCH = slc5_amd64_gcc472
>>> setup CMS LCG environment:
set SCRAM ARCH and BUILD_ARCH to slc5_amd64_gcc472 ###
Sourcing environment... 
sourcing /cvmfs/cms.cern.ch/cmsset_default.sh
==> setup cms environment ok
>>> specific cmssw setup environment:
CMSSW_VERSION =  CMSSW_6_2_0_SLHC12
>>> current directory (SOFTWARE_DIR): /home/cms015/home_cream_555205907/CREAM555205907/glide_IoxR1V/execute/dir_13695/CMSSW_6_2_0_SLHC12
PreserveSeeds: <>
IncrementSeeds:<>
>>> info for dashboard:
***** Cat /home/cms015/home_cream_555205907/CREAM555205907/glide_IoxR1V/execute/dir_13695/jobreport.txt *****
MonitorJobID=20_https://vocms83.cern.ch//140616//86811.19
MonitorID=calabria_MuMinus50_Case3_ReReco_9o02eb
***** End Cat jobreport *****
Parameters sent to Dashboard.
crabWatchdog started as process 13888
>>> moving CMSSW software directories in /home/cms015/home_cream_555205907/CREAM555205907/glide_IoxR1V/execute/dir_13695/CMSSW_6_2_0_SLHC12
mv: cannot stat `/home/cms015/home_cream_555205907/CREAM555205907/glide_IoxR1V/execute/dir_13695/module/': No such file or directory
>>> Include /home/cms015/home_cream_555205907/CREAM555205907/glide_IoxR1V/execute/dir_13695 in PYTHONPATH:
PYTHONPATH=/home/cms015/home_cream_555205907/CREAM555205907/glide_IoxR1V/execute/dir_13695/:/home/cms015/home_cream_555205907/CREAM555205907/glide_IoxR1V/execute/dir_13695/CMSSW_6_2_0_SLHC12/python:/home/cms015/home_cream_555205907/CREAM555205907/glide_IoxR1V/execute/dir_13695/CMSSW_6_2_0_SLHC12/lib/slc5_amd64_gcc472:/cvmfs/cms.cern.ch/slc5_amd64_gcc472/cms/cmssw/CMSSW_6_2_0_SLHC12/python:/cvmfs/cms.cern.ch/slc5_amd64_gcc472/cms/cmssw/CMSSW_6_2_0_SLHC12/lib/slc5_amd64_gcc472:/cvmfs/cms.cern.ch/slc5_amd64_gcc472/cms/coral/CORAL_2_3_21-cms36/slc5_amd64_gcc472/python:/cvmfs/cms.cern.ch/slc5_amd64_gcc472/cms/coral/CORAL_2_3_21-cms36/slc5_amd64_gcc472/lib:/cvmfs/cms.cern.ch/slc5_amd64_gcc472/external/pyqt/4.8.1-cms6/lib/python2.7/site-packages:/cvmfs/cms.cern.ch/slc5_amd64_gcc472/external/py2-scipy/0.8.0-cms8/lib/python2.7/site-packages:/cvmfs/cms.cern.ch/slc5_amd64_gcc472/external/py2-matplotlib/1.0.1-cms8/lib/python2.7/site-packages:/cvmfs/cms.cern.ch/slc5_amd64_gcc472/external/python-ldap/2.3.5-cms6/lib/python2.7/site-packages:/cvmfs/cms.cern.ch/slc5_amd64_gcc472/external/sip/4.11.2-cms6/lib/python2.7/site-packages:/cvmfs/cms.cern.ch/slc5_amd64_gcc472/external/py2-pycurl/7.19.0-cms8/lib/python2.7/site-packages:/cvmfs/cms.cern.ch/slc5_amd64_gcc472/external/py2-numpy/1.6.1-cms8/lib/python2.7/site-packages:/cvmfs/cms.cern.ch/slc5_amd64_gcc472/external/py2-lint/0.25.1-cms6/lib/python2.7/site-packages:/cvmfs/cms.cern.ch/slc5_amd64_gcc472/external/py2-ipython/0.10-cms6/lib/python2.7/site-packages:/cvmfs/cms.cern.ch/slc5_amd64_gcc472/external/py2-cx-oracle/5.1-cms7/lib/python2.7/site-packages:/cvmfs/cms.cern.ch/slc5_amd64_gcc472/external/py2-cjson/1.0.5-cms6/lib/python2.7/site-packages:/cvmfs/cms.cern.ch/slc5_amd64_gcc472/cms/das-client/1.11.7/bin:/cvmfs/cms.cern.ch/slc5_amd64_gcc472/external/elementtree/1.2.6-cms6/share/lib/python2.7/site-packages:/cvmfs/cms.cern.ch/slc5_amd64_gcc472/external/rivet/1.8.2-cms8/lib/python2.7/site-packages:/cvmfs/cms.cern.ch/slc5_amd64_gcc472/external/pyminuit2/0.0.1-cms19/lib/python2.7/site-packages:/cvmfs/cms.cern.ch/slc5_amd64_gcc472/external/py2-pygithub/1.23.0/lib/python2.7/site-packages:/cvmfs/cms.cern.ch/slc5_amd64_gcc472/external/professor/1.0.0-cms19/lib/python2.7/site-packages:/cvmfs/cms.cern.ch/slc5_amd64_gcc472/lcg/root/5.34.07-cms/lib:/cvmfs/cms.cern.ch/slc5_amd64_gcc472/cms/dbs-client/DBS_2_1_9-cms5/lib:/cvmfs/cms.cern.ch/slc5_amd64_gcc472/cms/dbs-client/DBS_2_1_9-cms5/lib/DBSAPI:/cvmfs/cms.cern.ch/slc5_amd64_gcc472/external/cvs2git/5419-cms/lib:/home/cms015/home_cream_555205907/CREAM555205907/glide_IoxR1V/execute/dir_13695/
 
# LIMITS USED BY CRAB WATCHDOG:
# RSS  (KBytes)   : 2300000
# VSZ  (KBytes)   : 100000000
# DISK (MBytes)   : 19000
# CPU TIME        : 720h:0m:0s
# WALL CLOCK TIME : 21h:50m:0s
 
5854dd31cbd3cdec44c48628cc181cf0
PSETHASH = 5854dd31cbd3cdec44c48628cc181cf0
/home/cms015/home_cream_555205907/CREAM555205907/glide_IoxR1V/execute/dir_13695/writeCfg.py pset.py pset.py
Importing .py file
Setting parameters
RandomNumberGeneratorService found, will attempt to change seeds
inputBlocks=/calabria_SingleMuPt50_GEN-SIM-DIGI-RECO_CMSSW_6_2_0_SLHC12_2023Scenario_Case3/calabria-calabria_SingleMuPt50_GEN-SIM-DIGI-RECO_CMSSW_6_2_0_SLHC12_2023Scenario_Case3-cd3731874e2e70f741b687550e03a01f/USER#07dedc8c-8ee0-4add-8cce-85c812e3adce
inputFiles=/store/user/calabria/calabria_SingleMuPt50_GEN-SIM-DIGI-RECO_CMSSW_6_2_0_SLHC12_2023Scenario_Case3/calabria_SingleMuPt50_GEN-SIM-DIGI-RECO_CMSSW_6_2_0_SLHC12_2023Scenario_Case3/cd3731874e2e70f741b687550e03a01f/out_reco_11_1_PVg.root;/store/user/calabria/calabria_SingleMuPt50_GEN-SIM-DIGI-RECO_CMSSW_6_2_0_SLHC12_2023Scenario_Case3/calabria_SingleMuPt50_GEN-SIM-DIGI-RECO_CMSSW_6_2_0_SLHC12_2023Scenario_Case3/cd3731874e2e70f741b687550e03a01f/out_reco_12_1_eHJ.root;/store/user/calabria/calabria_SingleMuPt50_GEN-SIM-DIGI-RECO_CMSSW_6_2_0_SLHC12_2023Scenario_Case3/calabria_SingleMuPt50_GEN-SIM-DIGI-RECO_CMSSW_6_2_0_SLHC12_2023Scenario_Case3/cd3731874e2e70f741b687550e03a01f/out_reco_19_1_M0b.root;/store/user/calabria/calabria_SingleMuPt50_GEN-SIM-DIGI-RECO_CMSSW_6_2_0_SLHC12_2023Scenario_Case3/calabria_SingleMuPt50_GEN-SIM-DIGI-RECO_CMSSW_6_2_0_SLHC12_2023Scenario_Case3/cd3731874e2e70f741b687550e03a01f/out_reco_20_1_C0V.root;/store/user/calabria/calabria_SingleMuPt50_GEN-SIM-DIGI-RECO_CMSSW_6_2_0_SLHC12_2023Scenario_Case3/calabria_SingleMuPt50_GEN-SIM-DIGI-RECO_CMSSW_6_2_0_SLHC12_2023Scenario_Case3/cd3731874e2e70f741b687550e03a01f/out_reco_23_1_a2k.root;/store/user/calabria/calabria_SingleMuPt50_GEN-SIM-DIGI-RECO_CMSSW_6_2_0_SLHC12_2023Scenario_Case3/calabria_SingleMuPt50_GEN-SIM-DIGI-RECO_CMSSW_6_2_0_SLHC12_2023Scenario_Case3/cd3731874e2e70f741b687550e03a01f/out_reco_24_1_wPK.root;/store/user/calabria/calabria_SingleMuPt50_GEN-SIM-DIGI-RECO_CMSSW_6_2_0_SLHC12_2023Scenario_Case3/calabria_SingleMuPt50_GEN-SIM-DIGI-RECO_CMSSW_6_2_0_SLHC12_2023Scenario_Case3/cd3731874e2e70f741b687550e03a01f/out_reco_27_1_kRf.root;/store/user/calabria/calabria_SingleMuPt50_GEN-SIM-DIGI-RECO_CMSSW_6_2_0_SLHC12_2023Scenario_Case3/calabria_SingleMuPt50_GEN-SIM-DIGI-RECO_CMSSW_6_2_0_SLHC12_2023Scenario_Case3/cd3731874e2e70f741b687550e03a01f/out_reco_28_1_MJX.root;/store/user/calabria/calabria_SingleMuPt50_GEN-SIM-DIGI-RECO_CMSSW_6_2_0_SLHC12_2023Scenario_Case3/calabria_SingleMuPt50_GEN-SIM-DIGI-RECO_CMSSW_6_2_0_SLHC12_2023Scenario_Case3/cd3731874e2e70f741b687550e03a01f/out_reco_29_1_Ydv.root;/store/user/calabria/calabria_SingleMuPt50_GEN-SIM-DIGI-RECO_CMSSW_6_2_0_SLHC12_2023Scenario_Case3/calabria_SingleMuPt50_GEN-SIM-DIGI-RECO_CMSSW_6_2_0_SLHC12_2023Scenario_Case3/cd3731874e2e70f741b687550e03a01f/out_reco_31_1_wDR.root
parentFiles=
lumisRange=
>>> Executable cmsRun
/cvmfs/cms.cern.ch/slc5_amd64_gcc472/cms/cmssw/CMSSW_6_2_0_SLHC12/bin/slc5_amd64_gcc472/cmsRun
ok executable found
>>> info for dashboard:
***** Cat /home/cms015/home_cream_555205907/CREAM555205907/glide_IoxR1V/execute/dir_13695/jobreport.txt *****
MonitorJobID=20_https://vocms83.cern.ch//140616//86811.19
MonitorID=calabria_MuMinus50_Case3_ReReco_9o02eb
ExeStart=cmsRun
***** End Cat jobreport *****
Parameters sent to Dashboard.
>>> cmsRun started at Tue Jun 17 22:32:44 UTC 2014
>>> cmsRun ended at Tue Jun 17 22:42:59 UTC 2014
>>> crab_fjr_*.xml  permission set to 0704
>>> info for dashboard:
***** Cat /home/cms015/home_cream_555205907/CREAM555205907/glide_IoxR1V/execute/dir_13695/jobreport.txt *****
MonitorJobID=20_https://vocms83.cern.ch//140616//86811.19
MonitorID=calabria_MuMinus50_Case3_ReReco_9o02eb
ExeEnd=cmsRun
***** End Cat jobreport *****
Parameters sent to Dashboard.
TIME_EXE = 615 sec
>>> cmsRun wrote 50 lines of stdout+stderr
>>> START OF printout of 50 lines from stdout+stderr
271 DQMStore::DQMStore 
HcalTopologyIdealEP::HcalTopologyIdealEP
18-Jun-2014 00:33:10 CEST  Initiating request to open file file:/lustre/cms//store/user/calabria/calabria_SingleMuPt50_GEN-SIM-DIGI-RECO_CMSSW_6_2_0_SLHC12_2023Scenario_Case3/calabria_SingleMuPt50_GEN-SIM-DIGI-RECO_CMSSW_6_2_0_SLHC12_2023Scenario_Case3/cd3731874e2e70f741b687550e03a01f/out_reco_11_1_PVg.root
18-Jun-2014 00:33:13 CEST  Successfully opened file file:/lustre/cms//store/user/calabria/calabria_SingleMuPt50_GEN-SIM-DIGI-RECO_CMSSW_6_2_0_SLHC12_2023Scenario_Case3/calabria_SingleMuPt50_GEN-SIM-DIGI-RECO_CMSSW_6_2_0_SLHC12_2023Scenario_Case3/cd3731874e2e70f741b687550e03a01f/out_reco_11_1_PVg.root
18-Jun-2014 00:34:04 CEST  Closed file file:/lustre/cms//store/user/calabria/calabria_SingleMuPt50_GEN-SIM-DIGI-RECO_CMSSW_6_2_0_SLHC12_2023Scenario_Case3/calabria_SingleMuPt50_GEN-SIM-DIGI-RECO_CMSSW_6_2_0_SLHC12_2023Scenario_Case3/cd3731874e2e70f741b687550e03a01f/out_reco_11_1_PVg.root
18-Jun-2014 00:34:04 CEST  Initiating request to open file file:/lustre/cms//store/user/calabria/calabria_SingleMuPt50_GEN-SIM-DIGI-RECO_CMSSW_6_2_0_SLHC12_2023Scenario_Case3/calabria_SingleMuPt50_GEN-SIM-DIGI-RECO_CMSSW_6_2_0_SLHC12_2023Scenario_Case3/cd3731874e2e70f741b687550e03a01f/out_reco_12_1_eHJ.root
18-Jun-2014 00:34:05 CEST  Successfully opened file file:/lustre/cms//store/user/calabria/calabria_SingleMuPt50_GEN-SIM-DIGI-RECO_CMSSW_6_2_0_SLHC12_2023Scenario_Case3/calabria_SingleMuPt50_GEN-SIM-DIGI-RECO_CMSSW_6_2_0_SLHC12_2023Scenario_Case3/cd3731874e2e70f741b687550e03a01f/out_reco_12_1_eHJ.root
18-Jun-2014 00:34:46 CEST  Closed file file:/lustre/cms//store/user/calabria/calabria_SingleMuPt50_GEN-SIM-DIGI-RECO_CMSSW_6_2_0_SLHC12_2023Scenario_Case3/calabria_SingleMuPt50_GEN-SIM-DIGI-RECO_CMSSW_6_2_0_SLHC12_2023Scenario_Case3/cd3731874e2e70f741b687550e03a01f/out_reco_12_1_eHJ.root
18-Jun-2014 00:34:46 CEST  Initiating request to open file file:/lustre/cms//store/user/calabria/calabria_SingleMuPt50_GEN-SIM-DIGI-RECO_CMSSW_6_2_0_SLHC12_2023Scenario_Case3/calabria_SingleMuPt50_GEN-SIM-DIGI-RECO_CMSSW_6_2_0_SLHC12_2023Scenario_Case3/cd3731874e2e70f741b687550e03a01f/out_reco_19_1_M0b.root
18-Jun-2014 00:34:46 CEST  Successfully opened file file:/lustre/cms//store/user/calabria/calabria_SingleMuPt50_GEN-SIM-DIGI-RECO_CMSSW_6_2_0_SLHC12_2023Scenario_Case3/calabria_SingleMuPt50_GEN-SIM-DIGI-RECO_CMSSW_6_2_0_SLHC12_2023Scenario_Case3/cd3731874e2e70f741b687550e03a01f/out_reco_19_1_M0b.root
18-Jun-2014 00:35:22 CEST  Closed file file:/lustre/cms//store/user/calabria/calabria_SingleMuPt50_GEN-SIM-DIGI-RECO_CMSSW_6_2_0_SLHC12_2023Scenario_Case3/calabria_SingleMuPt50_GEN-SIM-DIGI-RECO_CMSSW_6_2_0_SLHC12_2023Scenario_Case3/cd3731874e2e70f741b687550e03a01f/out_reco_19_1_M0b.root
18-Jun-2014 00:35:22 CEST  Initiating request to open file file:/lustre/cms//store/user/calabria/calabria_SingleMuPt50_GEN-SIM-DIGI-RECO_CMSSW_6_2_0_SLHC12_2023Scenario_Case3/calabria_SingleMuPt50_GEN-SIM-DIGI-RECO_CMSSW_6_2_0_SLHC12_2023Scenario_Case3/cd3731874e2e70f741b687550e03a01f/out_reco_20_1_C0V.root
18-Jun-2014 00:35:23 CEST  Successfully opened file file:/lustre/cms//store/user/calabria/calabria_SingleMuPt50_GEN-SIM-DIGI-RECO_CMSSW_6_2_0_SLHC12_2023Scenario_Case3/calabria_SingleMuPt50_GEN-SIM-DIGI-RECO_CMSSW_6_2_0_SLHC12_2023Scenario_Case3/cd3731874e2e70f741b687550e03a01f/out_reco_20_1_C0V.root
18-Jun-2014 00:36:06 CEST  Closed file file:/lustre/cms//store/user/calabria/calabria_SingleMuPt50_GEN-SIM-DIGI-RECO_CMSSW_6_2_0_SLHC12_2023Scenario_Case3/calabria_SingleMuPt50_GEN-SIM-DIGI-RECO_CMSSW_6_2_0_SLHC12_2023Scenario_Case3/cd3731874e2e70f741b687550e03a01f/out_reco_20_1_C0V.root
18-Jun-2014 00:36:06 CEST  Initiating request to open file file:/lustre/cms//store/user/calabria/calabria_SingleMuPt50_GEN-SIM-DIGI-RECO_CMSSW_6_2_0_SLHC12_2023Scenario_Case3/calabria_SingleMuPt50_GEN-SIM-DIGI-RECO_CMSSW_6_2_0_SLHC12_2023Scenario_Case3/cd3731874e2e70f741b687550e03a01f/out_reco_23_1_a2k.root
18-Jun-2014 00:36:07 CEST  Successfully opened file file:/lustre/cms//store/user/calabria/calabria_SingleMuPt50_GEN-SIM-DIGI-RECO_CMSSW_6_2_0_SLHC12_2023Scenario_Case3/calabria_SingleMuPt50_GEN-SIM-DIGI-RECO_CMSSW_6_2_0_SLHC12_2023Scenario_Case3/cd3731874e2e70f741b687550e03a01f/out_reco_23_1_a2k.root
18-Jun-2014 00:36:43 CEST  Closed file file:/lustre/cms//store/user/calabria/calabria_SingleMuPt50_GEN-SIM-DIGI-RECO_CMSSW_6_2_0_SLHC12_2023Scenario_Case3/calabria_SingleMuPt50_GEN-SIM-DIGI-RECO_CMSSW_6_2_0_SLHC12_2023Scenario_Case3/cd3731874e2e70f741b687550e03a01f/out_reco_23_1_a2k.root
18-Jun-2014 00:36:43 CEST  Initiating request to open file file:/lustre/cms//store/user/calabria/calabria_SingleMuPt50_GEN-SIM-DIGI-RECO_CMSSW_6_2_0_SLHC12_2023Scenario_Case3/calabria_SingleMuPt50_GEN-SIM-DIGI-RECO_CMSSW_6_2_0_SLHC12_2023Scenario_Case3/cd3731874e2e70f741b687550e03a01f/out_reco_24_1_wPK.root
18-Jun-2014 00:36:43 CEST  Successfully opened file file:/lustre/cms//store/user/calabria/calabria_SingleMuPt50_GEN-SIM-DIGI-RECO_CMSSW_6_2_0_SLHC12_2023Scenario_Case3/calabria_SingleMuPt50_GEN-SIM-DIGI-RECO_CMSSW_6_2_0_SLHC12_2023Scenario_Case3/cd3731874e2e70f741b687550e03a01f/out_reco_24_1_wPK.root
18-Jun-2014 00:37:39 CEST  Closed file file:/lustre/cms//store/user/calabria/calabria_SingleMuPt50_GEN-SIM-DIGI-RECO_CMSSW_6_2_0_SLHC12_2023Scenario_Case3/calabria_SingleMuPt50_GEN-SIM-DIGI-RECO_CMSSW_6_2_0_SLHC12_2023Scenario_Case3/cd3731874e2e70f741b687550e03a01f/out_reco_24_1_wPK.root
18-Jun-2014 00:37:39 CEST  Initiating request to open file file:/lustre/cms//store/user/calabria/calabria_SingleMuPt50_GEN-SIM-DIGI-RECO_CMSSW_6_2_0_SLHC12_2023Scenario_Case3/calabria_SingleMuPt50_GEN-SIM-DIGI-RECO_CMSSW_6_2_0_SLHC12_2023Scenario_Case3/cd3731874e2e70f741b687550e03a01f/out_reco_27_1_kRf.root
18-Jun-2014 00:37:41 CEST  Successfully opened file file:/lustre/cms//store/user/calabria/calabria_SingleMuPt50_GEN-SIM-DIGI-RECO_CMSSW_6_2_0_SLHC12_2023Scenario_Case3/calabria_SingleMuPt50_GEN-SIM-DIGI-RECO_CMSSW_6_2_0_SLHC12_2023Scenario_Case3/cd3731874e2e70f741b687550e03a01f/out_reco_27_1_kRf.root
18-Jun-2014 00:38:21 CEST  Closed file file:/lustre/cms//store/user/calabria/calabria_SingleMuPt50_GEN-SIM-DIGI-RECO_CMSSW_6_2_0_SLHC12_2023Scenario_Case3/calabria_SingleMuPt50_GEN-SIM-DIGI-RECO_CMSSW_6_2_0_SLHC12_2023Scenario_Case3/cd3731874e2e70f741b687550e03a01f/out_reco_27_1_kRf.root
18-Jun-2014 00:38:21 CEST  Initiating request to open file file:/lustre/cms//store/user/calabria/calabria_SingleMuPt50_GEN-SIM-DIGI-RECO_CMSSW_6_2_0_SLHC12_2023Scenario_Case3/calabria_SingleMuPt50_GEN-SIM-DIGI-RECO_CMSSW_6_2_0_SLHC12_2023Scenario_Case3/cd3731874e2e70f741b687550e03a01f/out_reco_28_1_MJX.root
18-Jun-2014 00:38:22 CEST  Successfully opened file file:/lustre/cms//store/user/calabria/calabria_SingleMuPt50_GEN-SIM-DIGI-RECO_CMSSW_6_2_0_SLHC12_2023Scenario_Case3/calabria_SingleMuPt50_GEN-SIM-DIGI-RECO_CMSSW_6_2_0_SLHC12_2023Scenario_Case3/cd3731874e2e70f741b687550e03a01f/out_reco_28_1_MJX.root
18-Jun-2014 00:39:57 CEST  Closed file file:/lustre/cms//store/user/calabria/calabria_SingleMuPt50_GEN-SIM-DIGI-RECO_CMSSW_6_2_0_SLHC12_2023Scenario_Case3/calabria_SingleMuPt50_GEN-SIM-DIGI-RECO_CMSSW_6_2_0_SLHC12_2023Scenario_Case3/cd3731874e2e70f741b687550e03a01f/out_reco_28_1_MJX.root
18-Jun-2014 00:39:57 CEST  Initiating request to open file file:/lustre/cms//store/user/calabria/calabria_SingleMuPt50_GEN-SIM-DIGI-RECO_CMSSW_6_2_0_SLHC12_2023Scenario_Case3/calabria_SingleMuPt50_GEN-SIM-DIGI-RECO_CMSSW_6_2_0_SLHC12_2023Scenario_Case3/cd3731874e2e70f741b687550e03a01f/out_reco_29_1_Ydv.root
18-Jun-2014 00:39:57 CEST  Successfully opened file file:/lustre/cms//store/user/calabria/calabria_SingleMuPt50_GEN-SIM-DIGI-RECO_CMSSW_6_2_0_SLHC12_2023Scenario_Case3/calabria_SingleMuPt50_GEN-SIM-DIGI-RECO_CMSSW_6_2_0_SLHC12_2023Scenario_Case3/cd3731874e2e70f741b687550e03a01f/out_reco_29_1_Ydv.root
18-Jun-2014 00:41:18 CEST  Closed file file:/lustre/cms//store/user/calabria/calabria_SingleMuPt50_GEN-SIM-DIGI-RECO_CMSSW_6_2_0_SLHC12_2023Scenario_Case3/calabria_SingleMuPt50_GEN-SIM-DIGI-RECO_CMSSW_6_2_0_SLHC12_2023Scenario_Case3/cd3731874e2e70f741b687550e03a01f/out_reco_29_1_Ydv.root
18-Jun-2014 00:41:18 CEST  Initiating request to open file file:/lustre/cms//store/user/calabria/calabria_SingleMuPt50_GEN-SIM-DIGI-RECO_CMSSW_6_2_0_SLHC12_2023Scenario_Case3/calabria_SingleMuPt50_GEN-SIM-DIGI-RECO_CMSSW_6_2_0_SLHC12_2023Scenario_Case3/cd3731874e2e70f741b687550e03a01f/out_reco_31_1_wDR.root
18-Jun-2014 00:41:18 CEST  Successfully opened file file:/lustre/cms//store/user/calabria/calabria_SingleMuPt50_GEN-SIM-DIGI-RECO_CMSSW_6_2_0_SLHC12_2023Scenario_Case3/calabria_SingleMuPt50_GEN-SIM-DIGI-RECO_CMSSW_6_2_0_SLHC12_2023Scenario_Case3/cd3731874e2e70f741b687550e03a01f/out_reco_31_1_wDR.root
18-Jun-2014 00:42:58 CEST  Closed file file:/lustre/cms//store/user/calabria/calabria_SingleMuPt50_GEN-SIM-DIGI-RECO_CMSSW_6_2_0_SLHC12_2023Scenario_Case3/calabria_SingleMuPt50_GEN-SIM-DIGI-RECO_CMSSW_6_2_0_SLHC12_2023Scenario_Case3/cd3731874e2e70f741b687550e03a01f/out_reco_31_1_wDR.root

=============================================

MessageLogger Summary

 type     category        sev    module        subroutine        count    total
 ---- -------------------- -- ---------------- ----------------  -----    -----
    1 fileAction           -s file_close                            10       10
    2 fileAction           -s file_open                             20       20

 type    category    Examples: run/evt        run/evt          run/evt
 ---- -------------------- ---------------- ---------------- ----------------
    1 fileAction           PostProcessEvent PostProcessEvent PostEndRun
    2 fileAction           pre-events       pre-events       PostProcessEvent

Severity    # Occurrences   Total Occurrences
--------    -------------   -----------------
System                 30                  30
>>> END OF printout of 50 lines from stdout+stderr
>>> Parse FrameworkJobReport crab_fjr.xml
Result of parsing the FrameworkJobReport crab_fjr.xml: Popularity start
lumisRange : 1::::1;1::::2;1::::3;1::::4;1::::5;1::::6;1::::7;1::::8;1::::9;1::::10;
lumisParentRange : 
Basename : /store/user/calabria/calabria_SingleMuPt50_GEN-SIM-DIGI-RECO_CMSSW_6_2_0_SLHC12_2023Scenario_Case3/calabria_SingleMuPt50_GEN-SIM-DIGI-RECO_CMSSW_6_2_0_SLHC12_2023Scenario_Case3/cd3731874e2e70f741b687550e03a01f/out_reco_
BasenameParent : 
parentFiles : 
inputBlocks : /calabria_SingleMuPt50_GEN-SIM-DIGI-RECO_CMSSW_6_2_0_SLHC12_2023Scenario_Case3/calabria-calabria_SingleMuPt50_GEN-SIM-DIGI-RECO_CMSSW_6_2_0_SLHC12_2023Scenario_Case3-cd3731874e2e70f741b687550e03a01f/USER#07dedc8c-8ee0-4add-8cce-85c812e3adce
inputFiles : 27_1_kRf.root::1::EDM::Local::1;12_1_eHJ.root::1::EDM::Local::2;29_1_Ydv.root::1::EDM::Local::3;19_1_M0b.root::1::EDM::Local::4;28_1_MJX.root::1::EDM::Local::5;23_1_a2k.root::1::EDM::Local::6;11_1_PVg.root::1::EDM::Local::7;24_1_wPK.root::1::EDM::Local::8;20_1_C0V.root::1::EDM::Local::9;31_1_wDR.root::1::EDM::Local::10;
Popularity stop
Extracted ExitStatus from FrameworkJobReport parsing output: 0
>>> Executable succeded  0
ExeExitCode=0
EXECUTABLE_EXIT_STATUS = 0
>>> current directory /home/cms015/home_cream_555205907/CREAM555205907/glide_IoxR1V/execute/dir_13695/CMSSW_6_2_0_SLHC12
>>>  (SOFTWARE_DIR): /home/cms015/home_cream_555205907/CREAM555205907/glide_IoxR1V/execute/dir_13695/CMSSW_6_2_0_SLHC12
>>> (WORKING_DIR): 
>>> current directory content:
total 10524
drwxr-xr-x 3 cms015 cms    4096 Jun 18 00:32 .SCRAM
-rw------- 1 cms015 cms 3739063 Jun 18 00:32 CMSSW.py.pkl
drwxr-xr-x 3 cms015 cms    4096 Jun 18 00:32 bin
drwxr-xr-x 3 cms015 cms    4096 Jun 18 00:32 cfipython
drwxr-xr-x 4 cms015 cms    4096 Jun 18 00:32 config
-rw------- 1 cms015 cms      17 Jun 18 00:42 cpu_timing.txt
drwxr-xr-x 2 cms015 cms    4096 Jun 18 00:32 doc
-rw------- 1 cms015 cms    9895 Jun 18 00:42 executable.out
drwxr-xr-x 2 cms015 cms    4096 Jun 18 00:32 include
drwx------ 3 cms015 cms    4096 Apr 28 18:12 lib
drwxr-xr-x 3 cms015 cms    4096 Jun 18 00:32 logs
drwxr-xr-x 3 cms015 cms    4096 Jun 18 00:32 objs
-rw------- 1 cms015 cms     104 Jun 18 00:32 pset.py
-rw------- 1 cms015 cms 3712300 Jun 18 00:32 pset.py.pkl
-rw------- 1 cms015 cms     289 Jun 18 00:32 pset.pyc
drwxr-xr-x 2 cms015 cms    4096 Jun 18 00:32 python
-rw------- 1 cms015 cms     392 Jun 18 00:42 report.log
drwx------ 6 cms015 cms    4096 Jun 18 00:32 src
drwxr-xr-x 3 cms015 cms    4096 Jun 18 00:32 test
drwxr-xr-x 3 cms015 cms    4096 Jun 18 00:32 tmp
-rw------- 1 cms015 cms 3223962 Jun 18 00:42 validationEDM.root
>>> current directory /home/cms015/home_cream_555205907/CREAM555205907/glide_IoxR1V/execute/dir_13695/CMSSW_6_2_0_SLHC12
>>> (SOFTWARE_DIR): /home/cms015/home_cream_555205907/CREAM555205907/glide_IoxR1V/execute/dir_13695/CMSSW_6_2_0_SLHC12
>>> (WORKING_DIR): 
>>> current directory content:
total 10524
drwxr-xr-x 3 cms015 cms    4096 Jun 18 00:32 .SCRAM
-rw------- 1 cms015 cms 3739063 Jun 18 00:32 CMSSW.py.pkl
drwxr-xr-x 3 cms015 cms    4096 Jun 18 00:32 bin
drwxr-xr-x 3 cms015 cms    4096 Jun 18 00:32 cfipython
drwxr-xr-x 4 cms015 cms    4096 Jun 18 00:32 config
-rw------- 1 cms015 cms      17 Jun 18 00:42 cpu_timing.txt
drwxr-xr-x 2 cms015 cms    4096 Jun 18 00:32 doc
-rw------- 1 cms015 cms    9895 Jun 18 00:42 executable.out
drwxr-xr-x 2 cms015 cms    4096 Jun 18 00:32 include
drwx------ 3 cms015 cms    4096 Apr 28 18:12 lib
drwxr-xr-x 3 cms015 cms    4096 Jun 18 00:32 logs
drwxr-xr-x 3 cms015 cms    4096 Jun 18 00:32 objs
-rw------- 1 cms015 cms     104 Jun 18 00:32 pset.py
-rw------- 1 cms015 cms 3712300 Jun 18 00:32 pset.py.pkl
-rw------- 1 cms015 cms     289 Jun 18 00:32 pset.pyc
drwxr-xr-x 2 cms015 cms    4096 Jun 18 00:32 python
-rw------- 1 cms015 cms     392 Jun 18 00:42 report.log
drwx------ 6 cms015 cms    4096 Jun 18 00:32 src
drwxr-xr-x 3 cms015 cms    4096 Jun 18 00:32 test
drwxr-xr-x 3 cms015 cms    4096 Jun 18 00:32 tmp
-rw------- 1 cms015 cms 3223962 Jun 18 00:42 validationEDM_20_1_iuO.root
>>> current directory (RUNTIME_AREA):  /home/cms015/home_cream_555205907/CREAM555205907/glide_IoxR1V/execute/dir_13695
SE = storm-se-01.ba.infn.it
SE_PATH = /srm/managerv2?SFN=//cms/store/user/calabria/calabria_SingleMuPt50_GEN-SIM-DIGI-RECO_CMSSW_6_2_0_SLHC12_2023Scenario_Case3/calabria_MuMinus50_GEN-SIM-DIGI-RECO_CMSSW_6_2_0_SLHC12_2023Scenario_VALNOPU2_Case3/5854dd31cbd3cdec44c48628cc181cf0/
LFNBaseName = /store/user/calabria/calabria_SingleMuPt50_GEN-SIM-DIGI-RECO_CMSSW_6_2_0_SLHC12_2023Scenario_Case3/calabria_MuMinus50_GEN-SIM-DIGI-RECO_CMSSW_6_2_0_SLHC12_2023Scenario_VALNOPU2_Case3/5854dd31cbd3cdec44c48628cc181cf0/
USER = calabria
endpoint = srm://storm-se-01.ba.infn.it:8444/srm/managerv2?SFN=//cms/store/user/calabria/calabria_SingleMuPt50_GEN-SIM-DIGI-RECO_CMSSW_6_2_0_SLHC12_2023Scenario_Case3/calabria_MuMinus50_GEN-SIM-DIGI-RECO_CMSSW_6_2_0_SLHC12_2023Scenario_VALNOPU2_Case3/5854dd31cbd3cdec44c48628cc181cf0/
>>> Copy output files from WN = pccms109.ba.infn.it to /srm/managerv2?SFN=//cms/store/user/calabria/calabria_SingleMuPt50_GEN-SIM-DIGI-RECO_CMSSW_6_2_0_SLHC12_2023Scenario_Case3/calabria_MuMinus50_GEN-SIM-DIGI-RECO_CMSSW_6_2_0_SLHC12_2023Scenario_VALNOPU2_Case3/5854dd31cbd3cdec44c48628cc181cf0/ :
python cmscp.py  --destination srm://storm-se-01.ba.infn.it:8444/srm/managerv2?SFN=//cms/store/user/calabria/calabria_SingleMuPt50_GEN-SIM-DIGI-RECO_CMSSW_6_2_0_SLHC12_2023Scenario_Case3/calabria_MuMinus50_GEN-SIM-DIGI-RECO_CMSSW_6_2_0_SLHC12_2023Scenario_VALNOPU2_Case3/5854dd31cbd3cdec44c48628cc181cf0/ --inputFileList /home/cms015/home_cream_555205907/CREAM555205907/glide_IoxR1V/execute/dir_13695/CMSSW_6_2_0_SLHC12/validationEDM_20_1_iuO.root --middleware LCG --se_name storm-se-01.ba.infn.it --for_lfn /store/user/calabria/calabria_SingleMuPt50_GEN-SIM-DIGI-RECO_CMSSW_6_2_0_SLHC12_2023Scenario_Case3/calabria_MuMinus50_GEN-SIM-DIGI-RECO_CMSSW_6_2_0_SLHC12_2023Scenario_VALNOPU2_Case3/5854dd31cbd3cdec44c48628cc181cf0/    
******************************************************
localSeName  =  storm-se-01.ba.infn.it
remoteSeName =  storm-se-01.ba.infn.it
******************************************************
{"/home/cms015/home_cream_555205907/CREAM555205907/glide_IoxR1V/execute/dir_13695/CMSSW_6_2_0_SLHC12/validationEDM_20_1_iuO.root": {"endpoint": "srm://storm-se-01.ba.infn.it:8444/srm/managerv2?SFN=//cms/store/user/calabria/calabria_SingleMuPt50_GEN-SIM-DIGI-RECO_CMSSW_6_2_0_SLHC12_2023Scenario_Case3/calabria_MuMinus50_GEN-SIM-DIGI-RECO_CMSSW_6_2_0_SLHC12_2023Scenario_VALNOPU2_Case3/5854dd31cbd3cdec44c48628cc181cf0/", "surl_for_grid": "", "reason": "Copy succedeed with srm-lcg utils", "erCode": "0", "se_name": "storm-se-01.ba.infn.it", "for_lfn": "/store/user/calabria/calabria_SingleMuPt50_GEN-SIM-DIGI-RECO_CMSSW_6_2_0_SLHC12_2023Scenario_Case3/calabria_MuMinus50_GEN-SIM-DIGI-RECO_CMSSW_6_2_0_SLHC12_2023Scenario_VALNOPU2_Case3/5854dd31cbd3cdec44c48628cc181cf0/"}}/home/cms015/home_cream_555205907/CREAM555205907/glide_IoxR1V/execute/dir_13695
-------- cat /home/cms015/home_cream_555205907/CREAM555205907/glide_IoxR1V/execute/dir_13695/cmscpReport.sh 
#!/bin/bash
echo "Report for File: /home/cms015/home_cream_555205907/CREAM555205907/glide_IoxR1V/execute/dir_13695/CMSSW_6_2_0_SLHC12/validationEDM_20_1_iuO.root"
echo "LFN: /store/user/calabria/calabria_SingleMuPt50_GEN-SIM-DIGI-RECO_CMSSW_6_2_0_SLHC12_2023Scenario_Case3/calabria_MuMinus50_GEN-SIM-DIGI-RECO_CMSSW_6_2_0_SLHC12_2023Scenario_VALNOPU2_Case3/5854dd31cbd3cdec44c48628cc181cf0/validationEDM_20_1_iuO.root"
echo "StorageElement: storm-se-01.ba.infn.it"
echo "StageOutExitStatusReason = 'Copy succedeed with srm-lcg utils'" | tee -a $RUNTIME_AREA/$repo
echo "StageOutSE = storm-se-01.ba.infn.it" >> $RUNTIME_AREA/$repo

export StageOutExitStatus=0
echo "StageOutExitStatus = 0" | tee -a $RUNTIME_AREA/$repo
-------- end of /home/cms015/home_cream_555205907/CREAM555205907/glide_IoxR1V/execute/dir_13695/cmscpReport.sh 
Report for File: /home/cms015/home_cream_555205907/CREAM555205907/glide_IoxR1V/execute/dir_13695/CMSSW_6_2_0_SLHC12/validationEDM_20_1_iuO.root
LFN: /store/user/calabria/calabria_SingleMuPt50_GEN-SIM-DIGI-RECO_CMSSW_6_2_0_SLHC12_2023Scenario_Case3/calabria_MuMinus50_GEN-SIM-DIGI-RECO_CMSSW_6_2_0_SLHC12_2023Scenario_VALNOPU2_Case3/5854dd31cbd3cdec44c48628cc181cf0/validationEDM_20_1_iuO.root
StorageElement: storm-se-01.ba.infn.it
StageOutExitStatusReason = 'Copy succedeed with srm-lcg utils'
StageOutExitStatus = 0
>>> current dir: /home/cms015/home_cream_555205907/CREAM555205907/glide_IoxR1V/execute/dir_13695
>>> current dir content:
total 28076
-rw-------  1 cms015 cms     2783 Jun 18 00:43 .SEinteraction.log
-rwx------  1 cms015 cms     6727 Jun 18 00:32 .job.ad
-rwx------  1 cms015 cms     9429 Jun 18 00:32 .machine.ad
-rw-------  1 cms015 cms      105 Jun 16 20:39 CMSSW.py
-rw-------  1 cms015 cms  3739063 Jun 16 20:39 CMSSW.py.pkl
-rwx------  1 cms015 cms    29556 Jun 18 00:32 CMSSW.sh
drwxr-xr-x 15 cms015 cms     4096 Jun 18 00:43 CMSSW_6_2_0_SLHC12
-rw-------  1 cms015 cms      220 Jun 18 00:32 CacheEnv.sh
-rw-------  1 cms015 cms     7291 Apr  4 11:04 DashboardAPI.py
-rw-------  1 cms015 cms     6815 Jun 18 00:32 DashboardAPI.pyc
drwx------  2 cms015 cms     4096 Jun 18 00:43 IMProv
-rw-------  1 cms015 cms     2748 Apr  4 11:04 Logger.py
-rw-------  1 cms015 cms     3347 Jun 18 00:32 Logger.pyc
-rw-------  1 cms015 cms    24524 Apr  4 11:04 ProcInfo.py
-rw-------  1 cms015 cms    23197 Jun 18 00:32 ProcInfo.pyc
drwx------  7 cms015 cms     4096 Jun 18 00:32 ProdCommon
drwx------  3 cms015 cms     4096 Jun 18 00:32 WMCore
-rw-------  1 cms015 cms     2911 Jun 18 00:42 Watchdog_20.log
-rwx------  1 cms015 cms        0 Jun 18 00:32 _condor_stderr
-rwx---r--  1 cms015 cms    29344 Jun 18 00:43 _condor_stdout
-rw-------  1 cms015 cms    32895 Apr  4 11:04 apmon.py
-rw-------  1 cms015 cms    28625 Jun 18 00:32 apmon.pyc
-rwx------  1 cms015 cms    53473 Jun 18 00:32 arguments.xml
-rwx------  1 cms015 cms    38515 Apr  4 11:04 cmscp.py
-rw-------  1 cms015 cms      718 Jun 18 00:43 cmscpReport.sh
-rwx------  1 cms015 cms    29556 Jun 18 00:32 condor_exec.exe
-rw-------  1 cms015 cms      958 Jun 16 20:39 crab.cfg
-rwx------  1 cms015 cms     8610 Apr  4 11:04 crabWatchdog.sh
-rwx---r--  1 cms015 cms   523195 Jun 18 00:42 crab_fjr_20.xml
-rwx------  1 cms015 cms 23959846 Jun 18 00:32 default.tgz
-rwx------  1 cms015 cms     4488 Apr  4 11:04 fillCrabFjr.py
-rw-------  1 cms015 cms     2619 Jun 18 00:32 inputsReport.txt
-rw-------  1 cms015 cms      255 Jun 18 00:43 jobreport.txt
-rw-------  1 cms015 cms    17352 Apr  4 11:04 parseCrabFjr.py
-rw-------  1 cms015 cms      317 Jun 18 00:32 report.log
-rwx--x--x  1 cms015 cms     1497 Apr  4 11:04 report.py
-rw-------  1 cms015 cms      772 Jun 18 00:43 resultCopyFile
lrwxrwxrwx  1 cms015 cms      126 Jun 18 00:43 validationEDM.root -> /home/cms015/home_cream_555205907/CREAM555205907/glide_IoxR1V/execute/dir_13695/CMSSW_6_2_0_SLHC12/validationEDM_20_1_iuO.root
-rwx------  1 cms015 cms     8387 Apr  4 11:04 writeCfg.py
-rw-------  1 cms015 cms     8010 Jun 18 00:32 x509up_u50707
>>> Modify Job Report:
CMSSW_VERSION = CMSSW_6_2_0_SLHC12
ProcessedDataset = calabria_MuMinus50_GEN-SIM-DIGI-RECO_CMSSW_6_2_0_SLHC12_2023Scenario_VALNOPU2_Case3
/home/cms015/home_cream_555205907/CREAM555205907/glide_IoxR1V/execute/dir_13695/ProdCommon/FwkJobRep/ModifyJobReport.py fjr /home/cms015/home_cream_555205907/CREAM555205907/glide_IoxR1V/execute/dir_13695/crab_fjr_20.xml json /home/cms015/home_cream_555205907/CREAM555205907/glide_IoxR1V/execute/dir_13695/resultCopyFile n_job 20_1_iuO PrimaryDataset calabria_SingleMuPt50_GEN-SIM-DIGI-RECO_CMSSW_6_2_0_SLHC12_2023Scenario_Case3  ApplicationFamily cmsRun ApplicationName cmsRun cmssw_version CMSSW_6_2_0_SLHC12 psethash 5854dd31cbd3cdec44c48628cc181cf0 UserProcessedDataset calabria-calabria_MuMinus50_GEN-SIM-DIGI-RECO_CMSSW_6_2_0_SLHC12_2023Scenario_VALNOPU2_Case3-5854dd31cbd3cdec44c48628cc181cf0
inputDict =  {u'/home/cms015/home_cream_555205907/CREAM555205907/glide_IoxR1V/execute/dir_13695/CMSSW_6_2_0_SLHC12/validationEDM_20_1_iuO.root': {u'endpoint': u'srm://storm-se-01.ba.infn.it:8444/srm/managerv2?SFN=//cms/store/user/calabria/calabria_SingleMuPt50_GEN-SIM-DIGI-RECO_CMSSW_6_2_0_SLHC12_2023Scenario_Case3/calabria_MuMinus50_GEN-SIM-DIGI-RECO_CMSSW_6_2_0_SLHC12_2023Scenario_VALNOPU2_Case3/5854dd31cbd3cdec44c48628cc181cf0/', u'surl_for_grid': u'', u'reason': u'Copy succedeed with srm-lcg utils', u'erCode': u'0', u'se_name': u'storm-se-01.ba.infn.it', u'for_lfn': u'/store/user/calabria/calabria_SingleMuPt50_GEN-SIM-DIGI-RECO_CMSSW_6_2_0_SLHC12_2023Scenario_Case3/calabria_MuMinus50_GEN-SIM-DIGI-RECO_CMSSW_6_2_0_SLHC12_2023Scenario_VALNOPU2_Case3/5854dd31cbd3cdec44c48628cc181cf0/'}}
UserProcessedDataset =  calabria-calabria_MuMinus50_GEN-SIM-DIGI-RECO_CMSSW_6_2_0_SLHC12_2023Scenario_VALNOPU2_Case3-5854dd31cbd3cdec44c48628cc181cf0
file_name in inputDict =  /home/cms015/home_cream_555205907/CREAM555205907/glide_IoxR1V/execute/dir_13695/CMSSW_6_2_0_SLHC12/validationEDM_20_1_iuO.root
(size) os.stat(filename)[6] =  3223962
checksum =  573970232
    file =  validationEDM_20_1_iuO.root
    newPfn =  srm://storm-se-01.ba.infn.it:8444/srm/managerv2?SFN=//cms/store/user/calabria/calabria_SingleMuPt50_GEN-SIM-DIGI-RECO_CMSSW_6_2_0_SLHC12_2023Scenario_Case3/calabria_MuMinus50_GEN-SIM-DIGI-RECO_CMSSW_6_2_0_SLHC12_2023Scenario_VALNOPU2_Case3/5854dd31cbd3cdec44c48628cc181cf0/validationEDM_20_1_iuO.root
    newLfn =  /store/user/calabria/calabria_SingleMuPt50_GEN-SIM-DIGI-RECO_CMSSW_6_2_0_SLHC12_2023Scenario_Case3/calabria_MuMinus50_GEN-SIM-DIGI-RECO_CMSSW_6_2_0_SLHC12_2023Scenario_VALNOPU2_Case3/5854dd31cbd3cdec44c48628cc181cf0/validationEDM_20_1_iuO.root
>>> crab_fjr_*.xml  permission set to 0704
CrabWrapper EXIT_FUNC entered at Wed Jun 18 00:44:01 CEST 2014   -  Tue Jun 17 22:44:01 UTC 2014
Checking output files:  
will tar file crab_fjr_20.xml in  out_files_20
WARNING: output file CMSSW_20.stdout not found!
WARNING: output file CMSSW_20.stderr not found!
WARNING: output file Watchdog_20.log.gz not found!
>>> padding time: Wrapper lasting more than 600 seconds. No sleep required.
STOPPING WATCHDOG. CrabWatchdog PID is 13888
********** LAST 50 LINES OF WATCHDOG LOG
# RESOURCE USAGE SUMMARY FOR PROCESS ID 13700
USER       PID %CPU %MEM    VSZ   RSS TTY      STAT START   TIME COMMAND
cms015   13700  0.3  0.0   9500  1596 ?        S    00:32   0:00 /bin/sh /home/cms015/home_cream_555205907/CREAM555205907/glide_IoxR1V/execute/dir_13695/condor_exec.exe 20 1
 
# LIMITS USED BY CRAB WATCHDOG:
# RSS  (KBytes)   : 2300000
# VSZ  (KBytes)   : 100000000
# DISK (MBytes)   : 19000
# CPU TIME        : 720h:0m:0s
# WALL CLOCK TIME : 21h:50m:0s
 
# FOLLOWING PRINTOUT TRACKS MAXIMUM VALUES OF RESOURCES USE
# ONE LINE IS PRINTED EACH TIME A MAXIMUM CHANGES
# IF CHANGE WAS IN RSS OR VSZ ALSO PROCID AND COMMAND ARE PRINTED
# THERE IS NO PRINTOUT FOR CPU/WALL TIME INCREASE
 
# TIME			PID	RSS(KB)	VSZ(KB)	Dsk(MB)	tCPU(s)	tWALL(s)	COMMAND
 Jun 18 00:32:23 CEST	7630	1392	9368	0	0	0	/bin/bash /home/cms015/home_cream_555205907/CREAM555205907/glide_IoxR1V/main/condor_startup.sh glidein_config        
 Jun 18 00:32:23 CEST	8601	8064	93396	0	0	0	/home/cms015/home_cream_555205907/CREAM555205907/glide_IoxR1V/main/condor/sbin/condor_master -f -pidfile /home/cms015/home_cream_555205907/CREAM555205907/glide_IoxR1V/condor_master2.pid       
 Jun 18 00:32:23 CEST	10808	8736	93920	0	19	1	condor_startd -f         
 Jun 18 00:32:23 CEST	13901	57572	120636	0	1	2	edmConfigHash pset.py         
 Jun 18 00:32:23 CEST	---	57572	120636	171	----	----	----
 Jun 18 00:33:26 CEST	15505	609100	807276	171	29	65	cmsRun -j /home/cms015/home_cream_555205907/CREAM555205907/glide_IoxR1V/execute/dir_13695/crab_fjr_20.xml -p pset.py      
 Jun 18 00:33:26 CEST	---	609100	807276	175	----	----	----
 Jun 18 00:34:29 CEST	15505	783720	996032	175	82	128	cmsRun -j /home/cms015/home_cream_555205907/CREAM555205907/glide_IoxR1V/execute/dir_13695/crab_fjr_20.xml -p pset.py      
 Jun 18 00:35:32 CEST	15505	801000	1015684	175	133	191	cmsRun -j /home/cms015/home_cream_555205907/CREAM555205907/glide_IoxR1V/execute/dir_13695/crab_fjr_20.xml -p pset.py      
 Jun 18 00:36:35 CEST	15505	801684	1015684	175	185	254	cmsRun -j /home/cms015/home_cream_555205907/CREAM555205907/glide_IoxR1V/execute/dir_13695/crab_fjr_20.xml -p pset.py      
 Jun 18 00:38:41 CEST	15505	801684	1021572	175	251	380	cmsRun -j /home/cms015/home_cream_555205907/CREAM555205907/glide_IoxR1V/execute/dir_13695/crab_fjr_20.xml -p pset.py      
 Jun 18 00:39:44 CEST	15505	809992	1022596	175	277	444	cmsRun -j /home/cms015/home_cream_555205907/CREAM555205907/glide_IoxR1V/execute/dir_13695/crab_fjr_20.xml -p pset.py      
 Jun 18 00:40:48 CEST	15505	817204	1031300	175	301	508	cmsRun -j /home/cms015/home_cream_555205907/CREAM555205907/glide_IoxR1V/execute/dir_13695/crab_fjr_20.xml -p pset.py      
 Jun 18 00:42:55 CEST	15505	1500296	1717892	175	393	634	cmsRun -j /home/cms015/home_cream_555205907/CREAM555205907/glide_IoxR1V/execute/dir_13695/crab_fjr_20.xml -p pset.py      
 Jun 18 00:42:55 CEST	---	1500296	1717892	176	----	----	----
 Jun 18 00:43:57 CEST	---	1500296	1717892	179	----	----	----
********** WATCHDOG LOG ENDED
ZIPPING WATCHDOG LOG
Disk space used:
du -sh /home/cms015/home_cream_555205907/CREAM555205907/glide_IoxR1V/execute/dir_13695
179M	/home/cms015/home_cream_555205907/CREAM555205907/glide_IoxR1V/execute/dir_13695
Found unusual stdout, rename for OSB
`/home/cms015/home_cream_555205907/CREAM555205907/glide_IoxR1V/execute/dir_13695/_condor_stdout' -> `CMSSW_20.stdout'
Found unusual stderr, rename for OSB
`/home/cms015/home_cream_555205907/CREAM555205907/glide_IoxR1V/execute/dir_13695/_condor_stdout' -> `CMSSW_20.stderr'
crab_fjr_20.xml
CMSSW_20.stdout
CMSSW_20.stderr
Watchdog_20.log.gz
Total Output dimension: 70095
WARNING: output files size limit is set to: 50000000
Total Output dimension 70095 is fine.
JOB_EXIT_STATUS = 0
>>> info for dashboard:
***** Cat /home/cms015/home_cream_555205907/CREAM555205907/glide_IoxR1V/execute/dir_13695/jobreport.txt *****
MonitorJobID=20_https://vocms83.cern.ch//140616//86811.19
MonitorID=calabria_MuMinus50_Case3_ReReco_9o02eb
ExeTime=615
ExeExitCode=0
StageOutExitStatusReason = 'Copy succedeed with srm-lcg utils'
StageOutSE = storm-se-01.ba.infn.it
StageOutExitStatus = 0
CrabUserCpuTime=321.16
CrabSysCpuTime=73.74
CrabCpuPercentage=64%
CrabWrapperTime=706
CrabStageoutTime=49
JobExitCode=0
***** End Cat jobreport *****
Parameters sent to Dashboard.
EXITING at Wed Jun 18 00:44:08 CEST 2014  -  Tue Jun 17 22:44:08 UTC 2014
