This script was generated by crab (version 2.10.5_patch1).
Running /home/cms017/home_cream_334186649/CREAM334186649/glide_HenILc/execute/dir_21018/condor_exec.exe with 2 positional parameters: 19 1
Today is Wed Jun 18 00:30:31 CEST 2014 - Tue Jun 17 22:30:31 UTC 2014
Job submitted on host pccms152.ba.infn.it
Linux pccms152.ba.infn.it 2.6.32-358.23.2.el6.x86_64 #1 SMP Thu Oct 17 10:27:22 CEST 2013 x86_64 x86_64 x86_64 GNU/Linux
>>> current directory (RUNTIME_AREA): /home/cms017/home_cream_334186649/CREAM334186649/glide_HenILc/execute/dir_21018
>>> current user: uid=11830(cms017) gid=1399(cms) groups=1399(cms)
>>> directory permission set to 0700
>>> umask set to:  u=rwx,g=,o=
>>> stdout stderr permission set to 0704
>>> voms proxy information:
subject   : /C=IT/O=INFN/OU=Personal Certificate/L=Bari/CN=Cesare Calabria/CN=477126703/CN=1088476193
issuer    : /C=IT/O=INFN/OU=Personal Certificate/L=Bari/CN=Cesare Calabria/CN=477126703
identity  : /C=IT/O=INFN/OU=Personal Certificate/L=Bari/CN=Cesare Calabria
type      : RFC3820 compliant limited proxy
strength  : 1024
path      : /home/cms017/home_cream_334186649/CREAM334186649/glide_HenILc/execute/dir_21018/x509up_u50707
timeleft  : 23:59:56
key usage : Digital Signature, Key Encipherment, Data Encipherment
=== VO cms extension information ===
VO        : cms
subject   : /C=IT/O=INFN/OU=Personal Certificate/L=Bari/CN=Cesare Calabria
issuer    : /DC=ch/DC=cern/OU=computers/CN=voms.cern.ch
attribute : /cms/Role=NULL/Capability=NULL
attribute : /cms/itcms/Role=NULL/Capability=NULL
timeleft  : 154:53:48
uri       : voms.cern.ch:15002

WNHostName=pccms152.ba.infn.it
>>> tar --no-same-permissions -xf /home/cms017/home_cream_334186649/CREAM334186649/glide_HenILc/execute/dir_21018/default.tgz :
Successful untar
>>> Include /home/cms017/home_cream_334186649/CREAM334186649/glide_HenILc/execute/dir_21018 in PYTHONPATH:
strip arguments
env var CRAB_UNIQUE_JOB_ID set to: calabria_MuMinus50_Case3_ReReco_9o02eb_19_1_dlg
out_files_19
>>> list of expected files on output sandbox
output files: crab_fjr_19.xml CMSSW_19.stdout CMSSW_19.stderr Watchdog_19.log.gz
>>> GridFlavour discovery: 
GridFlavour=LCG
>>> SyncSite discovery: 
SyncSite=T2_IT_Bari
>>> SyncCE discovery: 
getting SyncCE from CE_ID
SyncCE=cream-ce-4.ba.infn.it:8443/cream-pbs-cms
>>> info for dashboard:
***** Cat /home/cms017/home_cream_334186649/CREAM334186649/glide_HenILc/execute/dir_21018/jobreport.txt *****
WNHostName=pccms152.ba.infn.it
MonitorJobID=19_https://vocms83.cern.ch//140616//86811.18
SyncGridJobId=https://vocms83.cern.ch//140616//86811.18
MonitorID=calabria_MuMinus50_Case3_ReReco_9o02eb
GridFlavour=LCG
SyncSite=T2_IT_Bari
SyncCE=cream-ce-4.ba.infn.it:8443/cream-pbs-cms
***** End Cat jobreport *****
Parameters sent to Dashboard.
>>> setup environment
set SCRAM ARCH to slc5_amd64_gcc472
SCRAM_ARCH = slc5_amd64_gcc472
>>> setup CMS LCG environment:
set SCRAM ARCH and BUILD_ARCH to slc5_amd64_gcc472 ###
Sourcing environment... 
sourcing /cvmfs/cms.cern.ch/cmsset_default.sh
==> setup cms environment ok
>>> specific cmssw setup environment:
CMSSW_VERSION =  CMSSW_6_2_0_SLHC12
>>> current directory (SOFTWARE_DIR): /home/cms017/home_cream_334186649/CREAM334186649/glide_HenILc/execute/dir_21018/CMSSW_6_2_0_SLHC12
PreserveSeeds: <>
IncrementSeeds:<>
>>> info for dashboard:
***** Cat /home/cms017/home_cream_334186649/CREAM334186649/glide_HenILc/execute/dir_21018/jobreport.txt *****
MonitorJobID=19_https://vocms83.cern.ch//140616//86811.18
MonitorID=calabria_MuMinus50_Case3_ReReco_9o02eb
***** End Cat jobreport *****
Parameters sent to Dashboard.
crabWatchdog started as process 22717
>>> moving CMSSW software directories in /home/cms017/home_cream_334186649/CREAM334186649/glide_HenILc/execute/dir_21018/CMSSW_6_2_0_SLHC12
mv: cannot stat `/home/cms017/home_cream_334186649/CREAM334186649/glide_HenILc/execute/dir_21018/module/': No such file or directory
>>> Include /home/cms017/home_cream_334186649/CREAM334186649/glide_HenILc/execute/dir_21018 in PYTHONPATH:
PYTHONPATH=/home/cms017/home_cream_334186649/CREAM334186649/glide_HenILc/execute/dir_21018/:/home/cms017/home_cream_334186649/CREAM334186649/glide_HenILc/execute/dir_21018/CMSSW_6_2_0_SLHC12/python:/home/cms017/home_cream_334186649/CREAM334186649/glide_HenILc/execute/dir_21018/CMSSW_6_2_0_SLHC12/lib/slc5_amd64_gcc472:/cvmfs/cms.cern.ch/slc5_amd64_gcc472/cms/cmssw/CMSSW_6_2_0_SLHC12/python:/cvmfs/cms.cern.ch/slc5_amd64_gcc472/cms/cmssw/CMSSW_6_2_0_SLHC12/lib/slc5_amd64_gcc472:/cvmfs/cms.cern.ch/slc5_amd64_gcc472/cms/coral/CORAL_2_3_21-cms36/slc5_amd64_gcc472/python:/cvmfs/cms.cern.ch/slc5_amd64_gcc472/cms/coral/CORAL_2_3_21-cms36/slc5_amd64_gcc472/lib:/cvmfs/cms.cern.ch/slc5_amd64_gcc472/external/pyqt/4.8.1-cms6/lib/python2.7/site-packages:/cvmfs/cms.cern.ch/slc5_amd64_gcc472/external/py2-scipy/0.8.0-cms8/lib/python2.7/site-packages:/cvmfs/cms.cern.ch/slc5_amd64_gcc472/external/py2-matplotlib/1.0.1-cms8/lib/python2.7/site-packages:/cvmfs/cms.cern.ch/slc5_amd64_gcc472/external/python-ldap/2.3.5-cms6/lib/python2.7/site-packages:/cvmfs/cms.cern.ch/slc5_amd64_gcc472/external/sip/4.11.2-cms6/lib/python2.7/site-packages:/cvmfs/cms.cern.ch/slc5_amd64_gcc472/external/py2-pycurl/7.19.0-cms8/lib/python2.7/site-packages:/cvmfs/cms.cern.ch/slc5_amd64_gcc472/external/py2-numpy/1.6.1-cms8/lib/python2.7/site-packages:/cvmfs/cms.cern.ch/slc5_amd64_gcc472/external/py2-lint/0.25.1-cms6/lib/python2.7/site-packages:/cvmfs/cms.cern.ch/slc5_amd64_gcc472/external/py2-ipython/0.10-cms6/lib/python2.7/site-packages:/cvmfs/cms.cern.ch/slc5_amd64_gcc472/external/py2-cx-oracle/5.1-cms7/lib/python2.7/site-packages:/cvmfs/cms.cern.ch/slc5_amd64_gcc472/external/py2-cjson/1.0.5-cms6/lib/python2.7/site-packages:/cvmfs/cms.cern.ch/slc5_amd64_gcc472/cms/das-client/1.11.7/bin:/cvmfs/cms.cern.ch/slc5_amd64_gcc472/external/elementtree/1.2.6-cms6/share/lib/python2.7/site-packages:/cvmfs/cms.cern.ch/slc5_amd64_gcc472/external/rivet/1.8.2-cms8/lib/python2.7/site-packages:/cvmfs/cms.cern.ch/slc5_amd64_gcc472/external/pyminuit2/0.0.1-cms19/lib/python2.7/site-packages:/cvmfs/cms.cern.ch/slc5_amd64_gcc472/external/py2-pygithub/1.23.0/lib/python2.7/site-packages:/cvmfs/cms.cern.ch/slc5_amd64_gcc472/external/professor/1.0.0-cms19/lib/python2.7/site-packages:/cvmfs/cms.cern.ch/slc5_amd64_gcc472/lcg/root/5.34.07-cms/lib:/cvmfs/cms.cern.ch/slc5_amd64_gcc472/cms/dbs-client/DBS_2_1_9-cms5/lib:/cvmfs/cms.cern.ch/slc5_amd64_gcc472/cms/dbs-client/DBS_2_1_9-cms5/lib/DBSAPI:/cvmfs/cms.cern.ch/slc5_amd64_gcc472/external/cvs2git/5419-cms/lib:/home/cms017/home_cream_334186649/CREAM334186649/glide_HenILc/execute/dir_21018/
 
# LIMITS USED BY CRAB WATCHDOG:
# RSS  (KBytes)   : 2300000
# VSZ  (KBytes)   : 100000000
# DISK (MBytes)   : 19000
# CPU TIME        : 720h:0m:0s
# WALL CLOCK TIME : 21h:50m:0s
 
5854dd31cbd3cdec44c48628cc181cf0
PSETHASH = 5854dd31cbd3cdec44c48628cc181cf0
/home/cms017/home_cream_334186649/CREAM334186649/glide_HenILc/execute/dir_21018/writeCfg.py pset.py pset.py
Importing .py file
Setting parameters
RandomNumberGeneratorService found, will attempt to change seeds
inputBlocks=/calabria_SingleMuPt50_GEN-SIM-DIGI-RECO_CMSSW_6_2_0_SLHC12_2023Scenario_Case3/calabria-calabria_SingleMuPt50_GEN-SIM-DIGI-RECO_CMSSW_6_2_0_SLHC12_2023Scenario_Case3-cd3731874e2e70f741b687550e03a01f/USER#07dedc8c-8ee0-4add-8cce-85c812e3adce
inputFiles=/store/user/calabria/calabria_SingleMuPt50_GEN-SIM-DIGI-RECO_CMSSW_6_2_0_SLHC12_2023Scenario_Case3/calabria_SingleMuPt50_GEN-SIM-DIGI-RECO_CMSSW_6_2_0_SLHC12_2023Scenario_Case3/cd3731874e2e70f741b687550e03a01f/out_reco_493_1_DQI.root;/store/user/calabria/calabria_SingleMuPt50_GEN-SIM-DIGI-RECO_CMSSW_6_2_0_SLHC12_2023Scenario_Case3/calabria_SingleMuPt50_GEN-SIM-DIGI-RECO_CMSSW_6_2_0_SLHC12_2023Scenario_Case3/cd3731874e2e70f741b687550e03a01f/out_reco_494_1_Lps.root;/store/user/calabria/calabria_SingleMuPt50_GEN-SIM-DIGI-RECO_CMSSW_6_2_0_SLHC12_2023Scenario_Case3/calabria_SingleMuPt50_GEN-SIM-DIGI-RECO_CMSSW_6_2_0_SLHC12_2023Scenario_Case3/cd3731874e2e70f741b687550e03a01f/out_reco_498_1_lZO.root;/store/user/calabria/calabria_SingleMuPt50_GEN-SIM-DIGI-RECO_CMSSW_6_2_0_SLHC12_2023Scenario_Case3/calabria_SingleMuPt50_GEN-SIM-DIGI-RECO_CMSSW_6_2_0_SLHC12_2023Scenario_Case3/cd3731874e2e70f741b687550e03a01f/out_reco_1_1_wgz.root;/store/user/calabria/calabria_SingleMuPt50_GEN-SIM-DIGI-RECO_CMSSW_6_2_0_SLHC12_2023Scenario_Case3/calabria_SingleMuPt50_GEN-SIM-DIGI-RECO_CMSSW_6_2_0_SLHC12_2023Scenario_Case3/cd3731874e2e70f741b687550e03a01f/out_reco_3_1_e2C.root;/store/user/calabria/calabria_SingleMuPt50_GEN-SIM-DIGI-RECO_CMSSW_6_2_0_SLHC12_2023Scenario_Case3/calabria_SingleMuPt50_GEN-SIM-DIGI-RECO_CMSSW_6_2_0_SLHC12_2023Scenario_Case3/cd3731874e2e70f741b687550e03a01f/out_reco_4_1_LpJ.root;/store/user/calabria/calabria_SingleMuPt50_GEN-SIM-DIGI-RECO_CMSSW_6_2_0_SLHC12_2023Scenario_Case3/calabria_SingleMuPt50_GEN-SIM-DIGI-RECO_CMSSW_6_2_0_SLHC12_2023Scenario_Case3/cd3731874e2e70f741b687550e03a01f/out_reco_5_1_0qy.root;/store/user/calabria/calabria_SingleMuPt50_GEN-SIM-DIGI-RECO_CMSSW_6_2_0_SLHC12_2023Scenario_Case3/calabria_SingleMuPt50_GEN-SIM-DIGI-RECO_CMSSW_6_2_0_SLHC12_2023Scenario_Case3/cd3731874e2e70f741b687550e03a01f/out_reco_6_1_Fzh.root;/store/user/calabria/calabria_SingleMuPt50_GEN-SIM-DIGI-RECO_CMSSW_6_2_0_SLHC12_2023Scenario_Case3/calabria_SingleMuPt50_GEN-SIM-DIGI-RECO_CMSSW_6_2_0_SLHC12_2023Scenario_Case3/cd3731874e2e70f741b687550e03a01f/out_reco_8_1_sqL.root;/store/user/calabria/calabria_SingleMuPt50_GEN-SIM-DIGI-RECO_CMSSW_6_2_0_SLHC12_2023Scenario_Case3/calabria_SingleMuPt50_GEN-SIM-DIGI-RECO_CMSSW_6_2_0_SLHC12_2023Scenario_Case3/cd3731874e2e70f741b687550e03a01f/out_reco_10_1_S37.root
parentFiles=
lumisRange=
>>> Executable cmsRun
/cvmfs/cms.cern.ch/slc5_amd64_gcc472/cms/cmssw/CMSSW_6_2_0_SLHC12/bin/slc5_amd64_gcc472/cmsRun
ok executable found
>>> info for dashboard:
***** Cat /home/cms017/home_cream_334186649/CREAM334186649/glide_HenILc/execute/dir_21018/jobreport.txt *****
MonitorJobID=19_https://vocms83.cern.ch//140616//86811.18
MonitorID=calabria_MuMinus50_Case3_ReReco_9o02eb
ExeStart=cmsRun
***** End Cat jobreport *****
Parameters sent to Dashboard.
>>> cmsRun started at Tue Jun 17 22:30:56 UTC 2014
>>> cmsRun ended at Tue Jun 17 22:37:56 UTC 2014
>>> crab_fjr_*.xml  permission set to 0704
>>> info for dashboard:
***** Cat /home/cms017/home_cream_334186649/CREAM334186649/glide_HenILc/execute/dir_21018/jobreport.txt *****
MonitorJobID=19_https://vocms83.cern.ch//140616//86811.18
MonitorID=calabria_MuMinus50_Case3_ReReco_9o02eb
ExeEnd=cmsRun
***** End Cat jobreport *****
Parameters sent to Dashboard.
TIME_EXE = 420 sec
>>> cmsRun wrote 50 lines of stdout+stderr
>>> START OF printout of 50 lines from stdout+stderr
271 DQMStore::DQMStore 
HcalTopologyIdealEP::HcalTopologyIdealEP
18-Jun-2014 00:31:12 CEST  Initiating request to open file file:/lustre/cms//store/user/calabria/calabria_SingleMuPt50_GEN-SIM-DIGI-RECO_CMSSW_6_2_0_SLHC12_2023Scenario_Case3/calabria_SingleMuPt50_GEN-SIM-DIGI-RECO_CMSSW_6_2_0_SLHC12_2023Scenario_Case3/cd3731874e2e70f741b687550e03a01f/out_reco_493_1_DQI.root
18-Jun-2014 00:31:14 CEST  Successfully opened file file:/lustre/cms//store/user/calabria/calabria_SingleMuPt50_GEN-SIM-DIGI-RECO_CMSSW_6_2_0_SLHC12_2023Scenario_Case3/calabria_SingleMuPt50_GEN-SIM-DIGI-RECO_CMSSW_6_2_0_SLHC12_2023Scenario_Case3/cd3731874e2e70f741b687550e03a01f/out_reco_493_1_DQI.root
18-Jun-2014 00:31:47 CEST  Closed file file:/lustre/cms//store/user/calabria/calabria_SingleMuPt50_GEN-SIM-DIGI-RECO_CMSSW_6_2_0_SLHC12_2023Scenario_Case3/calabria_SingleMuPt50_GEN-SIM-DIGI-RECO_CMSSW_6_2_0_SLHC12_2023Scenario_Case3/cd3731874e2e70f741b687550e03a01f/out_reco_493_1_DQI.root
18-Jun-2014 00:31:47 CEST  Initiating request to open file file:/lustre/cms//store/user/calabria/calabria_SingleMuPt50_GEN-SIM-DIGI-RECO_CMSSW_6_2_0_SLHC12_2023Scenario_Case3/calabria_SingleMuPt50_GEN-SIM-DIGI-RECO_CMSSW_6_2_0_SLHC12_2023Scenario_Case3/cd3731874e2e70f741b687550e03a01f/out_reco_494_1_Lps.root
18-Jun-2014 00:31:48 CEST  Successfully opened file file:/lustre/cms//store/user/calabria/calabria_SingleMuPt50_GEN-SIM-DIGI-RECO_CMSSW_6_2_0_SLHC12_2023Scenario_Case3/calabria_SingleMuPt50_GEN-SIM-DIGI-RECO_CMSSW_6_2_0_SLHC12_2023Scenario_Case3/cd3731874e2e70f741b687550e03a01f/out_reco_494_1_Lps.root
18-Jun-2014 00:32:17 CEST  Closed file file:/lustre/cms//store/user/calabria/calabria_SingleMuPt50_GEN-SIM-DIGI-RECO_CMSSW_6_2_0_SLHC12_2023Scenario_Case3/calabria_SingleMuPt50_GEN-SIM-DIGI-RECO_CMSSW_6_2_0_SLHC12_2023Scenario_Case3/cd3731874e2e70f741b687550e03a01f/out_reco_494_1_Lps.root
18-Jun-2014 00:32:17 CEST  Initiating request to open file file:/lustre/cms//store/user/calabria/calabria_SingleMuPt50_GEN-SIM-DIGI-RECO_CMSSW_6_2_0_SLHC12_2023Scenario_Case3/calabria_SingleMuPt50_GEN-SIM-DIGI-RECO_CMSSW_6_2_0_SLHC12_2023Scenario_Case3/cd3731874e2e70f741b687550e03a01f/out_reco_498_1_lZO.root
18-Jun-2014 00:32:17 CEST  Successfully opened file file:/lustre/cms//store/user/calabria/calabria_SingleMuPt50_GEN-SIM-DIGI-RECO_CMSSW_6_2_0_SLHC12_2023Scenario_Case3/calabria_SingleMuPt50_GEN-SIM-DIGI-RECO_CMSSW_6_2_0_SLHC12_2023Scenario_Case3/cd3731874e2e70f741b687550e03a01f/out_reco_498_1_lZO.root
18-Jun-2014 00:32:46 CEST  Closed file file:/lustre/cms//store/user/calabria/calabria_SingleMuPt50_GEN-SIM-DIGI-RECO_CMSSW_6_2_0_SLHC12_2023Scenario_Case3/calabria_SingleMuPt50_GEN-SIM-DIGI-RECO_CMSSW_6_2_0_SLHC12_2023Scenario_Case3/cd3731874e2e70f741b687550e03a01f/out_reco_498_1_lZO.root
18-Jun-2014 00:32:46 CEST  Initiating request to open file file:/lustre/cms//store/user/calabria/calabria_SingleMuPt50_GEN-SIM-DIGI-RECO_CMSSW_6_2_0_SLHC12_2023Scenario_Case3/calabria_SingleMuPt50_GEN-SIM-DIGI-RECO_CMSSW_6_2_0_SLHC12_2023Scenario_Case3/cd3731874e2e70f741b687550e03a01f/out_reco_1_1_wgz.root
18-Jun-2014 00:32:46 CEST  Successfully opened file file:/lustre/cms//store/user/calabria/calabria_SingleMuPt50_GEN-SIM-DIGI-RECO_CMSSW_6_2_0_SLHC12_2023Scenario_Case3/calabria_SingleMuPt50_GEN-SIM-DIGI-RECO_CMSSW_6_2_0_SLHC12_2023Scenario_Case3/cd3731874e2e70f741b687550e03a01f/out_reco_1_1_wgz.root
18-Jun-2014 00:33:20 CEST  Closed file file:/lustre/cms//store/user/calabria/calabria_SingleMuPt50_GEN-SIM-DIGI-RECO_CMSSW_6_2_0_SLHC12_2023Scenario_Case3/calabria_SingleMuPt50_GEN-SIM-DIGI-RECO_CMSSW_6_2_0_SLHC12_2023Scenario_Case3/cd3731874e2e70f741b687550e03a01f/out_reco_1_1_wgz.root
18-Jun-2014 00:33:20 CEST  Initiating request to open file file:/lustre/cms//store/user/calabria/calabria_SingleMuPt50_GEN-SIM-DIGI-RECO_CMSSW_6_2_0_SLHC12_2023Scenario_Case3/calabria_SingleMuPt50_GEN-SIM-DIGI-RECO_CMSSW_6_2_0_SLHC12_2023Scenario_Case3/cd3731874e2e70f741b687550e03a01f/out_reco_3_1_e2C.root
18-Jun-2014 00:33:20 CEST  Successfully opened file file:/lustre/cms//store/user/calabria/calabria_SingleMuPt50_GEN-SIM-DIGI-RECO_CMSSW_6_2_0_SLHC12_2023Scenario_Case3/calabria_SingleMuPt50_GEN-SIM-DIGI-RECO_CMSSW_6_2_0_SLHC12_2023Scenario_Case3/cd3731874e2e70f741b687550e03a01f/out_reco_3_1_e2C.root
18-Jun-2014 00:34:02 CEST  Closed file file:/lustre/cms//store/user/calabria/calabria_SingleMuPt50_GEN-SIM-DIGI-RECO_CMSSW_6_2_0_SLHC12_2023Scenario_Case3/calabria_SingleMuPt50_GEN-SIM-DIGI-RECO_CMSSW_6_2_0_SLHC12_2023Scenario_Case3/cd3731874e2e70f741b687550e03a01f/out_reco_3_1_e2C.root
18-Jun-2014 00:34:02 CEST  Initiating request to open file file:/lustre/cms//store/user/calabria/calabria_SingleMuPt50_GEN-SIM-DIGI-RECO_CMSSW_6_2_0_SLHC12_2023Scenario_Case3/calabria_SingleMuPt50_GEN-SIM-DIGI-RECO_CMSSW_6_2_0_SLHC12_2023Scenario_Case3/cd3731874e2e70f741b687550e03a01f/out_reco_4_1_LpJ.root
18-Jun-2014 00:34:02 CEST  Successfully opened file file:/lustre/cms//store/user/calabria/calabria_SingleMuPt50_GEN-SIM-DIGI-RECO_CMSSW_6_2_0_SLHC12_2023Scenario_Case3/calabria_SingleMuPt50_GEN-SIM-DIGI-RECO_CMSSW_6_2_0_SLHC12_2023Scenario_Case3/cd3731874e2e70f741b687550e03a01f/out_reco_4_1_LpJ.root
18-Jun-2014 00:34:45 CEST  Closed file file:/lustre/cms//store/user/calabria/calabria_SingleMuPt50_GEN-SIM-DIGI-RECO_CMSSW_6_2_0_SLHC12_2023Scenario_Case3/calabria_SingleMuPt50_GEN-SIM-DIGI-RECO_CMSSW_6_2_0_SLHC12_2023Scenario_Case3/cd3731874e2e70f741b687550e03a01f/out_reco_4_1_LpJ.root
18-Jun-2014 00:34:45 CEST  Initiating request to open file file:/lustre/cms//store/user/calabria/calabria_SingleMuPt50_GEN-SIM-DIGI-RECO_CMSSW_6_2_0_SLHC12_2023Scenario_Case3/calabria_SingleMuPt50_GEN-SIM-DIGI-RECO_CMSSW_6_2_0_SLHC12_2023Scenario_Case3/cd3731874e2e70f741b687550e03a01f/out_reco_5_1_0qy.root
18-Jun-2014 00:34:45 CEST  Successfully opened file file:/lustre/cms//store/user/calabria/calabria_SingleMuPt50_GEN-SIM-DIGI-RECO_CMSSW_6_2_0_SLHC12_2023Scenario_Case3/calabria_SingleMuPt50_GEN-SIM-DIGI-RECO_CMSSW_6_2_0_SLHC12_2023Scenario_Case3/cd3731874e2e70f741b687550e03a01f/out_reco_5_1_0qy.root
18-Jun-2014 00:35:26 CEST  Closed file file:/lustre/cms//store/user/calabria/calabria_SingleMuPt50_GEN-SIM-DIGI-RECO_CMSSW_6_2_0_SLHC12_2023Scenario_Case3/calabria_SingleMuPt50_GEN-SIM-DIGI-RECO_CMSSW_6_2_0_SLHC12_2023Scenario_Case3/cd3731874e2e70f741b687550e03a01f/out_reco_5_1_0qy.root
18-Jun-2014 00:35:26 CEST  Initiating request to open file file:/lustre/cms//store/user/calabria/calabria_SingleMuPt50_GEN-SIM-DIGI-RECO_CMSSW_6_2_0_SLHC12_2023Scenario_Case3/calabria_SingleMuPt50_GEN-SIM-DIGI-RECO_CMSSW_6_2_0_SLHC12_2023Scenario_Case3/cd3731874e2e70f741b687550e03a01f/out_reco_6_1_Fzh.root
18-Jun-2014 00:35:26 CEST  Successfully opened file file:/lustre/cms//store/user/calabria/calabria_SingleMuPt50_GEN-SIM-DIGI-RECO_CMSSW_6_2_0_SLHC12_2023Scenario_Case3/calabria_SingleMuPt50_GEN-SIM-DIGI-RECO_CMSSW_6_2_0_SLHC12_2023Scenario_Case3/cd3731874e2e70f741b687550e03a01f/out_reco_6_1_Fzh.root
18-Jun-2014 00:36:08 CEST  Closed file file:/lustre/cms//store/user/calabria/calabria_SingleMuPt50_GEN-SIM-DIGI-RECO_CMSSW_6_2_0_SLHC12_2023Scenario_Case3/calabria_SingleMuPt50_GEN-SIM-DIGI-RECO_CMSSW_6_2_0_SLHC12_2023Scenario_Case3/cd3731874e2e70f741b687550e03a01f/out_reco_6_1_Fzh.root
18-Jun-2014 00:36:08 CEST  Initiating request to open file file:/lustre/cms//store/user/calabria/calabria_SingleMuPt50_GEN-SIM-DIGI-RECO_CMSSW_6_2_0_SLHC12_2023Scenario_Case3/calabria_SingleMuPt50_GEN-SIM-DIGI-RECO_CMSSW_6_2_0_SLHC12_2023Scenario_Case3/cd3731874e2e70f741b687550e03a01f/out_reco_8_1_sqL.root
18-Jun-2014 00:36:08 CEST  Successfully opened file file:/lustre/cms//store/user/calabria/calabria_SingleMuPt50_GEN-SIM-DIGI-RECO_CMSSW_6_2_0_SLHC12_2023Scenario_Case3/calabria_SingleMuPt50_GEN-SIM-DIGI-RECO_CMSSW_6_2_0_SLHC12_2023Scenario_Case3/cd3731874e2e70f741b687550e03a01f/out_reco_8_1_sqL.root
18-Jun-2014 00:36:51 CEST  Closed file file:/lustre/cms//store/user/calabria/calabria_SingleMuPt50_GEN-SIM-DIGI-RECO_CMSSW_6_2_0_SLHC12_2023Scenario_Case3/calabria_SingleMuPt50_GEN-SIM-DIGI-RECO_CMSSW_6_2_0_SLHC12_2023Scenario_Case3/cd3731874e2e70f741b687550e03a01f/out_reco_8_1_sqL.root
18-Jun-2014 00:36:51 CEST  Initiating request to open file file:/lustre/cms//store/user/calabria/calabria_SingleMuPt50_GEN-SIM-DIGI-RECO_CMSSW_6_2_0_SLHC12_2023Scenario_Case3/calabria_SingleMuPt50_GEN-SIM-DIGI-RECO_CMSSW_6_2_0_SLHC12_2023Scenario_Case3/cd3731874e2e70f741b687550e03a01f/out_reco_10_1_S37.root
18-Jun-2014 00:36:52 CEST  Successfully opened file file:/lustre/cms//store/user/calabria/calabria_SingleMuPt50_GEN-SIM-DIGI-RECO_CMSSW_6_2_0_SLHC12_2023Scenario_Case3/calabria_SingleMuPt50_GEN-SIM-DIGI-RECO_CMSSW_6_2_0_SLHC12_2023Scenario_Case3/cd3731874e2e70f741b687550e03a01f/out_reco_10_1_S37.root
18-Jun-2014 00:37:55 CEST  Closed file file:/lustre/cms//store/user/calabria/calabria_SingleMuPt50_GEN-SIM-DIGI-RECO_CMSSW_6_2_0_SLHC12_2023Scenario_Case3/calabria_SingleMuPt50_GEN-SIM-DIGI-RECO_CMSSW_6_2_0_SLHC12_2023Scenario_Case3/cd3731874e2e70f741b687550e03a01f/out_reco_10_1_S37.root

=============================================

MessageLogger Summary

 type     category        sev    module        subroutine        count    total
 ---- -------------------- -- ---------------- ----------------  -----    -----
    1 fileAction           -s file_close                            10       10
    2 fileAction           -s file_open                             20       20

 type    category    Examples: run/evt        run/evt          run/evt
 ---- -------------------- ---------------- ---------------- ----------------
    1 fileAction           PostProcessEvent PostProcessEvent PostEndRun
    2 fileAction           pre-events       pre-events       PostProcessEvent

Severity    # Occurrences   Total Occurrences
--------    -------------   -----------------
System                 30                  30
>>> END OF printout of 50 lines from stdout+stderr
>>> Parse FrameworkJobReport crab_fjr.xml
Result of parsing the FrameworkJobReport crab_fjr.xml: Popularity start
lumisRange : 1::::1;1::::2;1::::3;1::::4;1::::5;1::::6;1::::7;1::::8;1::::9;1::::10;
lumisParentRange : 
Basename : /store/user/calabria/calabria_SingleMuPt50_GEN-SIM-DIGI-RECO_CMSSW_6_2_0_SLHC12_2023Scenario_Case3/calabria_SingleMuPt50_GEN-SIM-DIGI-RECO_CMSSW_6_2_0_SLHC12_2023Scenario_Case3/cd3731874e2e70f741b687550e03a01f/out_reco_
BasenameParent : 
parentFiles : 
inputBlocks : /calabria_SingleMuPt50_GEN-SIM-DIGI-RECO_CMSSW_6_2_0_SLHC12_2023Scenario_Case3/calabria-calabria_SingleMuPt50_GEN-SIM-DIGI-RECO_CMSSW_6_2_0_SLHC12_2023Scenario_Case3-cd3731874e2e70f741b687550e03a01f/USER#07dedc8c-8ee0-4add-8cce-85c812e3adce
inputFiles : 3_1_e2C.root::1::EDM::Local::1;1_1_wgz.root::1::EDM::Local::2;6_1_Fzh.root::1::EDM::Local::3;10_1_S37.root::1::EDM::Local::4;4_1_LpJ.root::1::EDM::Local::5;8_1_sqL.root::1::EDM::Local::6;5_1_0qy.root::1::EDM::Local::7;498_1_lZO.root::1::EDM::Local::8;494_1_Lps.root::1::EDM::Local::9;493_1_DQI.root::1::EDM::Local::10;
Popularity stop
Extracted ExitStatus from FrameworkJobReport parsing output: 0
>>> Executable succeded  0
ExeExitCode=0
EXECUTABLE_EXIT_STATUS = 0
>>> current directory /home/cms017/home_cream_334186649/CREAM334186649/glide_HenILc/execute/dir_21018/CMSSW_6_2_0_SLHC12
>>>  (SOFTWARE_DIR): /home/cms017/home_cream_334186649/CREAM334186649/glide_HenILc/execute/dir_21018/CMSSW_6_2_0_SLHC12
>>> (WORKING_DIR): 
>>> current directory content:
total 10516
drwxr-xr-x 3 cms017 cms    4096 Jun 18 00:30 .SCRAM
-rw------- 1 cms017 cms 3739063 Jun 18 00:30 CMSSW.py.pkl
drwxr-xr-x 3 cms017 cms    4096 Jun 18 00:30 bin
drwxr-xr-x 3 cms017 cms    4096 Jun 18 00:30 cfipython
drwxr-xr-x 4 cms017 cms    4096 Jun 18 00:30 config
-rw------- 1 cms017 cms      17 Jun 18 00:37 cpu_timing.txt
drwxr-xr-x 2 cms017 cms    4096 Jun 18 00:30 doc
-rw------- 1 cms017 cms    9886 Jun 18 00:37 executable.out
drwxr-xr-x 2 cms017 cms    4096 Jun 18 00:30 include
drwx------ 3 cms017 cms    4096 Apr 28 18:12 lib
drwxr-xr-x 3 cms017 cms    4096 Jun 18 00:30 logs
drwxr-xr-x 3 cms017 cms    4096 Jun 18 00:30 objs
-rw------- 1 cms017 cms     104 Jun 18 00:30 pset.py
-rw------- 1 cms017 cms 3712299 Jun 18 00:30 pset.py.pkl
-rw------- 1 cms017 cms     289 Jun 18 00:30 pset.pyc
drwxr-xr-x 2 cms017 cms    4096 Jun 18 00:30 python
-rw------- 1 cms017 cms     392 Jun 18 00:37 report.log
drwx------ 6 cms017 cms    4096 Jun 18 00:30 src
drwxr-xr-x 3 cms017 cms    4096 Jun 18 00:30 test
drwxr-xr-x 3 cms017 cms    4096 Jun 18 00:30 tmp
-rw------- 1 cms017 cms 3217474 Jun 18 00:37 validationEDM.root
>>> current directory /home/cms017/home_cream_334186649/CREAM334186649/glide_HenILc/execute/dir_21018/CMSSW_6_2_0_SLHC12
>>> (SOFTWARE_DIR): /home/cms017/home_cream_334186649/CREAM334186649/glide_HenILc/execute/dir_21018/CMSSW_6_2_0_SLHC12
>>> (WORKING_DIR): 
>>> current directory content:
total 10516
drwxr-xr-x 3 cms017 cms    4096 Jun 18 00:30 .SCRAM
-rw------- 1 cms017 cms 3739063 Jun 18 00:30 CMSSW.py.pkl
drwxr-xr-x 3 cms017 cms    4096 Jun 18 00:30 bin
drwxr-xr-x 3 cms017 cms    4096 Jun 18 00:30 cfipython
drwxr-xr-x 4 cms017 cms    4096 Jun 18 00:30 config
-rw------- 1 cms017 cms      17 Jun 18 00:37 cpu_timing.txt
drwxr-xr-x 2 cms017 cms    4096 Jun 18 00:30 doc
-rw------- 1 cms017 cms    9886 Jun 18 00:37 executable.out
drwxr-xr-x 2 cms017 cms    4096 Jun 18 00:30 include
drwx------ 3 cms017 cms    4096 Apr 28 18:12 lib
drwxr-xr-x 3 cms017 cms    4096 Jun 18 00:30 logs
drwxr-xr-x 3 cms017 cms    4096 Jun 18 00:30 objs
-rw------- 1 cms017 cms     104 Jun 18 00:30 pset.py
-rw------- 1 cms017 cms 3712299 Jun 18 00:30 pset.py.pkl
-rw------- 1 cms017 cms     289 Jun 18 00:30 pset.pyc
drwxr-xr-x 2 cms017 cms    4096 Jun 18 00:30 python
-rw------- 1 cms017 cms     392 Jun 18 00:37 report.log
drwx------ 6 cms017 cms    4096 Jun 18 00:30 src
drwxr-xr-x 3 cms017 cms    4096 Jun 18 00:30 test
drwxr-xr-x 3 cms017 cms    4096 Jun 18 00:30 tmp
-rw------- 1 cms017 cms 3217474 Jun 18 00:37 validationEDM_19_1_dlg.root
>>> current directory (RUNTIME_AREA):  /home/cms017/home_cream_334186649/CREAM334186649/glide_HenILc/execute/dir_21018
SE = storm-se-01.ba.infn.it
SE_PATH = /srm/managerv2?SFN=//cms/store/user/calabria/calabria_SingleMuPt50_GEN-SIM-DIGI-RECO_CMSSW_6_2_0_SLHC12_2023Scenario_Case3/calabria_MuMinus50_GEN-SIM-DIGI-RECO_CMSSW_6_2_0_SLHC12_2023Scenario_VALNOPU2_Case3/5854dd31cbd3cdec44c48628cc181cf0/
LFNBaseName = /store/user/calabria/calabria_SingleMuPt50_GEN-SIM-DIGI-RECO_CMSSW_6_2_0_SLHC12_2023Scenario_Case3/calabria_MuMinus50_GEN-SIM-DIGI-RECO_CMSSW_6_2_0_SLHC12_2023Scenario_VALNOPU2_Case3/5854dd31cbd3cdec44c48628cc181cf0/
USER = calabria
endpoint = srm://storm-se-01.ba.infn.it:8444/srm/managerv2?SFN=//cms/store/user/calabria/calabria_SingleMuPt50_GEN-SIM-DIGI-RECO_CMSSW_6_2_0_SLHC12_2023Scenario_Case3/calabria_MuMinus50_GEN-SIM-DIGI-RECO_CMSSW_6_2_0_SLHC12_2023Scenario_VALNOPU2_Case3/5854dd31cbd3cdec44c48628cc181cf0/
>>> Copy output files from WN = pccms152.ba.infn.it to /srm/managerv2?SFN=//cms/store/user/calabria/calabria_SingleMuPt50_GEN-SIM-DIGI-RECO_CMSSW_6_2_0_SLHC12_2023Scenario_Case3/calabria_MuMinus50_GEN-SIM-DIGI-RECO_CMSSW_6_2_0_SLHC12_2023Scenario_VALNOPU2_Case3/5854dd31cbd3cdec44c48628cc181cf0/ :
python cmscp.py  --destination srm://storm-se-01.ba.infn.it:8444/srm/managerv2?SFN=//cms/store/user/calabria/calabria_SingleMuPt50_GEN-SIM-DIGI-RECO_CMSSW_6_2_0_SLHC12_2023Scenario_Case3/calabria_MuMinus50_GEN-SIM-DIGI-RECO_CMSSW_6_2_0_SLHC12_2023Scenario_VALNOPU2_Case3/5854dd31cbd3cdec44c48628cc181cf0/ --inputFileList /home/cms017/home_cream_334186649/CREAM334186649/glide_HenILc/execute/dir_21018/CMSSW_6_2_0_SLHC12/validationEDM_19_1_dlg.root --middleware LCG --se_name storm-se-01.ba.infn.it --for_lfn /store/user/calabria/calabria_SingleMuPt50_GEN-SIM-DIGI-RECO_CMSSW_6_2_0_SLHC12_2023Scenario_Case3/calabria_MuMinus50_GEN-SIM-DIGI-RECO_CMSSW_6_2_0_SLHC12_2023Scenario_VALNOPU2_Case3/5854dd31cbd3cdec44c48628cc181cf0/    
******************************************************
localSeName  =  storm-se-01.ba.infn.it
remoteSeName =  storm-se-01.ba.infn.it
******************************************************
{"/home/cms017/home_cream_334186649/CREAM334186649/glide_HenILc/execute/dir_21018/CMSSW_6_2_0_SLHC12/validationEDM_19_1_dlg.root": {"endpoint": "srm://storm-se-01.ba.infn.it:8444/srm/managerv2?SFN=//cms/store/user/calabria/calabria_SingleMuPt50_GEN-SIM-DIGI-RECO_CMSSW_6_2_0_SLHC12_2023Scenario_Case3/calabria_MuMinus50_GEN-SIM-DIGI-RECO_CMSSW_6_2_0_SLHC12_2023Scenario_VALNOPU2_Case3/5854dd31cbd3cdec44c48628cc181cf0/", "surl_for_grid": "", "reason": "Copy succedeed with srm-lcg utils", "erCode": "0", "se_name": "storm-se-01.ba.infn.it", "for_lfn": "/store/user/calabria/calabria_SingleMuPt50_GEN-SIM-DIGI-RECO_CMSSW_6_2_0_SLHC12_2023Scenario_Case3/calabria_MuMinus50_GEN-SIM-DIGI-RECO_CMSSW_6_2_0_SLHC12_2023Scenario_VALNOPU2_Case3/5854dd31cbd3cdec44c48628cc181cf0/"}}/home/cms017/home_cream_334186649/CREAM334186649/glide_HenILc/execute/dir_21018
-------- cat /home/cms017/home_cream_334186649/CREAM334186649/glide_HenILc/execute/dir_21018/cmscpReport.sh 
#!/bin/bash
echo "Report for File: /home/cms017/home_cream_334186649/CREAM334186649/glide_HenILc/execute/dir_21018/CMSSW_6_2_0_SLHC12/validationEDM_19_1_dlg.root"
echo "LFN: /store/user/calabria/calabria_SingleMuPt50_GEN-SIM-DIGI-RECO_CMSSW_6_2_0_SLHC12_2023Scenario_Case3/calabria_MuMinus50_GEN-SIM-DIGI-RECO_CMSSW_6_2_0_SLHC12_2023Scenario_VALNOPU2_Case3/5854dd31cbd3cdec44c48628cc181cf0/validationEDM_19_1_dlg.root"
echo "StorageElement: storm-se-01.ba.infn.it"
echo "StageOutExitStatusReason = 'Copy succedeed with srm-lcg utils'" | tee -a $RUNTIME_AREA/$repo
echo "StageOutSE = storm-se-01.ba.infn.it" >> $RUNTIME_AREA/$repo

export StageOutExitStatus=0
echo "StageOutExitStatus = 0" | tee -a $RUNTIME_AREA/$repo
-------- end of /home/cms017/home_cream_334186649/CREAM334186649/glide_HenILc/execute/dir_21018/cmscpReport.sh 
Report for File: /home/cms017/home_cream_334186649/CREAM334186649/glide_HenILc/execute/dir_21018/CMSSW_6_2_0_SLHC12/validationEDM_19_1_dlg.root
LFN: /store/user/calabria/calabria_SingleMuPt50_GEN-SIM-DIGI-RECO_CMSSW_6_2_0_SLHC12_2023Scenario_Case3/calabria_MuMinus50_GEN-SIM-DIGI-RECO_CMSSW_6_2_0_SLHC12_2023Scenario_VALNOPU2_Case3/5854dd31cbd3cdec44c48628cc181cf0/validationEDM_19_1_dlg.root
StorageElement: storm-se-01.ba.infn.it
StageOutExitStatusReason = 'Copy succedeed with srm-lcg utils'
StageOutExitStatus = 0
>>> current dir: /home/cms017/home_cream_334186649/CREAM334186649/glide_HenILc/execute/dir_21018
>>> current dir content:
total 28076
-rw-------  1 cms017 cms     2783 Jun 18 00:38 .SEinteraction.log
-rwx------  1 cms017 cms     6726 Jun 18 00:30 .job.ad
-rwx------  1 cms017 cms     9426 Jun 18 00:30 .machine.ad
-rw-------  1 cms017 cms      105 Jun 16 20:39 CMSSW.py
-rw-------  1 cms017 cms  3739063 Jun 16 20:39 CMSSW.py.pkl
-rwx------  1 cms017 cms    29556 Jun 18 00:30 CMSSW.sh
drwxr-xr-x 15 cms017 cms     4096 Jun 18 00:38 CMSSW_6_2_0_SLHC12
-rw-------  1 cms017 cms      220 Jun 18 00:30 CacheEnv.sh
-rw-------  1 cms017 cms     7291 Apr  4 11:04 DashboardAPI.py
-rw-------  1 cms017 cms     6815 Jun 18 00:30 DashboardAPI.pyc
drwx------  2 cms017 cms     4096 Jun 18 00:37 IMProv
-rw-------  1 cms017 cms     2748 Apr  4 11:04 Logger.py
-rw-------  1 cms017 cms     3347 Jun 18 00:30 Logger.pyc
-rw-------  1 cms017 cms    24524 Apr  4 11:04 ProcInfo.py
-rw-------  1 cms017 cms    23197 Jun 18 00:30 ProcInfo.pyc
drwx------  7 cms017 cms     4096 Jun 18 00:30 ProdCommon
drwx------  3 cms017 cms     4096 Jun 18 00:30 WMCore
-rw-------  1 cms017 cms     2856 Jun 18 00:37 Watchdog_19.log
-rwx------  1 cms017 cms        0 Jun 18 00:30 _condor_stderr
-rwx---r--  1 cms017 cms    29332 Jun 18 00:38 _condor_stdout
-rw-------  1 cms017 cms    32895 Apr  4 11:04 apmon.py
-rw-------  1 cms017 cms    28625 Jun 18 00:30 apmon.pyc
-rwx------  1 cms017 cms    53473 Jun 18 00:30 arguments.xml
-rwx------  1 cms017 cms    38515 Apr  4 11:04 cmscp.py
-rw-------  1 cms017 cms      718 Jun 18 00:38 cmscpReport.sh
-rwx------  1 cms017 cms    29556 Jun 18 00:30 condor_exec.exe
-rw-------  1 cms017 cms      958 Jun 16 20:39 crab.cfg
-rwx------  1 cms017 cms     8610 Apr  4 11:04 crabWatchdog.sh
-rwx---r--  1 cms017 cms   523201 Jun 18 00:37 crab_fjr_19.xml
-rwx------  1 cms017 cms 23959846 Jun 18 00:30 default.tgz
-rwx------  1 cms017 cms     4488 Apr  4 11:04 fillCrabFjr.py
-rw-------  1 cms017 cms     2616 Jun 18 00:30 inputsReport.txt
-rw-------  1 cms017 cms      255 Jun 18 00:38 jobreport.txt
-rw-------  1 cms017 cms    17352 Apr  4 11:04 parseCrabFjr.py
-rw-------  1 cms017 cms      317 Jun 18 00:30 report.log
-rwx--x--x  1 cms017 cms     1497 Apr  4 11:04 report.py
-rw-------  1 cms017 cms      772 Jun 18 00:38 resultCopyFile
lrwxrwxrwx  1 cms017 cms      126 Jun 18 00:38 validationEDM.root -> /home/cms017/home_cream_334186649/CREAM334186649/glide_HenILc/execute/dir_21018/CMSSW_6_2_0_SLHC12/validationEDM_19_1_dlg.root
-rwx------  1 cms017 cms     8387 Apr  4 11:04 writeCfg.py
-rw-------  1 cms017 cms     8010 Jun 18 00:30 x509up_u50707
>>> Modify Job Report:
CMSSW_VERSION = CMSSW_6_2_0_SLHC12
ProcessedDataset = calabria_MuMinus50_GEN-SIM-DIGI-RECO_CMSSW_6_2_0_SLHC12_2023Scenario_VALNOPU2_Case3
/home/cms017/home_cream_334186649/CREAM334186649/glide_HenILc/execute/dir_21018/ProdCommon/FwkJobRep/ModifyJobReport.py fjr /home/cms017/home_cream_334186649/CREAM334186649/glide_HenILc/execute/dir_21018/crab_fjr_19.xml json /home/cms017/home_cream_334186649/CREAM334186649/glide_HenILc/execute/dir_21018/resultCopyFile n_job 19_1_dlg PrimaryDataset calabria_SingleMuPt50_GEN-SIM-DIGI-RECO_CMSSW_6_2_0_SLHC12_2023Scenario_Case3  ApplicationFamily cmsRun ApplicationName cmsRun cmssw_version CMSSW_6_2_0_SLHC12 psethash 5854dd31cbd3cdec44c48628cc181cf0 UserProcessedDataset calabria-calabria_MuMinus50_GEN-SIM-DIGI-RECO_CMSSW_6_2_0_SLHC12_2023Scenario_VALNOPU2_Case3-5854dd31cbd3cdec44c48628cc181cf0
inputDict =  {u'/home/cms017/home_cream_334186649/CREAM334186649/glide_HenILc/execute/dir_21018/CMSSW_6_2_0_SLHC12/validationEDM_19_1_dlg.root': {u'endpoint': u'srm://storm-se-01.ba.infn.it:8444/srm/managerv2?SFN=//cms/store/user/calabria/calabria_SingleMuPt50_GEN-SIM-DIGI-RECO_CMSSW_6_2_0_SLHC12_2023Scenario_Case3/calabria_MuMinus50_GEN-SIM-DIGI-RECO_CMSSW_6_2_0_SLHC12_2023Scenario_VALNOPU2_Case3/5854dd31cbd3cdec44c48628cc181cf0/', u'surl_for_grid': u'', u'reason': u'Copy succedeed with srm-lcg utils', u'erCode': u'0', u'se_name': u'storm-se-01.ba.infn.it', u'for_lfn': u'/store/user/calabria/calabria_SingleMuPt50_GEN-SIM-DIGI-RECO_CMSSW_6_2_0_SLHC12_2023Scenario_Case3/calabria_MuMinus50_GEN-SIM-DIGI-RECO_CMSSW_6_2_0_SLHC12_2023Scenario_VALNOPU2_Case3/5854dd31cbd3cdec44c48628cc181cf0/'}}
UserProcessedDataset =  calabria-calabria_MuMinus50_GEN-SIM-DIGI-RECO_CMSSW_6_2_0_SLHC12_2023Scenario_VALNOPU2_Case3-5854dd31cbd3cdec44c48628cc181cf0
file_name in inputDict =  /home/cms017/home_cream_334186649/CREAM334186649/glide_HenILc/execute/dir_21018/CMSSW_6_2_0_SLHC12/validationEDM_19_1_dlg.root
(size) os.stat(filename)[6] =  3217474
checksum =  3742231018
    file =  validationEDM_19_1_dlg.root
    newPfn =  srm://storm-se-01.ba.infn.it:8444/srm/managerv2?SFN=//cms/store/user/calabria/calabria_SingleMuPt50_GEN-SIM-DIGI-RECO_CMSSW_6_2_0_SLHC12_2023Scenario_Case3/calabria_MuMinus50_GEN-SIM-DIGI-RECO_CMSSW_6_2_0_SLHC12_2023Scenario_VALNOPU2_Case3/5854dd31cbd3cdec44c48628cc181cf0/validationEDM_19_1_dlg.root
    newLfn =  /store/user/calabria/calabria_SingleMuPt50_GEN-SIM-DIGI-RECO_CMSSW_6_2_0_SLHC12_2023Scenario_Case3/calabria_MuMinus50_GEN-SIM-DIGI-RECO_CMSSW_6_2_0_SLHC12_2023Scenario_VALNOPU2_Case3/5854dd31cbd3cdec44c48628cc181cf0/validationEDM_19_1_dlg.root
>>> crab_fjr_*.xml  permission set to 0704
CrabWrapper EXIT_FUNC entered at Wed Jun 18 00:38:51 CEST 2014   -  Tue Jun 17 22:38:51 UTC 2014
Checking output files:  
will tar file crab_fjr_19.xml in  out_files_19
WARNING: output file CMSSW_19.stdout not found!
WARNING: output file CMSSW_19.stderr not found!
WARNING: output file Watchdog_19.log.gz not found!
>>> padding time: Sleeping the wrapper for 101 seconds
STOPPING WATCHDOG. CrabWatchdog PID is 22717
********** LAST 50 LINES OF WATCHDOG LOG
# RESOURCE USAGE SUMMARY FOR PROCESS ID 22075
USER       PID %CPU %MEM    VSZ   RSS TTY      STAT START   TIME COMMAND
cms017   22075  0.3  0.0   9500  1596 ?        S    00:30   0:00 /bin/sh /home/cms017/home_cream_334186649/CREAM334186649/glide_HenILc/execute/dir_21018/condor_exec.exe 19 1
 
# LIMITS USED BY CRAB WATCHDOG:
# RSS  (KBytes)   : 2300000
# VSZ  (KBytes)   : 100000000
# DISK (MBytes)   : 19000
# CPU TIME        : 720h:0m:0s
# WALL CLOCK TIME : 21h:50m:0s
 
# FOLLOWING PRINTOUT TRACKS MAXIMUM VALUES OF RESOURCES USE
# ONE LINE IS PRINTED EACH TIME A MAXIMUM CHANGES
# IF CHANGE WAS IN RSS OR VSZ ALSO PROCID AND COMMAND ARE PRINTED
# THERE IS NO PRINTOUT FOR CPU/WALL TIME INCREASE
 
# TIME			PID	RSS(KB)	VSZ(KB)	Dsk(MB)	tCPU(s)	tWALL(s)	COMMAND
 Jun 18 00:30:39 CEST	8659	1392	9364	0	0	0	/bin/bash /home/cms017/home_cream_334186649/CREAM334186649/glide_HenILc/main/condor_startup.sh glidein_config        
 Jun 18 00:30:39 CEST	12292	8008	93336	0	0	1	/home/cms017/home_cream_334186649/CREAM334186649/glide_HenILc/main/condor/sbin/condor_master -f -pidfile /home/cms017/home_cream_334186649/CREAM334186649/glide_HenILc/condor_master2.pid       
 Jun 18 00:30:39 CEST	14256	8728	93904	0	11	1	condor_startd -f         
 Jun 18 00:30:39 CEST	16847	8728	106092	0	0	1	sh -c "./glidein_startup.sh" -v std -name v1_3 -entry CMS_T2_IT_Bari_ce4 -clientname UCSD-v1_0.main
 Jun 18 00:30:39 CEST	16854	8728	106492	0	0	1	/bin/bash ./glidein_startup.sh -v std -name v1_3 -entry CMS_T2_IT_Bari_ce4 -clientname UCSD-v1_0.main -schedd
 Jun 18 00:30:39 CEST	22733	78224	142980	0	2	2	edmConfigHash pset.py         
 Jun 18 00:30:39 CEST	---	78224	142980	171	----	----	----
 Jun 18 00:31:41 CEST	24341	764508	981992	171	37	66	cmsRun -j /home/cms017/home_cream_334186649/CREAM334186649/glide_HenILc/execute/dir_21018/crab_fjr_19.xml -p pset.py      
 Jun 18 00:31:41 CEST	---	764508	981992	175	----	----	----
 Jun 18 00:32:45 CEST	24341	765656	981992	175	86	129	cmsRun -j /home/cms017/home_cream_334186649/CREAM334186649/glide_HenILc/execute/dir_21018/crab_fjr_19.xml -p pset.py      
 Jun 18 00:33:48 CEST	24341	791184	1012240	175	136	191	cmsRun -j /home/cms017/home_cream_334186649/CREAM334186649/glide_HenILc/execute/dir_21018/crab_fjr_19.xml -p pset.py      
 Jun 18 00:34:50 CEST	24341	795388	1021272	175	186	253	cmsRun -j /home/cms017/home_cream_334186649/CREAM334186649/glide_HenILc/execute/dir_21018/crab_fjr_19.xml -p pset.py      
 Jun 18 00:35:52 CEST	24341	799692	1021272	175	241	315	cmsRun -j /home/cms017/home_cream_334186649/CREAM334186649/glide_HenILc/execute/dir_21018/crab_fjr_19.xml -p pset.py      
 Jun 18 00:36:54 CEST	24341	800620	1030744	175	292	376	cmsRun -j /home/cms017/home_cream_334186649/CREAM334186649/glide_HenILc/execute/dir_21018/crab_fjr_19.xml -p pset.py      
 Jun 18 00:37:55 CEST	---	800620	1030744	178	----	----	----
 Jun 18 00:38:57 CEST	---	800620	1030744	179	----	----	----
********** WATCHDOG LOG ENDED
ZIPPING WATCHDOG LOG
Disk space used:
du -sh /home/cms017/home_cream_334186649/CREAM334186649/glide_HenILc/execute/dir_21018
179M	/home/cms017/home_cream_334186649/CREAM334186649/glide_HenILc/execute/dir_21018
Found unusual stdout, rename for OSB
`/home/cms017/home_cream_334186649/CREAM334186649/glide_HenILc/execute/dir_21018/_condor_stdout' -> `CMSSW_19.stdout'
Found unusual stderr, rename for OSB
`/home/cms017/home_cream_334186649/CREAM334186649/glide_HenILc/execute/dir_21018/_condor_stdout' -> `CMSSW_19.stderr'
crab_fjr_19.xml
CMSSW_19.stdout
CMSSW_19.stderr
Watchdog_19.log.gz
Total Output dimension: 70220
WARNING: output files size limit is set to: 50000000
Total Output dimension 70220 is fine.
JOB_EXIT_STATUS = 0
>>> info for dashboard:
***** Cat /home/cms017/home_cream_334186649/CREAM334186649/glide_HenILc/execute/dir_21018/jobreport.txt *****
MonitorJobID=19_https://vocms83.cern.ch//140616//86811.18
MonitorID=calabria_MuMinus50_Case3_ReReco_9o02eb
ExeTime=420
ExeExitCode=0
StageOutExitStatusReason = 'Copy succedeed with srm-lcg utils'
StageOutSE = storm-se-01.ba.infn.it
StageOutExitStatus = 0
CrabUserCpuTime=306.70
CrabSysCpuTime=42.61
CrabCpuPercentage=83%
CrabWrapperTime=600
CrabStageoutTime=49
JobExitCode=0
***** End Cat jobreport *****
Parameters sent to Dashboard.
EXITING at Wed Jun 18 00:40:38 CEST 2014  -  Tue Jun 17 22:40:38 UTC 2014
