This script was generated by crab (version 2.10.5_patch1).
Running /home/cms036/home_cream_684096214/CREAM684096214/glide_pttsKW/execute/dir_422/condor_exec.exe with 2 positional parameters: 11 1
Today is Wed Jun 18 00:19:52 CEST 2014 - Tue Jun 17 22:19:52 UTC 2014
Job submitted on host wizard05.ba.infn.it
Linux wizard05.ba.infn.it 2.6.32-358.23.2.el6.x86_64 #1 SMP Thu Oct 17 10:27:22 CEST 2013 x86_64 x86_64 x86_64 GNU/Linux
>>> current directory (RUNTIME_AREA): /home/cms036/home_cream_684096214/CREAM684096214/glide_pttsKW/execute/dir_422
>>> current user: uid=18592(cms036) gid=1399(cms) groups=1399(cms)
>>> directory permission set to 0700
>>> umask set to:  u=rwx,g=,o=
>>> stdout stderr permission set to 0704
>>> voms proxy information:
subject   : /C=IT/O=INFN/OU=Personal Certificate/L=Bari/CN=Cesare Calabria/CN=477126703/CN=1006018436
issuer    : /C=IT/O=INFN/OU=Personal Certificate/L=Bari/CN=Cesare Calabria/CN=477126703
identity  : /C=IT/O=INFN/OU=Personal Certificate/L=Bari/CN=Cesare Calabria
type      : RFC3820 compliant limited proxy
strength  : 1024
path      : /home/cms036/home_cream_684096214/CREAM684096214/glide_pttsKW/execute/dir_422/x509up_u50707
timeleft  : 23:59:56
key usage : Digital Signature, Key Encipherment, Data Encipherment
=== VO cms extension information ===
VO        : cms
subject   : /C=IT/O=INFN/OU=Personal Certificate/L=Bari/CN=Cesare Calabria
issuer    : /DC=ch/DC=cern/OU=computers/CN=voms.cern.ch
attribute : /cms/Role=NULL/Capability=NULL
attribute : /cms/itcms/Role=NULL/Capability=NULL
timeleft  : 155:04:25
uri       : voms.cern.ch:15002

WNHostName=wizard05.ba.infn.it
>>> tar --no-same-permissions -xf /home/cms036/home_cream_684096214/CREAM684096214/glide_pttsKW/execute/dir_422/default.tgz :
Successful untar
>>> Include /home/cms036/home_cream_684096214/CREAM684096214/glide_pttsKW/execute/dir_422 in PYTHONPATH:
strip arguments
env var CRAB_UNIQUE_JOB_ID set to: calabria_MuMinus50_Case3_ReReco_9o02eb_11_1_P9b
out_files_11
>>> list of expected files on output sandbox
output files: crab_fjr_11.xml CMSSW_11.stdout CMSSW_11.stderr Watchdog_11.log.gz
>>> GridFlavour discovery: 
GridFlavour=LCG
>>> SyncSite discovery: 
SyncSite=T2_IT_Bari
>>> SyncCE discovery: 
getting SyncCE from CE_ID
SyncCE=cream-ce-4.ba.infn.it:8443/cream-pbs-cms
>>> info for dashboard:
***** Cat /home/cms036/home_cream_684096214/CREAM684096214/glide_pttsKW/execute/dir_422/jobreport.txt *****
WNHostName=wizard05.ba.infn.it
MonitorJobID=11_https://vocms83.cern.ch//140616//86811.10
SyncGridJobId=https://vocms83.cern.ch//140616//86811.10
MonitorID=calabria_MuMinus50_Case3_ReReco_9o02eb
GridFlavour=LCG
SyncSite=T2_IT_Bari
SyncCE=cream-ce-4.ba.infn.it:8443/cream-pbs-cms
***** End Cat jobreport *****
Parameters sent to Dashboard.
>>> setup environment
set SCRAM ARCH to slc5_amd64_gcc472
SCRAM_ARCH = slc5_amd64_gcc472
>>> setup CMS LCG environment:
set SCRAM ARCH and BUILD_ARCH to slc5_amd64_gcc472 ###
Sourcing environment... 
sourcing /cvmfs/cms.cern.ch/cmsset_default.sh
==> setup cms environment ok
>>> specific cmssw setup environment:
CMSSW_VERSION =  CMSSW_6_2_0_SLHC12
>>> current directory (SOFTWARE_DIR): /home/cms036/home_cream_684096214/CREAM684096214/glide_pttsKW/execute/dir_422/CMSSW_6_2_0_SLHC12
PreserveSeeds: <>
IncrementSeeds:<>
>>> info for dashboard:
***** Cat /home/cms036/home_cream_684096214/CREAM684096214/glide_pttsKW/execute/dir_422/jobreport.txt *****
MonitorJobID=11_https://vocms83.cern.ch//140616//86811.10
MonitorID=calabria_MuMinus50_Case3_ReReco_9o02eb
***** End Cat jobreport *****
Parameters sent to Dashboard.
crabWatchdog started as process 2775
>>> moving CMSSW software directories in /home/cms036/home_cream_684096214/CREAM684096214/glide_pttsKW/execute/dir_422/CMSSW_6_2_0_SLHC12
mv: cannot stat `/home/cms036/home_cream_684096214/CREAM684096214/glide_pttsKW/execute/dir_422/module/': No such file or directory
>>> Include /home/cms036/home_cream_684096214/CREAM684096214/glide_pttsKW/execute/dir_422 in PYTHONPATH:
PYTHONPATH=/home/cms036/home_cream_684096214/CREAM684096214/glide_pttsKW/execute/dir_422/:/home/cms036/home_cream_684096214/CREAM684096214/glide_pttsKW/execute/dir_422/CMSSW_6_2_0_SLHC12/python:/home/cms036/home_cream_684096214/CREAM684096214/glide_pttsKW/execute/dir_422/CMSSW_6_2_0_SLHC12/lib/slc5_amd64_gcc472:/cvmfs/cms.cern.ch/slc5_amd64_gcc472/cms/cmssw/CMSSW_6_2_0_SLHC12/python:/cvmfs/cms.cern.ch/slc5_amd64_gcc472/cms/cmssw/CMSSW_6_2_0_SLHC12/lib/slc5_amd64_gcc472:/cvmfs/cms.cern.ch/slc5_amd64_gcc472/cms/coral/CORAL_2_3_21-cms36/slc5_amd64_gcc472/python:/cvmfs/cms.cern.ch/slc5_amd64_gcc472/cms/coral/CORAL_2_3_21-cms36/slc5_amd64_gcc472/lib:/cvmfs/cms.cern.ch/slc5_amd64_gcc472/external/pyqt/4.8.1-cms6/lib/python2.7/site-packages:/cvmfs/cms.cern.ch/slc5_amd64_gcc472/external/py2-scipy/0.8.0-cms8/lib/python2.7/site-packages:/cvmfs/cms.cern.ch/slc5_amd64_gcc472/external/py2-matplotlib/1.0.1-cms8/lib/python2.7/site-packages:/cvmfs/cms.cern.ch/slc5_amd64_gcc472/external/python-ldap/2.3.5-cms6/lib/python2.7/site-packages:/cvmfs/cms.cern.ch/slc5_amd64_gcc472/external/sip/4.11.2-cms6/lib/python2.7/site-packages:/cvmfs/cms.cern.ch/slc5_amd64_gcc472/external/py2-pycurl/7.19.0-cms8/lib/python2.7/site-packages:/cvmfs/cms.cern.ch/slc5_amd64_gcc472/external/py2-numpy/1.6.1-cms8/lib/python2.7/site-packages:/cvmfs/cms.cern.ch/slc5_amd64_gcc472/external/py2-lint/0.25.1-cms6/lib/python2.7/site-packages:/cvmfs/cms.cern.ch/slc5_amd64_gcc472/external/py2-ipython/0.10-cms6/lib/python2.7/site-packages:/cvmfs/cms.cern.ch/slc5_amd64_gcc472/external/py2-cx-oracle/5.1-cms7/lib/python2.7/site-packages:/cvmfs/cms.cern.ch/slc5_amd64_gcc472/external/py2-cjson/1.0.5-cms6/lib/python2.7/site-packages:/cvmfs/cms.cern.ch/slc5_amd64_gcc472/cms/das-client/1.11.7/bin:/cvmfs/cms.cern.ch/slc5_amd64_gcc472/external/elementtree/1.2.6-cms6/share/lib/python2.7/site-packages:/cvmfs/cms.cern.ch/slc5_amd64_gcc472/external/rivet/1.8.2-cms8/lib/python2.7/site-packages:/cvmfs/cms.cern.ch/slc5_amd64_gcc472/external/pyminuit2/0.0.1-cms19/lib/python2.7/site-packages:/cvmfs/cms.cern.ch/slc5_amd64_gcc472/external/py2-pygithub/1.23.0/lib/python2.7/site-packages:/cvmfs/cms.cern.ch/slc5_amd64_gcc472/external/professor/1.0.0-cms19/lib/python2.7/site-packages:/cvmfs/cms.cern.ch/slc5_amd64_gcc472/lcg/root/5.34.07-cms/lib:/cvmfs/cms.cern.ch/slc5_amd64_gcc472/cms/dbs-client/DBS_2_1_9-cms5/lib:/cvmfs/cms.cern.ch/slc5_amd64_gcc472/cms/dbs-client/DBS_2_1_9-cms5/lib/DBSAPI:/cvmfs/cms.cern.ch/slc5_amd64_gcc472/external/cvs2git/5419-cms/lib:/home/cms036/home_cream_684096214/CREAM684096214/glide_pttsKW/execute/dir_422/
 
# LIMITS USED BY CRAB WATCHDOG:
# RSS  (KBytes)   : 2300000
# VSZ  (KBytes)   : 100000000
# DISK (MBytes)   : 19000
# CPU TIME        : 720h:0m:0s
# WALL CLOCK TIME : 21h:50m:0s
 
5854dd31cbd3cdec44c48628cc181cf0
PSETHASH = 5854dd31cbd3cdec44c48628cc181cf0
/home/cms036/home_cream_684096214/CREAM684096214/glide_pttsKW/execute/dir_422/writeCfg.py pset.py pset.py
Importing .py file
Setting parameters
RandomNumberGeneratorService found, will attempt to change seeds
inputBlocks=/calabria_SingleMuPt50_GEN-SIM-DIGI-RECO_CMSSW_6_2_0_SLHC12_2023Scenario_Case3/calabria-calabria_SingleMuPt50_GEN-SIM-DIGI-RECO_CMSSW_6_2_0_SLHC12_2023Scenario_Case3-cd3731874e2e70f741b687550e03a01f/USER#07dedc8c-8ee0-4add-8cce-85c812e3adce
inputFiles=/store/user/calabria/calabria_SingleMuPt50_GEN-SIM-DIGI-RECO_CMSSW_6_2_0_SLHC12_2023Scenario_Case3/calabria_SingleMuPt50_GEN-SIM-DIGI-RECO_CMSSW_6_2_0_SLHC12_2023Scenario_Case3/cd3731874e2e70f741b687550e03a01f/out_reco_301_1_fjS.root;/store/user/calabria/calabria_SingleMuPt50_GEN-SIM-DIGI-RECO_CMSSW_6_2_0_SLHC12_2023Scenario_Case3/calabria_SingleMuPt50_GEN-SIM-DIGI-RECO_CMSSW_6_2_0_SLHC12_2023Scenario_Case3/cd3731874e2e70f741b687550e03a01f/out_reco_302_1_7ps.root;/store/user/calabria/calabria_SingleMuPt50_GEN-SIM-DIGI-RECO_CMSSW_6_2_0_SLHC12_2023Scenario_Case3/calabria_SingleMuPt50_GEN-SIM-DIGI-RECO_CMSSW_6_2_0_SLHC12_2023Scenario_Case3/cd3731874e2e70f741b687550e03a01f/out_reco_303_1_whv.root;/store/user/calabria/calabria_SingleMuPt50_GEN-SIM-DIGI-RECO_CMSSW_6_2_0_SLHC12_2023Scenario_Case3/calabria_SingleMuPt50_GEN-SIM-DIGI-RECO_CMSSW_6_2_0_SLHC12_2023Scenario_Case3/cd3731874e2e70f741b687550e03a01f/out_reco_304_1_pts.root;/store/user/calabria/calabria_SingleMuPt50_GEN-SIM-DIGI-RECO_CMSSW_6_2_0_SLHC12_2023Scenario_Case3/calabria_SingleMuPt50_GEN-SIM-DIGI-RECO_CMSSW_6_2_0_SLHC12_2023Scenario_Case3/cd3731874e2e70f741b687550e03a01f/out_reco_305_1_lNg.root;/store/user/calabria/calabria_SingleMuPt50_GEN-SIM-DIGI-RECO_CMSSW_6_2_0_SLHC12_2023Scenario_Case3/calabria_SingleMuPt50_GEN-SIM-DIGI-RECO_CMSSW_6_2_0_SLHC12_2023Scenario_Case3/cd3731874e2e70f741b687550e03a01f/out_reco_306_1_2UM.root;/store/user/calabria/calabria_SingleMuPt50_GEN-SIM-DIGI-RECO_CMSSW_6_2_0_SLHC12_2023Scenario_Case3/calabria_SingleMuPt50_GEN-SIM-DIGI-RECO_CMSSW_6_2_0_SLHC12_2023Scenario_Case3/cd3731874e2e70f741b687550e03a01f/out_reco_308_1_miF.root;/store/user/calabria/calabria_SingleMuPt50_GEN-SIM-DIGI-RECO_CMSSW_6_2_0_SLHC12_2023Scenario_Case3/calabria_SingleMuPt50_GEN-SIM-DIGI-RECO_CMSSW_6_2_0_SLHC12_2023Scenario_Case3/cd3731874e2e70f741b687550e03a01f/out_reco_309_1_Ugn.root;/store/user/calabria/calabria_SingleMuPt50_GEN-SIM-DIGI-RECO_CMSSW_6_2_0_SLHC12_2023Scenario_Case3/calabria_SingleMuPt50_GEN-SIM-DIGI-RECO_CMSSW_6_2_0_SLHC12_2023Scenario_Case3/cd3731874e2e70f741b687550e03a01f/out_reco_310_1_UoH.root;/store/user/calabria/calabria_SingleMuPt50_GEN-SIM-DIGI-RECO_CMSSW_6_2_0_SLHC12_2023Scenario_Case3/calabria_SingleMuPt50_GEN-SIM-DIGI-RECO_CMSSW_6_2_0_SLHC12_2023Scenario_Case3/cd3731874e2e70f741b687550e03a01f/out_reco_311_1_d7y.root
parentFiles=
lumisRange=
>>> Executable cmsRun
/cvmfs/cms.cern.ch/slc5_amd64_gcc472/cms/cmssw/CMSSW_6_2_0_SLHC12/bin/slc5_amd64_gcc472/cmsRun
ok executable found
>>> info for dashboard:
***** Cat /home/cms036/home_cream_684096214/CREAM684096214/glide_pttsKW/execute/dir_422/jobreport.txt *****
MonitorJobID=11_https://vocms83.cern.ch//140616//86811.10
MonitorID=calabria_MuMinus50_Case3_ReReco_9o02eb
ExeStart=cmsRun
***** End Cat jobreport *****
Parameters sent to Dashboard.
>>> cmsRun started at Tue Jun 17 22:20:17 UTC 2014
>>> cmsRun ended at Tue Jun 17 22:26:14 UTC 2014
>>> crab_fjr_*.xml  permission set to 0704
>>> info for dashboard:
***** Cat /home/cms036/home_cream_684096214/CREAM684096214/glide_pttsKW/execute/dir_422/jobreport.txt *****
MonitorJobID=11_https://vocms83.cern.ch//140616//86811.10
MonitorID=calabria_MuMinus50_Case3_ReReco_9o02eb
ExeEnd=cmsRun
***** End Cat jobreport *****
Parameters sent to Dashboard.
TIME_EXE = 357 sec
>>> cmsRun wrote 50 lines of stdout+stderr
>>> START OF printout of 50 lines from stdout+stderr
271 DQMStore::DQMStore 
HcalTopologyIdealEP::HcalTopologyIdealEP
18-Jun-2014 00:20:33 CEST  Initiating request to open file file:/lustre/cms//store/user/calabria/calabria_SingleMuPt50_GEN-SIM-DIGI-RECO_CMSSW_6_2_0_SLHC12_2023Scenario_Case3/calabria_SingleMuPt50_GEN-SIM-DIGI-RECO_CMSSW_6_2_0_SLHC12_2023Scenario_Case3/cd3731874e2e70f741b687550e03a01f/out_reco_301_1_fjS.root
18-Jun-2014 00:20:36 CEST  Successfully opened file file:/lustre/cms//store/user/calabria/calabria_SingleMuPt50_GEN-SIM-DIGI-RECO_CMSSW_6_2_0_SLHC12_2023Scenario_Case3/calabria_SingleMuPt50_GEN-SIM-DIGI-RECO_CMSSW_6_2_0_SLHC12_2023Scenario_Case3/cd3731874e2e70f741b687550e03a01f/out_reco_301_1_fjS.root
18-Jun-2014 00:21:14 CEST  Closed file file:/lustre/cms//store/user/calabria/calabria_SingleMuPt50_GEN-SIM-DIGI-RECO_CMSSW_6_2_0_SLHC12_2023Scenario_Case3/calabria_SingleMuPt50_GEN-SIM-DIGI-RECO_CMSSW_6_2_0_SLHC12_2023Scenario_Case3/cd3731874e2e70f741b687550e03a01f/out_reco_301_1_fjS.root
18-Jun-2014 00:21:14 CEST  Initiating request to open file file:/lustre/cms//store/user/calabria/calabria_SingleMuPt50_GEN-SIM-DIGI-RECO_CMSSW_6_2_0_SLHC12_2023Scenario_Case3/calabria_SingleMuPt50_GEN-SIM-DIGI-RECO_CMSSW_6_2_0_SLHC12_2023Scenario_Case3/cd3731874e2e70f741b687550e03a01f/out_reco_302_1_7ps.root
18-Jun-2014 00:21:14 CEST  Successfully opened file file:/lustre/cms//store/user/calabria/calabria_SingleMuPt50_GEN-SIM-DIGI-RECO_CMSSW_6_2_0_SLHC12_2023Scenario_Case3/calabria_SingleMuPt50_GEN-SIM-DIGI-RECO_CMSSW_6_2_0_SLHC12_2023Scenario_Case3/cd3731874e2e70f741b687550e03a01f/out_reco_302_1_7ps.root
18-Jun-2014 00:21:53 CEST  Closed file file:/lustre/cms//store/user/calabria/calabria_SingleMuPt50_GEN-SIM-DIGI-RECO_CMSSW_6_2_0_SLHC12_2023Scenario_Case3/calabria_SingleMuPt50_GEN-SIM-DIGI-RECO_CMSSW_6_2_0_SLHC12_2023Scenario_Case3/cd3731874e2e70f741b687550e03a01f/out_reco_302_1_7ps.root
18-Jun-2014 00:21:53 CEST  Initiating request to open file file:/lustre/cms//store/user/calabria/calabria_SingleMuPt50_GEN-SIM-DIGI-RECO_CMSSW_6_2_0_SLHC12_2023Scenario_Case3/calabria_SingleMuPt50_GEN-SIM-DIGI-RECO_CMSSW_6_2_0_SLHC12_2023Scenario_Case3/cd3731874e2e70f741b687550e03a01f/out_reco_303_1_whv.root
18-Jun-2014 00:21:53 CEST  Successfully opened file file:/lustre/cms//store/user/calabria/calabria_SingleMuPt50_GEN-SIM-DIGI-RECO_CMSSW_6_2_0_SLHC12_2023Scenario_Case3/calabria_SingleMuPt50_GEN-SIM-DIGI-RECO_CMSSW_6_2_0_SLHC12_2023Scenario_Case3/cd3731874e2e70f741b687550e03a01f/out_reco_303_1_whv.root
18-Jun-2014 00:22:29 CEST  Closed file file:/lustre/cms//store/user/calabria/calabria_SingleMuPt50_GEN-SIM-DIGI-RECO_CMSSW_6_2_0_SLHC12_2023Scenario_Case3/calabria_SingleMuPt50_GEN-SIM-DIGI-RECO_CMSSW_6_2_0_SLHC12_2023Scenario_Case3/cd3731874e2e70f741b687550e03a01f/out_reco_303_1_whv.root
18-Jun-2014 00:22:29 CEST  Initiating request to open file file:/lustre/cms//store/user/calabria/calabria_SingleMuPt50_GEN-SIM-DIGI-RECO_CMSSW_6_2_0_SLHC12_2023Scenario_Case3/calabria_SingleMuPt50_GEN-SIM-DIGI-RECO_CMSSW_6_2_0_SLHC12_2023Scenario_Case3/cd3731874e2e70f741b687550e03a01f/out_reco_304_1_pts.root
18-Jun-2014 00:22:29 CEST  Successfully opened file file:/lustre/cms//store/user/calabria/calabria_SingleMuPt50_GEN-SIM-DIGI-RECO_CMSSW_6_2_0_SLHC12_2023Scenario_Case3/calabria_SingleMuPt50_GEN-SIM-DIGI-RECO_CMSSW_6_2_0_SLHC12_2023Scenario_Case3/cd3731874e2e70f741b687550e03a01f/out_reco_304_1_pts.root
18-Jun-2014 00:23:00 CEST  Closed file file:/lustre/cms//store/user/calabria/calabria_SingleMuPt50_GEN-SIM-DIGI-RECO_CMSSW_6_2_0_SLHC12_2023Scenario_Case3/calabria_SingleMuPt50_GEN-SIM-DIGI-RECO_CMSSW_6_2_0_SLHC12_2023Scenario_Case3/cd3731874e2e70f741b687550e03a01f/out_reco_304_1_pts.root
18-Jun-2014 00:23:00 CEST  Initiating request to open file file:/lustre/cms//store/user/calabria/calabria_SingleMuPt50_GEN-SIM-DIGI-RECO_CMSSW_6_2_0_SLHC12_2023Scenario_Case3/calabria_SingleMuPt50_GEN-SIM-DIGI-RECO_CMSSW_6_2_0_SLHC12_2023Scenario_Case3/cd3731874e2e70f741b687550e03a01f/out_reco_305_1_lNg.root
18-Jun-2014 00:23:00 CEST  Successfully opened file file:/lustre/cms//store/user/calabria/calabria_SingleMuPt50_GEN-SIM-DIGI-RECO_CMSSW_6_2_0_SLHC12_2023Scenario_Case3/calabria_SingleMuPt50_GEN-SIM-DIGI-RECO_CMSSW_6_2_0_SLHC12_2023Scenario_Case3/cd3731874e2e70f741b687550e03a01f/out_reco_305_1_lNg.root
18-Jun-2014 00:23:31 CEST  Closed file file:/lustre/cms//store/user/calabria/calabria_SingleMuPt50_GEN-SIM-DIGI-RECO_CMSSW_6_2_0_SLHC12_2023Scenario_Case3/calabria_SingleMuPt50_GEN-SIM-DIGI-RECO_CMSSW_6_2_0_SLHC12_2023Scenario_Case3/cd3731874e2e70f741b687550e03a01f/out_reco_305_1_lNg.root
18-Jun-2014 00:23:31 CEST  Initiating request to open file file:/lustre/cms//store/user/calabria/calabria_SingleMuPt50_GEN-SIM-DIGI-RECO_CMSSW_6_2_0_SLHC12_2023Scenario_Case3/calabria_SingleMuPt50_GEN-SIM-DIGI-RECO_CMSSW_6_2_0_SLHC12_2023Scenario_Case3/cd3731874e2e70f741b687550e03a01f/out_reco_306_1_2UM.root
18-Jun-2014 00:23:31 CEST  Successfully opened file file:/lustre/cms//store/user/calabria/calabria_SingleMuPt50_GEN-SIM-DIGI-RECO_CMSSW_6_2_0_SLHC12_2023Scenario_Case3/calabria_SingleMuPt50_GEN-SIM-DIGI-RECO_CMSSW_6_2_0_SLHC12_2023Scenario_Case3/cd3731874e2e70f741b687550e03a01f/out_reco_306_1_2UM.root
18-Jun-2014 00:24:03 CEST  Closed file file:/lustre/cms//store/user/calabria/calabria_SingleMuPt50_GEN-SIM-DIGI-RECO_CMSSW_6_2_0_SLHC12_2023Scenario_Case3/calabria_SingleMuPt50_GEN-SIM-DIGI-RECO_CMSSW_6_2_0_SLHC12_2023Scenario_Case3/cd3731874e2e70f741b687550e03a01f/out_reco_306_1_2UM.root
18-Jun-2014 00:24:03 CEST  Initiating request to open file file:/lustre/cms//store/user/calabria/calabria_SingleMuPt50_GEN-SIM-DIGI-RECO_CMSSW_6_2_0_SLHC12_2023Scenario_Case3/calabria_SingleMuPt50_GEN-SIM-DIGI-RECO_CMSSW_6_2_0_SLHC12_2023Scenario_Case3/cd3731874e2e70f741b687550e03a01f/out_reco_308_1_miF.root
18-Jun-2014 00:24:03 CEST  Successfully opened file file:/lustre/cms//store/user/calabria/calabria_SingleMuPt50_GEN-SIM-DIGI-RECO_CMSSW_6_2_0_SLHC12_2023Scenario_Case3/calabria_SingleMuPt50_GEN-SIM-DIGI-RECO_CMSSW_6_2_0_SLHC12_2023Scenario_Case3/cd3731874e2e70f741b687550e03a01f/out_reco_308_1_miF.root
18-Jun-2014 00:24:33 CEST  Closed file file:/lustre/cms//store/user/calabria/calabria_SingleMuPt50_GEN-SIM-DIGI-RECO_CMSSW_6_2_0_SLHC12_2023Scenario_Case3/calabria_SingleMuPt50_GEN-SIM-DIGI-RECO_CMSSW_6_2_0_SLHC12_2023Scenario_Case3/cd3731874e2e70f741b687550e03a01f/out_reco_308_1_miF.root
18-Jun-2014 00:24:33 CEST  Initiating request to open file file:/lustre/cms//store/user/calabria/calabria_SingleMuPt50_GEN-SIM-DIGI-RECO_CMSSW_6_2_0_SLHC12_2023Scenario_Case3/calabria_SingleMuPt50_GEN-SIM-DIGI-RECO_CMSSW_6_2_0_SLHC12_2023Scenario_Case3/cd3731874e2e70f741b687550e03a01f/out_reco_309_1_Ugn.root
18-Jun-2014 00:24:33 CEST  Successfully opened file file:/lustre/cms//store/user/calabria/calabria_SingleMuPt50_GEN-SIM-DIGI-RECO_CMSSW_6_2_0_SLHC12_2023Scenario_Case3/calabria_SingleMuPt50_GEN-SIM-DIGI-RECO_CMSSW_6_2_0_SLHC12_2023Scenario_Case3/cd3731874e2e70f741b687550e03a01f/out_reco_309_1_Ugn.root
18-Jun-2014 00:25:03 CEST  Closed file file:/lustre/cms//store/user/calabria/calabria_SingleMuPt50_GEN-SIM-DIGI-RECO_CMSSW_6_2_0_SLHC12_2023Scenario_Case3/calabria_SingleMuPt50_GEN-SIM-DIGI-RECO_CMSSW_6_2_0_SLHC12_2023Scenario_Case3/cd3731874e2e70f741b687550e03a01f/out_reco_309_1_Ugn.root
18-Jun-2014 00:25:03 CEST  Initiating request to open file file:/lustre/cms//store/user/calabria/calabria_SingleMuPt50_GEN-SIM-DIGI-RECO_CMSSW_6_2_0_SLHC12_2023Scenario_Case3/calabria_SingleMuPt50_GEN-SIM-DIGI-RECO_CMSSW_6_2_0_SLHC12_2023Scenario_Case3/cd3731874e2e70f741b687550e03a01f/out_reco_310_1_UoH.root
18-Jun-2014 00:25:03 CEST  Successfully opened file file:/lustre/cms//store/user/calabria/calabria_SingleMuPt50_GEN-SIM-DIGI-RECO_CMSSW_6_2_0_SLHC12_2023Scenario_Case3/calabria_SingleMuPt50_GEN-SIM-DIGI-RECO_CMSSW_6_2_0_SLHC12_2023Scenario_Case3/cd3731874e2e70f741b687550e03a01f/out_reco_310_1_UoH.root
18-Jun-2014 00:25:35 CEST  Closed file file:/lustre/cms//store/user/calabria/calabria_SingleMuPt50_GEN-SIM-DIGI-RECO_CMSSW_6_2_0_SLHC12_2023Scenario_Case3/calabria_SingleMuPt50_GEN-SIM-DIGI-RECO_CMSSW_6_2_0_SLHC12_2023Scenario_Case3/cd3731874e2e70f741b687550e03a01f/out_reco_310_1_UoH.root
18-Jun-2014 00:25:35 CEST  Initiating request to open file file:/lustre/cms//store/user/calabria/calabria_SingleMuPt50_GEN-SIM-DIGI-RECO_CMSSW_6_2_0_SLHC12_2023Scenario_Case3/calabria_SingleMuPt50_GEN-SIM-DIGI-RECO_CMSSW_6_2_0_SLHC12_2023Scenario_Case3/cd3731874e2e70f741b687550e03a01f/out_reco_311_1_d7y.root
18-Jun-2014 00:25:35 CEST  Successfully opened file file:/lustre/cms//store/user/calabria/calabria_SingleMuPt50_GEN-SIM-DIGI-RECO_CMSSW_6_2_0_SLHC12_2023Scenario_Case3/calabria_SingleMuPt50_GEN-SIM-DIGI-RECO_CMSSW_6_2_0_SLHC12_2023Scenario_Case3/cd3731874e2e70f741b687550e03a01f/out_reco_311_1_d7y.root
18-Jun-2014 00:26:13 CEST  Closed file file:/lustre/cms//store/user/calabria/calabria_SingleMuPt50_GEN-SIM-DIGI-RECO_CMSSW_6_2_0_SLHC12_2023Scenario_Case3/calabria_SingleMuPt50_GEN-SIM-DIGI-RECO_CMSSW_6_2_0_SLHC12_2023Scenario_Case3/cd3731874e2e70f741b687550e03a01f/out_reco_311_1_d7y.root

=============================================

MessageLogger Summary

 type     category        sev    module        subroutine        count    total
 ---- -------------------- -- ---------------- ----------------  -----    -----
    1 fileAction           -s file_close                            10       10
    2 fileAction           -s file_open                             20       20

 type    category    Examples: run/evt        run/evt          run/evt
 ---- -------------------- ---------------- ---------------- ----------------
    1 fileAction           PostProcessEvent PostProcessEvent PostEndRun
    2 fileAction           pre-events       pre-events       PostProcessEvent

Severity    # Occurrences   Total Occurrences
--------    -------------   -----------------
System                 30                  30
>>> END OF printout of 50 lines from stdout+stderr
>>> Parse FrameworkJobReport crab_fjr.xml
Result of parsing the FrameworkJobReport crab_fjr.xml: Popularity start
lumisRange : 1::::1;1::::2;1::::3;1::::4;1::::5;1::::6;1::::7;1::::8;1::::9;1::::10;
lumisParentRange : 
Basename : /store/user/calabria/calabria_SingleMuPt50_GEN-SIM-DIGI-RECO_CMSSW_6_2_0_SLHC12_2023Scenario_Case3/calabria_SingleMuPt50_GEN-SIM-DIGI-RECO_CMSSW_6_2_0_SLHC12_2023Scenario_Case3/cd3731874e2e70f741b687550e03a01f/out_reco_3
BasenameParent : 
parentFiles : 
inputBlocks : /calabria_SingleMuPt50_GEN-SIM-DIGI-RECO_CMSSW_6_2_0_SLHC12_2023Scenario_Case3/calabria-calabria_SingleMuPt50_GEN-SIM-DIGI-RECO_CMSSW_6_2_0_SLHC12_2023Scenario_Case3-cd3731874e2e70f741b687550e03a01f/USER#07dedc8c-8ee0-4add-8cce-85c812e3adce
inputFiles : 11_1_d7y.root::1::EDM::Local::1;09_1_Ugn.root::1::EDM::Local::2;08_1_miF.root::1::EDM::Local::3;04_1_pts.root::1::EDM::Local::4;02_1_7ps.root::1::EDM::Local::5;10_1_UoH.root::1::EDM::Local::6;01_1_fjS.root::1::EDM::Local::7;05_1_lNg.root::1::EDM::Local::8;06_1_2UM.root::1::EDM::Local::9;03_1_whv.root::1::EDM::Local::10;
Popularity stop
Extracted ExitStatus from FrameworkJobReport parsing output: 0
>>> Executable succeded  0
ExeExitCode=0
EXECUTABLE_EXIT_STATUS = 0
>>> current directory /home/cms036/home_cream_684096214/CREAM684096214/glide_pttsKW/execute/dir_422/CMSSW_6_2_0_SLHC12
>>>  (SOFTWARE_DIR): /home/cms036/home_cream_684096214/CREAM684096214/glide_pttsKW/execute/dir_422/CMSSW_6_2_0_SLHC12
>>> (WORKING_DIR): 
>>> current directory content:
total 10492
drwxr-xr-x 3 cms036 cms    4096 Jun 18 00:19 .SCRAM
-rw------- 1 cms036 cms 3739063 Jun 18 00:19 CMSSW.py.pkl
drwxr-xr-x 3 cms036 cms    4096 Jun 18 00:19 bin
drwxr-xr-x 3 cms036 cms    4096 Jun 18 00:19 cfipython
drwxr-xr-x 4 cms036 cms    4096 Jun 18 00:19 config
-rw------- 1 cms036 cms      16 Jun 18 00:26 cpu_timing.txt
drwxr-xr-x 2 cms036 cms    4096 Jun 18 00:19 doc
-rw------- 1 cms036 cms    9925 Jun 18 00:26 executable.out
drwxr-xr-x 2 cms036 cms    4096 Jun 18 00:19 include
drwx------ 3 cms036 cms    4096 Apr 28 18:12 lib
drwxr-xr-x 3 cms036 cms    4096 Jun 18 00:19 logs
drwxr-xr-x 3 cms036 cms    4096 Jun 18 00:19 objs
-rw------- 1 cms036 cms     104 Jun 18 00:20 pset.py
-rw------- 1 cms036 cms 3712311 Jun 18 00:20 pset.py.pkl
-rw------- 1 cms036 cms     289 Jun 18 00:20 pset.pyc
drwxr-xr-x 2 cms036 cms    4096 Jun 18 00:19 python
-rw------- 1 cms036 cms     392 Jun 18 00:26 report.log
drwx------ 6 cms036 cms    4096 Jun 18 00:19 src
drwxr-xr-x 3 cms036 cms    4096 Jun 18 00:19 test
drwxr-xr-x 3 cms036 cms    4096 Jun 18 00:19 tmp
-rw------- 1 cms036 cms 3193065 Jun 18 00:26 validationEDM.root
>>> current directory /home/cms036/home_cream_684096214/CREAM684096214/glide_pttsKW/execute/dir_422/CMSSW_6_2_0_SLHC12
>>> (SOFTWARE_DIR): /home/cms036/home_cream_684096214/CREAM684096214/glide_pttsKW/execute/dir_422/CMSSW_6_2_0_SLHC12
>>> (WORKING_DIR): 
>>> current directory content:
total 10492
drwxr-xr-x 3 cms036 cms    4096 Jun 18 00:19 .SCRAM
-rw------- 1 cms036 cms 3739063 Jun 18 00:19 CMSSW.py.pkl
drwxr-xr-x 3 cms036 cms    4096 Jun 18 00:19 bin
drwxr-xr-x 3 cms036 cms    4096 Jun 18 00:19 cfipython
drwxr-xr-x 4 cms036 cms    4096 Jun 18 00:19 config
-rw------- 1 cms036 cms      16 Jun 18 00:26 cpu_timing.txt
drwxr-xr-x 2 cms036 cms    4096 Jun 18 00:19 doc
-rw------- 1 cms036 cms    9925 Jun 18 00:26 executable.out
drwxr-xr-x 2 cms036 cms    4096 Jun 18 00:19 include
drwx------ 3 cms036 cms    4096 Apr 28 18:12 lib
drwxr-xr-x 3 cms036 cms    4096 Jun 18 00:19 logs
drwxr-xr-x 3 cms036 cms    4096 Jun 18 00:19 objs
-rw------- 1 cms036 cms     104 Jun 18 00:20 pset.py
-rw------- 1 cms036 cms 3712311 Jun 18 00:20 pset.py.pkl
-rw------- 1 cms036 cms     289 Jun 18 00:20 pset.pyc
drwxr-xr-x 2 cms036 cms    4096 Jun 18 00:19 python
-rw------- 1 cms036 cms     392 Jun 18 00:26 report.log
drwx------ 6 cms036 cms    4096 Jun 18 00:19 src
drwxr-xr-x 3 cms036 cms    4096 Jun 18 00:19 test
drwxr-xr-x 3 cms036 cms    4096 Jun 18 00:19 tmp
-rw------- 1 cms036 cms 3193065 Jun 18 00:26 validationEDM_11_1_P9b.root
>>> current directory (RUNTIME_AREA):  /home/cms036/home_cream_684096214/CREAM684096214/glide_pttsKW/execute/dir_422
SE = storm-se-01.ba.infn.it
SE_PATH = /srm/managerv2?SFN=//cms/store/user/calabria/calabria_SingleMuPt50_GEN-SIM-DIGI-RECO_CMSSW_6_2_0_SLHC12_2023Scenario_Case3/calabria_MuMinus50_GEN-SIM-DIGI-RECO_CMSSW_6_2_0_SLHC12_2023Scenario_VALNOPU2_Case3/5854dd31cbd3cdec44c48628cc181cf0/
LFNBaseName = /store/user/calabria/calabria_SingleMuPt50_GEN-SIM-DIGI-RECO_CMSSW_6_2_0_SLHC12_2023Scenario_Case3/calabria_MuMinus50_GEN-SIM-DIGI-RECO_CMSSW_6_2_0_SLHC12_2023Scenario_VALNOPU2_Case3/5854dd31cbd3cdec44c48628cc181cf0/
USER = calabria
endpoint = srm://storm-se-01.ba.infn.it:8444/srm/managerv2?SFN=//cms/store/user/calabria/calabria_SingleMuPt50_GEN-SIM-DIGI-RECO_CMSSW_6_2_0_SLHC12_2023Scenario_Case3/calabria_MuMinus50_GEN-SIM-DIGI-RECO_CMSSW_6_2_0_SLHC12_2023Scenario_VALNOPU2_Case3/5854dd31cbd3cdec44c48628cc181cf0/
>>> Copy output files from WN = wizard05.ba.infn.it to /srm/managerv2?SFN=//cms/store/user/calabria/calabria_SingleMuPt50_GEN-SIM-DIGI-RECO_CMSSW_6_2_0_SLHC12_2023Scenario_Case3/calabria_MuMinus50_GEN-SIM-DIGI-RECO_CMSSW_6_2_0_SLHC12_2023Scenario_VALNOPU2_Case3/5854dd31cbd3cdec44c48628cc181cf0/ :
python cmscp.py  --destination srm://storm-se-01.ba.infn.it:8444/srm/managerv2?SFN=//cms/store/user/calabria/calabria_SingleMuPt50_GEN-SIM-DIGI-RECO_CMSSW_6_2_0_SLHC12_2023Scenario_Case3/calabria_MuMinus50_GEN-SIM-DIGI-RECO_CMSSW_6_2_0_SLHC12_2023Scenario_VALNOPU2_Case3/5854dd31cbd3cdec44c48628cc181cf0/ --inputFileList /home/cms036/home_cream_684096214/CREAM684096214/glide_pttsKW/execute/dir_422/CMSSW_6_2_0_SLHC12/validationEDM_11_1_P9b.root --middleware LCG --se_name storm-se-01.ba.infn.it --for_lfn /store/user/calabria/calabria_SingleMuPt50_GEN-SIM-DIGI-RECO_CMSSW_6_2_0_SLHC12_2023Scenario_Case3/calabria_MuMinus50_GEN-SIM-DIGI-RECO_CMSSW_6_2_0_SLHC12_2023Scenario_VALNOPU2_Case3/5854dd31cbd3cdec44c48628cc181cf0/    
******************************************************
localSeName  =  storm-se-01.ba.infn.it
remoteSeName =  storm-se-01.ba.infn.it
******************************************************
{"/home/cms036/home_cream_684096214/CREAM684096214/glide_pttsKW/execute/dir_422/CMSSW_6_2_0_SLHC12/validationEDM_11_1_P9b.root": {"endpoint": "srm://storm-se-01.ba.infn.it:8444/srm/managerv2?SFN=//cms/store/user/calabria/calabria_SingleMuPt50_GEN-SIM-DIGI-RECO_CMSSW_6_2_0_SLHC12_2023Scenario_Case3/calabria_MuMinus50_GEN-SIM-DIGI-RECO_CMSSW_6_2_0_SLHC12_2023Scenario_VALNOPU2_Case3/5854dd31cbd3cdec44c48628cc181cf0/", "surl_for_grid": "", "reason": "Copy succedeed with srm-lcg utils", "erCode": "0", "se_name": "storm-se-01.ba.infn.it", "for_lfn": "/store/user/calabria/calabria_SingleMuPt50_GEN-SIM-DIGI-RECO_CMSSW_6_2_0_SLHC12_2023Scenario_Case3/calabria_MuMinus50_GEN-SIM-DIGI-RECO_CMSSW_6_2_0_SLHC12_2023Scenario_VALNOPU2_Case3/5854dd31cbd3cdec44c48628cc181cf0/"}}/home/cms036/home_cream_684096214/CREAM684096214/glide_pttsKW/execute/dir_422
-------- cat /home/cms036/home_cream_684096214/CREAM684096214/glide_pttsKW/execute/dir_422/cmscpReport.sh 
#!/bin/bash
echo "Report for File: /home/cms036/home_cream_684096214/CREAM684096214/glide_pttsKW/execute/dir_422/CMSSW_6_2_0_SLHC12/validationEDM_11_1_P9b.root"
echo "LFN: /store/user/calabria/calabria_SingleMuPt50_GEN-SIM-DIGI-RECO_CMSSW_6_2_0_SLHC12_2023Scenario_Case3/calabria_MuMinus50_GEN-SIM-DIGI-RECO_CMSSW_6_2_0_SLHC12_2023Scenario_VALNOPU2_Case3/5854dd31cbd3cdec44c48628cc181cf0/validationEDM_11_1_P9b.root"
echo "StorageElement: storm-se-01.ba.infn.it"
echo "StageOutExitStatusReason = 'Copy succedeed with srm-lcg utils'" | tee -a $RUNTIME_AREA/$repo
echo "StageOutSE = storm-se-01.ba.infn.it" >> $RUNTIME_AREA/$repo

export StageOutExitStatus=0
echo "StageOutExitStatus = 0" | tee -a $RUNTIME_AREA/$repo
-------- end of /home/cms036/home_cream_684096214/CREAM684096214/glide_pttsKW/execute/dir_422/cmscpReport.sh 
Report for File: /home/cms036/home_cream_684096214/CREAM684096214/glide_pttsKW/execute/dir_422/CMSSW_6_2_0_SLHC12/validationEDM_11_1_P9b.root
LFN: /store/user/calabria/calabria_SingleMuPt50_GEN-SIM-DIGI-RECO_CMSSW_6_2_0_SLHC12_2023Scenario_Case3/calabria_MuMinus50_GEN-SIM-DIGI-RECO_CMSSW_6_2_0_SLHC12_2023Scenario_VALNOPU2_Case3/5854dd31cbd3cdec44c48628cc181cf0/validationEDM_11_1_P9b.root
StorageElement: storm-se-01.ba.infn.it
StageOutExitStatusReason = 'Copy succedeed with srm-lcg utils'
StageOutExitStatus = 0
>>> current dir: /home/cms036/home_cream_684096214/CREAM684096214/glide_pttsKW/execute/dir_422
>>> current dir content:
total 28076
-rw-------  1 cms036 cms     2773 Jun 18 00:27 .SEinteraction.log
-rwx------  1 cms036 cms     6726 Jun 18 00:19 .job.ad
-rwx------  1 cms036 cms     9432 Jun 18 00:19 .machine.ad
-rw-------  1 cms036 cms      105 Jun 16 20:39 CMSSW.py
-rw-------  1 cms036 cms  3739063 Jun 16 20:39 CMSSW.py.pkl
-rwx------  1 cms036 cms    29556 Jun 18 00:19 CMSSW.sh
drwxr-xr-x 15 cms036 cms     4096 Jun 18 00:26 CMSSW_6_2_0_SLHC12
-rw-------  1 cms036 cms      218 Jun 18 00:19 CacheEnv.sh
-rw-------  1 cms036 cms     7291 Apr  4 11:04 DashboardAPI.py
-rw-------  1 cms036 cms     6785 Jun 18 00:19 DashboardAPI.pyc
drwx------  2 cms036 cms     4096 Jun 18 00:26 IMProv
-rw-------  1 cms036 cms     2748 Apr  4 11:04 Logger.py
-rw-------  1 cms036 cms     3337 Jun 18 00:19 Logger.pyc
-rw-------  1 cms036 cms    24524 Apr  4 11:04 ProcInfo.py
-rw-------  1 cms036 cms    23149 Jun 18 00:19 ProcInfo.pyc
drwx------  7 cms036 cms     4096 Jun 18 00:20 ProdCommon
drwx------  3 cms036 cms     4096 Jun 18 00:19 WMCore
-rw-------  1 cms036 cms     1973 Jun 18 00:26 Watchdog_11.log
-rwx------  1 cms036 cms        0 Jun 18 00:19 _condor_stderr
-rwx---r--  1 cms036 cms    29325 Jun 18 00:27 _condor_stdout
-rw-------  1 cms036 cms    32895 Apr  4 11:04 apmon.py
-rw-------  1 cms036 cms    28567 Jun 18 00:19 apmon.pyc
-rwx------  1 cms036 cms    53473 Jun 18 00:19 arguments.xml
-rwx------  1 cms036 cms    38515 Apr  4 11:04 cmscp.py
-rw-------  1 cms036 cms      716 Jun 18 00:27 cmscpReport.sh
-rwx------  1 cms036 cms    29556 Jun 18 00:19 condor_exec.exe
-rw-------  1 cms036 cms      958 Jun 16 20:39 crab.cfg
-rwx------  1 cms036 cms     8610 Apr  4 11:04 crabWatchdog.sh
-rwx---r--  1 cms036 cms   523220 Jun 18 00:26 crab_fjr_11.xml
-rwx------  1 cms036 cms 23959846 Jun 18 00:19 default.tgz
-rwx------  1 cms036 cms     4488 Apr  4 11:04 fillCrabFjr.py
-rw-------  1 cms036 cms     2629 Jun 18 00:20 inputsReport.txt
-rw-------  1 cms036 cms      255 Jun 18 00:27 jobreport.txt
-rw-------  1 cms036 cms    17352 Apr  4 11:04 parseCrabFjr.py
-rw-------  1 cms036 cms      317 Jun 18 00:19 report.log
-rwx--x--x  1 cms036 cms     1497 Apr  4 11:04 report.py
-rw-------  1 cms036 cms      770 Jun 18 00:27 resultCopyFile
lrwxrwxrwx  1 cms036 cms      124 Jun 18 00:26 validationEDM.root -> /home/cms036/home_cream_684096214/CREAM684096214/glide_pttsKW/execute/dir_422/CMSSW_6_2_0_SLHC12/validationEDM_11_1_P9b.root
-rwx------  1 cms036 cms     8387 Apr  4 11:04 writeCfg.py
-rw-------  1 cms036 cms     8010 Jun 18 00:19 x509up_u50707
>>> Modify Job Report:
CMSSW_VERSION = CMSSW_6_2_0_SLHC12
ProcessedDataset = calabria_MuMinus50_GEN-SIM-DIGI-RECO_CMSSW_6_2_0_SLHC12_2023Scenario_VALNOPU2_Case3
/home/cms036/home_cream_684096214/CREAM684096214/glide_pttsKW/execute/dir_422/ProdCommon/FwkJobRep/ModifyJobReport.py fjr /home/cms036/home_cream_684096214/CREAM684096214/glide_pttsKW/execute/dir_422/crab_fjr_11.xml json /home/cms036/home_cream_684096214/CREAM684096214/glide_pttsKW/execute/dir_422/resultCopyFile n_job 11_1_P9b PrimaryDataset calabria_SingleMuPt50_GEN-SIM-DIGI-RECO_CMSSW_6_2_0_SLHC12_2023Scenario_Case3  ApplicationFamily cmsRun ApplicationName cmsRun cmssw_version CMSSW_6_2_0_SLHC12 psethash 5854dd31cbd3cdec44c48628cc181cf0 UserProcessedDataset calabria-calabria_MuMinus50_GEN-SIM-DIGI-RECO_CMSSW_6_2_0_SLHC12_2023Scenario_VALNOPU2_Case3-5854dd31cbd3cdec44c48628cc181cf0
inputDict =  {u'/home/cms036/home_cream_684096214/CREAM684096214/glide_pttsKW/execute/dir_422/CMSSW_6_2_0_SLHC12/validationEDM_11_1_P9b.root': {u'endpoint': u'srm://storm-se-01.ba.infn.it:8444/srm/managerv2?SFN=//cms/store/user/calabria/calabria_SingleMuPt50_GEN-SIM-DIGI-RECO_CMSSW_6_2_0_SLHC12_2023Scenario_Case3/calabria_MuMinus50_GEN-SIM-DIGI-RECO_CMSSW_6_2_0_SLHC12_2023Scenario_VALNOPU2_Case3/5854dd31cbd3cdec44c48628cc181cf0/', u'surl_for_grid': u'', u'reason': u'Copy succedeed with srm-lcg utils', u'erCode': u'0', u'se_name': u'storm-se-01.ba.infn.it', u'for_lfn': u'/store/user/calabria/calabria_SingleMuPt50_GEN-SIM-DIGI-RECO_CMSSW_6_2_0_SLHC12_2023Scenario_Case3/calabria_MuMinus50_GEN-SIM-DIGI-RECO_CMSSW_6_2_0_SLHC12_2023Scenario_VALNOPU2_Case3/5854dd31cbd3cdec44c48628cc181cf0/'}}
UserProcessedDataset =  calabria-calabria_MuMinus50_GEN-SIM-DIGI-RECO_CMSSW_6_2_0_SLHC12_2023Scenario_VALNOPU2_Case3-5854dd31cbd3cdec44c48628cc181cf0
file_name in inputDict =  /home/cms036/home_cream_684096214/CREAM684096214/glide_pttsKW/execute/dir_422/CMSSW_6_2_0_SLHC12/validationEDM_11_1_P9b.root
(size) os.stat(filename)[6] =  3193065
checksum =  1772482819
    file =  validationEDM_11_1_P9b.root
    newPfn =  srm://storm-se-01.ba.infn.it:8444/srm/managerv2?SFN=//cms/store/user/calabria/calabria_SingleMuPt50_GEN-SIM-DIGI-RECO_CMSSW_6_2_0_SLHC12_2023Scenario_Case3/calabria_MuMinus50_GEN-SIM-DIGI-RECO_CMSSW_6_2_0_SLHC12_2023Scenario_VALNOPU2_Case3/5854dd31cbd3cdec44c48628cc181cf0/validationEDM_11_1_P9b.root
    newLfn =  /store/user/calabria/calabria_SingleMuPt50_GEN-SIM-DIGI-RECO_CMSSW_6_2_0_SLHC12_2023Scenario_Case3/calabria_MuMinus50_GEN-SIM-DIGI-RECO_CMSSW_6_2_0_SLHC12_2023Scenario_VALNOPU2_Case3/5854dd31cbd3cdec44c48628cc181cf0/validationEDM_11_1_P9b.root
>>> crab_fjr_*.xml  permission set to 0704
CrabWrapper EXIT_FUNC entered at Wed Jun 18 00:27:10 CEST 2014   -  Tue Jun 17 22:27:10 UTC 2014
Checking output files:  
will tar file crab_fjr_11.xml in  out_files_11
WARNING: output file CMSSW_11.stdout not found!
WARNING: output file CMSSW_11.stderr not found!
WARNING: output file Watchdog_11.log.gz not found!
>>> padding time: Sleeping the wrapper for 163 seconds
STOPPING WATCHDOG. CrabWatchdog PID is 2775
********** LAST 50 LINES OF WATCHDOG LOG
# RESOURCE USAGE SUMMARY FOR PROCESS ID   433
USER       PID %CPU %MEM    VSZ   RSS TTY      STAT START   TIME COMMAND
cms036     433  0.3  0.0   9496  1600 ?        S    00:19   0:00 /bin/sh /home/cms036/home_cream_684096214/CREAM684096214/glide_pttsKW/execute/dir_422/condor_exec.exe 11 1
 
# LIMITS USED BY CRAB WATCHDOG:
# RSS  (KBytes)   : 2300000
# VSZ  (KBytes)   : 100000000
# DISK (MBytes)   : 19000
# CPU TIME        : 720h:0m:0s
# WALL CLOCK TIME : 21h:50m:0s
 
# FOLLOWING PRINTOUT TRACKS MAXIMUM VALUES OF RESOURCES USE
# ONE LINE IS PRINTED EACH TIME A MAXIMUM CHANGES
# IF CHANGE WAS IN RSS OR VSZ ALSO PROCID AND COMMAND ARE PRINTED
# THERE IS NO PRINTOUT FOR CPU/WALL TIME INCREASE
 
# TIME			PID	RSS(KB)	VSZ(KB)	Dsk(MB)	tCPU(s)	tWALL(s)	COMMAND
 Jun 18 00:20:01 CEST	422	8416	93612	0	0	0	condor_starter -f vocms83.cern.ch        
 Jun 18 00:20:01 CEST	2812	38732	110348	0	1	1	edmConfigHash pset.py         
 Jun 18 00:20:01 CEST	---	38732	110348	171	----	----	----
 Jun 18 00:21:04 CEST	4923	720684	980180	171	36	64	cmsRun -j /home/cms036/home_cream_684096214/CREAM684096214/glide_pttsKW/execute/dir_422/crab_fjr_11.xml -p pset.py      
 Jun 18 00:21:04 CEST	---	720684	980180	175	----	----	----
 Jun 18 00:22:08 CEST	4923	743288	1005972	175	75	128	cmsRun -j /home/cms036/home_cream_684096214/CREAM684096214/glide_pttsKW/execute/dir_422/crab_fjr_11.xml -p pset.py      
 Jun 18 00:23:12 CEST	4923	746640	1014164	175	124	191	cmsRun -j /home/cms036/home_cream_684096214/CREAM684096214/glide_pttsKW/execute/dir_422/crab_fjr_11.xml -p pset.py      
 Jun 18 00:24:13 CEST	4923	751380	1020820	175	174	253	cmsRun -j /home/cms036/home_cream_684096214/CREAM684096214/glide_pttsKW/execute/dir_422/crab_fjr_11.xml -p pset.py      
 Jun 18 00:25:15 CEST	4923	763464	1029524	175	225	316	cmsRun -j /home/cms036/home_cream_684096214/CREAM684096214/glide_pttsKW/execute/dir_422/crab_fjr_11.xml -p pset.py      
 Jun 18 00:26:19 CEST	---	763464	1029524	179	----	----	----
********** WATCHDOG LOG ENDED
ZIPPING WATCHDOG LOG
Disk space used:
du -sh /home/cms036/home_cream_684096214/CREAM684096214/glide_pttsKW/execute/dir_422
179M	/home/cms036/home_cream_684096214/CREAM684096214/glide_pttsKW/execute/dir_422
Found unusual stdout, rename for OSB
`/home/cms036/home_cream_684096214/CREAM684096214/glide_pttsKW/execute/dir_422/_condor_stdout' -> `CMSSW_11.stdout'
Found unusual stderr, rename for OSB
`/home/cms036/home_cream_684096214/CREAM684096214/glide_pttsKW/execute/dir_422/_condor_stdout' -> `CMSSW_11.stderr'
crab_fjr_11.xml
CMSSW_11.stdout
CMSSW_11.stderr
Watchdog_11.log.gz
Total Output dimension: 69577
WARNING: output files size limit is set to: 50000000
Total Output dimension 69577 is fine.
JOB_EXIT_STATUS = 0
>>> info for dashboard:
***** Cat /home/cms036/home_cream_684096214/CREAM684096214/glide_pttsKW/execute/dir_422/jobreport.txt *****
MonitorJobID=11_https://vocms83.cern.ch//140616//86811.10
MonitorID=calabria_MuMinus50_Case3_ReReco_9o02eb
ExeTime=357
ExeExitCode=0
StageOutExitStatusReason = 'Copy succedeed with srm-lcg utils'
StageOutSE = storm-se-01.ba.infn.it
StageOutExitStatus = 0
CrabUserCpuTime=271.53
CrabSysCpuTime=4.06
CrabCpuPercentage=77%
CrabWrapperTime=600
CrabStageoutTime=49
JobExitCode=0
***** End Cat jobreport *****
Parameters sent to Dashboard.
EXITING at Wed Jun 18 00:29:59 CEST 2014  -  Tue Jun 17 22:29:59 UTC 2014
