This script was generated by crab (version 2.10.5_patch1).
Running /home/cms037/home_cream_935600032/CREAM935600032/glide_1KTme5/execute/dir_18512/condor_exec.exe with 2 positional parameters: 8 1
Today is Tue Jun 17 23:52:38 CEST 2014 - Tue Jun 17 21:52:38 UTC 2014
Job submitted on host pccms130.ba.infn.it
Linux pccms130.ba.infn.it 2.6.32-358.23.2.el6.x86_64 #1 SMP Thu Oct 17 10:27:22 CEST 2013 x86_64 x86_64 x86_64 GNU/Linux
>>> current directory (RUNTIME_AREA): /home/cms037/home_cream_935600032/CREAM935600032/glide_1KTme5/execute/dir_18512
>>> current user: uid=18594(cms037) gid=1399(cms) groups=1399(cms)
>>> directory permission set to 0700
>>> umask set to:  u=rwx,g=,o=
>>> stdout stderr permission set to 0704
>>> voms proxy information:
subject   : /C=IT/O=INFN/OU=Personal Certificate/L=Bari/CN=Cesare Calabria/CN=477126703/CN=1448545172
issuer    : /C=IT/O=INFN/OU=Personal Certificate/L=Bari/CN=Cesare Calabria/CN=477126703
identity  : /C=IT/O=INFN/OU=Personal Certificate/L=Bari/CN=Cesare Calabria
type      : RFC3820 compliant limited proxy
strength  : 1024
path      : /home/cms037/home_cream_935600032/CREAM935600032/glide_1KTme5/execute/dir_18512/x509up_u50707
timeleft  : 23:59:56
key usage : Digital Signature, Key Encipherment, Data Encipherment
=== VO cms extension information ===
VO        : cms
subject   : /C=IT/O=INFN/OU=Personal Certificate/L=Bari/CN=Cesare Calabria
issuer    : /DC=ch/DC=cern/OU=computers/CN=voms.cern.ch
attribute : /cms/Role=NULL/Capability=NULL
attribute : /cms/itcms/Role=NULL/Capability=NULL
timeleft  : 155:31:41
uri       : voms.cern.ch:15002

WNHostName=pccms130.ba.infn.it
>>> tar --no-same-permissions -xf /home/cms037/home_cream_935600032/CREAM935600032/glide_1KTme5/execute/dir_18512/default.tgz :
Successful untar
>>> Include /home/cms037/home_cream_935600032/CREAM935600032/glide_1KTme5/execute/dir_18512 in PYTHONPATH:
strip arguments
env var CRAB_UNIQUE_JOB_ID set to: calabria_MuMinus100_Case2_ReReco_wu9c43_8_1_FIQ
out_files_8
>>> list of expected files on output sandbox
output files: crab_fjr_8.xml CMSSW_8.stdout CMSSW_8.stderr Watchdog_8.log.gz
>>> GridFlavour discovery: 
GridFlavour=LCG
>>> SyncSite discovery: 
SyncSite=T2_IT_Bari
>>> SyncCE discovery: 
getting SyncCE from CE_ID
SyncCE=cream-ce-2.ba.infn.it:8443/cream-pbs-cms
>>> info for dashboard:
***** Cat /home/cms037/home_cream_935600032/CREAM935600032/glide_1KTme5/execute/dir_18512/jobreport.txt *****
WNHostName=pccms130.ba.infn.it
MonitorJobID=8_https://vocms20.cern.ch//140616//1841014.7
SyncGridJobId=https://vocms20.cern.ch//140616//1841014.7
MonitorID=calabria_MuMinus100_Case2_ReReco_wu9c43
GridFlavour=LCG
SyncSite=T2_IT_Bari
SyncCE=cream-ce-2.ba.infn.it:8443/cream-pbs-cms
***** End Cat jobreport *****
Parameters sent to Dashboard.
>>> setup environment
set SCRAM ARCH to slc5_amd64_gcc472
SCRAM_ARCH = slc5_amd64_gcc472
>>> setup CMS LCG environment:
set SCRAM ARCH and BUILD_ARCH to slc5_amd64_gcc472 ###
Sourcing environment... 
sourcing /cvmfs/cms.cern.ch/cmsset_default.sh
==> setup cms environment ok
>>> specific cmssw setup environment:
CMSSW_VERSION =  CMSSW_6_2_0_SLHC12
>>> current directory (SOFTWARE_DIR): /home/cms037/home_cream_935600032/CREAM935600032/glide_1KTme5/execute/dir_18512/CMSSW_6_2_0_SLHC12
PreserveSeeds: <>
IncrementSeeds:<>
>>> info for dashboard:
***** Cat /home/cms037/home_cream_935600032/CREAM935600032/glide_1KTme5/execute/dir_18512/jobreport.txt *****
MonitorJobID=8_https://vocms20.cern.ch//140616//1841014.7
MonitorID=calabria_MuMinus100_Case2_ReReco_wu9c43
***** End Cat jobreport *****
Parameters sent to Dashboard.
crabWatchdog started as process 18758
>>> moving CMSSW software directories in /home/cms037/home_cream_935600032/CREAM935600032/glide_1KTme5/execute/dir_18512/CMSSW_6_2_0_SLHC12
mv: cannot stat `/home/cms037/home_cream_935600032/CREAM935600032/glide_1KTme5/execute/dir_18512/module/': No such file or directory
>>> Include /home/cms037/home_cream_935600032/CREAM935600032/glide_1KTme5/execute/dir_18512 in PYTHONPATH:
PYTHONPATH=/home/cms037/home_cream_935600032/CREAM935600032/glide_1KTme5/execute/dir_18512/:/home/cms037/home_cream_935600032/CREAM935600032/glide_1KTme5/execute/dir_18512/CMSSW_6_2_0_SLHC12/python:/home/cms037/home_cream_935600032/CREAM935600032/glide_1KTme5/execute/dir_18512/CMSSW_6_2_0_SLHC12/lib/slc5_amd64_gcc472:/cvmfs/cms.cern.ch/slc5_amd64_gcc472/cms/cmssw/CMSSW_6_2_0_SLHC12/python:/cvmfs/cms.cern.ch/slc5_amd64_gcc472/cms/cmssw/CMSSW_6_2_0_SLHC12/lib/slc5_amd64_gcc472:/cvmfs/cms.cern.ch/slc5_amd64_gcc472/cms/coral/CORAL_2_3_21-cms36/slc5_amd64_gcc472/python:/cvmfs/cms.cern.ch/slc5_amd64_gcc472/cms/coral/CORAL_2_3_21-cms36/slc5_amd64_gcc472/lib:/cvmfs/cms.cern.ch/slc5_amd64_gcc472/external/pyqt/4.8.1-cms6/lib/python2.7/site-packages:/cvmfs/cms.cern.ch/slc5_amd64_gcc472/external/py2-scipy/0.8.0-cms8/lib/python2.7/site-packages:/cvmfs/cms.cern.ch/slc5_amd64_gcc472/external/py2-matplotlib/1.0.1-cms8/lib/python2.7/site-packages:/cvmfs/cms.cern.ch/slc5_amd64_gcc472/external/python-ldap/2.3.5-cms6/lib/python2.7/site-packages:/cvmfs/cms.cern.ch/slc5_amd64_gcc472/external/sip/4.11.2-cms6/lib/python2.7/site-packages:/cvmfs/cms.cern.ch/slc5_amd64_gcc472/external/py2-pycurl/7.19.0-cms8/lib/python2.7/site-packages:/cvmfs/cms.cern.ch/slc5_amd64_gcc472/external/py2-numpy/1.6.1-cms8/lib/python2.7/site-packages:/cvmfs/cms.cern.ch/slc5_amd64_gcc472/external/py2-lint/0.25.1-cms6/lib/python2.7/site-packages:/cvmfs/cms.cern.ch/slc5_amd64_gcc472/external/py2-ipython/0.10-cms6/lib/python2.7/site-packages:/cvmfs/cms.cern.ch/slc5_amd64_gcc472/external/py2-cx-oracle/5.1-cms7/lib/python2.7/site-packages:/cvmfs/cms.cern.ch/slc5_amd64_gcc472/external/py2-cjson/1.0.5-cms6/lib/python2.7/site-packages:/cvmfs/cms.cern.ch/slc5_amd64_gcc472/cms/das-client/1.11.7/bin:/cvmfs/cms.cern.ch/slc5_amd64_gcc472/external/elementtree/1.2.6-cms6/share/lib/python2.7/site-packages:/cvmfs/cms.cern.ch/slc5_amd64_gcc472/external/rivet/1.8.2-cms8/lib/python2.7/site-packages:/cvmfs/cms.cern.ch/slc5_amd64_gcc472/external/pyminuit2/0.0.1-cms19/lib/python2.7/site-packages:/cvmfs/cms.cern.ch/slc5_amd64_gcc472/external/py2-pygithub/1.23.0/lib/python2.7/site-packages:/cvmfs/cms.cern.ch/slc5_amd64_gcc472/external/professor/1.0.0-cms19/lib/python2.7/site-packages:/cvmfs/cms.cern.ch/slc5_amd64_gcc472/lcg/root/5.34.07-cms/lib:/cvmfs/cms.cern.ch/slc5_amd64_gcc472/cms/dbs-client/DBS_2_1_9-cms5/lib:/cvmfs/cms.cern.ch/slc5_amd64_gcc472/cms/dbs-client/DBS_2_1_9-cms5/lib/DBSAPI:/cvmfs/cms.cern.ch/slc5_amd64_gcc472/external/cvs2git/5419-cms/lib:/home/cms037/home_cream_935600032/CREAM935600032/glide_1KTme5/execute/dir_18512/
 
# LIMITS USED BY CRAB WATCHDOG:
# RSS  (KBytes)   : 2300000
# VSZ  (KBytes)   : 100000000
# DISK (MBytes)   : 19000
# CPU TIME        : 720h:0m:0s
# WALL CLOCK TIME : 21h:50m:0s
 
5854dd31cbd3cdec44c48628cc181cf0
PSETHASH = 5854dd31cbd3cdec44c48628cc181cf0
/home/cms037/home_cream_935600032/CREAM935600032/glide_1KTme5/execute/dir_18512/writeCfg.py pset.py pset.py
Importing .py file
Setting parameters
RandomNumberGeneratorService found, will attempt to change seeds
inputBlocks=/calabria_SingleMuPt100_GEN-SIM-DIGI-RECO_CMSSW_6_2_0_SLHC12_2023Scenario_Case2/calabria-calabria_SingleMuPt100_GEN-SIM-DIGI-RECO_CMSSW_6_2_0_SLHC12_2023Scenario_Case2-7828650cf335f3b092f375624d26bb6d/USER#2d7de4e5-09dd-42eb-b6de-f77f2b1f3424
inputFiles=/store/user/calabria/calabria_SingleMuPt100_GEN-SIM-DIGI-RECO_CMSSW_6_2_0_SLHC12_2023Scenario_Case2/calabria_SingleMuPt100_GEN-SIM-DIGI-RECO_CMSSW_6_2_0_SLHC12_2023Scenario_Case2/7828650cf335f3b092f375624d26bb6d/out_reco_2_1_tqQ.root;/store/user/calabria/calabria_SingleMuPt100_GEN-SIM-DIGI-RECO_CMSSW_6_2_0_SLHC12_2023Scenario_Case2/calabria_SingleMuPt100_GEN-SIM-DIGI-RECO_CMSSW_6_2_0_SLHC12_2023Scenario_Case2/7828650cf335f3b092f375624d26bb6d/out_reco_3_1_32w.root;/store/user/calabria/calabria_SingleMuPt100_GEN-SIM-DIGI-RECO_CMSSW_6_2_0_SLHC12_2023Scenario_Case2/calabria_SingleMuPt100_GEN-SIM-DIGI-RECO_CMSSW_6_2_0_SLHC12_2023Scenario_Case2/7828650cf335f3b092f375624d26bb6d/out_reco_4_1_CRk.root;/store/user/calabria/calabria_SingleMuPt100_GEN-SIM-DIGI-RECO_CMSSW_6_2_0_SLHC12_2023Scenario_Case2/calabria_SingleMuPt100_GEN-SIM-DIGI-RECO_CMSSW_6_2_0_SLHC12_2023Scenario_Case2/7828650cf335f3b092f375624d26bb6d/out_reco_5_1_mnm.root;/store/user/calabria/calabria_SingleMuPt100_GEN-SIM-DIGI-RECO_CMSSW_6_2_0_SLHC12_2023Scenario_Case2/calabria_SingleMuPt100_GEN-SIM-DIGI-RECO_CMSSW_6_2_0_SLHC12_2023Scenario_Case2/7828650cf335f3b092f375624d26bb6d/out_reco_6_2_5Ls.root;/store/user/calabria/calabria_SingleMuPt100_GEN-SIM-DIGI-RECO_CMSSW_6_2_0_SLHC12_2023Scenario_Case2/calabria_SingleMuPt100_GEN-SIM-DIGI-RECO_CMSSW_6_2_0_SLHC12_2023Scenario_Case2/7828650cf335f3b092f375624d26bb6d/out_reco_7_2_3Ef.root;/store/user/calabria/calabria_SingleMuPt100_GEN-SIM-DIGI-RECO_CMSSW_6_2_0_SLHC12_2023Scenario_Case2/calabria_SingleMuPt100_GEN-SIM-DIGI-RECO_CMSSW_6_2_0_SLHC12_2023Scenario_Case2/7828650cf335f3b092f375624d26bb6d/out_reco_8_1_hty.root;/store/user/calabria/calabria_SingleMuPt100_GEN-SIM-DIGI-RECO_CMSSW_6_2_0_SLHC12_2023Scenario_Case2/calabria_SingleMuPt100_GEN-SIM-DIGI-RECO_CMSSW_6_2_0_SLHC12_2023Scenario_Case2/7828650cf335f3b092f375624d26bb6d/out_reco_9_2_397.root;/store/user/calabria/calabria_SingleMuPt100_GEN-SIM-DIGI-RECO_CMSSW_6_2_0_SLHC12_2023Scenario_Case2/calabria_SingleMuPt100_GEN-SIM-DIGI-RECO_CMSSW_6_2_0_SLHC12_2023Scenario_Case2/7828650cf335f3b092f375624d26bb6d/out_reco_10_1_KN9.root;/store/user/calabria/calabria_SingleMuPt100_GEN-SIM-DIGI-RECO_CMSSW_6_2_0_SLHC12_2023Scenario_Case2/calabria_SingleMuPt100_GEN-SIM-DIGI-RECO_CMSSW_6_2_0_SLHC12_2023Scenario_Case2/7828650cf335f3b092f375624d26bb6d/out_reco_11_1_o0c.root
parentFiles=
lumisRange=
>>> Executable cmsRun
/cvmfs/cms.cern.ch/slc5_amd64_gcc472/cms/cmssw/CMSSW_6_2_0_SLHC12/bin/slc5_amd64_gcc472/cmsRun
ok executable found
>>> info for dashboard:
***** Cat /home/cms037/home_cream_935600032/CREAM935600032/glide_1KTme5/execute/dir_18512/jobreport.txt *****
MonitorJobID=8_https://vocms20.cern.ch//140616//1841014.7
MonitorID=calabria_MuMinus100_Case2_ReReco_wu9c43
ExeStart=cmsRun
***** End Cat jobreport *****
Parameters sent to Dashboard.
>>> cmsRun started at Tue Jun 17 21:53:01 UTC 2014
>>> cmsRun ended at Tue Jun 17 21:58:25 UTC 2014
>>> crab_fjr_*.xml  permission set to 0704
>>> info for dashboard:
***** Cat /home/cms037/home_cream_935600032/CREAM935600032/glide_1KTme5/execute/dir_18512/jobreport.txt *****
MonitorJobID=8_https://vocms20.cern.ch//140616//1841014.7
MonitorID=calabria_MuMinus100_Case2_ReReco_wu9c43
ExeEnd=cmsRun
***** End Cat jobreport *****
Parameters sent to Dashboard.
TIME_EXE = 324 sec
>>> cmsRun wrote 50 lines of stdout+stderr
>>> START OF printout of 50 lines from stdout+stderr
271 DQMStore::DQMStore 
HcalTopologyIdealEP::HcalTopologyIdealEP
17-Jun-2014 23:53:20 CEST  Initiating request to open file file:/lustre/cms//store/user/calabria/calabria_SingleMuPt100_GEN-SIM-DIGI-RECO_CMSSW_6_2_0_SLHC12_2023Scenario_Case2/calabria_SingleMuPt100_GEN-SIM-DIGI-RECO_CMSSW_6_2_0_SLHC12_2023Scenario_Case2/7828650cf335f3b092f375624d26bb6d/out_reco_2_1_tqQ.root
17-Jun-2014 23:53:26 CEST  Successfully opened file file:/lustre/cms//store/user/calabria/calabria_SingleMuPt100_GEN-SIM-DIGI-RECO_CMSSW_6_2_0_SLHC12_2023Scenario_Case2/calabria_SingleMuPt100_GEN-SIM-DIGI-RECO_CMSSW_6_2_0_SLHC12_2023Scenario_Case2/7828650cf335f3b092f375624d26bb6d/out_reco_2_1_tqQ.root
17-Jun-2014 23:54:00 CEST  Closed file file:/lustre/cms//store/user/calabria/calabria_SingleMuPt100_GEN-SIM-DIGI-RECO_CMSSW_6_2_0_SLHC12_2023Scenario_Case2/calabria_SingleMuPt100_GEN-SIM-DIGI-RECO_CMSSW_6_2_0_SLHC12_2023Scenario_Case2/7828650cf335f3b092f375624d26bb6d/out_reco_2_1_tqQ.root
17-Jun-2014 23:54:00 CEST  Initiating request to open file file:/lustre/cms//store/user/calabria/calabria_SingleMuPt100_GEN-SIM-DIGI-RECO_CMSSW_6_2_0_SLHC12_2023Scenario_Case2/calabria_SingleMuPt100_GEN-SIM-DIGI-RECO_CMSSW_6_2_0_SLHC12_2023Scenario_Case2/7828650cf335f3b092f375624d26bb6d/out_reco_3_1_32w.root
17-Jun-2014 23:54:01 CEST  Successfully opened file file:/lustre/cms//store/user/calabria/calabria_SingleMuPt100_GEN-SIM-DIGI-RECO_CMSSW_6_2_0_SLHC12_2023Scenario_Case2/calabria_SingleMuPt100_GEN-SIM-DIGI-RECO_CMSSW_6_2_0_SLHC12_2023Scenario_Case2/7828650cf335f3b092f375624d26bb6d/out_reco_3_1_32w.root
17-Jun-2014 23:54:29 CEST  Closed file file:/lustre/cms//store/user/calabria/calabria_SingleMuPt100_GEN-SIM-DIGI-RECO_CMSSW_6_2_0_SLHC12_2023Scenario_Case2/calabria_SingleMuPt100_GEN-SIM-DIGI-RECO_CMSSW_6_2_0_SLHC12_2023Scenario_Case2/7828650cf335f3b092f375624d26bb6d/out_reco_3_1_32w.root
17-Jun-2014 23:54:29 CEST  Initiating request to open file file:/lustre/cms//store/user/calabria/calabria_SingleMuPt100_GEN-SIM-DIGI-RECO_CMSSW_6_2_0_SLHC12_2023Scenario_Case2/calabria_SingleMuPt100_GEN-SIM-DIGI-RECO_CMSSW_6_2_0_SLHC12_2023Scenario_Case2/7828650cf335f3b092f375624d26bb6d/out_reco_4_1_CRk.root
17-Jun-2014 23:54:29 CEST  Successfully opened file file:/lustre/cms//store/user/calabria/calabria_SingleMuPt100_GEN-SIM-DIGI-RECO_CMSSW_6_2_0_SLHC12_2023Scenario_Case2/calabria_SingleMuPt100_GEN-SIM-DIGI-RECO_CMSSW_6_2_0_SLHC12_2023Scenario_Case2/7828650cf335f3b092f375624d26bb6d/out_reco_4_1_CRk.root
17-Jun-2014 23:54:55 CEST  Closed file file:/lustre/cms//store/user/calabria/calabria_SingleMuPt100_GEN-SIM-DIGI-RECO_CMSSW_6_2_0_SLHC12_2023Scenario_Case2/calabria_SingleMuPt100_GEN-SIM-DIGI-RECO_CMSSW_6_2_0_SLHC12_2023Scenario_Case2/7828650cf335f3b092f375624d26bb6d/out_reco_4_1_CRk.root
17-Jun-2014 23:54:55 CEST  Initiating request to open file file:/lustre/cms//store/user/calabria/calabria_SingleMuPt100_GEN-SIM-DIGI-RECO_CMSSW_6_2_0_SLHC12_2023Scenario_Case2/calabria_SingleMuPt100_GEN-SIM-DIGI-RECO_CMSSW_6_2_0_SLHC12_2023Scenario_Case2/7828650cf335f3b092f375624d26bb6d/out_reco_5_1_mnm.root
17-Jun-2014 23:54:55 CEST  Successfully opened file file:/lustre/cms//store/user/calabria/calabria_SingleMuPt100_GEN-SIM-DIGI-RECO_CMSSW_6_2_0_SLHC12_2023Scenario_Case2/calabria_SingleMuPt100_GEN-SIM-DIGI-RECO_CMSSW_6_2_0_SLHC12_2023Scenario_Case2/7828650cf335f3b092f375624d26bb6d/out_reco_5_1_mnm.root
17-Jun-2014 23:55:20 CEST  Closed file file:/lustre/cms//store/user/calabria/calabria_SingleMuPt100_GEN-SIM-DIGI-RECO_CMSSW_6_2_0_SLHC12_2023Scenario_Case2/calabria_SingleMuPt100_GEN-SIM-DIGI-RECO_CMSSW_6_2_0_SLHC12_2023Scenario_Case2/7828650cf335f3b092f375624d26bb6d/out_reco_5_1_mnm.root
17-Jun-2014 23:55:20 CEST  Initiating request to open file file:/lustre/cms//store/user/calabria/calabria_SingleMuPt100_GEN-SIM-DIGI-RECO_CMSSW_6_2_0_SLHC12_2023Scenario_Case2/calabria_SingleMuPt100_GEN-SIM-DIGI-RECO_CMSSW_6_2_0_SLHC12_2023Scenario_Case2/7828650cf335f3b092f375624d26bb6d/out_reco_6_2_5Ls.root
17-Jun-2014 23:55:20 CEST  Successfully opened file file:/lustre/cms//store/user/calabria/calabria_SingleMuPt100_GEN-SIM-DIGI-RECO_CMSSW_6_2_0_SLHC12_2023Scenario_Case2/calabria_SingleMuPt100_GEN-SIM-DIGI-RECO_CMSSW_6_2_0_SLHC12_2023Scenario_Case2/7828650cf335f3b092f375624d26bb6d/out_reco_6_2_5Ls.root
17-Jun-2014 23:55:47 CEST  Closed file file:/lustre/cms//store/user/calabria/calabria_SingleMuPt100_GEN-SIM-DIGI-RECO_CMSSW_6_2_0_SLHC12_2023Scenario_Case2/calabria_SingleMuPt100_GEN-SIM-DIGI-RECO_CMSSW_6_2_0_SLHC12_2023Scenario_Case2/7828650cf335f3b092f375624d26bb6d/out_reco_6_2_5Ls.root
17-Jun-2014 23:55:47 CEST  Initiating request to open file file:/lustre/cms//store/user/calabria/calabria_SingleMuPt100_GEN-SIM-DIGI-RECO_CMSSW_6_2_0_SLHC12_2023Scenario_Case2/calabria_SingleMuPt100_GEN-SIM-DIGI-RECO_CMSSW_6_2_0_SLHC12_2023Scenario_Case2/7828650cf335f3b092f375624d26bb6d/out_reco_7_2_3Ef.root
17-Jun-2014 23:55:47 CEST  Successfully opened file file:/lustre/cms//store/user/calabria/calabria_SingleMuPt100_GEN-SIM-DIGI-RECO_CMSSW_6_2_0_SLHC12_2023Scenario_Case2/calabria_SingleMuPt100_GEN-SIM-DIGI-RECO_CMSSW_6_2_0_SLHC12_2023Scenario_Case2/7828650cf335f3b092f375624d26bb6d/out_reco_7_2_3Ef.root
17-Jun-2014 23:56:16 CEST  Closed file file:/lustre/cms//store/user/calabria/calabria_SingleMuPt100_GEN-SIM-DIGI-RECO_CMSSW_6_2_0_SLHC12_2023Scenario_Case2/calabria_SingleMuPt100_GEN-SIM-DIGI-RECO_CMSSW_6_2_0_SLHC12_2023Scenario_Case2/7828650cf335f3b092f375624d26bb6d/out_reco_7_2_3Ef.root
17-Jun-2014 23:56:16 CEST  Initiating request to open file file:/lustre/cms//store/user/calabria/calabria_SingleMuPt100_GEN-SIM-DIGI-RECO_CMSSW_6_2_0_SLHC12_2023Scenario_Case2/calabria_SingleMuPt100_GEN-SIM-DIGI-RECO_CMSSW_6_2_0_SLHC12_2023Scenario_Case2/7828650cf335f3b092f375624d26bb6d/out_reco_8_1_hty.root
17-Jun-2014 23:56:16 CEST  Successfully opened file file:/lustre/cms//store/user/calabria/calabria_SingleMuPt100_GEN-SIM-DIGI-RECO_CMSSW_6_2_0_SLHC12_2023Scenario_Case2/calabria_SingleMuPt100_GEN-SIM-DIGI-RECO_CMSSW_6_2_0_SLHC12_2023Scenario_Case2/7828650cf335f3b092f375624d26bb6d/out_reco_8_1_hty.root
17-Jun-2014 23:56:42 CEST  Closed file file:/lustre/cms//store/user/calabria/calabria_SingleMuPt100_GEN-SIM-DIGI-RECO_CMSSW_6_2_0_SLHC12_2023Scenario_Case2/calabria_SingleMuPt100_GEN-SIM-DIGI-RECO_CMSSW_6_2_0_SLHC12_2023Scenario_Case2/7828650cf335f3b092f375624d26bb6d/out_reco_8_1_hty.root
17-Jun-2014 23:56:42 CEST  Initiating request to open file file:/lustre/cms//store/user/calabria/calabria_SingleMuPt100_GEN-SIM-DIGI-RECO_CMSSW_6_2_0_SLHC12_2023Scenario_Case2/calabria_SingleMuPt100_GEN-SIM-DIGI-RECO_CMSSW_6_2_0_SLHC12_2023Scenario_Case2/7828650cf335f3b092f375624d26bb6d/out_reco_9_2_397.root
17-Jun-2014 23:56:42 CEST  Successfully opened file file:/lustre/cms//store/user/calabria/calabria_SingleMuPt100_GEN-SIM-DIGI-RECO_CMSSW_6_2_0_SLHC12_2023Scenario_Case2/calabria_SingleMuPt100_GEN-SIM-DIGI-RECO_CMSSW_6_2_0_SLHC12_2023Scenario_Case2/7828650cf335f3b092f375624d26bb6d/out_reco_9_2_397.root
17-Jun-2014 23:57:07 CEST  Closed file file:/lustre/cms//store/user/calabria/calabria_SingleMuPt100_GEN-SIM-DIGI-RECO_CMSSW_6_2_0_SLHC12_2023Scenario_Case2/calabria_SingleMuPt100_GEN-SIM-DIGI-RECO_CMSSW_6_2_0_SLHC12_2023Scenario_Case2/7828650cf335f3b092f375624d26bb6d/out_reco_9_2_397.root
17-Jun-2014 23:57:07 CEST  Initiating request to open file file:/lustre/cms//store/user/calabria/calabria_SingleMuPt100_GEN-SIM-DIGI-RECO_CMSSW_6_2_0_SLHC12_2023Scenario_Case2/calabria_SingleMuPt100_GEN-SIM-DIGI-RECO_CMSSW_6_2_0_SLHC12_2023Scenario_Case2/7828650cf335f3b092f375624d26bb6d/out_reco_10_1_KN9.root
17-Jun-2014 23:57:07 CEST  Successfully opened file file:/lustre/cms//store/user/calabria/calabria_SingleMuPt100_GEN-SIM-DIGI-RECO_CMSSW_6_2_0_SLHC12_2023Scenario_Case2/calabria_SingleMuPt100_GEN-SIM-DIGI-RECO_CMSSW_6_2_0_SLHC12_2023Scenario_Case2/7828650cf335f3b092f375624d26bb6d/out_reco_10_1_KN9.root
17-Jun-2014 23:57:33 CEST  Closed file file:/lustre/cms//store/user/calabria/calabria_SingleMuPt100_GEN-SIM-DIGI-RECO_CMSSW_6_2_0_SLHC12_2023Scenario_Case2/calabria_SingleMuPt100_GEN-SIM-DIGI-RECO_CMSSW_6_2_0_SLHC12_2023Scenario_Case2/7828650cf335f3b092f375624d26bb6d/out_reco_10_1_KN9.root
17-Jun-2014 23:57:33 CEST  Initiating request to open file file:/lustre/cms//store/user/calabria/calabria_SingleMuPt100_GEN-SIM-DIGI-RECO_CMSSW_6_2_0_SLHC12_2023Scenario_Case2/calabria_SingleMuPt100_GEN-SIM-DIGI-RECO_CMSSW_6_2_0_SLHC12_2023Scenario_Case2/7828650cf335f3b092f375624d26bb6d/out_reco_11_1_o0c.root
17-Jun-2014 23:57:33 CEST  Successfully opened file file:/lustre/cms//store/user/calabria/calabria_SingleMuPt100_GEN-SIM-DIGI-RECO_CMSSW_6_2_0_SLHC12_2023Scenario_Case2/calabria_SingleMuPt100_GEN-SIM-DIGI-RECO_CMSSW_6_2_0_SLHC12_2023Scenario_Case2/7828650cf335f3b092f375624d26bb6d/out_reco_11_1_o0c.root
17-Jun-2014 23:58:24 CEST  Closed file file:/lustre/cms//store/user/calabria/calabria_SingleMuPt100_GEN-SIM-DIGI-RECO_CMSSW_6_2_0_SLHC12_2023Scenario_Case2/calabria_SingleMuPt100_GEN-SIM-DIGI-RECO_CMSSW_6_2_0_SLHC12_2023Scenario_Case2/7828650cf335f3b092f375624d26bb6d/out_reco_11_1_o0c.root

=============================================

MessageLogger Summary

 type     category        sev    module        subroutine        count    total
 ---- -------------------- -- ---------------- ----------------  -----    -----
    1 fileAction           -s file_close                            10       10
    2 fileAction           -s file_open                             20       20

 type    category    Examples: run/evt        run/evt          run/evt
 ---- -------------------- ---------------- ---------------- ----------------
    1 fileAction           PostProcessEvent PostProcessEvent PostEndRun
    2 fileAction           pre-events       pre-events       PostProcessEvent

Severity    # Occurrences   Total Occurrences
--------    -------------   -----------------
System                 30                  30
>>> END OF printout of 50 lines from stdout+stderr
>>> Parse FrameworkJobReport crab_fjr.xml
Result of parsing the FrameworkJobReport crab_fjr.xml: Popularity start
lumisRange : 1::::1;1::::2;1::::3;1::::4;1::::5;1::::6;1::::7;1::::8;1::::9;1::::10;
lumisParentRange : 
Basename : /store/user/calabria/calabria_SingleMuPt100_GEN-SIM-DIGI-RECO_CMSSW_6_2_0_SLHC12_2023Scenario_Case2/calabria_SingleMuPt100_GEN-SIM-DIGI-RECO_CMSSW_6_2_0_SLHC12_2023Scenario_Case2/7828650cf335f3b092f375624d26bb6d/out_reco_
BasenameParent : 
parentFiles : 
inputBlocks : /calabria_SingleMuPt100_GEN-SIM-DIGI-RECO_CMSSW_6_2_0_SLHC12_2023Scenario_Case2/calabria-calabria_SingleMuPt100_GEN-SIM-DIGI-RECO_CMSSW_6_2_0_SLHC12_2023Scenario_Case2-7828650cf335f3b092f375624d26bb6d/USER#2d7de4e5-09dd-42eb-b6de-f77f2b1f3424
inputFiles : 2_1_tqQ.root::1::EDM::Local::1;8_1_hty.root::1::EDM::Local::2;11_1_o0c.root::1::EDM::Local::3;10_1_KN9.root::1::EDM::Local::4;3_1_32w.root::1::EDM::Local::5;4_1_CRk.root::1::EDM::Local::6;6_2_5Ls.root::1::EDM::Local::7;9_2_397.root::1::EDM::Local::8;7_2_3Ef.root::1::EDM::Local::9;5_1_mnm.root::1::EDM::Local::10;
Popularity stop
Extracted ExitStatus from FrameworkJobReport parsing output: 0
>>> Executable succeded  0
ExeExitCode=0
EXECUTABLE_EXIT_STATUS = 0
>>> current directory /home/cms037/home_cream_935600032/CREAM935600032/glide_1KTme5/execute/dir_18512/CMSSW_6_2_0_SLHC12
>>>  (SOFTWARE_DIR): /home/cms037/home_cream_935600032/CREAM935600032/glide_1KTme5/execute/dir_18512/CMSSW_6_2_0_SLHC12
>>> (WORKING_DIR): 
>>> current directory content:
total 10676
drwxr-xr-x 3 cms037 cms    4096 Jun 17 23:52 .SCRAM
-rw------- 1 cms037 cms 3740425 Jun 17 23:52 CMSSW.py.pkl
drwxr-xr-x 3 cms037 cms    4096 Jun 17 23:52 bin
drwxr-xr-x 3 cms037 cms    4096 Jun 17 23:52 cfipython
drwxr-xr-x 4 cms037 cms    4096 Jun 17 23:52 config
-rw------- 1 cms037 cms      17 Jun 17 23:58 cpu_timing.txt
drwxr-xr-x 2 cms037 cms    4096 Jun 17 23:52 doc
-rw------- 1 cms037 cms    9931 Jun 17 23:58 executable.out
drwxr-xr-x 2 cms037 cms    4096 Jun 17 23:52 include
drwx------ 3 cms037 cms    4096 Apr 28 18:12 lib
drwxr-xr-x 3 cms037 cms    4096 Jun 17 23:52 logs
drwxr-xr-x 3 cms037 cms    4096 Jun 17 23:52 objs
-rw------- 1 cms037 cms     104 Jun 17 23:52 pset.py
-rw------- 1 cms037 cms 3712313 Jun 17 23:53 pset.py.pkl
-rw------- 1 cms037 cms     289 Jun 17 23:52 pset.pyc
drwxr-xr-x 2 cms037 cms    4096 Jun 17 23:52 python
-rw------- 1 cms037 cms     395 Jun 17 23:58 report.log
drwx------ 6 cms037 cms    4096 Jun 17 23:52 src
drwxr-xr-x 3 cms037 cms    4096 Jun 17 23:52 test
drwxr-xr-x 3 cms037 cms    4096 Jun 17 23:52 tmp
-rw------- 1 cms037 cms 3378755 Jun 17 23:58 validationEDM.root
>>> current directory /home/cms037/home_cream_935600032/CREAM935600032/glide_1KTme5/execute/dir_18512/CMSSW_6_2_0_SLHC12
>>> (SOFTWARE_DIR): /home/cms037/home_cream_935600032/CREAM935600032/glide_1KTme5/execute/dir_18512/CMSSW_6_2_0_SLHC12
>>> (WORKING_DIR): 
>>> current directory content:
total 10676
drwxr-xr-x 3 cms037 cms    4096 Jun 17 23:52 .SCRAM
-rw------- 1 cms037 cms 3740425 Jun 17 23:52 CMSSW.py.pkl
drwxr-xr-x 3 cms037 cms    4096 Jun 17 23:52 bin
drwxr-xr-x 3 cms037 cms    4096 Jun 17 23:52 cfipython
drwxr-xr-x 4 cms037 cms    4096 Jun 17 23:52 config
-rw------- 1 cms037 cms      17 Jun 17 23:58 cpu_timing.txt
drwxr-xr-x 2 cms037 cms    4096 Jun 17 23:52 doc
-rw------- 1 cms037 cms    9931 Jun 17 23:58 executable.out
drwxr-xr-x 2 cms037 cms    4096 Jun 17 23:52 include
drwx------ 3 cms037 cms    4096 Apr 28 18:12 lib
drwxr-xr-x 3 cms037 cms    4096 Jun 17 23:52 logs
drwxr-xr-x 3 cms037 cms    4096 Jun 17 23:52 objs
-rw------- 1 cms037 cms     104 Jun 17 23:52 pset.py
-rw------- 1 cms037 cms 3712313 Jun 17 23:53 pset.py.pkl
-rw------- 1 cms037 cms     289 Jun 17 23:52 pset.pyc
drwxr-xr-x 2 cms037 cms    4096 Jun 17 23:52 python
-rw------- 1 cms037 cms     395 Jun 17 23:58 report.log
drwx------ 6 cms037 cms    4096 Jun 17 23:52 src
drwxr-xr-x 3 cms037 cms    4096 Jun 17 23:52 test
drwxr-xr-x 3 cms037 cms    4096 Jun 17 23:52 tmp
-rw------- 1 cms037 cms 3378755 Jun 17 23:58 validationEDM_8_1_FIQ.root
>>> current directory (RUNTIME_AREA):  /home/cms037/home_cream_935600032/CREAM935600032/glide_1KTme5/execute/dir_18512
SE = storm-se-01.ba.infn.it
SE_PATH = /srm/managerv2?SFN=//cms/store/user/calabria/calabria_SingleMuPt100_GEN-SIM-DIGI-RECO_CMSSW_6_2_0_SLHC12_2023Scenario_Case2/calabria_MuMinus100_GEN-SIM-DIGI-RECO_CMSSW_6_2_0_SLHC12_2023Scenario_VALNOPU2_Case2/5854dd31cbd3cdec44c48628cc181cf0/
LFNBaseName = /store/user/calabria/calabria_SingleMuPt100_GEN-SIM-DIGI-RECO_CMSSW_6_2_0_SLHC12_2023Scenario_Case2/calabria_MuMinus100_GEN-SIM-DIGI-RECO_CMSSW_6_2_0_SLHC12_2023Scenario_VALNOPU2_Case2/5854dd31cbd3cdec44c48628cc181cf0/
USER = calabria
endpoint = srm://storm-se-01.ba.infn.it:8444/srm/managerv2?SFN=//cms/store/user/calabria/calabria_SingleMuPt100_GEN-SIM-DIGI-RECO_CMSSW_6_2_0_SLHC12_2023Scenario_Case2/calabria_MuMinus100_GEN-SIM-DIGI-RECO_CMSSW_6_2_0_SLHC12_2023Scenario_VALNOPU2_Case2/5854dd31cbd3cdec44c48628cc181cf0/
>>> Copy output files from WN = pccms130.ba.infn.it to /srm/managerv2?SFN=//cms/store/user/calabria/calabria_SingleMuPt100_GEN-SIM-DIGI-RECO_CMSSW_6_2_0_SLHC12_2023Scenario_Case2/calabria_MuMinus100_GEN-SIM-DIGI-RECO_CMSSW_6_2_0_SLHC12_2023Scenario_VALNOPU2_Case2/5854dd31cbd3cdec44c48628cc181cf0/ :
python cmscp.py  --destination srm://storm-se-01.ba.infn.it:8444/srm/managerv2?SFN=//cms/store/user/calabria/calabria_SingleMuPt100_GEN-SIM-DIGI-RECO_CMSSW_6_2_0_SLHC12_2023Scenario_Case2/calabria_MuMinus100_GEN-SIM-DIGI-RECO_CMSSW_6_2_0_SLHC12_2023Scenario_VALNOPU2_Case2/5854dd31cbd3cdec44c48628cc181cf0/ --inputFileList /home/cms037/home_cream_935600032/CREAM935600032/glide_1KTme5/execute/dir_18512/CMSSW_6_2_0_SLHC12/validationEDM_8_1_FIQ.root --middleware LCG --se_name storm-se-01.ba.infn.it --for_lfn /store/user/calabria/calabria_SingleMuPt100_GEN-SIM-DIGI-RECO_CMSSW_6_2_0_SLHC12_2023Scenario_Case2/calabria_MuMinus100_GEN-SIM-DIGI-RECO_CMSSW_6_2_0_SLHC12_2023Scenario_VALNOPU2_Case2/5854dd31cbd3cdec44c48628cc181cf0/    
******************************************************
localSeName  =  storm-se-01.ba.infn.it
remoteSeName =  storm-se-01.ba.infn.it
******************************************************
{"/home/cms037/home_cream_935600032/CREAM935600032/glide_1KTme5/execute/dir_18512/CMSSW_6_2_0_SLHC12/validationEDM_8_1_FIQ.root": {"endpoint": "srm://storm-se-01.ba.infn.it:8444/srm/managerv2?SFN=//cms/store/user/calabria/calabria_SingleMuPt100_GEN-SIM-DIGI-RECO_CMSSW_6_2_0_SLHC12_2023Scenario_Case2/calabria_MuMinus100_GEN-SIM-DIGI-RECO_CMSSW_6_2_0_SLHC12_2023Scenario_VALNOPU2_Case2/5854dd31cbd3cdec44c48628cc181cf0/", "surl_for_grid": "", "reason": "Copy succedeed with srm-lcg utils", "erCode": "0", "se_name": "storm-se-01.ba.infn.it", "for_lfn": "/store/user/calabria/calabria_SingleMuPt100_GEN-SIM-DIGI-RECO_CMSSW_6_2_0_SLHC12_2023Scenario_Case2/calabria_MuMinus100_GEN-SIM-DIGI-RECO_CMSSW_6_2_0_SLHC12_2023Scenario_VALNOPU2_Case2/5854dd31cbd3cdec44c48628cc181cf0/"}}/home/cms037/home_cream_935600032/CREAM935600032/glide_1KTme5/execute/dir_18512
-------- cat /home/cms037/home_cream_935600032/CREAM935600032/glide_1KTme5/execute/dir_18512/cmscpReport.sh 
#!/bin/bash
echo "Report for File: /home/cms037/home_cream_935600032/CREAM935600032/glide_1KTme5/execute/dir_18512/CMSSW_6_2_0_SLHC12/validationEDM_8_1_FIQ.root"
echo "LFN: /store/user/calabria/calabria_SingleMuPt100_GEN-SIM-DIGI-RECO_CMSSW_6_2_0_SLHC12_2023Scenario_Case2/calabria_MuMinus100_GEN-SIM-DIGI-RECO_CMSSW_6_2_0_SLHC12_2023Scenario_VALNOPU2_Case2/5854dd31cbd3cdec44c48628cc181cf0/validationEDM_8_1_FIQ.root"
echo "StorageElement: storm-se-01.ba.infn.it"
echo "StageOutExitStatusReason = 'Copy succedeed with srm-lcg utils'" | tee -a $RUNTIME_AREA/$repo
echo "StageOutSE = storm-se-01.ba.infn.it" >> $RUNTIME_AREA/$repo

export StageOutExitStatus=0
echo "StageOutExitStatus = 0" | tee -a $RUNTIME_AREA/$repo
-------- end of /home/cms037/home_cream_935600032/CREAM935600032/glide_1KTme5/execute/dir_18512/cmscpReport.sh 
Report for File: /home/cms037/home_cream_935600032/CREAM935600032/glide_1KTme5/execute/dir_18512/CMSSW_6_2_0_SLHC12/validationEDM_8_1_FIQ.root
LFN: /store/user/calabria/calabria_SingleMuPt100_GEN-SIM-DIGI-RECO_CMSSW_6_2_0_SLHC12_2023Scenario_Case2/calabria_MuMinus100_GEN-SIM-DIGI-RECO_CMSSW_6_2_0_SLHC12_2023Scenario_VALNOPU2_Case2/5854dd31cbd3cdec44c48628cc181cf0/validationEDM_8_1_FIQ.root
StorageElement: storm-se-01.ba.infn.it
StageOutExitStatusReason = 'Copy succedeed with srm-lcg utils'
StageOutExitStatus = 0
>>> current dir: /home/cms037/home_cream_935600032/CREAM935600032/glide_1KTme5/execute/dir_18512
>>> current dir content:
total 28080
-rw-------  1 cms037 cms     2784 Jun 17 23:59 .SEinteraction.log
-rwx------  1 cms037 cms     6781 Jun 17 23:52 .job.ad
-rwx------  1 cms037 cms     9427 Jun 17 23:52 .machine.ad
-rw-------  1 cms037 cms      105 Jun 16 20:38 CMSSW.py
-rw-------  1 cms037 cms  3740425 Jun 16 20:38 CMSSW.py.pkl
-rwx------  1 cms037 cms    29569 Jun 17 23:52 CMSSW.sh
drwxr-xr-x 15 cms037 cms     4096 Jun 17 23:58 CMSSW_6_2_0_SLHC12
-rw-------  1 cms037 cms      220 Jun 17 23:52 CacheEnv.sh
-rw-------  1 cms037 cms     7291 Apr  4 11:04 DashboardAPI.py
-rw-------  1 cms037 cms     6815 Jun 17 23:52 DashboardAPI.pyc
drwx------  2 cms037 cms     4096 Jun 17 23:58 IMProv
-rw-------  1 cms037 cms     2748 Apr  4 11:04 Logger.py
-rw-------  1 cms037 cms     3347 Jun 17 23:52 Logger.pyc
-rw-------  1 cms037 cms    24524 Apr  4 11:04 ProcInfo.py
-rw-------  1 cms037 cms    23197 Jun 17 23:52 ProcInfo.pyc
drwx------  7 cms037 cms     4096 Jun 17 23:52 ProdCommon
drwx------  3 cms037 cms     4096 Jun 17 23:52 WMCore
-rw-------  1 cms037 cms     2494 Jun 17 23:58 Watchdog_8.log
-rwx------  1 cms037 cms        0 Jun 17 23:52 _condor_stderr
-rwx---r--  1 cms037 cms    29405 Jun 17 23:59 _condor_stdout
-rw-------  1 cms037 cms    32895 Apr  4 11:04 apmon.py
-rw-------  1 cms037 cms    28625 Jun 17 23:52 apmon.pyc
-rwx------  1 cms037 cms    53840 Jun 17 23:52 arguments.xml
-rwx------  1 cms037 cms    38515 Apr  4 11:04 cmscp.py
-rw-------  1 cms037 cms      718 Jun 17 23:59 cmscpReport.sh
-rwx------  1 cms037 cms    29569 Jun 17 23:52 condor_exec.exe
-rw-------  1 cms037 cms      963 Jun 16 20:38 crab.cfg
-rwx------  1 cms037 cms     8610 Apr  4 11:04 crabWatchdog.sh
-rwx---r--  1 cms037 cms   523259 Jun 17 23:58 crab_fjr_8.xml
-rwx------  1 cms037 cms 23958179 Jun 17 23:52 default.tgz
-rwx------  1 cms037 cms     4488 Apr  4 11:04 fillCrabFjr.py
-rw-------  1 cms037 cms     2633 Jun 17 23:52 inputsReport.txt
-rw-------  1 cms037 cms      256 Jun 17 23:59 jobreport.txt
-rw-------  1 cms037 cms    17352 Apr  4 11:04 parseCrabFjr.py
-rw-------  1 cms037 cms      319 Jun 17 23:52 report.log
-rwx--x--x  1 cms037 cms     1497 Apr  4 11:04 report.py
-rw-------  1 cms037 cms      775 Jun 17 23:59 resultCopyFile
lrwxrwxrwx  1 cms037 cms      125 Jun 17 23:58 validationEDM.root -> /home/cms037/home_cream_935600032/CREAM935600032/glide_1KTme5/execute/dir_18512/CMSSW_6_2_0_SLHC12/validationEDM_8_1_FIQ.root
-rwx------  1 cms037 cms     8387 Apr  4 11:04 writeCfg.py
-rw-------  1 cms037 cms     8014 Jun 17 23:52 x509up_u50707
>>> Modify Job Report:
CMSSW_VERSION = CMSSW_6_2_0_SLHC12
ProcessedDataset = calabria_MuMinus100_GEN-SIM-DIGI-RECO_CMSSW_6_2_0_SLHC12_2023Scenario_VALNOPU2_Case2
/home/cms037/home_cream_935600032/CREAM935600032/glide_1KTme5/execute/dir_18512/ProdCommon/FwkJobRep/ModifyJobReport.py fjr /home/cms037/home_cream_935600032/CREAM935600032/glide_1KTme5/execute/dir_18512/crab_fjr_8.xml json /home/cms037/home_cream_935600032/CREAM935600032/glide_1KTme5/execute/dir_18512/resultCopyFile n_job 8_1_FIQ PrimaryDataset calabria_SingleMuPt100_GEN-SIM-DIGI-RECO_CMSSW_6_2_0_SLHC12_2023Scenario_Case2  ApplicationFamily cmsRun ApplicationName cmsRun cmssw_version CMSSW_6_2_0_SLHC12 psethash 5854dd31cbd3cdec44c48628cc181cf0 UserProcessedDataset calabria-calabria_MuMinus100_GEN-SIM-DIGI-RECO_CMSSW_6_2_0_SLHC12_2023Scenario_VALNOPU2_Case2-5854dd31cbd3cdec44c48628cc181cf0
inputDict =  {u'/home/cms037/home_cream_935600032/CREAM935600032/glide_1KTme5/execute/dir_18512/CMSSW_6_2_0_SLHC12/validationEDM_8_1_FIQ.root': {u'endpoint': u'srm://storm-se-01.ba.infn.it:8444/srm/managerv2?SFN=//cms/store/user/calabria/calabria_SingleMuPt100_GEN-SIM-DIGI-RECO_CMSSW_6_2_0_SLHC12_2023Scenario_Case2/calabria_MuMinus100_GEN-SIM-DIGI-RECO_CMSSW_6_2_0_SLHC12_2023Scenario_VALNOPU2_Case2/5854dd31cbd3cdec44c48628cc181cf0/', u'surl_for_grid': u'', u'reason': u'Copy succedeed with srm-lcg utils', u'erCode': u'0', u'se_name': u'storm-se-01.ba.infn.it', u'for_lfn': u'/store/user/calabria/calabria_SingleMuPt100_GEN-SIM-DIGI-RECO_CMSSW_6_2_0_SLHC12_2023Scenario_Case2/calabria_MuMinus100_GEN-SIM-DIGI-RECO_CMSSW_6_2_0_SLHC12_2023Scenario_VALNOPU2_Case2/5854dd31cbd3cdec44c48628cc181cf0/'}}
UserProcessedDataset =  calabria-calabria_MuMinus100_GEN-SIM-DIGI-RECO_CMSSW_6_2_0_SLHC12_2023Scenario_VALNOPU2_Case2-5854dd31cbd3cdec44c48628cc181cf0
file_name in inputDict =  /home/cms037/home_cream_935600032/CREAM935600032/glide_1KTme5/execute/dir_18512/CMSSW_6_2_0_SLHC12/validationEDM_8_1_FIQ.root
(size) os.stat(filename)[6] =  3378755
checksum =  3037015055
    file =  validationEDM_8_1_FIQ.root
    newPfn =  srm://storm-se-01.ba.infn.it:8444/srm/managerv2?SFN=//cms/store/user/calabria/calabria_SingleMuPt100_GEN-SIM-DIGI-RECO_CMSSW_6_2_0_SLHC12_2023Scenario_Case2/calabria_MuMinus100_GEN-SIM-DIGI-RECO_CMSSW_6_2_0_SLHC12_2023Scenario_VALNOPU2_Case2/5854dd31cbd3cdec44c48628cc181cf0/validationEDM_8_1_FIQ.root
    newLfn =  /store/user/calabria/calabria_SingleMuPt100_GEN-SIM-DIGI-RECO_CMSSW_6_2_0_SLHC12_2023Scenario_Case2/calabria_MuMinus100_GEN-SIM-DIGI-RECO_CMSSW_6_2_0_SLHC12_2023Scenario_VALNOPU2_Case2/5854dd31cbd3cdec44c48628cc181cf0/validationEDM_8_1_FIQ.root
>>> crab_fjr_*.xml  permission set to 0704
CrabWrapper EXIT_FUNC entered at Tue Jun 17 23:59:20 CEST 2014   -  Tue Jun 17 21:59:20 UTC 2014
Checking output files:  
will tar file crab_fjr_8.xml in  out_files_8
WARNING: output file CMSSW_8.stdout not found!
WARNING: output file CMSSW_8.stderr not found!
WARNING: output file Watchdog_8.log.gz not found!
>>> padding time: Sleeping the wrapper for 198 seconds
STOPPING WATCHDOG. CrabWatchdog PID is 18758
********** LAST 50 LINES OF WATCHDOG LOG
# RESOURCE USAGE SUMMARY FOR PROCESS ID 18522
USER       PID %CPU %MEM    VSZ   RSS TTY      STAT START   TIME COMMAND
cms037   18522  0.7  0.0   9496  1596 ?        S    23:52   0:00 /bin/sh /home/cms037/home_cream_935600032/CREAM935600032/glide_1KTme5/execute/dir_18512/condor_exec.exe 8 1
 
# LIMITS USED BY CRAB WATCHDOG:
# RSS  (KBytes)   : 2300000
# VSZ  (KBytes)   : 100000000
# DISK (MBytes)   : 19000
# CPU TIME        : 720h:0m:0s
# WALL CLOCK TIME : 21h:50m:0s
 
# FOLLOWING PRINTOUT TRACKS MAXIMUM VALUES OF RESOURCES USE
# ONE LINE IS PRINTED EACH TIME A MAXIMUM CHANGES
# IF CHANGE WAS IN RSS OR VSZ ALSO PROCID AND COMMAND ARE PRINTED
# THERE IS NO PRINTOUT FOR CPU/WALL TIME INCREASE
 
# TIME			PID	RSS(KB)	VSZ(KB)	Dsk(MB)	tCPU(s)	tWALL(s)	COMMAND
 Jun 17 23:52:48 CEST	3871	1396	9364	0	0	0	/bin/bash /home/cms037/home_cream_935600032/CREAM935600032/glide_1KTme5/main/condor_startup.sh glidein_config        
 Jun 17 23:52:48 CEST	5503	8004	93336	0	0	0	/home/cms037/home_cream_935600032/CREAM935600032/glide_1KTme5/main/condor/sbin/condor_master -f -pidfile /home/cms037/home_cream_935600032/CREAM935600032/glide_1KTme5/condor_master2.pid       
 Jun 17 23:52:48 CEST	6812	8716	93804	0	2	0	condor_startd -f         
 Jun 17 23:52:48 CEST	18770	27024	93804	0	4	1	edmConfigHash pset.py         
 Jun 17 23:52:48 CEST	24738	27024	106092	0	0	1	sh -c "./glidein_startup.sh" -v std -name v1_3 -entry CMS_T2_IT_Bari_ce2 -clientname UCSD-v1_0.main
 Jun 17 23:52:48 CEST	24744	27024	106492	0	0	1	/bin/bash ./glidein_startup.sh -v std -name v1_3 -entry CMS_T2_IT_Bari_ce2 -clientname UCSD-v1_0.main -schedd
 Jun 17 23:52:48 CEST	---	27024	106492	171	----	----	----
 Jun 17 23:53:49 CEST	19557	708312	979760	171	38	61	cmsRun -j /home/cms037/home_cream_935600032/CREAM935600032/glide_1KTme5/execute/dir_18512/crab_fjr_8.xml -p pset.py      
 Jun 17 23:53:49 CEST	---	708312	979760	175	----	----	----
 Jun 17 23:54:50 CEST	19557	735164	1005656	175	86	122	cmsRun -j /home/cms037/home_cream_935600032/CREAM935600032/glide_1KTme5/execute/dir_18512/crab_fjr_8.xml -p pset.py      
 Jun 17 23:56:51 CEST	19557	735164	1024556	175	175	244	cmsRun -j /home/cms037/home_cream_935600032/CREAM935600032/glide_1KTme5/execute/dir_18512/crab_fjr_8.xml -p pset.py      
 Jun 17 23:57:52 CEST	19557	735164	1039472	175	220	305	cmsRun -j /home/cms037/home_cream_935600032/CREAM935600032/glide_1KTme5/execute/dir_18512/crab_fjr_8.xml -p pset.py      
 Jun 17 23:58:53 CEST	---	735164	1039472	179	----	----	----
********** WATCHDOG LOG ENDED
ZIPPING WATCHDOG LOG
Disk space used:
du -sh /home/cms037/home_cream_935600032/CREAM935600032/glide_1KTme5/execute/dir_18512
179M	/home/cms037/home_cream_935600032/CREAM935600032/glide_1KTme5/execute/dir_18512
Found unusual stdout, rename for OSB
`/home/cms037/home_cream_935600032/CREAM935600032/glide_1KTme5/execute/dir_18512/_condor_stdout' -> `CMSSW_8.stdout'
Found unusual stderr, rename for OSB
`/home/cms037/home_cream_935600032/CREAM935600032/glide_1KTme5/execute/dir_18512/_condor_stdout' -> `CMSSW_8.stderr'
crab_fjr_8.xml
CMSSW_8.stdout
CMSSW_8.stderr
Watchdog_8.log.gz
Total Output dimension: 70027
WARNING: output files size limit is set to: 50000000
Total Output dimension 70027 is fine.
JOB_EXIT_STATUS = 0
>>> info for dashboard:
***** Cat /home/cms037/home_cream_935600032/CREAM935600032/glide_1KTme5/execute/dir_18512/jobreport.txt *****
MonitorJobID=8_https://vocms20.cern.ch//140616//1841014.7
MonitorID=calabria_MuMinus100_Case2_ReReco_wu9c43
ExeTime=324
ExeExitCode=0
StageOutExitStatusReason = 'Copy succedeed with srm-lcg utils'
StageOutSE = storm-se-01.ba.infn.it
StageOutExitStatus = 0
CrabUserCpuTime=212.45
CrabSysCpuTime=40.20
CrabCpuPercentage=78%
CrabWrapperTime=600
CrabStageoutTime=48
JobExitCode=0
***** End Cat jobreport *****
Parameters sent to Dashboard.
EXITING at Wed Jun 18 00:02:43 CEST 2014  -  Tue Jun 17 22:02:43 UTC 2014
