This script was generated by crab (version 2.10.5_patch1).
Running /home/cms037/home_cream_438765322/CREAM438765322/glide_RBVWek/execute/dir_19427/condor_exec.exe with 2 positional parameters: 1 1
Today is Tue Jun 17 23:22:01 CEST 2014 - Tue Jun 17 21:22:01 UTC 2014
Job submitted on host pccms118.ba.infn.it
Linux pccms118.ba.infn.it 2.6.32-358.23.2.el6.x86_64 #1 SMP Thu Oct 17 10:27:22 CEST 2013 x86_64 x86_64 x86_64 GNU/Linux
>>> current directory (RUNTIME_AREA): /home/cms037/home_cream_438765322/CREAM438765322/glide_RBVWek/execute/dir_19427
>>> current user: uid=18594(cms037) gid=1399(cms) groups=1399(cms)
>>> directory permission set to 0700
>>> umask set to:  u=rwx,g=,o=
>>> stdout stderr permission set to 0704
>>> voms proxy information:
subject   : /C=IT/O=INFN/OU=Personal Certificate/L=Bari/CN=Cesare Calabria/CN=477126703/CN=1603133012
issuer    : /C=IT/O=INFN/OU=Personal Certificate/L=Bari/CN=Cesare Calabria/CN=477126703
identity  : /C=IT/O=INFN/OU=Personal Certificate/L=Bari/CN=Cesare Calabria
type      : RFC3820 compliant limited proxy
strength  : 1024
path      : /home/cms037/home_cream_438765322/CREAM438765322/glide_RBVWek/execute/dir_19427/x509up_u50707
timeleft  : 23:59:55
key usage : Digital Signature, Key Encipherment, Data Encipherment
=== VO cms extension information ===
VO        : cms
subject   : /C=IT/O=INFN/OU=Personal Certificate/L=Bari/CN=Cesare Calabria
issuer    : /DC=ch/DC=cern/OU=computers/CN=voms.cern.ch
attribute : /cms/Role=NULL/Capability=NULL
attribute : /cms/itcms/Role=NULL/Capability=NULL
timeleft  : 156:02:16
uri       : voms.cern.ch:15002

WNHostName=pccms118.ba.infn.it
>>> tar --no-same-permissions -xf /home/cms037/home_cream_438765322/CREAM438765322/glide_RBVWek/execute/dir_19427/default.tgz :
Successful untar
>>> Include /home/cms037/home_cream_438765322/CREAM438765322/glide_RBVWek/execute/dir_19427 in PYTHONPATH:
strip arguments
env var CRAB_UNIQUE_JOB_ID set to: calabria_MuMinus100_Case2_ReReco_wu9c43_1_1_Glk
out_files_1
>>> list of expected files on output sandbox
output files: crab_fjr_1.xml CMSSW_1.stdout CMSSW_1.stderr Watchdog_1.log.gz
>>> GridFlavour discovery: 
GridFlavour=LCG
>>> SyncSite discovery: 
SyncSite=T2_IT_Bari
>>> SyncCE discovery: 
getting SyncCE from CE_ID
SyncCE=cream-ce-2.ba.infn.it:8443/cream-pbs-cms
>>> info for dashboard:
***** Cat /home/cms037/home_cream_438765322/CREAM438765322/glide_RBVWek/execute/dir_19427/jobreport.txt *****
WNHostName=pccms118.ba.infn.it
MonitorJobID=1_https://vocms20.cern.ch//140616//1841014.0
SyncGridJobId=https://vocms20.cern.ch//140616//1841014.0
MonitorID=calabria_MuMinus100_Case2_ReReco_wu9c43
GridFlavour=LCG
SyncSite=T2_IT_Bari
SyncCE=cream-ce-2.ba.infn.it:8443/cream-pbs-cms
***** End Cat jobreport *****
Parameters sent to Dashboard.
>>> setup environment
set SCRAM ARCH to slc5_amd64_gcc472
SCRAM_ARCH = slc5_amd64_gcc472
>>> setup CMS LCG environment:
set SCRAM ARCH and BUILD_ARCH to slc5_amd64_gcc472 ###
Sourcing environment... 
sourcing /cvmfs/cms.cern.ch/cmsset_default.sh
==> setup cms environment ok
>>> specific cmssw setup environment:
CMSSW_VERSION =  CMSSW_6_2_0_SLHC12
>>> current directory (SOFTWARE_DIR): /home/cms037/home_cream_438765322/CREAM438765322/glide_RBVWek/execute/dir_19427/CMSSW_6_2_0_SLHC12
PreserveSeeds: <>
IncrementSeeds:<>
>>> info for dashboard:
***** Cat /home/cms037/home_cream_438765322/CREAM438765322/glide_RBVWek/execute/dir_19427/jobreport.txt *****
MonitorJobID=1_https://vocms20.cern.ch//140616//1841014.0
MonitorID=calabria_MuMinus100_Case2_ReReco_wu9c43
***** End Cat jobreport *****
Parameters sent to Dashboard.
crabWatchdog started as process 20306
>>> moving CMSSW software directories in /home/cms037/home_cream_438765322/CREAM438765322/glide_RBVWek/execute/dir_19427/CMSSW_6_2_0_SLHC12
mv: cannot stat `/home/cms037/home_cream_438765322/CREAM438765322/glide_RBVWek/execute/dir_19427/module/': No such file or directory
>>> Include /home/cms037/home_cream_438765322/CREAM438765322/glide_RBVWek/execute/dir_19427 in PYTHONPATH:
PYTHONPATH=/home/cms037/home_cream_438765322/CREAM438765322/glide_RBVWek/execute/dir_19427/:/home/cms037/home_cream_438765322/CREAM438765322/glide_RBVWek/execute/dir_19427/CMSSW_6_2_0_SLHC12/python:/home/cms037/home_cream_438765322/CREAM438765322/glide_RBVWek/execute/dir_19427/CMSSW_6_2_0_SLHC12/lib/slc5_amd64_gcc472:/cvmfs/cms.cern.ch/slc5_amd64_gcc472/cms/cmssw/CMSSW_6_2_0_SLHC12/python:/cvmfs/cms.cern.ch/slc5_amd64_gcc472/cms/cmssw/CMSSW_6_2_0_SLHC12/lib/slc5_amd64_gcc472:/cvmfs/cms.cern.ch/slc5_amd64_gcc472/cms/coral/CORAL_2_3_21-cms36/slc5_amd64_gcc472/python:/cvmfs/cms.cern.ch/slc5_amd64_gcc472/cms/coral/CORAL_2_3_21-cms36/slc5_amd64_gcc472/lib:/cvmfs/cms.cern.ch/slc5_amd64_gcc472/external/pyqt/4.8.1-cms6/lib/python2.7/site-packages:/cvmfs/cms.cern.ch/slc5_amd64_gcc472/external/py2-scipy/0.8.0-cms8/lib/python2.7/site-packages:/cvmfs/cms.cern.ch/slc5_amd64_gcc472/external/py2-matplotlib/1.0.1-cms8/lib/python2.7/site-packages:/cvmfs/cms.cern.ch/slc5_amd64_gcc472/external/python-ldap/2.3.5-cms6/lib/python2.7/site-packages:/cvmfs/cms.cern.ch/slc5_amd64_gcc472/external/sip/4.11.2-cms6/lib/python2.7/site-packages:/cvmfs/cms.cern.ch/slc5_amd64_gcc472/external/py2-pycurl/7.19.0-cms8/lib/python2.7/site-packages:/cvmfs/cms.cern.ch/slc5_amd64_gcc472/external/py2-numpy/1.6.1-cms8/lib/python2.7/site-packages:/cvmfs/cms.cern.ch/slc5_amd64_gcc472/external/py2-lint/0.25.1-cms6/lib/python2.7/site-packages:/cvmfs/cms.cern.ch/slc5_amd64_gcc472/external/py2-ipython/0.10-cms6/lib/python2.7/site-packages:/cvmfs/cms.cern.ch/slc5_amd64_gcc472/external/py2-cx-oracle/5.1-cms7/lib/python2.7/site-packages:/cvmfs/cms.cern.ch/slc5_amd64_gcc472/external/py2-cjson/1.0.5-cms6/lib/python2.7/site-packages:/cvmfs/cms.cern.ch/slc5_amd64_gcc472/cms/das-client/1.11.7/bin:/cvmfs/cms.cern.ch/slc5_amd64_gcc472/external/elementtree/1.2.6-cms6/share/lib/python2.7/site-packages:/cvmfs/cms.cern.ch/slc5_amd64_gcc472/external/rivet/1.8.2-cms8/lib/python2.7/site-packages:/cvmfs/cms.cern.ch/slc5_amd64_gcc472/external/pyminuit2/0.0.1-cms19/lib/python2.7/site-packages:/cvmfs/cms.cern.ch/slc5_amd64_gcc472/external/py2-pygithub/1.23.0/lib/python2.7/site-packages:/cvmfs/cms.cern.ch/slc5_amd64_gcc472/external/professor/1.0.0-cms19/lib/python2.7/site-packages:/cvmfs/cms.cern.ch/slc5_amd64_gcc472/lcg/root/5.34.07-cms/lib:/cvmfs/cms.cern.ch/slc5_amd64_gcc472/cms/dbs-client/DBS_2_1_9-cms5/lib:/cvmfs/cms.cern.ch/slc5_amd64_gcc472/cms/dbs-client/DBS_2_1_9-cms5/lib/DBSAPI:/cvmfs/cms.cern.ch/slc5_amd64_gcc472/external/cvs2git/5419-cms/lib:/home/cms037/home_cream_438765322/CREAM438765322/glide_RBVWek/execute/dir_19427/
 
# LIMITS USED BY CRAB WATCHDOG:
# RSS  (KBytes)   : 2300000
# VSZ  (KBytes)   : 100000000
# DISK (MBytes)   : 19000
# CPU TIME        : 720h:0m:0s
# WALL CLOCK TIME : 21h:50m:0s
 
5854dd31cbd3cdec44c48628cc181cf0
PSETHASH = 5854dd31cbd3cdec44c48628cc181cf0
/home/cms037/home_cream_438765322/CREAM438765322/glide_RBVWek/execute/dir_19427/writeCfg.py pset.py pset.py
Importing .py file
Setting parameters
RandomNumberGeneratorService found, will attempt to change seeds
inputBlocks=/calabria_SingleMuPt100_GEN-SIM-DIGI-RECO_CMSSW_6_2_0_SLHC12_2023Scenario_Case2/calabria-calabria_SingleMuPt100_GEN-SIM-DIGI-RECO_CMSSW_6_2_0_SLHC12_2023Scenario_Case2-7828650cf335f3b092f375624d26bb6d/USER#2d7de4e5-09dd-42eb-b6de-f77f2b1f3424
inputFiles=/store/user/calabria/calabria_SingleMuPt100_GEN-SIM-DIGI-RECO_CMSSW_6_2_0_SLHC12_2023Scenario_Case2/calabria_SingleMuPt100_GEN-SIM-DIGI-RECO_CMSSW_6_2_0_SLHC12_2023Scenario_Case2/7828650cf335f3b092f375624d26bb6d/out_reco_407_2_jTx.root;/store/user/calabria/calabria_SingleMuPt100_GEN-SIM-DIGI-RECO_CMSSW_6_2_0_SLHC12_2023Scenario_Case2/calabria_SingleMuPt100_GEN-SIM-DIGI-RECO_CMSSW_6_2_0_SLHC12_2023Scenario_Case2/7828650cf335f3b092f375624d26bb6d/out_reco_408_2_7Af.root;/store/user/calabria/calabria_SingleMuPt100_GEN-SIM-DIGI-RECO_CMSSW_6_2_0_SLHC12_2023Scenario_Case2/calabria_SingleMuPt100_GEN-SIM-DIGI-RECO_CMSSW_6_2_0_SLHC12_2023Scenario_Case2/7828650cf335f3b092f375624d26bb6d/out_reco_411_2_zj5.root;/store/user/calabria/calabria_SingleMuPt100_GEN-SIM-DIGI-RECO_CMSSW_6_2_0_SLHC12_2023Scenario_Case2/calabria_SingleMuPt100_GEN-SIM-DIGI-RECO_CMSSW_6_2_0_SLHC12_2023Scenario_Case2/7828650cf335f3b092f375624d26bb6d/out_reco_412_1_0AS.root;/store/user/calabria/calabria_SingleMuPt100_GEN-SIM-DIGI-RECO_CMSSW_6_2_0_SLHC12_2023Scenario_Case2/calabria_SingleMuPt100_GEN-SIM-DIGI-RECO_CMSSW_6_2_0_SLHC12_2023Scenario_Case2/7828650cf335f3b092f375624d26bb6d/out_reco_413_2_vN4.root;/store/user/calabria/calabria_SingleMuPt100_GEN-SIM-DIGI-RECO_CMSSW_6_2_0_SLHC12_2023Scenario_Case2/calabria_SingleMuPt100_GEN-SIM-DIGI-RECO_CMSSW_6_2_0_SLHC12_2023Scenario_Case2/7828650cf335f3b092f375624d26bb6d/out_reco_414_1_w4w.root;/store/user/calabria/calabria_SingleMuPt100_GEN-SIM-DIGI-RECO_CMSSW_6_2_0_SLHC12_2023Scenario_Case2/calabria_SingleMuPt100_GEN-SIM-DIGI-RECO_CMSSW_6_2_0_SLHC12_2023Scenario_Case2/7828650cf335f3b092f375624d26bb6d/out_reco_415_2_02N.root;/store/user/calabria/calabria_SingleMuPt100_GEN-SIM-DIGI-RECO_CMSSW_6_2_0_SLHC12_2023Scenario_Case2/calabria_SingleMuPt100_GEN-SIM-DIGI-RECO_CMSSW_6_2_0_SLHC12_2023Scenario_Case2/7828650cf335f3b092f375624d26bb6d/out_reco_416_2_kJJ.root;/store/user/calabria/calabria_SingleMuPt100_GEN-SIM-DIGI-RECO_CMSSW_6_2_0_SLHC12_2023Scenario_Case2/calabria_SingleMuPt100_GEN-SIM-DIGI-RECO_CMSSW_6_2_0_SLHC12_2023Scenario_Case2/7828650cf335f3b092f375624d26bb6d/out_reco_417_1_kdR.root;/store/user/calabria/calabria_SingleMuPt100_GEN-SIM-DIGI-RECO_CMSSW_6_2_0_SLHC12_2023Scenario_Case2/calabria_SingleMuPt100_GEN-SIM-DIGI-RECO_CMSSW_6_2_0_SLHC12_2023Scenario_Case2/7828650cf335f3b092f375624d26bb6d/out_reco_418_2_yo7.root
parentFiles=
lumisRange=
>>> Executable cmsRun
/cvmfs/cms.cern.ch/slc5_amd64_gcc472/cms/cmssw/CMSSW_6_2_0_SLHC12/bin/slc5_amd64_gcc472/cmsRun
ok executable found
>>> info for dashboard:
***** Cat /home/cms037/home_cream_438765322/CREAM438765322/glide_RBVWek/execute/dir_19427/jobreport.txt *****
MonitorJobID=1_https://vocms20.cern.ch//140616//1841014.0
MonitorID=calabria_MuMinus100_Case2_ReReco_wu9c43
ExeStart=cmsRun
***** End Cat jobreport *****
Parameters sent to Dashboard.
>>> cmsRun started at Tue Jun 17 21:22:34 UTC 2014
>>> cmsRun ended at Tue Jun 17 21:28:58 UTC 2014
>>> crab_fjr_*.xml  permission set to 0704
>>> info for dashboard:
***** Cat /home/cms037/home_cream_438765322/CREAM438765322/glide_RBVWek/execute/dir_19427/jobreport.txt *****
MonitorJobID=1_https://vocms20.cern.ch//140616//1841014.0
MonitorID=calabria_MuMinus100_Case2_ReReco_wu9c43
ExeEnd=cmsRun
***** End Cat jobreport *****
Parameters sent to Dashboard.
TIME_EXE = 384 sec
>>> cmsRun wrote 50 lines of stdout+stderr
>>> START OF printout of 50 lines from stdout+stderr
271 DQMStore::DQMStore 
HcalTopologyIdealEP::HcalTopologyIdealEP
17-Jun-2014 23:22:54 CEST  Initiating request to open file file:/lustre/cms//store/user/calabria/calabria_SingleMuPt100_GEN-SIM-DIGI-RECO_CMSSW_6_2_0_SLHC12_2023Scenario_Case2/calabria_SingleMuPt100_GEN-SIM-DIGI-RECO_CMSSW_6_2_0_SLHC12_2023Scenario_Case2/7828650cf335f3b092f375624d26bb6d/out_reco_407_2_jTx.root
17-Jun-2014 23:22:59 CEST  Successfully opened file file:/lustre/cms//store/user/calabria/calabria_SingleMuPt100_GEN-SIM-DIGI-RECO_CMSSW_6_2_0_SLHC12_2023Scenario_Case2/calabria_SingleMuPt100_GEN-SIM-DIGI-RECO_CMSSW_6_2_0_SLHC12_2023Scenario_Case2/7828650cf335f3b092f375624d26bb6d/out_reco_407_2_jTx.root
17-Jun-2014 23:23:36 CEST  Closed file file:/lustre/cms//store/user/calabria/calabria_SingleMuPt100_GEN-SIM-DIGI-RECO_CMSSW_6_2_0_SLHC12_2023Scenario_Case2/calabria_SingleMuPt100_GEN-SIM-DIGI-RECO_CMSSW_6_2_0_SLHC12_2023Scenario_Case2/7828650cf335f3b092f375624d26bb6d/out_reco_407_2_jTx.root
17-Jun-2014 23:23:36 CEST  Initiating request to open file file:/lustre/cms//store/user/calabria/calabria_SingleMuPt100_GEN-SIM-DIGI-RECO_CMSSW_6_2_0_SLHC12_2023Scenario_Case2/calabria_SingleMuPt100_GEN-SIM-DIGI-RECO_CMSSW_6_2_0_SLHC12_2023Scenario_Case2/7828650cf335f3b092f375624d26bb6d/out_reco_408_2_7Af.root
17-Jun-2014 23:23:36 CEST  Successfully opened file file:/lustre/cms//store/user/calabria/calabria_SingleMuPt100_GEN-SIM-DIGI-RECO_CMSSW_6_2_0_SLHC12_2023Scenario_Case2/calabria_SingleMuPt100_GEN-SIM-DIGI-RECO_CMSSW_6_2_0_SLHC12_2023Scenario_Case2/7828650cf335f3b092f375624d26bb6d/out_reco_408_2_7Af.root
17-Jun-2014 23:24:10 CEST  Closed file file:/lustre/cms//store/user/calabria/calabria_SingleMuPt100_GEN-SIM-DIGI-RECO_CMSSW_6_2_0_SLHC12_2023Scenario_Case2/calabria_SingleMuPt100_GEN-SIM-DIGI-RECO_CMSSW_6_2_0_SLHC12_2023Scenario_Case2/7828650cf335f3b092f375624d26bb6d/out_reco_408_2_7Af.root
17-Jun-2014 23:24:10 CEST  Initiating request to open file file:/lustre/cms//store/user/calabria/calabria_SingleMuPt100_GEN-SIM-DIGI-RECO_CMSSW_6_2_0_SLHC12_2023Scenario_Case2/calabria_SingleMuPt100_GEN-SIM-DIGI-RECO_CMSSW_6_2_0_SLHC12_2023Scenario_Case2/7828650cf335f3b092f375624d26bb6d/out_reco_411_2_zj5.root
17-Jun-2014 23:24:10 CEST  Successfully opened file file:/lustre/cms//store/user/calabria/calabria_SingleMuPt100_GEN-SIM-DIGI-RECO_CMSSW_6_2_0_SLHC12_2023Scenario_Case2/calabria_SingleMuPt100_GEN-SIM-DIGI-RECO_CMSSW_6_2_0_SLHC12_2023Scenario_Case2/7828650cf335f3b092f375624d26bb6d/out_reco_411_2_zj5.root
17-Jun-2014 23:24:45 CEST  Closed file file:/lustre/cms//store/user/calabria/calabria_SingleMuPt100_GEN-SIM-DIGI-RECO_CMSSW_6_2_0_SLHC12_2023Scenario_Case2/calabria_SingleMuPt100_GEN-SIM-DIGI-RECO_CMSSW_6_2_0_SLHC12_2023Scenario_Case2/7828650cf335f3b092f375624d26bb6d/out_reco_411_2_zj5.root
17-Jun-2014 23:24:45 CEST  Initiating request to open file file:/lustre/cms//store/user/calabria/calabria_SingleMuPt100_GEN-SIM-DIGI-RECO_CMSSW_6_2_0_SLHC12_2023Scenario_Case2/calabria_SingleMuPt100_GEN-SIM-DIGI-RECO_CMSSW_6_2_0_SLHC12_2023Scenario_Case2/7828650cf335f3b092f375624d26bb6d/out_reco_412_1_0AS.root
17-Jun-2014 23:24:45 CEST  Successfully opened file file:/lustre/cms//store/user/calabria/calabria_SingleMuPt100_GEN-SIM-DIGI-RECO_CMSSW_6_2_0_SLHC12_2023Scenario_Case2/calabria_SingleMuPt100_GEN-SIM-DIGI-RECO_CMSSW_6_2_0_SLHC12_2023Scenario_Case2/7828650cf335f3b092f375624d26bb6d/out_reco_412_1_0AS.root
17-Jun-2014 23:25:19 CEST  Closed file file:/lustre/cms//store/user/calabria/calabria_SingleMuPt100_GEN-SIM-DIGI-RECO_CMSSW_6_2_0_SLHC12_2023Scenario_Case2/calabria_SingleMuPt100_GEN-SIM-DIGI-RECO_CMSSW_6_2_0_SLHC12_2023Scenario_Case2/7828650cf335f3b092f375624d26bb6d/out_reco_412_1_0AS.root
17-Jun-2014 23:25:19 CEST  Initiating request to open file file:/lustre/cms//store/user/calabria/calabria_SingleMuPt100_GEN-SIM-DIGI-RECO_CMSSW_6_2_0_SLHC12_2023Scenario_Case2/calabria_SingleMuPt100_GEN-SIM-DIGI-RECO_CMSSW_6_2_0_SLHC12_2023Scenario_Case2/7828650cf335f3b092f375624d26bb6d/out_reco_413_2_vN4.root
17-Jun-2014 23:25:19 CEST  Successfully opened file file:/lustre/cms//store/user/calabria/calabria_SingleMuPt100_GEN-SIM-DIGI-RECO_CMSSW_6_2_0_SLHC12_2023Scenario_Case2/calabria_SingleMuPt100_GEN-SIM-DIGI-RECO_CMSSW_6_2_0_SLHC12_2023Scenario_Case2/7828650cf335f3b092f375624d26bb6d/out_reco_413_2_vN4.root
17-Jun-2014 23:25:53 CEST  Closed file file:/lustre/cms//store/user/calabria/calabria_SingleMuPt100_GEN-SIM-DIGI-RECO_CMSSW_6_2_0_SLHC12_2023Scenario_Case2/calabria_SingleMuPt100_GEN-SIM-DIGI-RECO_CMSSW_6_2_0_SLHC12_2023Scenario_Case2/7828650cf335f3b092f375624d26bb6d/out_reco_413_2_vN4.root
17-Jun-2014 23:25:53 CEST  Initiating request to open file file:/lustre/cms//store/user/calabria/calabria_SingleMuPt100_GEN-SIM-DIGI-RECO_CMSSW_6_2_0_SLHC12_2023Scenario_Case2/calabria_SingleMuPt100_GEN-SIM-DIGI-RECO_CMSSW_6_2_0_SLHC12_2023Scenario_Case2/7828650cf335f3b092f375624d26bb6d/out_reco_414_1_w4w.root
17-Jun-2014 23:25:53 CEST  Successfully opened file file:/lustre/cms//store/user/calabria/calabria_SingleMuPt100_GEN-SIM-DIGI-RECO_CMSSW_6_2_0_SLHC12_2023Scenario_Case2/calabria_SingleMuPt100_GEN-SIM-DIGI-RECO_CMSSW_6_2_0_SLHC12_2023Scenario_Case2/7828650cf335f3b092f375624d26bb6d/out_reco_414_1_w4w.root
17-Jun-2014 23:26:28 CEST  Closed file file:/lustre/cms//store/user/calabria/calabria_SingleMuPt100_GEN-SIM-DIGI-RECO_CMSSW_6_2_0_SLHC12_2023Scenario_Case2/calabria_SingleMuPt100_GEN-SIM-DIGI-RECO_CMSSW_6_2_0_SLHC12_2023Scenario_Case2/7828650cf335f3b092f375624d26bb6d/out_reco_414_1_w4w.root
17-Jun-2014 23:26:28 CEST  Initiating request to open file file:/lustre/cms//store/user/calabria/calabria_SingleMuPt100_GEN-SIM-DIGI-RECO_CMSSW_6_2_0_SLHC12_2023Scenario_Case2/calabria_SingleMuPt100_GEN-SIM-DIGI-RECO_CMSSW_6_2_0_SLHC12_2023Scenario_Case2/7828650cf335f3b092f375624d26bb6d/out_reco_415_2_02N.root
17-Jun-2014 23:26:28 CEST  Successfully opened file file:/lustre/cms//store/user/calabria/calabria_SingleMuPt100_GEN-SIM-DIGI-RECO_CMSSW_6_2_0_SLHC12_2023Scenario_Case2/calabria_SingleMuPt100_GEN-SIM-DIGI-RECO_CMSSW_6_2_0_SLHC12_2023Scenario_Case2/7828650cf335f3b092f375624d26bb6d/out_reco_415_2_02N.root
17-Jun-2014 23:27:02 CEST  Closed file file:/lustre/cms//store/user/calabria/calabria_SingleMuPt100_GEN-SIM-DIGI-RECO_CMSSW_6_2_0_SLHC12_2023Scenario_Case2/calabria_SingleMuPt100_GEN-SIM-DIGI-RECO_CMSSW_6_2_0_SLHC12_2023Scenario_Case2/7828650cf335f3b092f375624d26bb6d/out_reco_415_2_02N.root
17-Jun-2014 23:27:02 CEST  Initiating request to open file file:/lustre/cms//store/user/calabria/calabria_SingleMuPt100_GEN-SIM-DIGI-RECO_CMSSW_6_2_0_SLHC12_2023Scenario_Case2/calabria_SingleMuPt100_GEN-SIM-DIGI-RECO_CMSSW_6_2_0_SLHC12_2023Scenario_Case2/7828650cf335f3b092f375624d26bb6d/out_reco_416_2_kJJ.root
17-Jun-2014 23:27:02 CEST  Successfully opened file file:/lustre/cms//store/user/calabria/calabria_SingleMuPt100_GEN-SIM-DIGI-RECO_CMSSW_6_2_0_SLHC12_2023Scenario_Case2/calabria_SingleMuPt100_GEN-SIM-DIGI-RECO_CMSSW_6_2_0_SLHC12_2023Scenario_Case2/7828650cf335f3b092f375624d26bb6d/out_reco_416_2_kJJ.root
17-Jun-2014 23:27:40 CEST  Closed file file:/lustre/cms//store/user/calabria/calabria_SingleMuPt100_GEN-SIM-DIGI-RECO_CMSSW_6_2_0_SLHC12_2023Scenario_Case2/calabria_SingleMuPt100_GEN-SIM-DIGI-RECO_CMSSW_6_2_0_SLHC12_2023Scenario_Case2/7828650cf335f3b092f375624d26bb6d/out_reco_416_2_kJJ.root
17-Jun-2014 23:27:40 CEST  Initiating request to open file file:/lustre/cms//store/user/calabria/calabria_SingleMuPt100_GEN-SIM-DIGI-RECO_CMSSW_6_2_0_SLHC12_2023Scenario_Case2/calabria_SingleMuPt100_GEN-SIM-DIGI-RECO_CMSSW_6_2_0_SLHC12_2023Scenario_Case2/7828650cf335f3b092f375624d26bb6d/out_reco_417_1_kdR.root
17-Jun-2014 23:27:40 CEST  Successfully opened file file:/lustre/cms//store/user/calabria/calabria_SingleMuPt100_GEN-SIM-DIGI-RECO_CMSSW_6_2_0_SLHC12_2023Scenario_Case2/calabria_SingleMuPt100_GEN-SIM-DIGI-RECO_CMSSW_6_2_0_SLHC12_2023Scenario_Case2/7828650cf335f3b092f375624d26bb6d/out_reco_417_1_kdR.root
17-Jun-2014 23:28:15 CEST  Closed file file:/lustre/cms//store/user/calabria/calabria_SingleMuPt100_GEN-SIM-DIGI-RECO_CMSSW_6_2_0_SLHC12_2023Scenario_Case2/calabria_SingleMuPt100_GEN-SIM-DIGI-RECO_CMSSW_6_2_0_SLHC12_2023Scenario_Case2/7828650cf335f3b092f375624d26bb6d/out_reco_417_1_kdR.root
17-Jun-2014 23:28:15 CEST  Initiating request to open file file:/lustre/cms//store/user/calabria/calabria_SingleMuPt100_GEN-SIM-DIGI-RECO_CMSSW_6_2_0_SLHC12_2023Scenario_Case2/calabria_SingleMuPt100_GEN-SIM-DIGI-RECO_CMSSW_6_2_0_SLHC12_2023Scenario_Case2/7828650cf335f3b092f375624d26bb6d/out_reco_418_2_yo7.root
17-Jun-2014 23:28:15 CEST  Successfully opened file file:/lustre/cms//store/user/calabria/calabria_SingleMuPt100_GEN-SIM-DIGI-RECO_CMSSW_6_2_0_SLHC12_2023Scenario_Case2/calabria_SingleMuPt100_GEN-SIM-DIGI-RECO_CMSSW_6_2_0_SLHC12_2023Scenario_Case2/7828650cf335f3b092f375624d26bb6d/out_reco_418_2_yo7.root
17-Jun-2014 23:28:58 CEST  Closed file file:/lustre/cms//store/user/calabria/calabria_SingleMuPt100_GEN-SIM-DIGI-RECO_CMSSW_6_2_0_SLHC12_2023Scenario_Case2/calabria_SingleMuPt100_GEN-SIM-DIGI-RECO_CMSSW_6_2_0_SLHC12_2023Scenario_Case2/7828650cf335f3b092f375624d26bb6d/out_reco_418_2_yo7.root

=============================================

MessageLogger Summary

 type     category        sev    module        subroutine        count    total
 ---- -------------------- -- ---------------- ----------------  -----    -----
    1 fileAction           -s file_close                            10       10
    2 fileAction           -s file_open                             20       20

 type    category    Examples: run/evt        run/evt          run/evt
 ---- -------------------- ---------------- ---------------- ----------------
    1 fileAction           PostProcessEvent PostProcessEvent PostEndRun
    2 fileAction           pre-events       pre-events       PostProcessEvent

Severity    # Occurrences   Total Occurrences
--------    -------------   -----------------
System                 30                  30
>>> END OF printout of 50 lines from stdout+stderr
>>> Parse FrameworkJobReport crab_fjr.xml
Result of parsing the FrameworkJobReport crab_fjr.xml: Popularity start
lumisRange : 1::::1;1::::2;1::::3;1::::4;1::::5;1::::6;1::::7;1::::8;1::::9;1::::10;
lumisParentRange : 
Basename : /store/user/calabria/calabria_SingleMuPt100_GEN-SIM-DIGI-RECO_CMSSW_6_2_0_SLHC12_2023Scenario_Case2/calabria_SingleMuPt100_GEN-SIM-DIGI-RECO_CMSSW_6_2_0_SLHC12_2023Scenario_Case2/7828650cf335f3b092f375624d26bb6d/out_reco_4
BasenameParent : 
parentFiles : 
inputBlocks : /calabria_SingleMuPt100_GEN-SIM-DIGI-RECO_CMSSW_6_2_0_SLHC12_2023Scenario_Case2/calabria-calabria_SingleMuPt100_GEN-SIM-DIGI-RECO_CMSSW_6_2_0_SLHC12_2023Scenario_Case2-7828650cf335f3b092f375624d26bb6d/USER#2d7de4e5-09dd-42eb-b6de-f77f2b1f3424
inputFiles : 18_2_yo7.root::1::EDM::Local::1;12_1_0AS.root::1::EDM::Local::2;17_1_kdR.root::1::EDM::Local::3;16_2_kJJ.root::1::EDM::Local::4;08_2_7Af.root::1::EDM::Local::5;11_2_zj5.root::1::EDM::Local::6;13_2_vN4.root::1::EDM::Local::7;15_2_02N.root::1::EDM::Local::8;14_1_w4w.root::1::EDM::Local::9;07_2_jTx.root::1::EDM::Local::10;
Popularity stop
Extracted ExitStatus from FrameworkJobReport parsing output: 0
>>> Executable succeded  0
ExeExitCode=0
EXECUTABLE_EXIT_STATUS = 0
>>> current directory /home/cms037/home_cream_438765322/CREAM438765322/glide_RBVWek/execute/dir_19427/CMSSW_6_2_0_SLHC12
>>>  (SOFTWARE_DIR): /home/cms037/home_cream_438765322/CREAM438765322/glide_RBVWek/execute/dir_19427/CMSSW_6_2_0_SLHC12
>>> (WORKING_DIR): 
>>> current directory content:
total 10684
drwxr-xr-x 3 cms037 cms    4096 Jun 17 23:22 .SCRAM
-rw------- 1 cms037 cms 3740425 Jun 17 23:22 CMSSW.py.pkl
drwxr-xr-x 3 cms037 cms    4096 Jun 17 23:22 bin
drwxr-xr-x 3 cms037 cms    4096 Jun 17 23:22 cfipython
drwxr-xr-x 4 cms037 cms    4096 Jun 17 23:22 config
-rw------- 1 cms037 cms      16 Jun 17 23:28 cpu_timing.txt
drwxr-xr-x 2 cms037 cms    4096 Jun 17 23:22 doc
-rw------- 1 cms037 cms    9985 Jun 17 23:28 executable.out
drwxr-xr-x 2 cms037 cms    4096 Jun 17 23:22 include
drwx------ 3 cms037 cms    4096 Apr 28 18:12 lib
drwxr-xr-x 3 cms037 cms    4096 Jun 17 23:22 logs
drwxr-xr-x 3 cms037 cms    4096 Jun 17 23:22 objs
-rw------- 1 cms037 cms     104 Jun 17 23:22 pset.py
-rw------- 1 cms037 cms 3712331 Jun 17 23:22 pset.py.pkl
-rw------- 1 cms037 cms     289 Jun 17 23:22 pset.pyc
drwxr-xr-x 2 cms037 cms    4096 Jun 17 23:22 python
-rw------- 1 cms037 cms     395 Jun 17 23:28 report.log
drwx------ 6 cms037 cms    4096 Jun 17 23:22 src
drwxr-xr-x 3 cms037 cms    4096 Jun 17 23:22 test
drwxr-xr-x 3 cms037 cms    4096 Jun 17 23:22 tmp
-rw------- 1 cms037 cms 3383698 Jun 17 23:28 validationEDM.root
>>> current directory /home/cms037/home_cream_438765322/CREAM438765322/glide_RBVWek/execute/dir_19427/CMSSW_6_2_0_SLHC12
>>> (SOFTWARE_DIR): /home/cms037/home_cream_438765322/CREAM438765322/glide_RBVWek/execute/dir_19427/CMSSW_6_2_0_SLHC12
>>> (WORKING_DIR): 
>>> current directory content:
total 10684
drwxr-xr-x 3 cms037 cms    4096 Jun 17 23:22 .SCRAM
-rw------- 1 cms037 cms 3740425 Jun 17 23:22 CMSSW.py.pkl
drwxr-xr-x 3 cms037 cms    4096 Jun 17 23:22 bin
drwxr-xr-x 3 cms037 cms    4096 Jun 17 23:22 cfipython
drwxr-xr-x 4 cms037 cms    4096 Jun 17 23:22 config
-rw------- 1 cms037 cms      16 Jun 17 23:28 cpu_timing.txt
drwxr-xr-x 2 cms037 cms    4096 Jun 17 23:22 doc
-rw------- 1 cms037 cms    9985 Jun 17 23:28 executable.out
drwxr-xr-x 2 cms037 cms    4096 Jun 17 23:22 include
drwx------ 3 cms037 cms    4096 Apr 28 18:12 lib
drwxr-xr-x 3 cms037 cms    4096 Jun 17 23:22 logs
drwxr-xr-x 3 cms037 cms    4096 Jun 17 23:22 objs
-rw------- 1 cms037 cms     104 Jun 17 23:22 pset.py
-rw------- 1 cms037 cms 3712331 Jun 17 23:22 pset.py.pkl
-rw------- 1 cms037 cms     289 Jun 17 23:22 pset.pyc
drwxr-xr-x 2 cms037 cms    4096 Jun 17 23:22 python
-rw------- 1 cms037 cms     395 Jun 17 23:28 report.log
drwx------ 6 cms037 cms    4096 Jun 17 23:22 src
drwxr-xr-x 3 cms037 cms    4096 Jun 17 23:22 test
drwxr-xr-x 3 cms037 cms    4096 Jun 17 23:22 tmp
-rw------- 1 cms037 cms 3383698 Jun 17 23:28 validationEDM_1_1_Glk.root
>>> current directory (RUNTIME_AREA):  /home/cms037/home_cream_438765322/CREAM438765322/glide_RBVWek/execute/dir_19427
SE = storm-se-01.ba.infn.it
SE_PATH = /srm/managerv2?SFN=//cms/store/user/calabria/calabria_SingleMuPt100_GEN-SIM-DIGI-RECO_CMSSW_6_2_0_SLHC12_2023Scenario_Case2/calabria_MuMinus100_GEN-SIM-DIGI-RECO_CMSSW_6_2_0_SLHC12_2023Scenario_VALNOPU2_Case2/5854dd31cbd3cdec44c48628cc181cf0/
LFNBaseName = /store/user/calabria/calabria_SingleMuPt100_GEN-SIM-DIGI-RECO_CMSSW_6_2_0_SLHC12_2023Scenario_Case2/calabria_MuMinus100_GEN-SIM-DIGI-RECO_CMSSW_6_2_0_SLHC12_2023Scenario_VALNOPU2_Case2/5854dd31cbd3cdec44c48628cc181cf0/
USER = calabria
endpoint = srm://storm-se-01.ba.infn.it:8444/srm/managerv2?SFN=//cms/store/user/calabria/calabria_SingleMuPt100_GEN-SIM-DIGI-RECO_CMSSW_6_2_0_SLHC12_2023Scenario_Case2/calabria_MuMinus100_GEN-SIM-DIGI-RECO_CMSSW_6_2_0_SLHC12_2023Scenario_VALNOPU2_Case2/5854dd31cbd3cdec44c48628cc181cf0/
>>> Copy output files from WN = pccms118.ba.infn.it to /srm/managerv2?SFN=//cms/store/user/calabria/calabria_SingleMuPt100_GEN-SIM-DIGI-RECO_CMSSW_6_2_0_SLHC12_2023Scenario_Case2/calabria_MuMinus100_GEN-SIM-DIGI-RECO_CMSSW_6_2_0_SLHC12_2023Scenario_VALNOPU2_Case2/5854dd31cbd3cdec44c48628cc181cf0/ :
python cmscp.py  --destination srm://storm-se-01.ba.infn.it:8444/srm/managerv2?SFN=//cms/store/user/calabria/calabria_SingleMuPt100_GEN-SIM-DIGI-RECO_CMSSW_6_2_0_SLHC12_2023Scenario_Case2/calabria_MuMinus100_GEN-SIM-DIGI-RECO_CMSSW_6_2_0_SLHC12_2023Scenario_VALNOPU2_Case2/5854dd31cbd3cdec44c48628cc181cf0/ --inputFileList /home/cms037/home_cream_438765322/CREAM438765322/glide_RBVWek/execute/dir_19427/CMSSW_6_2_0_SLHC12/validationEDM_1_1_Glk.root --middleware LCG --se_name storm-se-01.ba.infn.it --for_lfn /store/user/calabria/calabria_SingleMuPt100_GEN-SIM-DIGI-RECO_CMSSW_6_2_0_SLHC12_2023Scenario_Case2/calabria_MuMinus100_GEN-SIM-DIGI-RECO_CMSSW_6_2_0_SLHC12_2023Scenario_VALNOPU2_Case2/5854dd31cbd3cdec44c48628cc181cf0/    
******************************************************
localSeName  =  storm-se-01.ba.infn.it
remoteSeName =  storm-se-01.ba.infn.it
******************************************************
{"/home/cms037/home_cream_438765322/CREAM438765322/glide_RBVWek/execute/dir_19427/CMSSW_6_2_0_SLHC12/validationEDM_1_1_Glk.root": {"endpoint": "srm://storm-se-01.ba.infn.it:8444/srm/managerv2?SFN=//cms/store/user/calabria/calabria_SingleMuPt100_GEN-SIM-DIGI-RECO_CMSSW_6_2_0_SLHC12_2023Scenario_Case2/calabria_MuMinus100_GEN-SIM-DIGI-RECO_CMSSW_6_2_0_SLHC12_2023Scenario_VALNOPU2_Case2/5854dd31cbd3cdec44c48628cc181cf0/", "surl_for_grid": "", "reason": "Copy succedeed with srm-lcg utils", "erCode": "0", "se_name": "storm-se-01.ba.infn.it", "for_lfn": "/store/user/calabria/calabria_SingleMuPt100_GEN-SIM-DIGI-RECO_CMSSW_6_2_0_SLHC12_2023Scenario_Case2/calabria_MuMinus100_GEN-SIM-DIGI-RECO_CMSSW_6_2_0_SLHC12_2023Scenario_VALNOPU2_Case2/5854dd31cbd3cdec44c48628cc181cf0/"}}/home/cms037/home_cream_438765322/CREAM438765322/glide_RBVWek/execute/dir_19427
-------- cat /home/cms037/home_cream_438765322/CREAM438765322/glide_RBVWek/execute/dir_19427/cmscpReport.sh 
#!/bin/bash
echo "Report for File: /home/cms037/home_cream_438765322/CREAM438765322/glide_RBVWek/execute/dir_19427/CMSSW_6_2_0_SLHC12/validationEDM_1_1_Glk.root"
echo "LFN: /store/user/calabria/calabria_SingleMuPt100_GEN-SIM-DIGI-RECO_CMSSW_6_2_0_SLHC12_2023Scenario_Case2/calabria_MuMinus100_GEN-SIM-DIGI-RECO_CMSSW_6_2_0_SLHC12_2023Scenario_VALNOPU2_Case2/5854dd31cbd3cdec44c48628cc181cf0/validationEDM_1_1_Glk.root"
echo "StorageElement: storm-se-01.ba.infn.it"
echo "StageOutExitStatusReason = 'Copy succedeed with srm-lcg utils'" | tee -a $RUNTIME_AREA/$repo
echo "StageOutSE = storm-se-01.ba.infn.it" >> $RUNTIME_AREA/$repo

export StageOutExitStatus=0
echo "StageOutExitStatus = 0" | tee -a $RUNTIME_AREA/$repo
-------- end of /home/cms037/home_cream_438765322/CREAM438765322/glide_RBVWek/execute/dir_19427/cmscpReport.sh 
Report for File: /home/cms037/home_cream_438765322/CREAM438765322/glide_RBVWek/execute/dir_19427/CMSSW_6_2_0_SLHC12/validationEDM_1_1_Glk.root
LFN: /store/user/calabria/calabria_SingleMuPt100_GEN-SIM-DIGI-RECO_CMSSW_6_2_0_SLHC12_2023Scenario_Case2/calabria_MuMinus100_GEN-SIM-DIGI-RECO_CMSSW_6_2_0_SLHC12_2023Scenario_VALNOPU2_Case2/5854dd31cbd3cdec44c48628cc181cf0/validationEDM_1_1_Glk.root
StorageElement: storm-se-01.ba.infn.it
StageOutExitStatusReason = 'Copy succedeed with srm-lcg utils'
StageOutExitStatus = 0
>>> current dir: /home/cms037/home_cream_438765322/CREAM438765322/glide_RBVWek/execute/dir_19427
>>> current dir content:
total 28080
-rw-------  1 cms037 cms     2784 Jun 17 23:29 .SEinteraction.log
-rwx------  1 cms037 cms     6734 Jun 17 23:22 .job.ad
-rwx------  1 cms037 cms     9424 Jun 17 23:22 .machine.ad
-rw-------  1 cms037 cms      105 Jun 16 20:38 CMSSW.py
-rw-------  1 cms037 cms  3740425 Jun 16 20:38 CMSSW.py.pkl
-rwx------  1 cms037 cms    29569 Jun 17 23:22 CMSSW.sh
drwxr-xr-x 15 cms037 cms     4096 Jun 17 23:29 CMSSW_6_2_0_SLHC12
-rw-------  1 cms037 cms      220 Jun 17 23:22 CacheEnv.sh
-rw-------  1 cms037 cms     7291 Apr  4 11:04 DashboardAPI.py
-rw-------  1 cms037 cms     6815 Jun 17 23:22 DashboardAPI.pyc
drwx------  2 cms037 cms     4096 Jun 17 23:29 IMProv
-rw-------  1 cms037 cms     2748 Apr  4 11:04 Logger.py
-rw-------  1 cms037 cms     3347 Jun 17 23:22 Logger.pyc
-rw-------  1 cms037 cms    24524 Apr  4 11:04 ProcInfo.py
-rw-------  1 cms037 cms    23197 Jun 17 23:22 ProcInfo.pyc
drwx------  7 cms037 cms     4096 Jun 17 23:22 ProdCommon
drwx------  3 cms037 cms     4096 Jun 17 23:22 WMCore
-rw-------  1 cms037 cms     2371 Jun 17 23:29 Watchdog_1.log
-rwx------  1 cms037 cms        0 Jun 17 23:22 _condor_stderr
-rwx---r--  1 cms037 cms    29486 Jun 17 23:29 _condor_stdout
-rw-------  1 cms037 cms    32895 Apr  4 11:04 apmon.py
-rw-------  1 cms037 cms    28625 Jun 17 23:22 apmon.pyc
-rwx------  1 cms037 cms    53840 Jun 17 23:22 arguments.xml
-rwx------  1 cms037 cms    38515 Apr  4 11:04 cmscp.py
-rw-------  1 cms037 cms      718 Jun 17 23:29 cmscpReport.sh
-rwx------  1 cms037 cms    29569 Jun 17 23:22 condor_exec.exe
-rw-------  1 cms037 cms      963 Jun 16 20:38 crab.cfg
-rwx------  1 cms037 cms     8610 Apr  4 11:04 crabWatchdog.sh
-rwx---r--  1 cms037 cms   523346 Jun 17 23:28 crab_fjr_1.xml
-rwx------  1 cms037 cms 23958179 Jun 17 23:22 default.tgz
-rwx------  1 cms037 cms     4488 Apr  4 11:04 fillCrabFjr.py
-rw-------  1 cms037 cms     2651 Jun 17 23:22 inputsReport.txt
-rw-------  1 cms037 cms      256 Jun 17 23:29 jobreport.txt
-rw-------  1 cms037 cms    17352 Apr  4 11:04 parseCrabFjr.py
-rw-------  1 cms037 cms      319 Jun 17 23:22 report.log
-rwx--x--x  1 cms037 cms     1497 Apr  4 11:04 report.py
-rw-------  1 cms037 cms      775 Jun 17 23:29 resultCopyFile
lrwxrwxrwx  1 cms037 cms      125 Jun 17 23:29 validationEDM.root -> /home/cms037/home_cream_438765322/CREAM438765322/glide_RBVWek/execute/dir_19427/CMSSW_6_2_0_SLHC12/validationEDM_1_1_Glk.root
-rwx------  1 cms037 cms     8387 Apr  4 11:04 writeCfg.py
-rw-------  1 cms037 cms     8010 Jun 17 23:22 x509up_u50707
>>> Modify Job Report:
CMSSW_VERSION = CMSSW_6_2_0_SLHC12
ProcessedDataset = calabria_MuMinus100_GEN-SIM-DIGI-RECO_CMSSW_6_2_0_SLHC12_2023Scenario_VALNOPU2_Case2
/home/cms037/home_cream_438765322/CREAM438765322/glide_RBVWek/execute/dir_19427/ProdCommon/FwkJobRep/ModifyJobReport.py fjr /home/cms037/home_cream_438765322/CREAM438765322/glide_RBVWek/execute/dir_19427/crab_fjr_1.xml json /home/cms037/home_cream_438765322/CREAM438765322/glide_RBVWek/execute/dir_19427/resultCopyFile n_job 1_1_Glk PrimaryDataset calabria_SingleMuPt100_GEN-SIM-DIGI-RECO_CMSSW_6_2_0_SLHC12_2023Scenario_Case2  ApplicationFamily cmsRun ApplicationName cmsRun cmssw_version CMSSW_6_2_0_SLHC12 psethash 5854dd31cbd3cdec44c48628cc181cf0 UserProcessedDataset calabria-calabria_MuMinus100_GEN-SIM-DIGI-RECO_CMSSW_6_2_0_SLHC12_2023Scenario_VALNOPU2_Case2-5854dd31cbd3cdec44c48628cc181cf0
inputDict =  {u'/home/cms037/home_cream_438765322/CREAM438765322/glide_RBVWek/execute/dir_19427/CMSSW_6_2_0_SLHC12/validationEDM_1_1_Glk.root': {u'endpoint': u'srm://storm-se-01.ba.infn.it:8444/srm/managerv2?SFN=//cms/store/user/calabria/calabria_SingleMuPt100_GEN-SIM-DIGI-RECO_CMSSW_6_2_0_SLHC12_2023Scenario_Case2/calabria_MuMinus100_GEN-SIM-DIGI-RECO_CMSSW_6_2_0_SLHC12_2023Scenario_VALNOPU2_Case2/5854dd31cbd3cdec44c48628cc181cf0/', u'surl_for_grid': u'', u'reason': u'Copy succedeed with srm-lcg utils', u'erCode': u'0', u'se_name': u'storm-se-01.ba.infn.it', u'for_lfn': u'/store/user/calabria/calabria_SingleMuPt100_GEN-SIM-DIGI-RECO_CMSSW_6_2_0_SLHC12_2023Scenario_Case2/calabria_MuMinus100_GEN-SIM-DIGI-RECO_CMSSW_6_2_0_SLHC12_2023Scenario_VALNOPU2_Case2/5854dd31cbd3cdec44c48628cc181cf0/'}}
UserProcessedDataset =  calabria-calabria_MuMinus100_GEN-SIM-DIGI-RECO_CMSSW_6_2_0_SLHC12_2023Scenario_VALNOPU2_Case2-5854dd31cbd3cdec44c48628cc181cf0
file_name in inputDict =  /home/cms037/home_cream_438765322/CREAM438765322/glide_RBVWek/execute/dir_19427/CMSSW_6_2_0_SLHC12/validationEDM_1_1_Glk.root
(size) os.stat(filename)[6] =  3383698
checksum =  3025635626
    file =  validationEDM_1_1_Glk.root
    newPfn =  srm://storm-se-01.ba.infn.it:8444/srm/managerv2?SFN=//cms/store/user/calabria/calabria_SingleMuPt100_GEN-SIM-DIGI-RECO_CMSSW_6_2_0_SLHC12_2023Scenario_Case2/calabria_MuMinus100_GEN-SIM-DIGI-RECO_CMSSW_6_2_0_SLHC12_2023Scenario_VALNOPU2_Case2/5854dd31cbd3cdec44c48628cc181cf0/validationEDM_1_1_Glk.root
    newLfn =  /store/user/calabria/calabria_SingleMuPt100_GEN-SIM-DIGI-RECO_CMSSW_6_2_0_SLHC12_2023Scenario_Case2/calabria_MuMinus100_GEN-SIM-DIGI-RECO_CMSSW_6_2_0_SLHC12_2023Scenario_VALNOPU2_Case2/5854dd31cbd3cdec44c48628cc181cf0/validationEDM_1_1_Glk.root
>>> crab_fjr_*.xml  permission set to 0704
CrabWrapper EXIT_FUNC entered at Tue Jun 17 23:29:54 CEST 2014   -  Tue Jun 17 21:29:54 UTC 2014
Checking output files:  
will tar file crab_fjr_1.xml in  out_files_1
WARNING: output file CMSSW_1.stdout not found!
WARNING: output file CMSSW_1.stderr not found!
WARNING: output file Watchdog_1.log.gz not found!
>>> padding time: Sleeping the wrapper for 130 seconds
STOPPING WATCHDOG. CrabWatchdog PID is 20306
********** LAST 50 LINES OF WATCHDOG LOG
# RESOURCE USAGE SUMMARY FOR PROCESS ID 19432
USER       PID %CPU %MEM    VSZ   RSS TTY      STAT START   TIME COMMAND
cms037   19432  0.2  0.0   9496  1592 ?        S    23:22   0:00 /bin/sh /home/cms037/home_cream_438765322/CREAM438765322/glide_RBVWek/execute/dir_19427/condor_exec.exe 1 1
 
# LIMITS USED BY CRAB WATCHDOG:
# RSS  (KBytes)   : 2300000
# VSZ  (KBytes)   : 100000000
# DISK (MBytes)   : 19000
# CPU TIME        : 720h:0m:0s
# WALL CLOCK TIME : 21h:50m:0s
 
# FOLLOWING PRINTOUT TRACKS MAXIMUM VALUES OF RESOURCES USE
# ONE LINE IS PRINTED EACH TIME A MAXIMUM CHANGES
# IF CHANGE WAS IN RSS OR VSZ ALSO PROCID AND COMMAND ARE PRINTED
# THERE IS NO PRINTOUT FOR CPU/WALL TIME INCREASE
 
# TIME			PID	RSS(KB)	VSZ(KB)	Dsk(MB)	tCPU(s)	tWALL(s)	COMMAND
 Jun 17 23:22:13 CEST	10001	1396	9364	0	0	0	/bin/bash /home/cms037/home_cream_438765322/CREAM438765322/glide_RBVWek/main/condor_startup.sh glidein_config        
 Jun 17 23:22:13 CEST	12146	8016	93340	0	0	1	/home/cms037/home_cream_438765322/CREAM438765322/glide_RBVWek/main/condor/sbin/condor_master -f -pidfile /home/cms037/home_cream_438765322/CREAM438765322/glide_RBVWek/condor_master2.pid       
 Jun 17 23:22:13 CEST	12150	8712	93780	0	1	1	condor_startd -f         
 Jun 17 23:22:13 CEST	20328	61988	125712	0	2	3	edmConfigHash pset.py         
 Jun 17 23:22:13 CEST	---	61988	125712	171	----	----	----
 Jun 17 23:23:17 CEST	20759	769004	980112	171	36	67	cmsRun -j /home/cms037/home_cream_438765322/CREAM438765322/glide_RBVWek/execute/dir_19427/crab_fjr_1.xml -p pset.py      
 Jun 17 23:23:17 CEST	---	769004	980112	175	----	----	----
 Jun 17 23:24:21 CEST	20759	795440	1005652	175	90	131	cmsRun -j /home/cms037/home_cream_438765322/CREAM438765322/glide_RBVWek/execute/dir_19427/crab_fjr_1.xml -p pset.py      
 Jun 17 23:25:24 CEST	20759	795440	1014100	175	142	194	cmsRun -j /home/cms037/home_cream_438765322/CREAM438765322/glide_RBVWek/execute/dir_19427/crab_fjr_1.xml -p pset.py      
 Jun 17 23:27:30 CEST	20759	803628	1023060	175	249	320	cmsRun -j /home/cms037/home_cream_438765322/CREAM438765322/glide_RBVWek/execute/dir_19427/crab_fjr_1.xml -p pset.py      
 Jun 17 23:28:33 CEST	20759	810500	1032532	175	302	383	cmsRun -j /home/cms037/home_cream_438765322/CREAM438765322/glide_RBVWek/execute/dir_19427/crab_fjr_1.xml -p pset.py      
 Jun 17 23:29:37 CEST	---	810500	1032532	179	----	----	----
********** WATCHDOG LOG ENDED
ZIPPING WATCHDOG LOG
Disk space used:
du -sh /home/cms037/home_cream_438765322/CREAM438765322/glide_RBVWek/execute/dir_19427
179M	/home/cms037/home_cream_438765322/CREAM438765322/glide_RBVWek/execute/dir_19427
Found unusual stdout, rename for OSB
`/home/cms037/home_cream_438765322/CREAM438765322/glide_RBVWek/execute/dir_19427/_condor_stdout' -> `CMSSW_1.stdout'
Found unusual stderr, rename for OSB
`/home/cms037/home_cream_438765322/CREAM438765322/glide_RBVWek/execute/dir_19427/_condor_stdout' -> `CMSSW_1.stderr'
crab_fjr_1.xml
CMSSW_1.stdout
CMSSW_1.stderr
Watchdog_1.log.gz
Total Output dimension: 69514
WARNING: output files size limit is set to: 50000000
Total Output dimension 69514 is fine.
JOB_EXIT_STATUS = 0
>>> info for dashboard:
***** Cat /home/cms037/home_cream_438765322/CREAM438765322/glide_RBVWek/execute/dir_19427/jobreport.txt *****
MonitorJobID=1_https://vocms20.cern.ch//140616//1841014.0
MonitorID=calabria_MuMinus100_Case2_ReReco_wu9c43
ExeTime=384
ExeExitCode=0
StageOutExitStatusReason = 'Copy succedeed with srm-lcg utils'
StageOutSE = storm-se-01.ba.infn.it
StageOutExitStatus = 0
CrabUserCpuTime=316.70
CrabSysCpuTime=7.43
CrabCpuPercentage=84%
CrabWrapperTime=600
CrabStageoutTime=49
JobExitCode=0
***** End Cat jobreport *****
Parameters sent to Dashboard.
EXITING at Tue Jun 17 23:32:12 CEST 2014  -  Tue Jun 17 21:32:12 UTC 2014
