This script was generated by crab (version 2.10.5_patch1).
Running /home/cms011/home_cream_385783269/CREAM385783269/glide_O8SL0x/execute/dir_30867/condor_exec.exe with 2 positional parameters: 19 1
Today is Wed Jun 18 00:14:37 CEST 2014 - Tue Jun 17 22:14:37 UTC 2014
Job submitted on host alicegrid58.ba.infn.it
Linux alicegrid58.ba.infn.it 2.6.32-358.23.2.el6.x86_64 #1 SMP Thu Oct 17 10:27:22 CEST 2013 x86_64 x86_64 x86_64 GNU/Linux
>>> current directory (RUNTIME_AREA): /home/cms011/home_cream_385783269/CREAM385783269/glide_O8SL0x/execute/dir_30867
>>> current user: uid=11720(cms011) gid=1399(cms) groups=1399(cms)
>>> directory permission set to 0700
>>> umask set to:  u=rwx,g=,o=
>>> stdout stderr permission set to 0704
>>> voms proxy information:
subject   : /C=IT/O=INFN/OU=Personal Certificate/L=Bari/CN=Cesare Calabria/CN=477126703/CN=1163332968
issuer    : /C=IT/O=INFN/OU=Personal Certificate/L=Bari/CN=Cesare Calabria/CN=477126703
identity  : /C=IT/O=INFN/OU=Personal Certificate/L=Bari/CN=Cesare Calabria
type      : RFC3820 compliant limited proxy
strength  : 1024
path      : /home/cms011/home_cream_385783269/CREAM385783269/glide_O8SL0x/execute/dir_30867/x509up_u50707
timeleft  : 23:59:57
key usage : Digital Signature, Key Encipherment, Data Encipherment
=== VO cms extension information ===
VO        : cms
subject   : /C=IT/O=INFN/OU=Personal Certificate/L=Bari/CN=Cesare Calabria
issuer    : /DC=ch/DC=cern/OU=computers/CN=voms.cern.ch
attribute : /cms/Role=NULL/Capability=NULL
attribute : /cms/itcms/Role=NULL/Capability=NULL
timeleft  : 155:09:42
uri       : voms.cern.ch:15002

WNHostName=alicegrid58.ba.infn.it
>>> tar --no-same-permissions -xf /home/cms011/home_cream_385783269/CREAM385783269/glide_O8SL0x/execute/dir_30867/default.tgz :
Successful untar
>>> Include /home/cms011/home_cream_385783269/CREAM385783269/glide_O8SL0x/execute/dir_30867 in PYTHONPATH:
strip arguments
env var CRAB_UNIQUE_JOB_ID set to: calabria_MuMinus100_Case2_ReReco_wu9c43_19_1_AtW
out_files_19
>>> list of expected files on output sandbox
output files: crab_fjr_19.xml CMSSW_19.stdout CMSSW_19.stderr Watchdog_19.log.gz
>>> GridFlavour discovery: 
GridFlavour=LCG
>>> SyncSite discovery: 
SyncSite=T2_IT_Bari
>>> SyncCE discovery: 
getting SyncCE from CE_ID
SyncCE=cream-ce-2.ba.infn.it:8443/cream-pbs-cms
>>> info for dashboard:
***** Cat /home/cms011/home_cream_385783269/CREAM385783269/glide_O8SL0x/execute/dir_30867/jobreport.txt *****
WNHostName=alicegrid58.ba.infn.it
MonitorJobID=19_https://vocms20.cern.ch//140616//1841014.18
SyncGridJobId=https://vocms20.cern.ch//140616//1841014.18
MonitorID=calabria_MuMinus100_Case2_ReReco_wu9c43
GridFlavour=LCG
SyncSite=T2_IT_Bari
SyncCE=cream-ce-2.ba.infn.it:8443/cream-pbs-cms
***** End Cat jobreport *****
Parameters sent to Dashboard.
>>> setup environment
set SCRAM ARCH to slc5_amd64_gcc472
SCRAM_ARCH = slc5_amd64_gcc472
>>> setup CMS LCG environment:
set SCRAM ARCH and BUILD_ARCH to slc5_amd64_gcc472 ###
Sourcing environment... 
sourcing /cvmfs/cms.cern.ch/cmsset_default.sh
==> setup cms environment ok
>>> specific cmssw setup environment:
CMSSW_VERSION =  CMSSW_6_2_0_SLHC12
>>> current directory (SOFTWARE_DIR): /home/cms011/home_cream_385783269/CREAM385783269/glide_O8SL0x/execute/dir_30867/CMSSW_6_2_0_SLHC12
PreserveSeeds: <>
IncrementSeeds:<>
>>> info for dashboard:
***** Cat /home/cms011/home_cream_385783269/CREAM385783269/glide_O8SL0x/execute/dir_30867/jobreport.txt *****
MonitorJobID=19_https://vocms20.cern.ch//140616//1841014.18
MonitorID=calabria_MuMinus100_Case2_ReReco_wu9c43
***** End Cat jobreport *****
Parameters sent to Dashboard.
crabWatchdog started as process 32428
>>> moving CMSSW software directories in /home/cms011/home_cream_385783269/CREAM385783269/glide_O8SL0x/execute/dir_30867/CMSSW_6_2_0_SLHC12
mv: cannot stat `/home/cms011/home_cream_385783269/CREAM385783269/glide_O8SL0x/execute/dir_30867/module/': No such file or directory
>>> Include /home/cms011/home_cream_385783269/CREAM385783269/glide_O8SL0x/execute/dir_30867 in PYTHONPATH:
PYTHONPATH=/home/cms011/home_cream_385783269/CREAM385783269/glide_O8SL0x/execute/dir_30867/:/home/cms011/home_cream_385783269/CREAM385783269/glide_O8SL0x/execute/dir_30867/CMSSW_6_2_0_SLHC12/python:/home/cms011/home_cream_385783269/CREAM385783269/glide_O8SL0x/execute/dir_30867/CMSSW_6_2_0_SLHC12/lib/slc5_amd64_gcc472:/cvmfs/cms.cern.ch/slc5_amd64_gcc472/cms/cmssw/CMSSW_6_2_0_SLHC12/python:/cvmfs/cms.cern.ch/slc5_amd64_gcc472/cms/cmssw/CMSSW_6_2_0_SLHC12/lib/slc5_amd64_gcc472:/cvmfs/cms.cern.ch/slc5_amd64_gcc472/cms/coral/CORAL_2_3_21-cms36/slc5_amd64_gcc472/python:/cvmfs/cms.cern.ch/slc5_amd64_gcc472/cms/coral/CORAL_2_3_21-cms36/slc5_amd64_gcc472/lib:/cvmfs/cms.cern.ch/slc5_amd64_gcc472/external/pyqt/4.8.1-cms6/lib/python2.7/site-packages:/cvmfs/cms.cern.ch/slc5_amd64_gcc472/external/py2-scipy/0.8.0-cms8/lib/python2.7/site-packages:/cvmfs/cms.cern.ch/slc5_amd64_gcc472/external/py2-matplotlib/1.0.1-cms8/lib/python2.7/site-packages:/cvmfs/cms.cern.ch/slc5_amd64_gcc472/external/python-ldap/2.3.5-cms6/lib/python2.7/site-packages:/cvmfs/cms.cern.ch/slc5_amd64_gcc472/external/sip/4.11.2-cms6/lib/python2.7/site-packages:/cvmfs/cms.cern.ch/slc5_amd64_gcc472/external/py2-pycurl/7.19.0-cms8/lib/python2.7/site-packages:/cvmfs/cms.cern.ch/slc5_amd64_gcc472/external/py2-numpy/1.6.1-cms8/lib/python2.7/site-packages:/cvmfs/cms.cern.ch/slc5_amd64_gcc472/external/py2-lint/0.25.1-cms6/lib/python2.7/site-packages:/cvmfs/cms.cern.ch/slc5_amd64_gcc472/external/py2-ipython/0.10-cms6/lib/python2.7/site-packages:/cvmfs/cms.cern.ch/slc5_amd64_gcc472/external/py2-cx-oracle/5.1-cms7/lib/python2.7/site-packages:/cvmfs/cms.cern.ch/slc5_amd64_gcc472/external/py2-cjson/1.0.5-cms6/lib/python2.7/site-packages:/cvmfs/cms.cern.ch/slc5_amd64_gcc472/cms/das-client/1.11.7/bin:/cvmfs/cms.cern.ch/slc5_amd64_gcc472/external/elementtree/1.2.6-cms6/share/lib/python2.7/site-packages:/cvmfs/cms.cern.ch/slc5_amd64_gcc472/external/rivet/1.8.2-cms8/lib/python2.7/site-packages:/cvmfs/cms.cern.ch/slc5_amd64_gcc472/external/pyminuit2/0.0.1-cms19/lib/python2.7/site-packages:/cvmfs/cms.cern.ch/slc5_amd64_gcc472/external/py2-pygithub/1.23.0/lib/python2.7/site-packages:/cvmfs/cms.cern.ch/slc5_amd64_gcc472/external/professor/1.0.0-cms19/lib/python2.7/site-packages:/cvmfs/cms.cern.ch/slc5_amd64_gcc472/lcg/root/5.34.07-cms/lib:/cvmfs/cms.cern.ch/slc5_amd64_gcc472/cms/dbs-client/DBS_2_1_9-cms5/lib:/cvmfs/cms.cern.ch/slc5_amd64_gcc472/cms/dbs-client/DBS_2_1_9-cms5/lib/DBSAPI:/cvmfs/cms.cern.ch/slc5_amd64_gcc472/external/cvs2git/5419-cms/lib:/home/cms011/home_cream_385783269/CREAM385783269/glide_O8SL0x/execute/dir_30867/
 
# LIMITS USED BY CRAB WATCHDOG:
# RSS  (KBytes)   : 2300000
# VSZ  (KBytes)   : 100000000
# DISK (MBytes)   : 19000
# CPU TIME        : 720h:0m:0s
# WALL CLOCK TIME : 21h:50m:0s
 
5854dd31cbd3cdec44c48628cc181cf0
PSETHASH = 5854dd31cbd3cdec44c48628cc181cf0
/home/cms011/home_cream_385783269/CREAM385783269/glide_O8SL0x/execute/dir_30867/writeCfg.py pset.py pset.py
Importing .py file
Setting parameters
RandomNumberGeneratorService found, will attempt to change seeds
inputBlocks=/calabria_SingleMuPt100_GEN-SIM-DIGI-RECO_CMSSW_6_2_0_SLHC12_2023Scenario_Case2/calabria-calabria_SingleMuPt100_GEN-SIM-DIGI-RECO_CMSSW_6_2_0_SLHC12_2023Scenario_Case2-7828650cf335f3b092f375624d26bb6d/USER#2d7de4e5-09dd-42eb-b6de-f77f2b1f3424
inputFiles=/store/user/calabria/calabria_SingleMuPt100_GEN-SIM-DIGI-RECO_CMSSW_6_2_0_SLHC12_2023Scenario_Case2/calabria_SingleMuPt100_GEN-SIM-DIGI-RECO_CMSSW_6_2_0_SLHC12_2023Scenario_Case2/7828650cf335f3b092f375624d26bb6d/out_reco_118_2_E7V.root;/store/user/calabria/calabria_SingleMuPt100_GEN-SIM-DIGI-RECO_CMSSW_6_2_0_SLHC12_2023Scenario_Case2/calabria_SingleMuPt100_GEN-SIM-DIGI-RECO_CMSSW_6_2_0_SLHC12_2023Scenario_Case2/7828650cf335f3b092f375624d26bb6d/out_reco_119_2_LNI.root;/store/user/calabria/calabria_SingleMuPt100_GEN-SIM-DIGI-RECO_CMSSW_6_2_0_SLHC12_2023Scenario_Case2/calabria_SingleMuPt100_GEN-SIM-DIGI-RECO_CMSSW_6_2_0_SLHC12_2023Scenario_Case2/7828650cf335f3b092f375624d26bb6d/out_reco_120_2_lnQ.root;/store/user/calabria/calabria_SingleMuPt100_GEN-SIM-DIGI-RECO_CMSSW_6_2_0_SLHC12_2023Scenario_Case2/calabria_SingleMuPt100_GEN-SIM-DIGI-RECO_CMSSW_6_2_0_SLHC12_2023Scenario_Case2/7828650cf335f3b092f375624d26bb6d/out_reco_121_2_L3F.root;/store/user/calabria/calabria_SingleMuPt100_GEN-SIM-DIGI-RECO_CMSSW_6_2_0_SLHC12_2023Scenario_Case2/calabria_SingleMuPt100_GEN-SIM-DIGI-RECO_CMSSW_6_2_0_SLHC12_2023Scenario_Case2/7828650cf335f3b092f375624d26bb6d/out_reco_122_2_31u.root;/store/user/calabria/calabria_SingleMuPt100_GEN-SIM-DIGI-RECO_CMSSW_6_2_0_SLHC12_2023Scenario_Case2/calabria_SingleMuPt100_GEN-SIM-DIGI-RECO_CMSSW_6_2_0_SLHC12_2023Scenario_Case2/7828650cf335f3b092f375624d26bb6d/out_reco_123_2_tba.root;/store/user/calabria/calabria_SingleMuPt100_GEN-SIM-DIGI-RECO_CMSSW_6_2_0_SLHC12_2023Scenario_Case2/calabria_SingleMuPt100_GEN-SIM-DIGI-RECO_CMSSW_6_2_0_SLHC12_2023Scenario_Case2/7828650cf335f3b092f375624d26bb6d/out_reco_124_2_Qf9.root;/store/user/calabria/calabria_SingleMuPt100_GEN-SIM-DIGI-RECO_CMSSW_6_2_0_SLHC12_2023Scenario_Case2/calabria_SingleMuPt100_GEN-SIM-DIGI-RECO_CMSSW_6_2_0_SLHC12_2023Scenario_Case2/7828650cf335f3b092f375624d26bb6d/out_reco_127_1_1oV.root;/store/user/calabria/calabria_SingleMuPt100_GEN-SIM-DIGI-RECO_CMSSW_6_2_0_SLHC12_2023Scenario_Case2/calabria_SingleMuPt100_GEN-SIM-DIGI-RECO_CMSSW_6_2_0_SLHC12_2023Scenario_Case2/7828650cf335f3b092f375624d26bb6d/out_reco_128_2_TW6.root;/store/user/calabria/calabria_SingleMuPt100_GEN-SIM-DIGI-RECO_CMSSW_6_2_0_SLHC12_2023Scenario_Case2/calabria_SingleMuPt100_GEN-SIM-DIGI-RECO_CMSSW_6_2_0_SLHC12_2023Scenario_Case2/7828650cf335f3b092f375624d26bb6d/out_reco_129_2_S0k.root
parentFiles=
lumisRange=
>>> Executable cmsRun
/cvmfs/cms.cern.ch/slc5_amd64_gcc472/cms/cmssw/CMSSW_6_2_0_SLHC12/bin/slc5_amd64_gcc472/cmsRun
ok executable found
>>> info for dashboard:
***** Cat /home/cms011/home_cream_385783269/CREAM385783269/glide_O8SL0x/execute/dir_30867/jobreport.txt *****
MonitorJobID=19_https://vocms20.cern.ch//140616//1841014.18
MonitorID=calabria_MuMinus100_Case2_ReReco_wu9c43
ExeStart=cmsRun
***** End Cat jobreport *****
Parameters sent to Dashboard.
>>> cmsRun started at Tue Jun 17 22:15:24 UTC 2014
>>> cmsRun ended at Tue Jun 17 22:23:18 UTC 2014
>>> crab_fjr_*.xml  permission set to 0704
>>> info for dashboard:
***** Cat /home/cms011/home_cream_385783269/CREAM385783269/glide_O8SL0x/execute/dir_30867/jobreport.txt *****
MonitorJobID=19_https://vocms20.cern.ch//140616//1841014.18
MonitorID=calabria_MuMinus100_Case2_ReReco_wu9c43
ExeEnd=cmsRun
***** End Cat jobreport *****
Parameters sent to Dashboard.
TIME_EXE = 474 sec
>>> cmsRun wrote 50 lines of stdout+stderr
>>> START OF printout of 50 lines from stdout+stderr
271 DQMStore::DQMStore 
HcalTopologyIdealEP::HcalTopologyIdealEP
18-Jun-2014 00:15:45 CEST  Initiating request to open file file:/lustre/cms//store/user/calabria/calabria_SingleMuPt100_GEN-SIM-DIGI-RECO_CMSSW_6_2_0_SLHC12_2023Scenario_Case2/calabria_SingleMuPt100_GEN-SIM-DIGI-RECO_CMSSW_6_2_0_SLHC12_2023Scenario_Case2/7828650cf335f3b092f375624d26bb6d/out_reco_118_2_E7V.root
18-Jun-2014 00:15:49 CEST  Successfully opened file file:/lustre/cms//store/user/calabria/calabria_SingleMuPt100_GEN-SIM-DIGI-RECO_CMSSW_6_2_0_SLHC12_2023Scenario_Case2/calabria_SingleMuPt100_GEN-SIM-DIGI-RECO_CMSSW_6_2_0_SLHC12_2023Scenario_Case2/7828650cf335f3b092f375624d26bb6d/out_reco_118_2_E7V.root
18-Jun-2014 00:16:24 CEST  Closed file file:/lustre/cms//store/user/calabria/calabria_SingleMuPt100_GEN-SIM-DIGI-RECO_CMSSW_6_2_0_SLHC12_2023Scenario_Case2/calabria_SingleMuPt100_GEN-SIM-DIGI-RECO_CMSSW_6_2_0_SLHC12_2023Scenario_Case2/7828650cf335f3b092f375624d26bb6d/out_reco_118_2_E7V.root
18-Jun-2014 00:16:24 CEST  Initiating request to open file file:/lustre/cms//store/user/calabria/calabria_SingleMuPt100_GEN-SIM-DIGI-RECO_CMSSW_6_2_0_SLHC12_2023Scenario_Case2/calabria_SingleMuPt100_GEN-SIM-DIGI-RECO_CMSSW_6_2_0_SLHC12_2023Scenario_Case2/7828650cf335f3b092f375624d26bb6d/out_reco_119_2_LNI.root
18-Jun-2014 00:16:25 CEST  Successfully opened file file:/lustre/cms//store/user/calabria/calabria_SingleMuPt100_GEN-SIM-DIGI-RECO_CMSSW_6_2_0_SLHC12_2023Scenario_Case2/calabria_SingleMuPt100_GEN-SIM-DIGI-RECO_CMSSW_6_2_0_SLHC12_2023Scenario_Case2/7828650cf335f3b092f375624d26bb6d/out_reco_119_2_LNI.root
18-Jun-2014 00:17:00 CEST  Closed file file:/lustre/cms//store/user/calabria/calabria_SingleMuPt100_GEN-SIM-DIGI-RECO_CMSSW_6_2_0_SLHC12_2023Scenario_Case2/calabria_SingleMuPt100_GEN-SIM-DIGI-RECO_CMSSW_6_2_0_SLHC12_2023Scenario_Case2/7828650cf335f3b092f375624d26bb6d/out_reco_119_2_LNI.root
18-Jun-2014 00:17:00 CEST  Initiating request to open file file:/lustre/cms//store/user/calabria/calabria_SingleMuPt100_GEN-SIM-DIGI-RECO_CMSSW_6_2_0_SLHC12_2023Scenario_Case2/calabria_SingleMuPt100_GEN-SIM-DIGI-RECO_CMSSW_6_2_0_SLHC12_2023Scenario_Case2/7828650cf335f3b092f375624d26bb6d/out_reco_120_2_lnQ.root
18-Jun-2014 00:17:00 CEST  Successfully opened file file:/lustre/cms//store/user/calabria/calabria_SingleMuPt100_GEN-SIM-DIGI-RECO_CMSSW_6_2_0_SLHC12_2023Scenario_Case2/calabria_SingleMuPt100_GEN-SIM-DIGI-RECO_CMSSW_6_2_0_SLHC12_2023Scenario_Case2/7828650cf335f3b092f375624d26bb6d/out_reco_120_2_lnQ.root
18-Jun-2014 00:17:35 CEST  Closed file file:/lustre/cms//store/user/calabria/calabria_SingleMuPt100_GEN-SIM-DIGI-RECO_CMSSW_6_2_0_SLHC12_2023Scenario_Case2/calabria_SingleMuPt100_GEN-SIM-DIGI-RECO_CMSSW_6_2_0_SLHC12_2023Scenario_Case2/7828650cf335f3b092f375624d26bb6d/out_reco_120_2_lnQ.root
18-Jun-2014 00:17:35 CEST  Initiating request to open file file:/lustre/cms//store/user/calabria/calabria_SingleMuPt100_GEN-SIM-DIGI-RECO_CMSSW_6_2_0_SLHC12_2023Scenario_Case2/calabria_SingleMuPt100_GEN-SIM-DIGI-RECO_CMSSW_6_2_0_SLHC12_2023Scenario_Case2/7828650cf335f3b092f375624d26bb6d/out_reco_121_2_L3F.root
18-Jun-2014 00:17:35 CEST  Successfully opened file file:/lustre/cms//store/user/calabria/calabria_SingleMuPt100_GEN-SIM-DIGI-RECO_CMSSW_6_2_0_SLHC12_2023Scenario_Case2/calabria_SingleMuPt100_GEN-SIM-DIGI-RECO_CMSSW_6_2_0_SLHC12_2023Scenario_Case2/7828650cf335f3b092f375624d26bb6d/out_reco_121_2_L3F.root
18-Jun-2014 00:18:15 CEST  Closed file file:/lustre/cms//store/user/calabria/calabria_SingleMuPt100_GEN-SIM-DIGI-RECO_CMSSW_6_2_0_SLHC12_2023Scenario_Case2/calabria_SingleMuPt100_GEN-SIM-DIGI-RECO_CMSSW_6_2_0_SLHC12_2023Scenario_Case2/7828650cf335f3b092f375624d26bb6d/out_reco_121_2_L3F.root
18-Jun-2014 00:18:15 CEST  Initiating request to open file file:/lustre/cms//store/user/calabria/calabria_SingleMuPt100_GEN-SIM-DIGI-RECO_CMSSW_6_2_0_SLHC12_2023Scenario_Case2/calabria_SingleMuPt100_GEN-SIM-DIGI-RECO_CMSSW_6_2_0_SLHC12_2023Scenario_Case2/7828650cf335f3b092f375624d26bb6d/out_reco_122_2_31u.root
18-Jun-2014 00:18:16 CEST  Successfully opened file file:/lustre/cms//store/user/calabria/calabria_SingleMuPt100_GEN-SIM-DIGI-RECO_CMSSW_6_2_0_SLHC12_2023Scenario_Case2/calabria_SingleMuPt100_GEN-SIM-DIGI-RECO_CMSSW_6_2_0_SLHC12_2023Scenario_Case2/7828650cf335f3b092f375624d26bb6d/out_reco_122_2_31u.root
18-Jun-2014 00:18:53 CEST  Closed file file:/lustre/cms//store/user/calabria/calabria_SingleMuPt100_GEN-SIM-DIGI-RECO_CMSSW_6_2_0_SLHC12_2023Scenario_Case2/calabria_SingleMuPt100_GEN-SIM-DIGI-RECO_CMSSW_6_2_0_SLHC12_2023Scenario_Case2/7828650cf335f3b092f375624d26bb6d/out_reco_122_2_31u.root
18-Jun-2014 00:18:53 CEST  Initiating request to open file file:/lustre/cms//store/user/calabria/calabria_SingleMuPt100_GEN-SIM-DIGI-RECO_CMSSW_6_2_0_SLHC12_2023Scenario_Case2/calabria_SingleMuPt100_GEN-SIM-DIGI-RECO_CMSSW_6_2_0_SLHC12_2023Scenario_Case2/7828650cf335f3b092f375624d26bb6d/out_reco_123_2_tba.root
18-Jun-2014 00:18:53 CEST  Successfully opened file file:/lustre/cms//store/user/calabria/calabria_SingleMuPt100_GEN-SIM-DIGI-RECO_CMSSW_6_2_0_SLHC12_2023Scenario_Case2/calabria_SingleMuPt100_GEN-SIM-DIGI-RECO_CMSSW_6_2_0_SLHC12_2023Scenario_Case2/7828650cf335f3b092f375624d26bb6d/out_reco_123_2_tba.root
18-Jun-2014 00:19:31 CEST  Closed file file:/lustre/cms//store/user/calabria/calabria_SingleMuPt100_GEN-SIM-DIGI-RECO_CMSSW_6_2_0_SLHC12_2023Scenario_Case2/calabria_SingleMuPt100_GEN-SIM-DIGI-RECO_CMSSW_6_2_0_SLHC12_2023Scenario_Case2/7828650cf335f3b092f375624d26bb6d/out_reco_123_2_tba.root
18-Jun-2014 00:19:31 CEST  Initiating request to open file file:/lustre/cms//store/user/calabria/calabria_SingleMuPt100_GEN-SIM-DIGI-RECO_CMSSW_6_2_0_SLHC12_2023Scenario_Case2/calabria_SingleMuPt100_GEN-SIM-DIGI-RECO_CMSSW_6_2_0_SLHC12_2023Scenario_Case2/7828650cf335f3b092f375624d26bb6d/out_reco_124_2_Qf9.root
18-Jun-2014 00:19:32 CEST  Successfully opened file file:/lustre/cms//store/user/calabria/calabria_SingleMuPt100_GEN-SIM-DIGI-RECO_CMSSW_6_2_0_SLHC12_2023Scenario_Case2/calabria_SingleMuPt100_GEN-SIM-DIGI-RECO_CMSSW_6_2_0_SLHC12_2023Scenario_Case2/7828650cf335f3b092f375624d26bb6d/out_reco_124_2_Qf9.root
18-Jun-2014 00:20:13 CEST  Closed file file:/lustre/cms//store/user/calabria/calabria_SingleMuPt100_GEN-SIM-DIGI-RECO_CMSSW_6_2_0_SLHC12_2023Scenario_Case2/calabria_SingleMuPt100_GEN-SIM-DIGI-RECO_CMSSW_6_2_0_SLHC12_2023Scenario_Case2/7828650cf335f3b092f375624d26bb6d/out_reco_124_2_Qf9.root
18-Jun-2014 00:20:13 CEST  Initiating request to open file file:/lustre/cms//store/user/calabria/calabria_SingleMuPt100_GEN-SIM-DIGI-RECO_CMSSW_6_2_0_SLHC12_2023Scenario_Case2/calabria_SingleMuPt100_GEN-SIM-DIGI-RECO_CMSSW_6_2_0_SLHC12_2023Scenario_Case2/7828650cf335f3b092f375624d26bb6d/out_reco_127_1_1oV.root
18-Jun-2014 00:20:13 CEST  Successfully opened file file:/lustre/cms//store/user/calabria/calabria_SingleMuPt100_GEN-SIM-DIGI-RECO_CMSSW_6_2_0_SLHC12_2023Scenario_Case2/calabria_SingleMuPt100_GEN-SIM-DIGI-RECO_CMSSW_6_2_0_SLHC12_2023Scenario_Case2/7828650cf335f3b092f375624d26bb6d/out_reco_127_1_1oV.root
18-Jun-2014 00:20:51 CEST  Closed file file:/lustre/cms//store/user/calabria/calabria_SingleMuPt100_GEN-SIM-DIGI-RECO_CMSSW_6_2_0_SLHC12_2023Scenario_Case2/calabria_SingleMuPt100_GEN-SIM-DIGI-RECO_CMSSW_6_2_0_SLHC12_2023Scenario_Case2/7828650cf335f3b092f375624d26bb6d/out_reco_127_1_1oV.root
18-Jun-2014 00:20:51 CEST  Initiating request to open file file:/lustre/cms//store/user/calabria/calabria_SingleMuPt100_GEN-SIM-DIGI-RECO_CMSSW_6_2_0_SLHC12_2023Scenario_Case2/calabria_SingleMuPt100_GEN-SIM-DIGI-RECO_CMSSW_6_2_0_SLHC12_2023Scenario_Case2/7828650cf335f3b092f375624d26bb6d/out_reco_128_2_TW6.root
18-Jun-2014 00:20:51 CEST  Successfully opened file file:/lustre/cms//store/user/calabria/calabria_SingleMuPt100_GEN-SIM-DIGI-RECO_CMSSW_6_2_0_SLHC12_2023Scenario_Case2/calabria_SingleMuPt100_GEN-SIM-DIGI-RECO_CMSSW_6_2_0_SLHC12_2023Scenario_Case2/7828650cf335f3b092f375624d26bb6d/out_reco_128_2_TW6.root
18-Jun-2014 00:21:35 CEST  Closed file file:/lustre/cms//store/user/calabria/calabria_SingleMuPt100_GEN-SIM-DIGI-RECO_CMSSW_6_2_0_SLHC12_2023Scenario_Case2/calabria_SingleMuPt100_GEN-SIM-DIGI-RECO_CMSSW_6_2_0_SLHC12_2023Scenario_Case2/7828650cf335f3b092f375624d26bb6d/out_reco_128_2_TW6.root
18-Jun-2014 00:21:35 CEST  Initiating request to open file file:/lustre/cms//store/user/calabria/calabria_SingleMuPt100_GEN-SIM-DIGI-RECO_CMSSW_6_2_0_SLHC12_2023Scenario_Case2/calabria_SingleMuPt100_GEN-SIM-DIGI-RECO_CMSSW_6_2_0_SLHC12_2023Scenario_Case2/7828650cf335f3b092f375624d26bb6d/out_reco_129_2_S0k.root
18-Jun-2014 00:21:36 CEST  Successfully opened file file:/lustre/cms//store/user/calabria/calabria_SingleMuPt100_GEN-SIM-DIGI-RECO_CMSSW_6_2_0_SLHC12_2023Scenario_Case2/calabria_SingleMuPt100_GEN-SIM-DIGI-RECO_CMSSW_6_2_0_SLHC12_2023Scenario_Case2/7828650cf335f3b092f375624d26bb6d/out_reco_129_2_S0k.root
18-Jun-2014 00:23:17 CEST  Closed file file:/lustre/cms//store/user/calabria/calabria_SingleMuPt100_GEN-SIM-DIGI-RECO_CMSSW_6_2_0_SLHC12_2023Scenario_Case2/calabria_SingleMuPt100_GEN-SIM-DIGI-RECO_CMSSW_6_2_0_SLHC12_2023Scenario_Case2/7828650cf335f3b092f375624d26bb6d/out_reco_129_2_S0k.root

=============================================

MessageLogger Summary

 type     category        sev    module        subroutine        count    total
 ---- -------------------- -- ---------------- ----------------  -----    -----
    1 fileAction           -s file_close                            10       10
    2 fileAction           -s file_open                             20       20

 type    category    Examples: run/evt        run/evt          run/evt
 ---- -------------------- ---------------- ---------------- ----------------
    1 fileAction           PostProcessEvent PostProcessEvent PostEndRun
    2 fileAction           pre-events       pre-events       PostProcessEvent

Severity    # Occurrences   Total Occurrences
--------    -------------   -----------------
System                 30                  30
>>> END OF printout of 50 lines from stdout+stderr
>>> Parse FrameworkJobReport crab_fjr.xml
Result of parsing the FrameworkJobReport crab_fjr.xml: Popularity start
lumisRange : 1::::1;1::::2;1::::3;1::::4;1::::5;1::::6;1::::7;1::::8;1::::9;1::::10;
lumisParentRange : 
Basename : /store/user/calabria/calabria_SingleMuPt100_GEN-SIM-DIGI-RECO_CMSSW_6_2_0_SLHC12_2023Scenario_Case2/calabria_SingleMuPt100_GEN-SIM-DIGI-RECO_CMSSW_6_2_0_SLHC12_2023Scenario_Case2/7828650cf335f3b092f375624d26bb6d/out_reco_1
BasenameParent : 
parentFiles : 
inputBlocks : /calabria_SingleMuPt100_GEN-SIM-DIGI-RECO_CMSSW_6_2_0_SLHC12_2023Scenario_Case2/calabria-calabria_SingleMuPt100_GEN-SIM-DIGI-RECO_CMSSW_6_2_0_SLHC12_2023Scenario_Case2-7828650cf335f3b092f375624d26bb6d/USER#2d7de4e5-09dd-42eb-b6de-f77f2b1f3424
inputFiles : 23_2_tba.root::1::EDM::Local::1;29_2_S0k.root::1::EDM::Local::2;21_2_L3F.root::1::EDM::Local::3;20_2_lnQ.root::1::EDM::Local::4;19_2_LNI.root::1::EDM::Local::5;22_2_31u.root::1::EDM::Local::6;24_2_Qf9.root::1::EDM::Local::7;28_2_TW6.root::1::EDM::Local::8;18_2_E7V.root::1::EDM::Local::9;27_1_1oV.root::1::EDM::Local::10;
Popularity stop
Extracted ExitStatus from FrameworkJobReport parsing output: 0
>>> Executable succeded  0
ExeExitCode=0
EXECUTABLE_EXIT_STATUS = 0
>>> current directory /home/cms011/home_cream_385783269/CREAM385783269/glide_O8SL0x/execute/dir_30867/CMSSW_6_2_0_SLHC12
>>>  (SOFTWARE_DIR): /home/cms011/home_cream_385783269/CREAM385783269/glide_O8SL0x/execute/dir_30867/CMSSW_6_2_0_SLHC12
>>> (WORKING_DIR): 
>>> current directory content:
total 10680
drwxr-xr-x 3 cms011 cms    4096 Jun 18 00:14 .SCRAM
-rw------- 1 cms011 cms 3740425 Jun 18 00:14 CMSSW.py.pkl
drwxr-xr-x 3 cms011 cms    4096 Jun 18 00:14 bin
drwxr-xr-x 3 cms011 cms    4096 Jun 18 00:14 cfipython
drwxr-xr-x 4 cms011 cms    4096 Jun 18 00:14 config
-rw------- 1 cms011 cms      17 Jun 18 00:23 cpu_timing.txt
drwxr-xr-x 2 cms011 cms    4096 Jun 18 00:14 doc
-rw------- 1 cms011 cms    9985 Jun 18 00:23 executable.out
drwxr-xr-x 2 cms011 cms    4096 Jun 18 00:14 include
drwx------ 3 cms011 cms    4096 Apr 28 18:12 lib
drwxr-xr-x 3 cms011 cms    4096 Jun 18 00:14 logs
drwxr-xr-x 3 cms011 cms    4096 Jun 18 00:14 objs
-rw------- 1 cms011 cms     104 Jun 18 00:15 pset.py
-rw------- 1 cms011 cms 3712334 Jun 18 00:15 pset.py.pkl
-rw------- 1 cms011 cms     289 Jun 18 00:15 pset.pyc
drwxr-xr-x 2 cms011 cms    4096 Jun 18 00:14 python
-rw------- 1 cms011 cms     401 Jun 18 00:23 report.log
drwx------ 6 cms011 cms    4096 Jun 18 00:14 src
drwxr-xr-x 3 cms011 cms    4096 Jun 18 00:14 test
drwxr-xr-x 3 cms011 cms    4096 Jun 18 00:14 tmp
-rw------- 1 cms011 cms 3381611 Jun 18 00:23 validationEDM.root
>>> current directory /home/cms011/home_cream_385783269/CREAM385783269/glide_O8SL0x/execute/dir_30867/CMSSW_6_2_0_SLHC12
>>> (SOFTWARE_DIR): /home/cms011/home_cream_385783269/CREAM385783269/glide_O8SL0x/execute/dir_30867/CMSSW_6_2_0_SLHC12
>>> (WORKING_DIR): 
>>> current directory content:
total 10680
drwxr-xr-x 3 cms011 cms    4096 Jun 18 00:14 .SCRAM
-rw------- 1 cms011 cms 3740425 Jun 18 00:14 CMSSW.py.pkl
drwxr-xr-x 3 cms011 cms    4096 Jun 18 00:14 bin
drwxr-xr-x 3 cms011 cms    4096 Jun 18 00:14 cfipython
drwxr-xr-x 4 cms011 cms    4096 Jun 18 00:14 config
-rw------- 1 cms011 cms      17 Jun 18 00:23 cpu_timing.txt
drwxr-xr-x 2 cms011 cms    4096 Jun 18 00:14 doc
-rw------- 1 cms011 cms    9985 Jun 18 00:23 executable.out
drwxr-xr-x 2 cms011 cms    4096 Jun 18 00:14 include
drwx------ 3 cms011 cms    4096 Apr 28 18:12 lib
drwxr-xr-x 3 cms011 cms    4096 Jun 18 00:14 logs
drwxr-xr-x 3 cms011 cms    4096 Jun 18 00:14 objs
-rw------- 1 cms011 cms     104 Jun 18 00:15 pset.py
-rw------- 1 cms011 cms 3712334 Jun 18 00:15 pset.py.pkl
-rw------- 1 cms011 cms     289 Jun 18 00:15 pset.pyc
drwxr-xr-x 2 cms011 cms    4096 Jun 18 00:14 python
-rw------- 1 cms011 cms     401 Jun 18 00:23 report.log
drwx------ 6 cms011 cms    4096 Jun 18 00:14 src
drwxr-xr-x 3 cms011 cms    4096 Jun 18 00:14 test
drwxr-xr-x 3 cms011 cms    4096 Jun 18 00:14 tmp
-rw------- 1 cms011 cms 3381611 Jun 18 00:23 validationEDM_19_1_AtW.root
>>> current directory (RUNTIME_AREA):  /home/cms011/home_cream_385783269/CREAM385783269/glide_O8SL0x/execute/dir_30867
SE = storm-se-01.ba.infn.it
SE_PATH = /srm/managerv2?SFN=//cms/store/user/calabria/calabria_SingleMuPt100_GEN-SIM-DIGI-RECO_CMSSW_6_2_0_SLHC12_2023Scenario_Case2/calabria_MuMinus100_GEN-SIM-DIGI-RECO_CMSSW_6_2_0_SLHC12_2023Scenario_VALNOPU2_Case2/5854dd31cbd3cdec44c48628cc181cf0/
LFNBaseName = /store/user/calabria/calabria_SingleMuPt100_GEN-SIM-DIGI-RECO_CMSSW_6_2_0_SLHC12_2023Scenario_Case2/calabria_MuMinus100_GEN-SIM-DIGI-RECO_CMSSW_6_2_0_SLHC12_2023Scenario_VALNOPU2_Case2/5854dd31cbd3cdec44c48628cc181cf0/
USER = calabria
endpoint = srm://storm-se-01.ba.infn.it:8444/srm/managerv2?SFN=//cms/store/user/calabria/calabria_SingleMuPt100_GEN-SIM-DIGI-RECO_CMSSW_6_2_0_SLHC12_2023Scenario_Case2/calabria_MuMinus100_GEN-SIM-DIGI-RECO_CMSSW_6_2_0_SLHC12_2023Scenario_VALNOPU2_Case2/5854dd31cbd3cdec44c48628cc181cf0/
>>> Copy output files from WN = alicegrid58.ba.infn.it to /srm/managerv2?SFN=//cms/store/user/calabria/calabria_SingleMuPt100_GEN-SIM-DIGI-RECO_CMSSW_6_2_0_SLHC12_2023Scenario_Case2/calabria_MuMinus100_GEN-SIM-DIGI-RECO_CMSSW_6_2_0_SLHC12_2023Scenario_VALNOPU2_Case2/5854dd31cbd3cdec44c48628cc181cf0/ :
python cmscp.py  --destination srm://storm-se-01.ba.infn.it:8444/srm/managerv2?SFN=//cms/store/user/calabria/calabria_SingleMuPt100_GEN-SIM-DIGI-RECO_CMSSW_6_2_0_SLHC12_2023Scenario_Case2/calabria_MuMinus100_GEN-SIM-DIGI-RECO_CMSSW_6_2_0_SLHC12_2023Scenario_VALNOPU2_Case2/5854dd31cbd3cdec44c48628cc181cf0/ --inputFileList /home/cms011/home_cream_385783269/CREAM385783269/glide_O8SL0x/execute/dir_30867/CMSSW_6_2_0_SLHC12/validationEDM_19_1_AtW.root --middleware LCG --se_name storm-se-01.ba.infn.it --for_lfn /store/user/calabria/calabria_SingleMuPt100_GEN-SIM-DIGI-RECO_CMSSW_6_2_0_SLHC12_2023Scenario_Case2/calabria_MuMinus100_GEN-SIM-DIGI-RECO_CMSSW_6_2_0_SLHC12_2023Scenario_VALNOPU2_Case2/5854dd31cbd3cdec44c48628cc181cf0/    
******************************************************
localSeName  =  storm-se-01.ba.infn.it
remoteSeName =  storm-se-01.ba.infn.it
******************************************************
{"/home/cms011/home_cream_385783269/CREAM385783269/glide_O8SL0x/execute/dir_30867/CMSSW_6_2_0_SLHC12/validationEDM_19_1_AtW.root": {"endpoint": "srm://storm-se-01.ba.infn.it:8444/srm/managerv2?SFN=//cms/store/user/calabria/calabria_SingleMuPt100_GEN-SIM-DIGI-RECO_CMSSW_6_2_0_SLHC12_2023Scenario_Case2/calabria_MuMinus100_GEN-SIM-DIGI-RECO_CMSSW_6_2_0_SLHC12_2023Scenario_VALNOPU2_Case2/5854dd31cbd3cdec44c48628cc181cf0/", "surl_for_grid": "", "reason": "Copy succedeed with srm-lcg utils", "erCode": "0", "se_name": "storm-se-01.ba.infn.it", "for_lfn": "/store/user/calabria/calabria_SingleMuPt100_GEN-SIM-DIGI-RECO_CMSSW_6_2_0_SLHC12_2023Scenario_Case2/calabria_MuMinus100_GEN-SIM-DIGI-RECO_CMSSW_6_2_0_SLHC12_2023Scenario_VALNOPU2_Case2/5854dd31cbd3cdec44c48628cc181cf0/"}}/home/cms011/home_cream_385783269/CREAM385783269/glide_O8SL0x/execute/dir_30867
-------- cat /home/cms011/home_cream_385783269/CREAM385783269/glide_O8SL0x/execute/dir_30867/cmscpReport.sh 
#!/bin/bash
echo "Report for File: /home/cms011/home_cream_385783269/CREAM385783269/glide_O8SL0x/execute/dir_30867/CMSSW_6_2_0_SLHC12/validationEDM_19_1_AtW.root"
echo "LFN: /store/user/calabria/calabria_SingleMuPt100_GEN-SIM-DIGI-RECO_CMSSW_6_2_0_SLHC12_2023Scenario_Case2/calabria_MuMinus100_GEN-SIM-DIGI-RECO_CMSSW_6_2_0_SLHC12_2023Scenario_VALNOPU2_Case2/5854dd31cbd3cdec44c48628cc181cf0/validationEDM_19_1_AtW.root"
echo "StorageElement: storm-se-01.ba.infn.it"
echo "StageOutExitStatusReason = 'Copy succedeed with srm-lcg utils'" | tee -a $RUNTIME_AREA/$repo
echo "StageOutSE = storm-se-01.ba.infn.it" >> $RUNTIME_AREA/$repo

export StageOutExitStatus=0
echo "StageOutExitStatus = 0" | tee -a $RUNTIME_AREA/$repo
-------- end of /home/cms011/home_cream_385783269/CREAM385783269/glide_O8SL0x/execute/dir_30867/cmscpReport.sh 
Report for File: /home/cms011/home_cream_385783269/CREAM385783269/glide_O8SL0x/execute/dir_30867/CMSSW_6_2_0_SLHC12/validationEDM_19_1_AtW.root
LFN: /store/user/calabria/calabria_SingleMuPt100_GEN-SIM-DIGI-RECO_CMSSW_6_2_0_SLHC12_2023Scenario_Case2/calabria_MuMinus100_GEN-SIM-DIGI-RECO_CMSSW_6_2_0_SLHC12_2023Scenario_VALNOPU2_Case2/5854dd31cbd3cdec44c48628cc181cf0/validationEDM_19_1_AtW.root
StorageElement: storm-se-01.ba.infn.it
StageOutExitStatusReason = 'Copy succedeed with srm-lcg utils'
StageOutExitStatus = 0
>>> current dir: /home/cms011/home_cream_385783269/CREAM385783269/glide_O8SL0x/execute/dir_30867
>>> current dir content:
total 28080
-rw-------  1 cms011 cms     2791 Jun 18 00:24 .SEinteraction.log
-rwx------  1 cms011 cms     6723 Jun 18 00:14 .job.ad
-rwx------  1 cms011 cms     9226 Jun 18 00:14 .machine.ad
-rw-------  1 cms011 cms      105 Jun 16 20:38 CMSSW.py
-rw-------  1 cms011 cms  3740425 Jun 16 20:38 CMSSW.py.pkl
-rwx------  1 cms011 cms    29569 Jun 18 00:14 CMSSW.sh
drwxr-xr-x 15 cms011 cms     4096 Jun 18 00:23 CMSSW_6_2_0_SLHC12
-rw-------  1 cms011 cms      220 Jun 18 00:14 CacheEnv.sh
-rw-------  1 cms011 cms     7291 Apr  4 11:04 DashboardAPI.py
-rw-------  1 cms011 cms     6815 Jun 18 00:14 DashboardAPI.pyc
drwx------  2 cms011 cms     4096 Jun 18 00:23 IMProv
-rw-------  1 cms011 cms     2748 Apr  4 11:04 Logger.py
-rw-------  1 cms011 cms     3347 Jun 18 00:14 Logger.pyc
-rw-------  1 cms011 cms    24524 Apr  4 11:04 ProcInfo.py
-rw-------  1 cms011 cms    23197 Jun 18 00:14 ProcInfo.pyc
drwx------  7 cms011 cms     4096 Jun 18 00:15 ProdCommon
drwx------  3 cms011 cms     4096 Jun 18 00:14 WMCore
-rw-------  1 cms011 cms     2916 Jun 18 00:23 Watchdog_19.log
-rwx------  1 cms011 cms        0 Jun 18 00:14 _condor_stderr
-rwx---r--  1 cms011 cms    29524 Jun 18 00:24 _condor_stdout
-rw-------  1 cms011 cms    32895 Apr  4 11:04 apmon.py
-rw-------  1 cms011 cms    28625 Jun 18 00:14 apmon.pyc
-rwx------  1 cms011 cms    53840 Jun 18 00:14 arguments.xml
-rwx------  1 cms011 cms    38515 Apr  4 11:04 cmscp.py
-rw-------  1 cms011 cms      720 Jun 18 00:24 cmscpReport.sh
-rwx------  1 cms011 cms    29569 Jun 18 00:14 condor_exec.exe
-rw-------  1 cms011 cms      963 Jun 16 20:38 crab.cfg
-rwx------  1 cms011 cms     8610 Apr  4 11:04 crabWatchdog.sh
-rwx---r--  1 cms011 cms   523339 Jun 18 00:23 crab_fjr_19.xml
-rwx------  1 cms011 cms 23958179 Jun 18 00:14 default.tgz
-rwx------  1 cms011 cms     4488 Apr  4 11:04 fillCrabFjr.py
-rw-------  1 cms011 cms     2651 Jun 18 00:15 inputsReport.txt
-rw-------  1 cms011 cms      258 Jun 18 00:24 jobreport.txt
-rw-------  1 cms011 cms    17352 Apr  4 11:04 parseCrabFjr.py
-rw-------  1 cms011 cms      325 Jun 18 00:14 report.log
-rwx--x--x  1 cms011 cms     1497 Apr  4 11:04 report.py
-rw-------  1 cms011 cms      776 Jun 18 00:24 resultCopyFile
lrwxrwxrwx  1 cms011 cms      126 Jun 18 00:23 validationEDM.root -> /home/cms011/home_cream_385783269/CREAM385783269/glide_O8SL0x/execute/dir_30867/CMSSW_6_2_0_SLHC12/validationEDM_19_1_AtW.root
-rwx------  1 cms011 cms     8387 Apr  4 11:04 writeCfg.py
-rw-------  1 cms011 cms     8010 Jun 18 00:14 x509up_u50707
>>> Modify Job Report:
CMSSW_VERSION = CMSSW_6_2_0_SLHC12
ProcessedDataset = calabria_MuMinus100_GEN-SIM-DIGI-RECO_CMSSW_6_2_0_SLHC12_2023Scenario_VALNOPU2_Case2
/home/cms011/home_cream_385783269/CREAM385783269/glide_O8SL0x/execute/dir_30867/ProdCommon/FwkJobRep/ModifyJobReport.py fjr /home/cms011/home_cream_385783269/CREAM385783269/glide_O8SL0x/execute/dir_30867/crab_fjr_19.xml json /home/cms011/home_cream_385783269/CREAM385783269/glide_O8SL0x/execute/dir_30867/resultCopyFile n_job 19_1_AtW PrimaryDataset calabria_SingleMuPt100_GEN-SIM-DIGI-RECO_CMSSW_6_2_0_SLHC12_2023Scenario_Case2  ApplicationFamily cmsRun ApplicationName cmsRun cmssw_version CMSSW_6_2_0_SLHC12 psethash 5854dd31cbd3cdec44c48628cc181cf0 UserProcessedDataset calabria-calabria_MuMinus100_GEN-SIM-DIGI-RECO_CMSSW_6_2_0_SLHC12_2023Scenario_VALNOPU2_Case2-5854dd31cbd3cdec44c48628cc181cf0
inputDict =  {u'/home/cms011/home_cream_385783269/CREAM385783269/glide_O8SL0x/execute/dir_30867/CMSSW_6_2_0_SLHC12/validationEDM_19_1_AtW.root': {u'endpoint': u'srm://storm-se-01.ba.infn.it:8444/srm/managerv2?SFN=//cms/store/user/calabria/calabria_SingleMuPt100_GEN-SIM-DIGI-RECO_CMSSW_6_2_0_SLHC12_2023Scenario_Case2/calabria_MuMinus100_GEN-SIM-DIGI-RECO_CMSSW_6_2_0_SLHC12_2023Scenario_VALNOPU2_Case2/5854dd31cbd3cdec44c48628cc181cf0/', u'surl_for_grid': u'', u'reason': u'Copy succedeed with srm-lcg utils', u'erCode': u'0', u'se_name': u'storm-se-01.ba.infn.it', u'for_lfn': u'/store/user/calabria/calabria_SingleMuPt100_GEN-SIM-DIGI-RECO_CMSSW_6_2_0_SLHC12_2023Scenario_Case2/calabria_MuMinus100_GEN-SIM-DIGI-RECO_CMSSW_6_2_0_SLHC12_2023Scenario_VALNOPU2_Case2/5854dd31cbd3cdec44c48628cc181cf0/'}}
UserProcessedDataset =  calabria-calabria_MuMinus100_GEN-SIM-DIGI-RECO_CMSSW_6_2_0_SLHC12_2023Scenario_VALNOPU2_Case2-5854dd31cbd3cdec44c48628cc181cf0
file_name in inputDict =  /home/cms011/home_cream_385783269/CREAM385783269/glide_O8SL0x/execute/dir_30867/CMSSW_6_2_0_SLHC12/validationEDM_19_1_AtW.root
(size) os.stat(filename)[6] =  3381611
checksum =  359136550
    file =  validationEDM_19_1_AtW.root
    newPfn =  srm://storm-se-01.ba.infn.it:8444/srm/managerv2?SFN=//cms/store/user/calabria/calabria_SingleMuPt100_GEN-SIM-DIGI-RECO_CMSSW_6_2_0_SLHC12_2023Scenario_Case2/calabria_MuMinus100_GEN-SIM-DIGI-RECO_CMSSW_6_2_0_SLHC12_2023Scenario_VALNOPU2_Case2/5854dd31cbd3cdec44c48628cc181cf0/validationEDM_19_1_AtW.root
    newLfn =  /store/user/calabria/calabria_SingleMuPt100_GEN-SIM-DIGI-RECO_CMSSW_6_2_0_SLHC12_2023Scenario_Case2/calabria_MuMinus100_GEN-SIM-DIGI-RECO_CMSSW_6_2_0_SLHC12_2023Scenario_VALNOPU2_Case2/5854dd31cbd3cdec44c48628cc181cf0/validationEDM_19_1_AtW.root
>>> crab_fjr_*.xml  permission set to 0704
CrabWrapper EXIT_FUNC entered at Wed Jun 18 00:24:12 CEST 2014   -  Tue Jun 17 22:24:12 UTC 2014
Checking output files:  
will tar file crab_fjr_19.xml in  out_files_19
WARNING: output file CMSSW_19.stdout not found!
WARNING: output file CMSSW_19.stderr not found!
WARNING: output file Watchdog_19.log.gz not found!
>>> padding time: Sleeping the wrapper for 25 seconds
STOPPING WATCHDOG. CrabWatchdog PID is 32428
********** LAST 50 LINES OF WATCHDOG LOG
# RESOURCE USAGE SUMMARY FOR PROCESS ID 31340
USER       PID %CPU %MEM    VSZ   RSS TTY      STAT START   TIME COMMAND
cms011   31340  0.2  0.0   9500  1596 ?        S    00:14   0:00 /bin/sh /home/cms011/home_cream_385783269/CREAM385783269/glide_O8SL0x/execute/dir_30867/condor_exec.exe 19 1
 
# LIMITS USED BY CRAB WATCHDOG:
# RSS  (KBytes)   : 2300000
# VSZ  (KBytes)   : 100000000
# DISK (MBytes)   : 19000
# CPU TIME        : 720h:0m:0s
# WALL CLOCK TIME : 21h:50m:0s
 
# FOLLOWING PRINTOUT TRACKS MAXIMUM VALUES OF RESOURCES USE
# ONE LINE IS PRINTED EACH TIME A MAXIMUM CHANGES
# IF CHANGE WAS IN RSS OR VSZ ALSO PROCID AND COMMAND ARE PRINTED
# THERE IS NO PRINTOUT FOR CPU/WALL TIME INCREASE
 
# TIME			PID	RSS(KB)	VSZ(KB)	Dsk(MB)	tCPU(s)	tWALL(s)	COMMAND
 Jun 18 00:14:43 CEST	18787	1392	9364	0	0	0	/bin/bash /home/cms011/home_cream_385783269/CREAM385783269/glide_O8SL0x/main/condor_startup.sh glidein_config        
 Jun 18 00:14:43 CEST	25422	1392	106092	0	0	0	sh -c "./glidein_startup.sh" -v std -name v3_0 -entry CMS_T2_IT_Bari_ce2 -clientname UCSD-v1_0.main
 Jun 18 00:14:43 CEST	25433	1776	106492	0	0	0	/bin/bash ./glidein_startup.sh -v std -name v3_0 -entry CMS_T2_IT_Bari_ce2 -clientname UCSD-v1_0.main -schedd
 Jun 18 00:14:43 CEST	26504	8000	106492	0	0	0	/home/cms011/home_cream_385783269/CREAM385783269/glide_O8SL0x/main/condor/sbin/condor_master -f -pidfile /home/cms011/home_cream_385783269/CREAM385783269/glide_O8SL0x/condor_master2.pid       
 Jun 18 00:14:43 CEST	27777	8684	106492	0	0	0	condor_startd -f         
 Jun 18 00:14:43 CEST	32455	21888	106492	0	0	1	edmConfigHash pset.py         
 Jun 18 00:14:43 CEST	---	21888	106492	171	----	----	----
 Jun 18 00:15:44 CEST	8209	179728	397128	171	16	61	cmsRun -j /home/cms011/home_cream_385783269/CREAM385783269/glide_O8SL0x/execute/dir_30867/crab_fjr_19.xml -p pset.py      
 Jun 18 00:15:44 CEST	---	179728	397128	175	----	----	----
 Jun 18 00:16:46 CEST	8209	728104	1002580	175	63	123	cmsRun -j /home/cms011/home_cream_385783269/CREAM385783269/glide_O8SL0x/execute/dir_30867/crab_fjr_19.xml -p pset.py      
 Jun 18 00:17:48 CEST	8209	732752	1016148	175	106	185	cmsRun -j /home/cms011/home_cream_385783269/CREAM385783269/glide_O8SL0x/execute/dir_30867/crab_fjr_19.xml -p pset.py      
 Jun 18 00:19:51 CEST	8209	732896	1022292	175	194	308	cmsRun -j /home/cms011/home_cream_385783269/CREAM385783269/glide_O8SL0x/execute/dir_30867/crab_fjr_19.xml -p pset.py      
 Jun 18 00:21:54 CEST	8209	741760	1031464	175	283	432	cmsRun -j /home/cms011/home_cream_385783269/CREAM385783269/glide_O8SL0x/execute/dir_30867/crab_fjr_19.xml -p pset.py      
 Jun 18 00:22:57 CEST	8209	1277636	1710376	175	345	495	cmsRun -j /home/cms011/home_cream_385783269/CREAM385783269/glide_O8SL0x/execute/dir_30867/crab_fjr_19.xml -p pset.py      
 Jun 18 00:22:57 CEST	---	1277636	1710376	176	----	----	----
 Jun 18 00:23:59 CEST	---	1277636	1710376	179	----	----	----
********** WATCHDOG LOG ENDED
ZIPPING WATCHDOG LOG
Disk space used:
du -sh /home/cms011/home_cream_385783269/CREAM385783269/glide_O8SL0x/execute/dir_30867
179M	/home/cms011/home_cream_385783269/CREAM385783269/glide_O8SL0x/execute/dir_30867
Found unusual stdout, rename for OSB
`/home/cms011/home_cream_385783269/CREAM385783269/glide_O8SL0x/execute/dir_30867/_condor_stdout' -> `CMSSW_19.stdout'
Found unusual stderr, rename for OSB
`/home/cms011/home_cream_385783269/CREAM385783269/glide_O8SL0x/execute/dir_30867/_condor_stdout' -> `CMSSW_19.stderr'
crab_fjr_19.xml
CMSSW_19.stdout
CMSSW_19.stderr
Watchdog_19.log.gz
Total Output dimension: 70053
WARNING: output files size limit is set to: 50000000
Total Output dimension 70053 is fine.
JOB_EXIT_STATUS = 0
>>> info for dashboard:
***** Cat /home/cms011/home_cream_385783269/CREAM385783269/glide_O8SL0x/execute/dir_30867/jobreport.txt *****
MonitorJobID=19_https://vocms20.cern.ch//140616//1841014.18
MonitorID=calabria_MuMinus100_Case2_ReReco_wu9c43
ExeTime=474
ExeExitCode=0
StageOutExitStatusReason = 'Copy succedeed with srm-lcg utils'
StageOutSE = storm-se-01.ba.infn.it
StageOutExitStatus = 0
CrabUserCpuTime=298.95
CrabSysCpuTime=66.63
CrabCpuPercentage=77%
CrabWrapperTime=600
CrabStageoutTime=49
JobExitCode=0
***** End Cat jobreport *****
Parameters sent to Dashboard.
EXITING at Wed Jun 18 00:24:41 CEST 2014  -  Tue Jun 17 22:24:41 UTC 2014
