This script was generated by crab (version 2.10.5_patch1).
Running /home/cms036/home_cream_684096214/CREAM684096214/glide_pttsKW/execute/dir_9837/condor_exec.exe with 2 positional parameters: 1 1
Today is Wed Jun 18 00:40:20 CEST 2014 - Tue Jun 17 22:40:20 UTC 2014
Job submitted on host wizard05.ba.infn.it
Linux wizard05.ba.infn.it 2.6.32-358.23.2.el6.x86_64 #1 SMP Thu Oct 17 10:27:22 CEST 2013 x86_64 x86_64 x86_64 GNU/Linux
>>> current directory (RUNTIME_AREA): /home/cms036/home_cream_684096214/CREAM684096214/glide_pttsKW/execute/dir_9837
>>> current user: uid=18592(cms036) gid=1399(cms) groups=1399(cms)
>>> directory permission set to 0700
>>> umask set to:  u=rwx,g=,o=
>>> stdout stderr permission set to 0704
>>> voms proxy information:
subject   : /C=IT/O=INFN/OU=Personal Certificate/L=Bari/CN=Cesare Calabria/CN=477126703/CN=776339507
issuer    : /C=IT/O=INFN/OU=Personal Certificate/L=Bari/CN=Cesare Calabria/CN=477126703
identity  : /C=IT/O=INFN/OU=Personal Certificate/L=Bari/CN=Cesare Calabria
type      : RFC3820 compliant limited proxy
strength  : 1024
path      : /home/cms036/home_cream_684096214/CREAM684096214/glide_pttsKW/execute/dir_9837/x509up_u50707
timeleft  : 23:59:56
key usage : Digital Signature, Key Encipherment, Data Encipherment
=== VO cms extension information ===
VO        : cms
subject   : /C=IT/O=INFN/OU=Personal Certificate/L=Bari/CN=Cesare Calabria
issuer    : /DC=ch/DC=cern/OU=computers/CN=voms.cern.ch
attribute : /cms/Role=NULL/Capability=NULL
attribute : /cms/itcms/Role=NULL/Capability=NULL
timeleft  : 154:43:58
uri       : voms.cern.ch:15002

WNHostName=wizard05.ba.infn.it
>>> tar --no-same-permissions -xf /home/cms036/home_cream_684096214/CREAM684096214/glide_pttsKW/execute/dir_9837/default.tgz :
Successful untar
>>> Include /home/cms036/home_cream_684096214/CREAM684096214/glide_pttsKW/execute/dir_9837 in PYTHONPATH:
strip arguments
env var CRAB_UNIQUE_JOB_ID set to: calabria_MuMinus5_Case3_ReReco_06ez4u_1_1_iTI
out_files_1
>>> list of expected files on output sandbox
output files: crab_fjr_1.xml CMSSW_1.stdout CMSSW_1.stderr Watchdog_1.log.gz
>>> GridFlavour discovery: 
GridFlavour=LCG
>>> SyncSite discovery: 
SyncSite=T2_IT_Bari
>>> SyncCE discovery: 
getting SyncCE from CE_ID
SyncCE=cream-ce-4.ba.infn.it:8443/cream-pbs-cms
>>> info for dashboard:
***** Cat /home/cms036/home_cream_684096214/CREAM684096214/glide_pttsKW/execute/dir_9837/jobreport.txt *****
WNHostName=wizard05.ba.infn.it
MonitorJobID=1_https://vocms83.cern.ch//140616//86812.0
SyncGridJobId=https://vocms83.cern.ch//140616//86812.0
MonitorID=calabria_MuMinus5_Case3_ReReco_06ez4u
GridFlavour=LCG
SyncSite=T2_IT_Bari
SyncCE=cream-ce-4.ba.infn.it:8443/cream-pbs-cms
***** End Cat jobreport *****
Parameters sent to Dashboard.
>>> setup environment
set SCRAM ARCH to slc5_amd64_gcc472
SCRAM_ARCH = slc5_amd64_gcc472
>>> setup CMS LCG environment:
set SCRAM ARCH and BUILD_ARCH to slc5_amd64_gcc472 ###
Sourcing environment... 
sourcing /cvmfs/cms.cern.ch/cmsset_default.sh
==> setup cms environment ok
>>> specific cmssw setup environment:
CMSSW_VERSION =  CMSSW_6_2_0_SLHC12
>>> current directory (SOFTWARE_DIR): /home/cms036/home_cream_684096214/CREAM684096214/glide_pttsKW/execute/dir_9837/CMSSW_6_2_0_SLHC12
PreserveSeeds: <>
IncrementSeeds:<>
>>> info for dashboard:
***** Cat /home/cms036/home_cream_684096214/CREAM684096214/glide_pttsKW/execute/dir_9837/jobreport.txt *****
MonitorJobID=1_https://vocms83.cern.ch//140616//86812.0
MonitorID=calabria_MuMinus5_Case3_ReReco_06ez4u
***** End Cat jobreport *****
Parameters sent to Dashboard.
crabWatchdog started as process 11833
>>> moving CMSSW software directories in /home/cms036/home_cream_684096214/CREAM684096214/glide_pttsKW/execute/dir_9837/CMSSW_6_2_0_SLHC12
mv: cannot stat `/home/cms036/home_cream_684096214/CREAM684096214/glide_pttsKW/execute/dir_9837/module/': No such file or directory
>>> Include /home/cms036/home_cream_684096214/CREAM684096214/glide_pttsKW/execute/dir_9837 in PYTHONPATH:
PYTHONPATH=/home/cms036/home_cream_684096214/CREAM684096214/glide_pttsKW/execute/dir_9837/:/home/cms036/home_cream_684096214/CREAM684096214/glide_pttsKW/execute/dir_9837/CMSSW_6_2_0_SLHC12/python:/home/cms036/home_cream_684096214/CREAM684096214/glide_pttsKW/execute/dir_9837/CMSSW_6_2_0_SLHC12/lib/slc5_amd64_gcc472:/cvmfs/cms.cern.ch/slc5_amd64_gcc472/cms/cmssw/CMSSW_6_2_0_SLHC12/python:/cvmfs/cms.cern.ch/slc5_amd64_gcc472/cms/cmssw/CMSSW_6_2_0_SLHC12/lib/slc5_amd64_gcc472:/cvmfs/cms.cern.ch/slc5_amd64_gcc472/cms/coral/CORAL_2_3_21-cms36/slc5_amd64_gcc472/python:/cvmfs/cms.cern.ch/slc5_amd64_gcc472/cms/coral/CORAL_2_3_21-cms36/slc5_amd64_gcc472/lib:/cvmfs/cms.cern.ch/slc5_amd64_gcc472/external/pyqt/4.8.1-cms6/lib/python2.7/site-packages:/cvmfs/cms.cern.ch/slc5_amd64_gcc472/external/py2-scipy/0.8.0-cms8/lib/python2.7/site-packages:/cvmfs/cms.cern.ch/slc5_amd64_gcc472/external/py2-matplotlib/1.0.1-cms8/lib/python2.7/site-packages:/cvmfs/cms.cern.ch/slc5_amd64_gcc472/external/python-ldap/2.3.5-cms6/lib/python2.7/site-packages:/cvmfs/cms.cern.ch/slc5_amd64_gcc472/external/sip/4.11.2-cms6/lib/python2.7/site-packages:/cvmfs/cms.cern.ch/slc5_amd64_gcc472/external/py2-pycurl/7.19.0-cms8/lib/python2.7/site-packages:/cvmfs/cms.cern.ch/slc5_amd64_gcc472/external/py2-numpy/1.6.1-cms8/lib/python2.7/site-packages:/cvmfs/cms.cern.ch/slc5_amd64_gcc472/external/py2-lint/0.25.1-cms6/lib/python2.7/site-packages:/cvmfs/cms.cern.ch/slc5_amd64_gcc472/external/py2-ipython/0.10-cms6/lib/python2.7/site-packages:/cvmfs/cms.cern.ch/slc5_amd64_gcc472/external/py2-cx-oracle/5.1-cms7/lib/python2.7/site-packages:/cvmfs/cms.cern.ch/slc5_amd64_gcc472/external/py2-cjson/1.0.5-cms6/lib/python2.7/site-packages:/cvmfs/cms.cern.ch/slc5_amd64_gcc472/cms/das-client/1.11.7/bin:/cvmfs/cms.cern.ch/slc5_amd64_gcc472/external/elementtree/1.2.6-cms6/share/lib/python2.7/site-packages:/cvmfs/cms.cern.ch/slc5_amd64_gcc472/external/rivet/1.8.2-cms8/lib/python2.7/site-packages:/cvmfs/cms.cern.ch/slc5_amd64_gcc472/external/pyminuit2/0.0.1-cms19/lib/python2.7/site-packages:/cvmfs/cms.cern.ch/slc5_amd64_gcc472/external/py2-pygithub/1.23.0/lib/python2.7/site-packages:/cvmfs/cms.cern.ch/slc5_amd64_gcc472/external/professor/1.0.0-cms19/lib/python2.7/site-packages:/cvmfs/cms.cern.ch/slc5_amd64_gcc472/lcg/root/5.34.07-cms/lib:/cvmfs/cms.cern.ch/slc5_amd64_gcc472/cms/dbs-client/DBS_2_1_9-cms5/lib:/cvmfs/cms.cern.ch/slc5_amd64_gcc472/cms/dbs-client/DBS_2_1_9-cms5/lib/DBSAPI:/cvmfs/cms.cern.ch/slc5_amd64_gcc472/external/cvs2git/5419-cms/lib:/home/cms036/home_cream_684096214/CREAM684096214/glide_pttsKW/execute/dir_9837/
 
# LIMITS USED BY CRAB WATCHDOG:
# RSS  (KBytes)   : 2300000
# VSZ  (KBytes)   : 100000000
# DISK (MBytes)   : 19000
# CPU TIME        : 720h:0m:0s
# WALL CLOCK TIME : 21h:50m:0s
 
5854dd31cbd3cdec44c48628cc181cf0
PSETHASH = 5854dd31cbd3cdec44c48628cc181cf0
/home/cms036/home_cream_684096214/CREAM684096214/glide_pttsKW/execute/dir_9837/writeCfg.py pset.py pset.py
Importing .py file
Setting parameters
RandomNumberGeneratorService found, will attempt to change seeds
inputBlocks=/calabria_SingleMuPt5_GEN-SIM-DIGI-RECO_CMSSW_6_2_0_SLHC12_2023Scenario_Case3/calabria-calabria_SingleMuPt5_GEN-SIM-DIGI-RECO_CMSSW_6_2_0_SLHC12_2023Scenario_Case3-01e8787d2102816c4c34c374fc192ef2/USER#bf937189-e7a0-4698-8a62-6b8e3942efdf
inputFiles=/store/user/calabria/calabria_SingleMuPt5_GEN-SIM-DIGI-RECO_CMSSW_6_2_0_SLHC12_2023Scenario_Case3/calabria_SingleMuPt5_GEN-SIM-DIGI-RECO_CMSSW_6_2_0_SLHC12_2023Scenario_Case3/01e8787d2102816c4c34c374fc192ef2/out_reco_10_2_4rE.root;/store/user/calabria/calabria_SingleMuPt5_GEN-SIM-DIGI-RECO_CMSSW_6_2_0_SLHC12_2023Scenario_Case3/calabria_SingleMuPt5_GEN-SIM-DIGI-RECO_CMSSW_6_2_0_SLHC12_2023Scenario_Case3/01e8787d2102816c4c34c374fc192ef2/out_reco_11_2_Q82.root;/store/user/calabria/calabria_SingleMuPt5_GEN-SIM-DIGI-RECO_CMSSW_6_2_0_SLHC12_2023Scenario_Case3/calabria_SingleMuPt5_GEN-SIM-DIGI-RECO_CMSSW_6_2_0_SLHC12_2023Scenario_Case3/01e8787d2102816c4c34c374fc192ef2/out_reco_13_2_z3A.root;/store/user/calabria/calabria_SingleMuPt5_GEN-SIM-DIGI-RECO_CMSSW_6_2_0_SLHC12_2023Scenario_Case3/calabria_SingleMuPt5_GEN-SIM-DIGI-RECO_CMSSW_6_2_0_SLHC12_2023Scenario_Case3/01e8787d2102816c4c34c374fc192ef2/out_reco_14_2_Kfd.root;/store/user/calabria/calabria_SingleMuPt5_GEN-SIM-DIGI-RECO_CMSSW_6_2_0_SLHC12_2023Scenario_Case3/calabria_SingleMuPt5_GEN-SIM-DIGI-RECO_CMSSW_6_2_0_SLHC12_2023Scenario_Case3/01e8787d2102816c4c34c374fc192ef2/out_reco_16_2_Z3n.root;/store/user/calabria/calabria_SingleMuPt5_GEN-SIM-DIGI-RECO_CMSSW_6_2_0_SLHC12_2023Scenario_Case3/calabria_SingleMuPt5_GEN-SIM-DIGI-RECO_CMSSW_6_2_0_SLHC12_2023Scenario_Case3/01e8787d2102816c4c34c374fc192ef2/out_reco_30_2_BNV.root;/store/user/calabria/calabria_SingleMuPt5_GEN-SIM-DIGI-RECO_CMSSW_6_2_0_SLHC12_2023Scenario_Case3/calabria_SingleMuPt5_GEN-SIM-DIGI-RECO_CMSSW_6_2_0_SLHC12_2023Scenario_Case3/01e8787d2102816c4c34c374fc192ef2/out_reco_58_2_IOS.root;/store/user/calabria/calabria_SingleMuPt5_GEN-SIM-DIGI-RECO_CMSSW_6_2_0_SLHC12_2023Scenario_Case3/calabria_SingleMuPt5_GEN-SIM-DIGI-RECO_CMSSW_6_2_0_SLHC12_2023Scenario_Case3/01e8787d2102816c4c34c374fc192ef2/out_reco_59_2_M7q.root;/store/user/calabria/calabria_SingleMuPt5_GEN-SIM-DIGI-RECO_CMSSW_6_2_0_SLHC12_2023Scenario_Case3/calabria_SingleMuPt5_GEN-SIM-DIGI-RECO_CMSSW_6_2_0_SLHC12_2023Scenario_Case3/01e8787d2102816c4c34c374fc192ef2/out_reco_66_2_6AE.root;/store/user/calabria/calabria_SingleMuPt5_GEN-SIM-DIGI-RECO_CMSSW_6_2_0_SLHC12_2023Scenario_Case3/calabria_SingleMuPt5_GEN-SIM-DIGI-RECO_CMSSW_6_2_0_SLHC12_2023Scenario_Case3/01e8787d2102816c4c34c374fc192ef2/out_reco_77_2_apG.root
parentFiles=
lumisRange=
>>> Executable cmsRun
/cvmfs/cms.cern.ch/slc5_amd64_gcc472/cms/cmssw/CMSSW_6_2_0_SLHC12/bin/slc5_amd64_gcc472/cmsRun
ok executable found
>>> info for dashboard:
***** Cat /home/cms036/home_cream_684096214/CREAM684096214/glide_pttsKW/execute/dir_9837/jobreport.txt *****
MonitorJobID=1_https://vocms83.cern.ch//140616//86812.0
MonitorID=calabria_MuMinus5_Case3_ReReco_06ez4u
ExeStart=cmsRun
***** End Cat jobreport *****
Parameters sent to Dashboard.
>>> cmsRun started at Tue Jun 17 22:40:47 UTC 2014
>>> cmsRun ended at Tue Jun 17 22:46:36 UTC 2014
>>> crab_fjr_*.xml  permission set to 0704
>>> info for dashboard:
***** Cat /home/cms036/home_cream_684096214/CREAM684096214/glide_pttsKW/execute/dir_9837/jobreport.txt *****
MonitorJobID=1_https://vocms83.cern.ch//140616//86812.0
MonitorID=calabria_MuMinus5_Case3_ReReco_06ez4u
ExeEnd=cmsRun
***** End Cat jobreport *****
Parameters sent to Dashboard.
TIME_EXE = 349 sec
>>> cmsRun wrote 50 lines of stdout+stderr
>>> START OF printout of 50 lines from stdout+stderr
271 DQMStore::DQMStore 
HcalTopologyIdealEP::HcalTopologyIdealEP
18-Jun-2014 00:41:05 CEST  Initiating request to open file file:/lustre/cms//store/user/calabria/calabria_SingleMuPt5_GEN-SIM-DIGI-RECO_CMSSW_6_2_0_SLHC12_2023Scenario_Case3/calabria_SingleMuPt5_GEN-SIM-DIGI-RECO_CMSSW_6_2_0_SLHC12_2023Scenario_Case3/01e8787d2102816c4c34c374fc192ef2/out_reco_10_2_4rE.root
18-Jun-2014 00:41:07 CEST  Successfully opened file file:/lustre/cms//store/user/calabria/calabria_SingleMuPt5_GEN-SIM-DIGI-RECO_CMSSW_6_2_0_SLHC12_2023Scenario_Case3/calabria_SingleMuPt5_GEN-SIM-DIGI-RECO_CMSSW_6_2_0_SLHC12_2023Scenario_Case3/01e8787d2102816c4c34c374fc192ef2/out_reco_10_2_4rE.root
18-Jun-2014 00:41:45 CEST  Closed file file:/lustre/cms//store/user/calabria/calabria_SingleMuPt5_GEN-SIM-DIGI-RECO_CMSSW_6_2_0_SLHC12_2023Scenario_Case3/calabria_SingleMuPt5_GEN-SIM-DIGI-RECO_CMSSW_6_2_0_SLHC12_2023Scenario_Case3/01e8787d2102816c4c34c374fc192ef2/out_reco_10_2_4rE.root
18-Jun-2014 00:41:45 CEST  Initiating request to open file file:/lustre/cms//store/user/calabria/calabria_SingleMuPt5_GEN-SIM-DIGI-RECO_CMSSW_6_2_0_SLHC12_2023Scenario_Case3/calabria_SingleMuPt5_GEN-SIM-DIGI-RECO_CMSSW_6_2_0_SLHC12_2023Scenario_Case3/01e8787d2102816c4c34c374fc192ef2/out_reco_11_2_Q82.root
18-Jun-2014 00:41:45 CEST  Successfully opened file file:/lustre/cms//store/user/calabria/calabria_SingleMuPt5_GEN-SIM-DIGI-RECO_CMSSW_6_2_0_SLHC12_2023Scenario_Case3/calabria_SingleMuPt5_GEN-SIM-DIGI-RECO_CMSSW_6_2_0_SLHC12_2023Scenario_Case3/01e8787d2102816c4c34c374fc192ef2/out_reco_11_2_Q82.root
18-Jun-2014 00:42:18 CEST  Closed file file:/lustre/cms//store/user/calabria/calabria_SingleMuPt5_GEN-SIM-DIGI-RECO_CMSSW_6_2_0_SLHC12_2023Scenario_Case3/calabria_SingleMuPt5_GEN-SIM-DIGI-RECO_CMSSW_6_2_0_SLHC12_2023Scenario_Case3/01e8787d2102816c4c34c374fc192ef2/out_reco_11_2_Q82.root
18-Jun-2014 00:42:18 CEST  Initiating request to open file file:/lustre/cms//store/user/calabria/calabria_SingleMuPt5_GEN-SIM-DIGI-RECO_CMSSW_6_2_0_SLHC12_2023Scenario_Case3/calabria_SingleMuPt5_GEN-SIM-DIGI-RECO_CMSSW_6_2_0_SLHC12_2023Scenario_Case3/01e8787d2102816c4c34c374fc192ef2/out_reco_13_2_z3A.root
18-Jun-2014 00:42:18 CEST  Successfully opened file file:/lustre/cms//store/user/calabria/calabria_SingleMuPt5_GEN-SIM-DIGI-RECO_CMSSW_6_2_0_SLHC12_2023Scenario_Case3/calabria_SingleMuPt5_GEN-SIM-DIGI-RECO_CMSSW_6_2_0_SLHC12_2023Scenario_Case3/01e8787d2102816c4c34c374fc192ef2/out_reco_13_2_z3A.root
18-Jun-2014 00:42:46 CEST  Closed file file:/lustre/cms//store/user/calabria/calabria_SingleMuPt5_GEN-SIM-DIGI-RECO_CMSSW_6_2_0_SLHC12_2023Scenario_Case3/calabria_SingleMuPt5_GEN-SIM-DIGI-RECO_CMSSW_6_2_0_SLHC12_2023Scenario_Case3/01e8787d2102816c4c34c374fc192ef2/out_reco_13_2_z3A.root
18-Jun-2014 00:42:46 CEST  Initiating request to open file file:/lustre/cms//store/user/calabria/calabria_SingleMuPt5_GEN-SIM-DIGI-RECO_CMSSW_6_2_0_SLHC12_2023Scenario_Case3/calabria_SingleMuPt5_GEN-SIM-DIGI-RECO_CMSSW_6_2_0_SLHC12_2023Scenario_Case3/01e8787d2102816c4c34c374fc192ef2/out_reco_14_2_Kfd.root
18-Jun-2014 00:42:47 CEST  Successfully opened file file:/lustre/cms//store/user/calabria/calabria_SingleMuPt5_GEN-SIM-DIGI-RECO_CMSSW_6_2_0_SLHC12_2023Scenario_Case3/calabria_SingleMuPt5_GEN-SIM-DIGI-RECO_CMSSW_6_2_0_SLHC12_2023Scenario_Case3/01e8787d2102816c4c34c374fc192ef2/out_reco_14_2_Kfd.root
18-Jun-2014 00:43:17 CEST  Closed file file:/lustre/cms//store/user/calabria/calabria_SingleMuPt5_GEN-SIM-DIGI-RECO_CMSSW_6_2_0_SLHC12_2023Scenario_Case3/calabria_SingleMuPt5_GEN-SIM-DIGI-RECO_CMSSW_6_2_0_SLHC12_2023Scenario_Case3/01e8787d2102816c4c34c374fc192ef2/out_reco_14_2_Kfd.root
18-Jun-2014 00:43:17 CEST  Initiating request to open file file:/lustre/cms//store/user/calabria/calabria_SingleMuPt5_GEN-SIM-DIGI-RECO_CMSSW_6_2_0_SLHC12_2023Scenario_Case3/calabria_SingleMuPt5_GEN-SIM-DIGI-RECO_CMSSW_6_2_0_SLHC12_2023Scenario_Case3/01e8787d2102816c4c34c374fc192ef2/out_reco_16_2_Z3n.root
18-Jun-2014 00:43:17 CEST  Successfully opened file file:/lustre/cms//store/user/calabria/calabria_SingleMuPt5_GEN-SIM-DIGI-RECO_CMSSW_6_2_0_SLHC12_2023Scenario_Case3/calabria_SingleMuPt5_GEN-SIM-DIGI-RECO_CMSSW_6_2_0_SLHC12_2023Scenario_Case3/01e8787d2102816c4c34c374fc192ef2/out_reco_16_2_Z3n.root
18-Jun-2014 00:43:48 CEST  Closed file file:/lustre/cms//store/user/calabria/calabria_SingleMuPt5_GEN-SIM-DIGI-RECO_CMSSW_6_2_0_SLHC12_2023Scenario_Case3/calabria_SingleMuPt5_GEN-SIM-DIGI-RECO_CMSSW_6_2_0_SLHC12_2023Scenario_Case3/01e8787d2102816c4c34c374fc192ef2/out_reco_16_2_Z3n.root
18-Jun-2014 00:43:48 CEST  Initiating request to open file file:/lustre/cms//store/user/calabria/calabria_SingleMuPt5_GEN-SIM-DIGI-RECO_CMSSW_6_2_0_SLHC12_2023Scenario_Case3/calabria_SingleMuPt5_GEN-SIM-DIGI-RECO_CMSSW_6_2_0_SLHC12_2023Scenario_Case3/01e8787d2102816c4c34c374fc192ef2/out_reco_30_2_BNV.root
18-Jun-2014 00:43:48 CEST  Successfully opened file file:/lustre/cms//store/user/calabria/calabria_SingleMuPt5_GEN-SIM-DIGI-RECO_CMSSW_6_2_0_SLHC12_2023Scenario_Case3/calabria_SingleMuPt5_GEN-SIM-DIGI-RECO_CMSSW_6_2_0_SLHC12_2023Scenario_Case3/01e8787d2102816c4c34c374fc192ef2/out_reco_30_2_BNV.root
18-Jun-2014 00:44:19 CEST  Closed file file:/lustre/cms//store/user/calabria/calabria_SingleMuPt5_GEN-SIM-DIGI-RECO_CMSSW_6_2_0_SLHC12_2023Scenario_Case3/calabria_SingleMuPt5_GEN-SIM-DIGI-RECO_CMSSW_6_2_0_SLHC12_2023Scenario_Case3/01e8787d2102816c4c34c374fc192ef2/out_reco_30_2_BNV.root
18-Jun-2014 00:44:19 CEST  Initiating request to open file file:/lustre/cms//store/user/calabria/calabria_SingleMuPt5_GEN-SIM-DIGI-RECO_CMSSW_6_2_0_SLHC12_2023Scenario_Case3/calabria_SingleMuPt5_GEN-SIM-DIGI-RECO_CMSSW_6_2_0_SLHC12_2023Scenario_Case3/01e8787d2102816c4c34c374fc192ef2/out_reco_58_2_IOS.root
18-Jun-2014 00:44:20 CEST  Successfully opened file file:/lustre/cms//store/user/calabria/calabria_SingleMuPt5_GEN-SIM-DIGI-RECO_CMSSW_6_2_0_SLHC12_2023Scenario_Case3/calabria_SingleMuPt5_GEN-SIM-DIGI-RECO_CMSSW_6_2_0_SLHC12_2023Scenario_Case3/01e8787d2102816c4c34c374fc192ef2/out_reco_58_2_IOS.root
18-Jun-2014 00:44:51 CEST  Closed file file:/lustre/cms//store/user/calabria/calabria_SingleMuPt5_GEN-SIM-DIGI-RECO_CMSSW_6_2_0_SLHC12_2023Scenario_Case3/calabria_SingleMuPt5_GEN-SIM-DIGI-RECO_CMSSW_6_2_0_SLHC12_2023Scenario_Case3/01e8787d2102816c4c34c374fc192ef2/out_reco_58_2_IOS.root
18-Jun-2014 00:44:51 CEST  Initiating request to open file file:/lustre/cms//store/user/calabria/calabria_SingleMuPt5_GEN-SIM-DIGI-RECO_CMSSW_6_2_0_SLHC12_2023Scenario_Case3/calabria_SingleMuPt5_GEN-SIM-DIGI-RECO_CMSSW_6_2_0_SLHC12_2023Scenario_Case3/01e8787d2102816c4c34c374fc192ef2/out_reco_59_2_M7q.root
18-Jun-2014 00:44:51 CEST  Successfully opened file file:/lustre/cms//store/user/calabria/calabria_SingleMuPt5_GEN-SIM-DIGI-RECO_CMSSW_6_2_0_SLHC12_2023Scenario_Case3/calabria_SingleMuPt5_GEN-SIM-DIGI-RECO_CMSSW_6_2_0_SLHC12_2023Scenario_Case3/01e8787d2102816c4c34c374fc192ef2/out_reco_59_2_M7q.root
18-Jun-2014 00:45:25 CEST  Closed file file:/lustre/cms//store/user/calabria/calabria_SingleMuPt5_GEN-SIM-DIGI-RECO_CMSSW_6_2_0_SLHC12_2023Scenario_Case3/calabria_SingleMuPt5_GEN-SIM-DIGI-RECO_CMSSW_6_2_0_SLHC12_2023Scenario_Case3/01e8787d2102816c4c34c374fc192ef2/out_reco_59_2_M7q.root
18-Jun-2014 00:45:25 CEST  Initiating request to open file file:/lustre/cms//store/user/calabria/calabria_SingleMuPt5_GEN-SIM-DIGI-RECO_CMSSW_6_2_0_SLHC12_2023Scenario_Case3/calabria_SingleMuPt5_GEN-SIM-DIGI-RECO_CMSSW_6_2_0_SLHC12_2023Scenario_Case3/01e8787d2102816c4c34c374fc192ef2/out_reco_66_2_6AE.root
18-Jun-2014 00:45:25 CEST  Successfully opened file file:/lustre/cms//store/user/calabria/calabria_SingleMuPt5_GEN-SIM-DIGI-RECO_CMSSW_6_2_0_SLHC12_2023Scenario_Case3/calabria_SingleMuPt5_GEN-SIM-DIGI-RECO_CMSSW_6_2_0_SLHC12_2023Scenario_Case3/01e8787d2102816c4c34c374fc192ef2/out_reco_66_2_6AE.root
18-Jun-2014 00:46:00 CEST  Closed file file:/lustre/cms//store/user/calabria/calabria_SingleMuPt5_GEN-SIM-DIGI-RECO_CMSSW_6_2_0_SLHC12_2023Scenario_Case3/calabria_SingleMuPt5_GEN-SIM-DIGI-RECO_CMSSW_6_2_0_SLHC12_2023Scenario_Case3/01e8787d2102816c4c34c374fc192ef2/out_reco_66_2_6AE.root
18-Jun-2014 00:46:00 CEST  Initiating request to open file file:/lustre/cms//store/user/calabria/calabria_SingleMuPt5_GEN-SIM-DIGI-RECO_CMSSW_6_2_0_SLHC12_2023Scenario_Case3/calabria_SingleMuPt5_GEN-SIM-DIGI-RECO_CMSSW_6_2_0_SLHC12_2023Scenario_Case3/01e8787d2102816c4c34c374fc192ef2/out_reco_77_2_apG.root
18-Jun-2014 00:46:00 CEST  Successfully opened file file:/lustre/cms//store/user/calabria/calabria_SingleMuPt5_GEN-SIM-DIGI-RECO_CMSSW_6_2_0_SLHC12_2023Scenario_Case3/calabria_SingleMuPt5_GEN-SIM-DIGI-RECO_CMSSW_6_2_0_SLHC12_2023Scenario_Case3/01e8787d2102816c4c34c374fc192ef2/out_reco_77_2_apG.root
18-Jun-2014 00:46:35 CEST  Closed file file:/lustre/cms//store/user/calabria/calabria_SingleMuPt5_GEN-SIM-DIGI-RECO_CMSSW_6_2_0_SLHC12_2023Scenario_Case3/calabria_SingleMuPt5_GEN-SIM-DIGI-RECO_CMSSW_6_2_0_SLHC12_2023Scenario_Case3/01e8787d2102816c4c34c374fc192ef2/out_reco_77_2_apG.root

=============================================

MessageLogger Summary

 type     category        sev    module        subroutine        count    total
 ---- -------------------- -- ---------------- ----------------  -----    -----
    1 fileAction           -s file_close                            10       10
    2 fileAction           -s file_open                             20       20

 type    category    Examples: run/evt        run/evt          run/evt
 ---- -------------------- ---------------- ---------------- ----------------
    1 fileAction           PostProcessEvent PostProcessEvent PostEndRun
    2 fileAction           pre-events       pre-events       PostProcessEvent

Severity    # Occurrences   Total Occurrences
--------    -------------   -----------------
System                 30                  30
>>> END OF printout of 50 lines from stdout+stderr
>>> Parse FrameworkJobReport crab_fjr.xml
Result of parsing the FrameworkJobReport crab_fjr.xml: Popularity start
lumisRange : 1::::1;1::::2;1::::3;1::::4;1::::5;1::::6;1::::7;1::::8;1::::9;1::::10;
lumisParentRange : 
Basename : /store/user/calabria/calabria_SingleMuPt5_GEN-SIM-DIGI-RECO_CMSSW_6_2_0_SLHC12_2023Scenario_Case3/calabria_SingleMuPt5_GEN-SIM-DIGI-RECO_CMSSW_6_2_0_SLHC12_2023Scenario_Case3/01e8787d2102816c4c34c374fc192ef2/out_reco_
BasenameParent : 
parentFiles : 
inputBlocks : /calabria_SingleMuPt5_GEN-SIM-DIGI-RECO_CMSSW_6_2_0_SLHC12_2023Scenario_Case3/calabria-calabria_SingleMuPt5_GEN-SIM-DIGI-RECO_CMSSW_6_2_0_SLHC12_2023Scenario_Case3-01e8787d2102816c4c34c374fc192ef2/USER#bf937189-e7a0-4698-8a62-6b8e3942efdf
inputFiles : 30_2_BNV.root::1::EDM::Local::1;14_2_Kfd.root::1::EDM::Local::2;59_2_M7q.root::1::EDM::Local::3;11_2_Q82.root::1::EDM::Local::4;10_2_4rE.root::1::EDM::Local::5;77_2_apG.root::1::EDM::Local::6;58_2_IOS.root::1::EDM::Local::7;66_2_6AE.root::1::EDM::Local::8;16_2_Z3n.root::1::EDM::Local::9;13_2_z3A.root::1::EDM::Local::10;
Popularity stop
Extracted ExitStatus from FrameworkJobReport parsing output: 0
>>> Executable succeded  0
ExeExitCode=0
EXECUTABLE_EXIT_STATUS = 0
>>> current directory /home/cms036/home_cream_684096214/CREAM684096214/glide_pttsKW/execute/dir_9837/CMSSW_6_2_0_SLHC12
>>>  (SOFTWARE_DIR): /home/cms036/home_cream_684096214/CREAM684096214/glide_pttsKW/execute/dir_9837/CMSSW_6_2_0_SLHC12
>>> (WORKING_DIR): 
>>> current directory content:
total 10468
drwxr-xr-x 3 cms036 cms    4096 Jun 18 00:40 .SCRAM
-rw------- 1 cms036 cms 3740519 Jun 18 00:40 CMSSW.py.pkl
drwxr-xr-x 3 cms036 cms    4096 Jun 18 00:40 bin
drwxr-xr-x 3 cms036 cms    4096 Jun 18 00:40 cfipython
drwxr-xr-x 4 cms036 cms    4096 Jun 18 00:40 config
-rw------- 1 cms036 cms      16 Jun 18 00:46 cpu_timing.txt
drwxr-xr-x 2 cms036 cms    4096 Jun 18 00:40 doc
-rw------- 1 cms036 cms    9835 Jun 18 00:46 executable.out
drwxr-xr-x 2 cms036 cms    4096 Jun 18 00:40 include
drwx------ 3 cms036 cms    4096 Apr 28 18:12 lib
drwxr-xr-x 3 cms036 cms    4096 Jun 18 00:40 logs
drwxr-xr-x 3 cms036 cms    4096 Jun 18 00:40 objs
-rw------- 1 cms036 cms     104 Jun 18 00:40 pset.py
-rw------- 1 cms036 cms 3712279 Jun 18 00:40 pset.py.pkl
-rw------- 1 cms036 cms     289 Jun 18 00:40 pset.pyc
drwxr-xr-x 2 cms036 cms    4096 Jun 18 00:40 python
-rw------- 1 cms036 cms     383 Jun 18 00:46 report.log
drwx------ 6 cms036 cms    4096 Jun 18 00:40 src
drwxr-xr-x 3 cms036 cms    4096 Jun 18 00:40 test
drwxr-xr-x 3 cms036 cms    4096 Jun 18 00:40 tmp
-rw------- 1 cms036 cms 3163387 Jun 18 00:46 validationEDM.root
>>> current directory /home/cms036/home_cream_684096214/CREAM684096214/glide_pttsKW/execute/dir_9837/CMSSW_6_2_0_SLHC12
>>> (SOFTWARE_DIR): /home/cms036/home_cream_684096214/CREAM684096214/glide_pttsKW/execute/dir_9837/CMSSW_6_2_0_SLHC12
>>> (WORKING_DIR): 
>>> current directory content:
total 10468
drwxr-xr-x 3 cms036 cms    4096 Jun 18 00:40 .SCRAM
-rw------- 1 cms036 cms 3740519 Jun 18 00:40 CMSSW.py.pkl
drwxr-xr-x 3 cms036 cms    4096 Jun 18 00:40 bin
drwxr-xr-x 3 cms036 cms    4096 Jun 18 00:40 cfipython
drwxr-xr-x 4 cms036 cms    4096 Jun 18 00:40 config
-rw------- 1 cms036 cms      16 Jun 18 00:46 cpu_timing.txt
drwxr-xr-x 2 cms036 cms    4096 Jun 18 00:40 doc
-rw------- 1 cms036 cms    9835 Jun 18 00:46 executable.out
drwxr-xr-x 2 cms036 cms    4096 Jun 18 00:40 include
drwx------ 3 cms036 cms    4096 Apr 28 18:12 lib
drwxr-xr-x 3 cms036 cms    4096 Jun 18 00:40 logs
drwxr-xr-x 3 cms036 cms    4096 Jun 18 00:40 objs
-rw------- 1 cms036 cms     104 Jun 18 00:40 pset.py
-rw------- 1 cms036 cms 3712279 Jun 18 00:40 pset.py.pkl
-rw------- 1 cms036 cms     289 Jun 18 00:40 pset.pyc
drwxr-xr-x 2 cms036 cms    4096 Jun 18 00:40 python
-rw------- 1 cms036 cms     383 Jun 18 00:46 report.log
drwx------ 6 cms036 cms    4096 Jun 18 00:40 src
drwxr-xr-x 3 cms036 cms    4096 Jun 18 00:40 test
drwxr-xr-x 3 cms036 cms    4096 Jun 18 00:40 tmp
-rw------- 1 cms036 cms 3163387 Jun 18 00:46 validationEDM_1_1_iTI.root
>>> current directory (RUNTIME_AREA):  /home/cms036/home_cream_684096214/CREAM684096214/glide_pttsKW/execute/dir_9837
SE = storm-se-01.ba.infn.it
SE_PATH = /srm/managerv2?SFN=//cms/store/user/calabria/calabria_SingleMuPt5_GEN-SIM-DIGI-RECO_CMSSW_6_2_0_SLHC12_2023Scenario_Case3/calabria_MuMinus5_GEN-SIM-DIGI-RECO_CMSSW_6_2_0_SLHC12_2023Scenario_VALNOPU2_Case3/5854dd31cbd3cdec44c48628cc181cf0/
LFNBaseName = /store/user/calabria/calabria_SingleMuPt5_GEN-SIM-DIGI-RECO_CMSSW_6_2_0_SLHC12_2023Scenario_Case3/calabria_MuMinus5_GEN-SIM-DIGI-RECO_CMSSW_6_2_0_SLHC12_2023Scenario_VALNOPU2_Case3/5854dd31cbd3cdec44c48628cc181cf0/
USER = calabria
endpoint = srm://storm-se-01.ba.infn.it:8444/srm/managerv2?SFN=//cms/store/user/calabria/calabria_SingleMuPt5_GEN-SIM-DIGI-RECO_CMSSW_6_2_0_SLHC12_2023Scenario_Case3/calabria_MuMinus5_GEN-SIM-DIGI-RECO_CMSSW_6_2_0_SLHC12_2023Scenario_VALNOPU2_Case3/5854dd31cbd3cdec44c48628cc181cf0/
>>> Copy output files from WN = wizard05.ba.infn.it to /srm/managerv2?SFN=//cms/store/user/calabria/calabria_SingleMuPt5_GEN-SIM-DIGI-RECO_CMSSW_6_2_0_SLHC12_2023Scenario_Case3/calabria_MuMinus5_GEN-SIM-DIGI-RECO_CMSSW_6_2_0_SLHC12_2023Scenario_VALNOPU2_Case3/5854dd31cbd3cdec44c48628cc181cf0/ :
python cmscp.py  --destination srm://storm-se-01.ba.infn.it:8444/srm/managerv2?SFN=//cms/store/user/calabria/calabria_SingleMuPt5_GEN-SIM-DIGI-RECO_CMSSW_6_2_0_SLHC12_2023Scenario_Case3/calabria_MuMinus5_GEN-SIM-DIGI-RECO_CMSSW_6_2_0_SLHC12_2023Scenario_VALNOPU2_Case3/5854dd31cbd3cdec44c48628cc181cf0/ --inputFileList /home/cms036/home_cream_684096214/CREAM684096214/glide_pttsKW/execute/dir_9837/CMSSW_6_2_0_SLHC12/validationEDM_1_1_iTI.root --middleware LCG --se_name storm-se-01.ba.infn.it --for_lfn /store/user/calabria/calabria_SingleMuPt5_GEN-SIM-DIGI-RECO_CMSSW_6_2_0_SLHC12_2023Scenario_Case3/calabria_MuMinus5_GEN-SIM-DIGI-RECO_CMSSW_6_2_0_SLHC12_2023Scenario_VALNOPU2_Case3/5854dd31cbd3cdec44c48628cc181cf0/    
******************************************************
localSeName  =  storm-se-01.ba.infn.it
remoteSeName =  storm-se-01.ba.infn.it
******************************************************
{"/home/cms036/home_cream_684096214/CREAM684096214/glide_pttsKW/execute/dir_9837/CMSSW_6_2_0_SLHC12/validationEDM_1_1_iTI.root": {"endpoint": "srm://storm-se-01.ba.infn.it:8444/srm/managerv2?SFN=//cms/store/user/calabria/calabria_SingleMuPt5_GEN-SIM-DIGI-RECO_CMSSW_6_2_0_SLHC12_2023Scenario_Case3/calabria_MuMinus5_GEN-SIM-DIGI-RECO_CMSSW_6_2_0_SLHC12_2023Scenario_VALNOPU2_Case3/5854dd31cbd3cdec44c48628cc181cf0/", "surl_for_grid": "", "reason": "Copy succedeed with srm-lcg utils", "erCode": "0", "se_name": "storm-se-01.ba.infn.it", "for_lfn": "/store/user/calabria/calabria_SingleMuPt5_GEN-SIM-DIGI-RECO_CMSSW_6_2_0_SLHC12_2023Scenario_Case3/calabria_MuMinus5_GEN-SIM-DIGI-RECO_CMSSW_6_2_0_SLHC12_2023Scenario_VALNOPU2_Case3/5854dd31cbd3cdec44c48628cc181cf0/"}}/home/cms036/home_cream_684096214/CREAM684096214/glide_pttsKW/execute/dir_9837
-------- cat /home/cms036/home_cream_684096214/CREAM684096214/glide_pttsKW/execute/dir_9837/cmscpReport.sh 
#!/bin/bash
echo "Report for File: /home/cms036/home_cream_684096214/CREAM684096214/glide_pttsKW/execute/dir_9837/CMSSW_6_2_0_SLHC12/validationEDM_1_1_iTI.root"
echo "LFN: /store/user/calabria/calabria_SingleMuPt5_GEN-SIM-DIGI-RECO_CMSSW_6_2_0_SLHC12_2023Scenario_Case3/calabria_MuMinus5_GEN-SIM-DIGI-RECO_CMSSW_6_2_0_SLHC12_2023Scenario_VALNOPU2_Case3/5854dd31cbd3cdec44c48628cc181cf0/validationEDM_1_1_iTI.root"
echo "StorageElement: storm-se-01.ba.infn.it"
echo "StageOutExitStatusReason = 'Copy succedeed with srm-lcg utils'" | tee -a $RUNTIME_AREA/$repo
echo "StageOutSE = storm-se-01.ba.infn.it" >> $RUNTIME_AREA/$repo

export StageOutExitStatus=0
echo "StageOutExitStatus = 0" | tee -a $RUNTIME_AREA/$repo
-------- end of /home/cms036/home_cream_684096214/CREAM684096214/glide_pttsKW/execute/dir_9837/cmscpReport.sh 
Report for File: /home/cms036/home_cream_684096214/CREAM684096214/glide_pttsKW/execute/dir_9837/CMSSW_6_2_0_SLHC12/validationEDM_1_1_iTI.root
LFN: /store/user/calabria/calabria_SingleMuPt5_GEN-SIM-DIGI-RECO_CMSSW_6_2_0_SLHC12_2023Scenario_Case3/calabria_MuMinus5_GEN-SIM-DIGI-RECO_CMSSW_6_2_0_SLHC12_2023Scenario_VALNOPU2_Case3/5854dd31cbd3cdec44c48628cc181cf0/validationEDM_1_1_iTI.root
StorageElement: storm-se-01.ba.infn.it
StageOutExitStatusReason = 'Copy succedeed with srm-lcg utils'
StageOutExitStatus = 0
>>> current dir: /home/cms036/home_cream_684096214/CREAM684096214/glide_pttsKW/execute/dir_9837
>>> current dir content:
total 28076
-rw-------  1 cms036 cms     2763 Jun 18 00:47 .SEinteraction.log
-rwx------  1 cms036 cms     6778 Jun 18 00:40 .job.ad
-rwx------  1 cms036 cms     9434 Jun 18 00:40 .machine.ad
-rw-------  1 cms036 cms      105 Jun 16 20:43 CMSSW.py
-rw-------  1 cms036 cms  3740519 Jun 16 20:43 CMSSW.py.pkl
-rwx------  1 cms036 cms    29543 Jun 18 00:40 CMSSW.sh
drwxr-xr-x 15 cms036 cms     4096 Jun 18 00:46 CMSSW_6_2_0_SLHC12
-rw-------  1 cms036 cms      219 Jun 18 00:40 CacheEnv.sh
-rw-------  1 cms036 cms     7291 Apr  4 11:04 DashboardAPI.py
-rw-------  1 cms036 cms     6800 Jun 18 00:40 DashboardAPI.pyc
drwx------  2 cms036 cms     4096 Jun 18 00:46 IMProv
-rw-------  1 cms036 cms     2748 Apr  4 11:04 Logger.py
-rw-------  1 cms036 cms     3342 Jun 18 00:40 Logger.pyc
-rw-------  1 cms036 cms    24524 Apr  4 11:04 ProcInfo.py
-rw-------  1 cms036 cms    23173 Jun 18 00:40 ProcInfo.pyc
drwx------  7 cms036 cms     4096 Jun 18 00:40 ProdCommon
drwx------  3 cms036 cms     4096 Jun 18 00:40 WMCore
-rw-------  1 cms036 cms     2141 Jun 18 00:46 Watchdog_1.log
-rwx------  1 cms036 cms        0 Jun 18 00:40 _condor_stderr
-rwx---r--  1 cms036 cms    29181 Jun 18 00:47 _condor_stdout
-rw-------  1 cms036 cms    32895 Apr  4 11:04 apmon.py
-rw-------  1 cms036 cms    28596 Jun 18 00:40 apmon.pyc
-rwx------  1 cms036 cms    53372 Jun 18 00:40 arguments.xml
-rwx------  1 cms036 cms    38515 Apr  4 11:04 cmscp.py
-rw-------  1 cms036 cms      713 Jun 18 00:47 cmscpReport.sh
-rwx------  1 cms036 cms    29543 Jun 18 00:40 condor_exec.exe
-rw-------  1 cms036 cms      953 Jun 16 20:43 crab.cfg
-rwx------  1 cms036 cms     8610 Apr  4 11:04 crabWatchdog.sh
-rwx---r--  1 cms036 cms   523139 Jun 18 00:46 crab_fjr_1.xml
-rwx------  1 cms036 cms 23956644 Jun 18 00:40 default.tgz
-rwx------  1 cms036 cms     4488 Apr  4 11:04 fillCrabFjr.py
-rw-------  1 cms036 cms     2597 Jun 18 00:40 inputsReport.txt
-rw-------  1 cms036 cms      252 Jun 18 00:47 jobreport.txt
-rw-------  1 cms036 cms    17352 Apr  4 11:04 parseCrabFjr.py
-rw-------  1 cms036 cms      313 Jun 18 00:40 report.log
-rwx--x--x  1 cms036 cms     1497 Apr  4 11:04 report.py
-rw-------  1 cms036 cms      766 Jun 18 00:47 resultCopyFile
lrwxrwxrwx  1 cms036 cms      124 Jun 18 00:46 validationEDM.root -> /home/cms036/home_cream_684096214/CREAM684096214/glide_pttsKW/execute/dir_9837/CMSSW_6_2_0_SLHC12/validationEDM_1_1_iTI.root
-rwx------  1 cms036 cms     8387 Apr  4 11:04 writeCfg.py
-rw-------  1 cms036 cms     8010 Jun 18 00:40 x509up_u50707
>>> Modify Job Report:
CMSSW_VERSION = CMSSW_6_2_0_SLHC12
ProcessedDataset = calabria_MuMinus5_GEN-SIM-DIGI-RECO_CMSSW_6_2_0_SLHC12_2023Scenario_VALNOPU2_Case3
/home/cms036/home_cream_684096214/CREAM684096214/glide_pttsKW/execute/dir_9837/ProdCommon/FwkJobRep/ModifyJobReport.py fjr /home/cms036/home_cream_684096214/CREAM684096214/glide_pttsKW/execute/dir_9837/crab_fjr_1.xml json /home/cms036/home_cream_684096214/CREAM684096214/glide_pttsKW/execute/dir_9837/resultCopyFile n_job 1_1_iTI PrimaryDataset calabria_SingleMuPt5_GEN-SIM-DIGI-RECO_CMSSW_6_2_0_SLHC12_2023Scenario_Case3  ApplicationFamily cmsRun ApplicationName cmsRun cmssw_version CMSSW_6_2_0_SLHC12 psethash 5854dd31cbd3cdec44c48628cc181cf0 UserProcessedDataset calabria-calabria_MuMinus5_GEN-SIM-DIGI-RECO_CMSSW_6_2_0_SLHC12_2023Scenario_VALNOPU2_Case3-5854dd31cbd3cdec44c48628cc181cf0
inputDict =  {u'/home/cms036/home_cream_684096214/CREAM684096214/glide_pttsKW/execute/dir_9837/CMSSW_6_2_0_SLHC12/validationEDM_1_1_iTI.root': {u'endpoint': u'srm://storm-se-01.ba.infn.it:8444/srm/managerv2?SFN=//cms/store/user/calabria/calabria_SingleMuPt5_GEN-SIM-DIGI-RECO_CMSSW_6_2_0_SLHC12_2023Scenario_Case3/calabria_MuMinus5_GEN-SIM-DIGI-RECO_CMSSW_6_2_0_SLHC12_2023Scenario_VALNOPU2_Case3/5854dd31cbd3cdec44c48628cc181cf0/', u'surl_for_grid': u'', u'reason': u'Copy succedeed with srm-lcg utils', u'erCode': u'0', u'se_name': u'storm-se-01.ba.infn.it', u'for_lfn': u'/store/user/calabria/calabria_SingleMuPt5_GEN-SIM-DIGI-RECO_CMSSW_6_2_0_SLHC12_2023Scenario_Case3/calabria_MuMinus5_GEN-SIM-DIGI-RECO_CMSSW_6_2_0_SLHC12_2023Scenario_VALNOPU2_Case3/5854dd31cbd3cdec44c48628cc181cf0/'}}
UserProcessedDataset =  calabria-calabria_MuMinus5_GEN-SIM-DIGI-RECO_CMSSW_6_2_0_SLHC12_2023Scenario_VALNOPU2_Case3-5854dd31cbd3cdec44c48628cc181cf0
file_name in inputDict =  /home/cms036/home_cream_684096214/CREAM684096214/glide_pttsKW/execute/dir_9837/CMSSW_6_2_0_SLHC12/validationEDM_1_1_iTI.root
(size) os.stat(filename)[6] =  3163387
checksum =  28127594
    file =  validationEDM_1_1_iTI.root
    newPfn =  srm://storm-se-01.ba.infn.it:8444/srm/managerv2?SFN=//cms/store/user/calabria/calabria_SingleMuPt5_GEN-SIM-DIGI-RECO_CMSSW_6_2_0_SLHC12_2023Scenario_Case3/calabria_MuMinus5_GEN-SIM-DIGI-RECO_CMSSW_6_2_0_SLHC12_2023Scenario_VALNOPU2_Case3/5854dd31cbd3cdec44c48628cc181cf0/validationEDM_1_1_iTI.root
    newLfn =  /store/user/calabria/calabria_SingleMuPt5_GEN-SIM-DIGI-RECO_CMSSW_6_2_0_SLHC12_2023Scenario_Case3/calabria_MuMinus5_GEN-SIM-DIGI-RECO_CMSSW_6_2_0_SLHC12_2023Scenario_VALNOPU2_Case3/5854dd31cbd3cdec44c48628cc181cf0/validationEDM_1_1_iTI.root
>>> crab_fjr_*.xml  permission set to 0704
CrabWrapper EXIT_FUNC entered at Wed Jun 18 00:47:31 CEST 2014   -  Tue Jun 17 22:47:31 UTC 2014
Checking output files:  
will tar file crab_fjr_1.xml in  out_files_1
WARNING: output file CMSSW_1.stdout not found!
WARNING: output file CMSSW_1.stderr not found!
WARNING: output file Watchdog_1.log.gz not found!
>>> padding time: Sleeping the wrapper for 169 seconds
STOPPING WATCHDOG. CrabWatchdog PID is 11833
********** LAST 50 LINES OF WATCHDOG LOG
# RESOURCE USAGE SUMMARY FOR PROCESS ID 10346
USER       PID %CPU %MEM    VSZ   RSS TTY      STAT START   TIME COMMAND
cms036   10346  0.3  0.0   9496  1596 ?        S    00:40   0:00 /bin/sh /home/cms036/home_cream_684096214/CREAM684096214/glide_pttsKW/execute/dir_9837/condor_exec.exe 1 1
 
# LIMITS USED BY CRAB WATCHDOG:
# RSS  (KBytes)   : 2300000
# VSZ  (KBytes)   : 100000000
# DISK (MBytes)   : 19000
# CPU TIME        : 720h:0m:0s
# WALL CLOCK TIME : 21h:50m:0s
 
# FOLLOWING PRINTOUT TRACKS MAXIMUM VALUES OF RESOURCES USE
# ONE LINE IS PRINTED EACH TIME A MAXIMUM CHANGES
# IF CHANGE WAS IN RSS OR VSZ ALSO PROCID AND COMMAND ARE PRINTED
# THERE IS NO PRINTOUT FOR CPU/WALL TIME INCREASE
 
# TIME			PID	RSS(KB)	VSZ(KB)	Dsk(MB)	tCPU(s)	tWALL(s)	COMMAND
 Jun 18 00:40:29 CEST	9078	1396	9364	0	0	0	/bin/bash /home/cms036/home_cream_684096214/CREAM684096214/glide_pttsKW/main/condor_startup.sh glidein_config        
 Jun 18 00:40:29 CEST	9837	8420	93608	0	0	0	condor_starter -f vocms83.cern.ch        
 Jun 18 00:40:29 CEST	11845	45804	120592	0	1	1	edmConfigHash pset.py         
 Jun 18 00:40:29 CEST	---	45804	120592	171	----	----	----
 Jun 18 00:41:32 CEST	12738	743920	981944	171	33	65	cmsRun -j /home/cms036/home_cream_684096214/CREAM684096214/glide_pttsKW/execute/dir_9837/crab_fjr_1.xml -p pset.py      
 Jun 18 00:41:32 CEST	---	743920	981944	175	----	----	----
 Jun 18 00:42:36 CEST	12738	766088	1000536	175	86	129	cmsRun -j /home/cms036/home_cream_684096214/CREAM684096214/glide_pttsKW/execute/dir_9837/crab_fjr_1.xml -p pset.py      
 Jun 18 00:43:41 CEST	12738	772648	1013080	175	137	194	cmsRun -j /home/cms036/home_cream_684096214/CREAM684096214/glide_pttsKW/execute/dir_9837/crab_fjr_1.xml -p pset.py      
 Jun 18 00:44:44 CEST	12738	778940	1023548	175	188	256	cmsRun -j /home/cms036/home_cream_684096214/CREAM684096214/glide_pttsKW/execute/dir_9837/crab_fjr_1.xml -p pset.py      
 Jun 18 00:45:46 CEST	12738	789940	1031996	175	237	319	cmsRun -j /home/cms036/home_cream_684096214/CREAM684096214/glide_pttsKW/execute/dir_9837/crab_fjr_1.xml -p pset.py      
 Jun 18 00:46:50 CEST	---	789940	1031996	179	----	----	----
********** WATCHDOG LOG ENDED
ZIPPING WATCHDOG LOG
Disk space used:
du -sh /home/cms036/home_cream_684096214/CREAM684096214/glide_pttsKW/execute/dir_9837
179M	/home/cms036/home_cream_684096214/CREAM684096214/glide_pttsKW/execute/dir_9837
Found unusual stdout, rename for OSB
`/home/cms036/home_cream_684096214/CREAM684096214/glide_pttsKW/execute/dir_9837/_condor_stdout' -> `CMSSW_1.stdout'
Found unusual stderr, rename for OSB
`/home/cms036/home_cream_684096214/CREAM684096214/glide_pttsKW/execute/dir_9837/_condor_stdout' -> `CMSSW_1.stderr'
crab_fjr_1.xml
CMSSW_1.stdout
CMSSW_1.stderr
Watchdog_1.log.gz
Total Output dimension: 69341
WARNING: output files size limit is set to: 50000000
Total Output dimension 69341 is fine.
JOB_EXIT_STATUS = 0
>>> info for dashboard:
***** Cat /home/cms036/home_cream_684096214/CREAM684096214/glide_pttsKW/execute/dir_9837/jobreport.txt *****
MonitorJobID=1_https://vocms83.cern.ch//140616//86812.0
MonitorID=calabria_MuMinus5_Case3_ReReco_06ez4u
ExeTime=349
ExeExitCode=0
StageOutExitStatusReason = 'Copy succedeed with srm-lcg utils'
StageOutSE = storm-se-01.ba.infn.it
StageOutExitStatus = 0
CrabUserCpuTime=274.06
CrabSysCpuTime=5.64
CrabCpuPercentage=80%
CrabWrapperTime=600
CrabStageoutTime=49
JobExitCode=0
***** End Cat jobreport *****
Parameters sent to Dashboard.
EXITING at Wed Jun 18 00:50:26 CEST 2014  -  Tue Jun 17 22:50:26 UTC 2014
