This script was generated by crab (version 2.10.5_patch1).
Running /home/cms011/home_cream_308455094/CREAM308455094/glide_Quz7uD/execute/dir_11351/condor_exec.exe with 2 positional parameters: 20 1
Today is Wed Jun 18 02:09:58 CEST 2014 - Wed Jun 18 00:09:58 UTC 2014
Job submitted on host wn-recas-uniba-10.ba.infn.it
Linux wn-recas-uniba-10.ba.infn.it 2.6.32-358.23.2.el6.x86_64 #1 SMP Thu Oct 17 10:27:22 CEST 2013 x86_64 x86_64 x86_64 GNU/Linux
>>> current directory (RUNTIME_AREA): /home/cms011/home_cream_308455094/CREAM308455094/glide_Quz7uD/execute/dir_11351
>>> current user: uid=11720(cms011) gid=1399(cms) groups=1399(cms)
>>> directory permission set to 0700
>>> umask set to:  u=rwx,g=,o=
>>> stdout stderr permission set to 0704
>>> voms proxy information:
subject   : /C=IT/O=INFN/OU=Personal Certificate/L=Bari/CN=Cesare Calabria/CN=477126703/CN=659863032
issuer    : /C=IT/O=INFN/OU=Personal Certificate/L=Bari/CN=Cesare Calabria/CN=477126703
identity  : /C=IT/O=INFN/OU=Personal Certificate/L=Bari/CN=Cesare Calabria
type      : RFC3820 compliant limited proxy
strength  : 1024
path      : /home/cms011/home_cream_308455094/CREAM308455094/glide_Quz7uD/execute/dir_11351/x509up_u50707
timeleft  : 23:59:57
key usage : Digital Signature, Key Encipherment, Data Encipherment
=== VO cms extension information ===
VO        : cms
subject   : /C=IT/O=INFN/OU=Personal Certificate/L=Bari/CN=Cesare Calabria
issuer    : /DC=ch/DC=cern/OU=computers/CN=voms.cern.ch
attribute : /cms/Role=NULL/Capability=NULL
attribute : /cms/itcms/Role=NULL/Capability=NULL
timeleft  : 153:14:21
uri       : voms.cern.ch:15002

WNHostName=wn-recas-uniba-10.ba.infn.it
>>> tar --no-same-permissions -xf /home/cms011/home_cream_308455094/CREAM308455094/glide_Quz7uD/execute/dir_11351/default.tgz :
Successful untar
>>> Include /home/cms011/home_cream_308455094/CREAM308455094/glide_Quz7uD/execute/dir_11351 in PYTHONPATH:
strip arguments
env var CRAB_UNIQUE_JOB_ID set to: calabria_MuMinus5_Case3_ReReco_06ez4u_20_1_AkL
out_files_20
>>> list of expected files on output sandbox
output files: crab_fjr_20.xml CMSSW_20.stdout CMSSW_20.stderr Watchdog_20.log.gz
>>> GridFlavour discovery: 
GridFlavour=LCG
>>> SyncSite discovery: 
SyncSite=T2_IT_Bari
>>> SyncCE discovery: 
getting SyncCE from CE_ID
SyncCE=cream-ce-2.ba.infn.it:8443/cream-pbs-long
>>> info for dashboard:
***** Cat /home/cms011/home_cream_308455094/CREAM308455094/glide_Quz7uD/execute/dir_11351/jobreport.txt *****
WNHostName=wn-recas-uniba-10.ba.infn.it
MonitorJobID=20_https://vocms83.cern.ch//140616//86812.19
SyncGridJobId=https://vocms83.cern.ch//140616//86812.19
MonitorID=calabria_MuMinus5_Case3_ReReco_06ez4u
GridFlavour=LCG
SyncSite=T2_IT_Bari
SyncCE=cream-ce-2.ba.infn.it:8443/cream-pbs-long
***** End Cat jobreport *****
Parameters sent to Dashboard.
>>> setup environment
set SCRAM ARCH to slc5_amd64_gcc472
SCRAM_ARCH = slc5_amd64_gcc472
>>> setup CMS LCG environment:
set SCRAM ARCH and BUILD_ARCH to slc5_amd64_gcc472 ###
Sourcing environment... 
sourcing /cvmfs/cms.cern.ch/cmsset_default.sh
==> setup cms environment ok
>>> specific cmssw setup environment:
CMSSW_VERSION =  CMSSW_6_2_0_SLHC12
>>> current directory (SOFTWARE_DIR): /home/cms011/home_cream_308455094/CREAM308455094/glide_Quz7uD/execute/dir_11351/CMSSW_6_2_0_SLHC12
PreserveSeeds: <>
IncrementSeeds:<>
>>> info for dashboard:
***** Cat /home/cms011/home_cream_308455094/CREAM308455094/glide_Quz7uD/execute/dir_11351/jobreport.txt *****
MonitorJobID=20_https://vocms83.cern.ch//140616//86812.19
MonitorID=calabria_MuMinus5_Case3_ReReco_06ez4u
***** End Cat jobreport *****
Parameters sent to Dashboard.
crabWatchdog started as process 13035
>>> moving CMSSW software directories in /home/cms011/home_cream_308455094/CREAM308455094/glide_Quz7uD/execute/dir_11351/CMSSW_6_2_0_SLHC12
mv: cannot stat `/home/cms011/home_cream_308455094/CREAM308455094/glide_Quz7uD/execute/dir_11351/module/': No such file or directory
>>> Include /home/cms011/home_cream_308455094/CREAM308455094/glide_Quz7uD/execute/dir_11351 in PYTHONPATH:
PYTHONPATH=/home/cms011/home_cream_308455094/CREAM308455094/glide_Quz7uD/execute/dir_11351/:/home/cms011/home_cream_308455094/CREAM308455094/glide_Quz7uD/execute/dir_11351/CMSSW_6_2_0_SLHC12/python:/home/cms011/home_cream_308455094/CREAM308455094/glide_Quz7uD/execute/dir_11351/CMSSW_6_2_0_SLHC12/lib/slc5_amd64_gcc472:/cvmfs/cms.cern.ch/slc5_amd64_gcc472/cms/cmssw/CMSSW_6_2_0_SLHC12/python:/cvmfs/cms.cern.ch/slc5_amd64_gcc472/cms/cmssw/CMSSW_6_2_0_SLHC12/lib/slc5_amd64_gcc472:/cvmfs/cms.cern.ch/slc5_amd64_gcc472/cms/coral/CORAL_2_3_21-cms36/slc5_amd64_gcc472/python:/cvmfs/cms.cern.ch/slc5_amd64_gcc472/cms/coral/CORAL_2_3_21-cms36/slc5_amd64_gcc472/lib:/cvmfs/cms.cern.ch/slc5_amd64_gcc472/external/pyqt/4.8.1-cms6/lib/python2.7/site-packages:/cvmfs/cms.cern.ch/slc5_amd64_gcc472/external/py2-scipy/0.8.0-cms8/lib/python2.7/site-packages:/cvmfs/cms.cern.ch/slc5_amd64_gcc472/external/py2-matplotlib/1.0.1-cms8/lib/python2.7/site-packages:/cvmfs/cms.cern.ch/slc5_amd64_gcc472/external/python-ldap/2.3.5-cms6/lib/python2.7/site-packages:/cvmfs/cms.cern.ch/slc5_amd64_gcc472/external/sip/4.11.2-cms6/lib/python2.7/site-packages:/cvmfs/cms.cern.ch/slc5_amd64_gcc472/external/py2-pycurl/7.19.0-cms8/lib/python2.7/site-packages:/cvmfs/cms.cern.ch/slc5_amd64_gcc472/external/py2-numpy/1.6.1-cms8/lib/python2.7/site-packages:/cvmfs/cms.cern.ch/slc5_amd64_gcc472/external/py2-lint/0.25.1-cms6/lib/python2.7/site-packages:/cvmfs/cms.cern.ch/slc5_amd64_gcc472/external/py2-ipython/0.10-cms6/lib/python2.7/site-packages:/cvmfs/cms.cern.ch/slc5_amd64_gcc472/external/py2-cx-oracle/5.1-cms7/lib/python2.7/site-packages:/cvmfs/cms.cern.ch/slc5_amd64_gcc472/external/py2-cjson/1.0.5-cms6/lib/python2.7/site-packages:/cvmfs/cms.cern.ch/slc5_amd64_gcc472/cms/das-client/1.11.7/bin:/cvmfs/cms.cern.ch/slc5_amd64_gcc472/external/elementtree/1.2.6-cms6/share/lib/python2.7/site-packages:/cvmfs/cms.cern.ch/slc5_amd64_gcc472/external/rivet/1.8.2-cms8/lib/python2.7/site-packages:/cvmfs/cms.cern.ch/slc5_amd64_gcc472/external/pyminuit2/0.0.1-cms19/lib/python2.7/site-packages:/cvmfs/cms.cern.ch/slc5_amd64_gcc472/external/py2-pygithub/1.23.0/lib/python2.7/site-packages:/cvmfs/cms.cern.ch/slc5_amd64_gcc472/external/professor/1.0.0-cms19/lib/python2.7/site-packages:/cvmfs/cms.cern.ch/slc5_amd64_gcc472/lcg/root/5.34.07-cms/lib:/cvmfs/cms.cern.ch/slc5_amd64_gcc472/cms/dbs-client/DBS_2_1_9-cms5/lib:/cvmfs/cms.cern.ch/slc5_amd64_gcc472/cms/dbs-client/DBS_2_1_9-cms5/lib/DBSAPI:/cvmfs/cms.cern.ch/slc5_amd64_gcc472/external/cvs2git/5419-cms/lib:/home/cms011/home_cream_308455094/CREAM308455094/glide_Quz7uD/execute/dir_11351/
 
# LIMITS USED BY CRAB WATCHDOG:
# RSS  (KBytes)   : 2300000
# VSZ  (KBytes)   : 100000000
# DISK (MBytes)   : 19000
# CPU TIME        : 720h:0m:0s
# WALL CLOCK TIME : 21h:50m:0s
 
5854dd31cbd3cdec44c48628cc181cf0
PSETHASH = 5854dd31cbd3cdec44c48628cc181cf0
/home/cms011/home_cream_308455094/CREAM308455094/glide_Quz7uD/execute/dir_11351/writeCfg.py pset.py pset.py
Importing .py file
Setting parameters
RandomNumberGeneratorService found, will attempt to change seeds
inputBlocks=/calabria_SingleMuPt5_GEN-SIM-DIGI-RECO_CMSSW_6_2_0_SLHC12_2023Scenario_Case3/calabria-calabria_SingleMuPt5_GEN-SIM-DIGI-RECO_CMSSW_6_2_0_SLHC12_2023Scenario_Case3-01e8787d2102816c4c34c374fc192ef2/USER#a9d67686-ecd9-4c64-bc1d-1fd2cdc4c0dc
inputFiles=/store/user/calabria/calabria_SingleMuPt5_GEN-SIM-DIGI-RECO_CMSSW_6_2_0_SLHC12_2023Scenario_Case3/calabria_SingleMuPt5_GEN-SIM-DIGI-RECO_CMSSW_6_2_0_SLHC12_2023Scenario_Case3/01e8787d2102816c4c34c374fc192ef2/out_reco_452_1_m3l.root;/store/user/calabria/calabria_SingleMuPt5_GEN-SIM-DIGI-RECO_CMSSW_6_2_0_SLHC12_2023Scenario_Case3/calabria_SingleMuPt5_GEN-SIM-DIGI-RECO_CMSSW_6_2_0_SLHC12_2023Scenario_Case3/01e8787d2102816c4c34c374fc192ef2/out_reco_453_1_wnu.root;/store/user/calabria/calabria_SingleMuPt5_GEN-SIM-DIGI-RECO_CMSSW_6_2_0_SLHC12_2023Scenario_Case3/calabria_SingleMuPt5_GEN-SIM-DIGI-RECO_CMSSW_6_2_0_SLHC12_2023Scenario_Case3/01e8787d2102816c4c34c374fc192ef2/out_reco_454_1_MFp.root;/store/user/calabria/calabria_SingleMuPt5_GEN-SIM-DIGI-RECO_CMSSW_6_2_0_SLHC12_2023Scenario_Case3/calabria_SingleMuPt5_GEN-SIM-DIGI-RECO_CMSSW_6_2_0_SLHC12_2023Scenario_Case3/01e8787d2102816c4c34c374fc192ef2/out_reco_455_1_8b5.root;/store/user/calabria/calabria_SingleMuPt5_GEN-SIM-DIGI-RECO_CMSSW_6_2_0_SLHC12_2023Scenario_Case3/calabria_SingleMuPt5_GEN-SIM-DIGI-RECO_CMSSW_6_2_0_SLHC12_2023Scenario_Case3/01e8787d2102816c4c34c374fc192ef2/out_reco_456_1_MLl.root;/store/user/calabria/calabria_SingleMuPt5_GEN-SIM-DIGI-RECO_CMSSW_6_2_0_SLHC12_2023Scenario_Case3/calabria_SingleMuPt5_GEN-SIM-DIGI-RECO_CMSSW_6_2_0_SLHC12_2023Scenario_Case3/01e8787d2102816c4c34c374fc192ef2/out_reco_457_1_2c3.root;/store/user/calabria/calabria_SingleMuPt5_GEN-SIM-DIGI-RECO_CMSSW_6_2_0_SLHC12_2023Scenario_Case3/calabria_SingleMuPt5_GEN-SIM-DIGI-RECO_CMSSW_6_2_0_SLHC12_2023Scenario_Case3/01e8787d2102816c4c34c374fc192ef2/out_reco_458_1_4ud.root;/store/user/calabria/calabria_SingleMuPt5_GEN-SIM-DIGI-RECO_CMSSW_6_2_0_SLHC12_2023Scenario_Case3/calabria_SingleMuPt5_GEN-SIM-DIGI-RECO_CMSSW_6_2_0_SLHC12_2023Scenario_Case3/01e8787d2102816c4c34c374fc192ef2/out_reco_459_1_BhR.root;/store/user/calabria/calabria_SingleMuPt5_GEN-SIM-DIGI-RECO_CMSSW_6_2_0_SLHC12_2023Scenario_Case3/calabria_SingleMuPt5_GEN-SIM-DIGI-RECO_CMSSW_6_2_0_SLHC12_2023Scenario_Case3/01e8787d2102816c4c34c374fc192ef2/out_reco_460_1_kJZ.root;/store/user/calabria/calabria_SingleMuPt5_GEN-SIM-DIGI-RECO_CMSSW_6_2_0_SLHC12_2023Scenario_Case3/calabria_SingleMuPt5_GEN-SIM-DIGI-RECO_CMSSW_6_2_0_SLHC12_2023Scenario_Case3/01e8787d2102816c4c34c374fc192ef2/out_reco_461_1_LYX.root
parentFiles=
lumisRange=
>>> Executable cmsRun
/cvmfs/cms.cern.ch/slc5_amd64_gcc472/cms/cmssw/CMSSW_6_2_0_SLHC12/bin/slc5_amd64_gcc472/cmsRun
ok executable found
>>> info for dashboard:
***** Cat /home/cms011/home_cream_308455094/CREAM308455094/glide_Quz7uD/execute/dir_11351/jobreport.txt *****
MonitorJobID=20_https://vocms83.cern.ch//140616//86812.19
MonitorID=calabria_MuMinus5_Case3_ReReco_06ez4u
ExeStart=cmsRun
***** End Cat jobreport *****
Parameters sent to Dashboard.
>>> cmsRun started at Wed Jun 18 00:10:27 UTC 2014
>>> cmsRun ended at Wed Jun 18 00:16:00 UTC 2014
>>> crab_fjr_*.xml  permission set to 0704
>>> info for dashboard:
***** Cat /home/cms011/home_cream_308455094/CREAM308455094/glide_Quz7uD/execute/dir_11351/jobreport.txt *****
MonitorJobID=20_https://vocms83.cern.ch//140616//86812.19
MonitorID=calabria_MuMinus5_Case3_ReReco_06ez4u
ExeEnd=cmsRun
***** End Cat jobreport *****
Parameters sent to Dashboard.
TIME_EXE = 333 sec
>>> cmsRun wrote 50 lines of stdout+stderr
>>> START OF printout of 50 lines from stdout+stderr
271 DQMStore::DQMStore 
HcalTopologyIdealEP::HcalTopologyIdealEP
18-Jun-2014 02:10:47 CEST  Initiating request to open file file:/lustre/cms//store/user/calabria/calabria_SingleMuPt5_GEN-SIM-DIGI-RECO_CMSSW_6_2_0_SLHC12_2023Scenario_Case3/calabria_SingleMuPt5_GEN-SIM-DIGI-RECO_CMSSW_6_2_0_SLHC12_2023Scenario_Case3/01e8787d2102816c4c34c374fc192ef2/out_reco_452_1_m3l.root
18-Jun-2014 02:10:49 CEST  Successfully opened file file:/lustre/cms//store/user/calabria/calabria_SingleMuPt5_GEN-SIM-DIGI-RECO_CMSSW_6_2_0_SLHC12_2023Scenario_Case3/calabria_SingleMuPt5_GEN-SIM-DIGI-RECO_CMSSW_6_2_0_SLHC12_2023Scenario_Case3/01e8787d2102816c4c34c374fc192ef2/out_reco_452_1_m3l.root
18-Jun-2014 02:11:19 CEST  Closed file file:/lustre/cms//store/user/calabria/calabria_SingleMuPt5_GEN-SIM-DIGI-RECO_CMSSW_6_2_0_SLHC12_2023Scenario_Case3/calabria_SingleMuPt5_GEN-SIM-DIGI-RECO_CMSSW_6_2_0_SLHC12_2023Scenario_Case3/01e8787d2102816c4c34c374fc192ef2/out_reco_452_1_m3l.root
18-Jun-2014 02:11:19 CEST  Initiating request to open file file:/lustre/cms//store/user/calabria/calabria_SingleMuPt5_GEN-SIM-DIGI-RECO_CMSSW_6_2_0_SLHC12_2023Scenario_Case3/calabria_SingleMuPt5_GEN-SIM-DIGI-RECO_CMSSW_6_2_0_SLHC12_2023Scenario_Case3/01e8787d2102816c4c34c374fc192ef2/out_reco_453_1_wnu.root
18-Jun-2014 02:11:19 CEST  Successfully opened file file:/lustre/cms//store/user/calabria/calabria_SingleMuPt5_GEN-SIM-DIGI-RECO_CMSSW_6_2_0_SLHC12_2023Scenario_Case3/calabria_SingleMuPt5_GEN-SIM-DIGI-RECO_CMSSW_6_2_0_SLHC12_2023Scenario_Case3/01e8787d2102816c4c34c374fc192ef2/out_reco_453_1_wnu.root
18-Jun-2014 02:11:47 CEST  Closed file file:/lustre/cms//store/user/calabria/calabria_SingleMuPt5_GEN-SIM-DIGI-RECO_CMSSW_6_2_0_SLHC12_2023Scenario_Case3/calabria_SingleMuPt5_GEN-SIM-DIGI-RECO_CMSSW_6_2_0_SLHC12_2023Scenario_Case3/01e8787d2102816c4c34c374fc192ef2/out_reco_453_1_wnu.root
18-Jun-2014 02:11:47 CEST  Initiating request to open file file:/lustre/cms//store/user/calabria/calabria_SingleMuPt5_GEN-SIM-DIGI-RECO_CMSSW_6_2_0_SLHC12_2023Scenario_Case3/calabria_SingleMuPt5_GEN-SIM-DIGI-RECO_CMSSW_6_2_0_SLHC12_2023Scenario_Case3/01e8787d2102816c4c34c374fc192ef2/out_reco_454_1_MFp.root
18-Jun-2014 02:11:47 CEST  Successfully opened file file:/lustre/cms//store/user/calabria/calabria_SingleMuPt5_GEN-SIM-DIGI-RECO_CMSSW_6_2_0_SLHC12_2023Scenario_Case3/calabria_SingleMuPt5_GEN-SIM-DIGI-RECO_CMSSW_6_2_0_SLHC12_2023Scenario_Case3/01e8787d2102816c4c34c374fc192ef2/out_reco_454_1_MFp.root
18-Jun-2014 02:12:17 CEST  Closed file file:/lustre/cms//store/user/calabria/calabria_SingleMuPt5_GEN-SIM-DIGI-RECO_CMSSW_6_2_0_SLHC12_2023Scenario_Case3/calabria_SingleMuPt5_GEN-SIM-DIGI-RECO_CMSSW_6_2_0_SLHC12_2023Scenario_Case3/01e8787d2102816c4c34c374fc192ef2/out_reco_454_1_MFp.root
18-Jun-2014 02:12:17 CEST  Initiating request to open file file:/lustre/cms//store/user/calabria/calabria_SingleMuPt5_GEN-SIM-DIGI-RECO_CMSSW_6_2_0_SLHC12_2023Scenario_Case3/calabria_SingleMuPt5_GEN-SIM-DIGI-RECO_CMSSW_6_2_0_SLHC12_2023Scenario_Case3/01e8787d2102816c4c34c374fc192ef2/out_reco_455_1_8b5.root
18-Jun-2014 02:12:18 CEST  Successfully opened file file:/lustre/cms//store/user/calabria/calabria_SingleMuPt5_GEN-SIM-DIGI-RECO_CMSSW_6_2_0_SLHC12_2023Scenario_Case3/calabria_SingleMuPt5_GEN-SIM-DIGI-RECO_CMSSW_6_2_0_SLHC12_2023Scenario_Case3/01e8787d2102816c4c34c374fc192ef2/out_reco_455_1_8b5.root
18-Jun-2014 02:12:48 CEST  Closed file file:/lustre/cms//store/user/calabria/calabria_SingleMuPt5_GEN-SIM-DIGI-RECO_CMSSW_6_2_0_SLHC12_2023Scenario_Case3/calabria_SingleMuPt5_GEN-SIM-DIGI-RECO_CMSSW_6_2_0_SLHC12_2023Scenario_Case3/01e8787d2102816c4c34c374fc192ef2/out_reco_455_1_8b5.root
18-Jun-2014 02:12:48 CEST  Initiating request to open file file:/lustre/cms//store/user/calabria/calabria_SingleMuPt5_GEN-SIM-DIGI-RECO_CMSSW_6_2_0_SLHC12_2023Scenario_Case3/calabria_SingleMuPt5_GEN-SIM-DIGI-RECO_CMSSW_6_2_0_SLHC12_2023Scenario_Case3/01e8787d2102816c4c34c374fc192ef2/out_reco_456_1_MLl.root
18-Jun-2014 02:12:49 CEST  Successfully opened file file:/lustre/cms//store/user/calabria/calabria_SingleMuPt5_GEN-SIM-DIGI-RECO_CMSSW_6_2_0_SLHC12_2023Scenario_Case3/calabria_SingleMuPt5_GEN-SIM-DIGI-RECO_CMSSW_6_2_0_SLHC12_2023Scenario_Case3/01e8787d2102816c4c34c374fc192ef2/out_reco_456_1_MLl.root
18-Jun-2014 02:13:22 CEST  Closed file file:/lustre/cms//store/user/calabria/calabria_SingleMuPt5_GEN-SIM-DIGI-RECO_CMSSW_6_2_0_SLHC12_2023Scenario_Case3/calabria_SingleMuPt5_GEN-SIM-DIGI-RECO_CMSSW_6_2_0_SLHC12_2023Scenario_Case3/01e8787d2102816c4c34c374fc192ef2/out_reco_456_1_MLl.root
18-Jun-2014 02:13:22 CEST  Initiating request to open file file:/lustre/cms//store/user/calabria/calabria_SingleMuPt5_GEN-SIM-DIGI-RECO_CMSSW_6_2_0_SLHC12_2023Scenario_Case3/calabria_SingleMuPt5_GEN-SIM-DIGI-RECO_CMSSW_6_2_0_SLHC12_2023Scenario_Case3/01e8787d2102816c4c34c374fc192ef2/out_reco_457_1_2c3.root
18-Jun-2014 02:13:22 CEST  Successfully opened file file:/lustre/cms//store/user/calabria/calabria_SingleMuPt5_GEN-SIM-DIGI-RECO_CMSSW_6_2_0_SLHC12_2023Scenario_Case3/calabria_SingleMuPt5_GEN-SIM-DIGI-RECO_CMSSW_6_2_0_SLHC12_2023Scenario_Case3/01e8787d2102816c4c34c374fc192ef2/out_reco_457_1_2c3.root
18-Jun-2014 02:13:52 CEST  Closed file file:/lustre/cms//store/user/calabria/calabria_SingleMuPt5_GEN-SIM-DIGI-RECO_CMSSW_6_2_0_SLHC12_2023Scenario_Case3/calabria_SingleMuPt5_GEN-SIM-DIGI-RECO_CMSSW_6_2_0_SLHC12_2023Scenario_Case3/01e8787d2102816c4c34c374fc192ef2/out_reco_457_1_2c3.root
18-Jun-2014 02:13:52 CEST  Initiating request to open file file:/lustre/cms//store/user/calabria/calabria_SingleMuPt5_GEN-SIM-DIGI-RECO_CMSSW_6_2_0_SLHC12_2023Scenario_Case3/calabria_SingleMuPt5_GEN-SIM-DIGI-RECO_CMSSW_6_2_0_SLHC12_2023Scenario_Case3/01e8787d2102816c4c34c374fc192ef2/out_reco_458_1_4ud.root
18-Jun-2014 02:13:52 CEST  Successfully opened file file:/lustre/cms//store/user/calabria/calabria_SingleMuPt5_GEN-SIM-DIGI-RECO_CMSSW_6_2_0_SLHC12_2023Scenario_Case3/calabria_SingleMuPt5_GEN-SIM-DIGI-RECO_CMSSW_6_2_0_SLHC12_2023Scenario_Case3/01e8787d2102816c4c34c374fc192ef2/out_reco_458_1_4ud.root
18-Jun-2014 02:14:23 CEST  Closed file file:/lustre/cms//store/user/calabria/calabria_SingleMuPt5_GEN-SIM-DIGI-RECO_CMSSW_6_2_0_SLHC12_2023Scenario_Case3/calabria_SingleMuPt5_GEN-SIM-DIGI-RECO_CMSSW_6_2_0_SLHC12_2023Scenario_Case3/01e8787d2102816c4c34c374fc192ef2/out_reco_458_1_4ud.root
18-Jun-2014 02:14:23 CEST  Initiating request to open file file:/lustre/cms//store/user/calabria/calabria_SingleMuPt5_GEN-SIM-DIGI-RECO_CMSSW_6_2_0_SLHC12_2023Scenario_Case3/calabria_SingleMuPt5_GEN-SIM-DIGI-RECO_CMSSW_6_2_0_SLHC12_2023Scenario_Case3/01e8787d2102816c4c34c374fc192ef2/out_reco_459_1_BhR.root
18-Jun-2014 02:14:23 CEST  Successfully opened file file:/lustre/cms//store/user/calabria/calabria_SingleMuPt5_GEN-SIM-DIGI-RECO_CMSSW_6_2_0_SLHC12_2023Scenario_Case3/calabria_SingleMuPt5_GEN-SIM-DIGI-RECO_CMSSW_6_2_0_SLHC12_2023Scenario_Case3/01e8787d2102816c4c34c374fc192ef2/out_reco_459_1_BhR.root
18-Jun-2014 02:14:52 CEST  Closed file file:/lustre/cms//store/user/calabria/calabria_SingleMuPt5_GEN-SIM-DIGI-RECO_CMSSW_6_2_0_SLHC12_2023Scenario_Case3/calabria_SingleMuPt5_GEN-SIM-DIGI-RECO_CMSSW_6_2_0_SLHC12_2023Scenario_Case3/01e8787d2102816c4c34c374fc192ef2/out_reco_459_1_BhR.root
18-Jun-2014 02:14:52 CEST  Initiating request to open file file:/lustre/cms//store/user/calabria/calabria_SingleMuPt5_GEN-SIM-DIGI-RECO_CMSSW_6_2_0_SLHC12_2023Scenario_Case3/calabria_SingleMuPt5_GEN-SIM-DIGI-RECO_CMSSW_6_2_0_SLHC12_2023Scenario_Case3/01e8787d2102816c4c34c374fc192ef2/out_reco_460_1_kJZ.root
18-Jun-2014 02:14:52 CEST  Successfully opened file file:/lustre/cms//store/user/calabria/calabria_SingleMuPt5_GEN-SIM-DIGI-RECO_CMSSW_6_2_0_SLHC12_2023Scenario_Case3/calabria_SingleMuPt5_GEN-SIM-DIGI-RECO_CMSSW_6_2_0_SLHC12_2023Scenario_Case3/01e8787d2102816c4c34c374fc192ef2/out_reco_460_1_kJZ.root
18-Jun-2014 02:15:24 CEST  Closed file file:/lustre/cms//store/user/calabria/calabria_SingleMuPt5_GEN-SIM-DIGI-RECO_CMSSW_6_2_0_SLHC12_2023Scenario_Case3/calabria_SingleMuPt5_GEN-SIM-DIGI-RECO_CMSSW_6_2_0_SLHC12_2023Scenario_Case3/01e8787d2102816c4c34c374fc192ef2/out_reco_460_1_kJZ.root
18-Jun-2014 02:15:24 CEST  Initiating request to open file file:/lustre/cms//store/user/calabria/calabria_SingleMuPt5_GEN-SIM-DIGI-RECO_CMSSW_6_2_0_SLHC12_2023Scenario_Case3/calabria_SingleMuPt5_GEN-SIM-DIGI-RECO_CMSSW_6_2_0_SLHC12_2023Scenario_Case3/01e8787d2102816c4c34c374fc192ef2/out_reco_461_1_LYX.root
18-Jun-2014 02:15:24 CEST  Successfully opened file file:/lustre/cms//store/user/calabria/calabria_SingleMuPt5_GEN-SIM-DIGI-RECO_CMSSW_6_2_0_SLHC12_2023Scenario_Case3/calabria_SingleMuPt5_GEN-SIM-DIGI-RECO_CMSSW_6_2_0_SLHC12_2023Scenario_Case3/01e8787d2102816c4c34c374fc192ef2/out_reco_461_1_LYX.root
18-Jun-2014 02:15:59 CEST  Closed file file:/lustre/cms//store/user/calabria/calabria_SingleMuPt5_GEN-SIM-DIGI-RECO_CMSSW_6_2_0_SLHC12_2023Scenario_Case3/calabria_SingleMuPt5_GEN-SIM-DIGI-RECO_CMSSW_6_2_0_SLHC12_2023Scenario_Case3/01e8787d2102816c4c34c374fc192ef2/out_reco_461_1_LYX.root

=============================================

MessageLogger Summary

 type     category        sev    module        subroutine        count    total
 ---- -------------------- -- ---------------- ----------------  -----    -----
    1 fileAction           -s file_close                            10       10
    2 fileAction           -s file_open                             20       20

 type    category    Examples: run/evt        run/evt          run/evt
 ---- -------------------- ---------------- ---------------- ----------------
    1 fileAction           PostProcessEvent PostProcessEvent PostEndRun
    2 fileAction           pre-events       pre-events       PostProcessEvent

Severity    # Occurrences   Total Occurrences
--------    -------------   -----------------
System                 30                  30
>>> END OF printout of 50 lines from stdout+stderr
>>> Parse FrameworkJobReport crab_fjr.xml
Result of parsing the FrameworkJobReport crab_fjr.xml: Popularity start
lumisRange : 1::::1;1::::2;1::::3;1::::4;1::::5;1::::6;1::::7;1::::8;1::::9;1::::10;
lumisParentRange : 
Basename : /store/user/calabria/calabria_SingleMuPt5_GEN-SIM-DIGI-RECO_CMSSW_6_2_0_SLHC12_2023Scenario_Case3/calabria_SingleMuPt5_GEN-SIM-DIGI-RECO_CMSSW_6_2_0_SLHC12_2023Scenario_Case3/01e8787d2102816c4c34c374fc192ef2/out_reco_4
BasenameParent : 
parentFiles : 
inputBlocks : /calabria_SingleMuPt5_GEN-SIM-DIGI-RECO_CMSSW_6_2_0_SLHC12_2023Scenario_Case3/calabria-calabria_SingleMuPt5_GEN-SIM-DIGI-RECO_CMSSW_6_2_0_SLHC12_2023Scenario_Case3-01e8787d2102816c4c34c374fc192ef2/USER#a9d67686-ecd9-4c64-bc1d-1fd2cdc4c0dc
inputFiles : 61_1_LYX.root::1::EDM::Local::1;53_1_wnu.root::1::EDM::Local::2;55_1_8b5.root::1::EDM::Local::3;54_1_MFp.root::1::EDM::Local::4;58_1_4ud.root::1::EDM::Local::5;57_1_2c3.root::1::EDM::Local::6;52_1_m3l.root::1::EDM::Local::7;56_1_MLl.root::1::EDM::Local::8;60_1_kJZ.root::1::EDM::Local::9;59_1_BhR.root::1::EDM::Local::10;
Popularity stop
Extracted ExitStatus from FrameworkJobReport parsing output: 0
>>> Executable succeded  0
ExeExitCode=0
EXECUTABLE_EXIT_STATUS = 0
>>> current directory /home/cms011/home_cream_308455094/CREAM308455094/glide_Quz7uD/execute/dir_11351/CMSSW_6_2_0_SLHC12
>>>  (SOFTWARE_DIR): /home/cms011/home_cream_308455094/CREAM308455094/glide_Quz7uD/execute/dir_11351/CMSSW_6_2_0_SLHC12
>>> (WORKING_DIR): 
>>> current directory content:
total 10460
drwxr-xr-x 3 cms011 cms    4096 Jun 18 02:10 .SCRAM
-rw------- 1 cms011 cms 3740519 Jun 18 02:10 CMSSW.py.pkl
drwxr-xr-x 3 cms011 cms    4096 Jun 18 02:10 bin
drwxr-xr-x 3 cms011 cms    4096 Jun 18 02:10 cfipython
drwxr-xr-x 4 cms011 cms    4096 Jun 18 02:10 config
-rw------- 1 cms011 cms      16 Jun 18 02:16 cpu_timing.txt
drwxr-xr-x 2 cms011 cms    4096 Jun 18 02:10 doc
-rw------- 1 cms011 cms    9865 Jun 18 02:15 executable.out
drwxr-xr-x 2 cms011 cms    4096 Jun 18 02:10 include
drwx------ 3 cms011 cms    4096 Apr 28 18:12 lib
drwxr-xr-x 3 cms011 cms    4096 Jun 18 02:10 logs
drwxr-xr-x 3 cms011 cms    4096 Jun 18 02:10 objs
-rw------- 1 cms011 cms     104 Jun 18 02:10 pset.py
-rw------- 1 cms011 cms 3712294 Jun 18 02:10 pset.py.pkl
-rw------- 1 cms011 cms     289 Jun 18 02:10 pset.pyc
drwxr-xr-x 2 cms011 cms    4096 Jun 18 02:10 python
-rw------- 1 cms011 cms     389 Jun 18 02:16 report.log
drwx------ 6 cms011 cms    4096 Jun 18 02:10 src
drwxr-xr-x 3 cms011 cms    4096 Jun 18 02:10 test
drwxr-xr-x 3 cms011 cms    4096 Jun 18 02:10 tmp
-rw------- 1 cms011 cms 3155556 Jun 18 02:15 validationEDM.root
>>> current directory /home/cms011/home_cream_308455094/CREAM308455094/glide_Quz7uD/execute/dir_11351/CMSSW_6_2_0_SLHC12
>>> (SOFTWARE_DIR): /home/cms011/home_cream_308455094/CREAM308455094/glide_Quz7uD/execute/dir_11351/CMSSW_6_2_0_SLHC12
>>> (WORKING_DIR): 
>>> current directory content:
total 10460
drwxr-xr-x 3 cms011 cms    4096 Jun 18 02:10 .SCRAM
-rw------- 1 cms011 cms 3740519 Jun 18 02:10 CMSSW.py.pkl
drwxr-xr-x 3 cms011 cms    4096 Jun 18 02:10 bin
drwxr-xr-x 3 cms011 cms    4096 Jun 18 02:10 cfipython
drwxr-xr-x 4 cms011 cms    4096 Jun 18 02:10 config
-rw------- 1 cms011 cms      16 Jun 18 02:16 cpu_timing.txt
drwxr-xr-x 2 cms011 cms    4096 Jun 18 02:10 doc
-rw------- 1 cms011 cms    9865 Jun 18 02:15 executable.out
drwxr-xr-x 2 cms011 cms    4096 Jun 18 02:10 include
drwx------ 3 cms011 cms    4096 Apr 28 18:12 lib
drwxr-xr-x 3 cms011 cms    4096 Jun 18 02:10 logs
drwxr-xr-x 3 cms011 cms    4096 Jun 18 02:10 objs
-rw------- 1 cms011 cms     104 Jun 18 02:10 pset.py
-rw------- 1 cms011 cms 3712294 Jun 18 02:10 pset.py.pkl
-rw------- 1 cms011 cms     289 Jun 18 02:10 pset.pyc
drwxr-xr-x 2 cms011 cms    4096 Jun 18 02:10 python
-rw------- 1 cms011 cms     389 Jun 18 02:16 report.log
drwx------ 6 cms011 cms    4096 Jun 18 02:10 src
drwxr-xr-x 3 cms011 cms    4096 Jun 18 02:10 test
drwxr-xr-x 3 cms011 cms    4096 Jun 18 02:10 tmp
-rw------- 1 cms011 cms 3155556 Jun 18 02:15 validationEDM_20_1_AkL.root
>>> current directory (RUNTIME_AREA):  /home/cms011/home_cream_308455094/CREAM308455094/glide_Quz7uD/execute/dir_11351
SE = storm-se-01.ba.infn.it
SE_PATH = /srm/managerv2?SFN=//cms/store/user/calabria/calabria_SingleMuPt5_GEN-SIM-DIGI-RECO_CMSSW_6_2_0_SLHC12_2023Scenario_Case3/calabria_MuMinus5_GEN-SIM-DIGI-RECO_CMSSW_6_2_0_SLHC12_2023Scenario_VALNOPU2_Case3/5854dd31cbd3cdec44c48628cc181cf0/
LFNBaseName = /store/user/calabria/calabria_SingleMuPt5_GEN-SIM-DIGI-RECO_CMSSW_6_2_0_SLHC12_2023Scenario_Case3/calabria_MuMinus5_GEN-SIM-DIGI-RECO_CMSSW_6_2_0_SLHC12_2023Scenario_VALNOPU2_Case3/5854dd31cbd3cdec44c48628cc181cf0/
USER = calabria
endpoint = srm://storm-se-01.ba.infn.it:8444/srm/managerv2?SFN=//cms/store/user/calabria/calabria_SingleMuPt5_GEN-SIM-DIGI-RECO_CMSSW_6_2_0_SLHC12_2023Scenario_Case3/calabria_MuMinus5_GEN-SIM-DIGI-RECO_CMSSW_6_2_0_SLHC12_2023Scenario_VALNOPU2_Case3/5854dd31cbd3cdec44c48628cc181cf0/
>>> Copy output files from WN = wn-recas-uniba-10.ba.infn.it to /srm/managerv2?SFN=//cms/store/user/calabria/calabria_SingleMuPt5_GEN-SIM-DIGI-RECO_CMSSW_6_2_0_SLHC12_2023Scenario_Case3/calabria_MuMinus5_GEN-SIM-DIGI-RECO_CMSSW_6_2_0_SLHC12_2023Scenario_VALNOPU2_Case3/5854dd31cbd3cdec44c48628cc181cf0/ :
python cmscp.py  --destination srm://storm-se-01.ba.infn.it:8444/srm/managerv2?SFN=//cms/store/user/calabria/calabria_SingleMuPt5_GEN-SIM-DIGI-RECO_CMSSW_6_2_0_SLHC12_2023Scenario_Case3/calabria_MuMinus5_GEN-SIM-DIGI-RECO_CMSSW_6_2_0_SLHC12_2023Scenario_VALNOPU2_Case3/5854dd31cbd3cdec44c48628cc181cf0/ --inputFileList /home/cms011/home_cream_308455094/CREAM308455094/glide_Quz7uD/execute/dir_11351/CMSSW_6_2_0_SLHC12/validationEDM_20_1_AkL.root --middleware LCG --se_name storm-se-01.ba.infn.it --for_lfn /store/user/calabria/calabria_SingleMuPt5_GEN-SIM-DIGI-RECO_CMSSW_6_2_0_SLHC12_2023Scenario_Case3/calabria_MuMinus5_GEN-SIM-DIGI-RECO_CMSSW_6_2_0_SLHC12_2023Scenario_VALNOPU2_Case3/5854dd31cbd3cdec44c48628cc181cf0/    
******************************************************
localSeName  =  storm-se-01.ba.infn.it
remoteSeName =  storm-se-01.ba.infn.it
******************************************************
{"/home/cms011/home_cream_308455094/CREAM308455094/glide_Quz7uD/execute/dir_11351/CMSSW_6_2_0_SLHC12/validationEDM_20_1_AkL.root": {"endpoint": "srm://storm-se-01.ba.infn.it:8444/srm/managerv2?SFN=//cms/store/user/calabria/calabria_SingleMuPt5_GEN-SIM-DIGI-RECO_CMSSW_6_2_0_SLHC12_2023Scenario_Case3/calabria_MuMinus5_GEN-SIM-DIGI-RECO_CMSSW_6_2_0_SLHC12_2023Scenario_VALNOPU2_Case3/5854dd31cbd3cdec44c48628cc181cf0/", "surl_for_grid": "", "reason": "Copy succedeed with srm-lcg utils", "erCode": "0", "se_name": "storm-se-01.ba.infn.it", "for_lfn": "/store/user/calabria/calabria_SingleMuPt5_GEN-SIM-DIGI-RECO_CMSSW_6_2_0_SLHC12_2023Scenario_Case3/calabria_MuMinus5_GEN-SIM-DIGI-RECO_CMSSW_6_2_0_SLHC12_2023Scenario_VALNOPU2_Case3/5854dd31cbd3cdec44c48628cc181cf0/"}}/home/cms011/home_cream_308455094/CREAM308455094/glide_Quz7uD/execute/dir_11351
-------- cat /home/cms011/home_cream_308455094/CREAM308455094/glide_Quz7uD/execute/dir_11351/cmscpReport.sh 
#!/bin/bash
echo "Report for File: /home/cms011/home_cream_308455094/CREAM308455094/glide_Quz7uD/execute/dir_11351/CMSSW_6_2_0_SLHC12/validationEDM_20_1_AkL.root"
echo "LFN: /store/user/calabria/calabria_SingleMuPt5_GEN-SIM-DIGI-RECO_CMSSW_6_2_0_SLHC12_2023Scenario_Case3/calabria_MuMinus5_GEN-SIM-DIGI-RECO_CMSSW_6_2_0_SLHC12_2023Scenario_VALNOPU2_Case3/5854dd31cbd3cdec44c48628cc181cf0/validationEDM_20_1_AkL.root"
echo "StorageElement: storm-se-01.ba.infn.it"
echo "StageOutExitStatusReason = 'Copy succedeed with srm-lcg utils'" | tee -a $RUNTIME_AREA/$repo
echo "StageOutSE = storm-se-01.ba.infn.it" >> $RUNTIME_AREA/$repo

export StageOutExitStatus=0
echo "StageOutExitStatus = 0" | tee -a $RUNTIME_AREA/$repo
-------- end of /home/cms011/home_cream_308455094/CREAM308455094/glide_Quz7uD/execute/dir_11351/cmscpReport.sh 
Report for File: /home/cms011/home_cream_308455094/CREAM308455094/glide_Quz7uD/execute/dir_11351/CMSSW_6_2_0_SLHC12/validationEDM_20_1_AkL.root
LFN: /store/user/calabria/calabria_SingleMuPt5_GEN-SIM-DIGI-RECO_CMSSW_6_2_0_SLHC12_2023Scenario_Case3/calabria_MuMinus5_GEN-SIM-DIGI-RECO_CMSSW_6_2_0_SLHC12_2023Scenario_VALNOPU2_Case3/5854dd31cbd3cdec44c48628cc181cf0/validationEDM_20_1_AkL.root
StorageElement: storm-se-01.ba.infn.it
StageOutExitStatusReason = 'Copy succedeed with srm-lcg utils'
StageOutExitStatus = 0
>>> current dir: /home/cms011/home_cream_308455094/CREAM308455094/glide_Quz7uD/execute/dir_11351
>>> current dir content:
total 28076
-rw-------  1 cms011 cms     2778 Jun 18 02:16 .SEinteraction.log
-rwx------  1 cms011 cms     6702 Jun 18 02:09 .job.ad
-rwx------  1 cms011 cms     9342 Jun 18 02:09 .machine.ad
-rw-------  1 cms011 cms      105 Jun 16 20:43 CMSSW.py
-rw-------  1 cms011 cms  3740519 Jun 16 20:43 CMSSW.py.pkl
-rwx------  1 cms011 cms    29543 Jun 18 02:09 CMSSW.sh
drwxr-xr-x 15 cms011 cms     4096 Jun 18 02:16 CMSSW_6_2_0_SLHC12
-rw-------  1 cms011 cms      220 Jun 18 02:10 CacheEnv.sh
-rw-------  1 cms011 cms     7291 Apr  4 11:04 DashboardAPI.py
-rw-------  1 cms011 cms     6815 Jun 18 02:10 DashboardAPI.pyc
drwx------  2 cms011 cms     4096 Jun 18 02:16 IMProv
-rw-------  1 cms011 cms     2748 Apr  4 11:04 Logger.py
-rw-------  1 cms011 cms     3347 Jun 18 02:10 Logger.pyc
-rw-------  1 cms011 cms    24524 Apr  4 11:04 ProcInfo.py
-rw-------  1 cms011 cms    23197 Jun 18 02:10 ProcInfo.pyc
drwx------  7 cms011 cms     4096 Jun 18 02:10 ProdCommon
drwx------  3 cms011 cms     4096 Jun 18 02:10 WMCore
-rw-------  1 cms011 cms     2761 Jun 18 02:16 Watchdog_20.log
-rwx------  1 cms011 cms        0 Jun 18 02:09 _condor_stderr
-rwx---r--  1 cms011 cms    29323 Jun 18 02:16 _condor_stdout
-rw-------  1 cms011 cms    32895 Apr  4 11:04 apmon.py
-rw-------  1 cms011 cms    28625 Jun 18 02:10 apmon.pyc
-rwx------  1 cms011 cms    53372 Jun 18 02:09 arguments.xml
-rwx------  1 cms011 cms    38515 Apr  4 11:04 cmscp.py
-rw-------  1 cms011 cms      716 Jun 18 02:16 cmscpReport.sh
-rwx------  1 cms011 cms    29543 Jun 18 02:09 condor_exec.exe
-rw-------  1 cms011 cms      953 Jun 16 20:43 crab.cfg
-rwx------  1 cms011 cms     8610 Apr  4 11:04 crabWatchdog.sh
-rwx---r--  1 cms011 cms   523206 Jun 18 02:15 crab_fjr_20.xml
-rwx------  1 cms011 cms 23956644 Jun 18 02:09 default.tgz
-rwx------  1 cms011 cms     4488 Apr  4 11:04 fillCrabFjr.py
-rw-------  1 cms011 cms     2607 Jun 18 02:10 inputsReport.txt
-rw-------  1 cms011 cms      254 Jun 18 02:16 jobreport.txt
-rw-------  1 cms011 cms    17352 Apr  4 11:04 parseCrabFjr.py
-rw-------  1 cms011 cms      326 Jun 18 02:10 report.log
-rwx--x--x  1 cms011 cms     1497 Apr  4 11:04 report.py
-rw-------  1 cms011 cms      768 Jun 18 02:16 resultCopyFile
lrwxrwxrwx  1 cms011 cms      126 Jun 18 02:16 validationEDM.root -> /home/cms011/home_cream_308455094/CREAM308455094/glide_Quz7uD/execute/dir_11351/CMSSW_6_2_0_SLHC12/validationEDM_20_1_AkL.root
-rwx------  1 cms011 cms     8387 Apr  4 11:04 writeCfg.py
-rw-------  1 cms011 cms     8010 Jun 18 02:09 x509up_u50707
>>> Modify Job Report:
CMSSW_VERSION = CMSSW_6_2_0_SLHC12
ProcessedDataset = calabria_MuMinus5_GEN-SIM-DIGI-RECO_CMSSW_6_2_0_SLHC12_2023Scenario_VALNOPU2_Case3
/home/cms011/home_cream_308455094/CREAM308455094/glide_Quz7uD/execute/dir_11351/ProdCommon/FwkJobRep/ModifyJobReport.py fjr /home/cms011/home_cream_308455094/CREAM308455094/glide_Quz7uD/execute/dir_11351/crab_fjr_20.xml json /home/cms011/home_cream_308455094/CREAM308455094/glide_Quz7uD/execute/dir_11351/resultCopyFile n_job 20_1_AkL PrimaryDataset calabria_SingleMuPt5_GEN-SIM-DIGI-RECO_CMSSW_6_2_0_SLHC12_2023Scenario_Case3  ApplicationFamily cmsRun ApplicationName cmsRun cmssw_version CMSSW_6_2_0_SLHC12 psethash 5854dd31cbd3cdec44c48628cc181cf0 UserProcessedDataset calabria-calabria_MuMinus5_GEN-SIM-DIGI-RECO_CMSSW_6_2_0_SLHC12_2023Scenario_VALNOPU2_Case3-5854dd31cbd3cdec44c48628cc181cf0
inputDict =  {u'/home/cms011/home_cream_308455094/CREAM308455094/glide_Quz7uD/execute/dir_11351/CMSSW_6_2_0_SLHC12/validationEDM_20_1_AkL.root': {u'endpoint': u'srm://storm-se-01.ba.infn.it:8444/srm/managerv2?SFN=//cms/store/user/calabria/calabria_SingleMuPt5_GEN-SIM-DIGI-RECO_CMSSW_6_2_0_SLHC12_2023Scenario_Case3/calabria_MuMinus5_GEN-SIM-DIGI-RECO_CMSSW_6_2_0_SLHC12_2023Scenario_VALNOPU2_Case3/5854dd31cbd3cdec44c48628cc181cf0/', u'surl_for_grid': u'', u'reason': u'Copy succedeed with srm-lcg utils', u'erCode': u'0', u'se_name': u'storm-se-01.ba.infn.it', u'for_lfn': u'/store/user/calabria/calabria_SingleMuPt5_GEN-SIM-DIGI-RECO_CMSSW_6_2_0_SLHC12_2023Scenario_Case3/calabria_MuMinus5_GEN-SIM-DIGI-RECO_CMSSW_6_2_0_SLHC12_2023Scenario_VALNOPU2_Case3/5854dd31cbd3cdec44c48628cc181cf0/'}}
UserProcessedDataset =  calabria-calabria_MuMinus5_GEN-SIM-DIGI-RECO_CMSSW_6_2_0_SLHC12_2023Scenario_VALNOPU2_Case3-5854dd31cbd3cdec44c48628cc181cf0
file_name in inputDict =  /home/cms011/home_cream_308455094/CREAM308455094/glide_Quz7uD/execute/dir_11351/CMSSW_6_2_0_SLHC12/validationEDM_20_1_AkL.root
(size) os.stat(filename)[6] =  3155556
checksum =  2468373667
    file =  validationEDM_20_1_AkL.root
    newPfn =  srm://storm-se-01.ba.infn.it:8444/srm/managerv2?SFN=//cms/store/user/calabria/calabria_SingleMuPt5_GEN-SIM-DIGI-RECO_CMSSW_6_2_0_SLHC12_2023Scenario_Case3/calabria_MuMinus5_GEN-SIM-DIGI-RECO_CMSSW_6_2_0_SLHC12_2023Scenario_VALNOPU2_Case3/5854dd31cbd3cdec44c48628cc181cf0/validationEDM_20_1_AkL.root
    newLfn =  /store/user/calabria/calabria_SingleMuPt5_GEN-SIM-DIGI-RECO_CMSSW_6_2_0_SLHC12_2023Scenario_Case3/calabria_MuMinus5_GEN-SIM-DIGI-RECO_CMSSW_6_2_0_SLHC12_2023Scenario_VALNOPU2_Case3/5854dd31cbd3cdec44c48628cc181cf0/validationEDM_20_1_AkL.root
>>> crab_fjr_*.xml  permission set to 0704
CrabWrapper EXIT_FUNC entered at Wed Jun 18 02:16:55 CEST 2014   -  Wed Jun 18 00:16:55 UTC 2014
Checking output files:  
will tar file crab_fjr_20.xml in  out_files_20
WARNING: output file CMSSW_20.stdout not found!
WARNING: output file CMSSW_20.stderr not found!
WARNING: output file Watchdog_20.log.gz not found!
>>> padding time: Sleeping the wrapper for 185 seconds
STOPPING WATCHDOG. CrabWatchdog PID is 13035
********** LAST 50 LINES OF WATCHDOG LOG
# RESOURCE USAGE SUMMARY FOR PROCESS ID 11434
USER       PID %CPU %MEM    VSZ   RSS TTY      STAT START   TIME COMMAND
cms011   11434  0.2  0.0   9496  1596 ?        S    02:09   0:00 /bin/sh /home/cms011/home_cream_308455094/CREAM308455094/glide_Quz7uD/execute/dir_11351/condor_exec.exe 20 1
 
# LIMITS USED BY CRAB WATCHDOG:
# RSS  (KBytes)   : 2300000
# VSZ  (KBytes)   : 100000000
# DISK (MBytes)   : 19000
# CPU TIME        : 720h:0m:0s
# WALL CLOCK TIME : 21h:50m:0s
 
# FOLLOWING PRINTOUT TRACKS MAXIMUM VALUES OF RESOURCES USE
# ONE LINE IS PRINTED EACH TIME A MAXIMUM CHANGES
# IF CHANGE WAS IN RSS OR VSZ ALSO PROCID AND COMMAND ARE PRINTED
# THERE IS NO PRINTOUT FOR CPU/WALL TIME INCREASE
 
# TIME			PID	RSS(KB)	VSZ(KB)	Dsk(MB)	tCPU(s)	tWALL(s)	COMMAND
 Jun 18 02:10:09 CEST	8648	1392	9364	0	0	0	/bin/bash /home/cms011/home_cream_308455094/CREAM308455094/glide_Quz7uD/main/condor_startup.sh glidein_config        
 Jun 18 02:10:09 CEST	10875	8008	93340	0	0	0	/home/cms011/home_cream_308455094/CREAM308455094/glide_Quz7uD/main/condor/sbin/condor_master -f -pidfile /home/cms011/home_cream_308455094/CREAM308455094/glide_Quz7uD/condor_master2.pid       
 Jun 18 02:10:09 CEST	11351	8416	93608	0	0	1	condor_starter -f vocms83.cern.ch        
 Jun 18 02:10:09 CEST	11791	8724	93936	0	7	1	condor_startd -f         
 Jun 18 02:10:09 CEST	13085	41960	104956	0	0	1	edmConfigHash pset.py         
 Jun 18 02:10:09 CEST	18914	41960	106092	0	0	1	sh -c "./glidein_startup.sh" -v std -name v3_0 -entry CDF_IT_Bari_ce2 -clientname UCSD-v1_0.main
 Jun 18 02:10:09 CEST	18919	41960	106492	0	0	1	/bin/bash ./glidein_startup.sh -v std -name v3_0 -entry CDF_IT_Bari_ce2 -clientname UCSD-v1_0.main -schedd
 Jun 18 02:10:09 CEST	---	41960	106492	171	----	----	----
 Jun 18 02:11:10 CEST	15966	755868	982108	171	31	62	cmsRun -j /home/cms011/home_cream_308455094/CREAM308455094/glide_Quz7uD/execute/dir_11351/crab_fjr_20.xml -p pset.py      
 Jun 18 02:11:10 CEST	---	755868	982108	175	----	----	----
 Jun 18 02:12:11 CEST	15966	765052	1006684	175	81	124	cmsRun -j /home/cms011/home_cream_308455094/CREAM308455094/glide_Quz7uD/execute/dir_11351/crab_fjr_20.xml -p pset.py      
 Jun 18 02:13:13 CEST	15966	767128	1009500	175	130	185	cmsRun -j /home/cms011/home_cream_308455094/CREAM308455094/glide_Quz7uD/execute/dir_11351/crab_fjr_20.xml -p pset.py      
 Jun 18 02:14:14 CEST	15966	778104	1023836	175	179	246	cmsRun -j /home/cms011/home_cream_308455094/CREAM308455094/glide_Quz7uD/execute/dir_11351/crab_fjr_20.xml -p pset.py      
 Jun 18 02:15:15 CEST	15966	786528	1031516	175	227	307	cmsRun -j /home/cms011/home_cream_308455094/CREAM308455094/glide_Quz7uD/execute/dir_11351/crab_fjr_20.xml -p pset.py      
 Jun 18 02:16:16 CEST	---	786528	1031516	178	----	----	----
 Jun 18 02:17:17 CEST	---	786528	1031516	179	----	----	----
********** WATCHDOG LOG ENDED
ZIPPING WATCHDOG LOG
Disk space used:
du -sh /home/cms011/home_cream_308455094/CREAM308455094/glide_Quz7uD/execute/dir_11351
179M	/home/cms011/home_cream_308455094/CREAM308455094/glide_Quz7uD/execute/dir_11351
Found unusual stdout, rename for OSB
`/home/cms011/home_cream_308455094/CREAM308455094/glide_Quz7uD/execute/dir_11351/_condor_stdout' -> `CMSSW_20.stdout'
Found unusual stderr, rename for OSB
`/home/cms011/home_cream_308455094/CREAM308455094/glide_Quz7uD/execute/dir_11351/_condor_stdout' -> `CMSSW_20.stderr'
crab_fjr_20.xml
CMSSW_20.stdout
CMSSW_20.stderr
Watchdog_20.log.gz
Total Output dimension: 70275
WARNING: output files size limit is set to: 50000000
Total Output dimension 70275 is fine.
JOB_EXIT_STATUS = 0
>>> info for dashboard:
***** Cat /home/cms011/home_cream_308455094/CREAM308455094/glide_Quz7uD/execute/dir_11351/jobreport.txt *****
MonitorJobID=20_https://vocms83.cern.ch//140616//86812.19
MonitorID=calabria_MuMinus5_Case3_ReReco_06ez4u
ExeTime=333
ExeExitCode=0
StageOutExitStatusReason = 'Copy succedeed with srm-lcg utils'
StageOutSE = storm-se-01.ba.infn.it
StageOutExitStatus = 0
CrabUserCpuTime=259.53
CrabSysCpuTime=3.98
CrabCpuPercentage=79%
CrabWrapperTime=600
CrabStageoutTime=48
JobExitCode=0
***** End Cat jobreport *****
Parameters sent to Dashboard.
EXITING at Wed Jun 18 02:20:05 CEST 2014  -  Wed Jun 18 00:20:05 UTC 2014
