This script was generated by crab (version 2.10.5_patch1).
Running /home/cms011/home_cream_594760361/CREAM594760361/glide_JmwQ4A/execute/dir_20486/condor_exec.exe with 2 positional parameters: 21 1
Today is Wed Jun 18 02:20:12 CEST 2014 - Wed Jun 18 00:20:12 UTC 2014
Job submitted on host wn-recas-uniba-10.ba.infn.it
Linux wn-recas-uniba-10.ba.infn.it 2.6.32-358.23.2.el6.x86_64 #1 SMP Thu Oct 17 10:27:22 CEST 2013 x86_64 x86_64 x86_64 GNU/Linux
>>> current directory (RUNTIME_AREA): /home/cms011/home_cream_594760361/CREAM594760361/glide_JmwQ4A/execute/dir_20486
>>> current user: uid=11720(cms011) gid=1399(cms) groups=1399(cms)
>>> directory permission set to 0700
>>> umask set to:  u=rwx,g=,o=
>>> stdout stderr permission set to 0704
>>> voms proxy information:
subject   : /C=IT/O=INFN/OU=Personal Certificate/L=Bari/CN=Cesare Calabria/CN=477126703/CN=714714113
issuer    : /C=IT/O=INFN/OU=Personal Certificate/L=Bari/CN=Cesare Calabria/CN=477126703
identity  : /C=IT/O=INFN/OU=Personal Certificate/L=Bari/CN=Cesare Calabria
type      : RFC3820 compliant limited proxy
strength  : 1024
path      : /home/cms011/home_cream_594760361/CREAM594760361/glide_JmwQ4A/execute/dir_20486/x509up_u50707
timeleft  : 23:59:56
key usage : Digital Signature, Key Encipherment, Data Encipherment
=== VO cms extension information ===
VO        : cms
subject   : /C=IT/O=INFN/OU=Personal Certificate/L=Bari/CN=Cesare Calabria
issuer    : /DC=ch/DC=cern/OU=computers/CN=voms.cern.ch
attribute : /cms/Role=NULL/Capability=NULL
attribute : /cms/itcms/Role=NULL/Capability=NULL
timeleft  : 153:04:07
uri       : voms.cern.ch:15002

WNHostName=wn-recas-uniba-10.ba.infn.it
>>> tar --no-same-permissions -xf /home/cms011/home_cream_594760361/CREAM594760361/glide_JmwQ4A/execute/dir_20486/default.tgz :
Successful untar
>>> Include /home/cms011/home_cream_594760361/CREAM594760361/glide_JmwQ4A/execute/dir_20486 in PYTHONPATH:
strip arguments
env var CRAB_UNIQUE_JOB_ID set to: calabria_MuMinus5_Case3_ReReco_06ez4u_21_1_R8H
out_files_21
>>> list of expected files on output sandbox
output files: crab_fjr_21.xml CMSSW_21.stdout CMSSW_21.stderr Watchdog_21.log.gz
>>> GridFlavour discovery: 
GridFlavour=LCG
>>> SyncSite discovery: 
SyncSite=T2_IT_Bari
>>> SyncCE discovery: 
getting SyncCE from CE_ID
SyncCE=cream-ce-2.ba.infn.it:8443/cream-pbs-long
>>> info for dashboard:
***** Cat /home/cms011/home_cream_594760361/CREAM594760361/glide_JmwQ4A/execute/dir_20486/jobreport.txt *****
WNHostName=wn-recas-uniba-10.ba.infn.it
MonitorJobID=21_https://vocms83.cern.ch//140616//86812.20
SyncGridJobId=https://vocms83.cern.ch//140616//86812.20
MonitorID=calabria_MuMinus5_Case3_ReReco_06ez4u
GridFlavour=LCG
SyncSite=T2_IT_Bari
SyncCE=cream-ce-2.ba.infn.it:8443/cream-pbs-long
***** End Cat jobreport *****
Parameters sent to Dashboard.
>>> setup environment
set SCRAM ARCH to slc5_amd64_gcc472
SCRAM_ARCH = slc5_amd64_gcc472
>>> setup CMS LCG environment:
set SCRAM ARCH and BUILD_ARCH to slc5_amd64_gcc472 ###
Sourcing environment... 
sourcing /cvmfs/cms.cern.ch/cmsset_default.sh
==> setup cms environment ok
>>> specific cmssw setup environment:
CMSSW_VERSION =  CMSSW_6_2_0_SLHC12
>>> current directory (SOFTWARE_DIR): /home/cms011/home_cream_594760361/CREAM594760361/glide_JmwQ4A/execute/dir_20486/CMSSW_6_2_0_SLHC12
PreserveSeeds: <>
IncrementSeeds:<>
>>> info for dashboard:
***** Cat /home/cms011/home_cream_594760361/CREAM594760361/glide_JmwQ4A/execute/dir_20486/jobreport.txt *****
MonitorJobID=21_https://vocms83.cern.ch//140616//86812.20
MonitorID=calabria_MuMinus5_Case3_ReReco_06ez4u
***** End Cat jobreport *****
Parameters sent to Dashboard.
crabWatchdog started as process 23558
>>> moving CMSSW software directories in /home/cms011/home_cream_594760361/CREAM594760361/glide_JmwQ4A/execute/dir_20486/CMSSW_6_2_0_SLHC12
mv: cannot stat `/home/cms011/home_cream_594760361/CREAM594760361/glide_JmwQ4A/execute/dir_20486/module/': No such file or directory
>>> Include /home/cms011/home_cream_594760361/CREAM594760361/glide_JmwQ4A/execute/dir_20486 in PYTHONPATH:
PYTHONPATH=/home/cms011/home_cream_594760361/CREAM594760361/glide_JmwQ4A/execute/dir_20486/:/home/cms011/home_cream_594760361/CREAM594760361/glide_JmwQ4A/execute/dir_20486/CMSSW_6_2_0_SLHC12/python:/home/cms011/home_cream_594760361/CREAM594760361/glide_JmwQ4A/execute/dir_20486/CMSSW_6_2_0_SLHC12/lib/slc5_amd64_gcc472:/cvmfs/cms.cern.ch/slc5_amd64_gcc472/cms/cmssw/CMSSW_6_2_0_SLHC12/python:/cvmfs/cms.cern.ch/slc5_amd64_gcc472/cms/cmssw/CMSSW_6_2_0_SLHC12/lib/slc5_amd64_gcc472:/cvmfs/cms.cern.ch/slc5_amd64_gcc472/cms/coral/CORAL_2_3_21-cms36/slc5_amd64_gcc472/python:/cvmfs/cms.cern.ch/slc5_amd64_gcc472/cms/coral/CORAL_2_3_21-cms36/slc5_amd64_gcc472/lib:/cvmfs/cms.cern.ch/slc5_amd64_gcc472/external/pyqt/4.8.1-cms6/lib/python2.7/site-packages:/cvmfs/cms.cern.ch/slc5_amd64_gcc472/external/py2-scipy/0.8.0-cms8/lib/python2.7/site-packages:/cvmfs/cms.cern.ch/slc5_amd64_gcc472/external/py2-matplotlib/1.0.1-cms8/lib/python2.7/site-packages:/cvmfs/cms.cern.ch/slc5_amd64_gcc472/external/python-ldap/2.3.5-cms6/lib/python2.7/site-packages:/cvmfs/cms.cern.ch/slc5_amd64_gcc472/external/sip/4.11.2-cms6/lib/python2.7/site-packages:/cvmfs/cms.cern.ch/slc5_amd64_gcc472/external/py2-pycurl/7.19.0-cms8/lib/python2.7/site-packages:/cvmfs/cms.cern.ch/slc5_amd64_gcc472/external/py2-numpy/1.6.1-cms8/lib/python2.7/site-packages:/cvmfs/cms.cern.ch/slc5_amd64_gcc472/external/py2-lint/0.25.1-cms6/lib/python2.7/site-packages:/cvmfs/cms.cern.ch/slc5_amd64_gcc472/external/py2-ipython/0.10-cms6/lib/python2.7/site-packages:/cvmfs/cms.cern.ch/slc5_amd64_gcc472/external/py2-cx-oracle/5.1-cms7/lib/python2.7/site-packages:/cvmfs/cms.cern.ch/slc5_amd64_gcc472/external/py2-cjson/1.0.5-cms6/lib/python2.7/site-packages:/cvmfs/cms.cern.ch/slc5_amd64_gcc472/cms/das-client/1.11.7/bin:/cvmfs/cms.cern.ch/slc5_amd64_gcc472/external/elementtree/1.2.6-cms6/share/lib/python2.7/site-packages:/cvmfs/cms.cern.ch/slc5_amd64_gcc472/external/rivet/1.8.2-cms8/lib/python2.7/site-packages:/cvmfs/cms.cern.ch/slc5_amd64_gcc472/external/pyminuit2/0.0.1-cms19/lib/python2.7/site-packages:/cvmfs/cms.cern.ch/slc5_amd64_gcc472/external/py2-pygithub/1.23.0/lib/python2.7/site-packages:/cvmfs/cms.cern.ch/slc5_amd64_gcc472/external/professor/1.0.0-cms19/lib/python2.7/site-packages:/cvmfs/cms.cern.ch/slc5_amd64_gcc472/lcg/root/5.34.07-cms/lib:/cvmfs/cms.cern.ch/slc5_amd64_gcc472/cms/dbs-client/DBS_2_1_9-cms5/lib:/cvmfs/cms.cern.ch/slc5_amd64_gcc472/cms/dbs-client/DBS_2_1_9-cms5/lib/DBSAPI:/cvmfs/cms.cern.ch/slc5_amd64_gcc472/external/cvs2git/5419-cms/lib:/home/cms011/home_cream_594760361/CREAM594760361/glide_JmwQ4A/execute/dir_20486/
 
# LIMITS USED BY CRAB WATCHDOG:
# RSS  (KBytes)   : 2300000
# VSZ  (KBytes)   : 100000000
# DISK (MBytes)   : 19000
# CPU TIME        : 720h:0m:0s
# WALL CLOCK TIME : 21h:50m:0s
 
5854dd31cbd3cdec44c48628cc181cf0
PSETHASH = 5854dd31cbd3cdec44c48628cc181cf0
/home/cms011/home_cream_594760361/CREAM594760361/glide_JmwQ4A/execute/dir_20486/writeCfg.py pset.py pset.py
Importing .py file
Setting parameters
RandomNumberGeneratorService found, will attempt to change seeds
inputBlocks=/calabria_SingleMuPt5_GEN-SIM-DIGI-RECO_CMSSW_6_2_0_SLHC12_2023Scenario_Case3/calabria-calabria_SingleMuPt5_GEN-SIM-DIGI-RECO_CMSSW_6_2_0_SLHC12_2023Scenario_Case3-01e8787d2102816c4c34c374fc192ef2/USER#a9d67686-ecd9-4c64-bc1d-1fd2cdc4c0dc
inputFiles=/store/user/calabria/calabria_SingleMuPt5_GEN-SIM-DIGI-RECO_CMSSW_6_2_0_SLHC12_2023Scenario_Case3/calabria_SingleMuPt5_GEN-SIM-DIGI-RECO_CMSSW_6_2_0_SLHC12_2023Scenario_Case3/01e8787d2102816c4c34c374fc192ef2/out_reco_463_1_Wsi.root;/store/user/calabria/calabria_SingleMuPt5_GEN-SIM-DIGI-RECO_CMSSW_6_2_0_SLHC12_2023Scenario_Case3/calabria_SingleMuPt5_GEN-SIM-DIGI-RECO_CMSSW_6_2_0_SLHC12_2023Scenario_Case3/01e8787d2102816c4c34c374fc192ef2/out_reco_464_1_S5u.root
parentFiles=
lumisRange=
>>> Executable cmsRun
/cvmfs/cms.cern.ch/slc5_amd64_gcc472/cms/cmssw/CMSSW_6_2_0_SLHC12/bin/slc5_amd64_gcc472/cmsRun
ok executable found
>>> info for dashboard:
***** Cat /home/cms011/home_cream_594760361/CREAM594760361/glide_JmwQ4A/execute/dir_20486/jobreport.txt *****
MonitorJobID=21_https://vocms83.cern.ch//140616//86812.20
MonitorID=calabria_MuMinus5_Case3_ReReco_06ez4u
ExeStart=cmsRun
***** End Cat jobreport *****
Parameters sent to Dashboard.
>>> cmsRun started at Wed Jun 18 00:20:41 UTC 2014
>>> cmsRun ended at Wed Jun 18 00:22:00 UTC 2014
>>> crab_fjr_*.xml  permission set to 0704
>>> info for dashboard:
***** Cat /home/cms011/home_cream_594760361/CREAM594760361/glide_JmwQ4A/execute/dir_20486/jobreport.txt *****
MonitorJobID=21_https://vocms83.cern.ch//140616//86812.20
MonitorID=calabria_MuMinus5_Case3_ReReco_06ez4u
ExeEnd=cmsRun
***** End Cat jobreport *****
Parameters sent to Dashboard.
TIME_EXE = 79 sec
>>> cmsRun wrote 26 lines of stdout+stderr
>>> START OF printout of 26 lines from stdout+stderr
271 DQMStore::DQMStore 
HcalTopologyIdealEP::HcalTopologyIdealEP
18-Jun-2014 02:20:57 CEST  Initiating request to open file file:/lustre/cms//store/user/calabria/calabria_SingleMuPt5_GEN-SIM-DIGI-RECO_CMSSW_6_2_0_SLHC12_2023Scenario_Case3/calabria_SingleMuPt5_GEN-SIM-DIGI-RECO_CMSSW_6_2_0_SLHC12_2023Scenario_Case3/01e8787d2102816c4c34c374fc192ef2/out_reco_463_1_Wsi.root
18-Jun-2014 02:21:00 CEST  Successfully opened file file:/lustre/cms//store/user/calabria/calabria_SingleMuPt5_GEN-SIM-DIGI-RECO_CMSSW_6_2_0_SLHC12_2023Scenario_Case3/calabria_SingleMuPt5_GEN-SIM-DIGI-RECO_CMSSW_6_2_0_SLHC12_2023Scenario_Case3/01e8787d2102816c4c34c374fc192ef2/out_reco_463_1_Wsi.root
18-Jun-2014 02:21:27 CEST  Closed file file:/lustre/cms//store/user/calabria/calabria_SingleMuPt5_GEN-SIM-DIGI-RECO_CMSSW_6_2_0_SLHC12_2023Scenario_Case3/calabria_SingleMuPt5_GEN-SIM-DIGI-RECO_CMSSW_6_2_0_SLHC12_2023Scenario_Case3/01e8787d2102816c4c34c374fc192ef2/out_reco_463_1_Wsi.root
18-Jun-2014 02:21:27 CEST  Initiating request to open file file:/lustre/cms//store/user/calabria/calabria_SingleMuPt5_GEN-SIM-DIGI-RECO_CMSSW_6_2_0_SLHC12_2023Scenario_Case3/calabria_SingleMuPt5_GEN-SIM-DIGI-RECO_CMSSW_6_2_0_SLHC12_2023Scenario_Case3/01e8787d2102816c4c34c374fc192ef2/out_reco_464_1_S5u.root
18-Jun-2014 02:21:27 CEST  Successfully opened file file:/lustre/cms//store/user/calabria/calabria_SingleMuPt5_GEN-SIM-DIGI-RECO_CMSSW_6_2_0_SLHC12_2023Scenario_Case3/calabria_SingleMuPt5_GEN-SIM-DIGI-RECO_CMSSW_6_2_0_SLHC12_2023Scenario_Case3/01e8787d2102816c4c34c374fc192ef2/out_reco_464_1_S5u.root
18-Jun-2014 02:21:59 CEST  Closed file file:/lustre/cms//store/user/calabria/calabria_SingleMuPt5_GEN-SIM-DIGI-RECO_CMSSW_6_2_0_SLHC12_2023Scenario_Case3/calabria_SingleMuPt5_GEN-SIM-DIGI-RECO_CMSSW_6_2_0_SLHC12_2023Scenario_Case3/01e8787d2102816c4c34c374fc192ef2/out_reco_464_1_S5u.root

=============================================

MessageLogger Summary

 type     category        sev    module        subroutine        count    total
 ---- -------------------- -- ---------------- ----------------  -----    -----
    1 fileAction           -s file_close                             2        2
    2 fileAction           -s file_open                              4        4

 type    category    Examples: run/evt        run/evt          run/evt
 ---- -------------------- ---------------- ---------------- ----------------
    1 fileAction           PostProcessEvent PostEndRun       
    2 fileAction           pre-events       pre-events       PostProcessEvent

Severity    # Occurrences   Total Occurrences
--------    -------------   -----------------
System                  6                   6
>>> END OF printout of 26 lines from stdout+stderr
>>> Parse FrameworkJobReport crab_fjr.xml
Result of parsing the FrameworkJobReport crab_fjr.xml: Popularity start
lumisRange : 1::::1;1::::2;
lumisParentRange : 
Basename : /store/user/calabria/calabria_SingleMuPt5_GEN-SIM-DIGI-RECO_CMSSW_6_2_0_SLHC12_2023Scenario_Case3/calabria_SingleMuPt5_GEN-SIM-DIGI-RECO_CMSSW_6_2_0_SLHC12_2023Scenario_Case3/01e8787d2102816c4c34c374fc192ef2/out_reco_46
BasenameParent : 
parentFiles : 
inputBlocks : /calabria_SingleMuPt5_GEN-SIM-DIGI-RECO_CMSSW_6_2_0_SLHC12_2023Scenario_Case3/calabria-calabria_SingleMuPt5_GEN-SIM-DIGI-RECO_CMSSW_6_2_0_SLHC12_2023Scenario_Case3-01e8787d2102816c4c34c374fc192ef2/USER#a9d67686-ecd9-4c64-bc1d-1fd2cdc4c0dc
inputFiles : 3_1_Wsi.root::1::EDM::Local::1;4_1_S5u.root::1::EDM::Local::2;
Popularity stop
Extracted ExitStatus from FrameworkJobReport parsing output: 0
>>> Executable succeded  0
ExeExitCode=0
EXECUTABLE_EXIT_STATUS = 0
>>> current directory /home/cms011/home_cream_594760361/CREAM594760361/glide_JmwQ4A/execute/dir_20486/CMSSW_6_2_0_SLHC12
>>>  (SOFTWARE_DIR): /home/cms011/home_cream_594760361/CREAM594760361/glide_JmwQ4A/execute/dir_20486/CMSSW_6_2_0_SLHC12
>>> (WORKING_DIR): 
>>> current directory content:
total 9600
drwxr-xr-x 3 cms011 cms    4096 Jun 18 02:20 .SCRAM
-rw------- 1 cms011 cms 3740519 Jun 18 02:20 CMSSW.py.pkl
drwxr-xr-x 3 cms011 cms    4096 Jun 18 02:20 bin
drwxr-xr-x 3 cms011 cms    4096 Jun 18 02:20 cfipython
drwxr-xr-x 4 cms011 cms    4096 Jun 18 02:20 config
-rw------- 1 cms011 cms      15 Jun 18 02:22 cpu_timing.txt
drwxr-xr-x 2 cms011 cms    4096 Jun 18 02:20 doc
-rw------- 1 cms011 cms    2679 Jun 18 02:22 executable.out
drwxr-xr-x 2 cms011 cms    4096 Jun 18 02:20 include
drwx------ 3 cms011 cms    4096 Apr 28 18:12 lib
drwxr-xr-x 3 cms011 cms    4096 Jun 18 02:20 logs
drwxr-xr-x 3 cms011 cms    4096 Jun 18 02:20 objs
-rw------- 1 cms011 cms     104 Jun 18 02:20 pset.py
-rw------- 1 cms011 cms 3710334 Jun 18 02:20 pset.py.pkl
-rw------- 1 cms011 cms     289 Jun 18 02:20 pset.pyc
drwxr-xr-x 2 cms011 cms    4096 Jun 18 02:20 python
-rw------- 1 cms011 cms     389 Jun 18 02:22 report.log
drwx------ 6 cms011 cms    4096 Jun 18 02:20 src
drwxr-xr-x 3 cms011 cms    4096 Jun 18 02:20 test
drwxr-xr-x 3 cms011 cms    4096 Jun 18 02:20 tmp
-rw------- 1 cms011 cms 2288519 Jun 18 02:22 validationEDM.root
>>> current directory /home/cms011/home_cream_594760361/CREAM594760361/glide_JmwQ4A/execute/dir_20486/CMSSW_6_2_0_SLHC12
>>> (SOFTWARE_DIR): /home/cms011/home_cream_594760361/CREAM594760361/glide_JmwQ4A/execute/dir_20486/CMSSW_6_2_0_SLHC12
>>> (WORKING_DIR): 
>>> current directory content:
total 9600
drwxr-xr-x 3 cms011 cms    4096 Jun 18 02:20 .SCRAM
-rw------- 1 cms011 cms 3740519 Jun 18 02:20 CMSSW.py.pkl
drwxr-xr-x 3 cms011 cms    4096 Jun 18 02:20 bin
drwxr-xr-x 3 cms011 cms    4096 Jun 18 02:20 cfipython
drwxr-xr-x 4 cms011 cms    4096 Jun 18 02:20 config
-rw------- 1 cms011 cms      15 Jun 18 02:22 cpu_timing.txt
drwxr-xr-x 2 cms011 cms    4096 Jun 18 02:20 doc
-rw------- 1 cms011 cms    2679 Jun 18 02:22 executable.out
drwxr-xr-x 2 cms011 cms    4096 Jun 18 02:20 include
drwx------ 3 cms011 cms    4096 Apr 28 18:12 lib
drwxr-xr-x 3 cms011 cms    4096 Jun 18 02:20 logs
drwxr-xr-x 3 cms011 cms    4096 Jun 18 02:20 objs
-rw------- 1 cms011 cms     104 Jun 18 02:20 pset.py
-rw------- 1 cms011 cms 3710334 Jun 18 02:20 pset.py.pkl
-rw------- 1 cms011 cms     289 Jun 18 02:20 pset.pyc
drwxr-xr-x 2 cms011 cms    4096 Jun 18 02:20 python
-rw------- 1 cms011 cms     389 Jun 18 02:22 report.log
drwx------ 6 cms011 cms    4096 Jun 18 02:20 src
drwxr-xr-x 3 cms011 cms    4096 Jun 18 02:20 test
drwxr-xr-x 3 cms011 cms    4096 Jun 18 02:20 tmp
-rw------- 1 cms011 cms 2288519 Jun 18 02:22 validationEDM_21_1_R8H.root
>>> current directory (RUNTIME_AREA):  /home/cms011/home_cream_594760361/CREAM594760361/glide_JmwQ4A/execute/dir_20486
SE = storm-se-01.ba.infn.it
SE_PATH = /srm/managerv2?SFN=//cms/store/user/calabria/calabria_SingleMuPt5_GEN-SIM-DIGI-RECO_CMSSW_6_2_0_SLHC12_2023Scenario_Case3/calabria_MuMinus5_GEN-SIM-DIGI-RECO_CMSSW_6_2_0_SLHC12_2023Scenario_VALNOPU2_Case3/5854dd31cbd3cdec44c48628cc181cf0/
LFNBaseName = /store/user/calabria/calabria_SingleMuPt5_GEN-SIM-DIGI-RECO_CMSSW_6_2_0_SLHC12_2023Scenario_Case3/calabria_MuMinus5_GEN-SIM-DIGI-RECO_CMSSW_6_2_0_SLHC12_2023Scenario_VALNOPU2_Case3/5854dd31cbd3cdec44c48628cc181cf0/
USER = calabria
endpoint = srm://storm-se-01.ba.infn.it:8444/srm/managerv2?SFN=//cms/store/user/calabria/calabria_SingleMuPt5_GEN-SIM-DIGI-RECO_CMSSW_6_2_0_SLHC12_2023Scenario_Case3/calabria_MuMinus5_GEN-SIM-DIGI-RECO_CMSSW_6_2_0_SLHC12_2023Scenario_VALNOPU2_Case3/5854dd31cbd3cdec44c48628cc181cf0/
>>> Copy output files from WN = wn-recas-uniba-10.ba.infn.it to /srm/managerv2?SFN=//cms/store/user/calabria/calabria_SingleMuPt5_GEN-SIM-DIGI-RECO_CMSSW_6_2_0_SLHC12_2023Scenario_Case3/calabria_MuMinus5_GEN-SIM-DIGI-RECO_CMSSW_6_2_0_SLHC12_2023Scenario_VALNOPU2_Case3/5854dd31cbd3cdec44c48628cc181cf0/ :
python cmscp.py  --destination srm://storm-se-01.ba.infn.it:8444/srm/managerv2?SFN=//cms/store/user/calabria/calabria_SingleMuPt5_GEN-SIM-DIGI-RECO_CMSSW_6_2_0_SLHC12_2023Scenario_Case3/calabria_MuMinus5_GEN-SIM-DIGI-RECO_CMSSW_6_2_0_SLHC12_2023Scenario_VALNOPU2_Case3/5854dd31cbd3cdec44c48628cc181cf0/ --inputFileList /home/cms011/home_cream_594760361/CREAM594760361/glide_JmwQ4A/execute/dir_20486/CMSSW_6_2_0_SLHC12/validationEDM_21_1_R8H.root --middleware LCG --se_name storm-se-01.ba.infn.it --for_lfn /store/user/calabria/calabria_SingleMuPt5_GEN-SIM-DIGI-RECO_CMSSW_6_2_0_SLHC12_2023Scenario_Case3/calabria_MuMinus5_GEN-SIM-DIGI-RECO_CMSSW_6_2_0_SLHC12_2023Scenario_VALNOPU2_Case3/5854dd31cbd3cdec44c48628cc181cf0/    
******************************************************
localSeName  =  storm-se-01.ba.infn.it
remoteSeName =  storm-se-01.ba.infn.it
******************************************************
{"/home/cms011/home_cream_594760361/CREAM594760361/glide_JmwQ4A/execute/dir_20486/CMSSW_6_2_0_SLHC12/validationEDM_21_1_R8H.root": {"endpoint": "srm://storm-se-01.ba.infn.it:8444/srm/managerv2?SFN=//cms/store/user/calabria/calabria_SingleMuPt5_GEN-SIM-DIGI-RECO_CMSSW_6_2_0_SLHC12_2023Scenario_Case3/calabria_MuMinus5_GEN-SIM-DIGI-RECO_CMSSW_6_2_0_SLHC12_2023Scenario_VALNOPU2_Case3/5854dd31cbd3cdec44c48628cc181cf0/", "surl_for_grid": "", "reason": "Copy succedeed with srm-lcg utils", "erCode": "0", "se_name": "storm-se-01.ba.infn.it", "for_lfn": "/store/user/calabria/calabria_SingleMuPt5_GEN-SIM-DIGI-RECO_CMSSW_6_2_0_SLHC12_2023Scenario_Case3/calabria_MuMinus5_GEN-SIM-DIGI-RECO_CMSSW_6_2_0_SLHC12_2023Scenario_VALNOPU2_Case3/5854dd31cbd3cdec44c48628cc181cf0/"}}/home/cms011/home_cream_594760361/CREAM594760361/glide_JmwQ4A/execute/dir_20486
-------- cat /home/cms011/home_cream_594760361/CREAM594760361/glide_JmwQ4A/execute/dir_20486/cmscpReport.sh 
#!/bin/bash
echo "Report for File: /home/cms011/home_cream_594760361/CREAM594760361/glide_JmwQ4A/execute/dir_20486/CMSSW_6_2_0_SLHC12/validationEDM_21_1_R8H.root"
echo "LFN: /store/user/calabria/calabria_SingleMuPt5_GEN-SIM-DIGI-RECO_CMSSW_6_2_0_SLHC12_2023Scenario_Case3/calabria_MuMinus5_GEN-SIM-DIGI-RECO_CMSSW_6_2_0_SLHC12_2023Scenario_VALNOPU2_Case3/5854dd31cbd3cdec44c48628cc181cf0/validationEDM_21_1_R8H.root"
echo "StorageElement: storm-se-01.ba.infn.it"
echo "StageOutExitStatusReason = 'Copy succedeed with srm-lcg utils'" | tee -a $RUNTIME_AREA/$repo
echo "StageOutSE = storm-se-01.ba.infn.it" >> $RUNTIME_AREA/$repo

export StageOutExitStatus=0
echo "StageOutExitStatus = 0" | tee -a $RUNTIME_AREA/$repo
-------- end of /home/cms011/home_cream_594760361/CREAM594760361/glide_JmwQ4A/execute/dir_20486/cmscpReport.sh 
Report for File: /home/cms011/home_cream_594760361/CREAM594760361/glide_JmwQ4A/execute/dir_20486/CMSSW_6_2_0_SLHC12/validationEDM_21_1_R8H.root
LFN: /store/user/calabria/calabria_SingleMuPt5_GEN-SIM-DIGI-RECO_CMSSW_6_2_0_SLHC12_2023Scenario_Case3/calabria_MuMinus5_GEN-SIM-DIGI-RECO_CMSSW_6_2_0_SLHC12_2023Scenario_VALNOPU2_Case3/5854dd31cbd3cdec44c48628cc181cf0/validationEDM_21_1_R8H.root
StorageElement: storm-se-01.ba.infn.it
StageOutExitStatusReason = 'Copy succedeed with srm-lcg utils'
StageOutExitStatus = 0
>>> current dir: /home/cms011/home_cream_594760361/CREAM594760361/glide_JmwQ4A/execute/dir_20486
>>> current dir content:
total 27664
-rw-------  1 cms011 cms     2775 Jun 18 02:22 .SEinteraction.log
-rwx------  1 cms011 cms     6726 Jun 18 02:20 .job.ad
-rwx------  1 cms011 cms     9486 Jun 18 02:20 .machine.ad
-rw-------  1 cms011 cms      105 Jun 16 20:43 CMSSW.py
-rw-------  1 cms011 cms  3740519 Jun 16 20:43 CMSSW.py.pkl
-rwx------  1 cms011 cms    29543 Jun 18 02:20 CMSSW.sh
drwxr-xr-x 15 cms011 cms     4096 Jun 18 02:22 CMSSW_6_2_0_SLHC12
-rw-------  1 cms011 cms      220 Jun 18 02:20 CacheEnv.sh
-rw-------  1 cms011 cms     7291 Apr  4 11:04 DashboardAPI.py
-rw-------  1 cms011 cms     6815 Jun 18 02:20 DashboardAPI.pyc
drwx------  2 cms011 cms     4096 Jun 18 02:22 IMProv
-rw-------  1 cms011 cms     2748 Apr  4 11:04 Logger.py
-rw-------  1 cms011 cms     3347 Jun 18 02:20 Logger.pyc
-rw-------  1 cms011 cms    24524 Apr  4 11:04 ProcInfo.py
-rw-------  1 cms011 cms    23197 Jun 18 02:20 ProcInfo.pyc
drwx------  7 cms011 cms     4096 Jun 18 02:20 ProdCommon
drwx------  3 cms011 cms     4096 Jun 18 02:20 WMCore
-rw-------  1 cms011 cms     2206 Jun 18 02:22 Watchdog_21.log
-rwx------  1 cms011 cms        0 Jun 18 02:20 _condor_stderr
-rwx---r--  1 cms011 cms    19963 Jun 18 02:22 _condor_stdout
-rw-------  1 cms011 cms    32895 Apr  4 11:04 apmon.py
-rw-------  1 cms011 cms    28625 Jun 18 02:20 apmon.pyc
-rwx------  1 cms011 cms    53372 Jun 18 02:20 arguments.xml
-rwx------  1 cms011 cms    38515 Apr  4 11:04 cmscp.py
-rw-------  1 cms011 cms      716 Jun 18 02:22 cmscpReport.sh
-rwx------  1 cms011 cms    29543 Jun 18 02:20 condor_exec.exe
-rw-------  1 cms011 cms      953 Jun 16 20:43 crab.cfg
-rwx------  1 cms011 cms     8610 Apr  4 11:04 crabWatchdog.sh
-rwx---r--  1 cms011 cms   114469 Jun 18 02:22 crab_fjr_21.xml
-rwx------  1 cms011 cms 23956644 Jun 18 02:20 default.tgz
-rwx------  1 cms011 cms     4488 Apr  4 11:04 fillCrabFjr.py
-rw-------  1 cms011 cms      751 Jun 18 02:20 inputsReport.txt
-rw-------  1 cms011 cms      253 Jun 18 02:22 jobreport.txt
-rw-------  1 cms011 cms    17352 Apr  4 11:04 parseCrabFjr.py
-rw-------  1 cms011 cms      326 Jun 18 02:20 report.log
-rwx--x--x  1 cms011 cms     1497 Apr  4 11:04 report.py
-rw-------  1 cms011 cms      768 Jun 18 02:22 resultCopyFile
lrwxrwxrwx  1 cms011 cms      126 Jun 18 02:22 validationEDM.root -> /home/cms011/home_cream_594760361/CREAM594760361/glide_JmwQ4A/execute/dir_20486/CMSSW_6_2_0_SLHC12/validationEDM_21_1_R8H.root
-rwx------  1 cms011 cms     8387 Apr  4 11:04 writeCfg.py
-rw-------  1 cms011 cms     8010 Jun 18 02:20 x509up_u50707
>>> Modify Job Report:
CMSSW_VERSION = CMSSW_6_2_0_SLHC12
ProcessedDataset = calabria_MuMinus5_GEN-SIM-DIGI-RECO_CMSSW_6_2_0_SLHC12_2023Scenario_VALNOPU2_Case3
/home/cms011/home_cream_594760361/CREAM594760361/glide_JmwQ4A/execute/dir_20486/ProdCommon/FwkJobRep/ModifyJobReport.py fjr /home/cms011/home_cream_594760361/CREAM594760361/glide_JmwQ4A/execute/dir_20486/crab_fjr_21.xml json /home/cms011/home_cream_594760361/CREAM594760361/glide_JmwQ4A/execute/dir_20486/resultCopyFile n_job 21_1_R8H PrimaryDataset calabria_SingleMuPt5_GEN-SIM-DIGI-RECO_CMSSW_6_2_0_SLHC12_2023Scenario_Case3  ApplicationFamily cmsRun ApplicationName cmsRun cmssw_version CMSSW_6_2_0_SLHC12 psethash 5854dd31cbd3cdec44c48628cc181cf0 UserProcessedDataset calabria-calabria_MuMinus5_GEN-SIM-DIGI-RECO_CMSSW_6_2_0_SLHC12_2023Scenario_VALNOPU2_Case3-5854dd31cbd3cdec44c48628cc181cf0
inputDict =  {u'/home/cms011/home_cream_594760361/CREAM594760361/glide_JmwQ4A/execute/dir_20486/CMSSW_6_2_0_SLHC12/validationEDM_21_1_R8H.root': {u'endpoint': u'srm://storm-se-01.ba.infn.it:8444/srm/managerv2?SFN=//cms/store/user/calabria/calabria_SingleMuPt5_GEN-SIM-DIGI-RECO_CMSSW_6_2_0_SLHC12_2023Scenario_Case3/calabria_MuMinus5_GEN-SIM-DIGI-RECO_CMSSW_6_2_0_SLHC12_2023Scenario_VALNOPU2_Case3/5854dd31cbd3cdec44c48628cc181cf0/', u'surl_for_grid': u'', u'reason': u'Copy succedeed with srm-lcg utils', u'erCode': u'0', u'se_name': u'storm-se-01.ba.infn.it', u'for_lfn': u'/store/user/calabria/calabria_SingleMuPt5_GEN-SIM-DIGI-RECO_CMSSW_6_2_0_SLHC12_2023Scenario_Case3/calabria_MuMinus5_GEN-SIM-DIGI-RECO_CMSSW_6_2_0_SLHC12_2023Scenario_VALNOPU2_Case3/5854dd31cbd3cdec44c48628cc181cf0/'}}
UserProcessedDataset =  calabria-calabria_MuMinus5_GEN-SIM-DIGI-RECO_CMSSW_6_2_0_SLHC12_2023Scenario_VALNOPU2_Case3-5854dd31cbd3cdec44c48628cc181cf0
file_name in inputDict =  /home/cms011/home_cream_594760361/CREAM594760361/glide_JmwQ4A/execute/dir_20486/CMSSW_6_2_0_SLHC12/validationEDM_21_1_R8H.root
(size) os.stat(filename)[6] =  2288519
checksum =  2406322699
    file =  validationEDM_21_1_R8H.root
    newPfn =  srm://storm-se-01.ba.infn.it:8444/srm/managerv2?SFN=//cms/store/user/calabria/calabria_SingleMuPt5_GEN-SIM-DIGI-RECO_CMSSW_6_2_0_SLHC12_2023Scenario_Case3/calabria_MuMinus5_GEN-SIM-DIGI-RECO_CMSSW_6_2_0_SLHC12_2023Scenario_VALNOPU2_Case3/5854dd31cbd3cdec44c48628cc181cf0/validationEDM_21_1_R8H.root
    newLfn =  /store/user/calabria/calabria_SingleMuPt5_GEN-SIM-DIGI-RECO_CMSSW_6_2_0_SLHC12_2023Scenario_Case3/calabria_MuMinus5_GEN-SIM-DIGI-RECO_CMSSW_6_2_0_SLHC12_2023Scenario_VALNOPU2_Case3/5854dd31cbd3cdec44c48628cc181cf0/validationEDM_21_1_R8H.root
>>> crab_fjr_*.xml  permission set to 0704
CrabWrapper EXIT_FUNC entered at Wed Jun 18 02:22:53 CEST 2014   -  Wed Jun 18 00:22:53 UTC 2014
Checking output files:  
will tar file crab_fjr_21.xml in  out_files_21
WARNING: output file CMSSW_21.stdout not found!
WARNING: output file CMSSW_21.stderr not found!
WARNING: output file Watchdog_21.log.gz not found!
>>> padding time: Sleeping the wrapper for 440 seconds
STOPPING WATCHDOG. CrabWatchdog PID is 23558
********** LAST 50 LINES OF WATCHDOG LOG
# RESOURCE USAGE SUMMARY FOR PROCESS ID 20948
USER       PID %CPU %MEM    VSZ   RSS TTY      STAT START   TIME COMMAND
cms011   20948  0.1  0.0   9500  1592 ?        S    02:20   0:00 /bin/sh /home/cms011/home_cream_594760361/CREAM594760361/glide_JmwQ4A/execute/dir_20486/condor_exec.exe 21 1
 
# LIMITS USED BY CRAB WATCHDOG:
# RSS  (KBytes)   : 2300000
# VSZ  (KBytes)   : 100000000
# DISK (MBytes)   : 19000
# CPU TIME        : 720h:0m:0s
# WALL CLOCK TIME : 21h:50m:0s
 
# FOLLOWING PRINTOUT TRACKS MAXIMUM VALUES OF RESOURCES USE
# ONE LINE IS PRINTED EACH TIME A MAXIMUM CHANGES
# IF CHANGE WAS IN RSS OR VSZ ALSO PROCID AND COMMAND ARE PRINTED
# THERE IS NO PRINTOUT FOR CPU/WALL TIME INCREASE
 
# TIME			PID	RSS(KB)	VSZ(KB)	Dsk(MB)	tCPU(s)	tWALL(s)	COMMAND
 Jun 18 02:20:24 CEST	9437	1396	9364	0	0	0	/bin/bash /home/cms011/home_cream_594760361/CREAM594760361/glide_JmwQ4A/main/condor_startup.sh glidein_config        
 Jun 18 02:20:24 CEST	11556	8060	93384	0	0	0	/home/cms011/home_cream_594760361/CREAM594760361/glide_JmwQ4A/main/condor/sbin/condor_master -f -pidfile /home/cms011/home_cream_594760361/CREAM594760361/glide_JmwQ4A/condor_master2.pid       
 Jun 18 02:20:24 CEST	11794	8540	93384	0	34	1	condor_procd -A /home/cms011/home_cream_594760361/CREAM594760361/glide_JmwQ4A/log/procd_address -L /home/cms011/home_cream_594760361/CREAM594760361/glide_JmwQ4A/log/ProcLog -R 10000000 -S 60 -C 11720
 Jun 18 02:20:24 CEST	11795	8724	93920	0	7	1	condor_startd -f         
 Jun 18 02:20:24 CEST	19106	8724	106092	0	0	1	sh -c "./glidein_startup.sh" -v std -name v3_0 -entry CDF_IT_Bari_ce2 -clientname UCSD-v1_0.main
 Jun 18 02:20:24 CEST	19117	8724	106492	0	0	1	/bin/bash ./glidein_startup.sh -v std -name v3_0 -entry CDF_IT_Bari_ce2 -clientname UCSD-v1_0.main -schedd
 Jun 18 02:20:24 CEST	23578	41624	110348	0	0	1	edmConfigHash pset.py         
 Jun 18 02:20:24 CEST	---	41624	110348	171	----	----	----
 Jun 18 02:21:25 CEST	25458	709372	983092	171	36	62	cmsRun -j /home/cms011/home_cream_594760361/CREAM594760361/glide_JmwQ4A/execute/dir_20486/crab_fjr_21.xml -p pset.py      
 Jun 18 02:21:25 CEST	---	709372	983092	175	----	----	----
 Jun 18 02:22:26 CEST	---	709372	983092	177	----	----	----
********** WATCHDOG LOG ENDED
ZIPPING WATCHDOG LOG
Disk space used:
du -sh /home/cms011/home_cream_594760361/CREAM594760361/glide_JmwQ4A/execute/dir_20486
177M	/home/cms011/home_cream_594760361/CREAM594760361/glide_JmwQ4A/execute/dir_20486
Found unusual stdout, rename for OSB
`/home/cms011/home_cream_594760361/CREAM594760361/glide_JmwQ4A/execute/dir_20486/_condor_stdout' -> `CMSSW_21.stdout'
Found unusual stderr, rename for OSB
`/home/cms011/home_cream_594760361/CREAM594760361/glide_JmwQ4A/execute/dir_20486/_condor_stdout' -> `CMSSW_21.stderr'
crab_fjr_21.xml
CMSSW_21.stdout
CMSSW_21.stderr
Watchdog_21.log.gz
Total Output dimension: 20642
WARNING: output files size limit is set to: 50000000
Total Output dimension 20642 is fine.
JOB_EXIT_STATUS = 0
>>> info for dashboard:
***** Cat /home/cms011/home_cream_594760361/CREAM594760361/glide_JmwQ4A/execute/dir_20486/jobreport.txt *****
MonitorJobID=21_https://vocms83.cern.ch//140616//86812.20
MonitorID=calabria_MuMinus5_Case3_ReReco_06ez4u
ExeTime=79
ExeExitCode=0
StageOutExitStatusReason = 'Copy succedeed with srm-lcg utils'
StageOutSE = storm-se-01.ba.infn.it
StageOutExitStatus = 0
CrabUserCpuTime=62.84
CrabSysCpuTime=2.40
CrabCpuPercentage=82%
CrabWrapperTime=600
CrabStageoutTime=49
JobExitCode=0
***** End Cat jobreport *****
Parameters sent to Dashboard.
EXITING at Wed Jun 18 02:30:16 CEST 2014  -  Wed Jun 18 00:30:16 UTC 2014
