This script was generated by crab (version 2.10.5_patch1).
Running /home/cms015/home_cream_555205907/CREAM555205907/glide_IoxR1V/execute/dir_13348/condor_exec.exe with 2 positional parameters: 6 1
Today is Wed Jun 18 00:44:31 CEST 2014 - Tue Jun 17 22:44:31 UTC 2014
Job submitted on host pccms109.ba.infn.it
Linux pccms109.ba.infn.it 2.6.32-431.5.1.el6.x86_64 #1 SMP Wed Feb 12 09:03:27 CET 2014 x86_64 x86_64 x86_64 GNU/Linux
>>> current directory (RUNTIME_AREA): /home/cms015/home_cream_555205907/CREAM555205907/glide_IoxR1V/execute/dir_13348
>>> current user: uid=11815(cms015) gid=1399(cms) groups=1399(cms)
>>> directory permission set to 0700
>>> umask set to:  u=rwx,g=,o=
>>> stdout stderr permission set to 0704
>>> voms proxy information:
subject   : /C=IT/O=INFN/OU=Personal Certificate/L=Bari/CN=Cesare Calabria/CN=477126703/CN=1907958760
issuer    : /C=IT/O=INFN/OU=Personal Certificate/L=Bari/CN=Cesare Calabria/CN=477126703
identity  : /C=IT/O=INFN/OU=Personal Certificate/L=Bari/CN=Cesare Calabria
type      : RFC3820 compliant limited proxy
strength  : 1024
path      : /home/cms015/home_cream_555205907/CREAM555205907/glide_IoxR1V/execute/dir_13348/x509up_u50707
timeleft  : 23:59:41
key usage : Digital Signature, Key Encipherment, Data Encipherment
=== VO cms extension information ===
VO        : cms
subject   : /C=IT/O=INFN/OU=Personal Certificate/L=Bari/CN=Cesare Calabria
issuer    : /DC=ch/DC=cern/OU=computers/CN=voms.cern.ch
attribute : /cms/Role=NULL/Capability=NULL
attribute : /cms/itcms/Role=NULL/Capability=NULL
timeleft  : 154:39:47
uri       : voms.cern.ch:15002

WNHostName=pccms109.ba.infn.it
>>> tar --no-same-permissions -xf /home/cms015/home_cream_555205907/CREAM555205907/glide_IoxR1V/execute/dir_13348/default.tgz :
Successful untar
>>> Include /home/cms015/home_cream_555205907/CREAM555205907/glide_IoxR1V/execute/dir_13348 in PYTHONPATH:
strip arguments
env var CRAB_UNIQUE_JOB_ID set to: calabria_MuMinus5_Case3_ReReco_06ez4u_6_1_mW8
out_files_6
>>> list of expected files on output sandbox
output files: crab_fjr_6.xml CMSSW_6.stdout CMSSW_6.stderr Watchdog_6.log.gz
>>> GridFlavour discovery: 
GridFlavour=LCG
>>> SyncSite discovery: 
SyncSite=T2_IT_Bari
>>> SyncCE discovery: 
getting SyncCE from CE_ID
SyncCE=cream-ce-4.ba.infn.it:8443/cream-pbs-cms
>>> info for dashboard:
***** Cat /home/cms015/home_cream_555205907/CREAM555205907/glide_IoxR1V/execute/dir_13348/jobreport.txt *****
WNHostName=pccms109.ba.infn.it
MonitorJobID=6_https://vocms83.cern.ch//140616//86812.5
SyncGridJobId=https://vocms83.cern.ch//140616//86812.5
MonitorID=calabria_MuMinus5_Case3_ReReco_06ez4u
GridFlavour=LCG
SyncSite=T2_IT_Bari
SyncCE=cream-ce-4.ba.infn.it:8443/cream-pbs-cms
***** End Cat jobreport *****
Parameters sent to Dashboard.
>>> setup environment
set SCRAM ARCH to slc5_amd64_gcc472
SCRAM_ARCH = slc5_amd64_gcc472
>>> setup CMS LCG environment:
set SCRAM ARCH and BUILD_ARCH to slc5_amd64_gcc472 ###
Sourcing environment... 
sourcing /cvmfs/cms.cern.ch/cmsset_default.sh
==> setup cms environment ok
>>> specific cmssw setup environment:
CMSSW_VERSION =  CMSSW_6_2_0_SLHC12
>>> current directory (SOFTWARE_DIR): /home/cms015/home_cream_555205907/CREAM555205907/glide_IoxR1V/execute/dir_13348/CMSSW_6_2_0_SLHC12
PreserveSeeds: <>
IncrementSeeds:<>
>>> info for dashboard:
***** Cat /home/cms015/home_cream_555205907/CREAM555205907/glide_IoxR1V/execute/dir_13348/jobreport.txt *****
MonitorJobID=6_https://vocms83.cern.ch//140616//86812.5
MonitorID=calabria_MuMinus5_Case3_ReReco_06ez4u
***** End Cat jobreport *****
Parameters sent to Dashboard.
crabWatchdog started as process 14927
>>> moving CMSSW software directories in /home/cms015/home_cream_555205907/CREAM555205907/glide_IoxR1V/execute/dir_13348/CMSSW_6_2_0_SLHC12
mv: cannot stat `/home/cms015/home_cream_555205907/CREAM555205907/glide_IoxR1V/execute/dir_13348/module/': No such file or directory
>>> Include /home/cms015/home_cream_555205907/CREAM555205907/glide_IoxR1V/execute/dir_13348 in PYTHONPATH:
PYTHONPATH=/home/cms015/home_cream_555205907/CREAM555205907/glide_IoxR1V/execute/dir_13348/:/home/cms015/home_cream_555205907/CREAM555205907/glide_IoxR1V/execute/dir_13348/CMSSW_6_2_0_SLHC12/python:/home/cms015/home_cream_555205907/CREAM555205907/glide_IoxR1V/execute/dir_13348/CMSSW_6_2_0_SLHC12/lib/slc5_amd64_gcc472:/cvmfs/cms.cern.ch/slc5_amd64_gcc472/cms/cmssw/CMSSW_6_2_0_SLHC12/python:/cvmfs/cms.cern.ch/slc5_amd64_gcc472/cms/cmssw/CMSSW_6_2_0_SLHC12/lib/slc5_amd64_gcc472:/cvmfs/cms.cern.ch/slc5_amd64_gcc472/cms/coral/CORAL_2_3_21-cms36/slc5_amd64_gcc472/python:/cvmfs/cms.cern.ch/slc5_amd64_gcc472/cms/coral/CORAL_2_3_21-cms36/slc5_amd64_gcc472/lib:/cvmfs/cms.cern.ch/slc5_amd64_gcc472/external/pyqt/4.8.1-cms6/lib/python2.7/site-packages:/cvmfs/cms.cern.ch/slc5_amd64_gcc472/external/py2-scipy/0.8.0-cms8/lib/python2.7/site-packages:/cvmfs/cms.cern.ch/slc5_amd64_gcc472/external/py2-matplotlib/1.0.1-cms8/lib/python2.7/site-packages:/cvmfs/cms.cern.ch/slc5_amd64_gcc472/external/python-ldap/2.3.5-cms6/lib/python2.7/site-packages:/cvmfs/cms.cern.ch/slc5_amd64_gcc472/external/sip/4.11.2-cms6/lib/python2.7/site-packages:/cvmfs/cms.cern.ch/slc5_amd64_gcc472/external/py2-pycurl/7.19.0-cms8/lib/python2.7/site-packages:/cvmfs/cms.cern.ch/slc5_amd64_gcc472/external/py2-numpy/1.6.1-cms8/lib/python2.7/site-packages:/cvmfs/cms.cern.ch/slc5_amd64_gcc472/external/py2-lint/0.25.1-cms6/lib/python2.7/site-packages:/cvmfs/cms.cern.ch/slc5_amd64_gcc472/external/py2-ipython/0.10-cms6/lib/python2.7/site-packages:/cvmfs/cms.cern.ch/slc5_amd64_gcc472/external/py2-cx-oracle/5.1-cms7/lib/python2.7/site-packages:/cvmfs/cms.cern.ch/slc5_amd64_gcc472/external/py2-cjson/1.0.5-cms6/lib/python2.7/site-packages:/cvmfs/cms.cern.ch/slc5_amd64_gcc472/cms/das-client/1.11.7/bin:/cvmfs/cms.cern.ch/slc5_amd64_gcc472/external/elementtree/1.2.6-cms6/share/lib/python2.7/site-packages:/cvmfs/cms.cern.ch/slc5_amd64_gcc472/external/rivet/1.8.2-cms8/lib/python2.7/site-packages:/cvmfs/cms.cern.ch/slc5_amd64_gcc472/external/pyminuit2/0.0.1-cms19/lib/python2.7/site-packages:/cvmfs/cms.cern.ch/slc5_amd64_gcc472/external/py2-pygithub/1.23.0/lib/python2.7/site-packages:/cvmfs/cms.cern.ch/slc5_amd64_gcc472/external/professor/1.0.0-cms19/lib/python2.7/site-packages:/cvmfs/cms.cern.ch/slc5_amd64_gcc472/lcg/root/5.34.07-cms/lib:/cvmfs/cms.cern.ch/slc5_amd64_gcc472/cms/dbs-client/DBS_2_1_9-cms5/lib:/cvmfs/cms.cern.ch/slc5_amd64_gcc472/cms/dbs-client/DBS_2_1_9-cms5/lib/DBSAPI:/cvmfs/cms.cern.ch/slc5_amd64_gcc472/external/cvs2git/5419-cms/lib:/home/cms015/home_cream_555205907/CREAM555205907/glide_IoxR1V/execute/dir_13348/
 
# LIMITS USED BY CRAB WATCHDOG:
# RSS  (KBytes)   : 2300000
# VSZ  (KBytes)   : 100000000
# DISK (MBytes)   : 19000
# CPU TIME        : 720h:0m:0s
# WALL CLOCK TIME : 21h:50m:0s
 
5854dd31cbd3cdec44c48628cc181cf0
PSETHASH = 5854dd31cbd3cdec44c48628cc181cf0
/home/cms015/home_cream_555205907/CREAM555205907/glide_IoxR1V/execute/dir_13348/writeCfg.py pset.py pset.py
Importing .py file
Setting parameters
RandomNumberGeneratorService found, will attempt to change seeds
inputBlocks=/calabria_SingleMuPt5_GEN-SIM-DIGI-RECO_CMSSW_6_2_0_SLHC12_2023Scenario_Case3/calabria-calabria_SingleMuPt5_GEN-SIM-DIGI-RECO_CMSSW_6_2_0_SLHC12_2023Scenario_Case3-01e8787d2102816c4c34c374fc192ef2/USER#bf937189-e7a0-4698-8a62-6b8e3942efdf
inputFiles=/store/user/calabria/calabria_SingleMuPt5_GEN-SIM-DIGI-RECO_CMSSW_6_2_0_SLHC12_2023Scenario_Case3/calabria_SingleMuPt5_GEN-SIM-DIGI-RECO_CMSSW_6_2_0_SLHC12_2023Scenario_Case3/01e8787d2102816c4c34c374fc192ef2/out_reco_426_2_q6I.root;/store/user/calabria/calabria_SingleMuPt5_GEN-SIM-DIGI-RECO_CMSSW_6_2_0_SLHC12_2023Scenario_Case3/calabria_SingleMuPt5_GEN-SIM-DIGI-RECO_CMSSW_6_2_0_SLHC12_2023Scenario_Case3/01e8787d2102816c4c34c374fc192ef2/out_reco_428_2_zPq.root;/store/user/calabria/calabria_SingleMuPt5_GEN-SIM-DIGI-RECO_CMSSW_6_2_0_SLHC12_2023Scenario_Case3/calabria_SingleMuPt5_GEN-SIM-DIGI-RECO_CMSSW_6_2_0_SLHC12_2023Scenario_Case3/01e8787d2102816c4c34c374fc192ef2/out_reco_439_2_WyI.root;/store/user/calabria/calabria_SingleMuPt5_GEN-SIM-DIGI-RECO_CMSSW_6_2_0_SLHC12_2023Scenario_Case3/calabria_SingleMuPt5_GEN-SIM-DIGI-RECO_CMSSW_6_2_0_SLHC12_2023Scenario_Case3/01e8787d2102816c4c34c374fc192ef2/out_reco_468_2_ChH.root;/store/user/calabria/calabria_SingleMuPt5_GEN-SIM-DIGI-RECO_CMSSW_6_2_0_SLHC12_2023Scenario_Case3/calabria_SingleMuPt5_GEN-SIM-DIGI-RECO_CMSSW_6_2_0_SLHC12_2023Scenario_Case3/01e8787d2102816c4c34c374fc192ef2/out_reco_480_2_PC0.root;/store/user/calabria/calabria_SingleMuPt5_GEN-SIM-DIGI-RECO_CMSSW_6_2_0_SLHC12_2023Scenario_Case3/calabria_SingleMuPt5_GEN-SIM-DIGI-RECO_CMSSW_6_2_0_SLHC12_2023Scenario_Case3/01e8787d2102816c4c34c374fc192ef2/out_reco_486_2_Tki.root;/store/user/calabria/calabria_SingleMuPt5_GEN-SIM-DIGI-RECO_CMSSW_6_2_0_SLHC12_2023Scenario_Case3/calabria_SingleMuPt5_GEN-SIM-DIGI-RECO_CMSSW_6_2_0_SLHC12_2023Scenario_Case3/01e8787d2102816c4c34c374fc192ef2/out_reco_487_2_JDO.root;/store/user/calabria/calabria_SingleMuPt5_GEN-SIM-DIGI-RECO_CMSSW_6_2_0_SLHC12_2023Scenario_Case3/calabria_SingleMuPt5_GEN-SIM-DIGI-RECO_CMSSW_6_2_0_SLHC12_2023Scenario_Case3/01e8787d2102816c4c34c374fc192ef2/out_reco_491_2_WB0.root
parentFiles=
lumisRange=
>>> Executable cmsRun
/cvmfs/cms.cern.ch/slc5_amd64_gcc472/cms/cmssw/CMSSW_6_2_0_SLHC12/bin/slc5_amd64_gcc472/cmsRun
ok executable found
>>> info for dashboard:
***** Cat /home/cms015/home_cream_555205907/CREAM555205907/glide_IoxR1V/execute/dir_13348/jobreport.txt *****
MonitorJobID=6_https://vocms83.cern.ch//140616//86812.5
MonitorID=calabria_MuMinus5_Case3_ReReco_06ez4u
ExeStart=cmsRun
***** End Cat jobreport *****
Parameters sent to Dashboard.
>>> cmsRun started at Tue Jun 17 22:44:58 UTC 2014
>>> cmsRun ended at Tue Jun 17 22:53:12 UTC 2014
>>> crab_fjr_*.xml  permission set to 0704
>>> info for dashboard:
***** Cat /home/cms015/home_cream_555205907/CREAM555205907/glide_IoxR1V/execute/dir_13348/jobreport.txt *****
MonitorJobID=6_https://vocms83.cern.ch//140616//86812.5
MonitorID=calabria_MuMinus5_Case3_ReReco_06ez4u
ExeEnd=cmsRun
***** End Cat jobreport *****
Parameters sent to Dashboard.
TIME_EXE = 494 sec
>>> cmsRun wrote 44 lines of stdout+stderr
>>> START OF printout of 44 lines from stdout+stderr
271 DQMStore::DQMStore 
HcalTopologyIdealEP::HcalTopologyIdealEP
18-Jun-2014 00:45:27 CEST  Initiating request to open file file:/lustre/cms//store/user/calabria/calabria_SingleMuPt5_GEN-SIM-DIGI-RECO_CMSSW_6_2_0_SLHC12_2023Scenario_Case3/calabria_SingleMuPt5_GEN-SIM-DIGI-RECO_CMSSW_6_2_0_SLHC12_2023Scenario_Case3/01e8787d2102816c4c34c374fc192ef2/out_reco_426_2_q6I.root
18-Jun-2014 00:45:31 CEST  Successfully opened file file:/lustre/cms//store/user/calabria/calabria_SingleMuPt5_GEN-SIM-DIGI-RECO_CMSSW_6_2_0_SLHC12_2023Scenario_Case3/calabria_SingleMuPt5_GEN-SIM-DIGI-RECO_CMSSW_6_2_0_SLHC12_2023Scenario_Case3/01e8787d2102816c4c34c374fc192ef2/out_reco_426_2_q6I.root
18-Jun-2014 00:46:26 CEST  Closed file file:/lustre/cms//store/user/calabria/calabria_SingleMuPt5_GEN-SIM-DIGI-RECO_CMSSW_6_2_0_SLHC12_2023Scenario_Case3/calabria_SingleMuPt5_GEN-SIM-DIGI-RECO_CMSSW_6_2_0_SLHC12_2023Scenario_Case3/01e8787d2102816c4c34c374fc192ef2/out_reco_426_2_q6I.root
18-Jun-2014 00:46:26 CEST  Initiating request to open file file:/lustre/cms//store/user/calabria/calabria_SingleMuPt5_GEN-SIM-DIGI-RECO_CMSSW_6_2_0_SLHC12_2023Scenario_Case3/calabria_SingleMuPt5_GEN-SIM-DIGI-RECO_CMSSW_6_2_0_SLHC12_2023Scenario_Case3/01e8787d2102816c4c34c374fc192ef2/out_reco_428_2_zPq.root
18-Jun-2014 00:46:26 CEST  Successfully opened file file:/lustre/cms//store/user/calabria/calabria_SingleMuPt5_GEN-SIM-DIGI-RECO_CMSSW_6_2_0_SLHC12_2023Scenario_Case3/calabria_SingleMuPt5_GEN-SIM-DIGI-RECO_CMSSW_6_2_0_SLHC12_2023Scenario_Case3/01e8787d2102816c4c34c374fc192ef2/out_reco_428_2_zPq.root
18-Jun-2014 00:46:56 CEST  Closed file file:/lustre/cms//store/user/calabria/calabria_SingleMuPt5_GEN-SIM-DIGI-RECO_CMSSW_6_2_0_SLHC12_2023Scenario_Case3/calabria_SingleMuPt5_GEN-SIM-DIGI-RECO_CMSSW_6_2_0_SLHC12_2023Scenario_Case3/01e8787d2102816c4c34c374fc192ef2/out_reco_428_2_zPq.root
18-Jun-2014 00:46:56 CEST  Initiating request to open file file:/lustre/cms//store/user/calabria/calabria_SingleMuPt5_GEN-SIM-DIGI-RECO_CMSSW_6_2_0_SLHC12_2023Scenario_Case3/calabria_SingleMuPt5_GEN-SIM-DIGI-RECO_CMSSW_6_2_0_SLHC12_2023Scenario_Case3/01e8787d2102816c4c34c374fc192ef2/out_reco_439_2_WyI.root
18-Jun-2014 00:46:57 CEST  Successfully opened file file:/lustre/cms//store/user/calabria/calabria_SingleMuPt5_GEN-SIM-DIGI-RECO_CMSSW_6_2_0_SLHC12_2023Scenario_Case3/calabria_SingleMuPt5_GEN-SIM-DIGI-RECO_CMSSW_6_2_0_SLHC12_2023Scenario_Case3/01e8787d2102816c4c34c374fc192ef2/out_reco_439_2_WyI.root
18-Jun-2014 00:48:18 CEST  Closed file file:/lustre/cms//store/user/calabria/calabria_SingleMuPt5_GEN-SIM-DIGI-RECO_CMSSW_6_2_0_SLHC12_2023Scenario_Case3/calabria_SingleMuPt5_GEN-SIM-DIGI-RECO_CMSSW_6_2_0_SLHC12_2023Scenario_Case3/01e8787d2102816c4c34c374fc192ef2/out_reco_439_2_WyI.root
18-Jun-2014 00:48:18 CEST  Initiating request to open file file:/lustre/cms//store/user/calabria/calabria_SingleMuPt5_GEN-SIM-DIGI-RECO_CMSSW_6_2_0_SLHC12_2023Scenario_Case3/calabria_SingleMuPt5_GEN-SIM-DIGI-RECO_CMSSW_6_2_0_SLHC12_2023Scenario_Case3/01e8787d2102816c4c34c374fc192ef2/out_reco_468_2_ChH.root
18-Jun-2014 00:48:19 CEST  Successfully opened file file:/lustre/cms//store/user/calabria/calabria_SingleMuPt5_GEN-SIM-DIGI-RECO_CMSSW_6_2_0_SLHC12_2023Scenario_Case3/calabria_SingleMuPt5_GEN-SIM-DIGI-RECO_CMSSW_6_2_0_SLHC12_2023Scenario_Case3/01e8787d2102816c4c34c374fc192ef2/out_reco_468_2_ChH.root
18-Jun-2014 00:49:17 CEST  Closed file file:/lustre/cms//store/user/calabria/calabria_SingleMuPt5_GEN-SIM-DIGI-RECO_CMSSW_6_2_0_SLHC12_2023Scenario_Case3/calabria_SingleMuPt5_GEN-SIM-DIGI-RECO_CMSSW_6_2_0_SLHC12_2023Scenario_Case3/01e8787d2102816c4c34c374fc192ef2/out_reco_468_2_ChH.root
18-Jun-2014 00:49:17 CEST  Initiating request to open file file:/lustre/cms//store/user/calabria/calabria_SingleMuPt5_GEN-SIM-DIGI-RECO_CMSSW_6_2_0_SLHC12_2023Scenario_Case3/calabria_SingleMuPt5_GEN-SIM-DIGI-RECO_CMSSW_6_2_0_SLHC12_2023Scenario_Case3/01e8787d2102816c4c34c374fc192ef2/out_reco_480_2_PC0.root
18-Jun-2014 00:49:18 CEST  Successfully opened file file:/lustre/cms//store/user/calabria/calabria_SingleMuPt5_GEN-SIM-DIGI-RECO_CMSSW_6_2_0_SLHC12_2023Scenario_Case3/calabria_SingleMuPt5_GEN-SIM-DIGI-RECO_CMSSW_6_2_0_SLHC12_2023Scenario_Case3/01e8787d2102816c4c34c374fc192ef2/out_reco_480_2_PC0.root
18-Jun-2014 00:49:59 CEST  Closed file file:/lustre/cms//store/user/calabria/calabria_SingleMuPt5_GEN-SIM-DIGI-RECO_CMSSW_6_2_0_SLHC12_2023Scenario_Case3/calabria_SingleMuPt5_GEN-SIM-DIGI-RECO_CMSSW_6_2_0_SLHC12_2023Scenario_Case3/01e8787d2102816c4c34c374fc192ef2/out_reco_480_2_PC0.root
18-Jun-2014 00:49:59 CEST  Initiating request to open file file:/lustre/cms//store/user/calabria/calabria_SingleMuPt5_GEN-SIM-DIGI-RECO_CMSSW_6_2_0_SLHC12_2023Scenario_Case3/calabria_SingleMuPt5_GEN-SIM-DIGI-RECO_CMSSW_6_2_0_SLHC12_2023Scenario_Case3/01e8787d2102816c4c34c374fc192ef2/out_reco_486_2_Tki.root
18-Jun-2014 00:49:59 CEST  Successfully opened file file:/lustre/cms//store/user/calabria/calabria_SingleMuPt5_GEN-SIM-DIGI-RECO_CMSSW_6_2_0_SLHC12_2023Scenario_Case3/calabria_SingleMuPt5_GEN-SIM-DIGI-RECO_CMSSW_6_2_0_SLHC12_2023Scenario_Case3/01e8787d2102816c4c34c374fc192ef2/out_reco_486_2_Tki.root
18-Jun-2014 00:50:43 CEST  Closed file file:/lustre/cms//store/user/calabria/calabria_SingleMuPt5_GEN-SIM-DIGI-RECO_CMSSW_6_2_0_SLHC12_2023Scenario_Case3/calabria_SingleMuPt5_GEN-SIM-DIGI-RECO_CMSSW_6_2_0_SLHC12_2023Scenario_Case3/01e8787d2102816c4c34c374fc192ef2/out_reco_486_2_Tki.root
18-Jun-2014 00:50:43 CEST  Initiating request to open file file:/lustre/cms//store/user/calabria/calabria_SingleMuPt5_GEN-SIM-DIGI-RECO_CMSSW_6_2_0_SLHC12_2023Scenario_Case3/calabria_SingleMuPt5_GEN-SIM-DIGI-RECO_CMSSW_6_2_0_SLHC12_2023Scenario_Case3/01e8787d2102816c4c34c374fc192ef2/out_reco_487_2_JDO.root
18-Jun-2014 00:50:44 CEST  Successfully opened file file:/lustre/cms//store/user/calabria/calabria_SingleMuPt5_GEN-SIM-DIGI-RECO_CMSSW_6_2_0_SLHC12_2023Scenario_Case3/calabria_SingleMuPt5_GEN-SIM-DIGI-RECO_CMSSW_6_2_0_SLHC12_2023Scenario_Case3/01e8787d2102816c4c34c374fc192ef2/out_reco_487_2_JDO.root
18-Jun-2014 00:51:28 CEST  Closed file file:/lustre/cms//store/user/calabria/calabria_SingleMuPt5_GEN-SIM-DIGI-RECO_CMSSW_6_2_0_SLHC12_2023Scenario_Case3/calabria_SingleMuPt5_GEN-SIM-DIGI-RECO_CMSSW_6_2_0_SLHC12_2023Scenario_Case3/01e8787d2102816c4c34c374fc192ef2/out_reco_487_2_JDO.root
18-Jun-2014 00:51:28 CEST  Initiating request to open file file:/lustre/cms//store/user/calabria/calabria_SingleMuPt5_GEN-SIM-DIGI-RECO_CMSSW_6_2_0_SLHC12_2023Scenario_Case3/calabria_SingleMuPt5_GEN-SIM-DIGI-RECO_CMSSW_6_2_0_SLHC12_2023Scenario_Case3/01e8787d2102816c4c34c374fc192ef2/out_reco_491_2_WB0.root
18-Jun-2014 00:51:28 CEST  Successfully opened file file:/lustre/cms//store/user/calabria/calabria_SingleMuPt5_GEN-SIM-DIGI-RECO_CMSSW_6_2_0_SLHC12_2023Scenario_Case3/calabria_SingleMuPt5_GEN-SIM-DIGI-RECO_CMSSW_6_2_0_SLHC12_2023Scenario_Case3/01e8787d2102816c4c34c374fc192ef2/out_reco_491_2_WB0.root
18-Jun-2014 00:53:11 CEST  Closed file file:/lustre/cms//store/user/calabria/calabria_SingleMuPt5_GEN-SIM-DIGI-RECO_CMSSW_6_2_0_SLHC12_2023Scenario_Case3/calabria_SingleMuPt5_GEN-SIM-DIGI-RECO_CMSSW_6_2_0_SLHC12_2023Scenario_Case3/01e8787d2102816c4c34c374fc192ef2/out_reco_491_2_WB0.root

=============================================

MessageLogger Summary

 type     category        sev    module        subroutine        count    total
 ---- -------------------- -- ---------------- ----------------  -----    -----
    1 fileAction           -s file_close                             8        8
    2 fileAction           -s file_open                             16       16

 type    category    Examples: run/evt        run/evt          run/evt
 ---- -------------------- ---------------- ---------------- ----------------
    1 fileAction           PostProcessEvent PostProcessEvent PostEndRun
    2 fileAction           pre-events       pre-events       PostProcessEvent

Severity    # Occurrences   Total Occurrences
--------    -------------   -----------------
System                 24                  24
>>> END OF printout of 44 lines from stdout+stderr
>>> Parse FrameworkJobReport crab_fjr.xml
Result of parsing the FrameworkJobReport crab_fjr.xml: Popularity start
lumisRange : 1::::1;1::::2;1::::3;1::::4;1::::5;1::::6;1::::7;1::::8;
lumisParentRange : 
Basename : /store/user/calabria/calabria_SingleMuPt5_GEN-SIM-DIGI-RECO_CMSSW_6_2_0_SLHC12_2023Scenario_Case3/calabria_SingleMuPt5_GEN-SIM-DIGI-RECO_CMSSW_6_2_0_SLHC12_2023Scenario_Case3/01e8787d2102816c4c34c374fc192ef2/out_reco_4
BasenameParent : 
parentFiles : 
inputBlocks : /calabria_SingleMuPt5_GEN-SIM-DIGI-RECO_CMSSW_6_2_0_SLHC12_2023Scenario_Case3/calabria-calabria_SingleMuPt5_GEN-SIM-DIGI-RECO_CMSSW_6_2_0_SLHC12_2023Scenario_Case3-01e8787d2102816c4c34c374fc192ef2/USER#bf937189-e7a0-4698-8a62-6b8e3942efdf
inputFiles : 80_2_PC0.root::1::EDM::Local::1;68_2_ChH.root::1::EDM::Local::2;39_2_WyI.root::1::EDM::Local::3;87_2_JDO.root::1::EDM::Local::4;91_2_WB0.root::1::EDM::Local::5;26_2_q6I.root::1::EDM::Local::6;28_2_zPq.root::1::EDM::Local::7;86_2_Tki.root::1::EDM::Local::8;
Popularity stop
Extracted ExitStatus from FrameworkJobReport parsing output: 0
>>> Executable succeded  0
ExeExitCode=0
EXECUTABLE_EXIT_STATUS = 0
>>> current directory /home/cms015/home_cream_555205907/CREAM555205907/glide_IoxR1V/execute/dir_13348/CMSSW_6_2_0_SLHC12
>>>  (SOFTWARE_DIR): /home/cms015/home_cream_555205907/CREAM555205907/glide_IoxR1V/execute/dir_13348/CMSSW_6_2_0_SLHC12
>>> (WORKING_DIR): 
>>> current directory content:
total 10304
drwxr-xr-x 3 cms015 cms    4096 Jun 18 00:44 .SCRAM
-rw------- 1 cms015 cms 3740519 Jun 18 00:44 CMSSW.py.pkl
drwxr-xr-x 3 cms015 cms    4096 Jun 18 00:44 bin
drwxr-xr-x 3 cms015 cms    4096 Jun 18 00:44 cfipython
drwxr-xr-x 4 cms015 cms    4096 Jun 18 00:44 config
-rw------- 1 cms015 cms      17 Jun 18 00:53 cpu_timing.txt
drwxr-xr-x 2 cms015 cms    4096 Jun 18 00:44 doc
-rw------- 1 cms015 cms    8071 Jun 18 00:53 executable.out
drwxr-xr-x 2 cms015 cms    4096 Jun 18 00:44 include
drwx------ 3 cms015 cms    4096 Apr 28 18:12 lib
drwxr-xr-x 3 cms015 cms    4096 Jun 18 00:44 logs
drwxr-xr-x 3 cms015 cms    4096 Jun 18 00:44 objs
-rw------- 1 cms015 cms     104 Jun 18 00:44 pset.py
-rw------- 1 cms015 cms 3711763 Jun 18 00:44 pset.py.pkl
-rw------- 1 cms015 cms     289 Jun 18 00:44 pset.pyc
drwxr-xr-x 2 cms015 cms    4096 Jun 18 00:44 python
-rw------- 1 cms015 cms     383 Jun 18 00:53 report.log
drwx------ 6 cms015 cms    4096 Jun 18 00:44 src
drwxr-xr-x 3 cms015 cms    4096 Jun 18 00:44 test
drwxr-xr-x 3 cms015 cms    4096 Jun 18 00:44 tmp
-rw------- 1 cms015 cms 2999960 Jun 18 00:53 validationEDM.root
>>> current directory /home/cms015/home_cream_555205907/CREAM555205907/glide_IoxR1V/execute/dir_13348/CMSSW_6_2_0_SLHC12
>>> (SOFTWARE_DIR): /home/cms015/home_cream_555205907/CREAM555205907/glide_IoxR1V/execute/dir_13348/CMSSW_6_2_0_SLHC12
>>> (WORKING_DIR): 
>>> current directory content:
total 10304
drwxr-xr-x 3 cms015 cms    4096 Jun 18 00:44 .SCRAM
-rw------- 1 cms015 cms 3740519 Jun 18 00:44 CMSSW.py.pkl
drwxr-xr-x 3 cms015 cms    4096 Jun 18 00:44 bin
drwxr-xr-x 3 cms015 cms    4096 Jun 18 00:44 cfipython
drwxr-xr-x 4 cms015 cms    4096 Jun 18 00:44 config
-rw------- 1 cms015 cms      17 Jun 18 00:53 cpu_timing.txt
drwxr-xr-x 2 cms015 cms    4096 Jun 18 00:44 doc
-rw------- 1 cms015 cms    8071 Jun 18 00:53 executable.out
drwxr-xr-x 2 cms015 cms    4096 Jun 18 00:44 include
drwx------ 3 cms015 cms    4096 Apr 28 18:12 lib
drwxr-xr-x 3 cms015 cms    4096 Jun 18 00:44 logs
drwxr-xr-x 3 cms015 cms    4096 Jun 18 00:44 objs
-rw------- 1 cms015 cms     104 Jun 18 00:44 pset.py
-rw------- 1 cms015 cms 3711763 Jun 18 00:44 pset.py.pkl
-rw------- 1 cms015 cms     289 Jun 18 00:44 pset.pyc
drwxr-xr-x 2 cms015 cms    4096 Jun 18 00:44 python
-rw------- 1 cms015 cms     383 Jun 18 00:53 report.log
drwx------ 6 cms015 cms    4096 Jun 18 00:44 src
drwxr-xr-x 3 cms015 cms    4096 Jun 18 00:44 test
drwxr-xr-x 3 cms015 cms    4096 Jun 18 00:44 tmp
-rw------- 1 cms015 cms 2999960 Jun 18 00:53 validationEDM_6_1_mW8.root
>>> current directory (RUNTIME_AREA):  /home/cms015/home_cream_555205907/CREAM555205907/glide_IoxR1V/execute/dir_13348
SE = storm-se-01.ba.infn.it
SE_PATH = /srm/managerv2?SFN=//cms/store/user/calabria/calabria_SingleMuPt5_GEN-SIM-DIGI-RECO_CMSSW_6_2_0_SLHC12_2023Scenario_Case3/calabria_MuMinus5_GEN-SIM-DIGI-RECO_CMSSW_6_2_0_SLHC12_2023Scenario_VALNOPU2_Case3/5854dd31cbd3cdec44c48628cc181cf0/
LFNBaseName = /store/user/calabria/calabria_SingleMuPt5_GEN-SIM-DIGI-RECO_CMSSW_6_2_0_SLHC12_2023Scenario_Case3/calabria_MuMinus5_GEN-SIM-DIGI-RECO_CMSSW_6_2_0_SLHC12_2023Scenario_VALNOPU2_Case3/5854dd31cbd3cdec44c48628cc181cf0/
USER = calabria
endpoint = srm://storm-se-01.ba.infn.it:8444/srm/managerv2?SFN=//cms/store/user/calabria/calabria_SingleMuPt5_GEN-SIM-DIGI-RECO_CMSSW_6_2_0_SLHC12_2023Scenario_Case3/calabria_MuMinus5_GEN-SIM-DIGI-RECO_CMSSW_6_2_0_SLHC12_2023Scenario_VALNOPU2_Case3/5854dd31cbd3cdec44c48628cc181cf0/
>>> Copy output files from WN = pccms109.ba.infn.it to /srm/managerv2?SFN=//cms/store/user/calabria/calabria_SingleMuPt5_GEN-SIM-DIGI-RECO_CMSSW_6_2_0_SLHC12_2023Scenario_Case3/calabria_MuMinus5_GEN-SIM-DIGI-RECO_CMSSW_6_2_0_SLHC12_2023Scenario_VALNOPU2_Case3/5854dd31cbd3cdec44c48628cc181cf0/ :
python cmscp.py  --destination srm://storm-se-01.ba.infn.it:8444/srm/managerv2?SFN=//cms/store/user/calabria/calabria_SingleMuPt5_GEN-SIM-DIGI-RECO_CMSSW_6_2_0_SLHC12_2023Scenario_Case3/calabria_MuMinus5_GEN-SIM-DIGI-RECO_CMSSW_6_2_0_SLHC12_2023Scenario_VALNOPU2_Case3/5854dd31cbd3cdec44c48628cc181cf0/ --inputFileList /home/cms015/home_cream_555205907/CREAM555205907/glide_IoxR1V/execute/dir_13348/CMSSW_6_2_0_SLHC12/validationEDM_6_1_mW8.root --middleware LCG --se_name storm-se-01.ba.infn.it --for_lfn /store/user/calabria/calabria_SingleMuPt5_GEN-SIM-DIGI-RECO_CMSSW_6_2_0_SLHC12_2023Scenario_Case3/calabria_MuMinus5_GEN-SIM-DIGI-RECO_CMSSW_6_2_0_SLHC12_2023Scenario_VALNOPU2_Case3/5854dd31cbd3cdec44c48628cc181cf0/    
******************************************************
localSeName  =  storm-se-01.ba.infn.it
remoteSeName =  storm-se-01.ba.infn.it
******************************************************
{"/home/cms015/home_cream_555205907/CREAM555205907/glide_IoxR1V/execute/dir_13348/CMSSW_6_2_0_SLHC12/validationEDM_6_1_mW8.root": {"endpoint": "srm://storm-se-01.ba.infn.it:8444/srm/managerv2?SFN=//cms/store/user/calabria/calabria_SingleMuPt5_GEN-SIM-DIGI-RECO_CMSSW_6_2_0_SLHC12_2023Scenario_Case3/calabria_MuMinus5_GEN-SIM-DIGI-RECO_CMSSW_6_2_0_SLHC12_2023Scenario_VALNOPU2_Case3/5854dd31cbd3cdec44c48628cc181cf0/", "surl_for_grid": "", "reason": "Copy succedeed with srm-lcg utils", "erCode": "0", "se_name": "storm-se-01.ba.infn.it", "for_lfn": "/store/user/calabria/calabria_SingleMuPt5_GEN-SIM-DIGI-RECO_CMSSW_6_2_0_SLHC12_2023Scenario_Case3/calabria_MuMinus5_GEN-SIM-DIGI-RECO_CMSSW_6_2_0_SLHC12_2023Scenario_VALNOPU2_Case3/5854dd31cbd3cdec44c48628cc181cf0/"}}/home/cms015/home_cream_555205907/CREAM555205907/glide_IoxR1V/execute/dir_13348
-------- cat /home/cms015/home_cream_555205907/CREAM555205907/glide_IoxR1V/execute/dir_13348/cmscpReport.sh 
#!/bin/bash
echo "Report for File: /home/cms015/home_cream_555205907/CREAM555205907/glide_IoxR1V/execute/dir_13348/CMSSW_6_2_0_SLHC12/validationEDM_6_1_mW8.root"
echo "LFN: /store/user/calabria/calabria_SingleMuPt5_GEN-SIM-DIGI-RECO_CMSSW_6_2_0_SLHC12_2023Scenario_Case3/calabria_MuMinus5_GEN-SIM-DIGI-RECO_CMSSW_6_2_0_SLHC12_2023Scenario_VALNOPU2_Case3/5854dd31cbd3cdec44c48628cc181cf0/validationEDM_6_1_mW8.root"
echo "StorageElement: storm-se-01.ba.infn.it"
echo "StageOutExitStatusReason = 'Copy succedeed with srm-lcg utils'" | tee -a $RUNTIME_AREA/$repo
echo "StageOutSE = storm-se-01.ba.infn.it" >> $RUNTIME_AREA/$repo

export StageOutExitStatus=0
echo "StageOutExitStatus = 0" | tee -a $RUNTIME_AREA/$repo
-------- end of /home/cms015/home_cream_555205907/CREAM555205907/glide_IoxR1V/execute/dir_13348/cmscpReport.sh 
Report for File: /home/cms015/home_cream_555205907/CREAM555205907/glide_IoxR1V/execute/dir_13348/CMSSW_6_2_0_SLHC12/validationEDM_6_1_mW8.root
LFN: /store/user/calabria/calabria_SingleMuPt5_GEN-SIM-DIGI-RECO_CMSSW_6_2_0_SLHC12_2023Scenario_Case3/calabria_MuMinus5_GEN-SIM-DIGI-RECO_CMSSW_6_2_0_SLHC12_2023Scenario_VALNOPU2_Case3/5854dd31cbd3cdec44c48628cc181cf0/validationEDM_6_1_mW8.root
StorageElement: storm-se-01.ba.infn.it
StageOutExitStatusReason = 'Copy succedeed with srm-lcg utils'
StageOutExitStatus = 0
>>> current dir: /home/cms015/home_cream_555205907/CREAM555205907/glide_IoxR1V/execute/dir_13348
>>> current dir content:
total 27972
-rw-------  1 cms015 cms     2768 Jun 18 00:54 .SEinteraction.log
-rwx------  1 cms015 cms     6710 Jun 18 00:44 .job.ad
-rwx------  1 cms015 cms     9439 Jun 18 00:44 .machine.ad
-rw-------  1 cms015 cms      105 Jun 16 20:43 CMSSW.py
-rw-------  1 cms015 cms  3740519 Jun 16 20:43 CMSSW.py.pkl
-rwx------  1 cms015 cms    29543 Jun 18 00:44 CMSSW.sh
drwxr-xr-x 15 cms015 cms     4096 Jun 18 00:53 CMSSW_6_2_0_SLHC12
-rw-------  1 cms015 cms      220 Jun 18 00:44 CacheEnv.sh
-rw-------  1 cms015 cms     7291 Apr  4 11:04 DashboardAPI.py
-rw-------  1 cms015 cms     6815 Jun 18 00:44 DashboardAPI.pyc
drwx------  2 cms015 cms     4096 Jun 18 00:53 IMProv
-rw-------  1 cms015 cms     2748 Apr  4 11:04 Logger.py
-rw-------  1 cms015 cms     3347 Jun 18 00:44 Logger.pyc
-rw-------  1 cms015 cms    24524 Apr  4 11:04 ProcInfo.py
-rw-------  1 cms015 cms    23197 Jun 18 00:44 ProcInfo.pyc
drwx------  7 cms015 cms     4096 Jun 18 00:44 ProdCommon
drwx------  3 cms015 cms     4096 Jun 18 00:44 WMCore
-rw-------  1 cms015 cms     2663 Jun 18 00:53 Watchdog_6.log
-rwx------  1 cms015 cms        0 Jun 18 00:44 _condor_stderr
-rwx---r--  1 cms015 cms    26914 Jun 18 00:54 _condor_stdout
-rw-------  1 cms015 cms    32895 Apr  4 11:04 apmon.py
-rw-------  1 cms015 cms    28625 Jun 18 00:44 apmon.pyc
-rwx------  1 cms015 cms    53372 Jun 18 00:44 arguments.xml
-rwx------  1 cms015 cms    38515 Apr  4 11:04 cmscp.py
-rw-------  1 cms015 cms      714 Jun 18 00:54 cmscpReport.sh
-rwx------  1 cms015 cms    29543 Jun 18 00:44 condor_exec.exe
-rw-------  1 cms015 cms      953 Jun 16 20:43 crab.cfg
-rwx------  1 cms015 cms     8610 Apr  4 11:04 crabWatchdog.sh
-rwx---r--  1 cms015 cms   420992 Jun 18 00:53 crab_fjr_6.xml
-rwx------  1 cms015 cms 23956644 Jun 18 00:44 default.tgz
-rwx------  1 cms015 cms     4488 Apr  4 11:04 fillCrabFjr.py
-rw-------  1 cms015 cms     2143 Jun 18 00:44 inputsReport.txt
-rw-------  1 cms015 cms      252 Jun 18 00:54 jobreport.txt
-rw-------  1 cms015 cms    17352 Apr  4 11:04 parseCrabFjr.py
-rw-------  1 cms015 cms      313 Jun 18 00:44 report.log
-rwx--x--x  1 cms015 cms     1497 Apr  4 11:04 report.py
-rw-------  1 cms015 cms      767 Jun 18 00:54 resultCopyFile
lrwxrwxrwx  1 cms015 cms      125 Jun 18 00:53 validationEDM.root -> /home/cms015/home_cream_555205907/CREAM555205907/glide_IoxR1V/execute/dir_13348/CMSSW_6_2_0_SLHC12/validationEDM_6_1_mW8.root
-rwx------  1 cms015 cms     8387 Apr  4 11:04 writeCfg.py
-rw-------  1 cms015 cms     8010 Jun 18 00:44 x509up_u50707
>>> Modify Job Report:
CMSSW_VERSION = CMSSW_6_2_0_SLHC12
ProcessedDataset = calabria_MuMinus5_GEN-SIM-DIGI-RECO_CMSSW_6_2_0_SLHC12_2023Scenario_VALNOPU2_Case3
/home/cms015/home_cream_555205907/CREAM555205907/glide_IoxR1V/execute/dir_13348/ProdCommon/FwkJobRep/ModifyJobReport.py fjr /home/cms015/home_cream_555205907/CREAM555205907/glide_IoxR1V/execute/dir_13348/crab_fjr_6.xml json /home/cms015/home_cream_555205907/CREAM555205907/glide_IoxR1V/execute/dir_13348/resultCopyFile n_job 6_1_mW8 PrimaryDataset calabria_SingleMuPt5_GEN-SIM-DIGI-RECO_CMSSW_6_2_0_SLHC12_2023Scenario_Case3  ApplicationFamily cmsRun ApplicationName cmsRun cmssw_version CMSSW_6_2_0_SLHC12 psethash 5854dd31cbd3cdec44c48628cc181cf0 UserProcessedDataset calabria-calabria_MuMinus5_GEN-SIM-DIGI-RECO_CMSSW_6_2_0_SLHC12_2023Scenario_VALNOPU2_Case3-5854dd31cbd3cdec44c48628cc181cf0
inputDict =  {u'/home/cms015/home_cream_555205907/CREAM555205907/glide_IoxR1V/execute/dir_13348/CMSSW_6_2_0_SLHC12/validationEDM_6_1_mW8.root': {u'endpoint': u'srm://storm-se-01.ba.infn.it:8444/srm/managerv2?SFN=//cms/store/user/calabria/calabria_SingleMuPt5_GEN-SIM-DIGI-RECO_CMSSW_6_2_0_SLHC12_2023Scenario_Case3/calabria_MuMinus5_GEN-SIM-DIGI-RECO_CMSSW_6_2_0_SLHC12_2023Scenario_VALNOPU2_Case3/5854dd31cbd3cdec44c48628cc181cf0/', u'surl_for_grid': u'', u'reason': u'Copy succedeed with srm-lcg utils', u'erCode': u'0', u'se_name': u'storm-se-01.ba.infn.it', u'for_lfn': u'/store/user/calabria/calabria_SingleMuPt5_GEN-SIM-DIGI-RECO_CMSSW_6_2_0_SLHC12_2023Scenario_Case3/calabria_MuMinus5_GEN-SIM-DIGI-RECO_CMSSW_6_2_0_SLHC12_2023Scenario_VALNOPU2_Case3/5854dd31cbd3cdec44c48628cc181cf0/'}}
UserProcessedDataset =  calabria-calabria_MuMinus5_GEN-SIM-DIGI-RECO_CMSSW_6_2_0_SLHC12_2023Scenario_VALNOPU2_Case3-5854dd31cbd3cdec44c48628cc181cf0
file_name in inputDict =  /home/cms015/home_cream_555205907/CREAM555205907/glide_IoxR1V/execute/dir_13348/CMSSW_6_2_0_SLHC12/validationEDM_6_1_mW8.root
(size) os.stat(filename)[6] =  2999960
checksum =  1621177277
    file =  validationEDM_6_1_mW8.root
    newPfn =  srm://storm-se-01.ba.infn.it:8444/srm/managerv2?SFN=//cms/store/user/calabria/calabria_SingleMuPt5_GEN-SIM-DIGI-RECO_CMSSW_6_2_0_SLHC12_2023Scenario_Case3/calabria_MuMinus5_GEN-SIM-DIGI-RECO_CMSSW_6_2_0_SLHC12_2023Scenario_VALNOPU2_Case3/5854dd31cbd3cdec44c48628cc181cf0/validationEDM_6_1_mW8.root
    newLfn =  /store/user/calabria/calabria_SingleMuPt5_GEN-SIM-DIGI-RECO_CMSSW_6_2_0_SLHC12_2023Scenario_Case3/calabria_MuMinus5_GEN-SIM-DIGI-RECO_CMSSW_6_2_0_SLHC12_2023Scenario_VALNOPU2_Case3/5854dd31cbd3cdec44c48628cc181cf0/validationEDM_6_1_mW8.root
>>> crab_fjr_*.xml  permission set to 0704
CrabWrapper EXIT_FUNC entered at Wed Jun 18 00:54:09 CEST 2014   -  Tue Jun 17 22:54:09 UTC 2014
Checking output files:  
will tar file crab_fjr_6.xml in  out_files_6
WARNING: output file CMSSW_6.stdout not found!
WARNING: output file CMSSW_6.stderr not found!
WARNING: output file Watchdog_6.log.gz not found!
>>> padding time: Sleeping the wrapper for 24 seconds
STOPPING WATCHDOG. CrabWatchdog PID is 14927
********** LAST 50 LINES OF WATCHDOG LOG
# RESOURCE USAGE SUMMARY FOR PROCESS ID 14730
USER       PID %CPU %MEM    VSZ   RSS TTY      STAT START   TIME COMMAND
cms015   14730  0.3  0.0   9504  1596 ?        S    00:44   0:00 /bin/sh /home/cms015/home_cream_555205907/CREAM555205907/glide_IoxR1V/execute/dir_13348/condor_exec.exe 6 1
 
# LIMITS USED BY CRAB WATCHDOG:
# RSS  (KBytes)   : 2300000
# VSZ  (KBytes)   : 100000000
# DISK (MBytes)   : 19000
# CPU TIME        : 720h:0m:0s
# WALL CLOCK TIME : 21h:50m:0s
 
# FOLLOWING PRINTOUT TRACKS MAXIMUM VALUES OF RESOURCES USE
# ONE LINE IS PRINTED EACH TIME A MAXIMUM CHANGES
# IF CHANGE WAS IN RSS OR VSZ ALSO PROCID AND COMMAND ARE PRINTED
# THERE IS NO PRINTOUT FOR CPU/WALL TIME INCREASE
 
# TIME			PID	RSS(KB)	VSZ(KB)	Dsk(MB)	tCPU(s)	tWALL(s)	COMMAND
 Jun 18 00:44:40 CEST	7630	1392	9368	0	0	0	/bin/bash /home/cms015/home_cream_555205907/CREAM555205907/glide_IoxR1V/main/condor_startup.sh glidein_config        
 Jun 18 00:44:40 CEST	8601	8064	93396	0	0	0	/home/cms015/home_cream_555205907/CREAM555205907/glide_IoxR1V/main/condor/sbin/condor_master -f -pidfile /home/cms015/home_cream_555205907/CREAM555205907/glide_IoxR1V/condor_master2.pid       
 Jun 18 00:44:40 CEST	10808	8736	93920	0	19	1	condor_startd -f         
 Jun 18 00:44:40 CEST	14939	64264	125760	0	2	2	edmConfigHash pset.py         
 Jun 18 00:44:40 CEST	---	64264	125760	171	----	----	----
 Jun 18 00:45:43 CEST	16077	763896	977220	171	22	65	cmsRun -j /home/cms015/home_cream_555205907/CREAM555205907/glide_IoxR1V/execute/dir_13348/crab_fjr_6.xml -p pset.py      
 Jun 18 00:45:43 CEST	---	763896	977220	175	----	----	----
 Jun 18 00:46:46 CEST	16077	781400	999748	175	67	129	cmsRun -j /home/cms015/home_cream_555205907/CREAM555205907/glide_IoxR1V/execute/dir_13348/crab_fjr_6.xml -p pset.py      
 Jun 18 00:47:50 CEST	16077	788020	1002308	175	80	192	cmsRun -j /home/cms015/home_cream_555205907/CREAM555205907/glide_IoxR1V/execute/dir_13348/crab_fjr_6.xml -p pset.py      
 Jun 18 00:48:53 CEST	16077	795836	1015364	175	110	255	cmsRun -j /home/cms015/home_cream_555205907/CREAM555205907/glide_IoxR1V/execute/dir_13348/crab_fjr_6.xml -p pset.py      
 Jun 18 00:50:58 CEST	16077	795836	1018436	175	198	381	cmsRun -j /home/cms015/home_cream_555205907/CREAM555205907/glide_IoxR1V/execute/dir_13348/crab_fjr_6.xml -p pset.py      
 Jun 18 00:52:02 CEST	16077	798328	1019144	175	225	444	cmsRun -j /home/cms015/home_cream_555205907/CREAM555205907/glide_IoxR1V/execute/dir_13348/crab_fjr_6.xml -p pset.py      
 Jun 18 00:53:05 CEST	16077	1492260	1711368	175	284	508	cmsRun -j /home/cms015/home_cream_555205907/CREAM555205907/glide_IoxR1V/execute/dir_13348/crab_fjr_6.xml -p pset.py      
 Jun 18 00:54:09 CEST	---	1492260	1711368	178	----	----	----
********** WATCHDOG LOG ENDED
ZIPPING WATCHDOG LOG
Disk space used:
du -sh /home/cms015/home_cream_555205907/CREAM555205907/glide_IoxR1V/execute/dir_13348
178M	/home/cms015/home_cream_555205907/CREAM555205907/glide_IoxR1V/execute/dir_13348
Found unusual stdout, rename for OSB
`/home/cms015/home_cream_555205907/CREAM555205907/glide_IoxR1V/execute/dir_13348/_condor_stdout' -> `CMSSW_6.stdout'
Found unusual stderr, rename for OSB
`/home/cms015/home_cream_555205907/CREAM555205907/glide_IoxR1V/execute/dir_13348/_condor_stdout' -> `CMSSW_6.stderr'
crab_fjr_6.xml
CMSSW_6.stdout
CMSSW_6.stderr
Watchdog_6.log.gz
Total Output dimension: 58761
WARNING: output files size limit is set to: 50000000
Total Output dimension 58761 is fine.
JOB_EXIT_STATUS = 0
>>> info for dashboard:
***** Cat /home/cms015/home_cream_555205907/CREAM555205907/glide_IoxR1V/execute/dir_13348/jobreport.txt *****
MonitorJobID=6_https://vocms83.cern.ch//140616//86812.5
MonitorID=calabria_MuMinus5_Case3_ReReco_06ez4u
ExeTime=494
ExeExitCode=0
StageOutExitStatusReason = 'Copy succedeed with srm-lcg utils'
StageOutSE = storm-se-01.ba.infn.it
StageOutExitStatus = 0
CrabUserCpuTime=255.25
CrabSysCpuTime=32.62
CrabCpuPercentage=58%
CrabWrapperTime=600
CrabStageoutTime=49
JobExitCode=0
***** End Cat jobreport *****
Parameters sent to Dashboard.
EXITING at Wed Jun 18 00:54:39 CEST 2014  -  Tue Jun 17 22:54:39 UTC 2014
