This script was generated by crab (version 2.10.5_patch1).
Running /home/cms015/home_cream_555205907/CREAM555205907/glide_IoxR1V/execute/dir_18254/condor_exec.exe with 2 positional parameters: 14 1
Today is Wed Jun 18 01:49:43 CEST 2014 - Tue Jun 17 23:49:43 UTC 2014
Job submitted on host pccms109.ba.infn.it
Linux pccms109.ba.infn.it 2.6.32-431.5.1.el6.x86_64 #1 SMP Wed Feb 12 09:03:27 CET 2014 x86_64 x86_64 x86_64 GNU/Linux
>>> current directory (RUNTIME_AREA): /home/cms015/home_cream_555205907/CREAM555205907/glide_IoxR1V/execute/dir_18254
>>> current user: uid=11815(cms015) gid=1399(cms) groups=1399(cms)
>>> directory permission set to 0700
>>> umask set to:  u=rwx,g=,o=
>>> stdout stderr permission set to 0704
>>> voms proxy information:
subject   : /C=IT/O=INFN/OU=Personal Certificate/L=Bari/CN=Cesare Calabria/CN=477126703/CN=1902071243
issuer    : /C=IT/O=INFN/OU=Personal Certificate/L=Bari/CN=Cesare Calabria/CN=477126703
identity  : /C=IT/O=INFN/OU=Personal Certificate/L=Bari/CN=Cesare Calabria
type      : RFC3820 compliant limited proxy
strength  : 1024
path      : /home/cms015/home_cream_555205907/CREAM555205907/glide_IoxR1V/execute/dir_18254/x509up_u50707
timeleft  : 23:59:43
key usage : Digital Signature, Key Encipherment, Data Encipherment
=== VO cms extension information ===
VO        : cms
subject   : /C=IT/O=INFN/OU=Personal Certificate/L=Bari/CN=Cesare Calabria
issuer    : /DC=ch/DC=cern/OU=computers/CN=voms.cern.ch
attribute : /cms/Role=NULL/Capability=NULL
attribute : /cms/itcms/Role=NULL/Capability=NULL
timeleft  : 153:34:33
uri       : voms.cern.ch:15002

WNHostName=pccms109.ba.infn.it
>>> tar --no-same-permissions -xf /home/cms015/home_cream_555205907/CREAM555205907/glide_IoxR1V/execute/dir_18254/default.tgz :
Successful untar
>>> Include /home/cms015/home_cream_555205907/CREAM555205907/glide_IoxR1V/execute/dir_18254 in PYTHONPATH:
strip arguments
env var CRAB_UNIQUE_JOB_ID set to: calabria_MuMinus5_Case3_ReReco_06ez4u_14_1_Cqg
out_files_14
>>> list of expected files on output sandbox
output files: crab_fjr_14.xml CMSSW_14.stdout CMSSW_14.stderr Watchdog_14.log.gz
>>> GridFlavour discovery: 
GridFlavour=LCG
>>> SyncSite discovery: 
SyncSite=T2_IT_Bari
>>> SyncCE discovery: 
getting SyncCE from CE_ID
SyncCE=cream-ce-4.ba.infn.it:8443/cream-pbs-cms
>>> info for dashboard:
***** Cat /home/cms015/home_cream_555205907/CREAM555205907/glide_IoxR1V/execute/dir_18254/jobreport.txt *****
WNHostName=pccms109.ba.infn.it
MonitorJobID=14_https://vocms83.cern.ch//140616//86812.13
SyncGridJobId=https://vocms83.cern.ch//140616//86812.13
MonitorID=calabria_MuMinus5_Case3_ReReco_06ez4u
GridFlavour=LCG
SyncSite=T2_IT_Bari
SyncCE=cream-ce-4.ba.infn.it:8443/cream-pbs-cms
***** End Cat jobreport *****
Parameters sent to Dashboard.
>>> setup environment
set SCRAM ARCH to slc5_amd64_gcc472
SCRAM_ARCH = slc5_amd64_gcc472
>>> setup CMS LCG environment:
set SCRAM ARCH and BUILD_ARCH to slc5_amd64_gcc472 ###
Sourcing environment... 
sourcing /cvmfs/cms.cern.ch/cmsset_default.sh
==> setup cms environment ok
>>> specific cmssw setup environment:
CMSSW_VERSION =  CMSSW_6_2_0_SLHC12
>>> current directory (SOFTWARE_DIR): /home/cms015/home_cream_555205907/CREAM555205907/glide_IoxR1V/execute/dir_18254/CMSSW_6_2_0_SLHC12
PreserveSeeds: <>
IncrementSeeds:<>
>>> info for dashboard:
***** Cat /home/cms015/home_cream_555205907/CREAM555205907/glide_IoxR1V/execute/dir_18254/jobreport.txt *****
MonitorJobID=14_https://vocms83.cern.ch//140616//86812.13
MonitorID=calabria_MuMinus5_Case3_ReReco_06ez4u
***** End Cat jobreport *****
Parameters sent to Dashboard.
crabWatchdog started as process 18649
>>> moving CMSSW software directories in /home/cms015/home_cream_555205907/CREAM555205907/glide_IoxR1V/execute/dir_18254/CMSSW_6_2_0_SLHC12
mv: cannot stat `/home/cms015/home_cream_555205907/CREAM555205907/glide_IoxR1V/execute/dir_18254/module/': No such file or directory
>>> Include /home/cms015/home_cream_555205907/CREAM555205907/glide_IoxR1V/execute/dir_18254 in PYTHONPATH:
PYTHONPATH=/home/cms015/home_cream_555205907/CREAM555205907/glide_IoxR1V/execute/dir_18254/:/home/cms015/home_cream_555205907/CREAM555205907/glide_IoxR1V/execute/dir_18254/CMSSW_6_2_0_SLHC12/python:/home/cms015/home_cream_555205907/CREAM555205907/glide_IoxR1V/execute/dir_18254/CMSSW_6_2_0_SLHC12/lib/slc5_amd64_gcc472:/cvmfs/cms.cern.ch/slc5_amd64_gcc472/cms/cmssw/CMSSW_6_2_0_SLHC12/python:/cvmfs/cms.cern.ch/slc5_amd64_gcc472/cms/cmssw/CMSSW_6_2_0_SLHC12/lib/slc5_amd64_gcc472:/cvmfs/cms.cern.ch/slc5_amd64_gcc472/cms/coral/CORAL_2_3_21-cms36/slc5_amd64_gcc472/python:/cvmfs/cms.cern.ch/slc5_amd64_gcc472/cms/coral/CORAL_2_3_21-cms36/slc5_amd64_gcc472/lib:/cvmfs/cms.cern.ch/slc5_amd64_gcc472/external/pyqt/4.8.1-cms6/lib/python2.7/site-packages:/cvmfs/cms.cern.ch/slc5_amd64_gcc472/external/py2-scipy/0.8.0-cms8/lib/python2.7/site-packages:/cvmfs/cms.cern.ch/slc5_amd64_gcc472/external/py2-matplotlib/1.0.1-cms8/lib/python2.7/site-packages:/cvmfs/cms.cern.ch/slc5_amd64_gcc472/external/python-ldap/2.3.5-cms6/lib/python2.7/site-packages:/cvmfs/cms.cern.ch/slc5_amd64_gcc472/external/sip/4.11.2-cms6/lib/python2.7/site-packages:/cvmfs/cms.cern.ch/slc5_amd64_gcc472/external/py2-pycurl/7.19.0-cms8/lib/python2.7/site-packages:/cvmfs/cms.cern.ch/slc5_amd64_gcc472/external/py2-numpy/1.6.1-cms8/lib/python2.7/site-packages:/cvmfs/cms.cern.ch/slc5_amd64_gcc472/external/py2-lint/0.25.1-cms6/lib/python2.7/site-packages:/cvmfs/cms.cern.ch/slc5_amd64_gcc472/external/py2-ipython/0.10-cms6/lib/python2.7/site-packages:/cvmfs/cms.cern.ch/slc5_amd64_gcc472/external/py2-cx-oracle/5.1-cms7/lib/python2.7/site-packages:/cvmfs/cms.cern.ch/slc5_amd64_gcc472/external/py2-cjson/1.0.5-cms6/lib/python2.7/site-packages:/cvmfs/cms.cern.ch/slc5_amd64_gcc472/cms/das-client/1.11.7/bin:/cvmfs/cms.cern.ch/slc5_amd64_gcc472/external/elementtree/1.2.6-cms6/share/lib/python2.7/site-packages:/cvmfs/cms.cern.ch/slc5_amd64_gcc472/external/rivet/1.8.2-cms8/lib/python2.7/site-packages:/cvmfs/cms.cern.ch/slc5_amd64_gcc472/external/pyminuit2/0.0.1-cms19/lib/python2.7/site-packages:/cvmfs/cms.cern.ch/slc5_amd64_gcc472/external/py2-pygithub/1.23.0/lib/python2.7/site-packages:/cvmfs/cms.cern.ch/slc5_amd64_gcc472/external/professor/1.0.0-cms19/lib/python2.7/site-packages:/cvmfs/cms.cern.ch/slc5_amd64_gcc472/lcg/root/5.34.07-cms/lib:/cvmfs/cms.cern.ch/slc5_amd64_gcc472/cms/dbs-client/DBS_2_1_9-cms5/lib:/cvmfs/cms.cern.ch/slc5_amd64_gcc472/cms/dbs-client/DBS_2_1_9-cms5/lib/DBSAPI:/cvmfs/cms.cern.ch/slc5_amd64_gcc472/external/cvs2git/5419-cms/lib:/home/cms015/home_cream_555205907/CREAM555205907/glide_IoxR1V/execute/dir_18254/
 
# LIMITS USED BY CRAB WATCHDOG:
# RSS  (KBytes)   : 2300000
# VSZ  (KBytes)   : 100000000
# DISK (MBytes)   : 19000
# CPU TIME        : 720h:0m:0s
# WALL CLOCK TIME : 21h:50m:0s
 
5854dd31cbd3cdec44c48628cc181cf0
PSETHASH = 5854dd31cbd3cdec44c48628cc181cf0
/home/cms015/home_cream_555205907/CREAM555205907/glide_IoxR1V/execute/dir_18254/writeCfg.py pset.py pset.py
Importing .py file
Setting parameters
RandomNumberGeneratorService found, will attempt to change seeds
inputBlocks=/calabria_SingleMuPt5_GEN-SIM-DIGI-RECO_CMSSW_6_2_0_SLHC12_2023Scenario_Case3/calabria-calabria_SingleMuPt5_GEN-SIM-DIGI-RECO_CMSSW_6_2_0_SLHC12_2023Scenario_Case3-01e8787d2102816c4c34c374fc192ef2/USER#a9d67686-ecd9-4c64-bc1d-1fd2cdc4c0dc
inputFiles=/store/user/calabria/calabria_SingleMuPt5_GEN-SIM-DIGI-RECO_CMSSW_6_2_0_SLHC12_2023Scenario_Case3/calabria_SingleMuPt5_GEN-SIM-DIGI-RECO_CMSSW_6_2_0_SLHC12_2023Scenario_Case3/01e8787d2102816c4c34c374fc192ef2/out_reco_354_1_pQS.root;/store/user/calabria/calabria_SingleMuPt5_GEN-SIM-DIGI-RECO_CMSSW_6_2_0_SLHC12_2023Scenario_Case3/calabria_SingleMuPt5_GEN-SIM-DIGI-RECO_CMSSW_6_2_0_SLHC12_2023Scenario_Case3/01e8787d2102816c4c34c374fc192ef2/out_reco_357_1_CsM.root;/store/user/calabria/calabria_SingleMuPt5_GEN-SIM-DIGI-RECO_CMSSW_6_2_0_SLHC12_2023Scenario_Case3/calabria_SingleMuPt5_GEN-SIM-DIGI-RECO_CMSSW_6_2_0_SLHC12_2023Scenario_Case3/01e8787d2102816c4c34c374fc192ef2/out_reco_360_1_ssr.root;/store/user/calabria/calabria_SingleMuPt5_GEN-SIM-DIGI-RECO_CMSSW_6_2_0_SLHC12_2023Scenario_Case3/calabria_SingleMuPt5_GEN-SIM-DIGI-RECO_CMSSW_6_2_0_SLHC12_2023Scenario_Case3/01e8787d2102816c4c34c374fc192ef2/out_reco_361_1_Bc4.root;/store/user/calabria/calabria_SingleMuPt5_GEN-SIM-DIGI-RECO_CMSSW_6_2_0_SLHC12_2023Scenario_Case3/calabria_SingleMuPt5_GEN-SIM-DIGI-RECO_CMSSW_6_2_0_SLHC12_2023Scenario_Case3/01e8787d2102816c4c34c374fc192ef2/out_reco_363_1_HoF.root;/store/user/calabria/calabria_SingleMuPt5_GEN-SIM-DIGI-RECO_CMSSW_6_2_0_SLHC12_2023Scenario_Case3/calabria_SingleMuPt5_GEN-SIM-DIGI-RECO_CMSSW_6_2_0_SLHC12_2023Scenario_Case3/01e8787d2102816c4c34c374fc192ef2/out_reco_364_1_0wE.root;/store/user/calabria/calabria_SingleMuPt5_GEN-SIM-DIGI-RECO_CMSSW_6_2_0_SLHC12_2023Scenario_Case3/calabria_SingleMuPt5_GEN-SIM-DIGI-RECO_CMSSW_6_2_0_SLHC12_2023Scenario_Case3/01e8787d2102816c4c34c374fc192ef2/out_reco_366_1_czF.root;/store/user/calabria/calabria_SingleMuPt5_GEN-SIM-DIGI-RECO_CMSSW_6_2_0_SLHC12_2023Scenario_Case3/calabria_SingleMuPt5_GEN-SIM-DIGI-RECO_CMSSW_6_2_0_SLHC12_2023Scenario_Case3/01e8787d2102816c4c34c374fc192ef2/out_reco_367_1_Yb7.root;/store/user/calabria/calabria_SingleMuPt5_GEN-SIM-DIGI-RECO_CMSSW_6_2_0_SLHC12_2023Scenario_Case3/calabria_SingleMuPt5_GEN-SIM-DIGI-RECO_CMSSW_6_2_0_SLHC12_2023Scenario_Case3/01e8787d2102816c4c34c374fc192ef2/out_reco_369_1_5pS.root;/store/user/calabria/calabria_SingleMuPt5_GEN-SIM-DIGI-RECO_CMSSW_6_2_0_SLHC12_2023Scenario_Case3/calabria_SingleMuPt5_GEN-SIM-DIGI-RECO_CMSSW_6_2_0_SLHC12_2023Scenario_Case3/01e8787d2102816c4c34c374fc192ef2/out_reco_372_1_kzb.root
parentFiles=
lumisRange=
>>> Executable cmsRun
/cvmfs/cms.cern.ch/slc5_amd64_gcc472/cms/cmssw/CMSSW_6_2_0_SLHC12/bin/slc5_amd64_gcc472/cmsRun
ok executable found
>>> info for dashboard:
***** Cat /home/cms015/home_cream_555205907/CREAM555205907/glide_IoxR1V/execute/dir_18254/jobreport.txt *****
MonitorJobID=14_https://vocms83.cern.ch//140616//86812.13
MonitorID=calabria_MuMinus5_Case3_ReReco_06ez4u
ExeStart=cmsRun
***** End Cat jobreport *****
Parameters sent to Dashboard.
>>> cmsRun started at Tue Jun 17 23:50:07 UTC 2014
>>> cmsRun ended at Tue Jun 17 23:58:46 UTC 2014
>>> crab_fjr_*.xml  permission set to 0704
>>> info for dashboard:
***** Cat /home/cms015/home_cream_555205907/CREAM555205907/glide_IoxR1V/execute/dir_18254/jobreport.txt *****
MonitorJobID=14_https://vocms83.cern.ch//140616//86812.13
MonitorID=calabria_MuMinus5_Case3_ReReco_06ez4u
ExeEnd=cmsRun
***** End Cat jobreport *****
Parameters sent to Dashboard.
TIME_EXE = 519 sec
>>> cmsRun wrote 50 lines of stdout+stderr
>>> START OF printout of 50 lines from stdout+stderr
271 DQMStore::DQMStore 
HcalTopologyIdealEP::HcalTopologyIdealEP
18-Jun-2014 01:50:28 CEST  Initiating request to open file file:/lustre/cms//store/user/calabria/calabria_SingleMuPt5_GEN-SIM-DIGI-RECO_CMSSW_6_2_0_SLHC12_2023Scenario_Case3/calabria_SingleMuPt5_GEN-SIM-DIGI-RECO_CMSSW_6_2_0_SLHC12_2023Scenario_Case3/01e8787d2102816c4c34c374fc192ef2/out_reco_354_1_pQS.root
18-Jun-2014 01:50:31 CEST  Successfully opened file file:/lustre/cms//store/user/calabria/calabria_SingleMuPt5_GEN-SIM-DIGI-RECO_CMSSW_6_2_0_SLHC12_2023Scenario_Case3/calabria_SingleMuPt5_GEN-SIM-DIGI-RECO_CMSSW_6_2_0_SLHC12_2023Scenario_Case3/01e8787d2102816c4c34c374fc192ef2/out_reco_354_1_pQS.root
18-Jun-2014 01:51:14 CEST  Closed file file:/lustre/cms//store/user/calabria/calabria_SingleMuPt5_GEN-SIM-DIGI-RECO_CMSSW_6_2_0_SLHC12_2023Scenario_Case3/calabria_SingleMuPt5_GEN-SIM-DIGI-RECO_CMSSW_6_2_0_SLHC12_2023Scenario_Case3/01e8787d2102816c4c34c374fc192ef2/out_reco_354_1_pQS.root
18-Jun-2014 01:51:14 CEST  Initiating request to open file file:/lustre/cms//store/user/calabria/calabria_SingleMuPt5_GEN-SIM-DIGI-RECO_CMSSW_6_2_0_SLHC12_2023Scenario_Case3/calabria_SingleMuPt5_GEN-SIM-DIGI-RECO_CMSSW_6_2_0_SLHC12_2023Scenario_Case3/01e8787d2102816c4c34c374fc192ef2/out_reco_357_1_CsM.root
18-Jun-2014 01:51:14 CEST  Successfully opened file file:/lustre/cms//store/user/calabria/calabria_SingleMuPt5_GEN-SIM-DIGI-RECO_CMSSW_6_2_0_SLHC12_2023Scenario_Case3/calabria_SingleMuPt5_GEN-SIM-DIGI-RECO_CMSSW_6_2_0_SLHC12_2023Scenario_Case3/01e8787d2102816c4c34c374fc192ef2/out_reco_357_1_CsM.root
18-Jun-2014 01:51:50 CEST  Closed file file:/lustre/cms//store/user/calabria/calabria_SingleMuPt5_GEN-SIM-DIGI-RECO_CMSSW_6_2_0_SLHC12_2023Scenario_Case3/calabria_SingleMuPt5_GEN-SIM-DIGI-RECO_CMSSW_6_2_0_SLHC12_2023Scenario_Case3/01e8787d2102816c4c34c374fc192ef2/out_reco_357_1_CsM.root
18-Jun-2014 01:51:50 CEST  Initiating request to open file file:/lustre/cms//store/user/calabria/calabria_SingleMuPt5_GEN-SIM-DIGI-RECO_CMSSW_6_2_0_SLHC12_2023Scenario_Case3/calabria_SingleMuPt5_GEN-SIM-DIGI-RECO_CMSSW_6_2_0_SLHC12_2023Scenario_Case3/01e8787d2102816c4c34c374fc192ef2/out_reco_360_1_ssr.root
18-Jun-2014 01:51:51 CEST  Successfully opened file file:/lustre/cms//store/user/calabria/calabria_SingleMuPt5_GEN-SIM-DIGI-RECO_CMSSW_6_2_0_SLHC12_2023Scenario_Case3/calabria_SingleMuPt5_GEN-SIM-DIGI-RECO_CMSSW_6_2_0_SLHC12_2023Scenario_Case3/01e8787d2102816c4c34c374fc192ef2/out_reco_360_1_ssr.root
18-Jun-2014 01:52:24 CEST  Closed file file:/lustre/cms//store/user/calabria/calabria_SingleMuPt5_GEN-SIM-DIGI-RECO_CMSSW_6_2_0_SLHC12_2023Scenario_Case3/calabria_SingleMuPt5_GEN-SIM-DIGI-RECO_CMSSW_6_2_0_SLHC12_2023Scenario_Case3/01e8787d2102816c4c34c374fc192ef2/out_reco_360_1_ssr.root
18-Jun-2014 01:52:24 CEST  Initiating request to open file file:/lustre/cms//store/user/calabria/calabria_SingleMuPt5_GEN-SIM-DIGI-RECO_CMSSW_6_2_0_SLHC12_2023Scenario_Case3/calabria_SingleMuPt5_GEN-SIM-DIGI-RECO_CMSSW_6_2_0_SLHC12_2023Scenario_Case3/01e8787d2102816c4c34c374fc192ef2/out_reco_361_1_Bc4.root
18-Jun-2014 01:52:24 CEST  Successfully opened file file:/lustre/cms//store/user/calabria/calabria_SingleMuPt5_GEN-SIM-DIGI-RECO_CMSSW_6_2_0_SLHC12_2023Scenario_Case3/calabria_SingleMuPt5_GEN-SIM-DIGI-RECO_CMSSW_6_2_0_SLHC12_2023Scenario_Case3/01e8787d2102816c4c34c374fc192ef2/out_reco_361_1_Bc4.root
18-Jun-2014 01:52:57 CEST  Closed file file:/lustre/cms//store/user/calabria/calabria_SingleMuPt5_GEN-SIM-DIGI-RECO_CMSSW_6_2_0_SLHC12_2023Scenario_Case3/calabria_SingleMuPt5_GEN-SIM-DIGI-RECO_CMSSW_6_2_0_SLHC12_2023Scenario_Case3/01e8787d2102816c4c34c374fc192ef2/out_reco_361_1_Bc4.root
18-Jun-2014 01:52:57 CEST  Initiating request to open file file:/lustre/cms//store/user/calabria/calabria_SingleMuPt5_GEN-SIM-DIGI-RECO_CMSSW_6_2_0_SLHC12_2023Scenario_Case3/calabria_SingleMuPt5_GEN-SIM-DIGI-RECO_CMSSW_6_2_0_SLHC12_2023Scenario_Case3/01e8787d2102816c4c34c374fc192ef2/out_reco_363_1_HoF.root
18-Jun-2014 01:52:58 CEST  Successfully opened file file:/lustre/cms//store/user/calabria/calabria_SingleMuPt5_GEN-SIM-DIGI-RECO_CMSSW_6_2_0_SLHC12_2023Scenario_Case3/calabria_SingleMuPt5_GEN-SIM-DIGI-RECO_CMSSW_6_2_0_SLHC12_2023Scenario_Case3/01e8787d2102816c4c34c374fc192ef2/out_reco_363_1_HoF.root
18-Jun-2014 01:53:59 CEST  Closed file file:/lustre/cms//store/user/calabria/calabria_SingleMuPt5_GEN-SIM-DIGI-RECO_CMSSW_6_2_0_SLHC12_2023Scenario_Case3/calabria_SingleMuPt5_GEN-SIM-DIGI-RECO_CMSSW_6_2_0_SLHC12_2023Scenario_Case3/01e8787d2102816c4c34c374fc192ef2/out_reco_363_1_HoF.root
18-Jun-2014 01:53:59 CEST  Initiating request to open file file:/lustre/cms//store/user/calabria/calabria_SingleMuPt5_GEN-SIM-DIGI-RECO_CMSSW_6_2_0_SLHC12_2023Scenario_Case3/calabria_SingleMuPt5_GEN-SIM-DIGI-RECO_CMSSW_6_2_0_SLHC12_2023Scenario_Case3/01e8787d2102816c4c34c374fc192ef2/out_reco_364_1_0wE.root
18-Jun-2014 01:53:59 CEST  Successfully opened file file:/lustre/cms//store/user/calabria/calabria_SingleMuPt5_GEN-SIM-DIGI-RECO_CMSSW_6_2_0_SLHC12_2023Scenario_Case3/calabria_SingleMuPt5_GEN-SIM-DIGI-RECO_CMSSW_6_2_0_SLHC12_2023Scenario_Case3/01e8787d2102816c4c34c374fc192ef2/out_reco_364_1_0wE.root
18-Jun-2014 01:54:59 CEST  Closed file file:/lustre/cms//store/user/calabria/calabria_SingleMuPt5_GEN-SIM-DIGI-RECO_CMSSW_6_2_0_SLHC12_2023Scenario_Case3/calabria_SingleMuPt5_GEN-SIM-DIGI-RECO_CMSSW_6_2_0_SLHC12_2023Scenario_Case3/01e8787d2102816c4c34c374fc192ef2/out_reco_364_1_0wE.root
18-Jun-2014 01:54:59 CEST  Initiating request to open file file:/lustre/cms//store/user/calabria/calabria_SingleMuPt5_GEN-SIM-DIGI-RECO_CMSSW_6_2_0_SLHC12_2023Scenario_Case3/calabria_SingleMuPt5_GEN-SIM-DIGI-RECO_CMSSW_6_2_0_SLHC12_2023Scenario_Case3/01e8787d2102816c4c34c374fc192ef2/out_reco_366_1_czF.root
18-Jun-2014 01:55:00 CEST  Successfully opened file file:/lustre/cms//store/user/calabria/calabria_SingleMuPt5_GEN-SIM-DIGI-RECO_CMSSW_6_2_0_SLHC12_2023Scenario_Case3/calabria_SingleMuPt5_GEN-SIM-DIGI-RECO_CMSSW_6_2_0_SLHC12_2023Scenario_Case3/01e8787d2102816c4c34c374fc192ef2/out_reco_366_1_czF.root
18-Jun-2014 01:55:57 CEST  Closed file file:/lustre/cms//store/user/calabria/calabria_SingleMuPt5_GEN-SIM-DIGI-RECO_CMSSW_6_2_0_SLHC12_2023Scenario_Case3/calabria_SingleMuPt5_GEN-SIM-DIGI-RECO_CMSSW_6_2_0_SLHC12_2023Scenario_Case3/01e8787d2102816c4c34c374fc192ef2/out_reco_366_1_czF.root
18-Jun-2014 01:55:57 CEST  Initiating request to open file file:/lustre/cms//store/user/calabria/calabria_SingleMuPt5_GEN-SIM-DIGI-RECO_CMSSW_6_2_0_SLHC12_2023Scenario_Case3/calabria_SingleMuPt5_GEN-SIM-DIGI-RECO_CMSSW_6_2_0_SLHC12_2023Scenario_Case3/01e8787d2102816c4c34c374fc192ef2/out_reco_367_1_Yb7.root
18-Jun-2014 01:55:57 CEST  Successfully opened file file:/lustre/cms//store/user/calabria/calabria_SingleMuPt5_GEN-SIM-DIGI-RECO_CMSSW_6_2_0_SLHC12_2023Scenario_Case3/calabria_SingleMuPt5_GEN-SIM-DIGI-RECO_CMSSW_6_2_0_SLHC12_2023Scenario_Case3/01e8787d2102816c4c34c374fc192ef2/out_reco_367_1_Yb7.root
18-Jun-2014 01:56:58 CEST  Closed file file:/lustre/cms//store/user/calabria/calabria_SingleMuPt5_GEN-SIM-DIGI-RECO_CMSSW_6_2_0_SLHC12_2023Scenario_Case3/calabria_SingleMuPt5_GEN-SIM-DIGI-RECO_CMSSW_6_2_0_SLHC12_2023Scenario_Case3/01e8787d2102816c4c34c374fc192ef2/out_reco_367_1_Yb7.root
18-Jun-2014 01:56:58 CEST  Initiating request to open file file:/lustre/cms//store/user/calabria/calabria_SingleMuPt5_GEN-SIM-DIGI-RECO_CMSSW_6_2_0_SLHC12_2023Scenario_Case3/calabria_SingleMuPt5_GEN-SIM-DIGI-RECO_CMSSW_6_2_0_SLHC12_2023Scenario_Case3/01e8787d2102816c4c34c374fc192ef2/out_reco_369_1_5pS.root
18-Jun-2014 01:56:59 CEST  Successfully opened file file:/lustre/cms//store/user/calabria/calabria_SingleMuPt5_GEN-SIM-DIGI-RECO_CMSSW_6_2_0_SLHC12_2023Scenario_Case3/calabria_SingleMuPt5_GEN-SIM-DIGI-RECO_CMSSW_6_2_0_SLHC12_2023Scenario_Case3/01e8787d2102816c4c34c374fc192ef2/out_reco_369_1_5pS.root
18-Jun-2014 01:57:39 CEST  Closed file file:/lustre/cms//store/user/calabria/calabria_SingleMuPt5_GEN-SIM-DIGI-RECO_CMSSW_6_2_0_SLHC12_2023Scenario_Case3/calabria_SingleMuPt5_GEN-SIM-DIGI-RECO_CMSSW_6_2_0_SLHC12_2023Scenario_Case3/01e8787d2102816c4c34c374fc192ef2/out_reco_369_1_5pS.root
18-Jun-2014 01:57:39 CEST  Initiating request to open file file:/lustre/cms//store/user/calabria/calabria_SingleMuPt5_GEN-SIM-DIGI-RECO_CMSSW_6_2_0_SLHC12_2023Scenario_Case3/calabria_SingleMuPt5_GEN-SIM-DIGI-RECO_CMSSW_6_2_0_SLHC12_2023Scenario_Case3/01e8787d2102816c4c34c374fc192ef2/out_reco_372_1_kzb.root
18-Jun-2014 01:57:39 CEST  Successfully opened file file:/lustre/cms//store/user/calabria/calabria_SingleMuPt5_GEN-SIM-DIGI-RECO_CMSSW_6_2_0_SLHC12_2023Scenario_Case3/calabria_SingleMuPt5_GEN-SIM-DIGI-RECO_CMSSW_6_2_0_SLHC12_2023Scenario_Case3/01e8787d2102816c4c34c374fc192ef2/out_reco_372_1_kzb.root
18-Jun-2014 01:58:45 CEST  Closed file file:/lustre/cms//store/user/calabria/calabria_SingleMuPt5_GEN-SIM-DIGI-RECO_CMSSW_6_2_0_SLHC12_2023Scenario_Case3/calabria_SingleMuPt5_GEN-SIM-DIGI-RECO_CMSSW_6_2_0_SLHC12_2023Scenario_Case3/01e8787d2102816c4c34c374fc192ef2/out_reco_372_1_kzb.root

=============================================

MessageLogger Summary

 type     category        sev    module        subroutine        count    total
 ---- -------------------- -- ---------------- ----------------  -----    -----
    1 fileAction           -s file_close                            10       10
    2 fileAction           -s file_open                             20       20

 type    category    Examples: run/evt        run/evt          run/evt
 ---- -------------------- ---------------- ---------------- ----------------
    1 fileAction           PostProcessEvent PostProcessEvent PostEndRun
    2 fileAction           pre-events       pre-events       PostProcessEvent

Severity    # Occurrences   Total Occurrences
--------    -------------   -----------------
System                 30                  30
>>> END OF printout of 50 lines from stdout+stderr
>>> Parse FrameworkJobReport crab_fjr.xml
Result of parsing the FrameworkJobReport crab_fjr.xml: Popularity start
lumisRange : 1::::1;1::::2;1::::3;1::::4;1::::5;1::::6;1::::7;1::::8;1::::9;1::::10;
lumisParentRange : 
Basename : /store/user/calabria/calabria_SingleMuPt5_GEN-SIM-DIGI-RECO_CMSSW_6_2_0_SLHC12_2023Scenario_Case3/calabria_SingleMuPt5_GEN-SIM-DIGI-RECO_CMSSW_6_2_0_SLHC12_2023Scenario_Case3/01e8787d2102816c4c34c374fc192ef2/out_reco_3
BasenameParent : 
parentFiles : 
inputBlocks : /calabria_SingleMuPt5_GEN-SIM-DIGI-RECO_CMSSW_6_2_0_SLHC12_2023Scenario_Case3/calabria-calabria_SingleMuPt5_GEN-SIM-DIGI-RECO_CMSSW_6_2_0_SLHC12_2023Scenario_Case3-01e8787d2102816c4c34c374fc192ef2/USER#a9d67686-ecd9-4c64-bc1d-1fd2cdc4c0dc
inputFiles : 60_1_ssr.root::1::EDM::Local::1;64_1_0wE.root::1::EDM::Local::2;69_1_5pS.root::1::EDM::Local::3;67_1_Yb7.root::1::EDM::Local::4;61_1_Bc4.root::1::EDM::Local::5;57_1_CsM.root::1::EDM::Local::6;66_1_czF.root::1::EDM::Local::7;72_1_kzb.root::1::EDM::Local::8;54_1_pQS.root::1::EDM::Local::9;63_1_HoF.root::1::EDM::Local::10;
Popularity stop
Extracted ExitStatus from FrameworkJobReport parsing output: 0
>>> Executable succeded  0
ExeExitCode=0
EXECUTABLE_EXIT_STATUS = 0
>>> current directory /home/cms015/home_cream_555205907/CREAM555205907/glide_IoxR1V/execute/dir_18254/CMSSW_6_2_0_SLHC12
>>>  (SOFTWARE_DIR): /home/cms015/home_cream_555205907/CREAM555205907/glide_IoxR1V/execute/dir_18254/CMSSW_6_2_0_SLHC12
>>> (WORKING_DIR): 
>>> current directory content:
total 10452
drwxr-xr-x 3 cms015 cms    4096 Jun 18 01:49 .SCRAM
-rw------- 1 cms015 cms 3740519 Jun 18 01:49 CMSSW.py.pkl
drwxr-xr-x 3 cms015 cms    4096 Jun 18 01:49 bin
drwxr-xr-x 3 cms015 cms    4096 Jun 18 01:49 cfipython
drwxr-xr-x 4 cms015 cms    4096 Jun 18 01:49 config
-rw------- 1 cms015 cms      17 Jun 18 01:58 cpu_timing.txt
drwxr-xr-x 2 cms015 cms    4096 Jun 18 01:49 doc
-rw------- 1 cms015 cms    9865 Jun 18 01:58 executable.out
drwxr-xr-x 2 cms015 cms    4096 Jun 18 01:49 include
drwx------ 3 cms015 cms    4096 Apr 28 18:12 lib
drwxr-xr-x 3 cms015 cms    4096 Jun 18 01:49 logs
drwxr-xr-x 3 cms015 cms    4096 Jun 18 01:49 objs
-rw------- 1 cms015 cms     104 Jun 18 01:50 pset.py
-rw------- 1 cms015 cms 3712292 Jun 18 01:50 pset.py.pkl
-rw------- 1 cms015 cms     289 Jun 18 01:49 pset.pyc
drwxr-xr-x 2 cms015 cms    4096 Jun 18 01:49 python
-rw------- 1 cms015 cms     389 Jun 18 01:58 report.log
drwx------ 6 cms015 cms    4096 Jun 18 01:49 src
drwxr-xr-x 3 cms015 cms    4096 Jun 18 01:49 test
drwxr-xr-x 3 cms015 cms    4096 Jun 18 01:49 tmp
-rw------- 1 cms015 cms 3146300 Jun 18 01:58 validationEDM.root
>>> current directory /home/cms015/home_cream_555205907/CREAM555205907/glide_IoxR1V/execute/dir_18254/CMSSW_6_2_0_SLHC12
>>> (SOFTWARE_DIR): /home/cms015/home_cream_555205907/CREAM555205907/glide_IoxR1V/execute/dir_18254/CMSSW_6_2_0_SLHC12
>>> (WORKING_DIR): 
>>> current directory content:
total 10452
drwxr-xr-x 3 cms015 cms    4096 Jun 18 01:49 .SCRAM
-rw------- 1 cms015 cms 3740519 Jun 18 01:49 CMSSW.py.pkl
drwxr-xr-x 3 cms015 cms    4096 Jun 18 01:49 bin
drwxr-xr-x 3 cms015 cms    4096 Jun 18 01:49 cfipython
drwxr-xr-x 4 cms015 cms    4096 Jun 18 01:49 config
-rw------- 1 cms015 cms      17 Jun 18 01:58 cpu_timing.txt
drwxr-xr-x 2 cms015 cms    4096 Jun 18 01:49 doc
-rw------- 1 cms015 cms    9865 Jun 18 01:58 executable.out
drwxr-xr-x 2 cms015 cms    4096 Jun 18 01:49 include
drwx------ 3 cms015 cms    4096 Apr 28 18:12 lib
drwxr-xr-x 3 cms015 cms    4096 Jun 18 01:49 logs
drwxr-xr-x 3 cms015 cms    4096 Jun 18 01:49 objs
-rw------- 1 cms015 cms     104 Jun 18 01:50 pset.py
-rw------- 1 cms015 cms 3712292 Jun 18 01:50 pset.py.pkl
-rw------- 1 cms015 cms     289 Jun 18 01:49 pset.pyc
drwxr-xr-x 2 cms015 cms    4096 Jun 18 01:49 python
-rw------- 1 cms015 cms     389 Jun 18 01:58 report.log
drwx------ 6 cms015 cms    4096 Jun 18 01:49 src
drwxr-xr-x 3 cms015 cms    4096 Jun 18 01:49 test
drwxr-xr-x 3 cms015 cms    4096 Jun 18 01:49 tmp
-rw------- 1 cms015 cms 3146300 Jun 18 01:58 validationEDM_14_1_Cqg.root
>>> current directory (RUNTIME_AREA):  /home/cms015/home_cream_555205907/CREAM555205907/glide_IoxR1V/execute/dir_18254
SE = storm-se-01.ba.infn.it
SE_PATH = /srm/managerv2?SFN=//cms/store/user/calabria/calabria_SingleMuPt5_GEN-SIM-DIGI-RECO_CMSSW_6_2_0_SLHC12_2023Scenario_Case3/calabria_MuMinus5_GEN-SIM-DIGI-RECO_CMSSW_6_2_0_SLHC12_2023Scenario_VALNOPU2_Case3/5854dd31cbd3cdec44c48628cc181cf0/
LFNBaseName = /store/user/calabria/calabria_SingleMuPt5_GEN-SIM-DIGI-RECO_CMSSW_6_2_0_SLHC12_2023Scenario_Case3/calabria_MuMinus5_GEN-SIM-DIGI-RECO_CMSSW_6_2_0_SLHC12_2023Scenario_VALNOPU2_Case3/5854dd31cbd3cdec44c48628cc181cf0/
USER = calabria
endpoint = srm://storm-se-01.ba.infn.it:8444/srm/managerv2?SFN=//cms/store/user/calabria/calabria_SingleMuPt5_GEN-SIM-DIGI-RECO_CMSSW_6_2_0_SLHC12_2023Scenario_Case3/calabria_MuMinus5_GEN-SIM-DIGI-RECO_CMSSW_6_2_0_SLHC12_2023Scenario_VALNOPU2_Case3/5854dd31cbd3cdec44c48628cc181cf0/
>>> Copy output files from WN = pccms109.ba.infn.it to /srm/managerv2?SFN=//cms/store/user/calabria/calabria_SingleMuPt5_GEN-SIM-DIGI-RECO_CMSSW_6_2_0_SLHC12_2023Scenario_Case3/calabria_MuMinus5_GEN-SIM-DIGI-RECO_CMSSW_6_2_0_SLHC12_2023Scenario_VALNOPU2_Case3/5854dd31cbd3cdec44c48628cc181cf0/ :
python cmscp.py  --destination srm://storm-se-01.ba.infn.it:8444/srm/managerv2?SFN=//cms/store/user/calabria/calabria_SingleMuPt5_GEN-SIM-DIGI-RECO_CMSSW_6_2_0_SLHC12_2023Scenario_Case3/calabria_MuMinus5_GEN-SIM-DIGI-RECO_CMSSW_6_2_0_SLHC12_2023Scenario_VALNOPU2_Case3/5854dd31cbd3cdec44c48628cc181cf0/ --inputFileList /home/cms015/home_cream_555205907/CREAM555205907/glide_IoxR1V/execute/dir_18254/CMSSW_6_2_0_SLHC12/validationEDM_14_1_Cqg.root --middleware LCG --se_name storm-se-01.ba.infn.it --for_lfn /store/user/calabria/calabria_SingleMuPt5_GEN-SIM-DIGI-RECO_CMSSW_6_2_0_SLHC12_2023Scenario_Case3/calabria_MuMinus5_GEN-SIM-DIGI-RECO_CMSSW_6_2_0_SLHC12_2023Scenario_VALNOPU2_Case3/5854dd31cbd3cdec44c48628cc181cf0/    
******************************************************
localSeName  =  storm-se-01.ba.infn.it
remoteSeName =  storm-se-01.ba.infn.it
******************************************************
{"/home/cms015/home_cream_555205907/CREAM555205907/glide_IoxR1V/execute/dir_18254/CMSSW_6_2_0_SLHC12/validationEDM_14_1_Cqg.root": {"endpoint": "srm://storm-se-01.ba.infn.it:8444/srm/managerv2?SFN=//cms/store/user/calabria/calabria_SingleMuPt5_GEN-SIM-DIGI-RECO_CMSSW_6_2_0_SLHC12_2023Scenario_Case3/calabria_MuMinus5_GEN-SIM-DIGI-RECO_CMSSW_6_2_0_SLHC12_2023Scenario_VALNOPU2_Case3/5854dd31cbd3cdec44c48628cc181cf0/", "surl_for_grid": "", "reason": "Copy succedeed with srm-lcg utils", "erCode": "0", "se_name": "storm-se-01.ba.infn.it", "for_lfn": "/store/user/calabria/calabria_SingleMuPt5_GEN-SIM-DIGI-RECO_CMSSW_6_2_0_SLHC12_2023Scenario_Case3/calabria_MuMinus5_GEN-SIM-DIGI-RECO_CMSSW_6_2_0_SLHC12_2023Scenario_VALNOPU2_Case3/5854dd31cbd3cdec44c48628cc181cf0/"}}/home/cms015/home_cream_555205907/CREAM555205907/glide_IoxR1V/execute/dir_18254
-------- cat /home/cms015/home_cream_555205907/CREAM555205907/glide_IoxR1V/execute/dir_18254/cmscpReport.sh 
#!/bin/bash
echo "Report for File: /home/cms015/home_cream_555205907/CREAM555205907/glide_IoxR1V/execute/dir_18254/CMSSW_6_2_0_SLHC12/validationEDM_14_1_Cqg.root"
echo "LFN: /store/user/calabria/calabria_SingleMuPt5_GEN-SIM-DIGI-RECO_CMSSW_6_2_0_SLHC12_2023Scenario_Case3/calabria_MuMinus5_GEN-SIM-DIGI-RECO_CMSSW_6_2_0_SLHC12_2023Scenario_VALNOPU2_Case3/5854dd31cbd3cdec44c48628cc181cf0/validationEDM_14_1_Cqg.root"
echo "StorageElement: storm-se-01.ba.infn.it"
echo "StageOutExitStatusReason = 'Copy succedeed with srm-lcg utils'" | tee -a $RUNTIME_AREA/$repo
echo "StageOutSE = storm-se-01.ba.infn.it" >> $RUNTIME_AREA/$repo

export StageOutExitStatus=0
echo "StageOutExitStatus = 0" | tee -a $RUNTIME_AREA/$repo
-------- end of /home/cms015/home_cream_555205907/CREAM555205907/glide_IoxR1V/execute/dir_18254/cmscpReport.sh 
Report for File: /home/cms015/home_cream_555205907/CREAM555205907/glide_IoxR1V/execute/dir_18254/CMSSW_6_2_0_SLHC12/validationEDM_14_1_Cqg.root
LFN: /store/user/calabria/calabria_SingleMuPt5_GEN-SIM-DIGI-RECO_CMSSW_6_2_0_SLHC12_2023Scenario_Case3/calabria_MuMinus5_GEN-SIM-DIGI-RECO_CMSSW_6_2_0_SLHC12_2023Scenario_VALNOPU2_Case3/5854dd31cbd3cdec44c48628cc181cf0/validationEDM_14_1_Cqg.root
StorageElement: storm-se-01.ba.infn.it
StageOutExitStatusReason = 'Copy succedeed with srm-lcg utils'
StageOutExitStatus = 0
>>> current dir: /home/cms015/home_cream_555205907/CREAM555205907/glide_IoxR1V/execute/dir_18254
>>> current dir content:
total 28076
-rw-------  1 cms015 cms     2775 Jun 18 01:59 .SEinteraction.log
-rwx------  1 cms015 cms     6787 Jun 18 01:49 .job.ad
-rwx------  1 cms015 cms     9431 Jun 18 01:49 .machine.ad
-rw-------  1 cms015 cms      105 Jun 16 20:43 CMSSW.py
-rw-------  1 cms015 cms  3740519 Jun 16 20:43 CMSSW.py.pkl
-rwx------  1 cms015 cms    29543 Jun 18 01:49 CMSSW.sh
drwxr-xr-x 15 cms015 cms     4096 Jun 18 01:58 CMSSW_6_2_0_SLHC12
-rw-------  1 cms015 cms      220 Jun 18 01:49 CacheEnv.sh
-rw-------  1 cms015 cms     7291 Apr  4 11:04 DashboardAPI.py
-rw-------  1 cms015 cms     6815 Jun 18 01:49 DashboardAPI.pyc
drwx------  2 cms015 cms     4096 Jun 18 01:58 IMProv
-rw-------  1 cms015 cms     2748 Apr  4 11:04 Logger.py
-rw-------  1 cms015 cms     3347 Jun 18 01:49 Logger.pyc
-rw-------  1 cms015 cms    24524 Apr  4 11:04 ProcInfo.py
-rw-------  1 cms015 cms    23197 Jun 18 01:49 ProcInfo.pyc
drwx------  7 cms015 cms     4096 Jun 18 01:49 ProdCommon
drwx------  3 cms015 cms     4096 Jun 18 01:49 WMCore
-rw-------  1 cms015 cms     2676 Jun 18 01:59 Watchdog_14.log
-rwx------  1 cms015 cms        0 Jun 18 01:49 _condor_stderr
-rwx---r--  1 cms015 cms    29275 Jun 18 01:59 _condor_stdout
-rw-------  1 cms015 cms    32895 Apr  4 11:04 apmon.py
-rw-------  1 cms015 cms    28625 Jun 18 01:49 apmon.pyc
-rwx------  1 cms015 cms    53372 Jun 18 01:49 arguments.xml
-rwx------  1 cms015 cms    38515 Apr  4 11:04 cmscp.py
-rw-------  1 cms015 cms      716 Jun 18 01:59 cmscpReport.sh
-rwx------  1 cms015 cms    29543 Jun 18 01:49 condor_exec.exe
-rw-------  1 cms015 cms      953 Jun 16 20:43 crab.cfg
-rwx------  1 cms015 cms     8610 Apr  4 11:04 crabWatchdog.sh
-rwx---r--  1 cms015 cms   523186 Jun 18 01:58 crab_fjr_14.xml
-rwx------  1 cms015 cms 23956644 Jun 18 01:49 default.tgz
-rwx------  1 cms015 cms     4488 Apr  4 11:04 fillCrabFjr.py
-rw-------  1 cms015 cms     2607 Jun 18 01:49 inputsReport.txt
-rw-------  1 cms015 cms      254 Jun 18 01:59 jobreport.txt
-rw-------  1 cms015 cms    17352 Apr  4 11:04 parseCrabFjr.py
-rw-------  1 cms015 cms      316 Jun 18 01:49 report.log
-rwx--x--x  1 cms015 cms     1497 Apr  4 11:04 report.py
-rw-------  1 cms015 cms      768 Jun 18 01:59 resultCopyFile
lrwxrwxrwx  1 cms015 cms      126 Jun 18 01:58 validationEDM.root -> /home/cms015/home_cream_555205907/CREAM555205907/glide_IoxR1V/execute/dir_18254/CMSSW_6_2_0_SLHC12/validationEDM_14_1_Cqg.root
-rwx------  1 cms015 cms     8387 Apr  4 11:04 writeCfg.py
-rw-------  1 cms015 cms     8014 Jun 18 01:49 x509up_u50707
>>> Modify Job Report:
CMSSW_VERSION = CMSSW_6_2_0_SLHC12
ProcessedDataset = calabria_MuMinus5_GEN-SIM-DIGI-RECO_CMSSW_6_2_0_SLHC12_2023Scenario_VALNOPU2_Case3
/home/cms015/home_cream_555205907/CREAM555205907/glide_IoxR1V/execute/dir_18254/ProdCommon/FwkJobRep/ModifyJobReport.py fjr /home/cms015/home_cream_555205907/CREAM555205907/glide_IoxR1V/execute/dir_18254/crab_fjr_14.xml json /home/cms015/home_cream_555205907/CREAM555205907/glide_IoxR1V/execute/dir_18254/resultCopyFile n_job 14_1_Cqg PrimaryDataset calabria_SingleMuPt5_GEN-SIM-DIGI-RECO_CMSSW_6_2_0_SLHC12_2023Scenario_Case3  ApplicationFamily cmsRun ApplicationName cmsRun cmssw_version CMSSW_6_2_0_SLHC12 psethash 5854dd31cbd3cdec44c48628cc181cf0 UserProcessedDataset calabria-calabria_MuMinus5_GEN-SIM-DIGI-RECO_CMSSW_6_2_0_SLHC12_2023Scenario_VALNOPU2_Case3-5854dd31cbd3cdec44c48628cc181cf0
inputDict =  {u'/home/cms015/home_cream_555205907/CREAM555205907/glide_IoxR1V/execute/dir_18254/CMSSW_6_2_0_SLHC12/validationEDM_14_1_Cqg.root': {u'endpoint': u'srm://storm-se-01.ba.infn.it:8444/srm/managerv2?SFN=//cms/store/user/calabria/calabria_SingleMuPt5_GEN-SIM-DIGI-RECO_CMSSW_6_2_0_SLHC12_2023Scenario_Case3/calabria_MuMinus5_GEN-SIM-DIGI-RECO_CMSSW_6_2_0_SLHC12_2023Scenario_VALNOPU2_Case3/5854dd31cbd3cdec44c48628cc181cf0/', u'surl_for_grid': u'', u'reason': u'Copy succedeed with srm-lcg utils', u'erCode': u'0', u'se_name': u'storm-se-01.ba.infn.it', u'for_lfn': u'/store/user/calabria/calabria_SingleMuPt5_GEN-SIM-DIGI-RECO_CMSSW_6_2_0_SLHC12_2023Scenario_Case3/calabria_MuMinus5_GEN-SIM-DIGI-RECO_CMSSW_6_2_0_SLHC12_2023Scenario_VALNOPU2_Case3/5854dd31cbd3cdec44c48628cc181cf0/'}}
UserProcessedDataset =  calabria-calabria_MuMinus5_GEN-SIM-DIGI-RECO_CMSSW_6_2_0_SLHC12_2023Scenario_VALNOPU2_Case3-5854dd31cbd3cdec44c48628cc181cf0
file_name in inputDict =  /home/cms015/home_cream_555205907/CREAM555205907/glide_IoxR1V/execute/dir_18254/CMSSW_6_2_0_SLHC12/validationEDM_14_1_Cqg.root
(size) os.stat(filename)[6] =  3146300
checksum =  3994218219
    file =  validationEDM_14_1_Cqg.root
    newPfn =  srm://storm-se-01.ba.infn.it:8444/srm/managerv2?SFN=//cms/store/user/calabria/calabria_SingleMuPt5_GEN-SIM-DIGI-RECO_CMSSW_6_2_0_SLHC12_2023Scenario_Case3/calabria_MuMinus5_GEN-SIM-DIGI-RECO_CMSSW_6_2_0_SLHC12_2023Scenario_VALNOPU2_Case3/5854dd31cbd3cdec44c48628cc181cf0/validationEDM_14_1_Cqg.root
    newLfn =  /store/user/calabria/calabria_SingleMuPt5_GEN-SIM-DIGI-RECO_CMSSW_6_2_0_SLHC12_2023Scenario_Case3/calabria_MuMinus5_GEN-SIM-DIGI-RECO_CMSSW_6_2_0_SLHC12_2023Scenario_VALNOPU2_Case3/5854dd31cbd3cdec44c48628cc181cf0/validationEDM_14_1_Cqg.root
>>> crab_fjr_*.xml  permission set to 0704
CrabWrapper EXIT_FUNC entered at Wed Jun 18 01:59:45 CEST 2014   -  Tue Jun 17 23:59:45 UTC 2014
Checking output files:  
will tar file crab_fjr_14.xml in  out_files_14
WARNING: output file CMSSW_14.stdout not found!
WARNING: output file CMSSW_14.stderr not found!
WARNING: output file Watchdog_14.log.gz not found!
>>> padding time: Sleeping the wrapper for 1 seconds
STOPPING WATCHDOG. CrabWatchdog PID is 18649
********** LAST 50 LINES OF WATCHDOG LOG
# RESOURCE USAGE SUMMARY FOR PROCESS ID 18320
USER       PID %CPU %MEM    VSZ   RSS TTY      STAT START   TIME COMMAND
cms015   18320  0.3  0.0   9500  1596 ?        S    01:49   0:00 /bin/sh /home/cms015/home_cream_555205907/CREAM555205907/glide_IoxR1V/execute/dir_18254/condor_exec.exe 14 1
 
# LIMITS USED BY CRAB WATCHDOG:
# RSS  (KBytes)   : 2300000
# VSZ  (KBytes)   : 100000000
# DISK (MBytes)   : 19000
# CPU TIME        : 720h:0m:0s
# WALL CLOCK TIME : 21h:50m:0s
 
# FOLLOWING PRINTOUT TRACKS MAXIMUM VALUES OF RESOURCES USE
# ONE LINE IS PRINTED EACH TIME A MAXIMUM CHANGES
# IF CHANGE WAS IN RSS OR VSZ ALSO PROCID AND COMMAND ARE PRINTED
# THERE IS NO PRINTOUT FOR CPU/WALL TIME INCREASE
 
# TIME			PID	RSS(KB)	VSZ(KB)	Dsk(MB)	tCPU(s)	tWALL(s)	COMMAND
 Jun 18 01:49:52 CEST	7630	1392	9368	0	0	0	/bin/bash /home/cms015/home_cream_555205907/CREAM555205907/glide_IoxR1V/main/condor_startup.sh glidein_config        
 Jun 18 01:49:52 CEST	8601	8064	93396	0	0	0	/home/cms015/home_cream_555205907/CREAM555205907/glide_IoxR1V/main/condor/sbin/condor_master -f -pidfile /home/cms015/home_cream_555205907/CREAM555205907/glide_IoxR1V/condor_master2.pid       
 Jun 18 01:49:52 CEST	10808	8744	93920	0	21	0	condor_startd -f         
 Jun 18 01:49:52 CEST	18656	8744	106100	0	0	1	sh -c "./glidein_startup.sh" -v std -name v3_0 -entry CMS_T2_IT_Bari_ce4 -clientname UCSD-v1_0.main
 Jun 18 01:49:52 CEST	18662	8744	106500	0	0	1	/bin/bash ./glidein_startup.sh -v std -name v3_0 -entry CMS_T2_IT_Bari_ce4 -clientname UCSD-v1_0.main -schedd
 Jun 18 01:49:52 CEST	18664	41320	110392	0	0	1	edmConfigHash pset.py         
 Jun 18 01:49:52 CEST	---	41320	110392	171	----	----	----
 Jun 18 01:50:53 CEST	19592	758820	975500	171	22	62	cmsRun -j /home/cms015/home_cream_555205907/CREAM555205907/glide_IoxR1V/execute/dir_18254/crab_fjr_14.xml -p pset.py      
 Jun 18 01:50:53 CEST	---	758820	975500	175	----	----	----
 Jun 18 01:51:54 CEST	19592	759336	975500	175	55	122	cmsRun -j /home/cms015/home_cream_555205907/CREAM555205907/glide_IoxR1V/execute/dir_18254/crab_fjr_14.xml -p pset.py      
 Jun 18 01:52:54 CEST	19592	801156	1017260	175	88	183	cmsRun -j /home/cms015/home_cream_555205907/CREAM555205907/glide_IoxR1V/execute/dir_18254/crab_fjr_14.xml -p pset.py      
 Jun 18 01:54:56 CEST	19592	801156	1024428	175	126	305	cmsRun -j /home/cms015/home_cream_555205907/CREAM555205907/glide_IoxR1V/execute/dir_18254/crab_fjr_14.xml -p pset.py      
 Jun 18 01:57:58 CEST	19592	801156	1027440	175	199	487	cmsRun -j /home/cms015/home_cream_555205907/CREAM555205907/glide_IoxR1V/execute/dir_18254/crab_fjr_14.xml -p pset.py      
 Jun 18 01:58:59 CEST	---	801156	1027440	178	----	----	----
********** WATCHDOG LOG ENDED
ZIPPING WATCHDOG LOG
Disk space used:
du -sh /home/cms015/home_cream_555205907/CREAM555205907/glide_IoxR1V/execute/dir_18254
179M	/home/cms015/home_cream_555205907/CREAM555205907/glide_IoxR1V/execute/dir_18254
Found unusual stdout, rename for OSB
`/home/cms015/home_cream_555205907/CREAM555205907/glide_IoxR1V/execute/dir_18254/_condor_stdout' -> `CMSSW_14.stdout'
Found unusual stderr, rename for OSB
`/home/cms015/home_cream_555205907/CREAM555205907/glide_IoxR1V/execute/dir_18254/_condor_stdout' -> `CMSSW_14.stderr'
crab_fjr_14.xml
CMSSW_14.stdout
CMSSW_14.stderr
Watchdog_14.log.gz
Total Output dimension: 69803
WARNING: output files size limit is set to: 50000000
Total Output dimension 69803 is fine.
JOB_EXIT_STATUS = 0
>>> info for dashboard:
***** Cat /home/cms015/home_cream_555205907/CREAM555205907/glide_IoxR1V/execute/dir_18254/jobreport.txt *****
MonitorJobID=14_https://vocms83.cern.ch//140616//86812.13
MonitorID=calabria_MuMinus5_Case3_ReReco_06ez4u
ExeTime=519
ExeExitCode=0
StageOutExitStatusReason = 'Copy succedeed with srm-lcg utils'
StageOutSE = storm-se-01.ba.infn.it
StageOutExitStatus = 0
CrabUserCpuTime=205.10
CrabSysCpuTime=38.83
CrabCpuPercentage=46%
CrabWrapperTime=600
CrabStageoutTime=49
JobExitCode=0
***** End Cat jobreport *****
Parameters sent to Dashboard.
EXITING at Wed Jun 18 01:59:50 CEST 2014  -  Tue Jun 17 23:59:50 UTC 2014
