This script was generated by crab (version 2.10.5_patch1).
Running /home/cms011/home_cream_814646542/CREAM814646542/glide_NpPU6X/execute/dir_9797/condor_exec.exe with 2 positional parameters: 11 1
Today is Wed Jun 18 00:47:42 CEST 2014 - Tue Jun 17 22:47:42 UTC 2014
Job submitted on host pccms105.ba.infn.it
Linux pccms105.ba.infn.it 2.6.32-358.23.2.el6.x86_64 #1 SMP Thu Oct 17 10:27:22 CEST 2013 x86_64 x86_64 x86_64 GNU/Linux
>>> current directory (RUNTIME_AREA): /home/cms011/home_cream_814646542/CREAM814646542/glide_NpPU6X/execute/dir_9797
>>> current user: uid=11720(cms011) gid=1399(cms) groups=1399(cms)
>>> directory permission set to 0700
>>> umask set to:  u=rwx,g=,o=
>>> stdout stderr permission set to 0704
>>> voms proxy information:
subject   : /C=IT/O=INFN/OU=Personal Certificate/L=Bari/CN=Cesare Calabria/CN=477126703/CN=1149324551
issuer    : /C=IT/O=INFN/OU=Personal Certificate/L=Bari/CN=Cesare Calabria/CN=477126703
identity  : /C=IT/O=INFN/OU=Personal Certificate/L=Bari/CN=Cesare Calabria
type      : RFC3820 compliant limited proxy
strength  : 1024
path      : /home/cms011/home_cream_814646542/CREAM814646542/glide_NpPU6X/execute/dir_9797/x509up_u50707
timeleft  : 23:58:48
key usage : Digital Signature, Key Encipherment, Data Encipherment
=== VO cms extension information ===
VO        : cms
subject   : /C=IT/O=INFN/OU=Personal Certificate/L=Bari/CN=Cesare Calabria
issuer    : /DC=ch/DC=cern/OU=computers/CN=voms.cern.ch
attribute : /cms/Role=NULL/Capability=NULL
attribute : /cms/itcms/Role=NULL/Capability=NULL
timeleft  : 154:36:37
uri       : voms.cern.ch:15002

WNHostName=pccms105.ba.infn.it
>>> tar --no-same-permissions -xf /home/cms011/home_cream_814646542/CREAM814646542/glide_NpPU6X/execute/dir_9797/default.tgz :
Successful untar
>>> Include /home/cms011/home_cream_814646542/CREAM814646542/glide_NpPU6X/execute/dir_9797 in PYTHONPATH:
strip arguments
env var CRAB_UNIQUE_JOB_ID set to: calabria_MuMinus500_Case3_ReReco_o7d5t0_11_1_xMY
out_files_11
>>> list of expected files on output sandbox
output files: crab_fjr_11.xml CMSSW_11.stdout CMSSW_11.stderr Watchdog_11.log.gz
>>> GridFlavour discovery: 
GridFlavour=LCG
>>> SyncSite discovery: 
SyncSite=T2_IT_Bari
>>> SyncCE discovery: 
getting SyncCE from CE_ID
SyncCE=cream-ce-4.ba.infn.it:8443/cream-pbs-cms
>>> info for dashboard:
***** Cat /home/cms011/home_cream_814646542/CREAM814646542/glide_NpPU6X/execute/dir_9797/jobreport.txt *****
WNHostName=pccms105.ba.infn.it
MonitorJobID=11_https://submit-4.t2.ucsd.edu//140616//222483.10
SyncGridJobId=https://submit-4.t2.ucsd.edu//140616//222483.10
MonitorID=calabria_MuMinus500_Case3_ReReco_o7d5t0
GridFlavour=LCG
SyncSite=T2_IT_Bari
SyncCE=cream-ce-4.ba.infn.it:8443/cream-pbs-cms
***** End Cat jobreport *****
Parameters sent to Dashboard.
>>> setup environment
set SCRAM ARCH to slc5_amd64_gcc472
SCRAM_ARCH = slc5_amd64_gcc472
>>> setup CMS LCG environment:
set SCRAM ARCH and BUILD_ARCH to slc5_amd64_gcc472 ###
Sourcing environment... 
sourcing /cvmfs/cms.cern.ch/cmsset_default.sh
==> setup cms environment ok
>>> specific cmssw setup environment:
CMSSW_VERSION =  CMSSW_6_2_0_SLHC12
>>> current directory (SOFTWARE_DIR): /home/cms011/home_cream_814646542/CREAM814646542/glide_NpPU6X/execute/dir_9797/CMSSW_6_2_0_SLHC12
PreserveSeeds: <>
IncrementSeeds:<>
>>> info for dashboard:
***** Cat /home/cms011/home_cream_814646542/CREAM814646542/glide_NpPU6X/execute/dir_9797/jobreport.txt *****
MonitorJobID=11_https://submit-4.t2.ucsd.edu//140616//222483.10
MonitorID=calabria_MuMinus500_Case3_ReReco_o7d5t0
***** End Cat jobreport *****
Parameters sent to Dashboard.
crabWatchdog started as process 11064
>>> moving CMSSW software directories in /home/cms011/home_cream_814646542/CREAM814646542/glide_NpPU6X/execute/dir_9797/CMSSW_6_2_0_SLHC12
mv: cannot stat `/home/cms011/home_cream_814646542/CREAM814646542/glide_NpPU6X/execute/dir_9797/module/': No such file or directory
>>> Include /home/cms011/home_cream_814646542/CREAM814646542/glide_NpPU6X/execute/dir_9797 in PYTHONPATH:
PYTHONPATH=/home/cms011/home_cream_814646542/CREAM814646542/glide_NpPU6X/execute/dir_9797/:/home/cms011/home_cream_814646542/CREAM814646542/glide_NpPU6X/execute/dir_9797/CMSSW_6_2_0_SLHC12/python:/home/cms011/home_cream_814646542/CREAM814646542/glide_NpPU6X/execute/dir_9797/CMSSW_6_2_0_SLHC12/lib/slc5_amd64_gcc472:/cvmfs/cms.cern.ch/slc5_amd64_gcc472/cms/cmssw/CMSSW_6_2_0_SLHC12/python:/cvmfs/cms.cern.ch/slc5_amd64_gcc472/cms/cmssw/CMSSW_6_2_0_SLHC12/lib/slc5_amd64_gcc472:/cvmfs/cms.cern.ch/slc5_amd64_gcc472/cms/coral/CORAL_2_3_21-cms36/slc5_amd64_gcc472/python:/cvmfs/cms.cern.ch/slc5_amd64_gcc472/cms/coral/CORAL_2_3_21-cms36/slc5_amd64_gcc472/lib:/cvmfs/cms.cern.ch/slc5_amd64_gcc472/external/pyqt/4.8.1-cms6/lib/python2.7/site-packages:/cvmfs/cms.cern.ch/slc5_amd64_gcc472/external/py2-scipy/0.8.0-cms8/lib/python2.7/site-packages:/cvmfs/cms.cern.ch/slc5_amd64_gcc472/external/py2-matplotlib/1.0.1-cms8/lib/python2.7/site-packages:/cvmfs/cms.cern.ch/slc5_amd64_gcc472/external/python-ldap/2.3.5-cms6/lib/python2.7/site-packages:/cvmfs/cms.cern.ch/slc5_amd64_gcc472/external/sip/4.11.2-cms6/lib/python2.7/site-packages:/cvmfs/cms.cern.ch/slc5_amd64_gcc472/external/py2-pycurl/7.19.0-cms8/lib/python2.7/site-packages:/cvmfs/cms.cern.ch/slc5_amd64_gcc472/external/py2-numpy/1.6.1-cms8/lib/python2.7/site-packages:/cvmfs/cms.cern.ch/slc5_amd64_gcc472/external/py2-lint/0.25.1-cms6/lib/python2.7/site-packages:/cvmfs/cms.cern.ch/slc5_amd64_gcc472/external/py2-ipython/0.10-cms6/lib/python2.7/site-packages:/cvmfs/cms.cern.ch/slc5_amd64_gcc472/external/py2-cx-oracle/5.1-cms7/lib/python2.7/site-packages:/cvmfs/cms.cern.ch/slc5_amd64_gcc472/external/py2-cjson/1.0.5-cms6/lib/python2.7/site-packages:/cvmfs/cms.cern.ch/slc5_amd64_gcc472/cms/das-client/1.11.7/bin:/cvmfs/cms.cern.ch/slc5_amd64_gcc472/external/elementtree/1.2.6-cms6/share/lib/python2.7/site-packages:/cvmfs/cms.cern.ch/slc5_amd64_gcc472/external/rivet/1.8.2-cms8/lib/python2.7/site-packages:/cvmfs/cms.cern.ch/slc5_amd64_gcc472/external/pyminuit2/0.0.1-cms19/lib/python2.7/site-packages:/cvmfs/cms.cern.ch/slc5_amd64_gcc472/external/py2-pygithub/1.23.0/lib/python2.7/site-packages:/cvmfs/cms.cern.ch/slc5_amd64_gcc472/external/professor/1.0.0-cms19/lib/python2.7/site-packages:/cvmfs/cms.cern.ch/slc5_amd64_gcc472/lcg/root/5.34.07-cms/lib:/cvmfs/cms.cern.ch/slc5_amd64_gcc472/cms/dbs-client/DBS_2_1_9-cms5/lib:/cvmfs/cms.cern.ch/slc5_amd64_gcc472/cms/dbs-client/DBS_2_1_9-cms5/lib/DBSAPI:/cvmfs/cms.cern.ch/slc5_amd64_gcc472/external/cvs2git/5419-cms/lib:/home/cms011/home_cream_814646542/CREAM814646542/glide_NpPU6X/execute/dir_9797/
 
# LIMITS USED BY CRAB WATCHDOG:
# RSS  (KBytes)   : 2300000
# VSZ  (KBytes)   : 100000000
# DISK (MBytes)   : 19000
# CPU TIME        : 720h:0m:0s
# WALL CLOCK TIME : 21h:50m:0s
 
5854dd31cbd3cdec44c48628cc181cf0
PSETHASH = 5854dd31cbd3cdec44c48628cc181cf0
/home/cms011/home_cream_814646542/CREAM814646542/glide_NpPU6X/execute/dir_9797/writeCfg.py pset.py pset.py
Importing .py file
Setting parameters
RandomNumberGeneratorService found, will attempt to change seeds
inputBlocks=/calabria_SingleMuPt500_GEN-SIM-DIGI-RECO_CMSSW_6_2_0_SLHC12_2023Scenario_Case3/calabria-calabria_SingleMuPt500_GEN-SIM-DIGI-RECO_CMSSW_6_2_0_SLHC12_2023Scenario_Case3-41247ff61fcce1e4991e517dad8c5752/USER#24bb5da0-4f25-4f36-bf2e-f20179b22dbd
inputFiles=/store/user/calabria/calabria_SingleMuPt500_GEN-SIM-DIGI-RECO_CMSSW_6_2_0_SLHC12_2023Scenario_Case3/calabria_SingleMuPt500_GEN-SIM-DIGI-RECO_CMSSW_6_2_0_SLHC12_2023Scenario_Case3/41247ff61fcce1e4991e517dad8c5752/out_reco_424_1_KsJ.root;/store/user/calabria/calabria_SingleMuPt500_GEN-SIM-DIGI-RECO_CMSSW_6_2_0_SLHC12_2023Scenario_Case3/calabria_SingleMuPt500_GEN-SIM-DIGI-RECO_CMSSW_6_2_0_SLHC12_2023Scenario_Case3/41247ff61fcce1e4991e517dad8c5752/out_reco_426_1_beL.root;/store/user/calabria/calabria_SingleMuPt500_GEN-SIM-DIGI-RECO_CMSSW_6_2_0_SLHC12_2023Scenario_Case3/calabria_SingleMuPt500_GEN-SIM-DIGI-RECO_CMSSW_6_2_0_SLHC12_2023Scenario_Case3/41247ff61fcce1e4991e517dad8c5752/out_reco_427_1_B5I.root;/store/user/calabria/calabria_SingleMuPt500_GEN-SIM-DIGI-RECO_CMSSW_6_2_0_SLHC12_2023Scenario_Case3/calabria_SingleMuPt500_GEN-SIM-DIGI-RECO_CMSSW_6_2_0_SLHC12_2023Scenario_Case3/41247ff61fcce1e4991e517dad8c5752/out_reco_428_1_grY.root;/store/user/calabria/calabria_SingleMuPt500_GEN-SIM-DIGI-RECO_CMSSW_6_2_0_SLHC12_2023Scenario_Case3/calabria_SingleMuPt500_GEN-SIM-DIGI-RECO_CMSSW_6_2_0_SLHC12_2023Scenario_Case3/41247ff61fcce1e4991e517dad8c5752/out_reco_433_1_5nT.root;/store/user/calabria/calabria_SingleMuPt500_GEN-SIM-DIGI-RECO_CMSSW_6_2_0_SLHC12_2023Scenario_Case3/calabria_SingleMuPt500_GEN-SIM-DIGI-RECO_CMSSW_6_2_0_SLHC12_2023Scenario_Case3/41247ff61fcce1e4991e517dad8c5752/out_reco_440_1_9Aw.root;/store/user/calabria/calabria_SingleMuPt500_GEN-SIM-DIGI-RECO_CMSSW_6_2_0_SLHC12_2023Scenario_Case3/calabria_SingleMuPt500_GEN-SIM-DIGI-RECO_CMSSW_6_2_0_SLHC12_2023Scenario_Case3/41247ff61fcce1e4991e517dad8c5752/out_reco_442_1_1Wi.root;/store/user/calabria/calabria_SingleMuPt500_GEN-SIM-DIGI-RECO_CMSSW_6_2_0_SLHC12_2023Scenario_Case3/calabria_SingleMuPt500_GEN-SIM-DIGI-RECO_CMSSW_6_2_0_SLHC12_2023Scenario_Case3/41247ff61fcce1e4991e517dad8c5752/out_reco_443_1_7MI.root;/store/user/calabria/calabria_SingleMuPt500_GEN-SIM-DIGI-RECO_CMSSW_6_2_0_SLHC12_2023Scenario_Case3/calabria_SingleMuPt500_GEN-SIM-DIGI-RECO_CMSSW_6_2_0_SLHC12_2023Scenario_Case3/41247ff61fcce1e4991e517dad8c5752/out_reco_444_1_fOr.root;/store/user/calabria/calabria_SingleMuPt500_GEN-SIM-DIGI-RECO_CMSSW_6_2_0_SLHC12_2023Scenario_Case3/calabria_SingleMuPt500_GEN-SIM-DIGI-RECO_CMSSW_6_2_0_SLHC12_2023Scenario_Case3/41247ff61fcce1e4991e517dad8c5752/out_reco_445_1_VK8.root
parentFiles=
lumisRange=
>>> Executable cmsRun
/cvmfs/cms.cern.ch/slc5_amd64_gcc472/cms/cmssw/CMSSW_6_2_0_SLHC12/bin/slc5_amd64_gcc472/cmsRun
ok executable found
>>> info for dashboard:
***** Cat /home/cms011/home_cream_814646542/CREAM814646542/glide_NpPU6X/execute/dir_9797/jobreport.txt *****
MonitorJobID=11_https://submit-4.t2.ucsd.edu//140616//222483.10
MonitorID=calabria_MuMinus500_Case3_ReReco_o7d5t0
ExeStart=cmsRun
***** End Cat jobreport *****
Parameters sent to Dashboard.
>>> cmsRun started at Tue Jun 17 22:48:11 UTC 2014
>>> cmsRun ended at Tue Jun 17 22:54:31 UTC 2014
>>> crab_fjr_*.xml  permission set to 0704
>>> info for dashboard:
***** Cat /home/cms011/home_cream_814646542/CREAM814646542/glide_NpPU6X/execute/dir_9797/jobreport.txt *****
MonitorJobID=11_https://submit-4.t2.ucsd.edu//140616//222483.10
MonitorID=calabria_MuMinus500_Case3_ReReco_o7d5t0
ExeEnd=cmsRun
***** End Cat jobreport *****
Parameters sent to Dashboard.
TIME_EXE = 380 sec
>>> cmsRun wrote 50 lines of stdout+stderr
>>> START OF printout of 50 lines from stdout+stderr
271 DQMStore::DQMStore 
HcalTopologyIdealEP::HcalTopologyIdealEP
18-Jun-2014 00:48:28 CEST  Initiating request to open file file:/lustre/cms//store/user/calabria/calabria_SingleMuPt500_GEN-SIM-DIGI-RECO_CMSSW_6_2_0_SLHC12_2023Scenario_Case3/calabria_SingleMuPt500_GEN-SIM-DIGI-RECO_CMSSW_6_2_0_SLHC12_2023Scenario_Case3/41247ff61fcce1e4991e517dad8c5752/out_reco_424_1_KsJ.root
18-Jun-2014 00:48:31 CEST  Successfully opened file file:/lustre/cms//store/user/calabria/calabria_SingleMuPt500_GEN-SIM-DIGI-RECO_CMSSW_6_2_0_SLHC12_2023Scenario_Case3/calabria_SingleMuPt500_GEN-SIM-DIGI-RECO_CMSSW_6_2_0_SLHC12_2023Scenario_Case3/41247ff61fcce1e4991e517dad8c5752/out_reco_424_1_KsJ.root
18-Jun-2014 00:49:09 CEST  Closed file file:/lustre/cms//store/user/calabria/calabria_SingleMuPt500_GEN-SIM-DIGI-RECO_CMSSW_6_2_0_SLHC12_2023Scenario_Case3/calabria_SingleMuPt500_GEN-SIM-DIGI-RECO_CMSSW_6_2_0_SLHC12_2023Scenario_Case3/41247ff61fcce1e4991e517dad8c5752/out_reco_424_1_KsJ.root
18-Jun-2014 00:49:09 CEST  Initiating request to open file file:/lustre/cms//store/user/calabria/calabria_SingleMuPt500_GEN-SIM-DIGI-RECO_CMSSW_6_2_0_SLHC12_2023Scenario_Case3/calabria_SingleMuPt500_GEN-SIM-DIGI-RECO_CMSSW_6_2_0_SLHC12_2023Scenario_Case3/41247ff61fcce1e4991e517dad8c5752/out_reco_426_1_beL.root
18-Jun-2014 00:49:09 CEST  Successfully opened file file:/lustre/cms//store/user/calabria/calabria_SingleMuPt500_GEN-SIM-DIGI-RECO_CMSSW_6_2_0_SLHC12_2023Scenario_Case3/calabria_SingleMuPt500_GEN-SIM-DIGI-RECO_CMSSW_6_2_0_SLHC12_2023Scenario_Case3/41247ff61fcce1e4991e517dad8c5752/out_reco_426_1_beL.root
18-Jun-2014 00:49:42 CEST  Closed file file:/lustre/cms//store/user/calabria/calabria_SingleMuPt500_GEN-SIM-DIGI-RECO_CMSSW_6_2_0_SLHC12_2023Scenario_Case3/calabria_SingleMuPt500_GEN-SIM-DIGI-RECO_CMSSW_6_2_0_SLHC12_2023Scenario_Case3/41247ff61fcce1e4991e517dad8c5752/out_reco_426_1_beL.root
18-Jun-2014 00:49:42 CEST  Initiating request to open file file:/lustre/cms//store/user/calabria/calabria_SingleMuPt500_GEN-SIM-DIGI-RECO_CMSSW_6_2_0_SLHC12_2023Scenario_Case3/calabria_SingleMuPt500_GEN-SIM-DIGI-RECO_CMSSW_6_2_0_SLHC12_2023Scenario_Case3/41247ff61fcce1e4991e517dad8c5752/out_reco_427_1_B5I.root
18-Jun-2014 00:49:42 CEST  Successfully opened file file:/lustre/cms//store/user/calabria/calabria_SingleMuPt500_GEN-SIM-DIGI-RECO_CMSSW_6_2_0_SLHC12_2023Scenario_Case3/calabria_SingleMuPt500_GEN-SIM-DIGI-RECO_CMSSW_6_2_0_SLHC12_2023Scenario_Case3/41247ff61fcce1e4991e517dad8c5752/out_reco_427_1_B5I.root
18-Jun-2014 00:50:16 CEST  Closed file file:/lustre/cms//store/user/calabria/calabria_SingleMuPt500_GEN-SIM-DIGI-RECO_CMSSW_6_2_0_SLHC12_2023Scenario_Case3/calabria_SingleMuPt500_GEN-SIM-DIGI-RECO_CMSSW_6_2_0_SLHC12_2023Scenario_Case3/41247ff61fcce1e4991e517dad8c5752/out_reco_427_1_B5I.root
18-Jun-2014 00:50:16 CEST  Initiating request to open file file:/lustre/cms//store/user/calabria/calabria_SingleMuPt500_GEN-SIM-DIGI-RECO_CMSSW_6_2_0_SLHC12_2023Scenario_Case3/calabria_SingleMuPt500_GEN-SIM-DIGI-RECO_CMSSW_6_2_0_SLHC12_2023Scenario_Case3/41247ff61fcce1e4991e517dad8c5752/out_reco_428_1_grY.root
18-Jun-2014 00:50:16 CEST  Successfully opened file file:/lustre/cms//store/user/calabria/calabria_SingleMuPt500_GEN-SIM-DIGI-RECO_CMSSW_6_2_0_SLHC12_2023Scenario_Case3/calabria_SingleMuPt500_GEN-SIM-DIGI-RECO_CMSSW_6_2_0_SLHC12_2023Scenario_Case3/41247ff61fcce1e4991e517dad8c5752/out_reco_428_1_grY.root
18-Jun-2014 00:50:50 CEST  Closed file file:/lustre/cms//store/user/calabria/calabria_SingleMuPt500_GEN-SIM-DIGI-RECO_CMSSW_6_2_0_SLHC12_2023Scenario_Case3/calabria_SingleMuPt500_GEN-SIM-DIGI-RECO_CMSSW_6_2_0_SLHC12_2023Scenario_Case3/41247ff61fcce1e4991e517dad8c5752/out_reco_428_1_grY.root
18-Jun-2014 00:50:50 CEST  Initiating request to open file file:/lustre/cms//store/user/calabria/calabria_SingleMuPt500_GEN-SIM-DIGI-RECO_CMSSW_6_2_0_SLHC12_2023Scenario_Case3/calabria_SingleMuPt500_GEN-SIM-DIGI-RECO_CMSSW_6_2_0_SLHC12_2023Scenario_Case3/41247ff61fcce1e4991e517dad8c5752/out_reco_433_1_5nT.root
18-Jun-2014 00:50:50 CEST  Successfully opened file file:/lustre/cms//store/user/calabria/calabria_SingleMuPt500_GEN-SIM-DIGI-RECO_CMSSW_6_2_0_SLHC12_2023Scenario_Case3/calabria_SingleMuPt500_GEN-SIM-DIGI-RECO_CMSSW_6_2_0_SLHC12_2023Scenario_Case3/41247ff61fcce1e4991e517dad8c5752/out_reco_433_1_5nT.root
18-Jun-2014 00:51:26 CEST  Closed file file:/lustre/cms//store/user/calabria/calabria_SingleMuPt500_GEN-SIM-DIGI-RECO_CMSSW_6_2_0_SLHC12_2023Scenario_Case3/calabria_SingleMuPt500_GEN-SIM-DIGI-RECO_CMSSW_6_2_0_SLHC12_2023Scenario_Case3/41247ff61fcce1e4991e517dad8c5752/out_reco_433_1_5nT.root
18-Jun-2014 00:51:26 CEST  Initiating request to open file file:/lustre/cms//store/user/calabria/calabria_SingleMuPt500_GEN-SIM-DIGI-RECO_CMSSW_6_2_0_SLHC12_2023Scenario_Case3/calabria_SingleMuPt500_GEN-SIM-DIGI-RECO_CMSSW_6_2_0_SLHC12_2023Scenario_Case3/41247ff61fcce1e4991e517dad8c5752/out_reco_440_1_9Aw.root
18-Jun-2014 00:51:26 CEST  Successfully opened file file:/lustre/cms//store/user/calabria/calabria_SingleMuPt500_GEN-SIM-DIGI-RECO_CMSSW_6_2_0_SLHC12_2023Scenario_Case3/calabria_SingleMuPt500_GEN-SIM-DIGI-RECO_CMSSW_6_2_0_SLHC12_2023Scenario_Case3/41247ff61fcce1e4991e517dad8c5752/out_reco_440_1_9Aw.root
18-Jun-2014 00:52:02 CEST  Closed file file:/lustre/cms//store/user/calabria/calabria_SingleMuPt500_GEN-SIM-DIGI-RECO_CMSSW_6_2_0_SLHC12_2023Scenario_Case3/calabria_SingleMuPt500_GEN-SIM-DIGI-RECO_CMSSW_6_2_0_SLHC12_2023Scenario_Case3/41247ff61fcce1e4991e517dad8c5752/out_reco_440_1_9Aw.root
18-Jun-2014 00:52:02 CEST  Initiating request to open file file:/lustre/cms//store/user/calabria/calabria_SingleMuPt500_GEN-SIM-DIGI-RECO_CMSSW_6_2_0_SLHC12_2023Scenario_Case3/calabria_SingleMuPt500_GEN-SIM-DIGI-RECO_CMSSW_6_2_0_SLHC12_2023Scenario_Case3/41247ff61fcce1e4991e517dad8c5752/out_reco_442_1_1Wi.root
18-Jun-2014 00:52:02 CEST  Successfully opened file file:/lustre/cms//store/user/calabria/calabria_SingleMuPt500_GEN-SIM-DIGI-RECO_CMSSW_6_2_0_SLHC12_2023Scenario_Case3/calabria_SingleMuPt500_GEN-SIM-DIGI-RECO_CMSSW_6_2_0_SLHC12_2023Scenario_Case3/41247ff61fcce1e4991e517dad8c5752/out_reco_442_1_1Wi.root
18-Jun-2014 00:52:37 CEST  Closed file file:/lustre/cms//store/user/calabria/calabria_SingleMuPt500_GEN-SIM-DIGI-RECO_CMSSW_6_2_0_SLHC12_2023Scenario_Case3/calabria_SingleMuPt500_GEN-SIM-DIGI-RECO_CMSSW_6_2_0_SLHC12_2023Scenario_Case3/41247ff61fcce1e4991e517dad8c5752/out_reco_442_1_1Wi.root
18-Jun-2014 00:52:37 CEST  Initiating request to open file file:/lustre/cms//store/user/calabria/calabria_SingleMuPt500_GEN-SIM-DIGI-RECO_CMSSW_6_2_0_SLHC12_2023Scenario_Case3/calabria_SingleMuPt500_GEN-SIM-DIGI-RECO_CMSSW_6_2_0_SLHC12_2023Scenario_Case3/41247ff61fcce1e4991e517dad8c5752/out_reco_443_1_7MI.root
18-Jun-2014 00:52:37 CEST  Successfully opened file file:/lustre/cms//store/user/calabria/calabria_SingleMuPt500_GEN-SIM-DIGI-RECO_CMSSW_6_2_0_SLHC12_2023Scenario_Case3/calabria_SingleMuPt500_GEN-SIM-DIGI-RECO_CMSSW_6_2_0_SLHC12_2023Scenario_Case3/41247ff61fcce1e4991e517dad8c5752/out_reco_443_1_7MI.root
18-Jun-2014 00:53:11 CEST  Closed file file:/lustre/cms//store/user/calabria/calabria_SingleMuPt500_GEN-SIM-DIGI-RECO_CMSSW_6_2_0_SLHC12_2023Scenario_Case3/calabria_SingleMuPt500_GEN-SIM-DIGI-RECO_CMSSW_6_2_0_SLHC12_2023Scenario_Case3/41247ff61fcce1e4991e517dad8c5752/out_reco_443_1_7MI.root
18-Jun-2014 00:53:11 CEST  Initiating request to open file file:/lustre/cms//store/user/calabria/calabria_SingleMuPt500_GEN-SIM-DIGI-RECO_CMSSW_6_2_0_SLHC12_2023Scenario_Case3/calabria_SingleMuPt500_GEN-SIM-DIGI-RECO_CMSSW_6_2_0_SLHC12_2023Scenario_Case3/41247ff61fcce1e4991e517dad8c5752/out_reco_444_1_fOr.root
18-Jun-2014 00:53:11 CEST  Successfully opened file file:/lustre/cms//store/user/calabria/calabria_SingleMuPt500_GEN-SIM-DIGI-RECO_CMSSW_6_2_0_SLHC12_2023Scenario_Case3/calabria_SingleMuPt500_GEN-SIM-DIGI-RECO_CMSSW_6_2_0_SLHC12_2023Scenario_Case3/41247ff61fcce1e4991e517dad8c5752/out_reco_444_1_fOr.root
18-Jun-2014 00:53:47 CEST  Closed file file:/lustre/cms//store/user/calabria/calabria_SingleMuPt500_GEN-SIM-DIGI-RECO_CMSSW_6_2_0_SLHC12_2023Scenario_Case3/calabria_SingleMuPt500_GEN-SIM-DIGI-RECO_CMSSW_6_2_0_SLHC12_2023Scenario_Case3/41247ff61fcce1e4991e517dad8c5752/out_reco_444_1_fOr.root
18-Jun-2014 00:53:47 CEST  Initiating request to open file file:/lustre/cms//store/user/calabria/calabria_SingleMuPt500_GEN-SIM-DIGI-RECO_CMSSW_6_2_0_SLHC12_2023Scenario_Case3/calabria_SingleMuPt500_GEN-SIM-DIGI-RECO_CMSSW_6_2_0_SLHC12_2023Scenario_Case3/41247ff61fcce1e4991e517dad8c5752/out_reco_445_1_VK8.root
18-Jun-2014 00:53:47 CEST  Successfully opened file file:/lustre/cms//store/user/calabria/calabria_SingleMuPt500_GEN-SIM-DIGI-RECO_CMSSW_6_2_0_SLHC12_2023Scenario_Case3/calabria_SingleMuPt500_GEN-SIM-DIGI-RECO_CMSSW_6_2_0_SLHC12_2023Scenario_Case3/41247ff61fcce1e4991e517dad8c5752/out_reco_445_1_VK8.root
18-Jun-2014 00:54:30 CEST  Closed file file:/lustre/cms//store/user/calabria/calabria_SingleMuPt500_GEN-SIM-DIGI-RECO_CMSSW_6_2_0_SLHC12_2023Scenario_Case3/calabria_SingleMuPt500_GEN-SIM-DIGI-RECO_CMSSW_6_2_0_SLHC12_2023Scenario_Case3/41247ff61fcce1e4991e517dad8c5752/out_reco_445_1_VK8.root

=============================================

MessageLogger Summary

 type     category        sev    module        subroutine        count    total
 ---- -------------------- -- ---------------- ----------------  -----    -----
    1 fileAction           -s file_close                            10       10
    2 fileAction           -s file_open                             20       20

 type    category    Examples: run/evt        run/evt          run/evt
 ---- -------------------- ---------------- ---------------- ----------------
    1 fileAction           PostProcessEvent PostProcessEvent PostEndRun
    2 fileAction           pre-events       pre-events       PostProcessEvent

Severity    # Occurrences   Total Occurrences
--------    -------------   -----------------
System                 30                  30
>>> END OF printout of 50 lines from stdout+stderr
>>> Parse FrameworkJobReport crab_fjr.xml
Result of parsing the FrameworkJobReport crab_fjr.xml: Popularity start
lumisRange : 1::::1;1::::2;1::::3;1::::4;1::::5;1::::6;1::::7;1::::8;1::::9;1::::10;
lumisParentRange : 
Basename : /store/user/calabria/calabria_SingleMuPt500_GEN-SIM-DIGI-RECO_CMSSW_6_2_0_SLHC12_2023Scenario_Case3/calabria_SingleMuPt500_GEN-SIM-DIGI-RECO_CMSSW_6_2_0_SLHC12_2023Scenario_Case3/41247ff61fcce1e4991e517dad8c5752/out_reco_4
BasenameParent : 
parentFiles : 
inputBlocks : /calabria_SingleMuPt500_GEN-SIM-DIGI-RECO_CMSSW_6_2_0_SLHC12_2023Scenario_Case3/calabria-calabria_SingleMuPt500_GEN-SIM-DIGI-RECO_CMSSW_6_2_0_SLHC12_2023Scenario_Case3-41247ff61fcce1e4991e517dad8c5752/USER#24bb5da0-4f25-4f36-bf2e-f20179b22dbd
inputFiles : 24_1_KsJ.root::1::EDM::Local::1;44_1_fOr.root::1::EDM::Local::2;40_1_9Aw.root::1::EDM::Local::3;45_1_VK8.root::1::EDM::Local::4;43_1_7MI.root::1::EDM::Local::5;27_1_B5I.root::1::EDM::Local::6;42_1_1Wi.root::1::EDM::Local::7;26_1_beL.root::1::EDM::Local::8;28_1_grY.root::1::EDM::Local::9;33_1_5nT.root::1::EDM::Local::10;
Popularity stop
Extracted ExitStatus from FrameworkJobReport parsing output: 0
>>> Executable succeded  0
ExeExitCode=0
EXECUTABLE_EXIT_STATUS = 0
>>> current directory /home/cms011/home_cream_814646542/CREAM814646542/glide_NpPU6X/execute/dir_9797/CMSSW_6_2_0_SLHC12
>>>  (SOFTWARE_DIR): /home/cms011/home_cream_814646542/CREAM814646542/glide_NpPU6X/execute/dir_9797/CMSSW_6_2_0_SLHC12
>>> (WORKING_DIR): 
>>> current directory content:
total 11148
drwxr-xr-x 3 cms011 cms    4096 Jun 18 00:47 .SCRAM
-rw------- 1 cms011 cms 3740371 Jun 18 00:47 CMSSW.py.pkl
drwxr-xr-x 3 cms011 cms    4096 Jun 18 00:47 bin
drwxr-xr-x 3 cms011 cms    4096 Jun 18 00:47 cfipython
drwxr-xr-x 4 cms011 cms    4096 Jun 18 00:47 config
-rw------- 1 cms011 cms      16 Jun 18 00:54 cpu_timing.txt
drwxr-xr-x 2 cms011 cms    4096 Jun 18 00:47 doc
-rw------- 1 cms011 cms    9985 Jun 18 00:54 executable.out
drwxr-xr-x 2 cms011 cms    4096 Jun 18 00:47 include
drwx------ 3 cms011 cms    4096 Apr 28 18:12 lib
drwxr-xr-x 3 cms011 cms    4096 Jun 18 00:47 logs
drwxr-xr-x 3 cms011 cms    4096 Jun 18 00:47 objs
-rw------- 1 cms011 cms     104 Jun 18 00:48 pset.py
-rw------- 1 cms011 cms 3712332 Jun 18 00:48 pset.py.pkl
-rw------- 1 cms011 cms     289 Jun 18 00:48 pset.pyc
drwxr-xr-x 2 cms011 cms    4096 Jun 18 00:47 python
-rw------- 1 cms011 cms     413 Jun 18 00:54 report.log
drwx------ 6 cms011 cms    4096 Jun 18 00:47 src
drwxr-xr-x 3 cms011 cms    4096 Jun 18 00:47 test
drwxr-xr-x 3 cms011 cms    4096 Jun 18 00:47 tmp
-rw------- 1 cms011 cms 3859001 Jun 18 00:54 validationEDM.root
>>> current directory /home/cms011/home_cream_814646542/CREAM814646542/glide_NpPU6X/execute/dir_9797/CMSSW_6_2_0_SLHC12
>>> (SOFTWARE_DIR): /home/cms011/home_cream_814646542/CREAM814646542/glide_NpPU6X/execute/dir_9797/CMSSW_6_2_0_SLHC12
>>> (WORKING_DIR): 
>>> current directory content:
total 11148
drwxr-xr-x 3 cms011 cms    4096 Jun 18 00:47 .SCRAM
-rw------- 1 cms011 cms 3740371 Jun 18 00:47 CMSSW.py.pkl
drwxr-xr-x 3 cms011 cms    4096 Jun 18 00:47 bin
drwxr-xr-x 3 cms011 cms    4096 Jun 18 00:47 cfipython
drwxr-xr-x 4 cms011 cms    4096 Jun 18 00:47 config
-rw------- 1 cms011 cms      16 Jun 18 00:54 cpu_timing.txt
drwxr-xr-x 2 cms011 cms    4096 Jun 18 00:47 doc
-rw------- 1 cms011 cms    9985 Jun 18 00:54 executable.out
drwxr-xr-x 2 cms011 cms    4096 Jun 18 00:47 include
drwx------ 3 cms011 cms    4096 Apr 28 18:12 lib
drwxr-xr-x 3 cms011 cms    4096 Jun 18 00:47 logs
drwxr-xr-x 3 cms011 cms    4096 Jun 18 00:47 objs
-rw------- 1 cms011 cms     104 Jun 18 00:48 pset.py
-rw------- 1 cms011 cms 3712332 Jun 18 00:48 pset.py.pkl
-rw------- 1 cms011 cms     289 Jun 18 00:48 pset.pyc
drwxr-xr-x 2 cms011 cms    4096 Jun 18 00:47 python
-rw------- 1 cms011 cms     413 Jun 18 00:54 report.log
drwx------ 6 cms011 cms    4096 Jun 18 00:47 src
drwxr-xr-x 3 cms011 cms    4096 Jun 18 00:47 test
drwxr-xr-x 3 cms011 cms    4096 Jun 18 00:47 tmp
-rw------- 1 cms011 cms 3859001 Jun 18 00:54 validationEDM_11_1_xMY.root
>>> current directory (RUNTIME_AREA):  /home/cms011/home_cream_814646542/CREAM814646542/glide_NpPU6X/execute/dir_9797
SE = storm-se-01.ba.infn.it
SE_PATH = /srm/managerv2?SFN=//cms/store/user/calabria/calabria_SingleMuPt500_GEN-SIM-DIGI-RECO_CMSSW_6_2_0_SLHC12_2023Scenario_Case3/calabria_MuMinus500_GEN-SIM-DIGI-RECO_CMSSW_6_2_0_SLHC12_2023Scenario_VALNOPU2_Case3/5854dd31cbd3cdec44c48628cc181cf0/
LFNBaseName = /store/user/calabria/calabria_SingleMuPt500_GEN-SIM-DIGI-RECO_CMSSW_6_2_0_SLHC12_2023Scenario_Case3/calabria_MuMinus500_GEN-SIM-DIGI-RECO_CMSSW_6_2_0_SLHC12_2023Scenario_VALNOPU2_Case3/5854dd31cbd3cdec44c48628cc181cf0/
USER = calabria
endpoint = srm://storm-se-01.ba.infn.it:8444/srm/managerv2?SFN=//cms/store/user/calabria/calabria_SingleMuPt500_GEN-SIM-DIGI-RECO_CMSSW_6_2_0_SLHC12_2023Scenario_Case3/calabria_MuMinus500_GEN-SIM-DIGI-RECO_CMSSW_6_2_0_SLHC12_2023Scenario_VALNOPU2_Case3/5854dd31cbd3cdec44c48628cc181cf0/
>>> Copy output files from WN = pccms105.ba.infn.it to /srm/managerv2?SFN=//cms/store/user/calabria/calabria_SingleMuPt500_GEN-SIM-DIGI-RECO_CMSSW_6_2_0_SLHC12_2023Scenario_Case3/calabria_MuMinus500_GEN-SIM-DIGI-RECO_CMSSW_6_2_0_SLHC12_2023Scenario_VALNOPU2_Case3/5854dd31cbd3cdec44c48628cc181cf0/ :
python cmscp.py  --destination srm://storm-se-01.ba.infn.it:8444/srm/managerv2?SFN=//cms/store/user/calabria/calabria_SingleMuPt500_GEN-SIM-DIGI-RECO_CMSSW_6_2_0_SLHC12_2023Scenario_Case3/calabria_MuMinus500_GEN-SIM-DIGI-RECO_CMSSW_6_2_0_SLHC12_2023Scenario_VALNOPU2_Case3/5854dd31cbd3cdec44c48628cc181cf0/ --inputFileList /home/cms011/home_cream_814646542/CREAM814646542/glide_NpPU6X/execute/dir_9797/CMSSW_6_2_0_SLHC12/validationEDM_11_1_xMY.root --middleware LCG --se_name storm-se-01.ba.infn.it --for_lfn /store/user/calabria/calabria_SingleMuPt500_GEN-SIM-DIGI-RECO_CMSSW_6_2_0_SLHC12_2023Scenario_Case3/calabria_MuMinus500_GEN-SIM-DIGI-RECO_CMSSW_6_2_0_SLHC12_2023Scenario_VALNOPU2_Case3/5854dd31cbd3cdec44c48628cc181cf0/    
******************************************************
localSeName  =  storm-se-01.ba.infn.it
remoteSeName =  storm-se-01.ba.infn.it
******************************************************
{"/home/cms011/home_cream_814646542/CREAM814646542/glide_NpPU6X/execute/dir_9797/CMSSW_6_2_0_SLHC12/validationEDM_11_1_xMY.root": {"endpoint": "srm://storm-se-01.ba.infn.it:8444/srm/managerv2?SFN=//cms/store/user/calabria/calabria_SingleMuPt500_GEN-SIM-DIGI-RECO_CMSSW_6_2_0_SLHC12_2023Scenario_Case3/calabria_MuMinus500_GEN-SIM-DIGI-RECO_CMSSW_6_2_0_SLHC12_2023Scenario_VALNOPU2_Case3/5854dd31cbd3cdec44c48628cc181cf0/", "surl_for_grid": "", "reason": "Copy succedeed with srm-lcg utils", "erCode": "0", "se_name": "storm-se-01.ba.infn.it", "for_lfn": "/store/user/calabria/calabria_SingleMuPt500_GEN-SIM-DIGI-RECO_CMSSW_6_2_0_SLHC12_2023Scenario_Case3/calabria_MuMinus500_GEN-SIM-DIGI-RECO_CMSSW_6_2_0_SLHC12_2023Scenario_VALNOPU2_Case3/5854dd31cbd3cdec44c48628cc181cf0/"}}/home/cms011/home_cream_814646542/CREAM814646542/glide_NpPU6X/execute/dir_9797
-------- cat /home/cms011/home_cream_814646542/CREAM814646542/glide_NpPU6X/execute/dir_9797/cmscpReport.sh 
#!/bin/bash
echo "Report for File: /home/cms011/home_cream_814646542/CREAM814646542/glide_NpPU6X/execute/dir_9797/CMSSW_6_2_0_SLHC12/validationEDM_11_1_xMY.root"
echo "LFN: /store/user/calabria/calabria_SingleMuPt500_GEN-SIM-DIGI-RECO_CMSSW_6_2_0_SLHC12_2023Scenario_Case3/calabria_MuMinus500_GEN-SIM-DIGI-RECO_CMSSW_6_2_0_SLHC12_2023Scenario_VALNOPU2_Case3/5854dd31cbd3cdec44c48628cc181cf0/validationEDM_11_1_xMY.root"
echo "StorageElement: storm-se-01.ba.infn.it"
echo "StageOutExitStatusReason = 'Copy succedeed with srm-lcg utils'" | tee -a $RUNTIME_AREA/$repo
echo "StageOutSE = storm-se-01.ba.infn.it" >> $RUNTIME_AREA/$repo

export StageOutExitStatus=0
echo "StageOutExitStatus = 0" | tee -a $RUNTIME_AREA/$repo
-------- end of /home/cms011/home_cream_814646542/CREAM814646542/glide_NpPU6X/execute/dir_9797/cmscpReport.sh 
Report for File: /home/cms011/home_cream_814646542/CREAM814646542/glide_NpPU6X/execute/dir_9797/CMSSW_6_2_0_SLHC12/validationEDM_11_1_xMY.root
LFN: /store/user/calabria/calabria_SingleMuPt500_GEN-SIM-DIGI-RECO_CMSSW_6_2_0_SLHC12_2023Scenario_Case3/calabria_MuMinus500_GEN-SIM-DIGI-RECO_CMSSW_6_2_0_SLHC12_2023Scenario_VALNOPU2_Case3/5854dd31cbd3cdec44c48628cc181cf0/validationEDM_11_1_xMY.root
StorageElement: storm-se-01.ba.infn.it
StageOutExitStatusReason = 'Copy succedeed with srm-lcg utils'
StageOutExitStatus = 0
>>> current dir: /home/cms011/home_cream_814646542/CREAM814646542/glide_NpPU6X/execute/dir_9797
>>> current dir content:
total 28080
-rw-------  1 cms011 cms     2786 Jun 18 00:55 .SEinteraction.log
-rwx------  1 cms011 cms     6820 Jun 18 00:47 .job.ad
-rwx------  1 cms011 cms     9447 Jun 18 00:47 .machine.ad
-rw-------  1 cms011 cms      105 Jun 16 20:41 CMSSW.py
-rw-------  1 cms011 cms  3740371 Jun 16 20:41 CMSSW.py.pkl
-rwx------  1 cms011 cms    29569 Jun 18 00:47 CMSSW.sh
drwxr-xr-x 15 cms011 cms     4096 Jun 18 00:54 CMSSW_6_2_0_SLHC12
-rw-------  1 cms011 cms      219 Jun 18 00:47 CacheEnv.sh
-rw-------  1 cms011 cms     7291 Apr  4 11:04 DashboardAPI.py
-rw-------  1 cms011 cms     6800 Jun 18 00:47 DashboardAPI.pyc
drwx------  2 cms011 cms     4096 Jun 18 00:54 IMProv
-rw-------  1 cms011 cms     2748 Apr  4 11:04 Logger.py
-rw-------  1 cms011 cms     3342 Jun 18 00:47 Logger.pyc
-rw-------  1 cms011 cms    24524 Apr  4 11:04 ProcInfo.py
-rw-------  1 cms011 cms    23173 Jun 18 00:47 ProcInfo.pyc
drwx------  7 cms011 cms     4096 Jun 18 00:48 ProdCommon
drwx------  3 cms011 cms     4096 Jun 18 00:47 WMCore
-rw-------  1 cms011 cms     2469 Jun 18 00:54 Watchdog_11.log
-rwx------  1 cms011 cms        0 Jun 18 00:47 _condor_stderr
-rwx---r--  1 cms011 cms    29498 Jun 18 00:55 _condor_stdout
-rw-------  1 cms011 cms    32895 Apr  4 11:04 apmon.py
-rw-------  1 cms011 cms    28596 Jun 18 00:47 apmon.pyc
-rwx------  1 cms011 cms    53886 Jun 18 00:47 arguments.xml
-rwx------  1 cms011 cms    38515 Apr  4 11:04 cmscp.py
-rw-------  1 cms011 cms      719 Jun 18 00:55 cmscpReport.sh
-rwx------  1 cms011 cms    29569 Jun 18 00:47 condor_exec.exe
-rw-------  1 cms011 cms      963 Jun 16 20:41 crab.cfg
-rwx------  1 cms011 cms     8610 Apr  4 11:04 crabWatchdog.sh
-rwx---r--  1 cms011 cms   523359 Jun 18 00:54 crab_fjr_11.xml
-rwx------  1 cms011 cms 23960266 Jun 18 00:47 default.tgz
-rwx------  1 cms011 cms     4488 Apr  4 11:04 fillCrabFjr.py
-rw-------  1 cms011 cms     2651 Jun 18 00:48 inputsReport.txt
-rw-------  1 cms011 cms      262 Jun 18 00:55 jobreport.txt
-rw-------  1 cms011 cms    17352 Apr  4 11:04 parseCrabFjr.py
-rw-------  1 cms011 cms      330 Jun 18 00:47 report.log
-rwx--x--x  1 cms011 cms     1497 Apr  4 11:04 report.py
-rw-------  1 cms011 cms      775 Jun 18 00:55 resultCopyFile
lrwxrwxrwx  1 cms011 cms      125 Jun 18 00:54 validationEDM.root -> /home/cms011/home_cream_814646542/CREAM814646542/glide_NpPU6X/execute/dir_9797/CMSSW_6_2_0_SLHC12/validationEDM_11_1_xMY.root
-rwx------  1 cms011 cms     8387 Apr  4 11:04 writeCfg.py
-rw-------  1 cms011 cms     8010 Jun 18 00:47 x509up_u50707
>>> Modify Job Report:
CMSSW_VERSION = CMSSW_6_2_0_SLHC12
ProcessedDataset = calabria_MuMinus500_GEN-SIM-DIGI-RECO_CMSSW_6_2_0_SLHC12_2023Scenario_VALNOPU2_Case3
/home/cms011/home_cream_814646542/CREAM814646542/glide_NpPU6X/execute/dir_9797/ProdCommon/FwkJobRep/ModifyJobReport.py fjr /home/cms011/home_cream_814646542/CREAM814646542/glide_NpPU6X/execute/dir_9797/crab_fjr_11.xml json /home/cms011/home_cream_814646542/CREAM814646542/glide_NpPU6X/execute/dir_9797/resultCopyFile n_job 11_1_xMY PrimaryDataset calabria_SingleMuPt500_GEN-SIM-DIGI-RECO_CMSSW_6_2_0_SLHC12_2023Scenario_Case3  ApplicationFamily cmsRun ApplicationName cmsRun cmssw_version CMSSW_6_2_0_SLHC12 psethash 5854dd31cbd3cdec44c48628cc181cf0 UserProcessedDataset calabria-calabria_MuMinus500_GEN-SIM-DIGI-RECO_CMSSW_6_2_0_SLHC12_2023Scenario_VALNOPU2_Case3-5854dd31cbd3cdec44c48628cc181cf0
inputDict =  {u'/home/cms011/home_cream_814646542/CREAM814646542/glide_NpPU6X/execute/dir_9797/CMSSW_6_2_0_SLHC12/validationEDM_11_1_xMY.root': {u'endpoint': u'srm://storm-se-01.ba.infn.it:8444/srm/managerv2?SFN=//cms/store/user/calabria/calabria_SingleMuPt500_GEN-SIM-DIGI-RECO_CMSSW_6_2_0_SLHC12_2023Scenario_Case3/calabria_MuMinus500_GEN-SIM-DIGI-RECO_CMSSW_6_2_0_SLHC12_2023Scenario_VALNOPU2_Case3/5854dd31cbd3cdec44c48628cc181cf0/', u'surl_for_grid': u'', u'reason': u'Copy succedeed with srm-lcg utils', u'erCode': u'0', u'se_name': u'storm-se-01.ba.infn.it', u'for_lfn': u'/store/user/calabria/calabria_SingleMuPt500_GEN-SIM-DIGI-RECO_CMSSW_6_2_0_SLHC12_2023Scenario_Case3/calabria_MuMinus500_GEN-SIM-DIGI-RECO_CMSSW_6_2_0_SLHC12_2023Scenario_VALNOPU2_Case3/5854dd31cbd3cdec44c48628cc181cf0/'}}
UserProcessedDataset =  calabria-calabria_MuMinus500_GEN-SIM-DIGI-RECO_CMSSW_6_2_0_SLHC12_2023Scenario_VALNOPU2_Case3-5854dd31cbd3cdec44c48628cc181cf0
file_name in inputDict =  /home/cms011/home_cream_814646542/CREAM814646542/glide_NpPU6X/execute/dir_9797/CMSSW_6_2_0_SLHC12/validationEDM_11_1_xMY.root
(size) os.stat(filename)[6] =  3859001
checksum =  978440327
    file =  validationEDM_11_1_xMY.root
    newPfn =  srm://storm-se-01.ba.infn.it:8444/srm/managerv2?SFN=//cms/store/user/calabria/calabria_SingleMuPt500_GEN-SIM-DIGI-RECO_CMSSW_6_2_0_SLHC12_2023Scenario_Case3/calabria_MuMinus500_GEN-SIM-DIGI-RECO_CMSSW_6_2_0_SLHC12_2023Scenario_VALNOPU2_Case3/5854dd31cbd3cdec44c48628cc181cf0/validationEDM_11_1_xMY.root
    newLfn =  /store/user/calabria/calabria_SingleMuPt500_GEN-SIM-DIGI-RECO_CMSSW_6_2_0_SLHC12_2023Scenario_Case3/calabria_MuMinus500_GEN-SIM-DIGI-RECO_CMSSW_6_2_0_SLHC12_2023Scenario_VALNOPU2_Case3/5854dd31cbd3cdec44c48628cc181cf0/validationEDM_11_1_xMY.root
>>> crab_fjr_*.xml  permission set to 0704
CrabWrapper EXIT_FUNC entered at Wed Jun 18 00:55:26 CEST 2014   -  Tue Jun 17 22:55:26 UTC 2014
Checking output files:  
will tar file crab_fjr_11.xml in  out_files_11
WARNING: output file CMSSW_11.stdout not found!
WARNING: output file CMSSW_11.stderr not found!
WARNING: output file Watchdog_11.log.gz not found!
>>> padding time: Sleeping the wrapper for 135 seconds
STOPPING WATCHDOG. CrabWatchdog PID is 11064
********** LAST 50 LINES OF WATCHDOG LOG
# RESOURCE USAGE SUMMARY FOR PROCESS ID 10033
USER       PID %CPU %MEM    VSZ   RSS TTY      STAT START   TIME COMMAND
cms011   10033  0.3  0.0   9496  1596 ?        S    00:47   0:00 /bin/sh /home/cms011/home_cream_814646542/CREAM814646542/glide_NpPU6X/execute/dir_9797/condor_exec.exe 11 1
 
# LIMITS USED BY CRAB WATCHDOG:
# RSS  (KBytes)   : 2300000
# VSZ  (KBytes)   : 100000000
# DISK (MBytes)   : 19000
# CPU TIME        : 720h:0m:0s
# WALL CLOCK TIME : 21h:50m:0s
 
# FOLLOWING PRINTOUT TRACKS MAXIMUM VALUES OF RESOURCES USE
# ONE LINE IS PRINTED EACH TIME A MAXIMUM CHANGES
# IF CHANGE WAS IN RSS OR VSZ ALSO PROCID AND COMMAND ARE PRINTED
# THERE IS NO PRINTOUT FOR CPU/WALL TIME INCREASE
 
# TIME			PID	RSS(KB)	VSZ(KB)	Dsk(MB)	tCPU(s)	tWALL(s)	COMMAND
 Jun 18 00:47:51 CEST	2640	1256	106092	0	0	0	sh -c "./glidein_startup.sh" -v std -name v3_0 -entry CMS_T2_IT_Bari_ce4 -clientname UCSD-v1_0.main
 Jun 18 00:47:51 CEST	2645	1772	106492	0	0	0	/bin/bash ./glidein_startup.sh -v std -name v3_0 -entry CMS_T2_IT_Bari_ce4 -clientname UCSD-v1_0.main -schedd
 Jun 18 00:47:51 CEST	9797	8424	106492	0	0	0	condor_starter -f submit-4.t2.ucsd.edu        
 Jun 18 00:47:51 CEST	11076	24444	106492	0	0	1	edmConfigHash pset.py         
 Jun 18 00:47:51 CEST	---	24444	106492	171	----	----	----
 Jun 18 00:48:52 CEST	13055	767428	986568	171	33	61	cmsRun -j /home/cms011/home_cream_814646542/CREAM814646542/glide_NpPU6X/execute/dir_9797/crab_fjr_11.xml -p pset.py      
 Jun 18 00:48:52 CEST	---	767428	986568	175	----	----	----
 Jun 18 00:49:53 CEST	13055	790380	1007888	175	81	122	cmsRun -j /home/cms011/home_cream_814646542/CREAM814646542/glide_NpPU6X/execute/dir_9797/crab_fjr_11.xml -p pset.py      
 Jun 18 00:50:53 CEST	13055	790380	1015568	175	133	183	cmsRun -j /home/cms011/home_cream_814646542/CREAM814646542/glide_NpPU6X/execute/dir_9797/crab_fjr_11.xml -p pset.py      
 Jun 18 00:51:54 CEST	13055	803328	1029648	175	183	244	cmsRun -j /home/cms011/home_cream_814646542/CREAM814646542/glide_NpPU6X/execute/dir_9797/crab_fjr_11.xml -p pset.py      
 Jun 18 00:52:55 CEST	13055	807492	1029648	175	232	305	cmsRun -j /home/cms011/home_cream_814646542/CREAM814646542/glide_NpPU6X/execute/dir_9797/crab_fjr_11.xml -p pset.py      
 Jun 18 00:53:56 CEST	13055	807492	1035792	175	278	366	cmsRun -j /home/cms011/home_cream_814646542/CREAM814646542/glide_NpPU6X/execute/dir_9797/crab_fjr_11.xml -p pset.py      
 Jun 18 00:54:57 CEST	---	807492	1035792	179	----	----	----
********** WATCHDOG LOG ENDED
ZIPPING WATCHDOG LOG
Disk space used:
du -sh /home/cms011/home_cream_814646542/CREAM814646542/glide_NpPU6X/execute/dir_9797
179M	/home/cms011/home_cream_814646542/CREAM814646542/glide_NpPU6X/execute/dir_9797
Found unusual stdout, rename for OSB
`/home/cms011/home_cream_814646542/CREAM814646542/glide_NpPU6X/execute/dir_9797/_condor_stdout' -> `CMSSW_11.stdout'
Found unusual stderr, rename for OSB
`/home/cms011/home_cream_814646542/CREAM814646542/glide_NpPU6X/execute/dir_9797/_condor_stdout' -> `CMSSW_11.stderr'
crab_fjr_11.xml
CMSSW_11.stdout
CMSSW_11.stderr
Watchdog_11.log.gz
Total Output dimension: 70000
WARNING: output files size limit is set to: 50000000
Total Output dimension 70000 is fine.
JOB_EXIT_STATUS = 0
>>> info for dashboard:
***** Cat /home/cms011/home_cream_814646542/CREAM814646542/glide_NpPU6X/execute/dir_9797/jobreport.txt *****
MonitorJobID=11_https://submit-4.t2.ucsd.edu//140616//222483.10
MonitorID=calabria_MuMinus500_Case3_ReReco_o7d5t0
ExeTime=380
ExeExitCode=0
StageOutExitStatusReason = 'Copy succedeed with srm-lcg utils'
StageOutSE = storm-se-01.ba.infn.it
StageOutExitStatus = 0
CrabUserCpuTime=309.05
CrabSysCpuTime=3.79
CrabCpuPercentage=82%
CrabWrapperTime=600
CrabStageoutTime=48
JobExitCode=0
***** End Cat jobreport *****
Parameters sent to Dashboard.
EXITING at Wed Jun 18 00:57:47 CEST 2014  -  Tue Jun 17 22:57:47 UTC 2014
