This script was generated by crab (version 2.10.5_patch1).
Running /home/cms017/home_cream_744240632/CREAM744240632/glide_mQXXgo/execute/dir_4781/condor_exec.exe with 2 positional parameters: 19 1
Today is Wed Jun 18 00:47:43 CEST 2014 - Tue Jun 17 22:47:43 UTC 2014
Job submitted on host alicegrid69.ba.infn.it
Linux alicegrid69.ba.infn.it 2.6.32-358.23.2.el6.x86_64 #1 SMP Thu Oct 17 10:27:22 CEST 2013 x86_64 x86_64 x86_64 GNU/Linux
>>> current directory (RUNTIME_AREA): /home/cms017/home_cream_744240632/CREAM744240632/glide_mQXXgo/execute/dir_4781
>>> current user: uid=11830(cms017) gid=1399(cms) groups=1399(cms)
>>> directory permission set to 0700
>>> umask set to:  u=rwx,g=,o=
>>> stdout stderr permission set to 0704
>>> voms proxy information:
subject   : /C=IT/O=INFN/OU=Personal Certificate/L=Bari/CN=Cesare Calabria/CN=477126703/CN=1500492822
issuer    : /C=IT/O=INFN/OU=Personal Certificate/L=Bari/CN=Cesare Calabria/CN=477126703
identity  : /C=IT/O=INFN/OU=Personal Certificate/L=Bari/CN=Cesare Calabria
type      : RFC3820 compliant limited proxy
strength  : 1024
path      : /home/cms017/home_cream_744240632/CREAM744240632/glide_mQXXgo/execute/dir_4781/x509up_u50707
timeleft  : 23:59:50
key usage : Digital Signature, Key Encipherment, Data Encipherment
=== VO cms extension information ===
VO        : cms
subject   : /C=IT/O=INFN/OU=Personal Certificate/L=Bari/CN=Cesare Calabria
issuer    : /DC=ch/DC=cern/OU=computers/CN=voms.cern.ch
attribute : /cms/Role=NULL/Capability=NULL
attribute : /cms/itcms/Role=NULL/Capability=NULL
timeleft  : 154:36:36
uri       : voms.cern.ch:15002

WNHostName=alicegrid69.ba.infn.it
>>> tar --no-same-permissions -xf /home/cms017/home_cream_744240632/CREAM744240632/glide_mQXXgo/execute/dir_4781/default.tgz :
Successful untar
>>> Include /home/cms017/home_cream_744240632/CREAM744240632/glide_mQXXgo/execute/dir_4781 in PYTHONPATH:
strip arguments
env var CRAB_UNIQUE_JOB_ID set to: calabria_MuMinus500_Case3_ReReco_o7d5t0_19_1_YRT
out_files_19
>>> list of expected files on output sandbox
output files: crab_fjr_19.xml CMSSW_19.stdout CMSSW_19.stderr Watchdog_19.log.gz
>>> GridFlavour discovery: 
GridFlavour=LCG
>>> SyncSite discovery: 
SyncSite=T2_IT_Bari
>>> SyncCE discovery: 
getting SyncCE from CE_ID
SyncCE=cream-ce-2.ba.infn.it:8443/cream-pbs-cms
>>> info for dashboard:
***** Cat /home/cms017/home_cream_744240632/CREAM744240632/glide_mQXXgo/execute/dir_4781/jobreport.txt *****
WNHostName=alicegrid69.ba.infn.it
MonitorJobID=19_https://submit-4.t2.ucsd.edu//140616//222483.18
SyncGridJobId=https://submit-4.t2.ucsd.edu//140616//222483.18
MonitorID=calabria_MuMinus500_Case3_ReReco_o7d5t0
GridFlavour=LCG
SyncSite=T2_IT_Bari
SyncCE=cream-ce-2.ba.infn.it:8443/cream-pbs-cms
***** End Cat jobreport *****
Parameters sent to Dashboard.
>>> setup environment
set SCRAM ARCH to slc5_amd64_gcc472
SCRAM_ARCH = slc5_amd64_gcc472
>>> setup CMS LCG environment:
set SCRAM ARCH and BUILD_ARCH to slc5_amd64_gcc472 ###
Sourcing environment... 
sourcing /cvmfs/cms.cern.ch/cmsset_default.sh
==> setup cms environment ok
>>> specific cmssw setup environment:
CMSSW_VERSION =  CMSSW_6_2_0_SLHC12
>>> current directory (SOFTWARE_DIR): /home/cms017/home_cream_744240632/CREAM744240632/glide_mQXXgo/execute/dir_4781/CMSSW_6_2_0_SLHC12
PreserveSeeds: <>
IncrementSeeds:<>
>>> info for dashboard:
***** Cat /home/cms017/home_cream_744240632/CREAM744240632/glide_mQXXgo/execute/dir_4781/jobreport.txt *****
MonitorJobID=19_https://submit-4.t2.ucsd.edu//140616//222483.18
MonitorID=calabria_MuMinus500_Case3_ReReco_o7d5t0
***** End Cat jobreport *****
Parameters sent to Dashboard.
crabWatchdog started as process 5116
>>> moving CMSSW software directories in /home/cms017/home_cream_744240632/CREAM744240632/glide_mQXXgo/execute/dir_4781/CMSSW_6_2_0_SLHC12
mv: cannot stat `/home/cms017/home_cream_744240632/CREAM744240632/glide_mQXXgo/execute/dir_4781/module/': No such file or directory
>>> Include /home/cms017/home_cream_744240632/CREAM744240632/glide_mQXXgo/execute/dir_4781 in PYTHONPATH:
PYTHONPATH=/home/cms017/home_cream_744240632/CREAM744240632/glide_mQXXgo/execute/dir_4781/:/home/cms017/home_cream_744240632/CREAM744240632/glide_mQXXgo/execute/dir_4781/CMSSW_6_2_0_SLHC12/python:/home/cms017/home_cream_744240632/CREAM744240632/glide_mQXXgo/execute/dir_4781/CMSSW_6_2_0_SLHC12/lib/slc5_amd64_gcc472:/cvmfs/cms.cern.ch/slc5_amd64_gcc472/cms/cmssw/CMSSW_6_2_0_SLHC12/python:/cvmfs/cms.cern.ch/slc5_amd64_gcc472/cms/cmssw/CMSSW_6_2_0_SLHC12/lib/slc5_amd64_gcc472:/cvmfs/cms.cern.ch/slc5_amd64_gcc472/cms/coral/CORAL_2_3_21-cms36/slc5_amd64_gcc472/python:/cvmfs/cms.cern.ch/slc5_amd64_gcc472/cms/coral/CORAL_2_3_21-cms36/slc5_amd64_gcc472/lib:/cvmfs/cms.cern.ch/slc5_amd64_gcc472/external/pyqt/4.8.1-cms6/lib/python2.7/site-packages:/cvmfs/cms.cern.ch/slc5_amd64_gcc472/external/py2-scipy/0.8.0-cms8/lib/python2.7/site-packages:/cvmfs/cms.cern.ch/slc5_amd64_gcc472/external/py2-matplotlib/1.0.1-cms8/lib/python2.7/site-packages:/cvmfs/cms.cern.ch/slc5_amd64_gcc472/external/python-ldap/2.3.5-cms6/lib/python2.7/site-packages:/cvmfs/cms.cern.ch/slc5_amd64_gcc472/external/sip/4.11.2-cms6/lib/python2.7/site-packages:/cvmfs/cms.cern.ch/slc5_amd64_gcc472/external/py2-pycurl/7.19.0-cms8/lib/python2.7/site-packages:/cvmfs/cms.cern.ch/slc5_amd64_gcc472/external/py2-numpy/1.6.1-cms8/lib/python2.7/site-packages:/cvmfs/cms.cern.ch/slc5_amd64_gcc472/external/py2-lint/0.25.1-cms6/lib/python2.7/site-packages:/cvmfs/cms.cern.ch/slc5_amd64_gcc472/external/py2-ipython/0.10-cms6/lib/python2.7/site-packages:/cvmfs/cms.cern.ch/slc5_amd64_gcc472/external/py2-cx-oracle/5.1-cms7/lib/python2.7/site-packages:/cvmfs/cms.cern.ch/slc5_amd64_gcc472/external/py2-cjson/1.0.5-cms6/lib/python2.7/site-packages:/cvmfs/cms.cern.ch/slc5_amd64_gcc472/cms/das-client/1.11.7/bin:/cvmfs/cms.cern.ch/slc5_amd64_gcc472/external/elementtree/1.2.6-cms6/share/lib/python2.7/site-packages:/cvmfs/cms.cern.ch/slc5_amd64_gcc472/external/rivet/1.8.2-cms8/lib/python2.7/site-packages:/cvmfs/cms.cern.ch/slc5_amd64_gcc472/external/pyminuit2/0.0.1-cms19/lib/python2.7/site-packages:/cvmfs/cms.cern.ch/slc5_amd64_gcc472/external/py2-pygithub/1.23.0/lib/python2.7/site-packages:/cvmfs/cms.cern.ch/slc5_amd64_gcc472/external/professor/1.0.0-cms19/lib/python2.7/site-packages:/cvmfs/cms.cern.ch/slc5_amd64_gcc472/lcg/root/5.34.07-cms/lib:/cvmfs/cms.cern.ch/slc5_amd64_gcc472/cms/dbs-client/DBS_2_1_9-cms5/lib:/cvmfs/cms.cern.ch/slc5_amd64_gcc472/cms/dbs-client/DBS_2_1_9-cms5/lib/DBSAPI:/cvmfs/cms.cern.ch/slc5_amd64_gcc472/external/cvs2git/5419-cms/lib:/home/cms017/home_cream_744240632/CREAM744240632/glide_mQXXgo/execute/dir_4781/
 
# LIMITS USED BY CRAB WATCHDOG:
# RSS  (KBytes)   : 2300000
# VSZ  (KBytes)   : 100000000
# DISK (MBytes)   : 19000
# CPU TIME        : 720h:0m:0s
# WALL CLOCK TIME : 21h:50m:0s
 
5854dd31cbd3cdec44c48628cc181cf0
PSETHASH = 5854dd31cbd3cdec44c48628cc181cf0
/home/cms017/home_cream_744240632/CREAM744240632/glide_mQXXgo/execute/dir_4781/writeCfg.py pset.py pset.py
Importing .py file
Setting parameters
RandomNumberGeneratorService found, will attempt to change seeds
inputBlocks=/calabria_SingleMuPt500_GEN-SIM-DIGI-RECO_CMSSW_6_2_0_SLHC12_2023Scenario_Case3/calabria-calabria_SingleMuPt500_GEN-SIM-DIGI-RECO_CMSSW_6_2_0_SLHC12_2023Scenario_Case3-41247ff61fcce1e4991e517dad8c5752/USER#24bb5da0-4f25-4f36-bf2e-f20179b22dbd
inputFiles=/store/user/calabria/calabria_SingleMuPt500_GEN-SIM-DIGI-RECO_CMSSW_6_2_0_SLHC12_2023Scenario_Case3/calabria_SingleMuPt500_GEN-SIM-DIGI-RECO_CMSSW_6_2_0_SLHC12_2023Scenario_Case3/41247ff61fcce1e4991e517dad8c5752/out_reco_45_1_8mE.root;/store/user/calabria/calabria_SingleMuPt500_GEN-SIM-DIGI-RECO_CMSSW_6_2_0_SLHC12_2023Scenario_Case3/calabria_SingleMuPt500_GEN-SIM-DIGI-RECO_CMSSW_6_2_0_SLHC12_2023Scenario_Case3/41247ff61fcce1e4991e517dad8c5752/out_reco_46_1_0m8.root;/store/user/calabria/calabria_SingleMuPt500_GEN-SIM-DIGI-RECO_CMSSW_6_2_0_SLHC12_2023Scenario_Case3/calabria_SingleMuPt500_GEN-SIM-DIGI-RECO_CMSSW_6_2_0_SLHC12_2023Scenario_Case3/41247ff61fcce1e4991e517dad8c5752/out_reco_49_1_ABI.root;/store/user/calabria/calabria_SingleMuPt500_GEN-SIM-DIGI-RECO_CMSSW_6_2_0_SLHC12_2023Scenario_Case3/calabria_SingleMuPt500_GEN-SIM-DIGI-RECO_CMSSW_6_2_0_SLHC12_2023Scenario_Case3/41247ff61fcce1e4991e517dad8c5752/out_reco_50_1_Ejn.root;/store/user/calabria/calabria_SingleMuPt500_GEN-SIM-DIGI-RECO_CMSSW_6_2_0_SLHC12_2023Scenario_Case3/calabria_SingleMuPt500_GEN-SIM-DIGI-RECO_CMSSW_6_2_0_SLHC12_2023Scenario_Case3/41247ff61fcce1e4991e517dad8c5752/out_reco_51_1_LZd.root;/store/user/calabria/calabria_SingleMuPt500_GEN-SIM-DIGI-RECO_CMSSW_6_2_0_SLHC12_2023Scenario_Case3/calabria_SingleMuPt500_GEN-SIM-DIGI-RECO_CMSSW_6_2_0_SLHC12_2023Scenario_Case3/41247ff61fcce1e4991e517dad8c5752/out_reco_52_1_LIy.root;/store/user/calabria/calabria_SingleMuPt500_GEN-SIM-DIGI-RECO_CMSSW_6_2_0_SLHC12_2023Scenario_Case3/calabria_SingleMuPt500_GEN-SIM-DIGI-RECO_CMSSW_6_2_0_SLHC12_2023Scenario_Case3/41247ff61fcce1e4991e517dad8c5752/out_reco_55_1_ojC.root;/store/user/calabria/calabria_SingleMuPt500_GEN-SIM-DIGI-RECO_CMSSW_6_2_0_SLHC12_2023Scenario_Case3/calabria_SingleMuPt500_GEN-SIM-DIGI-RECO_CMSSW_6_2_0_SLHC12_2023Scenario_Case3/41247ff61fcce1e4991e517dad8c5752/out_reco_56_1_Xcz.root;/store/user/calabria/calabria_SingleMuPt500_GEN-SIM-DIGI-RECO_CMSSW_6_2_0_SLHC12_2023Scenario_Case3/calabria_SingleMuPt500_GEN-SIM-DIGI-RECO_CMSSW_6_2_0_SLHC12_2023Scenario_Case3/41247ff61fcce1e4991e517dad8c5752/out_reco_57_1_MxE.root;/store/user/calabria/calabria_SingleMuPt500_GEN-SIM-DIGI-RECO_CMSSW_6_2_0_SLHC12_2023Scenario_Case3/calabria_SingleMuPt500_GEN-SIM-DIGI-RECO_CMSSW_6_2_0_SLHC12_2023Scenario_Case3/41247ff61fcce1e4991e517dad8c5752/out_reco_58_1_Zpn.root
parentFiles=
lumisRange=
>>> Executable cmsRun
/cvmfs/cms.cern.ch/slc5_amd64_gcc472/cms/cmssw/CMSSW_6_2_0_SLHC12/bin/slc5_amd64_gcc472/cmsRun
ok executable found
>>> info for dashboard:
***** Cat /home/cms017/home_cream_744240632/CREAM744240632/glide_mQXXgo/execute/dir_4781/jobreport.txt *****
MonitorJobID=19_https://submit-4.t2.ucsd.edu//140616//222483.18
MonitorID=calabria_MuMinus500_Case3_ReReco_o7d5t0
ExeStart=cmsRun
***** End Cat jobreport *****
Parameters sent to Dashboard.
>>> cmsRun started at Tue Jun 17 22:48:01 UTC 2014
>>> cmsRun ended at Tue Jun 17 22:53:11 UTC 2014
>>> crab_fjr_*.xml  permission set to 0704
>>> info for dashboard:
***** Cat /home/cms017/home_cream_744240632/CREAM744240632/glide_mQXXgo/execute/dir_4781/jobreport.txt *****
MonitorJobID=19_https://submit-4.t2.ucsd.edu//140616//222483.18
MonitorID=calabria_MuMinus500_Case3_ReReco_o7d5t0
ExeEnd=cmsRun
***** End Cat jobreport *****
Parameters sent to Dashboard.
TIME_EXE = 310 sec
>>> cmsRun wrote 50 lines of stdout+stderr
>>> START OF printout of 50 lines from stdout+stderr
271 DQMStore::DQMStore 
HcalTopologyIdealEP::HcalTopologyIdealEP
18-Jun-2014 00:48:15 CEST  Initiating request to open file file:/lustre/cms//store/user/calabria/calabria_SingleMuPt500_GEN-SIM-DIGI-RECO_CMSSW_6_2_0_SLHC12_2023Scenario_Case3/calabria_SingleMuPt500_GEN-SIM-DIGI-RECO_CMSSW_6_2_0_SLHC12_2023Scenario_Case3/41247ff61fcce1e4991e517dad8c5752/out_reco_45_1_8mE.root
18-Jun-2014 00:48:18 CEST  Successfully opened file file:/lustre/cms//store/user/calabria/calabria_SingleMuPt500_GEN-SIM-DIGI-RECO_CMSSW_6_2_0_SLHC12_2023Scenario_Case3/calabria_SingleMuPt500_GEN-SIM-DIGI-RECO_CMSSW_6_2_0_SLHC12_2023Scenario_Case3/41247ff61fcce1e4991e517dad8c5752/out_reco_45_1_8mE.root
18-Jun-2014 00:48:42 CEST  Closed file file:/lustre/cms//store/user/calabria/calabria_SingleMuPt500_GEN-SIM-DIGI-RECO_CMSSW_6_2_0_SLHC12_2023Scenario_Case3/calabria_SingleMuPt500_GEN-SIM-DIGI-RECO_CMSSW_6_2_0_SLHC12_2023Scenario_Case3/41247ff61fcce1e4991e517dad8c5752/out_reco_45_1_8mE.root
18-Jun-2014 00:48:42 CEST  Initiating request to open file file:/lustre/cms//store/user/calabria/calabria_SingleMuPt500_GEN-SIM-DIGI-RECO_CMSSW_6_2_0_SLHC12_2023Scenario_Case3/calabria_SingleMuPt500_GEN-SIM-DIGI-RECO_CMSSW_6_2_0_SLHC12_2023Scenario_Case3/41247ff61fcce1e4991e517dad8c5752/out_reco_46_1_0m8.root
18-Jun-2014 00:48:42 CEST  Successfully opened file file:/lustre/cms//store/user/calabria/calabria_SingleMuPt500_GEN-SIM-DIGI-RECO_CMSSW_6_2_0_SLHC12_2023Scenario_Case3/calabria_SingleMuPt500_GEN-SIM-DIGI-RECO_CMSSW_6_2_0_SLHC12_2023Scenario_Case3/41247ff61fcce1e4991e517dad8c5752/out_reco_46_1_0m8.root
18-Jun-2014 00:49:07 CEST  Closed file file:/lustre/cms//store/user/calabria/calabria_SingleMuPt500_GEN-SIM-DIGI-RECO_CMSSW_6_2_0_SLHC12_2023Scenario_Case3/calabria_SingleMuPt500_GEN-SIM-DIGI-RECO_CMSSW_6_2_0_SLHC12_2023Scenario_Case3/41247ff61fcce1e4991e517dad8c5752/out_reco_46_1_0m8.root
18-Jun-2014 00:49:07 CEST  Initiating request to open file file:/lustre/cms//store/user/calabria/calabria_SingleMuPt500_GEN-SIM-DIGI-RECO_CMSSW_6_2_0_SLHC12_2023Scenario_Case3/calabria_SingleMuPt500_GEN-SIM-DIGI-RECO_CMSSW_6_2_0_SLHC12_2023Scenario_Case3/41247ff61fcce1e4991e517dad8c5752/out_reco_49_1_ABI.root
18-Jun-2014 00:49:07 CEST  Successfully opened file file:/lustre/cms//store/user/calabria/calabria_SingleMuPt500_GEN-SIM-DIGI-RECO_CMSSW_6_2_0_SLHC12_2023Scenario_Case3/calabria_SingleMuPt500_GEN-SIM-DIGI-RECO_CMSSW_6_2_0_SLHC12_2023Scenario_Case3/41247ff61fcce1e4991e517dad8c5752/out_reco_49_1_ABI.root
18-Jun-2014 00:49:32 CEST  Closed file file:/lustre/cms//store/user/calabria/calabria_SingleMuPt500_GEN-SIM-DIGI-RECO_CMSSW_6_2_0_SLHC12_2023Scenario_Case3/calabria_SingleMuPt500_GEN-SIM-DIGI-RECO_CMSSW_6_2_0_SLHC12_2023Scenario_Case3/41247ff61fcce1e4991e517dad8c5752/out_reco_49_1_ABI.root
18-Jun-2014 00:49:32 CEST  Initiating request to open file file:/lustre/cms//store/user/calabria/calabria_SingleMuPt500_GEN-SIM-DIGI-RECO_CMSSW_6_2_0_SLHC12_2023Scenario_Case3/calabria_SingleMuPt500_GEN-SIM-DIGI-RECO_CMSSW_6_2_0_SLHC12_2023Scenario_Case3/41247ff61fcce1e4991e517dad8c5752/out_reco_50_1_Ejn.root
18-Jun-2014 00:49:32 CEST  Successfully opened file file:/lustre/cms//store/user/calabria/calabria_SingleMuPt500_GEN-SIM-DIGI-RECO_CMSSW_6_2_0_SLHC12_2023Scenario_Case3/calabria_SingleMuPt500_GEN-SIM-DIGI-RECO_CMSSW_6_2_0_SLHC12_2023Scenario_Case3/41247ff61fcce1e4991e517dad8c5752/out_reco_50_1_Ejn.root
18-Jun-2014 00:49:56 CEST  Closed file file:/lustre/cms//store/user/calabria/calabria_SingleMuPt500_GEN-SIM-DIGI-RECO_CMSSW_6_2_0_SLHC12_2023Scenario_Case3/calabria_SingleMuPt500_GEN-SIM-DIGI-RECO_CMSSW_6_2_0_SLHC12_2023Scenario_Case3/41247ff61fcce1e4991e517dad8c5752/out_reco_50_1_Ejn.root
18-Jun-2014 00:49:56 CEST  Initiating request to open file file:/lustre/cms//store/user/calabria/calabria_SingleMuPt500_GEN-SIM-DIGI-RECO_CMSSW_6_2_0_SLHC12_2023Scenario_Case3/calabria_SingleMuPt500_GEN-SIM-DIGI-RECO_CMSSW_6_2_0_SLHC12_2023Scenario_Case3/41247ff61fcce1e4991e517dad8c5752/out_reco_51_1_LZd.root
18-Jun-2014 00:49:56 CEST  Successfully opened file file:/lustre/cms//store/user/calabria/calabria_SingleMuPt500_GEN-SIM-DIGI-RECO_CMSSW_6_2_0_SLHC12_2023Scenario_Case3/calabria_SingleMuPt500_GEN-SIM-DIGI-RECO_CMSSW_6_2_0_SLHC12_2023Scenario_Case3/41247ff61fcce1e4991e517dad8c5752/out_reco_51_1_LZd.root
18-Jun-2014 00:50:22 CEST  Closed file file:/lustre/cms//store/user/calabria/calabria_SingleMuPt500_GEN-SIM-DIGI-RECO_CMSSW_6_2_0_SLHC12_2023Scenario_Case3/calabria_SingleMuPt500_GEN-SIM-DIGI-RECO_CMSSW_6_2_0_SLHC12_2023Scenario_Case3/41247ff61fcce1e4991e517dad8c5752/out_reco_51_1_LZd.root
18-Jun-2014 00:50:22 CEST  Initiating request to open file file:/lustre/cms//store/user/calabria/calabria_SingleMuPt500_GEN-SIM-DIGI-RECO_CMSSW_6_2_0_SLHC12_2023Scenario_Case3/calabria_SingleMuPt500_GEN-SIM-DIGI-RECO_CMSSW_6_2_0_SLHC12_2023Scenario_Case3/41247ff61fcce1e4991e517dad8c5752/out_reco_52_1_LIy.root
18-Jun-2014 00:50:22 CEST  Successfully opened file file:/lustre/cms//store/user/calabria/calabria_SingleMuPt500_GEN-SIM-DIGI-RECO_CMSSW_6_2_0_SLHC12_2023Scenario_Case3/calabria_SingleMuPt500_GEN-SIM-DIGI-RECO_CMSSW_6_2_0_SLHC12_2023Scenario_Case3/41247ff61fcce1e4991e517dad8c5752/out_reco_52_1_LIy.root
18-Jun-2014 00:50:51 CEST  Closed file file:/lustre/cms//store/user/calabria/calabria_SingleMuPt500_GEN-SIM-DIGI-RECO_CMSSW_6_2_0_SLHC12_2023Scenario_Case3/calabria_SingleMuPt500_GEN-SIM-DIGI-RECO_CMSSW_6_2_0_SLHC12_2023Scenario_Case3/41247ff61fcce1e4991e517dad8c5752/out_reco_52_1_LIy.root
18-Jun-2014 00:50:51 CEST  Initiating request to open file file:/lustre/cms//store/user/calabria/calabria_SingleMuPt500_GEN-SIM-DIGI-RECO_CMSSW_6_2_0_SLHC12_2023Scenario_Case3/calabria_SingleMuPt500_GEN-SIM-DIGI-RECO_CMSSW_6_2_0_SLHC12_2023Scenario_Case3/41247ff61fcce1e4991e517dad8c5752/out_reco_55_1_ojC.root
18-Jun-2014 00:50:51 CEST  Successfully opened file file:/lustre/cms//store/user/calabria/calabria_SingleMuPt500_GEN-SIM-DIGI-RECO_CMSSW_6_2_0_SLHC12_2023Scenario_Case3/calabria_SingleMuPt500_GEN-SIM-DIGI-RECO_CMSSW_6_2_0_SLHC12_2023Scenario_Case3/41247ff61fcce1e4991e517dad8c5752/out_reco_55_1_ojC.root
18-Jun-2014 00:51:26 CEST  Closed file file:/lustre/cms//store/user/calabria/calabria_SingleMuPt500_GEN-SIM-DIGI-RECO_CMSSW_6_2_0_SLHC12_2023Scenario_Case3/calabria_SingleMuPt500_GEN-SIM-DIGI-RECO_CMSSW_6_2_0_SLHC12_2023Scenario_Case3/41247ff61fcce1e4991e517dad8c5752/out_reco_55_1_ojC.root
18-Jun-2014 00:51:26 CEST  Initiating request to open file file:/lustre/cms//store/user/calabria/calabria_SingleMuPt500_GEN-SIM-DIGI-RECO_CMSSW_6_2_0_SLHC12_2023Scenario_Case3/calabria_SingleMuPt500_GEN-SIM-DIGI-RECO_CMSSW_6_2_0_SLHC12_2023Scenario_Case3/41247ff61fcce1e4991e517dad8c5752/out_reco_56_1_Xcz.root
18-Jun-2014 00:51:26 CEST  Successfully opened file file:/lustre/cms//store/user/calabria/calabria_SingleMuPt500_GEN-SIM-DIGI-RECO_CMSSW_6_2_0_SLHC12_2023Scenario_Case3/calabria_SingleMuPt500_GEN-SIM-DIGI-RECO_CMSSW_6_2_0_SLHC12_2023Scenario_Case3/41247ff61fcce1e4991e517dad8c5752/out_reco_56_1_Xcz.root
18-Jun-2014 00:51:58 CEST  Closed file file:/lustre/cms//store/user/calabria/calabria_SingleMuPt500_GEN-SIM-DIGI-RECO_CMSSW_6_2_0_SLHC12_2023Scenario_Case3/calabria_SingleMuPt500_GEN-SIM-DIGI-RECO_CMSSW_6_2_0_SLHC12_2023Scenario_Case3/41247ff61fcce1e4991e517dad8c5752/out_reco_56_1_Xcz.root
18-Jun-2014 00:51:58 CEST  Initiating request to open file file:/lustre/cms//store/user/calabria/calabria_SingleMuPt500_GEN-SIM-DIGI-RECO_CMSSW_6_2_0_SLHC12_2023Scenario_Case3/calabria_SingleMuPt500_GEN-SIM-DIGI-RECO_CMSSW_6_2_0_SLHC12_2023Scenario_Case3/41247ff61fcce1e4991e517dad8c5752/out_reco_57_1_MxE.root
18-Jun-2014 00:51:58 CEST  Successfully opened file file:/lustre/cms//store/user/calabria/calabria_SingleMuPt500_GEN-SIM-DIGI-RECO_CMSSW_6_2_0_SLHC12_2023Scenario_Case3/calabria_SingleMuPt500_GEN-SIM-DIGI-RECO_CMSSW_6_2_0_SLHC12_2023Scenario_Case3/41247ff61fcce1e4991e517dad8c5752/out_reco_57_1_MxE.root
18-Jun-2014 00:52:31 CEST  Closed file file:/lustre/cms//store/user/calabria/calabria_SingleMuPt500_GEN-SIM-DIGI-RECO_CMSSW_6_2_0_SLHC12_2023Scenario_Case3/calabria_SingleMuPt500_GEN-SIM-DIGI-RECO_CMSSW_6_2_0_SLHC12_2023Scenario_Case3/41247ff61fcce1e4991e517dad8c5752/out_reco_57_1_MxE.root
18-Jun-2014 00:52:31 CEST  Initiating request to open file file:/lustre/cms//store/user/calabria/calabria_SingleMuPt500_GEN-SIM-DIGI-RECO_CMSSW_6_2_0_SLHC12_2023Scenario_Case3/calabria_SingleMuPt500_GEN-SIM-DIGI-RECO_CMSSW_6_2_0_SLHC12_2023Scenario_Case3/41247ff61fcce1e4991e517dad8c5752/out_reco_58_1_Zpn.root
18-Jun-2014 00:52:31 CEST  Successfully opened file file:/lustre/cms//store/user/calabria/calabria_SingleMuPt500_GEN-SIM-DIGI-RECO_CMSSW_6_2_0_SLHC12_2023Scenario_Case3/calabria_SingleMuPt500_GEN-SIM-DIGI-RECO_CMSSW_6_2_0_SLHC12_2023Scenario_Case3/41247ff61fcce1e4991e517dad8c5752/out_reco_58_1_Zpn.root
18-Jun-2014 00:53:10 CEST  Closed file file:/lustre/cms//store/user/calabria/calabria_SingleMuPt500_GEN-SIM-DIGI-RECO_CMSSW_6_2_0_SLHC12_2023Scenario_Case3/calabria_SingleMuPt500_GEN-SIM-DIGI-RECO_CMSSW_6_2_0_SLHC12_2023Scenario_Case3/41247ff61fcce1e4991e517dad8c5752/out_reco_58_1_Zpn.root

=============================================

MessageLogger Summary

 type     category        sev    module        subroutine        count    total
 ---- -------------------- -- ---------------- ----------------  -----    -----
    1 fileAction           -s file_close                            10       10
    2 fileAction           -s file_open                             20       20

 type    category    Examples: run/evt        run/evt          run/evt
 ---- -------------------- ---------------- ---------------- ----------------
    1 fileAction           PostProcessEvent PostProcessEvent PostEndRun
    2 fileAction           pre-events       pre-events       PostProcessEvent

Severity    # Occurrences   Total Occurrences
--------    -------------   -----------------
System                 30                  30
>>> END OF printout of 50 lines from stdout+stderr
>>> Parse FrameworkJobReport crab_fjr.xml
Result of parsing the FrameworkJobReport crab_fjr.xml: Popularity start
lumisRange : 1::::1;1::::2;1::::3;1::::4;1::::5;1::::6;1::::7;1::::8;1::::9;1::::10;
lumisParentRange : 
Basename : /store/user/calabria/calabria_SingleMuPt500_GEN-SIM-DIGI-RECO_CMSSW_6_2_0_SLHC12_2023Scenario_Case3/calabria_SingleMuPt500_GEN-SIM-DIGI-RECO_CMSSW_6_2_0_SLHC12_2023Scenario_Case3/41247ff61fcce1e4991e517dad8c5752/out_reco_
BasenameParent : 
parentFiles : 
inputBlocks : /calabria_SingleMuPt500_GEN-SIM-DIGI-RECO_CMSSW_6_2_0_SLHC12_2023Scenario_Case3/calabria-calabria_SingleMuPt500_GEN-SIM-DIGI-RECO_CMSSW_6_2_0_SLHC12_2023Scenario_Case3-41247ff61fcce1e4991e517dad8c5752/USER#24bb5da0-4f25-4f36-bf2e-f20179b22dbd
inputFiles : 51_1_LZd.root::1::EDM::Local::1;46_1_0m8.root::1::EDM::Local::2;55_1_ojC.root::1::EDM::Local::3;56_1_Xcz.root::1::EDM::Local::4;45_1_8mE.root::1::EDM::Local::5;58_1_Zpn.root::1::EDM::Local::6;50_1_Ejn.root::1::EDM::Local::7;49_1_ABI.root::1::EDM::Local::8;57_1_MxE.root::1::EDM::Local::9;52_1_LIy.root::1::EDM::Local::10;
Popularity stop
Extracted ExitStatus from FrameworkJobReport parsing output: 0
>>> Executable succeded  0
ExeExitCode=0
EXECUTABLE_EXIT_STATUS = 0
>>> current directory /home/cms017/home_cream_744240632/CREAM744240632/glide_mQXXgo/execute/dir_4781/CMSSW_6_2_0_SLHC12
>>>  (SOFTWARE_DIR): /home/cms017/home_cream_744240632/CREAM744240632/glide_mQXXgo/execute/dir_4781/CMSSW_6_2_0_SLHC12
>>> (WORKING_DIR): 
>>> current directory content:
total 11128
drwxr-xr-x 3 cms017 cms    4096 Jun 18 00:47 .SCRAM
-rw------- 1 cms017 cms 3740371 Jun 18 00:47 CMSSW.py.pkl
drwxr-xr-x 3 cms017 cms    4096 Jun 18 00:47 bin
drwxr-xr-x 3 cms017 cms    4096 Jun 18 00:47 cfipython
drwxr-xr-x 4 cms017 cms    4096 Jun 18 00:47 config
-rw------- 1 cms017 cms      16 Jun 18 00:53 cpu_timing.txt
drwxr-xr-x 2 cms017 cms    4096 Jun 18 00:47 doc
-rw------- 1 cms017 cms    9955 Jun 18 00:53 executable.out
drwxr-xr-x 2 cms017 cms    4096 Jun 18 00:47 include
drwx------ 3 cms017 cms    4096 Apr 28 18:12 lib
drwxr-xr-x 3 cms017 cms    4096 Jun 18 00:47 logs
drwxr-xr-x 3 cms017 cms    4096 Jun 18 00:47 objs
-rw------- 1 cms017 cms     104 Jun 18 00:47 pset.py
-rw------- 1 cms017 cms 3712320 Jun 18 00:47 pset.py.pkl
-rw------- 1 cms017 cms     289 Jun 18 00:47 pset.pyc
drwxr-xr-x 2 cms017 cms    4096 Jun 18 00:47 python
-rw------- 1 cms017 cms     413 Jun 18 00:53 report.log
drwx------ 6 cms017 cms    4096 Jun 18 00:47 src
drwxr-xr-x 3 cms017 cms    4096 Jun 18 00:47 test
drwxr-xr-x 3 cms017 cms    4096 Jun 18 00:47 tmp
-rw------- 1 cms017 cms 3839460 Jun 18 00:53 validationEDM.root
>>> current directory /home/cms017/home_cream_744240632/CREAM744240632/glide_mQXXgo/execute/dir_4781/CMSSW_6_2_0_SLHC12
>>> (SOFTWARE_DIR): /home/cms017/home_cream_744240632/CREAM744240632/glide_mQXXgo/execute/dir_4781/CMSSW_6_2_0_SLHC12
>>> (WORKING_DIR): 
>>> current directory content:
total 11128
drwxr-xr-x 3 cms017 cms    4096 Jun 18 00:47 .SCRAM
-rw------- 1 cms017 cms 3740371 Jun 18 00:47 CMSSW.py.pkl
drwxr-xr-x 3 cms017 cms    4096 Jun 18 00:47 bin
drwxr-xr-x 3 cms017 cms    4096 Jun 18 00:47 cfipython
drwxr-xr-x 4 cms017 cms    4096 Jun 18 00:47 config
-rw------- 1 cms017 cms      16 Jun 18 00:53 cpu_timing.txt
drwxr-xr-x 2 cms017 cms    4096 Jun 18 00:47 doc
-rw------- 1 cms017 cms    9955 Jun 18 00:53 executable.out
drwxr-xr-x 2 cms017 cms    4096 Jun 18 00:47 include
drwx------ 3 cms017 cms    4096 Apr 28 18:12 lib
drwxr-xr-x 3 cms017 cms    4096 Jun 18 00:47 logs
drwxr-xr-x 3 cms017 cms    4096 Jun 18 00:47 objs
-rw------- 1 cms017 cms     104 Jun 18 00:47 pset.py
-rw------- 1 cms017 cms 3712320 Jun 18 00:47 pset.py.pkl
-rw------- 1 cms017 cms     289 Jun 18 00:47 pset.pyc
drwxr-xr-x 2 cms017 cms    4096 Jun 18 00:47 python
-rw------- 1 cms017 cms     413 Jun 18 00:53 report.log
drwx------ 6 cms017 cms    4096 Jun 18 00:47 src
drwxr-xr-x 3 cms017 cms    4096 Jun 18 00:47 test
drwxr-xr-x 3 cms017 cms    4096 Jun 18 00:47 tmp
-rw------- 1 cms017 cms 3839460 Jun 18 00:53 validationEDM_19_1_YRT.root
>>> current directory (RUNTIME_AREA):  /home/cms017/home_cream_744240632/CREAM744240632/glide_mQXXgo/execute/dir_4781
SE = storm-se-01.ba.infn.it
SE_PATH = /srm/managerv2?SFN=//cms/store/user/calabria/calabria_SingleMuPt500_GEN-SIM-DIGI-RECO_CMSSW_6_2_0_SLHC12_2023Scenario_Case3/calabria_MuMinus500_GEN-SIM-DIGI-RECO_CMSSW_6_2_0_SLHC12_2023Scenario_VALNOPU2_Case3/5854dd31cbd3cdec44c48628cc181cf0/
LFNBaseName = /store/user/calabria/calabria_SingleMuPt500_GEN-SIM-DIGI-RECO_CMSSW_6_2_0_SLHC12_2023Scenario_Case3/calabria_MuMinus500_GEN-SIM-DIGI-RECO_CMSSW_6_2_0_SLHC12_2023Scenario_VALNOPU2_Case3/5854dd31cbd3cdec44c48628cc181cf0/
USER = calabria
endpoint = srm://storm-se-01.ba.infn.it:8444/srm/managerv2?SFN=//cms/store/user/calabria/calabria_SingleMuPt500_GEN-SIM-DIGI-RECO_CMSSW_6_2_0_SLHC12_2023Scenario_Case3/calabria_MuMinus500_GEN-SIM-DIGI-RECO_CMSSW_6_2_0_SLHC12_2023Scenario_VALNOPU2_Case3/5854dd31cbd3cdec44c48628cc181cf0/
>>> Copy output files from WN = alicegrid69.ba.infn.it to /srm/managerv2?SFN=//cms/store/user/calabria/calabria_SingleMuPt500_GEN-SIM-DIGI-RECO_CMSSW_6_2_0_SLHC12_2023Scenario_Case3/calabria_MuMinus500_GEN-SIM-DIGI-RECO_CMSSW_6_2_0_SLHC12_2023Scenario_VALNOPU2_Case3/5854dd31cbd3cdec44c48628cc181cf0/ :
python cmscp.py  --destination srm://storm-se-01.ba.infn.it:8444/srm/managerv2?SFN=//cms/store/user/calabria/calabria_SingleMuPt500_GEN-SIM-DIGI-RECO_CMSSW_6_2_0_SLHC12_2023Scenario_Case3/calabria_MuMinus500_GEN-SIM-DIGI-RECO_CMSSW_6_2_0_SLHC12_2023Scenario_VALNOPU2_Case3/5854dd31cbd3cdec44c48628cc181cf0/ --inputFileList /home/cms017/home_cream_744240632/CREAM744240632/glide_mQXXgo/execute/dir_4781/CMSSW_6_2_0_SLHC12/validationEDM_19_1_YRT.root --middleware LCG --se_name storm-se-01.ba.infn.it --for_lfn /store/user/calabria/calabria_SingleMuPt500_GEN-SIM-DIGI-RECO_CMSSW_6_2_0_SLHC12_2023Scenario_Case3/calabria_MuMinus500_GEN-SIM-DIGI-RECO_CMSSW_6_2_0_SLHC12_2023Scenario_VALNOPU2_Case3/5854dd31cbd3cdec44c48628cc181cf0/    
******************************************************
localSeName  =  storm-se-01.ba.infn.it
remoteSeName =  storm-se-01.ba.infn.it
******************************************************
{"/home/cms017/home_cream_744240632/CREAM744240632/glide_mQXXgo/execute/dir_4781/CMSSW_6_2_0_SLHC12/validationEDM_19_1_YRT.root": {"endpoint": "srm://storm-se-01.ba.infn.it:8444/srm/managerv2?SFN=//cms/store/user/calabria/calabria_SingleMuPt500_GEN-SIM-DIGI-RECO_CMSSW_6_2_0_SLHC12_2023Scenario_Case3/calabria_MuMinus500_GEN-SIM-DIGI-RECO_CMSSW_6_2_0_SLHC12_2023Scenario_VALNOPU2_Case3/5854dd31cbd3cdec44c48628cc181cf0/", "surl_for_grid": "", "reason": "Copy succedeed with srm-lcg utils", "erCode": "0", "se_name": "storm-se-01.ba.infn.it", "for_lfn": "/store/user/calabria/calabria_SingleMuPt500_GEN-SIM-DIGI-RECO_CMSSW_6_2_0_SLHC12_2023Scenario_Case3/calabria_MuMinus500_GEN-SIM-DIGI-RECO_CMSSW_6_2_0_SLHC12_2023Scenario_VALNOPU2_Case3/5854dd31cbd3cdec44c48628cc181cf0/"}}/home/cms017/home_cream_744240632/CREAM744240632/glide_mQXXgo/execute/dir_4781
-------- cat /home/cms017/home_cream_744240632/CREAM744240632/glide_mQXXgo/execute/dir_4781/cmscpReport.sh 
#!/bin/bash
echo "Report for File: /home/cms017/home_cream_744240632/CREAM744240632/glide_mQXXgo/execute/dir_4781/CMSSW_6_2_0_SLHC12/validationEDM_19_1_YRT.root"
echo "LFN: /store/user/calabria/calabria_SingleMuPt500_GEN-SIM-DIGI-RECO_CMSSW_6_2_0_SLHC12_2023Scenario_Case3/calabria_MuMinus500_GEN-SIM-DIGI-RECO_CMSSW_6_2_0_SLHC12_2023Scenario_VALNOPU2_Case3/5854dd31cbd3cdec44c48628cc181cf0/validationEDM_19_1_YRT.root"
echo "StorageElement: storm-se-01.ba.infn.it"
echo "StageOutExitStatusReason = 'Copy succedeed with srm-lcg utils'" | tee -a $RUNTIME_AREA/$repo
echo "StageOutSE = storm-se-01.ba.infn.it" >> $RUNTIME_AREA/$repo

export StageOutExitStatus=0
echo "StageOutExitStatus = 0" | tee -a $RUNTIME_AREA/$repo
-------- end of /home/cms017/home_cream_744240632/CREAM744240632/glide_mQXXgo/execute/dir_4781/cmscpReport.sh 
Report for File: /home/cms017/home_cream_744240632/CREAM744240632/glide_mQXXgo/execute/dir_4781/CMSSW_6_2_0_SLHC12/validationEDM_19_1_YRT.root
LFN: /store/user/calabria/calabria_SingleMuPt500_GEN-SIM-DIGI-RECO_CMSSW_6_2_0_SLHC12_2023Scenario_Case3/calabria_MuMinus500_GEN-SIM-DIGI-RECO_CMSSW_6_2_0_SLHC12_2023Scenario_VALNOPU2_Case3/5854dd31cbd3cdec44c48628cc181cf0/validationEDM_19_1_YRT.root
StorageElement: storm-se-01.ba.infn.it
StageOutExitStatusReason = 'Copy succedeed with srm-lcg utils'
StageOutExitStatus = 0
>>> current dir: /home/cms017/home_cream_744240632/CREAM744240632/glide_mQXXgo/execute/dir_4781
>>> current dir content:
total 28080
-rw-------  1 cms017 cms     2786 Jun 18 00:54 .SEinteraction.log
-rwx------  1 cms017 cms     6824 Jun 18 00:47 .job.ad
-rwx------  1 cms017 cms     9458 Jun 18 00:47 .machine.ad
-rw-------  1 cms017 cms      105 Jun 16 20:41 CMSSW.py
-rw-------  1 cms017 cms  3740371 Jun 16 20:41 CMSSW.py.pkl
-rwx------  1 cms017 cms    29569 Jun 18 00:47 CMSSW.sh
drwxr-xr-x 15 cms017 cms     4096 Jun 18 00:53 CMSSW_6_2_0_SLHC12
-rw-------  1 cms017 cms      219 Jun 18 00:47 CacheEnv.sh
-rw-------  1 cms017 cms     7291 Apr  4 11:04 DashboardAPI.py
-rw-------  1 cms017 cms     6800 Jun 18 00:47 DashboardAPI.pyc
drwx------  2 cms017 cms     4096 Jun 18 00:53 IMProv
-rw-------  1 cms017 cms     2748 Apr  4 11:04 Logger.py
-rw-------  1 cms017 cms     3342 Jun 18 00:47 Logger.pyc
-rw-------  1 cms017 cms    24524 Apr  4 11:04 ProcInfo.py
-rw-------  1 cms017 cms    23173 Jun 18 00:47 ProcInfo.pyc
drwx------  7 cms017 cms     4096 Jun 18 00:47 ProdCommon
drwx------  3 cms017 cms     4096 Jun 18 00:47 WMCore
-rw-------  1 cms017 cms     2510 Jun 18 00:53 Watchdog_19.log
-rwx------  1 cms017 cms        0 Jun 18 00:47 _condor_stderr
-rwx---r--  1 cms017 cms    29471 Jun 18 00:54 _condor_stdout
-rw-------  1 cms017 cms    32895 Apr  4 11:04 apmon.py
-rw-------  1 cms017 cms    28596 Jun 18 00:47 apmon.pyc
-rwx------  1 cms017 cms    53886 Jun 18 00:47 arguments.xml
-rwx------  1 cms017 cms    38515 Apr  4 11:04 cmscp.py
-rw-------  1 cms017 cms      719 Jun 18 00:54 cmscpReport.sh
-rwx------  1 cms017 cms    29569 Jun 18 00:47 condor_exec.exe
-rw-------  1 cms017 cms      963 Jun 16 20:41 crab.cfg
-rwx------  1 cms017 cms     8610 Apr  4 11:04 crabWatchdog.sh
-rwx---r--  1 cms017 cms   523290 Jun 18 00:53 crab_fjr_19.xml
-rwx------  1 cms017 cms 23960266 Jun 18 00:47 default.tgz
-rwx------  1 cms017 cms     4488 Apr  4 11:04 fillCrabFjr.py
-rw-------  1 cms017 cms     2641 Jun 18 00:47 inputsReport.txt
-rw-------  1 cms017 cms      262 Jun 18 00:54 jobreport.txt
-rw-------  1 cms017 cms    17352 Apr  4 11:04 parseCrabFjr.py
-rw-------  1 cms017 cms      333 Jun 18 00:47 report.log
-rwx--x--x  1 cms017 cms     1497 Apr  4 11:04 report.py
-rw-------  1 cms017 cms      775 Jun 18 00:54 resultCopyFile
lrwxrwxrwx  1 cms017 cms      125 Jun 18 00:53 validationEDM.root -> /home/cms017/home_cream_744240632/CREAM744240632/glide_mQXXgo/execute/dir_4781/CMSSW_6_2_0_SLHC12/validationEDM_19_1_YRT.root
-rwx------  1 cms017 cms     8387 Apr  4 11:04 writeCfg.py
-rw-------  1 cms017 cms     8010 Jun 18 00:47 x509up_u50707
>>> Modify Job Report:
CMSSW_VERSION = CMSSW_6_2_0_SLHC12
ProcessedDataset = calabria_MuMinus500_GEN-SIM-DIGI-RECO_CMSSW_6_2_0_SLHC12_2023Scenario_VALNOPU2_Case3
/home/cms017/home_cream_744240632/CREAM744240632/glide_mQXXgo/execute/dir_4781/ProdCommon/FwkJobRep/ModifyJobReport.py fjr /home/cms017/home_cream_744240632/CREAM744240632/glide_mQXXgo/execute/dir_4781/crab_fjr_19.xml json /home/cms017/home_cream_744240632/CREAM744240632/glide_mQXXgo/execute/dir_4781/resultCopyFile n_job 19_1_YRT PrimaryDataset calabria_SingleMuPt500_GEN-SIM-DIGI-RECO_CMSSW_6_2_0_SLHC12_2023Scenario_Case3  ApplicationFamily cmsRun ApplicationName cmsRun cmssw_version CMSSW_6_2_0_SLHC12 psethash 5854dd31cbd3cdec44c48628cc181cf0 UserProcessedDataset calabria-calabria_MuMinus500_GEN-SIM-DIGI-RECO_CMSSW_6_2_0_SLHC12_2023Scenario_VALNOPU2_Case3-5854dd31cbd3cdec44c48628cc181cf0
inputDict =  {u'/home/cms017/home_cream_744240632/CREAM744240632/glide_mQXXgo/execute/dir_4781/CMSSW_6_2_0_SLHC12/validationEDM_19_1_YRT.root': {u'endpoint': u'srm://storm-se-01.ba.infn.it:8444/srm/managerv2?SFN=//cms/store/user/calabria/calabria_SingleMuPt500_GEN-SIM-DIGI-RECO_CMSSW_6_2_0_SLHC12_2023Scenario_Case3/calabria_MuMinus500_GEN-SIM-DIGI-RECO_CMSSW_6_2_0_SLHC12_2023Scenario_VALNOPU2_Case3/5854dd31cbd3cdec44c48628cc181cf0/', u'surl_for_grid': u'', u'reason': u'Copy succedeed with srm-lcg utils', u'erCode': u'0', u'se_name': u'storm-se-01.ba.infn.it', u'for_lfn': u'/store/user/calabria/calabria_SingleMuPt500_GEN-SIM-DIGI-RECO_CMSSW_6_2_0_SLHC12_2023Scenario_Case3/calabria_MuMinus500_GEN-SIM-DIGI-RECO_CMSSW_6_2_0_SLHC12_2023Scenario_VALNOPU2_Case3/5854dd31cbd3cdec44c48628cc181cf0/'}}
UserProcessedDataset =  calabria-calabria_MuMinus500_GEN-SIM-DIGI-RECO_CMSSW_6_2_0_SLHC12_2023Scenario_VALNOPU2_Case3-5854dd31cbd3cdec44c48628cc181cf0
file_name in inputDict =  /home/cms017/home_cream_744240632/CREAM744240632/glide_mQXXgo/execute/dir_4781/CMSSW_6_2_0_SLHC12/validationEDM_19_1_YRT.root
(size) os.stat(filename)[6] =  3839460
checksum =  4228429283
    file =  validationEDM_19_1_YRT.root
    newPfn =  srm://storm-se-01.ba.infn.it:8444/srm/managerv2?SFN=//cms/store/user/calabria/calabria_SingleMuPt500_GEN-SIM-DIGI-RECO_CMSSW_6_2_0_SLHC12_2023Scenario_Case3/calabria_MuMinus500_GEN-SIM-DIGI-RECO_CMSSW_6_2_0_SLHC12_2023Scenario_VALNOPU2_Case3/5854dd31cbd3cdec44c48628cc181cf0/validationEDM_19_1_YRT.root
    newLfn =  /store/user/calabria/calabria_SingleMuPt500_GEN-SIM-DIGI-RECO_CMSSW_6_2_0_SLHC12_2023Scenario_Case3/calabria_MuMinus500_GEN-SIM-DIGI-RECO_CMSSW_6_2_0_SLHC12_2023Scenario_VALNOPU2_Case3/5854dd31cbd3cdec44c48628cc181cf0/validationEDM_19_1_YRT.root
>>> crab_fjr_*.xml  permission set to 0704
CrabWrapper EXIT_FUNC entered at Wed Jun 18 00:54:06 CEST 2014   -  Tue Jun 17 22:54:06 UTC 2014
Checking output files:  
will tar file crab_fjr_19.xml in  out_files_19
WARNING: output file CMSSW_19.stdout not found!
WARNING: output file CMSSW_19.stderr not found!
WARNING: output file Watchdog_19.log.gz not found!
>>> padding time: Sleeping the wrapper for 217 seconds
STOPPING WATCHDOG. CrabWatchdog PID is 5116
********** LAST 50 LINES OF WATCHDOG LOG
# RESOURCE USAGE SUMMARY FOR PROCESS ID  4838
USER       PID %CPU %MEM    VSZ   RSS TTY      STAT START   TIME COMMAND
cms017    4838  0.4  0.0   9496  1592 ?        S    00:47   0:00 /bin/sh /home/cms017/home_cream_744240632/CREAM744240632/glide_mQXXgo/execute/dir_4781/condor_exec.exe 19 1
 
# LIMITS USED BY CRAB WATCHDOG:
# RSS  (KBytes)   : 2300000
# VSZ  (KBytes)   : 100000000
# DISK (MBytes)   : 19000
# CPU TIME        : 720h:0m:0s
# WALL CLOCK TIME : 21h:50m:0s
 
# FOLLOWING PRINTOUT TRACKS MAXIMUM VALUES OF RESOURCES USE
# ONE LINE IS PRINTED EACH TIME A MAXIMUM CHANGES
# IF CHANGE WAS IN RSS OR VSZ ALSO PROCID AND COMMAND ARE PRINTED
# THERE IS NO PRINTOUT FOR CPU/WALL TIME INCREASE
 
# TIME			PID	RSS(KB)	VSZ(KB)	Dsk(MB)	tCPU(s)	tWALL(s)	COMMAND
 Jun 18 00:47:48 CEST	1677	1396	9364	0	0	0	/bin/bash /home/cms017/home_cream_744240632/CREAM744240632/glide_mQXXgo/main/condor_startup.sh glidein_config        
 Jun 18 00:47:48 CEST	4777	8012	93332	0	0	0	/home/cms017/home_cream_744240632/CREAM744240632/glide_mQXXgo/main/condor/sbin/condor_master -f -pidfile /home/cms017/home_cream_744240632/CREAM744240632/glide_mQXXgo/condor_master2.pid       
 Jun 18 00:47:48 CEST	4781	8416	93608	0	0	0	condor_starter -f submit-4.t2.ucsd.edu        
 Jun 18 00:47:48 CEST	5128	30600	96756	0	0	1	edmConfigHash pset.py         
 Jun 18 00:47:48 CEST	12248	30600	106092	0	0	1	sh -c "./glidein_startup.sh" -v std -name v3_0 -entry CMS_T2_IT_Bari_ce2 -clientname UCSD-v1_0.main
 Jun 18 00:47:48 CEST	12253	30600	106492	0	0	1	/bin/bash ./glidein_startup.sh -v std -name v3_0 -entry CMS_T2_IT_Bari_ce2 -clientname UCSD-v1_0.main -schedd
 Jun 18 00:47:48 CEST	---	30600	106492	171	----	----	----
 Jun 18 00:48:49 CEST	7397	715928	995640	171	36	62	cmsRun -j /home/cms017/home_cream_744240632/CREAM744240632/glide_mQXXgo/execute/dir_4781/crab_fjr_19.xml -p pset.py      
 Jun 18 00:48:49 CEST	---	715928	995640	175	----	----	----
 Jun 18 00:49:50 CEST	7397	732972	1020244	175	85	122	cmsRun -j /home/cms017/home_cream_744240632/CREAM744240632/glide_mQXXgo/execute/dir_4781/crab_fjr_19.xml -p pset.py      
 Jun 18 00:51:51 CEST	7397	732972	1026856	175	177	244	cmsRun -j /home/cms017/home_cream_744240632/CREAM744240632/glide_mQXXgo/execute/dir_4781/crab_fjr_19.xml -p pset.py      
 Jun 18 00:52:52 CEST	7397	732972	1036584	175	224	305	cmsRun -j /home/cms017/home_cream_744240632/CREAM744240632/glide_mQXXgo/execute/dir_4781/crab_fjr_19.xml -p pset.py      
 Jun 18 00:53:53 CEST	---	732972	1036584	179	----	----	----
********** WATCHDOG LOG ENDED
ZIPPING WATCHDOG LOG
Disk space used:
du -sh /home/cms017/home_cream_744240632/CREAM744240632/glide_mQXXgo/execute/dir_4781
179M	/home/cms017/home_cream_744240632/CREAM744240632/glide_mQXXgo/execute/dir_4781
Found unusual stdout, rename for OSB
`/home/cms017/home_cream_744240632/CREAM744240632/glide_mQXXgo/execute/dir_4781/_condor_stdout' -> `CMSSW_19.stdout'
Found unusual stderr, rename for OSB
`/home/cms017/home_cream_744240632/CREAM744240632/glide_mQXXgo/execute/dir_4781/_condor_stdout' -> `CMSSW_19.stderr'
crab_fjr_19.xml
CMSSW_19.stdout
CMSSW_19.stderr
Watchdog_19.log.gz
Total Output dimension: 70076
WARNING: output files size limit is set to: 50000000
Total Output dimension 70076 is fine.
JOB_EXIT_STATUS = 0
>>> info for dashboard:
***** Cat /home/cms017/home_cream_744240632/CREAM744240632/glide_mQXXgo/execute/dir_4781/jobreport.txt *****
MonitorJobID=19_https://submit-4.t2.ucsd.edu//140616//222483.18
MonitorID=calabria_MuMinus500_Case3_ReReco_o7d5t0
ExeTime=310
ExeExitCode=0
StageOutExitStatusReason = 'Copy succedeed with srm-lcg utils'
StageOutSE = storm-se-01.ba.infn.it
StageOutExitStatus = 0
CrabUserCpuTime=236.06
CrabSysCpuTime=5.66
CrabCpuPercentage=77%
CrabWrapperTime=600
CrabStageoutTime=48
JobExitCode=0
***** End Cat jobreport *****
Parameters sent to Dashboard.
EXITING at Wed Jun 18 00:57:48 CEST 2014  -  Tue Jun 17 22:57:48 UTC 2014
