This script was generated by crab (version 2.10.5_patch1).
Running /home/cms040/home_cream_740848213/CREAM740848213/glide_VUcYgI/execute/dir_1182/condor_exec.exe with 2 positional parameters: 1 1
Today is Wed Jun 18 00:38:12 CEST 2014 - Tue Jun 17 22:38:12 UTC 2014
Job submitted on host wn-recas-uniba-17.ba.infn.it
Linux wn-recas-uniba-17.ba.infn.it 2.6.32-358.23.2.el6.x86_64 #1 SMP Thu Oct 17 10:27:22 CEST 2013 x86_64 x86_64 x86_64 GNU/Linux
>>> current directory (RUNTIME_AREA): /home/cms040/home_cream_740848213/CREAM740848213/glide_VUcYgI/execute/dir_1182
>>> current user: uid=18598(cms040) gid=1399(cms) groups=1399(cms)
>>> directory permission set to 0700
>>> umask set to:  u=rwx,g=,o=
>>> stdout stderr permission set to 0704
>>> voms proxy information:
subject   : /C=IT/O=INFN/OU=Personal Certificate/L=Bari/CN=Cesare Calabria/CN=477126703/CN=1833365428
issuer    : /C=IT/O=INFN/OU=Personal Certificate/L=Bari/CN=Cesare Calabria/CN=477126703
identity  : /C=IT/O=INFN/OU=Personal Certificate/L=Bari/CN=Cesare Calabria
type      : RFC3820 compliant limited proxy
strength  : 1024
path      : /home/cms040/home_cream_740848213/CREAM740848213/glide_VUcYgI/execute/dir_1182/x509up_u50707
timeleft  : 23:58:50
key usage : Digital Signature, Key Encipherment, Data Encipherment
=== VO cms extension information ===
VO        : cms
subject   : /C=IT/O=INFN/OU=Personal Certificate/L=Bari/CN=Cesare Calabria
issuer    : /DC=ch/DC=cern/OU=computers/CN=voms.cern.ch
attribute : /cms/Role=NULL/Capability=NULL
attribute : /cms/itcms/Role=NULL/Capability=NULL
timeleft  : 154:46:06
uri       : voms.cern.ch:15002

WNHostName=wn-recas-uniba-17.ba.infn.it
>>> tar --no-same-permissions -xf /home/cms040/home_cream_740848213/CREAM740848213/glide_VUcYgI/execute/dir_1182/default.tgz :
Successful untar
>>> Include /home/cms040/home_cream_740848213/CREAM740848213/glide_VUcYgI/execute/dir_1182 in PYTHONPATH:
strip arguments
env var CRAB_UNIQUE_JOB_ID set to: calabria_MuMinus500_Case3_ReReco_o7d5t0_1_1_rMV
out_files_1
>>> list of expected files on output sandbox
output files: crab_fjr_1.xml CMSSW_1.stdout CMSSW_1.stderr Watchdog_1.log.gz
>>> GridFlavour discovery: 
GridFlavour=LCG
>>> SyncSite discovery: 
SyncSite=T2_IT_Bari
>>> SyncCE discovery: 
getting SyncCE from CE_ID
SyncCE=cream-ce-2.ba.infn.it:8443/cream-pbs-cms
>>> info for dashboard:
***** Cat /home/cms040/home_cream_740848213/CREAM740848213/glide_VUcYgI/execute/dir_1182/jobreport.txt *****
WNHostName=wn-recas-uniba-17.ba.infn.it
MonitorJobID=1_https://submit-4.t2.ucsd.edu//140616//222483.0
SyncGridJobId=https://submit-4.t2.ucsd.edu//140616//222483.0
MonitorID=calabria_MuMinus500_Case3_ReReco_o7d5t0
GridFlavour=LCG
SyncSite=T2_IT_Bari
SyncCE=cream-ce-2.ba.infn.it:8443/cream-pbs-cms
***** End Cat jobreport *****
Parameters sent to Dashboard.
>>> setup environment
set SCRAM ARCH to slc5_amd64_gcc472
SCRAM_ARCH = slc5_amd64_gcc472
>>> setup CMS LCG environment:
set SCRAM ARCH and BUILD_ARCH to slc5_amd64_gcc472 ###
Sourcing environment... 
sourcing /cvmfs/cms.cern.ch/cmsset_default.sh
==> setup cms environment ok
>>> specific cmssw setup environment:
CMSSW_VERSION =  CMSSW_6_2_0_SLHC12
>>> current directory (SOFTWARE_DIR): /home/cms040/home_cream_740848213/CREAM740848213/glide_VUcYgI/execute/dir_1182/CMSSW_6_2_0_SLHC12
PreserveSeeds: <>
IncrementSeeds:<>
>>> info for dashboard:
***** Cat /home/cms040/home_cream_740848213/CREAM740848213/glide_VUcYgI/execute/dir_1182/jobreport.txt *****
MonitorJobID=1_https://submit-4.t2.ucsd.edu//140616//222483.0
MonitorID=calabria_MuMinus500_Case3_ReReco_o7d5t0
***** End Cat jobreport *****
Parameters sent to Dashboard.
crabWatchdog started as process 1400
>>> moving CMSSW software directories in /home/cms040/home_cream_740848213/CREAM740848213/glide_VUcYgI/execute/dir_1182/CMSSW_6_2_0_SLHC12
mv: cannot stat `/home/cms040/home_cream_740848213/CREAM740848213/glide_VUcYgI/execute/dir_1182/module/': No such file or directory
>>> Include /home/cms040/home_cream_740848213/CREAM740848213/glide_VUcYgI/execute/dir_1182 in PYTHONPATH:
PYTHONPATH=/home/cms040/home_cream_740848213/CREAM740848213/glide_VUcYgI/execute/dir_1182/:/home/cms040/home_cream_740848213/CREAM740848213/glide_VUcYgI/execute/dir_1182/CMSSW_6_2_0_SLHC12/python:/home/cms040/home_cream_740848213/CREAM740848213/glide_VUcYgI/execute/dir_1182/CMSSW_6_2_0_SLHC12/lib/slc5_amd64_gcc472:/cvmfs/cms.cern.ch/slc5_amd64_gcc472/cms/cmssw/CMSSW_6_2_0_SLHC12/python:/cvmfs/cms.cern.ch/slc5_amd64_gcc472/cms/cmssw/CMSSW_6_2_0_SLHC12/lib/slc5_amd64_gcc472:/cvmfs/cms.cern.ch/slc5_amd64_gcc472/cms/coral/CORAL_2_3_21-cms36/slc5_amd64_gcc472/python:/cvmfs/cms.cern.ch/slc5_amd64_gcc472/cms/coral/CORAL_2_3_21-cms36/slc5_amd64_gcc472/lib:/cvmfs/cms.cern.ch/slc5_amd64_gcc472/external/pyqt/4.8.1-cms6/lib/python2.7/site-packages:/cvmfs/cms.cern.ch/slc5_amd64_gcc472/external/py2-scipy/0.8.0-cms8/lib/python2.7/site-packages:/cvmfs/cms.cern.ch/slc5_amd64_gcc472/external/py2-matplotlib/1.0.1-cms8/lib/python2.7/site-packages:/cvmfs/cms.cern.ch/slc5_amd64_gcc472/external/python-ldap/2.3.5-cms6/lib/python2.7/site-packages:/cvmfs/cms.cern.ch/slc5_amd64_gcc472/external/sip/4.11.2-cms6/lib/python2.7/site-packages:/cvmfs/cms.cern.ch/slc5_amd64_gcc472/external/py2-pycurl/7.19.0-cms8/lib/python2.7/site-packages:/cvmfs/cms.cern.ch/slc5_amd64_gcc472/external/py2-numpy/1.6.1-cms8/lib/python2.7/site-packages:/cvmfs/cms.cern.ch/slc5_amd64_gcc472/external/py2-lint/0.25.1-cms6/lib/python2.7/site-packages:/cvmfs/cms.cern.ch/slc5_amd64_gcc472/external/py2-ipython/0.10-cms6/lib/python2.7/site-packages:/cvmfs/cms.cern.ch/slc5_amd64_gcc472/external/py2-cx-oracle/5.1-cms7/lib/python2.7/site-packages:/cvmfs/cms.cern.ch/slc5_amd64_gcc472/external/py2-cjson/1.0.5-cms6/lib/python2.7/site-packages:/cvmfs/cms.cern.ch/slc5_amd64_gcc472/cms/das-client/1.11.7/bin:/cvmfs/cms.cern.ch/slc5_amd64_gcc472/external/elementtree/1.2.6-cms6/share/lib/python2.7/site-packages:/cvmfs/cms.cern.ch/slc5_amd64_gcc472/external/rivet/1.8.2-cms8/lib/python2.7/site-packages:/cvmfs/cms.cern.ch/slc5_amd64_gcc472/external/pyminuit2/0.0.1-cms19/lib/python2.7/site-packages:/cvmfs/cms.cern.ch/slc5_amd64_gcc472/external/py2-pygithub/1.23.0/lib/python2.7/site-packages:/cvmfs/cms.cern.ch/slc5_amd64_gcc472/external/professor/1.0.0-cms19/lib/python2.7/site-packages:/cvmfs/cms.cern.ch/slc5_amd64_gcc472/lcg/root/5.34.07-cms/lib:/cvmfs/cms.cern.ch/slc5_amd64_gcc472/cms/dbs-client/DBS_2_1_9-cms5/lib:/cvmfs/cms.cern.ch/slc5_amd64_gcc472/cms/dbs-client/DBS_2_1_9-cms5/lib/DBSAPI:/cvmfs/cms.cern.ch/slc5_amd64_gcc472/external/cvs2git/5419-cms/lib:/home/cms040/home_cream_740848213/CREAM740848213/glide_VUcYgI/execute/dir_1182/
 
# LIMITS USED BY CRAB WATCHDOG:
# RSS  (KBytes)   : 2300000
# VSZ  (KBytes)   : 100000000
# DISK (MBytes)   : 19000
# CPU TIME        : 720h:0m:0s
# WALL CLOCK TIME : 21h:50m:0s
 
5854dd31cbd3cdec44c48628cc181cf0
PSETHASH = 5854dd31cbd3cdec44c48628cc181cf0
/home/cms040/home_cream_740848213/CREAM740848213/glide_VUcYgI/execute/dir_1182/writeCfg.py pset.py pset.py
Importing .py file
Setting parameters
RandomNumberGeneratorService found, will attempt to change seeds
inputBlocks=/calabria_SingleMuPt500_GEN-SIM-DIGI-RECO_CMSSW_6_2_0_SLHC12_2023Scenario_Case3/calabria-calabria_SingleMuPt500_GEN-SIM-DIGI-RECO_CMSSW_6_2_0_SLHC12_2023Scenario_Case3-41247ff61fcce1e4991e517dad8c5752/USER#24bb5da0-4f25-4f36-bf2e-f20179b22dbd
inputFiles=/store/user/calabria/calabria_SingleMuPt500_GEN-SIM-DIGI-RECO_CMSSW_6_2_0_SLHC12_2023Scenario_Case3/calabria_SingleMuPt500_GEN-SIM-DIGI-RECO_CMSSW_6_2_0_SLHC12_2023Scenario_Case3/41247ff61fcce1e4991e517dad8c5752/out_reco_172_1_3L6.root;/store/user/calabria/calabria_SingleMuPt500_GEN-SIM-DIGI-RECO_CMSSW_6_2_0_SLHC12_2023Scenario_Case3/calabria_SingleMuPt500_GEN-SIM-DIGI-RECO_CMSSW_6_2_0_SLHC12_2023Scenario_Case3/41247ff61fcce1e4991e517dad8c5752/out_reco_174_1_bkL.root;/store/user/calabria/calabria_SingleMuPt500_GEN-SIM-DIGI-RECO_CMSSW_6_2_0_SLHC12_2023Scenario_Case3/calabria_SingleMuPt500_GEN-SIM-DIGI-RECO_CMSSW_6_2_0_SLHC12_2023Scenario_Case3/41247ff61fcce1e4991e517dad8c5752/out_reco_175_1_LPH.root;/store/user/calabria/calabria_SingleMuPt500_GEN-SIM-DIGI-RECO_CMSSW_6_2_0_SLHC12_2023Scenario_Case3/calabria_SingleMuPt500_GEN-SIM-DIGI-RECO_CMSSW_6_2_0_SLHC12_2023Scenario_Case3/41247ff61fcce1e4991e517dad8c5752/out_reco_180_1_oDZ.root;/store/user/calabria/calabria_SingleMuPt500_GEN-SIM-DIGI-RECO_CMSSW_6_2_0_SLHC12_2023Scenario_Case3/calabria_SingleMuPt500_GEN-SIM-DIGI-RECO_CMSSW_6_2_0_SLHC12_2023Scenario_Case3/41247ff61fcce1e4991e517dad8c5752/out_reco_181_1_gmT.root;/store/user/calabria/calabria_SingleMuPt500_GEN-SIM-DIGI-RECO_CMSSW_6_2_0_SLHC12_2023Scenario_Case3/calabria_SingleMuPt500_GEN-SIM-DIGI-RECO_CMSSW_6_2_0_SLHC12_2023Scenario_Case3/41247ff61fcce1e4991e517dad8c5752/out_reco_184_1_TGp.root;/store/user/calabria/calabria_SingleMuPt500_GEN-SIM-DIGI-RECO_CMSSW_6_2_0_SLHC12_2023Scenario_Case3/calabria_SingleMuPt500_GEN-SIM-DIGI-RECO_CMSSW_6_2_0_SLHC12_2023Scenario_Case3/41247ff61fcce1e4991e517dad8c5752/out_reco_185_1_db6.root;/store/user/calabria/calabria_SingleMuPt500_GEN-SIM-DIGI-RECO_CMSSW_6_2_0_SLHC12_2023Scenario_Case3/calabria_SingleMuPt500_GEN-SIM-DIGI-RECO_CMSSW_6_2_0_SLHC12_2023Scenario_Case3/41247ff61fcce1e4991e517dad8c5752/out_reco_186_1_RYh.root;/store/user/calabria/calabria_SingleMuPt500_GEN-SIM-DIGI-RECO_CMSSW_6_2_0_SLHC12_2023Scenario_Case3/calabria_SingleMuPt500_GEN-SIM-DIGI-RECO_CMSSW_6_2_0_SLHC12_2023Scenario_Case3/41247ff61fcce1e4991e517dad8c5752/out_reco_190_1_BRk.root;/store/user/calabria/calabria_SingleMuPt500_GEN-SIM-DIGI-RECO_CMSSW_6_2_0_SLHC12_2023Scenario_Case3/calabria_SingleMuPt500_GEN-SIM-DIGI-RECO_CMSSW_6_2_0_SLHC12_2023Scenario_Case3/41247ff61fcce1e4991e517dad8c5752/out_reco_191_1_Ona.root
parentFiles=
lumisRange=
>>> Executable cmsRun
/cvmfs/cms.cern.ch/slc5_amd64_gcc472/cms/cmssw/CMSSW_6_2_0_SLHC12/bin/slc5_amd64_gcc472/cmsRun
ok executable found
>>> info for dashboard:
***** Cat /home/cms040/home_cream_740848213/CREAM740848213/glide_VUcYgI/execute/dir_1182/jobreport.txt *****
MonitorJobID=1_https://submit-4.t2.ucsd.edu//140616//222483.0
MonitorID=calabria_MuMinus500_Case3_ReReco_o7d5t0
ExeStart=cmsRun
***** End Cat jobreport *****
Parameters sent to Dashboard.
>>> cmsRun started at Tue Jun 17 22:38:37 UTC 2014
>>> cmsRun ended at Tue Jun 17 22:44:15 UTC 2014
>>> crab_fjr_*.xml  permission set to 0704
>>> info for dashboard:
***** Cat /home/cms040/home_cream_740848213/CREAM740848213/glide_VUcYgI/execute/dir_1182/jobreport.txt *****
MonitorJobID=1_https://submit-4.t2.ucsd.edu//140616//222483.0
MonitorID=calabria_MuMinus500_Case3_ReReco_o7d5t0
ExeEnd=cmsRun
***** End Cat jobreport *****
Parameters sent to Dashboard.
TIME_EXE = 338 sec
>>> cmsRun wrote 50 lines of stdout+stderr
>>> START OF printout of 50 lines from stdout+stderr
271 DQMStore::DQMStore 
HcalTopologyIdealEP::HcalTopologyIdealEP
18-Jun-2014 00:38:55 CEST  Initiating request to open file file:/lustre/cms//store/user/calabria/calabria_SingleMuPt500_GEN-SIM-DIGI-RECO_CMSSW_6_2_0_SLHC12_2023Scenario_Case3/calabria_SingleMuPt500_GEN-SIM-DIGI-RECO_CMSSW_6_2_0_SLHC12_2023Scenario_Case3/41247ff61fcce1e4991e517dad8c5752/out_reco_172_1_3L6.root
18-Jun-2014 00:38:58 CEST  Successfully opened file file:/lustre/cms//store/user/calabria/calabria_SingleMuPt500_GEN-SIM-DIGI-RECO_CMSSW_6_2_0_SLHC12_2023Scenario_Case3/calabria_SingleMuPt500_GEN-SIM-DIGI-RECO_CMSSW_6_2_0_SLHC12_2023Scenario_Case3/41247ff61fcce1e4991e517dad8c5752/out_reco_172_1_3L6.root
18-Jun-2014 00:39:31 CEST  Closed file file:/lustre/cms//store/user/calabria/calabria_SingleMuPt500_GEN-SIM-DIGI-RECO_CMSSW_6_2_0_SLHC12_2023Scenario_Case3/calabria_SingleMuPt500_GEN-SIM-DIGI-RECO_CMSSW_6_2_0_SLHC12_2023Scenario_Case3/41247ff61fcce1e4991e517dad8c5752/out_reco_172_1_3L6.root
18-Jun-2014 00:39:31 CEST  Initiating request to open file file:/lustre/cms//store/user/calabria/calabria_SingleMuPt500_GEN-SIM-DIGI-RECO_CMSSW_6_2_0_SLHC12_2023Scenario_Case3/calabria_SingleMuPt500_GEN-SIM-DIGI-RECO_CMSSW_6_2_0_SLHC12_2023Scenario_Case3/41247ff61fcce1e4991e517dad8c5752/out_reco_174_1_bkL.root
18-Jun-2014 00:39:31 CEST  Successfully opened file file:/lustre/cms//store/user/calabria/calabria_SingleMuPt500_GEN-SIM-DIGI-RECO_CMSSW_6_2_0_SLHC12_2023Scenario_Case3/calabria_SingleMuPt500_GEN-SIM-DIGI-RECO_CMSSW_6_2_0_SLHC12_2023Scenario_Case3/41247ff61fcce1e4991e517dad8c5752/out_reco_174_1_bkL.root
18-Jun-2014 00:40:00 CEST  Closed file file:/lustre/cms//store/user/calabria/calabria_SingleMuPt500_GEN-SIM-DIGI-RECO_CMSSW_6_2_0_SLHC12_2023Scenario_Case3/calabria_SingleMuPt500_GEN-SIM-DIGI-RECO_CMSSW_6_2_0_SLHC12_2023Scenario_Case3/41247ff61fcce1e4991e517dad8c5752/out_reco_174_1_bkL.root
18-Jun-2014 00:40:01 CEST  Initiating request to open file file:/lustre/cms//store/user/calabria/calabria_SingleMuPt500_GEN-SIM-DIGI-RECO_CMSSW_6_2_0_SLHC12_2023Scenario_Case3/calabria_SingleMuPt500_GEN-SIM-DIGI-RECO_CMSSW_6_2_0_SLHC12_2023Scenario_Case3/41247ff61fcce1e4991e517dad8c5752/out_reco_175_1_LPH.root
18-Jun-2014 00:40:01 CEST  Successfully opened file file:/lustre/cms//store/user/calabria/calabria_SingleMuPt500_GEN-SIM-DIGI-RECO_CMSSW_6_2_0_SLHC12_2023Scenario_Case3/calabria_SingleMuPt500_GEN-SIM-DIGI-RECO_CMSSW_6_2_0_SLHC12_2023Scenario_Case3/41247ff61fcce1e4991e517dad8c5752/out_reco_175_1_LPH.root
18-Jun-2014 00:40:30 CEST  Closed file file:/lustre/cms//store/user/calabria/calabria_SingleMuPt500_GEN-SIM-DIGI-RECO_CMSSW_6_2_0_SLHC12_2023Scenario_Case3/calabria_SingleMuPt500_GEN-SIM-DIGI-RECO_CMSSW_6_2_0_SLHC12_2023Scenario_Case3/41247ff61fcce1e4991e517dad8c5752/out_reco_175_1_LPH.root
18-Jun-2014 00:40:30 CEST  Initiating request to open file file:/lustre/cms//store/user/calabria/calabria_SingleMuPt500_GEN-SIM-DIGI-RECO_CMSSW_6_2_0_SLHC12_2023Scenario_Case3/calabria_SingleMuPt500_GEN-SIM-DIGI-RECO_CMSSW_6_2_0_SLHC12_2023Scenario_Case3/41247ff61fcce1e4991e517dad8c5752/out_reco_180_1_oDZ.root
18-Jun-2014 00:40:30 CEST  Successfully opened file file:/lustre/cms//store/user/calabria/calabria_SingleMuPt500_GEN-SIM-DIGI-RECO_CMSSW_6_2_0_SLHC12_2023Scenario_Case3/calabria_SingleMuPt500_GEN-SIM-DIGI-RECO_CMSSW_6_2_0_SLHC12_2023Scenario_Case3/41247ff61fcce1e4991e517dad8c5752/out_reco_180_1_oDZ.root
18-Jun-2014 00:40:59 CEST  Closed file file:/lustre/cms//store/user/calabria/calabria_SingleMuPt500_GEN-SIM-DIGI-RECO_CMSSW_6_2_0_SLHC12_2023Scenario_Case3/calabria_SingleMuPt500_GEN-SIM-DIGI-RECO_CMSSW_6_2_0_SLHC12_2023Scenario_Case3/41247ff61fcce1e4991e517dad8c5752/out_reco_180_1_oDZ.root
18-Jun-2014 00:40:59 CEST  Initiating request to open file file:/lustre/cms//store/user/calabria/calabria_SingleMuPt500_GEN-SIM-DIGI-RECO_CMSSW_6_2_0_SLHC12_2023Scenario_Case3/calabria_SingleMuPt500_GEN-SIM-DIGI-RECO_CMSSW_6_2_0_SLHC12_2023Scenario_Case3/41247ff61fcce1e4991e517dad8c5752/out_reco_181_1_gmT.root
18-Jun-2014 00:40:59 CEST  Successfully opened file file:/lustre/cms//store/user/calabria/calabria_SingleMuPt500_GEN-SIM-DIGI-RECO_CMSSW_6_2_0_SLHC12_2023Scenario_Case3/calabria_SingleMuPt500_GEN-SIM-DIGI-RECO_CMSSW_6_2_0_SLHC12_2023Scenario_Case3/41247ff61fcce1e4991e517dad8c5752/out_reco_181_1_gmT.root
18-Jun-2014 00:41:29 CEST  Closed file file:/lustre/cms//store/user/calabria/calabria_SingleMuPt500_GEN-SIM-DIGI-RECO_CMSSW_6_2_0_SLHC12_2023Scenario_Case3/calabria_SingleMuPt500_GEN-SIM-DIGI-RECO_CMSSW_6_2_0_SLHC12_2023Scenario_Case3/41247ff61fcce1e4991e517dad8c5752/out_reco_181_1_gmT.root
18-Jun-2014 00:41:29 CEST  Initiating request to open file file:/lustre/cms//store/user/calabria/calabria_SingleMuPt500_GEN-SIM-DIGI-RECO_CMSSW_6_2_0_SLHC12_2023Scenario_Case3/calabria_SingleMuPt500_GEN-SIM-DIGI-RECO_CMSSW_6_2_0_SLHC12_2023Scenario_Case3/41247ff61fcce1e4991e517dad8c5752/out_reco_184_1_TGp.root
18-Jun-2014 00:41:29 CEST  Successfully opened file file:/lustre/cms//store/user/calabria/calabria_SingleMuPt500_GEN-SIM-DIGI-RECO_CMSSW_6_2_0_SLHC12_2023Scenario_Case3/calabria_SingleMuPt500_GEN-SIM-DIGI-RECO_CMSSW_6_2_0_SLHC12_2023Scenario_Case3/41247ff61fcce1e4991e517dad8c5752/out_reco_184_1_TGp.root
18-Jun-2014 00:42:01 CEST  Closed file file:/lustre/cms//store/user/calabria/calabria_SingleMuPt500_GEN-SIM-DIGI-RECO_CMSSW_6_2_0_SLHC12_2023Scenario_Case3/calabria_SingleMuPt500_GEN-SIM-DIGI-RECO_CMSSW_6_2_0_SLHC12_2023Scenario_Case3/41247ff61fcce1e4991e517dad8c5752/out_reco_184_1_TGp.root
18-Jun-2014 00:42:01 CEST  Initiating request to open file file:/lustre/cms//store/user/calabria/calabria_SingleMuPt500_GEN-SIM-DIGI-RECO_CMSSW_6_2_0_SLHC12_2023Scenario_Case3/calabria_SingleMuPt500_GEN-SIM-DIGI-RECO_CMSSW_6_2_0_SLHC12_2023Scenario_Case3/41247ff61fcce1e4991e517dad8c5752/out_reco_185_1_db6.root
18-Jun-2014 00:42:01 CEST  Successfully opened file file:/lustre/cms//store/user/calabria/calabria_SingleMuPt500_GEN-SIM-DIGI-RECO_CMSSW_6_2_0_SLHC12_2023Scenario_Case3/calabria_SingleMuPt500_GEN-SIM-DIGI-RECO_CMSSW_6_2_0_SLHC12_2023Scenario_Case3/41247ff61fcce1e4991e517dad8c5752/out_reco_185_1_db6.root
18-Jun-2014 00:42:33 CEST  Closed file file:/lustre/cms//store/user/calabria/calabria_SingleMuPt500_GEN-SIM-DIGI-RECO_CMSSW_6_2_0_SLHC12_2023Scenario_Case3/calabria_SingleMuPt500_GEN-SIM-DIGI-RECO_CMSSW_6_2_0_SLHC12_2023Scenario_Case3/41247ff61fcce1e4991e517dad8c5752/out_reco_185_1_db6.root
18-Jun-2014 00:42:33 CEST  Initiating request to open file file:/lustre/cms//store/user/calabria/calabria_SingleMuPt500_GEN-SIM-DIGI-RECO_CMSSW_6_2_0_SLHC12_2023Scenario_Case3/calabria_SingleMuPt500_GEN-SIM-DIGI-RECO_CMSSW_6_2_0_SLHC12_2023Scenario_Case3/41247ff61fcce1e4991e517dad8c5752/out_reco_186_1_RYh.root
18-Jun-2014 00:42:33 CEST  Successfully opened file file:/lustre/cms//store/user/calabria/calabria_SingleMuPt500_GEN-SIM-DIGI-RECO_CMSSW_6_2_0_SLHC12_2023Scenario_Case3/calabria_SingleMuPt500_GEN-SIM-DIGI-RECO_CMSSW_6_2_0_SLHC12_2023Scenario_Case3/41247ff61fcce1e4991e517dad8c5752/out_reco_186_1_RYh.root
18-Jun-2014 00:43:03 CEST  Closed file file:/lustre/cms//store/user/calabria/calabria_SingleMuPt500_GEN-SIM-DIGI-RECO_CMSSW_6_2_0_SLHC12_2023Scenario_Case3/calabria_SingleMuPt500_GEN-SIM-DIGI-RECO_CMSSW_6_2_0_SLHC12_2023Scenario_Case3/41247ff61fcce1e4991e517dad8c5752/out_reco_186_1_RYh.root
18-Jun-2014 00:43:03 CEST  Initiating request to open file file:/lustre/cms//store/user/calabria/calabria_SingleMuPt500_GEN-SIM-DIGI-RECO_CMSSW_6_2_0_SLHC12_2023Scenario_Case3/calabria_SingleMuPt500_GEN-SIM-DIGI-RECO_CMSSW_6_2_0_SLHC12_2023Scenario_Case3/41247ff61fcce1e4991e517dad8c5752/out_reco_190_1_BRk.root
18-Jun-2014 00:43:03 CEST  Successfully opened file file:/lustre/cms//store/user/calabria/calabria_SingleMuPt500_GEN-SIM-DIGI-RECO_CMSSW_6_2_0_SLHC12_2023Scenario_Case3/calabria_SingleMuPt500_GEN-SIM-DIGI-RECO_CMSSW_6_2_0_SLHC12_2023Scenario_Case3/41247ff61fcce1e4991e517dad8c5752/out_reco_190_1_BRk.root
18-Jun-2014 00:43:35 CEST  Closed file file:/lustre/cms//store/user/calabria/calabria_SingleMuPt500_GEN-SIM-DIGI-RECO_CMSSW_6_2_0_SLHC12_2023Scenario_Case3/calabria_SingleMuPt500_GEN-SIM-DIGI-RECO_CMSSW_6_2_0_SLHC12_2023Scenario_Case3/41247ff61fcce1e4991e517dad8c5752/out_reco_190_1_BRk.root
18-Jun-2014 00:43:35 CEST  Initiating request to open file file:/lustre/cms//store/user/calabria/calabria_SingleMuPt500_GEN-SIM-DIGI-RECO_CMSSW_6_2_0_SLHC12_2023Scenario_Case3/calabria_SingleMuPt500_GEN-SIM-DIGI-RECO_CMSSW_6_2_0_SLHC12_2023Scenario_Case3/41247ff61fcce1e4991e517dad8c5752/out_reco_191_1_Ona.root
18-Jun-2014 00:43:35 CEST  Successfully opened file file:/lustre/cms//store/user/calabria/calabria_SingleMuPt500_GEN-SIM-DIGI-RECO_CMSSW_6_2_0_SLHC12_2023Scenario_Case3/calabria_SingleMuPt500_GEN-SIM-DIGI-RECO_CMSSW_6_2_0_SLHC12_2023Scenario_Case3/41247ff61fcce1e4991e517dad8c5752/out_reco_191_1_Ona.root
18-Jun-2014 00:44:14 CEST  Closed file file:/lustre/cms//store/user/calabria/calabria_SingleMuPt500_GEN-SIM-DIGI-RECO_CMSSW_6_2_0_SLHC12_2023Scenario_Case3/calabria_SingleMuPt500_GEN-SIM-DIGI-RECO_CMSSW_6_2_0_SLHC12_2023Scenario_Case3/41247ff61fcce1e4991e517dad8c5752/out_reco_191_1_Ona.root

=============================================

MessageLogger Summary

 type     category        sev    module        subroutine        count    total
 ---- -------------------- -- ---------------- ----------------  -----    -----
    1 fileAction           -s file_close                            10       10
    2 fileAction           -s file_open                             20       20

 type    category    Examples: run/evt        run/evt          run/evt
 ---- -------------------- ---------------- ---------------- ----------------
    1 fileAction           PostProcessEvent PostProcessEvent PostEndRun
    2 fileAction           pre-events       pre-events       PostProcessEvent

Severity    # Occurrences   Total Occurrences
--------    -------------   -----------------
System                 30                  30
>>> END OF printout of 50 lines from stdout+stderr
>>> Parse FrameworkJobReport crab_fjr.xml
Result of parsing the FrameworkJobReport crab_fjr.xml: Popularity start
lumisRange : 1::::1;1::::2;1::::3;1::::4;1::::5;1::::6;1::::7;1::::8;1::::9;1::::10;
lumisParentRange : 
Basename : /store/user/calabria/calabria_SingleMuPt500_GEN-SIM-DIGI-RECO_CMSSW_6_2_0_SLHC12_2023Scenario_Case3/calabria_SingleMuPt500_GEN-SIM-DIGI-RECO_CMSSW_6_2_0_SLHC12_2023Scenario_Case3/41247ff61fcce1e4991e517dad8c5752/out_reco_1
BasenameParent : 
parentFiles : 
inputBlocks : /calabria_SingleMuPt500_GEN-SIM-DIGI-RECO_CMSSW_6_2_0_SLHC12_2023Scenario_Case3/calabria-calabria_SingleMuPt500_GEN-SIM-DIGI-RECO_CMSSW_6_2_0_SLHC12_2023Scenario_Case3-41247ff61fcce1e4991e517dad8c5752/USER#24bb5da0-4f25-4f36-bf2e-f20179b22dbd
inputFiles : 75_1_LPH.root::1::EDM::Local::1;84_1_TGp.root::1::EDM::Local::2;72_1_3L6.root::1::EDM::Local::3;81_1_gmT.root::1::EDM::Local::4;86_1_RYh.root::1::EDM::Local::5;91_1_Ona.root::1::EDM::Local::6;74_1_bkL.root::1::EDM::Local::7;90_1_BRk.root::1::EDM::Local::8;85_1_db6.root::1::EDM::Local::9;80_1_oDZ.root::1::EDM::Local::10;
Popularity stop
Extracted ExitStatus from FrameworkJobReport parsing output: 0
>>> Executable succeded  0
ExeExitCode=0
EXECUTABLE_EXIT_STATUS = 0
>>> current directory /home/cms040/home_cream_740848213/CREAM740848213/glide_VUcYgI/execute/dir_1182/CMSSW_6_2_0_SLHC12
>>>  (SOFTWARE_DIR): /home/cms040/home_cream_740848213/CREAM740848213/glide_VUcYgI/execute/dir_1182/CMSSW_6_2_0_SLHC12
>>> (WORKING_DIR): 
>>> current directory content:
total 11128
drwxr-xr-x 3 cms040 cms    4096 Jun 18 00:38 .SCRAM
-rw------- 1 cms040 cms 3740371 Jun 18 00:38 CMSSW.py.pkl
drwxr-xr-x 3 cms040 cms    4096 Jun 18 00:38 bin
drwxr-xr-x 3 cms040 cms    4096 Jun 18 00:38 cfipython
drwxr-xr-x 4 cms040 cms    4096 Jun 18 00:38 config
-rw------- 1 cms040 cms      16 Jun 18 00:44 cpu_timing.txt
drwxr-xr-x 2 cms040 cms    4096 Jun 18 00:38 doc
-rw------- 1 cms040 cms    9985 Jun 18 00:44 executable.out
drwxr-xr-x 2 cms040 cms    4096 Jun 18 00:38 include
drwx------ 3 cms040 cms    4096 Apr 28 18:12 lib
drwxr-xr-x 3 cms040 cms    4096 Jun 18 00:38 logs
drwxr-xr-x 3 cms040 cms    4096 Jun 18 00:38 objs
-rw------- 1 cms040 cms     104 Jun 18 00:38 pset.py
-rw------- 1 cms040 cms 3712332 Jun 18 00:38 pset.py.pkl
-rw------- 1 cms040 cms     289 Jun 18 00:38 pset.pyc
drwxr-xr-x 2 cms040 cms    4096 Jun 18 00:38 python
-rw------- 1 cms040 cms     407 Jun 18 00:44 report.log
drwx------ 6 cms040 cms    4096 Jun 18 00:38 src
drwxr-xr-x 3 cms040 cms    4096 Jun 18 00:38 test
drwxr-xr-x 3 cms040 cms    4096 Jun 18 00:38 tmp
-rw------- 1 cms040 cms 3842043 Jun 18 00:44 validationEDM.root
>>> current directory /home/cms040/home_cream_740848213/CREAM740848213/glide_VUcYgI/execute/dir_1182/CMSSW_6_2_0_SLHC12
>>> (SOFTWARE_DIR): /home/cms040/home_cream_740848213/CREAM740848213/glide_VUcYgI/execute/dir_1182/CMSSW_6_2_0_SLHC12
>>> (WORKING_DIR): 
>>> current directory content:
total 11128
drwxr-xr-x 3 cms040 cms    4096 Jun 18 00:38 .SCRAM
-rw------- 1 cms040 cms 3740371 Jun 18 00:38 CMSSW.py.pkl
drwxr-xr-x 3 cms040 cms    4096 Jun 18 00:38 bin
drwxr-xr-x 3 cms040 cms    4096 Jun 18 00:38 cfipython
drwxr-xr-x 4 cms040 cms    4096 Jun 18 00:38 config
-rw------- 1 cms040 cms      16 Jun 18 00:44 cpu_timing.txt
drwxr-xr-x 2 cms040 cms    4096 Jun 18 00:38 doc
-rw------- 1 cms040 cms    9985 Jun 18 00:44 executable.out
drwxr-xr-x 2 cms040 cms    4096 Jun 18 00:38 include
drwx------ 3 cms040 cms    4096 Apr 28 18:12 lib
drwxr-xr-x 3 cms040 cms    4096 Jun 18 00:38 logs
drwxr-xr-x 3 cms040 cms    4096 Jun 18 00:38 objs
-rw------- 1 cms040 cms     104 Jun 18 00:38 pset.py
-rw------- 1 cms040 cms 3712332 Jun 18 00:38 pset.py.pkl
-rw------- 1 cms040 cms     289 Jun 18 00:38 pset.pyc
drwxr-xr-x 2 cms040 cms    4096 Jun 18 00:38 python
-rw------- 1 cms040 cms     407 Jun 18 00:44 report.log
drwx------ 6 cms040 cms    4096 Jun 18 00:38 src
drwxr-xr-x 3 cms040 cms    4096 Jun 18 00:38 test
drwxr-xr-x 3 cms040 cms    4096 Jun 18 00:38 tmp
-rw------- 1 cms040 cms 3842043 Jun 18 00:44 validationEDM_1_1_rMV.root
>>> current directory (RUNTIME_AREA):  /home/cms040/home_cream_740848213/CREAM740848213/glide_VUcYgI/execute/dir_1182
SE = storm-se-01.ba.infn.it
SE_PATH = /srm/managerv2?SFN=//cms/store/user/calabria/calabria_SingleMuPt500_GEN-SIM-DIGI-RECO_CMSSW_6_2_0_SLHC12_2023Scenario_Case3/calabria_MuMinus500_GEN-SIM-DIGI-RECO_CMSSW_6_2_0_SLHC12_2023Scenario_VALNOPU2_Case3/5854dd31cbd3cdec44c48628cc181cf0/
LFNBaseName = /store/user/calabria/calabria_SingleMuPt500_GEN-SIM-DIGI-RECO_CMSSW_6_2_0_SLHC12_2023Scenario_Case3/calabria_MuMinus500_GEN-SIM-DIGI-RECO_CMSSW_6_2_0_SLHC12_2023Scenario_VALNOPU2_Case3/5854dd31cbd3cdec44c48628cc181cf0/
USER = calabria
endpoint = srm://storm-se-01.ba.infn.it:8444/srm/managerv2?SFN=//cms/store/user/calabria/calabria_SingleMuPt500_GEN-SIM-DIGI-RECO_CMSSW_6_2_0_SLHC12_2023Scenario_Case3/calabria_MuMinus500_GEN-SIM-DIGI-RECO_CMSSW_6_2_0_SLHC12_2023Scenario_VALNOPU2_Case3/5854dd31cbd3cdec44c48628cc181cf0/
>>> Copy output files from WN = wn-recas-uniba-17.ba.infn.it to /srm/managerv2?SFN=//cms/store/user/calabria/calabria_SingleMuPt500_GEN-SIM-DIGI-RECO_CMSSW_6_2_0_SLHC12_2023Scenario_Case3/calabria_MuMinus500_GEN-SIM-DIGI-RECO_CMSSW_6_2_0_SLHC12_2023Scenario_VALNOPU2_Case3/5854dd31cbd3cdec44c48628cc181cf0/ :
python cmscp.py  --destination srm://storm-se-01.ba.infn.it:8444/srm/managerv2?SFN=//cms/store/user/calabria/calabria_SingleMuPt500_GEN-SIM-DIGI-RECO_CMSSW_6_2_0_SLHC12_2023Scenario_Case3/calabria_MuMinus500_GEN-SIM-DIGI-RECO_CMSSW_6_2_0_SLHC12_2023Scenario_VALNOPU2_Case3/5854dd31cbd3cdec44c48628cc181cf0/ --inputFileList /home/cms040/home_cream_740848213/CREAM740848213/glide_VUcYgI/execute/dir_1182/CMSSW_6_2_0_SLHC12/validationEDM_1_1_rMV.root --middleware LCG --se_name storm-se-01.ba.infn.it --for_lfn /store/user/calabria/calabria_SingleMuPt500_GEN-SIM-DIGI-RECO_CMSSW_6_2_0_SLHC12_2023Scenario_Case3/calabria_MuMinus500_GEN-SIM-DIGI-RECO_CMSSW_6_2_0_SLHC12_2023Scenario_VALNOPU2_Case3/5854dd31cbd3cdec44c48628cc181cf0/    
******************************************************
localSeName  =  storm-se-01.ba.infn.it
remoteSeName =  storm-se-01.ba.infn.it
******************************************************
{"/home/cms040/home_cream_740848213/CREAM740848213/glide_VUcYgI/execute/dir_1182/CMSSW_6_2_0_SLHC12/validationEDM_1_1_rMV.root": {"endpoint": "srm://storm-se-01.ba.infn.it:8444/srm/managerv2?SFN=//cms/store/user/calabria/calabria_SingleMuPt500_GEN-SIM-DIGI-RECO_CMSSW_6_2_0_SLHC12_2023Scenario_Case3/calabria_MuMinus500_GEN-SIM-DIGI-RECO_CMSSW_6_2_0_SLHC12_2023Scenario_VALNOPU2_Case3/5854dd31cbd3cdec44c48628cc181cf0/", "surl_for_grid": "", "reason": "Copy succedeed with srm-lcg utils", "erCode": "0", "se_name": "storm-se-01.ba.infn.it", "for_lfn": "/store/user/calabria/calabria_SingleMuPt500_GEN-SIM-DIGI-RECO_CMSSW_6_2_0_SLHC12_2023Scenario_Case3/calabria_MuMinus500_GEN-SIM-DIGI-RECO_CMSSW_6_2_0_SLHC12_2023Scenario_VALNOPU2_Case3/5854dd31cbd3cdec44c48628cc181cf0/"}}/home/cms040/home_cream_740848213/CREAM740848213/glide_VUcYgI/execute/dir_1182
-------- cat /home/cms040/home_cream_740848213/CREAM740848213/glide_VUcYgI/execute/dir_1182/cmscpReport.sh 
#!/bin/bash
echo "Report for File: /home/cms040/home_cream_740848213/CREAM740848213/glide_VUcYgI/execute/dir_1182/CMSSW_6_2_0_SLHC12/validationEDM_1_1_rMV.root"
echo "LFN: /store/user/calabria/calabria_SingleMuPt500_GEN-SIM-DIGI-RECO_CMSSW_6_2_0_SLHC12_2023Scenario_Case3/calabria_MuMinus500_GEN-SIM-DIGI-RECO_CMSSW_6_2_0_SLHC12_2023Scenario_VALNOPU2_Case3/5854dd31cbd3cdec44c48628cc181cf0/validationEDM_1_1_rMV.root"
echo "StorageElement: storm-se-01.ba.infn.it"
echo "StageOutExitStatusReason = 'Copy succedeed with srm-lcg utils'" | tee -a $RUNTIME_AREA/$repo
echo "StageOutSE = storm-se-01.ba.infn.it" >> $RUNTIME_AREA/$repo

export StageOutExitStatus=0
echo "StageOutExitStatus = 0" | tee -a $RUNTIME_AREA/$repo
-------- end of /home/cms040/home_cream_740848213/CREAM740848213/glide_VUcYgI/execute/dir_1182/cmscpReport.sh 
Report for File: /home/cms040/home_cream_740848213/CREAM740848213/glide_VUcYgI/execute/dir_1182/CMSSW_6_2_0_SLHC12/validationEDM_1_1_rMV.root
LFN: /store/user/calabria/calabria_SingleMuPt500_GEN-SIM-DIGI-RECO_CMSSW_6_2_0_SLHC12_2023Scenario_Case3/calabria_MuMinus500_GEN-SIM-DIGI-RECO_CMSSW_6_2_0_SLHC12_2023Scenario_VALNOPU2_Case3/5854dd31cbd3cdec44c48628cc181cf0/validationEDM_1_1_rMV.root
StorageElement: storm-se-01.ba.infn.it
StageOutExitStatusReason = 'Copy succedeed with srm-lcg utils'
StageOutExitStatus = 0
>>> current dir: /home/cms040/home_cream_740848213/CREAM740848213/glide_VUcYgI/execute/dir_1182
>>> current dir content:
total 28080
-rw-------  1 cms040 cms     2779 Jun 18 00:45 .SEinteraction.log
-rwx------  1 cms040 cms     6821 Jun 18 00:38 .job.ad
-rwx------  1 cms040 cms     9509 Jun 18 00:38 .machine.ad
-rw-------  1 cms040 cms      105 Jun 16 20:41 CMSSW.py
-rw-------  1 cms040 cms  3740371 Jun 16 20:41 CMSSW.py.pkl
-rwx------  1 cms040 cms    29569 Jun 18 00:38 CMSSW.sh
drwxr-xr-x 15 cms040 cms     4096 Jun 18 00:44 CMSSW_6_2_0_SLHC12
-rw-------  1 cms040 cms      219 Jun 18 00:38 CacheEnv.sh
-rw-------  1 cms040 cms     7291 Apr  4 11:04 DashboardAPI.py
-rw-------  1 cms040 cms     6800 Jun 18 00:38 DashboardAPI.pyc
drwx------  2 cms040 cms     4096 Jun 18 00:44 IMProv
-rw-------  1 cms040 cms     2748 Apr  4 11:04 Logger.py
-rw-------  1 cms040 cms     3342 Jun 18 00:38 Logger.pyc
-rw-------  1 cms040 cms    24524 Apr  4 11:04 ProcInfo.py
-rw-------  1 cms040 cms    23173 Jun 18 00:38 ProcInfo.pyc
drwx------  7 cms040 cms     4096 Jun 18 00:38 ProdCommon
drwx------  3 cms040 cms     4096 Jun 18 00:38 WMCore
-rw-------  1 cms040 cms     1804 Jun 18 00:44 Watchdog_1.log
-rwx------  1 cms040 cms        0 Jun 18 00:38 _condor_stderr
-rwx---r--  1 cms040 cms    29519 Jun 18 00:45 _condor_stdout
-rw-------  1 cms040 cms    32895 Apr  4 11:04 apmon.py
-rw-------  1 cms040 cms    28596 Jun 18 00:38 apmon.pyc
-rwx------  1 cms040 cms    53886 Jun 18 00:38 arguments.xml
-rwx------  1 cms040 cms    38515 Apr  4 11:04 cmscp.py
-rw-------  1 cms040 cms      717 Jun 18 00:45 cmscpReport.sh
-rwx------  1 cms040 cms    29569 Jun 18 00:38 condor_exec.exe
-rw-------  1 cms040 cms      963 Jun 16 20:41 crab.cfg
-rwx------  1 cms040 cms     8610 Apr  4 11:04 crabWatchdog.sh
-rwx---r--  1 cms040 cms   523363 Jun 18 00:44 crab_fjr_1.xml
-rwx------  1 cms040 cms 23960266 Jun 18 00:38 default.tgz
-rwx------  1 cms040 cms     4488 Apr  4 11:04 fillCrabFjr.py
-rw-------  1 cms040 cms     2651 Jun 18 00:38 inputsReport.txt
-rw-------  1 cms040 cms      260 Jun 18 00:45 jobreport.txt
-rw-------  1 cms040 cms    17352 Apr  4 11:04 parseCrabFjr.py
-rw-------  1 cms040 cms      336 Jun 18 00:38 report.log
-rwx--x--x  1 cms040 cms     1497 Apr  4 11:04 report.py
-rw-------  1 cms040 cms      774 Jun 18 00:45 resultCopyFile
lrwxrwxrwx  1 cms040 cms      124 Jun 18 00:44 validationEDM.root -> /home/cms040/home_cream_740848213/CREAM740848213/glide_VUcYgI/execute/dir_1182/CMSSW_6_2_0_SLHC12/validationEDM_1_1_rMV.root
-rwx------  1 cms040 cms     8387 Apr  4 11:04 writeCfg.py
-rw-------  1 cms040 cms     8010 Jun 18 00:38 x509up_u50707
>>> Modify Job Report:
CMSSW_VERSION = CMSSW_6_2_0_SLHC12
ProcessedDataset = calabria_MuMinus500_GEN-SIM-DIGI-RECO_CMSSW_6_2_0_SLHC12_2023Scenario_VALNOPU2_Case3
/home/cms040/home_cream_740848213/CREAM740848213/glide_VUcYgI/execute/dir_1182/ProdCommon/FwkJobRep/ModifyJobReport.py fjr /home/cms040/home_cream_740848213/CREAM740848213/glide_VUcYgI/execute/dir_1182/crab_fjr_1.xml json /home/cms040/home_cream_740848213/CREAM740848213/glide_VUcYgI/execute/dir_1182/resultCopyFile n_job 1_1_rMV PrimaryDataset calabria_SingleMuPt500_GEN-SIM-DIGI-RECO_CMSSW_6_2_0_SLHC12_2023Scenario_Case3  ApplicationFamily cmsRun ApplicationName cmsRun cmssw_version CMSSW_6_2_0_SLHC12 psethash 5854dd31cbd3cdec44c48628cc181cf0 UserProcessedDataset calabria-calabria_MuMinus500_GEN-SIM-DIGI-RECO_CMSSW_6_2_0_SLHC12_2023Scenario_VALNOPU2_Case3-5854dd31cbd3cdec44c48628cc181cf0
inputDict =  {u'/home/cms040/home_cream_740848213/CREAM740848213/glide_VUcYgI/execute/dir_1182/CMSSW_6_2_0_SLHC12/validationEDM_1_1_rMV.root': {u'endpoint': u'srm://storm-se-01.ba.infn.it:8444/srm/managerv2?SFN=//cms/store/user/calabria/calabria_SingleMuPt500_GEN-SIM-DIGI-RECO_CMSSW_6_2_0_SLHC12_2023Scenario_Case3/calabria_MuMinus500_GEN-SIM-DIGI-RECO_CMSSW_6_2_0_SLHC12_2023Scenario_VALNOPU2_Case3/5854dd31cbd3cdec44c48628cc181cf0/', u'surl_for_grid': u'', u'reason': u'Copy succedeed with srm-lcg utils', u'erCode': u'0', u'se_name': u'storm-se-01.ba.infn.it', u'for_lfn': u'/store/user/calabria/calabria_SingleMuPt500_GEN-SIM-DIGI-RECO_CMSSW_6_2_0_SLHC12_2023Scenario_Case3/calabria_MuMinus500_GEN-SIM-DIGI-RECO_CMSSW_6_2_0_SLHC12_2023Scenario_VALNOPU2_Case3/5854dd31cbd3cdec44c48628cc181cf0/'}}
UserProcessedDataset =  calabria-calabria_MuMinus500_GEN-SIM-DIGI-RECO_CMSSW_6_2_0_SLHC12_2023Scenario_VALNOPU2_Case3-5854dd31cbd3cdec44c48628cc181cf0
file_name in inputDict =  /home/cms040/home_cream_740848213/CREAM740848213/glide_VUcYgI/execute/dir_1182/CMSSW_6_2_0_SLHC12/validationEDM_1_1_rMV.root
(size) os.stat(filename)[6] =  3842043
checksum =  2584842048
    file =  validationEDM_1_1_rMV.root
    newPfn =  srm://storm-se-01.ba.infn.it:8444/srm/managerv2?SFN=//cms/store/user/calabria/calabria_SingleMuPt500_GEN-SIM-DIGI-RECO_CMSSW_6_2_0_SLHC12_2023Scenario_Case3/calabria_MuMinus500_GEN-SIM-DIGI-RECO_CMSSW_6_2_0_SLHC12_2023Scenario_VALNOPU2_Case3/5854dd31cbd3cdec44c48628cc181cf0/validationEDM_1_1_rMV.root
    newLfn =  /store/user/calabria/calabria_SingleMuPt500_GEN-SIM-DIGI-RECO_CMSSW_6_2_0_SLHC12_2023Scenario_Case3/calabria_MuMinus500_GEN-SIM-DIGI-RECO_CMSSW_6_2_0_SLHC12_2023Scenario_VALNOPU2_Case3/5854dd31cbd3cdec44c48628cc181cf0/validationEDM_1_1_rMV.root
>>> crab_fjr_*.xml  permission set to 0704
CrabWrapper EXIT_FUNC entered at Wed Jun 18 00:45:10 CEST 2014   -  Tue Jun 17 22:45:10 UTC 2014
Checking output files:  
will tar file crab_fjr_1.xml in  out_files_1
WARNING: output file CMSSW_1.stdout not found!
WARNING: output file CMSSW_1.stderr not found!
WARNING: output file Watchdog_1.log.gz not found!
>>> padding time: Sleeping the wrapper for 183 seconds
STOPPING WATCHDOG. CrabWatchdog PID is 1400
********** LAST 50 LINES OF WATCHDOG LOG
# RESOURCE USAGE SUMMARY FOR PROCESS ID  1210
USER       PID %CPU %MEM    VSZ   RSS TTY      STAT START   TIME COMMAND
cms040    1210  0.2  0.0   9496  1596 ?        S    00:38   0:00 /bin/sh /home/cms040/home_cream_740848213/CREAM740848213/glide_VUcYgI/execute/dir_1182/condor_exec.exe 1 1
 
# LIMITS USED BY CRAB WATCHDOG:
# RSS  (KBytes)   : 2300000
# VSZ  (KBytes)   : 100000000
# DISK (MBytes)   : 19000
# CPU TIME        : 720h:0m:0s
# WALL CLOCK TIME : 21h:50m:0s
 
# FOLLOWING PRINTOUT TRACKS MAXIMUM VALUES OF RESOURCES USE
# ONE LINE IS PRINTED EACH TIME A MAXIMUM CHANGES
# IF CHANGE WAS IN RSS OR VSZ ALSO PROCID AND COMMAND ARE PRINTED
# THERE IS NO PRINTOUT FOR CPU/WALL TIME INCREASE
 
# TIME			PID	RSS(KB)	VSZ(KB)	Dsk(MB)	tCPU(s)	tWALL(s)	COMMAND
 Jun 18 00:38:19 CEST	1182	8412	93612	0	0	1	condor_starter -f submit-4.t2.ucsd.edu        
 Jun 18 00:38:19 CEST	1416	51960	115468	0	1	2	edmConfigHash pset.py         
 Jun 18 00:38:19 CEST	---	51960	115468	171	----	----	----
 Jun 18 00:39:22 CEST	1764	771884	988428	171	33	65	cmsRun -j /home/cms040/home_cream_740848213/CREAM740848213/glide_VUcYgI/execute/dir_1182/crab_fjr_1.xml -p pset.py      
 Jun 18 00:39:22 CEST	---	771884	988428	175	----	----	----
 Jun 18 00:40:26 CEST	1764	794140	1012008	175	84	128	cmsRun -j /home/cms040/home_cream_740848213/CREAM740848213/glide_VUcYgI/execute/dir_1182/crab_fjr_1.xml -p pset.py      
 Jun 18 00:42:30 CEST	1764	815004	1027112	175	178	253	cmsRun -j /home/cms040/home_cream_740848213/CREAM740848213/glide_VUcYgI/execute/dir_1182/crab_fjr_1.xml -p pset.py      
 Jun 18 00:43:33 CEST	1764	831832	1034792	175	224	315	cmsRun -j /home/cms040/home_cream_740848213/CREAM740848213/glide_VUcYgI/execute/dir_1182/crab_fjr_1.xml -p pset.py      
 Jun 18 00:44:35 CEST	---	831832	1034792	179	----	----	----
********** WATCHDOG LOG ENDED
ZIPPING WATCHDOG LOG
Disk space used:
du -sh /home/cms040/home_cream_740848213/CREAM740848213/glide_VUcYgI/execute/dir_1182
179M	/home/cms040/home_cream_740848213/CREAM740848213/glide_VUcYgI/execute/dir_1182
Found unusual stdout, rename for OSB
`/home/cms040/home_cream_740848213/CREAM740848213/glide_VUcYgI/execute/dir_1182/_condor_stdout' -> `CMSSW_1.stdout'
Found unusual stderr, rename for OSB
`/home/cms040/home_cream_740848213/CREAM740848213/glide_VUcYgI/execute/dir_1182/_condor_stdout' -> `CMSSW_1.stderr'
crab_fjr_1.xml
CMSSW_1.stdout
CMSSW_1.stderr
Watchdog_1.log.gz
Total Output dimension: 69499
WARNING: output files size limit is set to: 50000000
Total Output dimension 69499 is fine.
JOB_EXIT_STATUS = 0
>>> info for dashboard:
***** Cat /home/cms040/home_cream_740848213/CREAM740848213/glide_VUcYgI/execute/dir_1182/jobreport.txt *****
MonitorJobID=1_https://submit-4.t2.ucsd.edu//140616//222483.0
MonitorID=calabria_MuMinus500_Case3_ReReco_o7d5t0
ExeTime=338
ExeExitCode=0
StageOutExitStatusReason = 'Copy succedeed with srm-lcg utils'
StageOutSE = storm-se-01.ba.infn.it
StageOutExitStatus = 0
CrabUserCpuTime=252.98
CrabSysCpuTime=4.06
CrabCpuPercentage=76%
CrabWrapperTime=600
CrabStageoutTime=48
JobExitCode=0
***** End Cat jobreport *****
Parameters sent to Dashboard.
EXITING at Wed Jun 18 00:48:19 CEST 2014  -  Tue Jun 17 22:48:19 UTC 2014
