This script was generated by crab (version 2.10.5_patch1).
Running /home/cms021/home_cream_490444065/CREAM490444065/glide_eUIPiQ/execute/dir_13305/condor_exec.exe with 2 positional parameters: 20 1
Today is Wed Jun 18 00:27:45 CEST 2014 - Tue Jun 17 22:27:45 UTC 2014
Job submitted on host gridpam07.ba.infn.it
Linux gridpam07.ba.infn.it 2.6.32-358.23.2.el6.x86_64 #1 SMP Thu Oct 17 10:27:22 CEST 2013 x86_64 x86_64 x86_64 GNU/Linux
>>> current directory (RUNTIME_AREA): /home/cms021/home_cream_490444065/CREAM490444065/glide_eUIPiQ/execute/dir_13305
>>> current user: uid=18547(cms021) gid=1399(cms) groups=1399(cms)
>>> directory permission set to 0700
>>> umask set to:  u=rwx,g=,o=
>>> stdout stderr permission set to 0704
>>> voms proxy information:
subject   : /C=IT/O=INFN/OU=Personal Certificate/L=Bari/CN=Cesare Calabria/CN=477126703/CN=1931793288
issuer    : /C=IT/O=INFN/OU=Personal Certificate/L=Bari/CN=Cesare Calabria/CN=477126703
identity  : /C=IT/O=INFN/OU=Personal Certificate/L=Bari/CN=Cesare Calabria
type      : RFC3820 compliant limited proxy
strength  : 1024
path      : /home/cms021/home_cream_490444065/CREAM490444065/glide_eUIPiQ/execute/dir_13305/x509up_u50707
timeleft  : 23:58:49
key usage : Digital Signature, Key Encipherment, Data Encipherment
=== VO cms extension information ===
VO        : cms
subject   : /C=IT/O=INFN/OU=Personal Certificate/L=Bari/CN=Cesare Calabria
issuer    : /DC=ch/DC=cern/OU=computers/CN=voms.cern.ch
attribute : /cms/Role=NULL/Capability=NULL
attribute : /cms/itcms/Role=NULL/Capability=NULL
timeleft  : 154:56:33
uri       : voms.cern.ch:15002

WNHostName=gridpam07.ba.infn.it
>>> tar --no-same-permissions -xf /home/cms021/home_cream_490444065/CREAM490444065/glide_eUIPiQ/execute/dir_13305/default.tgz :
Successful untar
>>> Include /home/cms021/home_cream_490444065/CREAM490444065/glide_eUIPiQ/execute/dir_13305 in PYTHONPATH:
strip arguments
env var CRAB_UNIQUE_JOB_ID set to: calabria_MuMinus10_Case2_ReReco_50bsf8_20_1_c02
out_files_20
>>> list of expected files on output sandbox
output files: crab_fjr_20.xml CMSSW_20.stdout CMSSW_20.stderr Watchdog_20.log.gz
>>> GridFlavour discovery: 
GridFlavour=LCG
>>> SyncSite discovery: 
SyncSite=T2_IT_Bari
>>> SyncCE discovery: 
getting SyncCE from CE_ID
SyncCE=cream-ce-4.ba.infn.it:8443/cream-pbs-cms
>>> info for dashboard:
***** Cat /home/cms021/home_cream_490444065/CREAM490444065/glide_eUIPiQ/execute/dir_13305/jobreport.txt *****
WNHostName=gridpam07.ba.infn.it
MonitorJobID=20_https://submit-4.t2.ucsd.edu//140616//222479.19
SyncGridJobId=https://submit-4.t2.ucsd.edu//140616//222479.19
MonitorID=calabria_MuMinus10_Case2_ReReco_50bsf8
GridFlavour=LCG
SyncSite=T2_IT_Bari
SyncCE=cream-ce-4.ba.infn.it:8443/cream-pbs-cms
***** End Cat jobreport *****
Parameters sent to Dashboard.
>>> setup environment
set SCRAM ARCH to slc5_amd64_gcc472
SCRAM_ARCH = slc5_amd64_gcc472
>>> setup CMS LCG environment:
set SCRAM ARCH and BUILD_ARCH to slc5_amd64_gcc472 ###
Sourcing environment... 
sourcing /cvmfs/cms.cern.ch/cmsset_default.sh
==> setup cms environment ok
>>> specific cmssw setup environment:
CMSSW_VERSION =  CMSSW_6_2_0_SLHC12
>>> current directory (SOFTWARE_DIR): /home/cms021/home_cream_490444065/CREAM490444065/glide_eUIPiQ/execute/dir_13305/CMSSW_6_2_0_SLHC12
PreserveSeeds: <>
IncrementSeeds:<>
>>> info for dashboard:
***** Cat /home/cms021/home_cream_490444065/CREAM490444065/glide_eUIPiQ/execute/dir_13305/jobreport.txt *****
MonitorJobID=20_https://submit-4.t2.ucsd.edu//140616//222479.19
MonitorID=calabria_MuMinus10_Case2_ReReco_50bsf8
***** End Cat jobreport *****
Parameters sent to Dashboard.
crabWatchdog started as process 15446
>>> moving CMSSW software directories in /home/cms021/home_cream_490444065/CREAM490444065/glide_eUIPiQ/execute/dir_13305/CMSSW_6_2_0_SLHC12
mv: cannot stat `/home/cms021/home_cream_490444065/CREAM490444065/glide_eUIPiQ/execute/dir_13305/module/': No such file or directory
>>> Include /home/cms021/home_cream_490444065/CREAM490444065/glide_eUIPiQ/execute/dir_13305 in PYTHONPATH:
PYTHONPATH=/home/cms021/home_cream_490444065/CREAM490444065/glide_eUIPiQ/execute/dir_13305/:/home/cms021/home_cream_490444065/CREAM490444065/glide_eUIPiQ/execute/dir_13305/CMSSW_6_2_0_SLHC12/python:/home/cms021/home_cream_490444065/CREAM490444065/glide_eUIPiQ/execute/dir_13305/CMSSW_6_2_0_SLHC12/lib/slc5_amd64_gcc472:/cvmfs/cms.cern.ch/slc5_amd64_gcc472/cms/cmssw/CMSSW_6_2_0_SLHC12/python:/cvmfs/cms.cern.ch/slc5_amd64_gcc472/cms/cmssw/CMSSW_6_2_0_SLHC12/lib/slc5_amd64_gcc472:/cvmfs/cms.cern.ch/slc5_amd64_gcc472/cms/coral/CORAL_2_3_21-cms36/slc5_amd64_gcc472/python:/cvmfs/cms.cern.ch/slc5_amd64_gcc472/cms/coral/CORAL_2_3_21-cms36/slc5_amd64_gcc472/lib:/cvmfs/cms.cern.ch/slc5_amd64_gcc472/external/pyqt/4.8.1-cms6/lib/python2.7/site-packages:/cvmfs/cms.cern.ch/slc5_amd64_gcc472/external/py2-scipy/0.8.0-cms8/lib/python2.7/site-packages:/cvmfs/cms.cern.ch/slc5_amd64_gcc472/external/py2-matplotlib/1.0.1-cms8/lib/python2.7/site-packages:/cvmfs/cms.cern.ch/slc5_amd64_gcc472/external/python-ldap/2.3.5-cms6/lib/python2.7/site-packages:/cvmfs/cms.cern.ch/slc5_amd64_gcc472/external/sip/4.11.2-cms6/lib/python2.7/site-packages:/cvmfs/cms.cern.ch/slc5_amd64_gcc472/external/py2-pycurl/7.19.0-cms8/lib/python2.7/site-packages:/cvmfs/cms.cern.ch/slc5_amd64_gcc472/external/py2-numpy/1.6.1-cms8/lib/python2.7/site-packages:/cvmfs/cms.cern.ch/slc5_amd64_gcc472/external/py2-lint/0.25.1-cms6/lib/python2.7/site-packages:/cvmfs/cms.cern.ch/slc5_amd64_gcc472/external/py2-ipython/0.10-cms6/lib/python2.7/site-packages:/cvmfs/cms.cern.ch/slc5_amd64_gcc472/external/py2-cx-oracle/5.1-cms7/lib/python2.7/site-packages:/cvmfs/cms.cern.ch/slc5_amd64_gcc472/external/py2-cjson/1.0.5-cms6/lib/python2.7/site-packages:/cvmfs/cms.cern.ch/slc5_amd64_gcc472/cms/das-client/1.11.7/bin:/cvmfs/cms.cern.ch/slc5_amd64_gcc472/external/elementtree/1.2.6-cms6/share/lib/python2.7/site-packages:/cvmfs/cms.cern.ch/slc5_amd64_gcc472/external/rivet/1.8.2-cms8/lib/python2.7/site-packages:/cvmfs/cms.cern.ch/slc5_amd64_gcc472/external/pyminuit2/0.0.1-cms19/lib/python2.7/site-packages:/cvmfs/cms.cern.ch/slc5_amd64_gcc472/external/py2-pygithub/1.23.0/lib/python2.7/site-packages:/cvmfs/cms.cern.ch/slc5_amd64_gcc472/external/professor/1.0.0-cms19/lib/python2.7/site-packages:/cvmfs/cms.cern.ch/slc5_amd64_gcc472/lcg/root/5.34.07-cms/lib:/cvmfs/cms.cern.ch/slc5_amd64_gcc472/cms/dbs-client/DBS_2_1_9-cms5/lib:/cvmfs/cms.cern.ch/slc5_amd64_gcc472/cms/dbs-client/DBS_2_1_9-cms5/lib/DBSAPI:/cvmfs/cms.cern.ch/slc5_amd64_gcc472/external/cvs2git/5419-cms/lib:/home/cms021/home_cream_490444065/CREAM490444065/glide_eUIPiQ/execute/dir_13305/
 
# LIMITS USED BY CRAB WATCHDOG:
# RSS  (KBytes)   : 2300000
# VSZ  (KBytes)   : 100000000
# DISK (MBytes)   : 19000
# CPU TIME        : 720h:0m:0s
# WALL CLOCK TIME : 21h:50m:0s
 
5854dd31cbd3cdec44c48628cc181cf0
PSETHASH = 5854dd31cbd3cdec44c48628cc181cf0
/home/cms021/home_cream_490444065/CREAM490444065/glide_eUIPiQ/execute/dir_13305/writeCfg.py pset.py pset.py
Importing .py file
Setting parameters
RandomNumberGeneratorService found, will attempt to change seeds
inputBlocks=/calabria_SingleMuPt10_GEN-SIM-DIGI-RECO_CMSSW_6_2_0_SLHC12_2023Scenario_Case2/calabria-calabria_SingleMuPt10_GEN-SIM-DIGI-RECO_CMSSW_6_2_0_SLHC12_2023Scenario_Case2-713e95291268ed84eccf2b8e553eab97/USER#88fb6135-7b38-4126-8a08-30a5f33e52e9
inputFiles=/store/user/calabria/calabria_SingleMuPt10_GEN-SIM-DIGI-RECO_CMSSW_6_2_0_SLHC12_2023Scenario_Case2/calabria_SingleMuPt10_GEN-SIM-DIGI-RECO_CMSSW_6_2_0_SLHC12_2023Scenario_Case2/713e95291268ed84eccf2b8e553eab97/out_reco_196_2_IlM.root;/store/user/calabria/calabria_SingleMuPt10_GEN-SIM-DIGI-RECO_CMSSW_6_2_0_SLHC12_2023Scenario_Case2/calabria_SingleMuPt10_GEN-SIM-DIGI-RECO_CMSSW_6_2_0_SLHC12_2023Scenario_Case2/713e95291268ed84eccf2b8e553eab97/out_reco_197_2_ppm.root;/store/user/calabria/calabria_SingleMuPt10_GEN-SIM-DIGI-RECO_CMSSW_6_2_0_SLHC12_2023Scenario_Case2/calabria_SingleMuPt10_GEN-SIM-DIGI-RECO_CMSSW_6_2_0_SLHC12_2023Scenario_Case2/713e95291268ed84eccf2b8e553eab97/out_reco_198_2_60Z.root;/store/user/calabria/calabria_SingleMuPt10_GEN-SIM-DIGI-RECO_CMSSW_6_2_0_SLHC12_2023Scenario_Case2/calabria_SingleMuPt10_GEN-SIM-DIGI-RECO_CMSSW_6_2_0_SLHC12_2023Scenario_Case2/713e95291268ed84eccf2b8e553eab97/out_reco_199_2_vev.root;/store/user/calabria/calabria_SingleMuPt10_GEN-SIM-DIGI-RECO_CMSSW_6_2_0_SLHC12_2023Scenario_Case2/calabria_SingleMuPt10_GEN-SIM-DIGI-RECO_CMSSW_6_2_0_SLHC12_2023Scenario_Case2/713e95291268ed84eccf2b8e553eab97/out_reco_200_2_PXn.root;/store/user/calabria/calabria_SingleMuPt10_GEN-SIM-DIGI-RECO_CMSSW_6_2_0_SLHC12_2023Scenario_Case2/calabria_SingleMuPt10_GEN-SIM-DIGI-RECO_CMSSW_6_2_0_SLHC12_2023Scenario_Case2/713e95291268ed84eccf2b8e553eab97/out_reco_201_2_eWB.root;/store/user/calabria/calabria_SingleMuPt10_GEN-SIM-DIGI-RECO_CMSSW_6_2_0_SLHC12_2023Scenario_Case2/calabria_SingleMuPt10_GEN-SIM-DIGI-RECO_CMSSW_6_2_0_SLHC12_2023Scenario_Case2/713e95291268ed84eccf2b8e553eab97/out_reco_202_2_XM4.root;/store/user/calabria/calabria_SingleMuPt10_GEN-SIM-DIGI-RECO_CMSSW_6_2_0_SLHC12_2023Scenario_Case2/calabria_SingleMuPt10_GEN-SIM-DIGI-RECO_CMSSW_6_2_0_SLHC12_2023Scenario_Case2/713e95291268ed84eccf2b8e553eab97/out_reco_203_2_9yQ.root;/store/user/calabria/calabria_SingleMuPt10_GEN-SIM-DIGI-RECO_CMSSW_6_2_0_SLHC12_2023Scenario_Case2/calabria_SingleMuPt10_GEN-SIM-DIGI-RECO_CMSSW_6_2_0_SLHC12_2023Scenario_Case2/713e95291268ed84eccf2b8e553eab97/out_reco_204_2_M4A.root;/store/user/calabria/calabria_SingleMuPt10_GEN-SIM-DIGI-RECO_CMSSW_6_2_0_SLHC12_2023Scenario_Case2/calabria_SingleMuPt10_GEN-SIM-DIGI-RECO_CMSSW_6_2_0_SLHC12_2023Scenario_Case2/713e95291268ed84eccf2b8e553eab97/out_reco_205_2_7JF.root
parentFiles=
lumisRange=
>>> Executable cmsRun
/cvmfs/cms.cern.ch/slc5_amd64_gcc472/cms/cmssw/CMSSW_6_2_0_SLHC12/bin/slc5_amd64_gcc472/cmsRun
ok executable found
>>> info for dashboard:
***** Cat /home/cms021/home_cream_490444065/CREAM490444065/glide_eUIPiQ/execute/dir_13305/jobreport.txt *****
MonitorJobID=20_https://submit-4.t2.ucsd.edu//140616//222479.19
MonitorID=calabria_MuMinus10_Case2_ReReco_50bsf8
ExeStart=cmsRun
***** End Cat jobreport *****
Parameters sent to Dashboard.
>>> cmsRun started at Tue Jun 17 22:28:10 UTC 2014
>>> cmsRun ended at Tue Jun 17 22:34:08 UTC 2014
>>> crab_fjr_*.xml  permission set to 0704
>>> info for dashboard:
***** Cat /home/cms021/home_cream_490444065/CREAM490444065/glide_eUIPiQ/execute/dir_13305/jobreport.txt *****
MonitorJobID=20_https://submit-4.t2.ucsd.edu//140616//222479.19
MonitorID=calabria_MuMinus10_Case2_ReReco_50bsf8
ExeEnd=cmsRun
***** End Cat jobreport *****
Parameters sent to Dashboard.
TIME_EXE = 358 sec
>>> cmsRun wrote 50 lines of stdout+stderr
>>> START OF printout of 50 lines from stdout+stderr
271 DQMStore::DQMStore 
HcalTopologyIdealEP::HcalTopologyIdealEP
18-Jun-2014 00:28:31 CEST  Initiating request to open file file:/lustre/cms//store/user/calabria/calabria_SingleMuPt10_GEN-SIM-DIGI-RECO_CMSSW_6_2_0_SLHC12_2023Scenario_Case2/calabria_SingleMuPt10_GEN-SIM-DIGI-RECO_CMSSW_6_2_0_SLHC12_2023Scenario_Case2/713e95291268ed84eccf2b8e553eab97/out_reco_196_2_IlM.root
18-Jun-2014 00:28:34 CEST  Successfully opened file file:/lustre/cms//store/user/calabria/calabria_SingleMuPt10_GEN-SIM-DIGI-RECO_CMSSW_6_2_0_SLHC12_2023Scenario_Case2/calabria_SingleMuPt10_GEN-SIM-DIGI-RECO_CMSSW_6_2_0_SLHC12_2023Scenario_Case2/713e95291268ed84eccf2b8e553eab97/out_reco_196_2_IlM.root
18-Jun-2014 00:29:07 CEST  Closed file file:/lustre/cms//store/user/calabria/calabria_SingleMuPt10_GEN-SIM-DIGI-RECO_CMSSW_6_2_0_SLHC12_2023Scenario_Case2/calabria_SingleMuPt10_GEN-SIM-DIGI-RECO_CMSSW_6_2_0_SLHC12_2023Scenario_Case2/713e95291268ed84eccf2b8e553eab97/out_reco_196_2_IlM.root
18-Jun-2014 00:29:07 CEST  Initiating request to open file file:/lustre/cms//store/user/calabria/calabria_SingleMuPt10_GEN-SIM-DIGI-RECO_CMSSW_6_2_0_SLHC12_2023Scenario_Case2/calabria_SingleMuPt10_GEN-SIM-DIGI-RECO_CMSSW_6_2_0_SLHC12_2023Scenario_Case2/713e95291268ed84eccf2b8e553eab97/out_reco_197_2_ppm.root
18-Jun-2014 00:29:07 CEST  Successfully opened file file:/lustre/cms//store/user/calabria/calabria_SingleMuPt10_GEN-SIM-DIGI-RECO_CMSSW_6_2_0_SLHC12_2023Scenario_Case2/calabria_SingleMuPt10_GEN-SIM-DIGI-RECO_CMSSW_6_2_0_SLHC12_2023Scenario_Case2/713e95291268ed84eccf2b8e553eab97/out_reco_197_2_ppm.root
18-Jun-2014 00:29:39 CEST  Closed file file:/lustre/cms//store/user/calabria/calabria_SingleMuPt10_GEN-SIM-DIGI-RECO_CMSSW_6_2_0_SLHC12_2023Scenario_Case2/calabria_SingleMuPt10_GEN-SIM-DIGI-RECO_CMSSW_6_2_0_SLHC12_2023Scenario_Case2/713e95291268ed84eccf2b8e553eab97/out_reco_197_2_ppm.root
18-Jun-2014 00:29:39 CEST  Initiating request to open file file:/lustre/cms//store/user/calabria/calabria_SingleMuPt10_GEN-SIM-DIGI-RECO_CMSSW_6_2_0_SLHC12_2023Scenario_Case2/calabria_SingleMuPt10_GEN-SIM-DIGI-RECO_CMSSW_6_2_0_SLHC12_2023Scenario_Case2/713e95291268ed84eccf2b8e553eab97/out_reco_198_2_60Z.root
18-Jun-2014 00:29:39 CEST  Successfully opened file file:/lustre/cms//store/user/calabria/calabria_SingleMuPt10_GEN-SIM-DIGI-RECO_CMSSW_6_2_0_SLHC12_2023Scenario_Case2/calabria_SingleMuPt10_GEN-SIM-DIGI-RECO_CMSSW_6_2_0_SLHC12_2023Scenario_Case2/713e95291268ed84eccf2b8e553eab97/out_reco_198_2_60Z.root
18-Jun-2014 00:30:13 CEST  Closed file file:/lustre/cms//store/user/calabria/calabria_SingleMuPt10_GEN-SIM-DIGI-RECO_CMSSW_6_2_0_SLHC12_2023Scenario_Case2/calabria_SingleMuPt10_GEN-SIM-DIGI-RECO_CMSSW_6_2_0_SLHC12_2023Scenario_Case2/713e95291268ed84eccf2b8e553eab97/out_reco_198_2_60Z.root
18-Jun-2014 00:30:13 CEST  Initiating request to open file file:/lustre/cms//store/user/calabria/calabria_SingleMuPt10_GEN-SIM-DIGI-RECO_CMSSW_6_2_0_SLHC12_2023Scenario_Case2/calabria_SingleMuPt10_GEN-SIM-DIGI-RECO_CMSSW_6_2_0_SLHC12_2023Scenario_Case2/713e95291268ed84eccf2b8e553eab97/out_reco_199_2_vev.root
18-Jun-2014 00:30:13 CEST  Successfully opened file file:/lustre/cms//store/user/calabria/calabria_SingleMuPt10_GEN-SIM-DIGI-RECO_CMSSW_6_2_0_SLHC12_2023Scenario_Case2/calabria_SingleMuPt10_GEN-SIM-DIGI-RECO_CMSSW_6_2_0_SLHC12_2023Scenario_Case2/713e95291268ed84eccf2b8e553eab97/out_reco_199_2_vev.root
18-Jun-2014 00:30:44 CEST  Closed file file:/lustre/cms//store/user/calabria/calabria_SingleMuPt10_GEN-SIM-DIGI-RECO_CMSSW_6_2_0_SLHC12_2023Scenario_Case2/calabria_SingleMuPt10_GEN-SIM-DIGI-RECO_CMSSW_6_2_0_SLHC12_2023Scenario_Case2/713e95291268ed84eccf2b8e553eab97/out_reco_199_2_vev.root
18-Jun-2014 00:30:44 CEST  Initiating request to open file file:/lustre/cms//store/user/calabria/calabria_SingleMuPt10_GEN-SIM-DIGI-RECO_CMSSW_6_2_0_SLHC12_2023Scenario_Case2/calabria_SingleMuPt10_GEN-SIM-DIGI-RECO_CMSSW_6_2_0_SLHC12_2023Scenario_Case2/713e95291268ed84eccf2b8e553eab97/out_reco_200_2_PXn.root
18-Jun-2014 00:30:44 CEST  Successfully opened file file:/lustre/cms//store/user/calabria/calabria_SingleMuPt10_GEN-SIM-DIGI-RECO_CMSSW_6_2_0_SLHC12_2023Scenario_Case2/calabria_SingleMuPt10_GEN-SIM-DIGI-RECO_CMSSW_6_2_0_SLHC12_2023Scenario_Case2/713e95291268ed84eccf2b8e553eab97/out_reco_200_2_PXn.root
18-Jun-2014 00:31:15 CEST  Closed file file:/lustre/cms//store/user/calabria/calabria_SingleMuPt10_GEN-SIM-DIGI-RECO_CMSSW_6_2_0_SLHC12_2023Scenario_Case2/calabria_SingleMuPt10_GEN-SIM-DIGI-RECO_CMSSW_6_2_0_SLHC12_2023Scenario_Case2/713e95291268ed84eccf2b8e553eab97/out_reco_200_2_PXn.root
18-Jun-2014 00:31:15 CEST  Initiating request to open file file:/lustre/cms//store/user/calabria/calabria_SingleMuPt10_GEN-SIM-DIGI-RECO_CMSSW_6_2_0_SLHC12_2023Scenario_Case2/calabria_SingleMuPt10_GEN-SIM-DIGI-RECO_CMSSW_6_2_0_SLHC12_2023Scenario_Case2/713e95291268ed84eccf2b8e553eab97/out_reco_201_2_eWB.root
18-Jun-2014 00:31:15 CEST  Successfully opened file file:/lustre/cms//store/user/calabria/calabria_SingleMuPt10_GEN-SIM-DIGI-RECO_CMSSW_6_2_0_SLHC12_2023Scenario_Case2/calabria_SingleMuPt10_GEN-SIM-DIGI-RECO_CMSSW_6_2_0_SLHC12_2023Scenario_Case2/713e95291268ed84eccf2b8e553eab97/out_reco_201_2_eWB.root
18-Jun-2014 00:31:45 CEST  Closed file file:/lustre/cms//store/user/calabria/calabria_SingleMuPt10_GEN-SIM-DIGI-RECO_CMSSW_6_2_0_SLHC12_2023Scenario_Case2/calabria_SingleMuPt10_GEN-SIM-DIGI-RECO_CMSSW_6_2_0_SLHC12_2023Scenario_Case2/713e95291268ed84eccf2b8e553eab97/out_reco_201_2_eWB.root
18-Jun-2014 00:31:45 CEST  Initiating request to open file file:/lustre/cms//store/user/calabria/calabria_SingleMuPt10_GEN-SIM-DIGI-RECO_CMSSW_6_2_0_SLHC12_2023Scenario_Case2/calabria_SingleMuPt10_GEN-SIM-DIGI-RECO_CMSSW_6_2_0_SLHC12_2023Scenario_Case2/713e95291268ed84eccf2b8e553eab97/out_reco_202_2_XM4.root
18-Jun-2014 00:31:45 CEST  Successfully opened file file:/lustre/cms//store/user/calabria/calabria_SingleMuPt10_GEN-SIM-DIGI-RECO_CMSSW_6_2_0_SLHC12_2023Scenario_Case2/calabria_SingleMuPt10_GEN-SIM-DIGI-RECO_CMSSW_6_2_0_SLHC12_2023Scenario_Case2/713e95291268ed84eccf2b8e553eab97/out_reco_202_2_XM4.root
18-Jun-2014 00:32:16 CEST  Closed file file:/lustre/cms//store/user/calabria/calabria_SingleMuPt10_GEN-SIM-DIGI-RECO_CMSSW_6_2_0_SLHC12_2023Scenario_Case2/calabria_SingleMuPt10_GEN-SIM-DIGI-RECO_CMSSW_6_2_0_SLHC12_2023Scenario_Case2/713e95291268ed84eccf2b8e553eab97/out_reco_202_2_XM4.root
18-Jun-2014 00:32:16 CEST  Initiating request to open file file:/lustre/cms//store/user/calabria/calabria_SingleMuPt10_GEN-SIM-DIGI-RECO_CMSSW_6_2_0_SLHC12_2023Scenario_Case2/calabria_SingleMuPt10_GEN-SIM-DIGI-RECO_CMSSW_6_2_0_SLHC12_2023Scenario_Case2/713e95291268ed84eccf2b8e553eab97/out_reco_203_2_9yQ.root
18-Jun-2014 00:32:16 CEST  Successfully opened file file:/lustre/cms//store/user/calabria/calabria_SingleMuPt10_GEN-SIM-DIGI-RECO_CMSSW_6_2_0_SLHC12_2023Scenario_Case2/calabria_SingleMuPt10_GEN-SIM-DIGI-RECO_CMSSW_6_2_0_SLHC12_2023Scenario_Case2/713e95291268ed84eccf2b8e553eab97/out_reco_203_2_9yQ.root
18-Jun-2014 00:32:50 CEST  Closed file file:/lustre/cms//store/user/calabria/calabria_SingleMuPt10_GEN-SIM-DIGI-RECO_CMSSW_6_2_0_SLHC12_2023Scenario_Case2/calabria_SingleMuPt10_GEN-SIM-DIGI-RECO_CMSSW_6_2_0_SLHC12_2023Scenario_Case2/713e95291268ed84eccf2b8e553eab97/out_reco_203_2_9yQ.root
18-Jun-2014 00:32:50 CEST  Initiating request to open file file:/lustre/cms//store/user/calabria/calabria_SingleMuPt10_GEN-SIM-DIGI-RECO_CMSSW_6_2_0_SLHC12_2023Scenario_Case2/calabria_SingleMuPt10_GEN-SIM-DIGI-RECO_CMSSW_6_2_0_SLHC12_2023Scenario_Case2/713e95291268ed84eccf2b8e553eab97/out_reco_204_2_M4A.root
18-Jun-2014 00:32:50 CEST  Successfully opened file file:/lustre/cms//store/user/calabria/calabria_SingleMuPt10_GEN-SIM-DIGI-RECO_CMSSW_6_2_0_SLHC12_2023Scenario_Case2/calabria_SingleMuPt10_GEN-SIM-DIGI-RECO_CMSSW_6_2_0_SLHC12_2023Scenario_Case2/713e95291268ed84eccf2b8e553eab97/out_reco_204_2_M4A.root
18-Jun-2014 00:33:23 CEST  Closed file file:/lustre/cms//store/user/calabria/calabria_SingleMuPt10_GEN-SIM-DIGI-RECO_CMSSW_6_2_0_SLHC12_2023Scenario_Case2/calabria_SingleMuPt10_GEN-SIM-DIGI-RECO_CMSSW_6_2_0_SLHC12_2023Scenario_Case2/713e95291268ed84eccf2b8e553eab97/out_reco_204_2_M4A.root
18-Jun-2014 00:33:23 CEST  Initiating request to open file file:/lustre/cms//store/user/calabria/calabria_SingleMuPt10_GEN-SIM-DIGI-RECO_CMSSW_6_2_0_SLHC12_2023Scenario_Case2/calabria_SingleMuPt10_GEN-SIM-DIGI-RECO_CMSSW_6_2_0_SLHC12_2023Scenario_Case2/713e95291268ed84eccf2b8e553eab97/out_reco_205_2_7JF.root
18-Jun-2014 00:33:23 CEST  Successfully opened file file:/lustre/cms//store/user/calabria/calabria_SingleMuPt10_GEN-SIM-DIGI-RECO_CMSSW_6_2_0_SLHC12_2023Scenario_Case2/calabria_SingleMuPt10_GEN-SIM-DIGI-RECO_CMSSW_6_2_0_SLHC12_2023Scenario_Case2/713e95291268ed84eccf2b8e553eab97/out_reco_205_2_7JF.root
18-Jun-2014 00:34:07 CEST  Closed file file:/lustre/cms//store/user/calabria/calabria_SingleMuPt10_GEN-SIM-DIGI-RECO_CMSSW_6_2_0_SLHC12_2023Scenario_Case2/calabria_SingleMuPt10_GEN-SIM-DIGI-RECO_CMSSW_6_2_0_SLHC12_2023Scenario_Case2/713e95291268ed84eccf2b8e553eab97/out_reco_205_2_7JF.root

=============================================

MessageLogger Summary

 type     category        sev    module        subroutine        count    total
 ---- -------------------- -- ---------------- ----------------  -----    -----
    1 fileAction           -s file_close                            10       10
    2 fileAction           -s file_open                             20       20

 type    category    Examples: run/evt        run/evt          run/evt
 ---- -------------------- ---------------- ---------------- ----------------
    1 fileAction           PostProcessEvent PostProcessEvent PostEndRun
    2 fileAction           pre-events       pre-events       PostProcessEvent

Severity    # Occurrences   Total Occurrences
--------    -------------   -----------------
System                 30                  30
>>> END OF printout of 50 lines from stdout+stderr
>>> Parse FrameworkJobReport crab_fjr.xml
Result of parsing the FrameworkJobReport crab_fjr.xml: Popularity start
lumisRange : 1::::1;1::::2;1::::3;1::::4;1::::5;1::::6;1::::7;1::::8;1::::9;1::::10;
lumisParentRange : 
Basename : /store/user/calabria/calabria_SingleMuPt10_GEN-SIM-DIGI-RECO_CMSSW_6_2_0_SLHC12_2023Scenario_Case2/calabria_SingleMuPt10_GEN-SIM-DIGI-RECO_CMSSW_6_2_0_SLHC12_2023Scenario_Case2/713e95291268ed84eccf2b8e553eab97/out_reco_
BasenameParent : 
parentFiles : 
inputBlocks : /calabria_SingleMuPt10_GEN-SIM-DIGI-RECO_CMSSW_6_2_0_SLHC12_2023Scenario_Case2/calabria-calabria_SingleMuPt10_GEN-SIM-DIGI-RECO_CMSSW_6_2_0_SLHC12_2023Scenario_Case2-713e95291268ed84eccf2b8e553eab97/USER#88fb6135-7b38-4126-8a08-30a5f33e52e9
inputFiles : 196_2_IlM.root::1::EDM::Local::1;201_2_eWB.root::1::EDM::Local::2;197_2_ppm.root::1::EDM::Local::3;202_2_XM4.root::1::EDM::Local::4;204_2_M4A.root::1::EDM::Local::5;205_2_7JF.root::1::EDM::Local::6;198_2_60Z.root::1::EDM::Local::7;199_2_vev.root::1::EDM::Local::8;200_2_PXn.root::1::EDM::Local::9;203_2_9yQ.root::1::EDM::Local::10;
Popularity stop
Extracted ExitStatus from FrameworkJobReport parsing output: 0
>>> Executable succeded  0
ExeExitCode=0
EXECUTABLE_EXIT_STATUS = 0
>>> current directory /home/cms021/home_cream_490444065/CREAM490444065/glide_eUIPiQ/execute/dir_13305/CMSSW_6_2_0_SLHC12
>>>  (SOFTWARE_DIR): /home/cms021/home_cream_490444065/CREAM490444065/glide_eUIPiQ/execute/dir_13305/CMSSW_6_2_0_SLHC12
>>> (WORKING_DIR): 
>>> current directory content:
total 10428
drwxr-xr-x 3 cms021 cms    4096 Jun 18 00:27 .SCRAM
-rw------- 1 cms021 cms 3740277 Jun 18 00:27 CMSSW.py.pkl
drwxr-xr-x 3 cms021 cms    4096 Jun 18 00:27 bin
drwxr-xr-x 3 cms021 cms    4096 Jun 18 00:27 cfipython
drwxr-xr-x 4 cms021 cms    4096 Jun 18 00:27 config
-rw------- 1 cms021 cms      16 Jun 18 00:34 cpu_timing.txt
drwxr-xr-x 2 cms021 cms    4096 Jun 18 00:27 doc
-rw------- 1 cms021 cms    9925 Jun 18 00:34 executable.out
drwxr-xr-x 2 cms021 cms    4096 Jun 18 00:27 include
drwx------ 3 cms021 cms    4096 Apr 28 18:12 lib
drwxr-xr-x 3 cms021 cms    4096 Jun 18 00:27 logs
drwxr-xr-x 3 cms021 cms    4096 Jun 18 00:27 objs
-rw------- 1 cms021 cms     104 Jun 18 00:28 pset.py
-rw------- 1 cms021 cms 3712312 Jun 18 00:28 pset.py.pkl
-rw------- 1 cms021 cms     289 Jun 18 00:28 pset.pyc
drwxr-xr-x 2 cms021 cms    4096 Jun 18 00:27 python
-rw------- 1 cms021 cms     410 Jun 18 00:34 report.log
drwx------ 6 cms021 cms    4096 Jun 18 00:27 src
drwxr-xr-x 3 cms021 cms    4096 Jun 18 00:27 test
drwxr-xr-x 3 cms021 cms    4096 Jun 18 00:27 tmp
-rw------- 1 cms021 cms 3123767 Jun 18 00:34 validationEDM.root
>>> current directory /home/cms021/home_cream_490444065/CREAM490444065/glide_eUIPiQ/execute/dir_13305/CMSSW_6_2_0_SLHC12
>>> (SOFTWARE_DIR): /home/cms021/home_cream_490444065/CREAM490444065/glide_eUIPiQ/execute/dir_13305/CMSSW_6_2_0_SLHC12
>>> (WORKING_DIR): 
>>> current directory content:
total 10428
drwxr-xr-x 3 cms021 cms    4096 Jun 18 00:27 .SCRAM
-rw------- 1 cms021 cms 3740277 Jun 18 00:27 CMSSW.py.pkl
drwxr-xr-x 3 cms021 cms    4096 Jun 18 00:27 bin
drwxr-xr-x 3 cms021 cms    4096 Jun 18 00:27 cfipython
drwxr-xr-x 4 cms021 cms    4096 Jun 18 00:27 config
-rw------- 1 cms021 cms      16 Jun 18 00:34 cpu_timing.txt
drwxr-xr-x 2 cms021 cms    4096 Jun 18 00:27 doc
-rw------- 1 cms021 cms    9925 Jun 18 00:34 executable.out
drwxr-xr-x 2 cms021 cms    4096 Jun 18 00:27 include
drwx------ 3 cms021 cms    4096 Apr 28 18:12 lib
drwxr-xr-x 3 cms021 cms    4096 Jun 18 00:27 logs
drwxr-xr-x 3 cms021 cms    4096 Jun 18 00:27 objs
-rw------- 1 cms021 cms     104 Jun 18 00:28 pset.py
-rw------- 1 cms021 cms 3712312 Jun 18 00:28 pset.py.pkl
-rw------- 1 cms021 cms     289 Jun 18 00:28 pset.pyc
drwxr-xr-x 2 cms021 cms    4096 Jun 18 00:27 python
-rw------- 1 cms021 cms     410 Jun 18 00:34 report.log
drwx------ 6 cms021 cms    4096 Jun 18 00:27 src
drwxr-xr-x 3 cms021 cms    4096 Jun 18 00:27 test
drwxr-xr-x 3 cms021 cms    4096 Jun 18 00:27 tmp
-rw------- 1 cms021 cms 3123767 Jun 18 00:34 validationEDM_20_1_c02.root
>>> current directory (RUNTIME_AREA):  /home/cms021/home_cream_490444065/CREAM490444065/glide_eUIPiQ/execute/dir_13305
SE = storm-se-01.ba.infn.it
SE_PATH = /srm/managerv2?SFN=//cms/store/user/calabria/calabria_SingleMuPt10_GEN-SIM-DIGI-RECO_CMSSW_6_2_0_SLHC12_2023Scenario_Case2/calabria_MuMinus10_GEN-SIM-DIGI-RECO_CMSSW_6_2_0_SLHC12_2023Scenario_VALNOPU2_Case2/5854dd31cbd3cdec44c48628cc181cf0/
LFNBaseName = /store/user/calabria/calabria_SingleMuPt10_GEN-SIM-DIGI-RECO_CMSSW_6_2_0_SLHC12_2023Scenario_Case2/calabria_MuMinus10_GEN-SIM-DIGI-RECO_CMSSW_6_2_0_SLHC12_2023Scenario_VALNOPU2_Case2/5854dd31cbd3cdec44c48628cc181cf0/
USER = calabria
endpoint = srm://storm-se-01.ba.infn.it:8444/srm/managerv2?SFN=//cms/store/user/calabria/calabria_SingleMuPt10_GEN-SIM-DIGI-RECO_CMSSW_6_2_0_SLHC12_2023Scenario_Case2/calabria_MuMinus10_GEN-SIM-DIGI-RECO_CMSSW_6_2_0_SLHC12_2023Scenario_VALNOPU2_Case2/5854dd31cbd3cdec44c48628cc181cf0/
>>> Copy output files from WN = gridpam07.ba.infn.it to /srm/managerv2?SFN=//cms/store/user/calabria/calabria_SingleMuPt10_GEN-SIM-DIGI-RECO_CMSSW_6_2_0_SLHC12_2023Scenario_Case2/calabria_MuMinus10_GEN-SIM-DIGI-RECO_CMSSW_6_2_0_SLHC12_2023Scenario_VALNOPU2_Case2/5854dd31cbd3cdec44c48628cc181cf0/ :
python cmscp.py  --destination srm://storm-se-01.ba.infn.it:8444/srm/managerv2?SFN=//cms/store/user/calabria/calabria_SingleMuPt10_GEN-SIM-DIGI-RECO_CMSSW_6_2_0_SLHC12_2023Scenario_Case2/calabria_MuMinus10_GEN-SIM-DIGI-RECO_CMSSW_6_2_0_SLHC12_2023Scenario_VALNOPU2_Case2/5854dd31cbd3cdec44c48628cc181cf0/ --inputFileList /home/cms021/home_cream_490444065/CREAM490444065/glide_eUIPiQ/execute/dir_13305/CMSSW_6_2_0_SLHC12/validationEDM_20_1_c02.root --middleware LCG --se_name storm-se-01.ba.infn.it --for_lfn /store/user/calabria/calabria_SingleMuPt10_GEN-SIM-DIGI-RECO_CMSSW_6_2_0_SLHC12_2023Scenario_Case2/calabria_MuMinus10_GEN-SIM-DIGI-RECO_CMSSW_6_2_0_SLHC12_2023Scenario_VALNOPU2_Case2/5854dd31cbd3cdec44c48628cc181cf0/    
******************************************************
localSeName  =  storm-se-01.ba.infn.it
remoteSeName =  storm-se-01.ba.infn.it
******************************************************
{"/home/cms021/home_cream_490444065/CREAM490444065/glide_eUIPiQ/execute/dir_13305/CMSSW_6_2_0_SLHC12/validationEDM_20_1_c02.root": {"endpoint": "srm://storm-se-01.ba.infn.it:8444/srm/managerv2?SFN=//cms/store/user/calabria/calabria_SingleMuPt10_GEN-SIM-DIGI-RECO_CMSSW_6_2_0_SLHC12_2023Scenario_Case2/calabria_MuMinus10_GEN-SIM-DIGI-RECO_CMSSW_6_2_0_SLHC12_2023Scenario_VALNOPU2_Case2/5854dd31cbd3cdec44c48628cc181cf0/", "surl_for_grid": "", "reason": "Copy succedeed with srm-lcg utils", "erCode": "0", "se_name": "storm-se-01.ba.infn.it", "for_lfn": "/store/user/calabria/calabria_SingleMuPt10_GEN-SIM-DIGI-RECO_CMSSW_6_2_0_SLHC12_2023Scenario_Case2/calabria_MuMinus10_GEN-SIM-DIGI-RECO_CMSSW_6_2_0_SLHC12_2023Scenario_VALNOPU2_Case2/5854dd31cbd3cdec44c48628cc181cf0/"}}/home/cms021/home_cream_490444065/CREAM490444065/glide_eUIPiQ/execute/dir_13305
-------- cat /home/cms021/home_cream_490444065/CREAM490444065/glide_eUIPiQ/execute/dir_13305/cmscpReport.sh 
#!/bin/bash
echo "Report for File: /home/cms021/home_cream_490444065/CREAM490444065/glide_eUIPiQ/execute/dir_13305/CMSSW_6_2_0_SLHC12/validationEDM_20_1_c02.root"
echo "LFN: /store/user/calabria/calabria_SingleMuPt10_GEN-SIM-DIGI-RECO_CMSSW_6_2_0_SLHC12_2023Scenario_Case2/calabria_MuMinus10_GEN-SIM-DIGI-RECO_CMSSW_6_2_0_SLHC12_2023Scenario_VALNOPU2_Case2/5854dd31cbd3cdec44c48628cc181cf0/validationEDM_20_1_c02.root"
echo "StorageElement: storm-se-01.ba.infn.it"
echo "StageOutExitStatusReason = 'Copy succedeed with srm-lcg utils'" | tee -a $RUNTIME_AREA/$repo
echo "StageOutSE = storm-se-01.ba.infn.it" >> $RUNTIME_AREA/$repo

export StageOutExitStatus=0
echo "StageOutExitStatus = 0" | tee -a $RUNTIME_AREA/$repo
-------- end of /home/cms021/home_cream_490444065/CREAM490444065/glide_eUIPiQ/execute/dir_13305/cmscpReport.sh 
Report for File: /home/cms021/home_cream_490444065/CREAM490444065/glide_eUIPiQ/execute/dir_13305/CMSSW_6_2_0_SLHC12/validationEDM_20_1_c02.root
LFN: /store/user/calabria/calabria_SingleMuPt10_GEN-SIM-DIGI-RECO_CMSSW_6_2_0_SLHC12_2023Scenario_Case2/calabria_MuMinus10_GEN-SIM-DIGI-RECO_CMSSW_6_2_0_SLHC12_2023Scenario_VALNOPU2_Case2/5854dd31cbd3cdec44c48628cc181cf0/validationEDM_20_1_c02.root
StorageElement: storm-se-01.ba.infn.it
StageOutExitStatusReason = 'Copy succedeed with srm-lcg utils'
StageOutExitStatus = 0
>>> current dir: /home/cms021/home_cream_490444065/CREAM490444065/glide_eUIPiQ/execute/dir_13305
>>> current dir content:
total 28080
-rw-------  1 cms021 cms     2786 Jun 18 00:35 .SEinteraction.log
-rwx------  1 cms021 cms     6814 Jun 18 00:27 .job.ad
-rwx------  1 cms021 cms     9390 Jun 18 00:27 .machine.ad
-rw-------  1 cms021 cms      105 Jun 16 20:45 CMSSW.py
-rw-------  1 cms021 cms  3740277 Jun 16 20:45 CMSSW.py.pkl
-rwx------  1 cms021 cms    29556 Jun 18 00:27 CMSSW.sh
drwxr-xr-x 15 cms021 cms     4096 Jun 18 00:34 CMSSW_6_2_0_SLHC12
-rw-------  1 cms021 cms      220 Jun 18 00:27 CacheEnv.sh
-rw-------  1 cms021 cms     7291 Apr  4 11:04 DashboardAPI.py
-rw-------  1 cms021 cms     6815 Jun 18 00:27 DashboardAPI.pyc
drwx------  2 cms021 cms     4096 Jun 18 00:34 IMProv
-rw-------  1 cms021 cms     2748 Apr  4 11:04 Logger.py
-rw-------  1 cms021 cms     3347 Jun 18 00:27 Logger.pyc
-rw-------  1 cms021 cms    24524 Apr  4 11:04 ProcInfo.py
-rw-------  1 cms021 cms    23197 Jun 18 00:27 ProcInfo.pyc
drwx------  7 cms021 cms     4096 Jun 18 00:28 ProdCommon
drwx------  3 cms021 cms     4096 Jun 18 00:27 WMCore
-rw-------  1 cms021 cms     2301 Jun 18 00:34 Watchdog_20.log
-rwx------  1 cms021 cms        0 Jun 18 00:27 _condor_stderr
-rwx---r--  1 cms021 cms    29432 Jun 18 00:35 _condor_stdout
-rw-------  1 cms021 cms    32895 Apr  4 11:04 apmon.py
-rw-------  1 cms021 cms    28625 Jun 18 00:27 apmon.pyc
-rwx------  1 cms021 cms    53441 Jun 18 00:27 arguments.xml
-rwx------  1 cms021 cms    38515 Apr  4 11:04 cmscp.py
-rw-------  1 cms021 cms      718 Jun 18 00:35 cmscpReport.sh
-rwx------  1 cms021 cms    29556 Jun 18 00:27 condor_exec.exe
-rw-------  1 cms021 cms      958 Jun 16 20:45 crab.cfg
-rwx------  1 cms021 cms     8610 Apr  4 11:04 crabWatchdog.sh
-rwx---r--  1 cms021 cms   523284 Jun 18 00:34 crab_fjr_20.xml
-rwx------  1 cms021 cms 23957588 Jun 18 00:27 default.tgz
-rwx------  1 cms021 cms     4488 Apr  4 11:04 fillCrabFjr.py
-rw-------  1 cms021 cms     2629 Jun 18 00:28 inputsReport.txt
-rw-------  1 cms021 cms      261 Jun 18 00:35 jobreport.txt
-rw-------  1 cms021 cms    17352 Apr  4 11:04 parseCrabFjr.py
-rw-------  1 cms021 cms      330 Jun 18 00:27 report.log
-rwx--x--x  1 cms021 cms     1497 Apr  4 11:04 report.py
-rw-------  1 cms021 cms      772 Jun 18 00:35 resultCopyFile
lrwxrwxrwx  1 cms021 cms      126 Jun 18 00:34 validationEDM.root -> /home/cms021/home_cream_490444065/CREAM490444065/glide_eUIPiQ/execute/dir_13305/CMSSW_6_2_0_SLHC12/validationEDM_20_1_c02.root
-rwx------  1 cms021 cms     8387 Apr  4 11:04 writeCfg.py
-rw-------  1 cms021 cms     8010 Jun 18 00:27 x509up_u50707
>>> Modify Job Report:
CMSSW_VERSION = CMSSW_6_2_0_SLHC12
ProcessedDataset = calabria_MuMinus10_GEN-SIM-DIGI-RECO_CMSSW_6_2_0_SLHC12_2023Scenario_VALNOPU2_Case2
/home/cms021/home_cream_490444065/CREAM490444065/glide_eUIPiQ/execute/dir_13305/ProdCommon/FwkJobRep/ModifyJobReport.py fjr /home/cms021/home_cream_490444065/CREAM490444065/glide_eUIPiQ/execute/dir_13305/crab_fjr_20.xml json /home/cms021/home_cream_490444065/CREAM490444065/glide_eUIPiQ/execute/dir_13305/resultCopyFile n_job 20_1_c02 PrimaryDataset calabria_SingleMuPt10_GEN-SIM-DIGI-RECO_CMSSW_6_2_0_SLHC12_2023Scenario_Case2  ApplicationFamily cmsRun ApplicationName cmsRun cmssw_version CMSSW_6_2_0_SLHC12 psethash 5854dd31cbd3cdec44c48628cc181cf0 UserProcessedDataset calabria-calabria_MuMinus10_GEN-SIM-DIGI-RECO_CMSSW_6_2_0_SLHC12_2023Scenario_VALNOPU2_Case2-5854dd31cbd3cdec44c48628cc181cf0
inputDict =  {u'/home/cms021/home_cream_490444065/CREAM490444065/glide_eUIPiQ/execute/dir_13305/CMSSW_6_2_0_SLHC12/validationEDM_20_1_c02.root': {u'endpoint': u'srm://storm-se-01.ba.infn.it:8444/srm/managerv2?SFN=//cms/store/user/calabria/calabria_SingleMuPt10_GEN-SIM-DIGI-RECO_CMSSW_6_2_0_SLHC12_2023Scenario_Case2/calabria_MuMinus10_GEN-SIM-DIGI-RECO_CMSSW_6_2_0_SLHC12_2023Scenario_VALNOPU2_Case2/5854dd31cbd3cdec44c48628cc181cf0/', u'surl_for_grid': u'', u'reason': u'Copy succedeed with srm-lcg utils', u'erCode': u'0', u'se_name': u'storm-se-01.ba.infn.it', u'for_lfn': u'/store/user/calabria/calabria_SingleMuPt10_GEN-SIM-DIGI-RECO_CMSSW_6_2_0_SLHC12_2023Scenario_Case2/calabria_MuMinus10_GEN-SIM-DIGI-RECO_CMSSW_6_2_0_SLHC12_2023Scenario_VALNOPU2_Case2/5854dd31cbd3cdec44c48628cc181cf0/'}}
UserProcessedDataset =  calabria-calabria_MuMinus10_GEN-SIM-DIGI-RECO_CMSSW_6_2_0_SLHC12_2023Scenario_VALNOPU2_Case2-5854dd31cbd3cdec44c48628cc181cf0
file_name in inputDict =  /home/cms021/home_cream_490444065/CREAM490444065/glide_eUIPiQ/execute/dir_13305/CMSSW_6_2_0_SLHC12/validationEDM_20_1_c02.root
(size) os.stat(filename)[6] =  3123767
checksum =  911457443
    file =  validationEDM_20_1_c02.root
    newPfn =  srm://storm-se-01.ba.infn.it:8444/srm/managerv2?SFN=//cms/store/user/calabria/calabria_SingleMuPt10_GEN-SIM-DIGI-RECO_CMSSW_6_2_0_SLHC12_2023Scenario_Case2/calabria_MuMinus10_GEN-SIM-DIGI-RECO_CMSSW_6_2_0_SLHC12_2023Scenario_VALNOPU2_Case2/5854dd31cbd3cdec44c48628cc181cf0/validationEDM_20_1_c02.root
    newLfn =  /store/user/calabria/calabria_SingleMuPt10_GEN-SIM-DIGI-RECO_CMSSW_6_2_0_SLHC12_2023Scenario_Case2/calabria_MuMinus10_GEN-SIM-DIGI-RECO_CMSSW_6_2_0_SLHC12_2023Scenario_VALNOPU2_Case2/5854dd31cbd3cdec44c48628cc181cf0/validationEDM_20_1_c02.root
>>> crab_fjr_*.xml  permission set to 0704
CrabWrapper EXIT_FUNC entered at Wed Jun 18 00:35:03 CEST 2014   -  Tue Jun 17 22:35:03 UTC 2014
Checking output files:  
will tar file crab_fjr_20.xml in  out_files_20
WARNING: output file CMSSW_20.stdout not found!
WARNING: output file CMSSW_20.stderr not found!
WARNING: output file Watchdog_20.log.gz not found!
>>> padding time: Sleeping the wrapper for 164 seconds
STOPPING WATCHDOG. CrabWatchdog PID is 15446
********** LAST 50 LINES OF WATCHDOG LOG
# RESOURCE USAGE SUMMARY FOR PROCESS ID 14816
USER       PID %CPU %MEM    VSZ   RSS TTY      STAT START   TIME COMMAND
cms021   14816  0.5  0.0   9496  1564 ?        S    00:27   0:00 /bin/sh /home/cms021/home_cream_490444065/CREAM490444065/glide_eUIPiQ/execute/dir_13305/condor_exec.exe 20 1
 
# LIMITS USED BY CRAB WATCHDOG:
# RSS  (KBytes)   : 2300000
# VSZ  (KBytes)   : 100000000
# DISK (MBytes)   : 19000
# CPU TIME        : 720h:0m:0s
# WALL CLOCK TIME : 21h:50m:0s
 
# FOLLOWING PRINTOUT TRACKS MAXIMUM VALUES OF RESOURCES USE
# ONE LINE IS PRINTED EACH TIME A MAXIMUM CHANGES
# IF CHANGE WAS IN RSS OR VSZ ALSO PROCID AND COMMAND ARE PRINTED
# THERE IS NO PRINTOUT FOR CPU/WALL TIME INCREASE
 
# TIME			PID	RSS(KB)	VSZ(KB)	Dsk(MB)	tCPU(s)	tWALL(s)	COMMAND
 Jun 18 00:27:54 CEST	13305	8364	93616	0	0	0	condor_starter -f submit-4.t2.ucsd.edu        
 Jun 18 00:27:54 CEST	15458	33024	95396	0	0	0	edmConfigHash pset.py         
 Jun 18 00:27:54 CEST	16181	33024	106092	0	0	0	sh -c "./glidein_startup.sh" -v std -name v1_3 -entry CMS_T2_IT_Bari_ce4 -clientname UCSD-v1_0.main
 Jun 18 00:27:54 CEST	16216	33024	106492	0	1	0	/bin/bash ./glidein_startup.sh -v std -name v1_3 -entry CMS_T2_IT_Bari_ce4 -clientname UCSD-v1_0.main -schedd
 Jun 18 00:27:54 CEST	---	33024	106492	171	----	----	----
 Jun 18 00:28:55 CEST	15899	770808	982108	171	37	61	cmsRun -j /home/cms021/home_cream_490444065/CREAM490444065/glide_eUIPiQ/execute/dir_13305/crab_fjr_20.xml -p pset.py      
 Jun 18 00:28:55 CEST	---	770808	982108	175	----	----	----
 Jun 18 00:29:56 CEST	15899	791208	1003932	175	86	122	cmsRun -j /home/cms021/home_cream_490444065/CREAM490444065/glide_eUIPiQ/execute/dir_13305/crab_fjr_20.xml -p pset.py      
 Jun 18 00:30:57 CEST	15899	796968	1011808	175	138	185	cmsRun -j /home/cms021/home_cream_490444065/CREAM490444065/glide_eUIPiQ/execute/dir_13305/crab_fjr_20.xml -p pset.py      
 Jun 18 00:32:01 CEST	15899	812340	1020256	175	190	249	cmsRun -j /home/cms021/home_cream_490444065/CREAM490444065/glide_eUIPiQ/execute/dir_13305/crab_fjr_20.xml -p pset.py      
 Jun 18 00:33:05 CEST	15899	833004	1034336	175	240	312	cmsRun -j /home/cms021/home_cream_490444065/CREAM490444065/glide_eUIPiQ/execute/dir_13305/crab_fjr_20.xml -p pset.py      
 Jun 18 00:34:08 CEST	---	833004	1034336	178	----	----	----
********** WATCHDOG LOG ENDED
ZIPPING WATCHDOG LOG
Disk space used:
du -sh /home/cms021/home_cream_490444065/CREAM490444065/glide_eUIPiQ/execute/dir_13305
179M	/home/cms021/home_cream_490444065/CREAM490444065/glide_eUIPiQ/execute/dir_13305
Found unusual stdout, rename for OSB
`/home/cms021/home_cream_490444065/CREAM490444065/glide_eUIPiQ/execute/dir_13305/_condor_stdout' -> `CMSSW_20.stdout'
Found unusual stderr, rename for OSB
`/home/cms021/home_cream_490444065/CREAM490444065/glide_eUIPiQ/execute/dir_13305/_condor_stdout' -> `CMSSW_20.stderr'
crab_fjr_20.xml
CMSSW_20.stdout
CMSSW_20.stderr
Watchdog_20.log.gz
Total Output dimension: 69969
WARNING: output files size limit is set to: 50000000
Total Output dimension 69969 is fine.
JOB_EXIT_STATUS = 0
>>> info for dashboard:
***** Cat /home/cms021/home_cream_490444065/CREAM490444065/glide_eUIPiQ/execute/dir_13305/jobreport.txt *****
MonitorJobID=20_https://submit-4.t2.ucsd.edu//140616//222479.19
MonitorID=calabria_MuMinus10_Case2_ReReco_50bsf8
ExeTime=358
ExeExitCode=0
StageOutExitStatusReason = 'Copy succedeed with srm-lcg utils'
StageOutSE = storm-se-01.ba.infn.it
StageOutExitStatus = 0
CrabUserCpuTime=289.76
CrabSysCpuTime=6.12
CrabCpuPercentage=82%
CrabWrapperTime=600
CrabStageoutTime=48
JobExitCode=0
***** End Cat jobreport *****
Parameters sent to Dashboard.
EXITING at Wed Jun 18 00:37:53 CEST 2014  -  Tue Jun 17 22:37:53 UTC 2014
