This script was generated by crab (version 2.10.5_patch1).
Running /home/cms037/home_cream_881744514/CREAM881744514/glide_pyKc0v/execute/dir_16205/condor_exec.exe with 2 positional parameters: 8 1
Today is Wed Jun 18 00:16:59 CEST 2014 - Tue Jun 17 22:16:59 UTC 2014
Job submitted on host alicegrid50.ba.infn.it
Linux alicegrid50.ba.infn.it 2.6.32-358.23.2.el6.x86_64 #1 SMP Thu Oct 17 10:27:22 CEST 2013 x86_64 x86_64 x86_64 GNU/Linux
>>> current directory (RUNTIME_AREA): /home/cms037/home_cream_881744514/CREAM881744514/glide_pyKc0v/execute/dir_16205
>>> current user: uid=18594(cms037) gid=1399(cms) groups=1399(cms)
>>> directory permission set to 0700
>>> umask set to:  u=rwx,g=,o=
>>> stdout stderr permission set to 0704
>>> voms proxy information:
subject   : /C=IT/O=INFN/OU=Personal Certificate/L=Bari/CN=Cesare Calabria/CN=477126703/CN=7374356
issuer    : /C=IT/O=INFN/OU=Personal Certificate/L=Bari/CN=Cesare Calabria/CN=477126703
identity  : /C=IT/O=INFN/OU=Personal Certificate/L=Bari/CN=Cesare Calabria
type      : RFC3820 compliant limited proxy
strength  : 1024
path      : /home/cms037/home_cream_881744514/CREAM881744514/glide_pyKc0v/execute/dir_16205/x509up_u50707
timeleft  : 23:59:50
key usage : Digital Signature, Key Encipherment, Data Encipherment
=== VO cms extension information ===
VO        : cms
subject   : /C=IT/O=INFN/OU=Personal Certificate/L=Bari/CN=Cesare Calabria
issuer    : /DC=ch/DC=cern/OU=computers/CN=voms.cern.ch
attribute : /cms/Role=NULL/Capability=NULL
attribute : /cms/itcms/Role=NULL/Capability=NULL
timeleft  : 155:07:20
uri       : voms.cern.ch:15002

WNHostName=alicegrid50.ba.infn.it
>>> tar --no-same-permissions -xf /home/cms037/home_cream_881744514/CREAM881744514/glide_pyKc0v/execute/dir_16205/default.tgz :
Successful untar
>>> Include /home/cms037/home_cream_881744514/CREAM881744514/glide_pyKc0v/execute/dir_16205 in PYTHONPATH:
strip arguments
env var CRAB_UNIQUE_JOB_ID set to: calabria_MuMinus10_Case2_ReReco_50bsf8_8_1_6iY
out_files_8
>>> list of expected files on output sandbox
output files: crab_fjr_8.xml CMSSW_8.stdout CMSSW_8.stderr Watchdog_8.log.gz
>>> GridFlavour discovery: 
GridFlavour=LCG
>>> SyncSite discovery: 
SyncSite=T2_IT_Bari
>>> SyncCE discovery: 
getting SyncCE from CE_ID
SyncCE=cream-ce-2.ba.infn.it:8443/cream-pbs-cms
>>> info for dashboard:
***** Cat /home/cms037/home_cream_881744514/CREAM881744514/glide_pyKc0v/execute/dir_16205/jobreport.txt *****
WNHostName=alicegrid50.ba.infn.it
MonitorJobID=8_https://submit-4.t2.ucsd.edu//140616//222479.7
SyncGridJobId=https://submit-4.t2.ucsd.edu//140616//222479.7
MonitorID=calabria_MuMinus10_Case2_ReReco_50bsf8
GridFlavour=LCG
SyncSite=T2_IT_Bari
SyncCE=cream-ce-2.ba.infn.it:8443/cream-pbs-cms
***** End Cat jobreport *****
Parameters sent to Dashboard.
>>> setup environment
set SCRAM ARCH to slc5_amd64_gcc472
SCRAM_ARCH = slc5_amd64_gcc472
>>> setup CMS LCG environment:
set SCRAM ARCH and BUILD_ARCH to slc5_amd64_gcc472 ###
Sourcing environment... 
sourcing /cvmfs/cms.cern.ch/cmsset_default.sh
==> setup cms environment ok
>>> specific cmssw setup environment:
CMSSW_VERSION =  CMSSW_6_2_0_SLHC12
>>> current directory (SOFTWARE_DIR): /home/cms037/home_cream_881744514/CREAM881744514/glide_pyKc0v/execute/dir_16205/CMSSW_6_2_0_SLHC12
PreserveSeeds: <>
IncrementSeeds:<>
>>> info for dashboard:
***** Cat /home/cms037/home_cream_881744514/CREAM881744514/glide_pyKc0v/execute/dir_16205/jobreport.txt *****
MonitorJobID=8_https://submit-4.t2.ucsd.edu//140616//222479.7
MonitorID=calabria_MuMinus10_Case2_ReReco_50bsf8
***** End Cat jobreport *****
Parameters sent to Dashboard.
crabWatchdog started as process 19714
>>> moving CMSSW software directories in /home/cms037/home_cream_881744514/CREAM881744514/glide_pyKc0v/execute/dir_16205/CMSSW_6_2_0_SLHC12
mv: cannot stat `/home/cms037/home_cream_881744514/CREAM881744514/glide_pyKc0v/execute/dir_16205/module/': No such file or directory
>>> Include /home/cms037/home_cream_881744514/CREAM881744514/glide_pyKc0v/execute/dir_16205 in PYTHONPATH:
PYTHONPATH=/home/cms037/home_cream_881744514/CREAM881744514/glide_pyKc0v/execute/dir_16205/:/home/cms037/home_cream_881744514/CREAM881744514/glide_pyKc0v/execute/dir_16205/CMSSW_6_2_0_SLHC12/python:/home/cms037/home_cream_881744514/CREAM881744514/glide_pyKc0v/execute/dir_16205/CMSSW_6_2_0_SLHC12/lib/slc5_amd64_gcc472:/cvmfs/cms.cern.ch/slc5_amd64_gcc472/cms/cmssw/CMSSW_6_2_0_SLHC12/python:/cvmfs/cms.cern.ch/slc5_amd64_gcc472/cms/cmssw/CMSSW_6_2_0_SLHC12/lib/slc5_amd64_gcc472:/cvmfs/cms.cern.ch/slc5_amd64_gcc472/cms/coral/CORAL_2_3_21-cms36/slc5_amd64_gcc472/python:/cvmfs/cms.cern.ch/slc5_amd64_gcc472/cms/coral/CORAL_2_3_21-cms36/slc5_amd64_gcc472/lib:/cvmfs/cms.cern.ch/slc5_amd64_gcc472/external/pyqt/4.8.1-cms6/lib/python2.7/site-packages:/cvmfs/cms.cern.ch/slc5_amd64_gcc472/external/py2-scipy/0.8.0-cms8/lib/python2.7/site-packages:/cvmfs/cms.cern.ch/slc5_amd64_gcc472/external/py2-matplotlib/1.0.1-cms8/lib/python2.7/site-packages:/cvmfs/cms.cern.ch/slc5_amd64_gcc472/external/python-ldap/2.3.5-cms6/lib/python2.7/site-packages:/cvmfs/cms.cern.ch/slc5_amd64_gcc472/external/sip/4.11.2-cms6/lib/python2.7/site-packages:/cvmfs/cms.cern.ch/slc5_amd64_gcc472/external/py2-pycurl/7.19.0-cms8/lib/python2.7/site-packages:/cvmfs/cms.cern.ch/slc5_amd64_gcc472/external/py2-numpy/1.6.1-cms8/lib/python2.7/site-packages:/cvmfs/cms.cern.ch/slc5_amd64_gcc472/external/py2-lint/0.25.1-cms6/lib/python2.7/site-packages:/cvmfs/cms.cern.ch/slc5_amd64_gcc472/external/py2-ipython/0.10-cms6/lib/python2.7/site-packages:/cvmfs/cms.cern.ch/slc5_amd64_gcc472/external/py2-cx-oracle/5.1-cms7/lib/python2.7/site-packages:/cvmfs/cms.cern.ch/slc5_amd64_gcc472/external/py2-cjson/1.0.5-cms6/lib/python2.7/site-packages:/cvmfs/cms.cern.ch/slc5_amd64_gcc472/cms/das-client/1.11.7/bin:/cvmfs/cms.cern.ch/slc5_amd64_gcc472/external/elementtree/1.2.6-cms6/share/lib/python2.7/site-packages:/cvmfs/cms.cern.ch/slc5_amd64_gcc472/external/rivet/1.8.2-cms8/lib/python2.7/site-packages:/cvmfs/cms.cern.ch/slc5_amd64_gcc472/external/pyminuit2/0.0.1-cms19/lib/python2.7/site-packages:/cvmfs/cms.cern.ch/slc5_amd64_gcc472/external/py2-pygithub/1.23.0/lib/python2.7/site-packages:/cvmfs/cms.cern.ch/slc5_amd64_gcc472/external/professor/1.0.0-cms19/lib/python2.7/site-packages:/cvmfs/cms.cern.ch/slc5_amd64_gcc472/lcg/root/5.34.07-cms/lib:/cvmfs/cms.cern.ch/slc5_amd64_gcc472/cms/dbs-client/DBS_2_1_9-cms5/lib:/cvmfs/cms.cern.ch/slc5_amd64_gcc472/cms/dbs-client/DBS_2_1_9-cms5/lib/DBSAPI:/cvmfs/cms.cern.ch/slc5_amd64_gcc472/external/cvs2git/5419-cms/lib:/home/cms037/home_cream_881744514/CREAM881744514/glide_pyKc0v/execute/dir_16205/
 
# LIMITS USED BY CRAB WATCHDOG:
# RSS  (KBytes)   : 2300000
# VSZ  (KBytes)   : 100000000
# DISK (MBytes)   : 19000
# CPU TIME        : 720h:0m:0s
# WALL CLOCK TIME : 21h:50m:0s
 
5854dd31cbd3cdec44c48628cc181cf0
PSETHASH = 5854dd31cbd3cdec44c48628cc181cf0
/home/cms037/home_cream_881744514/CREAM881744514/glide_pyKc0v/execute/dir_16205/writeCfg.py pset.py pset.py
Importing .py file
Setting parameters
RandomNumberGeneratorService found, will attempt to change seeds
inputBlocks=/calabria_SingleMuPt10_GEN-SIM-DIGI-RECO_CMSSW_6_2_0_SLHC12_2023Scenario_Case2/calabria-calabria_SingleMuPt10_GEN-SIM-DIGI-RECO_CMSSW_6_2_0_SLHC12_2023Scenario_Case2-713e95291268ed84eccf2b8e553eab97/USER#88fb6135-7b38-4126-8a08-30a5f33e52e9
inputFiles=/store/user/calabria/calabria_SingleMuPt10_GEN-SIM-DIGI-RECO_CMSSW_6_2_0_SLHC12_2023Scenario_Case2/calabria_SingleMuPt10_GEN-SIM-DIGI-RECO_CMSSW_6_2_0_SLHC12_2023Scenario_Case2/713e95291268ed84eccf2b8e553eab97/out_reco_453_2_a1M.root;/store/user/calabria/calabria_SingleMuPt10_GEN-SIM-DIGI-RECO_CMSSW_6_2_0_SLHC12_2023Scenario_Case2/calabria_SingleMuPt10_GEN-SIM-DIGI-RECO_CMSSW_6_2_0_SLHC12_2023Scenario_Case2/713e95291268ed84eccf2b8e553eab97/out_reco_454_2_nwr.root;/store/user/calabria/calabria_SingleMuPt10_GEN-SIM-DIGI-RECO_CMSSW_6_2_0_SLHC12_2023Scenario_Case2/calabria_SingleMuPt10_GEN-SIM-DIGI-RECO_CMSSW_6_2_0_SLHC12_2023Scenario_Case2/713e95291268ed84eccf2b8e553eab97/out_reco_456_2_IU3.root;/store/user/calabria/calabria_SingleMuPt10_GEN-SIM-DIGI-RECO_CMSSW_6_2_0_SLHC12_2023Scenario_Case2/calabria_SingleMuPt10_GEN-SIM-DIGI-RECO_CMSSW_6_2_0_SLHC12_2023Scenario_Case2/713e95291268ed84eccf2b8e553eab97/out_reco_457_2_UoB.root;/store/user/calabria/calabria_SingleMuPt10_GEN-SIM-DIGI-RECO_CMSSW_6_2_0_SLHC12_2023Scenario_Case2/calabria_SingleMuPt10_GEN-SIM-DIGI-RECO_CMSSW_6_2_0_SLHC12_2023Scenario_Case2/713e95291268ed84eccf2b8e553eab97/out_reco_93_2_p5A.root;/store/user/calabria/calabria_SingleMuPt10_GEN-SIM-DIGI-RECO_CMSSW_6_2_0_SLHC12_2023Scenario_Case2/calabria_SingleMuPt10_GEN-SIM-DIGI-RECO_CMSSW_6_2_0_SLHC12_2023Scenario_Case2/713e95291268ed84eccf2b8e553eab97/out_reco_94_2_5Xk.root;/store/user/calabria/calabria_SingleMuPt10_GEN-SIM-DIGI-RECO_CMSSW_6_2_0_SLHC12_2023Scenario_Case2/calabria_SingleMuPt10_GEN-SIM-DIGI-RECO_CMSSW_6_2_0_SLHC12_2023Scenario_Case2/713e95291268ed84eccf2b8e553eab97/out_reco_95_2_B6J.root;/store/user/calabria/calabria_SingleMuPt10_GEN-SIM-DIGI-RECO_CMSSW_6_2_0_SLHC12_2023Scenario_Case2/calabria_SingleMuPt10_GEN-SIM-DIGI-RECO_CMSSW_6_2_0_SLHC12_2023Scenario_Case2/713e95291268ed84eccf2b8e553eab97/out_reco_96_2_oiL.root;/store/user/calabria/calabria_SingleMuPt10_GEN-SIM-DIGI-RECO_CMSSW_6_2_0_SLHC12_2023Scenario_Case2/calabria_SingleMuPt10_GEN-SIM-DIGI-RECO_CMSSW_6_2_0_SLHC12_2023Scenario_Case2/713e95291268ed84eccf2b8e553eab97/out_reco_97_1_0kW.root;/store/user/calabria/calabria_SingleMuPt10_GEN-SIM-DIGI-RECO_CMSSW_6_2_0_SLHC12_2023Scenario_Case2/calabria_SingleMuPt10_GEN-SIM-DIGI-RECO_CMSSW_6_2_0_SLHC12_2023Scenario_Case2/713e95291268ed84eccf2b8e553eab97/out_reco_98_2_z5t.root
parentFiles=
lumisRange=
>>> Executable cmsRun
/cvmfs/cms.cern.ch/slc5_amd64_gcc472/cms/cmssw/CMSSW_6_2_0_SLHC12/bin/slc5_amd64_gcc472/cmsRun
ok executable found
>>> info for dashboard:
***** Cat /home/cms037/home_cream_881744514/CREAM881744514/glide_pyKc0v/execute/dir_16205/jobreport.txt *****
MonitorJobID=8_https://submit-4.t2.ucsd.edu//140616//222479.7
MonitorID=calabria_MuMinus10_Case2_ReReco_50bsf8
ExeStart=cmsRun
***** End Cat jobreport *****
Parameters sent to Dashboard.
>>> cmsRun started at Tue Jun 17 22:17:30 UTC 2014
>>> cmsRun ended at Tue Jun 17 22:27:07 UTC 2014
>>> crab_fjr_*.xml  permission set to 0704
>>> info for dashboard:
***** Cat /home/cms037/home_cream_881744514/CREAM881744514/glide_pyKc0v/execute/dir_16205/jobreport.txt *****
MonitorJobID=8_https://submit-4.t2.ucsd.edu//140616//222479.7
MonitorID=calabria_MuMinus10_Case2_ReReco_50bsf8
ExeEnd=cmsRun
***** End Cat jobreport *****
Parameters sent to Dashboard.
TIME_EXE = 577 sec
>>> cmsRun wrote 50 lines of stdout+stderr
>>> START OF printout of 50 lines from stdout+stderr
271 DQMStore::DQMStore 
HcalTopologyIdealEP::HcalTopologyIdealEP
18-Jun-2014 00:17:53 CEST  Initiating request to open file file:/lustre/cms//store/user/calabria/calabria_SingleMuPt10_GEN-SIM-DIGI-RECO_CMSSW_6_2_0_SLHC12_2023Scenario_Case2/calabria_SingleMuPt10_GEN-SIM-DIGI-RECO_CMSSW_6_2_0_SLHC12_2023Scenario_Case2/713e95291268ed84eccf2b8e553eab97/out_reco_453_2_a1M.root
18-Jun-2014 00:17:56 CEST  Successfully opened file file:/lustre/cms//store/user/calabria/calabria_SingleMuPt10_GEN-SIM-DIGI-RECO_CMSSW_6_2_0_SLHC12_2023Scenario_Case2/calabria_SingleMuPt10_GEN-SIM-DIGI-RECO_CMSSW_6_2_0_SLHC12_2023Scenario_Case2/713e95291268ed84eccf2b8e553eab97/out_reco_453_2_a1M.root
18-Jun-2014 00:18:48 CEST  Closed file file:/lustre/cms//store/user/calabria/calabria_SingleMuPt10_GEN-SIM-DIGI-RECO_CMSSW_6_2_0_SLHC12_2023Scenario_Case2/calabria_SingleMuPt10_GEN-SIM-DIGI-RECO_CMSSW_6_2_0_SLHC12_2023Scenario_Case2/713e95291268ed84eccf2b8e553eab97/out_reco_453_2_a1M.root
18-Jun-2014 00:18:48 CEST  Initiating request to open file file:/lustre/cms//store/user/calabria/calabria_SingleMuPt10_GEN-SIM-DIGI-RECO_CMSSW_6_2_0_SLHC12_2023Scenario_Case2/calabria_SingleMuPt10_GEN-SIM-DIGI-RECO_CMSSW_6_2_0_SLHC12_2023Scenario_Case2/713e95291268ed84eccf2b8e553eab97/out_reco_454_2_nwr.root
18-Jun-2014 00:18:48 CEST  Successfully opened file file:/lustre/cms//store/user/calabria/calabria_SingleMuPt10_GEN-SIM-DIGI-RECO_CMSSW_6_2_0_SLHC12_2023Scenario_Case2/calabria_SingleMuPt10_GEN-SIM-DIGI-RECO_CMSSW_6_2_0_SLHC12_2023Scenario_Case2/713e95291268ed84eccf2b8e553eab97/out_reco_454_2_nwr.root
18-Jun-2014 00:19:23 CEST  Closed file file:/lustre/cms//store/user/calabria/calabria_SingleMuPt10_GEN-SIM-DIGI-RECO_CMSSW_6_2_0_SLHC12_2023Scenario_Case2/calabria_SingleMuPt10_GEN-SIM-DIGI-RECO_CMSSW_6_2_0_SLHC12_2023Scenario_Case2/713e95291268ed84eccf2b8e553eab97/out_reco_454_2_nwr.root
18-Jun-2014 00:19:23 CEST  Initiating request to open file file:/lustre/cms//store/user/calabria/calabria_SingleMuPt10_GEN-SIM-DIGI-RECO_CMSSW_6_2_0_SLHC12_2023Scenario_Case2/calabria_SingleMuPt10_GEN-SIM-DIGI-RECO_CMSSW_6_2_0_SLHC12_2023Scenario_Case2/713e95291268ed84eccf2b8e553eab97/out_reco_456_2_IU3.root
18-Jun-2014 00:19:23 CEST  Successfully opened file file:/lustre/cms//store/user/calabria/calabria_SingleMuPt10_GEN-SIM-DIGI-RECO_CMSSW_6_2_0_SLHC12_2023Scenario_Case2/calabria_SingleMuPt10_GEN-SIM-DIGI-RECO_CMSSW_6_2_0_SLHC12_2023Scenario_Case2/713e95291268ed84eccf2b8e553eab97/out_reco_456_2_IU3.root
18-Jun-2014 00:20:02 CEST  Closed file file:/lustre/cms//store/user/calabria/calabria_SingleMuPt10_GEN-SIM-DIGI-RECO_CMSSW_6_2_0_SLHC12_2023Scenario_Case2/calabria_SingleMuPt10_GEN-SIM-DIGI-RECO_CMSSW_6_2_0_SLHC12_2023Scenario_Case2/713e95291268ed84eccf2b8e553eab97/out_reco_456_2_IU3.root
18-Jun-2014 00:20:02 CEST  Initiating request to open file file:/lustre/cms//store/user/calabria/calabria_SingleMuPt10_GEN-SIM-DIGI-RECO_CMSSW_6_2_0_SLHC12_2023Scenario_Case2/calabria_SingleMuPt10_GEN-SIM-DIGI-RECO_CMSSW_6_2_0_SLHC12_2023Scenario_Case2/713e95291268ed84eccf2b8e553eab97/out_reco_457_2_UoB.root
18-Jun-2014 00:20:02 CEST  Successfully opened file file:/lustre/cms//store/user/calabria/calabria_SingleMuPt10_GEN-SIM-DIGI-RECO_CMSSW_6_2_0_SLHC12_2023Scenario_Case2/calabria_SingleMuPt10_GEN-SIM-DIGI-RECO_CMSSW_6_2_0_SLHC12_2023Scenario_Case2/713e95291268ed84eccf2b8e553eab97/out_reco_457_2_UoB.root
18-Jun-2014 00:20:39 CEST  Closed file file:/lustre/cms//store/user/calabria/calabria_SingleMuPt10_GEN-SIM-DIGI-RECO_CMSSW_6_2_0_SLHC12_2023Scenario_Case2/calabria_SingleMuPt10_GEN-SIM-DIGI-RECO_CMSSW_6_2_0_SLHC12_2023Scenario_Case2/713e95291268ed84eccf2b8e553eab97/out_reco_457_2_UoB.root
18-Jun-2014 00:20:39 CEST  Initiating request to open file file:/lustre/cms//store/user/calabria/calabria_SingleMuPt10_GEN-SIM-DIGI-RECO_CMSSW_6_2_0_SLHC12_2023Scenario_Case2/calabria_SingleMuPt10_GEN-SIM-DIGI-RECO_CMSSW_6_2_0_SLHC12_2023Scenario_Case2/713e95291268ed84eccf2b8e553eab97/out_reco_93_2_p5A.root
18-Jun-2014 00:20:39 CEST  Successfully opened file file:/lustre/cms//store/user/calabria/calabria_SingleMuPt10_GEN-SIM-DIGI-RECO_CMSSW_6_2_0_SLHC12_2023Scenario_Case2/calabria_SingleMuPt10_GEN-SIM-DIGI-RECO_CMSSW_6_2_0_SLHC12_2023Scenario_Case2/713e95291268ed84eccf2b8e553eab97/out_reco_93_2_p5A.root
18-Jun-2014 00:21:19 CEST  Closed file file:/lustre/cms//store/user/calabria/calabria_SingleMuPt10_GEN-SIM-DIGI-RECO_CMSSW_6_2_0_SLHC12_2023Scenario_Case2/calabria_SingleMuPt10_GEN-SIM-DIGI-RECO_CMSSW_6_2_0_SLHC12_2023Scenario_Case2/713e95291268ed84eccf2b8e553eab97/out_reco_93_2_p5A.root
18-Jun-2014 00:21:19 CEST  Initiating request to open file file:/lustre/cms//store/user/calabria/calabria_SingleMuPt10_GEN-SIM-DIGI-RECO_CMSSW_6_2_0_SLHC12_2023Scenario_Case2/calabria_SingleMuPt10_GEN-SIM-DIGI-RECO_CMSSW_6_2_0_SLHC12_2023Scenario_Case2/713e95291268ed84eccf2b8e553eab97/out_reco_94_2_5Xk.root
18-Jun-2014 00:21:19 CEST  Successfully opened file file:/lustre/cms//store/user/calabria/calabria_SingleMuPt10_GEN-SIM-DIGI-RECO_CMSSW_6_2_0_SLHC12_2023Scenario_Case2/calabria_SingleMuPt10_GEN-SIM-DIGI-RECO_CMSSW_6_2_0_SLHC12_2023Scenario_Case2/713e95291268ed84eccf2b8e553eab97/out_reco_94_2_5Xk.root
18-Jun-2014 00:21:57 CEST  Closed file file:/lustre/cms//store/user/calabria/calabria_SingleMuPt10_GEN-SIM-DIGI-RECO_CMSSW_6_2_0_SLHC12_2023Scenario_Case2/calabria_SingleMuPt10_GEN-SIM-DIGI-RECO_CMSSW_6_2_0_SLHC12_2023Scenario_Case2/713e95291268ed84eccf2b8e553eab97/out_reco_94_2_5Xk.root
18-Jun-2014 00:21:57 CEST  Initiating request to open file file:/lustre/cms//store/user/calabria/calabria_SingleMuPt10_GEN-SIM-DIGI-RECO_CMSSW_6_2_0_SLHC12_2023Scenario_Case2/calabria_SingleMuPt10_GEN-SIM-DIGI-RECO_CMSSW_6_2_0_SLHC12_2023Scenario_Case2/713e95291268ed84eccf2b8e553eab97/out_reco_95_2_B6J.root
18-Jun-2014 00:21:57 CEST  Successfully opened file file:/lustre/cms//store/user/calabria/calabria_SingleMuPt10_GEN-SIM-DIGI-RECO_CMSSW_6_2_0_SLHC12_2023Scenario_Case2/calabria_SingleMuPt10_GEN-SIM-DIGI-RECO_CMSSW_6_2_0_SLHC12_2023Scenario_Case2/713e95291268ed84eccf2b8e553eab97/out_reco_95_2_B6J.root
18-Jun-2014 00:22:37 CEST  Closed file file:/lustre/cms//store/user/calabria/calabria_SingleMuPt10_GEN-SIM-DIGI-RECO_CMSSW_6_2_0_SLHC12_2023Scenario_Case2/calabria_SingleMuPt10_GEN-SIM-DIGI-RECO_CMSSW_6_2_0_SLHC12_2023Scenario_Case2/713e95291268ed84eccf2b8e553eab97/out_reco_95_2_B6J.root
18-Jun-2014 00:22:37 CEST  Initiating request to open file file:/lustre/cms//store/user/calabria/calabria_SingleMuPt10_GEN-SIM-DIGI-RECO_CMSSW_6_2_0_SLHC12_2023Scenario_Case2/calabria_SingleMuPt10_GEN-SIM-DIGI-RECO_CMSSW_6_2_0_SLHC12_2023Scenario_Case2/713e95291268ed84eccf2b8e553eab97/out_reco_96_2_oiL.root
18-Jun-2014 00:22:37 CEST  Successfully opened file file:/lustre/cms//store/user/calabria/calabria_SingleMuPt10_GEN-SIM-DIGI-RECO_CMSSW_6_2_0_SLHC12_2023Scenario_Case2/calabria_SingleMuPt10_GEN-SIM-DIGI-RECO_CMSSW_6_2_0_SLHC12_2023Scenario_Case2/713e95291268ed84eccf2b8e553eab97/out_reco_96_2_oiL.root
18-Jun-2014 00:23:26 CEST  Closed file file:/lustre/cms//store/user/calabria/calabria_SingleMuPt10_GEN-SIM-DIGI-RECO_CMSSW_6_2_0_SLHC12_2023Scenario_Case2/calabria_SingleMuPt10_GEN-SIM-DIGI-RECO_CMSSW_6_2_0_SLHC12_2023Scenario_Case2/713e95291268ed84eccf2b8e553eab97/out_reco_96_2_oiL.root
18-Jun-2014 00:23:26 CEST  Initiating request to open file file:/lustre/cms//store/user/calabria/calabria_SingleMuPt10_GEN-SIM-DIGI-RECO_CMSSW_6_2_0_SLHC12_2023Scenario_Case2/calabria_SingleMuPt10_GEN-SIM-DIGI-RECO_CMSSW_6_2_0_SLHC12_2023Scenario_Case2/713e95291268ed84eccf2b8e553eab97/out_reco_97_1_0kW.root
18-Jun-2014 00:23:27 CEST  Successfully opened file file:/lustre/cms//store/user/calabria/calabria_SingleMuPt10_GEN-SIM-DIGI-RECO_CMSSW_6_2_0_SLHC12_2023Scenario_Case2/calabria_SingleMuPt10_GEN-SIM-DIGI-RECO_CMSSW_6_2_0_SLHC12_2023Scenario_Case2/713e95291268ed84eccf2b8e553eab97/out_reco_97_1_0kW.root
18-Jun-2014 00:24:23 CEST  Closed file file:/lustre/cms//store/user/calabria/calabria_SingleMuPt10_GEN-SIM-DIGI-RECO_CMSSW_6_2_0_SLHC12_2023Scenario_Case2/calabria_SingleMuPt10_GEN-SIM-DIGI-RECO_CMSSW_6_2_0_SLHC12_2023Scenario_Case2/713e95291268ed84eccf2b8e553eab97/out_reco_97_1_0kW.root
18-Jun-2014 00:24:23 CEST  Initiating request to open file file:/lustre/cms//store/user/calabria/calabria_SingleMuPt10_GEN-SIM-DIGI-RECO_CMSSW_6_2_0_SLHC12_2023Scenario_Case2/calabria_SingleMuPt10_GEN-SIM-DIGI-RECO_CMSSW_6_2_0_SLHC12_2023Scenario_Case2/713e95291268ed84eccf2b8e553eab97/out_reco_98_2_z5t.root
18-Jun-2014 00:24:24 CEST  Successfully opened file file:/lustre/cms//store/user/calabria/calabria_SingleMuPt10_GEN-SIM-DIGI-RECO_CMSSW_6_2_0_SLHC12_2023Scenario_Case2/calabria_SingleMuPt10_GEN-SIM-DIGI-RECO_CMSSW_6_2_0_SLHC12_2023Scenario_Case2/713e95291268ed84eccf2b8e553eab97/out_reco_98_2_z5t.root
18-Jun-2014 00:27:07 CEST  Closed file file:/lustre/cms//store/user/calabria/calabria_SingleMuPt10_GEN-SIM-DIGI-RECO_CMSSW_6_2_0_SLHC12_2023Scenario_Case2/calabria_SingleMuPt10_GEN-SIM-DIGI-RECO_CMSSW_6_2_0_SLHC12_2023Scenario_Case2/713e95291268ed84eccf2b8e553eab97/out_reco_98_2_z5t.root

=============================================

MessageLogger Summary

 type     category        sev    module        subroutine        count    total
 ---- -------------------- -- ---------------- ----------------  -----    -----
    1 fileAction           -s file_close                            10       10
    2 fileAction           -s file_open                             20       20

 type    category    Examples: run/evt        run/evt          run/evt
 ---- -------------------- ---------------- ---------------- ----------------
    1 fileAction           PostProcessEvent PostProcessEvent PostEndRun
    2 fileAction           pre-events       pre-events       PostProcessEvent

Severity    # Occurrences   Total Occurrences
--------    -------------   -----------------
System                 30                  30
>>> END OF printout of 50 lines from stdout+stderr
>>> Parse FrameworkJobReport crab_fjr.xml
Result of parsing the FrameworkJobReport crab_fjr.xml: Popularity start
lumisRange : 1::::1;1::::2;1::::3;1::::4;1::::5;1::::6;1::::7;1::::8;1::::9;1::::10;
lumisParentRange : 
Basename : /store/user/calabria/calabria_SingleMuPt10_GEN-SIM-DIGI-RECO_CMSSW_6_2_0_SLHC12_2023Scenario_Case2/calabria_SingleMuPt10_GEN-SIM-DIGI-RECO_CMSSW_6_2_0_SLHC12_2023Scenario_Case2/713e95291268ed84eccf2b8e553eab97/out_reco_
BasenameParent : 
parentFiles : 
inputBlocks : /calabria_SingleMuPt10_GEN-SIM-DIGI-RECO_CMSSW_6_2_0_SLHC12_2023Scenario_Case2/calabria-calabria_SingleMuPt10_GEN-SIM-DIGI-RECO_CMSSW_6_2_0_SLHC12_2023Scenario_Case2-713e95291268ed84eccf2b8e553eab97/USER#88fb6135-7b38-4126-8a08-30a5f33e52e9
inputFiles : 457_2_UoB.root::1::EDM::Local::1;94_2_5Xk.root::1::EDM::Local::2;98_2_z5t.root::1::EDM::Local::3;95_2_B6J.root::1::EDM::Local::4;456_2_IU3.root::1::EDM::Local::5;96_2_oiL.root::1::EDM::Local::6;93_2_p5A.root::1::EDM::Local::7;454_2_nwr.root::1::EDM::Local::8;97_1_0kW.root::1::EDM::Local::9;453_2_a1M.root::1::EDM::Local::10;
Popularity stop
Extracted ExitStatus from FrameworkJobReport parsing output: 0
>>> Executable succeded  0
ExeExitCode=0
EXECUTABLE_EXIT_STATUS = 0
>>> current directory /home/cms037/home_cream_881744514/CREAM881744514/glide_pyKc0v/execute/dir_16205/CMSSW_6_2_0_SLHC12
>>>  (SOFTWARE_DIR): /home/cms037/home_cream_881744514/CREAM881744514/glide_pyKc0v/execute/dir_16205/CMSSW_6_2_0_SLHC12
>>> (WORKING_DIR): 
>>> current directory content:
total 10456
drwxr-xr-x 3 cms037 cms    4096 Jun 18 00:17 .SCRAM
-rw------- 1 cms037 cms 3740277 Jun 18 00:17 CMSSW.py.pkl
drwxr-xr-x 3 cms037 cms    4096 Jun 18 00:17 bin
drwxr-xr-x 3 cms037 cms    4096 Jun 18 00:17 cfipython
drwxr-xr-x 4 cms037 cms    4096 Jun 18 00:17 config
-rw------- 1 cms037 cms      18 Jun 18 00:27 cpu_timing.txt
drwxr-xr-x 2 cms037 cms    4096 Jun 18 00:17 doc
-rw------- 1 cms037 cms    9907 Jun 18 00:27 executable.out
drwxr-xr-x 2 cms037 cms    4096 Jun 18 00:17 include
drwx------ 3 cms037 cms    4096 Apr 28 18:12 lib
drwxr-xr-x 3 cms037 cms    4096 Jun 18 00:17 logs
drwxr-xr-x 3 cms037 cms    4096 Jun 18 00:17 objs
-rw------- 1 cms037 cms     104 Jun 18 00:17 pset.py
-rw------- 1 cms037 cms 3712309 Jun 18 00:17 pset.py.pkl
-rw------- 1 cms037 cms     289 Jun 18 00:17 pset.pyc
drwxr-xr-x 2 cms037 cms    4096 Jun 18 00:17 python
-rw------- 1 cms037 cms     404 Jun 18 00:27 report.log
drwx------ 6 cms037 cms    4096 Jun 18 00:17 src
drwxr-xr-x 3 cms037 cms    4096 Jun 18 00:17 test
drwxr-xr-x 3 cms037 cms    4096 Jun 18 00:17 tmp
-rw------- 1 cms037 cms 3152493 Jun 18 00:27 validationEDM.root
>>> current directory /home/cms037/home_cream_881744514/CREAM881744514/glide_pyKc0v/execute/dir_16205/CMSSW_6_2_0_SLHC12
>>> (SOFTWARE_DIR): /home/cms037/home_cream_881744514/CREAM881744514/glide_pyKc0v/execute/dir_16205/CMSSW_6_2_0_SLHC12
>>> (WORKING_DIR): 
>>> current directory content:
total 10456
drwxr-xr-x 3 cms037 cms    4096 Jun 18 00:17 .SCRAM
-rw------- 1 cms037 cms 3740277 Jun 18 00:17 CMSSW.py.pkl
drwxr-xr-x 3 cms037 cms    4096 Jun 18 00:17 bin
drwxr-xr-x 3 cms037 cms    4096 Jun 18 00:17 cfipython
drwxr-xr-x 4 cms037 cms    4096 Jun 18 00:17 config
-rw------- 1 cms037 cms      18 Jun 18 00:27 cpu_timing.txt
drwxr-xr-x 2 cms037 cms    4096 Jun 18 00:17 doc
-rw------- 1 cms037 cms    9907 Jun 18 00:27 executable.out
drwxr-xr-x 2 cms037 cms    4096 Jun 18 00:17 include
drwx------ 3 cms037 cms    4096 Apr 28 18:12 lib
drwxr-xr-x 3 cms037 cms    4096 Jun 18 00:17 logs
drwxr-xr-x 3 cms037 cms    4096 Jun 18 00:17 objs
-rw------- 1 cms037 cms     104 Jun 18 00:17 pset.py
-rw------- 1 cms037 cms 3712309 Jun 18 00:17 pset.py.pkl
-rw------- 1 cms037 cms     289 Jun 18 00:17 pset.pyc
drwxr-xr-x 2 cms037 cms    4096 Jun 18 00:17 python
-rw------- 1 cms037 cms     404 Jun 18 00:27 report.log
drwx------ 6 cms037 cms    4096 Jun 18 00:17 src
drwxr-xr-x 3 cms037 cms    4096 Jun 18 00:17 test
drwxr-xr-x 3 cms037 cms    4096 Jun 18 00:17 tmp
-rw------- 1 cms037 cms 3152493 Jun 18 00:27 validationEDM_8_1_6iY.root
>>> current directory (RUNTIME_AREA):  /home/cms037/home_cream_881744514/CREAM881744514/glide_pyKc0v/execute/dir_16205
SE = storm-se-01.ba.infn.it
SE_PATH = /srm/managerv2?SFN=//cms/store/user/calabria/calabria_SingleMuPt10_GEN-SIM-DIGI-RECO_CMSSW_6_2_0_SLHC12_2023Scenario_Case2/calabria_MuMinus10_GEN-SIM-DIGI-RECO_CMSSW_6_2_0_SLHC12_2023Scenario_VALNOPU2_Case2/5854dd31cbd3cdec44c48628cc181cf0/
LFNBaseName = /store/user/calabria/calabria_SingleMuPt10_GEN-SIM-DIGI-RECO_CMSSW_6_2_0_SLHC12_2023Scenario_Case2/calabria_MuMinus10_GEN-SIM-DIGI-RECO_CMSSW_6_2_0_SLHC12_2023Scenario_VALNOPU2_Case2/5854dd31cbd3cdec44c48628cc181cf0/
USER = calabria
endpoint = srm://storm-se-01.ba.infn.it:8444/srm/managerv2?SFN=//cms/store/user/calabria/calabria_SingleMuPt10_GEN-SIM-DIGI-RECO_CMSSW_6_2_0_SLHC12_2023Scenario_Case2/calabria_MuMinus10_GEN-SIM-DIGI-RECO_CMSSW_6_2_0_SLHC12_2023Scenario_VALNOPU2_Case2/5854dd31cbd3cdec44c48628cc181cf0/
>>> Copy output files from WN = alicegrid50.ba.infn.it to /srm/managerv2?SFN=//cms/store/user/calabria/calabria_SingleMuPt10_GEN-SIM-DIGI-RECO_CMSSW_6_2_0_SLHC12_2023Scenario_Case2/calabria_MuMinus10_GEN-SIM-DIGI-RECO_CMSSW_6_2_0_SLHC12_2023Scenario_VALNOPU2_Case2/5854dd31cbd3cdec44c48628cc181cf0/ :
python cmscp.py  --destination srm://storm-se-01.ba.infn.it:8444/srm/managerv2?SFN=//cms/store/user/calabria/calabria_SingleMuPt10_GEN-SIM-DIGI-RECO_CMSSW_6_2_0_SLHC12_2023Scenario_Case2/calabria_MuMinus10_GEN-SIM-DIGI-RECO_CMSSW_6_2_0_SLHC12_2023Scenario_VALNOPU2_Case2/5854dd31cbd3cdec44c48628cc181cf0/ --inputFileList /home/cms037/home_cream_881744514/CREAM881744514/glide_pyKc0v/execute/dir_16205/CMSSW_6_2_0_SLHC12/validationEDM_8_1_6iY.root --middleware LCG --se_name storm-se-01.ba.infn.it --for_lfn /store/user/calabria/calabria_SingleMuPt10_GEN-SIM-DIGI-RECO_CMSSW_6_2_0_SLHC12_2023Scenario_Case2/calabria_MuMinus10_GEN-SIM-DIGI-RECO_CMSSW_6_2_0_SLHC12_2023Scenario_VALNOPU2_Case2/5854dd31cbd3cdec44c48628cc181cf0/    
******************************************************
localSeName  =  storm-se-01.ba.infn.it
remoteSeName =  storm-se-01.ba.infn.it
******************************************************
{"/home/cms037/home_cream_881744514/CREAM881744514/glide_pyKc0v/execute/dir_16205/CMSSW_6_2_0_SLHC12/validationEDM_8_1_6iY.root": {"endpoint": "srm://storm-se-01.ba.infn.it:8444/srm/managerv2?SFN=//cms/store/user/calabria/calabria_SingleMuPt10_GEN-SIM-DIGI-RECO_CMSSW_6_2_0_SLHC12_2023Scenario_Case2/calabria_MuMinus10_GEN-SIM-DIGI-RECO_CMSSW_6_2_0_SLHC12_2023Scenario_VALNOPU2_Case2/5854dd31cbd3cdec44c48628cc181cf0/", "surl_for_grid": "", "reason": "Copy succedeed with srm-lcg utils", "erCode": "0", "se_name": "storm-se-01.ba.infn.it", "for_lfn": "/store/user/calabria/calabria_SingleMuPt10_GEN-SIM-DIGI-RECO_CMSSW_6_2_0_SLHC12_2023Scenario_Case2/calabria_MuMinus10_GEN-SIM-DIGI-RECO_CMSSW_6_2_0_SLHC12_2023Scenario_VALNOPU2_Case2/5854dd31cbd3cdec44c48628cc181cf0/"}}/home/cms037/home_cream_881744514/CREAM881744514/glide_pyKc0v/execute/dir_16205
-------- cat /home/cms037/home_cream_881744514/CREAM881744514/glide_pyKc0v/execute/dir_16205/cmscpReport.sh 
#!/bin/bash
echo "Report for File: /home/cms037/home_cream_881744514/CREAM881744514/glide_pyKc0v/execute/dir_16205/CMSSW_6_2_0_SLHC12/validationEDM_8_1_6iY.root"
echo "LFN: /store/user/calabria/calabria_SingleMuPt10_GEN-SIM-DIGI-RECO_CMSSW_6_2_0_SLHC12_2023Scenario_Case2/calabria_MuMinus10_GEN-SIM-DIGI-RECO_CMSSW_6_2_0_SLHC12_2023Scenario_VALNOPU2_Case2/5854dd31cbd3cdec44c48628cc181cf0/validationEDM_8_1_6iY.root"
echo "StorageElement: storm-se-01.ba.infn.it"
echo "StageOutExitStatusReason = 'Copy succedeed with srm-lcg utils'" | tee -a $RUNTIME_AREA/$repo
echo "StageOutSE = storm-se-01.ba.infn.it" >> $RUNTIME_AREA/$repo

export StageOutExitStatus=0
echo "StageOutExitStatus = 0" | tee -a $RUNTIME_AREA/$repo
-------- end of /home/cms037/home_cream_881744514/CREAM881744514/glide_pyKc0v/execute/dir_16205/cmscpReport.sh 
Report for File: /home/cms037/home_cream_881744514/CREAM881744514/glide_pyKc0v/execute/dir_16205/CMSSW_6_2_0_SLHC12/validationEDM_8_1_6iY.root
LFN: /store/user/calabria/calabria_SingleMuPt10_GEN-SIM-DIGI-RECO_CMSSW_6_2_0_SLHC12_2023Scenario_Case2/calabria_MuMinus10_GEN-SIM-DIGI-RECO_CMSSW_6_2_0_SLHC12_2023Scenario_VALNOPU2_Case2/5854dd31cbd3cdec44c48628cc181cf0/validationEDM_8_1_6iY.root
StorageElement: storm-se-01.ba.infn.it
StageOutExitStatusReason = 'Copy succedeed with srm-lcg utils'
StageOutExitStatus = 0
>>> current dir: /home/cms037/home_cream_881744514/CREAM881744514/glide_pyKc0v/execute/dir_16205
>>> current dir content:
total 28080
-rw-------  1 cms037 cms     2776 Jun 18 00:28 .SEinteraction.log
-rwx------  1 cms037 cms     6807 Jun 18 00:16 .job.ad
-rwx------  1 cms037 cms     9466 Jun 18 00:16 .machine.ad
-rw-------  1 cms037 cms      105 Jun 16 20:45 CMSSW.py
-rw-------  1 cms037 cms  3740277 Jun 16 20:45 CMSSW.py.pkl
-rwx------  1 cms037 cms    29556 Jun 18 00:16 CMSSW.sh
drwxr-xr-x 15 cms037 cms     4096 Jun 18 00:27 CMSSW_6_2_0_SLHC12
-rw-------  1 cms037 cms      220 Jun 18 00:17 CacheEnv.sh
-rw-------  1 cms037 cms     7291 Apr  4 11:04 DashboardAPI.py
-rw-------  1 cms037 cms     6815 Jun 18 00:17 DashboardAPI.pyc
drwx------  2 cms037 cms     4096 Jun 18 00:27 IMProv
-rw-------  1 cms037 cms     2748 Apr  4 11:04 Logger.py
-rw-------  1 cms037 cms     3347 Jun 18 00:17 Logger.pyc
-rw-------  1 cms037 cms    24524 Apr  4 11:04 ProcInfo.py
-rw-------  1 cms037 cms    23197 Jun 18 00:17 ProcInfo.pyc
drwx------  7 cms037 cms     4096 Jun 18 00:17 ProdCommon
drwx------  3 cms037 cms     4096 Jun 18 00:17 WMCore
-rw-------  1 cms037 cms     3444 Jun 18 00:27 Watchdog_8.log
-rwx------  1 cms037 cms        0 Jun 18 00:16 _condor_stderr
-rwx---r--  1 cms037 cms    29386 Jun 18 00:28 _condor_stdout
-rw-------  1 cms037 cms    32895 Apr  4 11:04 apmon.py
-rw-------  1 cms037 cms    28625 Jun 18 00:17 apmon.pyc
-rwx------  1 cms037 cms    53441 Jun 18 00:16 arguments.xml
-rwx------  1 cms037 cms    38515 Apr  4 11:04 cmscp.py
-rw-------  1 cms037 cms      716 Jun 18 00:28 cmscpReport.sh
-rwx------  1 cms037 cms    29556 Jun 18 00:16 condor_exec.exe
-rw-------  1 cms037 cms      958 Jun 16 20:45 crab.cfg
-rwx------  1 cms037 cms     8610 Apr  4 11:04 crabWatchdog.sh
-rwx---r--  1 cms037 cms   523223 Jun 18 00:27 crab_fjr_8.xml
-rwx------  1 cms037 cms 23957588 Jun 18 00:16 default.tgz
-rwx------  1 cms037 cms     4488 Apr  4 11:04 fillCrabFjr.py
-rw-------  1 cms037 cms     2623 Jun 18 00:17 inputsReport.txt
-rw-------  1 cms037 cms      259 Jun 18 00:28 jobreport.txt
-rw-------  1 cms037 cms    17352 Apr  4 11:04 parseCrabFjr.py
-rw-------  1 cms037 cms      329 Jun 18 00:17 report.log
-rwx--x--x  1 cms037 cms     1497 Apr  4 11:04 report.py
-rw-------  1 cms037 cms      771 Jun 18 00:28 resultCopyFile
lrwxrwxrwx  1 cms037 cms      125 Jun 18 00:27 validationEDM.root -> /home/cms037/home_cream_881744514/CREAM881744514/glide_pyKc0v/execute/dir_16205/CMSSW_6_2_0_SLHC12/validationEDM_8_1_6iY.root
-rwx------  1 cms037 cms     8387 Apr  4 11:04 writeCfg.py
-rw-------  1 cms037 cms     8006 Jun 18 00:16 x509up_u50707
>>> Modify Job Report:
CMSSW_VERSION = CMSSW_6_2_0_SLHC12
ProcessedDataset = calabria_MuMinus10_GEN-SIM-DIGI-RECO_CMSSW_6_2_0_SLHC12_2023Scenario_VALNOPU2_Case2
/home/cms037/home_cream_881744514/CREAM881744514/glide_pyKc0v/execute/dir_16205/ProdCommon/FwkJobRep/ModifyJobReport.py fjr /home/cms037/home_cream_881744514/CREAM881744514/glide_pyKc0v/execute/dir_16205/crab_fjr_8.xml json /home/cms037/home_cream_881744514/CREAM881744514/glide_pyKc0v/execute/dir_16205/resultCopyFile n_job 8_1_6iY PrimaryDataset calabria_SingleMuPt10_GEN-SIM-DIGI-RECO_CMSSW_6_2_0_SLHC12_2023Scenario_Case2  ApplicationFamily cmsRun ApplicationName cmsRun cmssw_version CMSSW_6_2_0_SLHC12 psethash 5854dd31cbd3cdec44c48628cc181cf0 UserProcessedDataset calabria-calabria_MuMinus10_GEN-SIM-DIGI-RECO_CMSSW_6_2_0_SLHC12_2023Scenario_VALNOPU2_Case2-5854dd31cbd3cdec44c48628cc181cf0
inputDict =  {u'/home/cms037/home_cream_881744514/CREAM881744514/glide_pyKc0v/execute/dir_16205/CMSSW_6_2_0_SLHC12/validationEDM_8_1_6iY.root': {u'endpoint': u'srm://storm-se-01.ba.infn.it:8444/srm/managerv2?SFN=//cms/store/user/calabria/calabria_SingleMuPt10_GEN-SIM-DIGI-RECO_CMSSW_6_2_0_SLHC12_2023Scenario_Case2/calabria_MuMinus10_GEN-SIM-DIGI-RECO_CMSSW_6_2_0_SLHC12_2023Scenario_VALNOPU2_Case2/5854dd31cbd3cdec44c48628cc181cf0/', u'surl_for_grid': u'', u'reason': u'Copy succedeed with srm-lcg utils', u'erCode': u'0', u'se_name': u'storm-se-01.ba.infn.it', u'for_lfn': u'/store/user/calabria/calabria_SingleMuPt10_GEN-SIM-DIGI-RECO_CMSSW_6_2_0_SLHC12_2023Scenario_Case2/calabria_MuMinus10_GEN-SIM-DIGI-RECO_CMSSW_6_2_0_SLHC12_2023Scenario_VALNOPU2_Case2/5854dd31cbd3cdec44c48628cc181cf0/'}}
UserProcessedDataset =  calabria-calabria_MuMinus10_GEN-SIM-DIGI-RECO_CMSSW_6_2_0_SLHC12_2023Scenario_VALNOPU2_Case2-5854dd31cbd3cdec44c48628cc181cf0
file_name in inputDict =  /home/cms037/home_cream_881744514/CREAM881744514/glide_pyKc0v/execute/dir_16205/CMSSW_6_2_0_SLHC12/validationEDM_8_1_6iY.root
(size) os.stat(filename)[6] =  3152493
checksum =  731144954
    file =  validationEDM_8_1_6iY.root
    newPfn =  srm://storm-se-01.ba.infn.it:8444/srm/managerv2?SFN=//cms/store/user/calabria/calabria_SingleMuPt10_GEN-SIM-DIGI-RECO_CMSSW_6_2_0_SLHC12_2023Scenario_Case2/calabria_MuMinus10_GEN-SIM-DIGI-RECO_CMSSW_6_2_0_SLHC12_2023Scenario_VALNOPU2_Case2/5854dd31cbd3cdec44c48628cc181cf0/validationEDM_8_1_6iY.root
    newLfn =  /store/user/calabria/calabria_SingleMuPt10_GEN-SIM-DIGI-RECO_CMSSW_6_2_0_SLHC12_2023Scenario_Case2/calabria_MuMinus10_GEN-SIM-DIGI-RECO_CMSSW_6_2_0_SLHC12_2023Scenario_VALNOPU2_Case2/5854dd31cbd3cdec44c48628cc181cf0/validationEDM_8_1_6iY.root
>>> crab_fjr_*.xml  permission set to 0704
CrabWrapper EXIT_FUNC entered at Wed Jun 18 00:28:02 CEST 2014   -  Tue Jun 17 22:28:02 UTC 2014
Checking output files:  
will tar file crab_fjr_8.xml in  out_files_8
WARNING: output file CMSSW_8.stdout not found!
WARNING: output file CMSSW_8.stderr not found!
WARNING: output file Watchdog_8.log.gz not found!
>>> padding time: Wrapper lasting more than 600 seconds. No sleep required.
STOPPING WATCHDOG. CrabWatchdog PID is 19714
********** LAST 50 LINES OF WATCHDOG LOG
# RESOURCE USAGE SUMMARY FOR PROCESS ID 17188
USER       PID %CPU %MEM    VSZ   RSS TTY      STAT START   TIME COMMAND
cms037   17188  0.3  0.0   9496  1592 ?        S    00:16   0:00 /bin/sh /home/cms037/home_cream_881744514/CREAM881744514/glide_pyKc0v/execute/dir_16205/condor_exec.exe 8 1
 
# LIMITS USED BY CRAB WATCHDOG:
# RSS  (KBytes)   : 2300000
# VSZ  (KBytes)   : 100000000
# DISK (MBytes)   : 19000
# CPU TIME        : 720h:0m:0s
# WALL CLOCK TIME : 21h:50m:0s
 
# FOLLOWING PRINTOUT TRACKS MAXIMUM VALUES OF RESOURCES USE
# ONE LINE IS PRINTED EACH TIME A MAXIMUM CHANGES
# IF CHANGE WAS IN RSS OR VSZ ALSO PROCID AND COMMAND ARE PRINTED
# THERE IS NO PRINTOUT FOR CPU/WALL TIME INCREASE
 
# TIME			PID	RSS(KB)	VSZ(KB)	Dsk(MB)	tCPU(s)	tWALL(s)	COMMAND
 Jun 18 00:17:06 CEST	12502	1392	9364	0	0	0	/bin/bash /home/cms037/home_cream_881744514/CREAM881744514/glide_pyKc0v/main/condor_startup.sh glidein_config        
 Jun 18 00:17:06 CEST	14605	8004	93328	0	0	1	/home/cms037/home_cream_881744514/CREAM881744514/glide_pyKc0v/main/condor/sbin/condor_master -f -pidfile /home/cms037/home_cream_881744514/CREAM881744514/glide_pyKc0v/condor_master2.pid       
 Jun 18 00:17:06 CEST	14653	8712	93780	0	2	1	condor_startd -f         
 Jun 18 00:17:06 CEST	19726	27412	93780	0	0	1	edmConfigHash pset.py         
 Jun 18 00:17:06 CEST	32092	27412	106092	0	0	1	sh -c "./glidein_startup.sh" -v std -name v1_3 -entry CMS_T2_IT_Bari_ce2 -clientname UCSD-v1_0.main
 Jun 18 00:17:06 CEST	32096	27412	106492	0	0	1	/bin/bash ./glidein_startup.sh -v std -name v1_3 -entry CMS_T2_IT_Bari_ce2 -clientname UCSD-v1_0.main -schedd
 Jun 18 00:17:06 CEST	---	27412	106492	171	----	----	----
 Jun 18 00:18:07 CEST	22816	624088	876240	171	28	63	cmsRun -j /home/cms037/home_cream_881744514/CREAM881744514/glide_pyKc0v/execute/dir_16205/crab_fjr_8.xml -p pset.py      
 Jun 18 00:18:07 CEST	---	624088	876240	175	----	----	----
 Jun 18 00:19:09 CEST	22816	732956	993760	175	80	124	cmsRun -j /home/cms037/home_cream_881744514/CREAM881744514/glide_pyKc0v/execute/dir_16205/crab_fjr_8.xml -p pset.py      
 Jun 18 00:20:11 CEST	22816	751292	1010888	175	129	186	cmsRun -j /home/cms037/home_cream_881744514/CREAM881744514/glide_pyKc0v/execute/dir_16205/crab_fjr_8.xml -p pset.py      
 Jun 18 00:21:12 CEST	22816	751292	1011144	175	182	249	cmsRun -j /home/cms037/home_cream_881744514/CREAM881744514/glide_pyKc0v/execute/dir_16205/crab_fjr_8.xml -p pset.py      
 Jun 18 00:22:15 CEST	22816	755516	1019336	175	231	311	cmsRun -j /home/cms037/home_cream_881744514/CREAM881744514/glide_pyKc0v/execute/dir_16205/crab_fjr_8.xml -p pset.py      
 Jun 18 00:23:18 CEST	22816	755516	1019592	175	287	373	cmsRun -j /home/cms037/home_cream_881744514/CREAM881744514/glide_pyKc0v/execute/dir_16205/crab_fjr_8.xml -p pset.py      
 Jun 18 00:24:19 CEST	22816	763308	1028040	175	343	434	cmsRun -j /home/cms037/home_cream_881744514/CREAM881744514/glide_pyKc0v/execute/dir_16205/crab_fjr_8.xml -p pset.py      
 Jun 18 00:25:20 CEST	22816	780532	1060552	175	394	495	cmsRun -j /home/cms037/home_cream_881744514/CREAM881744514/glide_pyKc0v/execute/dir_16205/crab_fjr_8.xml -p pset.py      
 Jun 18 00:26:21 CEST	22816	1273608	1707976	175	455	556	cmsRun -j /home/cms037/home_cream_881744514/CREAM881744514/glide_pyKc0v/execute/dir_16205/crab_fjr_8.xml -p pset.py      
 Jun 18 00:26:21 CEST	---	1273608	1707976	176	----	----	----
 Jun 18 00:27:22 CEST	---	1273608	1707976	178	----	----	----
********** WATCHDOG LOG ENDED
ZIPPING WATCHDOG LOG
Disk space used:
du -sh /home/cms037/home_cream_881744514/CREAM881744514/glide_pyKc0v/execute/dir_16205
179M	/home/cms037/home_cream_881744514/CREAM881744514/glide_pyKc0v/execute/dir_16205
Found unusual stdout, rename for OSB
`/home/cms037/home_cream_881744514/CREAM881744514/glide_pyKc0v/execute/dir_16205/_condor_stdout' -> `CMSSW_8.stdout'
Found unusual stderr, rename for OSB
`/home/cms037/home_cream_881744514/CREAM881744514/glide_pyKc0v/execute/dir_16205/_condor_stdout' -> `CMSSW_8.stderr'
crab_fjr_8.xml
CMSSW_8.stdout
CMSSW_8.stderr
Watchdog_8.log.gz
Total Output dimension: 70215
WARNING: output files size limit is set to: 50000000
Total Output dimension 70215 is fine.
JOB_EXIT_STATUS = 0
>>> info for dashboard:
***** Cat /home/cms037/home_cream_881744514/CREAM881744514/glide_pyKc0v/execute/dir_16205/jobreport.txt *****
MonitorJobID=8_https://submit-4.t2.ucsd.edu//140616//222479.7
MonitorID=calabria_MuMinus10_Case2_ReReco_50bsf8
ExeTime=577
ExeExitCode=0
StageOutExitStatusReason = 'Copy succedeed with srm-lcg utils'
StageOutSE = storm-se-01.ba.infn.it
StageOutExitStatus = 0
CrabUserCpuTime=307.89
CrabSysCpuTime=192.74
CrabCpuPercentage=86%
CrabWrapperTime=663
CrabStageoutTime=48
JobExitCode=0
***** End Cat jobreport *****
Parameters sent to Dashboard.
EXITING at Wed Jun 18 00:28:08 CEST 2014  -  Tue Jun 17 22:28:08 UTC 2014
