This script was generated by crab (version 2.10.5_patch1).
Running /home/cms040/home_cream_155058975/CREAM155058975/glide_vdCJe6/execute/dir_15182/condor_exec.exe with 2 positional parameters: 4 1
Today is Wed Jun 18 00:16:14 CEST 2014 - Tue Jun 17 22:16:14 UTC 2014
Job submitted on host alicegrid45.ba.infn.it
Linux alicegrid45.ba.infn.it 2.6.32-358.23.2.el6.x86_64 #1 SMP Thu Oct 17 10:27:22 CEST 2013 x86_64 x86_64 x86_64 GNU/Linux
>>> current directory (RUNTIME_AREA): /home/cms040/home_cream_155058975/CREAM155058975/glide_vdCJe6/execute/dir_15182
>>> current user: uid=18598(cms040) gid=1399(cms) groups=1399(cms)
>>> directory permission set to 0700
>>> umask set to:  u=rwx,g=,o=
>>> stdout stderr permission set to 0704
>>> voms proxy information:
subject   : /C=IT/O=INFN/OU=Personal Certificate/L=Bari/CN=Cesare Calabria/CN=477126703/CN=1108166340
issuer    : /C=IT/O=INFN/OU=Personal Certificate/L=Bari/CN=Cesare Calabria/CN=477126703
identity  : /C=IT/O=INFN/OU=Personal Certificate/L=Bari/CN=Cesare Calabria
type      : RFC3820 compliant limited proxy
strength  : 1024
path      : /home/cms040/home_cream_155058975/CREAM155058975/glide_vdCJe6/execute/dir_15182/x509up_u50707
timeleft  : 23:59:51
key usage : Digital Signature, Key Encipherment, Data Encipherment
=== VO cms extension information ===
VO        : cms
subject   : /C=IT/O=INFN/OU=Personal Certificate/L=Bari/CN=Cesare Calabria
issuer    : /DC=ch/DC=cern/OU=computers/CN=voms.cern.ch
attribute : /cms/Role=NULL/Capability=NULL
attribute : /cms/itcms/Role=NULL/Capability=NULL
timeleft  : 155:08:05
uri       : voms.cern.ch:15002

WNHostName=alicegrid45.ba.infn.it
>>> tar --no-same-permissions -xf /home/cms040/home_cream_155058975/CREAM155058975/glide_vdCJe6/execute/dir_15182/default.tgz :
Successful untar
>>> Include /home/cms040/home_cream_155058975/CREAM155058975/glide_vdCJe6/execute/dir_15182 in PYTHONPATH:
strip arguments
env var CRAB_UNIQUE_JOB_ID set to: calabria_MuMinus10_Case2_ReReco_50bsf8_4_1_aG3
out_files_4
>>> list of expected files on output sandbox
output files: crab_fjr_4.xml CMSSW_4.stdout CMSSW_4.stderr Watchdog_4.log.gz
>>> GridFlavour discovery: 
GridFlavour=LCG
>>> SyncSite discovery: 
SyncSite=T2_IT_Bari
>>> SyncCE discovery: 
getting SyncCE from CE_ID
SyncCE=cream-ce-2.ba.infn.it:8443/cream-pbs-cms
>>> info for dashboard:
***** Cat /home/cms040/home_cream_155058975/CREAM155058975/glide_vdCJe6/execute/dir_15182/jobreport.txt *****
WNHostName=alicegrid45.ba.infn.it
MonitorJobID=4_https://submit-4.t2.ucsd.edu//140616//222479.3
SyncGridJobId=https://submit-4.t2.ucsd.edu//140616//222479.3
MonitorID=calabria_MuMinus10_Case2_ReReco_50bsf8
GridFlavour=LCG
SyncSite=T2_IT_Bari
SyncCE=cream-ce-2.ba.infn.it:8443/cream-pbs-cms
***** End Cat jobreport *****
Parameters sent to Dashboard.
>>> setup environment
set SCRAM ARCH to slc5_amd64_gcc472
SCRAM_ARCH = slc5_amd64_gcc472
>>> setup CMS LCG environment:
set SCRAM ARCH and BUILD_ARCH to slc5_amd64_gcc472 ###
Sourcing environment... 
sourcing /cvmfs/cms.cern.ch/cmsset_default.sh
==> setup cms environment ok
>>> specific cmssw setup environment:
CMSSW_VERSION =  CMSSW_6_2_0_SLHC12
>>> current directory (SOFTWARE_DIR): /home/cms040/home_cream_155058975/CREAM155058975/glide_vdCJe6/execute/dir_15182/CMSSW_6_2_0_SLHC12
PreserveSeeds: <>
IncrementSeeds:<>
>>> info for dashboard:
***** Cat /home/cms040/home_cream_155058975/CREAM155058975/glide_vdCJe6/execute/dir_15182/jobreport.txt *****
MonitorJobID=4_https://submit-4.t2.ucsd.edu//140616//222479.3
MonitorID=calabria_MuMinus10_Case2_ReReco_50bsf8
***** End Cat jobreport *****
Parameters sent to Dashboard.
crabWatchdog started as process 16200
>>> moving CMSSW software directories in /home/cms040/home_cream_155058975/CREAM155058975/glide_vdCJe6/execute/dir_15182/CMSSW_6_2_0_SLHC12
mv: cannot stat `/home/cms040/home_cream_155058975/CREAM155058975/glide_vdCJe6/execute/dir_15182/module/': No such file or directory
>>> Include /home/cms040/home_cream_155058975/CREAM155058975/glide_vdCJe6/execute/dir_15182 in PYTHONPATH:
PYTHONPATH=/home/cms040/home_cream_155058975/CREAM155058975/glide_vdCJe6/execute/dir_15182/:/home/cms040/home_cream_155058975/CREAM155058975/glide_vdCJe6/execute/dir_15182/CMSSW_6_2_0_SLHC12/python:/home/cms040/home_cream_155058975/CREAM155058975/glide_vdCJe6/execute/dir_15182/CMSSW_6_2_0_SLHC12/lib/slc5_amd64_gcc472:/cvmfs/cms.cern.ch/slc5_amd64_gcc472/cms/cmssw/CMSSW_6_2_0_SLHC12/python:/cvmfs/cms.cern.ch/slc5_amd64_gcc472/cms/cmssw/CMSSW_6_2_0_SLHC12/lib/slc5_amd64_gcc472:/cvmfs/cms.cern.ch/slc5_amd64_gcc472/cms/coral/CORAL_2_3_21-cms36/slc5_amd64_gcc472/python:/cvmfs/cms.cern.ch/slc5_amd64_gcc472/cms/coral/CORAL_2_3_21-cms36/slc5_amd64_gcc472/lib:/cvmfs/cms.cern.ch/slc5_amd64_gcc472/external/pyqt/4.8.1-cms6/lib/python2.7/site-packages:/cvmfs/cms.cern.ch/slc5_amd64_gcc472/external/py2-scipy/0.8.0-cms8/lib/python2.7/site-packages:/cvmfs/cms.cern.ch/slc5_amd64_gcc472/external/py2-matplotlib/1.0.1-cms8/lib/python2.7/site-packages:/cvmfs/cms.cern.ch/slc5_amd64_gcc472/external/python-ldap/2.3.5-cms6/lib/python2.7/site-packages:/cvmfs/cms.cern.ch/slc5_amd64_gcc472/external/sip/4.11.2-cms6/lib/python2.7/site-packages:/cvmfs/cms.cern.ch/slc5_amd64_gcc472/external/py2-pycurl/7.19.0-cms8/lib/python2.7/site-packages:/cvmfs/cms.cern.ch/slc5_amd64_gcc472/external/py2-numpy/1.6.1-cms8/lib/python2.7/site-packages:/cvmfs/cms.cern.ch/slc5_amd64_gcc472/external/py2-lint/0.25.1-cms6/lib/python2.7/site-packages:/cvmfs/cms.cern.ch/slc5_amd64_gcc472/external/py2-ipython/0.10-cms6/lib/python2.7/site-packages:/cvmfs/cms.cern.ch/slc5_amd64_gcc472/external/py2-cx-oracle/5.1-cms7/lib/python2.7/site-packages:/cvmfs/cms.cern.ch/slc5_amd64_gcc472/external/py2-cjson/1.0.5-cms6/lib/python2.7/site-packages:/cvmfs/cms.cern.ch/slc5_amd64_gcc472/cms/das-client/1.11.7/bin:/cvmfs/cms.cern.ch/slc5_amd64_gcc472/external/elementtree/1.2.6-cms6/share/lib/python2.7/site-packages:/cvmfs/cms.cern.ch/slc5_amd64_gcc472/external/rivet/1.8.2-cms8/lib/python2.7/site-packages:/cvmfs/cms.cern.ch/slc5_amd64_gcc472/external/pyminuit2/0.0.1-cms19/lib/python2.7/site-packages:/cvmfs/cms.cern.ch/slc5_amd64_gcc472/external/py2-pygithub/1.23.0/lib/python2.7/site-packages:/cvmfs/cms.cern.ch/slc5_amd64_gcc472/external/professor/1.0.0-cms19/lib/python2.7/site-packages:/cvmfs/cms.cern.ch/slc5_amd64_gcc472/lcg/root/5.34.07-cms/lib:/cvmfs/cms.cern.ch/slc5_amd64_gcc472/cms/dbs-client/DBS_2_1_9-cms5/lib:/cvmfs/cms.cern.ch/slc5_amd64_gcc472/cms/dbs-client/DBS_2_1_9-cms5/lib/DBSAPI:/cvmfs/cms.cern.ch/slc5_amd64_gcc472/external/cvs2git/5419-cms/lib:/home/cms040/home_cream_155058975/CREAM155058975/glide_vdCJe6/execute/dir_15182/
 
# LIMITS USED BY CRAB WATCHDOG:
# RSS  (KBytes)   : 2300000
# VSZ  (KBytes)   : 100000000
# DISK (MBytes)   : 19000
# CPU TIME        : 720h:0m:0s
# WALL CLOCK TIME : 21h:50m:0s
 
5854dd31cbd3cdec44c48628cc181cf0
PSETHASH = 5854dd31cbd3cdec44c48628cc181cf0
/home/cms040/home_cream_155058975/CREAM155058975/glide_vdCJe6/execute/dir_15182/writeCfg.py pset.py pset.py
Importing .py file
Setting parameters
RandomNumberGeneratorService found, will attempt to change seeds
inputBlocks=/calabria_SingleMuPt10_GEN-SIM-DIGI-RECO_CMSSW_6_2_0_SLHC12_2023Scenario_Case2/calabria-calabria_SingleMuPt10_GEN-SIM-DIGI-RECO_CMSSW_6_2_0_SLHC12_2023Scenario_Case2-713e95291268ed84eccf2b8e553eab97/USER#88fb6135-7b38-4126-8a08-30a5f33e52e9
inputFiles=/store/user/calabria/calabria_SingleMuPt10_GEN-SIM-DIGI-RECO_CMSSW_6_2_0_SLHC12_2023Scenario_Case2/calabria_SingleMuPt10_GEN-SIM-DIGI-RECO_CMSSW_6_2_0_SLHC12_2023Scenario_Case2/713e95291268ed84eccf2b8e553eab97/out_reco_63_2_JCS.root;/store/user/calabria/calabria_SingleMuPt10_GEN-SIM-DIGI-RECO_CMSSW_6_2_0_SLHC12_2023Scenario_Case2/calabria_SingleMuPt10_GEN-SIM-DIGI-RECO_CMSSW_6_2_0_SLHC12_2023Scenario_Case2/713e95291268ed84eccf2b8e553eab97/out_reco_64_2_3xH.root;/store/user/calabria/calabria_SingleMuPt10_GEN-SIM-DIGI-RECO_CMSSW_6_2_0_SLHC12_2023Scenario_Case2/calabria_SingleMuPt10_GEN-SIM-DIGI-RECO_CMSSW_6_2_0_SLHC12_2023Scenario_Case2/713e95291268ed84eccf2b8e553eab97/out_reco_65_2_ynt.root;/store/user/calabria/calabria_SingleMuPt10_GEN-SIM-DIGI-RECO_CMSSW_6_2_0_SLHC12_2023Scenario_Case2/calabria_SingleMuPt10_GEN-SIM-DIGI-RECO_CMSSW_6_2_0_SLHC12_2023Scenario_Case2/713e95291268ed84eccf2b8e553eab97/out_reco_66_2_wQC.root;/store/user/calabria/calabria_SingleMuPt10_GEN-SIM-DIGI-RECO_CMSSW_6_2_0_SLHC12_2023Scenario_Case2/calabria_SingleMuPt10_GEN-SIM-DIGI-RECO_CMSSW_6_2_0_SLHC12_2023Scenario_Case2/713e95291268ed84eccf2b8e553eab97/out_reco_67_2_dd3.root;/store/user/calabria/calabria_SingleMuPt10_GEN-SIM-DIGI-RECO_CMSSW_6_2_0_SLHC12_2023Scenario_Case2/calabria_SingleMuPt10_GEN-SIM-DIGI-RECO_CMSSW_6_2_0_SLHC12_2023Scenario_Case2/713e95291268ed84eccf2b8e553eab97/out_reco_70_2_S8g.root;/store/user/calabria/calabria_SingleMuPt10_GEN-SIM-DIGI-RECO_CMSSW_6_2_0_SLHC12_2023Scenario_Case2/calabria_SingleMuPt10_GEN-SIM-DIGI-RECO_CMSSW_6_2_0_SLHC12_2023Scenario_Case2/713e95291268ed84eccf2b8e553eab97/out_reco_71_2_Fl0.root;/store/user/calabria/calabria_SingleMuPt10_GEN-SIM-DIGI-RECO_CMSSW_6_2_0_SLHC12_2023Scenario_Case2/calabria_SingleMuPt10_GEN-SIM-DIGI-RECO_CMSSW_6_2_0_SLHC12_2023Scenario_Case2/713e95291268ed84eccf2b8e553eab97/out_reco_73_2_Sp8.root;/store/user/calabria/calabria_SingleMuPt10_GEN-SIM-DIGI-RECO_CMSSW_6_2_0_SLHC12_2023Scenario_Case2/calabria_SingleMuPt10_GEN-SIM-DIGI-RECO_CMSSW_6_2_0_SLHC12_2023Scenario_Case2/713e95291268ed84eccf2b8e553eab97/out_reco_74_2_HDL.root;/store/user/calabria/calabria_SingleMuPt10_GEN-SIM-DIGI-RECO_CMSSW_6_2_0_SLHC12_2023Scenario_Case2/calabria_SingleMuPt10_GEN-SIM-DIGI-RECO_CMSSW_6_2_0_SLHC12_2023Scenario_Case2/713e95291268ed84eccf2b8e553eab97/out_reco_77_2_FzX.root
parentFiles=
lumisRange=
>>> Executable cmsRun
/cvmfs/cms.cern.ch/slc5_amd64_gcc472/cms/cmssw/CMSSW_6_2_0_SLHC12/bin/slc5_amd64_gcc472/cmsRun
ok executable found
>>> info for dashboard:
***** Cat /home/cms040/home_cream_155058975/CREAM155058975/glide_vdCJe6/execute/dir_15182/jobreport.txt *****
MonitorJobID=4_https://submit-4.t2.ucsd.edu//140616//222479.3
MonitorID=calabria_MuMinus10_Case2_ReReco_50bsf8
ExeStart=cmsRun
***** End Cat jobreport *****
Parameters sent to Dashboard.
>>> cmsRun started at Tue Jun 17 22:16:37 UTC 2014
>>> cmsRun ended at Tue Jun 17 22:22:18 UTC 2014
>>> crab_fjr_*.xml  permission set to 0704
>>> info for dashboard:
***** Cat /home/cms040/home_cream_155058975/CREAM155058975/glide_vdCJe6/execute/dir_15182/jobreport.txt *****
MonitorJobID=4_https://submit-4.t2.ucsd.edu//140616//222479.3
MonitorID=calabria_MuMinus10_Case2_ReReco_50bsf8
ExeEnd=cmsRun
***** End Cat jobreport *****
Parameters sent to Dashboard.
TIME_EXE = 341 sec
>>> cmsRun wrote 50 lines of stdout+stderr
>>> START OF printout of 50 lines from stdout+stderr
271 DQMStore::DQMStore 
HcalTopologyIdealEP::HcalTopologyIdealEP
18-Jun-2014 00:16:57 CEST  Initiating request to open file file:/lustre/cms//store/user/calabria/calabria_SingleMuPt10_GEN-SIM-DIGI-RECO_CMSSW_6_2_0_SLHC12_2023Scenario_Case2/calabria_SingleMuPt10_GEN-SIM-DIGI-RECO_CMSSW_6_2_0_SLHC12_2023Scenario_Case2/713e95291268ed84eccf2b8e553eab97/out_reco_63_2_JCS.root
18-Jun-2014 00:17:00 CEST  Successfully opened file file:/lustre/cms//store/user/calabria/calabria_SingleMuPt10_GEN-SIM-DIGI-RECO_CMSSW_6_2_0_SLHC12_2023Scenario_Case2/calabria_SingleMuPt10_GEN-SIM-DIGI-RECO_CMSSW_6_2_0_SLHC12_2023Scenario_Case2/713e95291268ed84eccf2b8e553eab97/out_reco_63_2_JCS.root
18-Jun-2014 00:17:31 CEST  Closed file file:/lustre/cms//store/user/calabria/calabria_SingleMuPt10_GEN-SIM-DIGI-RECO_CMSSW_6_2_0_SLHC12_2023Scenario_Case2/calabria_SingleMuPt10_GEN-SIM-DIGI-RECO_CMSSW_6_2_0_SLHC12_2023Scenario_Case2/713e95291268ed84eccf2b8e553eab97/out_reco_63_2_JCS.root
18-Jun-2014 00:17:31 CEST  Initiating request to open file file:/lustre/cms//store/user/calabria/calabria_SingleMuPt10_GEN-SIM-DIGI-RECO_CMSSW_6_2_0_SLHC12_2023Scenario_Case2/calabria_SingleMuPt10_GEN-SIM-DIGI-RECO_CMSSW_6_2_0_SLHC12_2023Scenario_Case2/713e95291268ed84eccf2b8e553eab97/out_reco_64_2_3xH.root
18-Jun-2014 00:17:31 CEST  Successfully opened file file:/lustre/cms//store/user/calabria/calabria_SingleMuPt10_GEN-SIM-DIGI-RECO_CMSSW_6_2_0_SLHC12_2023Scenario_Case2/calabria_SingleMuPt10_GEN-SIM-DIGI-RECO_CMSSW_6_2_0_SLHC12_2023Scenario_Case2/713e95291268ed84eccf2b8e553eab97/out_reco_64_2_3xH.root
18-Jun-2014 00:18:00 CEST  Closed file file:/lustre/cms//store/user/calabria/calabria_SingleMuPt10_GEN-SIM-DIGI-RECO_CMSSW_6_2_0_SLHC12_2023Scenario_Case2/calabria_SingleMuPt10_GEN-SIM-DIGI-RECO_CMSSW_6_2_0_SLHC12_2023Scenario_Case2/713e95291268ed84eccf2b8e553eab97/out_reco_64_2_3xH.root
18-Jun-2014 00:18:00 CEST  Initiating request to open file file:/lustre/cms//store/user/calabria/calabria_SingleMuPt10_GEN-SIM-DIGI-RECO_CMSSW_6_2_0_SLHC12_2023Scenario_Case2/calabria_SingleMuPt10_GEN-SIM-DIGI-RECO_CMSSW_6_2_0_SLHC12_2023Scenario_Case2/713e95291268ed84eccf2b8e553eab97/out_reco_65_2_ynt.root
18-Jun-2014 00:18:00 CEST  Successfully opened file file:/lustre/cms//store/user/calabria/calabria_SingleMuPt10_GEN-SIM-DIGI-RECO_CMSSW_6_2_0_SLHC12_2023Scenario_Case2/calabria_SingleMuPt10_GEN-SIM-DIGI-RECO_CMSSW_6_2_0_SLHC12_2023Scenario_Case2/713e95291268ed84eccf2b8e553eab97/out_reco_65_2_ynt.root
18-Jun-2014 00:18:29 CEST  Closed file file:/lustre/cms//store/user/calabria/calabria_SingleMuPt10_GEN-SIM-DIGI-RECO_CMSSW_6_2_0_SLHC12_2023Scenario_Case2/calabria_SingleMuPt10_GEN-SIM-DIGI-RECO_CMSSW_6_2_0_SLHC12_2023Scenario_Case2/713e95291268ed84eccf2b8e553eab97/out_reco_65_2_ynt.root
18-Jun-2014 00:18:29 CEST  Initiating request to open file file:/lustre/cms//store/user/calabria/calabria_SingleMuPt10_GEN-SIM-DIGI-RECO_CMSSW_6_2_0_SLHC12_2023Scenario_Case2/calabria_SingleMuPt10_GEN-SIM-DIGI-RECO_CMSSW_6_2_0_SLHC12_2023Scenario_Case2/713e95291268ed84eccf2b8e553eab97/out_reco_66_2_wQC.root
18-Jun-2014 00:18:29 CEST  Successfully opened file file:/lustre/cms//store/user/calabria/calabria_SingleMuPt10_GEN-SIM-DIGI-RECO_CMSSW_6_2_0_SLHC12_2023Scenario_Case2/calabria_SingleMuPt10_GEN-SIM-DIGI-RECO_CMSSW_6_2_0_SLHC12_2023Scenario_Case2/713e95291268ed84eccf2b8e553eab97/out_reco_66_2_wQC.root
18-Jun-2014 00:18:58 CEST  Closed file file:/lustre/cms//store/user/calabria/calabria_SingleMuPt10_GEN-SIM-DIGI-RECO_CMSSW_6_2_0_SLHC12_2023Scenario_Case2/calabria_SingleMuPt10_GEN-SIM-DIGI-RECO_CMSSW_6_2_0_SLHC12_2023Scenario_Case2/713e95291268ed84eccf2b8e553eab97/out_reco_66_2_wQC.root
18-Jun-2014 00:18:58 CEST  Initiating request to open file file:/lustre/cms//store/user/calabria/calabria_SingleMuPt10_GEN-SIM-DIGI-RECO_CMSSW_6_2_0_SLHC12_2023Scenario_Case2/calabria_SingleMuPt10_GEN-SIM-DIGI-RECO_CMSSW_6_2_0_SLHC12_2023Scenario_Case2/713e95291268ed84eccf2b8e553eab97/out_reco_67_2_dd3.root
18-Jun-2014 00:18:58 CEST  Successfully opened file file:/lustre/cms//store/user/calabria/calabria_SingleMuPt10_GEN-SIM-DIGI-RECO_CMSSW_6_2_0_SLHC12_2023Scenario_Case2/calabria_SingleMuPt10_GEN-SIM-DIGI-RECO_CMSSW_6_2_0_SLHC12_2023Scenario_Case2/713e95291268ed84eccf2b8e553eab97/out_reco_67_2_dd3.root
18-Jun-2014 00:19:28 CEST  Closed file file:/lustre/cms//store/user/calabria/calabria_SingleMuPt10_GEN-SIM-DIGI-RECO_CMSSW_6_2_0_SLHC12_2023Scenario_Case2/calabria_SingleMuPt10_GEN-SIM-DIGI-RECO_CMSSW_6_2_0_SLHC12_2023Scenario_Case2/713e95291268ed84eccf2b8e553eab97/out_reco_67_2_dd3.root
18-Jun-2014 00:19:28 CEST  Initiating request to open file file:/lustre/cms//store/user/calabria/calabria_SingleMuPt10_GEN-SIM-DIGI-RECO_CMSSW_6_2_0_SLHC12_2023Scenario_Case2/calabria_SingleMuPt10_GEN-SIM-DIGI-RECO_CMSSW_6_2_0_SLHC12_2023Scenario_Case2/713e95291268ed84eccf2b8e553eab97/out_reco_70_2_S8g.root
18-Jun-2014 00:19:28 CEST  Successfully opened file file:/lustre/cms//store/user/calabria/calabria_SingleMuPt10_GEN-SIM-DIGI-RECO_CMSSW_6_2_0_SLHC12_2023Scenario_Case2/calabria_SingleMuPt10_GEN-SIM-DIGI-RECO_CMSSW_6_2_0_SLHC12_2023Scenario_Case2/713e95291268ed84eccf2b8e553eab97/out_reco_70_2_S8g.root
18-Jun-2014 00:19:57 CEST  Closed file file:/lustre/cms//store/user/calabria/calabria_SingleMuPt10_GEN-SIM-DIGI-RECO_CMSSW_6_2_0_SLHC12_2023Scenario_Case2/calabria_SingleMuPt10_GEN-SIM-DIGI-RECO_CMSSW_6_2_0_SLHC12_2023Scenario_Case2/713e95291268ed84eccf2b8e553eab97/out_reco_70_2_S8g.root
18-Jun-2014 00:19:57 CEST  Initiating request to open file file:/lustre/cms//store/user/calabria/calabria_SingleMuPt10_GEN-SIM-DIGI-RECO_CMSSW_6_2_0_SLHC12_2023Scenario_Case2/calabria_SingleMuPt10_GEN-SIM-DIGI-RECO_CMSSW_6_2_0_SLHC12_2023Scenario_Case2/713e95291268ed84eccf2b8e553eab97/out_reco_71_2_Fl0.root
18-Jun-2014 00:19:57 CEST  Successfully opened file file:/lustre/cms//store/user/calabria/calabria_SingleMuPt10_GEN-SIM-DIGI-RECO_CMSSW_6_2_0_SLHC12_2023Scenario_Case2/calabria_SingleMuPt10_GEN-SIM-DIGI-RECO_CMSSW_6_2_0_SLHC12_2023Scenario_Case2/713e95291268ed84eccf2b8e553eab97/out_reco_71_2_Fl0.root
18-Jun-2014 00:20:26 CEST  Closed file file:/lustre/cms//store/user/calabria/calabria_SingleMuPt10_GEN-SIM-DIGI-RECO_CMSSW_6_2_0_SLHC12_2023Scenario_Case2/calabria_SingleMuPt10_GEN-SIM-DIGI-RECO_CMSSW_6_2_0_SLHC12_2023Scenario_Case2/713e95291268ed84eccf2b8e553eab97/out_reco_71_2_Fl0.root
18-Jun-2014 00:20:26 CEST  Initiating request to open file file:/lustre/cms//store/user/calabria/calabria_SingleMuPt10_GEN-SIM-DIGI-RECO_CMSSW_6_2_0_SLHC12_2023Scenario_Case2/calabria_SingleMuPt10_GEN-SIM-DIGI-RECO_CMSSW_6_2_0_SLHC12_2023Scenario_Case2/713e95291268ed84eccf2b8e553eab97/out_reco_73_2_Sp8.root
18-Jun-2014 00:20:26 CEST  Successfully opened file file:/lustre/cms//store/user/calabria/calabria_SingleMuPt10_GEN-SIM-DIGI-RECO_CMSSW_6_2_0_SLHC12_2023Scenario_Case2/calabria_SingleMuPt10_GEN-SIM-DIGI-RECO_CMSSW_6_2_0_SLHC12_2023Scenario_Case2/713e95291268ed84eccf2b8e553eab97/out_reco_73_2_Sp8.root
18-Jun-2014 00:21:09 CEST  Closed file file:/lustre/cms//store/user/calabria/calabria_SingleMuPt10_GEN-SIM-DIGI-RECO_CMSSW_6_2_0_SLHC12_2023Scenario_Case2/calabria_SingleMuPt10_GEN-SIM-DIGI-RECO_CMSSW_6_2_0_SLHC12_2023Scenario_Case2/713e95291268ed84eccf2b8e553eab97/out_reco_73_2_Sp8.root
18-Jun-2014 00:21:09 CEST  Initiating request to open file file:/lustre/cms//store/user/calabria/calabria_SingleMuPt10_GEN-SIM-DIGI-RECO_CMSSW_6_2_0_SLHC12_2023Scenario_Case2/calabria_SingleMuPt10_GEN-SIM-DIGI-RECO_CMSSW_6_2_0_SLHC12_2023Scenario_Case2/713e95291268ed84eccf2b8e553eab97/out_reco_74_2_HDL.root
18-Jun-2014 00:21:09 CEST  Successfully opened file file:/lustre/cms//store/user/calabria/calabria_SingleMuPt10_GEN-SIM-DIGI-RECO_CMSSW_6_2_0_SLHC12_2023Scenario_Case2/calabria_SingleMuPt10_GEN-SIM-DIGI-RECO_CMSSW_6_2_0_SLHC12_2023Scenario_Case2/713e95291268ed84eccf2b8e553eab97/out_reco_74_2_HDL.root
18-Jun-2014 00:21:39 CEST  Closed file file:/lustre/cms//store/user/calabria/calabria_SingleMuPt10_GEN-SIM-DIGI-RECO_CMSSW_6_2_0_SLHC12_2023Scenario_Case2/calabria_SingleMuPt10_GEN-SIM-DIGI-RECO_CMSSW_6_2_0_SLHC12_2023Scenario_Case2/713e95291268ed84eccf2b8e553eab97/out_reco_74_2_HDL.root
18-Jun-2014 00:21:39 CEST  Initiating request to open file file:/lustre/cms//store/user/calabria/calabria_SingleMuPt10_GEN-SIM-DIGI-RECO_CMSSW_6_2_0_SLHC12_2023Scenario_Case2/calabria_SingleMuPt10_GEN-SIM-DIGI-RECO_CMSSW_6_2_0_SLHC12_2023Scenario_Case2/713e95291268ed84eccf2b8e553eab97/out_reco_77_2_FzX.root
18-Jun-2014 00:21:39 CEST  Successfully opened file file:/lustre/cms//store/user/calabria/calabria_SingleMuPt10_GEN-SIM-DIGI-RECO_CMSSW_6_2_0_SLHC12_2023Scenario_Case2/calabria_SingleMuPt10_GEN-SIM-DIGI-RECO_CMSSW_6_2_0_SLHC12_2023Scenario_Case2/713e95291268ed84eccf2b8e553eab97/out_reco_77_2_FzX.root
18-Jun-2014 00:22:17 CEST  Closed file file:/lustre/cms//store/user/calabria/calabria_SingleMuPt10_GEN-SIM-DIGI-RECO_CMSSW_6_2_0_SLHC12_2023Scenario_Case2/calabria_SingleMuPt10_GEN-SIM-DIGI-RECO_CMSSW_6_2_0_SLHC12_2023Scenario_Case2/713e95291268ed84eccf2b8e553eab97/out_reco_77_2_FzX.root

=============================================

MessageLogger Summary

 type     category        sev    module        subroutine        count    total
 ---- -------------------- -- ---------------- ----------------  -----    -----
    1 fileAction           -s file_close                            10       10
    2 fileAction           -s file_open                             20       20

 type    category    Examples: run/evt        run/evt          run/evt
 ---- -------------------- ---------------- ---------------- ----------------
    1 fileAction           PostProcessEvent PostProcessEvent PostEndRun
    2 fileAction           pre-events       pre-events       PostProcessEvent

Severity    # Occurrences   Total Occurrences
--------    -------------   -----------------
System                 30                  30
>>> END OF printout of 50 lines from stdout+stderr
>>> Parse FrameworkJobReport crab_fjr.xml
Result of parsing the FrameworkJobReport crab_fjr.xml: Popularity start
lumisRange : 1::::1;1::::2;1::::3;1::::4;1::::5;1::::6;1::::7;1::::8;1::::9;1::::10;
lumisParentRange : 
Basename : /store/user/calabria/calabria_SingleMuPt10_GEN-SIM-DIGI-RECO_CMSSW_6_2_0_SLHC12_2023Scenario_Case2/calabria_SingleMuPt10_GEN-SIM-DIGI-RECO_CMSSW_6_2_0_SLHC12_2023Scenario_Case2/713e95291268ed84eccf2b8e553eab97/out_reco_
BasenameParent : 
parentFiles : 
inputBlocks : /calabria_SingleMuPt10_GEN-SIM-DIGI-RECO_CMSSW_6_2_0_SLHC12_2023Scenario_Case2/calabria-calabria_SingleMuPt10_GEN-SIM-DIGI-RECO_CMSSW_6_2_0_SLHC12_2023Scenario_Case2-713e95291268ed84eccf2b8e553eab97/USER#88fb6135-7b38-4126-8a08-30a5f33e52e9
inputFiles : 64_2_3xH.root::1::EDM::Local::1;63_2_JCS.root::1::EDM::Local::2;73_2_Sp8.root::1::EDM::Local::3;77_2_FzX.root::1::EDM::Local::4;70_2_S8g.root::1::EDM::Local::5;71_2_Fl0.root::1::EDM::Local::6;65_2_ynt.root::1::EDM::Local::7;66_2_wQC.root::1::EDM::Local::8;74_2_HDL.root::1::EDM::Local::9;67_2_dd3.root::1::EDM::Local::10;
Popularity stop
Extracted ExitStatus from FrameworkJobReport parsing output: 0
>>> Executable succeded  0
ExeExitCode=0
EXECUTABLE_EXIT_STATUS = 0
>>> current directory /home/cms040/home_cream_155058975/CREAM155058975/glide_vdCJe6/execute/dir_15182/CMSSW_6_2_0_SLHC12
>>>  (SOFTWARE_DIR): /home/cms040/home_cream_155058975/CREAM155058975/glide_vdCJe6/execute/dir_15182/CMSSW_6_2_0_SLHC12
>>> (WORKING_DIR): 
>>> current directory content:
total 10424
drwxr-xr-x 3 cms040 cms    4096 Jun 18 00:16 .SCRAM
-rw------- 1 cms040 cms 3740277 Jun 18 00:16 CMSSW.py.pkl
drwxr-xr-x 3 cms040 cms    4096 Jun 18 00:16 bin
drwxr-xr-x 3 cms040 cms    4096 Jun 18 00:16 cfipython
drwxr-xr-x 4 cms040 cms    4096 Jun 18 00:16 config
-rw------- 1 cms040 cms      16 Jun 18 00:22 cpu_timing.txt
drwxr-xr-x 2 cms040 cms    4096 Jun 18 00:16 doc
-rw------- 1 cms040 cms    9895 Jun 18 00:22 executable.out
drwxr-xr-x 2 cms040 cms    4096 Jun 18 00:16 include
drwx------ 3 cms040 cms    4096 Apr 28 18:12 lib
drwxr-xr-x 3 cms040 cms    4096 Jun 18 00:16 logs
drwxr-xr-x 3 cms040 cms    4096 Jun 18 00:16 objs
-rw------- 1 cms040 cms     104 Jun 18 00:16 pset.py
-rw------- 1 cms040 cms 3712298 Jun 18 00:16 pset.py.pkl
-rw------- 1 cms040 cms     289 Jun 18 00:16 pset.pyc
drwxr-xr-x 2 cms040 cms    4096 Jun 18 00:16 python
-rw------- 1 cms040 cms     404 Jun 18 00:22 report.log
drwx------ 6 cms040 cms    4096 Jun 18 00:16 src
drwxr-xr-x 3 cms040 cms    4096 Jun 18 00:16 test
drwxr-xr-x 3 cms040 cms    4096 Jun 18 00:16 tmp
-rw------- 1 cms040 cms 3117234 Jun 18 00:22 validationEDM.root
>>> current directory /home/cms040/home_cream_155058975/CREAM155058975/glide_vdCJe6/execute/dir_15182/CMSSW_6_2_0_SLHC12
>>> (SOFTWARE_DIR): /home/cms040/home_cream_155058975/CREAM155058975/glide_vdCJe6/execute/dir_15182/CMSSW_6_2_0_SLHC12
>>> (WORKING_DIR): 
>>> current directory content:
total 10424
drwxr-xr-x 3 cms040 cms    4096 Jun 18 00:16 .SCRAM
-rw------- 1 cms040 cms 3740277 Jun 18 00:16 CMSSW.py.pkl
drwxr-xr-x 3 cms040 cms    4096 Jun 18 00:16 bin
drwxr-xr-x 3 cms040 cms    4096 Jun 18 00:16 cfipython
drwxr-xr-x 4 cms040 cms    4096 Jun 18 00:16 config
-rw------- 1 cms040 cms      16 Jun 18 00:22 cpu_timing.txt
drwxr-xr-x 2 cms040 cms    4096 Jun 18 00:16 doc
-rw------- 1 cms040 cms    9895 Jun 18 00:22 executable.out
drwxr-xr-x 2 cms040 cms    4096 Jun 18 00:16 include
drwx------ 3 cms040 cms    4096 Apr 28 18:12 lib
drwxr-xr-x 3 cms040 cms    4096 Jun 18 00:16 logs
drwxr-xr-x 3 cms040 cms    4096 Jun 18 00:16 objs
-rw------- 1 cms040 cms     104 Jun 18 00:16 pset.py
-rw------- 1 cms040 cms 3712298 Jun 18 00:16 pset.py.pkl
-rw------- 1 cms040 cms     289 Jun 18 00:16 pset.pyc
drwxr-xr-x 2 cms040 cms    4096 Jun 18 00:16 python
-rw------- 1 cms040 cms     404 Jun 18 00:22 report.log
drwx------ 6 cms040 cms    4096 Jun 18 00:16 src
drwxr-xr-x 3 cms040 cms    4096 Jun 18 00:16 test
drwxr-xr-x 3 cms040 cms    4096 Jun 18 00:16 tmp
-rw------- 1 cms040 cms 3117234 Jun 18 00:22 validationEDM_4_1_aG3.root
>>> current directory (RUNTIME_AREA):  /home/cms040/home_cream_155058975/CREAM155058975/glide_vdCJe6/execute/dir_15182
SE = storm-se-01.ba.infn.it
SE_PATH = /srm/managerv2?SFN=//cms/store/user/calabria/calabria_SingleMuPt10_GEN-SIM-DIGI-RECO_CMSSW_6_2_0_SLHC12_2023Scenario_Case2/calabria_MuMinus10_GEN-SIM-DIGI-RECO_CMSSW_6_2_0_SLHC12_2023Scenario_VALNOPU2_Case2/5854dd31cbd3cdec44c48628cc181cf0/
LFNBaseName = /store/user/calabria/calabria_SingleMuPt10_GEN-SIM-DIGI-RECO_CMSSW_6_2_0_SLHC12_2023Scenario_Case2/calabria_MuMinus10_GEN-SIM-DIGI-RECO_CMSSW_6_2_0_SLHC12_2023Scenario_VALNOPU2_Case2/5854dd31cbd3cdec44c48628cc181cf0/
USER = calabria
endpoint = srm://storm-se-01.ba.infn.it:8444/srm/managerv2?SFN=//cms/store/user/calabria/calabria_SingleMuPt10_GEN-SIM-DIGI-RECO_CMSSW_6_2_0_SLHC12_2023Scenario_Case2/calabria_MuMinus10_GEN-SIM-DIGI-RECO_CMSSW_6_2_0_SLHC12_2023Scenario_VALNOPU2_Case2/5854dd31cbd3cdec44c48628cc181cf0/
>>> Copy output files from WN = alicegrid45.ba.infn.it to /srm/managerv2?SFN=//cms/store/user/calabria/calabria_SingleMuPt10_GEN-SIM-DIGI-RECO_CMSSW_6_2_0_SLHC12_2023Scenario_Case2/calabria_MuMinus10_GEN-SIM-DIGI-RECO_CMSSW_6_2_0_SLHC12_2023Scenario_VALNOPU2_Case2/5854dd31cbd3cdec44c48628cc181cf0/ :
python cmscp.py  --destination srm://storm-se-01.ba.infn.it:8444/srm/managerv2?SFN=//cms/store/user/calabria/calabria_SingleMuPt10_GEN-SIM-DIGI-RECO_CMSSW_6_2_0_SLHC12_2023Scenario_Case2/calabria_MuMinus10_GEN-SIM-DIGI-RECO_CMSSW_6_2_0_SLHC12_2023Scenario_VALNOPU2_Case2/5854dd31cbd3cdec44c48628cc181cf0/ --inputFileList /home/cms040/home_cream_155058975/CREAM155058975/glide_vdCJe6/execute/dir_15182/CMSSW_6_2_0_SLHC12/validationEDM_4_1_aG3.root --middleware LCG --se_name storm-se-01.ba.infn.it --for_lfn /store/user/calabria/calabria_SingleMuPt10_GEN-SIM-DIGI-RECO_CMSSW_6_2_0_SLHC12_2023Scenario_Case2/calabria_MuMinus10_GEN-SIM-DIGI-RECO_CMSSW_6_2_0_SLHC12_2023Scenario_VALNOPU2_Case2/5854dd31cbd3cdec44c48628cc181cf0/    
******************************************************
localSeName  =  storm-se-01.ba.infn.it
remoteSeName =  storm-se-01.ba.infn.it
******************************************************
{"/home/cms040/home_cream_155058975/CREAM155058975/glide_vdCJe6/execute/dir_15182/CMSSW_6_2_0_SLHC12/validationEDM_4_1_aG3.root": {"endpoint": "srm://storm-se-01.ba.infn.it:8444/srm/managerv2?SFN=//cms/store/user/calabria/calabria_SingleMuPt10_GEN-SIM-DIGI-RECO_CMSSW_6_2_0_SLHC12_2023Scenario_Case2/calabria_MuMinus10_GEN-SIM-DIGI-RECO_CMSSW_6_2_0_SLHC12_2023Scenario_VALNOPU2_Case2/5854dd31cbd3cdec44c48628cc181cf0/", "surl_for_grid": "", "reason": "Copy succedeed with srm-lcg utils", "erCode": "0", "se_name": "storm-se-01.ba.infn.it", "for_lfn": "/store/user/calabria/calabria_SingleMuPt10_GEN-SIM-DIGI-RECO_CMSSW_6_2_0_SLHC12_2023Scenario_Case2/calabria_MuMinus10_GEN-SIM-DIGI-RECO_CMSSW_6_2_0_SLHC12_2023Scenario_VALNOPU2_Case2/5854dd31cbd3cdec44c48628cc181cf0/"}}/home/cms040/home_cream_155058975/CREAM155058975/glide_vdCJe6/execute/dir_15182
-------- cat /home/cms040/home_cream_155058975/CREAM155058975/glide_vdCJe6/execute/dir_15182/cmscpReport.sh 
#!/bin/bash
echo "Report for File: /home/cms040/home_cream_155058975/CREAM155058975/glide_vdCJe6/execute/dir_15182/CMSSW_6_2_0_SLHC12/validationEDM_4_1_aG3.root"
echo "LFN: /store/user/calabria/calabria_SingleMuPt10_GEN-SIM-DIGI-RECO_CMSSW_6_2_0_SLHC12_2023Scenario_Case2/calabria_MuMinus10_GEN-SIM-DIGI-RECO_CMSSW_6_2_0_SLHC12_2023Scenario_VALNOPU2_Case2/5854dd31cbd3cdec44c48628cc181cf0/validationEDM_4_1_aG3.root"
echo "StorageElement: storm-se-01.ba.infn.it"
echo "StageOutExitStatusReason = 'Copy succedeed with srm-lcg utils'" | tee -a $RUNTIME_AREA/$repo
echo "StageOutSE = storm-se-01.ba.infn.it" >> $RUNTIME_AREA/$repo

export StageOutExitStatus=0
echo "StageOutExitStatus = 0" | tee -a $RUNTIME_AREA/$repo
-------- end of /home/cms040/home_cream_155058975/CREAM155058975/glide_vdCJe6/execute/dir_15182/cmscpReport.sh 
Report for File: /home/cms040/home_cream_155058975/CREAM155058975/glide_vdCJe6/execute/dir_15182/CMSSW_6_2_0_SLHC12/validationEDM_4_1_aG3.root
LFN: /store/user/calabria/calabria_SingleMuPt10_GEN-SIM-DIGI-RECO_CMSSW_6_2_0_SLHC12_2023Scenario_Case2/calabria_MuMinus10_GEN-SIM-DIGI-RECO_CMSSW_6_2_0_SLHC12_2023Scenario_VALNOPU2_Case2/5854dd31cbd3cdec44c48628cc181cf0/validationEDM_4_1_aG3.root
StorageElement: storm-se-01.ba.infn.it
StageOutExitStatusReason = 'Copy succedeed with srm-lcg utils'
StageOutExitStatus = 0
>>> current dir: /home/cms040/home_cream_155058975/CREAM155058975/glide_vdCJe6/execute/dir_15182
>>> current dir content:
total 28080
-rw-------  1 cms040 cms     2776 Jun 18 00:23 .SEinteraction.log
-rwx------  1 cms040 cms     6882 Jun 18 00:16 .job.ad
-rwx------  1 cms040 cms     9413 Jun 18 00:16 .machine.ad
-rw-------  1 cms040 cms      105 Jun 16 20:45 CMSSW.py
-rw-------  1 cms040 cms  3740277 Jun 16 20:45 CMSSW.py.pkl
-rwx------  1 cms040 cms    29556 Jun 18 00:16 CMSSW.sh
drwxr-xr-x 15 cms040 cms     4096 Jun 18 00:22 CMSSW_6_2_0_SLHC12
-rw-------  1 cms040 cms      220 Jun 18 00:16 CacheEnv.sh
-rw-------  1 cms040 cms     7291 Apr  4 11:04 DashboardAPI.py
-rw-------  1 cms040 cms     6815 Jun 18 00:16 DashboardAPI.pyc
drwx------  2 cms040 cms     4096 Jun 18 00:22 IMProv
-rw-------  1 cms040 cms     2748 Apr  4 11:04 Logger.py
-rw-------  1 cms040 cms     3347 Jun 18 00:16 Logger.pyc
-rw-------  1 cms040 cms    24524 Apr  4 11:04 ProcInfo.py
-rw-------  1 cms040 cms    23197 Jun 18 00:16 ProcInfo.pyc
drwx------  7 cms040 cms     4096 Jun 18 00:16 ProdCommon
drwx------  3 cms040 cms     4096 Jun 18 00:16 WMCore
-rw-------  1 cms040 cms     2119 Jun 18 00:22 Watchdog_4.log
-rwx------  1 cms040 cms        0 Jun 18 00:16 _condor_stderr
-rwx---r--  1 cms040 cms    29369 Jun 18 00:23 _condor_stdout
-rw-------  1 cms040 cms    32895 Apr  4 11:04 apmon.py
-rw-------  1 cms040 cms    28625 Jun 18 00:16 apmon.pyc
-rwx------  1 cms040 cms    53441 Jun 18 00:16 arguments.xml
-rwx------  1 cms040 cms    38515 Apr  4 11:04 cmscp.py
-rw-------  1 cms040 cms      716 Jun 18 00:23 cmscpReport.sh
-rwx------  1 cms040 cms    29556 Jun 18 00:16 condor_exec.exe
-rw-------  1 cms040 cms      958 Jun 16 20:45 crab.cfg
-rwx------  1 cms040 cms     8610 Apr  4 11:04 crabWatchdog.sh
-rwx---r--  1 cms040 cms   523229 Jun 18 00:22 crab_fjr_4.xml
-rwx------  1 cms040 cms 23957588 Jun 18 00:16 default.tgz
-rwx------  1 cms040 cms     4488 Apr  4 11:04 fillCrabFjr.py
-rw-------  1 cms040 cms     2619 Jun 18 00:16 inputsReport.txt
-rw-------  1 cms040 cms      259 Jun 18 00:23 jobreport.txt
-rw-------  1 cms040 cms    17352 Apr  4 11:04 parseCrabFjr.py
-rw-------  1 cms040 cms      329 Jun 18 00:16 report.log
-rwx--x--x  1 cms040 cms     1497 Apr  4 11:04 report.py
-rw-------  1 cms040 cms      771 Jun 18 00:23 resultCopyFile
lrwxrwxrwx  1 cms040 cms      125 Jun 18 00:22 validationEDM.root -> /home/cms040/home_cream_155058975/CREAM155058975/glide_vdCJe6/execute/dir_15182/CMSSW_6_2_0_SLHC12/validationEDM_4_1_aG3.root
-rwx------  1 cms040 cms     8387 Apr  4 11:04 writeCfg.py
-rw-------  1 cms040 cms     8010 Jun 18 00:16 x509up_u50707
>>> Modify Job Report:
CMSSW_VERSION = CMSSW_6_2_0_SLHC12
ProcessedDataset = calabria_MuMinus10_GEN-SIM-DIGI-RECO_CMSSW_6_2_0_SLHC12_2023Scenario_VALNOPU2_Case2
/home/cms040/home_cream_155058975/CREAM155058975/glide_vdCJe6/execute/dir_15182/ProdCommon/FwkJobRep/ModifyJobReport.py fjr /home/cms040/home_cream_155058975/CREAM155058975/glide_vdCJe6/execute/dir_15182/crab_fjr_4.xml json /home/cms040/home_cream_155058975/CREAM155058975/glide_vdCJe6/execute/dir_15182/resultCopyFile n_job 4_1_aG3 PrimaryDataset calabria_SingleMuPt10_GEN-SIM-DIGI-RECO_CMSSW_6_2_0_SLHC12_2023Scenario_Case2  ApplicationFamily cmsRun ApplicationName cmsRun cmssw_version CMSSW_6_2_0_SLHC12 psethash 5854dd31cbd3cdec44c48628cc181cf0 UserProcessedDataset calabria-calabria_MuMinus10_GEN-SIM-DIGI-RECO_CMSSW_6_2_0_SLHC12_2023Scenario_VALNOPU2_Case2-5854dd31cbd3cdec44c48628cc181cf0
inputDict =  {u'/home/cms040/home_cream_155058975/CREAM155058975/glide_vdCJe6/execute/dir_15182/CMSSW_6_2_0_SLHC12/validationEDM_4_1_aG3.root': {u'endpoint': u'srm://storm-se-01.ba.infn.it:8444/srm/managerv2?SFN=//cms/store/user/calabria/calabria_SingleMuPt10_GEN-SIM-DIGI-RECO_CMSSW_6_2_0_SLHC12_2023Scenario_Case2/calabria_MuMinus10_GEN-SIM-DIGI-RECO_CMSSW_6_2_0_SLHC12_2023Scenario_VALNOPU2_Case2/5854dd31cbd3cdec44c48628cc181cf0/', u'surl_for_grid': u'', u'reason': u'Copy succedeed with srm-lcg utils', u'erCode': u'0', u'se_name': u'storm-se-01.ba.infn.it', u'for_lfn': u'/store/user/calabria/calabria_SingleMuPt10_GEN-SIM-DIGI-RECO_CMSSW_6_2_0_SLHC12_2023Scenario_Case2/calabria_MuMinus10_GEN-SIM-DIGI-RECO_CMSSW_6_2_0_SLHC12_2023Scenario_VALNOPU2_Case2/5854dd31cbd3cdec44c48628cc181cf0/'}}
UserProcessedDataset =  calabria-calabria_MuMinus10_GEN-SIM-DIGI-RECO_CMSSW_6_2_0_SLHC12_2023Scenario_VALNOPU2_Case2-5854dd31cbd3cdec44c48628cc181cf0
file_name in inputDict =  /home/cms040/home_cream_155058975/CREAM155058975/glide_vdCJe6/execute/dir_15182/CMSSW_6_2_0_SLHC12/validationEDM_4_1_aG3.root
(size) os.stat(filename)[6] =  3117234
checksum =  3496014726
    file =  validationEDM_4_1_aG3.root
    newPfn =  srm://storm-se-01.ba.infn.it:8444/srm/managerv2?SFN=//cms/store/user/calabria/calabria_SingleMuPt10_GEN-SIM-DIGI-RECO_CMSSW_6_2_0_SLHC12_2023Scenario_Case2/calabria_MuMinus10_GEN-SIM-DIGI-RECO_CMSSW_6_2_0_SLHC12_2023Scenario_VALNOPU2_Case2/5854dd31cbd3cdec44c48628cc181cf0/validationEDM_4_1_aG3.root
    newLfn =  /store/user/calabria/calabria_SingleMuPt10_GEN-SIM-DIGI-RECO_CMSSW_6_2_0_SLHC12_2023Scenario_Case2/calabria_MuMinus10_GEN-SIM-DIGI-RECO_CMSSW_6_2_0_SLHC12_2023Scenario_VALNOPU2_Case2/5854dd31cbd3cdec44c48628cc181cf0/validationEDM_4_1_aG3.root
>>> crab_fjr_*.xml  permission set to 0704
CrabWrapper EXIT_FUNC entered at Wed Jun 18 00:23:14 CEST 2014   -  Tue Jun 17 22:23:14 UTC 2014
Checking output files:  
will tar file crab_fjr_4.xml in  out_files_4
WARNING: output file CMSSW_4.stdout not found!
WARNING: output file CMSSW_4.stderr not found!
WARNING: output file Watchdog_4.log.gz not found!
>>> padding time: Sleeping the wrapper for 180 seconds
STOPPING WATCHDOG. CrabWatchdog PID is 16200
********** LAST 50 LINES OF WATCHDOG LOG
# RESOURCE USAGE SUMMARY FOR PROCESS ID 15615
USER       PID %CPU %MEM    VSZ   RSS TTY      STAT START   TIME COMMAND
cms040   15615  1.0  0.0   9500  1564 ?        S    00:16   0:00 /bin/sh /home/cms040/home_cream_155058975/CREAM155058975/glide_vdCJe6/execute/dir_15182/condor_exec.exe 4 1
 
# LIMITS USED BY CRAB WATCHDOG:
# RSS  (KBytes)   : 2300000
# VSZ  (KBytes)   : 100000000
# DISK (MBytes)   : 19000
# CPU TIME        : 720h:0m:0s
# WALL CLOCK TIME : 21h:50m:0s
 
# FOLLOWING PRINTOUT TRACKS MAXIMUM VALUES OF RESOURCES USE
# ONE LINE IS PRINTED EACH TIME A MAXIMUM CHANGES
# IF CHANGE WAS IN RSS OR VSZ ALSO PROCID AND COMMAND ARE PRINTED
# THERE IS NO PRINTOUT FOR CPU/WALL TIME INCREASE
 
# TIME			PID	RSS(KB)	VSZ(KB)	Dsk(MB)	tCPU(s)	tWALL(s)	COMMAND
 Jun 18 00:16:22 CEST	15182	8356	93608	0	0	1	condor_starter -f submit-4.t2.ucsd.edu        
 Jun 18 00:16:22 CEST	16212	42488	103404	0	0	1	edmConfigHash pset.py         
 Jun 18 00:16:22 CEST	21492	42488	106092	0	0	1	sh -c "./glidein_startup.sh" -v std -name v1_3 -entry CMS_T2_IT_Bari_ce2 -clientname UCSD-v1_0.main
 Jun 18 00:16:22 CEST	21496	42488	106492	0	1	1	/bin/bash ./glidein_startup.sh -v std -name v1_3 -entry CMS_T2_IT_Bari_ce2 -clientname UCSD-v1_0.main -schedd
 Jun 18 00:16:22 CEST	---	42488	106492	171	----	----	----
 Jun 18 00:17:22 CEST	16534	770076	981952	171	38	62	cmsRun -j /home/cms040/home_cream_155058975/CREAM155058975/glide_vdCJe6/execute/dir_15182/crab_fjr_4.xml -p pset.py      
 Jun 18 00:17:22 CEST	---	770076	981952	175	----	----	----
 Jun 18 00:18:23 CEST	16534	803640	1009860	175	88	123	cmsRun -j /home/cms040/home_cream_155058975/CREAM155058975/glide_vdCJe6/execute/dir_15182/crab_fjr_4.xml -p pset.py      
 Jun 18 00:19:24 CEST	16534	806924	1012400	175	137	184	cmsRun -j /home/cms040/home_cream_155058975/CREAM155058975/glide_vdCJe6/execute/dir_15182/crab_fjr_4.xml -p pset.py      
 Jun 18 00:21:26 CEST	16534	837308	1029808	175	223	306	cmsRun -j /home/cms040/home_cream_155058975/CREAM155058975/glide_vdCJe6/execute/dir_15182/crab_fjr_4.xml -p pset.py      
 Jun 18 00:22:27 CEST	---	837308	1029808	178	----	----	----
 Jun 18 00:23:28 CEST	---	837308	1029808	179	----	----	----
********** WATCHDOG LOG ENDED
ZIPPING WATCHDOG LOG
Disk space used:
du -sh /home/cms040/home_cream_155058975/CREAM155058975/glide_vdCJe6/execute/dir_15182
179M	/home/cms040/home_cream_155058975/CREAM155058975/glide_vdCJe6/execute/dir_15182
Found unusual stdout, rename for OSB
`/home/cms040/home_cream_155058975/CREAM155058975/glide_vdCJe6/execute/dir_15182/_condor_stdout' -> `CMSSW_4.stdout'
Found unusual stderr, rename for OSB
`/home/cms040/home_cream_155058975/CREAM155058975/glide_vdCJe6/execute/dir_15182/_condor_stdout' -> `CMSSW_4.stderr'
crab_fjr_4.xml
CMSSW_4.stdout
CMSSW_4.stderr
Watchdog_4.log.gz
Total Output dimension: 69873
WARNING: output files size limit is set to: 50000000
Total Output dimension 69873 is fine.
JOB_EXIT_STATUS = 0
>>> info for dashboard:
***** Cat /home/cms040/home_cream_155058975/CREAM155058975/glide_vdCJe6/execute/dir_15182/jobreport.txt *****
MonitorJobID=4_https://submit-4.t2.ucsd.edu//140616//222479.3
MonitorID=calabria_MuMinus10_Case2_ReReco_50bsf8
ExeTime=341
ExeExitCode=0
StageOutExitStatusReason = 'Copy succedeed with srm-lcg utils'
StageOutSE = storm-se-01.ba.infn.it
StageOutExitStatus = 0
CrabUserCpuTime=262.49
CrabSysCpuTime=6.33
CrabCpuPercentage=78%
CrabWrapperTime=600
CrabStageoutTime=49
JobExitCode=0
***** End Cat jobreport *****
Parameters sent to Dashboard.
EXITING at Wed Jun 18 00:26:20 CEST 2014  -  Tue Jun 17 22:26:20 UTC 2014
