This script was generated by crab (version 2.10.5_patch1).
Running /home/cms040/home_cream_140254986/CREAM140254986/glide_Q4guMP/execute/dir_27027/condor_exec.exe with 2 positional parameters: 19 1
Today is Wed Jun 18 00:27:39 CEST 2014 - Tue Jun 17 22:27:39 UTC 2014
Job submitted on host alicegrid82.ba.infn.it
Linux alicegrid82.ba.infn.it 2.6.32-358.23.2.el6.x86_64 #1 SMP Thu Oct 17 10:27:22 CEST 2013 x86_64 x86_64 x86_64 GNU/Linux
>>> current directory (RUNTIME_AREA): /home/cms040/home_cream_140254986/CREAM140254986/glide_Q4guMP/execute/dir_27027
>>> current user: uid=18598(cms040) gid=1399(cms) groups=1399(cms)
>>> directory permission set to 0700
>>> umask set to:  u=rwx,g=,o=
>>> stdout stderr permission set to 0704
>>> voms proxy information:
subject   : /C=IT/O=INFN/OU=Personal Certificate/L=Bari/CN=Cesare Calabria/CN=477126703/CN=261136710
issuer    : /C=IT/O=INFN/OU=Personal Certificate/L=Bari/CN=Cesare Calabria/CN=477126703
identity  : /C=IT/O=INFN/OU=Personal Certificate/L=Bari/CN=Cesare Calabria
type      : RFC3820 compliant limited proxy
strength  : 1024
path      : /home/cms040/home_cream_140254986/CREAM140254986/glide_Q4guMP/execute/dir_27027/x509up_u50707
timeleft  : 23:59:29
key usage : Digital Signature, Key Encipherment, Data Encipherment
=== VO cms extension information ===
VO        : cms
subject   : /C=IT/O=INFN/OU=Personal Certificate/L=Bari/CN=Cesare Calabria
issuer    : /DC=ch/DC=cern/OU=computers/CN=voms.cern.ch
attribute : /cms/Role=NULL/Capability=NULL
attribute : /cms/itcms/Role=NULL/Capability=NULL
timeleft  : 154:56:40
uri       : voms.cern.ch:15002

WNHostName=alicegrid82.ba.infn.it
>>> tar --no-same-permissions -xf /home/cms040/home_cream_140254986/CREAM140254986/glide_Q4guMP/execute/dir_27027/default.tgz :
Successful untar
>>> Include /home/cms040/home_cream_140254986/CREAM140254986/glide_Q4guMP/execute/dir_27027 in PYTHONPATH:
strip arguments
env var CRAB_UNIQUE_JOB_ID set to: calabria_MuMinus10_Case2_ReReco_50bsf8_19_1_wPa
out_files_19
>>> list of expected files on output sandbox
output files: crab_fjr_19.xml CMSSW_19.stdout CMSSW_19.stderr Watchdog_19.log.gz
>>> GridFlavour discovery: 
GridFlavour=LCG
>>> SyncSite discovery: 
SyncSite=T2_IT_Bari
>>> SyncCE discovery: 
getting SyncCE from CE_ID
SyncCE=cream-ce-2.ba.infn.it:8443/cream-pbs-cms
>>> info for dashboard:
***** Cat /home/cms040/home_cream_140254986/CREAM140254986/glide_Q4guMP/execute/dir_27027/jobreport.txt *****
WNHostName=alicegrid82.ba.infn.it
MonitorJobID=19_https://submit-4.t2.ucsd.edu//140616//222479.18
SyncGridJobId=https://submit-4.t2.ucsd.edu//140616//222479.18
MonitorID=calabria_MuMinus10_Case2_ReReco_50bsf8
GridFlavour=LCG
SyncSite=T2_IT_Bari
SyncCE=cream-ce-2.ba.infn.it:8443/cream-pbs-cms
***** End Cat jobreport *****
Parameters sent to Dashboard.
>>> setup environment
set SCRAM ARCH to slc5_amd64_gcc472
SCRAM_ARCH = slc5_amd64_gcc472
>>> setup CMS LCG environment:
set SCRAM ARCH and BUILD_ARCH to slc5_amd64_gcc472 ###
Sourcing environment... 
sourcing /cvmfs/cms.cern.ch/cmsset_default.sh
==> setup cms environment ok
>>> specific cmssw setup environment:
CMSSW_VERSION =  CMSSW_6_2_0_SLHC12
>>> current directory (SOFTWARE_DIR): /home/cms040/home_cream_140254986/CREAM140254986/glide_Q4guMP/execute/dir_27027/CMSSW_6_2_0_SLHC12
PreserveSeeds: <>
IncrementSeeds:<>
>>> info for dashboard:
***** Cat /home/cms040/home_cream_140254986/CREAM140254986/glide_Q4guMP/execute/dir_27027/jobreport.txt *****
MonitorJobID=19_https://submit-4.t2.ucsd.edu//140616//222479.18
MonitorID=calabria_MuMinus10_Case2_ReReco_50bsf8
***** End Cat jobreport *****
Parameters sent to Dashboard.
crabWatchdog started as process 29223
>>> moving CMSSW software directories in /home/cms040/home_cream_140254986/CREAM140254986/glide_Q4guMP/execute/dir_27027/CMSSW_6_2_0_SLHC12
mv: cannot stat `/home/cms040/home_cream_140254986/CREAM140254986/glide_Q4guMP/execute/dir_27027/module/': No such file or directory
>>> Include /home/cms040/home_cream_140254986/CREAM140254986/glide_Q4guMP/execute/dir_27027 in PYTHONPATH:
PYTHONPATH=/home/cms040/home_cream_140254986/CREAM140254986/glide_Q4guMP/execute/dir_27027/:/home/cms040/home_cream_140254986/CREAM140254986/glide_Q4guMP/execute/dir_27027/CMSSW_6_2_0_SLHC12/python:/home/cms040/home_cream_140254986/CREAM140254986/glide_Q4guMP/execute/dir_27027/CMSSW_6_2_0_SLHC12/lib/slc5_amd64_gcc472:/cvmfs/cms.cern.ch/slc5_amd64_gcc472/cms/cmssw/CMSSW_6_2_0_SLHC12/python:/cvmfs/cms.cern.ch/slc5_amd64_gcc472/cms/cmssw/CMSSW_6_2_0_SLHC12/lib/slc5_amd64_gcc472:/cvmfs/cms.cern.ch/slc5_amd64_gcc472/cms/coral/CORAL_2_3_21-cms36/slc5_amd64_gcc472/python:/cvmfs/cms.cern.ch/slc5_amd64_gcc472/cms/coral/CORAL_2_3_21-cms36/slc5_amd64_gcc472/lib:/cvmfs/cms.cern.ch/slc5_amd64_gcc472/external/pyqt/4.8.1-cms6/lib/python2.7/site-packages:/cvmfs/cms.cern.ch/slc5_amd64_gcc472/external/py2-scipy/0.8.0-cms8/lib/python2.7/site-packages:/cvmfs/cms.cern.ch/slc5_amd64_gcc472/external/py2-matplotlib/1.0.1-cms8/lib/python2.7/site-packages:/cvmfs/cms.cern.ch/slc5_amd64_gcc472/external/python-ldap/2.3.5-cms6/lib/python2.7/site-packages:/cvmfs/cms.cern.ch/slc5_amd64_gcc472/external/sip/4.11.2-cms6/lib/python2.7/site-packages:/cvmfs/cms.cern.ch/slc5_amd64_gcc472/external/py2-pycurl/7.19.0-cms8/lib/python2.7/site-packages:/cvmfs/cms.cern.ch/slc5_amd64_gcc472/external/py2-numpy/1.6.1-cms8/lib/python2.7/site-packages:/cvmfs/cms.cern.ch/slc5_amd64_gcc472/external/py2-lint/0.25.1-cms6/lib/python2.7/site-packages:/cvmfs/cms.cern.ch/slc5_amd64_gcc472/external/py2-ipython/0.10-cms6/lib/python2.7/site-packages:/cvmfs/cms.cern.ch/slc5_amd64_gcc472/external/py2-cx-oracle/5.1-cms7/lib/python2.7/site-packages:/cvmfs/cms.cern.ch/slc5_amd64_gcc472/external/py2-cjson/1.0.5-cms6/lib/python2.7/site-packages:/cvmfs/cms.cern.ch/slc5_amd64_gcc472/cms/das-client/1.11.7/bin:/cvmfs/cms.cern.ch/slc5_amd64_gcc472/external/elementtree/1.2.6-cms6/share/lib/python2.7/site-packages:/cvmfs/cms.cern.ch/slc5_amd64_gcc472/external/rivet/1.8.2-cms8/lib/python2.7/site-packages:/cvmfs/cms.cern.ch/slc5_amd64_gcc472/external/pyminuit2/0.0.1-cms19/lib/python2.7/site-packages:/cvmfs/cms.cern.ch/slc5_amd64_gcc472/external/py2-pygithub/1.23.0/lib/python2.7/site-packages:/cvmfs/cms.cern.ch/slc5_amd64_gcc472/external/professor/1.0.0-cms19/lib/python2.7/site-packages:/cvmfs/cms.cern.ch/slc5_amd64_gcc472/lcg/root/5.34.07-cms/lib:/cvmfs/cms.cern.ch/slc5_amd64_gcc472/cms/dbs-client/DBS_2_1_9-cms5/lib:/cvmfs/cms.cern.ch/slc5_amd64_gcc472/cms/dbs-client/DBS_2_1_9-cms5/lib/DBSAPI:/cvmfs/cms.cern.ch/slc5_amd64_gcc472/external/cvs2git/5419-cms/lib:/home/cms040/home_cream_140254986/CREAM140254986/glide_Q4guMP/execute/dir_27027/
 
# LIMITS USED BY CRAB WATCHDOG:
# RSS  (KBytes)   : 2300000
# VSZ  (KBytes)   : 100000000
# DISK (MBytes)   : 19000
# CPU TIME        : 720h:0m:0s
# WALL CLOCK TIME : 21h:50m:0s
 
5854dd31cbd3cdec44c48628cc181cf0
PSETHASH = 5854dd31cbd3cdec44c48628cc181cf0
/home/cms040/home_cream_140254986/CREAM140254986/glide_Q4guMP/execute/dir_27027/writeCfg.py pset.py pset.py
Importing .py file
Setting parameters
RandomNumberGeneratorService found, will attempt to change seeds
inputBlocks=/calabria_SingleMuPt10_GEN-SIM-DIGI-RECO_CMSSW_6_2_0_SLHC12_2023Scenario_Case2/calabria-calabria_SingleMuPt10_GEN-SIM-DIGI-RECO_CMSSW_6_2_0_SLHC12_2023Scenario_Case2-713e95291268ed84eccf2b8e553eab97/USER#88fb6135-7b38-4126-8a08-30a5f33e52e9
inputFiles=/store/user/calabria/calabria_SingleMuPt10_GEN-SIM-DIGI-RECO_CMSSW_6_2_0_SLHC12_2023Scenario_Case2/calabria_SingleMuPt10_GEN-SIM-DIGI-RECO_CMSSW_6_2_0_SLHC12_2023Scenario_Case2/713e95291268ed84eccf2b8e553eab97/out_reco_184_2_3Rn.root;/store/user/calabria/calabria_SingleMuPt10_GEN-SIM-DIGI-RECO_CMSSW_6_2_0_SLHC12_2023Scenario_Case2/calabria_SingleMuPt10_GEN-SIM-DIGI-RECO_CMSSW_6_2_0_SLHC12_2023Scenario_Case2/713e95291268ed84eccf2b8e553eab97/out_reco_185_2_7nj.root;/store/user/calabria/calabria_SingleMuPt10_GEN-SIM-DIGI-RECO_CMSSW_6_2_0_SLHC12_2023Scenario_Case2/calabria_SingleMuPt10_GEN-SIM-DIGI-RECO_CMSSW_6_2_0_SLHC12_2023Scenario_Case2/713e95291268ed84eccf2b8e553eab97/out_reco_187_2_vxO.root;/store/user/calabria/calabria_SingleMuPt10_GEN-SIM-DIGI-RECO_CMSSW_6_2_0_SLHC12_2023Scenario_Case2/calabria_SingleMuPt10_GEN-SIM-DIGI-RECO_CMSSW_6_2_0_SLHC12_2023Scenario_Case2/713e95291268ed84eccf2b8e553eab97/out_reco_188_1_V6u.root;/store/user/calabria/calabria_SingleMuPt10_GEN-SIM-DIGI-RECO_CMSSW_6_2_0_SLHC12_2023Scenario_Case2/calabria_SingleMuPt10_GEN-SIM-DIGI-RECO_CMSSW_6_2_0_SLHC12_2023Scenario_Case2/713e95291268ed84eccf2b8e553eab97/out_reco_190_2_hvR.root;/store/user/calabria/calabria_SingleMuPt10_GEN-SIM-DIGI-RECO_CMSSW_6_2_0_SLHC12_2023Scenario_Case2/calabria_SingleMuPt10_GEN-SIM-DIGI-RECO_CMSSW_6_2_0_SLHC12_2023Scenario_Case2/713e95291268ed84eccf2b8e553eab97/out_reco_191_2_VD5.root;/store/user/calabria/calabria_SingleMuPt10_GEN-SIM-DIGI-RECO_CMSSW_6_2_0_SLHC12_2023Scenario_Case2/calabria_SingleMuPt10_GEN-SIM-DIGI-RECO_CMSSW_6_2_0_SLHC12_2023Scenario_Case2/713e95291268ed84eccf2b8e553eab97/out_reco_192_1_WEr.root;/store/user/calabria/calabria_SingleMuPt10_GEN-SIM-DIGI-RECO_CMSSW_6_2_0_SLHC12_2023Scenario_Case2/calabria_SingleMuPt10_GEN-SIM-DIGI-RECO_CMSSW_6_2_0_SLHC12_2023Scenario_Case2/713e95291268ed84eccf2b8e553eab97/out_reco_193_2_ahL.root;/store/user/calabria/calabria_SingleMuPt10_GEN-SIM-DIGI-RECO_CMSSW_6_2_0_SLHC12_2023Scenario_Case2/calabria_SingleMuPt10_GEN-SIM-DIGI-RECO_CMSSW_6_2_0_SLHC12_2023Scenario_Case2/713e95291268ed84eccf2b8e553eab97/out_reco_194_1_67O.root;/store/user/calabria/calabria_SingleMuPt10_GEN-SIM-DIGI-RECO_CMSSW_6_2_0_SLHC12_2023Scenario_Case2/calabria_SingleMuPt10_GEN-SIM-DIGI-RECO_CMSSW_6_2_0_SLHC12_2023Scenario_Case2/713e95291268ed84eccf2b8e553eab97/out_reco_195_2_OTn.root
parentFiles=
lumisRange=
>>> Executable cmsRun
/cvmfs/cms.cern.ch/slc5_amd64_gcc472/cms/cmssw/CMSSW_6_2_0_SLHC12/bin/slc5_amd64_gcc472/cmsRun
ok executable found
>>> info for dashboard:
***** Cat /home/cms040/home_cream_140254986/CREAM140254986/glide_Q4guMP/execute/dir_27027/jobreport.txt *****
MonitorJobID=19_https://submit-4.t2.ucsd.edu//140616//222479.18
MonitorID=calabria_MuMinus10_Case2_ReReco_50bsf8
ExeStart=cmsRun
***** End Cat jobreport *****
Parameters sent to Dashboard.
>>> cmsRun started at Tue Jun 17 22:28:08 UTC 2014
>>> cmsRun ended at Tue Jun 17 22:34:23 UTC 2014
>>> crab_fjr_*.xml  permission set to 0704
>>> info for dashboard:
***** Cat /home/cms040/home_cream_140254986/CREAM140254986/glide_Q4guMP/execute/dir_27027/jobreport.txt *****
MonitorJobID=19_https://submit-4.t2.ucsd.edu//140616//222479.18
MonitorID=calabria_MuMinus10_Case2_ReReco_50bsf8
ExeEnd=cmsRun
***** End Cat jobreport *****
Parameters sent to Dashboard.
TIME_EXE = 375 sec
>>> cmsRun wrote 50 lines of stdout+stderr
>>> START OF printout of 50 lines from stdout+stderr
271 DQMStore::DQMStore 
HcalTopologyIdealEP::HcalTopologyIdealEP
18-Jun-2014 00:28:29 CEST  Initiating request to open file file:/lustre/cms//store/user/calabria/calabria_SingleMuPt10_GEN-SIM-DIGI-RECO_CMSSW_6_2_0_SLHC12_2023Scenario_Case2/calabria_SingleMuPt10_GEN-SIM-DIGI-RECO_CMSSW_6_2_0_SLHC12_2023Scenario_Case2/713e95291268ed84eccf2b8e553eab97/out_reco_184_2_3Rn.root
18-Jun-2014 00:28:32 CEST  Successfully opened file file:/lustre/cms//store/user/calabria/calabria_SingleMuPt10_GEN-SIM-DIGI-RECO_CMSSW_6_2_0_SLHC12_2023Scenario_Case2/calabria_SingleMuPt10_GEN-SIM-DIGI-RECO_CMSSW_6_2_0_SLHC12_2023Scenario_Case2/713e95291268ed84eccf2b8e553eab97/out_reco_184_2_3Rn.root
18-Jun-2014 00:29:09 CEST  Closed file file:/lustre/cms//store/user/calabria/calabria_SingleMuPt10_GEN-SIM-DIGI-RECO_CMSSW_6_2_0_SLHC12_2023Scenario_Case2/calabria_SingleMuPt10_GEN-SIM-DIGI-RECO_CMSSW_6_2_0_SLHC12_2023Scenario_Case2/713e95291268ed84eccf2b8e553eab97/out_reco_184_2_3Rn.root
18-Jun-2014 00:29:09 CEST  Initiating request to open file file:/lustre/cms//store/user/calabria/calabria_SingleMuPt10_GEN-SIM-DIGI-RECO_CMSSW_6_2_0_SLHC12_2023Scenario_Case2/calabria_SingleMuPt10_GEN-SIM-DIGI-RECO_CMSSW_6_2_0_SLHC12_2023Scenario_Case2/713e95291268ed84eccf2b8e553eab97/out_reco_185_2_7nj.root
18-Jun-2014 00:29:09 CEST  Successfully opened file file:/lustre/cms//store/user/calabria/calabria_SingleMuPt10_GEN-SIM-DIGI-RECO_CMSSW_6_2_0_SLHC12_2023Scenario_Case2/calabria_SingleMuPt10_GEN-SIM-DIGI-RECO_CMSSW_6_2_0_SLHC12_2023Scenario_Case2/713e95291268ed84eccf2b8e553eab97/out_reco_185_2_7nj.root
18-Jun-2014 00:29:43 CEST  Closed file file:/lustre/cms//store/user/calabria/calabria_SingleMuPt10_GEN-SIM-DIGI-RECO_CMSSW_6_2_0_SLHC12_2023Scenario_Case2/calabria_SingleMuPt10_GEN-SIM-DIGI-RECO_CMSSW_6_2_0_SLHC12_2023Scenario_Case2/713e95291268ed84eccf2b8e553eab97/out_reco_185_2_7nj.root
18-Jun-2014 00:29:43 CEST  Initiating request to open file file:/lustre/cms//store/user/calabria/calabria_SingleMuPt10_GEN-SIM-DIGI-RECO_CMSSW_6_2_0_SLHC12_2023Scenario_Case2/calabria_SingleMuPt10_GEN-SIM-DIGI-RECO_CMSSW_6_2_0_SLHC12_2023Scenario_Case2/713e95291268ed84eccf2b8e553eab97/out_reco_187_2_vxO.root
18-Jun-2014 00:29:43 CEST  Successfully opened file file:/lustre/cms//store/user/calabria/calabria_SingleMuPt10_GEN-SIM-DIGI-RECO_CMSSW_6_2_0_SLHC12_2023Scenario_Case2/calabria_SingleMuPt10_GEN-SIM-DIGI-RECO_CMSSW_6_2_0_SLHC12_2023Scenario_Case2/713e95291268ed84eccf2b8e553eab97/out_reco_187_2_vxO.root
18-Jun-2014 00:30:14 CEST  Closed file file:/lustre/cms//store/user/calabria/calabria_SingleMuPt10_GEN-SIM-DIGI-RECO_CMSSW_6_2_0_SLHC12_2023Scenario_Case2/calabria_SingleMuPt10_GEN-SIM-DIGI-RECO_CMSSW_6_2_0_SLHC12_2023Scenario_Case2/713e95291268ed84eccf2b8e553eab97/out_reco_187_2_vxO.root
18-Jun-2014 00:30:14 CEST  Initiating request to open file file:/lustre/cms//store/user/calabria/calabria_SingleMuPt10_GEN-SIM-DIGI-RECO_CMSSW_6_2_0_SLHC12_2023Scenario_Case2/calabria_SingleMuPt10_GEN-SIM-DIGI-RECO_CMSSW_6_2_0_SLHC12_2023Scenario_Case2/713e95291268ed84eccf2b8e553eab97/out_reco_188_1_V6u.root
18-Jun-2014 00:30:14 CEST  Successfully opened file file:/lustre/cms//store/user/calabria/calabria_SingleMuPt10_GEN-SIM-DIGI-RECO_CMSSW_6_2_0_SLHC12_2023Scenario_Case2/calabria_SingleMuPt10_GEN-SIM-DIGI-RECO_CMSSW_6_2_0_SLHC12_2023Scenario_Case2/713e95291268ed84eccf2b8e553eab97/out_reco_188_1_V6u.root
18-Jun-2014 00:30:52 CEST  Closed file file:/lustre/cms//store/user/calabria/calabria_SingleMuPt10_GEN-SIM-DIGI-RECO_CMSSW_6_2_0_SLHC12_2023Scenario_Case2/calabria_SingleMuPt10_GEN-SIM-DIGI-RECO_CMSSW_6_2_0_SLHC12_2023Scenario_Case2/713e95291268ed84eccf2b8e553eab97/out_reco_188_1_V6u.root
18-Jun-2014 00:30:52 CEST  Initiating request to open file file:/lustre/cms//store/user/calabria/calabria_SingleMuPt10_GEN-SIM-DIGI-RECO_CMSSW_6_2_0_SLHC12_2023Scenario_Case2/calabria_SingleMuPt10_GEN-SIM-DIGI-RECO_CMSSW_6_2_0_SLHC12_2023Scenario_Case2/713e95291268ed84eccf2b8e553eab97/out_reco_190_2_hvR.root
18-Jun-2014 00:30:53 CEST  Successfully opened file file:/lustre/cms//store/user/calabria/calabria_SingleMuPt10_GEN-SIM-DIGI-RECO_CMSSW_6_2_0_SLHC12_2023Scenario_Case2/calabria_SingleMuPt10_GEN-SIM-DIGI-RECO_CMSSW_6_2_0_SLHC12_2023Scenario_Case2/713e95291268ed84eccf2b8e553eab97/out_reco_190_2_hvR.root
18-Jun-2014 00:31:37 CEST  Closed file file:/lustre/cms//store/user/calabria/calabria_SingleMuPt10_GEN-SIM-DIGI-RECO_CMSSW_6_2_0_SLHC12_2023Scenario_Case2/calabria_SingleMuPt10_GEN-SIM-DIGI-RECO_CMSSW_6_2_0_SLHC12_2023Scenario_Case2/713e95291268ed84eccf2b8e553eab97/out_reco_190_2_hvR.root
18-Jun-2014 00:31:37 CEST  Initiating request to open file file:/lustre/cms//store/user/calabria/calabria_SingleMuPt10_GEN-SIM-DIGI-RECO_CMSSW_6_2_0_SLHC12_2023Scenario_Case2/calabria_SingleMuPt10_GEN-SIM-DIGI-RECO_CMSSW_6_2_0_SLHC12_2023Scenario_Case2/713e95291268ed84eccf2b8e553eab97/out_reco_191_2_VD5.root
18-Jun-2014 00:31:37 CEST  Successfully opened file file:/lustre/cms//store/user/calabria/calabria_SingleMuPt10_GEN-SIM-DIGI-RECO_CMSSW_6_2_0_SLHC12_2023Scenario_Case2/calabria_SingleMuPt10_GEN-SIM-DIGI-RECO_CMSSW_6_2_0_SLHC12_2023Scenario_Case2/713e95291268ed84eccf2b8e553eab97/out_reco_191_2_VD5.root
18-Jun-2014 00:32:09 CEST  Closed file file:/lustre/cms//store/user/calabria/calabria_SingleMuPt10_GEN-SIM-DIGI-RECO_CMSSW_6_2_0_SLHC12_2023Scenario_Case2/calabria_SingleMuPt10_GEN-SIM-DIGI-RECO_CMSSW_6_2_0_SLHC12_2023Scenario_Case2/713e95291268ed84eccf2b8e553eab97/out_reco_191_2_VD5.root
18-Jun-2014 00:32:09 CEST  Initiating request to open file file:/lustre/cms//store/user/calabria/calabria_SingleMuPt10_GEN-SIM-DIGI-RECO_CMSSW_6_2_0_SLHC12_2023Scenario_Case2/calabria_SingleMuPt10_GEN-SIM-DIGI-RECO_CMSSW_6_2_0_SLHC12_2023Scenario_Case2/713e95291268ed84eccf2b8e553eab97/out_reco_192_1_WEr.root
18-Jun-2014 00:32:10 CEST  Successfully opened file file:/lustre/cms//store/user/calabria/calabria_SingleMuPt10_GEN-SIM-DIGI-RECO_CMSSW_6_2_0_SLHC12_2023Scenario_Case2/calabria_SingleMuPt10_GEN-SIM-DIGI-RECO_CMSSW_6_2_0_SLHC12_2023Scenario_Case2/713e95291268ed84eccf2b8e553eab97/out_reco_192_1_WEr.root
18-Jun-2014 00:32:42 CEST  Closed file file:/lustre/cms//store/user/calabria/calabria_SingleMuPt10_GEN-SIM-DIGI-RECO_CMSSW_6_2_0_SLHC12_2023Scenario_Case2/calabria_SingleMuPt10_GEN-SIM-DIGI-RECO_CMSSW_6_2_0_SLHC12_2023Scenario_Case2/713e95291268ed84eccf2b8e553eab97/out_reco_192_1_WEr.root
18-Jun-2014 00:32:42 CEST  Initiating request to open file file:/lustre/cms//store/user/calabria/calabria_SingleMuPt10_GEN-SIM-DIGI-RECO_CMSSW_6_2_0_SLHC12_2023Scenario_Case2/calabria_SingleMuPt10_GEN-SIM-DIGI-RECO_CMSSW_6_2_0_SLHC12_2023Scenario_Case2/713e95291268ed84eccf2b8e553eab97/out_reco_193_2_ahL.root
18-Jun-2014 00:32:42 CEST  Successfully opened file file:/lustre/cms//store/user/calabria/calabria_SingleMuPt10_GEN-SIM-DIGI-RECO_CMSSW_6_2_0_SLHC12_2023Scenario_Case2/calabria_SingleMuPt10_GEN-SIM-DIGI-RECO_CMSSW_6_2_0_SLHC12_2023Scenario_Case2/713e95291268ed84eccf2b8e553eab97/out_reco_193_2_ahL.root
18-Jun-2014 00:33:12 CEST  Closed file file:/lustre/cms//store/user/calabria/calabria_SingleMuPt10_GEN-SIM-DIGI-RECO_CMSSW_6_2_0_SLHC12_2023Scenario_Case2/calabria_SingleMuPt10_GEN-SIM-DIGI-RECO_CMSSW_6_2_0_SLHC12_2023Scenario_Case2/713e95291268ed84eccf2b8e553eab97/out_reco_193_2_ahL.root
18-Jun-2014 00:33:12 CEST  Initiating request to open file file:/lustre/cms//store/user/calabria/calabria_SingleMuPt10_GEN-SIM-DIGI-RECO_CMSSW_6_2_0_SLHC12_2023Scenario_Case2/calabria_SingleMuPt10_GEN-SIM-DIGI-RECO_CMSSW_6_2_0_SLHC12_2023Scenario_Case2/713e95291268ed84eccf2b8e553eab97/out_reco_194_1_67O.root
18-Jun-2014 00:33:12 CEST  Successfully opened file file:/lustre/cms//store/user/calabria/calabria_SingleMuPt10_GEN-SIM-DIGI-RECO_CMSSW_6_2_0_SLHC12_2023Scenario_Case2/calabria_SingleMuPt10_GEN-SIM-DIGI-RECO_CMSSW_6_2_0_SLHC12_2023Scenario_Case2/713e95291268ed84eccf2b8e553eab97/out_reco_194_1_67O.root
18-Jun-2014 00:33:42 CEST  Closed file file:/lustre/cms//store/user/calabria/calabria_SingleMuPt10_GEN-SIM-DIGI-RECO_CMSSW_6_2_0_SLHC12_2023Scenario_Case2/calabria_SingleMuPt10_GEN-SIM-DIGI-RECO_CMSSW_6_2_0_SLHC12_2023Scenario_Case2/713e95291268ed84eccf2b8e553eab97/out_reco_194_1_67O.root
18-Jun-2014 00:33:42 CEST  Initiating request to open file file:/lustre/cms//store/user/calabria/calabria_SingleMuPt10_GEN-SIM-DIGI-RECO_CMSSW_6_2_0_SLHC12_2023Scenario_Case2/calabria_SingleMuPt10_GEN-SIM-DIGI-RECO_CMSSW_6_2_0_SLHC12_2023Scenario_Case2/713e95291268ed84eccf2b8e553eab97/out_reco_195_2_OTn.root
18-Jun-2014 00:33:42 CEST  Successfully opened file file:/lustre/cms//store/user/calabria/calabria_SingleMuPt10_GEN-SIM-DIGI-RECO_CMSSW_6_2_0_SLHC12_2023Scenario_Case2/calabria_SingleMuPt10_GEN-SIM-DIGI-RECO_CMSSW_6_2_0_SLHC12_2023Scenario_Case2/713e95291268ed84eccf2b8e553eab97/out_reco_195_2_OTn.root
18-Jun-2014 00:34:22 CEST  Closed file file:/lustre/cms//store/user/calabria/calabria_SingleMuPt10_GEN-SIM-DIGI-RECO_CMSSW_6_2_0_SLHC12_2023Scenario_Case2/calabria_SingleMuPt10_GEN-SIM-DIGI-RECO_CMSSW_6_2_0_SLHC12_2023Scenario_Case2/713e95291268ed84eccf2b8e553eab97/out_reco_195_2_OTn.root

=============================================

MessageLogger Summary

 type     category        sev    module        subroutine        count    total
 ---- -------------------- -- ---------------- ----------------  -----    -----
    1 fileAction           -s file_close                            10       10
    2 fileAction           -s file_open                             20       20

 type    category    Examples: run/evt        run/evt          run/evt
 ---- -------------------- ---------------- ---------------- ----------------
    1 fileAction           PostProcessEvent PostProcessEvent PostEndRun
    2 fileAction           pre-events       pre-events       PostProcessEvent

Severity    # Occurrences   Total Occurrences
--------    -------------   -----------------
System                 30                  30
>>> END OF printout of 50 lines from stdout+stderr
>>> Parse FrameworkJobReport crab_fjr.xml
Result of parsing the FrameworkJobReport crab_fjr.xml: Popularity start
lumisRange : 1::::1;1::::2;1::::3;1::::4;1::::5;1::::6;1::::7;1::::8;1::::9;1::::10;
lumisParentRange : 
Basename : /store/user/calabria/calabria_SingleMuPt10_GEN-SIM-DIGI-RECO_CMSSW_6_2_0_SLHC12_2023Scenario_Case2/calabria_SingleMuPt10_GEN-SIM-DIGI-RECO_CMSSW_6_2_0_SLHC12_2023Scenario_Case2/713e95291268ed84eccf2b8e553eab97/out_reco_1
BasenameParent : 
parentFiles : 
inputBlocks : /calabria_SingleMuPt10_GEN-SIM-DIGI-RECO_CMSSW_6_2_0_SLHC12_2023Scenario_Case2/calabria-calabria_SingleMuPt10_GEN-SIM-DIGI-RECO_CMSSW_6_2_0_SLHC12_2023Scenario_Case2-713e95291268ed84eccf2b8e553eab97/USER#88fb6135-7b38-4126-8a08-30a5f33e52e9
inputFiles : 95_2_OTn.root::1::EDM::Local::1;85_2_7nj.root::1::EDM::Local::2;90_2_hvR.root::1::EDM::Local::3;91_2_VD5.root::1::EDM::Local::4;84_2_3Rn.root::1::EDM::Local::5;88_1_V6u.root::1::EDM::Local::6;92_1_WEr.root::1::EDM::Local::7;87_2_vxO.root::1::EDM::Local::8;93_2_ahL.root::1::EDM::Local::9;94_1_67O.root::1::EDM::Local::10;
Popularity stop
Extracted ExitStatus from FrameworkJobReport parsing output: 0
>>> Executable succeded  0
ExeExitCode=0
EXECUTABLE_EXIT_STATUS = 0
>>> current directory /home/cms040/home_cream_140254986/CREAM140254986/glide_Q4guMP/execute/dir_27027/CMSSW_6_2_0_SLHC12
>>>  (SOFTWARE_DIR): /home/cms040/home_cream_140254986/CREAM140254986/glide_Q4guMP/execute/dir_27027/CMSSW_6_2_0_SLHC12
>>> (WORKING_DIR): 
>>> current directory content:
total 10428
drwxr-xr-x 3 cms040 cms    4096 Jun 18 00:27 .SCRAM
-rw------- 1 cms040 cms 3740277 Jun 18 00:27 CMSSW.py.pkl
drwxr-xr-x 3 cms040 cms    4096 Jun 18 00:27 bin
drwxr-xr-x 3 cms040 cms    4096 Jun 18 00:27 cfipython
drwxr-xr-x 4 cms040 cms    4096 Jun 18 00:27 config
-rw------- 1 cms040 cms      16 Jun 18 00:34 cpu_timing.txt
drwxr-xr-x 2 cms040 cms    4096 Jun 18 00:27 doc
-rw------- 1 cms040 cms    9925 Jun 18 00:34 executable.out
drwxr-xr-x 2 cms040 cms    4096 Jun 18 00:27 include
drwx------ 3 cms040 cms    4096 Apr 28 18:12 lib
drwxr-xr-x 3 cms040 cms    4096 Jun 18 00:27 logs
drwxr-xr-x 3 cms040 cms    4096 Jun 18 00:27 objs
-rw------- 1 cms040 cms     104 Jun 18 00:27 pset.py
-rw------- 1 cms040 cms 3712237 Jun 18 00:28 pset.py.pkl
-rw------- 1 cms040 cms     289 Jun 18 00:27 pset.pyc
drwxr-xr-x 2 cms040 cms    4096 Jun 18 00:27 python
-rw------- 1 cms040 cms     410 Jun 18 00:34 report.log
drwx------ 6 cms040 cms    4096 Jun 18 00:27 src
drwxr-xr-x 3 cms040 cms    4096 Jun 18 00:27 test
drwxr-xr-x 3 cms040 cms    4096 Jun 18 00:27 tmp
-rw------- 1 cms040 cms 3122343 Jun 18 00:34 validationEDM.root
>>> current directory /home/cms040/home_cream_140254986/CREAM140254986/glide_Q4guMP/execute/dir_27027/CMSSW_6_2_0_SLHC12
>>> (SOFTWARE_DIR): /home/cms040/home_cream_140254986/CREAM140254986/glide_Q4guMP/execute/dir_27027/CMSSW_6_2_0_SLHC12
>>> (WORKING_DIR): 
>>> current directory content:
total 10428
drwxr-xr-x 3 cms040 cms    4096 Jun 18 00:27 .SCRAM
-rw------- 1 cms040 cms 3740277 Jun 18 00:27 CMSSW.py.pkl
drwxr-xr-x 3 cms040 cms    4096 Jun 18 00:27 bin
drwxr-xr-x 3 cms040 cms    4096 Jun 18 00:27 cfipython
drwxr-xr-x 4 cms040 cms    4096 Jun 18 00:27 config
-rw------- 1 cms040 cms      16 Jun 18 00:34 cpu_timing.txt
drwxr-xr-x 2 cms040 cms    4096 Jun 18 00:27 doc
-rw------- 1 cms040 cms    9925 Jun 18 00:34 executable.out
drwxr-xr-x 2 cms040 cms    4096 Jun 18 00:27 include
drwx------ 3 cms040 cms    4096 Apr 28 18:12 lib
drwxr-xr-x 3 cms040 cms    4096 Jun 18 00:27 logs
drwxr-xr-x 3 cms040 cms    4096 Jun 18 00:27 objs
-rw------- 1 cms040 cms     104 Jun 18 00:27 pset.py
-rw------- 1 cms040 cms 3712237 Jun 18 00:28 pset.py.pkl
-rw------- 1 cms040 cms     289 Jun 18 00:27 pset.pyc
drwxr-xr-x 2 cms040 cms    4096 Jun 18 00:27 python
-rw------- 1 cms040 cms     410 Jun 18 00:34 report.log
drwx------ 6 cms040 cms    4096 Jun 18 00:27 src
drwxr-xr-x 3 cms040 cms    4096 Jun 18 00:27 test
drwxr-xr-x 3 cms040 cms    4096 Jun 18 00:27 tmp
-rw------- 1 cms040 cms 3122343 Jun 18 00:34 validationEDM_19_1_wPa.root
>>> current directory (RUNTIME_AREA):  /home/cms040/home_cream_140254986/CREAM140254986/glide_Q4guMP/execute/dir_27027
SE = storm-se-01.ba.infn.it
SE_PATH = /srm/managerv2?SFN=//cms/store/user/calabria/calabria_SingleMuPt10_GEN-SIM-DIGI-RECO_CMSSW_6_2_0_SLHC12_2023Scenario_Case2/calabria_MuMinus10_GEN-SIM-DIGI-RECO_CMSSW_6_2_0_SLHC12_2023Scenario_VALNOPU2_Case2/5854dd31cbd3cdec44c48628cc181cf0/
LFNBaseName = /store/user/calabria/calabria_SingleMuPt10_GEN-SIM-DIGI-RECO_CMSSW_6_2_0_SLHC12_2023Scenario_Case2/calabria_MuMinus10_GEN-SIM-DIGI-RECO_CMSSW_6_2_0_SLHC12_2023Scenario_VALNOPU2_Case2/5854dd31cbd3cdec44c48628cc181cf0/
USER = calabria
endpoint = srm://storm-se-01.ba.infn.it:8444/srm/managerv2?SFN=//cms/store/user/calabria/calabria_SingleMuPt10_GEN-SIM-DIGI-RECO_CMSSW_6_2_0_SLHC12_2023Scenario_Case2/calabria_MuMinus10_GEN-SIM-DIGI-RECO_CMSSW_6_2_0_SLHC12_2023Scenario_VALNOPU2_Case2/5854dd31cbd3cdec44c48628cc181cf0/
>>> Copy output files from WN = alicegrid82.ba.infn.it to /srm/managerv2?SFN=//cms/store/user/calabria/calabria_SingleMuPt10_GEN-SIM-DIGI-RECO_CMSSW_6_2_0_SLHC12_2023Scenario_Case2/calabria_MuMinus10_GEN-SIM-DIGI-RECO_CMSSW_6_2_0_SLHC12_2023Scenario_VALNOPU2_Case2/5854dd31cbd3cdec44c48628cc181cf0/ :
python cmscp.py  --destination srm://storm-se-01.ba.infn.it:8444/srm/managerv2?SFN=//cms/store/user/calabria/calabria_SingleMuPt10_GEN-SIM-DIGI-RECO_CMSSW_6_2_0_SLHC12_2023Scenario_Case2/calabria_MuMinus10_GEN-SIM-DIGI-RECO_CMSSW_6_2_0_SLHC12_2023Scenario_VALNOPU2_Case2/5854dd31cbd3cdec44c48628cc181cf0/ --inputFileList /home/cms040/home_cream_140254986/CREAM140254986/glide_Q4guMP/execute/dir_27027/CMSSW_6_2_0_SLHC12/validationEDM_19_1_wPa.root --middleware LCG --se_name storm-se-01.ba.infn.it --for_lfn /store/user/calabria/calabria_SingleMuPt10_GEN-SIM-DIGI-RECO_CMSSW_6_2_0_SLHC12_2023Scenario_Case2/calabria_MuMinus10_GEN-SIM-DIGI-RECO_CMSSW_6_2_0_SLHC12_2023Scenario_VALNOPU2_Case2/5854dd31cbd3cdec44c48628cc181cf0/    
******************************************************
localSeName  =  storm-se-01.ba.infn.it
remoteSeName =  storm-se-01.ba.infn.it
******************************************************
{"/home/cms040/home_cream_140254986/CREAM140254986/glide_Q4guMP/execute/dir_27027/CMSSW_6_2_0_SLHC12/validationEDM_19_1_wPa.root": {"endpoint": "srm://storm-se-01.ba.infn.it:8444/srm/managerv2?SFN=//cms/store/user/calabria/calabria_SingleMuPt10_GEN-SIM-DIGI-RECO_CMSSW_6_2_0_SLHC12_2023Scenario_Case2/calabria_MuMinus10_GEN-SIM-DIGI-RECO_CMSSW_6_2_0_SLHC12_2023Scenario_VALNOPU2_Case2/5854dd31cbd3cdec44c48628cc181cf0/", "surl_for_grid": "", "reason": "Copy succedeed with srm-lcg utils", "erCode": "0", "se_name": "storm-se-01.ba.infn.it", "for_lfn": "/store/user/calabria/calabria_SingleMuPt10_GEN-SIM-DIGI-RECO_CMSSW_6_2_0_SLHC12_2023Scenario_Case2/calabria_MuMinus10_GEN-SIM-DIGI-RECO_CMSSW_6_2_0_SLHC12_2023Scenario_VALNOPU2_Case2/5854dd31cbd3cdec44c48628cc181cf0/"}}/home/cms040/home_cream_140254986/CREAM140254986/glide_Q4guMP/execute/dir_27027
-------- cat /home/cms040/home_cream_140254986/CREAM140254986/glide_Q4guMP/execute/dir_27027/cmscpReport.sh 
#!/bin/bash
echo "Report for File: /home/cms040/home_cream_140254986/CREAM140254986/glide_Q4guMP/execute/dir_27027/CMSSW_6_2_0_SLHC12/validationEDM_19_1_wPa.root"
echo "LFN: /store/user/calabria/calabria_SingleMuPt10_GEN-SIM-DIGI-RECO_CMSSW_6_2_0_SLHC12_2023Scenario_Case2/calabria_MuMinus10_GEN-SIM-DIGI-RECO_CMSSW_6_2_0_SLHC12_2023Scenario_VALNOPU2_Case2/5854dd31cbd3cdec44c48628cc181cf0/validationEDM_19_1_wPa.root"
echo "StorageElement: storm-se-01.ba.infn.it"
echo "StageOutExitStatusReason = 'Copy succedeed with srm-lcg utils'" | tee -a $RUNTIME_AREA/$repo
echo "StageOutSE = storm-se-01.ba.infn.it" >> $RUNTIME_AREA/$repo

export StageOutExitStatus=0
echo "StageOutExitStatus = 0" | tee -a $RUNTIME_AREA/$repo
-------- end of /home/cms040/home_cream_140254986/CREAM140254986/glide_Q4guMP/execute/dir_27027/cmscpReport.sh 
Report for File: /home/cms040/home_cream_140254986/CREAM140254986/glide_Q4guMP/execute/dir_27027/CMSSW_6_2_0_SLHC12/validationEDM_19_1_wPa.root
LFN: /store/user/calabria/calabria_SingleMuPt10_GEN-SIM-DIGI-RECO_CMSSW_6_2_0_SLHC12_2023Scenario_Case2/calabria_MuMinus10_GEN-SIM-DIGI-RECO_CMSSW_6_2_0_SLHC12_2023Scenario_VALNOPU2_Case2/5854dd31cbd3cdec44c48628cc181cf0/validationEDM_19_1_wPa.root
StorageElement: storm-se-01.ba.infn.it
StageOutExitStatusReason = 'Copy succedeed with srm-lcg utils'
StageOutExitStatus = 0
>>> current dir: /home/cms040/home_cream_140254986/CREAM140254986/glide_Q4guMP/execute/dir_27027
>>> current dir content:
total 28080
-rw-------  1 cms040 cms     2786 Jun 18 00:35 .SEinteraction.log
-rwx------  1 cms040 cms     6816 Jun 18 00:27 .job.ad
-rwx------  1 cms040 cms     9453 Jun 18 00:27 .machine.ad
-rw-------  1 cms040 cms      105 Jun 16 20:45 CMSSW.py
-rw-------  1 cms040 cms  3740277 Jun 16 20:45 CMSSW.py.pkl
-rwx------  1 cms040 cms    29556 Jun 18 00:27 CMSSW.sh
drwxr-xr-x 15 cms040 cms     4096 Jun 18 00:34 CMSSW_6_2_0_SLHC12
-rw-------  1 cms040 cms      220 Jun 18 00:27 CacheEnv.sh
-rw-------  1 cms040 cms     7291 Apr  4 11:04 DashboardAPI.py
-rw-------  1 cms040 cms     6815 Jun 18 00:27 DashboardAPI.pyc
drwx------  2 cms040 cms     4096 Jun 18 00:34 IMProv
-rw-------  1 cms040 cms     2748 Apr  4 11:04 Logger.py
-rw-------  1 cms040 cms     3347 Jun 18 00:27 Logger.pyc
-rw-------  1 cms040 cms    24524 Apr  4 11:04 ProcInfo.py
-rw-------  1 cms040 cms    23197 Jun 18 00:27 ProcInfo.pyc
drwx------  7 cms040 cms     4096 Jun 18 00:27 ProdCommon
drwx------  3 cms040 cms     4096 Jun 18 00:27 WMCore
-rw-------  1 cms040 cms     2854 Jun 18 00:34 Watchdog_19.log
-rwx------  1 cms040 cms        0 Jun 18 00:27 _condor_stderr
-rwx---r--  1 cms040 cms    29432 Jun 18 00:35 _condor_stdout
-rw-------  1 cms040 cms    32895 Apr  4 11:04 apmon.py
-rw-------  1 cms040 cms    28625 Jun 18 00:27 apmon.pyc
-rwx------  1 cms040 cms    53441 Jun 18 00:27 arguments.xml
-rwx------  1 cms040 cms    38515 Apr  4 11:04 cmscp.py
-rw-------  1 cms040 cms      718 Jun 18 00:35 cmscpReport.sh
-rwx------  1 cms040 cms    29556 Jun 18 00:27 condor_exec.exe
-rw-------  1 cms040 cms      958 Jun 16 20:45 crab.cfg
-rwx------  1 cms040 cms     8610 Apr  4 11:04 crabWatchdog.sh
-rwx---r--  1 cms040 cms   523279 Jun 18 00:34 crab_fjr_19.xml
-rwx------  1 cms040 cms 23957588 Jun 18 00:27 default.tgz
-rwx------  1 cms040 cms     4488 Apr  4 11:04 fillCrabFjr.py
-rw-------  1 cms040 cms     2629 Jun 18 00:27 inputsReport.txt
-rw-------  1 cms040 cms      261 Jun 18 00:35 jobreport.txt
-rw-------  1 cms040 cms    17352 Apr  4 11:04 parseCrabFjr.py
-rw-------  1 cms040 cms      332 Jun 18 00:27 report.log
-rwx--x--x  1 cms040 cms     1497 Apr  4 11:04 report.py
-rw-------  1 cms040 cms      772 Jun 18 00:35 resultCopyFile
lrwxrwxrwx  1 cms040 cms      126 Jun 18 00:34 validationEDM.root -> /home/cms040/home_cream_140254986/CREAM140254986/glide_Q4guMP/execute/dir_27027/CMSSW_6_2_0_SLHC12/validationEDM_19_1_wPa.root
-rwx------  1 cms040 cms     8387 Apr  4 11:04 writeCfg.py
-rw-------  1 cms040 cms     8010 Jun 18 00:27 x509up_u50707
>>> Modify Job Report:
CMSSW_VERSION = CMSSW_6_2_0_SLHC12
ProcessedDataset = calabria_MuMinus10_GEN-SIM-DIGI-RECO_CMSSW_6_2_0_SLHC12_2023Scenario_VALNOPU2_Case2
/home/cms040/home_cream_140254986/CREAM140254986/glide_Q4guMP/execute/dir_27027/ProdCommon/FwkJobRep/ModifyJobReport.py fjr /home/cms040/home_cream_140254986/CREAM140254986/glide_Q4guMP/execute/dir_27027/crab_fjr_19.xml json /home/cms040/home_cream_140254986/CREAM140254986/glide_Q4guMP/execute/dir_27027/resultCopyFile n_job 19_1_wPa PrimaryDataset calabria_SingleMuPt10_GEN-SIM-DIGI-RECO_CMSSW_6_2_0_SLHC12_2023Scenario_Case2  ApplicationFamily cmsRun ApplicationName cmsRun cmssw_version CMSSW_6_2_0_SLHC12 psethash 5854dd31cbd3cdec44c48628cc181cf0 UserProcessedDataset calabria-calabria_MuMinus10_GEN-SIM-DIGI-RECO_CMSSW_6_2_0_SLHC12_2023Scenario_VALNOPU2_Case2-5854dd31cbd3cdec44c48628cc181cf0
inputDict =  {u'/home/cms040/home_cream_140254986/CREAM140254986/glide_Q4guMP/execute/dir_27027/CMSSW_6_2_0_SLHC12/validationEDM_19_1_wPa.root': {u'endpoint': u'srm://storm-se-01.ba.infn.it:8444/srm/managerv2?SFN=//cms/store/user/calabria/calabria_SingleMuPt10_GEN-SIM-DIGI-RECO_CMSSW_6_2_0_SLHC12_2023Scenario_Case2/calabria_MuMinus10_GEN-SIM-DIGI-RECO_CMSSW_6_2_0_SLHC12_2023Scenario_VALNOPU2_Case2/5854dd31cbd3cdec44c48628cc181cf0/', u'surl_for_grid': u'', u'reason': u'Copy succedeed with srm-lcg utils', u'erCode': u'0', u'se_name': u'storm-se-01.ba.infn.it', u'for_lfn': u'/store/user/calabria/calabria_SingleMuPt10_GEN-SIM-DIGI-RECO_CMSSW_6_2_0_SLHC12_2023Scenario_Case2/calabria_MuMinus10_GEN-SIM-DIGI-RECO_CMSSW_6_2_0_SLHC12_2023Scenario_VALNOPU2_Case2/5854dd31cbd3cdec44c48628cc181cf0/'}}
UserProcessedDataset =  calabria-calabria_MuMinus10_GEN-SIM-DIGI-RECO_CMSSW_6_2_0_SLHC12_2023Scenario_VALNOPU2_Case2-5854dd31cbd3cdec44c48628cc181cf0
file_name in inputDict =  /home/cms040/home_cream_140254986/CREAM140254986/glide_Q4guMP/execute/dir_27027/CMSSW_6_2_0_SLHC12/validationEDM_19_1_wPa.root
(size) os.stat(filename)[6] =  3122343
checksum =  1941872906
    file =  validationEDM_19_1_wPa.root
    newPfn =  srm://storm-se-01.ba.infn.it:8444/srm/managerv2?SFN=//cms/store/user/calabria/calabria_SingleMuPt10_GEN-SIM-DIGI-RECO_CMSSW_6_2_0_SLHC12_2023Scenario_Case2/calabria_MuMinus10_GEN-SIM-DIGI-RECO_CMSSW_6_2_0_SLHC12_2023Scenario_VALNOPU2_Case2/5854dd31cbd3cdec44c48628cc181cf0/validationEDM_19_1_wPa.root
    newLfn =  /store/user/calabria/calabria_SingleMuPt10_GEN-SIM-DIGI-RECO_CMSSW_6_2_0_SLHC12_2023Scenario_Case2/calabria_MuMinus10_GEN-SIM-DIGI-RECO_CMSSW_6_2_0_SLHC12_2023Scenario_VALNOPU2_Case2/5854dd31cbd3cdec44c48628cc181cf0/validationEDM_19_1_wPa.root
>>> crab_fjr_*.xml  permission set to 0704
CrabWrapper EXIT_FUNC entered at Wed Jun 18 00:35:19 CEST 2014   -  Tue Jun 17 22:35:19 UTC 2014
Checking output files:  
will tar file crab_fjr_19.xml in  out_files_19
WARNING: output file CMSSW_19.stdout not found!
WARNING: output file CMSSW_19.stderr not found!
WARNING: output file Watchdog_19.log.gz not found!
>>> padding time: Sleeping the wrapper for 141 seconds
STOPPING WATCHDOG. CrabWatchdog PID is 29223
********** LAST 50 LINES OF WATCHDOG LOG
# RESOURCE USAGE SUMMARY FOR PROCESS ID 28977
USER       PID %CPU %MEM    VSZ   RSS TTY      STAT START   TIME COMMAND
cms040   28977  0.3  0.0   9496  1592 ?        S    00:27   0:00 /bin/sh /home/cms040/home_cream_140254986/CREAM140254986/glide_Q4guMP/execute/dir_27027/condor_exec.exe 19 1
 
# LIMITS USED BY CRAB WATCHDOG:
# RSS  (KBytes)   : 2300000
# VSZ  (KBytes)   : 100000000
# DISK (MBytes)   : 19000
# CPU TIME        : 720h:0m:0s
# WALL CLOCK TIME : 21h:50m:0s
 
# FOLLOWING PRINTOUT TRACKS MAXIMUM VALUES OF RESOURCES USE
# ONE LINE IS PRINTED EACH TIME A MAXIMUM CHANGES
# IF CHANGE WAS IN RSS OR VSZ ALSO PROCID AND COMMAND ARE PRINTED
# THERE IS NO PRINTOUT FOR CPU/WALL TIME INCREASE
 
# TIME			PID	RSS(KB)	VSZ(KB)	Dsk(MB)	tCPU(s)	tWALL(s)	COMMAND
 Jun 18 00:27:47 CEST	3218	1396	9364	0	0	0	/bin/bash /home/cms040/home_cream_140254986/CREAM140254986/glide_Q4guMP/main/condor_startup.sh glidein_config        
 Jun 18 00:27:47 CEST	3982	8004	93340	0	0	0	/home/cms040/home_cream_140254986/CREAM140254986/glide_Q4guMP/main/condor/sbin/condor_master -f -pidfile /home/cms040/home_cream_140254986/CREAM140254986/glide_Q4guMP/condor_master2.pid       
 Jun 18 00:27:47 CEST	4294	8720	93784	0	3	0	condor_startd -f         
 Jun 18 00:27:47 CEST	29100	8720	106092	0	0	0	sh -c "./glidein_startup.sh" -v std -name v1_3 -entry CMS_T2_IT_Bari_ce2 -clientname UCSD-v1_0.main
 Jun 18 00:27:47 CEST	29104	8720	106492	0	0	0	/bin/bash ./glidein_startup.sh -v std -name v1_3 -entry CMS_T2_IT_Bari_ce2 -clientname UCSD-v1_0.main -schedd
 Jun 18 00:27:47 CEST	29235	38832	106492	0	0	0	edmConfigHash pset.py         
 Jun 18 00:27:47 CEST	---	38832	106492	171	----	----	----
 Jun 18 00:28:47 CEST	29992	765160	976416	171	32	61	cmsRun -j /home/cms040/home_cream_140254986/CREAM140254986/glide_Q4guMP/execute/dir_27027/crab_fjr_19.xml -p pset.py      
 Jun 18 00:28:47 CEST	---	765160	976416	175	----	----	----
 Jun 18 00:29:48 CEST	29992	794524	1004060	175	81	122	cmsRun -j /home/cms040/home_cream_140254986/CREAM140254986/glide_Q4guMP/execute/dir_27027/crab_fjr_19.xml -p pset.py      
 Jun 18 00:30:49 CEST	29992	799872	1013152	175	135	183	cmsRun -j /home/cms040/home_cream_140254986/CREAM140254986/glide_Q4guMP/execute/dir_27027/crab_fjr_19.xml -p pset.py      
 Jun 18 00:31:50 CEST	29992	814860	1021284	175	182	244	cmsRun -j /home/cms040/home_cream_140254986/CREAM140254986/glide_Q4guMP/execute/dir_27027/crab_fjr_19.xml -p pset.py      
 Jun 18 00:32:51 CEST	29992	818764	1021284	175	233	305	cmsRun -j /home/cms040/home_cream_140254986/CREAM140254986/glide_Q4guMP/execute/dir_27027/crab_fjr_19.xml -p pset.py      
 Jun 18 00:33:52 CEST	29992	830464	1029320	175	282	366	cmsRun -j /home/cms040/home_cream_140254986/CREAM140254986/glide_Q4guMP/execute/dir_27027/crab_fjr_19.xml -p pset.py      
 Jun 18 00:34:53 CEST	---	830464	1029320	178	----	----	----
 Jun 18 00:35:54 CEST	---	830464	1029320	179	----	----	----
********** WATCHDOG LOG ENDED
ZIPPING WATCHDOG LOG
Disk space used:
du -sh /home/cms040/home_cream_140254986/CREAM140254986/glide_Q4guMP/execute/dir_27027
179M	/home/cms040/home_cream_140254986/CREAM140254986/glide_Q4guMP/execute/dir_27027
Found unusual stdout, rename for OSB
`/home/cms040/home_cream_140254986/CREAM140254986/glide_Q4guMP/execute/dir_27027/_condor_stdout' -> `CMSSW_19.stdout'
Found unusual stderr, rename for OSB
`/home/cms040/home_cream_140254986/CREAM140254986/glide_Q4guMP/execute/dir_27027/_condor_stdout' -> `CMSSW_19.stderr'
crab_fjr_19.xml
CMSSW_19.stdout
CMSSW_19.stderr
Watchdog_19.log.gz
Total Output dimension: 69935
WARNING: output files size limit is set to: 50000000
Total Output dimension 69935 is fine.
JOB_EXIT_STATUS = 0
>>> info for dashboard:
***** Cat /home/cms040/home_cream_140254986/CREAM140254986/glide_Q4guMP/execute/dir_27027/jobreport.txt *****
MonitorJobID=19_https://submit-4.t2.ucsd.edu//140616//222479.18
MonitorID=calabria_MuMinus10_Case2_ReReco_50bsf8
ExeTime=375
ExeExitCode=0
StageOutExitStatusReason = 'Copy succedeed with srm-lcg utils'
StageOutSE = storm-se-01.ba.infn.it
StageOutExitStatus = 0
CrabUserCpuTime=306.57
CrabSysCpuTime=4.62
CrabCpuPercentage=83%
CrabWrapperTime=600
CrabStageoutTime=48
JobExitCode=0
***** End Cat jobreport *****
Parameters sent to Dashboard.
EXITING at Wed Jun 18 00:37:45 CEST 2014  -  Tue Jun 17 22:37:45 UTC 2014
